10:48AM INF Received own slave ID. ownSlaveId=7
10:48AM INF OK status=0
10:48AM INF Received command. cmdId=3
10:48AM INF Received an ExecStart command args="[-p experiment-output/0000/slave-__id__/config]" cmd=mkdir outFile=/dev/null
10:48AM INF OK status=0
10:48AM INF Received command. cmdId=4
10:48AM INF Received command. cmdType=ExecWait
10:48AM INF OK status=0
10:48AM INF Received command. cmdId=7
10:48AM INF Received an ExecStart command args="[config/config-0000.yml experiment-output/0000/slave-__id__/config/config.yml]" cmd=cp outFile=/dev/null
10:48AM INF OK status=0
10:48AM INF Received command. cmdId=8
10:48AM INF Received command. cmdType=ExecWait
10:48AM INF OK status=0
10:48AM INF Received command. cmdId=10
10:48AM INF Received command. cmdType=Noop
10:48AM INF Noop. Doing nothing. status=0110:48AM INF Received command. cmdId=15
10:48AM INF Received an ExecStart command args="[experiment-output/0000/slave-__id__/config/config.yml 127.0.0.1:9999 experiment-output/0000/slave-__id__/client experiment-output/0000/slave-__id__/prof-client]" cmd=orderingclient outFile=experiment-output/0000/slave-__id__/clients.log
10:48AM INF OK status=0
10:48AM I10:49AM INF Received command. cmdId=18
10:49AM INF Received command. cmdType=ExecSignal
10:49AM INF OK status=0
10:49AM INF Received command. cmdId=23
10:49AM INF Received command. cmdType=Stop
 Noop. Doing nothing. status=0
10:49AM INF Received command. cmdId=23
10:49AM INF Received command. cmdType=Stop
