7:26AM INF Received own slave ID. ownSlaveId=1
7:26AM INF OK status=0
7:26AM INF Received command. cmdId=3
7:26AM INF Received an ExecStart command args="[-p experiment-output/0000/slave-__id__/config]" cmd=mkdir outFile=/dev/null
7:26AM INF OK status=0
7:26AM INF Received command. cmdId=4
7:26AM INF Received command. cmdType=ExecWait
7:26AM INF OK status=0
7:26AM INF Received command. cmdId=7
7:26AM INF Received an ExecStart command args="[config/config-0000.yml experiment-output/0000/slave-__id__/config/config.yml]" cmd=cp outFile=/dev/null
7:26AM INF OK status=0
7:26AM INF Received command. cmdId=8
7:26AM INF Received command. cmdType=ExecWait
7:26AM INF OK status=0
7:26AM INF Received command. cmdId=10
7:26AM INF Received command. cmdType=Noop
7:26AM INF Noop. Doing nothing. status=077:26AM INF Received command. cmdId=15
7:26AM INF Received an ExecStart command args="[experiment-output/0000/slave-__id__/config/config.yml 127.0.0.1:9999 experiment-output/0000/slave-__id__/client experiment-output/0000/slave-__id__/prof-client]" cmd=orderingclient outFile=experiment-output/0000/slave-__id__/clients.log
7:26AM INF OK status=0
7:26AM IN7:26AM INF Received command. cmdId=18
7:26AM INF Received command. cmdType=ExecSignal
7:26AM INF OK status=0
7:26AM INF Received command. cmdId=23
7:26AM INF Received an ExecStart command args="[-p experiment-output/0001/slave-__id__/config]" cmd=mkdir outFile=/dev/null
7:26AM INF OK status=0
7:26AM INF Received command. cmdId=24
7:26AM INF Received command. cmdType=ExecWait
7:26AM INF OK status=0
7:26AM INF Received command. cmdId=25
7:26AM INF Received an ExecStart command args="[config/config-0001.yml e7:26AM INF Received command. cmdId=27
7:26AM INF Received an ExecStart command args="[config/config-0001.yml experiment-output/0001/slave-__id__/config/config.yml]" cmd=cp outFile=/dev/null
7:26AM INF OK status7:26AM INF Received command. cmdId=29
7:26AM INF Received command. cmdType=Noop
7:26AM INF Noop. Doing nothing7:26AM INF 7:26AM INF Received command. cmdId=32
7:26AM INF Received an ExecStart command args="[experiment-output/0001/s7:27AM INF Received command. cmdId=35
7:27AM INF Received an ExecStart command args="[experiment-output/0001/slave-__id__/config/config.yml 127.0.0.1:9999 experiment-output/0001/slave-__id__/client experiment-output/0001/slave-__id__/prof-client]7:27AM INF Received command. cmdId=38
7:27AM INF Received command. cmdType=ExecSignal
7:27AM INF OK status=0
7:27AM INF Received command. cmdId=43
7:27AM INF Received command. cmdType=Stop
M INF OK status=0
7:27AM INF Received command. cmdId=37
7:27AM INF Received command. cmdType=Noop
7:27AM INF Noop. Doing nothing. status=0
7:27AM INF Received command. cmdId=43
7:27AM INF Received command. cmdType=Stop
