{"level":"debug","Logging":"debug","time":"2022-12-05T18:50:13+08:00","message":"Config"}
{"level":"debug","UseTLS":false,"time":"2022-12-05T18:50:13+08:00","message":"Config"}
{"level":"debug","CACertFile":"tls-data/ca.pem","time":"2022-12-05T18:50:13+08:00","message":"Config"}
{"level":"debug","KeyFile":"tls-data/auth.key","time":"2022-12-05T18:50:13+08:00","message":"Config"}
{"level":"debug","CertFile":"tls-data/auth.pem","time":"2022-12-05T18:50:13+08:00","message":"Config"}
{"level":"debug","PriorityConnections":2,"time":"2022-12-05T18:50:13+08:00","message":"Config"}
{"level":"debug","BasicConnections":2,"time":"2022-12-05T18:50:13+08:00","message":"Config"}
{"level":"debug","TestConnections":false,"time":"2022-12-05T18:50:13+08:00","message":"Config"}
{"level":"debug","ExcessConnections":1,"time":"2022-12-05T18:50:13+08:00","message":"Config"}
{"level":"debug","ConnectionTestMsgs":4,"time":"2022-12-05T18:50:13+08:00","message":"Config"}
{"level":"debug","ConnectionTestPayload":131072,"time":"2022-12-05T18:50:13+08:00","message":"Config"}
{"level":"debug","OutMessageBufsize":1024,"time":"2022-12-05T18:50:13+08:00","message":"Config"}
{"level":"debug","OutMessageBufsize":2,"time":"2022-12-05T18:50:13+08:00","message":"Config"}
{"level":"debug","ThroughputCap":131072000,"time":"2022-12-05T18:50:13+08:00","message":"Config"}
{"level":"debug","StragglerTolerance":1000,"time":"2022-12-05T18:50:13+08:00","message":"Config"}
{"level":"debug","BatchSizeIncrement":256,"time":"2022-12-05T18:50:13+08:00","message":"Config"}
{"level":"debug","Orderer":"Pbft","time":"2022-12-05T18:50:13+08:00","message":"Config"}
{"level":"debug","Manager":"Mir","time":"2022-12-05T18:50:13+08:00","message":"Config"}
{"level":"debug","Failures":0,"time":"2022-12-05T18:50:13+08:00","message":"Config"}
{"level":"debug","StragglerCnt":1,"time":"2022-12-05T18:50:13+08:00","message":"Config"}
{"level":"debug","CrashTiming":"Straggler","time":"2022-12-05T18:50:13+08:00","message":"Config"}
{"level":"debug","CheckpointInterval":256,"time":"2022-12-05T18:50:13+08:00","message":"Config"}
{"level":"debug","WatermarkWindowSize":256,"time":"2022-12-05T18:50:13+08:00","message":"Config"}
{"level":"debug","EpochLength":256,"time":"2022-12-05T18:50:13+08:00","message":"Config"}
{"level":"debug","SegmentLength":32,"time":"2022-12-05T18:50:13+08:00","message":"Config"}
{"level":"debug","WaitForCheckpoints":true,"time":"2022-12-05T18:50:13+08:00","message":"Config"}
{"level":"debug","ClientWatermarkWindowSize":4194304,"time":"2022-12-05T18:50:13+08:00","message":"Config"}
{"level":"debug","ClientRequestBacklogSize":4194304,"time":"2022-12-05T18:50:13+08:00","message":"Config"}
{"level":"debug","RandomSeed":7872,"time":"2022-12-05T18:50:13+08:00","message":"Config"}
{"level":"debug","NodeToLeaderRatio":1,"time":"2022-12-05T18:50:13+08:00","message":"Config"}
{"level":"debug","LeaderPolicy":"Blacklist","time":"2022-12-05T18:50:13+08:00","message":"Config"}
{"level":"debug","DefaultLeaderBan":2,"time":"2022-12-05T18:50:13+08:00","message":"Config"}
{"level":"debug","NumBuckets":128,"time":"2022-12-05T18:50:13+08:00","message":"Config"}
{"level":"debug","BatchSize":1000,"time":"2022-12-05T18:50:13+08:00","message":"Config"}
{"level":"debug","DisabledViewChange":false,"time":"2022-12-05T18:50:13+08:00","message":"Config"}
{"level":"debug","ViewChangeTimeout":60000,"time":"2022-12-05T18:50:13+08:00","message":"Config"}
{"level":"debug","ClientTraceSampling":10,"time":"2022-12-05T18:50:13+08:00","message":"Config"}
{"level":"debug","EventBufferSize":2097152,"time":"2022-12-05T18:50:13+08:00","message":"Config"}
{"level":"debug","TraceSampling":1,"time":"2022-12-05T18:50:13+08:00","message":"Config"}
{"level":"debug","ClientsPerProcess":1,"time":"2022-12-05T18:50:13+08:00","message":"Config"}
{"level":"debug","RequestsPerClient":6656,"time":"2022-12-05T18:50:13+08:00","message":"Config"}
{"level":"debug","ClientRunTime":13000,"time":"2022-12-05T18:50:13+08:00","message":"Config"}
{"level":"debug","RequestRate":256,"time":"2022-12-05T18:50:13+08:00","message":"Config"}
{"level":"debug","HardRequestRateLimit":false,"time":"2022-12-05T18:50:13+08:00","message":"Config"}
{"level":"debug","RequestPayloadSize":500,"time":"2022-12-05T18:50:13+08:00","message":"Config"}
{"level":"debug","SignRequests":true,"time":"2022-12-05T18:50:13+08:00","message":"Config"}
{"level":"debug","ClientPrivKeyFile":"tls-data/client-ecdsa-256.key","time":"2022-12-05T18:50:13+08:00","message":"Config"}
{"level":"debug","ClientPubKeyFile":"tls-data/client-ecdsa-256.pem","time":"2022-12-05T18:50:13+08:00","message":"Config"}
{"level":"debug","PrecomputeRequests":false,"time":"2022-12-05T18:50:13+08:00","message":"Config"}
{"level":"debug","RequestHandlerThreads":32,"time":"2022-12-05T18:50:13+08:00","message":"Config"}
{"level":"debug","RequestInputChannelBuffer":8192,"time":"2022-12-05T18:50:13+08:00","message":"Config"}
{"level":"debug","BatchVerifier":"external","time":"2022-12-05T18:50:13+08:00","message":"Config"}
10:50:13.688 INF Started Profiler: CPU
10:50:13.689 INF Started Profiler: BLOCK
10:50:13.689 INF Started Profiler: MUTEX
10:50:13.689 INF Starting clients. numClients=1 numRequests=6656
10:50:13.689 INF Initilizing clients.
10:50:13.707 INF Registared with discovery server. numOrderers=8 ownClientId=0
10:50:13.708 INF Clients initialized.
10:50:13.708 INF Launching clients.
10:50:13.708 INF Waiting for clients.
10:50:29.769 INF Stopping Tracer. events=1341 fileName=experiment-output/0000/slave-000/client-000.trc
zerolog: could not write event: write experiment-output/0000/slave-000/client-000.log: file already closed
zerolog: could not write event: write experiment-output/0000/slave-000/client-000.log: file already closed
zerolog: could not write event: write experiment-output/0000/slave-000/client-000.log: file already closed
zerolog: could not write event: write experiment-output/0000/slave-000/client-000.log: file already closed
zerolog: could not write event: write experiment-output/0000/slave-000/client-000.log: file already closed
zerolog: could not write event: write experiment-output/0000/slave-000/client-000.log: file already closed
zerolog: could not write event: write experiment-output/0000/slave-000/client-000.log: file already closed
zerolog: could not write event: write experiment-output/0000/slave-000/client-000.log: file already closed
10:50:29.787 INF Trace data written.
10:50:29.787 INF Done.
10:50:29.787 INF Stopping profiler.
10:50:29.909 INF Profile data written. filename=experiment-output/0000/slave-000/prof-client.cpu name=cpu
10:50:29.962 INF Profile data written. filename=experiment-output/0000/slave-000/prof-client.block name=block
10:50:29.988 INF Profile data written. filename=experiment-output/0000/slave-000/prof-client.mutex name=mutex
