{"level":"debug","Logging":"debug","time":"2022-08-10T11:32:36+08:00","message":"Config"}
{"level":"debug","UseTLS":false,"time":"2022-08-10T11:32:36+08:00","message":"Config"}
{"level":"debug","CACertFile":"tls-data/ca.pem","time":"2022-08-10T11:32:36+08:00","message":"Config"}
{"level":"debug","KeyFile":"tls-data/auth.key","time":"2022-08-10T11:32:36+08:00","message":"Config"}
{"level":"debug","CertFile":"tls-data/auth.pem","time":"2022-08-10T11:32:36+08:00","message":"Config"}
{"level":"debug","PriorityConnections":2,"time":"2022-08-10T11:32:36+08:00","message":"Config"}
{"level":"debug","BasicConnections":4,"time":"2022-08-10T11:32:36+08:00","message":"Config"}
{"level":"debug","TestConnections":false,"time":"2022-08-10T11:32:36+08:00","message":"Config"}
{"level":"debug","ExcessConnections":1,"time":"2022-08-10T11:32:36+08:00","message":"Config"}
{"level":"debug","ConnectionTestMsgs":4,"time":"2022-08-10T11:32:36+08:00","message":"Config"}
{"level":"debug","ConnectionTestPayload":131072,"time":"2022-08-10T11:32:36+08:00","message":"Config"}
{"level":"debug","OutMessageBufsize":1024,"time":"2022-08-10T11:32:36+08:00","message":"Config"}
{"level":"debug","OutMessageBufsize":1,"time":"2022-08-10T11:32:36+08:00","message":"Config"}
{"level":"debug","ThroughputCap":131072000,"time":"2022-08-10T11:32:36+08:00","message":"Config"}
{"level":"debug","StragglerTolerance":1000,"time":"2022-08-10T11:32:36+08:00","message":"Config"}
{"level":"debug","BatchSizeIncrement":256,"time":"2022-08-10T11:32:36+08:00","message":"Config"}
{"level":"debug","Orderer":"Pbft","time":"2022-08-10T11:32:36+08:00","message":"Config"}
{"level":"debug","Manager":"Mir","time":"2022-08-10T11:32:36+08:00","message":"Config"}
{"level":"debug","Failures":0,"time":"2022-08-10T11:32:36+08:00","message":"Config"}
{"level":"debug","CrashTiming":"Straggler","time":"2022-08-10T11:32:36+08:00","message":"Config"}
{"level":"debug","CheckpointInterval":256,"time":"2022-08-10T11:32:36+08:00","message":"Config"}
{"level":"debug","WatermarkWindowSize":256,"time":"2022-08-10T11:32:36+08:00","message":"Config"}
{"level":"debug","EpochLength":256,"time":"2022-08-10T11:32:36+08:00","message":"Config"}
{"level":"debug","SegmentLength":64,"time":"2022-08-10T11:32:36+08:00","message":"Config"}
{"level":"debug","WaitForCheckpoints":true,"time":"2022-08-10T11:32:36+08:00","message":"Config"}
{"level":"debug","ClientWatermarkWindowSize":4194304,"time":"2022-08-10T11:32:36+08:00","message":"Config"}
{"level":"debug","ClientRequestBacklogSize":4194304,"time":"2022-08-10T11:32:36+08:00","message":"Config"}
{"level":"debug","RandomSeed":18921,"time":"2022-08-10T11:32:36+08:00","message":"Config"}
{"level":"debug","NodeToLeaderRatio":1,"time":"2022-08-10T11:32:36+08:00","message":"Config"}
{"level":"debug","LeaderPolicy":"Simple","time":"2022-08-10T11:32:36+08:00","message":"Config"}
{"level":"debug","DefaultLeaderBan":2,"time":"2022-08-10T11:32:36+08:00","message":"Config"}
{"level":"debug","NumBuckets":64,"time":"2022-08-10T11:32:36+08:00","message":"Config"}
{"level":"debug","BatchSize":1000,"time":"2022-08-10T11:32:36+08:00","message":"Config"}
{"level":"debug","DisabledViewChange":false,"time":"2022-08-10T11:32:36+08:00","message":"Config"}
{"level":"debug","ViewChangeTimeout":60000,"time":"2022-08-10T11:32:36+08:00","message":"Config"}
{"level":"debug","ClientTraceSampling":10,"time":"2022-08-10T11:32:36+08:00","message":"Config"}
{"level":"debug","EventBufferSize":2097152,"time":"2022-08-10T11:32:36+08:00","message":"Config"}
{"level":"debug","TraceSampling":1,"time":"2022-08-10T11:32:36+08:00","message":"Config"}
{"level":"debug","ClientsPerProcess":1,"time":"2022-08-10T11:32:36+08:00","message":"Config"}
{"level":"debug","RequestsPerClient":15360,"time":"2022-08-10T11:32:36+08:00","message":"Config"}
{"level":"debug","ClientRunTime":30000,"time":"2022-08-10T11:32:36+08:00","message":"Config"}
{"level":"debug","RequestRate":256,"time":"2022-08-10T11:32:36+08:00","message":"Config"}
{"level":"debug","HardRequestRateLimit":false,"time":"2022-08-10T11:32:36+08:00","message":"Config"}
{"level":"debug","RequestPayloadSize":500,"time":"2022-08-10T11:32:36+08:00","message":"Config"}
{"level":"debug","SignRequests":true,"time":"2022-08-10T11:32:36+08:00","message":"Config"}
{"level":"debug","ClientPrivKeyFile":"tls-data/client-ecdsa-256.key","time":"2022-08-10T11:32:36+08:00","message":"Config"}
{"level":"debug","ClientPubKeyFile":"tls-data/client-ecdsa-256.pem","time":"2022-08-10T11:32:36+08:00","message":"Config"}
{"level":"debug","PrecomputeRequests":false,"time":"2022-08-10T11:32:36+08:00","message":"Config"}
{"level":"debug","RequestHandlerThreads":32,"time":"2022-08-10T11:32:36+08:00","message":"Config"}
{"level":"debug","RequestInputChannelBuffer":8192,"time":"2022-08-10T11:32:36+08:00","message":"Config"}
{"level":"debug","BatchVerifier":"external","time":"2022-08-10T11:32:36+08:00","message":"Config"}
03:32:36.528 INF Registered with discovery server. numPeers=4 ownID=1
03:32:36.529 INF Profiling enabled.
03:32:36.529 INF Setting up profiling.
03:32:36.529 INF Started Profiler: CPU
03:32:36.529 INF Started Profiler: BLOCK
03:32:36.529 INF Started Profiler: MUTEX
03:32:36.529 INF Profiler will stop on signal. exit=true
03:32:36.531 INF Tracing will stop on signal. exit=false
03:32:36.532 INF Started tracing. traceFile=experiment-output/0001/slave-002/peer.trc
03:32:36.533 DBG Starting backlog.
03:32:36.533 INF Listening for connections. port=10011 useTLS=false
03:32:36.533 INF Connecting to peer. addr=127.0.0.1:10011 basicConns=4 priorityConns=2
03:32:36.533 INF Connecting to peer. addr=127.0.0.1:10022 basicConns=4 priorityConns=2
03:32:36.533 INF Connecting to peer. addr=127.0.0.1:10033 basicConns=4 priorityConns=2
03:32:36.533 INF Connecting to peer. addr=127.0.0.1:10000 basicConns=4 priorityConns=2
03:32:36.562 INF Incoming connection for protocol messages. addr=127.0.0.1:42336
03:32:36.566 INF Incoming connection for protocol messages. addr=127.0.0.1:42350
03:32:36.566 INF Incoming connection for protocol messages. addr=127.0.0.1:42344
03:32:36.571 INF Incoming connection for protocol messages. addr=127.0.0.1:42352
03:32:36.575 INF Incoming connection for protocol messages. addr=127.0.0.1:42362
03:32:36.575 INF Incoming connection for protocol messages. addr=127.0.0.1:42366
03:32:36.576 INF Incoming connection for protocol messages. addr=127.0.0.1:42370
03:32:36.576 INF Incoming connection for protocol messages. addr=127.0.0.1:42378
03:32:36.577 DBG Connected. peerID=0
03:32:36.578 INF Incoming connection for protocol messages. addr=127.0.0.1:42392
03:32:36.578 INF Incoming connection for protocol messages. addr=127.0.0.1:42394
03:32:36.579 DBG Connected. peerID=3
03:32:36.579 INF Incoming connection for protocol messages. addr=127.0.0.1:42398
03:32:36.580 INF Incoming connection for protocol messages. addr=127.0.0.1:42428
03:32:36.581 INF Incoming connection for protocol messages. addr=127.0.0.1:42422
03:32:36.581 INF Incoming connection for protocol messages. addr=127.0.0.1:42418
03:32:36.581 INF Incoming connection for protocol messages. addr=127.0.0.1:42402
03:32:36.581 INF Incoming connection for protocol messages. addr=127.0.0.1:42470
03:32:36.582 DBG Connected. peerID=2
03:32:36.582 INF Incoming connection for protocol messages. addr=127.0.0.1:42472
03:32:36.582 INF Incoming connection for protocol messages. addr=127.0.0.1:42494
03:32:36.582 INF Incoming connection for protocol messages. addr=127.0.0.1:42490
03:32:36.583 INF Incoming connection for protocol messages. addr=127.0.0.1:42474
03:32:36.583 INF Incoming connection for protocol messages. addr=127.0.0.1:42478
03:32:36.583 INF Incoming connection for protocol messages. addr=127.0.0.1:42496
03:32:36.583 INF Incoming connection for protocol messages. addr=127.0.0.1:42500
03:32:36.584 INF Incoming connection for protocol messages. addr=127.0.0.1:42506
03:32:36.584 DBG Connected. peerID=1
03:32:36.584 INF Connected to all peers.
03:32:36.587 INF All peers finished connecting. Starting ISS.
03:32:36.588 DBG Buckets for 0-th leader 0: [0 4 8 12 16 20 24 28 32 36 40 44 48 52 56 60]
03:32:36.588 DBG Buckets for 1-th leader 1: [1 5 9 13 17 21 25 29 33 37 41 45 49 53 57 61]
03:32:36.588 DBG Buckets for 2-th leader 2: [2 6 10 14 18 22 26 30 34 38 42 46 50 54 58 62]
03:32:36.588 DBG Buckets for 3-th leader 3: [3 7 11 15 19 23 27 31 35 39 43 47 51 55 59 63]
03:32:36.589 INF PbftOrderer received a new segment: [0 4 8 12 16 20 24 28 32 36 40 44 48 52 56 60 64 68 72 76 80 84 88 92 96 100 104 108 112 116 120 124 128 132 136 140 144 148 152 156 160 164 168 172 176 180 184 188 192 196 200 204 208 212 216 220 224 228 232 236 240 244 248 252] first leader=0 firstSN=0 lastSN=252 len=64 length=64 segId=0
03:32:36.589 INF Starting new view. segID=0 timeout=60000 view=0
03:32:36.589 DBG Starting timer. sn=0 view=0
03:32:36.589 INF Starting PBFT instance. first=0 last=252 segID=0
03:32:36.590 DBG Subscribing to backlog. segID=0
03:32:36.590 INF Starting serialized message processing. segID=0
03:32:36.590 INF PbftOrderer received a new segment: [1 5 9 13 17 21 25 29 33 37 41 45 49 53 57 61 65 69 73 77 81 85 89 93 97 101 105 109 113 117 121 125 129 133 137 141 145 149 153 157 161 165 169 173 177 181 185 189 193 197 201 205 209 213 217 221 225 229 233 237 241 245 249 253] first leader=1 firstSN=1 lastSN=253 len=64 length=64 segId=1
03:32:36.590 INF Starting new view. segID=1 timeout=60000 view=0
03:32:36.590 DBG Starting timer. sn=1 view=0
03:32:36.591 INF Starting PBFT instance. first=1 last=253 segID=1
03:32:36.591 DBG Subscribing to backlog. segID=1
03:32:36.591 DBG Leading segment. segID=1
03:32:36.591 INF Starting serialized message processing. segID=1
03:32:36.591 DBG Waiting for batch. batchSize=4096
03:32:36.591 INF PbftOrderer received a new segment: [2 6 10 14 18 22 26 30 34 38 42 46 50 54 58 62 66 70 74 78 82 86 90 94 98 102 106 110 114 118 122 126 130 134 138 142 146 150 154 158 162 166 170 174 178 182 186 190 194 198 202 206 210 214 218 222 226 230 234 238 242 246 250 254] first leader=2 firstSN=2 lastSN=254 len=64 length=64 segId=2
03:32:36.591 INF Starting new view. segID=2 timeout=60000 view=0
03:32:36.591 DBG Starting timer. sn=2 view=0
03:32:36.592 INF Starting PBFT instance. first=2 last=254 segID=2
03:32:36.592 DBG Subscribing to backlog. segID=2
03:32:36.592 INF Starting serialized message processing. segID=2
03:32:36.592 INF PbftOrderer received a new segment: [3 7 11 15 19 23 27 31 35 39 43 47 51 55 59 63 67 71 75 79 83 87 91 95 99 103 107 111 115 119 123 127 131 135 139 143 147 151 155 159 163 167 171 175 179 183 187 191 195 199 203 207 211 215 219 223 227 231 235 239 243 247 251 255] first leader=3 firstSN=3 lastSN=255 len=64 length=64 segId=3
03:32:36.592 INF Starting new view. segID=3 timeout=60000 view=0
03:32:36.592 DBG Starting timer. sn=3 view=0
03:32:36.593 INF Starting PBFT instance. first=3 last=255 segID=3
03:32:36.593 DBG Subscribing to backlog. segID=3
03:32:36.593 INF Starting serialized message processing. segID=3
03:32:37.592 DBG Batch ready. batchSize=4096
03:32:37.633 DBG Batch cut. left=0 nBuckets=16 nReq=0 next=0
03:32:37.633 INF Sending PREPREPARE. nReq=0 senderID=1 sn=1 view=0
03:32:37.633 DBG Waiting for batch. batchSize=4096
03:32:37.637 INF Handling PREPREPARE. nReq=0 senderID=2 sn=2
03:32:37.637 INF Handling PREPREPARE. nReq=0 senderID=0 sn=0
03:32:37.637 DBG Creating new Batch. nReq=0
03:32:37.637 DBG Creating new Batch. nReq=0
03:32:37.637 DBG Sending PREPARE. senderID=1 sn=2 view=0
03:32:37.637 INF Handling PREPREPARE. nReq=0 senderID=3 sn=3
03:32:37.637 DBG Sending PREPARE. senderID=1 sn=0 view=0
03:32:37.638 DBG Creating new Batch. nReq=0
03:32:37.638 DBG Sending PREPARE. senderID=1 sn=3 view=0
03:32:37.639 DBG Sending COMMIT. senderID=1 sn=3 view=0
03:32:37.639 DBG Sending COMMIT. senderID=1 sn=0 view=0
03:32:37.639 DBG Sending COMMIT. senderID=1 sn=1 view=0
03:32:37.639 DBG Sending COMMIT. senderID=1 sn=2 view=0
03:32:37.640 INF Committed entry. latency=0 nReq=0 sn=2
03:32:37.640 INF Committed entry. latency=0 nReq=0 sn=0
03:32:37.641 INF Delivered batch. nReq=0 sn=0
03:32:37.641 DBG Starting timer. sn=6 view=0
03:32:37.641 INF Committed entry. latency=0 nReq=0 sn=1
03:32:37.641 INF Delivered batch. nReq=0 sn=1
03:32:37.641 INF Committed entry. latency=0 nReq=0 sn=3
03:32:37.641 INF Delivered batch. nReq=0 sn=2
03:32:37.641 INF Delivered batch. nReq=0 sn=3
03:32:37.642 DBG Starting timer. sn=4 view=0
03:32:37.642 DBG Starting timer. sn=5 view=0
03:32:37.642 DBG Starting timer. sn=7 view=0
03:32:38.625 INF Incoming connection for requests. addr=127.0.0.1:42542
03:32:38.634 DBG Batch ready. batchSize=4096
03:32:38.635 DBG Batch cut. left=0 nBuckets=16 nReq=0 next=0
03:32:38.635 INF Sending PREPREPARE. nReq=0 senderID=1 sn=5 view=0
03:32:38.635 DBG Waiting for batch. batchSize=4096
03:32:38.635 INF Handling PREPREPARE. nReq=0 senderID=2 sn=6
03:32:38.636 DBG Creating new Batch. nReq=0
03:32:38.636 DBG Sending PREPARE. senderID=1 sn=6 view=0
03:32:38.636 INF Handling PREPREPARE. nReq=0 senderID=3 sn=7
03:32:38.636 INF Handling PREPREPARE. nReq=0 senderID=0 sn=4
03:32:38.636 DBG Creating new Batch. nReq=0
03:32:38.636 DBG Creating new Batch. nReq=0
03:32:38.636 DBG Sending PREPARE. senderID=1 sn=7 view=0
03:32:38.636 DBG Sending PREPARE. senderID=1 sn=4 view=0
03:32:38.637 DBG Sending COMMIT. senderID=1 sn=7 view=0
03:32:38.637 DBG Sending COMMIT. senderID=1 sn=6 view=0
03:32:38.637 DBG Sending COMMIT. senderID=1 sn=4 view=0
03:32:38.637 DBG Sending COMMIT. senderID=1 sn=5 view=0
03:32:38.638 INF Committed entry. latency=0 nReq=0 sn=6
03:32:38.638 INF Committed entry. latency=0 nReq=0 sn=5
03:32:38.638 DBG Starting timer. sn=10 view=0
03:32:38.638 DBG Starting timer. sn=9 view=0
03:32:38.639 INF Committed entry. latency=0 nReq=0 sn=7
03:32:38.639 DBG Starting timer. sn=11 view=0
03:32:38.639 INF Committed entry. latency=0 nReq=0 sn=4
03:32:38.639 INF Delivered batch. nReq=0 sn=4
03:32:38.639 INF Delivered batch. nReq=0 sn=5
03:32:38.640 INF Delivered batch. nReq=0 sn=6
03:32:38.640 INF Delivered batch. nReq=0 sn=7
03:32:38.640 DBG Starting timer. sn=8 view=0
03:32:39.636 DBG Batch ready. batchSize=4096
03:32:39.636 DBG Batch cut. left=0 nBuckets=16 nReq=64 next=0
03:32:39.637 DBG Waiting for batch. batchSize=4096
03:32:39.640 INF Sending PREPREPARE. nReq=64 senderID=1 sn=9 view=0
03:32:39.647 INF Handling PREPREPARE. nReq=63 senderID=3 sn=11
03:32:39.648 DBG Creating new Batch. nReq=63
03:32:39.648 INF Handling PREPREPARE. nReq=63 senderID=2 sn=10
03:32:39.649 DBG Creating new Batch. nReq=63
03:32:39.650 INF Handling PREPREPARE. nReq=64 senderID=0 sn=8
03:32:39.651 DBG Creating new Batch. nReq=64
03:32:39.662 DBG Sending PREPARE. senderID=1 sn=11 view=0
03:32:39.662 DBG Sending COMMIT. senderID=1 sn=11 view=0
03:32:39.662 DBG Sending PREPARE. senderID=1 sn=8 view=0
03:32:39.663 DBG Sending COMMIT. senderID=1 sn=9 view=0
03:32:39.663 DBG Sending PREPARE. senderID=1 sn=10 view=0
03:32:39.663 DBG Sending COMMIT. senderID=1 sn=10 view=0
03:32:39.664 DBG Sending COMMIT. senderID=1 sn=8 view=0
03:32:39.664 INF Committed entry. latency=0 nReq=64 sn=9
03:32:39.664 INF Committed entry. latency=0 nReq=63 sn=10
03:32:39.664 DBG Starting timer. sn=13 view=0
03:32:39.664 DBG Starting timer. sn=14 view=0
03:32:39.664 INF Committed entry. latency=0 nReq=63 sn=11
03:32:39.664 DBG Starting timer. sn=15 view=0
03:32:39.665 INF Committed entry. latency=0 nReq=64 sn=8
03:32:39.665 INF Delivered batch. nReq=64 sn=8
03:32:39.665 INF Delivered batch. nReq=64 sn=9
03:32:39.665 INF Delivered batch. nReq=63 sn=10
03:32:39.665 INF Delivered batch. nReq=63 sn=11
03:32:39.666 DBG Starting timer. sn=12 view=0
03:32:40.637 DBG Batch ready. batchSize=4096
03:32:40.637 DBG Batch cut. left=0 nBuckets=16 nReq=64 next=0
03:32:40.638 DBG Waiting for batch. batchSize=4096
03:32:40.640 INF Sending PREPREPARE. nReq=64 senderID=1 sn=13 view=0
03:32:40.648 INF Handling PREPREPARE. nReq=64 senderID=3 sn=15
03:32:40.648 DBG Creating new Batch. nReq=64
03:32:40.649 INF Handling PREPREPARE. nReq=64 senderID=2 sn=14
03:32:40.649 INF Handling PREPREPARE. nReq=64 senderID=0 sn=12
03:32:40.649 DBG Creating new Batch. nReq=64
03:32:40.649 DBG Creating new Batch. nReq=64
03:32:40.662 DBG Sending PREPARE. senderID=1 sn=12 view=0
03:32:40.663 DBG Sending COMMIT. senderID=1 sn=12 view=0
03:32:40.663 DBG Sending COMMIT. senderID=1 sn=13 view=0
03:32:40.664 DBG Sending PREPARE. senderID=1 sn=15 view=0
03:32:40.664 DBG Sending PREPARE. senderID=1 sn=14 view=0
03:32:40.664 DBG Sending COMMIT. senderID=1 sn=15 view=0
03:32:40.664 DBG Sending COMMIT. senderID=1 sn=14 view=0
03:32:40.665 INF Committed entry. latency=0 nReq=64 sn=14
03:32:40.665 INF Committed entry. latency=0 nReq=64 sn=13
03:32:40.665 INF Committed entry. latency=0 nReq=64 sn=12
03:32:40.665 INF Delivered batch. nReq=64 sn=12
03:32:40.665 INF Delivered batch. nReq=64 sn=13
03:32:40.666 INF Delivered batch. nReq=64 sn=14
03:32:40.666 DBG Starting timer. sn=18 view=0
03:32:40.666 DBG Starting timer. sn=17 view=0
03:32:40.666 DBG Starting timer. sn=16 view=0
03:32:40.666 INF Committed entry. latency=0 nReq=64 sn=15
03:32:40.666 INF Delivered batch. nReq=64 sn=15
03:32:40.666 DBG Starting timer. sn=19 view=0
03:32:41.638 DBG Batch ready. batchSize=4096
03:32:41.638 DBG Batch cut. left=0 nBuckets=16 nReq=64 next=0
03:32:41.639 DBG Waiting for batch. batchSize=4096
03:32:41.640 INF Sending PREPREPARE. nReq=64 senderID=1 sn=17 view=0
03:32:41.648 INF Handling PREPREPARE. nReq=64 senderID=3 sn=19
03:32:41.649 DBG Creating new Batch. nReq=64
03:32:41.653 INF Handling PREPREPARE. nReq=65 senderID=2 sn=18
03:32:41.653 DBG Creating new Batch. nReq=65
03:32:41.653 INF Handling PREPREPARE. nReq=64 senderID=0 sn=16
03:32:41.653 DBG Creating new Batch. nReq=64
03:32:41.659 DBG Sending PREPARE. senderID=1 sn=19 view=0
03:32:41.659 DBG Sending COMMIT. senderID=1 sn=19 view=0
03:32:41.662 INF Committed entry. latency=0 nReq=64 sn=19
03:32:41.662 DBG Starting timer. sn=23 view=0
03:32:41.663 DBG Sending PREPARE. senderID=1 sn=18 view=0
03:32:41.663 DBG Sending COMMIT. senderID=1 sn=18 view=0
03:32:41.664 DBG Sending PREPARE. senderID=1 sn=16 view=0
03:32:41.664 DBG Sending COMMIT. senderID=1 sn=17 view=0
03:32:41.665 DBG Sending COMMIT. senderID=1 sn=16 view=0
03:32:41.665 INF Committed entry. latency=0 nReq=64 sn=17
03:32:41.665 DBG Starting timer. sn=21 view=0
03:32:41.666 INF Committed entry. latency=0 nReq=65 sn=18
03:32:41.666 DBG Starting timer. sn=22 view=0
03:32:41.667 INF Committed entry. latency=0 nReq=64 sn=16
03:32:41.667 INF Delivered batch. nReq=64 sn=16
03:32:41.667 INF Delivered batch. nReq=64 sn=17
03:32:41.667 INF Delivered batch. nReq=65 sn=18
03:32:41.667 INF Delivered batch. nReq=64 sn=19
03:32:41.667 DBG Starting timer. sn=20 view=0
03:32:42.640 DBG Batch ready. batchSize=4096
03:32:42.640 DBG Batch cut. left=0 nBuckets=16 nReq=62 next=0
03:32:42.640 DBG Waiting for batch. batchSize=4096
03:32:42.642 INF Sending PREPREPARE. nReq=62 senderID=1 sn=21 view=0
03:32:42.650 INF Handling PREPREPARE. nReq=63 senderID=3 sn=23
03:32:42.650 DBG Creating new Batch. nReq=63
03:32:42.651 INF Handling PREPREPARE. nReq=64 senderID=2 sn=22
03:32:42.652 DBG Creating new Batch. nReq=64
03:32:42.653 INF Handling PREPREPARE. nReq=64 senderID=0 sn=20
03:32:42.653 DBG Creating new Batch. nReq=64
03:32:42.663 DBG Sending COMMIT. senderID=1 sn=21 view=0
03:32:42.664 INF Committed entry. latency=0 nReq=62 sn=21
03:32:42.664 DBG Starting timer. sn=25 view=0
03:32:42.664 DBG Sending PREPARE. senderID=1 sn=20 view=0
03:32:42.665 DBG Sending PREPARE. senderID=1 sn=22 view=0
03:32:42.665 DBG Sending PREPARE. senderID=1 sn=23 view=0
03:32:42.665 DBG Sending COMMIT. senderID=1 sn=22 view=0
03:32:42.665 DBG Sending COMMIT. senderID=1 sn=23 view=0
03:32:42.665 DBG Sending COMMIT. senderID=1 sn=20 view=0
03:32:42.666 INF Committed entry. latency=0 nReq=63 sn=23
03:32:42.666 DBG Starting timer. sn=27 view=0
03:32:42.666 INF Committed entry. latency=0 nReq=64 sn=22
03:32:42.667 DBG Starting timer. sn=26 view=0
03:32:42.667 INF Committed entry. latency=0 nReq=64 sn=20
03:32:42.667 INF Delivered batch. nReq=64 sn=20
03:32:42.667 INF Delivered batch. nReq=62 sn=21
03:32:42.667 INF Delivered batch. nReq=64 sn=22
03:32:42.667 INF Delivered batch. nReq=63 sn=23
03:32:42.667 DBG Starting timer. sn=24 view=0
03:32:43.641 DBG Batch ready. batchSize=4096
03:32:43.642 DBG Batch cut. left=0 nBuckets=16 nReq=66 next=0
03:32:43.642 DBG Waiting for batch. batchSize=4096
03:32:43.644 INF Sending PREPREPARE. nReq=66 senderID=1 sn=25 view=0
03:32:43.651 INF Handling PREPREPARE. nReq=66 senderID=3 sn=27
03:32:43.651 DBG Creating new Batch. nReq=66
03:32:43.654 INF Handling PREPREPARE. nReq=64 senderID=2 sn=26
03:32:43.654 DBG Creating new Batch. nReq=64
03:32:43.657 INF Handling PREPREPARE. nReq=64 senderID=0 sn=24
03:32:43.657 DBG Creating new Batch. nReq=64
03:32:43.664 DBG Sending PREPARE. senderID=1 sn=27 view=0
03:32:43.664 DBG Sending COMMIT. senderID=1 sn=27 view=0
03:32:43.665 DBG Sending COMMIT. senderID=1 sn=25 view=0
03:32:43.667 INF Committed entry. latency=0 nReq=66 sn=25
03:32:43.667 DBG Starting timer. sn=29 view=0
03:32:43.668 DBG Sending PREPARE. senderID=1 sn=24 view=0
03:32:43.668 DBG Sending COMMIT. senderID=1 sn=24 view=0
03:32:43.668 DBG Sending PREPARE. senderID=1 sn=26 view=0
03:32:43.669 INF Committed entry. latency=0 nReq=66 sn=27
03:32:43.669 DBG Starting timer. sn=31 view=0
03:32:43.671 INF Committed entry. latency=0 nReq=64 sn=24
03:32:43.672 INF Delivered batch. nReq=64 sn=24
03:32:43.672 INF Delivered batch. nReq=66 sn=25
03:32:43.672 DBG Starting timer. sn=28 view=0
03:32:43.672 DBG Sending COMMIT. senderID=1 sn=26 view=0
03:32:43.674 INF Committed entry. latency=0 nReq=64 sn=26
03:32:43.674 INF Delivered batch. nReq=64 sn=26
03:32:43.674 INF Delivered batch. nReq=66 sn=27
03:32:43.674 DBG Starting timer. sn=30 view=0
03:32:44.643 DBG Batch ready. batchSize=4096
03:32:44.644 DBG Batch cut. left=0 nBuckets=16 nReq=64 next=0
03:32:44.644 DBG Waiting for batch. batchSize=4096
03:32:44.646 INF Sending PREPREPARE. nReq=64 senderID=1 sn=29 view=0
03:32:44.654 INF Handling PREPREPARE. nReq=64 senderID=3 sn=31
03:32:44.654 DBG Creating new Batch. nReq=64
03:32:44.657 INF Handling PREPREPARE. nReq=64 senderID=2 sn=30
03:32:44.657 DBG Creating new Batch. nReq=64
03:32:44.657 INF Handling PREPREPARE. nReq=65 senderID=0 sn=28
03:32:44.657 DBG Creating new Batch. nReq=65
03:32:44.664 DBG Sending COMMIT. senderID=1 sn=29 view=0
03:32:44.665 DBG Sending PREPARE. senderID=1 sn=31 view=0
03:32:44.666 DBG Sending COMMIT. senderID=1 sn=31 view=0
03:32:44.666 INF Committed entry. latency=0 nReq=64 sn=29
03:32:44.666 DBG Starting timer. sn=33 view=0
03:32:44.668 INF Committed entry. latency=0 nReq=64 sn=31
03:32:44.668 DBG Starting timer. sn=35 view=0
03:32:44.670 DBG Sending PREPARE. senderID=1 sn=28 view=0
03:32:44.670 DBG Sending PREPARE. senderID=1 sn=30 view=0
03:32:44.670 DBG Sending COMMIT. senderID=1 sn=30 view=0
03:32:44.670 DBG Sending COMMIT. senderID=1 sn=28 view=0
03:32:44.672 INF Committed entry. latency=0 nReq=64 sn=30
03:32:44.672 INF Committed entry. latency=0 nReq=65 sn=28
03:32:44.672 INF Delivered batch. nReq=65 sn=28
03:32:44.672 INF Delivered batch. nReq=64 sn=29
03:32:44.672 INF Delivered batch. nReq=64 sn=30
03:32:44.672 INF Delivered batch. nReq=64 sn=31
03:32:44.673 DBG Starting timer. sn=34 view=0
03:32:44.673 DBG Starting timer. sn=32 view=0
03:32:45.645 DBG Batch ready. batchSize=4096
03:32:45.645 DBG Batch cut. left=0 nBuckets=16 nReq=64 next=0
03:32:45.646 DBG Waiting for batch. batchSize=4096
03:32:45.647 INF Sending PREPREPARE. nReq=64 senderID=1 sn=33 view=0
03:32:45.656 INF Handling PREPREPARE. nReq=64 senderID=3 sn=35
03:32:45.656 DBG Creating new Batch. nReq=64
03:32:45.660 INF Handling PREPREPARE. nReq=64 senderID=2 sn=34
03:32:45.660 DBG Creating new Batch. nReq=64
03:32:45.660 INF Handling PREPREPARE. nReq=64 senderID=0 sn=32
03:32:45.660 DBG Creating new Batch. nReq=64
03:32:45.665 DBG Sending PREPARE. senderID=1 sn=35 view=0
03:32:45.665 DBG Sending COMMIT. senderID=1 sn=33 view=0
03:32:45.666 INF Committed entry. latency=0 nReq=64 sn=33
03:32:45.667 DBG Starting timer. sn=37 view=0
03:32:45.667 DBG Sending COMMIT. senderID=1 sn=35 view=0
03:32:45.668 INF Committed entry. latency=0 nReq=64 sn=35
03:32:45.668 DBG Starting timer. sn=39 view=0
03:32:45.669 DBG Sending PREPARE. senderID=1 sn=34 view=0
03:32:45.671 DBG Sending PREPARE. senderID=1 sn=32 view=0
03:32:45.671 DBG Sending COMMIT. senderID=1 sn=32 view=0
03:32:45.672 DBG Sending COMMIT. senderID=1 sn=34 view=0
03:32:45.673 INF Committed entry. latency=0 nReq=64 sn=32
03:32:45.673 INF Delivered batch. nReq=64 sn=32
03:32:45.673 INF Delivered batch. nReq=64 sn=33
03:32:45.673 DBG Starting timer. sn=36 view=0
03:32:45.673 INF Committed entry. latency=0 nReq=64 sn=34
03:32:45.674 INF Delivered batch. nReq=64 sn=34
03:32:45.674 INF Delivered batch. nReq=64 sn=35
03:32:45.674 DBG Starting timer. sn=38 view=0
03:32:46.646 DBG Batch ready. batchSize=4096
03:32:46.647 DBG Batch cut. left=0 nBuckets=16 nReq=64 next=0
03:32:46.647 DBG Waiting for batch. batchSize=4096
03:32:46.648 INF Sending PREPREPARE. nReq=64 senderID=1 sn=37 view=0
03:32:46.659 INF Handling PREPREPARE. nReq=64 senderID=3 sn=39
03:32:46.660 DBG Creating new Batch. nReq=64
03:32:46.661 INF Handling PREPREPARE. nReq=64 senderID=0 sn=36
03:32:46.661 DBG Creating new Batch. nReq=64
03:32:46.664 INF Handling PREPREPARE. nReq=64 senderID=2 sn=38
03:32:46.664 DBG Creating new Batch. nReq=64
03:32:46.667 DBG Sending COMMIT. senderID=1 sn=37 view=0
03:32:46.669 INF Committed entry. latency=0 nReq=64 sn=37
03:32:46.669 DBG Starting timer. sn=41 view=0
03:32:46.671 DBG Sending PREPARE. senderID=1 sn=36 view=0
03:32:46.672 DBG Sending PREPARE. senderID=1 sn=39 view=0
03:32:46.673 DBG Sending COMMIT. senderID=1 sn=36 view=0
03:32:46.673 DBG Sending COMMIT. senderID=1 sn=39 view=0
03:32:46.674 DBG Sending PREPARE. senderID=1 sn=38 view=0
03:32:46.674 DBG Sending COMMIT. senderID=1 sn=38 view=0
03:32:46.675 INF Committed entry. latency=0 nReq=64 sn=36
03:32:46.675 INF Committed entry. latency=0 nReq=64 sn=39
03:32:46.676 INF Delivered batch. nReq=64 sn=36
03:32:46.676 INF Delivered batch. nReq=64 sn=37
03:32:46.676 INF Delivered batch. nReq=64 sn=38
03:32:46.676 INF Committed entry. latency=0 nReq=64 sn=38
03:32:46.676 INF Delivered batch. nReq=64 sn=39
03:32:46.676 DBG Starting timer. sn=40 view=0
03:32:46.676 DBG Starting timer. sn=43 view=0
03:32:46.676 DBG Starting timer. sn=42 view=0
03:32:47.648 DBG Batch ready. batchSize=4096
03:32:47.658 DBG Batch cut. left=0 nBuckets=16 nReq=61 next=0
03:32:47.658 DBG Waiting for batch. batchSize=4096
03:32:47.660 INF Sending PREPREPARE. nReq=61 senderID=1 sn=41 view=0
03:32:47.667 INF Handling PREPREPARE. nReq=61 senderID=0 sn=40
03:32:47.667 DBG Creating new Batch. nReq=61
03:32:47.668 INF Handling PREPREPARE. nReq=61 senderID=2 sn=42
03:32:47.668 DBG Creating new Batch. nReq=61
03:32:47.668 INF Handling PREPREPARE. nReq=61 senderID=3 sn=43
03:32:47.668 DBG Creating new Batch. nReq=61
03:32:47.680 DBG Sending PREPARE. senderID=1 sn=42 view=0
03:32:47.680 DBG Sending PREPARE. senderID=1 sn=40 view=0
03:32:47.681 DBG Sending COMMIT. senderID=1 sn=42 view=0
03:32:47.681 DBG Sending COMMIT. senderID=1 sn=40 view=0
03:32:47.681 DBG Sending PREPARE. senderID=1 sn=43 view=0
03:32:47.681 DBG Sending COMMIT. senderID=1 sn=43 view=0
03:32:47.682 DBG Sending COMMIT. senderID=1 sn=41 view=0
03:32:47.682 INF Committed entry. latency=0 nReq=61 sn=40
03:32:47.683 INF Delivered batch. nReq=61 sn=40
03:32:47.683 DBG Starting timer. sn=44 view=0
03:32:47.683 INF Committed entry. latency=0 nReq=61 sn=41
03:32:47.683 INF Delivered batch. nReq=61 sn=41
03:32:47.684 INF Committed entry. latency=0 nReq=61 sn=43
03:32:47.684 DBG Starting timer. sn=45 view=0
03:32:47.684 INF Delivered batch. nReq=61 sn=42
03:32:47.684 INF Committed entry. latency=0 nReq=61 sn=42
03:32:47.684 INF Delivered batch. nReq=61 sn=43
03:32:47.684 DBG Starting timer. sn=47 view=0
03:32:47.684 DBG Starting timer. sn=46 view=0
03:32:48.659 DBG Batch ready. batchSize=4096
03:32:48.659 DBG Batch cut. left=0 nBuckets=16 nReq=68 next=0
03:32:48.659 DBG Waiting for batch. batchSize=4096
03:32:48.662 INF Sending PREPREPARE. nReq=68 senderID=1 sn=45 view=0
03:32:48.670 INF Handling PREPREPARE. nReq=68 senderID=2 sn=46
03:32:48.670 DBG Creating new Batch. nReq=68
03:32:48.670 INF Handling PREPREPARE. nReq=68 senderID=3 sn=47
03:32:48.670 INF Handling PREPREPARE. nReq=67 senderID=0 sn=44
03:32:48.670 DBG Creating new Batch. nReq=68
03:32:48.670 DBG Creating new Batch. nReq=67
03:32:48.684 DBG Sending PREPARE. senderID=1 sn=47 view=0
03:32:48.684 DBG Sending COMMIT. senderID=1 sn=47 view=0
03:32:48.685 DBG Sending PREPARE. senderID=1 sn=44 view=0
03:32:48.685 DBG Sending COMMIT. senderID=1 sn=44 view=0
03:32:48.685 DBG Sending PREPARE. senderID=1 sn=46 view=0
03:32:48.685 DBG Sending COMMIT. senderID=1 sn=45 view=0
03:32:48.685 DBG Sending COMMIT. senderID=1 sn=46 view=0
03:32:48.686 INF Committed entry. latency=0 nReq=68 sn=46
03:32:48.687 DBG Starting timer. sn=50 view=0
03:32:48.687 INF Committed entry. latency=0 nReq=68 sn=45
03:32:48.687 INF Committed entry. latency=0 nReq=68 sn=47
03:32:48.687 DBG Starting timer. sn=49 view=0
03:32:48.687 DBG Starting timer. sn=51 view=0
03:32:48.687 INF Committed entry. latency=0 nReq=67 sn=44
03:32:48.688 INF Delivered batch. nReq=67 sn=44
03:32:48.688 INF Delivered batch. nReq=68 sn=45
03:32:48.688 INF Delivered batch. nReq=68 sn=46
03:32:48.688 INF Delivered batch. nReq=68 sn=47
03:32:48.688 DBG Starting timer. sn=48 view=0
03:32:49.660 DBG Batch ready. batchSize=4096
03:32:49.660 DBG Batch cut. left=0 nBuckets=16 nReq=64 next=0
03:32:49.661 DBG Waiting for batch. batchSize=4096
03:32:49.663 INF Sending PREPREPARE. nReq=64 senderID=1 sn=49 view=0
03:32:49.671 INF Handling PREPREPARE. nReq=64 senderID=2 sn=50
03:32:49.671 INF Handling PREPREPARE. nReq=64 senderID=3 sn=51
03:32:49.671 DBG Creating new Batch. nReq=64
03:32:49.671 DBG Creating new Batch. nReq=64
03:32:49.671 INF Handling PREPREPARE. nReq=65 senderID=0 sn=48
03:32:49.671 DBG Creating new Batch. nReq=65
03:32:49.683 DBG Sending COMMIT. senderID=1 sn=49 view=0
03:32:49.684 DBG Sending PREPARE. senderID=1 sn=51 view=0
03:32:49.684 DBG Sending PREPARE. senderID=1 sn=48 view=0
03:32:49.684 DBG Sending COMMIT. senderID=1 sn=51 view=0
03:32:49.685 DBG Sending COMMIT. senderID=1 sn=48 view=0
03:32:49.685 DBG Sending PREPARE. senderID=1 sn=50 view=0
03:32:49.685 INF Committed entry. latency=0 nReq=64 sn=49
03:32:49.685 DBG Starting timer. sn=53 view=0
03:32:49.685 DBG Sending COMMIT. senderID=1 sn=50 view=0
03:32:49.686 INF Committed entry. latency=0 nReq=64 sn=50
03:32:49.686 DBG Starting timer. sn=54 view=0
03:32:49.687 INF Committed entry. latency=0 nReq=65 sn=48
03:32:49.687 INF Committed entry. latency=0 nReq=64 sn=51
03:32:49.687 INF Delivered batch. nReq=65 sn=48
03:32:49.687 INF Delivered batch. nReq=64 sn=49
03:32:49.687 INF Delivered batch. nReq=64 sn=50
03:32:49.687 INF Delivered batch. nReq=64 sn=51
03:32:49.688 DBG Starting timer. sn=52 view=0
03:32:49.688 DBG Starting timer. sn=55 view=0
03:32:50.661 DBG Batch ready. batchSize=4096
03:32:50.662 DBG Batch cut. left=0 nBuckets=16 nReq=64 next=0
03:32:50.662 DBG Waiting for batch. batchSize=4096
03:32:50.663 INF Sending PREPREPARE. nReq=64 senderID=1 sn=53 view=0
03:32:50.671 INF Handling PREPREPARE. nReq=64 senderID=2 sn=54
03:32:50.671 DBG Creating new Batch. nReq=64
03:32:50.677 INF Handling PREPREPARE. nReq=64 senderID=3 sn=55
03:32:50.678 DBG Creating new Batch. nReq=64
03:32:50.678 INF Handling PREPREPARE. nReq=64 senderID=0 sn=52
03:32:50.679 DBG Creating new Batch. nReq=64
03:32:50.683 DBG Sending COMMIT. senderID=1 sn=53 view=0
03:32:50.684 DBG Sending PREPARE. senderID=1 sn=54 view=0
03:32:50.684 DBG Sending COMMIT. senderID=1 sn=54 view=0
03:32:50.685 INF Committed entry. latency=0 nReq=64 sn=53
03:32:50.686 DBG Starting timer. sn=57 view=0
03:32:50.687 INF Committed entry. latency=0 nReq=64 sn=54
03:32:50.687 DBG Starting timer. sn=58 view=0
03:32:50.687 DBG Sending PREPARE. senderID=1 sn=52 view=0
03:32:50.688 DBG Sending COMMIT. senderID=1 sn=52 view=0
03:32:50.688 DBG Sending PREPARE. senderID=1 sn=55 view=0
03:32:50.688 DBG Sending COMMIT. senderID=1 sn=55 view=0
03:32:50.689 INF Committed entry. latency=0 nReq=64 sn=55
03:32:50.689 DBG Starting timer. sn=59 view=0
03:32:50.689 INF Committed entry. latency=0 nReq=64 sn=52
03:32:50.690 INF Delivered batch. nReq=64 sn=52
03:32:50.690 INF Delivered batch. nReq=64 sn=53
03:32:50.690 INF Delivered batch. nReq=64 sn=54
03:32:50.690 INF Delivered batch. nReq=64 sn=55
03:32:50.690 DBG Starting timer. sn=56 view=0
03:32:51.663 DBG Batch ready. batchSize=4096
03:32:51.663 DBG Batch cut. left=0 nBuckets=16 nReq=64 next=0
03:32:51.663 DBG Waiting for batch. batchSize=4096
03:32:51.665 INF Sending PREPREPARE. nReq=64 senderID=1 sn=57 view=0
03:32:51.673 INF Handling PREPREPARE. nReq=64 senderID=2 sn=58
03:32:51.673 DBG Creating new Batch. nReq=64
03:32:51.674 INF Handling PREPREPARE. nReq=64 senderID=3 sn=59
03:32:51.674 DBG Creating new Batch. nReq=64
03:32:51.676 INF Handling PREPREPARE. nReq=64 senderID=0 sn=56
03:32:51.676 DBG Creating new Batch. nReq=64
03:32:51.685 DBG Sending PREPARE. senderID=1 sn=59 view=0
03:32:51.687 DBG Sending COMMIT. senderID=1 sn=57 view=0
03:32:51.687 DBG Sending PREPARE. senderID=1 sn=58 view=0
03:32:51.688 DBG Sending COMMIT. senderID=1 sn=58 view=0
03:32:51.688 DBG Sending PREPARE. senderID=1 sn=56 view=0
03:32:51.688 DBG Sending COMMIT. senderID=1 sn=56 view=0
03:32:51.688 DBG Sending COMMIT. senderID=1 sn=59 view=0
03:32:51.688 INF Committed entry. latency=0 nReq=64 sn=58
03:32:51.688 DBG Starting timer. sn=62 view=0
03:32:51.689 INF Committed entry. latency=0 nReq=64 sn=57
03:32:51.689 INF Committed entry. latency=0 nReq=64 sn=59
03:32:51.689 DBG Starting timer. sn=61 view=0
03:32:51.689 DBG Starting timer. sn=63 view=0
03:32:51.690 INF Committed entry. latency=0 nReq=64 sn=56
03:32:51.690 INF Delivered batch. nReq=64 sn=56
03:32:51.690 INF Delivered batch. nReq=64 sn=57
03:32:51.690 INF Delivered batch. nReq=64 sn=58
03:32:51.690 INF Delivered batch. nReq=64 sn=59
03:32:51.690 DBG Starting timer. sn=60 view=0
03:32:52.664 DBG Batch ready. batchSize=4096
03:32:52.666 DBG Batch cut. left=0 nBuckets=16 nReq=61 next=0
03:32:52.667 DBG Waiting for batch. batchSize=4096
03:32:52.668 INF Sending PREPREPARE. nReq=61 senderID=1 sn=61 view=0
03:32:52.675 INF Handling PREPREPARE. nReq=60 senderID=3 sn=63
03:32:52.675 INF Handling PREPREPARE. nReq=60 senderID=2 sn=62
03:32:52.676 DBG Creating new Batch. nReq=60
03:32:52.676 DBG Creating new Batch. nReq=60
03:32:52.677 INF Handling PREPREPARE. nReq=61 senderID=0 sn=60
03:32:52.677 DBG Creating new Batch. nReq=61
03:32:52.687 DBG Sending PREPARE. senderID=1 sn=60 view=0
03:32:52.688 DBG Sending PREPARE. senderID=1 sn=62 view=0
03:32:52.689 DBG Sending PREPARE. senderID=1 sn=63 view=0
03:32:52.690 DBG Sending COMMIT. senderID=1 sn=63 view=0
03:32:52.691 DBG Sending COMMIT. senderID=1 sn=62 view=0
03:32:52.691 DBG Sending COMMIT. senderID=1 sn=60 view=0
03:32:52.691 DBG Sending COMMIT. senderID=1 sn=61 view=0
03:32:52.691 INF Committed entry. latency=0 nReq=60 sn=63
03:32:52.691 INF Committed entry. latency=0 nReq=61 sn=60
03:32:52.691 INF Delivered batch. nReq=61 sn=60
03:32:52.691 INF Committed entry. latency=0 nReq=61 sn=61
03:32:52.691 INF Committed entry. latency=0 nReq=60 sn=62
03:32:52.691 INF Delivered batch. nReq=61 sn=61
03:32:52.691 INF Delivered batch. nReq=60 sn=62
03:32:52.692 INF Delivered batch. nReq=60 sn=63
03:32:52.692 DBG Starting timer. sn=67 view=0
03:32:52.692 DBG Starting timer. sn=64 view=0
03:32:52.692 DBG Starting timer. sn=65 view=0
03:32:52.692 DBG Starting timer. sn=66 view=0
03:32:53.668 DBG Batch ready. batchSize=4096
03:32:53.668 DBG Batch cut. left=0 nBuckets=16 nReq=68 next=0
03:32:53.668 DBG Waiting for batch. batchSize=4096
03:32:53.670 INF Sending PREPREPARE. nReq=68 senderID=1 sn=65 view=0
03:32:53.678 INF Handling PREPREPARE. nReq=68 senderID=2 sn=66
03:32:53.678 DBG Creating new Batch. nReq=68
03:32:53.679 INF Handling PREPREPARE. nReq=68 senderID=3 sn=67
03:32:53.679 DBG Creating new Batch. nReq=68
03:32:53.681 INF Handling PREPREPARE. nReq=67 senderID=0 sn=64
03:32:53.681 DBG Creating new Batch. nReq=67
03:32:53.692 DBG Sending PREPARE. senderID=1 sn=67 view=0
03:32:53.693 DBG Sending COMMIT. senderID=1 sn=65 view=0
03:32:53.694 INF Committed entry. latency=0 nReq=68 sn=65
03:32:53.694 DBG Sending PREPARE. senderID=1 sn=66 view=0
03:32:53.694 DBG Starting timer. sn=69 view=0
03:32:53.694 DBG Sending COMMIT. senderID=1 sn=66 view=0
03:32:53.694 DBG Sending PREPARE. senderID=1 sn=64 view=0
03:32:53.694 DBG Sending COMMIT. senderID=1 sn=67 view=0
03:32:53.695 DBG Sending COMMIT. senderID=1 sn=64 view=0
03:32:53.695 INF Committed entry. latency=0 nReq=68 sn=66
03:32:53.695 DBG Starting timer. sn=70 view=0
03:32:53.696 INF Committed entry. latency=0 nReq=68 sn=67
03:32:53.696 DBG Starting timer. sn=71 view=0
03:32:53.697 INF Committed entry. latency=0 nReq=67 sn=64
03:32:53.697 INF Delivered batch. nReq=67 sn=64
03:32:53.697 INF Delivered batch. nReq=68 sn=65
03:32:53.697 INF Delivered batch. nReq=68 sn=66
03:32:53.697 INF Delivered batch. nReq=68 sn=67
03:32:53.697 DBG Starting timer. sn=68 view=0
03:32:54.669 DBG Batch ready. batchSize=4096
03:32:54.669 DBG Batch cut. left=0 nBuckets=16 nReq=64 next=0
03:32:54.669 DBG Waiting for batch. batchSize=4096
03:32:54.671 INF Sending PREPREPARE. nReq=64 senderID=1 sn=69 view=0
03:32:54.678 INF Handling PREPREPARE. nReq=64 senderID=3 sn=71
03:32:54.679 DBG Creating new Batch. nReq=64
03:32:54.679 INF Handling PREPREPARE. nReq=65 senderID=2 sn=70
03:32:54.679 DBG Creating new Batch. nReq=65
03:32:54.683 INF Handling PREPREPARE. nReq=64 senderID=0 sn=68
03:32:54.683 DBG Creating new Batch. nReq=64
03:32:54.690 DBG Sending PREPARE. senderID=1 sn=70 view=0
03:32:54.691 DBG Sending PREPARE. senderID=1 sn=71 view=0
03:32:54.691 DBG Sending COMMIT. senderID=1 sn=71 view=0
03:32:54.693 DBG Sending PREPARE. senderID=1 sn=68 view=0
03:32:54.693 DBG Sending COMMIT. senderID=1 sn=70 view=0
03:32:54.693 INF Committed entry. latency=0 nReq=64 sn=71
03:32:54.694 DBG Starting timer. sn=75 view=0
03:32:54.694 DBG Sending COMMIT. senderID=1 sn=68 view=0
03:32:54.694 DBG Sending COMMIT. senderID=1 sn=69 view=0
03:32:54.694 INF Committed entry. latency=0 nReq=65 sn=70
03:32:54.694 DBG Starting timer. sn=74 view=0
03:32:54.695 INF Committed entry. latency=0 nReq=64 sn=68
03:32:54.695 INF Delivered batch. nReq=64 sn=68
03:32:54.695 INF Delivered batch. nReq=64 sn=69
03:32:54.695 INF Committed entry. latency=0 nReq=64 sn=69
03:32:54.696 INF Delivered batch. nReq=65 sn=70
03:32:54.696 INF Delivered batch. nReq=64 sn=71
03:32:54.696 DBG Starting timer. sn=72 view=0
03:32:54.696 DBG Starting timer. sn=73 view=0
03:32:55.670 DBG Batch ready. batchSize=4096
03:32:55.671 DBG Batch cut. left=0 nBuckets=16 nReq=64 next=0
03:32:55.672 DBG Waiting for batch. batchSize=4096
03:32:55.673 INF Sending PREPREPARE. nReq=64 senderID=1 sn=73 view=0
03:32:55.680 INF Handling PREPREPARE. nReq=64 senderID=2 sn=74
03:32:55.680 DBG Creating new Batch. nReq=64
03:32:55.683 INF Handling PREPREPARE. nReq=65 senderID=3 sn=75
03:32:55.683 DBG Creating new Batch. nReq=65
03:32:55.685 INF Handling PREPREPARE. nReq=64 senderID=0 sn=72
03:32:55.685 DBG Creating new Batch. nReq=64
03:32:55.695 DBG Sending PREPARE. senderID=1 sn=74 view=0
03:32:55.695 DBG Sending COMMIT. senderID=1 sn=74 view=0
03:32:55.695 DBG Sending PREPARE. senderID=1 sn=72 view=0
03:32:55.696 DBG Sending PREPARE. senderID=1 sn=75 view=0
03:32:55.696 DBG Sending COMMIT. senderID=1 sn=72 view=0
03:32:55.696 DBG Sending COMMIT. senderID=1 sn=75 view=0
03:32:55.696 DBG Sending COMMIT. senderID=1 sn=73 view=0
03:32:55.698 INF Committed entry. latency=0 nReq=64 sn=73
03:32:55.698 INF Committed entry. latency=0 nReq=64 sn=74
03:32:55.698 DBG Starting timer. sn=77 view=0
03:32:55.698 INF Committed entry. latency=0 nReq=65 sn=75
03:32:55.698 DBG Starting timer. sn=78 view=0
03:32:55.698 DBG Starting timer. sn=79 view=0
03:32:55.699 INF Committed entry. latency=0 nReq=64 sn=72
03:32:55.699 INF Delivered batch. nReq=64 sn=72
03:32:55.699 INF Delivered batch. nReq=64 sn=73
03:32:55.699 INF Delivered batch. nReq=64 sn=74
03:32:55.699 INF Delivered batch. nReq=65 sn=75
03:32:55.699 DBG Starting timer. sn=76 view=0
03:32:56.674 DBG Batch ready. batchSize=4096
03:32:56.674 DBG Batch cut. left=0 nBuckets=16 nReq=64 next=0
03:32:56.674 DBG Waiting for batch. batchSize=4096
03:32:56.676 INF Sending PREPREPARE. nReq=64 senderID=1 sn=77 view=0
03:32:56.682 INF Handling PREPREPARE. nReq=64 senderID=2 sn=78
03:32:56.682 DBG Creating new Batch. nReq=64
03:32:56.682 INF Handling PREPREPARE. nReq=64 senderID=3 sn=79
03:32:56.683 DBG Creating new Batch. nReq=64
03:32:56.687 INF Handling PREPREPARE. nReq=64 senderID=0 sn=76
03:32:56.687 DBG Creating new Batch. nReq=64
03:32:56.691 DBG Sending PREPARE. senderID=1 sn=78 view=0
03:32:56.693 DBG Sending COMMIT. senderID=1 sn=78 view=0
03:32:56.694 INF Committed entry. latency=0 nReq=64 sn=78
03:32:56.695 DBG Sending PREPARE. senderID=1 sn=79 view=0
03:32:56.695 DBG Starting timer. sn=82 view=0
03:32:56.696 DBG Sending PREPARE. senderID=1 sn=76 view=0
03:32:56.697 DBG Sending COMMIT. senderID=1 sn=77 view=0
03:32:56.698 DBG Sending COMMIT. senderID=1 sn=76 view=0
03:32:56.699 DBG Sending COMMIT. senderID=1 sn=79 view=0
03:32:56.699 INF Committed entry. latency=0 nReq=64 sn=77
03:32:56.699 DBG Starting timer. sn=81 view=0
03:32:56.699 INF Committed entry. latency=0 nReq=64 sn=76
03:32:56.700 INF Committed entry. latency=0 nReq=64 sn=79
03:32:56.700 INF Delivered batch. nReq=64 sn=76
03:32:56.700 INF Delivered batch. nReq=64 sn=77
03:32:56.700 INF Delivered batch. nReq=64 sn=78
03:32:56.700 INF Delivered batch. nReq=64 sn=79
03:32:56.700 DBG Starting timer. sn=80 view=0
03:32:56.700 DBG Starting timer. sn=83 view=0
03:32:57.675 DBG Batch ready. batchSize=4096
03:32:57.675 DBG Batch cut. left=0 nBuckets=16 nReq=64 next=0
03:32:57.676 DBG Waiting for batch. batchSize=4096
03:32:57.677 INF Sending PREPREPARE. nReq=64 senderID=1 sn=81 view=0
03:32:57.683 INF Handling PREPREPARE. nReq=64 senderID=2 sn=82
03:32:57.683 DBG Creating new Batch. nReq=64
03:32:57.686 INF Handling PREPREPARE. nReq=64 senderID=3 sn=83
03:32:57.686 DBG Creating new Batch. nReq=64
03:32:57.687 INF Handling PREPREPARE. nReq=65 senderID=0 sn=80
03:32:57.687 DBG Creating new Batch. nReq=65
03:32:57.698 DBG Sending PREPARE. senderID=1 sn=82 view=0
03:32:57.698 DBG Sending COMMIT. senderID=1 sn=82 view=0
03:32:57.698 DBG Sending PREPARE. senderID=1 sn=83 view=0
03:32:57.699 DBG Sending PREPARE. senderID=1 sn=80 view=0
03:32:57.699 DBG Sending COMMIT. senderID=1 sn=83 view=0
03:32:57.699 DBG Sending COMMIT. senderID=1 sn=80 view=0
03:32:57.699 DBG Sending COMMIT. senderID=1 sn=81 view=0
03:32:57.700 INF Committed entry. latency=0 nReq=64 sn=81
03:32:57.700 DBG Starting timer. sn=85 view=0
03:32:57.700 INF Committed entry. latency=0 nReq=64 sn=83
03:32:57.700 INF Committed entry. latency=0 nReq=64 sn=82
03:32:57.701 DBG Starting timer. sn=87 view=0
03:32:57.701 DBG Starting timer. sn=86 view=0
03:32:57.701 INF Committed entry. latency=0 nReq=65 sn=80
03:32:57.701 INF Delivered batch. nReq=65 sn=80
03:32:57.701 INF Delivered batch. nReq=64 sn=81
03:32:57.702 INF Delivered batch. nReq=64 sn=82
03:32:57.702 INF Delivered batch. nReq=64 sn=83
03:32:57.702 DBG Starting timer. sn=84 view=0
03:32:58.677 DBG Batch ready. batchSize=4096
03:32:58.677 DBG Batch cut. left=0 nBuckets=16 nReq=64 next=0
03:32:58.677 DBG Waiting for batch. batchSize=4096
03:32:58.679 INF Sending PREPREPARE. nReq=64 senderID=1 sn=85 view=0
03:32:58.685 INF Handling PREPREPARE. nReq=64 senderID=2 sn=86
03:32:58.685 DBG Creating new Batch. nReq=64
03:32:58.690 INF Handling PREPREPARE. nReq=64 senderID=0 sn=84
03:32:58.690 DBG Creating new Batch. nReq=64
03:32:58.690 INF Handling PREPREPARE. nReq=64 senderID=3 sn=87
03:32:58.690 DBG Creating new Batch. nReq=64
03:32:58.701 DBG Sending PREPARE. senderID=1 sn=86 view=0
03:32:58.701 DBG Sending PREPARE. senderID=1 sn=87 view=0
03:32:58.701 DBG Sending PREPARE. senderID=1 sn=84 view=0
03:32:58.701 DBG Sending COMMIT. senderID=1 sn=86 view=0
03:32:58.701 DBG Sending COMMIT. senderID=1 sn=84 view=0
03:32:58.702 DBG Sending COMMIT. senderID=1 sn=85 view=0
03:32:58.702 INF Committed entry. latency=0 nReq=64 sn=86
03:32:58.702 DBG Starting timer. sn=90 view=0
03:32:58.702 DBG Sending COMMIT. senderID=1 sn=87 view=0
03:32:58.704 INF Committed entry. latency=0 nReq=64 sn=84
03:32:58.704 INF Committed entry. latency=0 nReq=64 sn=85
03:32:58.704 INF Delivered batch. nReq=64 sn=84
03:32:58.704 INF Delivered batch. nReq=64 sn=85
03:32:58.704 INF Delivered batch. nReq=64 sn=86
03:32:58.704 INF Committed entry. latency=0 nReq=64 sn=87
03:32:58.704 INF Delivered batch. nReq=64 sn=87
03:32:58.705 DBG Starting timer. sn=88 view=0
03:32:58.705 DBG Starting timer. sn=91 view=0
03:32:58.705 DBG Starting timer. sn=89 view=0
03:32:59.679 DBG Batch ready. batchSize=4096
03:32:59.679 DBG Batch cut. left=0 nBuckets=16 nReq=64 next=0
03:32:59.680 DBG Waiting for batch. batchSize=4096
03:32:59.681 INF Sending PREPREPARE. nReq=64 senderID=1 sn=89 view=0
03:32:59.688 INF Handling PREPREPARE. nReq=64 senderID=2 sn=90
03:32:59.688 DBG Creating new Batch. nReq=64
03:32:59.689 INF Handling PREPREPARE. nReq=64 senderID=3 sn=91
03:32:59.689 DBG Creating new Batch. nReq=64
03:32:59.691 INF Handling PREPREPARE. nReq=64 senderID=0 sn=88
03:32:59.691 DBG Creating new Batch. nReq=64
03:32:59.702 DBG Sending PREPARE. senderID=1 sn=90 view=0
03:32:59.702 DBG Sending COMMIT. senderID=1 sn=89 view=0
03:32:59.702 DBG Sending COMMIT. senderID=1 sn=90 view=0
03:32:59.702 DBG Sending PREPARE. senderID=1 sn=91 view=0
03:32:59.703 DBG Sending COMMIT. senderID=1 sn=91 view=0
03:32:59.703 DBG Sending PREPARE. senderID=1 sn=88 view=0
03:32:59.703 DBG Sending COMMIT. senderID=1 sn=88 view=0
03:32:59.703 INF Committed entry. latency=0 nReq=64 sn=89
03:32:59.704 DBG Starting timer. sn=93 view=0
03:32:59.705 INF Committed entry. latency=0 nReq=64 sn=90
03:32:59.705 DBG Starting timer. sn=94 view=0
03:32:59.705 INF Committed entry. latency=0 nReq=64 sn=91
03:32:59.705 DBG Starting timer. sn=95 view=0
03:32:59.705 INF Committed entry. latency=0 nReq=64 sn=88
03:32:59.706 INF Delivered batch. nReq=64 sn=88
03:32:59.706 INF Delivered batch. nReq=64 sn=89
03:32:59.706 INF Delivered batch. nReq=64 sn=90
03:32:59.706 INF Delivered batch. nReq=64 sn=91
03:32:59.706 DBG Starting timer. sn=92 view=0
03:33:00.681 DBG Batch ready. batchSize=4096
03:33:00.681 DBG Batch cut. left=0 nBuckets=16 nReq=65 next=0
03:33:00.682 DBG Waiting for batch. batchSize=4096
03:33:00.684 INF Sending PREPREPARE. nReq=65 senderID=1 sn=93 view=0
03:33:00.689 INF Handling PREPREPARE. nReq=64 senderID=2 sn=94
03:33:00.689 DBG Creating new Batch. nReq=64
03:33:00.692 INF Handling PREPREPARE. nReq=64 senderID=0 sn=92
03:33:00.692 DBG Creating new Batch. nReq=64
03:33:00.692 INF Handling PREPREPARE. nReq=64 senderID=3 sn=95
03:33:00.693 DBG Creating new Batch. nReq=64
03:33:00.699 DBG Sending PREPARE. senderID=1 sn=94 view=0
03:33:00.699 DBG Sending COMMIT. senderID=1 sn=94 view=0
03:33:00.702 INF Committed entry. latency=0 nReq=64 sn=94
03:33:00.702 DBG Starting timer. sn=98 view=0
03:33:00.703 DBG Sending PREPARE. senderID=1 sn=95 view=0
03:33:00.704 DBG Sending PREPARE. senderID=1 sn=92 view=0
03:33:00.704 DBG Sending COMMIT. senderID=1 sn=92 view=0
03:33:00.705 DBG Sending COMMIT. senderID=1 sn=95 view=0
03:33:00.707 INF Committed entry. latency=0 nReq=64 sn=95
03:33:00.707 INF Committed entry. latency=0 nReq=64 sn=92
03:33:00.707 DBG Sending COMMIT. senderID=1 sn=93 view=0
03:33:00.707 INF Delivered batch. nReq=64 sn=92
03:33:00.707 DBG Starting timer. sn=99 view=0
03:33:00.707 DBG Starting timer. sn=96 view=0
03:33:00.708 INF Committed entry. latency=0 nReq=65 sn=93
03:33:00.709 INF Delivered batch. nReq=65 sn=93
03:33:00.709 INF Delivered batch. nReq=64 sn=94
03:33:00.709 INF Delivered batch. nReq=64 sn=95
03:33:00.709 DBG Starting timer. sn=97 view=0
03:33:01.683 DBG Batch ready. batchSize=4096
03:33:01.683 DBG Batch cut. left=0 nBuckets=16 nReq=64 next=0
03:33:01.685 DBG Waiting for batch. batchSize=4096
03:33:01.685 INF Sending PREPREPARE. nReq=64 senderID=1 sn=97 view=0
03:33:01.692 INF Handling PREPREPARE. nReq=64 senderID=2 sn=98
03:33:01.692 DBG Creating new Batch. nReq=64
03:33:01.692 INF Handling PREPREPARE. nReq=64 senderID=3 sn=99
03:33:01.693 DBG Creating new Batch. nReq=64
03:33:01.700 INF Handling PREPREPARE. nReq=64 senderID=0 sn=96
03:33:01.700 DBG Creating new Batch. nReq=64
03:33:01.702 DBG Sending PREPARE. senderID=1 sn=98 view=0
03:33:01.705 DBG Sending PREPARE. senderID=1 sn=99 view=0
03:33:01.706 DBG Sending COMMIT. senderID=1 sn=98 view=0
03:33:01.707 DBG Sending COMMIT. senderID=1 sn=97 view=0
03:33:01.707 DBG Sending PREPARE. senderID=1 sn=96 view=0
03:33:01.707 DBG Sending COMMIT. senderID=1 sn=99 view=0
03:33:01.707 INF Committed entry. latency=0 nReq=64 sn=98
03:33:01.707 DBG Sending COMMIT. senderID=1 sn=96 view=0
03:33:01.707 DBG Starting timer. sn=102 view=0
03:33:01.708 INF Committed entry. latency=0 nReq=64 sn=97
03:33:01.708 INF Committed entry. latency=0 nReq=64 sn=99
03:33:01.708 INF Committed entry. latency=0 nReq=64 sn=96
03:33:01.708 INF Delivered batch. nReq=64 sn=96
03:33:01.709 INF Delivered batch. nReq=64 sn=97
03:33:01.709 INF Delivered batch. nReq=64 sn=98
03:33:01.709 INF Delivered batch. nReq=64 sn=99
03:33:01.709 DBG Starting timer. sn=101 view=0
03:33:01.709 DBG Starting timer. sn=103 view=0
03:33:01.709 DBG Starting timer. sn=100 view=0
03:33:02.685 DBG Batch ready. batchSize=4096
03:33:02.686 DBG Batch cut. left=0 nBuckets=16 nReq=64 next=0
03:33:02.686 DBG Waiting for batch. batchSize=4096
03:33:02.687 INF Sending PREPREPARE. nReq=64 senderID=1 sn=101 view=0
03:33:02.693 INF Handling PREPREPARE. nReq=65 senderID=2 sn=102
03:33:02.693 DBG Creating new Batch. nReq=65
03:33:02.693 INF Handling PREPREPARE. nReq=64 senderID=3 sn=103
03:33:02.694 DBG Creating new Batch. nReq=64
03:33:02.698 INF Handling PREPREPARE. nReq=64 senderID=0 sn=100
03:33:02.698 DBG Creating new Batch. nReq=64
03:33:02.705 DBG Sending PREPARE. senderID=1 sn=103 view=0
03:33:02.705 DBG Sending PREPARE. senderID=1 sn=102 view=0
03:33:02.705 DBG Sending COMMIT. senderID=1 sn=102 view=0
03:33:02.707 DBG Sending COMMIT. senderID=1 sn=103 view=0
03:33:02.707 DBG Sending PREPARE. senderID=1 sn=100 view=0
03:33:02.708 INF Committed entry. latency=0 nReq=65 sn=102
03:33:02.708 DBG Starting timer. sn=106 view=0
03:33:02.709 DBG Sending COMMIT. senderID=1 sn=101 view=0
03:33:02.709 INF Committed entry. latency=0 nReq=64 sn=103
03:33:02.709 DBG Starting timer. sn=107 view=0
03:33:02.710 DBG Sending COMMIT. senderID=1 sn=100 view=0
03:33:02.711 INF Committed entry. latency=0 nReq=64 sn=101
03:33:02.711 DBG Starting timer. sn=105 view=0
03:33:02.711 INF Committed entry. latency=0 nReq=64 sn=100
03:33:02.711 INF Delivered batch. nReq=64 sn=100
03:33:02.711 INF Delivered batch. nReq=64 sn=101
03:33:02.712 INF Delivered batch. nReq=65 sn=102
03:33:02.712 INF Delivered batch. nReq=64 sn=103
03:33:02.712 DBG Starting timer. sn=104 view=0
03:33:03.687 DBG Batch ready. batchSize=4096
03:33:03.688 DBG Batch cut. left=0 nBuckets=16 nReq=64 next=0
03:33:03.688 DBG Waiting for batch. batchSize=4096
03:33:03.690 INF Sending PREPREPARE. nReq=64 senderID=1 sn=105 view=0
03:33:03.695 INF Handling PREPREPARE. nReq=64 senderID=2 sn=106
03:33:03.695 DBG Creating new Batch. nReq=64
03:33:03.697 INF Handling PREPREPARE. nReq=64 senderID=3 sn=107
03:33:03.697 DBG Creating new Batch. nReq=64
03:33:03.701 INF Handling PREPREPARE. nReq=64 senderID=0 sn=104
03:33:03.701 DBG Creating new Batch. nReq=64
03:33:03.708 DBG Sending PREPARE. senderID=1 sn=107 view=0
03:33:03.711 DBG Sending PREPARE. senderID=1 sn=106 view=0
03:33:03.711 DBG Sending COMMIT. senderID=1 sn=106 view=0
03:33:03.711 DBG Sending PREPARE. senderID=1 sn=104 view=0
03:33:03.711 DBG Sending COMMIT. senderID=1 sn=105 view=0
03:33:03.711 DBG Sending COMMIT. senderID=1 sn=107 view=0
03:33:03.711 DBG Sending COMMIT. senderID=1 sn=104 view=0
03:33:03.712 INF Committed entry. latency=0 nReq=64 sn=107
03:33:03.712 DBG Starting timer. sn=111 view=0
03:33:03.713 INF Committed entry. latency=0 nReq=64 sn=106
03:33:03.713 INF Committed entry. latency=0 nReq=64 sn=105
03:33:03.713 DBG Starting timer. sn=110 view=0
03:33:03.713 DBG Starting timer. sn=109 view=0
03:33:03.713 INF Committed entry. latency=0 nReq=64 sn=104
03:33:03.714 INF Delivered batch. nReq=64 sn=104
03:33:03.714 INF Delivered batch. nReq=64 sn=105
03:33:03.714 INF Delivered batch. nReq=64 sn=106
03:33:03.714 INF Delivered batch. nReq=64 sn=107
03:33:03.714 DBG Starting timer. sn=108 view=0
03:33:04.689 DBG Batch ready. batchSize=4096
03:33:04.690 DBG Batch cut. left=0 nBuckets=16 nReq=64 next=0
03:33:04.690 DBG Waiting for batch. batchSize=4096
03:33:04.691 INF Sending PREPREPARE. nReq=64 senderID=1 sn=109 view=0
03:33:04.696 INF Handling PREPREPARE. nReq=64 senderID=2 sn=110
03:33:04.696 DBG Creating new Batch. nReq=64
03:33:04.697 INF Handling PREPREPARE. nReq=65 senderID=3 sn=111
03:33:04.697 DBG Creating new Batch. nReq=65
03:33:04.701 INF Handling PREPREPARE. nReq=64 senderID=0 sn=108
03:33:04.701 DBG Creating new Batch. nReq=64
03:33:04.709 DBG Sending PREPARE. senderID=1 sn=110 view=0
03:33:04.711 DBG Sending PREPARE. senderID=1 sn=111 view=0
03:33:04.711 DBG Sending COMMIT. senderID=1 sn=111 view=0
03:33:04.711 DBG Sending COMMIT. senderID=1 sn=110 view=0
03:33:04.712 DBG Sending PREPARE. senderID=1 sn=108 view=0
03:33:04.712 DBG Sending COMMIT. senderID=1 sn=108 view=0
03:33:04.713 DBG Sending COMMIT. senderID=1 sn=109 view=0
03:33:04.713 INF Committed entry. latency=0 nReq=64 sn=110
03:33:04.713 INF Committed entry. latency=0 nReq=65 sn=111
03:33:04.713 DBG Starting timer. sn=114 view=0
03:33:04.713 DBG Starting timer. sn=115 view=0
03:33:04.714 INF Committed entry. latency=0 nReq=64 sn=108
03:33:04.714 INF Committed entry. latency=0 nReq=64 sn=109
03:33:04.715 INF Delivered batch. nReq=64 sn=108
03:33:04.715 INF Delivered batch. nReq=64 sn=109
03:33:04.715 INF Delivered batch. nReq=64 sn=110
03:33:04.715 INF Delivered batch. nReq=65 sn=111
03:33:04.715 DBG Starting timer. sn=112 view=0
03:33:04.715 DBG Starting timer. sn=113 view=0
03:33:05.692 DBG Batch ready. batchSize=4096
03:33:05.692 DBG Batch cut. left=0 nBuckets=16 nReq=64 next=0
03:33:05.693 DBG Waiting for batch. batchSize=4096
03:33:05.694 INF Sending PREPREPARE. nReq=64 senderID=1 sn=113 view=0
03:33:05.698 INF Handling PREPREPARE. nReq=64 senderID=2 sn=114
03:33:05.698 DBG Creating new Batch. nReq=64
03:33:05.699 INF Handling PREPREPARE. nReq=64 senderID=3 sn=115
03:33:05.700 DBG Creating new Batch. nReq=64
03:33:05.704 INF Handling PREPREPARE. nReq=65 senderID=0 sn=112
03:33:05.705 DBG Creating new Batch. nReq=65
03:33:05.710 DBG Sending PREPARE. senderID=1 sn=115 view=0
03:33:05.712 DBG Sending PREPARE. senderID=1 sn=114 view=0
03:33:05.712 DBG Sending COMMIT. senderID=1 sn=114 view=0
03:33:05.713 INF Committed entry. latency=0 nReq=64 sn=114
03:33:05.713 DBG Starting timer. sn=118 view=0
03:33:05.713 DBG Sending COMMIT. senderID=1 sn=115 view=0
03:33:05.714 DBG Sending PREPARE. senderID=1 sn=112 view=0
03:33:05.715 DBG Sending COMMIT. senderID=1 sn=112 view=0
03:33:05.715 DBG Sending COMMIT. senderID=1 sn=113 view=0
03:33:05.715 INF Committed entry. latency=0 nReq=64 sn=115
03:33:05.715 DBG Starting timer. sn=119 view=0
03:33:05.715 INF Committed entry. latency=0 nReq=64 sn=113
03:33:05.716 DBG Starting timer. sn=117 view=0
03:33:05.717 INF Committed entry. latency=0 nReq=65 sn=112
03:33:05.717 INF Delivered batch. nReq=65 sn=112
03:33:05.717 INF Delivered batch. nReq=64 sn=113
03:33:05.717 INF Delivered batch. nReq=64 sn=114
03:33:05.717 INF Delivered batch. nReq=64 sn=115
03:33:05.717 DBG Starting timer. sn=116 view=0
03:33:06.694 DBG Batch ready. batchSize=4096
03:33:06.694 DBG Batch cut. left=0 nBuckets=16 nReq=64 next=0
03:33:06.695 DBG Waiting for batch. batchSize=4096
03:33:06.696 INF Sending PREPREPARE. nReq=64 senderID=1 sn=117 view=0
03:33:06.698 INF Handling PREPREPARE. nReq=64 senderID=2 sn=118
03:33:06.698 DBG Creating new Batch. nReq=64
03:33:06.700 INF Handling PREPREPARE. nReq=64 senderID=3 sn=119
03:33:06.700 DBG Creating new Batch. nReq=64
03:33:06.705 INF Handling PREPREPARE. nReq=64 senderID=0 sn=116
03:33:06.705 DBG Creating new Batch. nReq=64
03:33:06.711 DBG Sending PREPARE. senderID=1 sn=118 view=0
03:33:06.711 DBG Sending COMMIT. senderID=1 sn=118 view=0
03:33:06.712 DBG Sending PREPARE. senderID=1 sn=119 view=0
03:33:06.712 INF Committed entry. latency=0 nReq=64 sn=118
03:33:06.712 DBG Sending COMMIT. senderID=1 sn=119 view=0
03:33:06.712 DBG Starting timer. sn=122 view=0
03:33:06.714 DBG Sending PREPARE. senderID=1 sn=116 view=0
03:33:06.715 INF Committed entry. latency=0 nReq=64 sn=119
03:33:06.715 DBG Starting timer. sn=123 view=0
03:33:06.717 DBG Sending COMMIT. senderID=1 sn=116 view=0
03:33:06.718 DBG Sending COMMIT. senderID=1 sn=117 view=0
03:33:06.718 INF Committed entry. latency=0 nReq=64 sn=116
03:33:06.718 INF Delivered batch. nReq=64 sn=116
03:33:06.718 DBG Starting timer. sn=120 view=0
03:33:06.719 INF Committed entry. latency=0 nReq=64 sn=117
03:33:06.719 INF Delivered batch. nReq=64 sn=117
03:33:06.719 INF Delivered batch. nReq=64 sn=118
03:33:06.719 INF Delivered batch. nReq=64 sn=119
03:33:06.720 DBG Starting timer. sn=121 view=0
03:33:07.695 DBG Batch ready. batchSize=4096
03:33:07.696 DBG Batch cut. left=0 nBuckets=16 nReq=65 next=0
03:33:07.696 DBG Waiting for batch. batchSize=4096
03:33:07.698 INF Sending PREPREPARE. nReq=65 senderID=1 sn=121 view=0
03:33:07.700 INF Handling PREPREPARE. nReq=64 senderID=2 sn=122
03:33:07.700 DBG Creating new Batch. nReq=64
03:33:07.702 INF Handling PREPREPARE. nReq=64 senderID=3 sn=123
03:33:07.702 DBG Creating new Batch. nReq=64
03:33:07.708 INF Handling PREPREPARE. nReq=64 senderID=0 sn=120
03:33:07.708 DBG Creating new Batch. nReq=64
03:33:07.712 DBG Sending PREPARE. senderID=1 sn=122 view=0
03:33:07.712 DBG Sending COMMIT. senderID=1 sn=122 view=0
03:33:07.713 DBG Sending PREPARE. senderID=1 sn=123 view=0
03:33:07.715 DBG Sending COMMIT. senderID=1 sn=123 view=0
03:33:07.715 INF Committed entry. latency=0 nReq=64 sn=122
03:33:07.715 DBG Starting timer. sn=126 view=0
03:33:07.716 INF Committed entry. latency=0 nReq=64 sn=123
03:33:07.716 DBG Starting timer. sn=127 view=0
03:33:07.717 DBG Sending PREPARE. senderID=1 sn=120 view=0
03:33:07.717 DBG Sending COMMIT. senderID=1 sn=120 view=0
03:33:07.718 DBG Sending COMMIT. senderID=1 sn=121 view=0
03:33:07.719 INF Committed entry. latency=0 nReq=65 sn=121
03:33:07.719 INF Committed entry. latency=0 nReq=64 sn=120
03:33:07.719 INF Delivered batch. nReq=64 sn=120
03:33:07.720 INF Delivered batch. nReq=65 sn=121
03:33:07.720 INF Delivered batch. nReq=64 sn=122
03:33:07.720 INF Delivered batch. nReq=64 sn=123
03:33:07.720 DBG Starting timer. sn=125 view=0
03:33:07.720 DBG Starting timer. sn=124 view=0
03:33:08.697 DBG Batch ready. batchSize=4096
03:33:08.697 DBG Batch cut. left=0 nBuckets=16 nReq=61 next=0
03:33:08.697 DBG Waiting for batch. batchSize=4096
03:33:08.699 INF Sending PREPREPARE. nReq=61 senderID=1 sn=125 view=0
03:33:08.700 INF Handling PREPREPARE. nReq=61 senderID=2 sn=126
03:33:08.701 DBG Creating new Batch. nReq=61
03:33:08.701 INF Handling PREPREPARE. nReq=61 senderID=3 sn=127
03:33:08.702 DBG Creating new Batch. nReq=61
03:33:08.710 INF Handling PREPREPARE. nReq=61 senderID=0 sn=124
03:33:08.710 DBG Creating new Batch. nReq=61
03:33:08.711 DBG Sending PREPARE. senderID=1 sn=127 view=0
03:33:08.712 DBG Sending PREPARE. senderID=1 sn=126 view=0
03:33:08.712 DBG Sending COMMIT. senderID=1 sn=126 view=0
03:33:08.717 DBG Sending COMMIT. senderID=1 sn=127 view=0
03:33:08.717 INF Committed entry. latency=0 nReq=61 sn=126
03:33:08.717 DBG Starting timer. sn=130 view=0
03:33:08.717 INF Committed entry. latency=0 nReq=61 sn=127
03:33:08.718 DBG Starting timer. sn=131 view=0
03:33:08.718 DBG Sending COMMIT. senderID=1 sn=125 view=0
03:33:08.720 INF Committed entry. latency=0 nReq=61 sn=125
03:33:08.720 DBG Starting timer. sn=129 view=0
03:33:08.722 DBG Sending PREPARE. senderID=1 sn=124 view=0
03:33:08.722 DBG Sending COMMIT. senderID=1 sn=124 view=0
03:33:08.724 INF Committed entry. latency=0 nReq=61 sn=124
03:33:08.725 INF Delivered batch. nReq=61 sn=124
03:33:08.725 INF Delivered batch. nReq=61 sn=125
03:33:08.725 INF Delivered batch. nReq=61 sn=126
03:33:08.725 INF Delivered batch. nReq=61 sn=127
03:33:08.725 DBG Starting timer. sn=128 view=0
03:33:09.650 INF Finished sending bucket assignments to client. clId=0
03:33:09.650 INF Connection terminated. error="rpc error: code = Canceled desc = context canceled" address=127.0.0.1:42542
03:33:09.695 INF Handling PREPREPARE. nReq=0 senderID=2 sn=130
03:33:09.695 DBG Creating new Batch. nReq=0
03:33:09.695 DBG Sending PREPARE. senderID=1 sn=130 view=0
03:33:09.696 DBG Sending COMMIT. senderID=1 sn=130 view=0
03:33:09.696 INF Handling PREPREPARE. nReq=0 senderID=3 sn=131
03:33:09.696 DBG Creating new Batch. nReq=0
03:33:09.696 DBG Sending PREPARE. senderID=1 sn=131 view=0
03:33:09.697 DBG Sending COMMIT. senderID=1 sn=131 view=0
03:33:09.698 DBG Batch ready. batchSize=4096
03:33:09.698 INF Committed entry. latency=0 nReq=0 sn=130
03:33:09.698 DBG Starting timer. sn=134 view=0
03:33:09.698 DBG Batch cut. left=0 nBuckets=16 nReq=0 next=0
03:33:09.698 DBG Waiting for batch. batchSize=4096
03:33:09.698 INF Sending PREPREPARE. nReq=0 senderID=1 sn=129 view=0
03:33:09.699 INF Committed entry. latency=0 nReq=0 sn=131
03:33:09.699 DBG Starting timer. sn=135 view=0
03:33:09.701 DBG Sending COMMIT. senderID=1 sn=129 view=0
03:33:09.701 INF Handling PREPREPARE. nReq=0 senderID=0 sn=128
03:33:09.701 DBG Creating new Batch. nReq=0
03:33:09.701 DBG Sending PREPARE. senderID=1 sn=128 view=0
03:33:09.702 INF Committed entry. latency=0 nReq=0 sn=129
03:33:09.702 DBG Starting timer. sn=133 view=0
03:33:09.702 DBG Sending COMMIT. senderID=1 sn=128 view=0
03:33:09.704 INF Committed entry. latency=0 nReq=0 sn=128
03:33:09.704 INF Delivered batch. nReq=0 sn=128
03:33:09.704 INF Delivered batch. nReq=0 sn=129
03:33:09.704 INF Delivered batch. nReq=0 sn=130
03:33:09.704 INF Delivered batch. nReq=0 sn=131
03:33:09.704 DBG Starting timer. sn=132 view=0
03:33:09.956 INF Stopping profiler.
03:33:09.956 INF Stopping Tracer. events=235 fileName=experiment-output/0001/slave-002/peer.trc
==================
WARNING: DATA RACE
Read at 0x00c0009aa000 by goroutine 115:
  runtime.racereadrange()
      <autogenerated>:1 +0x1b
  github.com/hyperledger-labs/mirbft/tracing.(*BufferedTrace).StopOnSignal.func1()
      /opt/gopath/src/github.com/hyperledger-labs/mirbft/tracing/bufferedtrace.go:298 +0x4e

Previous write at 0x00c0009aa000 by goroutine 416:
  github.com/hyperledger-labs/mirbft/tracing.(*BufferedTrace).Event()
      /opt/gopath/src/github.com/hyperledger-labs/mirbft/tracing/bufferedtrace.go:105 +0x2d9
  github.com/hyperledger-labs/mirbft/manager.(*MirManager).handleLogEntries()
      /opt/gopath/src/github.com/hyperledger-labs/mirbft/manager/mirmanager.go:139 +0x1d8
  github.com/hyperledger-labs/mirbft/manager.(*MirManager).Startdwrap7()
      /opt/gopath/src/github.com/hyperledger-labs/mirbft/manager/mirmanager.go:101 +0x47

Goroutine 115 (running) created at:
  github.com/hyperledger-labs/mirbft/tracing.(*BufferedTrace).StopOnSignal()
      /opt/gopath/src/github.com/hyperledger-labs/mirbft/tracing/bufferedtrace.go:292 +0x172
  main.setUpTracing()
      /opt/gopath/src/github.com/hyperledger-labs/mirbft/cmd/orderingpeer/main.go:204 +0xf5
  main.main()
      /opt/gopath/src/github.com/hyperledger-labs/mirbft/cmd/orderingpeer/main.go:98 +0x9d6

Goroutine 416 (running) created at:
  github.com/hyperledger-labs/mirbft/manager.(*MirManager).Start()
      /opt/gopath/src/github.com/hyperledger-labs/mirbft/manager/mirmanager.go:101 +0x19e
  main.maindwrap4()
      /opt/gopath/src/github.com/hyperledger-labs/mirbft/cmd/orderingpeer/main.go:168 +0x59
==================
==================
WARNING: DATA RACE
Read at 0x00c0009ac3c8 by goroutine 115:
  runtime.racereadrange()
      <autogenerated>:1 +0x1b
  github.com/hyperledger-labs/mirbft/tracing.(*BufferedTrace).StopOnSignal.func1()
      /opt/gopath/src/github.com/hyperledger-labs/mirbft/tracing/bufferedtrace.go:298 +0x4e

Previous write at 0x00c0009ac3c8 by goroutine 114:
  github.com/hyperledger-labs/mirbft/tracing.(*BufferedTrace).Event()
      /opt/gopath/src/github.com/hyperledger-labs/mirbft/tracing/bufferedtrace.go:105 +0x2d9
  github.com/hyperledger-labs/mirbft/profiling.StartCPUTracing.func1()
      /opt/gopath/src/github.com/hyperledger-labs/mirbft/profiling/cpuusage.go:31 +0x95

Goroutine 115 (running) created at:
  github.com/hyperledger-labs/mirbft/tracing.(*BufferedTrace).StopOnSignal()
      /opt/gopath/src/github.com/hyperledger-labs/mirbft/tracing/bufferedtrace.go:292 +0x172
  main.setUpTracing()
      /opt/gopath/src/github.com/hyperledger-labs/mirbft/cmd/orderingpeer/main.go:204 +0xf5
  main.main()
      /opt/gopath/src/github.com/hyperledger-labs/mirbft/cmd/orderingpeer/main.go:98 +0x9d6

Goroutine 114 (running) created at:
  github.com/hyperledger-labs/mirbft/profiling.StartCPUTracing()
      /opt/gopath/src/github.com/hyperledger-labs/mirbft/profiling/cpuusage.go:28 +0xb6
  main.setUpTracing()
      /opt/gopath/src/github.com/hyperledger-labs/mirbft/cmd/orderingpeer/main.go:196 +0x85
  main.main()
      /opt/gopath/src/github.com/hyperledger-labs/mirbft/cmd/orderingpeer/main.go:98 +0x9d6
==================
03:33:09.960 INF Trace data written.
03:33:10.123 INF Profile data written. filename=experiment-output/0001/slave-002/prof.cpu name=cpu
03:33:10.157 INF Connection terminated. error="rpc error: code = Canceled desc = context canceled" address=127.0.0.1:42402
03:33:10.157 INF Connection terminated. error="rpc error: code = Canceled desc = context canceled" address=127.0.0.1:42422
03:33:10.157 INF Connection terminated. error="rpc error: code = Canceled desc = context canceled" address=127.0.0.1:42428
03:33:10.157 INF Connection terminated. error="rpc error: code = Canceled desc = context canceled" address=127.0.0.1:42366
03:33:10.157 INF Connection terminated. error="rpc error: code = Canceled desc = context canceled" address=127.0.0.1:42350
03:33:10.157 INF Connection terminated. error="rpc error: code = Canceled desc = context canceled" address=127.0.0.1:42362
03:33:10.190 INF Profile data written. filename=experiment-output/0001/slave-002/prof.block name=block
03:33:10.220 INF Profile data written. filename=experiment-output/0001/slave-002/prof.mutex name=mutex
