9:29AM INF Received own slave ID. ownSlaveId=2
9:29AM INF OK status=0
9:29AM INF Received command. cmdId=3
9:29AM INF Received an ExecStart command args="[-p experiment-output/0000/slave-__id__/config]" cmd=mkdir outFile=/dev/null
9:29AM INF OK status=0
9:29AM INF Received command. cmdId=4
9:29AM INF Received command. cmdType=ExecWait
9:29AM INF OK status=0
9:29AM INF Received command. cmdId=7
9:29AM INF Received an ExecStart command args="[config/config-0000.yml experiment-output/0000/slave-__id__/config/config.yml]" cmd=cp outFile=/dev/null
9:29AM INF OK status=0
9:29AM INF Received command. cmdId=8
9:29AM INF Received command. cmdType=ExecWait
9:29AM INF OK status=0
9:29AM INF Received command. cmdId=10
9:29AM INF Received command. cmdType=Noop
9:29AM INF Noop. Doing nothing. status=099:29AM INF Received command. cmdId=15
9:29AM INF Received an ExecStart command args="[experiment-output/0000/slave-__id__/config/config.yml 127.0.0.1:9999 experiment-output/0000/slave-__id__/client experiment-output/0000/slave-__id__/prof-client]" cmd=orderingclient outFile=experiment-output/0000/slave-__id__/clients.log
9:29AM INF OK status=0
9:29AM IN9:30AM INF Received command. cmdId=18
9:30AM INF Received command. cmdType=ExecSignal
9:30AM INF OK status=0
9:30AM INF Received command. cmdId=23
9:30AM INF Received command. cmdType=Stop
Noop. Doing nothing. status=0
9:30AM INF Received command. cmdId=23
9:30AM INF Received command. cmdType=Stop
