{"level":"debug","Logging":"debug","time":"2022-08-17T15:36:50+08:00","message":"Config"}
{"level":"debug","UseTLS":false,"time":"2022-08-17T15:36:50+08:00","message":"Config"}
{"level":"debug","CACertFile":"tls-data/ca.pem","time":"2022-08-17T15:36:50+08:00","message":"Config"}
{"level":"debug","KeyFile":"tls-data/auth.key","time":"2022-08-17T15:36:50+08:00","message":"Config"}
{"level":"debug","CertFile":"tls-data/auth.pem","time":"2022-08-17T15:36:50+08:00","message":"Config"}
{"level":"debug","PriorityConnections":2,"time":"2022-08-17T15:36:50+08:00","message":"Config"}
{"level":"debug","BasicConnections":2,"time":"2022-08-17T15:36:50+08:00","message":"Config"}
{"level":"debug","TestConnections":false,"time":"2022-08-17T15:36:50+08:00","message":"Config"}
{"level":"debug","ExcessConnections":1,"time":"2022-08-17T15:36:50+08:00","message":"Config"}
{"level":"debug","ConnectionTestMsgs":4,"time":"2022-08-17T15:36:50+08:00","message":"Config"}
{"level":"debug","ConnectionTestPayload":131072,"time":"2022-08-17T15:36:50+08:00","message":"Config"}
{"level":"debug","OutMessageBufsize":1024,"time":"2022-08-17T15:36:50+08:00","message":"Config"}
{"level":"debug","OutMessageBufsize":2,"time":"2022-08-17T15:36:50+08:00","message":"Config"}
{"level":"debug","ThroughputCap":131072000,"time":"2022-08-17T15:36:50+08:00","message":"Config"}
{"level":"debug","StragglerTolerance":1000,"time":"2022-08-17T15:36:50+08:00","message":"Config"}
{"level":"debug","BatchSizeIncrement":256,"time":"2022-08-17T15:36:50+08:00","message":"Config"}
{"level":"debug","Orderer":"Pbft","time":"2022-08-17T15:36:50+08:00","message":"Config"}
{"level":"debug","Manager":"Mir","time":"2022-08-17T15:36:50+08:00","message":"Config"}
{"level":"debug","Failures":1,"time":"2022-08-17T15:36:50+08:00","message":"Config"}
{"level":"debug","CrashTiming":"Straggler","time":"2022-08-17T15:36:50+08:00","message":"Config"}
{"level":"debug","CheckpointInterval":256,"time":"2022-08-17T15:36:50+08:00","message":"Config"}
{"level":"debug","WatermarkWindowSize":256,"time":"2022-08-17T15:36:50+08:00","message":"Config"}
{"level":"debug","EpochLength":256,"time":"2022-08-17T15:36:50+08:00","message":"Config"}
{"level":"debug","SegmentLength":32,"time":"2022-08-17T15:36:50+08:00","message":"Config"}
{"level":"debug","WaitForCheckpoints":true,"time":"2022-08-17T15:36:50+08:00","message":"Config"}
{"level":"debug","ClientWatermarkWindowSize":4194304,"time":"2022-08-17T15:36:50+08:00","message":"Config"}
{"level":"debug","ClientRequestBacklogSize":4194304,"time":"2022-08-17T15:36:50+08:00","message":"Config"}
{"level":"debug","RandomSeed":20779,"time":"2022-08-17T15:36:50+08:00","message":"Config"}
{"level":"debug","NodeToLeaderRatio":1,"time":"2022-08-17T15:36:50+08:00","message":"Config"}
{"level":"debug","LeaderPolicy":"SimulatedRandomFailures","time":"2022-08-17T15:36:50+08:00","message":"Config"}
{"level":"debug","DefaultLeaderBan":2,"time":"2022-08-17T15:36:50+08:00","message":"Config"}
{"level":"debug","NumBuckets":128,"time":"2022-08-17T15:36:50+08:00","message":"Config"}
{"level":"debug","BatchSize":1000,"time":"2022-08-17T15:36:50+08:00","message":"Config"}
{"level":"debug","DisabledViewChange":false,"time":"2022-08-17T15:36:50+08:00","message":"Config"}
{"level":"debug","ViewChangeTimeout":60000,"time":"2022-08-17T15:36:50+08:00","message":"Config"}
{"level":"debug","ClientTraceSampling":10,"time":"2022-08-17T15:36:50+08:00","message":"Config"}
{"level":"debug","EventBufferSize":2097152,"time":"2022-08-17T15:36:50+08:00","message":"Config"}
{"level":"debug","TraceSampling":1,"time":"2022-08-17T15:36:50+08:00","message":"Config"}
{"level":"debug","ClientsPerProcess":1,"time":"2022-08-17T15:36:50+08:00","message":"Config"}
{"level":"debug","RequestsPerClient":15360,"time":"2022-08-17T15:36:50+08:00","message":"Config"}
{"level":"debug","ClientRunTime":30000,"time":"2022-08-17T15:36:50+08:00","message":"Config"}
{"level":"debug","RequestRate":256,"time":"2022-08-17T15:36:50+08:00","message":"Config"}
{"level":"debug","HardRequestRateLimit":false,"time":"2022-08-17T15:36:50+08:00","message":"Config"}
{"level":"debug","RequestPayloadSize":500,"time":"2022-08-17T15:36:50+08:00","message":"Config"}
{"level":"debug","SignRequests":true,"time":"2022-08-17T15:36:50+08:00","message":"Config"}
{"level":"debug","ClientPrivKeyFile":"tls-data/client-ecdsa-256.key","time":"2022-08-17T15:36:50+08:00","message":"Config"}
{"level":"debug","ClientPubKeyFile":"tls-data/client-ecdsa-256.pem","time":"2022-08-17T15:36:50+08:00","message":"Config"}
{"level":"debug","PrecomputeRequests":false,"time":"2022-08-17T15:36:50+08:00","message":"Config"}
{"level":"debug","RequestHandlerThreads":32,"time":"2022-08-17T15:36:50+08:00","message":"Config"}
{"level":"debug","RequestInputChannelBuffer":8192,"time":"2022-08-17T15:36:50+08:00","message":"Config"}
{"level":"debug","BatchVerifier":"external","time":"2022-08-17T15:36:50+08:00","message":"Config"}
07:36:50.218 INF Registered with discovery server. numPeers=8 ownID=2
07:36:50.219 INF Profiling enabled.
07:36:50.219 INF Setting up profiling.
07:36:50.219 INF Started Profiler: CPU
07:36:50.219 INF Started Profiler: BLOCK
07:36:50.219 INF Started Profiler: MUTEX
07:36:50.219 INF Profiler will stop on signal. exit=true
07:36:50.221 INF Tracing will stop on signal. exit=false
07:36:50.222 INF Started tracing. traceFile=experiment-output/0000/slave-007/peer.trc
07:36:50.223 DBG Starting backlog.
07:36:50.223 INF Listening for connections. port=10022 useTLS=false
07:36:50.223 INF Connecting to peer. addr=127.0.0.1:10022 basicConns=2 priorityConns=2
07:36:50.223 INF Connecting to peer. addr=127.0.0.1:10044 basicConns=2 priorityConns=2
07:36:50.224 INF Connecting to peer. addr=127.0.0.1:10033 basicConns=2 priorityConns=2
07:36:50.224 INF Connecting to peer. addr=127.0.0.1:10055 basicConns=2 priorityConns=2
07:36:50.225 INF Connecting to peer. addr=127.0.0.1:10066 basicConns=2 priorityConns=2
07:36:50.224 INF Connecting to peer. addr=127.0.0.1:10011 basicConns=2 priorityConns=2
07:36:50.226 INF Connecting to peer. addr=127.0.0.1:10077 basicConns=2 priorityConns=2
07:36:50.228 INF Connecting to peer. addr=127.0.0.1:10000 basicConns=2 priorityConns=2
07:36:50.254 INF Incoming connection for protocol messages. addr=127.0.0.1:36836
07:36:50.257 INF Incoming connection for protocol messages. addr=127.0.0.1:36904
07:36:50.258 INF Incoming connection for protocol messages. addr=127.0.0.1:36894
07:36:50.274 INF Incoming connection for protocol messages. addr=127.0.0.1:36868
07:36:50.274 INF Incoming connection for protocol messages. addr=127.0.0.1:36838
07:36:50.277 INF Incoming connection for protocol messages. addr=127.0.0.1:36878
07:36:50.279 INF Incoming connection for protocol messages. addr=127.0.0.1:36866
07:36:50.280 INF Incoming connection for protocol messages. addr=127.0.0.1:36760
07:36:50.283 INF Incoming connection for protocol messages. addr=127.0.0.1:36792
07:36:50.284 INF Incoming connection for protocol messages. addr=127.0.0.1:36766
07:36:50.288 INF Incoming connection for protocol messages. addr=127.0.0.1:36902
07:36:50.289 INF Incoming connection for protocol messages. addr=127.0.0.1:36964
07:36:50.301 INF Incoming connection for protocol messages. addr=127.0.0.1:36986
07:36:50.302 INF Incoming connection for protocol messages. addr=127.0.0.1:37004
07:36:50.302 INF Incoming connection for protocol messages. addr=127.0.0.1:37106
07:36:50.302 INF Incoming connection for protocol messages. addr=127.0.0.1:36998
07:36:50.303 INF Incoming connection for protocol messages. addr=127.0.0.1:37008
07:36:50.303 INF Incoming connection for protocol messages. addr=127.0.0.1:37072
07:36:50.304 INF Incoming connection for protocol messages. addr=127.0.0.1:37128
07:36:50.304 DBG Connected. peerID=1
07:36:50.304 INF Incoming connection for protocol messages. addr=127.0.0.1:37066
07:36:50.307 INF Incoming connection for protocol messages. addr=127.0.0.1:37088
07:36:50.307 INF Incoming connection for protocol messages. addr=127.0.0.1:37146
07:36:50.309 INF Incoming connection for protocol messages. addr=127.0.0.1:37224
07:36:50.310 DBG Connected. peerID=2
07:36:50.310 INF Incoming connection for protocol messages. addr=127.0.0.1:37122
07:36:50.310 DBG Connected. peerID=3
07:36:50.310 INF Incoming connection for protocol messages. addr=127.0.0.1:37142
07:36:50.310 DBG Connected. peerID=5
07:36:50.310 INF Incoming connection for protocol messages. addr=127.0.0.1:37216
07:36:50.310 INF Incoming connection for protocol messages. addr=127.0.0.1:37158
07:36:50.316 INF Incoming connection for protocol messages. addr=127.0.0.1:37000
07:36:50.318 DBG Connected. peerID=4
07:36:50.328 INF Incoming connection for protocol messages. addr=127.0.0.1:37078
07:36:50.328 INF Incoming connection for protocol messages. addr=127.0.0.1:37200
07:36:50.329 INF Incoming connection for protocol messages. addr=127.0.0.1:37006
07:36:50.329 INF Incoming connection for protocol messages. addr=127.0.0.1:37168
07:36:50.330 DBG Connected. peerID=0
07:36:50.330 DBG Connected. peerID=7
07:36:50.331 DBG Connected. peerID=6
07:36:50.331 INF Connected to all peers.
07:36:51.238 INF All peers finished connecting. Starting ISS.
07:36:51.238 DBG Buckets for 0-th leader 0: [0 8 16 24 32 40 48 56 64 72 80 88 96 104 112 120 7 63 119]
07:36:51.238 DBG Buckets for 1-th leader 1: [1 9 17 25 33 41 49 57 65 73 81 89 97 105 113 121 15 71 127]
07:36:51.239 DBG Buckets for 2-th leader 2: [2 10 18 26 34 42 50 58 66 74 82 90 98 106 114 122 23 79]
07:36:51.239 DBG Buckets for 3-th leader 3: [3 11 19 27 35 43 51 59 67 75 83 91 99 107 115 123 31 87]
07:36:51.239 DBG Buckets for 4-th leader 4: [4 12 20 28 36 44 52 60 68 76 84 92 100 108 116 124 39 95]
07:36:51.239 DBG Buckets for 5-th leader 5: [5 13 21 29 37 45 53 61 69 77 85 93 101 109 117 125 47 103]
07:36:51.239 DBG Buckets for 6-th leader 6: [6 14 22 30 38 46 54 62 70 78 86 94 102 110 118 126 55 111]
07:36:51.239 INF PbftOrderer received a new segment: [1 8 15 22 29 36 43 50 57 64 71 78 85 92 99 106 113 120 127 134 141 148 155 162 169 176 183 190 197 204 211 218] first leader=1 firstSN=1 lastSN=218 len=32 length=32 segId=1
07:36:51.240 INF Starting new view. segID=1 timeout=60000 view=0
07:36:51.240 DBG Starting timer. sn=1 view=0
07:36:51.240 INF Starting PBFT instance. first=1 last=218 segID=1
07:36:51.240 DBG Subscribing to backlog. segID=1
07:36:51.240 INF Starting serialized message processing. segID=1
07:36:51.240 INF PbftOrderer received a new segment: [2 9 16 23 30 37 44 51 58 65 72 79 86 93 100 107 114 121 128 135 142 149 156 163 170 177 184 191 198 205 212 219] first leader=2 firstSN=2 lastSN=219 len=32 length=32 segId=2
07:36:51.241 INF Starting new view. segID=2 timeout=60000 view=0
07:36:51.241 DBG Starting timer. sn=2 view=0
07:36:51.241 INF Starting PBFT instance. first=2 last=219 segID=2
07:36:51.241 DBG Subscribing to backlog. segID=2
07:36:51.241 DBG Leading segment. segID=2
07:36:51.241 INF Starting serialized message processing. segID=2
07:36:51.242 DBG Waiting for batch. batchSize=4096
07:36:51.242 INF PbftOrderer received a new segment: [3 10 17 24 31 38 45 52 59 66 73 80 87 94 101 108 115 122 129 136 143 150 157 164 171 178 185 192 199 206 213 220] first leader=3 firstSN=3 lastSN=220 len=32 length=32 segId=3
07:36:51.242 INF Starting new view. segID=3 timeout=60000 view=0
07:36:51.242 DBG Starting timer. sn=3 view=0
07:36:51.242 INF Starting PBFT instance. first=3 last=220 segID=3
07:36:51.242 DBG Subscribing to backlog. segID=3
07:36:51.242 INF Starting serialized message processing. segID=3
07:36:51.242 INF PbftOrderer received a new segment: [4 11 18 25 32 39 46 53 60 67 74 81 88 95 102 109 116 123 130 137 144 151 158 165 172 179 186 193 200 207 214 221] first leader=4 firstSN=4 lastSN=221 len=32 length=32 segId=4
07:36:51.243 INF Starting new view. segID=4 timeout=60000 view=0
07:36:51.243 DBG Starting timer. sn=4 view=0
07:36:51.243 INF Starting PBFT instance. first=4 last=221 segID=4
07:36:51.243 DBG Subscribing to backlog. segID=4
07:36:51.243 INF Starting serialized message processing. segID=4
07:36:51.243 INF PbftOrderer received a new segment: [5 12 19 26 33 40 47 54 61 68 75 82 89 96 103 110 117 124 131 138 145 152 159 166 173 180 187 194 201 208 215 222] first leader=5 firstSN=5 lastSN=222 len=32 length=32 segId=5
07:36:51.244 INF Starting new view. segID=5 timeout=60000 view=0
07:36:51.244 DBG Starting timer. sn=5 view=0
07:36:51.244 INF Starting PBFT instance. first=5 last=222 segID=5
07:36:51.244 DBG Subscribing to backlog. segID=5
07:36:51.244 INF Starting serialized message processing. segID=5
07:36:51.244 INF PbftOrderer received a new segment: [6 13 20 27 34 41 48 55 62 69 76 83 90 97 104 111 118 125 132 139 146 153 160 167 174 181 188 195 202 209 216 223] first leader=6 firstSN=6 lastSN=223 len=32 length=32 segId=6
07:36:51.245 INF Starting new view. segID=6 timeout=60000 view=0
07:36:51.245 DBG Starting timer. sn=6 view=0
07:36:51.245 INF Starting PBFT instance. first=6 last=223 segID=6
07:36:51.245 DBG Subscribing to backlog. segID=6
07:36:51.245 INF Starting serialized message processing. segID=6
07:36:51.245 INF PbftOrderer received a new segment: [0 7 14 21 28 35 42 49 56 63 70 77 84 91 98 105 112 119 126 133 140 147 154 161 168 175 182 189 196 203 210 217] first leader=0 firstSN=0 lastSN=217 len=32 length=32 segId=0
07:36:51.246 INF Starting new view. segID=0 timeout=60000 view=0
07:36:51.246 DBG Starting timer. sn=0 view=0
07:36:51.246 INF Starting PBFT instance. first=0 last=217 segID=0
07:36:51.246 DBG Subscribing to backlog. segID=0
07:36:51.246 INF Starting serialized message processing. segID=0
07:36:51.266 INF Connection terminated. error="rpc error: code = Canceled desc = context canceled" address=127.0.0.1:37158
07:36:51.267 INF Connection terminated. error="rpc error: code = Canceled desc = context canceled" address=127.0.0.1:37146
07:36:51.267 INF Connection terminated. error="rpc error: code = Canceled desc = context canceled" address=127.0.0.1:37128
07:36:51.267 INF Connection terminated. error="rpc error: code = Canceled desc = context canceled" address=127.0.0.1:37142
07:36:53.275 INF Incoming connection for requests. addr=127.0.0.1:37288
07:37:21.242 DBG Batch ready. batchSize=4096
07:37:21.244 DBG Batch cut. left=0 nBuckets=18 nReq=1006 next=0
07:37:21.244 DBG Waiting for batch. batchSize=4096
07:37:21.294 INF Sending PREPREPARE. nReq=1006 senderID=2 sn=2 view=0
07:37:21.376 ERR Failed to send protocol message. Dropping all future outgoing protocol messages. error=EOF
07:37:21.428 INF Handling PREPREPARE. nReq=1061 senderID=1 sn=1
07:37:21.428 DBG Creating new Batch. nReq=1061
07:37:21.449 INF Handling PREPREPARE. nReq=1006 senderID=4 sn=4
07:37:21.452 DBG Creating new Batch. nReq=1006
07:37:21.478 INF Handling PREPREPARE. nReq=1006 senderID=3 sn=3
07:37:21.478 DBG Creating new Batch. nReq=1006
07:37:21.484 INF Handling PREPREPARE. nReq=1062 senderID=0 sn=0
07:37:21.484 DBG Creating new Batch. nReq=1062
07:37:21.514 INF Handling PREPREPARE. nReq=1006 senderID=5 sn=5
07:37:21.514 DBG Creating new Batch. nReq=1006
07:37:21.551 INF Handling PREPREPARE. nReq=1006 senderID=6 sn=6
07:37:21.552 DBG Creating new Batch. nReq=1006
07:37:21.997 DBG Sending PREPARE. senderID=2 sn=1 view=0
07:37:22.049 DBG Sending COMMIT. senderID=2 sn=1 view=0
07:37:22.049 DBG Sending COMMIT. senderID=2 sn=2 view=0
07:37:22.058 INF Committed entry. latency=0 nReq=1061 sn=1
07:37:22.058 DBG Starting timer. sn=8 view=0
07:37:22.059 INF Committed entry. latency=0 nReq=1006 sn=2
07:37:22.059 DBG Starting timer. sn=9 view=0
07:37:22.072 DBG Sending PREPARE. senderID=2 sn=3 view=0
07:37:22.081 DBG Sending PREPARE. senderID=2 sn=5 view=0
07:37:22.083 DBG Sending PREPARE. senderID=2 sn=4 view=0
07:37:22.083 DBG Sending COMMIT. senderID=2 sn=4 view=0
07:37:22.085 INF Committed entry. latency=0 nReq=1006 sn=4
07:37:22.085 DBG Sending COMMIT. senderID=2 sn=3 view=0
07:37:22.085 DBG Starting timer. sn=11 view=0
07:37:22.094 INF Committed entry. latency=0 nReq=1006 sn=3
07:37:22.094 DBG Starting timer. sn=10 view=0
07:37:22.095 DBG Sending PREPARE. senderID=2 sn=6 view=0
07:37:22.095 DBG Sending COMMIT. senderID=2 sn=6 view=0
07:37:22.096 DBG Sending PREPARE. senderID=2 sn=0 view=0
07:37:22.096 DBG Sending COMMIT. senderID=2 sn=5 view=0
07:37:22.097 INF Committed entry. latency=0 nReq=1006 sn=6
07:37:22.097 DBG Starting timer. sn=13 view=0
07:37:22.097 DBG Sending COMMIT. senderID=2 sn=0 view=0
07:37:22.101 INF Committed entry. latency=0 nReq=1006 sn=5
07:37:22.101 DBG Starting timer. sn=12 view=0
07:37:22.109 INF Committed entry. latency=0 nReq=1062 sn=0
07:37:22.109 INF Delivered batch. nReq=1062 sn=0
07:37:22.109 INF Delivered batch. nReq=1061 sn=1
07:37:22.109 INF Delivered batch. nReq=1006 sn=2
07:37:22.110 INF Delivered batch. nReq=1006 sn=3
07:37:22.110 INF Delivered batch. nReq=1006 sn=4
07:37:22.110 INF Delivered batch. nReq=1006 sn=5
07:37:22.110 INF Delivered batch. nReq=1006 sn=6
07:37:22.110 DBG Starting timer. sn=7 view=0
07:37:51.245 DBG Batch ready. batchSize=4096
07:37:51.245 DBG Batch cut. left=0 nBuckets=18 nReq=74 next=0
07:37:51.246 DBG Waiting for batch. batchSize=4096
07:37:51.248 INF Sending PREPREPARE. nReq=74 senderID=2 sn=9 view=0
07:37:51.263 INF Handling PREPREPARE. nReq=74 senderID=3 sn=10
07:37:51.264 DBG Creating new Batch. nReq=74
07:37:51.264 INF Handling PREPREPARE. nReq=79 senderID=0 sn=7
07:37:51.264 DBG Creating new Batch. nReq=79
07:37:51.264 INF Handling PREPREPARE. nReq=74 senderID=6 sn=13
07:37:51.264 DBG Creating new Batch. nReq=74
07:37:51.269 INF Handling PREPREPARE. nReq=74 senderID=4 sn=11
07:37:51.270 DBG Creating new Batch. nReq=74
07:37:51.270 INF Handling PREPREPARE. nReq=74 senderID=5 sn=12
07:37:51.270 DBG Creating new Batch. nReq=74
07:37:51.290 DBG Sending PREPARE. senderID=2 sn=13 view=0
07:37:51.293 DBG Sending PREPARE. senderID=2 sn=11 view=0
07:37:51.295 DBG Sending PREPARE. senderID=2 sn=7 view=0
07:37:51.296 DBG Sending PREPARE. senderID=2 sn=10 view=0
07:37:51.296 DBG Sending PREPARE. senderID=2 sn=12 view=0
07:37:51.303 DBG Sending COMMIT. senderID=2 sn=10 view=0
07:37:51.305 DBG Sending COMMIT. senderID=2 sn=11 view=0
07:37:51.307 DBG Sending COMMIT. senderID=2 sn=13 view=0
07:37:51.307 DBG Sending COMMIT. senderID=2 sn=9 view=0
07:37:51.307 DBG Sending COMMIT. senderID=2 sn=12 view=0
07:37:51.307 INF Committed entry. latency=0 nReq=74 sn=10
07:37:51.308 DBG Starting timer. sn=17 view=0
07:37:51.309 INF Committed entry. latency=0 nReq=74 sn=13
07:37:51.309 DBG Sending COMMIT. senderID=2 sn=7 view=0
07:37:51.309 DBG Starting timer. sn=20 view=0
07:37:51.311 INF Committed entry. latency=0 nReq=74 sn=12
07:37:51.311 INF Committed entry. latency=0 nReq=74 sn=9
07:37:51.311 DBG Starting timer. sn=19 view=0
07:37:51.311 DBG Starting timer. sn=16 view=0
07:37:51.313 INF Committed entry. latency=0 nReq=74 sn=11
07:37:51.313 DBG Starting timer. sn=18 view=0
07:37:51.316 INF Committed entry. latency=0 nReq=79 sn=7
07:37:51.316 INF Delivered batch. nReq=79 sn=7
07:37:51.316 DBG Starting timer. sn=14 view=0
07:37:51.320 INF Handling PREPREPARE. nReq=80 senderID=1 sn=8
07:37:51.320 DBG Creating new Batch. nReq=80
07:37:51.332 DBG Sending PREPARE. senderID=2 sn=8 view=0
07:37:51.336 DBG Sending COMMIT. senderID=2 sn=8 view=0
07:37:51.340 INF Committed entry. latency=0 nReq=80 sn=8
07:37:51.340 INF Delivered batch. nReq=80 sn=8
07:37:51.340 INF Delivered batch. nReq=74 sn=9
07:37:51.340 INF Delivered batch. nReq=74 sn=10
07:37:51.341 INF Delivered batch. nReq=74 sn=11
07:37:51.341 INF Delivered batch. nReq=74 sn=12
07:37:51.341 INF Delivered batch. nReq=74 sn=13
07:37:51.341 DBG Starting timer. sn=15 view=0
07:37:52.314 INF Connection terminated. error="rpc error: code = Canceled desc = context canceled" address=127.0.0.1:37288
07:37:52.315 INF Finished sending bucket assignments to client. clId=0
07:37:52.736 INF Stopping profiler.
07:37:52.736 INF Stopping Tracer. events=148 fileName=experiment-output/0000/slave-007/peer.trc
==================
WARNING: DATA RACE
Read at 0x00c0009ba050 by goroutine 115:
  runtime.racereadrange()
      <autogenerated>:1 +0x1b
  github.com/hyperledger-labs/mirbft/tracing.(*BufferedTrace).StopOnSignal.func1()
      /opt/gopath/src/github.com/hyperledger-labs/mirbft/tracing/bufferedtrace.go:298 +0x4e

Previous write at 0x00c0009ba050 by goroutine 248:
  github.com/hyperledger-labs/mirbft/tracing.(*BufferedTrace).Event()
      /opt/gopath/src/github.com/hyperledger-labs/mirbft/tracing/bufferedtrace.go:105 +0x2d9
  github.com/hyperledger-labs/mirbft/manager.(*MirManager).handleLogEntries()
      /opt/gopath/src/github.com/hyperledger-labs/mirbft/manager/mirmanager.go:139 +0x1d8
  github.com/hyperledger-labs/mirbft/manager.(*MirManager).Start路dwrap路7()
      /opt/gopath/src/github.com/hyperledger-labs/mirbft/manager/mirmanager.go:101 +0x47

Goroutine 115 (running) created at:
  github.com/hyperledger-labs/mirbft/tracing.(*BufferedTrace).StopOnSignal()
      /opt/gopath/src/github.com/hyperledger-labs/mirbft/tracing/bufferedtrace.go:292 +0x172
  main.setUpTracing()
      /opt/gopath/src/github.com/hyperledger-labs/mirbft/cmd/orderingpeer/main.go:204 +0xf5
  main.main()
      /opt/gopath/src/github.com/hyperledger-labs/mirbft/cmd/orderingpeer/main.go:98 +0x9d6

Goroutine 248 (running) created at:
  github.com/hyperledger-labs/mirbft/manager.(*MirManager).Start()
      /opt/gopath/src/github.com/hyperledger-labs/mirbft/manager/mirmanager.go:101 +0x19e
  main.main路dwrap路4()
      /opt/gopath/src/github.com/hyperledger-labs/mirbft/cmd/orderingpeer/main.go:168 +0x59
==================
==================
WARNING: DATA RACE
Read at 0x00c0009bb6f8 by goroutine 115:
  runtime.racereadrange()
      <autogenerated>:1 +0x1b
  github.com/hyperledger-labs/mirbft/tracing.(*BufferedTrace).StopOnSignal.func1()
      /opt/gopath/src/github.com/hyperledger-labs/mirbft/tracing/bufferedtrace.go:298 +0x4e

Previous write at 0x00c0009bb6f8 by goroutine 114:
  github.com/hyperledger-labs/mirbft/tracing.(*BufferedTrace).Event()
      /opt/gopath/src/github.com/hyperledger-labs/mirbft/tracing/bufferedtrace.go:105 +0x2d9
  github.com/hyperledger-labs/mirbft/profiling.StartCPUTracing.func1()
      /opt/gopath/src/github.com/hyperledger-labs/mirbft/profiling/cpuusage.go:31 +0x95

Goroutine 115 (running) created at:
  github.com/hyperledger-labs/mirbft/tracing.(*BufferedTrace).StopOnSignal()
      /opt/gopath/src/github.com/hyperledger-labs/mirbft/tracing/bufferedtrace.go:292 +0x172
  main.setUpTracing()
      /opt/gopath/src/github.com/hyperledger-labs/mirbft/cmd/orderingpeer/main.go:204 +0xf5
  main.main()
      /opt/gopath/src/github.com/hyperledger-labs/mirbft/cmd/orderingpeer/main.go:98 +0x9d6

Goroutine 114 (running) created at:
  github.com/hyperledger-labs/mirbft/profiling.StartCPUTracing()
      /opt/gopath/src/github.com/hyperledger-labs/mirbft/profiling/cpuusage.go:28 +0xb6
  main.setUpTracing()
      /opt/gopath/src/github.com/hyperledger-labs/mirbft/cmd/orderingpeer/main.go:196 +0x85
  main.main()
      /opt/gopath/src/github.com/hyperledger-labs/mirbft/cmd/orderingpeer/main.go:98 +0x9d6
==================
07:37:52.739 INF Trace data written.
07:37:52.850 INF Profile data written. filename=experiment-output/0000/slave-007/prof.cpu name=cpu
07:37:52.916 INF Profile data written. filename=experiment-output/0000/slave-007/prof.block name=block
07:37:52.927 INF Connection terminated. error="rpc error: code = Canceled desc = context canceled" address=127.0.0.1:37008
07:37:52.927 INF Connection terminated. error="rpc error: code = Canceled desc = context canceled" address=127.0.0.1:36902
07:37:52.928 INF Connection terminated. error="rpc error: code = Canceled desc = context canceled" address=127.0.0.1:36878
07:37:52.929 INF Connection terminated. error="rpc error: code = Canceled desc = context canceled" address=127.0.0.1:36838
07:37:52.934 INF Connection terminated. error="rpc error: code = Canceled desc = context canceled" address=127.0.0.1:37122
07:37:52.934 INF Connection terminated. error="rpc error: code = Canceled desc = context canceled" address=127.0.0.1:37088
07:37:52.935 INF Connection terminated. error="rpc error: code = Canceled desc = context canceled" address=127.0.0.1:37216
07:37:52.935 INF Connection terminated. error="rpc error: code = Canceled desc = context canceled" address=127.0.0.1:37004
07:37:52.955 INF Profile data written. filename=experiment-output/0000/slave-007/prof.mutex name=mutex
