{"level":"debug","Logging":"debug","time":"2022-10-13T21:38:24+08:00","message":"Config"}
{"level":"debug","UseTLS":false,"time":"2022-10-13T21:38:24+08:00","message":"Config"}
{"level":"debug","CACertFile":"tls-data/ca.pem","time":"2022-10-13T21:38:24+08:00","message":"Config"}
{"level":"debug","KeyFile":"tls-data/auth.key","time":"2022-10-13T21:38:24+08:00","message":"Config"}
{"level":"debug","CertFile":"tls-data/auth.pem","time":"2022-10-13T21:38:24+08:00","message":"Config"}
{"level":"debug","PriorityConnections":2,"time":"2022-10-13T21:38:24+08:00","message":"Config"}
{"level":"debug","BasicConnections":2,"time":"2022-10-13T21:38:24+08:00","message":"Config"}
{"level":"debug","TestConnections":false,"time":"2022-10-13T21:38:24+08:00","message":"Config"}
{"level":"debug","ExcessConnections":1,"time":"2022-10-13T21:38:24+08:00","message":"Config"}
{"level":"debug","ConnectionTestMsgs":4,"time":"2022-10-13T21:38:24+08:00","message":"Config"}
{"level":"debug","ConnectionTestPayload":131072,"time":"2022-10-13T21:38:24+08:00","message":"Config"}
{"level":"debug","OutMessageBufsize":1024,"time":"2022-10-13T21:38:24+08:00","message":"Config"}
{"level":"debug","OutMessageBufsize":2,"time":"2022-10-13T21:38:24+08:00","message":"Config"}
{"level":"debug","ThroughputCap":131072000,"time":"2022-10-13T21:38:24+08:00","message":"Config"}
{"level":"debug","StragglerTolerance":1000,"time":"2022-10-13T21:38:24+08:00","message":"Config"}
{"level":"debug","BatchSizeIncrement":256,"time":"2022-10-13T21:38:24+08:00","message":"Config"}
{"level":"debug","Orderer":"Pbft","time":"2022-10-13T21:38:24+08:00","message":"Config"}
{"level":"debug","Manager":"Mir","time":"2022-10-13T21:38:24+08:00","message":"Config"}
{"level":"debug","Failures":2,"time":"2022-10-13T21:38:24+08:00","message":"Config"}
{"level":"debug","CrashTiming":"Straggler","time":"2022-10-13T21:38:24+08:00","message":"Config"}
{"level":"debug","CheckpointInterval":256,"time":"2022-10-13T21:38:24+08:00","message":"Config"}
{"level":"debug","WatermarkWindowSize":256,"time":"2022-10-13T21:38:24+08:00","message":"Config"}
{"level":"debug","EpochLength":256,"time":"2022-10-13T21:38:24+08:00","message":"Config"}
{"level":"debug","SegmentLength":32,"time":"2022-10-13T21:38:24+08:00","message":"Config"}
{"level":"debug","WaitForCheckpoints":true,"time":"2022-10-13T21:38:24+08:00","message":"Config"}
{"level":"debug","ClientWatermarkWindowSize":4194304,"time":"2022-10-13T21:38:24+08:00","message":"Config"}
{"level":"debug","ClientRequestBacklogSize":4194304,"time":"2022-10-13T21:38:24+08:00","message":"Config"}
{"level":"debug","RandomSeed":5378,"time":"2022-10-13T21:38:24+08:00","message":"Config"}
{"level":"debug","NodeToLeaderRatio":1,"time":"2022-10-13T21:38:24+08:00","message":"Config"}
{"level":"debug","LeaderPolicy":"SimulatedRandomFailures","time":"2022-10-13T21:38:24+08:00","message":"Config"}
{"level":"debug","DefaultLeaderBan":2,"time":"2022-10-13T21:38:24+08:00","message":"Config"}
{"level":"debug","NumBuckets":128,"time":"2022-10-13T21:38:24+08:00","message":"Config"}
{"level":"debug","BatchSize":1000,"time":"2022-10-13T21:38:24+08:00","message":"Config"}
{"level":"debug","DisabledViewChange":false,"time":"2022-10-13T21:38:24+08:00","message":"Config"}
{"level":"debug","ViewChangeTimeout":60000,"time":"2022-10-13T21:38:24+08:00","message":"Config"}
{"level":"debug","ClientTraceSampling":10,"time":"2022-10-13T21:38:24+08:00","message":"Config"}
{"level":"debug","EventBufferSize":2097152,"time":"2022-10-13T21:38:24+08:00","message":"Config"}
{"level":"debug","TraceSampling":1,"time":"2022-10-13T21:38:24+08:00","message":"Config"}
{"level":"debug","ClientsPerProcess":1,"time":"2022-10-13T21:38:24+08:00","message":"Config"}
{"level":"debug","RequestsPerClient":15360,"time":"2022-10-13T21:38:24+08:00","message":"Config"}
{"level":"debug","ClientRunTime":30000,"time":"2022-10-13T21:38:24+08:00","message":"Config"}
{"level":"debug","RequestRate":256,"time":"2022-10-13T21:38:24+08:00","message":"Config"}
{"level":"debug","HardRequestRateLimit":false,"time":"2022-10-13T21:38:24+08:00","message":"Config"}
{"level":"debug","RequestPayloadSize":500,"time":"2022-10-13T21:38:24+08:00","message":"Config"}
{"level":"debug","SignRequests":true,"time":"2022-10-13T21:38:24+08:00","message":"Config"}
{"level":"debug","ClientPrivKeyFile":"tls-data/client-ecdsa-256.key","time":"2022-10-13T21:38:24+08:00","message":"Config"}
{"level":"debug","ClientPubKeyFile":"tls-data/client-ecdsa-256.pem","time":"2022-10-13T21:38:24+08:00","message":"Config"}
{"level":"debug","PrecomputeRequests":false,"time":"2022-10-13T21:38:24+08:00","message":"Config"}
{"level":"debug","RequestHandlerThreads":32,"time":"2022-10-13T21:38:24+08:00","message":"Config"}
{"level":"debug","RequestInputChannelBuffer":8192,"time":"2022-10-13T21:38:24+08:00","message":"Config"}
{"level":"debug","BatchVerifier":"external","time":"2022-10-13T21:38:24+08:00","message":"Config"}
13:38:24.327 INF Registered with discovery server. numPeers=8 ownID=2
13:38:24.328 INF Profiling enabled.
13:38:24.328 INF Setting up profiling.
13:38:24.328 INF Started Profiler: CPU
13:38:24.328 INF Started Profiler: BLOCK
13:38:24.328 INF Started Profiler: MUTEX
13:38:24.328 INF Profiler will stop on signal. exit=true
13:38:24.331 INF Tracing will stop on signal. exit=false
13:38:24.334 INF Started tracing. traceFile=experiment-output/0000/slave-004/peer.trc
13:38:24.335 INF Connecting to peer. addr=127.0.0.1:10077 basicConns=2 priorityConns=2
13:38:24.336 DBG Starting backlog.
13:38:24.337 INF Connecting to peer. addr=127.0.0.1:10022 basicConns=2 priorityConns=2
13:38:24.338 INF Connecting to peer. addr=127.0.0.1:10033 basicConns=2 priorityConns=2
13:38:24.340 INF Connecting to peer. addr=127.0.0.1:10044 basicConns=2 priorityConns=2
13:38:24.340 INF Connecting to peer. addr=127.0.0.1:10055 basicConns=2 priorityConns=2
13:38:24.342 INF Connecting to peer. addr=127.0.0.1:10011 basicConns=2 priorityConns=2
13:38:24.342 INF Connecting to peer. addr=127.0.0.1:10066 basicConns=2 priorityConns=2
13:38:24.342 INF Connecting to peer. addr=127.0.0.1:10000 basicConns=2 priorityConns=2
13:38:24.343 INF Listening for connections. port=10022 useTLS=false
13:38:24.406 INF Incoming connection for protocol messages. addr=127.0.0.1:45352
13:38:24.406 INF Incoming connection for protocol messages. addr=127.0.0.1:45360
13:38:24.410 INF Incoming connection for protocol messages. addr=127.0.0.1:45376
13:38:24.417 INF Incoming connection for protocol messages. addr=127.0.0.1:45488
13:38:24.421 INF Incoming connection for protocol messages. addr=127.0.0.1:45366
13:38:24.421 INF Incoming connection for protocol messages. addr=127.0.0.1:45414
13:38:24.422 INF Incoming connection for protocol messages. addr=127.0.0.1:45338
13:38:24.422 INF Incoming connection for protocol messages. addr=127.0.0.1:45362
13:38:24.423 INF Incoming connection for protocol messages. addr=127.0.0.1:45494
13:38:24.427 DBG Connected. peerID=1
13:38:24.427 INF Incoming connection for protocol messages. addr=127.0.0.1:45568
13:38:24.427 INF Incoming connection for protocol messages. addr=127.0.0.1:45484
13:38:24.427 DBG Connected. peerID=7
13:38:24.428 DBG Connected. peerID=4
13:38:24.428 INF Incoming connection for protocol messages. addr=127.0.0.1:45514
13:38:24.428 INF Incoming connection for protocol messages. addr=127.0.0.1:45388
13:38:24.428 INF Incoming connection for protocol messages. addr=127.0.0.1:45578
13:38:24.428 DBG Connected. peerID=3
13:38:24.428 INF Incoming connection for protocol messages. addr=127.0.0.1:45536
13:38:24.430 DBG Connected. peerID=5
13:38:24.436 DBG Connected. peerID=0
13:38:24.439 DBG Connected. peerID=6
13:38:25.360 INF Incoming connection for protocol messages. addr=127.0.0.1:45604
13:38:25.369 INF Incoming connection for protocol messages. addr=127.0.0.1:45608
13:38:25.369 INF Incoming connection for protocol messages. addr=127.0.0.1:45606
13:38:25.372 INF Incoming connection for protocol messages. addr=127.0.0.1:45610
13:38:25.372 INF Incoming connection for protocol messages. addr=127.0.0.1:45612
13:38:25.372 INF Incoming connection for protocol messages. addr=127.0.0.1:45614
13:38:25.373 INF Incoming connection for protocol messages. addr=127.0.0.1:45616
13:38:25.376 INF Incoming connection for protocol messages. addr=127.0.0.1:45618
13:38:25.376 INF Incoming connection for protocol messages. addr=127.0.0.1:45620
13:38:25.377 INF Incoming connection for protocol messages. addr=127.0.0.1:45622
13:38:25.378 INF Incoming connection for protocol messages. addr=127.0.0.1:45624
13:38:25.383 INF Incoming connection for protocol messages. addr=127.0.0.1:45630
13:38:25.385 INF Incoming connection for protocol messages. addr=127.0.0.1:45632
13:38:25.385 INF Incoming connection for protocol messages. addr=127.0.0.1:45634
13:38:25.386 INF Incoming connection for protocol messages. addr=127.0.0.1:45636
13:38:25.386 DBG Connected. peerID=2
13:38:25.386 INF Connected to all peers.
13:38:25.390 INF Incoming connection for protocol messages. addr=127.0.0.1:45642
13:38:25.408 INF Incoming connection for protocol messages. addr=127.0.0.1:45646
13:38:25.411 INF All peers finished connecting. Starting ISS.
13:38:25.412 DBG Buckets for 0-th leader 0: [0 8 16 24 32 40 48 56 64 72 80 88 96 104 112 120]
13:38:25.412 DBG Buckets for 1-th leader 2: [2 10 18 26 34 42 50 58 66 74 82 90 98 106 114 122 1 25 49 73 97 121 13 37 61 85 109]
13:38:25.412 DBG Buckets for 2-th leader 3: [3 11 19 27 35 43 51 59 67 75 83 91 99 107 115 123]
13:38:25.413 DBG Buckets for 3-th leader 4: [4 12 20 28 36 44 52 60 68 76 84 92 100 108 116 124 9 33 57 81 105 21 45 69 93 117]
13:38:25.413 DBG Buckets for 4-th leader 6: [6 14 22 30 38 46 54 62 70 78 86 94 102 110 118 126]
13:38:25.413 DBG Buckets for 5-th leader 7: [7 15 23 31 39 47 55 63 71 79 87 95 103 111 119 127 17 41 65 89 113 5 29 53 77 101 125]
13:38:25.413 INF PbftOrderer received a new segment: [0 6 12 18 24 30 36 42 48 54 60 66 72 78 84 90 96 102 108 114 120 126 132 138 144 150 156 162 168 174 180 186] first leader=0 firstSN=0 lastSN=186 len=32 length=32 segId=0
13:38:25.413 INF Starting new view. segID=0 timeout=60000 view=0
13:38:25.414 DBG Starting timer. sn=0 view=0
13:38:25.414 INF Starting PBFT instance. first=0 last=186 segID=0
13:38:25.414 DBG Subscribing to backlog. segID=0
13:38:25.414 INF Starting serialized message processing. segID=0
13:38:25.414 INF PbftOrderer received a new segment: [1 7 13 19 25 31 37 43 49 55 61 67 73 79 85 91 97 103 109 115 121 127 133 139 145 151 157 163 169 175 181 187] first leader=2 firstSN=1 lastSN=187 len=32 length=32 segId=1
13:38:25.414 INF Starting new view. segID=1 timeout=60000 view=0
13:38:25.415 DBG Starting timer. sn=1 view=0
13:38:25.415 INF Starting PBFT instance. first=1 last=187 segID=1
13:38:25.415 DBG Subscribing to backlog. segID=1
13:38:25.415 DBG Leading segment. segID=1
13:38:25.415 INF Starting serialized message processing. segID=1
13:38:25.415 DBG Waiting for batch. batchSize=4096
13:38:25.415 INF PbftOrderer received a new segment: [2 8 14 20 26 32 38 44 50 56 62 68 74 80 86 92 98 104 110 116 122 128 134 140 146 152 158 164 170 176 182 188] first leader=3 firstSN=2 lastSN=188 len=32 length=32 segId=2
13:38:25.416 INF Starting new view. segID=2 timeout=60000 view=0
13:38:25.416 DBG Starting timer. sn=2 view=0
13:38:25.416 INF Starting PBFT instance. first=2 last=188 segID=2
13:38:25.416 DBG Subscribing to backlog. segID=2
13:38:25.416 INF Starting serialized message processing. segID=2
13:38:25.416 INF PbftOrderer received a new segment: [3 9 15 21 27 33 39 45 51 57 63 69 75 81 87 93 99 105 111 117 123 129 135 141 147 153 159 165 171 177 183 189] first leader=4 firstSN=3 lastSN=189 len=32 length=32 segId=3
13:38:25.417 INF Starting new view. segID=3 timeout=60000 view=0
13:38:25.417 DBG Starting timer. sn=3 view=0
13:38:25.417 INF Starting PBFT instance. first=3 last=189 segID=3
13:38:25.417 INF Starting serialized message processing. segID=3
13:38:25.417 DBG Subscribing to backlog. segID=3
13:38:25.417 INF PbftOrderer received a new segment: [4 10 16 22 28 34 40 46 52 58 64 70 76 82 88 94 100 106 112 118 124 130 136 142 148 154 160 166 172 178 184 190] first leader=6 firstSN=4 lastSN=190 len=32 length=32 segId=4
13:38:25.418 INF Starting new view. segID=4 timeout=60000 view=0
13:38:25.418 DBG Starting timer. sn=4 view=0
13:38:25.418 INF Starting PBFT instance. first=4 last=190 segID=4
13:38:25.418 DBG Subscribing to backlog. segID=4
13:38:25.418 INF Starting serialized message processing. segID=4
13:38:25.418 INF PbftOrderer received a new segment: [5 11 17 23 29 35 41 47 53 59 65 71 77 83 89 95 101 107 113 119 125 131 137 143 149 155 161 167 173 179 185 191] first leader=7 firstSN=5 lastSN=191 len=32 length=32 segId=5
13:38:25.418 INF Starting new view. segID=5 timeout=60000 view=0
13:38:25.419 DBG Starting timer. sn=5 view=0
13:38:25.419 INF Starting PBFT instance. first=5 last=191 segID=5
13:38:25.419 DBG Subscribing to backlog. segID=5
13:38:25.419 INF Starting serialized message processing. segID=5
13:38:25.437 INF Connection terminated. error="rpc error: code = Canceled desc = context canceled" address=127.0.0.1:45536
13:38:25.437 INF Connection terminated. error="rpc error: code = Canceled desc = context canceled" address=127.0.0.1:45388
13:38:25.438 INF Connection terminated. error="rpc error: code = Canceled desc = context canceled" address=127.0.0.1:45488
13:38:25.437 INF Connection terminated. error="rpc error: code = Canceled desc = context canceled" address=127.0.0.1:45514
13:38:25.439 INF Connection terminated. error="rpc error: code = Canceled desc = context canceled" address=127.0.0.1:45642
13:38:25.439 INF Connection terminated. error="rpc error: code = Canceled desc = context canceled" address=127.0.0.1:45616
13:38:25.439 INF Connection terminated. error="rpc error: code = Canceled desc = context canceled" address=127.0.0.1:45604
13:38:25.439 INF Connection terminated. error="rpc error: code = Canceled desc = context canceled" address=127.0.0.1:45634
13:38:27.448 INF Incoming connection for requests. addr=127.0.0.1:45656
13:38:55.416 DBG Batch ready. batchSize=4096
13:38:55.418 DBG Batch cut. left=0 nBuckets=27 nReq=1509 next=0
13:38:55.419 DBG Waiting for batch. batchSize=4096
13:38:55.471 INF Sending PREPREPARE. nReq=1509 senderID=2 sn=1 view=0
13:38:55.567 INF Handling PREPREPARE. nReq=894 senderID=6 sn=4
13:38:55.567 DBG Creating new Batch. nReq=894
13:38:55.568 INF Handling PREPREPARE. nReq=894 senderID=3 sn=2
13:38:55.568 DBG Creating new Batch. nReq=894
13:38:55.578 INF Handling PREPREPARE. nReq=895 senderID=0 sn=0
13:38:55.579 DBG Creating new Batch. nReq=895
13:38:55.735 ERR Failed to send protocol message. Dropping all future outgoing protocol messages. error=EOF
13:38:55.764 ERR Failed to send protocol message. Dropping all future outgoing protocol messages. error=EOF
13:38:55.822 INF Handling PREPREPARE. nReq=1453 senderID=4 sn=3
13:38:55.822 DBG Creating new Batch. nReq=1453
13:38:55.879 INF Handling PREPREPARE. nReq=1509 senderID=7 sn=5
13:38:55.879 DBG Creating new Batch. nReq=1509
13:38:56.038 DBG Sending PREPARE. senderID=2 sn=2 view=0
13:38:56.038 DBG func sendPrepare prepare Tn. sn=2 tn=2
13:38:56.039 DBG Sending COMMIT. senderID=2 sn=2 view=0
13:38:56.039 DBG func sendCommit commit Tn. sn=2 tn=2
13:38:56.039 DBG func handleCommit commit Tn. tn=2
13:38:56.039 DBG func handleCommit commit Tn. tn=2
13:38:56.039 DBG func handleCommit commit Tn. tn=2
13:38:56.039 DBG func handleCommit commit Tn. tn=2
13:38:56.041 INF Committed entry. latency=0 nReq=894 sn=2
13:38:56.042 DBG Starting timer. sn=8 view=0
13:38:56.048 DBG func handleCommit commit Tn. tn=2
13:38:56.063 DBG Sending PREPARE. senderID=2 sn=4 view=0
13:38:56.063 DBG func sendPrepare prepare Tn. sn=4 tn=4
13:38:56.063 DBG Sending PREPARE. senderID=2 sn=0 view=0
13:38:56.064 DBG func sendPrepare prepare Tn. sn=0 tn=0
13:38:56.064 DBG Sending COMMIT. senderID=2 sn=4 view=0
13:38:56.064 DBG func sendCommit commit Tn. sn=4 tn=4
13:38:56.064 DBG Sending COMMIT. senderID=2 sn=0 view=0
13:38:56.067 DBG func handleCommit commit Tn. tn=4
13:38:56.067 DBG func sendCommit commit Tn. sn=0 tn=0
13:38:56.068 DBG func handleCommit commit Tn. tn=4
13:38:56.068 DBG func handleCommit commit Tn. tn=4
13:38:56.070 DBG func handleCommit commit Tn. tn=4
13:38:56.072 INF Committed entry. latency=0 nReq=894 sn=4
13:38:56.072 DBG Starting timer. sn=10 view=0
13:38:56.073 DBG func handleCommit commit Tn. tn=0
13:38:56.073 DBG func handleCommit commit Tn. tn=4
13:38:56.073 DBG func handleCommit commit Tn. tn=0
13:38:56.073 DBG func handleCommit commit Tn. tn=0
13:38:56.074 DBG func handleCommit commit Tn. tn=0
13:38:56.075 INF Committed entry. latency=0 nReq=895 sn=0
13:38:56.075 INF Delivered batch. nReq=895 sn=0
13:38:56.075 DBG Starting timer. sn=6 view=0
13:38:56.092 DBG func handleCommit commit Tn. tn=0
13:38:56.173 DBG Sending PREPARE. senderID=2 sn=3 view=0
13:38:56.173 DBG func sendPrepare prepare Tn. sn=3 tn=3
13:38:56.180 DBG Sending COMMIT. senderID=2 sn=3 view=0
13:38:56.180 DBG func sendCommit commit Tn. sn=3 tn=3
13:38:56.181 DBG func handleCommit commit Tn. tn=3
13:38:56.182 DBG func handleCommit commit Tn. tn=3
13:38:56.183 DBG func handleCommit commit Tn. tn=3
13:38:56.193 DBG func handleCommit commit Tn. tn=3
13:38:56.194 DBG Sending COMMIT. senderID=2 sn=1 view=0
13:38:56.195 DBG func sendCommit commit Tn. sn=1 tn=1
13:38:56.195 DBG func handleCommit commit Tn. tn=1
13:38:56.195 INF Committed entry. latency=0 nReq=1453 sn=3
13:38:56.196 DBG Starting timer. sn=9 view=0
13:38:56.196 DBG func handleCommit commit Tn. tn=1
13:38:56.196 DBG func handleCommit commit Tn. tn=3
13:38:56.196 DBG func handleCommit commit Tn. tn=1
13:38:56.197 DBG func handleCommit commit Tn. tn=1
13:38:56.197 DBG Sending PREPARE. senderID=2 sn=5 view=0
13:38:56.198 DBG func sendPrepare prepare Tn. sn=5 tn=5
13:38:56.199 INF Committed entry. latency=0 nReq=1509 sn=1
13:38:56.199 INF Delivered batch. nReq=1509 sn=1
13:38:56.199 INF Delivered batch. nReq=894 sn=2
13:38:56.199 INF Delivered batch. nReq=1453 sn=3
13:38:56.200 INF Delivered batch. nReq=894 sn=4
13:38:56.200 DBG Starting timer. sn=7 view=0
13:38:56.201 DBG func handleCommit commit Tn. tn=1
13:38:56.225 DBG Sending COMMIT. senderID=2 sn=5 view=0
13:38:56.225 DBG func sendCommit commit Tn. sn=5 tn=5
13:38:56.226 DBG func handleCommit commit Tn. tn=5
13:38:56.227 DBG func handleCommit commit Tn. tn=5
13:38:56.227 DBG func handleCommit commit Tn. tn=5
13:38:56.227 DBG func handleCommit commit Tn. tn=5
13:38:56.230 INF Committed entry. latency=0 nReq=1509 sn=5
13:38:56.230 INF Delivered batch. nReq=1509 sn=5
13:38:56.230 DBG Starting timer. sn=11 view=0
13:38:56.237 DBG func handleCommit commit Tn. tn=5
13:39:25.420 DBG Batch ready. batchSize=4096
13:39:25.420 DBG Batch cut. left=0 nBuckets=27 nReq=112 next=0
13:39:25.421 DBG Waiting for batch. batchSize=4096
13:39:25.423 INF Sending PREPREPARE. nReq=112 senderID=2 sn=7 view=0
13:39:25.429 INF Handling PREPREPARE. nReq=66 senderID=0 sn=6
13:39:25.430 DBG Creating new Batch. nReq=66
13:39:25.441 INF Handling PREPREPARE. nReq=107 senderID=4 sn=9
13:39:25.442 DBG Creating new Batch. nReq=107
13:39:25.449 DBG Sending PREPARE. senderID=2 sn=6 view=0
13:39:25.449 INF Handling PREPREPARE. nReq=66 senderID=6 sn=10
13:39:25.450 DBG func sendPrepare prepare Tn. sn=6 tn=6
13:39:25.450 DBG Creating new Batch. nReq=66
13:39:25.451 INF Handling PREPREPARE. nReq=66 senderID=3 sn=8
13:39:25.451 DBG Creating new Batch. nReq=66
13:39:25.462 DBG Sending COMMIT. senderID=2 sn=6 view=0
13:39:25.462 DBG func sendCommit commit Tn. sn=6 tn=6
13:39:25.464 DBG Sending PREPARE. senderID=2 sn=10 view=0
13:39:25.464 DBG func handleCommit commit Tn. tn=6
13:39:25.464 DBG func handleCommit commit Tn. tn=6
13:39:25.464 DBG func sendPrepare prepare Tn. sn=10 tn=10
13:39:25.466 DBG func handleCommit commit Tn. tn=6
13:39:25.467 DBG Sending PREPARE. senderID=2 sn=8 view=0
13:39:25.467 DBG Sending PREPARE. senderID=2 sn=9 view=0
13:39:25.467 DBG func sendPrepare prepare Tn. sn=8 tn=8
13:39:25.467 DBG func sendPrepare prepare Tn. sn=9 tn=9
13:39:25.471 DBG func handleCommit commit Tn. tn=6
13:39:25.472 INF Committed entry. latency=0 nReq=66 sn=6
13:39:25.472 INF Delivered batch. nReq=66 sn=6
13:39:25.472 DBG Starting timer. sn=12 view=0
13:39:25.472 DBG func handleCommit commit Tn. tn=6
13:39:25.474 DBG Sending COMMIT. senderID=2 sn=10 view=0
13:39:25.474 DBG func sendCommit commit Tn. sn=10 tn=10
13:39:25.475 DBG func handleCommit commit Tn. tn=10
13:39:25.475 DBG func handleCommit commit Tn. tn=10
13:39:25.476 DBG func handleCommit commit Tn. tn=10
13:39:25.477 DBG func handleCommit commit Tn. tn=10
13:39:25.477 INF Committed entry. latency=0 nReq=66 sn=10
13:39:25.477 DBG Starting timer. sn=16 view=0
13:39:25.480 DBG Sending COMMIT. senderID=2 sn=8 view=0
13:39:25.480 DBG func sendCommit commit Tn. sn=8 tn=8
13:39:25.480 DBG func handleCommit commit Tn. tn=8
13:39:25.481 DBG func handleCommit commit Tn. tn=8
13:39:25.482 DBG func handleCommit commit Tn. tn=8
13:39:25.482 DBG Sending COMMIT. senderID=2 sn=9 view=0
13:39:25.483 DBG func sendCommit commit Tn. sn=9 tn=9
13:39:25.483 DBG func handleCommit commit Tn. tn=9
13:39:25.484 DBG func handleCommit commit Tn. tn=8
13:39:25.485 DBG func handleCommit commit Tn. tn=9
13:39:25.485 DBG func handleCommit commit Tn. tn=9
13:39:25.485 INF Committed entry. latency=0 nReq=66 sn=8
13:39:25.485 DBG Starting timer. sn=14 view=0
13:39:25.486 DBG func handleCommit commit Tn. tn=9
13:39:25.486 INF Handling PREPREPARE. nReq=111 senderID=7 sn=11
13:39:25.487 INF Committed entry. latency=0 nReq=107 sn=9
13:39:25.487 DBG Creating new Batch. nReq=111
13:39:25.487 DBG Starting timer. sn=15 view=0
13:39:25.492 DBG Sending COMMIT. senderID=2 sn=7 view=0
13:39:25.492 DBG func sendCommit commit Tn. sn=7 tn=7
13:39:25.492 DBG func handleCommit commit Tn. tn=7
13:39:25.492 DBG func handleCommit commit Tn. tn=7
13:39:25.493 DBG func handleCommit commit Tn. tn=8
13:39:25.493 DBG func handleCommit commit Tn. tn=10
13:39:25.494 DBG func handleCommit commit Tn. tn=7
13:39:25.495 DBG func handleCommit commit Tn. tn=7
13:39:25.495 DBG func handleCommit commit Tn. tn=9
13:39:25.495 INF Committed entry. latency=0 nReq=112 sn=7
13:39:25.496 INF Delivered batch. nReq=112 sn=7
13:39:25.496 INF Delivered batch. nReq=66 sn=8
13:39:25.496 INF Delivered batch. nReq=107 sn=9
13:39:25.496 INF Delivered batch. nReq=66 sn=10
13:39:25.496 DBG Starting timer. sn=13 view=0
13:39:25.497 DBG func handleCommit commit Tn. tn=7
13:39:25.507 DBG Sending PREPARE. senderID=2 sn=11 view=0
13:39:25.507 DBG func sendPrepare prepare Tn. sn=11 tn=11
13:39:25.507 DBG Sending COMMIT. senderID=2 sn=11 view=0
13:39:25.508 DBG func sendCommit commit Tn. sn=11 tn=11
13:39:25.508 DBG func handleCommit commit Tn. tn=11
13:39:25.508 DBG func handleCommit commit Tn. tn=11
13:39:25.509 DBG func handleCommit commit Tn. tn=11
13:39:25.509 DBG func handleCommit commit Tn. tn=11
13:39:25.509 INF Committed entry. latency=0 nReq=111 sn=11
13:39:25.509 INF Delivered batch. nReq=111 sn=11
13:39:25.510 DBG Starting timer. sn=17 view=0
13:39:25.510 DBG func handleCommit commit Tn. tn=11
13:39:26.487 INF Connection terminated. error="rpc error: code = Canceled desc = context canceled" address=127.0.0.1:45656
13:39:26.488 INF Finished sending bucket assignments to client. clId=0
13:39:26.896 INF Stopping profiler.
13:39:26.896 INF Stopping Tracer. events=146 fileName=experiment-output/0000/slave-004/peer.trc
==================
WARNING: DATA RACE
Read at 0x00c0009d0050 by goroutine 115:
  runtime.racereadrange()
      <autogenerated>:1 +0x1b
  github.com/hyperledger-labs/mirbft/tracing.(*BufferedTrace).StopOnSignal.func1()
      /opt/gopath/src/github.com/hyperledger-labs/mirbft/tracing/bufferedtrace.go:298 +0x4e

Previous write at 0x00c0009d0050 by goroutine 494:
  github.com/hyperledger-labs/mirbft/tracing.(*BufferedTrace).Event()
      /opt/gopath/src/github.com/hyperledger-labs/mirbft/tracing/bufferedtrace.go:105 +0x2d9
  github.com/hyperledger-labs/mirbft/manager.(*MirManager).handleLogEntries()
      /opt/gopath/src/github.com/hyperledger-labs/mirbft/manager/mirmanager.go:139 +0x1d8
  github.com/hyperledger-labs/mirbft/manager.(*MirManager).Start路dwrap路7()
      /opt/gopath/src/github.com/hyperledger-labs/mirbft/manager/mirmanager.go:101 +0x47

Goroutine 115 (running) created at:
  github.com/hyperledger-labs/mirbft/tracing.(*BufferedTrace).StopOnSignal()
      /opt/gopath/src/github.com/hyperledger-labs/mirbft/tracing/bufferedtrace.go:292 +0x172
  main.setUpTracing()
      /opt/gopath/src/github.com/hyperledger-labs/mirbft/cmd/orderingpeer/main.go:204 +0xf5
  main.main()
      /opt/gopath/src/github.com/hyperledger-labs/mirbft/cmd/orderingpeer/main.go:98 +0x9d6

Goroutine 494 (running) created at:
  github.com/hyperledger-labs/mirbft/manager.(*MirManager).Start()
      /opt/gopath/src/github.com/hyperledger-labs/mirbft/manager/mirmanager.go:101 +0x19e
  main.main路dwrap路4()
      /opt/gopath/src/github.com/hyperledger-labs/mirbft/cmd/orderingpeer/main.go:168 +0x59
==================
==================
WARNING: DATA RACE
Read at 0x00c0009d16a8 by goroutine 115:
  runtime.racereadrange()
      <autogenerated>:1 +0x1b
  github.com/hyperledger-labs/mirbft/tracing.(*BufferedTrace).StopOnSignal.func1()
      /opt/gopath/src/github.com/hyperledger-labs/mirbft/tracing/bufferedtrace.go:298 +0x4e

Previous write at 0x00c0009d16a8 by goroutine 114:
  github.com/hyperledger-labs/mirbft/tracing.(*BufferedTrace).Event()
      /opt/gopath/src/github.com/hyperledger-labs/mirbft/tracing/bufferedtrace.go:105 +0x2d9
  github.com/hyperledger-labs/mirbft/profiling.StartCPUTracing.func1()
      /opt/gopath/src/github.com/hyperledger-labs/mirbft/profiling/cpuusage.go:31 +0x95

Goroutine 115 (running) created at:
  github.com/hyperledger-labs/mirbft/tracing.(*BufferedTrace).StopOnSignal()
      /opt/gopath/src/github.com/hyperledger-labs/mirbft/tracing/bufferedtrace.go:292 +0x172
  main.setUpTracing()
      /opt/gopath/src/github.com/hyperledger-labs/mirbft/cmd/orderingpeer/main.go:204 +0xf5
  main.main()
      /opt/gopath/src/github.com/hyperledger-labs/mirbft/cmd/orderingpeer/main.go:98 +0x9d6

Goroutine 114 (running) created at:
  github.com/hyperledger-labs/mirbft/profiling.StartCPUTracing()
      /opt/gopath/src/github.com/hyperledger-labs/mirbft/profiling/cpuusage.go:28 +0xb6
  main.setUpTracing()
      /opt/gopath/src/github.com/hyperledger-labs/mirbft/cmd/orderingpeer/main.go:196 +0x85
  main.main()
      /opt/gopath/src/github.com/hyperledger-labs/mirbft/cmd/orderingpeer/main.go:98 +0x9d6
==================
13:39:26.900 INF Trace data written.
13:39:26.924 INF Profile data written. filename=experiment-output/0000/slave-004/prof.cpu name=cpu
13:39:26.988 INF Profile data written. filename=experiment-output/0000/slave-004/prof.block name=block
13:39:27.015 INF Profile data written. filename=experiment-output/0000/slave-004/prof.mutex name=mutex
