3:26AM INF Received own slave ID. ownSlaveId=4
3:26AM INF OK status=0
3:26AM INF Received command. cmdId=3
3:26AM INF Received an ExecStart command args="[-p experiment-output/0000/slave-__id__/config]" cmd=mkdir outFile=/dev/null
3:26AM INF OK status=0
3:26AM INF Received command. cmdId=4
3:26AM INF Received command. cmdType=ExecWait
3:26AM INF OK status=0
3:26AM INF Received command. cmdId=5
3:26AM INF Received an ExecStart command args="[config/config-0000.yml experiment-output/0000/slave-__id__/config/config.yml]" cmd=cp outFile=/dev/null
3:26AM INF OK status=0
3:26AM INF Received command. cmdId=6
3:26AM INF Received command. cmdType=ExecWait
3:26AM INF OK status=0
3:26AM INF Received command. cmdId=9
3:26AM INF Received command. cmdType=Noop
3:26AM INF Noop. Doing nothing. status=0
3:26AM INF Received command. cmdId=12
3:26AM INF Received an ExecStart command args="[experiment-output/0000/slave-__id__/config/config.yml 127.0.0.1:9999 127.0.0.1 127.0.0.1 experiment-output/0000/slave-__id__/peer.trc experiment-output/0000/slave-__id__/prof]" cmd=orderingpeer outFile=experiment-output/0000/slave-__id__/peer.log
3:26AM INF OK status=0
3:27AM INF Received command. cmdId=18
3:27AM INF Received command. cmdType=ExecSignal
3:27AM INF OK status=0
3:27AM INF Received command. cmdId=23
3:27AM INF Received command. cmdType=Stop
