{"level":"debug","Logging":"debug","time":"2022-08-10T11:10:03+08:00","message":"Config"}
{"level":"debug","UseTLS":false,"time":"2022-08-10T11:10:03+08:00","message":"Config"}
{"level":"debug","CACertFile":"tls-data/ca.pem","time":"2022-08-10T11:10:03+08:00","message":"Config"}
{"level":"debug","KeyFile":"tls-data/auth.key","time":"2022-08-10T11:10:03+08:00","message":"Config"}
{"level":"debug","CertFile":"tls-data/auth.pem","time":"2022-08-10T11:10:03+08:00","message":"Config"}
{"level":"debug","PriorityConnections":2,"time":"2022-08-10T11:10:03+08:00","message":"Config"}
{"level":"debug","BasicConnections":4,"time":"2022-08-10T11:10:03+08:00","message":"Config"}
{"level":"debug","TestConnections":false,"time":"2022-08-10T11:10:03+08:00","message":"Config"}
{"level":"debug","ExcessConnections":1,"time":"2022-08-10T11:10:03+08:00","message":"Config"}
{"level":"debug","ConnectionTestMsgs":4,"time":"2022-08-10T11:10:03+08:00","message":"Config"}
{"level":"debug","ConnectionTestPayload":131072,"time":"2022-08-10T11:10:03+08:00","message":"Config"}
{"level":"debug","OutMessageBufsize":1024,"time":"2022-08-10T11:10:03+08:00","message":"Config"}
{"level":"debug","OutMessageBufsize":1,"time":"2022-08-10T11:10:03+08:00","message":"Config"}
{"level":"debug","ThroughputCap":131072000,"time":"2022-08-10T11:10:03+08:00","message":"Config"}
{"level":"debug","StragglerTolerance":1000,"time":"2022-08-10T11:10:03+08:00","message":"Config"}
{"level":"debug","BatchSizeIncrement":256,"time":"2022-08-10T11:10:03+08:00","message":"Config"}
{"level":"debug","Orderer":"Pbft","time":"2022-08-10T11:10:03+08:00","message":"Config"}
{"level":"debug","Manager":"Mir","time":"2022-08-10T11:10:03+08:00","message":"Config"}
{"level":"debug","Failures":0,"time":"2022-08-10T11:10:03+08:00","message":"Config"}
{"level":"debug","CrashTiming":"EpochStart","time":"2022-08-10T11:10:03+08:00","message":"Config"}
{"level":"debug","CheckpointInterval":256,"time":"2022-08-10T11:10:03+08:00","message":"Config"}
{"level":"debug","WatermarkWindowSize":256,"time":"2022-08-10T11:10:03+08:00","message":"Config"}
{"level":"debug","EpochLength":256,"time":"2022-08-10T11:10:03+08:00","message":"Config"}
{"level":"debug","SegmentLength":64,"time":"2022-08-10T11:10:03+08:00","message":"Config"}
{"level":"debug","WaitForCheckpoints":true,"time":"2022-08-10T11:10:03+08:00","message":"Config"}
{"level":"debug","ClientWatermarkWindowSize":4194304,"time":"2022-08-10T11:10:03+08:00","message":"Config"}
{"level":"debug","ClientRequestBacklogSize":4194304,"time":"2022-08-10T11:10:03+08:00","message":"Config"}
{"level":"debug","RandomSeed":17083,"time":"2022-08-10T11:10:03+08:00","message":"Config"}
{"level":"debug","NodeToLeaderRatio":1,"time":"2022-08-10T11:10:03+08:00","message":"Config"}
{"level":"debug","LeaderPolicy":"Simple","time":"2022-08-10T11:10:03+08:00","message":"Config"}
{"level":"debug","DefaultLeaderBan":2,"time":"2022-08-10T11:10:03+08:00","message":"Config"}
{"level":"debug","NumBuckets":64,"time":"2022-08-10T11:10:03+08:00","message":"Config"}
{"level":"debug","BatchSize":1000,"time":"2022-08-10T11:10:03+08:00","message":"Config"}
{"level":"debug","DisabledViewChange":false,"time":"2022-08-10T11:10:03+08:00","message":"Config"}
{"level":"debug","ViewChangeTimeout":60000,"time":"2022-08-10T11:10:03+08:00","message":"Config"}
{"level":"debug","ClientTraceSampling":10,"time":"2022-08-10T11:10:03+08:00","message":"Config"}
{"level":"debug","EventBufferSize":2097152,"time":"2022-08-10T11:10:03+08:00","message":"Config"}
{"level":"debug","TraceSampling":1,"time":"2022-08-10T11:10:03+08:00","message":"Config"}
{"level":"debug","ClientsPerProcess":1,"time":"2022-08-10T11:10:03+08:00","message":"Config"}
{"level":"debug","RequestsPerClient":15360,"time":"2022-08-10T11:10:03+08:00","message":"Config"}
{"level":"debug","ClientRunTime":30000,"time":"2022-08-10T11:10:03+08:00","message":"Config"}
{"level":"debug","RequestRate":256,"time":"2022-08-10T11:10:03+08:00","message":"Config"}
{"level":"debug","HardRequestRateLimit":false,"time":"2022-08-10T11:10:03+08:00","message":"Config"}
{"level":"debug","RequestPayloadSize":500,"time":"2022-08-10T11:10:03+08:00","message":"Config"}
{"level":"debug","SignRequests":true,"time":"2022-08-10T11:10:03+08:00","message":"Config"}
{"level":"debug","ClientPrivKeyFile":"tls-data/client-ecdsa-256.key","time":"2022-08-10T11:10:03+08:00","message":"Config"}
{"level":"debug","ClientPubKeyFile":"tls-data/client-ecdsa-256.pem","time":"2022-08-10T11:10:03+08:00","message":"Config"}
{"level":"debug","PrecomputeRequests":false,"time":"2022-08-10T11:10:03+08:00","message":"Config"}
{"level":"debug","RequestHandlerThreads":32,"time":"2022-08-10T11:10:03+08:00","message":"Config"}
{"level":"debug","RequestInputChannelBuffer":8192,"time":"2022-08-10T11:10:03+08:00","message":"Config"}
{"level":"debug","BatchVerifier":"external","time":"2022-08-10T11:10:03+08:00","message":"Config"}
03:10:03.900 INF Registered with discovery server. numPeers=4 ownID=2
03:10:03.901 INF Profiling enabled.
03:10:03.901 INF Setting up profiling.
03:10:03.901 INF Started Profiler: CPU
03:10:03.901 INF Started Profiler: BLOCK
03:10:03.901 INF Started Profiler: MUTEX
03:10:03.902 INF Profiler will stop on signal. exit=true
03:10:03.903 INF Tracing will stop on signal. exit=false
03:10:03.904 INF Started tracing. traceFile=experiment-output/0001/slave-001/peer.trc
03:10:03.905 DBG Starting backlog.
03:10:03.905 INF Listening for connections. port=10022 useTLS=false
03:10:03.905 INF Connecting to peer. addr=127.0.0.1:10022 basicConns=4 priorityConns=2
03:10:03.905 INF Connecting to peer. addr=127.0.0.1:10033 basicConns=4 priorityConns=2
03:10:03.905 INF Connecting to peer. addr=127.0.0.1:10000 basicConns=4 priorityConns=2
03:10:03.905 INF Connecting to peer. addr=127.0.0.1:10011 basicConns=4 priorityConns=2
03:10:03.931 INF Incoming connection for protocol messages. addr=127.0.0.1:58690
03:10:03.932 INF Incoming connection for protocol messages. addr=127.0.0.1:58696
03:10:03.936 INF Incoming connection for protocol messages. addr=127.0.0.1:58728
03:10:03.936 INF Incoming connection for protocol messages. addr=127.0.0.1:58704
03:10:03.936 INF Incoming connection for protocol messages. addr=127.0.0.1:58720
03:10:03.936 INF Incoming connection for protocol messages. addr=127.0.0.1:58698
03:10:03.947 INF Incoming connection for protocol messages. addr=127.0.0.1:58730
03:10:03.948 INF Incoming connection for protocol messages. addr=127.0.0.1:58710
03:10:03.948 INF Incoming connection for protocol messages. addr=127.0.0.1:58740
03:10:03.949 INF Incoming connection for protocol messages. addr=127.0.0.1:58712
03:10:03.950 INF Incoming connection for protocol messages. addr=127.0.0.1:58748
03:10:03.950 INF Incoming connection for protocol messages. addr=127.0.0.1:58768
03:10:03.951 INF Incoming connection for protocol messages. addr=127.0.0.1:58798
03:10:03.951 INF Incoming connection for protocol messages. addr=127.0.0.1:58804
03:10:03.951 INF Incoming connection for protocol messages. addr=127.0.0.1:58790
03:10:03.951 INF Incoming connection for protocol messages. addr=127.0.0.1:58800
03:10:03.951 INF Incoming connection for protocol messages. addr=127.0.0.1:58820
03:10:03.952 INF Incoming connection for protocol messages. addr=127.0.0.1:58754
03:10:03.953 DBG Connected. peerID=3
03:10:03.953 INF Incoming connection for protocol messages. addr=127.0.0.1:58832
03:10:03.953 INF Incoming connection for protocol messages. addr=127.0.0.1:58836
03:10:03.954 DBG Connected. peerID=1
03:10:03.954 INF Incoming connection for protocol messages. addr=127.0.0.1:58838
03:10:03.954 DBG Connected. peerID=2
03:10:03.955 INF Incoming connection for protocol messages. addr=127.0.0.1:58844
03:10:03.955 DBG Connected. peerID=0
03:10:03.955 INF Connected to all peers.
03:10:03.955 INF Incoming connection for protocol messages. addr=127.0.0.1:58880
03:10:03.955 INF Incoming connection for protocol messages. addr=127.0.0.1:58854
03:10:03.959 INF All peers finished connecting. Starting ISS.
03:10:03.959 DBG Buckets for 0-th leader 0: [0 4 8 12 16 20 24 28 32 36 40 44 48 52 56 60]
03:10:03.959 DBG Buckets for 1-th leader 1: [1 5 9 13 17 21 25 29 33 37 41 45 49 53 57 61]
03:10:03.959 DBG Buckets for 2-th leader 2: [2 6 10 14 18 22 26 30 34 38 42 46 50 54 58 62]
03:10:03.959 DBG Buckets for 3-th leader 3: [3 7 11 15 19 23 27 31 35 39 43 47 51 55 59 63]
03:10:03.960 INF PbftOrderer received a new segment: [1 5 9 13 17 21 25 29 33 37 41 45 49 53 57 61 65 69 73 77 81 85 89 93 97 101 105 109 113 117 121 125 129 133 137 141 145 149 153 157 161 165 169 173 177 181 185 189 193 197 201 205 209 213 217 221 225 229 233 237 241 245 249 253] first leader=1 firstSN=1 lastSN=253 len=64 length=64 segId=1
03:10:03.960 INF Starting new view. segID=1 timeout=60000 view=0
03:10:03.960 DBG Starting timer. sn=1 view=0
03:10:03.961 INF Starting PBFT instance. first=1 last=253 segID=1
03:10:03.961 DBG Subscribing to backlog. segID=1
03:10:03.961 INF Starting serialized message processing. segID=1
03:10:03.961 INF PbftOrderer received a new segment: [2 6 10 14 18 22 26 30 34 38 42 46 50 54 58 62 66 70 74 78 82 86 90 94 98 102 106 110 114 118 122 126 130 134 138 142 146 150 154 158 162 166 170 174 178 182 186 190 194 198 202 206 210 214 218 222 226 230 234 238 242 246 250 254] first leader=2 firstSN=2 lastSN=254 len=64 length=64 segId=2
03:10:03.961 INF Starting new view. segID=2 timeout=60000 view=0
03:10:03.962 DBG Starting timer. sn=2 view=0
03:10:03.962 INF Starting PBFT instance. first=2 last=254 segID=2
03:10:03.962 DBG Subscribing to backlog. segID=2
03:10:03.962 DBG Leading segment. segID=2
03:10:03.962 INF Starting serialized message processing. segID=2
03:10:03.962 DBG Waiting for batch. batchSize=4096
03:10:03.962 INF PbftOrderer received a new segment: [3 7 11 15 19 23 27 31 35 39 43 47 51 55 59 63 67 71 75 79 83 87 91 95 99 103 107 111 115 119 123 127 131 135 139 143 147 151 155 159 163 167 171 175 179 183 187 191 195 199 203 207 211 215 219 223 227 231 235 239 243 247 251 255] first leader=3 firstSN=3 lastSN=255 len=64 length=64 segId=3
03:10:03.962 INF Starting new view. segID=3 timeout=60000 view=0
03:10:03.963 DBG Starting timer. sn=3 view=0
03:10:03.963 INF Starting PBFT instance. first=3 last=255 segID=3
03:10:03.963 DBG Subscribing to backlog. segID=3
03:10:03.963 INF Starting serialized message processing. segID=3
03:10:03.963 INF PbftOrderer received a new segment: [0 4 8 12 16 20 24 28 32 36 40 44 48 52 56 60 64 68 72 76 80 84 88 92 96 100 104 108 112 116 120 124 128 132 136 140 144 148 152 156 160 164 168 172 176 180 184 188 192 196 200 204 208 212 216 220 224 228 232 236 240 244 248 252] first leader=0 firstSN=0 lastSN=252 len=64 length=64 segId=0
03:10:03.963 INF Starting new view. segID=0 timeout=60000 view=0
03:10:03.964 DBG Starting timer. sn=0 view=0
03:10:03.964 INF Starting PBFT instance. first=0 last=252 segID=0
03:10:03.964 DBG Subscribing to backlog. segID=0
03:10:03.964 INF Starting serialized message processing. segID=0
03:10:04.963 DBG Batch ready. batchSize=4096
03:10:04.964 DBG Batch cut. left=0 nBuckets=16 nReq=0 next=0
03:10:04.964 INF Sending PREPREPARE. nReq=0 senderID=2 sn=2 view=0
03:10:04.964 DBG Waiting for batch. batchSize=4096
03:10:04.967 INF Handling PREPREPARE. nReq=0 senderID=1 sn=1
03:10:04.967 DBG Creating new Batch. nReq=0
03:10:04.967 DBG Sending PREPARE. senderID=2 sn=1 view=0
03:10:04.968 INF Handling PREPREPARE. nReq=0 senderID=3 sn=3
03:10:04.968 DBG Creating new Batch. nReq=0
03:10:04.968 DBG Sending PREPARE. senderID=2 sn=3 view=0
03:10:04.969 INF Handling PREPREPARE. nReq=0 senderID=0 sn=0
03:10:04.969 DBG Creating new Batch. nReq=0
03:10:04.970 DBG Sending COMMIT. senderID=2 sn=3 view=0
03:10:04.970 DBG Sending PREPARE. senderID=2 sn=0 view=0
03:10:04.970 DBG Sending COMMIT. senderID=2 sn=2 view=0
03:10:04.970 DBG Sending COMMIT. senderID=2 sn=1 view=0
03:10:04.971 INF Committed entry. latency=0 nReq=0 sn=1
03:10:04.971 DBG Starting timer. sn=5 view=0
03:10:04.971 INF Committed entry. latency=0 nReq=0 sn=3
03:10:04.971 DBG Sending COMMIT. senderID=2 sn=0 view=0
03:10:04.971 DBG Starting timer. sn=7 view=0
03:10:04.972 INF Committed entry. latency=0 nReq=0 sn=2
03:10:04.972 DBG Starting timer. sn=6 view=0
03:10:04.972 INF Committed entry. latency=0 nReq=0 sn=0
03:10:04.972 INF Delivered batch. nReq=0 sn=0
03:10:04.972 INF Delivered batch. nReq=0 sn=1
03:10:04.973 INF Delivered batch. nReq=0 sn=2
03:10:04.973 INF Delivered batch. nReq=0 sn=3
03:10:04.973 DBG Starting timer. sn=4 view=0
03:10:05.965 DBG Batch ready. batchSize=4096
03:10:05.965 DBG Batch cut. left=0 nBuckets=16 nReq=0 next=0
03:10:05.965 INF Sending PREPREPARE. nReq=0 senderID=2 sn=6 view=0
03:10:05.965 DBG Waiting for batch. batchSize=4096
03:10:05.965 INF Handling PREPREPARE. nReq=0 senderID=1 sn=5
03:10:05.966 DBG Creating new Batch. nReq=0
03:10:05.966 DBG Sending PREPARE. senderID=2 sn=5 view=0
03:10:05.967 DBG Sending COMMIT. senderID=2 sn=5 view=0
03:10:05.967 INF Handling PREPREPARE. nReq=0 senderID=3 sn=7
03:10:05.967 DBG Creating new Batch. nReq=0
03:10:05.967 DBG Sending PREPARE. senderID=2 sn=7 view=0
03:10:05.968 DBG Sending COMMIT. senderID=2 sn=6 view=0
03:10:05.968 INF Handling PREPREPARE. nReq=0 senderID=0 sn=4
03:10:05.968 DBG Creating new Batch. nReq=0
03:10:05.968 DBG Sending PREPARE. senderID=2 sn=4 view=0
03:10:05.969 DBG Sending COMMIT. senderID=2 sn=7 view=0
03:10:05.969 INF Committed entry. latency=0 nReq=0 sn=5
03:10:05.969 DBG Starting timer. sn=9 view=0
03:10:05.969 INF Committed entry. latency=0 nReq=0 sn=6
03:10:05.969 DBG Starting timer. sn=10 view=0
03:10:05.970 INF Committed entry. latency=0 nReq=0 sn=7
03:10:05.970 DBG Sending COMMIT. senderID=2 sn=4 view=0
03:10:05.970 DBG Starting timer. sn=11 view=0
03:10:05.971 INF Committed entry. latency=0 nReq=0 sn=4
03:10:05.971 INF Delivered batch. nReq=0 sn=4
03:10:05.971 INF Delivered batch. nReq=0 sn=5
03:10:05.971 INF Delivered batch. nReq=0 sn=6
03:10:05.972 INF Delivered batch. nReq=0 sn=7
03:10:05.972 DBG Starting timer. sn=8 view=0
03:10:05.995 INF Incoming connection for requests. addr=127.0.0.1:58896
03:10:06.967 DBG Batch ready. batchSize=4096
03:10:06.967 DBG Batch cut. left=0 nBuckets=16 nReq=61 next=0
03:10:06.967 DBG Waiting for batch. batchSize=4096
03:10:06.972 INF Sending PREPREPARE. nReq=61 senderID=2 sn=10 view=0
03:10:06.978 INF Handling PREPREPARE. nReq=61 senderID=3 sn=11
03:10:06.978 DBG Creating new Batch. nReq=61
03:10:06.978 INF Handling PREPREPARE. nReq=61 senderID=1 sn=9
03:10:06.978 DBG Creating new Batch. nReq=61
03:10:06.979 INF Handling PREPREPARE. nReq=61 senderID=0 sn=8
03:10:06.979 DBG Creating new Batch. nReq=61
03:10:06.991 DBG Sending PREPARE. senderID=2 sn=8 view=0
03:10:06.992 DBG Sending COMMIT. senderID=2 sn=8 view=0
03:10:06.992 DBG Sending PREPARE. senderID=2 sn=11 view=0
03:10:06.992 DBG Sending PREPARE. senderID=2 sn=9 view=0
03:10:06.992 DBG Sending COMMIT. senderID=2 sn=11 view=0
03:10:06.993 DBG Sending COMMIT. senderID=2 sn=9 view=0
03:10:06.993 DBG Sending COMMIT. senderID=2 sn=10 view=0
03:10:06.994 INF Committed entry. latency=0 nReq=61 sn=8
03:10:06.995 INF Delivered batch. nReq=61 sn=8
03:10:06.995 INF Committed entry. latency=0 nReq=61 sn=11
03:10:06.995 DBG Starting timer. sn=12 view=0
03:10:06.995 INF Committed entry. latency=0 nReq=61 sn=9
03:10:06.995 INF Delivered batch. nReq=61 sn=9
03:10:06.995 INF Committed entry. latency=0 nReq=61 sn=10
03:10:06.995 INF Delivered batch. nReq=61 sn=10
03:10:06.995 INF Delivered batch. nReq=61 sn=11
03:10:06.996 DBG Starting timer. sn=15 view=0
03:10:06.996 DBG Starting timer. sn=13 view=0
03:10:06.996 DBG Starting timer. sn=14 view=0
03:10:07.969 DBG Batch ready. batchSize=4096
03:10:07.969 DBG Batch cut. left=0 nBuckets=16 nReq=64 next=0
03:10:07.970 DBG Waiting for batch. batchSize=4096
03:10:07.971 INF Sending PREPREPARE. nReq=64 senderID=2 sn=14 view=0
03:10:07.978 INF Handling PREPREPARE. nReq=64 senderID=3 sn=15
03:10:07.978 DBG Creating new Batch. nReq=64
03:10:07.978 INF Handling PREPREPARE. nReq=64 senderID=1 sn=13
03:10:07.978 DBG Creating new Batch. nReq=64
03:10:07.982 INF Handling PREPREPARE. nReq=65 senderID=0 sn=12
03:10:07.982 DBG Creating new Batch. nReq=65
03:10:07.992 DBG Sending PREPARE. senderID=2 sn=13 view=0
03:10:07.992 DBG Sending PREPARE. senderID=2 sn=15 view=0
03:10:07.992 DBG Sending PREPARE. senderID=2 sn=12 view=0
03:10:07.992 DBG Sending COMMIT. senderID=2 sn=15 view=0
03:10:07.993 DBG Sending COMMIT. senderID=2 sn=14 view=0
03:10:07.993 DBG Sending COMMIT. senderID=2 sn=13 view=0
03:10:07.994 DBG Sending COMMIT. senderID=2 sn=12 view=0
03:10:07.994 INF Committed entry. latency=0 nReq=64 sn=14
03:10:07.994 DBG Starting timer. sn=18 view=0
03:10:07.995 INF Committed entry. latency=0 nReq=64 sn=15
03:10:07.995 DBG Starting timer. sn=19 view=0
03:10:07.995 INF Committed entry. latency=0 nReq=64 sn=13
03:10:07.995 DBG Starting timer. sn=17 view=0
03:10:07.996 INF Committed entry. latency=0 nReq=65 sn=12
03:10:07.996 INF Delivered batch. nReq=65 sn=12
03:10:07.996 INF Delivered batch. nReq=64 sn=13
03:10:07.996 INF Delivered batch. nReq=64 sn=14
03:10:07.996 INF Delivered batch. nReq=64 sn=15
03:10:07.996 DBG Starting timer. sn=16 view=0
03:10:08.970 DBG Batch ready. batchSize=4096
03:10:08.971 DBG Batch cut. left=0 nBuckets=16 nReq=64 next=0
03:10:08.971 DBG Waiting for batch. batchSize=4096
03:10:08.972 INF Sending PREPREPARE. nReq=64 senderID=2 sn=18 view=0
03:10:08.977 INF Handling PREPREPARE. nReq=64 senderID=1 sn=17
03:10:08.978 DBG Creating new Batch. nReq=64
03:10:08.980 INF Handling PREPREPARE. nReq=64 senderID=3 sn=19
03:10:08.980 DBG Creating new Batch. nReq=64
03:10:08.982 INF Handling PREPREPARE. nReq=64 senderID=0 sn=16
03:10:08.982 DBG Creating new Batch. nReq=64
03:10:08.992 DBG Sending PREPARE. senderID=2 sn=17 view=0
03:10:08.992 DBG Sending COMMIT. senderID=2 sn=17 view=0
03:10:08.993 INF Committed entry. latency=0 nReq=64 sn=17
03:10:08.993 DBG Starting timer. sn=21 view=0
03:10:08.993 DBG Sending COMMIT. senderID=2 sn=18 view=0
03:10:08.994 DBG Sending PREPARE. senderID=2 sn=16 view=0
03:10:08.994 DBG Sending PREPARE. senderID=2 sn=19 view=0
03:10:08.994 DBG Sending COMMIT. senderID=2 sn=16 view=0
03:10:08.994 DBG Sending COMMIT. senderID=2 sn=19 view=0
03:10:08.995 INF Committed entry. latency=0 nReq=64 sn=18
03:10:08.995 DBG Starting timer. sn=22 view=0
03:10:08.996 INF Committed entry. latency=0 nReq=64 sn=16
03:10:08.996 INF Delivered batch. nReq=64 sn=16
03:10:08.996 INF Delivered batch. nReq=64 sn=17
03:10:08.997 INF Delivered batch. nReq=64 sn=18
03:10:08.997 DBG Starting timer. sn=20 view=0
03:10:08.997 INF Committed entry. latency=0 nReq=64 sn=19
03:10:08.997 INF Delivered batch. nReq=64 sn=19
03:10:08.997 DBG Starting timer. sn=23 view=0
03:10:09.972 DBG Batch ready. batchSize=4096
03:10:09.972 DBG Batch cut. left=0 nBuckets=16 nReq=64 next=0
03:10:09.973 DBG Waiting for batch. batchSize=4096
03:10:09.974 INF Sending PREPREPARE. nReq=64 senderID=2 sn=22 view=0
03:10:09.980 INF Handling PREPREPARE. nReq=64 senderID=1 sn=21
03:10:09.980 DBG Creating new Batch. nReq=64
03:10:09.982 INF Handling PREPREPARE. nReq=64 senderID=3 sn=23
03:10:09.982 DBG Creating new Batch. nReq=64
03:10:09.985 INF Handling PREPREPARE. nReq=64 senderID=0 sn=20
03:10:09.985 DBG Creating new Batch. nReq=64
03:10:09.990 DBG Sending PREPARE. senderID=2 sn=21 view=0
03:10:09.990 DBG Sending COMMIT. senderID=2 sn=21 view=0
03:10:09.994 INF Committed entry. latency=0 nReq=64 sn=21
03:10:09.994 DBG Starting timer. sn=25 view=0
03:10:09.994 DBG Sending PREPARE. senderID=2 sn=23 view=0
03:10:09.995 DBG Sending COMMIT. senderID=2 sn=23 view=0
03:10:09.995 DBG Sending PREPARE. senderID=2 sn=20 view=0
03:10:09.996 DBG Sending COMMIT. senderID=2 sn=20 view=0
03:10:09.997 DBG Sending COMMIT. senderID=2 sn=22 view=0
03:10:09.998 INF Committed entry. latency=0 nReq=64 sn=23
03:10:09.998 INF Committed entry. latency=0 nReq=64 sn=22
03:10:09.998 DBG Starting timer. sn=27 view=0
03:10:09.998 DBG Starting timer. sn=26 view=0
03:10:09.999 INF Committed entry. latency=0 nReq=64 sn=20
03:10:09.999 INF Delivered batch. nReq=64 sn=20
03:10:09.999 INF Delivered batch. nReq=64 sn=21
03:10:09.999 INF Delivered batch. nReq=64 sn=22
03:10:09.999 INF Delivered batch. nReq=64 sn=23
03:10:09.999 DBG Starting timer. sn=24 view=0
03:10:10.973 DBG Batch ready. batchSize=4096
03:10:10.974 DBG Batch cut. left=0 nBuckets=16 nReq=64 next=0
03:10:10.974 DBG Waiting for batch. batchSize=4096
03:10:10.975 INF Sending PREPREPARE. nReq=64 senderID=2 sn=26 view=0
03:10:10.982 INF Handling PREPREPARE. nReq=65 senderID=1 sn=25
03:10:10.982 DBG Creating new Batch. nReq=65
03:10:10.985 INF Handling PREPREPARE. nReq=64 senderID=3 sn=27
03:10:10.985 DBG Creating new Batch. nReq=64
03:10:10.989 INF Handling PREPREPARE. nReq=64 senderID=0 sn=24
03:10:10.989 DBG Creating new Batch. nReq=64
03:10:10.991 DBG Sending PREPARE. senderID=2 sn=25 view=0
03:10:10.995 DBG Sending COMMIT. senderID=2 sn=25 view=0
03:10:10.996 INF Committed entry. latency=0 nReq=65 sn=25
03:10:10.997 DBG Starting timer. sn=29 view=0
03:10:10.997 DBG Sending PREPARE. senderID=2 sn=27 view=0
03:10:10.997 DBG Sending COMMIT. senderID=2 sn=26 view=0
03:10:10.998 DBG Sending COMMIT. senderID=2 sn=27 view=0
03:10:10.998 DBG Sending PREPARE. senderID=2 sn=24 view=0
03:10:10.999 INF Committed entry. latency=0 nReq=64 sn=26
03:10:10.999 DBG Starting timer. sn=30 view=0
03:10:11.000 DBG Sending COMMIT. senderID=2 sn=24 view=0
03:10:11.000 INF Committed entry. latency=0 nReq=64 sn=27
03:10:11.000 DBG Starting timer. sn=31 view=0
03:10:11.001 INF Committed entry. latency=0 nReq=64 sn=24
03:10:11.001 INF Delivered batch. nReq=64 sn=24
03:10:11.001 INF Delivered batch. nReq=65 sn=25
03:10:11.001 INF Delivered batch. nReq=64 sn=26
03:10:11.001 INF Delivered batch. nReq=64 sn=27
03:10:11.001 DBG Starting timer. sn=28 view=0
03:10:11.975 DBG Batch ready. batchSize=4096
03:10:11.975 DBG Batch cut. left=0 nBuckets=16 nReq=64 next=0
03:10:11.975 DBG Waiting for batch. batchSize=4096
03:10:11.977 INF Sending PREPREPARE. nReq=64 senderID=2 sn=30 view=0
03:10:11.983 INF Handling PREPREPARE. nReq=64 senderID=1 sn=29
03:10:11.984 DBG Creating new Batch. nReq=64
03:10:11.987 INF Handling PREPREPARE. nReq=64 senderID=3 sn=31
03:10:11.987 DBG Creating new Batch. nReq=64
03:10:11.989 INF Handling PREPREPARE. nReq=64 senderID=0 sn=28
03:10:11.990 DBG Creating new Batch. nReq=64
03:10:11.992 DBG Sending PREPARE. senderID=2 sn=29 view=0
03:10:11.996 DBG Sending COMMIT. senderID=2 sn=29 view=0
03:10:11.996 DBG Sending COMMIT. senderID=2 sn=30 view=0
03:10:11.998 INF Committed entry. latency=0 nReq=64 sn=29
03:10:11.998 DBG Starting timer. sn=33 view=0
03:10:11.998 DBG Sending PREPARE. senderID=2 sn=31 view=0
03:10:11.998 DBG Sending COMMIT. senderID=2 sn=31 view=0
03:10:11.999 INF Committed entry. latency=0 nReq=64 sn=30
03:10:11.999 DBG Starting timer. sn=34 view=0
03:10:12.000 DBG Sending PREPARE. senderID=2 sn=28 view=0
03:10:12.001 DBG Sending COMMIT. senderID=2 sn=28 view=0
03:10:12.001 INF Committed entry. latency=0 nReq=64 sn=31
03:10:12.001 DBG Starting timer. sn=35 view=0
03:10:12.002 INF Committed entry. latency=0 nReq=64 sn=28
03:10:12.002 INF Delivered batch. nReq=64 sn=28
03:10:12.003 INF Delivered batch. nReq=64 sn=29
03:10:12.003 INF Delivered batch. nReq=64 sn=30
03:10:12.003 INF Delivered batch. nReq=64 sn=31
03:10:12.003 DBG Starting timer. sn=32 view=0
03:10:12.977 DBG Batch ready. batchSize=4096
03:10:12.977 DBG Batch cut. left=0 nBuckets=16 nReq=65 next=0
03:10:12.977 DBG Waiting for batch. batchSize=4096
03:10:12.979 INF Sending PREPREPARE. nReq=65 senderID=2 sn=34 view=0
03:10:12.985 INF Handling PREPREPARE. nReq=64 senderID=1 sn=33
03:10:12.985 DBG Creating new Batch. nReq=64
03:10:12.987 INF Handling PREPREPARE. nReq=64 senderID=3 sn=35
03:10:12.987 DBG Creating new Batch. nReq=64
03:10:12.991 INF Handling PREPREPARE. nReq=64 senderID=0 sn=32
03:10:12.991 DBG Creating new Batch. nReq=64
03:10:12.999 DBG Sending PREPARE. senderID=2 sn=33 view=0
03:10:13.000 DBG Sending PREPARE. senderID=2 sn=35 view=0
03:10:13.000 DBG Sending COMMIT. senderID=2 sn=33 view=0
03:10:13.001 DBG Sending COMMIT. senderID=2 sn=35 view=0
03:10:13.001 DBG Sending COMMIT. senderID=2 sn=34 view=0
03:10:13.002 DBG Sending PREPARE. senderID=2 sn=32 view=0
03:10:13.002 DBG Sending COMMIT. senderID=2 sn=32 view=0
03:10:13.002 INF Committed entry. latency=0 nReq=64 sn=33
03:10:13.002 INF Committed entry. latency=0 nReq=65 sn=34
03:10:13.002 DBG Starting timer. sn=38 view=0
03:10:13.002 DBG Starting timer. sn=37 view=0
03:10:13.003 INF Committed entry. latency=0 nReq=64 sn=35
03:10:13.003 INF Committed entry. latency=0 nReq=64 sn=32
03:10:13.003 INF Delivered batch. nReq=64 sn=32
03:10:13.003 INF Delivered batch. nReq=64 sn=33
03:10:13.003 INF Delivered batch. nReq=65 sn=34
03:10:13.003 INF Delivered batch. nReq=64 sn=35
03:10:13.004 DBG Starting timer. sn=39 view=0
03:10:13.004 DBG Starting timer. sn=36 view=0
03:10:13.979 DBG Batch ready. batchSize=4096
03:10:13.979 DBG Batch cut. left=0 nBuckets=16 nReq=64 next=0
03:10:13.979 DBG Waiting for batch. batchSize=4096
03:10:13.981 INF Sending PREPREPARE. nReq=64 senderID=2 sn=38 view=0
03:10:13.985 INF Handling PREPREPARE. nReq=64 senderID=1 sn=37
03:10:13.986 DBG Creating new Batch. nReq=64
03:10:13.991 INF Handling PREPREPARE. nReq=64 senderID=3 sn=39
03:10:13.991 DBG Creating new Batch. nReq=64
03:10:13.993 INF Handling PREPREPARE. nReq=64 senderID=0 sn=36
03:10:13.993 DBG Creating new Batch. nReq=64
03:10:13.994 DBG Sending PREPARE. senderID=2 sn=37 view=0
03:10:13.995 DBG Sending COMMIT. senderID=2 sn=37 view=0
03:10:13.999 INF Committed entry. latency=0 nReq=64 sn=37
03:10:13.999 DBG Starting timer. sn=41 view=0
03:10:14.002 DBG Sending PREPARE. senderID=2 sn=39 view=0
03:10:14.002 DBG Sending PREPARE. senderID=2 sn=36 view=0
03:10:14.002 DBG Sending COMMIT. senderID=2 sn=39 view=0
03:10:14.002 DBG Sending COMMIT. senderID=2 sn=36 view=0
03:10:14.004 DBG Sending COMMIT. senderID=2 sn=38 view=0
03:10:14.005 INF Committed entry. latency=0 nReq=64 sn=39
03:10:14.005 INF Committed entry. latency=0 nReq=64 sn=36
03:10:14.005 INF Committed entry. latency=0 nReq=64 sn=38
03:10:14.005 INF Delivered batch. nReq=64 sn=36
03:10:14.005 INF Delivered batch. nReq=64 sn=37
03:10:14.005 INF Delivered batch. nReq=64 sn=38
03:10:14.006 INF Delivered batch. nReq=64 sn=39
03:10:14.006 DBG Starting timer. sn=43 view=0
03:10:14.006 DBG Starting timer. sn=40 view=0
03:10:14.006 DBG Starting timer. sn=42 view=0
03:10:14.980 DBG Batch ready. batchSize=4096
03:10:14.981 DBG Batch cut. left=0 nBuckets=16 nReq=64 next=0
03:10:14.981 DBG Waiting for batch. batchSize=4096
03:10:14.983 INF Sending PREPREPARE. nReq=64 senderID=2 sn=42 view=0
03:10:14.988 INF Handling PREPREPARE. nReq=64 senderID=1 sn=41
03:10:14.989 DBG Creating new Batch. nReq=64
03:10:14.994 INF Handling PREPREPARE. nReq=65 senderID=3 sn=43
03:10:14.994 DBG Creating new Batch. nReq=65
03:10:14.995 INF Handling PREPREPARE. nReq=64 senderID=0 sn=40
03:10:14.995 DBG Creating new Batch. nReq=64
03:10:14.999 DBG Sending PREPARE. senderID=2 sn=41 view=0
03:10:15.004 DBG Sending COMMIT. senderID=2 sn=41 view=0
03:10:15.004 DBG Sending COMMIT. senderID=2 sn=42 view=0
03:10:15.004 DBG Sending PREPARE. senderID=2 sn=43 view=0
03:10:15.004 INF Committed entry. latency=0 nReq=64 sn=41
03:10:15.004 DBG Sending COMMIT. senderID=2 sn=43 view=0
03:10:15.004 INF Committed entry. latency=0 nReq=64 sn=42
03:10:15.005 DBG Starting timer. sn=45 view=0
03:10:15.005 DBG Sending PREPARE. senderID=2 sn=40 view=0
03:10:15.005 DBG Starting timer. sn=46 view=0
03:10:15.005 DBG Sending COMMIT. senderID=2 sn=40 view=0
03:10:15.005 INF Committed entry. latency=0 nReq=64 sn=40
03:10:15.005 INF Delivered batch. nReq=64 sn=40
03:10:15.005 INF Delivered batch. nReq=64 sn=41
03:10:15.006 INF Delivered batch. nReq=64 sn=42
03:10:15.006 DBG Starting timer. sn=44 view=0
03:10:15.007 INF Committed entry. latency=0 nReq=65 sn=43
03:10:15.007 INF Delivered batch. nReq=65 sn=43
03:10:15.007 DBG Starting timer. sn=47 view=0
03:10:15.982 DBG Batch ready. batchSize=4096
03:10:15.982 DBG Batch cut. left=0 nBuckets=16 nReq=64 next=0
03:10:15.982 DBG Waiting for batch. batchSize=4096
03:10:15.984 INF Sending PREPREPARE. nReq=64 senderID=2 sn=46 view=0
03:10:15.990 INF Handling PREPREPARE. nReq=64 senderID=1 sn=45
03:10:15.991 DBG Creating new Batch. nReq=64
03:10:15.993 INF Handling PREPREPARE. nReq=64 senderID=3 sn=47
03:10:15.993 DBG Creating new Batch. nReq=64
03:10:15.994 INF Handling PREPREPARE. nReq=65 senderID=0 sn=44
03:10:15.994 DBG Creating new Batch. nReq=65
03:10:16.005 DBG Sending PREPARE. senderID=2 sn=45 view=0
03:10:16.005 DBG Sending COMMIT. senderID=2 sn=45 view=0
03:10:16.006 DBG Sending PREPARE. senderID=2 sn=44 view=0
03:10:16.006 DBG Sending COMMIT. senderID=2 sn=46 view=0
03:10:16.006 DBG Sending COMMIT. senderID=2 sn=44 view=0
03:10:16.007 DBG Sending PREPARE. senderID=2 sn=47 view=0
03:10:16.007 INF Committed entry. latency=0 nReq=64 sn=46
03:10:16.007 DBG Sending COMMIT. senderID=2 sn=47 view=0
03:10:16.007 DBG Starting timer. sn=50 view=0
03:10:16.008 INF Committed entry. latency=0 nReq=64 sn=45
03:10:16.008 DBG Starting timer. sn=49 view=0
03:10:16.008 INF Committed entry. latency=0 nReq=65 sn=44
03:10:16.009 INF Delivered batch. nReq=65 sn=44
03:10:16.009 INF Committed entry. latency=0 nReq=64 sn=47
03:10:16.009 INF Delivered batch. nReq=64 sn=45
03:10:16.009 INF Delivered batch. nReq=64 sn=46
03:10:16.009 INF Delivered batch. nReq=64 sn=47
03:10:16.009 DBG Starting timer. sn=48 view=0
03:10:16.009 DBG Starting timer. sn=51 view=0
03:10:16.984 DBG Batch ready. batchSize=4096
03:10:16.984 DBG Batch cut. left=0 nBuckets=16 nReq=64 next=0
03:10:16.984 DBG Waiting for batch. batchSize=4096
03:10:16.986 INF Sending PREPREPARE. nReq=64 senderID=2 sn=50 view=0
03:10:16.993 INF Handling PREPREPARE. nReq=64 senderID=1 sn=49
03:10:16.993 DBG Creating new Batch. nReq=64
03:10:16.995 INF Handling PREPREPARE. nReq=64 senderID=0 sn=48
03:10:16.995 DBG Creating new Batch. nReq=64
03:10:16.997 INF Handling PREPREPARE. nReq=64 senderID=3 sn=51
03:10:16.997 DBG Creating new Batch. nReq=64
03:10:17.008 DBG Sending COMMIT. senderID=2 sn=50 view=0
03:10:17.008 DBG Sending PREPARE. senderID=2 sn=48 view=0
03:10:17.008 DBG Sending COMMIT. senderID=2 sn=48 view=0
03:10:17.009 INF Committed entry. latency=0 nReq=64 sn=50
03:10:17.009 DBG Starting timer. sn=54 view=0
03:10:17.009 DBG Sending PREPARE. senderID=2 sn=51 view=0
03:10:17.009 DBG Sending COMMIT. senderID=2 sn=51 view=0
03:10:17.009 DBG Sending PREPARE. senderID=2 sn=49 view=0
03:10:17.010 DBG Sending COMMIT. senderID=2 sn=49 view=0
03:10:17.010 INF Committed entry. latency=0 nReq=64 sn=48
03:10:17.010 INF Delivered batch. nReq=64 sn=48
03:10:17.010 INF Committed entry. latency=0 nReq=64 sn=51
03:10:17.010 INF Committed entry. latency=0 nReq=64 sn=49
03:10:17.010 INF Delivered batch. nReq=64 sn=49
03:10:17.011 INF Delivered batch. nReq=64 sn=50
03:10:17.011 INF Delivered batch. nReq=64 sn=51
03:10:17.011 DBG Starting timer. sn=52 view=0
03:10:17.011 DBG Starting timer. sn=55 view=0
03:10:17.011 DBG Starting timer. sn=53 view=0
03:10:17.986 DBG Batch ready. batchSize=4096
03:10:17.987 DBG Batch cut. left=0 nBuckets=16 nReq=64 next=0
03:10:17.987 DBG Waiting for batch. batchSize=4096
03:10:17.988 INF Sending PREPREPARE. nReq=64 senderID=2 sn=54 view=0
03:10:17.993 INF Handling PREPREPARE. nReq=64 senderID=1 sn=53
03:10:17.993 DBG Creating new Batch. nReq=64
03:10:17.996 INF Handling PREPREPARE. nReq=64 senderID=3 sn=55
03:10:17.996 DBG Creating new Batch. nReq=64
03:10:17.997 INF Handling PREPREPARE. nReq=64 senderID=0 sn=52
03:10:17.998 DBG Creating new Batch. nReq=64
03:10:18.002 DBG Sending PREPARE. senderID=2 sn=53 view=0
03:10:18.005 DBG Sending COMMIT. senderID=2 sn=53 view=0
03:10:18.006 DBG Sending PREPARE. senderID=2 sn=52 view=0
03:10:18.007 INF Committed entry. latency=0 nReq=64 sn=53
03:10:18.007 DBG Starting timer. sn=57 view=0
03:10:18.008 DBG Sending PREPARE. senderID=2 sn=55 view=0
03:10:18.009 DBG Sending COMMIT. senderID=2 sn=55 view=0
03:10:18.009 DBG Sending COMMIT. senderID=2 sn=54 view=0
03:10:18.010 DBG Sending COMMIT. senderID=2 sn=52 view=0
03:10:18.011 INF Committed entry. latency=0 nReq=64 sn=55
03:10:18.011 INF Committed entry. latency=0 nReq=64 sn=54
03:10:18.011 DBG Starting timer. sn=59 view=0
03:10:18.011 DBG Starting timer. sn=58 view=0
03:10:18.012 INF Committed entry. latency=0 nReq=64 sn=52
03:10:18.012 INF Delivered batch. nReq=64 sn=52
03:10:18.012 INF Delivered batch. nReq=64 sn=53
03:10:18.012 INF Delivered batch. nReq=64 sn=54
03:10:18.012 INF Delivered batch. nReq=64 sn=55
03:10:18.012 DBG Starting timer. sn=56 view=0
03:10:18.987 DBG Batch ready. batchSize=4096
03:10:18.988 DBG Batch cut. left=0 nBuckets=16 nReq=64 next=0
03:10:18.988 DBG Waiting for batch. batchSize=4096
03:10:18.989 INF Sending PREPREPARE. nReq=64 senderID=2 sn=58 view=0
03:10:18.994 INF Handling PREPREPARE. nReq=64 senderID=1 sn=57
03:10:18.995 DBG Creating new Batch. nReq=64
03:10:19.001 INF Handling PREPREPARE. nReq=64 senderID=3 sn=59
03:10:19.001 DBG Creating new Batch. nReq=64
03:10:19.002 DBG Sending PREPARE. senderID=2 sn=57 view=0
03:10:19.003 INF Handling PREPREPARE. nReq=64 senderID=0 sn=56
03:10:19.003 DBG Creating new Batch. nReq=64
03:10:19.003 DBG Sending COMMIT. senderID=2 sn=57 view=0
03:10:19.007 INF Committed entry. latency=0 nReq=64 sn=57
03:10:19.007 DBG Starting timer. sn=61 view=0
03:10:19.010 DBG Sending COMMIT. senderID=2 sn=58 view=0
03:10:19.011 DBG Sending PREPARE. senderID=2 sn=56 view=0
03:10:19.012 DBG Sending PREPARE. senderID=2 sn=59 view=0
03:10:19.012 DBG Sending COMMIT. senderID=2 sn=59 view=0
03:10:19.012 DBG Sending COMMIT. senderID=2 sn=56 view=0
03:10:19.012 INF Committed entry. latency=0 nReq=64 sn=58
03:10:19.013 DBG Starting timer. sn=62 view=0
03:10:19.013 INF Committed entry. latency=0 nReq=64 sn=56
03:10:19.014 INF Committed entry. latency=0 nReq=64 sn=59
03:10:19.014 INF Delivered batch. nReq=64 sn=56
03:10:19.014 INF Delivered batch. nReq=64 sn=57
03:10:19.014 INF Delivered batch. nReq=64 sn=58
03:10:19.014 INF Delivered batch. nReq=64 sn=59
03:10:19.014 DBG Starting timer. sn=60 view=0
03:10:19.014 DBG Starting timer. sn=63 view=0
03:10:19.989 DBG Batch ready. batchSize=4096
03:10:19.990 DBG Batch cut. left=0 nBuckets=16 nReq=64 next=0
03:10:19.990 DBG Waiting for batch. batchSize=4096
03:10:19.991 INF Sending PREPREPARE. nReq=64 senderID=2 sn=62 view=0
03:10:19.996 INF Handling PREPREPARE. nReq=65 senderID=1 sn=61
03:10:19.996 DBG Creating new Batch. nReq=65
03:10:20.000 INF Handling PREPREPARE. nReq=64 senderID=3 sn=63
03:10:20.000 DBG Creating new Batch. nReq=64
03:10:20.006 INF Handling PREPREPARE. nReq=64 senderID=0 sn=60
03:10:20.006 DBG Creating new Batch. nReq=64
03:10:20.007 DBG Sending PREPARE. senderID=2 sn=61 view=0
03:10:20.007 DBG Sending COMMIT. senderID=2 sn=61 view=0
03:10:20.009 DBG Sending PREPARE. senderID=2 sn=63 view=0
03:10:20.010 INF Committed entry. latency=0 nReq=65 sn=61
03:10:20.010 DBG Starting timer. sn=65 view=0
03:10:20.011 DBG Sending COMMIT. senderID=2 sn=63 view=0
03:10:20.012 DBG Sending COMMIT. senderID=2 sn=62 view=0
03:10:20.012 INF Committed entry. latency=0 nReq=64 sn=62
03:10:20.012 DBG Starting timer. sn=66 view=0
03:10:20.013 INF Committed entry. latency=0 nReq=64 sn=63
03:10:20.013 DBG Starting timer. sn=67 view=0
03:10:20.015 DBG Sending PREPARE. senderID=2 sn=60 view=0
03:10:20.015 DBG Sending COMMIT. senderID=2 sn=60 view=0
03:10:20.016 INF Committed entry. latency=0 nReq=64 sn=60
03:10:20.016 INF Delivered batch. nReq=64 sn=60
03:10:20.016 INF Delivered batch. nReq=65 sn=61
03:10:20.016 INF Delivered batch. nReq=64 sn=62
03:10:20.017 INF Delivered batch. nReq=64 sn=63
03:10:20.017 DBG Starting timer. sn=64 view=0
03:10:20.990 DBG Batch ready. batchSize=4096
03:10:20.991 DBG Batch cut. left=0 nBuckets=16 nReq=64 next=0
03:10:20.991 DBG Waiting for batch. batchSize=4096
03:10:20.992 INF Sending PREPREPARE. nReq=64 senderID=2 sn=66 view=0
03:10:20.997 INF Handling PREPREPARE. nReq=64 senderID=1 sn=65
03:10:20.997 DBG Creating new Batch. nReq=64
03:10:21.004 INF Handling PREPREPARE. nReq=64 senderID=3 sn=67
03:10:21.004 DBG Creating new Batch. nReq=64
03:10:21.006 DBG Sending PREPARE. senderID=2 sn=65 view=0
03:10:21.006 DBG Sending COMMIT. senderID=2 sn=65 view=0
03:10:21.006 INF Handling PREPREPARE. nReq=64 senderID=0 sn=64
03:10:21.006 DBG Creating new Batch. nReq=64
03:10:21.010 DBG Sending COMMIT. senderID=2 sn=66 view=0
03:10:21.010 INF Committed entry. latency=0 nReq=64 sn=65
03:10:21.010 DBG Starting timer. sn=69 view=0
03:10:21.011 INF Committed entry. latency=0 nReq=64 sn=66
03:10:21.012 DBG Starting timer. sn=70 view=0
03:10:21.014 DBG Sending PREPARE. senderID=2 sn=67 view=0
03:10:21.015 DBG Sending PREPARE. senderID=2 sn=64 view=0
03:10:21.015 DBG Sending COMMIT. senderID=2 sn=67 view=0
03:10:21.017 DBG Sending COMMIT. senderID=2 sn=64 view=0
03:10:21.017 INF Committed entry. latency=0 nReq=64 sn=67
03:10:21.017 DBG Starting timer. sn=71 view=0
03:10:21.018 INF Committed entry. latency=0 nReq=64 sn=64
03:10:21.018 INF Delivered batch. nReq=64 sn=64
03:10:21.018 INF Delivered batch. nReq=64 sn=65
03:10:21.018 INF Delivered batch. nReq=64 sn=66
03:10:21.018 INF Delivered batch. nReq=64 sn=67
03:10:21.019 DBG Starting timer. sn=68 view=0
03:10:21.992 DBG Batch ready. batchSize=4096
03:10:21.993 DBG Batch cut. left=0 nBuckets=16 nReq=65 next=0
03:10:21.993 DBG Waiting for batch. batchSize=4096
03:10:21.994 INF Sending PREPREPARE. nReq=65 senderID=2 sn=70 view=0
03:10:21.999 INF Handling PREPREPARE. nReq=64 senderID=1 sn=69
03:10:21.999 DBG Creating new Batch. nReq=64
03:10:22.004 INF Handling PREPREPARE. nReq=64 senderID=3 sn=71
03:10:22.004 DBG Creating new Batch. nReq=64
03:10:22.007 DBG Sending PREPARE. senderID=2 sn=69 view=0
03:10:22.009 INF Handling PREPREPARE. nReq=64 senderID=0 sn=68
03:10:22.009 DBG Creating new Batch. nReq=64
03:10:22.010 DBG Sending COMMIT. senderID=2 sn=69 view=0
03:10:22.011 INF Committed entry. latency=0 nReq=64 sn=69
03:10:22.011 DBG Starting timer. sn=73 view=0
03:10:22.015 DBG Sending COMMIT. senderID=2 sn=70 view=0
03:10:22.016 DBG Sending PREPARE. senderID=2 sn=71 view=0
03:10:22.016 DBG Sending COMMIT. senderID=2 sn=71 view=0
03:10:22.016 INF Committed entry. latency=0 nReq=65 sn=70
03:10:22.017 DBG Starting timer. sn=74 view=0
03:10:22.017 DBG Sending PREPARE. senderID=2 sn=68 view=0
03:10:22.017 DBG Sending COMMIT. senderID=2 sn=68 view=0
03:10:22.017 INF Committed entry. latency=0 nReq=64 sn=71
03:10:22.018 DBG Starting timer. sn=75 view=0
03:10:22.018 INF Committed entry. latency=0 nReq=64 sn=68
03:10:22.019 INF Delivered batch. nReq=64 sn=68
03:10:22.019 INF Delivered batch. nReq=64 sn=69
03:10:22.019 INF Delivered batch. nReq=65 sn=70
03:10:22.019 INF Delivered batch. nReq=64 sn=71
03:10:22.019 DBG Starting timer. sn=72 view=0
03:10:22.994 DBG Batch ready. batchSize=4096
03:10:22.994 DBG Batch cut. left=0 nBuckets=16 nReq=64 next=0
03:10:22.994 DBG Waiting for batch. batchSize=4096
03:10:22.996 INF Sending PREPREPARE. nReq=64 senderID=2 sn=74 view=0
03:10:22.999 INF Handling PREPREPARE. nReq=64 senderID=1 sn=73
03:10:23.000 DBG Creating new Batch. nReq=64
03:10:23.008 INF Handling PREPREPARE. nReq=65 senderID=3 sn=75
03:10:23.008 DBG Creating new Batch. nReq=65
03:10:23.009 INF Handling PREPREPARE. nReq=64 senderID=0 sn=72
03:10:23.011 DBG Creating new Batch. nReq=64
03:10:23.011 DBG Sending PREPARE. senderID=2 sn=73 view=0
03:10:23.012 DBG Sending COMMIT. senderID=2 sn=73 view=0
03:10:23.014 INF Committed entry. latency=0 nReq=64 sn=73
03:10:23.014 DBG Sending COMMIT. senderID=2 sn=74 view=0
03:10:23.014 DBG Starting timer. sn=77 view=0
03:10:23.017 INF Committed entry. latency=0 nReq=64 sn=74
03:10:23.017 DBG Starting timer. sn=78 view=0
03:10:23.018 DBG Sending PREPARE. senderID=2 sn=75 view=0
03:10:23.018 DBG Sending COMMIT. senderID=2 sn=75 view=0
03:10:23.019 DBG Sending PREPARE. senderID=2 sn=72 view=0
03:10:23.019 DBG Sending COMMIT. senderID=2 sn=72 view=0
03:10:23.021 INF Committed entry. latency=0 nReq=65 sn=75
03:10:23.021 DBG Starting timer. sn=79 view=0
03:10:23.021 INF Committed entry. latency=0 nReq=64 sn=72
03:10:23.021 INF Delivered batch. nReq=64 sn=72
03:10:23.022 INF Delivered batch. nReq=64 sn=73
03:10:23.022 INF Delivered batch. nReq=64 sn=74
03:10:23.022 INF Delivered batch. nReq=65 sn=75
03:10:23.022 DBG Starting timer. sn=76 view=0
03:10:23.995 DBG Batch ready. batchSize=4096
03:10:23.996 DBG Batch cut. left=0 nBuckets=16 nReq=64 next=0
03:10:23.996 DBG Waiting for batch. batchSize=4096
03:10:23.997 INF Sending PREPREPARE. nReq=64 senderID=2 sn=78 view=0
03:10:24.001 INF Handling PREPREPARE. nReq=64 senderID=1 sn=77
03:10:24.001 DBG Creating new Batch. nReq=64
03:10:24.008 INF Handling PREPREPARE. nReq=64 senderID=3 sn=79
03:10:24.009 DBG Creating new Batch. nReq=64
03:10:24.010 INF Handling PREPREPARE. nReq=65 senderID=0 sn=76
03:10:24.010 DBG Creating new Batch. nReq=65
03:10:24.012 DBG Sending PREPARE. senderID=2 sn=77 view=0
03:10:24.013 DBG Sending COMMIT. senderID=2 sn=77 view=0
03:10:24.017 INF Committed entry. latency=0 nReq=64 sn=77
03:10:24.017 DBG Starting timer. sn=81 view=0
03:10:24.018 DBG Sending PREPARE. senderID=2 sn=79 view=0
03:10:24.018 DBG Sending COMMIT. senderID=2 sn=78 view=0
03:10:24.019 INF Committed entry. latency=0 nReq=64 sn=78
03:10:24.019 DBG Starting timer. sn=82 view=0
03:10:24.020 DBG Sending COMMIT. senderID=2 sn=79 view=0
03:10:24.020 DBG Sending PREPARE. senderID=2 sn=76 view=0
03:10:24.021 DBG Sending COMMIT. senderID=2 sn=76 view=0
03:10:24.021 INF Committed entry. latency=0 nReq=64 sn=79
03:10:24.021 DBG Starting timer. sn=83 view=0
03:10:24.021 INF Committed entry. latency=0 nReq=65 sn=76
03:10:24.022 INF Delivered batch. nReq=65 sn=76
03:10:24.022 INF Delivered batch. nReq=64 sn=77
03:10:24.022 INF Delivered batch. nReq=64 sn=78
03:10:24.022 INF Delivered batch. nReq=64 sn=79
03:10:24.022 DBG Starting timer. sn=80 view=0
03:10:24.997 DBG Batch ready. batchSize=4096
03:10:24.998 DBG Batch cut. left=0 nBuckets=16 nReq=64 next=0
03:10:24.998 DBG Waiting for batch. batchSize=4096
03:10:24.999 INF Sending PREPREPARE. nReq=64 senderID=2 sn=82 view=0
03:10:25.003 INF Handling PREPREPARE. nReq=64 senderID=1 sn=81
03:10:25.003 DBG Creating new Batch. nReq=64
03:10:25.009 INF Handling PREPREPARE. nReq=64 senderID=3 sn=83
03:10:25.010 DBG Creating new Batch. nReq=64
03:10:25.011 INF Handling PREPREPARE. nReq=64 senderID=0 sn=80
03:10:25.011 DBG Creating new Batch. nReq=64
03:10:25.014 DBG Sending PREPARE. senderID=2 sn=81 view=0
03:10:25.015 DBG Sending COMMIT. senderID=2 sn=81 view=0
03:10:25.015 INF Committed entry. latency=0 nReq=64 sn=81
03:10:25.016 DBG Starting timer. sn=85 view=0
03:10:25.020 DBG Sending PREPARE. senderID=2 sn=80 view=0
03:10:25.020 DBG Sending PREPARE. senderID=2 sn=83 view=0
03:10:25.021 DBG Sending COMMIT. senderID=2 sn=82 view=0
03:10:25.021 DBG Sending COMMIT. senderID=2 sn=83 view=0
03:10:25.022 DBG Sending COMMIT. senderID=2 sn=80 view=0
03:10:25.022 INF Committed entry. latency=0 nReq=64 sn=82
03:10:25.022 DBG Starting timer. sn=86 view=0
03:10:25.023 INF Committed entry. latency=0 nReq=64 sn=83
03:10:25.023 DBG Starting timer. sn=87 view=0
03:10:25.023 INF Committed entry. latency=0 nReq=64 sn=80
03:10:25.024 INF Delivered batch. nReq=64 sn=80
03:10:25.024 INF Delivered batch. nReq=64 sn=81
03:10:25.024 INF Delivered batch. nReq=64 sn=82
03:10:25.024 INF Delivered batch. nReq=64 sn=83
03:10:25.024 DBG Starting timer. sn=84 view=0
03:10:25.999 DBG Batch ready. batchSize=4096
03:10:25.999 DBG Batch cut. left=0 nBuckets=16 nReq=64 next=0
03:10:26.000 DBG Waiting for batch. batchSize=4096
03:10:26.002 INF Sending PREPREPARE. nReq=64 senderID=2 sn=86 view=0
03:10:26.004 INF Handling PREPREPARE. nReq=64 senderID=1 sn=85
03:10:26.004 DBG Creating new Batch. nReq=64
03:10:26.010 INF Handling PREPREPARE. nReq=64 senderID=3 sn=87
03:10:26.010 DBG Creating new Batch. nReq=64
03:10:26.011 DBG Sending PREPARE. senderID=2 sn=85 view=0
03:10:26.013 INF Handling PREPREPARE. nReq=64 senderID=0 sn=84
03:10:26.013 DBG Creating new Batch. nReq=64
03:10:26.015 DBG Sending COMMIT. senderID=2 sn=85 view=0
03:10:26.016 INF Committed entry. latency=0 nReq=64 sn=85
03:10:26.016 DBG Starting timer. sn=89 view=0
03:10:26.021 DBG Sending PREPARE. senderID=2 sn=87 view=0
03:10:26.022 DBG Sending PREPARE. senderID=2 sn=84 view=0
03:10:26.023 DBG Sending COMMIT. senderID=2 sn=86 view=0
03:10:26.023 DBG Sending COMMIT. senderID=2 sn=87 view=0
03:10:26.024 DBG Sending COMMIT. senderID=2 sn=84 view=0
03:10:26.024 INF Committed entry. latency=0 nReq=64 sn=87
03:10:26.024 INF Committed entry. latency=0 nReq=64 sn=86
03:10:26.024 DBG Starting timer. sn=90 view=0
03:10:26.024 DBG Starting timer. sn=91 view=0
03:10:26.025 INF Committed entry. latency=0 nReq=64 sn=84
03:10:26.025 INF Delivered batch. nReq=64 sn=84
03:10:26.025 INF Delivered batch. nReq=64 sn=85
03:10:26.025 INF Delivered batch. nReq=64 sn=86
03:10:26.025 INF Delivered batch. nReq=64 sn=87
03:10:26.026 DBG Starting timer. sn=88 view=0
03:10:27.001 DBG Batch ready. batchSize=4096
03:10:27.001 DBG Batch cut. left=0 nBuckets=16 nReq=64 next=0
03:10:27.001 DBG Waiting for batch. batchSize=4096
03:10:27.003 INF Sending PREPREPARE. nReq=64 senderID=2 sn=90 view=0
03:10:27.006 INF Handling PREPREPARE. nReq=64 senderID=1 sn=89
03:10:27.006 DBG Creating new Batch. nReq=64
03:10:27.015 DBG Sending PREPARE. senderID=2 sn=89 view=0
03:10:27.015 INF Handling PREPREPARE. nReq=64 senderID=3 sn=91
03:10:27.015 DBG Sending COMMIT. senderID=2 sn=89 view=0
03:10:27.016 DBG Creating new Batch. nReq=64
03:10:27.018 INF Committed entry. latency=0 nReq=64 sn=89
03:10:27.019 DBG Starting timer. sn=93 view=0
03:10:27.019 INF Handling PREPREPARE. nReq=64 senderID=0 sn=88
03:10:27.019 DBG Creating new Batch. nReq=64
03:10:27.023 DBG Sending COMMIT. senderID=2 sn=90 view=0
03:10:27.024 INF Committed entry. latency=0 nReq=64 sn=90
03:10:27.024 DBG Starting timer. sn=94 view=0
03:10:27.026 DBG Sending PREPARE. senderID=2 sn=88 view=0
03:10:27.027 DBG Sending PREPARE. senderID=2 sn=91 view=0
03:10:27.027 DBG Sending COMMIT. senderID=2 sn=91 view=0
03:10:27.027 INF Committed entry. latency=0 nReq=64 sn=91
03:10:27.027 DBG Starting timer. sn=95 view=0
03:10:27.029 DBG Sending COMMIT. senderID=2 sn=88 view=0
03:10:27.030 INF Committed entry. latency=0 nReq=64 sn=88
03:10:27.030 INF Delivered batch. nReq=64 sn=88
03:10:27.030 INF Delivered batch. nReq=64 sn=89
03:10:27.030 INF Delivered batch. nReq=64 sn=90
03:10:27.030 INF Delivered batch. nReq=64 sn=91
03:10:27.031 DBG Starting timer. sn=92 view=0
03:10:28.003 DBG Batch ready. batchSize=4096
03:10:28.003 DBG Batch cut. left=0 nBuckets=16 nReq=64 next=0
03:10:28.003 DBG Waiting for batch. batchSize=4096
03:10:28.005 INF Sending PREPREPARE. nReq=64 senderID=2 sn=94 view=0
03:10:28.007 INF Handling PREPREPARE. nReq=64 senderID=1 sn=93
03:10:28.007 DBG Creating new Batch. nReq=64
03:10:28.013 INF Handling PREPREPARE. nReq=64 senderID=3 sn=95
03:10:28.013 DBG Creating new Batch. nReq=64
03:10:28.016 DBG Sending PREPARE. senderID=2 sn=93 view=0
03:10:28.018 DBG Sending COMMIT. senderID=2 sn=93 view=0
03:10:28.019 INF Handling PREPREPARE. nReq=64 senderID=0 sn=92
03:10:28.019 DBG Creating new Batch. nReq=64
03:10:28.020 INF Committed entry. latency=0 nReq=64 sn=93
03:10:28.020 DBG Starting timer. sn=97 view=0
03:10:28.024 DBG Sending PREPARE. senderID=2 sn=95 view=0
03:10:28.025 DBG Sending COMMIT. senderID=2 sn=95 view=0
03:10:28.026 DBG Sending COMMIT. senderID=2 sn=94 view=0
03:10:28.026 INF Committed entry. latency=0 nReq=64 sn=95
03:10:28.027 DBG Starting timer. sn=99 view=0
03:10:28.027 INF Committed entry. latency=0 nReq=64 sn=94
03:10:28.028 DBG Starting timer. sn=98 view=0
03:10:28.028 DBG Sending PREPARE. senderID=2 sn=92 view=0
03:10:28.029 DBG Sending COMMIT. senderID=2 sn=92 view=0
03:10:28.030 INF Committed entry. latency=0 nReq=64 sn=92
03:10:28.030 INF Delivered batch. nReq=64 sn=92
03:10:28.031 INF Delivered batch. nReq=64 sn=93
03:10:28.031 INF Delivered batch. nReq=64 sn=94
03:10:28.031 INF Delivered batch. nReq=64 sn=95
03:10:28.031 DBG Starting timer. sn=96 view=0
03:10:29.004 DBG Batch ready. batchSize=4096
03:10:29.005 DBG Batch cut. left=0 nBuckets=16 nReq=64 next=0
03:10:29.005 DBG Waiting for batch. batchSize=4096
03:10:29.006 INF Sending PREPREPARE. nReq=64 senderID=2 sn=98 view=0
03:10:29.009 INF Handling PREPREPARE. nReq=64 senderID=1 sn=97
03:10:29.009 DBG Creating new Batch. nReq=64
03:10:29.014 INF Handling PREPREPARE. nReq=64 senderID=3 sn=99
03:10:29.014 DBG Creating new Batch. nReq=64
03:10:29.017 DBG Sending PREPARE. senderID=2 sn=97 view=0
03:10:29.019 DBG Sending COMMIT. senderID=2 sn=97 view=0
03:10:29.020 INF Committed entry. latency=0 nReq=64 sn=97
03:10:29.021 DBG Starting timer. sn=101 view=0
03:10:29.023 DBG Sending PREPARE. senderID=2 sn=99 view=0
03:10:29.024 INF Handling PREPREPARE. nReq=64 senderID=0 sn=96
03:10:29.024 DBG Creating new Batch. nReq=64
03:10:29.025 DBG Sending COMMIT. senderID=2 sn=99 view=0
03:10:29.026 INF Committed entry. latency=0 nReq=64 sn=99
03:10:29.026 DBG Starting timer. sn=103 view=0
03:10:29.026 DBG Sending COMMIT. senderID=2 sn=98 view=0
03:10:29.028 INF Committed entry. latency=0 nReq=64 sn=98
03:10:29.029 DBG Starting timer. sn=102 view=0
03:10:29.032 DBG Sending PREPARE. senderID=2 sn=96 view=0
03:10:29.033 DBG Sending COMMIT. senderID=2 sn=96 view=0
03:10:29.034 INF Committed entry. latency=0 nReq=64 sn=96
03:10:29.035 INF Delivered batch. nReq=64 sn=96
03:10:29.035 INF Delivered batch. nReq=64 sn=97
03:10:29.035 INF Delivered batch. nReq=64 sn=98
03:10:29.035 INF Delivered batch. nReq=64 sn=99
03:10:29.035 DBG Starting timer. sn=100 view=0
03:10:30.006 DBG Batch ready. batchSize=4096
03:10:30.006 DBG Batch cut. left=0 nBuckets=16 nReq=65 next=0
03:10:30.007 DBG Waiting for batch. batchSize=4096
03:10:30.009 INF Sending PREPREPARE. nReq=65 senderID=2 sn=102 view=0
03:10:30.009 INF Handling PREPREPARE. nReq=64 senderID=1 sn=101
03:10:30.010 DBG Creating new Batch. nReq=64
03:10:30.017 DBG Sending PREPARE. senderID=2 sn=101 view=0
03:10:30.018 DBG Sending COMMIT. senderID=2 sn=101 view=0
03:10:30.020 INF Committed entry. latency=0 nReq=64 sn=101
03:10:30.020 DBG Starting timer. sn=105 view=0
03:10:30.021 INF Handling PREPREPARE. nReq=64 senderID=3 sn=103
03:10:30.022 DBG Creating new Batch. nReq=64
03:10:30.023 INF Handling PREPREPARE. nReq=64 senderID=0 sn=100
03:10:30.023 DBG Creating new Batch. nReq=64
03:10:30.029 DBG Sending COMMIT. senderID=2 sn=102 view=0
03:10:30.031 DBG Sending PREPARE. senderID=2 sn=100 view=0
03:10:30.031 INF Committed entry. latency=0 nReq=65 sn=102
03:10:30.031 DBG Starting timer. sn=106 view=0
03:10:30.032 DBG Sending PREPARE. senderID=2 sn=103 view=0
03:10:30.032 DBG Sending COMMIT. senderID=2 sn=103 view=0
03:10:30.032 DBG Sending COMMIT. senderID=2 sn=100 view=0
03:10:30.032 INF Committed entry. latency=0 nReq=64 sn=103
03:10:30.033 DBG Starting timer. sn=107 view=0
03:10:30.035 INF Committed entry. latency=0 nReq=64 sn=100
03:10:30.035 INF Delivered batch. nReq=64 sn=100
03:10:30.035 INF Delivered batch. nReq=64 sn=101
03:10:30.035 INF Delivered batch. nReq=65 sn=102
03:10:30.035 INF Delivered batch. nReq=64 sn=103
03:10:30.035 DBG Starting timer. sn=104 view=0
03:10:31.008 DBG Batch ready. batchSize=4096
03:10:31.008 DBG Batch cut. left=0 nBuckets=16 nReq=64 next=0
03:10:31.008 DBG Waiting for batch. batchSize=4096
03:10:31.010 INF Sending PREPREPARE. nReq=64 senderID=2 sn=106 view=0
03:10:31.011 INF Handling PREPREPARE. nReq=65 senderID=1 sn=105
03:10:31.011 DBG Creating new Batch. nReq=65
03:10:31.019 DBG Sending PREPARE. senderID=2 sn=105 view=0
03:10:31.019 INF Handling PREPREPARE. nReq=64 senderID=3 sn=107
03:10:31.019 DBG Creating new Batch. nReq=64
03:10:31.020 DBG Sending COMMIT. senderID=2 sn=105 view=0
03:10:31.023 INF Committed entry. latency=0 nReq=65 sn=105
03:10:31.023 DBG Starting timer. sn=109 view=0
03:10:31.025 INF Handling PREPREPARE. nReq=65 senderID=0 sn=104
03:10:31.025 DBG Creating new Batch. nReq=65
03:10:31.029 DBG Sending COMMIT. senderID=2 sn=106 view=0
03:10:31.030 DBG Sending PREPARE. senderID=2 sn=107 view=0
03:10:31.030 INF Committed entry. latency=0 nReq=64 sn=106
03:10:31.030 DBG Sending COMMIT. senderID=2 sn=107 view=0
03:10:31.030 DBG Starting timer. sn=110 view=0
03:10:31.032 INF Committed entry. latency=0 nReq=64 sn=107
03:10:31.033 DBG Starting timer. sn=111 view=0
03:10:31.034 DBG Sending PREPARE. senderID=2 sn=104 view=0
03:10:31.035 DBG Sending COMMIT. senderID=2 sn=104 view=0
03:10:31.037 INF Committed entry. latency=0 nReq=65 sn=104
03:10:31.037 INF Delivered batch. nReq=65 sn=104
03:10:31.037 INF Delivered batch. nReq=65 sn=105
03:10:31.037 INF Delivered batch. nReq=64 sn=106
03:10:31.037 INF Delivered batch. nReq=64 sn=107
03:10:31.037 DBG Starting timer. sn=108 view=0
03:10:32.009 DBG Batch ready. batchSize=4096
03:10:32.010 DBG Batch cut. left=0 nBuckets=16 nReq=64 next=0
03:10:32.010 DBG Waiting for batch. batchSize=4096
03:10:32.012 INF Sending PREPREPARE. nReq=64 senderID=2 sn=110 view=0
03:10:32.012 INF Handling PREPREPARE. nReq=64 senderID=1 sn=109
03:10:32.013 DBG Creating new Batch. nReq=64
03:10:32.021 DBG Sending PREPARE. senderID=2 sn=109 view=0
03:10:32.021 INF Handling PREPREPARE. nReq=65 senderID=3 sn=111
03:10:32.021 DBG Creating new Batch. nReq=65
03:10:32.021 DBG Sending COMMIT. senderID=2 sn=109 view=0
03:10:32.023 INF Committed entry. latency=0 nReq=64 sn=109
03:10:32.023 DBG Starting timer. sn=113 view=0
03:10:32.026 INF Handling PREPREPARE. nReq=64 senderID=0 sn=108
03:10:32.027 DBG Creating new Batch. nReq=64
03:10:32.032 DBG Sending PREPARE. senderID=2 sn=111 view=0
03:10:32.033 DBG Sending COMMIT. senderID=2 sn=111 view=0
03:10:32.033 DBG Sending COMMIT. senderID=2 sn=110 view=0
03:10:32.035 INF Committed entry. latency=0 nReq=64 sn=110
03:10:32.035 INF Committed entry. latency=0 nReq=65 sn=111
03:10:32.036 DBG Starting timer. sn=114 view=0
03:10:32.036 DBG Starting timer. sn=115 view=0
03:10:32.036 DBG Sending PREPARE. senderID=2 sn=108 view=0
03:10:32.037 DBG Sending COMMIT. senderID=2 sn=108 view=0
03:10:32.039 INF Committed entry. latency=0 nReq=64 sn=108
03:10:32.039 INF Delivered batch. nReq=64 sn=108
03:10:32.039 INF Delivered batch. nReq=64 sn=109
03:10:32.039 INF Delivered batch. nReq=64 sn=110
03:10:32.039 INF Delivered batch. nReq=65 sn=111
03:10:32.039 DBG Starting timer. sn=112 view=0
03:10:33.011 DBG Batch ready. batchSize=4096
03:10:33.012 DBG Batch cut. left=0 nBuckets=16 nReq=64 next=0
03:10:33.012 DBG Waiting for batch. batchSize=4096
03:10:33.013 INF Sending PREPREPARE. nReq=64 senderID=2 sn=114 view=0
03:10:33.014 INF Handling PREPREPARE. nReq=64 senderID=1 sn=113
03:10:33.014 DBG Creating new Batch. nReq=64
03:10:33.021 DBG Sending PREPARE. senderID=2 sn=113 view=0
03:10:33.021 INF Handling PREPREPARE. nReq=64 senderID=3 sn=115
03:10:33.022 DBG Creating new Batch. nReq=64
03:10:33.022 DBG Sending COMMIT. senderID=2 sn=113 view=0
03:10:33.025 INF Committed entry. latency=0 nReq=64 sn=113
03:10:33.025 DBG Starting timer. sn=117 view=0
03:10:33.028 INF Handling PREPREPARE. nReq=64 senderID=0 sn=112
03:10:33.028 DBG Creating new Batch. nReq=64
03:10:33.031 DBG Sending PREPARE. senderID=2 sn=115 view=0
03:10:33.035 DBG Sending COMMIT. senderID=2 sn=115 view=0
03:10:33.035 DBG Sending COMMIT. senderID=2 sn=114 view=0
03:10:33.035 INF Committed entry. latency=0 nReq=64 sn=115
03:10:33.035 DBG Starting timer. sn=119 view=0
03:10:33.036 INF Committed entry. latency=0 nReq=64 sn=114
03:10:33.036 DBG Starting timer. sn=118 view=0
03:10:33.038 DBG Sending PREPARE. senderID=2 sn=112 view=0
03:10:33.038 DBG Sending COMMIT. senderID=2 sn=112 view=0
03:10:33.039 INF Committed entry. latency=0 nReq=64 sn=112
03:10:33.039 INF Delivered batch. nReq=64 sn=112
03:10:33.039 INF Delivered batch. nReq=64 sn=113
03:10:33.039 INF Delivered batch. nReq=64 sn=114
03:10:33.039 INF Delivered batch. nReq=64 sn=115
03:10:33.039 DBG Starting timer. sn=116 view=0
03:10:34.012 DBG Batch ready. batchSize=4096
03:10:34.013 DBG Batch cut. left=0 nBuckets=16 nReq=64 next=0
03:10:34.013 DBG Waiting for batch. batchSize=4096
03:10:34.015 INF Sending PREPREPARE. nReq=64 senderID=2 sn=118 view=0
03:10:34.015 INF Handling PREPREPARE. nReq=64 senderID=1 sn=117
03:10:34.015 DBG Creating new Batch. nReq=64
03:10:34.022 DBG Sending PREPARE. senderID=2 sn=117 view=0
03:10:34.024 DBG Sending COMMIT. senderID=2 sn=117 view=0
03:10:34.026 INF Committed entry. latency=0 nReq=64 sn=117
03:10:34.026 DBG Starting timer. sn=121 view=0
03:10:34.027 INF Handling PREPREPARE. nReq=64 senderID=3 sn=119
03:10:34.027 DBG Creating new Batch. nReq=64
03:10:34.028 INF Handling PREPREPARE. nReq=64 senderID=0 sn=116
03:10:34.028 DBG Creating new Batch. nReq=64
03:10:34.034 DBG Sending COMMIT. senderID=2 sn=118 view=0
03:10:34.036 DBG Sending PREPARE. senderID=2 sn=116 view=0
03:10:34.036 INF Committed entry. latency=0 nReq=64 sn=118
03:10:34.037 DBG Starting timer. sn=122 view=0
03:10:34.037 DBG Sending PREPARE. senderID=2 sn=119 view=0
03:10:34.037 DBG Sending COMMIT. senderID=2 sn=119 view=0
03:10:34.039 DBG Sending COMMIT. senderID=2 sn=116 view=0
03:10:34.040 INF Committed entry. latency=0 nReq=64 sn=116
03:10:34.040 INF Committed entry. latency=0 nReq=64 sn=119
03:10:34.040 INF Delivered batch. nReq=64 sn=116
03:10:34.040 INF Delivered batch. nReq=64 sn=117
03:10:34.041 INF Delivered batch. nReq=64 sn=118
03:10:34.041 INF Delivered batch. nReq=64 sn=119
03:10:34.041 DBG Starting timer. sn=120 view=0
03:10:34.041 DBG Starting timer. sn=123 view=0
03:10:35.014 DBG Batch ready. batchSize=4096
03:10:35.014 DBG Batch cut. left=0 nBuckets=16 nReq=64 next=0
03:10:35.015 DBG Waiting for batch. batchSize=4096
03:10:35.015 INF Sending PREPREPARE. nReq=64 senderID=2 sn=122 view=0
03:10:35.019 INF Handling PREPREPARE. nReq=64 senderID=1 sn=121
03:10:35.019 DBG Creating new Batch. nReq=64
03:10:35.027 INF Handling PREPREPARE. nReq=64 senderID=3 sn=123
03:10:35.027 DBG Creating new Batch. nReq=64
03:10:35.027 DBG Sending PREPARE. senderID=2 sn=121 view=0
03:10:35.029 DBG Sending COMMIT. senderID=2 sn=121 view=0
03:10:35.031 INF Committed entry. latency=0 nReq=64 sn=121
03:10:35.031 DBG Starting timer. sn=125 view=0
03:10:35.034 DBG Sending PREPARE. senderID=2 sn=123 view=0
03:10:35.034 INF Handling PREPREPARE. nReq=64 senderID=0 sn=120
03:10:35.034 DBG Sending COMMIT. senderID=2 sn=122 view=0
03:10:35.034 DBG Creating new Batch. nReq=64
03:10:35.035 INF Committed entry. latency=0 nReq=64 sn=122
03:10:35.036 DBG Starting timer. sn=126 view=0
03:10:35.038 DBG Sending COMMIT. senderID=2 sn=123 view=0
03:10:35.038 INF Committed entry. latency=0 nReq=64 sn=123
03:10:35.039 DBG Starting timer. sn=127 view=0
03:10:35.042 DBG Sending PREPARE. senderID=2 sn=120 view=0
03:10:35.042 DBG Sending COMMIT. senderID=2 sn=120 view=0
03:10:35.045 INF Committed entry. latency=0 nReq=64 sn=120
03:10:35.045 INF Delivered batch. nReq=64 sn=120
03:10:35.045 INF Delivered batch. nReq=64 sn=121
03:10:35.045 INF Delivered batch. nReq=64 sn=122
03:10:35.045 INF Delivered batch. nReq=64 sn=123
03:10:35.046 DBG Starting timer. sn=124 view=0
03:10:36.016 DBG Batch ready. batchSize=4096
03:10:36.016 DBG Batch cut. left=0 nBuckets=16 nReq=64 next=0
03:10:36.017 DBG Waiting for batch. batchSize=4096
03:10:36.018 INF Sending PREPREPARE. nReq=64 senderID=2 sn=126 view=0
03:10:36.019 INF Handling PREPREPARE. nReq=64 senderID=1 sn=125
03:10:36.020 DBG Creating new Batch. nReq=64
03:10:36.027 DBG Sending PREPARE. senderID=2 sn=125 view=0
03:10:36.030 DBG Sending COMMIT. senderID=2 sn=125 view=0
03:10:36.031 INF Committed entry. latency=0 nReq=64 sn=125
03:10:36.031 DBG Starting timer. sn=129 view=0
03:10:36.031 INF Handling PREPREPARE. nReq=64 senderID=3 sn=127
03:10:36.031 DBG Creating new Batch. nReq=64
03:10:36.035 INF Handling PREPREPARE. nReq=64 senderID=0 sn=124
03:10:36.035 DBG Creating new Batch. nReq=64
03:10:36.040 DBG Sending COMMIT. senderID=2 sn=126 view=0
03:10:36.041 INF Committed entry. latency=0 nReq=64 sn=126
03:10:36.042 DBG Starting timer. sn=130 view=0
03:10:36.043 DBG Sending PREPARE. senderID=2 sn=127 view=0
03:10:36.043 DBG Sending COMMIT. senderID=2 sn=127 view=0
03:10:36.044 DBG Sending PREPARE. senderID=2 sn=124 view=0
03:10:36.044 DBG Sending COMMIT. senderID=2 sn=124 view=0
03:10:36.045 INF Committed entry. latency=0 nReq=64 sn=127
03:10:36.046 DBG Starting timer. sn=131 view=0
03:10:36.046 INF Committed entry. latency=0 nReq=64 sn=124
03:10:36.047 INF Delivered batch. nReq=64 sn=124
03:10:36.047 INF Delivered batch. nReq=64 sn=125
03:10:36.047 INF Delivered batch. nReq=64 sn=126
03:10:36.047 INF Delivered batch. nReq=64 sn=127
03:10:36.047 DBG Starting timer. sn=128 view=0
03:10:37.014 INF Handling PREPREPARE. nReq=1 senderID=1 sn=129
03:10:37.014 DBG Creating new Batch. nReq=1
03:10:37.015 DBG Sending PREPARE. senderID=2 sn=129 view=0
03:10:37.015 DBG Sending COMMIT. senderID=2 sn=129 view=0
03:10:37.017 INF Committed entry. latency=0 nReq=1 sn=129
03:10:37.017 DBG Batch ready. batchSize=4096
03:10:37.017 DBG Starting timer. sn=133 view=0
03:10:37.017 DBG Batch cut. left=0 nBuckets=16 nReq=0 next=0
03:10:37.018 DBG Waiting for batch. batchSize=4096
03:10:37.018 INF Sending PREPREPARE. nReq=0 senderID=2 sn=130 view=0
03:10:37.020 DBG Sending COMMIT. senderID=2 sn=130 view=0
03:10:37.021 INF Handling PREPREPARE. nReq=0 senderID=3 sn=131
03:10:37.021 DBG Creating new Batch. nReq=0
03:10:37.021 INF Committed entry. latency=0 nReq=0 sn=130
03:10:37.021 DBG Sending PREPARE. senderID=2 sn=131 view=0
03:10:37.022 DBG Starting timer. sn=134 view=0
03:10:37.023 DBG Sending COMMIT. senderID=2 sn=131 view=0
03:10:37.024 INF Handling PREPREPARE. nReq=0 senderID=0 sn=128
03:10:37.024 DBG Creating new Batch. nReq=0
03:10:37.024 INF Committed entry. latency=0 nReq=0 sn=131
03:10:37.025 DBG Starting timer. sn=135 view=0
03:10:37.025 DBG Sending PREPARE. senderID=2 sn=128 view=0
03:10:37.026 DBG Sending COMMIT. senderID=2 sn=128 view=0
03:10:37.027 INF Committed entry. latency=0 nReq=0 sn=128
03:10:37.028 INF Delivered batch. nReq=0 sn=128
03:10:37.028 INF Delivered batch. nReq=1 sn=129
03:10:37.028 INF Delivered batch. nReq=0 sn=130
03:10:37.028 INF Delivered batch. nReq=0 sn=131
03:10:37.028 DBG Starting timer. sn=132 view=0
03:10:38.015 INF Handling PREPREPARE. nReq=0 senderID=1 sn=133
03:10:38.015 DBG Creating new Batch. nReq=0
03:10:38.015 DBG Sending PREPARE. senderID=2 sn=133 view=0
03:10:38.017 DBG Sending COMMIT. senderID=2 sn=133 view=0
03:10:38.018 DBG Batch ready. batchSize=4096
03:10:38.019 INF Committed entry. latency=0 nReq=0 sn=133
03:10:38.019 DBG Batch cut. left=0 nBuckets=16 nReq=0 next=0
03:10:38.019 DBG Starting timer. sn=137 view=0
03:10:38.019 INF Connection terminated. error="rpc error: code = Canceled desc = context canceled" address=127.0.0.1:58896
03:10:38.019 DBG Waiting for batch. batchSize=4096
03:10:38.019 INF Sending PREPREPARE. nReq=0 senderID=2 sn=134 view=0
03:10:38.019 INF Finished sending bucket assignments to client. clId=0
03:10:38.021 DBG Sending COMMIT. senderID=2 sn=134 view=0
03:10:38.022 INF Handling PREPREPARE. nReq=0 senderID=3 sn=135
03:10:38.022 DBG Creating new Batch. nReq=0
03:10:38.022 INF Committed entry. latency=0 nReq=0 sn=134
03:10:38.022 DBG Sending PREPARE. senderID=2 sn=135 view=0
03:10:38.023 DBG Starting timer. sn=138 view=0
03:10:38.024 DBG Sending COMMIT. senderID=2 sn=135 view=0
03:10:38.025 INF Handling PREPREPARE. nReq=0 senderID=0 sn=132
03:10:38.025 DBG Creating new Batch. nReq=0
03:10:38.025 INF Committed entry. latency=0 nReq=0 sn=135
03:10:38.026 DBG Sending PREPARE. senderID=2 sn=132 view=0
03:10:38.026 DBG Starting timer. sn=139 view=0
03:10:38.027 DBG Sending COMMIT. senderID=2 sn=132 view=0
03:10:38.028 INF Committed entry. latency=0 nReq=0 sn=132
03:10:38.028 INF Delivered batch. nReq=0 sn=132
03:10:38.029 INF Delivered batch. nReq=0 sn=133
03:10:38.029 INF Delivered batch. nReq=0 sn=134
03:10:38.029 INF Delivered batch. nReq=0 sn=135
03:10:38.029 DBG Starting timer. sn=136 view=0
03:10:38.199 INF Stopping profiler.
03:10:38.199 INF Stopping Tracer. events=245 fileName=experiment-output/0001/slave-001/peer.trc
==================
WARNING: DATA RACE
Read at 0x00c0009a0000 by goroutine 115:
  runtime.racereadrange()
      <autogenerated>:1 +0x1b
  github.com/hyperledger-labs/mirbft/tracing.(*BufferedTrace).StopOnSignal.func1()
      /opt/gopath/src/github.com/hyperledger-labs/mirbft/tracing/bufferedtrace.go:298 +0x4e

Previous write at 0x00c0009a0000 by goroutine 412:
  github.com/hyperledger-labs/mirbft/tracing.(*BufferedTrace).Event()
      /opt/gopath/src/github.com/hyperledger-labs/mirbft/tracing/bufferedtrace.go:105 +0x2d9
  github.com/hyperledger-labs/mirbft/manager.(*MirManager).handleLogEntries()
      /opt/gopath/src/github.com/hyperledger-labs/mirbft/manager/mirmanager.go:139 +0x1d8
  github.com/hyperledger-labs/mirbft/manager.(*MirManager).Startdwrap7()
      /opt/gopath/src/github.com/hyperledger-labs/mirbft/manager/mirmanager.go:101 +0x47

Goroutine 115 (running) created at:
  github.com/hyperledger-labs/mirbft/tracing.(*BufferedTrace).StopOnSignal()
      /opt/gopath/src/github.com/hyperledger-labs/mirbft/tracing/bufferedtrace.go:292 +0x172
  main.setUpTracing()
      /opt/gopath/src/github.com/hyperledger-labs/mirbft/cmd/orderingpeer/main.go:204 +0xf5
  main.main()
      /opt/gopath/src/github.com/hyperledger-labs/mirbft/cmd/orderingpeer/main.go:98 +0x9d6

Goroutine 412 (running) created at:
  github.com/hyperledger-labs/mirbft/manager.(*MirManager).Start()
      /opt/gopath/src/github.com/hyperledger-labs/mirbft/manager/mirmanager.go:101 +0x19e
  main.maindwrap4()
      /opt/gopath/src/github.com/hyperledger-labs/mirbft/cmd/orderingpeer/main.go:168 +0x59
==================
==================
WARNING: DATA RACE
Read at 0x00c0009a25f8 by goroutine 115:
  runtime.racereadrange()
      <autogenerated>:1 +0x1b
  github.com/hyperledger-labs/mirbft/tracing.(*BufferedTrace).StopOnSignal.func1()
      /opt/gopath/src/github.com/hyperledger-labs/mirbft/tracing/bufferedtrace.go:298 +0x4e

Previous write at 0x00c0009a25f8 by goroutine 114:
  github.com/hyperledger-labs/mirbft/tracing.(*BufferedTrace).Event()
      /opt/gopath/src/github.com/hyperledger-labs/mirbft/tracing/bufferedtrace.go:105 +0x2d9
  github.com/hyperledger-labs/mirbft/profiling.StartCPUTracing.func1()
      /opt/gopath/src/github.com/hyperledger-labs/mirbft/profiling/cpuusage.go:31 +0x95

Goroutine 115 (running) created at:
  github.com/hyperledger-labs/mirbft/tracing.(*BufferedTrace).StopOnSignal()
      /opt/gopath/src/github.com/hyperledger-labs/mirbft/tracing/bufferedtrace.go:292 +0x172
  main.setUpTracing()
      /opt/gopath/src/github.com/hyperledger-labs/mirbft/cmd/orderingpeer/main.go:204 +0xf5
  main.main()
      /opt/gopath/src/github.com/hyperledger-labs/mirbft/cmd/orderingpeer/main.go:98 +0x9d6

Goroutine 114 (running) created at:
  github.com/hyperledger-labs/mirbft/profiling.StartCPUTracing()
      /opt/gopath/src/github.com/hyperledger-labs/mirbft/profiling/cpuusage.go:28 +0xb6
  main.setUpTracing()
      /opt/gopath/src/github.com/hyperledger-labs/mirbft/cmd/orderingpeer/main.go:196 +0x85
  main.main()
      /opt/gopath/src/github.com/hyperledger-labs/mirbft/cmd/orderingpeer/main.go:98 +0x9d6
==================
03:10:38.203 INF Trace data written.
03:10:38.237 INF Profile data written. filename=experiment-output/0001/slave-001/prof.mutex name=mutex
03:10:38.445 INF Profile data written. filename=experiment-output/0001/slave-001/prof.cpu name=cpu
03:10:38.490 INF Profile data written. filename=experiment-output/0001/slave-001/prof.block name=block
