{"level":"debug","Logging":"debug","time":"2022-10-24T14:37:47+08:00","message":"Config"}
{"level":"debug","UseTLS":false,"time":"2022-10-24T14:37:47+08:00","message":"Config"}
{"level":"debug","CACertFile":"tls-data/ca.pem","time":"2022-10-24T14:37:47+08:00","message":"Config"}
{"level":"debug","KeyFile":"tls-data/auth.key","time":"2022-10-24T14:37:47+08:00","message":"Config"}
{"level":"debug","CertFile":"tls-data/auth.pem","time":"2022-10-24T14:37:47+08:00","message":"Config"}
{"level":"debug","PriorityConnections":2,"time":"2022-10-24T14:37:47+08:00","message":"Config"}
{"level":"debug","BasicConnections":2,"time":"2022-10-24T14:37:47+08:00","message":"Config"}
{"level":"debug","TestConnections":false,"time":"2022-10-24T14:37:47+08:00","message":"Config"}
{"level":"debug","ExcessConnections":1,"time":"2022-10-24T14:37:47+08:00","message":"Config"}
{"level":"debug","ConnectionTestMsgs":4,"time":"2022-10-24T14:37:47+08:00","message":"Config"}
{"level":"debug","ConnectionTestPayload":131072,"time":"2022-10-24T14:37:47+08:00","message":"Config"}
{"level":"debug","OutMessageBufsize":1024,"time":"2022-10-24T14:37:47+08:00","message":"Config"}
{"level":"debug","OutMessageBufsize":2,"time":"2022-10-24T14:37:47+08:00","message":"Config"}
{"level":"debug","ThroughputCap":131072000,"time":"2022-10-24T14:37:47+08:00","message":"Config"}
{"level":"debug","StragglerTolerance":1000,"time":"2022-10-24T14:37:47+08:00","message":"Config"}
{"level":"debug","BatchSizeIncrement":256,"time":"2022-10-24T14:37:47+08:00","message":"Config"}
{"level":"debug","Orderer":"Pbft","time":"2022-10-24T14:37:47+08:00","message":"Config"}
{"level":"debug","Manager":"Mir","time":"2022-10-24T14:37:47+08:00","message":"Config"}
{"level":"debug","Failures":2,"time":"2022-10-24T14:37:47+08:00","message":"Config"}
{"level":"debug","CrashTiming":"Straggler","time":"2022-10-24T14:37:47+08:00","message":"Config"}
{"level":"debug","CheckpointInterval":256,"time":"2022-10-24T14:37:47+08:00","message":"Config"}
{"level":"debug","WatermarkWindowSize":256,"time":"2022-10-24T14:37:47+08:00","message":"Config"}
{"level":"debug","EpochLength":256,"time":"2022-10-24T14:37:47+08:00","message":"Config"}
{"level":"debug","SegmentLength":32,"time":"2022-10-24T14:37:47+08:00","message":"Config"}
{"level":"debug","WaitForCheckpoints":true,"time":"2022-10-24T14:37:47+08:00","message":"Config"}
{"level":"debug","ClientWatermarkWindowSize":4194304,"time":"2022-10-24T14:37:47+08:00","message":"Config"}
{"level":"debug","ClientRequestBacklogSize":4194304,"time":"2022-10-24T14:37:47+08:00","message":"Config"}
{"level":"debug","RandomSeed":4087,"time":"2022-10-24T14:37:47+08:00","message":"Config"}
{"level":"debug","NodeToLeaderRatio":1,"time":"2022-10-24T14:37:47+08:00","message":"Config"}
{"level":"debug","LeaderPolicy":"SimulatedRandomFailures","time":"2022-10-24T14:37:47+08:00","message":"Config"}
{"level":"debug","DefaultLeaderBan":2,"time":"2022-10-24T14:37:47+08:00","message":"Config"}
{"level":"debug","NumBuckets":128,"time":"2022-10-24T14:37:47+08:00","message":"Config"}
{"level":"debug","BatchSize":1000,"time":"2022-10-24T14:37:47+08:00","message":"Config"}
{"level":"debug","DisabledViewChange":false,"time":"2022-10-24T14:37:47+08:00","message":"Config"}
{"level":"debug","ViewChangeTimeout":60000,"time":"2022-10-24T14:37:47+08:00","message":"Config"}
{"level":"debug","ClientTraceSampling":10,"time":"2022-10-24T14:37:47+08:00","message":"Config"}
{"level":"debug","EventBufferSize":2097152,"time":"2022-10-24T14:37:47+08:00","message":"Config"}
{"level":"debug","TraceSampling":1,"time":"2022-10-24T14:37:47+08:00","message":"Config"}
{"level":"debug","ClientsPerProcess":1,"time":"2022-10-24T14:37:47+08:00","message":"Config"}
{"level":"debug","RequestsPerClient":15360,"time":"2022-10-24T14:37:47+08:00","message":"Config"}
{"level":"debug","ClientRunTime":30000,"time":"2022-10-24T14:37:47+08:00","message":"Config"}
{"level":"debug","RequestRate":256,"time":"2022-10-24T14:37:47+08:00","message":"Config"}
{"level":"debug","HardRequestRateLimit":false,"time":"2022-10-24T14:37:47+08:00","message":"Config"}
{"level":"debug","RequestPayloadSize":500,"time":"2022-10-24T14:37:47+08:00","message":"Config"}
{"level":"debug","SignRequests":true,"time":"2022-10-24T14:37:47+08:00","message":"Config"}
{"level":"debug","ClientPrivKeyFile":"tls-data/client-ecdsa-256.key","time":"2022-10-24T14:37:47+08:00","message":"Config"}
{"level":"debug","ClientPubKeyFile":"tls-data/client-ecdsa-256.pem","time":"2022-10-24T14:37:47+08:00","message":"Config"}
{"level":"debug","PrecomputeRequests":false,"time":"2022-10-24T14:37:47+08:00","message":"Config"}
{"level":"debug","RequestHandlerThreads":32,"time":"2022-10-24T14:37:47+08:00","message":"Config"}
{"level":"debug","RequestInputChannelBuffer":8192,"time":"2022-10-24T14:37:47+08:00","message":"Config"}
{"level":"debug","BatchVerifier":"external","time":"2022-10-24T14:37:47+08:00","message":"Config"}
06:37:47.879 INF Registered with discovery server. numPeers=8 ownID=6
06:37:47.879 INF Profiling enabled.
06:37:47.880 INF Setting up profiling.
06:37:47.880 INF Started Profiler: CPU
06:37:47.880 INF Started Profiler: BLOCK
06:37:47.880 INF Started Profiler: MUTEX
06:37:47.880 INF Profiler will stop on signal. exit=true
06:37:47.882 INF Tracing will stop on signal. exit=false
06:37:47.883 INF Started tracing. traceFile=experiment-output/0000/slave-002/peer.trc
06:37:47.883 DBG Starting backlog.
06:37:47.884 INF Listening for connections. port=10066 useTLS=false
06:37:47.884 INF Connecting to peer. addr=127.0.0.1:10066 basicConns=2 priorityConns=2
06:37:47.884 INF Connecting to peer. addr=127.0.0.1:10077 basicConns=2 priorityConns=2
06:37:47.884 INF Connecting to peer. addr=127.0.0.1:10000 basicConns=2 priorityConns=2
06:37:47.884 INF Connecting to peer. addr=127.0.0.1:10011 basicConns=2 priorityConns=2
06:37:47.884 INF Connecting to peer. addr=127.0.0.1:10022 basicConns=2 priorityConns=2
06:37:47.885 INF Connecting to peer. addr=127.0.0.1:10033 basicConns=2 priorityConns=2
06:37:47.886 INF Connecting to peer. addr=127.0.0.1:10055 basicConns=2 priorityConns=2
06:37:47.888 INF Connecting to peer. addr=127.0.0.1:10044 basicConns=2 priorityConns=2
06:37:47.907 INF Incoming connection for protocol messages. addr=127.0.0.1:49680
06:37:47.908 INF Incoming connection for protocol messages. addr=127.0.0.1:49692
06:37:47.913 INF Incoming connection for protocol messages. addr=127.0.0.1:49684
06:37:47.914 DBG Connected. peerID=3
06:37:47.915 INF Incoming connection for protocol messages. addr=127.0.0.1:49714
06:37:47.917 INF Incoming connection for protocol messages. addr=127.0.0.1:49720
06:37:47.917 INF Incoming connection for protocol messages. addr=127.0.0.1:49808
06:37:47.918 DBG Connected. peerID=6
06:37:47.920 INF Incoming connection for protocol messages. addr=127.0.0.1:49698
06:37:47.920 INF Incoming connection for protocol messages. addr=127.0.0.1:49678
06:37:47.921 INF Incoming connection for protocol messages. addr=127.0.0.1:49806
06:37:47.924 INF Incoming connection for protocol messages. addr=127.0.0.1:49862
06:37:47.924 INF Incoming connection for protocol messages. addr=127.0.0.1:49814
06:37:47.925 INF Incoming connection for protocol messages. addr=127.0.0.1:49820
06:37:47.925 INF Incoming connection for protocol messages. addr=127.0.0.1:49800
06:37:47.926 INF Incoming connection for protocol messages. addr=127.0.0.1:49812
06:37:47.930 INF Incoming connection for protocol messages. addr=127.0.0.1:49824
06:37:47.936 DBG Connected. peerID=7
06:37:47.944 INF Incoming connection for protocol messages. addr=127.0.0.1:49810
06:37:47.950 INF Incoming connection for protocol messages. addr=127.0.0.1:49908
06:37:47.951 INF Incoming connection for protocol messages. addr=127.0.0.1:49898
06:37:47.954 INF Incoming connection for protocol messages. addr=127.0.0.1:49972
06:37:47.957 INF Incoming connection for protocol messages. addr=127.0.0.1:50000
06:37:47.957 INF Incoming connection for protocol messages. addr=127.0.0.1:49942
06:37:47.958 INF Incoming connection for protocol messages. addr=127.0.0.1:49878
06:37:47.960 INF Incoming connection for protocol messages. addr=127.0.0.1:50036
06:37:47.960 INF Incoming connection for protocol messages. addr=127.0.0.1:50056
06:37:47.965 INF Incoming connection for protocol messages. addr=127.0.0.1:49978
06:37:47.969 INF Incoming connection for protocol messages. addr=127.0.0.1:50060
06:37:47.975 INF Incoming connection for protocol messages. addr=127.0.0.1:50114
06:37:47.978 INF Incoming connection for protocol messages. addr=127.0.0.1:50158
06:37:47.986 INF Incoming connection for protocol messages. addr=127.0.0.1:50146
06:37:47.986 INF Incoming connection for protocol messages. addr=127.0.0.1:50176
06:37:47.991 INF Incoming connection for protocol messages. addr=127.0.0.1:50132
06:37:47.992 INF Incoming connection for protocol messages. addr=127.0.0.1:50184
06:37:48.915 DBG Connected. peerID=2
06:37:48.915 DBG Connected. peerID=1
06:37:48.916 DBG Connected. peerID=0
06:37:48.916 DBG Connected. peerID=5
06:37:48.917 DBG Connected. peerID=4
06:37:48.917 INF Connected to all peers.
06:37:48.938 INF All peers finished connecting. Starting ISS.
06:37:48.939 DBG Buckets for 0-th leader 0: [0 8 16 24 32 40 48 56 64 72 80 88 96 104 112 120]
06:37:48.939 DBG Buckets for 1-th leader 1: [1 9 17 25 33 41 49 57 65 73 81 89 97 105 113 121 19 43 67 91 115 7 31 55 79 103 127]
06:37:48.940 DBG Buckets for 2-th leader 2: [2 10 18 26 34 42 50 58 66 74 82 90 98 106 114 122]
06:37:48.940 DBG Buckets for 3-th leader 4: [4 12 20 28 36 44 52 60 68 76 84 92 100 108 116 124 3 27 51 75 99 123 15 39 63 87 111]
06:37:48.940 DBG Buckets for 4-th leader 5: [5 13 21 29 37 45 53 61 69 77 85 93 101 109 117 125]
06:37:48.940 DBG Buckets for 5-th leader 6: [6 14 22 30 38 46 54 62 70 78 86 94 102 110 118 126 11 35 59 83 107 23 47 71 95 119]
06:37:48.940 INF PbftOrderer received a new segment: [0 6 12 18 24 30 36 42 48 54 60 66 72 78 84 90 96 102 108 114 120 126 132 138 144 150 156 162 168 174 180 186] first leader=0 firstSN=0 lastSN=186 len=32 length=32 segId=0
06:37:48.941 INF Starting new view. segID=0 timeout=60000 view=0
06:37:48.941 DBG Starting timer. sn=0 view=0
06:37:48.941 INF Starting PBFT instance. first=0 last=186 segID=0
06:37:48.941 DBG Subscribing to backlog. segID=0
06:37:48.941 INF Starting serialized message processing. segID=0
06:37:48.941 INF PbftOrderer received a new segment: [1 7 13 19 25 31 37 43 49 55 61 67 73 79 85 91 97 103 109 115 121 127 133 139 145 151 157 163 169 175 181 187] first leader=1 firstSN=1 lastSN=187 len=32 length=32 segId=1
06:37:48.942 INF Starting new view. segID=1 timeout=60000 view=0
06:37:48.942 DBG Starting timer. sn=1 view=0
06:37:48.942 INF Starting PBFT instance. first=1 last=187 segID=1
06:37:48.942 DBG Subscribing to backlog. segID=1
06:37:48.942 INF Starting serialized message processing. segID=1
06:37:48.942 INF PbftOrderer received a new segment: [2 8 14 20 26 32 38 44 50 56 62 68 74 80 86 92 98 104 110 116 122 128 134 140 146 152 158 164 170 176 182 188] first leader=2 firstSN=2 lastSN=188 len=32 length=32 segId=2
06:37:48.943 INF Starting new view. segID=2 timeout=60000 view=0
06:37:48.943 DBG Starting timer. sn=2 view=0
06:37:48.943 INF Starting PBFT instance. first=2 last=188 segID=2
06:37:48.943 DBG Subscribing to backlog. segID=2
06:37:48.943 INF Starting serialized message processing. segID=2
06:37:48.943 INF PbftOrderer received a new segment: [3 9 15 21 27 33 39 45 51 57 63 69 75 81 87 93 99 105 111 117 123 129 135 141 147 153 159 165 171 177 183 189] first leader=4 firstSN=3 lastSN=189 len=32 length=32 segId=3
06:37:48.944 INF Starting new view. segID=3 timeout=60000 view=0
06:37:48.944 DBG Starting timer. sn=3 view=0
06:37:48.944 INF Starting PBFT instance. first=3 last=189 segID=3
06:37:48.944 DBG Subscribing to backlog. segID=3
06:37:48.944 INF Starting serialized message processing. segID=3
06:37:48.945 INF PbftOrderer received a new segment: [4 10 16 22 28 34 40 46 52 58 64 70 76 82 88 94 100 106 112 118 124 130 136 142 148 154 160 166 172 178 184 190] first leader=5 firstSN=4 lastSN=190 len=32 length=32 segId=4
06:37:48.945 INF Starting new view. segID=4 timeout=60000 view=0
06:37:48.945 DBG Starting timer. sn=4 view=0
06:37:48.945 INF Starting PBFT instance. first=4 last=190 segID=4
06:37:48.945 DBG Subscribing to backlog. segID=4
06:37:48.945 INF Starting serialized message processing. segID=4
06:37:48.946 INF PbftOrderer received a new segment: [5 11 17 23 29 35 41 47 53 59 65 71 77 83 89 95 101 107 113 119 125 131 137 143 149 155 161 167 173 179 185 191] first leader=6 firstSN=5 lastSN=191 len=32 length=32 segId=5
06:37:48.946 INF Starting new view. segID=5 timeout=60000 view=0
06:37:48.946 DBG Starting timer. sn=5 view=0
06:37:48.946 INF Starting PBFT instance. first=5 last=191 segID=5
06:37:48.946 DBG Subscribing to backlog. segID=5
06:37:48.946 DBG Leading segment. segID=5
06:37:48.947 DBG Waiting for batch. batchSize=4096
06:37:48.947 INF Starting serialized message processing. segID=5
06:37:48.971 INF Connection terminated. error="rpc error: code = Canceled desc = context canceled" address=127.0.0.1:49698
06:37:48.972 INF Connection terminated. error="rpc error: code = Canceled desc = context canceled" address=127.0.0.1:49812
06:37:48.972 INF Connection terminated. error="rpc error: code = Canceled desc = context canceled" address=127.0.0.1:49808
06:37:48.972 INF Connection terminated. error="rpc error: code = Canceled desc = context canceled" address=127.0.0.1:49678
06:37:48.972 INF Connection terminated. error="rpc error: code = Canceled desc = context canceled" address=127.0.0.1:49800
06:37:48.972 INF Connection terminated. error="rpc error: code = Canceled desc = context canceled" address=127.0.0.1:49692
06:37:48.972 INF Connection terminated. error="rpc error: code = Canceled desc = context canceled" address=127.0.0.1:49806
06:37:48.972 INF Connection terminated. error="rpc error: code = Canceled desc = context canceled" address=127.0.0.1:49862
06:37:50.977 INF Incoming connection for requests. addr=127.0.0.1:50298
06:38:18.948 DBG Batch ready. batchSize=4096
06:38:18.950 DBG Batch cut. left=0 nBuckets=26 nReq=1453 next=0
06:38:18.953 DBG Waiting for batch. batchSize=4096
06:38:19.021 INF Sending PREPREPARE. nReq=1453 senderID=6 sn=5 view=0
06:38:19.122 INF Handling PREPREPARE. nReq=895 senderID=2 sn=2
06:38:19.122 DBG Creating new Batch. nReq=895
06:38:19.135 INF Handling PREPREPARE. nReq=894 senderID=5 sn=4
06:38:19.135 DBG Creating new Batch. nReq=894
06:38:19.144 INF Handling PREPREPARE. nReq=895 senderID=0 sn=0
06:38:19.145 DBG Creating new Batch. nReq=895
06:38:19.215 ERR Failed to send protocol message. Dropping all future outgoing protocol messages. error=EOF
06:38:19.283 ERR Failed to send protocol message. Dropping all future outgoing protocol messages. error=EOF
06:38:19.333 INF Handling PREPREPARE. nReq=1509 senderID=1 sn=1
06:38:19.334 DBG Creating new Batch. nReq=1509
06:38:19.372 INF Handling PREPREPARE. nReq=1509 senderID=4 sn=3
06:38:19.381 DBG Creating new Batch. nReq=1509
06:38:19.556 DBG Sending PREPARE. senderID=6 sn=2 view=0
06:38:19.556 DBG func sendPrepare prepare Tn. sn=2 tn=2
06:38:19.557 DBG Sending COMMIT. senderID=6 sn=2 view=0
06:38:19.557 DBG func sendCommit commit Tn. sn=2 tn=2
06:38:19.557 DBG Sending Htn. sn=2 view=0
06:38:19.565 DBG func handleCommit commit Tn. tn=2
06:38:19.565 DBG func handleCommit commit Tn. tn=2
06:38:19.565 DBG func handleCommit commit Tn. tn=2
06:38:19.565 DBG func handleHtnmsg htn. htn=2 localhtn=2 prelocalhtn=0
06:38:19.565 DBG func handleHtnmsg htn. htn=2 localhtn=2 prelocalhtn=2
06:38:19.565 DBG func handleHtnmsg htn. htn=2 localhtn=2 prelocalhtn=2
06:38:19.579 DBG func handleCommit commit Tn. tn=2
06:38:19.580 INF Committed entry. latency=0 nReq=895 sn=2
06:38:19.580 DBG Starting timer. sn=8 view=0
06:38:19.581 DBG func handleHtnmsg htn. htn=2 localhtn=2 prelocalhtn=2
06:38:19.600 DBG Sending PREPARE. senderID=6 sn=4 view=0
06:38:19.601 DBG func sendPrepare prepare Tn. sn=4 tn=4
06:38:19.601 DBG Sending COMMIT. senderID=6 sn=4 view=0
06:38:19.601 DBG func sendCommit commit Tn. sn=4 tn=4
06:38:19.601 DBG Sending Htn. sn=4 view=0
06:38:19.609 DBG func handleCommit commit Tn. tn=4
06:38:19.609 DBG func handleHtnmsg htn. htn=4 localhtn=4 prelocalhtn=0
06:38:19.610 DBG Sending PREPARE. senderID=6 sn=0 view=0
06:38:19.610 DBG func sendPrepare prepare Tn. sn=0 tn=0
06:38:19.610 DBG func handleCommit commit Tn. tn=4
06:38:19.610 DBG Sending COMMIT. senderID=6 sn=0 view=0
06:38:19.611 DBG func handleHtnmsg htn. htn=4 localhtn=4 prelocalhtn=4
06:38:19.611 DBG func sendCommit commit Tn. sn=0 tn=0
06:38:19.611 DBG Sending Htn. sn=0 view=0
06:38:19.611 DBG func handleCommit commit Tn. tn=0
06:38:19.611 DBG func handleHtnmsg htn. htn=0 localhtn=0 prelocalhtn=0
06:38:19.611 DBG func handleCommit commit Tn. tn=4
06:38:19.611 DBG func handleCommit commit Tn. tn=0
06:38:19.611 DBG func handleHtnmsg htn. htn=4 localhtn=4 prelocalhtn=4
06:38:19.612 DBG func handleHtnmsg htn. htn=0 localhtn=0 prelocalhtn=0
06:38:19.612 DBG func handleCommit commit Tn. tn=0
06:38:19.612 DBG func handleHtnmsg htn. htn=0 localhtn=0 prelocalhtn=0
06:38:19.612 DBG func handleCommit commit Tn. tn=0
06:38:19.614 INF Committed entry. latency=0 nReq=895 sn=0
06:38:19.614 INF Delivered batch. nReq=895 sn=0
06:38:19.614 DBG Starting timer. sn=6 view=0
06:38:19.614 DBG func handleHtnmsg htn. htn=0 localhtn=0 prelocalhtn=0
06:38:19.614 DBG func handleCommit commit Tn. tn=0
06:38:19.614 DBG func handleHtnmsg htn. htn=0 localhtn=0 prelocalhtn=0
06:38:19.620 DBG func handleCommit commit Tn. tn=4
06:38:19.622 INF Committed entry. latency=0 nReq=894 sn=4
06:38:19.622 DBG Starting timer. sn=10 view=0
06:38:19.623 DBG func handleHtnmsg htn. htn=4 localhtn=4 prelocalhtn=4
06:38:19.633 DBG func handleCommit commit Tn. tn=4
06:38:19.633 DBG func handleHtnmsg htn. htn=4 localhtn=4 prelocalhtn=4
06:38:19.646 DBG func handleCommit commit Tn. tn=2
06:38:19.647 DBG func handleHtnmsg htn. htn=2 localhtn=2 prelocalhtn=2
06:38:19.699 DBG Sending PREPARE. senderID=6 sn=1 view=0
06:38:19.699 DBG func sendPrepare prepare Tn. sn=1 tn=1
06:38:19.704 DBG Sending PREPARE. senderID=6 sn=3 view=0
06:38:19.704 DBG func sendPrepare prepare Tn. sn=3 tn=3
06:38:19.717 DBG Sending COMMIT. senderID=6 sn=3 view=0
06:38:19.717 DBG func sendCommit commit Tn. sn=3 tn=3
06:38:19.717 DBG Sending Htn. sn=3 view=0
06:38:19.718 DBG func handleCommit commit Tn. tn=3
06:38:19.718 DBG func handleHtnmsg htn. htn=3 localhtn=3 prelocalhtn=0
06:38:19.718 DBG func handleCommit commit Tn. tn=3
06:38:19.718 DBG func handleHtnmsg htn. htn=3 localhtn=3 prelocalhtn=3
06:38:19.719 DBG func handleCommit commit Tn. tn=3
06:38:19.719 DBG func handleHtnmsg htn. htn=3 localhtn=3 prelocalhtn=3
06:38:19.719 DBG func handleCommit commit Tn. tn=3
06:38:19.719 DBG Sending COMMIT. senderID=6 sn=1 view=0
06:38:19.720 DBG func sendCommit commit Tn. sn=1 tn=1
06:38:19.720 DBG Sending Htn. sn=1 view=0
06:38:19.720 DBG func handleCommit commit Tn. tn=1
06:38:19.720 DBG func handleHtnmsg htn. htn=1 localhtn=1 prelocalhtn=0
06:38:19.721 DBG func handleCommit commit Tn. tn=1
06:38:19.721 DBG func handleCommit commit Tn. tn=1
06:38:19.722 DBG func handleCommit commit Tn. tn=1
06:38:19.722 INF Committed entry. latency=0 nReq=1509 sn=3
06:38:19.722 DBG Starting timer. sn=9 view=0
06:38:19.722 DBG func handleHtnmsg htn. htn=3 localhtn=3 prelocalhtn=3
06:38:19.724 INF Committed entry. latency=0 nReq=1509 sn=1
06:38:19.724 INF Delivered batch. nReq=1509 sn=1
06:38:19.724 INF Delivered batch. nReq=895 sn=2
06:38:19.724 INF Delivered batch. nReq=1509 sn=3
06:38:19.725 INF Delivered batch. nReq=894 sn=4
06:38:19.725 DBG Starting timer. sn=7 view=0
06:38:19.725 DBG func handleHtnmsg htn. htn=1 localhtn=1 prelocalhtn=1
06:38:19.725 DBG func handleHtnmsg htn. htn=1 localhtn=1 prelocalhtn=1
06:38:19.725 DBG func handleHtnmsg htn. htn=1 localhtn=1 prelocalhtn=1
06:38:19.726 DBG func handleCommit commit Tn. tn=3
06:38:19.726 DBG func handleHtnmsg htn. htn=3 localhtn=3 prelocalhtn=3
06:38:19.732 DBG Sending COMMIT. senderID=6 sn=5 view=0
06:38:19.732 DBG func sendCommit commit Tn. sn=5 tn=5
06:38:19.732 DBG Sending Htn. sn=5 view=0
06:38:19.732 DBG func handleCommit commit Tn. tn=5
06:38:19.733 DBG func handleHtnmsg htn. htn=5 localhtn=5 prelocalhtn=0
06:38:19.733 DBG func handleCommit commit Tn. tn=5
06:38:19.733 DBG func handleHtnmsg htn. htn=5 localhtn=5 prelocalhtn=5
06:38:19.733 DBG func handleCommit commit Tn. tn=5
06:38:19.733 DBG func handleHtnmsg htn. htn=5 localhtn=5 prelocalhtn=5
06:38:19.737 DBG func handleCommit commit Tn. tn=5
06:38:19.739 INF Committed entry. latency=0 nReq=1453 sn=5
06:38:19.739 INF Delivered batch. nReq=1453 sn=5
06:38:19.739 DBG Starting timer. sn=11 view=0
06:38:19.739 DBG func handleHtnmsg htn. htn=5 localhtn=5 prelocalhtn=5
06:38:19.744 DBG func handleCommit commit Tn. tn=1
06:38:19.744 DBG func handleHtnmsg htn. htn=1 localhtn=1 prelocalhtn=1
06:38:19.746 DBG func handleCommit commit Tn. tn=5
06:38:19.747 DBG func handleHtnmsg htn. htn=5 localhtn=5 prelocalhtn=5
06:38:48.954 DBG Batch ready. batchSize=4096
06:38:48.955 DBG Batch cut. left=0 nBuckets=26 nReq=107 next=0
06:38:48.958 DBG Waiting for batch. batchSize=4096
06:38:48.959 INF Handling PREPREPARE. nReq=66 senderID=0 sn=6
06:38:48.959 DBG Creating new Batch. nReq=66
06:38:48.959 INF Sending PREPREPARE. nReq=107 senderID=6 sn=11 view=0
06:38:48.961 INF Handling PREPREPARE. nReq=66 senderID=5 sn=10
06:38:48.961 DBG Creating new Batch. nReq=66
06:38:48.967 INF Handling PREPREPARE. nReq=65 senderID=2 sn=8
06:38:48.967 DBG Creating new Batch. nReq=65
06:38:48.980 INF Handling PREPREPARE. nReq=112 senderID=1 sn=7
06:38:48.980 DBG Creating new Batch. nReq=112
06:38:48.983 INF Handling PREPREPARE. nReq=111 senderID=4 sn=9
06:38:48.983 DBG Creating new Batch. nReq=111
06:38:48.983 DBG Sending PREPARE. senderID=6 sn=10 view=0
06:38:48.983 DBG func sendPrepare prepare Tn. sn=10 tn=10
06:38:48.985 DBG Sending PREPARE. senderID=6 sn=6 view=0
06:38:48.985 DBG func sendPrepare prepare Tn. sn=6 tn=6
06:38:48.986 DBG Sending PREPARE. senderID=6 sn=8 view=0
06:38:48.986 DBG func sendPrepare prepare Tn. sn=8 tn=8
06:38:48.987 DBG Sending COMMIT. senderID=6 sn=6 view=0
06:38:48.988 DBG func sendCommit commit Tn. sn=6 tn=6
06:38:48.988 DBG Sending Htn. sn=6 view=0
06:38:48.993 DBG func handleCommit commit Tn. tn=6
06:38:48.994 DBG func handleCommit commit Tn. tn=6
06:38:48.994 DBG func handleHtnmsg htn. htn=6 localhtn=6 prelocalhtn=0
06:38:48.994 DBG func handleCommit commit Tn. tn=10
06:38:48.994 DBG Sending COMMIT. senderID=6 sn=10 view=0
06:38:48.994 DBG func sendCommit commit Tn. sn=10 tn=10
06:38:48.994 DBG Sending Htn. sn=10 view=0
06:38:48.995 DBG func handleCommit commit Tn. tn=10
06:38:48.995 DBG func handleHtnmsg htn. htn=10 localhtn=10 prelocalhtn=4
06:38:48.995 DBG func handleHtnmsg htn. htn=10 localhtn=10 prelocalhtn=10
06:38:48.995 DBG func handleHtnmsg htn. htn=6 localhtn=6 prelocalhtn=6
06:38:48.996 DBG func handleCommit commit Tn. tn=10
06:38:48.996 DBG func handleHtnmsg htn. htn=10 localhtn=10 prelocalhtn=10
06:38:48.996 DBG func handleCommit commit Tn. tn=6
06:38:48.997 DBG func handleHtnmsg htn. htn=6 localhtn=6 prelocalhtn=6
06:38:49.000 DBG func handleCommit commit Tn. tn=10
06:38:49.000 DBG func handleCommit commit Tn. tn=6
06:38:49.000 INF Committed entry. latency=0 nReq=66 sn=10
06:38:49.000 DBG Starting timer. sn=16 view=0
06:38:49.001 DBG func handleHtnmsg htn. htn=10 localhtn=10 prelocalhtn=10
06:38:49.001 DBG func handleCommit commit Tn. tn=8
06:38:49.001 INF Committed entry. latency=0 nReq=66 sn=6
06:38:49.001 INF Delivered batch. nReq=66 sn=6
06:38:49.001 DBG Starting timer. sn=12 view=0
06:38:49.001 DBG func handleCommit commit Tn. tn=6
06:38:49.002 DBG func handleHtnmsg htn. htn=6 localhtn=6 prelocalhtn=6
06:38:49.002 DBG func handleHtnmsg htn. htn=6 localhtn=6 prelocalhtn=6
06:38:49.002 DBG func handleCommit commit Tn. tn=10
06:38:49.002 DBG Sending COMMIT. senderID=6 sn=8 view=0
06:38:49.002 DBG func handleHtnmsg htn. htn=10 localhtn=10 prelocalhtn=10
06:38:49.002 DBG func sendCommit commit Tn. sn=8 tn=8
06:38:49.002 DBG Sending Htn. sn=8 view=0
06:38:49.003 DBG func handleCommit commit Tn. tn=8
06:38:49.003 DBG func handleCommit commit Tn. tn=8
06:38:49.003 DBG func handleHtnmsg htn. htn=8 localhtn=8 prelocalhtn=2
06:38:49.004 DBG func handleHtnmsg htn. htn=8 localhtn=8 prelocalhtn=8
06:38:49.004 DBG func handleCommit commit Tn. tn=8
06:38:49.005 INF Committed entry. latency=0 nReq=65 sn=8
06:38:49.005 DBG Starting timer. sn=14 view=0
06:38:49.005 DBG func handleHtnmsg htn. htn=8 localhtn=8 prelocalhtn=8
06:38:49.007 DBG Sending PREPARE. senderID=6 sn=7 view=0
06:38:49.007 DBG func sendPrepare prepare Tn. sn=7 tn=7
06:38:49.008 DBG func handleHtnmsg htn. htn=8 localhtn=8 prelocalhtn=8
06:38:49.014 DBG Sending PREPARE. senderID=6 sn=9 view=0
06:38:49.014 DBG func sendPrepare prepare Tn. sn=9 tn=9
06:38:49.016 DBG Sending COMMIT. senderID=6 sn=7 view=0
06:38:49.016 DBG func sendCommit commit Tn. sn=7 tn=7
06:38:49.016 DBG Sending COMMIT. senderID=6 sn=9 view=0
06:38:49.017 DBG func sendCommit commit Tn. sn=9 tn=9
06:38:49.016 DBG Sending Htn. sn=7 view=0
06:38:49.017 DBG Sending Htn. sn=9 view=0
06:38:49.018 DBG func handleCommit commit Tn. tn=9
06:38:49.022 DBG func handleCommit commit Tn. tn=8
06:38:49.018 DBG func handleCommit commit Tn. tn=7
06:38:49.022 DBG func handleHtnmsg htn. htn=9 localhtn=9 prelocalhtn=3
06:38:49.022 DBG func handleCommit commit Tn. tn=9
06:38:49.022 DBG func handleHtnmsg htn. htn=7 localhtn=7 prelocalhtn=1
06:38:49.023 DBG func handleCommit commit Tn. tn=7
06:38:49.023 DBG func handleHtnmsg htn. htn=9 localhtn=9 prelocalhtn=9
06:38:49.023 DBG func handleHtnmsg htn. htn=7 localhtn=7 prelocalhtn=7
06:38:49.022 DBG func handleHtnmsg htn. htn=8 localhtn=8 prelocalhtn=8
06:38:49.023 DBG func handleCommit commit Tn. tn=9
06:38:49.023 DBG func handleCommit commit Tn. tn=7
06:38:49.024 DBG func handleHtnmsg htn. htn=9 localhtn=9 prelocalhtn=9
06:38:49.024 DBG func handleHtnmsg htn. htn=7 localhtn=7 prelocalhtn=7
06:38:49.024 DBG func handleCommit commit Tn. tn=9
06:38:49.024 DBG func handleCommit commit Tn. tn=7
06:38:49.024 INF Committed entry. latency=0 nReq=111 sn=9
06:38:49.024 INF Committed entry. latency=0 nReq=112 sn=7
06:38:49.025 INF Delivered batch. nReq=112 sn=7
06:38:49.025 INF Delivered batch. nReq=65 sn=8
06:38:49.025 INF Delivered batch. nReq=111 sn=9
06:38:49.025 INF Delivered batch. nReq=66 sn=10
06:38:49.025 DBG Starting timer. sn=15 view=0
06:38:49.025 DBG func handleHtnmsg htn. htn=9 localhtn=9 prelocalhtn=9
06:38:49.025 DBG Starting timer. sn=13 view=0
06:38:49.026 DBG func handleHtnmsg htn. htn=7 localhtn=7 prelocalhtn=7
06:38:49.026 DBG func handleCommit commit Tn. tn=7
06:38:49.027 DBG func handleHtnmsg htn. htn=7 localhtn=7 prelocalhtn=7
06:38:49.030 DBG func handleCommit commit Tn. tn=9
06:38:49.030 DBG func handleHtnmsg htn. htn=9 localhtn=9 prelocalhtn=9
06:38:49.034 DBG Sending COMMIT. senderID=6 sn=11 view=0
06:38:49.034 DBG func sendCommit commit Tn. sn=11 tn=11
06:38:49.034 DBG Sending Htn. sn=11 view=0
06:38:49.034 DBG func handleCommit commit Tn. tn=11
06:38:49.034 DBG func handleHtnmsg htn. htn=11 localhtn=11 prelocalhtn=5
06:38:49.036 DBG func handleCommit commit Tn. tn=11
06:38:49.036 DBG func handleHtnmsg htn. htn=11 localhtn=11 prelocalhtn=11
06:38:49.036 DBG func handleCommit commit Tn. tn=11
06:38:49.036 DBG func handleHtnmsg htn. htn=11 localhtn=11 prelocalhtn=11
06:38:49.037 DBG func handleCommit commit Tn. tn=11
06:38:49.037 INF Committed entry. latency=0 nReq=107 sn=11
06:38:49.038 INF Delivered batch. nReq=107 sn=11
06:38:49.038 DBG Starting timer. sn=17 view=0
06:38:49.038 DBG func handleHtnmsg htn. htn=11 localhtn=11 prelocalhtn=11
06:38:49.039 DBG func handleCommit commit Tn. tn=11
06:38:49.039 DBG func handleHtnmsg htn. htn=11 localhtn=11 prelocalhtn=11
06:38:50.010 INF Connection terminated. error="rpc error: code = Canceled desc = context canceled" address=127.0.0.1:50298
06:38:50.011 INF Finished sending bucket assignments to client. clId=0
06:38:50.387 INF Stopping profiler.
06:38:50.387 INF Stopping Tracer. events=146 fileName=experiment-output/0000/slave-002/peer.trc
==================
WARNING: DATA RACE
Read at 0x00c000a20050 by goroutine 115:
  runtime.racereadrange()
      <autogenerated>:1 +0x1b
  github.com/hyperledger-labs/mirbft/tracing.(*BufferedTrace).StopOnSignal.func1()
      /opt/gopath/src/github.com/hyperledger-labs/mirbft/tracing/bufferedtrace.go:298 +0x4e

Previous write at 0x00c000a20050 by goroutine 498:
  github.com/hyperledger-labs/mirbft/tracing.(*BufferedTrace).Event()
      /opt/gopath/src/github.com/hyperledger-labs/mirbft/tracing/bufferedtrace.go:105 +0x2d9
  github.com/hyperledger-labs/mirbft/manager.(*MirManager).handleLogEntries()
      /opt/gopath/src/github.com/hyperledger-labs/mirbft/manager/mirmanager.go:139 +0x1d8
  github.com/hyperledger-labs/mirbft/manager.(*MirManager).Start路dwrap路7()
      /opt/gopath/src/github.com/hyperledger-labs/mirbft/manager/mirmanager.go:101 +0x47

Goroutine 115 (running) created at:
  github.com/hyperledger-labs/mirbft/tracing.(*BufferedTrace).StopOnSignal()
      /opt/gopath/src/github.com/hyperledger-labs/mirbft/tracing/bufferedtrace.go:292 +0x172
  main.setUpTracing()
      /opt/gopath/src/github.com/hyperledger-labs/mirbft/cmd/orderingpeer/main.go:204 +0xf5
  main.main()
      /opt/gopath/src/github.com/hyperledger-labs/mirbft/cmd/orderingpeer/main.go:98 +0x9d6

Goroutine 498 (running) created at:
  github.com/hyperledger-labs/mirbft/manager.(*MirManager).Start()
      /opt/gopath/src/github.com/hyperledger-labs/mirbft/manager/mirmanager.go:101 +0x19e
  main.main路dwrap路4()
      /opt/gopath/src/github.com/hyperledger-labs/mirbft/cmd/orderingpeer/main.go:168 +0x59
==================
==================
WARNING: DATA RACE
Read at 0x00c000a216a8 by goroutine 115:
  runtime.racereadrange()
      <autogenerated>:1 +0x1b
  github.com/hyperledger-labs/mirbft/tracing.(*BufferedTrace).StopOnSignal.func1()
      /opt/gopath/src/github.com/hyperledger-labs/mirbft/tracing/bufferedtrace.go:298 +0x4e

Previous write at 0x00c000a216a8 by goroutine 114:
  github.com/hyperledger-labs/mirbft/tracing.(*BufferedTrace).Event()
      /opt/gopath/src/github.com/hyperledger-labs/mirbft/tracing/bufferedtrace.go:105 +0x2d9
  github.com/hyperledger-labs/mirbft/profiling.StartCPUTracing.func1()
      /opt/gopath/src/github.com/hyperledger-labs/mirbft/profiling/cpuusage.go:31 +0x95

Goroutine 115 (running) created at:
  github.com/hyperledger-labs/mirbft/tracing.(*BufferedTrace).StopOnSignal()
      /opt/gopath/src/github.com/hyperledger-labs/mirbft/tracing/bufferedtrace.go:292 +0x172
  main.setUpTracing()
      /opt/gopath/src/github.com/hyperledger-labs/mirbft/cmd/orderingpeer/main.go:204 +0xf5
  main.main()
      /opt/gopath/src/github.com/hyperledger-labs/mirbft/cmd/orderingpeer/main.go:98 +0x9d6

Goroutine 114 (running) created at:
  github.com/hyperledger-labs/mirbft/profiling.StartCPUTracing()
      /opt/gopath/src/github.com/hyperledger-labs/mirbft/profiling/cpuusage.go:28 +0xb6
  main.setUpTracing()
      /opt/gopath/src/github.com/hyperledger-labs/mirbft/cmd/orderingpeer/main.go:196 +0x85
  main.main()
      /opt/gopath/src/github.com/hyperledger-labs/mirbft/cmd/orderingpeer/main.go:98 +0x9d6
==================
06:38:50.390 INF Trace data written.
06:38:50.524 INF Profile data written. filename=experiment-output/0000/slave-002/prof.cpu name=cpu
06:38:50.536 INF Connection terminated. error="rpc error: code = Canceled desc = context canceled" address=127.0.0.1:50158
06:38:50.536 INF Connection terminated. error="rpc error: code = Canceled desc = context canceled" address=127.0.0.1:50114
06:38:50.536 INF Connection terminated. error="rpc error: code = Canceled desc = context canceled" address=127.0.0.1:50056
06:38:50.536 INF Connection terminated. error="rpc error: code = Canceled desc = context canceled" address=127.0.0.1:50060
06:38:50.589 INF Profile data written. filename=experiment-output/0000/slave-002/prof.block name=block
06:38:50.618 INF Profile data written. filename=experiment-output/0000/slave-002/prof.mutex name=mutex
