{"level":"debug","Logging":"debug","time":"2022-08-31T17:14:34+08:00","message":"Config"}
{"level":"debug","UseTLS":false,"time":"2022-08-31T17:14:34+08:00","message":"Config"}
{"level":"debug","CACertFile":"tls-data/ca.pem","time":"2022-08-31T17:14:34+08:00","message":"Config"}
{"level":"debug","KeyFile":"tls-data/auth.key","time":"2022-08-31T17:14:34+08:00","message":"Config"}
{"level":"debug","CertFile":"tls-data/auth.pem","time":"2022-08-31T17:14:34+08:00","message":"Config"}
{"level":"debug","PriorityConnections":2,"time":"2022-08-31T17:14:34+08:00","message":"Config"}
{"level":"debug","BasicConnections":2,"time":"2022-08-31T17:14:34+08:00","message":"Config"}
{"level":"debug","TestConnections":false,"time":"2022-08-31T17:14:34+08:00","message":"Config"}
{"level":"debug","ExcessConnections":1,"time":"2022-08-31T17:14:34+08:00","message":"Config"}
{"level":"debug","ConnectionTestMsgs":4,"time":"2022-08-31T17:14:34+08:00","message":"Config"}
{"level":"debug","ConnectionTestPayload":131072,"time":"2022-08-31T17:14:34+08:00","message":"Config"}
{"level":"debug","OutMessageBufsize":1024,"time":"2022-08-31T17:14:34+08:00","message":"Config"}
{"level":"debug","OutMessageBufsize":2,"time":"2022-08-31T17:14:34+08:00","message":"Config"}
{"level":"debug","ThroughputCap":131072000,"time":"2022-08-31T17:14:34+08:00","message":"Config"}
{"level":"debug","StragglerTolerance":1000,"time":"2022-08-31T17:14:34+08:00","message":"Config"}
{"level":"debug","BatchSizeIncrement":256,"time":"2022-08-31T17:14:34+08:00","message":"Config"}
{"level":"debug","Orderer":"Pbft","time":"2022-08-31T17:14:34+08:00","message":"Config"}
{"level":"debug","Manager":"Mir","time":"2022-08-31T17:14:34+08:00","message":"Config"}
{"level":"debug","Failures":2,"time":"2022-08-31T17:14:34+08:00","message":"Config"}
{"level":"debug","CrashTiming":"Straggler","time":"2022-08-31T17:14:34+08:00","message":"Config"}
{"level":"debug","CheckpointInterval":256,"time":"2022-08-31T17:14:34+08:00","message":"Config"}
{"level":"debug","WatermarkWindowSize":256,"time":"2022-08-31T17:14:34+08:00","message":"Config"}
{"level":"debug","EpochLength":256,"time":"2022-08-31T17:14:34+08:00","message":"Config"}
{"level":"debug","SegmentLength":32,"time":"2022-08-31T17:14:34+08:00","message":"Config"}
{"level":"debug","WaitForCheckpoints":true,"time":"2022-08-31T17:14:34+08:00","message":"Config"}
{"level":"debug","ClientWatermarkWindowSize":4194304,"time":"2022-08-31T17:14:34+08:00","message":"Config"}
{"level":"debug","ClientRequestBacklogSize":4194304,"time":"2022-08-31T17:14:34+08:00","message":"Config"}
{"level":"debug","RandomSeed":22361,"time":"2022-08-31T17:14:34+08:00","message":"Config"}
{"level":"debug","NodeToLeaderRatio":1,"time":"2022-08-31T17:14:34+08:00","message":"Config"}
{"level":"debug","LeaderPolicy":"SimulatedRandomFailures","time":"2022-08-31T17:14:34+08:00","message":"Config"}
{"level":"debug","DefaultLeaderBan":2,"time":"2022-08-31T17:14:34+08:00","message":"Config"}
{"level":"debug","NumBuckets":128,"time":"2022-08-31T17:14:34+08:00","message":"Config"}
{"level":"debug","BatchSize":1000,"time":"2022-08-31T17:14:34+08:00","message":"Config"}
{"level":"debug","DisabledViewChange":false,"time":"2022-08-31T17:14:34+08:00","message":"Config"}
{"level":"debug","ViewChangeTimeout":60000,"time":"2022-08-31T17:14:34+08:00","message":"Config"}
{"level":"debug","ClientTraceSampling":10,"time":"2022-08-31T17:14:34+08:00","message":"Config"}
{"level":"debug","EventBufferSize":2097152,"time":"2022-08-31T17:14:34+08:00","message":"Config"}
{"level":"debug","TraceSampling":1,"time":"2022-08-31T17:14:34+08:00","message":"Config"}
{"level":"debug","ClientsPerProcess":1,"time":"2022-08-31T17:14:34+08:00","message":"Config"}
{"level":"debug","RequestsPerClient":15360,"time":"2022-08-31T17:14:34+08:00","message":"Config"}
{"level":"debug","ClientRunTime":30000,"time":"2022-08-31T17:14:34+08:00","message":"Config"}
{"level":"debug","RequestRate":256,"time":"2022-08-31T17:14:34+08:00","message":"Config"}
{"level":"debug","HardRequestRateLimit":false,"time":"2022-08-31T17:14:34+08:00","message":"Config"}
{"level":"debug","RequestPayloadSize":500,"time":"2022-08-31T17:14:34+08:00","message":"Config"}
{"level":"debug","SignRequests":true,"time":"2022-08-31T17:14:34+08:00","message":"Config"}
{"level":"debug","ClientPrivKeyFile":"tls-data/client-ecdsa-256.key","time":"2022-08-31T17:14:34+08:00","message":"Config"}
{"level":"debug","ClientPubKeyFile":"tls-data/client-ecdsa-256.pem","time":"2022-08-31T17:14:34+08:00","message":"Config"}
{"level":"debug","PrecomputeRequests":false,"time":"2022-08-31T17:14:34+08:00","message":"Config"}
{"level":"debug","RequestHandlerThreads":32,"time":"2022-08-31T17:14:34+08:00","message":"Config"}
{"level":"debug","RequestInputChannelBuffer":8192,"time":"2022-08-31T17:14:34+08:00","message":"Config"}
{"level":"debug","BatchVerifier":"external","time":"2022-08-31T17:14:34+08:00","message":"Config"}
09:14:34.682 INF Registered with discovery server. numPeers=8 ownID=1
09:14:34.683 INF Profiling enabled.
09:14:34.683 INF Setting up profiling.
09:14:34.683 INF Started Profiler: CPU
09:14:34.683 INF Started Profiler: BLOCK
09:14:34.683 INF Started Profiler: MUTEX
09:14:34.683 INF Profiler will stop on signal. exit=true
09:14:34.685 INF Tracing will stop on signal. exit=false
09:14:34.685 INF Started tracing. traceFile=experiment-output/0000/slave-003/peer.trc
09:14:34.687 DBG Starting backlog.
09:14:34.687 INF Listening for connections. port=10011 useTLS=false
09:14:34.687 INF Connecting to peer. addr=127.0.0.1:10011 basicConns=2 priorityConns=2
09:14:34.687 INF Connecting to peer. addr=127.0.0.1:10022 basicConns=2 priorityConns=2
09:14:34.687 INF Connecting to peer. addr=127.0.0.1:10033 basicConns=2 priorityConns=2
09:14:34.687 INF Connecting to peer. addr=127.0.0.1:10044 basicConns=2 priorityConns=2
09:14:34.688 INF Connecting to peer. addr=127.0.0.1:10055 basicConns=2 priorityConns=2
09:14:34.688 INF Connecting to peer. addr=127.0.0.1:10000 basicConns=2 priorityConns=2
09:14:34.692 INF Connecting to peer. addr=127.0.0.1:10066 basicConns=2 priorityConns=2
09:14:34.692 INF Connecting to peer. addr=127.0.0.1:10077 basicConns=2 priorityConns=2
09:14:34.720 INF Incoming connection for protocol messages. addr=127.0.0.1:37684
09:14:34.731 INF Incoming connection for protocol messages. addr=127.0.0.1:37686
09:14:34.742 INF Incoming connection for protocol messages. addr=127.0.0.1:37652
09:14:34.742 INF Incoming connection for protocol messages. addr=127.0.0.1:37666
09:14:34.743 DBG Connected. peerID=4
09:14:34.743 INF Incoming connection for protocol messages. addr=127.0.0.1:37690
09:14:34.744 INF Incoming connection for protocol messages. addr=127.0.0.1:37680
09:14:34.746 INF Incoming connection for protocol messages. addr=127.0.0.1:37718
09:14:34.746 INF Incoming connection for protocol messages. addr=127.0.0.1:37818
09:14:34.747 DBG Connected. peerID=1
09:14:34.748 INF Incoming connection for protocol messages. addr=127.0.0.1:37832
09:14:34.749 INF Incoming connection for protocol messages. addr=127.0.0.1:37734
09:14:34.750 INF Incoming connection for protocol messages. addr=127.0.0.1:37786
09:14:34.750 INF Incoming connection for protocol messages. addr=127.0.0.1:37788
09:14:34.753 INF Incoming connection for protocol messages. addr=127.0.0.1:37848
09:14:34.753 INF Incoming connection for protocol messages. addr=127.0.0.1:37916
09:14:34.754 INF Incoming connection for protocol messages. addr=127.0.0.1:37962
09:14:34.755 INF Incoming connection for protocol messages. addr=127.0.0.1:37984
09:14:34.755 INF Incoming connection for protocol messages. addr=127.0.0.1:37938
09:14:34.756 DBG Connected. peerID=7
09:14:34.756 INF Incoming connection for protocol messages. addr=127.0.0.1:38006
09:14:34.756 INF Incoming connection for protocol messages. addr=127.0.0.1:38008
09:14:34.757 DBG Connected. peerID=6
09:14:34.757 INF Incoming connection for protocol messages. addr=127.0.0.1:38040
09:14:34.759 INF Incoming connection for protocol messages. addr=127.0.0.1:37892
09:14:34.760 INF Incoming connection for protocol messages. addr=127.0.0.1:38016
09:14:34.760 INF Incoming connection for protocol messages. addr=127.0.0.1:38022
09:14:34.760 DBG Connected. peerID=2
09:14:34.763 INF Incoming connection for protocol messages. addr=127.0.0.1:37704
09:14:34.769 DBG Connected. peerID=3
09:14:34.772 INF Incoming connection for protocol messages. addr=127.0.0.1:37978
09:14:34.775 INF Incoming connection for protocol messages. addr=127.0.0.1:38058
09:14:34.783 INF Incoming connection for protocol messages. addr=127.0.0.1:38050
09:14:34.787 INF Incoming connection for protocol messages. addr=127.0.0.1:38084
09:14:34.788 DBG Connected. peerID=5
09:14:34.791 DBG Connected. peerID=0
09:14:34.791 INF Connected to all peers.
09:14:34.796 INF Incoming connection for protocol messages. addr=127.0.0.1:38100
09:14:34.801 INF Incoming connection for protocol messages. addr=127.0.0.1:38122
09:14:34.804 INF Incoming connection for protocol messages. addr=127.0.0.1:38104
09:14:34.808 INF Incoming connection for protocol messages. addr=127.0.0.1:38148
09:14:34.818 INF All peers finished connecting. Starting ISS.
09:14:34.819 DBG Buckets for 0-th leader 0: [0 8 16 24 32 40 48 56 64 72 80 88 96 104 112 120 12 36 60 84 108]
09:14:34.819 DBG Buckets for 1-th leader 1: [1 9 17 25 33 41 49 57 65 73 81 89 97 105 113 121 7 31 55 79 103 127]
09:14:34.819 DBG Buckets for 2-th leader 2: [2 10 18 26 34 42 50 58 66 74 82 90 98 106 114 122 20 44 68 92 116]
09:14:34.819 DBG Buckets for 3-th leader 3: [3 11 19 27 35 43 51 59 67 75 83 91 99 107 115 123 15 39 63 87 111]
09:14:34.819 DBG Buckets for 4-th leader 5: [5 13 21 29 37 45 53 61 69 77 85 93 101 109 117 125 4 28 52 76 100 124]
09:14:34.819 DBG Buckets for 5-th leader 6: [6 14 22 30 38 46 54 62 70 78 86 94 102 110 118 126 23 47 71 95 119]
09:14:34.820 INF PbftOrderer received a new segment: [3 9 15 21 27 33 39 45 51 57 63 69 75 81 87 93 99 105 111 117 123 129 135 141 147 153 159 165 171 177 183 189] first leader=3 firstSN=3 lastSN=189 len=32 length=32 segId=3
09:14:34.820 INF Starting new view. segID=3 timeout=60000 view=0
09:14:34.820 DBG Starting timer. sn=3 view=0
09:14:34.820 INF Starting PBFT instance. first=3 last=189 segID=3
09:14:34.821 DBG Subscribing to backlog. segID=3
09:14:34.821 INF Starting serialized message processing. segID=3
09:14:34.821 INF PbftOrderer received a new segment: [4 10 16 22 28 34 40 46 52 58 64 70 76 82 88 94 100 106 112 118 124 130 136 142 148 154 160 166 172 178 184 190] first leader=5 firstSN=4 lastSN=190 len=32 length=32 segId=4
09:14:34.821 INF Starting new view. segID=4 timeout=60000 view=0
09:14:34.821 DBG Starting timer. sn=4 view=0
09:14:34.822 INF Starting PBFT instance. first=4 last=190 segID=4
09:14:34.822 DBG Subscribing to backlog. segID=4
09:14:34.822 INF Starting serialized message processing. segID=4
09:14:34.822 INF PbftOrderer received a new segment: [5 11 17 23 29 35 41 47 53 59 65 71 77 83 89 95 101 107 113 119 125 131 137 143 149 155 161 167 173 179 185 191] first leader=6 firstSN=5 lastSN=191 len=32 length=32 segId=5
09:14:34.822 INF Starting new view. segID=5 timeout=60000 view=0
09:14:34.823 DBG Starting timer. sn=5 view=0
09:14:34.823 INF Starting PBFT instance. first=5 last=191 segID=5
09:14:34.823 DBG Subscribing to backlog. segID=5
09:14:34.823 INF Starting serialized message processing. segID=5
09:14:34.823 INF PbftOrderer received a new segment: [0 6 12 18 24 30 36 42 48 54 60 66 72 78 84 90 96 102 108 114 120 126 132 138 144 150 156 162 168 174 180 186] first leader=0 firstSN=0 lastSN=186 len=32 length=32 segId=0
09:14:34.823 INF Starting new view. segID=0 timeout=60000 view=0
09:14:34.824 DBG Starting timer. sn=0 view=0
09:14:34.824 INF Starting PBFT instance. first=0 last=186 segID=0
09:14:34.824 DBG Subscribing to backlog. segID=0
09:14:34.824 INF Starting serialized message processing. segID=0
09:14:34.824 INF PbftOrderer received a new segment: [1 7 13 19 25 31 37 43 49 55 61 67 73 79 85 91 97 103 109 115 121 127 133 139 145 151 157 163 169 175 181 187] first leader=1 firstSN=1 lastSN=187 len=32 length=32 segId=1
09:14:34.824 INF Starting new view. segID=1 timeout=60000 view=0
09:14:34.824 DBG Starting timer. sn=1 view=0
09:14:34.825 INF Starting PBFT instance. first=1 last=187 segID=1
09:14:34.825 DBG Subscribing to backlog. segID=1
09:14:34.825 DBG Leading segment. segID=1
09:14:34.825 DBG Waiting for batch. batchSize=4096
09:14:34.825 INF Starting serialized message processing. segID=1
09:14:34.825 INF PbftOrderer received a new segment: [2 8 14 20 26 32 38 44 50 56 62 68 74 80 86 92 98 104 110 116 122 128 134 140 146 152 158 164 170 176 182 188] first leader=2 firstSN=2 lastSN=188 len=32 length=32 segId=2
09:14:34.825 INF Starting new view. segID=2 timeout=60000 view=0
09:14:34.825 DBG Starting timer. sn=2 view=0
09:14:34.826 INF Starting PBFT instance. first=2 last=188 segID=2
09:14:34.826 DBG Subscribing to backlog. segID=2
09:14:34.826 INF Starting serialized message processing. segID=2
09:14:34.843 INF Connection terminated. error="rpc error: code = Canceled desc = context canceled" address=127.0.0.1:37818
09:14:34.843 INF Connection terminated. error="rpc error: code = Canceled desc = context canceled" address=127.0.0.1:37686
09:14:34.843 INF Connection terminated. error="rpc error: code = Canceled desc = context canceled" address=127.0.0.1:37690
09:14:34.843 INF Connection terminated. error="rpc error: code = Canceled desc = context canceled" address=127.0.0.1:37788
09:14:34.845 INF Connection terminated. error="rpc error: code = Canceled desc = context canceled" address=127.0.0.1:37848
09:14:34.845 INF Connection terminated. error="rpc error: code = Canceled desc = context canceled" address=127.0.0.1:37666
09:14:34.845 INF Connection terminated. error="rpc error: code = Canceled desc = context canceled" address=127.0.0.1:37680
09:14:34.845 INF Connection terminated. error="rpc error: code = Canceled desc = context canceled" address=127.0.0.1:37652
09:14:36.856 INF Incoming connection for requests. addr=127.0.0.1:38178
09:15:04.826 DBG Batch ready. batchSize=4096
09:15:04.828 DBG Batch cut. left=0 nBuckets=22 nReq=1230 next=0
09:15:04.853 DBG Waiting for batch. batchSize=4096
09:15:04.892 INF Sending PREPREPARE. nReq=1230 senderID=1 sn=1 view=0
09:15:05.007 ERR Failed to send protocol message. Dropping all future outgoing protocol messages. error=EOF
09:15:05.007 ERR Failed to send protocol message. Dropping all future outgoing protocol messages. error=EOF
09:15:05.025 INF Handling PREPREPARE. nReq=1174 senderID=2 sn=2
09:15:05.025 DBG Creating new Batch. nReq=1174
09:15:05.050 INF Handling PREPREPARE. nReq=1173 senderID=6 sn=5
09:15:05.051 DBG Creating new Batch. nReq=1173
09:15:05.054 INF Handling PREPREPARE. nReq=1174 senderID=3 sn=3
09:15:05.054 DBG Creating new Batch. nReq=1174
09:15:05.060 INF Handling PREPREPARE. nReq=1175 senderID=0 sn=0
09:15:05.061 DBG Creating new Batch. nReq=1175
09:15:05.181 INF Handling PREPREPARE. nReq=1229 senderID=5 sn=4
09:15:05.181 DBG Creating new Batch. nReq=1229
09:15:05.465 DBG Sending PREPARE. senderID=1 sn=2 view=0
09:15:05.507 DBG Sending PREPARE. senderID=1 sn=5 view=0
09:15:05.541 DBG Sending PREPARE. senderID=1 sn=3 view=0
09:15:05.543 DBG Sending PREPARE. senderID=1 sn=0 view=0
09:15:05.557 DBG Sending PREPARE. senderID=1 sn=4 view=0
09:15:05.585 DBG Sending COMMIT. senderID=1 sn=0 view=0
09:15:05.586 DBG Sending COMMIT. senderID=1 sn=2 view=0
09:15:05.590 INF Committed entry. latency=0 nReq=1175 sn=0
09:15:05.590 INF Delivered batch. nReq=1175 sn=0
09:15:05.590 DBG Starting timer. sn=6 view=0
09:15:05.593 INF Committed entry. latency=0 nReq=1174 sn=2
09:15:05.593 DBG Starting timer. sn=8 view=0
09:15:05.594 DBG Sending COMMIT. senderID=1 sn=1 view=0
09:15:05.602 INF Committed entry. latency=0 nReq=1230 sn=1
09:15:05.602 INF Delivered batch. nReq=1230 sn=1
09:15:05.602 INF Delivered batch. nReq=1174 sn=2
09:15:05.602 DBG Starting timer. sn=7 view=0
09:15:05.602 DBG Sending COMMIT. senderID=1 sn=3 view=0
09:15:05.604 DBG Sending COMMIT. senderID=1 sn=5 view=0
09:15:05.610 INF Committed entry. latency=0 nReq=1173 sn=5
09:15:05.610 DBG Starting timer. sn=11 view=0
09:15:05.610 INF Committed entry. latency=0 nReq=1174 sn=3
09:15:05.610 INF Delivered batch. nReq=1174 sn=3
09:15:05.610 DBG Starting timer. sn=9 view=0
09:15:05.615 DBG Sending COMMIT. senderID=1 sn=4 view=0
09:15:05.619 INF Committed entry. latency=0 nReq=1229 sn=4
09:15:05.619 INF Delivered batch. nReq=1229 sn=4
09:15:05.619 INF Delivered batch. nReq=1173 sn=5
09:15:05.620 DBG Starting timer. sn=10 view=0
09:15:34.843 INF Handling PREPREPARE. nReq=86 senderID=2 sn=8
09:15:34.843 DBG Creating new Batch. nReq=86
09:15:34.844 INF Handling PREPREPARE. nReq=86 senderID=0 sn=6
09:15:34.844 DBG Creating new Batch. nReq=86
09:15:34.844 INF Handling PREPREPARE. nReq=86 senderID=3 sn=9
09:15:34.844 DBG Creating new Batch. nReq=86
09:15:34.860 DBG Batch ready. batchSize=4096
09:15:34.860 DBG Batch cut. left=0 nBuckets=22 nReq=91 next=0
09:15:34.861 DBG Waiting for batch. batchSize=4096
09:15:34.862 INF Handling PREPREPARE. nReq=87 senderID=6 sn=11
09:15:34.862 DBG Creating new Batch. nReq=87
09:15:34.866 INF Sending PREPREPARE. nReq=91 senderID=1 sn=7 view=0
09:15:34.875 DBG Sending PREPARE. senderID=1 sn=6 view=0
09:15:34.875 INF Handling PREPREPARE. nReq=91 senderID=5 sn=10
09:15:34.875 DBG Creating new Batch. nReq=91
09:15:34.875 DBG Sending COMMIT. senderID=1 sn=6 view=0
09:15:34.876 INF Committed entry. latency=0 nReq=86 sn=6
09:15:34.876 INF Delivered batch. nReq=86 sn=6
09:15:34.877 DBG Starting timer. sn=12 view=0
09:15:34.877 DBG Sending PREPARE. senderID=1 sn=9 view=0
09:15:34.878 DBG Sending COMMIT. senderID=1 sn=9 view=0
09:15:34.884 DBG Sending PREPARE. senderID=1 sn=8 view=0
09:15:34.884 DBG Sending COMMIT. senderID=1 sn=8 view=0
09:15:34.885 INF Committed entry. latency=0 nReq=86 sn=8
09:15:34.885 DBG Starting timer. sn=14 view=0
09:15:34.885 DBG Sending PREPARE. senderID=1 sn=11 view=0
09:15:34.886 DBG Sending COMMIT. senderID=1 sn=11 view=0
09:15:34.886 INF Committed entry. latency=0 nReq=87 sn=11
09:15:34.887 DBG Starting timer. sn=17 view=0
09:15:34.892 INF Committed entry. latency=0 nReq=86 sn=9
09:15:34.892 DBG Starting timer. sn=15 view=0
09:15:34.895 DBG Sending PREPARE. senderID=1 sn=10 view=0
09:15:34.896 DBG Sending COMMIT. senderID=1 sn=10 view=0
09:15:34.901 INF Committed entry. latency=0 nReq=91 sn=10
09:15:34.901 DBG Starting timer. sn=16 view=0
09:15:34.909 DBG Sending COMMIT. senderID=1 sn=7 view=0
09:15:34.913 INF Committed entry. latency=0 nReq=91 sn=7
09:15:34.913 INF Delivered batch. nReq=91 sn=7
09:15:34.913 INF Delivered batch. nReq=86 sn=8
09:15:34.914 INF Delivered batch. nReq=86 sn=9
09:15:34.914 INF Delivered batch. nReq=91 sn=10
09:15:34.914 INF Delivered batch. nReq=87 sn=11
09:15:34.914 DBG Starting timer. sn=13 view=0
09:15:35.905 INF Connection terminated. error="rpc error: code = Canceled desc = context canceled" address=127.0.0.1:38178
09:15:35.906 INF Finished sending bucket assignments to client. clId=0
09:15:36.311 INF Stopping profiler.
09:15:36.311 INF Stopping Tracer. events=144 fileName=experiment-output/0000/slave-003/peer.trc
==================
WARNING: DATA RACE
Read at 0x00c0009a0000 by goroutine 115:
  runtime.racereadrange()
      <autogenerated>:1 +0x1b
  github.com/hyperledger-labs/mirbft/tracing.(*BufferedTrace).StopOnSignal.func1()
      /opt/gopath/src/github.com/hyperledger-labs/mirbft/tracing/bufferedtrace.go:298 +0x4e

Previous write at 0x00c0009a0000 by goroutine 495:
  github.com/hyperledger-labs/mirbft/tracing.(*BufferedTrace).Event()
      /opt/gopath/src/github.com/hyperledger-labs/mirbft/tracing/bufferedtrace.go:105 +0x2d9
  github.com/hyperledger-labs/mirbft/manager.(*MirManager).handleLogEntries()
      /opt/gopath/src/github.com/hyperledger-labs/mirbft/manager/mirmanager.go:139 +0x1d8
  github.com/hyperledger-labs/mirbft/manager.(*MirManager).Start路dwrap路7()
      /opt/gopath/src/github.com/hyperledger-labs/mirbft/manager/mirmanager.go:101 +0x47

Goroutine 115 (running) created at:
  github.com/hyperledger-labs/mirbft/tracing.(*BufferedTrace).StopOnSignal()
      /opt/gopath/src/github.com/hyperledger-labs/mirbft/tracing/bufferedtrace.go:292 +0x172
  main.setUpTracing()
      /opt/gopath/src/github.com/hyperledger-labs/mirbft/cmd/orderingpeer/main.go:204 +0xf5
  main.main()
      /opt/gopath/src/github.com/hyperledger-labs/mirbft/cmd/orderingpeer/main.go:98 +0x9d6

Goroutine 495 (running) created at:
  github.com/hyperledger-labs/mirbft/manager.(*MirManager).Start()
      /opt/gopath/src/github.com/hyperledger-labs/mirbft/manager/mirmanager.go:101 +0x19e
  main.main路dwrap路4()
      /opt/gopath/src/github.com/hyperledger-labs/mirbft/cmd/orderingpeer/main.go:168 +0x59
==================
==================
WARNING: DATA RACE
Read at 0x00c0009a1658 by goroutine 115:
  runtime.racereadrange()
      <autogenerated>:1 +0x1b
  github.com/hyperledger-labs/mirbft/tracing.(*BufferedTrace).StopOnSignal.func1()
      /opt/gopath/src/github.com/hyperledger-labs/mirbft/tracing/bufferedtrace.go:298 +0x4e

Previous write at 0x00c0009a1658 by goroutine 114:
  github.com/hyperledger-labs/mirbft/tracing.(*BufferedTrace).Event()
      /opt/gopath/src/github.com/hyperledger-labs/mirbft/tracing/bufferedtrace.go:105 +0x2d9
  github.com/hyperledger-labs/mirbft/profiling.StartCPUTracing.func1()
      /opt/gopath/src/github.com/hyperledger-labs/mirbft/profiling/cpuusage.go:31 +0x95

Goroutine 115 (running) created at:
  github.com/hyperledger-labs/mirbft/tracing.(*BufferedTrace).StopOnSignal()
      /opt/gopath/src/github.com/hyperledger-labs/mirbft/tracing/bufferedtrace.go:292 +0x172
  main.setUpTracing()
      /opt/gopath/src/github.com/hyperledger-labs/mirbft/cmd/orderingpeer/main.go:204 +0xf5
  main.main()
      /opt/gopath/src/github.com/hyperledger-labs/mirbft/cmd/orderingpeer/main.go:98 +0x9d6

Goroutine 114 (running) created at:
  github.com/hyperledger-labs/mirbft/profiling.StartCPUTracing()
      /opt/gopath/src/github.com/hyperledger-labs/mirbft/profiling/cpuusage.go:28 +0xb6
  main.setUpTracing()
      /opt/gopath/src/github.com/hyperledger-labs/mirbft/cmd/orderingpeer/main.go:196 +0x85
  main.main()
      /opt/gopath/src/github.com/hyperledger-labs/mirbft/cmd/orderingpeer/main.go:98 +0x9d6
==================
09:15:36.314 INF Trace data written.
09:15:36.362 INF Profile data written. filename=experiment-output/0000/slave-003/prof.mutex name=mutex
09:15:36.495 INF Connection terminated. error="rpc error: code = Canceled desc = context canceled" address=127.0.0.1:37962
09:15:36.495 INF Connection terminated. error="rpc error: code = Canceled desc = context canceled" address=127.0.0.1:37984
09:15:36.497 INF Connection terminated. error="rpc error: code = Canceled desc = context canceled" address=127.0.0.1:38008
09:15:36.497 INF Connection terminated. error="rpc error: code = Canceled desc = context canceled" address=127.0.0.1:37938
09:15:36.563 INF Connection terminated. error="rpc error: code = Canceled desc = context canceled" address=127.0.0.1:38084
09:15:36.563 INF Connection terminated. error="rpc error: code = Canceled desc = context canceled" address=127.0.0.1:38058
09:15:36.563 INF Connection terminated. error="rpc error: code = Canceled desc = context canceled" address=127.0.0.1:38050
09:15:36.563 INF Connection terminated. error="rpc error: code = Canceled desc = context canceled" address=127.0.0.1:37704
09:15:36.573 INF Profile data written. filename=experiment-output/0000/slave-003/prof.cpu name=cpu
09:15:36.597 INF Connection terminated. error="rpc error: code = Canceled desc = context canceled" address=127.0.0.1:38148
09:15:36.597 INF Connection terminated. error="rpc error: code = Canceled desc = context canceled" address=127.0.0.1:38122
09:15:36.597 INF Connection terminated. error="rpc error: code = Canceled desc = context canceled" address=127.0.0.1:38104
09:15:36.597 INF Connection terminated. error="rpc error: code = Canceled desc = context canceled" address=127.0.0.1:38100
09:15:36.624 INF Profile data written. filename=experiment-output/0000/slave-003/prof.block name=block
