{"level":"debug","Logging":"debug","time":"2022-09-22T18:36:38+08:00","message":"Config"}
{"level":"debug","UseTLS":false,"time":"2022-09-22T18:36:38+08:00","message":"Config"}
{"level":"debug","CACertFile":"tls-data/ca.pem","time":"2022-09-22T18:36:38+08:00","message":"Config"}
{"level":"debug","KeyFile":"tls-data/auth.key","time":"2022-09-22T18:36:38+08:00","message":"Config"}
{"level":"debug","CertFile":"tls-data/auth.pem","time":"2022-09-22T18:36:38+08:00","message":"Config"}
{"level":"debug","PriorityConnections":2,"time":"2022-09-22T18:36:38+08:00","message":"Config"}
{"level":"debug","BasicConnections":2,"time":"2022-09-22T18:36:38+08:00","message":"Config"}
{"level":"debug","TestConnections":false,"time":"2022-09-22T18:36:38+08:00","message":"Config"}
{"level":"debug","ExcessConnections":1,"time":"2022-09-22T18:36:38+08:00","message":"Config"}
{"level":"debug","ConnectionTestMsgs":4,"time":"2022-09-22T18:36:38+08:00","message":"Config"}
{"level":"debug","ConnectionTestPayload":131072,"time":"2022-09-22T18:36:38+08:00","message":"Config"}
{"level":"debug","OutMessageBufsize":1024,"time":"2022-09-22T18:36:38+08:00","message":"Config"}
{"level":"debug","OutMessageBufsize":2,"time":"2022-09-22T18:36:38+08:00","message":"Config"}
{"level":"debug","ThroughputCap":131072000,"time":"2022-09-22T18:36:38+08:00","message":"Config"}
{"level":"debug","StragglerTolerance":1000,"time":"2022-09-22T18:36:38+08:00","message":"Config"}
{"level":"debug","BatchSizeIncrement":256,"time":"2022-09-22T18:36:38+08:00","message":"Config"}
{"level":"debug","Orderer":"Pbft","time":"2022-09-22T18:36:38+08:00","message":"Config"}
{"level":"debug","Manager":"Mir","time":"2022-09-22T18:36:38+08:00","message":"Config"}
{"level":"debug","Failures":2,"time":"2022-09-22T18:36:38+08:00","message":"Config"}
{"level":"debug","CrashTiming":"Straggler","time":"2022-09-22T18:36:38+08:00","message":"Config"}
{"level":"debug","CheckpointInterval":256,"time":"2022-09-22T18:36:38+08:00","message":"Config"}
{"level":"debug","WatermarkWindowSize":256,"time":"2022-09-22T18:36:38+08:00","message":"Config"}
{"level":"debug","EpochLength":256,"time":"2022-09-22T18:36:38+08:00","message":"Config"}
{"level":"debug","SegmentLength":32,"time":"2022-09-22T18:36:38+08:00","message":"Config"}
{"level":"debug","WaitForCheckpoints":true,"time":"2022-09-22T18:36:38+08:00","message":"Config"}
{"level":"debug","ClientWatermarkWindowSize":4194304,"time":"2022-09-22T18:36:38+08:00","message":"Config"}
{"level":"debug","ClientRequestBacklogSize":4194304,"time":"2022-09-22T18:36:38+08:00","message":"Config"}
{"level":"debug","RandomSeed":22971,"time":"2022-09-22T18:36:38+08:00","message":"Config"}
{"level":"debug","NodeToLeaderRatio":1,"time":"2022-09-22T18:36:38+08:00","message":"Config"}
{"level":"debug","LeaderPolicy":"SimulatedRandomFailures","time":"2022-09-22T18:36:38+08:00","message":"Config"}
{"level":"debug","DefaultLeaderBan":2,"time":"2022-09-22T18:36:38+08:00","message":"Config"}
{"level":"debug","NumBuckets":128,"time":"2022-09-22T18:36:38+08:00","message":"Config"}
{"level":"debug","BatchSize":1000,"time":"2022-09-22T18:36:38+08:00","message":"Config"}
{"level":"debug","DisabledViewChange":false,"time":"2022-09-22T18:36:38+08:00","message":"Config"}
{"level":"debug","ViewChangeTimeout":60000,"time":"2022-09-22T18:36:38+08:00","message":"Config"}
{"level":"debug","ClientTraceSampling":10,"time":"2022-09-22T18:36:38+08:00","message":"Config"}
{"level":"debug","EventBufferSize":2097152,"time":"2022-09-22T18:36:38+08:00","message":"Config"}
{"level":"debug","TraceSampling":1,"time":"2022-09-22T18:36:38+08:00","message":"Config"}
{"level":"debug","ClientsPerProcess":1,"time":"2022-09-22T18:36:38+08:00","message":"Config"}
{"level":"debug","RequestsPerClient":15360,"time":"2022-09-22T18:36:38+08:00","message":"Config"}
{"level":"debug","ClientRunTime":30000,"time":"2022-09-22T18:36:38+08:00","message":"Config"}
{"level":"debug","RequestRate":256,"time":"2022-09-22T18:36:38+08:00","message":"Config"}
{"level":"debug","HardRequestRateLimit":false,"time":"2022-09-22T18:36:38+08:00","message":"Config"}
{"level":"debug","RequestPayloadSize":500,"time":"2022-09-22T18:36:38+08:00","message":"Config"}
{"level":"debug","SignRequests":true,"time":"2022-09-22T18:36:38+08:00","message":"Config"}
{"level":"debug","ClientPrivKeyFile":"tls-data/client-ecdsa-256.key","time":"2022-09-22T18:36:38+08:00","message":"Config"}
{"level":"debug","ClientPubKeyFile":"tls-data/client-ecdsa-256.pem","time":"2022-09-22T18:36:38+08:00","message":"Config"}
{"level":"debug","PrecomputeRequests":false,"time":"2022-09-22T18:36:38+08:00","message":"Config"}
{"level":"debug","RequestHandlerThreads":32,"time":"2022-09-22T18:36:38+08:00","message":"Config"}
{"level":"debug","RequestInputChannelBuffer":8192,"time":"2022-09-22T18:36:38+08:00","message":"Config"}
{"level":"debug","BatchVerifier":"external","time":"2022-09-22T18:36:38+08:00","message":"Config"}
10:36:38.309 INF Registered with discovery server. numPeers=8 ownID=0
10:36:38.310 INF Profiling enabled.
10:36:38.310 INF Setting up profiling.
10:36:38.310 INF Started Profiler: CPU
10:36:38.310 INF Started Profiler: BLOCK
10:36:38.310 INF Started Profiler: MUTEX
10:36:38.310 INF Profiler will stop on signal. exit=true
10:36:38.313 INF Tracing will stop on signal. exit=false
10:36:38.314 INF Started tracing. traceFile=experiment-output/0000/slave-002/peer.trc
10:36:38.314 INF Listening for connections. port=10000 useTLS=false
10:36:38.315 DBG Starting backlog.
10:36:38.315 INF Connecting to peer. addr=127.0.0.1:10000 basicConns=2 priorityConns=2
10:36:38.315 INF Connecting to peer. addr=127.0.0.1:10011 basicConns=2 priorityConns=2
10:36:38.316 INF Connecting to peer. addr=127.0.0.1:10022 basicConns=2 priorityConns=2
10:36:38.316 INF Connecting to peer. addr=127.0.0.1:10033 basicConns=2 priorityConns=2
10:36:38.320 INF Connecting to peer. addr=127.0.0.1:10077 basicConns=2 priorityConns=2
10:36:38.320 INF Connecting to peer. addr=127.0.0.1:10066 basicConns=2 priorityConns=2
10:36:38.321 INF Connecting to peer. addr=127.0.0.1:10044 basicConns=2 priorityConns=2
10:36:38.325 INF Connecting to peer. addr=127.0.0.1:10055 basicConns=2 priorityConns=2
10:36:38.397 INF Incoming connection for protocol messages. addr=127.0.0.1:36452
10:36:38.398 INF Incoming connection for protocol messages. addr=127.0.0.1:36440
10:36:38.401 INF Incoming connection for protocol messages. addr=127.0.0.1:36478
10:36:38.403 INF Incoming connection for protocol messages. addr=127.0.0.1:36500
10:36:38.407 INF Incoming connection for protocol messages. addr=127.0.0.1:36454
10:36:38.407 DBG Connected. peerID=2
10:36:38.408 INF Incoming connection for protocol messages. addr=127.0.0.1:36594
10:36:38.409 INF Incoming connection for protocol messages. addr=127.0.0.1:36584
10:36:38.409 INF Incoming connection for protocol messages. addr=127.0.0.1:36538
10:36:38.410 DBG Connected. peerID=7
10:36:38.410 INF Incoming connection for protocol messages. addr=127.0.0.1:36606
10:36:38.410 INF Incoming connection for protocol messages. addr=127.0.0.1:36610
10:36:38.412 INF Incoming connection for protocol messages. addr=127.0.0.1:36542
10:36:38.413 DBG Connected. peerID=1
10:36:38.414 INF Incoming connection for protocol messages. addr=127.0.0.1:36714
10:36:38.415 INF Incoming connection for protocol messages. addr=127.0.0.1:36732
10:36:38.416 INF Incoming connection for protocol messages. addr=127.0.0.1:36722
10:36:38.416 INF Incoming connection for protocol messages. addr=127.0.0.1:36626
10:36:38.417 INF Incoming connection for protocol messages. addr=127.0.0.1:36524
10:36:38.417 INF Incoming connection for protocol messages. addr=127.0.0.1:36648
10:36:38.417 INF Incoming connection for protocol messages. addr=127.0.0.1:36744
10:36:38.418 DBG Connected. peerID=4
10:36:38.418 INF Incoming connection for protocol messages. addr=127.0.0.1:36754
10:36:38.420 INF Incoming connection for protocol messages. addr=127.0.0.1:36790
10:36:38.422 DBG Connected. peerID=3
10:36:38.422 INF Incoming connection for protocol messages. addr=127.0.0.1:36762
10:36:38.423 INF Incoming connection for protocol messages. addr=127.0.0.1:36756
10:36:38.423 INF Incoming connection for protocol messages. addr=127.0.0.1:36824
10:36:38.423 INF Incoming connection for protocol messages. addr=127.0.0.1:36768
10:36:38.424 INF Incoming connection for protocol messages. addr=127.0.0.1:36792
10:36:38.424 INF Incoming connection for protocol messages. addr=127.0.0.1:36820
10:36:38.424 INF Incoming connection for protocol messages. addr=127.0.0.1:36844
10:36:38.425 INF Incoming connection for protocol messages. addr=127.0.0.1:36850
10:36:38.426 DBG Connected. peerID=5
10:36:38.426 INF Incoming connection for protocol messages. addr=127.0.0.1:36862
10:36:38.427 INF Incoming connection for protocol messages. addr=127.0.0.1:36894
10:36:38.427 INF Incoming connection for protocol messages. addr=127.0.0.1:36920
10:36:38.428 DBG Connected. peerID=0
10:36:38.428 INF Incoming connection for protocol messages. addr=127.0.0.1:36904
10:36:38.428 INF Connected to all peers.
10:36:38.428 DBG Connected. peerID=6
10:36:38.433 INF All peers finished connecting. Starting ISS.
10:36:38.434 DBG Buckets for 0-th leader 0: [0 8 16 24 32 40 48 56 64 72 80 88 96 104 112 120 6 30 54 78 102 126]
10:36:38.434 DBG Buckets for 1-th leader 1: [1 9 17 25 33 41 49 57 65 73 81 89 97 105 113 121 19 43 67 91 115]
10:36:38.434 DBG Buckets for 2-th leader 2: [2 10 18 26 34 42 50 58 66 74 82 90 98 106 114 122 14 38 62 86 110]
10:36:38.434 DBG Buckets for 3-th leader 4: [4 12 20 28 36 44 52 60 68 76 84 92 100 108 116 124 3 27 51 75 99 123]
10:36:38.434 DBG Buckets for 4-th leader 5: [5 13 21 29 37 45 53 61 69 77 85 93 101 109 117 125 22 46 70 94 118]
10:36:38.435 DBG Buckets for 5-th leader 7: [7 15 23 31 39 47 55 63 71 79 87 95 103 111 119 127 11 35 59 83 107]
10:36:38.435 INF PbftOrderer received a new segment: [4 10 16 22 28 34 40 46 52 58 64 70 76 82 88 94 100 106 112 118 124 130 136 142 148 154 160 166 172 178 184 190] first leader=5 firstSN=4 lastSN=190 len=32 length=32 segId=4
10:36:38.435 INF Starting new view. segID=4 timeout=60000 view=0
10:36:38.436 DBG Starting timer. sn=4 view=0
10:36:38.436 INF Starting PBFT instance. first=4 last=190 segID=4
10:36:38.436 DBG Subscribing to backlog. segID=4
10:36:38.436 INF Starting serialized message processing. segID=4
10:36:38.437 INF PbftOrderer received a new segment: [5 11 17 23 29 35 41 47 53 59 65 71 77 83 89 95 101 107 113 119 125 131 137 143 149 155 161 167 173 179 185 191] first leader=7 firstSN=5 lastSN=191 len=32 length=32 segId=5
10:36:38.437 INF Starting new view. segID=5 timeout=60000 view=0
10:36:38.437 DBG Starting timer. sn=5 view=0
10:36:38.437 INF Starting PBFT instance. first=5 last=191 segID=5
10:36:38.438 DBG Subscribing to backlog. segID=5
10:36:38.438 INF Starting serialized message processing. segID=5
10:36:38.438 INF PbftOrderer received a new segment: [0 6 12 18 24 30 36 42 48 54 60 66 72 78 84 90 96 102 108 114 120 126 132 138 144 150 156 162 168 174 180 186] first leader=0 firstSN=0 lastSN=186 len=32 length=32 segId=0
10:36:38.438 INF Starting new view. segID=0 timeout=60000 view=0
10:36:38.439 DBG Starting timer. sn=0 view=0
10:36:38.439 INF Starting PBFT instance. first=0 last=186 segID=0
10:36:38.439 DBG Subscribing to backlog. segID=0
10:36:38.439 DBG Leading segment. segID=0
10:36:38.439 INF Starting serialized message processing. segID=0
10:36:38.439 DBG Waiting for batch. batchSize=4096
10:36:38.439 INF PbftOrderer received a new segment: [1 7 13 19 25 31 37 43 49 55 61 67 73 79 85 91 97 103 109 115 121 127 133 139 145 151 157 163 169 175 181 187] first leader=1 firstSN=1 lastSN=187 len=32 length=32 segId=1
10:36:38.440 INF Starting new view. segID=1 timeout=60000 view=0
10:36:38.440 DBG Starting timer. sn=1 view=0
10:36:38.440 INF Starting PBFT instance. first=1 last=187 segID=1
10:36:38.440 DBG Subscribing to backlog. segID=1
10:36:38.441 INF Starting serialized message processing. segID=1
10:36:38.441 INF PbftOrderer received a new segment: [2 8 14 20 26 32 38 44 50 56 62 68 74 80 86 92 98 104 110 116 122 128 134 140 146 152 158 164 170 176 182 188] first leader=2 firstSN=2 lastSN=188 len=32 length=32 segId=2
10:36:38.441 INF Starting new view. segID=2 timeout=60000 view=0
10:36:38.441 DBG Starting timer. sn=2 view=0
10:36:38.442 INF Starting PBFT instance. first=2 last=188 segID=2
10:36:38.442 DBG Subscribing to backlog. segID=2
10:36:38.442 INF Starting serialized message processing. segID=2
10:36:38.442 INF PbftOrderer received a new segment: [3 9 15 21 27 33 39 45 51 57 63 69 75 81 87 93 99 105 111 117 123 129 135 141 147 153 159 165 171 177 183 189] first leader=4 firstSN=3 lastSN=189 len=32 length=32 segId=3
10:36:38.442 INF Starting new view. segID=3 timeout=60000 view=0
10:36:38.443 DBG Starting timer. sn=3 view=0
10:36:38.443 INF Starting PBFT instance. first=3 last=189 segID=3
10:36:38.443 DBG Subscribing to backlog. segID=3
10:36:38.443 INF Starting serialized message processing. segID=3
10:36:38.464 INF Connection terminated. error="rpc error: code = Canceled desc = context canceled" address=127.0.0.1:36904
10:36:38.464 INF Connection terminated. error="rpc error: code = Canceled desc = context canceled" address=127.0.0.1:36820
10:36:38.464 INF Connection terminated. error="rpc error: code = Canceled desc = context canceled" address=127.0.0.1:36920
10:36:38.465 INF Connection terminated. error="rpc error: code = Canceled desc = context canceled" address=127.0.0.1:36768
10:36:38.465 INF Connection terminated. error="rpc error: code = Canceled desc = context canceled" address=127.0.0.1:36754
10:36:38.465 INF Connection terminated. error="rpc error: code = Canceled desc = context canceled" address=127.0.0.1:36762
10:36:38.465 INF Connection terminated. error="rpc error: code = Canceled desc = context canceled" address=127.0.0.1:36756
10:36:38.465 INF Connection terminated. error="rpc error: code = Canceled desc = context canceled" address=127.0.0.1:36850
10:36:40.473 INF Incoming connection for requests. addr=127.0.0.1:36956
10:37:08.440 DBG Batch ready. batchSize=4096
10:37:08.442 DBG Batch cut. left=0 nBuckets=22 nReq=1230 next=0
10:37:08.443 DBG Waiting for batch. batchSize=4096
10:37:08.497 INF Sending PREPREPARE. nReq=1230 senderID=0 sn=0 view=0
10:37:08.659 INF Handling PREPREPARE. nReq=1173 senderID=5 sn=4
10:37:08.659 DBG Creating new Batch. nReq=1173
10:37:08.663 ERR Failed to send protocol message. Dropping all future outgoing protocol messages. error=EOF
10:37:08.668 INF Handling PREPREPARE. nReq=1174 senderID=2 sn=2
10:37:08.668 DBG Creating new Batch. nReq=1174
10:37:08.689 INF Handling PREPREPARE. nReq=1174 senderID=1 sn=1
10:37:08.689 DBG Creating new Batch. nReq=1174
10:37:08.689 ERR Failed to send protocol message. Dropping all future outgoing protocol messages. error=EOF
10:37:08.706 INF Handling PREPREPARE. nReq=1229 senderID=4 sn=3
10:37:08.708 DBG Creating new Batch. nReq=1229
10:37:08.826 INF Handling PREPREPARE. nReq=1174 senderID=7 sn=5
10:37:08.827 DBG Creating new Batch. nReq=1174
10:37:09.135 DBG Sending PREPARE. senderID=0 sn=2 view=0
10:37:09.136 DBG func sendPrepare prepare Tn. sn=2 tn=2
10:37:09.153 DBG Sending COMMIT. senderID=0 sn=2 view=0
10:37:09.153 DBG func sendCommit commit Tn. sn=2 tn=2
10:37:09.153 DBG func handleCommit commit Tn. tn=2
10:37:09.154 DBG func handleCommit commit Tn. tn=2
10:37:09.155 DBG func handleCommit commit Tn. tn=2
10:37:09.155 DBG func handleCommit commit Tn. tn=2
10:37:09.158 INF Committed entry. latency=0 nReq=1174 sn=2
10:37:09.158 DBG Starting timer. sn=8 view=0
10:37:09.172 DBG Sending PREPARE. senderID=0 sn=4 view=0
10:37:09.172 DBG func sendPrepare prepare Tn. sn=4 tn=4
10:37:09.172 DBG Sending COMMIT. senderID=0 sn=4 view=0
10:37:09.173 DBG func sendCommit commit Tn. sn=4 tn=4
10:37:09.173 DBG func handleCommit commit Tn. tn=4
10:37:09.173 DBG func handleCommit commit Tn. tn=4
10:37:09.173 DBG func handleCommit commit Tn. tn=4
10:37:09.173 DBG func handleCommit commit Tn. tn=4
10:37:09.175 INF Committed entry. latency=0 nReq=1173 sn=4
10:37:09.175 DBG Starting timer. sn=10 view=0
10:37:09.175 DBG func handleCommit commit Tn. tn=4
10:37:09.181 DBG Sending PREPARE. senderID=0 sn=1 view=0
10:37:09.181 DBG func sendPrepare prepare Tn. sn=1 tn=1
10:37:09.181 DBG Sending COMMIT. senderID=0 sn=1 view=0
10:37:09.181 DBG func sendCommit commit Tn. sn=1 tn=1
10:37:09.182 DBG func handleCommit commit Tn. tn=1
10:37:09.182 DBG func handleCommit commit Tn. tn=1
10:37:09.182 DBG func handleCommit commit Tn. tn=1
10:37:09.182 DBG func handleCommit commit Tn. tn=1
10:37:09.184 INF Committed entry. latency=0 nReq=1174 sn=1
10:37:09.184 DBG Starting timer. sn=7 view=0
10:37:09.184 DBG func handleCommit commit Tn. tn=1
10:37:09.194 DBG func handleCommit commit Tn. tn=2
10:37:09.197 DBG Sending COMMIT. senderID=0 sn=0 view=0
10:37:09.197 DBG func sendCommit commit Tn. sn=0 tn=0
10:37:09.198 DBG func handleCommit commit Tn. tn=0
10:37:09.198 DBG func handleCommit commit Tn. tn=0
10:37:09.199 DBG Sending PREPARE. senderID=0 sn=3 view=0
10:37:09.199 DBG func handleCommit commit Tn. tn=0
10:37:09.199 DBG func handleCommit commit Tn. tn=0
10:37:09.199 DBG func sendPrepare prepare Tn. sn=3 tn=3
10:37:09.200 DBG Sending COMMIT. senderID=0 sn=3 view=0
10:37:09.200 DBG func sendCommit commit Tn. sn=3 tn=3
10:37:09.200 DBG func handleCommit commit Tn. tn=3
10:37:09.200 DBG func handleCommit commit Tn. tn=3
10:37:09.200 DBG func handleCommit commit Tn. tn=3
10:37:09.200 DBG func handleCommit commit Tn. tn=3
10:37:09.201 INF Committed entry. latency=0 nReq=1230 sn=0
10:37:09.201 INF Delivered batch. nReq=1230 sn=0
10:37:09.202 INF Delivered batch. nReq=1174 sn=1
10:37:09.202 INF Delivered batch. nReq=1174 sn=2
10:37:09.202 DBG Starting timer. sn=6 view=0
10:37:09.202 DBG func handleCommit commit Tn. tn=0
10:37:09.202 DBG Sending PREPARE. senderID=0 sn=5 view=0
10:37:09.202 INF Committed entry. latency=0 nReq=1229 sn=3
10:37:09.202 DBG func sendPrepare prepare Tn. sn=5 tn=5
10:37:09.203 INF Delivered batch. nReq=1229 sn=3
10:37:09.203 INF Delivered batch. nReq=1173 sn=4
10:37:09.203 DBG Sending COMMIT. senderID=0 sn=5 view=0
10:37:09.203 DBG Starting timer. sn=9 view=0
10:37:09.203 DBG func sendCommit commit Tn. sn=5 tn=5
10:37:09.203 DBG func handleCommit commit Tn. tn=3
10:37:09.203 DBG func handleCommit commit Tn. tn=5
10:37:09.203 DBG func handleCommit commit Tn. tn=5
10:37:09.204 DBG func handleCommit commit Tn. tn=5
10:37:09.204 DBG func handleCommit commit Tn. tn=5
10:37:09.205 INF Committed entry. latency=0 nReq=1174 sn=5
10:37:09.205 INF Delivered batch. nReq=1174 sn=5
10:37:09.206 DBG Starting timer. sn=11 view=0
10:37:09.206 DBG func handleCommit commit Tn. tn=5
10:37:38.444 DBG Batch ready. batchSize=4096
10:37:38.445 DBG Batch cut. left=0 nBuckets=22 nReq=91 next=0
10:37:38.445 DBG Waiting for batch. batchSize=4096
10:37:38.448 INF Sending PREPREPARE. nReq=91 senderID=0 sn=6 view=0
10:37:38.458 INF Handling PREPREPARE. nReq=87 senderID=5 sn=10
10:37:38.459 DBG Creating new Batch. nReq=87
10:37:38.460 INF Handling PREPREPARE. nReq=87 senderID=1 sn=7
10:37:38.461 DBG Creating new Batch. nReq=87
10:37:38.461 INF Handling PREPREPARE. nReq=91 senderID=4 sn=9
10:37:38.461 INF Handling PREPREPARE. nReq=86 senderID=2 sn=8
10:37:38.461 DBG Creating new Batch. nReq=86
10:37:38.461 DBG Creating new Batch. nReq=91
10:37:38.479 INF Handling PREPREPARE. nReq=86 senderID=7 sn=11
10:37:38.480 DBG Creating new Batch. nReq=86
10:37:38.501 DBG Sending PREPARE. senderID=0 sn=7 view=0
10:37:38.501 DBG func sendPrepare prepare Tn. sn=7 tn=7
10:37:38.501 DBG Sending PREPARE. senderID=0 sn=10 view=0
10:37:38.502 DBG func sendPrepare prepare Tn. sn=10 tn=10
10:37:38.502 DBG Sending COMMIT. senderID=0 sn=10 view=0
10:37:38.502 DBG func sendCommit commit Tn. sn=10 tn=10
10:37:38.502 DBG func handleCommit commit Tn. tn=10
10:37:38.502 DBG Sending PREPARE. senderID=0 sn=9 view=0
10:37:38.502 DBG Sending PREPARE. senderID=0 sn=11 view=0
10:37:38.503 DBG func sendPrepare prepare Tn. sn=9 tn=9
10:37:38.503 DBG func sendPrepare prepare Tn. sn=11 tn=11
10:37:38.503 DBG func handleCommit commit Tn. tn=10
10:37:38.504 DBG func handleCommit commit Tn. tn=10
10:37:38.504 DBG Sending PREPARE. senderID=0 sn=8 view=0
10:37:38.504 DBG func sendPrepare prepare Tn. sn=8 tn=8
10:37:38.504 DBG Sending COMMIT. senderID=0 sn=8 view=0
10:37:38.504 DBG func handleCommit commit Tn. tn=10
10:37:38.504 DBG func sendCommit commit Tn. sn=8 tn=8
10:37:38.505 INF Committed entry. latency=0 nReq=87 sn=10
10:37:38.505 DBG Starting timer. sn=16 view=0
10:37:38.509 DBG func handleCommit commit Tn. tn=8
10:37:38.510 DBG func handleCommit commit Tn. tn=8
10:37:38.510 DBG func handleCommit commit Tn. tn=8
10:37:38.510 DBG func handleCommit commit Tn. tn=8
10:37:38.511 INF Committed entry. latency=0 nReq=86 sn=8
10:37:38.511 DBG Starting timer. sn=14 view=0
10:37:38.512 DBG Sending COMMIT. senderID=0 sn=9 view=0
10:37:38.512 DBG func sendCommit commit Tn. sn=9 tn=9
10:37:38.513 DBG func handleCommit commit Tn. tn=9
10:37:38.513 DBG Sending COMMIT. senderID=0 sn=11 view=0
10:37:38.513 DBG Sending COMMIT. senderID=0 sn=7 view=0
10:37:38.513 DBG func sendCommit commit Tn. sn=11 tn=11
10:37:38.513 DBG func sendCommit commit Tn. sn=7 tn=7
10:37:38.513 DBG func handleCommit commit Tn. tn=11
10:37:38.513 DBG func handleCommit commit Tn. tn=7
10:37:38.514 DBG func handleCommit commit Tn. tn=11
10:37:38.514 DBG func handleCommit commit Tn. tn=9
10:37:38.514 DBG func handleCommit commit Tn. tn=7
10:37:38.515 DBG func handleCommit commit Tn. tn=9
10:37:38.515 DBG func handleCommit commit Tn. tn=11
10:37:38.515 DBG func handleCommit commit Tn. tn=9
10:37:38.515 DBG func handleCommit commit Tn. tn=7
10:37:38.515 DBG func handleCommit commit Tn. tn=11
10:37:38.515 DBG func handleCommit commit Tn. tn=7
10:37:38.515 INF Committed entry. latency=0 nReq=91 sn=9
10:37:38.515 DBG Starting timer. sn=15 view=0
10:37:38.515 DBG func handleCommit commit Tn. tn=10
10:37:38.516 DBG func handleCommit commit Tn. tn=9
10:37:38.516 DBG func handleCommit commit Tn. tn=8
10:37:38.516 INF Committed entry. latency=0 nReq=87 sn=7
10:37:38.516 INF Committed entry. latency=0 nReq=86 sn=11
10:37:38.516 DBG Starting timer. sn=13 view=0
10:37:38.516 DBG Starting timer. sn=17 view=0
10:37:38.517 DBG func handleCommit commit Tn. tn=7
10:37:38.519 DBG func handleCommit commit Tn. tn=11
10:37:38.519 DBG Sending COMMIT. senderID=0 sn=6 view=0
10:37:38.519 DBG func sendCommit commit Tn. sn=6 tn=6
10:37:38.519 DBG func handleCommit commit Tn. tn=6
10:37:38.519 DBG func handleCommit commit Tn. tn=6
10:37:38.521 DBG func handleCommit commit Tn. tn=6
10:37:38.521 DBG func handleCommit commit Tn. tn=6
10:37:38.521 INF Committed entry. latency=0 nReq=91 sn=6
10:37:38.522 INF Delivered batch. nReq=91 sn=6
10:37:38.522 INF Delivered batch. nReq=87 sn=7
10:37:38.522 INF Delivered batch. nReq=86 sn=8
10:37:38.522 INF Delivered batch. nReq=91 sn=9
10:37:38.522 INF Delivered batch. nReq=87 sn=10
10:37:38.522 INF Delivered batch. nReq=86 sn=11
10:37:38.523 DBG Starting timer. sn=12 view=0
10:37:38.523 DBG func handleCommit commit Tn. tn=6
10:37:39.507 INF Connection terminated. error="rpc error: code = Canceled desc = context canceled" address=127.0.0.1:36956
10:37:39.507 INF Finished sending bucket assignments to client. clId=0
10:37:39.920 INF Stopping profiler.
10:37:39.921 INF Stopping Tracer. events=144 fileName=experiment-output/0000/slave-002/peer.trc
==================
WARNING: DATA RACE
Read at 0x00c0008c8000 by goroutine 115:
  runtime.racereadrange()
      <autogenerated>:1 +0x1b
  github.com/hyperledger-labs/mirbft/tracing.(*BufferedTrace).StopOnSignal.func1()
      /opt/gopath/src/github.com/hyperledger-labs/mirbft/tracing/bufferedtrace.go:298 +0x4e

Previous write at 0x00c0008c8000 by goroutine 121:
  github.com/hyperledger-labs/mirbft/tracing.(*BufferedTrace).Event()
      /opt/gopath/src/github.com/hyperledger-labs/mirbft/tracing/bufferedtrace.go:105 +0x2d9
  github.com/hyperledger-labs/mirbft/manager.(*MirManager).handleLogEntries()
      /opt/gopath/src/github.com/hyperledger-labs/mirbft/manager/mirmanager.go:139 +0x1d8
  github.com/hyperledger-labs/mirbft/manager.(*MirManager).Start路dwrap路7()
      /opt/gopath/src/github.com/hyperledger-labs/mirbft/manager/mirmanager.go:101 +0x47

Goroutine 115 (running) created at:
  github.com/hyperledger-labs/mirbft/tracing.(*BufferedTrace).StopOnSignal()
      /opt/gopath/src/github.com/hyperledger-labs/mirbft/tracing/bufferedtrace.go:292 +0x172
  main.setUpTracing()
      /opt/gopath/src/github.com/hyperledger-labs/mirbft/cmd/orderingpeer/main.go:204 +0xf5
  main.main()
      /opt/gopath/src/github.com/hyperledger-labs/mirbft/cmd/orderingpeer/main.go:98 +0x9d6

Goroutine 121 (running) created at:
  github.com/hyperledger-labs/mirbft/manager.(*MirManager).Start()
      /opt/gopath/src/github.com/hyperledger-labs/mirbft/manager/mirmanager.go:101 +0x19e
  main.main路dwrap路4()
      /opt/gopath/src/github.com/hyperledger-labs/mirbft/cmd/orderingpeer/main.go:168 +0x59
==================
==================
WARNING: DATA RACE
Read at 0x00c0008c9658 by goroutine 115:
  runtime.racereadrange()
      <autogenerated>:1 +0x1b
  github.com/hyperledger-labs/mirbft/tracing.(*BufferedTrace).StopOnSignal.func1()
      /opt/gopath/src/github.com/hyperledger-labs/mirbft/tracing/bufferedtrace.go:298 +0x4e

Previous write at 0x00c0008c9658 by goroutine 114:
  github.com/hyperledger-labs/mirbft/tracing.(*BufferedTrace).Event()
      /opt/gopath/src/github.com/hyperledger-labs/mirbft/tracing/bufferedtrace.go:105 +0x2d9
  github.com/hyperledger-labs/mirbft/profiling.StartCPUTracing.func1()
      /opt/gopath/src/github.com/hyperledger-labs/mirbft/profiling/cpuusage.go:31 +0x95

Goroutine 115 (running) created at:
  github.com/hyperledger-labs/mirbft/tracing.(*BufferedTrace).StopOnSignal()
      /opt/gopath/src/github.com/hyperledger-labs/mirbft/tracing/bufferedtrace.go:292 +0x172
  main.setUpTracing()
      /opt/gopath/src/github.com/hyperledger-labs/mirbft/cmd/orderingpeer/main.go:204 +0xf5
  main.main()
      /opt/gopath/src/github.com/hyperledger-labs/mirbft/cmd/orderingpeer/main.go:98 +0x9d6

Goroutine 114 (running) created at:
  github.com/hyperledger-labs/mirbft/profiling.StartCPUTracing()
      /opt/gopath/src/github.com/hyperledger-labs/mirbft/profiling/cpuusage.go:28 +0xb6
  main.setUpTracing()
      /opt/gopath/src/github.com/hyperledger-labs/mirbft/cmd/orderingpeer/main.go:196 +0x85
  main.main()
      /opt/gopath/src/github.com/hyperledger-labs/mirbft/cmd/orderingpeer/main.go:98 +0x9d6
==================
10:37:39.923 INF Trace data written.
10:37:40.017 INF Profile data written. filename=experiment-output/0000/slave-002/prof.cpu name=cpu
10:37:40.074 INF Profile data written. filename=experiment-output/0000/slave-002/prof.block name=block
10:37:40.099 INF Connection terminated. error="rpc error: code = Canceled desc = context canceled" address=127.0.0.1:36648
10:37:40.099 INF Connection terminated. error="rpc error: code = Canceled desc = context canceled" address=127.0.0.1:36610
10:37:40.099 INF Connection terminated. error="rpc error: code = Canceled desc = context canceled" address=127.0.0.1:36584
10:37:40.099 INF Connection terminated. error="rpc error: code = Canceled desc = context canceled" address=127.0.0.1:36440
10:37:40.100 INF Profile data written. filename=experiment-output/0000/slave-002/prof.mutex name=mutex
