1:17PM INF Received own slave ID. ownSlaveId=1
1:17PM INF OK status=0
1:17PM INF Received command. cmdId=3
1:17PM INF Received an ExecStart command args="[-p experiment-output/0000/slave-__id__/config]" cmd=mkdir outFile=/dev/null
1:17PM INF OK status=0
1:17PM INF Received command. cmdId=4
1:17PM INF Received command. cmdType=ExecWait
1:17PM INF OK status=0
1:17PM INF Received command. cmdId=5
1:17PM INF Received an ExecStart command args="[config/config-0000.yml experiment-output/0000/slave-__id__/config/config.yml]" cmd=cp outFile=/dev/null
1:17PM INF OK status=0
1:17PM INF Received command. cmdId=6
1:17PM INF Received command. cmdType=ExecWait
1:17PM INF OK status=0
1:17PM INF Received command. cmdId=9
1:17PM INF Received command. cmdType=Noop
1:17PM INF Noop. Doing nothing. status=0
1:17PM INF Received command. cmdId=12
1:17PM INF Received an ExecStart command args="[experiment-output/0000/slave-__id__/config/config.yml 127.0.0.1:9999 127.0.0.1 127.0.0.1 experiment-output/0000/slave-__id__/peer.trc experiment-output/0000/slave-__id__/prof]" cmd=orderingpeer outFile=experiment-output/0000/slave-__id__/peer.log
1:17PM INF OK status=0
1:18PM INF Received command. cmdId=18
1:18PM INF Received command. cmdType=ExecSignal
1:18PM INF OK status=0
1:18PM INF Received command. cmdId=23
1:18PM INF Received command. cmdType=Stop
