10:42AM INF Received own slave ID. ownSlaveId=1
10:42AM INF OK status=0
10:42AM INF Received command. cmdId=3
10:42AM INF Received an ExecStart command args="[-p experiment-output/0000/slave-__id__/config]" cmd=mkdir outFile=/dev/null
10:42AM INF OK status=0
10:42AM INF Received command. cmdId=4
10:42AM INF Received command. cmdType=ExecWait
10:42AM INF OK status=0
10:42AM INF Received command. cmdId=7
10:42AM INF Received an ExecStart command args="[config/config-0000.yml experiment-output/0000/slave-__id__/config/config.yml]" cmd=cp outFile=/dev/null
10:42AM INF OK status=0
10:42AM INF Received command. cmdId=8
10:42AM INF Received command. cmdType=ExecWait
10:42AM INF OK status=0
10:42AM INF Received command. cmdId=10
10:42AM INF Received command. cmdType=Noop
10:42AM INF Noop. Doing nothing. status=0110:42AM INF Received command. cmdId=15
10:42AM INF Received an ExecStart command args="[experiment-output/0000/slave-__id__/config/config.yml 127.0.0.1:9999 experiment-output/0000/slave-__id__/client experiment-output/0000/slave-__id__/prof-client]" cmd=orderingclient outFile=experiment-output/0000/slave-__id__/clients.log
10:42AM INF OK status=0
10:42AM I10:43AM INF Received command. cmdId=18
10:43AM INF Received command. cmdType=ExecSignal
10:43AM INF OK status=0
10:43AM INF Received command. cmdId=23
10:43AM INF Received command. cmdType=Stop
 Noop. Doing nothing. status=0
10:43AM INF Received command. cmdId=23
10:43AM INF Received command. cmdType=Stop
