{"level":"debug","Logging":"debug","time":"2022-10-31T18:48:52+08:00","message":"Config"}
{"level":"debug","UseTLS":false,"time":"2022-10-31T18:48:52+08:00","message":"Config"}
{"level":"debug","CACertFile":"tls-data/ca.pem","time":"2022-10-31T18:48:52+08:00","message":"Config"}
{"level":"debug","KeyFile":"tls-data/auth.key","time":"2022-10-31T18:48:52+08:00","message":"Config"}
{"level":"debug","CertFile":"tls-data/auth.pem","time":"2022-10-31T18:48:52+08:00","message":"Config"}
{"level":"debug","PriorityConnections":2,"time":"2022-10-31T18:48:52+08:00","message":"Config"}
{"level":"debug","BasicConnections":2,"time":"2022-10-31T18:48:52+08:00","message":"Config"}
{"level":"debug","TestConnections":false,"time":"2022-10-31T18:48:52+08:00","message":"Config"}
{"level":"debug","ExcessConnections":1,"time":"2022-10-31T18:48:52+08:00","message":"Config"}
{"level":"debug","ConnectionTestMsgs":4,"time":"2022-10-31T18:48:52+08:00","message":"Config"}
{"level":"debug","ConnectionTestPayload":131072,"time":"2022-10-31T18:48:52+08:00","message":"Config"}
{"level":"debug","OutMessageBufsize":1024,"time":"2022-10-31T18:48:52+08:00","message":"Config"}
{"level":"debug","OutMessageBufsize":2,"time":"2022-10-31T18:48:52+08:00","message":"Config"}
{"level":"debug","ThroughputCap":131072000,"time":"2022-10-31T18:48:52+08:00","message":"Config"}
{"level":"debug","StragglerTolerance":1000,"time":"2022-10-31T18:48:52+08:00","message":"Config"}
{"level":"debug","BatchSizeIncrement":256,"time":"2022-10-31T18:48:52+08:00","message":"Config"}
{"level":"debug","Orderer":"Pbft","time":"2022-10-31T18:48:52+08:00","message":"Config"}
{"level":"debug","Manager":"Mir","time":"2022-10-31T18:48:52+08:00","message":"Config"}
{"level":"debug","Failures":2,"time":"2022-10-31T18:48:52+08:00","message":"Config"}
{"level":"debug","CrashTiming":"Straggler","time":"2022-10-31T18:48:52+08:00","message":"Config"}
{"level":"debug","CheckpointInterval":256,"time":"2022-10-31T18:48:52+08:00","message":"Config"}
{"level":"debug","WatermarkWindowSize":256,"time":"2022-10-31T18:48:52+08:00","message":"Config"}
{"level":"debug","EpochLength":256,"time":"2022-10-31T18:48:52+08:00","message":"Config"}
{"level":"debug","SegmentLength":32,"time":"2022-10-31T18:48:52+08:00","message":"Config"}
{"level":"debug","WaitForCheckpoints":true,"time":"2022-10-31T18:48:52+08:00","message":"Config"}
{"level":"debug","ClientWatermarkWindowSize":4194304,"time":"2022-10-31T18:48:52+08:00","message":"Config"}
{"level":"debug","ClientRequestBacklogSize":4194304,"time":"2022-10-31T18:48:52+08:00","message":"Config"}
{"level":"debug","RandomSeed":16326,"time":"2022-10-31T18:48:52+08:00","message":"Config"}
{"level":"debug","NodeToLeaderRatio":1,"time":"2022-10-31T18:48:52+08:00","message":"Config"}
{"level":"debug","LeaderPolicy":"SimulatedRandomFailures","time":"2022-10-31T18:48:52+08:00","message":"Config"}
{"level":"debug","DefaultLeaderBan":2,"time":"2022-10-31T18:48:52+08:00","message":"Config"}
{"level":"debug","NumBuckets":128,"time":"2022-10-31T18:48:52+08:00","message":"Config"}
{"level":"debug","BatchSize":1000,"time":"2022-10-31T18:48:52+08:00","message":"Config"}
{"level":"debug","DisabledViewChange":false,"time":"2022-10-31T18:48:52+08:00","message":"Config"}
{"level":"debug","ViewChangeTimeout":60000,"time":"2022-10-31T18:48:52+08:00","message":"Config"}
{"level":"debug","ClientTraceSampling":10,"time":"2022-10-31T18:48:52+08:00","message":"Config"}
{"level":"debug","EventBufferSize":2097152,"time":"2022-10-31T18:48:52+08:00","message":"Config"}
{"level":"debug","TraceSampling":1,"time":"2022-10-31T18:48:52+08:00","message":"Config"}
{"level":"debug","ClientsPerProcess":1,"time":"2022-10-31T18:48:52+08:00","message":"Config"}
{"level":"debug","RequestsPerClient":15360,"time":"2022-10-31T18:48:52+08:00","message":"Config"}
{"level":"debug","ClientRunTime":30000,"time":"2022-10-31T18:48:52+08:00","message":"Config"}
{"level":"debug","RequestRate":256,"time":"2022-10-31T18:48:52+08:00","message":"Config"}
{"level":"debug","HardRequestRateLimit":false,"time":"2022-10-31T18:48:52+08:00","message":"Config"}
{"level":"debug","RequestPayloadSize":500,"time":"2022-10-31T18:48:52+08:00","message":"Config"}
{"level":"debug","SignRequests":true,"time":"2022-10-31T18:48:52+08:00","message":"Config"}
{"level":"debug","ClientPrivKeyFile":"tls-data/client-ecdsa-256.key","time":"2022-10-31T18:48:52+08:00","message":"Config"}
{"level":"debug","ClientPubKeyFile":"tls-data/client-ecdsa-256.pem","time":"2022-10-31T18:48:52+08:00","message":"Config"}
{"level":"debug","PrecomputeRequests":false,"time":"2022-10-31T18:48:52+08:00","message":"Config"}
{"level":"debug","RequestHandlerThreads":32,"time":"2022-10-31T18:48:52+08:00","message":"Config"}
{"level":"debug","RequestInputChannelBuffer":8192,"time":"2022-10-31T18:48:52+08:00","message":"Config"}
{"level":"debug","BatchVerifier":"external","time":"2022-10-31T18:48:52+08:00","message":"Config"}
10:48:52.719 INF Registered with discovery server. numPeers=8 ownID=1
10:48:52.720 INF Profiling enabled.
10:48:52.720 INF Setting up profiling.
10:48:52.720 INF Started Profiler: CPU
10:48:52.720 INF Started Profiler: BLOCK
10:48:52.720 INF Started Profiler: MUTEX
10:48:52.720 INF Profiler will stop on signal. exit=true
10:48:52.722 INF Tracing will stop on signal. exit=false
10:48:52.723 INF Started tracing. traceFile=experiment-output/0000/slave-007/peer.trc
10:48:52.724 DBG Starting backlog.
10:48:52.724 INF Listening for connections. port=10011 useTLS=false
10:48:52.724 INF Connecting to peer. addr=127.0.0.1:10011 basicConns=2 priorityConns=2
10:48:52.724 INF Connecting to peer. addr=127.0.0.1:10033 basicConns=2 priorityConns=2
10:48:52.724 INF Connecting to peer. addr=127.0.0.1:10022 basicConns=2 priorityConns=2
10:48:52.725 INF Connecting to peer. addr=127.0.0.1:10044 basicConns=2 priorityConns=2
10:48:52.725 INF Connecting to peer. addr=127.0.0.1:10055 basicConns=2 priorityConns=2
10:48:52.731 INF Connecting to peer. addr=127.0.0.1:10066 basicConns=2 priorityConns=2
10:48:52.743 INF Connecting to peer. addr=127.0.0.1:10077 basicConns=2 priorityConns=2
10:48:52.751 INF Connecting to peer. addr=127.0.0.1:10000 basicConns=2 priorityConns=2
10:48:52.770 INF Incoming connection for protocol messages. addr=127.0.0.1:45538
10:48:52.771 INF Incoming connection for protocol messages. addr=127.0.0.1:45526
10:48:52.774 INF Incoming connection for protocol messages. addr=127.0.0.1:45572
10:48:52.778 INF Incoming connection for protocol messages. addr=127.0.0.1:45590
10:48:52.778 INF Incoming connection for protocol messages. addr=127.0.0.1:45616
10:48:52.778 INF Incoming connection for protocol messages. addr=127.0.0.1:45560
10:48:52.778 INF Incoming connection for protocol messages. addr=127.0.0.1:45564
10:48:52.779 INF Incoming connection for protocol messages. addr=127.0.0.1:45612
10:48:52.781 INF Incoming connection for protocol messages. addr=127.0.0.1:45608
10:48:52.782 INF Incoming connection for protocol messages. addr=127.0.0.1:45654
10:48:52.782 INF Incoming connection for protocol messages. addr=127.0.0.1:45628
10:48:52.787 INF Incoming connection for protocol messages. addr=127.0.0.1:45778
10:48:52.788 DBG Connected. peerID=5
10:48:52.789 INF Incoming connection for protocol messages. addr=127.0.0.1:45738
10:48:52.790 INF Incoming connection for protocol messages. addr=127.0.0.1:45658
10:48:52.790 INF Incoming connection for protocol messages. addr=127.0.0.1:45840
10:48:52.791 INF Incoming connection for protocol messages. addr=127.0.0.1:45764
10:48:52.794 INF Incoming connection for protocol messages. addr=127.0.0.1:45952
10:48:52.797 INF Incoming connection for protocol messages. addr=127.0.0.1:45988
10:48:52.797 INF Incoming connection for protocol messages. addr=127.0.0.1:45916
10:48:52.798 INF Incoming connection for protocol messages. addr=127.0.0.1:45976
10:48:52.799 DBG Connected. peerID=1
10:48:52.799 DBG Connected. peerID=2
10:48:52.799 INF Incoming connection for protocol messages. addr=127.0.0.1:45942
10:48:52.800 INF Incoming connection for protocol messages. addr=127.0.0.1:45964
10:48:52.802 INF Incoming connection for protocol messages. addr=127.0.0.1:45980
10:48:52.803 INF Incoming connection for protocol messages. addr=127.0.0.1:46010
10:48:52.804 DBG Connected. peerID=3
10:48:52.805 INF Incoming connection for protocol messages. addr=127.0.0.1:45968
10:48:52.805 INF Incoming connection for protocol messages. addr=127.0.0.1:46004
10:48:52.806 DBG Connected. peerID=6
10:48:52.807 INF Incoming connection for protocol messages. addr=127.0.0.1:45994
10:48:52.816 INF Incoming connection for protocol messages. addr=127.0.0.1:45908
10:48:52.817 INF Incoming connection for protocol messages. addr=127.0.0.1:45822
10:48:52.820 DBG Connected. peerID=7
10:48:52.822 DBG Connected. peerID=4
10:48:52.822 INF Incoming connection for protocol messages. addr=127.0.0.1:45580
10:48:52.827 INF Incoming connection for protocol messages. addr=127.0.0.1:45818
10:48:52.830 DBG Connected. peerID=0
10:48:52.830 INF Connected to all peers.
10:48:52.834 INF Incoming connection for protocol messages. addr=127.0.0.1:45792
10:48:52.842 INF All peers finished connecting. Starting ISS.
10:48:52.843 DBG Buckets for 0-th leader 0: [0 8 16 24 32 40 48 56 64 72 80 88 96 104 112 120 18 42 66 90 114]
10:48:52.843 DBG Buckets for 1-th leader 1: [1 9 17 25 33 41 49 57 65 73 81 89 97 105 113 121 13 37 61 85 109]
10:48:52.843 DBG Buckets for 2-th leader 3: [3 11 19 27 35 43 51 59 67 75 83 91 99 107 115 123 2 26 50 74 98 122]
10:48:52.843 DBG Buckets for 3-th leader 4: [4 12 20 28 36 44 52 60 68 76 84 92 100 108 116 124 21 45 69 93 117]
10:48:52.843 DBG Buckets for 4-th leader 6: [6 14 22 30 38 46 54 62 70 78 86 94 102 110 118 126 10 34 58 82 106]
10:48:52.844 DBG Buckets for 5-th leader 7: [7 15 23 31 39 47 55 63 71 79 87 95 103 111 119 127 5 29 53 77 101 125]
10:48:52.844 INF PbftOrderer received a new segment: [0 6 12 18 24 30 36 42 48 54 60 66 72 78 84 90 96 102 108 114 120 126 132 138 144 150 156 162 168 174 180 186] first leader=0 firstSN=0 lastSN=186 len=32 length=32 segId=0
10:48:52.844 INF Starting new view. segID=0 timeout=60000 view=0
10:48:52.845 DBG Starting timer. sn=0 view=0
10:48:52.845 INF Starting PBFT instance. first=0 last=186 segID=0
10:48:52.845 INF Starting serialized message processing. segID=0
10:48:52.845 DBG Subscribing to backlog. segID=0
10:48:52.845 INF PbftOrderer received a new segment: [1 7 13 19 25 31 37 43 49 55 61 67 73 79 85 91 97 103 109 115 121 127 133 139 145 151 157 163 169 175 181 187] first leader=1 firstSN=1 lastSN=187 len=32 length=32 segId=1
10:48:52.845 INF Starting new view. segID=1 timeout=60000 view=0
10:48:52.846 DBG Starting timer. sn=1 view=0
10:48:52.846 INF Starting PBFT instance. first=1 last=187 segID=1
10:48:52.846 DBG Leading segment. segID=1
10:48:52.846 INF Starting serialized message processing. segID=1
10:48:52.846 INF PbftOrderer received a new segment: [2 8 14 20 26 32 38 44 50 56 62 68 74 80 86 92 98 104 110 116 122 128 134 140 146 152 158 164 170 176 182 188] first leader=3 firstSN=2 lastSN=188 len=32 length=32 segId=2
10:48:52.846 DBG Subscribing to backlog. segID=1
10:48:52.846 DBG Waiting for batch. batchSize=4096
10:48:52.846 INF Starting new view. segID=2 timeout=60000 view=0
10:48:52.847 DBG Starting timer. sn=2 view=0
10:48:52.847 INF Starting PBFT instance. first=2 last=188 segID=2
10:48:52.847 DBG Subscribing to backlog. segID=2
10:48:52.847 INF Starting serialized message processing. segID=2
10:48:52.847 INF PbftOrderer received a new segment: [3 9 15 21 27 33 39 45 51 57 63 69 75 81 87 93 99 105 111 117 123 129 135 141 147 153 159 165 171 177 183 189] first leader=4 firstSN=3 lastSN=189 len=32 length=32 segId=3
10:48:52.847 INF Starting new view. segID=3 timeout=60000 view=0
10:48:52.848 DBG Starting timer. sn=3 view=0
10:48:52.848 INF Starting PBFT instance. first=3 last=189 segID=3
10:48:52.848 DBG Subscribing to backlog. segID=3
10:48:52.848 INF Starting serialized message processing. segID=3
10:48:52.848 INF PbftOrderer received a new segment: [4 10 16 22 28 34 40 46 52 58 64 70 76 82 88 94 100 106 112 118 124 130 136 142 148 154 160 166 172 178 184 190] first leader=6 firstSN=4 lastSN=190 len=32 length=32 segId=4
10:48:52.848 INF Starting new view. segID=4 timeout=60000 view=0
10:48:52.848 DBG Starting timer. sn=4 view=0
10:48:52.849 INF Starting PBFT instance. first=4 last=190 segID=4
10:48:52.849 DBG Subscribing to backlog. segID=4
10:48:52.849 INF Starting serialized message processing. segID=4
10:48:52.849 INF PbftOrderer received a new segment: [5 11 17 23 29 35 41 47 53 59 65 71 77 83 89 95 101 107 113 119 125 131 137 143 149 155 161 167 173 179 185 191] first leader=7 firstSN=5 lastSN=191 len=32 length=32 segId=5
10:48:52.849 INF Starting new view. segID=5 timeout=60000 view=0
10:48:52.849 DBG Starting timer. sn=5 view=0
10:48:52.850 INF Starting PBFT instance. first=5 last=191 segID=5
10:48:52.850 DBG Subscribing to backlog. segID=5
10:48:52.850 INF Starting serialized message processing. segID=5
10:48:52.865 INF Connection terminated. error="rpc error: code = Canceled desc = context canceled" address=127.0.0.1:45658
10:48:52.865 INF Connection terminated. error="rpc error: code = Canceled desc = context canceled" address=127.0.0.1:45616
10:48:52.865 INF Connection terminated. error="rpc error: code = Canceled desc = context canceled" address=127.0.0.1:45590
10:48:52.865 INF Connection terminated. error="rpc error: code = Canceled desc = context canceled" address=127.0.0.1:45738
10:48:52.866 INF Connection terminated. error="rpc error: code = Canceled desc = context canceled" address=127.0.0.1:46010
10:48:52.866 INF Connection terminated. error="rpc error: code = Canceled desc = context canceled" address=127.0.0.1:45976
10:48:52.866 INF Connection terminated. error="rpc error: code = Canceled desc = context canceled" address=127.0.0.1:46004
10:48:52.866 INF Connection terminated. error="rpc error: code = Canceled desc = context canceled" address=127.0.0.1:45778
10:48:54.882 INF Incoming connection for requests. addr=127.0.0.1:46054
10:49:22.847 DBG Batch ready. batchSize=4096
10:49:22.848 DBG Batch cut. left=0 nBuckets=21 nReq=1174 next=0
10:49:22.850 DBG Waiting for batch. batchSize=4096
10:49:22.904 INF Sending PREPREPARE. nReq=1174 senderID=1 sn=1 view=0
10:49:23.018 ERR Failed to send protocol message. Dropping all future outgoing protocol messages. error=EOF
10:49:23.025 ERR Failed to send protocol message. Dropping all future outgoing protocol messages. error=EOF
10:49:23.039 INF Handling PREPREPARE. nReq=1173 senderID=4 sn=3
10:49:23.040 DBG Creating new Batch. nReq=1173
10:49:23.048 INF Handling PREPREPARE. nReq=1174 senderID=0 sn=0
10:49:23.049 DBG Creating new Batch. nReq=1174
10:49:23.052 INF Handling PREPREPARE. nReq=1174 senderID=6 sn=4
10:49:23.052 DBG Creating new Batch. nReq=1174
10:49:23.231 INF Handling PREPREPARE. nReq=1229 senderID=7 sn=5
10:49:23.232 DBG Creating new Batch. nReq=1229
10:49:23.275 INF Handling PREPREPARE. nReq=1229 senderID=3 sn=2
10:49:23.275 DBG Creating new Batch. nReq=1229
10:49:23.475 DBG Sending PREPARE. senderID=1 sn=3 view=0
10:49:23.475 DBG func sendPrepare prepare Tn. sn=3 tn=1
10:49:23.527 DBG Sending PREPARE. senderID=1 sn=0 view=0
10:49:23.527 DBG func sendPrepare prepare Tn. sn=0 tn=1
10:49:23.532 DBG Sending PREPARE. senderID=1 sn=4 view=0
10:49:23.533 DBG func sendPrepare prepare Tn. sn=4 tn=1
10:49:23.553 DBG Sending PREPARE. senderID=1 sn=5 view=0
10:49:23.553 DBG func sendPrepare prepare Tn. sn=5 tn=1
10:49:23.566 DBG Sending PREPARE. senderID=1 sn=2 view=0
10:49:23.566 DBG func sendPrepare prepare Tn. sn=2 tn=1
10:49:23.578 DBG Sending COMMIT. senderID=1 sn=2 view=0
10:49:23.578 DBG func sendCommit commit Tn. sn=2 tn=1
10:49:23.579 DBG Sending Htn. senderID=1 sn=2 view=0
10:49:23.579 DBG func handleCommit commit Tn. tn=1
10:49:23.579 DBG func handleHtnmsg htn. htn=1 localhtn=1 prelocalhtn=1
10:49:23.579 DBG func handleCommit commit Tn. tn=1
10:49:23.579 DBG func handleHtnmsg htn. htn=1 localhtn=1 prelocalhtn=1
10:49:23.580 DBG func handleCommit commit Tn. tn=1
10:49:23.580 DBG func handleHtnmsg htn. htn=1 localhtn=1 prelocalhtn=1
10:49:23.584 DBG func handleCommit commit Tn. tn=1
10:49:23.586 INF Committed entry. latency=0 nReq=1229 sn=2
10:49:23.587 DBG Starting timer. sn=8 view=0
10:49:23.587 DBG func handleHtnmsg htn. htn=1 localhtn=1 prelocalhtn=1
10:49:23.596 DBG Sending COMMIT. senderID=1 sn=4 view=0
10:49:23.596 DBG func sendCommit commit Tn. sn=4 tn=1
10:49:23.597 DBG Sending Htn. senderID=1 sn=4 view=0
10:49:23.597 DBG func handleCommit commit Tn. tn=1
10:49:23.597 DBG Sending COMMIT. senderID=1 sn=1 view=0
10:49:23.597 DBG func handleCommit commit Tn. tn=1
10:49:23.597 DBG func sendCommit commit Tn. sn=1 tn=1
10:49:23.597 DBG Sending Htn. senderID=1 sn=1 view=0
10:49:23.597 DBG func handleHtnmsg htn. htn=1 localhtn=1 prelocalhtn=1
10:49:23.598 DBG func handleCommit commit Tn. tn=1
10:49:23.598 DBG func handleHtnmsg htn. htn=1 localhtn=1 prelocalhtn=1
10:49:23.599 DBG func handleCommit commit Tn. tn=1
10:49:23.599 DBG func handleCommit commit Tn. tn=1
10:49:23.599 DBG func handleHtnmsg htn. htn=1 localhtn=1 prelocalhtn=1
10:49:23.600 DBG func handleCommit commit Tn. tn=1
10:49:23.601 DBG func handleHtnmsg htn. htn=1 localhtn=1 prelocalhtn=1
10:49:23.601 INF Committed entry. latency=0 nReq=1174 sn=4
10:49:23.601 DBG func handleCommit commit Tn. tn=1
10:49:23.601 DBG Starting timer. sn=10 view=0
10:49:23.601 DBG func handleHtnmsg htn. htn=1 localhtn=1 prelocalhtn=1
10:49:23.601 DBG func handleHtnmsg htn. htn=1 localhtn=1 prelocalhtn=1
10:49:23.601 DBG func handleHtnmsg htn. htn=1 localhtn=1 prelocalhtn=1
10:49:23.602 DBG func handleCommit commit Tn. tn=1
10:49:23.604 INF Committed entry. latency=0 nReq=1174 sn=1
10:49:23.604 DBG Starting timer. sn=7 view=0
10:49:23.604 DBG Sending COMMIT. senderID=1 sn=0 view=0
10:49:23.604 DBG func handleHtnmsg htn. htn=1 localhtn=1 prelocalhtn=1
10:49:23.604 DBG func sendCommit commit Tn. sn=0 tn=1
10:49:23.604 DBG Sending Htn. senderID=1 sn=0 view=0
10:49:23.606 DBG func handleCommit commit Tn. tn=1
10:49:23.606 DBG func handleHtnmsg htn. htn=1 localhtn=1 prelocalhtn=1
10:49:23.606 DBG func handleCommit commit Tn. tn=1
10:49:23.606 DBG func handleCommit commit Tn. tn=1
10:49:23.607 DBG func handleHtnmsg htn. htn=1 localhtn=1 prelocalhtn=1
10:49:23.607 DBG func handleCommit commit Tn. tn=1
10:49:23.608 DBG Sending COMMIT. senderID=1 sn=5 view=0
10:49:23.609 INF Committed entry. latency=0 nReq=1174 sn=0
10:49:23.609 DBG func sendCommit commit Tn. sn=5 tn=1
10:49:23.609 INF Delivered batch. nReq=1174 sn=0
10:49:23.610 INF Delivered batch. nReq=1174 sn=1
10:49:23.610 DBG Sending Htn. senderID=1 sn=5 view=0
10:49:23.610 INF Delivered batch. nReq=1229 sn=2
10:49:23.610 DBG func handleCommit commit Tn. tn=1
10:49:23.610 DBG Starting timer. sn=6 view=0
10:49:23.610 DBG func handleHtnmsg htn. htn=1 localhtn=1 prelocalhtn=1
10:49:23.610 DBG func handleHtnmsg htn. htn=1 localhtn=1 prelocalhtn=1
10:49:23.610 DBG func handleCommit commit Tn. tn=1
10:49:23.610 DBG func handleCommit commit Tn. tn=1
10:49:23.611 DBG func handleHtnmsg htn. htn=1 localhtn=1 prelocalhtn=1
10:49:23.611 DBG func handleHtnmsg htn. htn=1 localhtn=1 prelocalhtn=1
10:49:23.611 DBG func handleHtnmsg htn. htn=1 localhtn=1 prelocalhtn=1
10:49:23.613 DBG func handleCommit commit Tn. tn=1
10:49:23.614 DBG func handleHtnmsg htn. htn=1 localhtn=1 prelocalhtn=1
10:49:23.616 DBG func handleCommit commit Tn. tn=1
10:49:23.616 DBG func handleCommit commit Tn. tn=1
10:49:23.616 DBG func handleHtnmsg htn. htn=1 localhtn=1 prelocalhtn=1
10:49:23.616 DBG func handleHtnmsg htn. htn=1 localhtn=1 prelocalhtn=1
10:49:23.617 DBG func handleCommit commit Tn. tn=1
10:49:23.619 INF Committed entry. latency=0 nReq=1229 sn=5
10:49:23.619 DBG Starting timer. sn=11 view=0
10:49:23.619 DBG func handleHtnmsg htn. htn=1 localhtn=1 prelocalhtn=1
10:49:23.626 DBG func handleCommit commit Tn. tn=1
10:49:23.627 DBG func handleHtnmsg htn. htn=1 localhtn=1 prelocalhtn=1
10:49:23.627 DBG func handleCommit commit Tn. tn=1
10:49:23.628 DBG func handleHtnmsg htn. htn=1 localhtn=1 prelocalhtn=1
10:49:23.628 DBG Sending COMMIT. senderID=1 sn=3 view=0
10:49:23.629 DBG func sendCommit commit Tn. sn=3 tn=1
10:49:23.629 DBG Sending Htn. senderID=1 sn=3 view=0
10:49:23.629 DBG func handleCommit commit Tn. tn=1
10:49:23.629 DBG func handleHtnmsg htn. htn=1 localhtn=1 prelocalhtn=1
10:49:23.630 DBG func handleCommit commit Tn. tn=1
10:49:23.630 DBG func handleHtnmsg htn. htn=1 localhtn=1 prelocalhtn=1
10:49:23.630 DBG func handleCommit commit Tn. tn=1
10:49:23.631 DBG func handleHtnmsg htn. htn=1 localhtn=1 prelocalhtn=1
10:49:23.631 DBG func handleCommit commit Tn. tn=1
10:49:23.633 INF Committed entry. latency=0 nReq=1173 sn=3
10:49:23.633 INF Delivered batch. nReq=1173 sn=3
10:49:23.633 INF Delivered batch. nReq=1174 sn=4
10:49:23.633 INF Delivered batch. nReq=1229 sn=5
10:49:23.634 DBG Starting timer. sn=9 view=0
10:49:23.634 DBG func handleHtnmsg htn. htn=1 localhtn=1 prelocalhtn=1
10:49:23.634 DBG func handleCommit commit Tn. tn=1
10:49:23.634 DBG func handleHtnmsg htn. htn=1 localhtn=1 prelocalhtn=1
10:49:52.852 DBG Batch ready. batchSize=4096
10:49:52.852 DBG Batch cut. left=0 nBuckets=21 nReq=87 next=0
10:49:52.852 DBG Waiting for batch. batchSize=4096
10:49:52.855 INF Sending PREPREPARE. nReq=87 senderID=1 sn=7 view=0
10:49:52.863 INF Handling PREPREPARE. nReq=87 senderID=0 sn=6
10:49:52.863 DBG Creating new Batch. nReq=87
10:49:52.872 INF Handling PREPREPARE. nReq=91 senderID=7 sn=11
10:49:52.872 DBG Creating new Batch. nReq=91
10:49:52.874 INF Handling PREPREPARE. nReq=91 senderID=3 sn=8
10:49:52.874 DBG Creating new Batch. nReq=91
10:49:52.879 DBG Sending PREPARE. senderID=1 sn=6 view=0
10:49:52.880 DBG func sendPrepare prepare Tn. sn=6 tn=2
10:49:52.893 DBG Sending COMMIT. senderID=1 sn=6 view=0
10:49:52.893 DBG func sendCommit commit Tn. sn=6 tn=2
10:49:52.894 DBG Sending Htn. senderID=1 sn=6 view=0
10:49:52.895 DBG func handleCommit commit Tn. tn=2
10:49:52.895 DBG func handleHtnmsg htn. htn=2 localhtn=2 prelocalhtn=2
10:49:52.895 DBG func handleCommit commit Tn. tn=2
10:49:52.895 DBG func handleHtnmsg htn. htn=2 localhtn=2 prelocalhtn=2
10:49:52.896 DBG func handleCommit commit Tn. tn=2
10:49:52.896 DBG func handleHtnmsg htn. htn=2 localhtn=2 prelocalhtn=2
10:49:52.897 DBG func handleCommit commit Tn. tn=2
10:49:52.897 INF Committed entry. latency=0 nReq=87 sn=6
10:49:52.897 INF Delivered batch. nReq=87 sn=6
10:49:52.897 DBG Sending PREPARE. senderID=1 sn=11 view=0
10:49:52.898 DBG Starting timer. sn=12 view=0
10:49:52.898 DBG func sendPrepare prepare Tn. sn=11 tn=2
10:49:52.898 DBG Sending PREPARE. senderID=1 sn=8 view=0
10:49:52.898 DBG func handleHtnmsg htn. htn=2 localhtn=2 prelocalhtn=2
10:49:52.898 DBG func sendPrepare prepare Tn. sn=8 tn=2
10:49:52.904 DBG Sending COMMIT. senderID=1 sn=7 view=0
10:49:52.905 DBG func sendCommit commit Tn. sn=7 tn=2
10:49:52.905 DBG Sending Htn. senderID=1 sn=7 view=0
10:49:52.905 DBG Sending COMMIT. senderID=1 sn=11 view=0
10:49:52.905 DBG func sendCommit commit Tn. sn=11 tn=2
10:49:52.905 DBG Sending Htn. senderID=1 sn=11 view=0
10:49:52.906 DBG func handleCommit commit Tn. tn=2
10:49:52.906 DBG func handleHtnmsg htn. htn=2 localhtn=2 prelocalhtn=2
10:49:52.906 DBG func handleCommit commit Tn. tn=2
10:49:52.907 DBG func handleHtnmsg htn. htn=2 localhtn=2 prelocalhtn=2
10:49:52.907 DBG func handleCommit commit Tn. tn=2
10:49:52.907 DBG func handleHtnmsg htn. htn=2 localhtn=2 prelocalhtn=2
10:49:52.907 INF Handling PREPREPARE. nReq=86 senderID=6 sn=10
10:49:52.907 DBG Creating new Batch. nReq=86
10:49:52.908 DBG func handleCommit commit Tn. tn=2
10:49:52.908 DBG func handleCommit commit Tn. tn=2
10:49:52.908 DBG func handleHtnmsg htn. htn=2 localhtn=2 prelocalhtn=2
10:49:52.908 DBG func handleHtnmsg htn. htn=2 localhtn=2 prelocalhtn=2
10:49:52.908 DBG func handleCommit commit Tn. tn=2
10:49:52.908 DBG func handleCommit commit Tn. tn=2
10:49:52.909 DBG Sending COMMIT. senderID=1 sn=8 view=0
10:49:52.909 DBG func handleHtnmsg htn. htn=2 localhtn=2 prelocalhtn=2
10:49:52.909 DBG func sendCommit commit Tn. sn=8 tn=2
10:49:52.909 INF Committed entry. latency=0 nReq=87 sn=7
10:49:52.909 INF Delivered batch. nReq=87 sn=7
10:49:52.909 DBG Starting timer. sn=13 view=0
10:49:52.910 DBG func handleHtnmsg htn. htn=2 localhtn=2 prelocalhtn=2
10:49:52.909 DBG Sending Htn. senderID=1 sn=8 view=0
10:49:52.911 DBG func handleCommit commit Tn. tn=2
10:49:52.911 DBG func handleHtnmsg htn. htn=2 localhtn=2 prelocalhtn=2
10:49:52.912 DBG func handleCommit commit Tn. tn=2
10:49:52.912 DBG func handleCommit commit Tn. tn=2
10:49:52.912 DBG func handleHtnmsg htn. htn=2 localhtn=2 prelocalhtn=2
10:49:52.912 DBG func handleHtnmsg htn. htn=2 localhtn=2 prelocalhtn=2
10:49:52.912 DBG func handleCommit commit Tn. tn=2
10:49:52.913 DBG func handleCommit commit Tn. tn=2
10:49:52.913 DBG func handleHtnmsg htn. htn=2 localhtn=2 prelocalhtn=2
10:49:52.914 DBG func handleCommit commit Tn. tn=2
10:49:52.914 DBG func handleHtnmsg htn. htn=2 localhtn=2 prelocalhtn=2
10:49:52.914 INF Committed entry. latency=0 nReq=91 sn=11
10:49:52.914 DBG Starting timer. sn=17 view=0
10:49:52.914 DBG func handleCommit commit Tn. tn=2
10:49:52.915 DBG func handleHtnmsg htn. htn=2 localhtn=2 prelocalhtn=2
10:49:52.915 DBG func handleCommit commit Tn. tn=2
10:49:52.915 DBG func handleHtnmsg htn. htn=2 localhtn=2 prelocalhtn=2
10:49:52.915 INF Committed entry. latency=0 nReq=91 sn=8
10:49:52.915 INF Delivered batch. nReq=91 sn=8
10:49:52.916 DBG Starting timer. sn=14 view=0
10:49:52.916 DBG func handleHtnmsg htn. htn=2 localhtn=2 prelocalhtn=2
10:49:52.916 DBG func handleCommit commit Tn. tn=2
10:49:52.916 DBG func handleHtnmsg htn. htn=2 localhtn=2 prelocalhtn=2
10:49:52.920 DBG Sending PREPARE. senderID=1 sn=10 view=0
10:49:52.920 DBG func sendPrepare prepare Tn. sn=10 tn=2
10:49:52.927 DBG Sending COMMIT. senderID=1 sn=10 view=0
10:49:52.928 DBG func sendCommit commit Tn. sn=10 tn=2
10:49:52.928 DBG Sending Htn. senderID=1 sn=10 view=0
10:49:52.928 DBG func handleCommit commit Tn. tn=2
10:49:52.928 DBG func handleHtnmsg htn. htn=2 localhtn=2 prelocalhtn=2
10:49:52.930 DBG func handleCommit commit Tn. tn=2
10:49:52.930 DBG func handleHtnmsg htn. htn=2 localhtn=2 prelocalhtn=2
10:49:52.931 DBG func handleCommit commit Tn. tn=2
10:49:52.931 DBG func handleHtnmsg htn. htn=2 localhtn=2 prelocalhtn=2
10:49:52.931 DBG func handleCommit commit Tn. tn=2
10:49:52.931 INF Committed entry. latency=0 nReq=86 sn=10
10:49:52.932 DBG Starting timer. sn=16 view=0
10:49:52.932 DBG func handleHtnmsg htn. htn=2 localhtn=2 prelocalhtn=2
10:49:52.932 DBG func handleCommit commit Tn. tn=2
10:49:52.932 DBG func handleHtnmsg htn. htn=2 localhtn=2 prelocalhtn=2
10:49:52.935 INF Handling PREPREPARE. nReq=87 senderID=4 sn=9
10:49:52.935 DBG Creating new Batch. nReq=87
10:49:52.946 DBG Sending PREPARE. senderID=1 sn=9 view=0
10:49:52.946 DBG func sendPrepare prepare Tn. sn=9 tn=2
10:49:52.946 DBG Sending COMMIT. senderID=1 sn=9 view=0
10:49:52.947 DBG func sendCommit commit Tn. sn=9 tn=2
10:49:52.947 DBG Sending Htn. senderID=1 sn=9 view=0
10:49:52.947 DBG func handleCommit commit Tn. tn=2
10:49:52.947 DBG func handleHtnmsg htn. htn=2 localhtn=2 prelocalhtn=2
10:49:52.949 DBG func handleCommit commit Tn. tn=2
10:49:52.950 DBG func handleHtnmsg htn. htn=2 localhtn=2 prelocalhtn=2
10:49:52.950 DBG func handleCommit commit Tn. tn=2
10:49:52.950 DBG func handleHtnmsg htn. htn=2 localhtn=2 prelocalhtn=2
10:49:52.950 DBG func handleCommit commit Tn. tn=2
10:49:52.951 INF Committed entry. latency=0 nReq=87 sn=9
10:49:52.951 INF Delivered batch. nReq=87 sn=9
10:49:52.951 INF Delivered batch. nReq=86 sn=10
10:49:52.951 INF Delivered batch. nReq=91 sn=11
10:49:52.951 DBG Starting timer. sn=15 view=0
10:49:52.951 DBG func handleHtnmsg htn. htn=2 localhtn=2 prelocalhtn=2
10:49:52.952 DBG func handleCommit commit Tn. tn=2
10:49:52.952 DBG func handleHtnmsg htn. htn=2 localhtn=2 prelocalhtn=2
10:49:53.921 INF Connection terminated. error="rpc error: code = Canceled desc = context canceled" address=127.0.0.1:46054
10:49:53.921 INF Finished sending bucket assignments to client. clId=0
10:49:54.346 INF Stopping profiler.
10:49:54.346 INF Stopping Tracer. events=144 fileName=experiment-output/0000/slave-007/peer.trc
==================
WARNING: DATA RACE
Read at 0x00c0009b2000 by goroutine 115:
  runtime.racereadrange()
      <autogenerated>:1 +0x1b
  github.com/hyperledger-labs/mirbft/tracing.(*BufferedTrace).StopOnSignal.func1()
      /opt/gopath/src/github.com/hyperledger-labs/mirbft/tracing/bufferedtrace.go:298 +0x4e

Previous write at 0x00c0009b2000 by goroutine 496:
  github.com/hyperledger-labs/mirbft/tracing.(*BufferedTrace).Event()
      /opt/gopath/src/github.com/hyperledger-labs/mirbft/tracing/bufferedtrace.go:105 +0x2d9
  github.com/hyperledger-labs/mirbft/manager.(*MirManager).handleLogEntries()
      /opt/gopath/src/github.com/hyperledger-labs/mirbft/manager/mirmanager.go:139 +0x1d8
  github.com/hyperledger-labs/mirbft/manager.(*MirManager).Start路dwrap路7()
      /opt/gopath/src/github.com/hyperledger-labs/mirbft/manager/mirmanager.go:101 +0x47

Goroutine 115 (running) created at:
  github.com/hyperledger-labs/mirbft/tracing.(*BufferedTrace).StopOnSignal()
      /opt/gopath/src/github.com/hyperledger-labs/mirbft/tracing/bufferedtrace.go:292 +0x172
  main.setUpTracing()
      /opt/gopath/src/github.com/hyperledger-labs/mirbft/cmd/orderingpeer/main.go:204 +0xf5
  main.main()
      /opt/gopath/src/github.com/hyperledger-labs/mirbft/cmd/orderingpeer/main.go:98 +0x9d6

Goroutine 496 (running) created at:
  github.com/hyperledger-labs/mirbft/manager.(*MirManager).Start()
      /opt/gopath/src/github.com/hyperledger-labs/mirbft/manager/mirmanager.go:101 +0x19e
  main.main路dwrap路4()
      /opt/gopath/src/github.com/hyperledger-labs/mirbft/cmd/orderingpeer/main.go:168 +0x59
==================
==================
WARNING: DATA RACE
Read at 0x00c0009b3658 by goroutine 115:
  runtime.racereadrange()
      <autogenerated>:1 +0x1b
  github.com/hyperledger-labs/mirbft/tracing.(*BufferedTrace).StopOnSignal.func1()
      /opt/gopath/src/github.com/hyperledger-labs/mirbft/tracing/bufferedtrace.go:298 +0x4e

Previous write at 0x00c0009b3658 by goroutine 114:
  github.com/hyperledger-labs/mirbft/tracing.(*BufferedTrace).Event()
      /opt/gopath/src/github.com/hyperledger-labs/mirbft/tracing/bufferedtrace.go:105 +0x2d9
  github.com/hyperledger-labs/mirbft/profiling.StartCPUTracing.func1()
      /opt/gopath/src/github.com/hyperledger-labs/mirbft/profiling/cpuusage.go:31 +0x95

Goroutine 115 (running) created at:
  github.com/hyperledger-labs/mirbft/tracing.(*BufferedTrace).StopOnSignal()
      /opt/gopath/src/github.com/hyperledger-labs/mirbft/tracing/bufferedtrace.go:292 +0x172
  main.setUpTracing()
      /opt/gopath/src/github.com/hyperledger-labs/mirbft/cmd/orderingpeer/main.go:204 +0xf5
  main.main()
      /opt/gopath/src/github.com/hyperledger-labs/mirbft/cmd/orderingpeer/main.go:98 +0x9d6

Goroutine 114 (running) created at:
  github.com/hyperledger-labs/mirbft/profiling.StartCPUTracing()
      /opt/gopath/src/github.com/hyperledger-labs/mirbft/profiling/cpuusage.go:28 +0xb6
  main.setUpTracing()
      /opt/gopath/src/github.com/hyperledger-labs/mirbft/cmd/orderingpeer/main.go:196 +0x85
  main.main()
      /opt/gopath/src/github.com/hyperledger-labs/mirbft/cmd/orderingpeer/main.go:98 +0x9d6
==================
10:49:54.349 INF Trace data written.
10:49:54.431 INF Profile data written. filename=experiment-output/0000/slave-007/prof.block name=block
10:49:54.468 INF Profile data written. filename=experiment-output/0000/slave-007/prof.mutex name=mutex
10:49:54.535 INF Connection terminated. error="rpc error: code = Canceled desc = context canceled" address=127.0.0.1:45968
10:49:54.534 INF Connection terminated. error="rpc error: code = Canceled desc = context canceled" address=127.0.0.1:45980
10:49:54.535 INF Connection terminated. error="rpc error: code = Canceled desc = context canceled" address=127.0.0.1:45822
10:49:54.534 INF Connection terminated. error="rpc error: code = Canceled desc = context canceled" address=127.0.0.1:45994
10:49:54.595 INF Connection terminated. error="rpc error: code = Canceled desc = context canceled" address=127.0.0.1:45964
10:49:54.595 INF Connection terminated. error="rpc error: code = Canceled desc = context canceled" address=127.0.0.1:45608
10:49:54.595 INF Connection terminated. error="rpc error: code = Canceled desc = context canceled" address=127.0.0.1:45764
10:49:54.595 INF Connection terminated. error="rpc error: code = Canceled desc = context canceled" address=127.0.0.1:45628
10:49:54.628 INF Connection terminated. error="rpc error: code = Canceled desc = context canceled" address=127.0.0.1:45908
10:49:54.629 INF Connection terminated. error="rpc error: code = Canceled desc = context canceled" address=127.0.0.1:45564
10:49:54.629 INF Connection terminated. error="rpc error: code = Canceled desc = context canceled" address=127.0.0.1:45560
10:49:54.629 INF Connection terminated. error="rpc error: code = Canceled desc = context canceled" address=127.0.0.1:45572
10:49:54.636 INF Connection terminated. error="rpc error: code = Canceled desc = context canceled" address=127.0.0.1:45538
10:49:54.636 INF Connection terminated. error="rpc error: code = Canceled desc = context canceled" address=127.0.0.1:45818
10:49:54.636 INF Connection terminated. error="rpc error: code = Canceled desc = context canceled" address=127.0.0.1:45792
10:49:54.636 INF Connection terminated. error="rpc error: code = Canceled desc = context canceled" address=127.0.0.1:45580
10:49:54.649 INF Connection terminated. error="rpc error: code = Canceled desc = context canceled" address=127.0.0.1:45952
10:49:54.649 INF Connection terminated. error="rpc error: code = Canceled desc = context canceled" address=127.0.0.1:45942
10:49:54.649 INF Connection terminated. error="rpc error: code = Canceled desc = context canceled" address=127.0.0.1:45988
10:49:54.649 INF Connection terminated. error="rpc error: code = Canceled desc = context canceled" address=127.0.0.1:45916
10:49:54.661 INF Profile data written. filename=experiment-output/0000/slave-007/prof.cpu name=cpu
