3:31AM INF Received own slave ID. ownSlaveId=4
3:31AM INF OK status=0
3:31AM INF Received command. cmdId=3
3:31AM INF Received an ExecStart command args="[-p experiment-output/0000/slave-__id__/config]" cmd=mkdir outFile=/dev/null
3:31AM INF OK status=0
3:31AM INF Received command. cmdId=4
3:31AM INF Received command. cmdType=ExecWait
3:31AM INF OK status=0
3:31AM INF Received command. cmdId=5
3:31AM INF Received an ExecStart command args="[config/config-0000.yml experiment-output/0000/slave-__id__/config/config.yml]" cmd=cp outFile=/dev/null
3:31AM INF OK status=0
3:31AM INF Received command. cmdId=6
3:31AM INF Received command. cmdType=ExecWait
3:31AM INF OK status=0
3:31AM INF Received command. cmdId=9
3:31AM INF Received command. cmdType=Noop
3:31AM INF Noop. Doing nothing. status=0
3:31AM INF Received command. cmdId=12
3:31AM INF Received an ExecStart command args="[experiment-output/0000/slave-__id__/config/config.yml 127.0.0.1:9999 127.0.0.1 127.0.0.1 experiment-output/0000/slave-__id__/peer.trc experiment-output/0000/slave-__id__/prof]" cmd=orderingpeer outFile=experiment-output/0000/slave-__id__/peer.log
3:31AM INF OK status=0
3:32AM INF Received command. cmdId=18
3:32AM INF Received command. cmdType=ExecSignal
3:32AM INF OK status=0
3:32AM INF Received command. cmdId=23
3:32AM INF Received an ExecStart command args="[-p experiment-output/0001/slave-__id__/config]" cmd=mkdir outFile=/dev/null
3:32AM INF OK status=0
3:32AM INF Received command. cmdId=24
3:32AM INF Received command. cmdType=ExecWait
3:32AM INF OK status=0
3:32AM INF Received command. cmdId=25
3:32AM INF Received an ExecStart command args="[config/config-0001.yml experiment-output/0001/slave-__id__/config/config.yml]" cmd=cp outFile=/dev/null
3:32AM INF OK status=0
3:32AM INF Received command. cmdId=26
3:32AM INF Received command. cmdType=ExecWait
3:32AM INF OK status=0
3:32AM INF Received command. cmdId=29
3:32AM INF Received command. cmdType=Noop
3:32AM INF Noop. Doing nothing. status=0
3:32AM INF Received command. cmdId=32
3:32AM INF Received an ExecStart command args="[experiment-output/0001/slave-__id__/config/config.yml 127.0.0.1:9999 127.0.0.1 127.0.0.1 experiment-output/0001/slave-__id__/peer.trc experiment-output/0001/slave-__id__/prof]" cmd=orderingpeer outFile=experiment-output/0001/slave-__id__/peer.log
3:32AM INF OK status=0
3:33AM INF Received command. cmdId=38
3:33AM INF Received command. cmdType=ExecSignal
3:33AM INF OK status=0
3:33AM INF Received command. cmdId=43
3:33AM INF Received an ExecStart command args="[-p experiment-output/0002/slave-__id__/config]" cmd=mkdir outFile=/dev/null
3:33AM INF OK status=0
3:33AM INF Received command. cmdId=44
3:33AM INF Received command. cmdType=ExecWait
3:33AM INF OK status=0
3:33AM INF Received command. cmdId=45
3:33AM INF Received an ExecStart command args="[config/config-0002.yml experiment-output/0002/slave-__id__/config/config.yml]" cmd=cp outFile=/dev/null
3:33AM INF OK status=0
3:33AM INF Received command. cmdId=46
3:33AM INF Received command. cmdType=ExecWait
3:33AM INF OK status=0
3:33AM INF Received command. cmdId=49
3:33AM INF Received command. cmdType=Noop
3:33AM INF Noop. Doing nothing. status=0
3:33AM INF Received command. cmdId=52
3:33AM INF Received an ExecStart command args="[experiment-output/0002/slave-__id__/config/config.yml 127.0.0.1:9999 127.0.0.1 127.0.0.1 experiment-output/0002/slave-__id__/peer.trc experiment-output/0002/slave-__id__/prof]" cmd=orderingpeer outFile=experiment-output/0002/slave-__id__/peer.log
3:33AM INF OK status=0
3:33AM INF Received command. cmdId=58
3:33AM INF Received command. cmdType=ExecSignal
3:33AM INF OK status=0
3:33AM INF Received command. cmdId=63
3:33AM INF Received an ExecStart command args="[-p experiment-output/0003/slave-__id__/config]" cmd=mkdir outFile=/dev/null
3:33AM INF OK status=0
3:33AM INF Received command. cmdId=64
3:33AM INF Received command. cmdType=ExecWait
3:33AM INF OK status=0
3:33AM INF Received command. cmdId=65
3:33AM INF Received an ExecStart command args="[config/config-0003.yml experiment-output/0003/slave-__id__/config/config.yml]" cmd=cp outFile=/dev/null
3:33AM INF OK status=0
3:33AM INF Received command. cmdId=66
3:33AM INF Received command. cmdType=ExecWait
3:33AM INF OK status=0
3:33AM INF Received command. cmdId=69
3:33AM INF Received command. cmdType=Noop
3:33AM INF Noop. Doing nothing. status=0
3:33AM INF Received command. cmdId=72
3:33AM INF Received an ExecStart command args="[experiment-output/0003/slave-__id__/config/config.yml 127.0.0.1:9999 127.0.0.1 127.0.0.1 experiment-output/0003/slave-__id__/peer.trc experiment-output/0003/slave-__id__/prof]" cmd=orderingpeer outFile=experiment-output/0003/slave-__id__/peer.log
3:33AM INF OK status=0
3:34AM INF Received command. cmdId=78
3:34AM INF Received command. cmdType=ExecSignal
3:34AM INF OK status=0
3:34AM INF Received command. cmdId=83
3:34AM INF Received command. cmdType=Stop
