{"level":"debug","Logging":"debug","time":"2022-11-01T10:58:18+08:00","message":"Config"}
{"level":"debug","UseTLS":false,"time":"2022-11-01T10:58:18+08:00","message":"Config"}
{"level":"debug","CACertFile":"tls-data/ca.pem","time":"2022-11-01T10:58:18+08:00","message":"Config"}
{"level":"debug","KeyFile":"tls-data/auth.key","time":"2022-11-01T10:58:18+08:00","message":"Config"}
{"level":"debug","CertFile":"tls-data/auth.pem","time":"2022-11-01T10:58:18+08:00","message":"Config"}
{"level":"debug","PriorityConnections":2,"time":"2022-11-01T10:58:18+08:00","message":"Config"}
{"level":"debug","BasicConnections":4,"time":"2022-11-01T10:58:18+08:00","message":"Config"}
{"level":"debug","TestConnections":false,"time":"2022-11-01T10:58:18+08:00","message":"Config"}
{"level":"debug","ExcessConnections":1,"time":"2022-11-01T10:58:18+08:00","message":"Config"}
{"level":"debug","ConnectionTestMsgs":4,"time":"2022-11-01T10:58:18+08:00","message":"Config"}
{"level":"debug","ConnectionTestPayload":131072,"time":"2022-11-01T10:58:18+08:00","message":"Config"}
{"level":"debug","OutMessageBufsize":1024,"time":"2022-11-01T10:58:18+08:00","message":"Config"}
{"level":"debug","OutMessageBufsize":1,"time":"2022-11-01T10:58:18+08:00","message":"Config"}
{"level":"debug","ThroughputCap":131072000,"time":"2022-11-01T10:58:18+08:00","message":"Config"}
{"level":"debug","StragglerTolerance":1000,"time":"2022-11-01T10:58:18+08:00","message":"Config"}
{"level":"debug","BatchSizeIncrement":256,"time":"2022-11-01T10:58:18+08:00","message":"Config"}
{"level":"debug","Orderer":"Pbft","time":"2022-11-01T10:58:18+08:00","message":"Config"}
{"level":"debug","Manager":"Mir","time":"2022-11-01T10:58:18+08:00","message":"Config"}
{"level":"debug","Failures":1,"time":"2022-11-01T10:58:18+08:00","message":"Config"}
{"level":"debug","CrashTiming":"Straggler","time":"2022-11-01T10:58:18+08:00","message":"Config"}
{"level":"debug","CheckpointInterval":256,"time":"2022-11-01T10:58:18+08:00","message":"Config"}
{"level":"debug","WatermarkWindowSize":256,"time":"2022-11-01T10:58:18+08:00","message":"Config"}
{"level":"debug","EpochLength":256,"time":"2022-11-01T10:58:18+08:00","message":"Config"}
{"level":"debug","SegmentLength":64,"time":"2022-11-01T10:58:18+08:00","message":"Config"}
{"level":"debug","WaitForCheckpoints":true,"time":"2022-11-01T10:58:18+08:00","message":"Config"}
{"level":"debug","ClientWatermarkWindowSize":4194304,"time":"2022-11-01T10:58:18+08:00","message":"Config"}
{"level":"debug","ClientRequestBacklogSize":4194304,"time":"2022-11-01T10:58:18+08:00","message":"Config"}
{"level":"debug","RandomSeed":32662,"time":"2022-11-01T10:58:18+08:00","message":"Config"}
{"level":"debug","NodeToLeaderRatio":1,"time":"2022-11-01T10:58:18+08:00","message":"Config"}
{"level":"debug","LeaderPolicy":"SimulatedRandomFailures","time":"2022-11-01T10:58:18+08:00","message":"Config"}
{"level":"debug","DefaultLeaderBan":2,"time":"2022-11-01T10:58:18+08:00","message":"Config"}
{"level":"debug","NumBuckets":64,"time":"2022-11-01T10:58:18+08:00","message":"Config"}
{"level":"debug","BatchSize":1000,"time":"2022-11-01T10:58:18+08:00","message":"Config"}
{"level":"debug","DisabledViewChange":false,"time":"2022-11-01T10:58:18+08:00","message":"Config"}
{"level":"debug","ViewChangeTimeout":60000,"time":"2022-11-01T10:58:18+08:00","message":"Config"}
{"level":"debug","ClientTraceSampling":10,"time":"2022-11-01T10:58:18+08:00","message":"Config"}
{"level":"debug","EventBufferSize":2097152,"time":"2022-11-01T10:58:18+08:00","message":"Config"}
{"level":"debug","TraceSampling":1,"time":"2022-11-01T10:58:18+08:00","message":"Config"}
{"level":"debug","ClientsPerProcess":1,"time":"2022-11-01T10:58:18+08:00","message":"Config"}
{"level":"debug","RequestsPerClient":15360,"time":"2022-11-01T10:58:18+08:00","message":"Config"}
{"level":"debug","ClientRunTime":30000,"time":"2022-11-01T10:58:18+08:00","message":"Config"}
{"level":"debug","RequestRate":256,"time":"2022-11-01T10:58:18+08:00","message":"Config"}
{"level":"debug","HardRequestRateLimit":false,"time":"2022-11-01T10:58:18+08:00","message":"Config"}
{"level":"debug","RequestPayloadSize":500,"time":"2022-11-01T10:58:18+08:00","message":"Config"}
{"level":"debug","SignRequests":true,"time":"2022-11-01T10:58:18+08:00","message":"Config"}
{"level":"debug","ClientPrivKeyFile":"tls-data/client-ecdsa-256.key","time":"2022-11-01T10:58:18+08:00","message":"Config"}
{"level":"debug","ClientPubKeyFile":"tls-data/client-ecdsa-256.pem","time":"2022-11-01T10:58:18+08:00","message":"Config"}
{"level":"debug","PrecomputeRequests":false,"time":"2022-11-01T10:58:18+08:00","message":"Config"}
{"level":"debug","RequestHandlerThreads":32,"time":"2022-11-01T10:58:18+08:00","message":"Config"}
{"level":"debug","RequestInputChannelBuffer":8192,"time":"2022-11-01T10:58:18+08:00","message":"Config"}
{"level":"debug","BatchVerifier":"external","time":"2022-11-01T10:58:18+08:00","message":"Config"}
02:58:18.371 INF Registered with discovery server. numPeers=4 ownID=0
02:58:18.372 INF Profiling enabled.
02:58:18.372 INF Setting up profiling.
02:58:18.372 INF Started Profiler: CPU
02:58:18.372 INF Started Profiler: BLOCK
02:58:18.372 INF Started Profiler: MUTEX
02:58:18.372 INF Profiler will stop on signal. exit=true
02:58:18.374 INF Tracing will stop on signal. exit=false
02:58:18.375 INF Started tracing. traceFile=experiment-output/0000/slave-001/peer.trc
02:58:18.375 DBG Starting backlog.
02:58:18.375 INF Listening for connections. port=10000 useTLS=false
02:58:18.376 INF Connecting to peer. addr=127.0.0.1:10000 basicConns=4 priorityConns=2
02:58:18.376 INF Connecting to peer. addr=127.0.0.1:10022 basicConns=4 priorityConns=2
02:58:18.376 INF Connecting to peer. addr=127.0.0.1:10033 basicConns=4 priorityConns=2
02:58:18.376 INF Connecting to peer. addr=127.0.0.1:10011 basicConns=4 priorityConns=2
02:58:18.399 INF Incoming connection for protocol messages. addr=127.0.0.1:45136
02:58:18.402 INF Incoming connection for protocol messages. addr=127.0.0.1:45176
02:58:18.403 INF Incoming connection for protocol messages. addr=127.0.0.1:45118
02:58:18.403 INF Incoming connection for protocol messages. addr=127.0.0.1:45164
02:58:18.404 INF Incoming connection for protocol messages. addr=127.0.0.1:45116
02:58:18.405 INF Incoming connection for protocol messages. addr=127.0.0.1:45134
02:58:18.406 INF Incoming connection for protocol messages. addr=127.0.0.1:45122
02:58:18.407 INF Incoming connection for protocol messages. addr=127.0.0.1:45198
02:58:18.409 INF Incoming connection for protocol messages. addr=127.0.0.1:45220
02:58:18.410 INF Incoming connection for protocol messages. addr=127.0.0.1:45202
02:58:18.411 INF Incoming connection for protocol messages. addr=127.0.0.1:45222
02:58:18.411 INF Incoming connection for protocol messages. addr=127.0.0.1:45130
02:58:18.412 INF Incoming connection for protocol messages. addr=127.0.0.1:45234
02:58:18.412 INF Incoming connection for protocol messages. addr=127.0.0.1:45178
02:58:18.412 INF Incoming connection for protocol messages. addr=127.0.0.1:45238
02:58:18.413 DBG Connected. peerID=3
02:58:18.414 INF Incoming connection for protocol messages. addr=127.0.0.1:45258
02:58:18.413 INF Incoming connection for protocol messages. addr=127.0.0.1:45252
02:58:18.414 INF Incoming connection for protocol messages. addr=127.0.0.1:45204
02:58:18.415 INF Incoming connection for protocol messages. addr=127.0.0.1:45250
02:58:18.415 INF Incoming connection for protocol messages. addr=127.0.0.1:45278
02:58:18.415 INF Incoming connection for protocol messages. addr=127.0.0.1:45280
02:58:18.415 INF Incoming connection for protocol messages. addr=127.0.0.1:45270
02:58:18.415 INF Incoming connection for protocol messages. addr=127.0.0.1:45286
02:58:18.416 INF Incoming connection for protocol messages. addr=127.0.0.1:45294
02:58:18.416 DBG Connected. peerID=1
02:58:18.417 DBG Connected. peerID=0
02:58:18.417 INF Connected to all peers.
02:58:18.417 DBG Connected. peerID=2
02:58:18.422 INF All peers finished connecting. Starting ISS.
02:58:18.422 DBG Buckets for 0-th leader 0: [0 4 8 12 16 20 24 28 32 36 40 44 48 52 56 60 3 15 27 39 51 63]
02:58:18.422 DBG Buckets for 1-th leader 1: [1 5 9 13 17 21 25 29 33 37 41 45 49 53 57 61 7 19 31 43 55]
02:58:18.423 DBG Buckets for 2-th leader 2: [2 6 10 14 18 22 26 30 34 38 42 46 50 54 58 62 11 23 35 47 59]
02:58:18.423 INF PbftOrderer received a new segment: [0 3 6 9 12 15 18 21 24 27 30 33 36 39 42 45 48 51 54 57 60 63 66 69 72 75 78 81 84 87 90 93 96 99 102 105 108 111 114 117 120 123 126 129 132 135 138 141 144 147 150 153 156 159 162 165 168 171 174 177 180 183 186 189] first leader=0 firstSN=0 lastSN=189 len=64 length=64 segId=0
02:58:18.423 INF Starting new view. segID=0 timeout=60000 view=0
02:58:18.423 DBG Starting timer. sn=0 view=0
02:58:18.423 INF Starting PBFT instance. first=0 last=189 segID=0
02:58:18.424 DBG Subscribing to backlog. segID=0
02:58:18.424 DBG Leading segment. segID=0
02:58:18.424 INF Starting serialized message processing. segID=0
02:58:18.424 INF Simulating Straggler. crashTiming=Straggler
02:58:18.424 INF PbftOrderer received a new segment: [1 4 7 10 13 16 19 22 25 28 31 34 37 40 43 46 49 52 55 58 61 64 67 70 73 76 79 82 85 88 91 94 97 100 103 106 109 112 115 118 121 124 127 130 133 136 139 142 145 148 151 154 157 160 163 166 169 172 175 178 181 184 187 190] first leader=1 firstSN=1 lastSN=190 len=64 length=64 segId=1
02:58:18.424 DBG Waiting for batch. batchSize=4096
02:58:18.424 INF Starting new view. segID=1 timeout=60000 view=0
02:58:18.424 DBG Starting timer. sn=1 view=0
02:58:18.425 INF Starting PBFT instance. first=1 last=190 segID=1
02:58:18.425 DBG Subscribing to backlog. segID=1
02:58:18.425 INF Starting serialized message processing. segID=1
02:58:18.425 INF PbftOrderer received a new segment: [2 5 8 11 14 17 20 23 26 29 32 35 38 41 44 47 50 53 56 59 62 65 68 71 74 77 80 83 86 89 92 95 98 101 104 107 110 113 116 119 122 125 128 131 134 137 140 143 146 149 152 155 158 161 164 167 170 173 176 179 182 185 188 191] first leader=2 firstSN=2 lastSN=191 len=64 length=64 segId=2
02:58:18.425 INF Starting new view. segID=2 timeout=60000 view=0
02:58:18.426 DBG Starting timer. sn=2 view=0
02:58:18.426 INF Starting PBFT instance. first=2 last=191 segID=2
02:58:18.426 DBG Subscribing to backlog. segID=2
02:58:18.426 INF Starting serialized message processing. segID=2
02:58:18.445 INF Connection terminated. error="rpc error: code = Canceled desc = context canceled" address=127.0.0.1:45250
02:58:18.445 INF Connection terminated. error="rpc error: code = Canceled desc = context canceled" address=127.0.0.1:45202
02:58:18.445 INF Connection terminated. error="rpc error: code = Canceled desc = context canceled" address=127.0.0.1:45204
02:58:18.446 INF Connection terminated. error="rpc error: code = Canceled desc = context canceled" address=127.0.0.1:45118
02:58:18.446 INF Connection terminated. error="rpc error: code = Canceled desc = context canceled" address=127.0.0.1:45164
02:58:18.446 INF Connection terminated. error="rpc error: code = Canceled desc = context canceled" address=127.0.0.1:45136
02:58:20.455 INF Incoming connection for requests. addr=127.0.0.1:45306
02:58:48.425 DBG Batch ready. batchSize=4096
02:58:48.425 DBG Batch cut. left=2461 nBuckets=22 nReq=0 next=0
02:58:48.426 INF Sending PREPREPARE. nReq=0 senderID=0 sn=0 view=0
02:58:48.426 DBG Waiting for batch. batchSize=4096
02:58:48.428 ERR Failed to send protocol message. Dropping all future outgoing protocol messages. error=EOF
02:58:48.431 INF Handling PREPREPARE. nReq=0 senderID=1 sn=1
02:58:48.431 DBG Creating new Batch. nReq=0
02:58:48.431 DBG Sending PREPARE. senderID=0 sn=1 view=0
02:58:48.431 DBG func sendPrepare prepare Tn. sn=1 tn=1
02:58:48.432 INF Handling PREPREPARE. nReq=0 senderID=2 sn=2
02:58:48.432 DBG Creating new Batch. nReq=0
02:58:48.432 DBG Sending PREPARE. senderID=0 sn=2 view=0
02:58:48.432 DBG func sendPrepare prepare Tn. sn=2 tn=1
02:58:48.433 DBG Sending COMMIT. senderID=0 sn=1 view=0
02:58:48.433 DBG Sending COMMIT. senderID=0 sn=0 view=0
02:58:48.433 DBG func sendCommit commit Tn. sn=1 tn=1
02:58:48.433 DBG Sending COMMIT. senderID=0 sn=2 view=0
02:58:48.433 DBG func sendCommit commit Tn. sn=0 tn=1
02:58:48.434 DBG func sendCommit commit Tn. sn=2 tn=1
02:58:48.433 DBG Sending Htn. senderID=0 sn=1 view=0
02:58:48.434 DBG Sending Htn. senderID=0 sn=0 view=0
02:58:48.434 DBG Sending Htn. senderID=0 sn=2 view=0
02:58:48.435 DBG func handleCommit commit Tn. tn=1
02:58:48.435 DBG func handleCommit commit Tn. tn=1
02:58:48.435 DBG func handleHtnmsg htn. htn=1 localhtn=1 prelocalhtn=1
02:58:48.435 DBG func handleHtnmsg htn. htn=1 localhtn=1 prelocalhtn=1
02:58:48.435 DBG func handleCommit commit Tn. tn=1
02:58:48.435 DBG func handleCommit commit Tn. tn=1
02:58:48.435 DBG func handleCommit commit Tn. tn=1
02:58:48.435 DBG func handleHtnmsg htn. htn=1 localhtn=1 prelocalhtn=1
02:58:48.435 INF Committed entry. latency=0 nReq=0 sn=1
02:58:48.435 INF Committed entry. latency=0 nReq=0 sn=0
02:58:48.435 INF Delivered batch. nReq=0 sn=0
02:58:48.435 DBG func handleCommit commit Tn. tn=1
02:58:48.435 INF Delivered batch. nReq=0 sn=1
02:58:48.436 INF Committed entry. latency=0 nReq=0 sn=2
02:58:48.436 INF Delivered batch. nReq=0 sn=2
02:58:48.436 DBG Starting timer. sn=4 view=0
02:58:48.436 DBG func handleHtnmsg htn. htn=1 localhtn=1 prelocalhtn=1
02:58:48.436 DBG Starting timer. sn=3 view=0
02:58:48.436 DBG Starting timer. sn=5 view=0
02:58:48.436 DBG func handleHtnmsg htn. htn=1 localhtn=1 prelocalhtn=1
02:58:48.436 DBG func handleHtnmsg htn. htn=1 localhtn=1 prelocalhtn=1
02:59:18.427 DBG Batch ready. batchSize=4096
02:59:18.427 DBG Batch cut. left=2641 nBuckets=22 nReq=0 next=0
02:59:18.427 INF Sending PREPREPARE. nReq=0 senderID=0 sn=3 view=0
02:59:18.427 DBG Waiting for batch. batchSize=4096
02:59:18.429 INF Handling PREPREPARE. nReq=0 senderID=1 sn=4
02:59:18.430 DBG Creating new Batch. nReq=0
02:59:18.430 INF Handling PREPREPARE. nReq=0 senderID=2 sn=5
02:59:18.430 DBG Sending PREPARE. senderID=0 sn=4 view=0
02:59:18.430 DBG Creating new Batch. nReq=0
02:59:18.430 DBG func sendPrepare prepare Tn. sn=4 tn=2
02:59:18.430 DBG Sending PREPARE. senderID=0 sn=5 view=0
02:59:18.430 DBG func sendPrepare prepare Tn. sn=5 tn=2
02:59:18.430 DBG Sending COMMIT. senderID=0 sn=3 view=0
02:59:18.431 DBG func sendCommit commit Tn. sn=3 tn=2
02:59:18.431 DBG Sending Htn. senderID=0 sn=3 view=0
02:59:18.432 DBG func handleCommit commit Tn. tn=2
02:59:18.432 DBG Sending COMMIT. senderID=0 sn=5 view=0
02:59:18.432 DBG Sending COMMIT. senderID=0 sn=4 view=0
02:59:18.432 DBG func handleHtnmsg htn. htn=2 localhtn=2 prelocalhtn=2
02:59:18.432 DBG func sendCommit commit Tn. sn=5 tn=2
02:59:18.432 DBG func sendCommit commit Tn. sn=4 tn=2
02:59:18.432 DBG func handleCommit commit Tn. tn=2
02:59:18.432 DBG Sending Htn. senderID=0 sn=5 view=0
02:59:18.432 DBG Sending Htn. senderID=0 sn=4 view=0
02:59:18.433 INF Committed entry. latency=0 nReq=0 sn=3
02:59:18.433 INF Delivered batch. nReq=0 sn=3
02:59:18.433 DBG Starting timer. sn=6 view=0
02:59:18.433 DBG func handleHtnmsg htn. htn=2 localhtn=2 prelocalhtn=2
02:59:18.435 DBG func handleCommit commit Tn. tn=2
02:59:18.435 DBG func handleCommit commit Tn. tn=2
02:59:18.435 DBG func handleHtnmsg htn. htn=2 localhtn=2 prelocalhtn=2
02:59:18.435 DBG func handleHtnmsg htn. htn=2 localhtn=2 prelocalhtn=2
02:59:18.435 DBG func handleCommit commit Tn. tn=2
02:59:18.435 DBG func handleCommit commit Tn. tn=2
02:59:18.435 INF Committed entry. latency=0 nReq=0 sn=4
02:59:18.435 INF Committed entry. latency=0 nReq=0 sn=5
02:59:18.435 INF Delivered batch. nReq=0 sn=4
02:59:18.435 INF Delivered batch. nReq=0 sn=5
02:59:18.435 DBG Starting timer. sn=7 view=0
02:59:18.436 DBG func handleHtnmsg htn. htn=2 localhtn=2 prelocalhtn=2
02:59:18.436 DBG Starting timer. sn=8 view=0
02:59:18.436 DBG func handleHtnmsg htn. htn=2 localhtn=2 prelocalhtn=2
02:59:48.428 DBG Batch ready. batchSize=4096
02:59:48.429 DBG Batch cut. left=2641 nBuckets=22 nReq=0 next=0
02:59:48.429 INF Sending PREPREPARE. nReq=0 senderID=0 sn=6 view=0
02:59:48.429 DBG Waiting for batch. batchSize=4096
02:59:48.430 INF Handling PREPREPARE. nReq=0 senderID=1 sn=7
02:59:48.431 DBG Creating new Batch. nReq=0
02:59:48.431 INF Handling PREPREPARE. nReq=0 senderID=2 sn=8
02:59:48.431 DBG Creating new Batch. nReq=0
02:59:48.431 DBG Sending PREPARE. senderID=0 sn=7 view=0
02:59:48.431 DBG func sendPrepare prepare Tn. sn=7 tn=3
02:59:48.431 DBG Sending PREPARE. senderID=0 sn=8 view=0
02:59:48.431 DBG func sendPrepare prepare Tn. sn=8 tn=3
02:59:48.432 DBG Sending COMMIT. senderID=0 sn=7 view=0
02:59:48.432 DBG Sending COMMIT. senderID=0 sn=8 view=0
02:59:48.432 DBG func sendCommit commit Tn. sn=7 tn=3
02:59:48.432 DBG Sending COMMIT. senderID=0 sn=6 view=0
02:59:48.432 DBG func sendCommit commit Tn. sn=8 tn=3
02:59:48.432 DBG Sending Htn. senderID=0 sn=7 view=0
02:59:48.432 DBG func sendCommit commit Tn. sn=6 tn=3
02:59:48.432 DBG Sending Htn. senderID=0 sn=8 view=0
02:59:48.432 DBG Sending Htn. senderID=0 sn=6 view=0
02:59:48.433 DBG func handleCommit commit Tn. tn=3
02:59:48.433 DBG func handleCommit commit Tn. tn=3
02:59:48.433 DBG func handleCommit commit Tn. tn=3
02:59:48.433 DBG func handleCommit commit Tn. tn=3
02:59:48.433 DBG func handleCommit commit Tn. tn=3
02:59:48.433 INF Committed entry. latency=0 nReq=0 sn=7
02:59:48.433 INF Committed entry. latency=0 nReq=0 sn=6
02:59:48.433 DBG func handleHtnmsg htn. htn=3 localhtn=3 prelocalhtn=3
02:59:48.434 INF Delivered batch. nReq=0 sn=6
02:59:48.434 INF Delivered batch. nReq=0 sn=7
02:59:48.434 DBG Starting timer. sn=10 view=0
02:59:48.434 DBG Starting timer. sn=9 view=0
02:59:48.434 DBG func handleHtnmsg htn. htn=3 localhtn=3 prelocalhtn=3
02:59:48.434 DBG func handleHtnmsg htn. htn=3 localhtn=3 prelocalhtn=3
02:59:48.434 DBG func handleCommit commit Tn. tn=3
02:59:48.434 DBG func handleHtnmsg htn. htn=3 localhtn=3 prelocalhtn=3
02:59:48.434 DBG func handleHtnmsg htn. htn=3 localhtn=3 prelocalhtn=3
02:59:48.434 INF Committed entry. latency=0 nReq=0 sn=8
02:59:48.434 INF Delivered batch. nReq=0 sn=8
02:59:48.435 DBG Starting timer. sn=11 view=0
02:59:48.435 DBG func handleHtnmsg htn. htn=3 localhtn=3 prelocalhtn=3
03:00:18.430 DBG Batch ready. batchSize=4096
03:00:18.430 DBG Batch cut. left=2641 nBuckets=22 nReq=0 next=0
03:00:18.430 DBG Waiting for batch. batchSize=4096
03:00:18.430 INF Sending PREPREPARE. nReq=0 senderID=0 sn=9 view=0
03:00:18.432 INF Handling PREPREPARE. nReq=0 senderID=1 sn=10
03:00:18.432 DBG Creating new Batch. nReq=0
03:00:18.432 INF Handling PREPREPARE. nReq=0 senderID=2 sn=11
03:00:18.432 DBG Sending PREPARE. senderID=0 sn=10 view=0
03:00:18.432 DBG Creating new Batch. nReq=0
03:00:18.433 DBG func sendPrepare prepare Tn. sn=10 tn=4
03:00:18.433 DBG Sending PREPARE. senderID=0 sn=11 view=0
03:00:18.433 DBG func sendPrepare prepare Tn. sn=11 tn=4
03:00:18.433 DBG Sending COMMIT. senderID=0 sn=9 view=0
03:00:18.433 DBG func sendCommit commit Tn. sn=9 tn=4
03:00:18.433 DBG Sending COMMIT. senderID=0 sn=10 view=0
03:00:18.434 DBG Sending Htn. senderID=0 sn=9 view=0
03:00:18.434 DBG func sendCommit commit Tn. sn=10 tn=4
03:00:18.434 DBG func handleCommit commit Tn. tn=4
03:00:18.434 DBG Sending Htn. senderID=0 sn=10 view=0
03:00:18.434 DBG Sending COMMIT. senderID=0 sn=11 view=0
03:00:18.434 DBG func handleHtnmsg htn. htn=4 localhtn=4 prelocalhtn=4
03:00:18.434 DBG func handleCommit commit Tn. tn=4
03:00:18.434 DBG func handleCommit commit Tn. tn=4
03:00:18.434 DBG func sendCommit commit Tn. sn=11 tn=4
03:00:18.435 INF Committed entry. latency=0 nReq=0 sn=9
03:00:18.435 DBG Sending Htn. senderID=0 sn=11 view=0
03:00:18.435 INF Delivered batch. nReq=0 sn=9
03:00:18.435 DBG Starting timer. sn=12 view=0
03:00:18.435 DBG func handleHtnmsg htn. htn=4 localhtn=4 prelocalhtn=4
03:00:18.436 DBG func handleCommit commit Tn. tn=4
03:00:18.436 DBG func handleCommit commit Tn. tn=4
03:00:18.436 DBG func handleHtnmsg htn. htn=4 localhtn=4 prelocalhtn=4
03:00:18.436 INF Committed entry. latency=0 nReq=0 sn=10
03:00:18.436 DBG func handleCommit commit Tn. tn=4
03:00:18.436 INF Delivered batch. nReq=0 sn=10
03:00:18.436 INF Committed entry. latency=0 nReq=0 sn=11
03:00:18.436 INF Delivered batch. nReq=0 sn=11
03:00:18.436 DBG Starting timer. sn=13 view=0
03:00:18.436 DBG Starting timer. sn=14 view=0
03:00:18.436 DBG func handleHtnmsg htn. htn=4 localhtn=4 prelocalhtn=4
03:00:18.437 DBG func handleHtnmsg htn. htn=4 localhtn=4 prelocalhtn=4
03:00:18.437 DBG func handleHtnmsg htn. htn=4 localhtn=4 prelocalhtn=4
03:00:48.431 DBG Batch ready. batchSize=4096
03:00:48.431 DBG Batch cut. left=2641 nBuckets=22 nReq=0 next=0
03:00:48.431 INF Sending PREPREPARE. nReq=0 senderID=0 sn=12 view=0
03:00:48.431 DBG Waiting for batch. batchSize=4096
03:00:48.433 INF Handling PREPREPARE. nReq=0 senderID=2 sn=14
03:00:48.433 INF Handling PREPREPARE. nReq=0 senderID=1 sn=13
03:00:48.434 DBG Creating new Batch. nReq=0
03:00:48.434 DBG Creating new Batch. nReq=0
03:00:48.434 DBG Sending PREPARE. senderID=0 sn=14 view=0
03:00:48.434 DBG Sending PREPARE. senderID=0 sn=13 view=0
03:00:48.434 DBG func sendPrepare prepare Tn. sn=14 tn=5
03:00:48.434 DBG func sendPrepare prepare Tn. sn=13 tn=5
03:00:48.434 DBG Sending COMMIT. senderID=0 sn=12 view=0
03:00:48.434 DBG func sendCommit commit Tn. sn=12 tn=5
03:00:48.434 DBG Sending COMMIT. senderID=0 sn=14 view=0
03:00:48.435 DBG Sending Htn. senderID=0 sn=12 view=0
03:00:48.435 DBG func sendCommit commit Tn. sn=14 tn=5
03:00:48.435 DBG Sending Htn. senderID=0 sn=14 view=0
03:00:48.435 DBG func handleCommit commit Tn. tn=5
03:00:48.436 DBG func handleCommit commit Tn. tn=5
03:00:48.436 DBG Sending COMMIT. senderID=0 sn=13 view=0
03:00:48.436 DBG func handleHtnmsg htn. htn=5 localhtn=5 prelocalhtn=5
03:00:48.436 DBG func handleCommit commit Tn. tn=5
03:00:48.436 DBG func sendCommit commit Tn. sn=13 tn=5
03:00:48.436 DBG func handleCommit commit Tn. tn=5
03:00:48.436 INF Committed entry. latency=0 nReq=0 sn=14
03:00:48.436 DBG Sending Htn. senderID=0 sn=13 view=0
03:00:48.436 INF Committed entry. latency=0 nReq=0 sn=12
03:00:48.436 INF Delivered batch. nReq=0 sn=12
03:00:48.436 DBG Starting timer. sn=17 view=0
03:00:48.436 DBG Starting timer. sn=15 view=0
03:00:48.436 DBG func handleHtnmsg htn. htn=5 localhtn=5 prelocalhtn=5
03:00:48.436 DBG func handleHtnmsg htn. htn=5 localhtn=5 prelocalhtn=5
03:00:48.436 DBG func handleHtnmsg htn. htn=5 localhtn=5 prelocalhtn=5
03:00:48.437 DBG func handleCommit commit Tn. tn=5
03:00:48.438 DBG func handleHtnmsg htn. htn=5 localhtn=5 prelocalhtn=5
03:00:48.438 DBG func handleCommit commit Tn. tn=5
03:00:48.438 INF Committed entry. latency=0 nReq=0 sn=13
03:00:48.438 INF Delivered batch. nReq=0 sn=13
03:00:48.438 INF Delivered batch. nReq=0 sn=14
03:00:48.439 DBG Starting timer. sn=16 view=0
03:00:48.439 DBG func handleHtnmsg htn. htn=5 localhtn=5 prelocalhtn=5
03:01:18.433 DBG Batch ready. batchSize=4096
03:01:18.433 DBG Batch cut. left=2641 nBuckets=22 nReq=0 next=0
03:01:18.433 INF Sending PREPREPARE. nReq=0 senderID=0 sn=15 view=0
03:01:18.433 DBG Waiting for batch. batchSize=4096
03:01:18.434 INF Handling PREPREPARE. nReq=0 senderID=2 sn=17
03:01:18.434 DBG Creating new Batch. nReq=0
03:01:18.435 INF Handling PREPREPARE. nReq=0 senderID=1 sn=16
03:01:18.435 DBG Sending PREPARE. senderID=0 sn=17 view=0
03:01:18.435 DBG Creating new Batch. nReq=0
03:01:18.435 DBG func sendPrepare prepare Tn. sn=17 tn=6
03:01:18.435 DBG Sending PREPARE. senderID=0 sn=16 view=0
03:01:18.435 DBG func sendPrepare prepare Tn. sn=16 tn=6
03:01:18.436 DBG Sending COMMIT. senderID=0 sn=15 view=0
03:01:18.436 DBG Sending COMMIT. senderID=0 sn=17 view=0
03:01:18.436 DBG func sendCommit commit Tn. sn=15 tn=6
03:01:18.436 DBG func sendCommit commit Tn. sn=17 tn=6
03:01:18.436 DBG Sending Htn. senderID=0 sn=15 view=0
03:01:18.436 DBG Sending Htn. senderID=0 sn=17 view=0
03:01:18.436 DBG Sending COMMIT. senderID=0 sn=16 view=0
03:01:18.437 DBG func sendCommit commit Tn. sn=16 tn=6
03:01:18.437 DBG Sending Htn. senderID=0 sn=16 view=0
03:01:18.437 DBG func handleCommit commit Tn. tn=6
03:01:18.437 DBG func handleCommit commit Tn. tn=6
03:01:18.437 DBG func handleHtnmsg htn. htn=6 localhtn=6 prelocalhtn=6
03:01:18.438 DBG func handleCommit commit Tn. tn=6
03:01:18.438 DBG func handleCommit commit Tn. tn=6
03:01:18.438 DBG func handleCommit commit Tn. tn=6
03:01:18.438 INF Committed entry. latency=0 nReq=0 sn=15
03:01:18.438 DBG func handleHtnmsg htn. htn=6 localhtn=6 prelocalhtn=6
03:01:18.438 INF Committed entry. latency=0 nReq=0 sn=17
03:01:18.438 INF Delivered batch. nReq=0 sn=15
03:01:18.438 DBG func handleCommit commit Tn. tn=6
03:01:18.438 DBG Starting timer. sn=18 view=0
03:01:18.438 INF Committed entry. latency=0 nReq=0 sn=16
03:01:18.438 INF Delivered batch. nReq=0 sn=16
03:01:18.438 DBG func handleHtnmsg htn. htn=6 localhtn=6 prelocalhtn=6
03:01:18.439 INF Delivered batch. nReq=0 sn=17
03:01:18.439 DBG Starting timer. sn=20 view=0
03:01:18.439 DBG Starting timer. sn=19 view=0
03:01:18.439 DBG func handleHtnmsg htn. htn=6 localhtn=6 prelocalhtn=6
03:01:18.439 DBG func handleHtnmsg htn. htn=6 localhtn=6 prelocalhtn=6
03:01:18.439 DBG func handleHtnmsg htn. htn=6 localhtn=6 prelocalhtn=6
03:01:48.434 DBG Batch ready. batchSize=4096
03:01:48.434 DBG Batch cut. left=2641 nBuckets=22 nReq=0 next=0
03:01:48.434 INF Sending PREPREPARE. nReq=0 senderID=0 sn=18 view=0
03:01:48.434 DBG Waiting for batch. batchSize=4096
03:01:48.435 INF Handling PREPREPARE. nReq=0 senderID=2 sn=20
03:01:48.436 DBG Creating new Batch. nReq=0
03:01:48.436 DBG Sending PREPARE. senderID=0 sn=20 view=0
03:01:48.436 DBG func sendPrepare prepare Tn. sn=20 tn=7
03:01:48.436 INF Handling PREPREPARE. nReq=0 senderID=1 sn=19
03:01:48.437 DBG Creating new Batch. nReq=0
03:01:48.437 DBG Sending COMMIT. senderID=0 sn=18 view=0
03:01:48.437 DBG Sending PREPARE. senderID=0 sn=19 view=0
03:01:48.437 DBG Sending COMMIT. senderID=0 sn=20 view=0
03:01:48.437 DBG func sendPrepare prepare Tn. sn=19 tn=7
03:01:48.437 DBG func sendCommit commit Tn. sn=18 tn=7
03:01:48.437 DBG func sendCommit commit Tn. sn=20 tn=7
03:01:48.437 DBG Sending Htn. senderID=0 sn=18 view=0
03:01:48.437 DBG Sending Htn. senderID=0 sn=20 view=0
03:01:48.438 DBG func handleCommit commit Tn. tn=7
03:01:48.438 DBG Sending COMMIT. senderID=0 sn=19 view=0
03:01:48.438 DBG func handleCommit commit Tn. tn=7
03:01:48.438 DBG func sendCommit commit Tn. sn=19 tn=7
03:01:48.438 INF Committed entry. latency=0 nReq=0 sn=18
03:01:48.438 DBG Sending Htn. senderID=0 sn=19 view=0
03:01:48.438 INF Delivered batch. nReq=0 sn=18
03:01:48.438 DBG Starting timer. sn=21 view=0
03:01:48.439 DBG func handleHtnmsg htn. htn=7 localhtn=7 prelocalhtn=7
03:01:48.439 DBG func handleCommit commit Tn. tn=7
03:01:48.439 DBG func handleHtnmsg htn. htn=7 localhtn=7 prelocalhtn=7
03:01:48.439 DBG func handleHtnmsg htn. htn=7 localhtn=7 prelocalhtn=7
03:01:48.439 DBG func handleCommit commit Tn. tn=7
03:01:48.439 INF Committed entry. latency=0 nReq=0 sn=20
03:01:48.440 DBG Starting timer. sn=23 view=0
03:01:48.440 DBG func handleHtnmsg htn. htn=7 localhtn=7 prelocalhtn=7
03:01:48.440 DBG func handleCommit commit Tn. tn=7
03:01:48.440 DBG func handleHtnmsg htn. htn=7 localhtn=7 prelocalhtn=7
03:01:48.440 DBG func handleCommit commit Tn. tn=7
03:01:48.440 INF Committed entry. latency=0 nReq=0 sn=19
03:01:48.441 INF Delivered batch. nReq=0 sn=19
03:01:48.441 INF Delivered batch. nReq=0 sn=20
03:01:48.441 DBG Starting timer. sn=22 view=0
03:01:48.441 DBG func handleHtnmsg htn. htn=7 localhtn=7 prelocalhtn=7
03:02:18.435 DBG Batch ready. batchSize=4096
03:02:18.436 DBG Batch cut. left=2641 nBuckets=22 nReq=0 next=0
03:02:18.436 INF Sending PREPREPARE. nReq=0 senderID=0 sn=21 view=0
03:02:18.436 DBG Waiting for batch. batchSize=4096
03:02:18.437 INF Handling PREPREPARE. nReq=0 senderID=2 sn=23
03:02:18.438 DBG Creating new Batch. nReq=0
03:02:18.438 INF Handling PREPREPARE. nReq=0 senderID=1 sn=22
03:02:18.438 DBG Sending PREPARE. senderID=0 sn=23 view=0
03:02:18.438 DBG Creating new Batch. nReq=0
03:02:18.438 DBG func sendPrepare prepare Tn. sn=23 tn=8
03:02:18.438 DBG Sending PREPARE. senderID=0 sn=22 view=0
03:02:18.438 DBG func sendPrepare prepare Tn. sn=22 tn=8
03:02:18.439 DBG Sending COMMIT. senderID=0 sn=21 view=0
03:02:18.439 DBG func sendCommit commit Tn. sn=21 tn=8
03:02:18.439 DBG Sending Htn. senderID=0 sn=21 view=0
03:02:18.439 DBG Sending COMMIT. senderID=0 sn=23 view=0
03:02:18.439 DBG func sendCommit commit Tn. sn=23 tn=8
03:02:18.439 DBG Sending Htn. senderID=0 sn=23 view=0
03:02:18.440 DBG func handleCommit commit Tn. tn=8
03:02:18.440 DBG Sending COMMIT. senderID=0 sn=22 view=0
03:02:18.440 DBG func handleHtnmsg htn. htn=8 localhtn=8 prelocalhtn=8
03:02:18.440 DBG func sendCommit commit Tn. sn=22 tn=8
03:02:18.440 DBG Sending Htn. senderID=0 sn=22 view=0
03:02:18.440 DBG func handleCommit commit Tn. tn=8
03:02:18.440 DBG func handleCommit commit Tn. tn=8
03:02:18.440 DBG func handleCommit commit Tn. tn=8
03:02:18.441 INF Committed entry. latency=0 nReq=0 sn=21
03:02:18.441 DBG func handleHtnmsg htn. htn=8 localhtn=8 prelocalhtn=8
03:02:18.441 INF Delivered batch. nReq=0 sn=21
03:02:18.441 DBG Starting timer. sn=24 view=0
03:02:18.441 DBG func handleCommit commit Tn. tn=8
03:02:18.441 DBG func handleHtnmsg htn. htn=8 localhtn=8 prelocalhtn=8
03:02:18.441 DBG func handleHtnmsg htn. htn=8 localhtn=8 prelocalhtn=8
03:02:18.441 INF Committed entry. latency=0 nReq=0 sn=23
03:02:18.441 DBG Starting timer. sn=26 view=0
03:02:18.441 DBG func handleCommit commit Tn. tn=8
03:02:18.441 DBG func handleHtnmsg htn. htn=8 localhtn=8 prelocalhtn=8
03:02:18.442 INF Committed entry. latency=0 nReq=0 sn=22
03:02:18.442 INF Delivered batch. nReq=0 sn=22
03:02:18.442 INF Delivered batch. nReq=0 sn=23
03:02:18.442 DBG Starting timer. sn=25 view=0
03:02:18.442 DBG func handleHtnmsg htn. htn=8 localhtn=8 prelocalhtn=8
03:02:48.437 DBG Batch ready. batchSize=4096
03:02:48.437 DBG Batch cut. left=2641 nBuckets=22 nReq=0 next=0
03:02:48.437 INF Sending PREPREPARE. nReq=0 senderID=0 sn=24 view=0
03:02:48.437 DBG Waiting for batch. batchSize=4096
03:02:48.439 INF Handling PREPREPARE. nReq=0 senderID=2 sn=26
03:02:48.439 DBG Creating new Batch. nReq=0
03:02:48.439 DBG Sending PREPARE. senderID=0 sn=26 view=0
03:02:48.439 INF Handling PREPREPARE. nReq=0 senderID=1 sn=25
03:02:48.440 DBG func sendPrepare prepare Tn. sn=26 tn=9
03:02:48.440 DBG Creating new Batch. nReq=0
03:02:48.440 DBG Sending PREPARE. senderID=0 sn=25 view=0
03:02:48.440 DBG func sendPrepare prepare Tn. sn=25 tn=9
03:02:48.440 DBG Sending COMMIT. senderID=0 sn=24 view=0
03:02:48.440 DBG func sendCommit commit Tn. sn=24 tn=9
03:02:48.440 DBG Sending Htn. senderID=0 sn=24 view=0
03:02:48.441 DBG Sending COMMIT. senderID=0 sn=26 view=0
03:02:48.441 DBG func sendCommit commit Tn. sn=26 tn=9
03:02:48.441 DBG Sending Htn. senderID=0 sn=26 view=0
03:02:48.441 DBG func handleCommit commit Tn. tn=9
03:02:48.441 DBG Sending COMMIT. senderID=0 sn=25 view=0
03:02:48.441 DBG func handleHtnmsg htn. htn=9 localhtn=9 prelocalhtn=9
03:02:48.442 DBG func sendCommit commit Tn. sn=25 tn=9
03:02:48.442 DBG Sending Htn. senderID=0 sn=25 view=0
03:02:48.442 DBG func handleCommit commit Tn. tn=9
03:02:48.442 DBG func handleCommit commit Tn. tn=9
03:02:48.442 DBG func handleCommit commit Tn. tn=9
03:02:48.443 DBG func handleCommit commit Tn. tn=9
03:02:48.442 DBG func handleHtnmsg htn. htn=9 localhtn=9 prelocalhtn=9
03:02:48.443 INF Committed entry. latency=0 nReq=0 sn=24
03:02:48.443 INF Committed entry. latency=0 nReq=0 sn=25
03:02:48.443 INF Delivered batch. nReq=0 sn=24
03:02:48.443 DBG func handleCommit commit Tn. tn=9
03:02:48.443 INF Delivered batch. nReq=0 sn=25
03:02:48.443 INF Committed entry. latency=0 nReq=0 sn=26
03:02:48.443 INF Delivered batch. nReq=0 sn=26
03:02:48.443 DBG Starting timer. sn=27 view=0
03:02:48.443 DBG Starting timer. sn=28 view=0
03:02:48.443 DBG Starting timer. sn=29 view=0
03:02:48.443 DBG func handleHtnmsg htn. htn=9 localhtn=9 prelocalhtn=9
03:02:48.444 DBG func handleHtnmsg htn. htn=9 localhtn=9 prelocalhtn=9
03:02:48.444 DBG func handleHtnmsg htn. htn=9 localhtn=9 prelocalhtn=9
03:02:48.444 DBG func handleHtnmsg htn. htn=9 localhtn=9 prelocalhtn=9
03:03:18.438 DBG Batch ready. batchSize=4096
03:03:18.439 DBG Batch cut. left=2641 nBuckets=22 nReq=0 next=0
03:03:18.439 DBG Waiting for batch. batchSize=4096
03:03:18.439 INF Sending PREPREPARE. nReq=0 senderID=0 sn=27 view=0
03:03:18.440 INF Handling PREPREPARE. nReq=0 senderID=1 sn=28
03:03:18.441 DBG Creating new Batch. nReq=0
03:03:18.441 DBG Sending PREPARE. senderID=0 sn=28 view=0
03:03:18.441 INF Handling PREPREPARE. nReq=0 senderID=2 sn=29
03:03:18.441 DBG func sendPrepare prepare Tn. sn=28 tn=10
03:03:18.441 DBG Creating new Batch. nReq=0
03:03:18.441 DBG Sending PREPARE. senderID=0 sn=29 view=0
03:03:18.441 DBG func sendPrepare prepare Tn. sn=29 tn=10
03:03:18.442 DBG Sending COMMIT. senderID=0 sn=27 view=0
03:03:18.442 DBG Sending COMMIT. senderID=0 sn=28 view=0
03:03:18.442 DBG func sendCommit commit Tn. sn=27 tn=10
03:03:18.442 DBG func sendCommit commit Tn. sn=28 tn=10
03:03:18.442 DBG Sending Htn. senderID=0 sn=27 view=0
03:03:18.442 DBG Sending Htn. senderID=0 sn=28 view=0
03:03:18.443 DBG func handleCommit commit Tn. tn=10
03:03:18.443 DBG Sending COMMIT. senderID=0 sn=29 view=0
03:03:18.443 DBG func sendCommit commit Tn. sn=29 tn=10
03:03:18.443 DBG Sending Htn. senderID=0 sn=29 view=0
03:03:18.443 DBG func handleCommit commit Tn. tn=10
03:03:18.443 DBG func handleCommit commit Tn. tn=10
03:03:18.443 INF Committed entry. latency=0 nReq=0 sn=27
03:03:18.443 DBG func handleHtnmsg htn. htn=10 localhtn=10 prelocalhtn=10
03:03:18.443 INF Delivered batch. nReq=0 sn=27
03:03:18.444 DBG Starting timer. sn=30 view=0
03:03:18.444 DBG func handleHtnmsg htn. htn=10 localhtn=10 prelocalhtn=10
03:03:18.444 DBG func handleCommit commit Tn. tn=10
03:03:18.444 DBG func handleCommit commit Tn. tn=10
03:03:18.444 DBG func handleHtnmsg htn. htn=10 localhtn=10 prelocalhtn=10
03:03:18.444 DBG func handleCommit commit Tn. tn=10
03:03:18.444 INF Committed entry. latency=0 nReq=0 sn=28
03:03:18.444 INF Committed entry. latency=0 nReq=0 sn=29
03:03:18.444 INF Delivered batch. nReq=0 sn=28
03:03:18.445 INF Delivered batch. nReq=0 sn=29
03:03:18.445 DBG Starting timer. sn=31 view=0
03:03:18.445 DBG Starting timer. sn=32 view=0
03:03:18.445 DBG func handleHtnmsg htn. htn=10 localhtn=10 prelocalhtn=10
03:03:18.445 DBG func handleHtnmsg htn. htn=10 localhtn=10 prelocalhtn=10
03:03:18.445 DBG func handleHtnmsg htn. htn=10 localhtn=10 prelocalhtn=10
03:03:48.439 DBG Batch ready. batchSize=4096
03:03:48.440 DBG Batch cut. left=2641 nBuckets=22 nReq=0 next=0
03:03:48.440 INF Sending PREPREPARE. nReq=0 senderID=0 sn=30 view=0
03:03:48.440 DBG Waiting for batch. batchSize=4096
03:03:48.442 INF Handling PREPREPARE. nReq=0 senderID=2 sn=32
03:03:48.442 DBG Creating new Batch. nReq=0
03:03:48.442 INF Handling PREPREPARE. nReq=0 senderID=1 sn=31
03:03:48.442 DBG Creating new Batch. nReq=0
03:03:48.442 DBG Sending PREPARE. senderID=0 sn=32 view=0
03:03:48.442 DBG func sendPrepare prepare Tn. sn=32 tn=11
03:03:48.442 DBG Sending PREPARE. senderID=0 sn=31 view=0
03:03:48.442 DBG Sending COMMIT. senderID=0 sn=30 view=0
03:03:48.443 DBG func sendPrepare prepare Tn. sn=31 tn=11
03:03:48.443 DBG func sendCommit commit Tn. sn=30 tn=11
03:03:48.443 DBG Sending Htn. senderID=0 sn=30 view=0
03:03:48.443 DBG Sending COMMIT. senderID=0 sn=31 view=0
03:03:48.443 DBG func sendCommit commit Tn. sn=31 tn=11
03:03:48.443 DBG Sending Htn. senderID=0 sn=31 view=0
03:03:48.443 DBG func handleCommit commit Tn. tn=11
03:03:48.444 DBG func handleHtnmsg htn. htn=11 localhtn=11 prelocalhtn=11
03:03:48.444 DBG func handleCommit commit Tn. tn=11
03:03:48.444 DBG func handleCommit commit Tn. tn=11
03:03:48.444 INF Committed entry. latency=0 nReq=0 sn=30
03:03:48.445 INF Delivered batch. nReq=0 sn=30
03:03:48.445 DBG Starting timer. sn=33 view=0
03:03:48.445 DBG func handleCommit commit Tn. tn=11
03:03:48.445 DBG Sending COMMIT. senderID=0 sn=32 view=0
03:03:48.445 DBG func handleHtnmsg htn. htn=11 localhtn=11 prelocalhtn=11
03:03:48.445 INF Committed entry. latency=0 nReq=0 sn=31
03:03:48.445 DBG func sendCommit commit Tn. sn=32 tn=11
03:03:48.445 INF Delivered batch. nReq=0 sn=31
03:03:48.445 DBG Sending Htn. senderID=0 sn=32 view=0
03:03:48.445 DBG Starting timer. sn=34 view=0
03:03:48.445 DBG func handleCommit commit Tn. tn=11
03:03:48.445 DBG func handleHtnmsg htn. htn=11 localhtn=11 prelocalhtn=11
03:03:48.446 DBG func handleHtnmsg htn. htn=11 localhtn=11 prelocalhtn=11
03:03:48.446 DBG func handleHtnmsg htn. htn=11 localhtn=11 prelocalhtn=11
03:03:48.446 DBG func handleCommit commit Tn. tn=11
03:03:48.446 INF Committed entry. latency=0 nReq=0 sn=32
03:03:48.447 INF Delivered batch. nReq=0 sn=32
03:03:48.447 DBG Starting timer. sn=35 view=0
03:03:48.447 DBG func handleHtnmsg htn. htn=11 localhtn=11 prelocalhtn=11
03:04:18.440 DBG Batch ready. batchSize=4096
03:04:18.441 DBG Batch cut. left=2641 nBuckets=22 nReq=0 next=0
03:04:18.441 INF Sending PREPREPARE. nReq=0 senderID=0 sn=33 view=0
03:04:18.441 DBG Waiting for batch. batchSize=4096
03:04:18.443 INF Handling PREPREPARE. nReq=0 senderID=1 sn=34
03:04:18.443 DBG Creating new Batch. nReq=0
03:04:18.443 INF Handling PREPREPARE. nReq=0 senderID=2 sn=35
03:04:18.443 DBG Creating new Batch. nReq=0
03:04:18.443 DBG Sending PREPARE. senderID=0 sn=34 view=0
03:04:18.443 DBG func sendPrepare prepare Tn. sn=34 tn=12
03:04:18.443 DBG Sending PREPARE. senderID=0 sn=35 view=0
03:04:18.443 DBG func sendPrepare prepare Tn. sn=35 tn=12
03:04:18.444 DBG Sending COMMIT. senderID=0 sn=35 view=0
03:04:18.444 DBG func sendCommit commit Tn. sn=35 tn=12
03:04:18.444 DBG Sending COMMIT. senderID=0 sn=34 view=0
03:04:18.444 DBG Sending COMMIT. senderID=0 sn=33 view=0
03:04:18.445 DBG Sending Htn. senderID=0 sn=35 view=0
03:04:18.445 DBG func sendCommit commit Tn. sn=34 tn=12
03:04:18.445 DBG func sendCommit commit Tn. sn=33 tn=12
03:04:18.445 DBG Sending Htn. senderID=0 sn=34 view=0
03:04:18.445 DBG Sending Htn. senderID=0 sn=33 view=0
03:04:18.445 DBG func handleCommit commit Tn. tn=12
03:04:18.446 DBG func handleCommit commit Tn. tn=12
03:04:18.446 DBG func handleCommit commit Tn. tn=12
03:04:18.446 DBG func handleCommit commit Tn. tn=12
03:04:18.446 DBG func handleHtnmsg htn. htn=12 localhtn=12 prelocalhtn=12
03:04:18.446 DBG func handleHtnmsg htn. htn=12 localhtn=12 prelocalhtn=12
03:04:18.446 INF Committed entry. latency=0 nReq=0 sn=33
03:04:18.446 INF Delivered batch. nReq=0 sn=33
03:04:18.446 DBG func handleCommit commit Tn. tn=12
03:04:18.446 DBG Starting timer. sn=36 view=0
03:04:18.446 DBG func handleCommit commit Tn. tn=12
03:04:18.446 INF Committed entry. latency=0 nReq=0 sn=35
03:04:18.447 DBG func handleHtnmsg htn. htn=12 localhtn=12 prelocalhtn=12
03:04:18.447 INF Committed entry. latency=0 nReq=0 sn=34
03:04:18.447 INF Delivered batch. nReq=0 sn=34
03:04:18.447 DBG func handleHtnmsg htn. htn=12 localhtn=12 prelocalhtn=12
03:04:18.447 INF Delivered batch. nReq=0 sn=35
03:04:18.447 DBG Starting timer. sn=38 view=0
03:04:18.447 DBG Starting timer. sn=37 view=0
03:04:18.447 DBG func handleHtnmsg htn. htn=12 localhtn=12 prelocalhtn=12
03:04:18.447 DBG func handleHtnmsg htn. htn=12 localhtn=12 prelocalhtn=12
03:04:48.442 DBG Batch ready. batchSize=4096
03:04:48.443 DBG Batch cut. left=2641 nBuckets=22 nReq=0 next=0
03:04:48.443 INF Sending PREPREPARE. nReq=0 senderID=0 sn=36 view=0
03:04:48.443 DBG Waiting for batch. batchSize=4096
03:04:48.444 INF Handling PREPREPARE. nReq=0 senderID=2 sn=38
03:04:48.444 DBG Creating new Batch. nReq=0
03:04:48.445 DBG Sending PREPARE. senderID=0 sn=38 view=0
03:04:48.445 INF Handling PREPREPARE. nReq=0 senderID=1 sn=37
03:04:48.445 DBG Creating new Batch. nReq=0
03:04:48.445 DBG func sendPrepare prepare Tn. sn=38 tn=13
03:04:48.445 DBG Sending PREPARE. senderID=0 sn=37 view=0
03:04:48.445 DBG func sendPrepare prepare Tn. sn=37 tn=13
03:04:48.446 DBG Sending COMMIT. senderID=0 sn=38 view=0
03:04:48.446 DBG Sending COMMIT. senderID=0 sn=36 view=0
03:04:48.446 DBG func sendCommit commit Tn. sn=38 tn=13
03:04:48.446 DBG func sendCommit commit Tn. sn=36 tn=13
03:04:48.446 DBG Sending Htn. senderID=0 sn=38 view=0
03:04:48.446 DBG Sending Htn. senderID=0 sn=36 view=0
03:04:48.447 DBG Sending COMMIT. senderID=0 sn=37 view=0
03:04:48.447 DBG func sendCommit commit Tn. sn=37 tn=13
03:04:48.447 DBG Sending Htn. senderID=0 sn=37 view=0
03:04:48.447 DBG func handleCommit commit Tn. tn=13
03:04:48.447 DBG func handleCommit commit Tn. tn=13
03:04:48.447 DBG func handleCommit commit Tn. tn=13
03:04:48.447 DBG func handleHtnmsg htn. htn=13 localhtn=13 prelocalhtn=13
03:04:48.447 DBG func handleHtnmsg htn. htn=13 localhtn=13 prelocalhtn=13
03:04:48.448 DBG func handleCommit commit Tn. tn=13
03:04:48.448 DBG func handleHtnmsg htn. htn=13 localhtn=13 prelocalhtn=13
03:04:48.448 DBG func handleCommit commit Tn. tn=13
03:04:48.448 INF Committed entry. latency=0 nReq=0 sn=36
03:04:48.448 DBG func handleCommit commit Tn. tn=13
03:04:48.448 INF Committed entry. latency=0 nReq=0 sn=38
03:04:48.448 INF Delivered batch. nReq=0 sn=36
03:04:48.449 INF Committed entry. latency=0 nReq=0 sn=37
03:04:48.449 INF Delivered batch. nReq=0 sn=37
03:04:48.449 INF Delivered batch. nReq=0 sn=38
03:04:48.449 DBG Starting timer. sn=39 view=0
03:04:48.449 DBG Starting timer. sn=41 view=0
03:04:48.449 DBG Starting timer. sn=40 view=0
03:04:48.449 DBG func handleHtnmsg htn. htn=13 localhtn=13 prelocalhtn=13
03:04:48.449 DBG func handleHtnmsg htn. htn=13 localhtn=13 prelocalhtn=13
03:04:48.449 DBG func handleHtnmsg htn. htn=13 localhtn=13 prelocalhtn=13
03:05:18.444 DBG Batch ready. batchSize=4096
03:05:18.444 DBG Batch cut. left=2641 nBuckets=22 nReq=0 next=0
03:05:18.444 INF Sending PREPREPARE. nReq=0 senderID=0 sn=39 view=0
03:05:18.444 DBG Waiting for batch. batchSize=4096
03:05:18.445 INF Handling PREPREPARE. nReq=0 senderID=2 sn=41
03:05:18.446 DBG Creating new Batch. nReq=0
03:05:18.446 DBG Sending PREPARE. senderID=0 sn=41 view=0
03:05:18.446 DBG func sendPrepare prepare Tn. sn=41 tn=14
03:05:18.446 INF Handling PREPREPARE. nReq=0 senderID=1 sn=40
03:05:18.446 DBG Creating new Batch. nReq=0
03:05:18.447 DBG Sending PREPARE. senderID=0 sn=40 view=0
03:05:18.447 DBG Sending COMMIT. senderID=0 sn=39 view=0
03:05:18.447 DBG func sendPrepare prepare Tn. sn=40 tn=14
03:05:18.447 DBG func sendCommit commit Tn. sn=39 tn=14
03:05:18.447 DBG Sending Htn. senderID=0 sn=39 view=0
03:05:18.447 DBG Sending COMMIT. senderID=0 sn=41 view=0
03:05:18.447 DBG func sendCommit commit Tn. sn=41 tn=14
03:05:18.447 DBG Sending Htn. senderID=0 sn=41 view=0
03:05:18.448 DBG func handleCommit commit Tn. tn=14
03:05:18.448 DBG func handleCommit commit Tn. tn=14
03:05:18.448 DBG Sending COMMIT. senderID=0 sn=40 view=0
03:05:18.448 DBG func handleHtnmsg htn. htn=14 localhtn=14 prelocalhtn=14
03:05:18.448 DBG func sendCommit commit Tn. sn=40 tn=14
03:05:18.448 DBG func handleCommit commit Tn. tn=14
03:05:18.448 DBG func handleCommit commit Tn. tn=14
03:05:18.448 INF Committed entry. latency=0 nReq=0 sn=39
03:05:18.449 INF Committed entry. latency=0 nReq=0 sn=41
03:05:18.448 DBG Sending Htn. senderID=0 sn=40 view=0
03:05:18.449 INF Delivered batch. nReq=0 sn=39
03:05:18.449 DBG Starting timer. sn=42 view=0
03:05:18.449 DBG Starting timer. sn=44 view=0
03:05:18.449 DBG func handleHtnmsg htn. htn=14 localhtn=14 prelocalhtn=14
03:05:18.449 DBG func handleHtnmsg htn. htn=14 localhtn=14 prelocalhtn=14
03:05:18.449 DBG func handleHtnmsg htn. htn=14 localhtn=14 prelocalhtn=14
03:05:18.449 DBG func handleCommit commit Tn. tn=14
03:05:18.450 DBG func handleCommit commit Tn. tn=14
03:05:18.450 INF Committed entry. latency=0 nReq=0 sn=40
03:05:18.450 INF Delivered batch. nReq=0 sn=40
03:05:18.450 INF Delivered batch. nReq=0 sn=41
03:05:18.451 DBG Starting timer. sn=43 view=0
03:05:18.451 DBG func handleHtnmsg htn. htn=14 localhtn=14 prelocalhtn=14
03:05:18.451 DBG func handleHtnmsg htn. htn=14 localhtn=14 prelocalhtn=14
03:05:48.445 DBG Batch ready. batchSize=4096
03:05:48.445 DBG Batch cut. left=2641 nBuckets=22 nReq=0 next=0
03:05:48.445 INF Sending PREPREPARE. nReq=0 senderID=0 sn=42 view=0
03:05:48.445 DBG Waiting for batch. batchSize=4096
03:05:48.447 INF Handling PREPREPARE. nReq=0 senderID=2 sn=44
03:05:48.447 DBG Creating new Batch. nReq=0
03:05:48.447 INF Handling PREPREPARE. nReq=0 senderID=1 sn=43
03:05:48.447 DBG Creating new Batch. nReq=0
03:05:48.447 DBG Sending PREPARE. senderID=0 sn=44 view=0
03:05:48.448 DBG func sendPrepare prepare Tn. sn=44 tn=15
03:05:48.448 DBG Sending PREPARE. senderID=0 sn=43 view=0
03:05:48.448 DBG func sendPrepare prepare Tn. sn=43 tn=15
03:05:48.448 DBG Sending COMMIT. senderID=0 sn=42 view=0
03:05:48.448 DBG func sendCommit commit Tn. sn=42 tn=15
03:05:48.448 DBG Sending Htn. senderID=0 sn=42 view=0
03:05:48.449 DBG Sending COMMIT. senderID=0 sn=44 view=0
03:05:48.449 DBG func sendCommit commit Tn. sn=44 tn=15
03:05:48.449 DBG Sending Htn. senderID=0 sn=44 view=0
03:05:48.449 DBG Sending COMMIT. senderID=0 sn=43 view=0
03:05:48.449 DBG func handleCommit commit Tn. tn=15
03:05:48.449 DBG func sendCommit commit Tn. sn=43 tn=15
03:05:48.450 DBG func handleHtnmsg htn. htn=15 localhtn=15 prelocalhtn=15
03:05:48.450 DBG Sending Htn. senderID=0 sn=43 view=0
03:05:48.450 DBG func handleCommit commit Tn. tn=15
03:05:48.450 DBG func handleCommit commit Tn. tn=15
03:05:48.450 DBG func handleCommit commit Tn. tn=15
03:05:48.450 INF Committed entry. latency=0 nReq=0 sn=42
03:05:48.450 DBG func handleHtnmsg htn. htn=15 localhtn=15 prelocalhtn=15
03:05:48.450 INF Delivered batch. nReq=0 sn=42
03:05:48.450 DBG func handleCommit commit Tn. tn=15
03:05:48.450 DBG Starting timer. sn=45 view=0
03:05:48.450 DBG func handleHtnmsg htn. htn=15 localhtn=15 prelocalhtn=15
03:05:48.450 INF Committed entry. latency=0 nReq=0 sn=44
03:05:48.450 DBG func handleHtnmsg htn. htn=15 localhtn=15 prelocalhtn=15
03:05:48.451 DBG Starting timer. sn=47 view=0
03:05:48.451 DBG func handleHtnmsg htn. htn=15 localhtn=15 prelocalhtn=15
03:05:48.451 DBG func handleCommit commit Tn. tn=15
03:05:48.451 INF Committed entry. latency=0 nReq=0 sn=43
03:05:48.451 INF Delivered batch. nReq=0 sn=43
03:05:48.451 INF Delivered batch. nReq=0 sn=44
03:05:48.451 DBG Starting timer. sn=46 view=0
03:05:48.451 DBG func handleHtnmsg htn. htn=15 localhtn=15 prelocalhtn=15
03:06:18.446 DBG Batch ready. batchSize=4096
03:06:18.447 DBG Batch cut. left=2641 nBuckets=22 nReq=0 next=0
03:06:18.447 INF Sending PREPREPARE. nReq=0 senderID=0 sn=45 view=0
03:06:18.447 DBG Waiting for batch. batchSize=4096
03:06:18.448 INF Handling PREPREPARE. nReq=0 senderID=1 sn=46
03:06:18.448 DBG Creating new Batch. nReq=0
03:06:18.449 INF Handling PREPREPARE. nReq=0 senderID=2 sn=47
03:06:18.449 DBG Sending PREPARE. senderID=0 sn=46 view=0
03:06:18.449 DBG Creating new Batch. nReq=0
03:06:18.449 DBG func sendPrepare prepare Tn. sn=46 tn=16
03:06:18.449 DBG Sending PREPARE. senderID=0 sn=47 view=0
03:06:18.449 DBG func sendPrepare prepare Tn. sn=47 tn=16
03:06:18.450 DBG Sending COMMIT. senderID=0 sn=45 view=0
03:06:18.450 DBG func sendCommit commit Tn. sn=45 tn=16
03:06:18.450 DBG Sending Htn. senderID=0 sn=45 view=0
03:06:18.450 DBG func handleCommit commit Tn. tn=16
03:06:18.450 DBG Sending COMMIT. senderID=0 sn=46 view=0
03:06:18.450 DBG func sendCommit commit Tn. sn=46 tn=16
03:06:18.451 DBG Sending Htn. senderID=0 sn=46 view=0
03:06:18.451 DBG func handleCommit commit Tn. tn=16
03:06:18.451 DBG Sending COMMIT. senderID=0 sn=47 view=0
03:06:18.451 INF Committed entry. latency=0 nReq=0 sn=45
03:06:18.451 DBG func sendCommit commit Tn. sn=47 tn=16
03:06:18.451 INF Delivered batch. nReq=0 sn=45
03:06:18.451 DBG Sending Htn. senderID=0 sn=47 view=0
03:06:18.451 DBG Starting timer. sn=48 view=0
03:06:18.451 DBG func handleCommit commit Tn. tn=16
03:06:18.451 DBG func handleHtnmsg htn. htn=16 localhtn=16 prelocalhtn=16
03:06:18.451 DBG func handleHtnmsg htn. htn=16 localhtn=16 prelocalhtn=16
03:06:18.451 DBG func handleHtnmsg htn. htn=16 localhtn=16 prelocalhtn=16
03:06:18.452 DBG func handleCommit commit Tn. tn=16
03:06:18.452 DBG func handleCommit commit Tn. tn=16
03:06:18.452 DBG func handleHtnmsg htn. htn=16 localhtn=16 prelocalhtn=16
03:06:18.452 INF Committed entry. latency=0 nReq=0 sn=46
03:06:18.452 INF Delivered batch. nReq=0 sn=46
03:06:18.452 DBG Starting timer. sn=49 view=0
03:06:18.452 DBG func handleCommit commit Tn. tn=16
03:06:18.452 DBG func handleHtnmsg htn. htn=16 localhtn=16 prelocalhtn=16
03:06:18.452 INF Committed entry. latency=0 nReq=0 sn=47
03:06:18.453 INF Delivered batch. nReq=0 sn=47
03:06:18.453 DBG Starting timer. sn=50 view=0
03:06:18.453 DBG func handleHtnmsg htn. htn=16 localhtn=16 prelocalhtn=16
03:06:48.448 DBG Batch ready. batchSize=4096
03:06:48.448 DBG Batch cut. left=2641 nBuckets=22 nReq=0 next=0
03:06:48.449 INF Sending PREPREPARE. nReq=0 senderID=0 sn=48 view=0
03:06:48.449 DBG Waiting for batch. batchSize=4096
03:06:48.449 INF Handling PREPREPARE. nReq=0 senderID=1 sn=49
03:06:48.450 DBG Creating new Batch. nReq=0
03:06:48.450 DBG Sending PREPARE. senderID=0 sn=49 view=0
03:06:48.450 DBG func sendPrepare prepare Tn. sn=49 tn=17
03:06:48.451 INF Handling PREPREPARE. nReq=0 senderID=2 sn=50
03:06:48.451 DBG Creating new Batch. nReq=0
03:06:48.451 DBG Sending PREPARE. senderID=0 sn=50 view=0
03:06:48.451 DBG func sendPrepare prepare Tn. sn=50 tn=17
03:06:48.452 DBG Sending COMMIT. senderID=0 sn=49 view=0
03:06:48.452 DBG Sending COMMIT. senderID=0 sn=48 view=0
03:06:48.452 DBG func sendCommit commit Tn. sn=49 tn=17
03:06:48.452 DBG func sendCommit commit Tn. sn=48 tn=17
03:06:48.452 DBG Sending COMMIT. senderID=0 sn=50 view=0
03:06:48.452 DBG Sending Htn. senderID=0 sn=49 view=0
03:06:48.452 DBG Sending Htn. senderID=0 sn=48 view=0
03:06:48.452 DBG func sendCommit commit Tn. sn=50 tn=17
03:06:48.452 DBG func handleCommit commit Tn. tn=17
03:06:48.452 DBG Sending Htn. senderID=0 sn=50 view=0
03:06:48.453 DBG func handleHtnmsg htn. htn=17 localhtn=17 prelocalhtn=17
03:06:48.453 DBG func handleCommit commit Tn. tn=17
03:06:48.453 DBG func handleCommit commit Tn. tn=17
03:06:48.453 DBG func handleHtnmsg htn. htn=17 localhtn=17 prelocalhtn=17
03:06:48.453 DBG func handleHtnmsg htn. htn=17 localhtn=17 prelocalhtn=17
03:06:48.453 DBG func handleCommit commit Tn. tn=17
03:06:48.453 DBG func handleCommit commit Tn. tn=17
03:06:48.453 DBG func handleCommit commit Tn. tn=17
03:06:48.454 INF Committed entry. latency=0 nReq=0 sn=50
03:06:48.454 INF Committed entry. latency=0 nReq=0 sn=48
03:06:48.454 INF Committed entry. latency=0 nReq=0 sn=49
03:06:48.454 INF Delivered batch. nReq=0 sn=48
03:06:48.454 INF Delivered batch. nReq=0 sn=49
03:06:48.454 INF Delivered batch. nReq=0 sn=50
03:06:48.454 DBG Starting timer. sn=53 view=0
03:06:48.454 DBG Starting timer. sn=51 view=0
03:06:48.454 DBG Starting timer. sn=52 view=0
03:06:48.454 DBG func handleHtnmsg htn. htn=17 localhtn=17 prelocalhtn=17
03:06:48.454 DBG func handleHtnmsg htn. htn=17 localhtn=17 prelocalhtn=17
03:06:48.454 DBG func handleHtnmsg htn. htn=17 localhtn=17 prelocalhtn=17
03:07:18.449 DBG Batch ready. batchSize=4096
03:07:18.450 DBG Batch cut. left=2641 nBuckets=22 nReq=0 next=0
03:07:18.450 INF Sending PREPREPARE. nReq=0 senderID=0 sn=51 view=0
03:07:18.450 DBG Waiting for batch. batchSize=4096
03:07:18.451 INF Handling PREPREPARE. nReq=0 senderID=1 sn=52
03:07:18.451 DBG Creating new Batch. nReq=0
03:07:18.451 DBG Sending PREPARE. senderID=0 sn=52 view=0
03:07:18.451 DBG func sendPrepare prepare Tn. sn=52 tn=18
03:07:18.452 INF Handling PREPREPARE. nReq=0 senderID=2 sn=53
03:07:18.452 DBG Creating new Batch. nReq=0
03:07:18.452 DBG Sending COMMIT. senderID=0 sn=52 view=0
03:07:18.452 DBG func sendCommit commit Tn. sn=52 tn=18
03:07:18.452 DBG Sending PREPARE. senderID=0 sn=53 view=0
03:07:18.452 DBG Sending Htn. senderID=0 sn=52 view=0
03:07:18.452 DBG func sendPrepare prepare Tn. sn=53 tn=18
03:07:18.453 DBG func handleCommit commit Tn. tn=18
03:07:18.453 DBG Sending COMMIT. senderID=0 sn=53 view=0
03:07:18.453 DBG func handleCommit commit Tn. tn=18
03:07:18.453 DBG Sending COMMIT. senderID=0 sn=51 view=0
03:07:18.453 DBG func sendCommit commit Tn. sn=53 tn=18
03:07:18.453 INF Committed entry. latency=0 nReq=0 sn=52
03:07:18.453 DBG func sendCommit commit Tn. sn=51 tn=18
03:07:18.453 DBG Sending Htn. senderID=0 sn=53 view=0
03:07:18.453 DBG Starting timer. sn=55 view=0
03:07:18.453 DBG Sending Htn. senderID=0 sn=51 view=0
03:07:18.454 DBG func handleCommit commit Tn. tn=18
03:07:18.454 DBG func handleHtnmsg htn. htn=18 localhtn=18 prelocalhtn=18
03:07:18.454 DBG func handleHtnmsg htn. htn=18 localhtn=18 prelocalhtn=18
03:07:18.454 DBG func handleCommit commit Tn. tn=18
03:07:18.454 DBG func handleHtnmsg htn. htn=18 localhtn=18 prelocalhtn=18
03:07:18.454 DBG func handleCommit commit Tn. tn=18
03:07:18.454 INF Committed entry. latency=0 nReq=0 sn=51
03:07:18.455 INF Delivered batch. nReq=0 sn=51
03:07:18.455 INF Delivered batch. nReq=0 sn=52
03:07:18.455 DBG Starting timer. sn=54 view=0
03:07:18.455 DBG func handleHtnmsg htn. htn=18 localhtn=18 prelocalhtn=18
03:07:18.455 DBG func handleHtnmsg htn. htn=18 localhtn=18 prelocalhtn=18
03:07:18.455 DBG func handleCommit commit Tn. tn=18
03:07:18.455 INF Committed entry. latency=0 nReq=0 sn=53
03:07:18.455 INF Delivered batch. nReq=0 sn=53
03:07:18.456 DBG Starting timer. sn=56 view=0
03:07:18.456 DBG func handleHtnmsg htn. htn=18 localhtn=18 prelocalhtn=18
03:07:48.451 DBG Batch ready. batchSize=4096
03:07:48.451 DBG Batch cut. left=2641 nBuckets=22 nReq=0 next=0
03:07:48.451 INF Sending PREPREPARE. nReq=0 senderID=0 sn=54 view=0
03:07:48.451 DBG Waiting for batch. batchSize=4096
03:07:48.452 INF Handling PREPREPARE. nReq=0 senderID=1 sn=55
03:07:48.452 DBG Creating new Batch. nReq=0
03:07:48.452 DBG Sending PREPARE. senderID=0 sn=55 view=0
03:07:48.453 DBG func sendPrepare prepare Tn. sn=55 tn=19
03:07:48.453 INF Handling PREPREPARE. nReq=0 senderID=2 sn=56
03:07:48.453 DBG Creating new Batch. nReq=0
03:07:48.453 DBG Sending PREPARE. senderID=0 sn=56 view=0
03:07:48.454 DBG func sendPrepare prepare Tn. sn=56 tn=19
03:07:48.454 DBG Sending COMMIT. senderID=0 sn=54 view=0
03:07:48.454 DBG Sending COMMIT. senderID=0 sn=55 view=0
03:07:48.454 DBG func sendCommit commit Tn. sn=54 tn=19
03:07:48.454 DBG func sendCommit commit Tn. sn=55 tn=19
03:07:48.454 DBG Sending Htn. senderID=0 sn=54 view=0
03:07:48.454 DBG Sending Htn. senderID=0 sn=55 view=0
03:07:48.454 DBG func handleCommit commit Tn. tn=19
03:07:48.455 DBG func handleCommit commit Tn. tn=19
03:07:48.455 DBG Sending COMMIT. senderID=0 sn=56 view=0
03:07:48.455 DBG func handleHtnmsg htn. htn=19 localhtn=19 prelocalhtn=19
03:07:48.455 DBG func sendCommit commit Tn. sn=56 tn=19
03:07:48.455 DBG Sending Htn. senderID=0 sn=56 view=0
03:07:48.455 DBG func handleCommit commit Tn. tn=19
03:07:48.455 DBG func handleCommit commit Tn. tn=19
03:07:48.455 INF Committed entry. latency=0 nReq=0 sn=54
03:07:48.455 INF Committed entry. latency=0 nReq=0 sn=55
03:07:48.455 INF Delivered batch. nReq=0 sn=54
03:07:48.455 INF Delivered batch. nReq=0 sn=55
03:07:48.456 DBG func handleCommit commit Tn. tn=19
03:07:48.456 DBG Starting timer. sn=57 view=0
03:07:48.456 DBG Starting timer. sn=58 view=0
03:07:48.456 DBG func handleHtnmsg htn. htn=19 localhtn=19 prelocalhtn=19
03:07:48.456 DBG func handleHtnmsg htn. htn=19 localhtn=19 prelocalhtn=19
03:07:48.456 DBG func handleCommit commit Tn. tn=19
03:07:48.456 DBG func handleHtnmsg htn. htn=19 localhtn=19 prelocalhtn=19
03:07:48.456 INF Committed entry. latency=0 nReq=0 sn=56
03:07:48.456 DBG func handleHtnmsg htn. htn=19 localhtn=19 prelocalhtn=19
03:07:48.456 INF Delivered batch. nReq=0 sn=56
03:07:48.456 DBG Starting timer. sn=59 view=0
03:07:48.456 DBG func handleHtnmsg htn. htn=19 localhtn=19 prelocalhtn=19
03:08:18.452 DBG Batch ready. batchSize=4096
03:08:18.453 DBG Batch cut. left=2641 nBuckets=22 nReq=0 next=0
03:08:18.453 INF Sending PREPREPARE. nReq=0 senderID=0 sn=57 view=0
03:08:18.453 DBG Waiting for batch. batchSize=4096
03:08:18.454 INF Handling PREPREPARE. nReq=0 senderID=1 sn=58
03:08:18.454 DBG Creating new Batch. nReq=0
03:08:18.454 DBG Sending PREPARE. senderID=0 sn=58 view=0
03:08:18.454 INF Handling PREPREPARE. nReq=0 senderID=2 sn=59
03:08:18.454 DBG func sendPrepare prepare Tn. sn=58 tn=20
03:08:18.454 DBG Creating new Batch. nReq=0
03:08:18.454 DBG Sending PREPARE. senderID=0 sn=59 view=0
03:08:18.455 DBG func sendPrepare prepare Tn. sn=59 tn=20
03:08:18.455 DBG Sending COMMIT. senderID=0 sn=59 view=0
03:08:18.455 DBG func sendCommit commit Tn. sn=59 tn=20
03:08:18.455 DBG Sending Htn. senderID=0 sn=59 view=0
03:08:18.455 DBG Sending COMMIT. senderID=0 sn=57 view=0
03:08:18.455 DBG Sending COMMIT. senderID=0 sn=58 view=0
03:08:18.456 DBG func sendCommit commit Tn. sn=57 tn=20
03:08:18.456 DBG func sendCommit commit Tn. sn=58 tn=20
03:08:18.456 DBG Sending Htn. senderID=0 sn=57 view=0
03:08:18.456 DBG Sending Htn. senderID=0 sn=58 view=0
03:08:18.456 DBG func handleCommit commit Tn. tn=20
03:08:18.456 DBG func handleCommit commit Tn. tn=20
03:08:18.457 INF Committed entry. latency=0 nReq=0 sn=57
03:08:18.457 INF Delivered batch. nReq=0 sn=57
03:08:18.457 DBG Starting timer. sn=60 view=0
03:08:18.457 DBG func handleHtnmsg htn. htn=20 localhtn=20 prelocalhtn=20
03:08:18.457 DBG func handleCommit commit Tn. tn=20
03:08:18.457 DBG func handleHtnmsg htn. htn=20 localhtn=20 prelocalhtn=20
03:08:18.457 DBG func handleCommit commit Tn. tn=20
03:08:18.458 DBG func handleHtnmsg htn. htn=20 localhtn=20 prelocalhtn=20
03:08:18.458 DBG func handleHtnmsg htn. htn=20 localhtn=20 prelocalhtn=20
03:08:18.458 DBG func handleCommit commit Tn. tn=20
03:08:18.458 DBG func handleCommit commit Tn. tn=20
03:08:18.458 INF Committed entry. latency=0 nReq=0 sn=58
03:08:18.458 INF Committed entry. latency=0 nReq=0 sn=59
03:08:18.458 INF Delivered batch. nReq=0 sn=58
03:08:18.458 INF Delivered batch. nReq=0 sn=59
03:08:18.458 DBG Starting timer. sn=61 view=0
03:08:18.458 DBG Starting timer. sn=62 view=0
03:08:18.458 DBG func handleHtnmsg htn. htn=20 localhtn=20 prelocalhtn=20
03:08:18.458 DBG func handleHtnmsg htn. htn=20 localhtn=20 prelocalhtn=20
03:08:48.453 DBG Batch ready. batchSize=4096
03:08:48.454 DBG Batch cut. left=2641 nBuckets=22 nReq=0 next=0
03:08:48.454 INF Sending PREPREPARE. nReq=0 senderID=0 sn=60 view=0
03:08:48.454 DBG Waiting for batch. batchSize=4096
03:08:48.455 INF Handling PREPREPARE. nReq=0 senderID=1 sn=61
03:08:48.455 DBG Creating new Batch. nReq=0
03:08:48.455 DBG Sending PREPARE. senderID=0 sn=61 view=0
03:08:48.455 DBG func sendPrepare prepare Tn. sn=61 tn=21
03:08:48.456 INF Handling PREPREPARE. nReq=0 senderID=2 sn=62
03:08:48.456 DBG Creating new Batch. nReq=0
03:08:48.456 DBG Sending PREPARE. senderID=0 sn=62 view=0
03:08:48.456 DBG func sendPrepare prepare Tn. sn=62 tn=21
03:08:48.457 DBG Sending COMMIT. senderID=0 sn=62 view=0
03:08:48.457 DBG func sendCommit commit Tn. sn=62 tn=21
03:08:48.457 DBG Sending Htn. senderID=0 sn=62 view=0
03:08:48.458 DBG Sending COMMIT. senderID=0 sn=61 view=0
03:08:48.458 DBG Sending COMMIT. senderID=0 sn=60 view=0
03:08:48.458 DBG func sendCommit commit Tn. sn=61 tn=21
03:08:48.458 DBG func sendCommit commit Tn. sn=60 tn=21
03:08:48.458 DBG Sending Htn. senderID=0 sn=61 view=0
03:08:48.458 DBG Sending Htn. senderID=0 sn=60 view=0
03:08:48.458 DBG func handleCommit commit Tn. tn=21
03:08:48.458 DBG func handleCommit commit Tn. tn=21
03:08:48.458 DBG func handleHtnmsg htn. htn=21 localhtn=21 prelocalhtn=21
03:08:48.458 DBG func handleHtnmsg htn. htn=21 localhtn=21 prelocalhtn=21
03:08:48.458 DBG func handleCommit commit Tn. tn=21
03:08:48.458 DBG func handleCommit commit Tn. tn=21
03:08:48.459 DBG func handleHtnmsg htn. htn=21 localhtn=21 prelocalhtn=21
03:08:48.459 INF Committed entry. latency=0 nReq=0 sn=61
03:08:48.459 DBG Starting timer. sn=64 view=0
03:08:48.459 DBG func handleCommit commit Tn. tn=21
03:08:48.459 INF Committed entry. latency=0 nReq=0 sn=62
03:08:48.459 DBG Starting timer. sn=65 view=0
03:08:48.459 DBG func handleHtnmsg htn. htn=21 localhtn=21 prelocalhtn=21
03:08:48.460 DBG func handleCommit commit Tn. tn=21
03:08:48.460 DBG func handleHtnmsg htn. htn=21 localhtn=21 prelocalhtn=21
03:08:48.460 INF Committed entry. latency=0 nReq=0 sn=60
03:08:48.460 INF Delivered batch. nReq=0 sn=60
03:08:48.460 INF Delivered batch. nReq=0 sn=61
03:08:48.460 INF Delivered batch. nReq=0 sn=62
03:08:48.460 DBG Starting timer. sn=63 view=0
03:08:48.460 DBG func handleHtnmsg htn. htn=21 localhtn=21 prelocalhtn=21
03:09:18.455 DBG Batch ready. batchSize=4096
03:09:18.455 DBG Batch cut. left=2641 nBuckets=22 nReq=0 next=0
03:09:18.456 INF Sending PREPREPARE. nReq=0 senderID=0 sn=63 view=0
03:09:18.456 DBG Waiting for batch. batchSize=4096
03:09:18.456 INF Handling PREPREPARE. nReq=0 senderID=1 sn=64
03:09:18.457 DBG Creating new Batch. nReq=0
03:09:18.457 DBG Sending PREPARE. senderID=0 sn=64 view=0
03:09:18.457 DBG func sendPrepare prepare Tn. sn=64 tn=22
03:09:18.458 INF Handling PREPREPARE. nReq=0 senderID=2 sn=65
03:09:18.458 DBG Creating new Batch. nReq=0
03:09:18.458 DBG Sending PREPARE. senderID=0 sn=65 view=0
03:09:18.458 DBG func sendPrepare prepare Tn. sn=65 tn=22
03:09:18.459 DBG Sending COMMIT. senderID=0 sn=63 view=0
03:09:18.459 DBG Sending COMMIT. senderID=0 sn=64 view=0
03:09:18.459 DBG func sendCommit commit Tn. sn=63 tn=22
03:09:18.459 DBG Sending COMMIT. senderID=0 sn=65 view=0
03:09:18.459 DBG func sendCommit commit Tn. sn=64 tn=22
03:09:18.459 DBG Sending Htn. senderID=0 sn=63 view=0
03:09:18.460 DBG func sendCommit commit Tn. sn=65 tn=22
03:09:18.460 DBG Sending Htn. senderID=0 sn=64 view=0
03:09:18.460 DBG func handleCommit commit Tn. tn=22
03:09:18.460 DBG func handleCommit commit Tn. tn=22
03:09:18.460 DBG Sending Htn. senderID=0 sn=65 view=0
03:09:18.460 DBG func handleCommit commit Tn. tn=22
03:09:18.460 DBG func handleHtnmsg htn. htn=22 localhtn=22 prelocalhtn=22
03:09:18.460 DBG func handleHtnmsg htn. htn=22 localhtn=22 prelocalhtn=22
03:09:18.460 DBG func handleCommit commit Tn. tn=22
03:09:18.460 DBG func handleCommit commit Tn. tn=22
03:09:18.460 DBG func handleCommit commit Tn. tn=22
03:09:18.461 INF Committed entry. latency=0 nReq=0 sn=65
03:09:18.461 INF Committed entry. latency=0 nReq=0 sn=63
03:09:18.461 INF Delivered batch. nReq=0 sn=63
03:09:18.461 INF Committed entry. latency=0 nReq=0 sn=64
03:09:18.461 INF Delivered batch. nReq=0 sn=64
03:09:18.461 INF Delivered batch. nReq=0 sn=65
03:09:18.461 DBG Starting timer. sn=68 view=0
03:09:18.461 DBG func handleHtnmsg htn. htn=22 localhtn=22 prelocalhtn=22
03:09:18.461 DBG Starting timer. sn=66 view=0
03:09:18.461 DBG Starting timer. sn=67 view=0
03:09:18.461 DBG func handleHtnmsg htn. htn=22 localhtn=22 prelocalhtn=22
03:09:18.462 DBG func handleHtnmsg htn. htn=22 localhtn=22 prelocalhtn=22
03:09:18.462 DBG func handleHtnmsg htn. htn=22 localhtn=22 prelocalhtn=22
03:09:48.456 DBG Batch ready. batchSize=4096
03:09:48.457 DBG Batch cut. left=2641 nBuckets=22 nReq=0 next=0
03:09:48.457 INF Sending PREPREPARE. nReq=0 senderID=0 sn=66 view=0
03:09:48.457 DBG Waiting for batch. batchSize=4096
03:09:48.458 INF Handling PREPREPARE. nReq=0 senderID=1 sn=67
03:09:48.458 DBG Creating new Batch. nReq=0
03:09:48.458 DBG Sending PREPARE. senderID=0 sn=67 view=0
03:09:48.458 DBG func sendPrepare prepare Tn. sn=67 tn=23
03:09:48.459 INF Handling PREPREPARE. nReq=0 senderID=2 sn=68
03:09:48.459 DBG Creating new Batch. nReq=0
03:09:48.459 DBG Sending PREPARE. senderID=0 sn=68 view=0
03:09:48.460 DBG Sending COMMIT. senderID=0 sn=66 view=0
03:09:48.460 DBG Sending COMMIT. senderID=0 sn=67 view=0
03:09:48.460 DBG func sendPrepare prepare Tn. sn=68 tn=23
03:09:48.460 DBG func sendCommit commit Tn. sn=66 tn=23
03:09:48.460 DBG func sendCommit commit Tn. sn=67 tn=23
03:09:48.460 DBG Sending Htn. senderID=0 sn=67 view=0
03:09:48.460 DBG Sending Htn. senderID=0 sn=66 view=0
03:09:48.460 DBG func handleCommit commit Tn. tn=23
03:09:48.460 DBG Sending COMMIT. senderID=0 sn=68 view=0
03:09:48.461 DBG func sendCommit commit Tn. sn=68 tn=23
03:09:48.461 DBG func handleCommit commit Tn. tn=23
03:09:48.461 DBG Sending Htn. senderID=0 sn=68 view=0
03:09:48.461 DBG func handleCommit commit Tn. tn=23
03:09:48.461 DBG func handleHtnmsg htn. htn=23 localhtn=23 prelocalhtn=23
03:09:48.461 INF Committed entry. latency=0 nReq=0 sn=66
03:09:48.461 INF Delivered batch. nReq=0 sn=66
03:09:48.461 DBG Starting timer. sn=69 view=0
03:09:48.461 DBG func handleCommit commit Tn. tn=23
03:09:48.461 DBG func handleHtnmsg htn. htn=23 localhtn=23 prelocalhtn=23
03:09:48.462 INF Committed entry. latency=0 nReq=0 sn=67
03:09:48.462 DBG func handleHtnmsg htn. htn=23 localhtn=23 prelocalhtn=23
03:09:48.462 INF Delivered batch. nReq=0 sn=67
03:09:48.462 DBG Starting timer. sn=70 view=0
03:09:48.462 DBG func handleHtnmsg htn. htn=23 localhtn=23 prelocalhtn=23
03:09:48.462 DBG func handleCommit commit Tn. tn=23
03:09:48.463 DBG func handleCommit commit Tn. tn=23
03:09:48.463 INF Committed entry. latency=0 nReq=0 sn=68
03:09:48.463 INF Delivered batch. nReq=0 sn=68
03:09:48.463 DBG Starting timer. sn=71 view=0
03:09:48.463 DBG func handleHtnmsg htn. htn=23 localhtn=23 prelocalhtn=23
03:09:48.464 DBG func handleHtnmsg htn. htn=23 localhtn=23 prelocalhtn=23
03:10:18.457 DBG Batch ready. batchSize=4096
03:10:18.458 DBG Batch cut. left=2641 nBuckets=22 nReq=0 next=0
03:10:18.458 INF Sending PREPREPARE. nReq=0 senderID=0 sn=69 view=0
03:10:18.458 DBG Waiting for batch. batchSize=4096
03:10:18.459 INF Handling PREPREPARE. nReq=0 senderID=1 sn=70
03:10:18.459 DBG Creating new Batch. nReq=0
03:10:18.460 DBG Sending PREPARE. senderID=0 sn=70 view=0
03:10:18.460 DBG func sendPrepare prepare Tn. sn=70 tn=24
03:10:18.460 INF Handling PREPREPARE. nReq=0 senderID=2 sn=71
03:10:18.460 DBG Creating new Batch. nReq=0
03:10:18.460 DBG Sending COMMIT. senderID=0 sn=69 view=0
03:10:18.461 DBG Sending PREPARE. senderID=0 sn=71 view=0
03:10:18.461 DBG func sendCommit commit Tn. sn=69 tn=24
03:10:18.461 DBG func sendPrepare prepare Tn. sn=71 tn=24
03:10:18.461 DBG Sending Htn. senderID=0 sn=69 view=0
03:10:18.461 DBG func handleCommit commit Tn. tn=24
03:10:18.461 DBG Sending COMMIT. senderID=0 sn=70 view=0
03:10:18.461 DBG func handleHtnmsg htn. htn=24 localhtn=24 prelocalhtn=24
03:10:18.461 DBG func sendCommit commit Tn. sn=70 tn=24
03:10:18.462 DBG Sending Htn. senderID=0 sn=70 view=0
03:10:18.462 DBG func handleCommit commit Tn. tn=24
03:10:18.462 DBG Sending COMMIT. senderID=0 sn=71 view=0
03:10:18.462 DBG func sendCommit commit Tn. sn=71 tn=24
03:10:18.462 INF Committed entry. latency=0 nReq=0 sn=69
03:10:18.462 INF Delivered batch. nReq=0 sn=69
03:10:18.462 DBG Sending Htn. senderID=0 sn=71 view=0
03:10:18.462 DBG Starting timer. sn=72 view=0
03:10:18.462 DBG func handleCommit commit Tn. tn=24
03:10:18.462 DBG func handleHtnmsg htn. htn=24 localhtn=24 prelocalhtn=24
03:10:18.462 DBG func handleHtnmsg htn. htn=24 localhtn=24 prelocalhtn=24
03:10:18.463 DBG func handleCommit commit Tn. tn=24
03:10:18.463 INF Committed entry. latency=0 nReq=0 sn=70
03:10:18.463 INF Delivered batch. nReq=0 sn=70
03:10:18.463 DBG Starting timer. sn=73 view=0
03:10:18.463 DBG func handleHtnmsg htn. htn=24 localhtn=24 prelocalhtn=24
03:10:18.463 DBG func handleCommit commit Tn. tn=24
03:10:18.464 DBG func handleHtnmsg htn. htn=24 localhtn=24 prelocalhtn=24
03:10:18.464 DBG func handleCommit commit Tn. tn=24
03:10:18.464 INF Committed entry. latency=0 nReq=0 sn=71
03:10:18.464 INF Delivered batch. nReq=0 sn=71
03:10:18.464 DBG Starting timer. sn=74 view=0
03:10:18.464 DBG func handleHtnmsg htn. htn=24 localhtn=24 prelocalhtn=24
03:10:48.459 DBG Batch ready. batchSize=4096
03:10:48.460 DBG Batch cut. left=2641 nBuckets=22 nReq=0 next=0
03:10:48.460 INF Sending PREPREPARE. nReq=0 senderID=0 sn=72 view=0
03:10:48.460 DBG Waiting for batch. batchSize=4096
03:10:48.461 INF Handling PREPREPARE. nReq=0 senderID=2 sn=74
03:10:48.461 INF Handling PREPREPARE. nReq=0 senderID=1 sn=73
03:10:48.461 DBG Creating new Batch. nReq=0
03:10:48.461 DBG Creating new Batch. nReq=0
03:10:48.462 DBG Sending PREPARE. senderID=0 sn=74 view=0
03:10:48.462 DBG Sending PREPARE. senderID=0 sn=73 view=0
03:10:48.462 DBG func sendPrepare prepare Tn. sn=74 tn=25
03:10:48.462 DBG func sendPrepare prepare Tn. sn=73 tn=25
03:10:48.463 DBG Sending COMMIT. senderID=0 sn=73 view=0
03:10:48.463 DBG Sending COMMIT. senderID=0 sn=74 view=0
03:10:48.463 DBG Sending COMMIT. senderID=0 sn=72 view=0
03:10:48.463 DBG func sendCommit commit Tn. sn=73 tn=25
03:10:48.463 DBG func sendCommit commit Tn. sn=74 tn=25
03:10:48.463 DBG func sendCommit commit Tn. sn=72 tn=25
03:10:48.463 DBG Sending Htn. senderID=0 sn=73 view=0
03:10:48.463 DBG Sending Htn. senderID=0 sn=72 view=0
03:10:48.463 DBG Sending Htn. senderID=0 sn=74 view=0
03:10:48.464 DBG func handleCommit commit Tn. tn=25
03:10:48.464 DBG func handleCommit commit Tn. tn=25
03:10:48.464 DBG func handleCommit commit Tn. tn=25
03:10:48.464 DBG func handleHtnmsg htn. htn=25 localhtn=25 prelocalhtn=25
03:10:48.464 DBG func handleHtnmsg htn. htn=25 localhtn=25 prelocalhtn=25
03:10:48.465 DBG func handleCommit commit Tn. tn=25
03:10:48.465 DBG func handleHtnmsg htn. htn=25 localhtn=25 prelocalhtn=25
03:10:48.465 DBG func handleCommit commit Tn. tn=25
03:10:48.465 INF Committed entry. latency=0 nReq=0 sn=73
03:10:48.465 DBG func handleCommit commit Tn. tn=25
03:10:48.465 INF Committed entry. latency=0 nReq=0 sn=72
03:10:48.465 INF Delivered batch. nReq=0 sn=72
03:10:48.465 INF Committed entry. latency=0 nReq=0 sn=74
03:10:48.465 INF Delivered batch. nReq=0 sn=73
03:10:48.466 INF Delivered batch. nReq=0 sn=74
03:10:48.466 DBG Starting timer. sn=76 view=0
03:10:48.466 DBG Starting timer. sn=75 view=0
03:10:48.466 DBG func handleHtnmsg htn. htn=25 localhtn=25 prelocalhtn=25
03:10:48.466 DBG Starting timer. sn=77 view=0
03:10:48.466 DBG func handleHtnmsg htn. htn=25 localhtn=25 prelocalhtn=25
03:10:48.466 DBG func handleHtnmsg htn. htn=25 localhtn=25 prelocalhtn=25
03:11:18.461 DBG Batch ready. batchSize=4096
03:11:18.461 DBG Batch cut. left=2641 nBuckets=22 nReq=0 next=0
03:11:18.461 INF Sending PREPREPARE. nReq=0 senderID=0 sn=75 view=0
03:11:18.461 DBG Waiting for batch. batchSize=4096
03:11:18.462 INF Handling PREPREPARE. nReq=0 senderID=2 sn=77
03:11:18.463 DBG Creating new Batch. nReq=0
03:11:18.463 DBG Sending PREPARE. senderID=0 sn=77 view=0
03:11:18.463 INF Handling PREPREPARE. nReq=0 senderID=1 sn=76
03:11:18.463 DBG func sendPrepare prepare Tn. sn=77 tn=26
03:11:18.463 DBG Creating new Batch. nReq=0
03:11:18.463 DBG Sending PREPARE. senderID=0 sn=76 view=0
03:11:18.463 DBG func sendPrepare prepare Tn. sn=76 tn=26
03:11:18.464 DBG Sending COMMIT. senderID=0 sn=76 view=0
03:11:18.464 DBG Sending COMMIT. senderID=0 sn=75 view=0
03:11:18.464 DBG Sending COMMIT. senderID=0 sn=77 view=0
03:11:18.464 DBG func sendCommit commit Tn. sn=76 tn=26
03:11:18.465 DBG func sendCommit commit Tn. sn=77 tn=26
03:11:18.465 DBG func sendCommit commit Tn. sn=75 tn=26
03:11:18.465 DBG Sending Htn. senderID=0 sn=76 view=0
03:11:18.465 DBG Sending Htn. senderID=0 sn=77 view=0
03:11:18.465 DBG Sending Htn. senderID=0 sn=75 view=0
03:11:18.466 DBG func handleCommit commit Tn. tn=26
03:11:18.466 DBG func handleCommit commit Tn. tn=26
03:11:18.466 DBG func handleCommit commit Tn. tn=26
03:11:18.466 DBG func handleHtnmsg htn. htn=26 localhtn=26 prelocalhtn=26
03:11:18.466 DBG func handleCommit commit Tn. tn=26
03:11:18.466 DBG func handleCommit commit Tn. tn=26
03:11:18.466 DBG func handleCommit commit Tn. tn=26
03:11:18.466 INF Committed entry. latency=0 nReq=0 sn=75
03:11:18.466 INF Committed entry. latency=0 nReq=0 sn=76
03:11:18.466 INF Committed entry. latency=0 nReq=0 sn=77
03:11:18.467 INF Delivered batch. nReq=0 sn=75
03:11:18.467 INF Delivered batch. nReq=0 sn=76
03:11:18.467 INF Delivered batch. nReq=0 sn=77
03:11:18.467 DBG Starting timer. sn=78 view=0
03:11:18.467 DBG Starting timer. sn=79 view=0
03:11:18.467 DBG func handleHtnmsg htn. htn=26 localhtn=26 prelocalhtn=26
03:11:18.467 DBG Starting timer. sn=80 view=0
03:11:18.467 DBG func handleHtnmsg htn. htn=26 localhtn=26 prelocalhtn=26
03:11:18.467 DBG func handleHtnmsg htn. htn=26 localhtn=26 prelocalhtn=26
03:11:18.467 DBG func handleHtnmsg htn. htn=26 localhtn=26 prelocalhtn=26
03:11:18.467 DBG func handleHtnmsg htn. htn=26 localhtn=26 prelocalhtn=26
03:11:48.462 DBG Batch ready. batchSize=4096
03:11:48.462 DBG Batch cut. left=2641 nBuckets=22 nReq=0 next=0
03:11:48.462 INF Sending PREPREPARE. nReq=0 senderID=0 sn=78 view=0
03:11:48.462 DBG Waiting for batch. batchSize=4096
03:11:48.463 INF Handling PREPREPARE. nReq=0 senderID=2 sn=80
03:11:48.464 DBG Creating new Batch. nReq=0
03:11:48.464 INF Handling PREPREPARE. nReq=0 senderID=1 sn=79
03:11:48.464 DBG Creating new Batch. nReq=0
03:11:48.464 DBG Sending PREPARE. senderID=0 sn=80 view=0
03:11:48.464 DBG func sendPrepare prepare Tn. sn=80 tn=27
03:11:48.464 DBG Sending PREPARE. senderID=0 sn=79 view=0
03:11:48.464 DBG func sendPrepare prepare Tn. sn=79 tn=27
03:11:48.465 DBG Sending COMMIT. senderID=0 sn=79 view=0
03:11:48.465 DBG func sendCommit commit Tn. sn=79 tn=27
03:11:48.465 DBG Sending COMMIT. senderID=0 sn=80 view=0
03:11:48.465 DBG Sending Htn. senderID=0 sn=79 view=0
03:11:48.465 DBG Sending COMMIT. senderID=0 sn=78 view=0
03:11:48.465 DBG func sendCommit commit Tn. sn=80 tn=27
03:11:48.465 DBG func sendCommit commit Tn. sn=78 tn=27
03:11:48.466 DBG Sending Htn. senderID=0 sn=80 view=0
03:11:48.466 DBG Sending Htn. senderID=0 sn=78 view=0
03:11:48.466 DBG func handleCommit commit Tn. tn=27
03:11:48.466 DBG func handleCommit commit Tn. tn=27
03:11:48.467 DBG func handleCommit commit Tn. tn=27
03:11:48.467 DBG func handleHtnmsg htn. htn=27 localhtn=27 prelocalhtn=27
03:11:48.467 DBG func handleHtnmsg htn. htn=27 localhtn=27 prelocalhtn=27
03:11:48.467 DBG func handleHtnmsg htn. htn=27 localhtn=27 prelocalhtn=27
03:11:48.467 DBG func handleCommit commit Tn. tn=27
03:11:48.467 DBG func handleCommit commit Tn. tn=27
03:11:48.467 DBG func handleCommit commit Tn. tn=27
03:11:48.467 INF Committed entry. latency=0 nReq=0 sn=79
03:11:48.467 INF Committed entry. latency=0 nReq=0 sn=78
03:11:48.467 INF Committed entry. latency=0 nReq=0 sn=80
03:11:48.467 INF Delivered batch. nReq=0 sn=78
03:11:48.468 INF Delivered batch. nReq=0 sn=79
03:11:48.468 INF Delivered batch. nReq=0 sn=80
03:11:48.468 DBG Starting timer. sn=82 view=0
03:11:48.468 DBG Starting timer. sn=81 view=0
03:11:48.468 DBG Starting timer. sn=83 view=0
03:11:48.468 DBG func handleHtnmsg htn. htn=27 localhtn=27 prelocalhtn=27
03:11:48.468 DBG func handleHtnmsg htn. htn=27 localhtn=27 prelocalhtn=27
03:11:48.468 DBG func handleHtnmsg htn. htn=27 localhtn=27 prelocalhtn=27
03:12:18.463 DBG Batch ready. batchSize=4096
03:12:18.464 DBG Batch cut. left=2641 nBuckets=22 nReq=0 next=0
03:12:18.464 INF Sending PREPREPARE. nReq=0 senderID=0 sn=81 view=0
03:12:18.464 DBG Waiting for batch. batchSize=4096
03:12:18.465 INF Handling PREPREPARE. nReq=0 senderID=2 sn=83
03:12:18.465 DBG Creating new Batch. nReq=0
03:12:18.465 DBG Sending PREPARE. senderID=0 sn=83 view=0
03:12:18.465 DBG func sendPrepare prepare Tn. sn=83 tn=28
03:12:18.465 INF Handling PREPREPARE. nReq=0 senderID=1 sn=82
03:12:18.466 DBG Creating new Batch. nReq=0
03:12:18.466 DBG Sending PREPARE. senderID=0 sn=82 view=0
03:12:18.466 DBG func sendPrepare prepare Tn. sn=82 tn=28
03:12:18.467 DBG Sending COMMIT. senderID=0 sn=83 view=0
03:12:18.467 DBG func sendCommit commit Tn. sn=83 tn=28
03:12:18.467 DBG Sending COMMIT. senderID=0 sn=81 view=0
03:12:18.467 DBG Sending COMMIT. senderID=0 sn=82 view=0
03:12:18.467 DBG Sending Htn. senderID=0 sn=83 view=0
03:12:18.467 DBG func sendCommit commit Tn. sn=81 tn=28
03:12:18.467 DBG func sendCommit commit Tn. sn=82 tn=28
03:12:18.467 DBG Sending Htn. senderID=0 sn=81 view=0
03:12:18.467 DBG func handleCommit commit Tn. tn=28
03:12:18.467 DBG Sending Htn. senderID=0 sn=82 view=0
03:12:18.468 DBG func handleCommit commit Tn. tn=28
03:12:18.468 DBG func handleHtnmsg htn. htn=28 localhtn=28 prelocalhtn=28
03:12:18.468 DBG func handleCommit commit Tn. tn=28
03:12:18.468 DBG func handleCommit commit Tn. tn=28
03:12:18.468 DBG func handleCommit commit Tn. tn=28
03:12:18.468 DBG func handleCommit commit Tn. tn=28
03:12:18.469 INF Committed entry. latency=0 nReq=0 sn=83
03:12:18.469 INF Committed entry. latency=0 nReq=0 sn=82
03:12:18.469 INF Delivered batch. nReq=0 sn=81
03:12:18.469 INF Committed entry. latency=0 nReq=0 sn=81
03:12:18.469 INF Delivered batch. nReq=0 sn=82
03:12:18.469 INF Delivered batch. nReq=0 sn=83
03:12:18.469 DBG Starting timer. sn=86 view=0
03:12:18.469 DBG Starting timer. sn=85 view=0
03:12:18.469 DBG func handleHtnmsg htn. htn=28 localhtn=28 prelocalhtn=28
03:12:18.469 DBG Starting timer. sn=84 view=0
03:12:18.469 DBG func handleHtnmsg htn. htn=28 localhtn=28 prelocalhtn=28
03:12:18.470 DBG func handleHtnmsg htn. htn=28 localhtn=28 prelocalhtn=28
03:12:18.470 DBG func handleHtnmsg htn. htn=28 localhtn=28 prelocalhtn=28
03:12:18.470 DBG func handleHtnmsg htn. htn=28 localhtn=28 prelocalhtn=28
03:12:48.465 DBG Batch ready. batchSize=4096
03:12:48.465 DBG Batch cut. left=2641 nBuckets=22 nReq=0 next=0
03:12:48.465 INF Sending PREPREPARE. nReq=0 senderID=0 sn=84 view=0
03:12:48.465 DBG Waiting for batch. batchSize=4096
03:12:48.466 INF Handling PREPREPARE. nReq=0 senderID=2 sn=86
03:12:48.466 DBG Creating new Batch. nReq=0
03:12:48.466 DBG Sending PREPARE. senderID=0 sn=86 view=0
03:12:48.467 DBG func sendPrepare prepare Tn. sn=86 tn=29
03:12:48.467 INF Handling PREPREPARE. nReq=0 senderID=1 sn=85
03:12:48.467 DBG Creating new Batch. nReq=0
03:12:48.467 DBG Sending PREPARE. senderID=0 sn=85 view=0
03:12:48.467 DBG func sendPrepare prepare Tn. sn=85 tn=29
03:12:48.468 DBG Sending COMMIT. senderID=0 sn=85 view=0
03:12:48.468 DBG Sending COMMIT. senderID=0 sn=84 view=0
03:12:48.468 DBG Sending COMMIT. senderID=0 sn=86 view=0
03:12:48.468 DBG func sendCommit commit Tn. sn=85 tn=29
03:12:48.468 DBG func sendCommit commit Tn. sn=84 tn=29
03:12:48.468 DBG func sendCommit commit Tn. sn=86 tn=29
03:12:48.468 DBG Sending Htn. senderID=0 sn=85 view=0
03:12:48.469 DBG Sending Htn. senderID=0 sn=84 view=0
03:12:48.469 DBG Sending Htn. senderID=0 sn=86 view=0
03:12:48.469 DBG func handleCommit commit Tn. tn=29
03:12:48.469 DBG func handleCommit commit Tn. tn=29
03:12:48.469 DBG func handleCommit commit Tn. tn=29
03:12:48.469 DBG func handleCommit commit Tn. tn=29
03:12:48.469 INF Committed entry. latency=0 nReq=0 sn=86
03:12:48.469 DBG func handleHtnmsg htn. htn=29 localhtn=29 prelocalhtn=29
03:12:48.470 DBG Starting timer. sn=89 view=0
03:12:48.470 DBG func handleCommit commit Tn. tn=29
03:12:48.470 DBG func handleHtnmsg htn. htn=29 localhtn=29 prelocalhtn=29
03:12:48.470 INF Committed entry. latency=0 nReq=0 sn=84
03:12:48.470 DBG func handleHtnmsg htn. htn=29 localhtn=29 prelocalhtn=29
03:12:48.470 INF Delivered batch. nReq=0 sn=84
03:12:48.470 DBG Starting timer. sn=87 view=0
03:12:48.470 DBG func handleHtnmsg htn. htn=29 localhtn=29 prelocalhtn=29
03:12:48.470 DBG func handleHtnmsg htn. htn=29 localhtn=29 prelocalhtn=29
03:12:48.470 DBG func handleCommit commit Tn. tn=29
03:12:48.471 INF Committed entry. latency=0 nReq=0 sn=85
03:12:48.471 INF Delivered batch. nReq=0 sn=85
03:12:48.471 INF Delivered batch. nReq=0 sn=86
03:12:48.471 DBG Starting timer. sn=88 view=0
03:12:48.471 DBG func handleHtnmsg htn. htn=29 localhtn=29 prelocalhtn=29
03:13:18.466 DBG Batch ready. batchSize=4096
03:13:18.467 DBG Batch cut. left=2641 nBuckets=22 nReq=0 next=0
03:13:18.467 INF Sending PREPREPARE. nReq=0 senderID=0 sn=87 view=0
03:13:18.467 DBG Waiting for batch. batchSize=4096
03:13:18.467 INF Handling PREPREPARE. nReq=0 senderID=2 sn=89
03:13:18.468 DBG Creating new Batch. nReq=0
03:13:18.468 DBG Sending PREPARE. senderID=0 sn=89 view=0
03:13:18.468 INF Handling PREPREPARE. nReq=0 senderID=1 sn=88
03:13:18.468 DBG func sendPrepare prepare Tn. sn=89 tn=30
03:13:18.468 DBG Creating new Batch. nReq=0
03:13:18.468 DBG Sending PREPARE. senderID=0 sn=88 view=0
03:13:18.468 DBG func sendPrepare prepare Tn. sn=88 tn=30
03:13:18.469 DBG Sending COMMIT. senderID=0 sn=87 view=0
03:13:18.469 DBG Sending COMMIT. senderID=0 sn=89 view=0
03:13:18.469 DBG func sendCommit commit Tn. sn=87 tn=30
03:13:18.469 DBG func sendCommit commit Tn. sn=89 tn=30
03:13:18.470 DBG Sending Htn. senderID=0 sn=87 view=0
03:13:18.470 DBG Sending COMMIT. senderID=0 sn=88 view=0
03:13:18.470 DBG Sending Htn. senderID=0 sn=89 view=0
03:13:18.470 DBG func sendCommit commit Tn. sn=88 tn=30
03:13:18.470 DBG Sending Htn. senderID=0 sn=88 view=0
03:13:18.470 DBG func handleCommit commit Tn. tn=30
03:13:18.470 DBG func handleCommit commit Tn. tn=30
03:13:18.470 DBG func handleHtnmsg htn. htn=30 localhtn=30 prelocalhtn=30
03:13:18.470 DBG func handleHtnmsg htn. htn=30 localhtn=30 prelocalhtn=30
03:13:18.471 DBG func handleCommit commit Tn. tn=30
03:13:18.471 DBG func handleCommit commit Tn. tn=30
03:13:18.471 INF Committed entry. latency=0 nReq=0 sn=87
03:13:18.471 DBG func handleCommit commit Tn. tn=30
03:13:18.471 INF Committed entry. latency=0 nReq=0 sn=89
03:13:18.471 INF Delivered batch. nReq=0 sn=87
03:13:18.472 DBG func handleHtnmsg htn. htn=30 localhtn=30 prelocalhtn=30
03:13:18.472 DBG Starting timer. sn=90 view=0
03:13:18.472 DBG Starting timer. sn=92 view=0
03:13:18.472 DBG func handleCommit commit Tn. tn=30
03:13:18.472 DBG func handleHtnmsg htn. htn=30 localhtn=30 prelocalhtn=30
03:13:18.472 DBG func handleHtnmsg htn. htn=30 localhtn=30 prelocalhtn=30
03:13:18.472 INF Committed entry. latency=0 nReq=0 sn=88
03:13:18.472 INF Delivered batch. nReq=0 sn=88
03:13:18.472 INF Delivered batch. nReq=0 sn=89
03:13:18.473 DBG Starting timer. sn=91 view=0
03:13:18.473 DBG func handleHtnmsg htn. htn=30 localhtn=30 prelocalhtn=30
03:13:48.467 DBG Batch ready. batchSize=4096
03:13:48.467 DBG Batch cut. left=2641 nBuckets=22 nReq=0 next=0
03:13:48.468 INF Sending PREPREPARE. nReq=0 senderID=0 sn=90 view=0
03:13:48.468 DBG Waiting for batch. batchSize=4096
03:13:48.468 INF Handling PREPREPARE. nReq=0 senderID=2 sn=92
03:13:48.469 DBG Creating new Batch. nReq=0
03:13:48.469 DBG Sending PREPARE. senderID=0 sn=92 view=0
03:13:48.469 DBG func sendPrepare prepare Tn. sn=92 tn=31
03:13:48.469 INF Handling PREPREPARE. nReq=0 senderID=1 sn=91
03:13:48.470 DBG Creating new Batch. nReq=0
03:13:48.470 DBG Sending PREPARE. senderID=0 sn=91 view=0
03:13:48.470 DBG Sending COMMIT. senderID=0 sn=92 view=0
03:13:48.470 DBG Sending COMMIT. senderID=0 sn=90 view=0
03:13:48.470 DBG func sendPrepare prepare Tn. sn=91 tn=31
03:13:48.470 DBG func sendCommit commit Tn. sn=92 tn=31
03:13:48.470 DBG func sendCommit commit Tn. sn=90 tn=31
03:13:48.470 DBG Sending Htn. senderID=0 sn=92 view=0
03:13:48.470 DBG Sending Htn. senderID=0 sn=90 view=0
03:13:48.471 DBG func handleCommit commit Tn. tn=31
03:13:48.471 DBG func handleCommit commit Tn. tn=31
03:13:48.471 DBG Sending COMMIT. senderID=0 sn=91 view=0
03:13:48.471 DBG func sendCommit commit Tn. sn=91 tn=31
03:13:48.471 DBG func handleCommit commit Tn. tn=31
03:13:48.471 DBG Sending Htn. senderID=0 sn=91 view=0
03:13:48.471 DBG func handleCommit commit Tn. tn=31
03:13:48.471 INF Committed entry. latency=0 nReq=0 sn=92
03:13:48.471 INF Committed entry. latency=0 nReq=0 sn=90
03:13:48.472 INF Delivered batch. nReq=0 sn=90
03:13:48.472 DBG Starting timer. sn=95 view=0
03:13:48.472 DBG Starting timer. sn=93 view=0
03:13:48.472 DBG func handleHtnmsg htn. htn=31 localhtn=31 prelocalhtn=31
03:13:48.472 DBG func handleHtnmsg htn. htn=31 localhtn=31 prelocalhtn=31
03:13:48.472 DBG func handleHtnmsg htn. htn=31 localhtn=31 prelocalhtn=31
03:13:48.472 DBG func handleCommit commit Tn. tn=31
03:13:48.472 DBG func handleHtnmsg htn. htn=31 localhtn=31 prelocalhtn=31
03:13:48.472 DBG func handleHtnmsg htn. htn=31 localhtn=31 prelocalhtn=31
03:13:48.472 DBG func handleCommit commit Tn. tn=31
03:13:48.473 INF Committed entry. latency=0 nReq=0 sn=91
03:13:48.473 INF Delivered batch. nReq=0 sn=91
03:13:48.473 INF Delivered batch. nReq=0 sn=92
03:13:48.473 DBG Starting timer. sn=94 view=0
03:13:48.473 DBG func handleHtnmsg htn. htn=31 localhtn=31 prelocalhtn=31
03:14:18.468 DBG Batch ready. batchSize=4096
03:14:18.468 DBG Batch cut. left=2641 nBuckets=22 nReq=0 next=0
03:14:18.469 INF Sending PREPREPARE. nReq=0 senderID=0 sn=93 view=0
03:14:18.469 DBG Waiting for batch. batchSize=4096
03:14:18.471 INF Handling PREPREPARE. nReq=0 senderID=2 sn=95
03:14:18.471 DBG Creating new Batch. nReq=0
03:14:18.471 INF Handling PREPREPARE. nReq=0 senderID=1 sn=94
03:14:18.471 DBG Creating new Batch. nReq=0
03:14:18.471 DBG Sending PREPARE. senderID=0 sn=95 view=0
03:14:18.471 DBG func sendPrepare prepare Tn. sn=95 tn=32
03:14:18.471 DBG Sending PREPARE. senderID=0 sn=94 view=0
03:14:18.471 DBG func sendPrepare prepare Tn. sn=94 tn=32
03:14:18.472 DBG Sending COMMIT. senderID=0 sn=94 view=0
03:14:18.472 DBG Sending COMMIT. senderID=0 sn=93 view=0
03:14:18.472 DBG func sendCommit commit Tn. sn=94 tn=32
03:14:18.472 DBG func sendCommit commit Tn. sn=93 tn=32
03:14:18.472 DBG Sending Htn. senderID=0 sn=94 view=0
03:14:18.472 DBG Sending Htn. senderID=0 sn=93 view=0
03:14:18.472 DBG Sending COMMIT. senderID=0 sn=95 view=0
03:14:18.473 DBG func handleCommit commit Tn. tn=32
03:14:18.473 DBG func sendCommit commit Tn. sn=95 tn=32
03:14:18.473 DBG Sending Htn. senderID=0 sn=95 view=0
03:14:18.473 DBG func handleCommit commit Tn. tn=32
03:14:18.473 DBG func handleCommit commit Tn. tn=32
03:14:18.473 INF Committed entry. latency=0 nReq=0 sn=93
03:14:18.473 INF Delivered batch. nReq=0 sn=93
03:14:18.473 DBG Starting timer. sn=96 view=0
03:14:18.473 DBG func handleHtnmsg htn. htn=32 localhtn=32 prelocalhtn=32
03:14:18.474 DBG func handleHtnmsg htn. htn=32 localhtn=32 prelocalhtn=32
03:14:18.474 DBG func handleCommit commit Tn. tn=32
03:14:18.474 DBG func handleCommit commit Tn. tn=32
03:14:18.474 INF Committed entry. latency=0 nReq=0 sn=94
03:14:18.474 DBG func handleHtnmsg htn. htn=32 localhtn=32 prelocalhtn=32
03:14:18.474 INF Delivered batch. nReq=0 sn=94
03:14:18.474 DBG func handleCommit commit Tn. tn=32
03:14:18.474 DBG Starting timer. sn=97 view=0
03:14:18.474 INF Committed entry. latency=0 nReq=0 sn=95
03:14:18.475 INF Delivered batch. nReq=0 sn=95
03:14:18.475 DBG func handleHtnmsg htn. htn=32 localhtn=32 prelocalhtn=32
03:14:18.475 DBG Starting timer. sn=98 view=0
03:14:18.475 DBG func handleHtnmsg htn. htn=32 localhtn=32 prelocalhtn=32
03:14:18.475 DBG func handleHtnmsg htn. htn=32 localhtn=32 prelocalhtn=32
03:14:20.549 ERR Expected EOF on Buckets RPC. error="rpc error: code = Canceled desc = context canceled"
03:14:20.549 INF Connection terminated. error="rpc error: code = Canceled desc = context canceled" address=127.0.0.1:45306
03:14:20.557 INF Stopping profiler.
03:14:20.557 INF Stopping Tracer. events=2050 fileName=experiment-output/0000/slave-001/peer.trc
==================
WARNING: DATA RACE
Read at 0x00c000a20000 by goroutine 115:
  runtime.racereadrange()
      <autogenerated>:1 +0x1b
  github.com/hyperledger-labs/mirbft/tracing.(*BufferedTrace).StopOnSignal.func1()
      /opt/gopath/src/github.com/hyperledger-labs/mirbft/tracing/bufferedtrace.go:298 +0x4e

Previous write at 0x00c000a20000 by goroutine 411:
  github.com/hyperledger-labs/mirbft/tracing.(*BufferedTrace).Event()
      /opt/gopath/src/github.com/hyperledger-labs/mirbft/tracing/bufferedtrace.go:105 +0x2d9
  github.com/hyperledger-labs/mirbft/manager.(*MirManager).handleLogEntries()
      /opt/gopath/src/github.com/hyperledger-labs/mirbft/manager/mirmanager.go:139 +0x1d8
  github.com/hyperledger-labs/mirbft/manager.(*MirManager).Startdwrap7()
      /opt/gopath/src/github.com/hyperledger-labs/mirbft/manager/mirmanager.go:101 +0x47

Goroutine 115 (running) created at:
  github.com/hyperledger-labs/mirbft/tracing.(*BufferedTrace).StopOnSignal()
      /opt/gopath/src/github.com/hyperledger-labs/mirbft/tracing/bufferedtrace.go:292 +0x172
  main.setUpTracing()
      /opt/gopath/src/github.com/hyperledger-labs/mirbft/cmd/orderingpeer/main.go:204 +0xf5
  main.main()
      /opt/gopath/src/github.com/hyperledger-labs/mirbft/cmd/orderingpeer/main.go:98 +0x9d6

Goroutine 411 (running) created at:
  github.com/hyperledger-labs/mirbft/manager.(*MirManager).Start()
      /opt/gopath/src/github.com/hyperledger-labs/mirbft/manager/mirmanager.go:101 +0x19e
  main.maindwrap4()
      /opt/gopath/src/github.com/hyperledger-labs/mirbft/cmd/orderingpeer/main.go:168 +0x59
==================
==================
WARNING: DATA RACE
Read at 0x00c000a34028 by goroutine 115:
  runtime.racereadrange()
      <autogenerated>:1 +0x1b
  github.com/hyperledger-labs/mirbft/tracing.(*BufferedTrace).StopOnSignal.func1()
      /opt/gopath/src/github.com/hyperledger-labs/mirbft/tracing/bufferedtrace.go:298 +0x4e

Previous write at 0x00c000a34028 by goroutine 114:
  github.com/hyperledger-labs/mirbft/tracing.(*BufferedTrace).Event()
      /opt/gopath/src/github.com/hyperledger-labs/mirbft/tracing/bufferedtrace.go:105 +0x2d9
  github.com/hyperledger-labs/mirbft/profiling.StartCPUTracing.func1()
      /opt/gopath/src/github.com/hyperledger-labs/mirbft/profiling/cpuusage.go:31 +0x95

Goroutine 115 (running) created at:
  github.com/hyperledger-labs/mirbft/tracing.(*BufferedTrace).StopOnSignal()
      /opt/gopath/src/github.com/hyperledger-labs/mirbft/tracing/bufferedtrace.go:292 +0x172
  main.setUpTracing()
      /opt/gopath/src/github.com/hyperledger-labs/mirbft/cmd/orderingpeer/main.go:204 +0xf5
  main.main()
      /opt/gopath/src/github.com/hyperledger-labs/mirbft/cmd/orderingpeer/main.go:98 +0x9d6

Goroutine 114 (running) created at:
  github.com/hyperledger-labs/mirbft/profiling.StartCPUTracing()
      /opt/gopath/src/github.com/hyperledger-labs/mirbft/profiling/cpuusage.go:28 +0xb6
  main.setUpTracing()
      /opt/gopath/src/github.com/hyperledger-labs/mirbft/cmd/orderingpeer/main.go:196 +0x85
  main.main()
      /opt/gopath/src/github.com/hyperledger-labs/mirbft/cmd/orderingpeer/main.go:98 +0x9d6
==================
03:14:20.580 INF Trace data written.
03:14:20.756 INF Profile data written. filename=experiment-output/0000/slave-001/prof.cpu name=cpu
03:14:20.827 INF Profile data written. filename=experiment-output/0000/slave-001/prof.block name=block
03:14:20.854 INF Connection terminated. error="rpc error: code = Canceled desc = context canceled" address=127.0.0.1:45280
03:14:20.854 INF Connection terminated. error="rpc error: code = Canceled desc = context canceled" address=127.0.0.1:45258
03:14:20.854 INF Connection terminated. error="rpc error: code = Canceled desc = context canceled" address=127.0.0.1:45222
03:14:20.854 INF Connection terminated. error="rpc error: code = Canceled desc = context canceled" address=127.0.0.1:45130
03:14:20.854 INF Connection terminated. error="rpc error: code = Canceled desc = context canceled" address=127.0.0.1:45198
03:14:20.854 INF Connection terminated. error="rpc error: code = Canceled desc = context canceled" address=127.0.0.1:45234
03:14:20.855 INF Profile data written. filename=experiment-output/0000/slave-001/prof.mutex name=mutex
