{"level":"debug","Logging":"debug","time":"2022-08-10T11:23:52+08:00","message":"Config"}
{"level":"debug","UseTLS":false,"time":"2022-08-10T11:23:52+08:00","message":"Config"}
{"level":"debug","CACertFile":"tls-data/ca.pem","time":"2022-08-10T11:23:52+08:00","message":"Config"}
{"level":"debug","KeyFile":"tls-data/auth.key","time":"2022-08-10T11:23:52+08:00","message":"Config"}
{"level":"debug","CertFile":"tls-data/auth.pem","time":"2022-08-10T11:23:52+08:00","message":"Config"}
{"level":"debug","PriorityConnections":2,"time":"2022-08-10T11:23:52+08:00","message":"Config"}
{"level":"debug","BasicConnections":4,"time":"2022-08-10T11:23:52+08:00","message":"Config"}
{"level":"debug","TestConnections":false,"time":"2022-08-10T11:23:52+08:00","message":"Config"}
{"level":"debug","ExcessConnections":1,"time":"2022-08-10T11:23:52+08:00","message":"Config"}
{"level":"debug","ConnectionTestMsgs":4,"time":"2022-08-10T11:23:52+08:00","message":"Config"}
{"level":"debug","ConnectionTestPayload":131072,"time":"2022-08-10T11:23:52+08:00","message":"Config"}
{"level":"debug","OutMessageBufsize":1024,"time":"2022-08-10T11:23:52+08:00","message":"Config"}
{"level":"debug","OutMessageBufsize":1,"time":"2022-08-10T11:23:52+08:00","message":"Config"}
{"level":"debug","ThroughputCap":131072000,"time":"2022-08-10T11:23:52+08:00","message":"Config"}
{"level":"debug","StragglerTolerance":1000,"time":"2022-08-10T11:23:52+08:00","message":"Config"}
{"level":"debug","BatchSizeIncrement":256,"time":"2022-08-10T11:23:52+08:00","message":"Config"}
{"level":"debug","Orderer":"Pbft","time":"2022-08-10T11:23:52+08:00","message":"Config"}
{"level":"debug","Manager":"Mir","time":"2022-08-10T11:23:52+08:00","message":"Config"}
{"level":"debug","Failures":0,"time":"2022-08-10T11:23:52+08:00","message":"Config"}
{"level":"debug","CrashTiming":"Straggler","time":"2022-08-10T11:23:52+08:00","message":"Config"}
{"level":"debug","CheckpointInterval":256,"time":"2022-08-10T11:23:52+08:00","message":"Config"}
{"level":"debug","WatermarkWindowSize":256,"time":"2022-08-10T11:23:52+08:00","message":"Config"}
{"level":"debug","EpochLength":256,"time":"2022-08-10T11:23:52+08:00","message":"Config"}
{"level":"debug","SegmentLength":64,"time":"2022-08-10T11:23:52+08:00","message":"Config"}
{"level":"debug","WaitForCheckpoints":true,"time":"2022-08-10T11:23:52+08:00","message":"Config"}
{"level":"debug","ClientWatermarkWindowSize":4194304,"time":"2022-08-10T11:23:52+08:00","message":"Config"}
{"level":"debug","ClientRequestBacklogSize":4194304,"time":"2022-08-10T11:23:52+08:00","message":"Config"}
{"level":"debug","RandomSeed":19955,"time":"2022-08-10T11:23:52+08:00","message":"Config"}
{"level":"debug","NodeToLeaderRatio":1,"time":"2022-08-10T11:23:52+08:00","message":"Config"}
{"level":"debug","LeaderPolicy":"Simple","time":"2022-08-10T11:23:52+08:00","message":"Config"}
{"level":"debug","DefaultLeaderBan":2,"time":"2022-08-10T11:23:52+08:00","message":"Config"}
{"level":"debug","NumBuckets":64,"time":"2022-08-10T11:23:52+08:00","message":"Config"}
{"level":"debug","BatchSize":1000,"time":"2022-08-10T11:23:52+08:00","message":"Config"}
{"level":"debug","DisabledViewChange":false,"time":"2022-08-10T11:23:52+08:00","message":"Config"}
{"level":"debug","ViewChangeTimeout":60000,"time":"2022-08-10T11:23:52+08:00","message":"Config"}
{"level":"debug","ClientTraceSampling":10,"time":"2022-08-10T11:23:52+08:00","message":"Config"}
{"level":"debug","EventBufferSize":2097152,"time":"2022-08-10T11:23:52+08:00","message":"Config"}
{"level":"debug","TraceSampling":1,"time":"2022-08-10T11:23:52+08:00","message":"Config"}
{"level":"debug","ClientsPerProcess":1,"time":"2022-08-10T11:23:52+08:00","message":"Config"}
{"level":"debug","RequestsPerClient":15360,"time":"2022-08-10T11:23:52+08:00","message":"Config"}
{"level":"debug","ClientRunTime":30000,"time":"2022-08-10T11:23:52+08:00","message":"Config"}
{"level":"debug","RequestRate":256,"time":"2022-08-10T11:23:52+08:00","message":"Config"}
{"level":"debug","HardRequestRateLimit":false,"time":"2022-08-10T11:23:52+08:00","message":"Config"}
{"level":"debug","RequestPayloadSize":500,"time":"2022-08-10T11:23:52+08:00","message":"Config"}
{"level":"debug","SignRequests":true,"time":"2022-08-10T11:23:52+08:00","message":"Config"}
{"level":"debug","ClientPrivKeyFile":"tls-data/client-ecdsa-256.key","time":"2022-08-10T11:23:52+08:00","message":"Config"}
{"level":"debug","ClientPubKeyFile":"tls-data/client-ecdsa-256.pem","time":"2022-08-10T11:23:52+08:00","message":"Config"}
{"level":"debug","PrecomputeRequests":false,"time":"2022-08-10T11:23:52+08:00","message":"Config"}
{"level":"debug","RequestHandlerThreads":32,"time":"2022-08-10T11:23:52+08:00","message":"Config"}
{"level":"debug","RequestInputChannelBuffer":8192,"time":"2022-08-10T11:23:52+08:00","message":"Config"}
{"level":"debug","BatchVerifier":"external","time":"2022-08-10T11:23:52+08:00","message":"Config"}
03:23:52.232 INF Registered with discovery server. numPeers=4 ownID=0
03:23:52.233 INF Profiling enabled.
03:23:52.233 INF Setting up profiling.
03:23:52.233 INF Started Profiler: CPU
03:23:52.233 INF Started Profiler: BLOCK
03:23:52.233 INF Started Profiler: MUTEX
03:23:52.234 INF Profiler will stop on signal. exit=true
03:23:52.235 INF Tracing will stop on signal. exit=false
03:23:52.236 INF Started tracing. traceFile=experiment-output/0001/slave-004/peer.trc
03:23:52.237 DBG Starting backlog.
03:23:52.237 INF Listening for connections. port=10000 useTLS=false
03:23:52.237 INF Connecting to peer. addr=127.0.0.1:10011 basicConns=4 priorityConns=2
03:23:52.237 INF Connecting to peer. addr=127.0.0.1:10000 basicConns=4 priorityConns=2
03:23:52.237 INF Connecting to peer. addr=127.0.0.1:10022 basicConns=4 priorityConns=2
03:23:52.237 INF Connecting to peer. addr=127.0.0.1:10033 basicConns=4 priorityConns=2
03:23:52.256 INF Incoming connection for protocol messages. addr=127.0.0.1:52734
03:23:52.260 INF Incoming connection for protocol messages. addr=127.0.0.1:52732
03:23:52.262 INF Incoming connection for protocol messages. addr=127.0.0.1:52728
03:23:52.263 INF Incoming connection for protocol messages. addr=127.0.0.1:52740
03:23:52.265 INF Incoming connection for protocol messages. addr=127.0.0.1:52766
03:23:52.265 INF Incoming connection for protocol messages. addr=127.0.0.1:52762
03:23:52.268 INF Incoming connection for protocol messages. addr=127.0.0.1:52776
03:23:52.268 INF Incoming connection for protocol messages. addr=127.0.0.1:52774
03:23:52.268 INF Incoming connection for protocol messages. addr=127.0.0.1:52756
03:23:52.268 INF Incoming connection for protocol messages. addr=127.0.0.1:52812
03:23:52.268 INF Incoming connection for protocol messages. addr=127.0.0.1:52778
03:23:52.269 INF Incoming connection for protocol messages. addr=127.0.0.1:52824
03:23:52.270 INF Incoming connection for protocol messages. addr=127.0.0.1:52808
03:23:52.271 INF Incoming connection for protocol messages. addr=127.0.0.1:52858
03:23:52.271 INF Incoming connection for protocol messages. addr=127.0.0.1:52850
03:23:52.272 INF Incoming connection for protocol messages. addr=127.0.0.1:52888
03:23:52.272 INF Incoming connection for protocol messages. addr=127.0.0.1:52832
03:23:52.272 INF Incoming connection for protocol messages. addr=127.0.0.1:52880
03:23:52.273 INF Incoming connection for protocol messages. addr=127.0.0.1:52780
03:23:52.273 INF Incoming connection for protocol messages. addr=127.0.0.1:52826
03:23:52.273 INF Incoming connection for protocol messages. addr=127.0.0.1:52900
03:23:52.273 INF Incoming connection for protocol messages. addr=127.0.0.1:52860
03:23:52.274 INF Incoming connection for protocol messages. addr=127.0.0.1:52816
03:23:52.274 DBG Connected. peerID=2
03:23:52.274 DBG Connected. peerID=0
03:23:52.274 INF Incoming connection for protocol messages. addr=127.0.0.1:52838
03:23:52.276 DBG Connected. peerID=1
03:23:52.280 DBG Connected. peerID=3
03:23:52.280 INF Connected to all peers.
03:23:52.283 INF All peers finished connecting. Starting ISS.
03:23:52.284 DBG Buckets for 0-th leader 0: [0 4 8 12 16 20 24 28 32 36 40 44 48 52 56 60]
03:23:52.284 DBG Buckets for 1-th leader 1: [1 5 9 13 17 21 25 29 33 37 41 45 49 53 57 61]
03:23:52.284 DBG Buckets for 2-th leader 2: [2 6 10 14 18 22 26 30 34 38 42 46 50 54 58 62]
03:23:52.284 DBG Buckets for 3-th leader 3: [3 7 11 15 19 23 27 31 35 39 43 47 51 55 59 63]
03:23:52.285 INF PbftOrderer received a new segment: [1 5 9 13 17 21 25 29 33 37 41 45 49 53 57 61 65 69 73 77 81 85 89 93 97 101 105 109 113 117 121 125 129 133 137 141 145 149 153 157 161 165 169 173 177 181 185 189 193 197 201 205 209 213 217 221 225 229 233 237 241 245 249 253] first leader=1 firstSN=1 lastSN=253 len=64 length=64 segId=1
03:23:52.285 INF Starting new view. segID=1 timeout=60000 view=0
03:23:52.285 DBG Starting timer. sn=1 view=0
03:23:52.286 INF Starting PBFT instance. first=1 last=253 segID=1
03:23:52.286 DBG Subscribing to backlog. segID=1
03:23:52.286 INF Starting serialized message processing. segID=1
03:23:52.286 INF PbftOrderer received a new segment: [2 6 10 14 18 22 26 30 34 38 42 46 50 54 58 62 66 70 74 78 82 86 90 94 98 102 106 110 114 118 122 126 130 134 138 142 146 150 154 158 162 166 170 174 178 182 186 190 194 198 202 206 210 214 218 222 226 230 234 238 242 246 250 254] first leader=2 firstSN=2 lastSN=254 len=64 length=64 segId=2
03:23:52.286 INF Starting new view. segID=2 timeout=60000 view=0
03:23:52.286 DBG Starting timer. sn=2 view=0
03:23:52.287 INF Starting PBFT instance. first=2 last=254 segID=2
03:23:52.287 DBG Subscribing to backlog. segID=2
03:23:52.287 INF Starting serialized message processing. segID=2
03:23:52.287 INF PbftOrderer received a new segment: [3 7 11 15 19 23 27 31 35 39 43 47 51 55 59 63 67 71 75 79 83 87 91 95 99 103 107 111 115 119 123 127 131 135 139 143 147 151 155 159 163 167 171 175 179 183 187 191 195 199 203 207 211 215 219 223 227 231 235 239 243 247 251 255] first leader=3 firstSN=3 lastSN=255 len=64 length=64 segId=3
03:23:52.287 INF Starting new view. segID=3 timeout=60000 view=0
03:23:52.287 DBG Starting timer. sn=3 view=0
03:23:52.288 INF Starting PBFT instance. first=3 last=255 segID=3
03:23:52.288 DBG Subscribing to backlog. segID=3
03:23:52.288 INF Starting serialized message processing. segID=3
03:23:52.288 INF PbftOrderer received a new segment: [0 4 8 12 16 20 24 28 32 36 40 44 48 52 56 60 64 68 72 76 80 84 88 92 96 100 104 108 112 116 120 124 128 132 136 140 144 148 152 156 160 164 168 172 176 180 184 188 192 196 200 204 208 212 216 220 224 228 232 236 240 244 248 252] first leader=0 firstSN=0 lastSN=252 len=64 length=64 segId=0
03:23:52.288 INF Starting new view. segID=0 timeout=60000 view=0
03:23:52.288 DBG Starting timer. sn=0 view=0
03:23:52.289 INF Starting PBFT instance. first=0 last=252 segID=0
03:23:52.289 DBG Subscribing to backlog. segID=0
03:23:52.289 DBG Leading segment. segID=0
03:23:52.289 INF Starting serialized message processing. segID=0
03:23:52.289 DBG Waiting for batch. batchSize=4096
03:23:53.290 DBG Batch ready. batchSize=4096
03:23:53.290 DBG Batch cut. left=0 nBuckets=16 nReq=0 next=0
03:23:53.290 DBG Waiting for batch. batchSize=4096
03:23:53.290 INF Sending PREPREPARE. nReq=0 senderID=0 sn=0 view=0
03:23:53.293 INF Handling PREPREPARE. nReq=0 senderID=2 sn=2
03:23:53.293 DBG Creating new Batch. nReq=0
03:23:53.293 INF Handling PREPREPARE. nReq=0 senderID=1 sn=1
03:23:53.293 INF Handling PREPREPARE. nReq=0 senderID=3 sn=3
03:23:53.294 DBG Creating new Batch. nReq=0
03:23:53.294 DBG Sending PREPARE. senderID=0 sn=2 view=0
03:23:53.294 DBG Creating new Batch. nReq=0
03:23:53.294 DBG Sending PREPARE. senderID=0 sn=1 view=0
03:23:53.294 DBG Sending PREPARE. senderID=0 sn=3 view=0
03:23:53.294 DBG Sending COMMIT. senderID=0 sn=1 view=0
03:23:53.294 DBG Sending COMMIT. senderID=0 sn=2 view=0
03:23:53.295 DBG Sending COMMIT. senderID=0 sn=3 view=0
03:23:53.296 DBG Sending COMMIT. senderID=0 sn=0 view=0
03:23:53.296 INF Committed entry. latency=0 nReq=0 sn=2
03:23:53.296 INF Committed entry. latency=0 nReq=0 sn=1
03:23:53.296 INF Committed entry. latency=0 nReq=0 sn=0
03:23:53.296 INF Delivered batch. nReq=0 sn=0
03:23:53.296 INF Delivered batch. nReq=0 sn=1
03:23:53.297 INF Delivered batch. nReq=0 sn=2
03:23:53.297 INF Delivered batch. nReq=0 sn=3
03:23:53.297 INF Committed entry. latency=0 nReq=0 sn=3
03:23:53.297 DBG Starting timer. sn=6 view=0
03:23:53.297 DBG Starting timer. sn=7 view=0
03:23:53.297 DBG Starting timer. sn=5 view=0
03:23:53.297 DBG Starting timer. sn=4 view=0
03:23:54.291 DBG Batch ready. batchSize=4096
03:23:54.291 INF Handling PREPREPARE. nReq=0 senderID=2 sn=6
03:23:54.291 DBG Creating new Batch. nReq=0
03:23:54.291 DBG Batch cut. left=0 nBuckets=16 nReq=0 next=0
03:23:54.291 DBG Sending PREPARE. senderID=0 sn=6 view=0
03:23:54.291 INF Handling PREPREPARE. nReq=0 senderID=1 sn=5
03:23:54.291 DBG Creating new Batch. nReq=0
03:23:54.291 INF Sending PREPREPARE. nReq=0 senderID=0 sn=4 view=0
03:23:54.291 DBG Waiting for batch. batchSize=4096
03:23:54.292 DBG Sending PREPARE. senderID=0 sn=5 view=0
03:23:54.292 DBG Sending COMMIT. senderID=0 sn=6 view=0
03:23:54.292 DBG Sending COMMIT. senderID=0 sn=5 view=0
03:23:54.292 INF Handling PREPREPARE. nReq=0 senderID=3 sn=7
03:23:54.292 DBG Creating new Batch. nReq=0
03:23:54.293 DBG Sending PREPARE. senderID=0 sn=7 view=0
03:23:54.293 INF Committed entry. latency=0 nReq=0 sn=6
03:23:54.293 DBG Sending COMMIT. senderID=0 sn=4 view=0
03:23:54.294 DBG Starting timer. sn=10 view=0
03:23:54.294 DBG Sending COMMIT. senderID=0 sn=7 view=0
03:23:54.295 INF Committed entry. latency=0 nReq=0 sn=4
03:23:54.295 INF Committed entry. latency=0 nReq=0 sn=5
03:23:54.295 INF Delivered batch. nReq=0 sn=4
03:23:54.295 INF Delivered batch. nReq=0 sn=5
03:23:54.295 INF Delivered batch. nReq=0 sn=6
03:23:54.295 DBG Starting timer. sn=8 view=0
03:23:54.295 DBG Starting timer. sn=9 view=0
03:23:54.296 INF Committed entry. latency=0 nReq=0 sn=7
03:23:54.296 INF Delivered batch. nReq=0 sn=7
03:23:54.296 DBG Starting timer. sn=11 view=0
03:23:54.320 INF Incoming connection for requests. addr=127.0.0.1:52932
03:23:55.295 DBG Batch ready. batchSize=4096
03:23:55.295 DBG Batch cut. left=0 nBuckets=16 nReq=62 next=0
03:23:55.296 DBG Waiting for batch. batchSize=4096
03:23:55.302 INF Sending PREPREPARE. nReq=62 senderID=0 sn=8 view=0
03:23:55.308 INF Handling PREPREPARE. nReq=61 senderID=3 sn=11
03:23:55.308 DBG Creating new Batch. nReq=61
03:23:55.318 DBG Sending PREPARE. senderID=0 sn=11 view=0
03:23:55.321 DBG Sending COMMIT. senderID=0 sn=11 view=0
03:23:55.322 INF Handling PREPREPARE. nReq=61 senderID=1 sn=9
03:23:55.322 DBG Creating new Batch. nReq=61
03:23:55.323 INF Committed entry. latency=0 nReq=61 sn=11
03:23:55.323 DBG Starting timer. sn=15 view=0
03:23:55.327 DBG Sending COMMIT. senderID=0 sn=8 view=0
03:23:55.329 DBG Sending PREPARE. senderID=0 sn=9 view=0
03:23:55.329 DBG Sending COMMIT. senderID=0 sn=9 view=0
03:23:55.330 INF Committed entry. latency=0 nReq=62 sn=8
03:23:55.330 INF Delivered batch. nReq=62 sn=8
03:23:55.330 DBG Starting timer. sn=12 view=0
03:23:55.333 INF Committed entry. latency=0 nReq=61 sn=9
03:23:55.333 INF Delivered batch. nReq=61 sn=9
03:23:55.334 DBG Starting timer. sn=13 view=0
03:23:55.336 INF Handling PREPREPARE. nReq=61 senderID=2 sn=10
03:23:55.336 DBG Creating new Batch. nReq=61
03:23:55.343 DBG Sending PREPARE. senderID=0 sn=10 view=0
03:23:55.344 DBG Sending COMMIT. senderID=0 sn=10 view=0
03:23:55.346 INF Committed entry. latency=0 nReq=61 sn=10
03:23:55.346 INF Delivered batch. nReq=61 sn=10
03:23:55.346 INF Delivered batch. nReq=61 sn=11
03:23:55.346 DBG Starting timer. sn=14 view=0
03:23:56.297 DBG Batch ready. batchSize=4096
03:23:56.298 DBG Batch cut. left=0 nBuckets=16 nReq=64 next=0
03:23:56.298 DBG Waiting for batch. batchSize=4096
03:23:56.300 INF Sending PREPREPARE. nReq=64 senderID=0 sn=12 view=0
03:23:56.301 INF Handling PREPREPARE. nReq=64 senderID=2 sn=14
03:23:56.301 DBG Creating new Batch. nReq=64
03:23:56.302 INF Handling PREPREPARE. nReq=65 senderID=1 sn=13
03:23:56.303 DBG Creating new Batch. nReq=65
03:23:56.311 DBG Sending PREPARE. senderID=0 sn=14 view=0
03:23:56.312 DBG Sending COMMIT. senderID=0 sn=14 view=0
03:23:56.312 DBG Sending PREPARE. senderID=0 sn=13 view=0
03:23:56.312 DBG Sending COMMIT. senderID=0 sn=13 view=0
03:23:56.314 INF Committed entry. latency=0 nReq=64 sn=14
03:23:56.314 DBG Starting timer. sn=18 view=0
03:23:56.316 INF Committed entry. latency=0 nReq=65 sn=13
03:23:56.316 DBG Starting timer. sn=17 view=0
03:23:56.318 INF Handling PREPREPARE. nReq=65 senderID=3 sn=15
03:23:56.318 DBG Creating new Batch. nReq=65
03:23:56.320 DBG Sending COMMIT. senderID=0 sn=12 view=0
03:23:56.322 INF Committed entry. latency=0 nReq=64 sn=12
03:23:56.322 INF Delivered batch. nReq=64 sn=12
03:23:56.322 INF Delivered batch. nReq=65 sn=13
03:23:56.322 INF Delivered batch. nReq=64 sn=14
03:23:56.322 DBG Starting timer. sn=16 view=0
03:23:56.326 DBG Sending PREPARE. senderID=0 sn=15 view=0
03:23:56.327 DBG Sending COMMIT. senderID=0 sn=15 view=0
03:23:56.329 INF Committed entry. latency=0 nReq=65 sn=15
03:23:56.329 INF Delivered batch. nReq=65 sn=15
03:23:56.329 DBG Starting timer. sn=19 view=0
03:23:57.299 DBG Batch ready. batchSize=4096
03:23:57.299 DBG Batch cut. left=0 nBuckets=16 nReq=64 next=0
03:23:57.299 DBG Waiting for batch. batchSize=4096
03:23:57.301 INF Sending PREPREPARE. nReq=64 senderID=0 sn=16 view=0
03:23:57.302 INF Handling PREPREPARE. nReq=64 senderID=2 sn=18
03:23:57.302 DBG Creating new Batch. nReq=64
03:23:57.303 INF Handling PREPREPARE. nReq=64 senderID=1 sn=17
03:23:57.304 DBG Creating new Batch. nReq=64
03:23:57.312 DBG Sending PREPARE. senderID=0 sn=18 view=0
03:23:57.313 DBG Sending COMMIT. senderID=0 sn=18 view=0
03:23:57.314 DBG Sending PREPARE. senderID=0 sn=17 view=0
03:23:57.314 DBG Sending COMMIT. senderID=0 sn=17 view=0
03:23:57.316 INF Committed entry. latency=0 nReq=64 sn=18
03:23:57.316 DBG Starting timer. sn=22 view=0
03:23:57.317 INF Committed entry. latency=0 nReq=64 sn=17
03:23:57.318 DBG Starting timer. sn=21 view=0
03:23:57.318 INF Handling PREPREPARE. nReq=64 senderID=3 sn=19
03:23:57.319 DBG Creating new Batch. nReq=64
03:23:57.322 DBG Sending COMMIT. senderID=0 sn=16 view=0
03:23:57.323 INF Committed entry. latency=0 nReq=64 sn=16
03:23:57.323 INF Delivered batch. nReq=64 sn=16
03:23:57.324 INF Delivered batch. nReq=64 sn=17
03:23:57.324 INF Delivered batch. nReq=64 sn=18
03:23:57.324 DBG Starting timer. sn=20 view=0
03:23:57.326 DBG Sending PREPARE. senderID=0 sn=19 view=0
03:23:57.328 DBG Sending COMMIT. senderID=0 sn=19 view=0
03:23:57.329 INF Committed entry. latency=0 nReq=64 sn=19
03:23:57.329 INF Delivered batch. nReq=64 sn=19
03:23:57.329 DBG Starting timer. sn=23 view=0
03:23:58.300 DBG Batch ready. batchSize=4096
03:23:58.300 DBG Batch cut. left=0 nBuckets=16 nReq=64 next=0
03:23:58.301 DBG Waiting for batch. batchSize=4096
03:23:58.302 INF Sending PREPREPARE. nReq=64 senderID=0 sn=20 view=0
03:23:58.304 INF Handling PREPREPARE. nReq=64 senderID=2 sn=22
03:23:58.304 DBG Creating new Batch. nReq=64
03:23:58.308 INF Handling PREPREPARE. nReq=64 senderID=1 sn=21
03:23:58.308 DBG Creating new Batch. nReq=64
03:23:58.313 DBG Sending PREPARE. senderID=0 sn=22 view=0
03:23:58.314 DBG Sending COMMIT. senderID=0 sn=22 view=0
03:23:58.317 DBG Sending PREPARE. senderID=0 sn=21 view=0
03:23:58.318 DBG Sending COMMIT. senderID=0 sn=21 view=0
03:23:58.318 INF Committed entry. latency=0 nReq=64 sn=22
03:23:58.318 DBG Starting timer. sn=26 view=0
03:23:58.319 INF Committed entry. latency=0 nReq=64 sn=21
03:23:58.320 DBG Starting timer. sn=25 view=0
03:23:58.320 INF Handling PREPREPARE. nReq=64 senderID=3 sn=23
03:23:58.320 DBG Creating new Batch. nReq=64
03:23:58.324 DBG Sending COMMIT. senderID=0 sn=20 view=0
03:23:58.324 INF Committed entry. latency=0 nReq=64 sn=20
03:23:58.324 INF Delivered batch. nReq=64 sn=20
03:23:58.325 INF Delivered batch. nReq=64 sn=21
03:23:58.325 INF Delivered batch. nReq=64 sn=22
03:23:58.325 DBG Starting timer. sn=24 view=0
03:23:58.329 DBG Sending PREPARE. senderID=0 sn=23 view=0
03:23:58.331 DBG Sending COMMIT. senderID=0 sn=23 view=0
03:23:58.331 INF Committed entry. latency=0 nReq=64 sn=23
03:23:58.332 INF Delivered batch. nReq=64 sn=23
03:23:58.332 DBG Starting timer. sn=27 view=0
03:23:59.301 DBG Batch ready. batchSize=4096
03:23:59.302 DBG Batch cut. left=0 nBuckets=16 nReq=64 next=0
03:23:59.302 DBG Waiting for batch. batchSize=4096
03:23:59.303 INF Sending PREPREPARE. nReq=64 senderID=0 sn=24 view=0
03:23:59.304 INF Handling PREPREPARE. nReq=65 senderID=2 sn=26
03:23:59.304 DBG Creating new Batch. nReq=65
03:23:59.307 INF Handling PREPREPARE. nReq=64 senderID=1 sn=25
03:23:59.307 DBG Creating new Batch. nReq=64
03:23:59.312 DBG Sending PREPARE. senderID=0 sn=26 view=0
03:23:59.315 DBG Sending PREPARE. senderID=0 sn=25 view=0
03:23:59.316 DBG Sending COMMIT. senderID=0 sn=25 view=0
03:23:59.318 DBG Sending COMMIT. senderID=0 sn=26 view=0
03:23:59.318 INF Committed entry. latency=0 nReq=64 sn=25
03:23:59.318 DBG Starting timer. sn=29 view=0
03:23:59.319 INF Committed entry. latency=0 nReq=65 sn=26
03:23:59.320 DBG Starting timer. sn=30 view=0
03:23:59.320 DBG Sending COMMIT. senderID=0 sn=24 view=0
03:23:59.322 INF Committed entry. latency=0 nReq=64 sn=24
03:23:59.322 INF Delivered batch. nReq=64 sn=24
03:23:59.322 INF Delivered batch. nReq=64 sn=25
03:23:59.322 INF Delivered batch. nReq=65 sn=26
03:23:59.322 DBG Starting timer. sn=28 view=0
03:23:59.325 INF Handling PREPREPARE. nReq=64 senderID=3 sn=27
03:23:59.325 DBG Creating new Batch. nReq=64
03:23:59.333 DBG Sending PREPARE. senderID=0 sn=27 view=0
03:23:59.334 DBG Sending COMMIT. senderID=0 sn=27 view=0
03:23:59.336 INF Committed entry. latency=0 nReq=64 sn=27
03:23:59.337 INF Delivered batch. nReq=64 sn=27
03:23:59.337 DBG Starting timer. sn=31 view=0
03:24:00.303 DBG Batch ready. batchSize=4096
03:24:00.304 DBG Batch cut. left=0 nBuckets=16 nReq=64 next=0
03:24:00.304 DBG Waiting for batch. batchSize=4096
03:24:00.306 INF Handling PREPREPARE. nReq=64 senderID=2 sn=30
03:24:00.306 DBG Creating new Batch. nReq=64
03:24:00.307 INF Sending PREPREPARE. nReq=64 senderID=0 sn=28 view=0
03:24:00.309 INF Handling PREPREPARE. nReq=64 senderID=1 sn=29
03:24:00.309 DBG Creating new Batch. nReq=64
03:24:00.315 DBG Sending PREPARE. senderID=0 sn=30 view=0
03:24:00.317 DBG Sending COMMIT. senderID=0 sn=30 view=0
03:24:00.317 DBG Sending PREPARE. senderID=0 sn=29 view=0
03:24:00.319 INF Committed entry. latency=0 nReq=64 sn=30
03:24:00.319 DBG Starting timer. sn=34 view=0
03:24:00.319 DBG Sending COMMIT. senderID=0 sn=29 view=0
03:24:00.321 INF Committed entry. latency=0 nReq=64 sn=29
03:24:00.321 DBG Starting timer. sn=33 view=0
03:24:00.323 INF Handling PREPREPARE. nReq=64 senderID=3 sn=31
03:24:00.323 DBG Creating new Batch. nReq=64
03:24:00.328 DBG Sending COMMIT. senderID=0 sn=28 view=0
03:24:00.329 INF Committed entry. latency=0 nReq=64 sn=28
03:24:00.329 INF Delivered batch. nReq=64 sn=28
03:24:00.329 INF Delivered batch. nReq=64 sn=29
03:24:00.329 INF Delivered batch. nReq=64 sn=30
03:24:00.330 DBG Starting timer. sn=32 view=0
03:24:00.331 DBG Sending PREPARE. senderID=0 sn=31 view=0
03:24:00.331 DBG Sending COMMIT. senderID=0 sn=31 view=0
03:24:00.333 INF Committed entry. latency=0 nReq=64 sn=31
03:24:00.333 INF Delivered batch. nReq=64 sn=31
03:24:00.333 DBG Starting timer. sn=35 view=0
03:24:01.305 DBG Batch ready. batchSize=4096
03:24:01.306 DBG Batch cut. left=0 nBuckets=16 nReq=65 next=0
03:24:01.306 DBG Waiting for batch. batchSize=4096
03:24:01.307 INF Handling PREPREPARE. nReq=64 senderID=2 sn=34
03:24:01.308 INF Sending PREPREPARE. nReq=65 senderID=0 sn=32 view=0
03:24:01.308 DBG Creating new Batch. nReq=64
03:24:01.309 INF Handling PREPREPARE. nReq=64 senderID=1 sn=33
03:24:01.309 DBG Creating new Batch. nReq=64
03:24:01.318 DBG Sending PREPARE. senderID=0 sn=34 view=0
03:24:01.318 DBG Sending COMMIT. senderID=0 sn=34 view=0
03:24:01.318 DBG Sending PREPARE. senderID=0 sn=33 view=0
03:24:01.319 DBG Sending COMMIT. senderID=0 sn=33 view=0
03:24:01.322 INF Handling PREPREPARE. nReq=64 senderID=3 sn=35
03:24:01.322 DBG Creating new Batch. nReq=64
03:24:01.322 INF Committed entry. latency=0 nReq=64 sn=33
03:24:01.322 INF Committed entry. latency=0 nReq=64 sn=34
03:24:01.322 DBG Starting timer. sn=37 view=0
03:24:01.322 DBG Starting timer. sn=38 view=0
03:24:01.326 DBG Sending COMMIT. senderID=0 sn=32 view=0
03:24:01.327 INF Committed entry. latency=0 nReq=65 sn=32
03:24:01.328 INF Delivered batch. nReq=65 sn=32
03:24:01.328 INF Delivered batch. nReq=64 sn=33
03:24:01.328 INF Delivered batch. nReq=64 sn=34
03:24:01.328 DBG Starting timer. sn=36 view=0
03:24:01.329 DBG Sending PREPARE. senderID=0 sn=35 view=0
03:24:01.331 DBG Sending COMMIT. senderID=0 sn=35 view=0
03:24:01.331 INF Committed entry. latency=0 nReq=64 sn=35
03:24:01.331 INF Delivered batch. nReq=64 sn=35
03:24:01.332 DBG Starting timer. sn=39 view=0
03:24:02.307 DBG Batch ready. batchSize=4096
03:24:02.308 DBG Batch cut. left=0 nBuckets=16 nReq=64 next=0
03:24:02.308 DBG Waiting for batch. batchSize=4096
03:24:02.308 INF Handling PREPREPARE. nReq=64 senderID=2 sn=38
03:24:02.308 DBG Creating new Batch. nReq=64
03:24:02.309 INF Sending PREPREPARE. nReq=64 senderID=0 sn=36 view=0
03:24:02.312 INF Handling PREPREPARE. nReq=64 senderID=1 sn=37
03:24:02.312 DBG Creating new Batch. nReq=64
03:24:02.318 DBG Sending PREPARE. senderID=0 sn=38 view=0
03:24:02.318 DBG Sending COMMIT. senderID=0 sn=38 view=0
03:24:02.320 DBG Sending PREPARE. senderID=0 sn=37 view=0
03:24:02.321 DBG Sending COMMIT. senderID=0 sn=37 view=0
03:24:02.321 INF Committed entry. latency=0 nReq=64 sn=38
03:24:02.322 DBG Starting timer. sn=42 view=0
03:24:02.322 INF Handling PREPREPARE. nReq=64 senderID=3 sn=39
03:24:02.322 DBG Creating new Batch. nReq=64
03:24:02.323 INF Committed entry. latency=0 nReq=64 sn=37
03:24:02.324 DBG Starting timer. sn=41 view=0
03:24:02.329 DBG Sending COMMIT. senderID=0 sn=36 view=0
03:24:02.330 INF Committed entry. latency=0 nReq=64 sn=36
03:24:02.330 INF Delivered batch. nReq=64 sn=36
03:24:02.330 INF Delivered batch. nReq=64 sn=37
03:24:02.330 INF Delivered batch. nReq=64 sn=38
03:24:02.330 DBG Sending PREPARE. senderID=0 sn=39 view=0
03:24:02.330 DBG Starting timer. sn=40 view=0
03:24:02.332 DBG Sending COMMIT. senderID=0 sn=39 view=0
03:24:02.334 INF Committed entry. latency=0 nReq=64 sn=39
03:24:02.334 INF Delivered batch. nReq=64 sn=39
03:24:02.334 DBG Starting timer. sn=43 view=0
03:24:03.308 DBG Batch ready. batchSize=4096
03:24:03.309 DBG Batch cut. left=0 nBuckets=16 nReq=64 next=0
03:24:03.309 INF Handling PREPREPARE. nReq=64 senderID=2 sn=42
03:24:03.310 DBG Creating new Batch. nReq=64
03:24:03.309 DBG Waiting for batch. batchSize=4096
03:24:03.310 INF Sending PREPREPARE. nReq=64 senderID=0 sn=40 view=0
03:24:03.314 INF Handling PREPREPARE. nReq=64 senderID=1 sn=41
03:24:03.314 DBG Creating new Batch. nReq=64
03:24:03.320 DBG Sending PREPARE. senderID=0 sn=42 view=0
03:24:03.321 DBG Sending COMMIT. senderID=0 sn=42 view=0
03:24:03.321 INF Committed entry. latency=0 nReq=64 sn=42
03:24:03.321 DBG Starting timer. sn=46 view=0
03:24:03.322 DBG Sending PREPARE. senderID=0 sn=41 view=0
03:24:03.324 DBG Sending COMMIT. senderID=0 sn=41 view=0
03:24:03.324 INF Handling PREPREPARE. nReq=64 senderID=3 sn=43
03:24:03.325 DBG Creating new Batch. nReq=64
03:24:03.326 INF Committed entry. latency=0 nReq=64 sn=41
03:24:03.326 DBG Starting timer. sn=45 view=0
03:24:03.331 DBG Sending COMMIT. senderID=0 sn=40 view=0
03:24:03.331 INF Committed entry. latency=0 nReq=64 sn=40
03:24:03.331 INF Delivered batch. nReq=64 sn=40
03:24:03.332 INF Delivered batch. nReq=64 sn=41
03:24:03.332 INF Delivered batch. nReq=64 sn=42
03:24:03.332 DBG Starting timer. sn=44 view=0
03:24:03.332 DBG Sending PREPARE. senderID=0 sn=43 view=0
03:24:03.333 DBG Sending COMMIT. senderID=0 sn=43 view=0
03:24:03.335 INF Committed entry. latency=0 nReq=64 sn=43
03:24:03.335 INF Delivered batch. nReq=64 sn=43
03:24:03.335 DBG Starting timer. sn=47 view=0
03:24:04.312 DBG Batch ready. batchSize=4096
03:24:04.312 DBG Batch cut. left=0 nBuckets=16 nReq=64 next=0
03:24:04.313 DBG Waiting for batch. batchSize=4096
03:24:04.313 INF Handling PREPREPARE. nReq=64 senderID=2 sn=46
03:24:04.313 DBG Creating new Batch. nReq=64
03:24:04.316 INF Sending PREPREPARE. nReq=64 senderID=0 sn=44 view=0
03:24:04.317 INF Handling PREPREPARE. nReq=64 senderID=1 sn=45
03:24:04.317 DBG Creating new Batch. nReq=64
03:24:04.323 DBG Sending PREPARE. senderID=0 sn=46 view=0
03:24:04.324 DBG Sending COMMIT. senderID=0 sn=46 view=0
03:24:04.325 DBG Sending PREPARE. senderID=0 sn=45 view=0
03:24:04.325 DBG Sending COMMIT. senderID=0 sn=45 view=0
03:24:04.326 INF Committed entry. latency=0 nReq=64 sn=46
03:24:04.326 DBG Starting timer. sn=50 view=0
03:24:04.328 INF Committed entry. latency=0 nReq=64 sn=45
03:24:04.328 DBG Starting timer. sn=49 view=0
03:24:04.328 INF Handling PREPREPARE. nReq=64 senderID=3 sn=47
03:24:04.329 DBG Creating new Batch. nReq=64
03:24:04.335 DBG Sending COMMIT. senderID=0 sn=44 view=0
03:24:04.336 INF Committed entry. latency=0 nReq=64 sn=44
03:24:04.337 INF Delivered batch. nReq=64 sn=44
03:24:04.337 INF Delivered batch. nReq=64 sn=45
03:24:04.337 INF Delivered batch. nReq=64 sn=46
03:24:04.337 DBG Starting timer. sn=48 view=0
03:24:04.338 DBG Sending PREPARE. senderID=0 sn=47 view=0
03:24:04.339 DBG Sending COMMIT. senderID=0 sn=47 view=0
03:24:04.341 INF Committed entry. latency=0 nReq=64 sn=47
03:24:04.341 INF Delivered batch. nReq=64 sn=47
03:24:04.341 DBG Starting timer. sn=51 view=0
03:24:05.312 INF Handling PREPREPARE. nReq=64 senderID=2 sn=50
03:24:05.313 DBG Creating new Batch. nReq=64
03:24:05.314 DBG Batch ready. batchSize=4096
03:24:05.314 DBG Batch cut. left=0 nBuckets=16 nReq=64 next=0
03:24:05.317 INF Handling PREPREPARE. nReq=64 senderID=1 sn=49
03:24:05.317 DBG Waiting for batch. batchSize=4096
03:24:05.317 DBG Creating new Batch. nReq=64
03:24:05.318 INF Sending PREPREPARE. nReq=64 senderID=0 sn=48 view=0
03:24:05.323 DBG Sending PREPARE. senderID=0 sn=50 view=0
03:24:05.324 DBG Sending COMMIT. senderID=0 sn=50 view=0
03:24:05.324 INF Committed entry. latency=0 nReq=64 sn=50
03:24:05.324 DBG Starting timer. sn=54 view=0
03:24:05.326 DBG Sending PREPARE. senderID=0 sn=49 view=0
03:24:05.327 DBG Sending COMMIT. senderID=0 sn=49 view=0
03:24:05.329 INF Committed entry. latency=0 nReq=64 sn=49
03:24:05.329 DBG Starting timer. sn=53 view=0
03:24:05.331 INF Handling PREPREPARE. nReq=65 senderID=3 sn=51
03:24:05.331 DBG Creating new Batch. nReq=65
03:24:05.337 DBG Sending COMMIT. senderID=0 sn=48 view=0
03:24:05.339 DBG Sending PREPARE. senderID=0 sn=51 view=0
03:24:05.339 DBG Sending COMMIT. senderID=0 sn=51 view=0
03:24:05.339 INF Committed entry. latency=0 nReq=64 sn=48
03:24:05.339 INF Delivered batch. nReq=64 sn=48
03:24:05.340 INF Delivered batch. nReq=64 sn=49
03:24:05.340 INF Delivered batch. nReq=64 sn=50
03:24:05.340 DBG Starting timer. sn=52 view=0
03:24:05.341 INF Committed entry. latency=0 nReq=65 sn=51
03:24:05.342 INF Delivered batch. nReq=65 sn=51
03:24:05.342 DBG Starting timer. sn=55 view=0
03:24:06.315 INF Handling PREPREPARE. nReq=64 senderID=2 sn=54
03:24:06.315 DBG Creating new Batch. nReq=64
03:24:06.318 INF Handling PREPREPARE. nReq=65 senderID=1 sn=53
03:24:06.318 DBG Creating new Batch. nReq=65
03:24:06.318 DBG Batch ready. batchSize=4096
03:24:06.318 DBG Batch cut. left=0 nBuckets=16 nReq=64 next=0
03:24:06.321 DBG Waiting for batch. batchSize=4096
03:24:06.322 INF Sending PREPREPARE. nReq=64 senderID=0 sn=52 view=0
03:24:06.328 DBG Sending PREPARE. senderID=0 sn=54 view=0
03:24:06.328 DBG Sending PREPARE. senderID=0 sn=53 view=0
03:24:06.328 DBG Sending COMMIT. senderID=0 sn=54 view=0
03:24:06.328 DBG Sending COMMIT. senderID=0 sn=53 view=0
03:24:06.328 INF Committed entry. latency=0 nReq=64 sn=54
03:24:06.329 DBG Starting timer. sn=58 view=0
03:24:06.331 INF Committed entry. latency=0 nReq=65 sn=53
03:24:06.331 DBG Starting timer. sn=57 view=0
03:24:06.333 INF Handling PREPREPARE. nReq=64 senderID=3 sn=55
03:24:06.333 DBG Creating new Batch. nReq=64
03:24:06.341 DBG Sending PREPARE. senderID=0 sn=55 view=0
03:24:06.342 DBG Sending COMMIT. senderID=0 sn=52 view=0
03:24:06.342 DBG Sending COMMIT. senderID=0 sn=55 view=0
03:24:06.343 INF Committed entry. latency=0 nReq=64 sn=55
03:24:06.343 DBG Starting timer. sn=59 view=0
03:24:06.344 INF Committed entry. latency=0 nReq=64 sn=52
03:24:06.344 INF Delivered batch. nReq=64 sn=52
03:24:06.344 INF Delivered batch. nReq=65 sn=53
03:24:06.344 INF Delivered batch. nReq=64 sn=54
03:24:06.344 INF Delivered batch. nReq=64 sn=55
03:24:06.344 DBG Starting timer. sn=56 view=0
03:24:07.317 INF Handling PREPREPARE. nReq=64 senderID=2 sn=58
03:24:07.317 DBG Creating new Batch. nReq=64
03:24:07.319 INF Handling PREPREPARE. nReq=64 senderID=1 sn=57
03:24:07.320 DBG Creating new Batch. nReq=64
03:24:07.322 DBG Batch ready. batchSize=4096
03:24:07.323 DBG Batch cut. left=0 nBuckets=16 nReq=65 next=0
03:24:07.325 DBG Waiting for batch. batchSize=4096
03:24:07.325 DBG Sending PREPARE. senderID=0 sn=58 view=0
03:24:07.325 DBG Sending COMMIT. senderID=0 sn=58 view=0
03:24:07.325 INF Sending PREPREPARE. nReq=65 senderID=0 sn=56 view=0
03:24:07.328 INF Committed entry. latency=0 nReq=64 sn=58
03:24:07.328 DBG Starting timer. sn=62 view=0
03:24:07.329 DBG Sending PREPARE. senderID=0 sn=57 view=0
03:24:07.329 DBG Sending COMMIT. senderID=0 sn=57 view=0
03:24:07.333 INF Committed entry. latency=0 nReq=64 sn=57
03:24:07.333 DBG Starting timer. sn=61 view=0
03:24:07.333 INF Handling PREPREPARE. nReq=64 senderID=3 sn=59
03:24:07.333 DBG Creating new Batch. nReq=64
03:24:07.340 DBG Sending PREPARE. senderID=0 sn=59 view=0
03:24:07.342 DBG Sending COMMIT. senderID=0 sn=59 view=0
03:24:07.344 INF Committed entry. latency=0 nReq=64 sn=59
03:24:07.344 DBG Starting timer. sn=63 view=0
03:24:07.344 DBG Sending COMMIT. senderID=0 sn=56 view=0
03:24:07.346 INF Committed entry. latency=0 nReq=65 sn=56
03:24:07.346 INF Delivered batch. nReq=65 sn=56
03:24:07.347 INF Delivered batch. nReq=64 sn=57
03:24:07.347 INF Delivered batch. nReq=64 sn=58
03:24:07.347 INF Delivered batch. nReq=64 sn=59
03:24:07.347 DBG Starting timer. sn=60 view=0
03:24:08.319 INF Handling PREPREPARE. nReq=64 senderID=2 sn=62
03:24:08.319 DBG Creating new Batch. nReq=64
03:24:08.319 INF Handling PREPREPARE. nReq=64 senderID=1 sn=61
03:24:08.319 DBG Creating new Batch. nReq=64
03:24:08.325 DBG Batch ready. batchSize=4096
03:24:08.326 DBG Batch cut. left=0 nBuckets=16 nReq=64 next=0
03:24:08.326 DBG Waiting for batch. batchSize=4096
03:24:08.328 DBG Sending PREPARE. senderID=0 sn=61 view=0
03:24:08.329 INF Sending PREPREPARE. nReq=64 senderID=0 sn=60 view=0
03:24:08.331 DBG Sending COMMIT. senderID=0 sn=61 view=0
03:24:08.332 INF Committed entry. latency=0 nReq=64 sn=61
03:24:08.332 DBG Starting timer. sn=65 view=0
03:24:08.332 DBG Sending PREPARE. senderID=0 sn=62 view=0
03:24:08.332 DBG Sending COMMIT. senderID=0 sn=62 view=0
03:24:08.333 INF Committed entry. latency=0 nReq=64 sn=62
03:24:08.333 DBG Starting timer. sn=66 view=0
03:24:08.334 INF Handling PREPREPARE. nReq=64 senderID=3 sn=63
03:24:08.334 DBG Creating new Batch. nReq=64
03:24:08.342 DBG Sending PREPARE. senderID=0 sn=63 view=0
03:24:08.345 DBG Sending COMMIT. senderID=0 sn=63 view=0
03:24:08.347 INF Committed entry. latency=0 nReq=64 sn=63
03:24:08.347 DBG Starting timer. sn=67 view=0
03:24:08.348 DBG Sending COMMIT. senderID=0 sn=60 view=0
03:24:08.350 INF Committed entry. latency=0 nReq=64 sn=60
03:24:08.350 INF Delivered batch. nReq=64 sn=60
03:24:08.350 INF Delivered batch. nReq=64 sn=61
03:24:08.351 INF Delivered batch. nReq=64 sn=62
03:24:08.351 INF Delivered batch. nReq=64 sn=63
03:24:08.351 DBG Starting timer. sn=64 view=0
03:24:09.320 INF Handling PREPREPARE. nReq=64 senderID=2 sn=66
03:24:09.320 DBG Creating new Batch. nReq=64
03:24:09.321 INF Handling PREPREPARE. nReq=64 senderID=1 sn=65
03:24:09.322 DBG Creating new Batch. nReq=64
03:24:09.327 DBG Batch ready. batchSize=4096
03:24:09.327 DBG Batch cut. left=0 nBuckets=16 nReq=64 next=0
03:24:09.328 DBG Waiting for batch. batchSize=4096
03:24:09.329 INF Sending PREPREPARE. nReq=64 senderID=0 sn=64 view=0
03:24:09.331 DBG Sending PREPARE. senderID=0 sn=66 view=0
03:24:09.331 DBG Sending COMMIT. senderID=0 sn=66 view=0
03:24:09.331 DBG Sending PREPARE. senderID=0 sn=65 view=0
03:24:09.332 DBG Sending COMMIT. senderID=0 sn=65 view=0
03:24:09.334 INF Committed entry. latency=0 nReq=64 sn=66
03:24:09.334 INF Committed entry. latency=0 nReq=64 sn=65
03:24:09.334 DBG Starting timer. sn=70 view=0
03:24:09.334 DBG Starting timer. sn=69 view=0
03:24:09.335 INF Handling PREPREPARE. nReq=64 senderID=3 sn=67
03:24:09.335 DBG Creating new Batch. nReq=64
03:24:09.342 DBG Sending PREPARE. senderID=0 sn=67 view=0
03:24:09.344 DBG Sending COMMIT. senderID=0 sn=67 view=0
03:24:09.346 INF Committed entry. latency=0 nReq=64 sn=67
03:24:09.346 DBG Starting timer. sn=71 view=0
03:24:09.348 DBG Sending COMMIT. senderID=0 sn=64 view=0
03:24:09.348 INF Committed entry. latency=0 nReq=64 sn=64
03:24:09.349 INF Delivered batch. nReq=64 sn=64
03:24:09.349 INF Delivered batch. nReq=64 sn=65
03:24:09.349 INF Delivered batch. nReq=64 sn=66
03:24:09.349 INF Delivered batch. nReq=64 sn=67
03:24:09.349 DBG Starting timer. sn=68 view=0
03:24:10.321 INF Handling PREPREPARE. nReq=65 senderID=2 sn=70
03:24:10.321 DBG Creating new Batch. nReq=65
03:24:10.323 INF Handling PREPREPARE. nReq=64 senderID=1 sn=69
03:24:10.323 DBG Creating new Batch. nReq=64
03:24:10.328 DBG Sending PREPARE. senderID=0 sn=70 view=0
03:24:10.328 DBG Batch ready. batchSize=4096
03:24:10.329 DBG Batch cut. left=0 nBuckets=16 nReq=64 next=0
03:24:10.329 DBG Waiting for batch. batchSize=4096
03:24:10.330 DBG Sending COMMIT. senderID=0 sn=70 view=0
03:24:10.331 DBG Sending PREPARE. senderID=0 sn=69 view=0
03:24:10.331 INF Committed entry. latency=0 nReq=65 sn=70
03:24:10.331 DBG Sending COMMIT. senderID=0 sn=69 view=0
03:24:10.331 DBG Starting timer. sn=74 view=0
03:24:10.331 INF Sending PREPREPARE. nReq=64 senderID=0 sn=68 view=0
03:24:10.335 INF Committed entry. latency=0 nReq=64 sn=69
03:24:10.335 DBG Starting timer. sn=73 view=0
03:24:10.338 INF Handling PREPREPARE. nReq=64 senderID=3 sn=71
03:24:10.338 DBG Creating new Batch. nReq=64
03:24:10.345 DBG Sending PREPARE. senderID=0 sn=71 view=0
03:24:10.347 DBG Sending COMMIT. senderID=0 sn=71 view=0
03:24:10.348 DBG Sending COMMIT. senderID=0 sn=68 view=0
03:24:10.348 INF Committed entry. latency=0 nReq=64 sn=71
03:24:10.348 DBG Starting timer. sn=75 view=0
03:24:10.348 INF Committed entry. latency=0 nReq=64 sn=68
03:24:10.348 INF Delivered batch. nReq=64 sn=68
03:24:10.349 INF Delivered batch. nReq=64 sn=69
03:24:10.349 INF Delivered batch. nReq=65 sn=70
03:24:10.349 INF Delivered batch. nReq=64 sn=71
03:24:10.349 DBG Starting timer. sn=72 view=0
03:24:11.324 INF Handling PREPREPARE. nReq=64 senderID=1 sn=73
03:24:11.324 DBG Creating new Batch. nReq=64
03:24:11.325 INF Handling PREPREPARE. nReq=64 senderID=2 sn=74
03:24:11.325 DBG Creating new Batch. nReq=64
03:24:11.330 DBG Batch ready. batchSize=4096
03:24:11.330 DBG Batch cut. left=0 nBuckets=16 nReq=64 next=0
03:24:11.330 DBG Waiting for batch. batchSize=4096
03:24:11.332 INF Sending PREPREPARE. nReq=64 senderID=0 sn=72 view=0
03:24:11.335 DBG Sending PREPARE. senderID=0 sn=74 view=0
03:24:11.335 DBG Sending COMMIT. senderID=0 sn=74 view=0
03:24:11.336 DBG Sending PREPARE. senderID=0 sn=73 view=0
03:24:11.336 INF Committed entry. latency=0 nReq=64 sn=74
03:24:11.336 DBG Sending COMMIT. senderID=0 sn=73 view=0
03:24:11.336 DBG Starting timer. sn=78 view=0
03:24:11.337 INF Committed entry. latency=0 nReq=64 sn=73
03:24:11.337 DBG Starting timer. sn=77 view=0
03:24:11.340 INF Handling PREPREPARE. nReq=64 senderID=3 sn=75
03:24:11.340 DBG Creating new Batch. nReq=64
03:24:11.348 DBG Sending PREPARE. senderID=0 sn=75 view=0
03:24:11.349 DBG Sending COMMIT. senderID=0 sn=72 view=0
03:24:11.350 DBG Sending COMMIT. senderID=0 sn=75 view=0
03:24:11.352 INF Committed entry. latency=0 nReq=64 sn=75
03:24:11.352 INF Committed entry. latency=0 nReq=64 sn=72
03:24:11.352 INF Delivered batch. nReq=64 sn=72
03:24:11.352 INF Delivered batch. nReq=64 sn=73
03:24:11.352 INF Delivered batch. nReq=64 sn=74
03:24:11.352 INF Delivered batch. nReq=64 sn=75
03:24:11.352 DBG Starting timer. sn=79 view=0
03:24:11.353 DBG Starting timer. sn=76 view=0
03:24:12.326 INF Handling PREPREPARE. nReq=64 senderID=1 sn=77
03:24:12.326 DBG Creating new Batch. nReq=64
03:24:12.326 INF Handling PREPREPARE. nReq=64 senderID=2 sn=78
03:24:12.326 DBG Creating new Batch. nReq=64
03:24:12.331 DBG Batch ready. batchSize=4096
03:24:12.331 DBG Batch cut. left=0 nBuckets=16 nReq=64 next=0
03:24:12.333 DBG Waiting for batch. batchSize=4096
03:24:12.334 INF Sending PREPREPARE. nReq=64 senderID=0 sn=76 view=0
03:24:12.336 DBG Sending PREPARE. senderID=0 sn=78 view=0
03:24:12.336 DBG Sending COMMIT. senderID=0 sn=78 view=0
03:24:12.336 DBG Sending PREPARE. senderID=0 sn=77 view=0
03:24:12.337 DBG Sending COMMIT. senderID=0 sn=77 view=0
03:24:12.338 INF Committed entry. latency=0 nReq=64 sn=78
03:24:12.339 DBG Starting timer. sn=82 view=0
03:24:12.339 INF Committed entry. latency=0 nReq=64 sn=77
03:24:12.340 DBG Starting timer. sn=81 view=0
03:24:12.341 INF Handling PREPREPARE. nReq=65 senderID=3 sn=79
03:24:12.342 DBG Creating new Batch. nReq=65
03:24:12.348 DBG Sending PREPARE. senderID=0 sn=79 view=0
03:24:12.351 DBG Sending COMMIT. senderID=0 sn=79 view=0
03:24:12.352 DBG Sending COMMIT. senderID=0 sn=76 view=0
03:24:12.353 INF Committed entry. latency=0 nReq=64 sn=76
03:24:12.353 INF Committed entry. latency=0 nReq=65 sn=79
03:24:12.354 INF Delivered batch. nReq=64 sn=76
03:24:12.354 INF Delivered batch. nReq=64 sn=77
03:24:12.354 INF Delivered batch. nReq=64 sn=78
03:24:12.354 INF Delivered batch. nReq=65 sn=79
03:24:12.354 DBG Starting timer. sn=80 view=0
03:24:12.354 DBG Starting timer. sn=83 view=0
03:24:13.329 INF Handling PREPREPARE. nReq=64 senderID=1 sn=81
03:24:13.329 DBG Creating new Batch. nReq=64
03:24:13.329 INF Handling PREPREPARE. nReq=64 senderID=2 sn=82
03:24:13.329 DBG Creating new Batch. nReq=64
03:24:13.334 DBG Batch ready. batchSize=4096
03:24:13.335 DBG Batch cut. left=0 nBuckets=16 nReq=65 next=0
03:24:13.336 DBG Waiting for batch. batchSize=4096
03:24:13.337 INF Sending PREPREPARE. nReq=65 senderID=0 sn=80 view=0
03:24:13.338 DBG Sending PREPARE. senderID=0 sn=81 view=0
03:24:13.338 DBG Sending COMMIT. senderID=0 sn=81 view=0
03:24:13.340 DBG Sending PREPARE. senderID=0 sn=82 view=0
03:24:13.340 DBG Sending COMMIT. senderID=0 sn=82 view=0
03:24:13.341 INF Committed entry. latency=0 nReq=64 sn=81
03:24:13.341 DBG Starting timer. sn=85 view=0
03:24:13.342 INF Committed entry. latency=0 nReq=64 sn=82
03:24:13.342 DBG Starting timer. sn=86 view=0
03:24:13.344 INF Handling PREPREPARE. nReq=64 senderID=3 sn=83
03:24:13.344 DBG Creating new Batch. nReq=64
03:24:13.352 DBG Sending PREPARE. senderID=0 sn=83 view=0
03:24:13.355 DBG Sending COMMIT. senderID=0 sn=80 view=0
03:24:13.355 DBG Sending COMMIT. senderID=0 sn=83 view=0
03:24:13.356 INF Committed entry. latency=0 nReq=64 sn=83
03:24:13.356 DBG Starting timer. sn=87 view=0
03:24:13.357 INF Committed entry. latency=0 nReq=65 sn=80
03:24:13.357 INF Delivered batch. nReq=65 sn=80
03:24:13.358 INF Delivered batch. nReq=64 sn=81
03:24:13.358 INF Delivered batch. nReq=64 sn=82
03:24:13.358 INF Delivered batch. nReq=64 sn=83
03:24:13.358 DBG Starting timer. sn=84 view=0
03:24:14.329 INF Handling PREPREPARE. nReq=64 senderID=1 sn=85
03:24:14.329 DBG Creating new Batch. nReq=64
03:24:14.330 INF Handling PREPREPARE. nReq=64 senderID=2 sn=86
03:24:14.330 DBG Creating new Batch. nReq=64
03:24:14.336 DBG Batch ready. batchSize=4096
03:24:14.337 DBG Batch cut. left=0 nBuckets=16 nReq=64 next=0
03:24:14.337 DBG Waiting for batch. batchSize=4096
03:24:14.338 DBG Sending PREPARE. senderID=0 sn=85 view=0
03:24:14.338 DBG Sending COMMIT. senderID=0 sn=85 view=0
03:24:14.340 INF Sending PREPREPARE. nReq=64 senderID=0 sn=84 view=0
03:24:14.340 DBG Sending PREPARE. senderID=0 sn=86 view=0
03:24:14.341 DBG Sending COMMIT. senderID=0 sn=86 view=0
03:24:14.342 INF Committed entry. latency=0 nReq=64 sn=86
03:24:14.342 INF Committed entry. latency=0 nReq=64 sn=85
03:24:14.342 DBG Starting timer. sn=90 view=0
03:24:14.342 DBG Starting timer. sn=89 view=0
03:24:14.345 INF Handling PREPREPARE. nReq=64 senderID=3 sn=87
03:24:14.345 DBG Creating new Batch. nReq=64
03:24:14.354 DBG Sending PREPARE. senderID=0 sn=87 view=0
03:24:14.356 DBG Sending COMMIT. senderID=0 sn=84 view=0
03:24:14.358 DBG Sending COMMIT. senderID=0 sn=87 view=0
03:24:14.358 INF Committed entry. latency=0 nReq=64 sn=84
03:24:14.358 INF Committed entry. latency=0 nReq=64 sn=87
03:24:14.358 INF Delivered batch. nReq=64 sn=84
03:24:14.358 INF Delivered batch. nReq=64 sn=85
03:24:14.358 INF Delivered batch. nReq=64 sn=86
03:24:14.359 INF Delivered batch. nReq=64 sn=87
03:24:14.359 DBG Starting timer. sn=88 view=0
03:24:14.359 DBG Starting timer. sn=91 view=0
03:24:15.330 INF Handling PREPREPARE. nReq=64 senderID=1 sn=89
03:24:15.330 DBG Creating new Batch. nReq=64
03:24:15.331 INF Handling PREPREPARE. nReq=64 senderID=2 sn=90
03:24:15.331 DBG Creating new Batch. nReq=64
03:24:15.338 DBG Batch ready. batchSize=4096
03:24:15.338 DBG Batch cut. left=0 nBuckets=16 nReq=64 next=0
03:24:15.338 DBG Sending PREPARE. senderID=0 sn=89 view=0
03:24:15.338 DBG Sending COMMIT. senderID=0 sn=89 view=0
03:24:15.338 DBG Waiting for batch. batchSize=4096
03:24:15.340 DBG Sending PREPARE. senderID=0 sn=90 view=0
03:24:15.340 DBG Sending COMMIT. senderID=0 sn=90 view=0
03:24:15.340 INF Sending PREPREPARE. nReq=64 senderID=0 sn=88 view=0
03:24:15.342 INF Committed entry. latency=0 nReq=64 sn=89
03:24:15.342 DBG Starting timer. sn=93 view=0
03:24:15.342 INF Committed entry. latency=0 nReq=64 sn=90
03:24:15.343 DBG Starting timer. sn=94 view=0
03:24:15.347 INF Handling PREPREPARE. nReq=64 senderID=3 sn=91
03:24:15.347 DBG Creating new Batch. nReq=64
03:24:15.354 DBG Sending PREPARE. senderID=0 sn=91 view=0
03:24:15.357 DBG Sending COMMIT. senderID=0 sn=91 view=0
03:24:15.357 DBG Sending COMMIT. senderID=0 sn=88 view=0
03:24:15.358 INF Committed entry. latency=0 nReq=64 sn=91
03:24:15.361 DBG Starting timer. sn=95 view=0
03:24:15.362 INF Committed entry. latency=0 nReq=64 sn=88
03:24:15.362 INF Delivered batch. nReq=64 sn=88
03:24:15.362 INF Delivered batch. nReq=64 sn=89
03:24:15.362 INF Delivered batch. nReq=64 sn=90
03:24:15.362 INF Delivered batch. nReq=64 sn=91
03:24:15.362 DBG Starting timer. sn=92 view=0
03:24:16.331 INF Handling PREPREPARE. nReq=64 senderID=1 sn=93
03:24:16.332 DBG Creating new Batch. nReq=64
03:24:16.334 INF Handling PREPREPARE. nReq=64 senderID=2 sn=94
03:24:16.334 DBG Creating new Batch. nReq=64
03:24:16.339 DBG Batch ready. batchSize=4096
03:24:16.340 DBG Batch cut. left=0 nBuckets=16 nReq=64 next=0
03:24:16.340 DBG Sending PREPARE. senderID=0 sn=93 view=0
03:24:16.340 DBG Waiting for batch. batchSize=4096
03:24:16.340 DBG Sending COMMIT. senderID=0 sn=93 view=0
03:24:16.342 INF Sending PREPREPARE. nReq=64 senderID=0 sn=92 view=0
03:24:16.342 INF Committed entry. latency=0 nReq=64 sn=93
03:24:16.342 DBG Starting timer. sn=97 view=0
03:24:16.343 DBG Sending PREPARE. senderID=0 sn=94 view=0
03:24:16.343 DBG Sending COMMIT. senderID=0 sn=94 view=0
03:24:16.345 INF Committed entry. latency=0 nReq=64 sn=94
03:24:16.345 DBG Starting timer. sn=98 view=0
03:24:16.347 INF Handling PREPREPARE. nReq=64 senderID=3 sn=95
03:24:16.348 DBG Creating new Batch. nReq=64
03:24:16.356 DBG Sending PREPARE. senderID=0 sn=95 view=0
03:24:16.358 DBG Sending COMMIT. senderID=0 sn=92 view=0
03:24:16.358 DBG Sending COMMIT. senderID=0 sn=95 view=0
03:24:16.359 INF Committed entry. latency=0 nReq=64 sn=95
03:24:16.359 DBG Starting timer. sn=99 view=0
03:24:16.359 INF Committed entry. latency=0 nReq=64 sn=92
03:24:16.359 INF Delivered batch. nReq=64 sn=92
03:24:16.360 INF Delivered batch. nReq=64 sn=93
03:24:16.360 INF Delivered batch. nReq=64 sn=94
03:24:16.360 INF Delivered batch. nReq=64 sn=95
03:24:16.360 DBG Starting timer. sn=96 view=0
03:24:17.332 INF Handling PREPREPARE. nReq=65 senderID=1 sn=97
03:24:17.333 DBG Creating new Batch. nReq=65
03:24:17.335 INF Handling PREPREPARE. nReq=64 senderID=2 sn=98
03:24:17.335 DBG Creating new Batch. nReq=64
03:24:17.341 DBG Batch ready. batchSize=4096
03:24:17.341 DBG Sending PREPARE. senderID=0 sn=97 view=0
03:24:17.341 DBG Sending COMMIT. senderID=0 sn=97 view=0
03:24:17.341 DBG Batch cut. left=0 nBuckets=16 nReq=64 next=0
03:24:17.341 DBG Waiting for batch. batchSize=4096
03:24:17.343 DBG Sending PREPARE. senderID=0 sn=98 view=0
03:24:17.344 INF Sending PREPREPARE. nReq=64 senderID=0 sn=96 view=0
03:24:17.345 DBG Sending COMMIT. senderID=0 sn=98 view=0
03:24:17.346 INF Committed entry. latency=0 nReq=65 sn=97
03:24:17.346 DBG Starting timer. sn=101 view=0
03:24:17.348 INF Committed entry. latency=0 nReq=64 sn=98
03:24:17.348 DBG Starting timer. sn=102 view=0
03:24:17.353 INF Handling PREPREPARE. nReq=64 senderID=3 sn=99
03:24:17.353 DBG Creating new Batch. nReq=64
03:24:17.359 DBG Sending COMMIT. senderID=0 sn=96 view=0
03:24:17.361 INF Committed entry. latency=0 nReq=64 sn=96
03:24:17.361 INF Delivered batch. nReq=64 sn=96
03:24:17.361 INF Delivered batch. nReq=65 sn=97
03:24:17.361 INF Delivered batch. nReq=64 sn=98
03:24:17.362 DBG Starting timer. sn=100 view=0
03:24:17.362 DBG Sending PREPARE. senderID=0 sn=99 view=0
03:24:17.362 DBG Sending COMMIT. senderID=0 sn=99 view=0
03:24:17.364 INF Committed entry. latency=0 nReq=64 sn=99
03:24:17.364 INF Delivered batch. nReq=64 sn=99
03:24:17.365 DBG Starting timer. sn=103 view=0
03:24:18.335 INF Handling PREPREPARE. nReq=64 senderID=1 sn=101
03:24:18.335 DBG Creating new Batch. nReq=64
03:24:18.337 INF Handling PREPREPARE. nReq=65 senderID=2 sn=102
03:24:18.337 DBG Creating new Batch. nReq=65
03:24:18.342 DBG Batch ready. batchSize=4096
03:24:18.342 DBG Batch cut. left=0 nBuckets=16 nReq=64 next=0
03:24:18.343 DBG Waiting for batch. batchSize=4096
03:24:18.345 INF Sending PREPREPARE. nReq=64 senderID=0 sn=100 view=0
03:24:18.346 DBG Sending PREPARE. senderID=0 sn=102 view=0
03:24:18.346 DBG Sending COMMIT. senderID=0 sn=102 view=0
03:24:18.347 DBG Sending PREPARE. senderID=0 sn=101 view=0
03:24:18.347 DBG Sending COMMIT. senderID=0 sn=101 view=0
03:24:18.347 INF Committed entry. latency=0 nReq=64 sn=101
03:24:18.347 DBG Starting timer. sn=105 view=0
03:24:18.349 INF Committed entry. latency=0 nReq=65 sn=102
03:24:18.350 DBG Starting timer. sn=106 view=0
03:24:18.353 INF Handling PREPREPARE. nReq=64 senderID=3 sn=103
03:24:18.353 DBG Creating new Batch. nReq=64
03:24:18.360 DBG Sending PREPARE. senderID=0 sn=103 view=0
03:24:18.362 DBG Sending COMMIT. senderID=0 sn=103 view=0
03:24:18.362 DBG Sending COMMIT. senderID=0 sn=100 view=0
03:24:18.364 INF Committed entry. latency=0 nReq=64 sn=103
03:24:18.364 INF Committed entry. latency=0 nReq=64 sn=100
03:24:18.364 INF Delivered batch. nReq=64 sn=100
03:24:18.365 INF Delivered batch. nReq=64 sn=101
03:24:18.365 INF Delivered batch. nReq=65 sn=102
03:24:18.365 INF Delivered batch. nReq=64 sn=103
03:24:18.365 DBG Starting timer. sn=107 view=0
03:24:18.365 DBG Starting timer. sn=104 view=0
03:24:19.335 INF Handling PREPREPARE. nReq=64 senderID=1 sn=105
03:24:19.335 DBG Creating new Batch. nReq=64
03:24:19.338 INF Handling PREPREPARE. nReq=64 senderID=2 sn=106
03:24:19.338 DBG Creating new Batch. nReq=64
03:24:19.343 DBG Sending PREPARE. senderID=0 sn=105 view=0
03:24:19.343 DBG Batch ready. batchSize=4096
03:24:19.343 DBG Batch cut. left=0 nBuckets=16 nReq=64 next=0
03:24:19.344 DBG Waiting for batch. batchSize=4096
03:24:19.344 DBG Sending COMMIT. senderID=0 sn=105 view=0
03:24:19.345 INF Sending PREPREPARE. nReq=64 senderID=0 sn=104 view=0
03:24:19.346 INF Committed entry. latency=0 nReq=64 sn=105
03:24:19.346 DBG Starting timer. sn=109 view=0
03:24:19.346 DBG Sending PREPARE. senderID=0 sn=106 view=0
03:24:19.347 DBG Sending COMMIT. senderID=0 sn=106 view=0
03:24:19.350 INF Committed entry. latency=0 nReq=64 sn=106
03:24:19.350 DBG Starting timer. sn=110 view=0
03:24:19.354 INF Handling PREPREPARE. nReq=64 senderID=3 sn=107
03:24:19.355 DBG Creating new Batch. nReq=64
03:24:19.361 DBG Sending PREPARE. senderID=0 sn=107 view=0
03:24:19.364 DBG Sending COMMIT. senderID=0 sn=107 view=0
03:24:19.365 DBG Sending COMMIT. senderID=0 sn=104 view=0
03:24:19.366 INF Committed entry. latency=0 nReq=64 sn=107
03:24:19.366 DBG Starting timer. sn=111 view=0
03:24:19.367 INF Committed entry. latency=0 nReq=64 sn=104
03:24:19.367 INF Delivered batch. nReq=64 sn=104
03:24:19.367 INF Delivered batch. nReq=64 sn=105
03:24:19.367 INF Delivered batch. nReq=64 sn=106
03:24:19.367 INF Delivered batch. nReq=64 sn=107
03:24:19.367 DBG Starting timer. sn=108 view=0
03:24:20.336 INF Handling PREPREPARE. nReq=64 senderID=1 sn=109
03:24:20.336 DBG Creating new Batch. nReq=64
03:24:20.341 INF Handling PREPREPARE. nReq=64 senderID=2 sn=110
03:24:20.341 DBG Creating new Batch. nReq=64
03:24:20.344 DBG Sending PREPARE. senderID=0 sn=109 view=0
03:24:20.344 DBG Batch ready. batchSize=4096
03:24:20.345 DBG Batch cut. left=0 nBuckets=16 nReq=64 next=0
03:24:20.345 DBG Waiting for batch. batchSize=4096
03:24:20.345 DBG Sending COMMIT. senderID=0 sn=109 view=0
03:24:20.347 INF Sending PREPREPARE. nReq=64 senderID=0 sn=108 view=0
03:24:20.348 INF Committed entry. latency=0 nReq=64 sn=109
03:24:20.348 DBG Starting timer. sn=113 view=0
03:24:20.350 DBG Sending PREPARE. senderID=0 sn=110 view=0
03:24:20.350 DBG Sending COMMIT. senderID=0 sn=110 view=0
03:24:20.352 INF Committed entry. latency=0 nReq=64 sn=110
03:24:20.353 DBG Starting timer. sn=114 view=0
03:24:20.355 INF Handling PREPREPARE. nReq=64 senderID=3 sn=111
03:24:20.355 DBG Creating new Batch. nReq=64
03:24:20.363 DBG Sending PREPARE. senderID=0 sn=111 view=0
03:24:20.365 DBG Sending COMMIT. senderID=0 sn=111 view=0
03:24:20.365 DBG Sending COMMIT. senderID=0 sn=108 view=0
03:24:20.366 INF Committed entry. latency=0 nReq=64 sn=111
03:24:20.366 INF Committed entry. latency=0 nReq=64 sn=108
03:24:20.367 INF Delivered batch. nReq=64 sn=108
03:24:20.367 INF Delivered batch. nReq=64 sn=109
03:24:20.367 INF Delivered batch. nReq=64 sn=110
03:24:20.367 INF Delivered batch. nReq=64 sn=111
03:24:20.367 DBG Starting timer. sn=115 view=0
03:24:20.367 DBG Starting timer. sn=112 view=0
03:24:21.338 INF Handling PREPREPARE. nReq=64 senderID=1 sn=113
03:24:21.338 DBG Creating new Batch. nReq=64
03:24:21.342 INF Handling PREPREPARE. nReq=64 senderID=2 sn=114
03:24:21.342 DBG Creating new Batch. nReq=64
03:24:21.345 DBG Batch ready. batchSize=4096
03:24:21.346 DBG Batch cut. left=0 nBuckets=16 nReq=64 next=0
03:24:21.346 DBG Waiting for batch. batchSize=4096
03:24:21.348 INF Sending PREPREPARE. nReq=64 senderID=0 sn=112 view=0
03:24:21.349 DBG Sending PREPARE. senderID=0 sn=113 view=0
03:24:21.350 DBG Sending COMMIT. senderID=0 sn=113 view=0
03:24:21.350 DBG Sending PREPARE. senderID=0 sn=114 view=0
03:24:21.350 INF Committed entry. latency=0 nReq=64 sn=113
03:24:21.351 DBG Starting timer. sn=117 view=0
03:24:21.351 DBG Sending COMMIT. senderID=0 sn=114 view=0
03:24:21.353 INF Committed entry. latency=0 nReq=64 sn=114
03:24:21.353 DBG Starting timer. sn=118 view=0
03:24:21.357 INF Handling PREPREPARE. nReq=65 senderID=3 sn=115
03:24:21.357 DBG Creating new Batch. nReq=65
03:24:21.365 DBG Sending PREPARE. senderID=0 sn=115 view=0
03:24:21.367 DBG Sending COMMIT. senderID=0 sn=112 view=0
03:24:21.367 DBG Sending COMMIT. senderID=0 sn=115 view=0
03:24:21.368 INF Committed entry. latency=0 nReq=64 sn=112
03:24:21.368 INF Delivered batch. nReq=64 sn=112
03:24:21.368 INF Delivered batch. nReq=64 sn=113
03:24:21.368 INF Delivered batch. nReq=64 sn=114
03:24:21.368 DBG Starting timer. sn=116 view=0
03:24:21.368 INF Committed entry. latency=0 nReq=65 sn=115
03:24:21.369 INF Delivered batch. nReq=65 sn=115
03:24:21.369 DBG Starting timer. sn=119 view=0
03:24:22.340 INF Handling PREPREPARE. nReq=64 senderID=1 sn=117
03:24:22.340 DBG Creating new Batch. nReq=64
03:24:22.346 INF Handling PREPREPARE. nReq=64 senderID=2 sn=118
03:24:22.346 DBG Creating new Batch. nReq=64
03:24:22.346 DBG Sending PREPARE. senderID=0 sn=117 view=0
03:24:22.347 DBG Batch ready. batchSize=4096
03:24:22.347 DBG Batch cut. left=0 nBuckets=16 nReq=64 next=0
03:24:22.348 DBG Waiting for batch. batchSize=4096
03:24:22.349 DBG Sending COMMIT. senderID=0 sn=117 view=0
03:24:22.350 INF Committed entry. latency=0 nReq=64 sn=117
03:24:22.350 DBG Starting timer. sn=121 view=0
03:24:22.351 INF Sending PREPREPARE. nReq=64 senderID=0 sn=116 view=0
03:24:22.354 DBG Sending PREPARE. senderID=0 sn=118 view=0
03:24:22.354 DBG Sending COMMIT. senderID=0 sn=118 view=0
03:24:22.357 INF Committed entry. latency=0 nReq=64 sn=118
03:24:22.357 DBG Starting timer. sn=122 view=0
03:24:22.359 INF Handling PREPREPARE. nReq=64 senderID=3 sn=119
03:24:22.359 DBG Creating new Batch. nReq=64
03:24:22.368 DBG Sending PREPARE. senderID=0 sn=119 view=0
03:24:22.368 DBG Sending COMMIT. senderID=0 sn=119 view=0
03:24:22.368 DBG Sending COMMIT. senderID=0 sn=116 view=0
03:24:22.370 INF Committed entry. latency=0 nReq=64 sn=116
03:24:22.370 INF Delivered batch. nReq=64 sn=116
03:24:22.370 INF Delivered batch. nReq=64 sn=117
03:24:22.370 INF Delivered batch. nReq=64 sn=118
03:24:22.370 DBG Starting timer. sn=120 view=0
03:24:22.370 INF Committed entry. latency=0 nReq=64 sn=119
03:24:22.371 INF Delivered batch. nReq=64 sn=119
03:24:22.371 DBG Starting timer. sn=123 view=0
03:24:23.343 INF Handling PREPREPARE. nReq=64 senderID=1 sn=121
03:24:23.343 DBG Creating new Batch. nReq=64
03:24:23.345 INF Handling PREPREPARE. nReq=64 senderID=2 sn=122
03:24:23.345 DBG Creating new Batch. nReq=64
03:24:23.349 DBG Batch ready. batchSize=4096
03:24:23.349 DBG Batch cut. left=0 nBuckets=16 nReq=65 next=0
03:24:23.349 DBG Waiting for batch. batchSize=4096
03:24:23.351 INF Sending PREPREPARE. nReq=65 senderID=0 sn=120 view=0
03:24:23.355 DBG Sending PREPARE. senderID=0 sn=121 view=0
03:24:23.355 DBG Sending PREPARE. senderID=0 sn=122 view=0
03:24:23.355 DBG Sending COMMIT. senderID=0 sn=121 view=0
03:24:23.355 DBG Sending COMMIT. senderID=0 sn=122 view=0
03:24:23.356 INF Committed entry. latency=0 nReq=64 sn=121
03:24:23.356 DBG Starting timer. sn=125 view=0
03:24:23.359 INF Committed entry. latency=0 nReq=64 sn=122
03:24:23.359 DBG Starting timer. sn=126 view=0
03:24:23.360 INF Handling PREPREPARE. nReq=64 senderID=3 sn=123
03:24:23.360 DBG Creating new Batch. nReq=64
03:24:23.368 DBG Sending PREPARE. senderID=0 sn=123 view=0
03:24:23.370 DBG Sending COMMIT. senderID=0 sn=120 view=0
03:24:23.370 DBG Sending COMMIT. senderID=0 sn=123 view=0
03:24:23.371 INF Committed entry. latency=0 nReq=64 sn=123
03:24:23.371 INF Committed entry. latency=0 nReq=65 sn=120
03:24:23.372 INF Delivered batch. nReq=65 sn=120
03:24:23.372 INF Delivered batch. nReq=64 sn=121
03:24:23.372 INF Delivered batch. nReq=64 sn=122
03:24:23.372 INF Delivered batch. nReq=64 sn=123
03:24:23.372 DBG Starting timer. sn=127 view=0
03:24:23.372 DBG Starting timer. sn=124 view=0
03:24:24.344 INF Handling PREPREPARE. nReq=64 senderID=1 sn=125
03:24:24.344 DBG Creating new Batch. nReq=64
03:24:24.347 INF Handling PREPREPARE. nReq=64 senderID=2 sn=126
03:24:24.347 DBG Creating new Batch. nReq=64
03:24:24.350 DBG Batch ready. batchSize=4096
03:24:24.350 DBG Batch cut. left=0 nBuckets=16 nReq=63 next=0
03:24:24.351 DBG Waiting for batch. batchSize=4096
03:24:24.353 DBG Sending PREPARE. senderID=0 sn=125 view=0
03:24:24.353 DBG Sending COMMIT. senderID=0 sn=125 view=0
03:24:24.353 INF Sending PREPREPARE. nReq=63 senderID=0 sn=124 view=0
03:24:24.355 DBG Sending PREPARE. senderID=0 sn=126 view=0
03:24:24.356 DBG Sending COMMIT. senderID=0 sn=126 view=0
03:24:24.356 INF Committed entry. latency=0 nReq=64 sn=125
03:24:24.357 DBG Starting timer. sn=129 view=0
03:24:24.358 INF Committed entry. latency=0 nReq=64 sn=126
03:24:24.358 DBG Starting timer. sn=130 view=0
03:24:24.360 INF Handling PREPREPARE. nReq=63 senderID=3 sn=127
03:24:24.360 DBG Creating new Batch. nReq=63
03:24:24.368 DBG Sending PREPARE. senderID=0 sn=127 view=0
03:24:24.371 DBG Sending COMMIT. senderID=0 sn=127 view=0
03:24:24.371 DBG Sending COMMIT. senderID=0 sn=124 view=0
03:24:24.371 INF Committed entry. latency=0 nReq=63 sn=127
03:24:24.372 DBG Starting timer. sn=131 view=0
03:24:24.372 INF Committed entry. latency=0 nReq=63 sn=124
03:24:24.373 INF Delivered batch. nReq=63 sn=124
03:24:24.373 INF Delivered batch. nReq=64 sn=125
03:24:24.373 INF Delivered batch. nReq=64 sn=126
03:24:24.373 INF Delivered batch. nReq=63 sn=127
03:24:24.373 DBG Starting timer. sn=128 view=0
03:24:25.338 INF Handling PREPREPARE. nReq=1 senderID=1 sn=129
03:24:25.339 DBG Creating new Batch. nReq=1
03:24:25.339 DBG Sending PREPARE. senderID=0 sn=129 view=0
03:24:25.340 INF Handling PREPREPARE. nReq=0 senderID=2 sn=130
03:24:25.340 DBG Creating new Batch. nReq=0
03:24:25.340 DBG Sending PREPARE. senderID=0 sn=130 view=0
03:24:25.341 DBG Sending COMMIT. senderID=0 sn=129 view=0
03:24:25.341 DBG Sending COMMIT. senderID=0 sn=130 view=0
03:24:25.343 INF Committed entry. latency=0 nReq=1 sn=129
03:24:25.343 DBG Starting timer. sn=133 view=0
03:24:25.344 INF Committed entry. latency=0 nReq=0 sn=130
03:24:25.344 DBG Starting timer. sn=134 view=0
03:24:25.352 DBG Batch ready. batchSize=4096
03:24:25.352 DBG Batch cut. left=0 nBuckets=16 nReq=0 next=0
03:24:25.352 DBG Waiting for batch. batchSize=4096
03:24:25.352 INF Sending PREPREPARE. nReq=0 senderID=0 sn=128 view=0
03:24:25.354 INF Handling PREPREPARE. nReq=0 senderID=3 sn=131
03:24:25.354 DBG Creating new Batch. nReq=0
03:24:25.354 DBG Sending COMMIT. senderID=0 sn=128 view=0
03:24:25.355 DBG Sending PREPARE. senderID=0 sn=131 view=0
03:24:25.356 DBG Sending COMMIT. senderID=0 sn=131 view=0
03:24:25.356 INF Committed entry. latency=0 nReq=0 sn=128
03:24:25.356 INF Delivered batch. nReq=0 sn=128
03:24:25.357 INF Delivered batch. nReq=1 sn=129
03:24:25.357 INF Delivered batch. nReq=0 sn=130
03:24:25.357 DBG Starting timer. sn=132 view=0
03:24:25.357 INF Committed entry. latency=0 nReq=0 sn=131
03:24:25.357 INF Delivered batch. nReq=0 sn=131
03:24:25.358 DBG Starting timer. sn=135 view=0
03:24:26.340 INF Handling PREPREPARE. nReq=0 senderID=1 sn=133
03:24:26.340 DBG Creating new Batch. nReq=0
03:24:26.340 DBG Sending PREPARE. senderID=0 sn=133 view=0
03:24:26.340 INF Connection terminated. error="rpc error: code = Canceled desc = context canceled" address=127.0.0.1:52932
03:24:26.341 INF Finished sending bucket assignments to client. clId=0
03:24:26.341 INF Handling PREPREPARE. nReq=0 senderID=2 sn=134
03:24:26.341 DBG Sending COMMIT. senderID=0 sn=133 view=0
03:24:26.342 DBG Creating new Batch. nReq=0
03:24:26.342 DBG Sending PREPARE. senderID=0 sn=134 view=0
03:24:26.343 INF Committed entry. latency=0 nReq=0 sn=133
03:24:26.343 DBG Sending COMMIT. senderID=0 sn=134 view=0
03:24:26.343 DBG Starting timer. sn=137 view=0
03:24:26.345 INF Committed entry. latency=0 nReq=0 sn=134
03:24:26.345 DBG Starting timer. sn=138 view=0
03:24:26.353 DBG Batch ready. batchSize=4096
03:24:26.353 DBG Batch cut. left=0 nBuckets=16 nReq=0 next=0
03:24:26.353 INF Sending PREPREPARE. nReq=0 senderID=0 sn=132 view=0
03:24:26.353 DBG Waiting for batch. batchSize=4096
03:24:26.356 DBG Sending COMMIT. senderID=0 sn=132 view=0
03:24:26.356 INF Handling PREPREPARE. nReq=0 senderID=3 sn=135
03:24:26.356 DBG Creating new Batch. nReq=0
03:24:26.356 DBG Sending PREPARE. senderID=0 sn=135 view=0
03:24:26.357 DBG Sending COMMIT. senderID=0 sn=135 view=0
03:24:26.357 INF Committed entry. latency=0 nReq=0 sn=132
03:24:26.357 INF Delivered batch. nReq=0 sn=132
03:24:26.357 INF Delivered batch. nReq=0 sn=133
03:24:26.358 INF Delivered batch. nReq=0 sn=134
03:24:26.358 DBG Starting timer. sn=136 view=0
03:24:26.358 INF Committed entry. latency=0 nReq=0 sn=135
03:24:26.358 INF Delivered batch. nReq=0 sn=135
03:24:26.359 DBG Starting timer. sn=139 view=0
03:24:26.738 INF Stopping profiler.
03:24:26.738 INF Stopping Tracer. events=245 fileName=experiment-output/0001/slave-004/peer.trc
==================
WARNING: DATA RACE
Read at 0x00c000a42000 by goroutine 115:
  runtime.racereadrange()
      <autogenerated>:1 +0x1b
  github.com/hyperledger-labs/mirbft/tracing.(*BufferedTrace).StopOnSignal.func1()
      /opt/gopath/src/github.com/hyperledger-labs/mirbft/tracing/bufferedtrace.go:298 +0x4e

Previous write at 0x00c000a42000 by goroutine 293:
  github.com/hyperledger-labs/mirbft/tracing.(*BufferedTrace).Event()
      /opt/gopath/src/github.com/hyperledger-labs/mirbft/tracing/bufferedtrace.go:105 +0x2d9
  github.com/hyperledger-labs/mirbft/manager.(*MirManager).handleLogEntries()
      /opt/gopath/src/github.com/hyperledger-labs/mirbft/manager/mirmanager.go:139 +0x1d8
  github.com/hyperledger-labs/mirbft/manager.(*MirManager).Startdwrap7()
      /opt/gopath/src/github.com/hyperledger-labs/mirbft/manager/mirmanager.go:101 +0x47

Goroutine 115 (running) created at:
  github.com/hyperledger-labs/mirbft/tracing.(*BufferedTrace).StopOnSignal()
      /opt/gopath/src/github.com/hyperledger-labs/mirbft/tracing/bufferedtrace.go:292 +0x172
  main.setUpTracing()
      /opt/gopath/src/github.com/hyperledger-labs/mirbft/cmd/orderingpeer/main.go:204 +0xf5
  main.main()
      /opt/gopath/src/github.com/hyperledger-labs/mirbft/cmd/orderingpeer/main.go:98 +0x9d6

Goroutine 293 (running) created at:
  github.com/hyperledger-labs/mirbft/manager.(*MirManager).Start()
      /opt/gopath/src/github.com/hyperledger-labs/mirbft/manager/mirmanager.go:101 +0x19e
  main.maindwrap4()
      /opt/gopath/src/github.com/hyperledger-labs/mirbft/cmd/orderingpeer/main.go:168 +0x59
==================
==================
WARNING: DATA RACE
Read at 0x00c000a44620 by goroutine 115:
  runtime.racereadrange()
      <autogenerated>:1 +0x1b
  github.com/hyperledger-labs/mirbft/tracing.(*BufferedTrace).StopOnSignal.func1()
      /opt/gopath/src/github.com/hyperledger-labs/mirbft/tracing/bufferedtrace.go:298 +0x4e

Previous write at 0x00c000a44620 by goroutine 114:
  github.com/hyperledger-labs/mirbft/tracing.(*BufferedTrace).Event()
      /opt/gopath/src/github.com/hyperledger-labs/mirbft/tracing/bufferedtrace.go:105 +0x2d9
  github.com/hyperledger-labs/mirbft/profiling.StartCPUTracing.func1()
      /opt/gopath/src/github.com/hyperledger-labs/mirbft/profiling/cpuusage.go:31 +0x95

Goroutine 115 (running) created at:
  github.com/hyperledger-labs/mirbft/tracing.(*BufferedTrace).StopOnSignal()
      /opt/gopath/src/github.com/hyperledger-labs/mirbft/tracing/bufferedtrace.go:292 +0x172
  main.setUpTracing()
      /opt/gopath/src/github.com/hyperledger-labs/mirbft/cmd/orderingpeer/main.go:204 +0xf5
  main.main()
      /opt/gopath/src/github.com/hyperledger-labs/mirbft/cmd/orderingpeer/main.go:98 +0x9d6

Goroutine 114 (running) created at:
  github.com/hyperledger-labs/mirbft/profiling.StartCPUTracing()
      /opt/gopath/src/github.com/hyperledger-labs/mirbft/profiling/cpuusage.go:28 +0xb6
  main.setUpTracing()
      /opt/gopath/src/github.com/hyperledger-labs/mirbft/cmd/orderingpeer/main.go:196 +0x85
  main.main()
      /opt/gopath/src/github.com/hyperledger-labs/mirbft/cmd/orderingpeer/main.go:98 +0x9d6
==================
03:24:26.742 INF Trace data written.
03:24:26.859 INF Profile data written. filename=experiment-output/0001/slave-004/prof.cpu name=cpu
03:24:26.902 INF Connection terminated. error="rpc error: code = Canceled desc = context canceled" address=127.0.0.1:52776
03:24:26.902 INF Connection terminated. error="rpc error: code = Canceled desc = context canceled" address=127.0.0.1:52732
03:24:26.902 INF Connection terminated. error="rpc error: code = Canceled desc = context canceled" address=127.0.0.1:52812
03:24:26.902 INF Connection terminated. error="rpc error: code = Canceled desc = context canceled" address=127.0.0.1:52756
03:24:26.902 INF Connection terminated. error="rpc error: code = Canceled desc = context canceled" address=127.0.0.1:52766
03:24:26.902 INF Connection terminated. error="rpc error: code = Canceled desc = context canceled" address=127.0.0.1:52858
03:24:26.928 INF Profile data written. filename=experiment-output/0001/slave-004/prof.block name=block
03:24:26.962 INF Profile data written. filename=experiment-output/0001/slave-004/prof.mutex name=mutex
