2:11AM INF Received own slave ID. ownSlaveId=3
2:11AM INF OK status=0
2:11AM INF Received command. cmdId=3
2:11AM INF Received an ExecStart command args="[-p experiment-output/0000/slave-__id__/config]" cmd=mkdir outFile=/dev/null
2:11AM INF OK status=0
2:11AM INF Received command. cmdId=4
2:11AM INF Received command. cmdType=ExecWait
2:11AM INF OK status=0
2:11AM INF Received command. cmdId=7
2:11AM INF Received an ExecStart command args="[config/config-0000.yml experiment-output/0000/slave-__id__/config/config.yml]" cmd=cp outFile=/dev/null
2:11AM INF OK status=0
2:11AM INF Received command. cmdId=8
2:11AM INF Received command. cmdType=ExecWait
2:11AM INF OK status=0
2:11AM INF Received command. cmdId=10
2:11AM INF Received command. cmdType=Noop
2:11AM INF Noop. Doing nothing. status=022:12AM INF Received command. cmdId=15
2:12AM INF Received an ExecStart command args="[experiment-output/0000/slave-__id__/config/config.yml 127.0.0.1:9999 experiment-output/0000/slave-__id__/client experiment-output/0000/slave-__id__/prof-client]" cmd=orderingclient outFile=experiment-output/0000/slave-__id__/clients.log
2:12AM INF OK status=0
2:12AM IN2:12AM INF Received command. cmdId=18
2:12AM INF Received command. cmdType=ExecSignal
2:12AM INF OK status=0
2:12AM INF Received command. cmdId=23
2:12AM INF Received command. cmdType=Stop
Noop. Doing nothing. status=0
2:12AM INF Received command. cmdId=23
2:12AM INF Received command. cmdType=Stop
