{"level":"debug","Logging":"debug","time":"2022-10-24T09:49:21+08:00","message":"Config"}
{"level":"debug","UseTLS":false,"time":"2022-10-24T09:49:21+08:00","message":"Config"}
{"level":"debug","CACertFile":"tls-data/ca.pem","time":"2022-10-24T09:49:21+08:00","message":"Config"}
{"level":"debug","KeyFile":"tls-data/auth.key","time":"2022-10-24T09:49:21+08:00","message":"Config"}
{"level":"debug","CertFile":"tls-data/auth.pem","time":"2022-10-24T09:49:21+08:00","message":"Config"}
{"level":"debug","PriorityConnections":2,"time":"2022-10-24T09:49:21+08:00","message":"Config"}
{"level":"debug","BasicConnections":2,"time":"2022-10-24T09:49:21+08:00","message":"Config"}
{"level":"debug","TestConnections":false,"time":"2022-10-24T09:49:21+08:00","message":"Config"}
{"level":"debug","ExcessConnections":1,"time":"2022-10-24T09:49:21+08:00","message":"Config"}
{"level":"debug","ConnectionTestMsgs":4,"time":"2022-10-24T09:49:21+08:00","message":"Config"}
{"level":"debug","ConnectionTestPayload":131072,"time":"2022-10-24T09:49:21+08:00","message":"Config"}
{"level":"debug","OutMessageBufsize":1024,"time":"2022-10-24T09:49:21+08:00","message":"Config"}
{"level":"debug","OutMessageBufsize":2,"time":"2022-10-24T09:49:21+08:00","message":"Config"}
{"level":"debug","ThroughputCap":131072000,"time":"2022-10-24T09:49:21+08:00","message":"Config"}
{"level":"debug","StragglerTolerance":1000,"time":"2022-10-24T09:49:21+08:00","message":"Config"}
{"level":"debug","BatchSizeIncrement":256,"time":"2022-10-24T09:49:21+08:00","message":"Config"}
{"level":"debug","Orderer":"Pbft","time":"2022-10-24T09:49:21+08:00","message":"Config"}
{"level":"debug","Manager":"Mir","time":"2022-10-24T09:49:21+08:00","message":"Config"}
{"level":"debug","Failures":2,"time":"2022-10-24T09:49:21+08:00","message":"Config"}
{"level":"debug","CrashTiming":"Straggler","time":"2022-10-24T09:49:21+08:00","message":"Config"}
{"level":"debug","CheckpointInterval":256,"time":"2022-10-24T09:49:21+08:00","message":"Config"}
{"level":"debug","WatermarkWindowSize":256,"time":"2022-10-24T09:49:21+08:00","message":"Config"}
{"level":"debug","EpochLength":256,"time":"2022-10-24T09:49:21+08:00","message":"Config"}
{"level":"debug","SegmentLength":32,"time":"2022-10-24T09:49:21+08:00","message":"Config"}
{"level":"debug","WaitForCheckpoints":true,"time":"2022-10-24T09:49:21+08:00","message":"Config"}
{"level":"debug","ClientWatermarkWindowSize":4194304,"time":"2022-10-24T09:49:21+08:00","message":"Config"}
{"level":"debug","ClientRequestBacklogSize":4194304,"time":"2022-10-24T09:49:21+08:00","message":"Config"}
{"level":"debug","RandomSeed":8231,"time":"2022-10-24T09:49:21+08:00","message":"Config"}
{"level":"debug","NodeToLeaderRatio":1,"time":"2022-10-24T09:49:21+08:00","message":"Config"}
{"level":"debug","LeaderPolicy":"SimulatedRandomFailures","time":"2022-10-24T09:49:21+08:00","message":"Config"}
{"level":"debug","DefaultLeaderBan":2,"time":"2022-10-24T09:49:21+08:00","message":"Config"}
{"level":"debug","NumBuckets":128,"time":"2022-10-24T09:49:21+08:00","message":"Config"}
{"level":"debug","BatchSize":1000,"time":"2022-10-24T09:49:21+08:00","message":"Config"}
{"level":"debug","DisabledViewChange":false,"time":"2022-10-24T09:49:21+08:00","message":"Config"}
{"level":"debug","ViewChangeTimeout":60000,"time":"2022-10-24T09:49:21+08:00","message":"Config"}
{"level":"debug","ClientTraceSampling":10,"time":"2022-10-24T09:49:21+08:00","message":"Config"}
{"level":"debug","EventBufferSize":2097152,"time":"2022-10-24T09:49:21+08:00","message":"Config"}
{"level":"debug","TraceSampling":1,"time":"2022-10-24T09:49:21+08:00","message":"Config"}
{"level":"debug","ClientsPerProcess":1,"time":"2022-10-24T09:49:21+08:00","message":"Config"}
{"level":"debug","RequestsPerClient":15360,"time":"2022-10-24T09:49:21+08:00","message":"Config"}
{"level":"debug","ClientRunTime":30000,"time":"2022-10-24T09:49:21+08:00","message":"Config"}
{"level":"debug","RequestRate":256,"time":"2022-10-24T09:49:21+08:00","message":"Config"}
{"level":"debug","HardRequestRateLimit":false,"time":"2022-10-24T09:49:21+08:00","message":"Config"}
{"level":"debug","RequestPayloadSize":500,"time":"2022-10-24T09:49:21+08:00","message":"Config"}
{"level":"debug","SignRequests":true,"time":"2022-10-24T09:49:21+08:00","message":"Config"}
{"level":"debug","ClientPrivKeyFile":"tls-data/client-ecdsa-256.key","time":"2022-10-24T09:49:21+08:00","message":"Config"}
{"level":"debug","ClientPubKeyFile":"tls-data/client-ecdsa-256.pem","time":"2022-10-24T09:49:21+08:00","message":"Config"}
{"level":"debug","PrecomputeRequests":false,"time":"2022-10-24T09:49:21+08:00","message":"Config"}
{"level":"debug","RequestHandlerThreads":32,"time":"2022-10-24T09:49:21+08:00","message":"Config"}
{"level":"debug","RequestInputChannelBuffer":8192,"time":"2022-10-24T09:49:21+08:00","message":"Config"}
{"level":"debug","BatchVerifier":"external","time":"2022-10-24T09:49:21+08:00","message":"Config"}
01:49:21.385 INF Registered with discovery server. numPeers=8 ownID=3
01:49:21.386 INF Profiling enabled.
01:49:21.386 INF Setting up profiling.
01:49:21.386 INF Started Profiler: CPU
01:49:21.386 INF Started Profiler: BLOCK
01:49:21.386 INF Started Profiler: MUTEX
01:49:21.386 INF Profiler will stop on signal. exit=true
01:49:21.389 INF Tracing will stop on signal. exit=false
01:49:21.389 INF Started tracing. traceFile=experiment-output/0000/slave-006/peer.trc
01:49:21.390 DBG Starting backlog.
01:49:21.390 INF Listening for connections. port=10033 useTLS=false
01:49:21.391 INF Connecting to peer. addr=127.0.0.1:10033 basicConns=2 priorityConns=2
01:49:21.391 INF Connecting to peer. addr=127.0.0.1:10055 basicConns=2 priorityConns=2
01:49:21.391 INF Connecting to peer. addr=127.0.0.1:10077 basicConns=2 priorityConns=2
01:49:21.392 INF Connecting to peer. addr=127.0.0.1:10000 basicConns=2 priorityConns=2
01:49:21.392 INF Connecting to peer. addr=127.0.0.1:10066 basicConns=2 priorityConns=2
01:49:21.392 INF Connecting to peer. addr=127.0.0.1:10011 basicConns=2 priorityConns=2
01:49:21.391 INF Connecting to peer. addr=127.0.0.1:10044 basicConns=2 priorityConns=2
01:49:21.396 INF Connecting to peer. addr=127.0.0.1:10022 basicConns=2 priorityConns=2
01:49:21.422 INF Incoming connection for protocol messages. addr=127.0.0.1:38158
01:49:21.423 INF Incoming connection for protocol messages. addr=127.0.0.1:38146
01:49:21.441 INF Incoming connection for protocol messages. addr=127.0.0.1:38176
01:49:21.447 INF Incoming connection for protocol messages. addr=127.0.0.1:38236
01:49:21.449 INF Incoming connection for protocol messages. addr=127.0.0.1:38258
01:49:21.450 INF Incoming connection for protocol messages. addr=127.0.0.1:38268
01:49:21.451 INF Incoming connection for protocol messages. addr=127.0.0.1:38280
01:49:21.458 INF Incoming connection for protocol messages. addr=127.0.0.1:38380
01:49:21.460 INF Incoming connection for protocol messages. addr=127.0.0.1:38286
01:49:21.460 INF Incoming connection for protocol messages. addr=127.0.0.1:38346
01:49:21.466 DBG Connected. peerID=2
01:49:21.467 DBG Connected. peerID=3
01:49:21.476 INF Incoming connection for protocol messages. addr=127.0.0.1:38278
01:49:21.477 INF Incoming connection for protocol messages. addr=127.0.0.1:38358
01:49:21.480 DBG Connected. peerID=7
01:49:21.481 INF Incoming connection for protocol messages. addr=127.0.0.1:38520
01:49:21.482 INF Incoming connection for protocol messages. addr=127.0.0.1:38580
01:49:21.482 DBG Connected. peerID=4
01:49:21.483 INF Incoming connection for protocol messages. addr=127.0.0.1:38578
01:49:21.483 INF Incoming connection for protocol messages. addr=127.0.0.1:38460
01:49:21.483 INF Incoming connection for protocol messages. addr=127.0.0.1:38504
01:49:21.484 DBG Connected. peerID=1
01:49:21.484 INF Incoming connection for protocol messages. addr=127.0.0.1:38276
01:49:21.484 INF Incoming connection for protocol messages. addr=127.0.0.1:38492
01:49:21.485 INF Incoming connection for protocol messages. addr=127.0.0.1:38508
01:49:21.486 INF Incoming connection for protocol messages. addr=127.0.0.1:38468
01:49:21.486 INF Incoming connection for protocol messages. addr=127.0.0.1:38370
01:49:21.486 INF Incoming connection for protocol messages. addr=127.0.0.1:38466
01:49:21.486 INF Incoming connection for protocol messages. addr=127.0.0.1:38552
01:49:21.487 DBG Connected. peerID=0
01:49:21.489 INF Incoming connection for protocol messages. addr=127.0.0.1:38610
01:49:21.489 INF Incoming connection for protocol messages. addr=127.0.0.1:38566
01:49:21.489 INF Incoming connection for protocol messages. addr=127.0.0.1:38562
01:49:21.492 INF Incoming connection for protocol messages. addr=127.0.0.1:38598
01:49:21.496 DBG Connected. peerID=5
01:49:21.501 DBG Connected. peerID=6
01:49:21.501 INF Connected to all peers.
01:49:21.502 INF Incoming connection for protocol messages. addr=127.0.0.1:38630
01:49:21.502 INF Incoming connection for protocol messages. addr=127.0.0.1:38656
01:49:21.503 INF Incoming connection for protocol messages. addr=127.0.0.1:38652
01:49:21.504 INF Incoming connection for protocol messages. addr=127.0.0.1:38640
01:49:21.511 INF All peers finished connecting. Starting ISS.
01:49:21.511 DBG Buckets for 0-th leader 0: [0 8 16 24 32 40 48 56 64 72 80 88 96 104 112 120 6 30 54 78 102 126]
01:49:21.512 DBG Buckets for 1-th leader 1: [1 9 17 25 33 41 49 57 65 73 81 89 97 105 113 121 7 31 55 79 103 127]
01:49:21.512 DBG Buckets for 2-th leader 2: [2 10 18 26 34 42 50 58 66 74 82 90 98 106 114 122 14 38 62 86 110]
01:49:21.512 DBG Buckets for 3-th leader 3: [3 11 19 27 35 43 51 59 67 75 83 91 99 107 115 123 15 39 63 87 111]
01:49:21.512 DBG Buckets for 4-th leader 4: [4 12 20 28 36 44 52 60 68 76 84 92 100 108 116 124 22 46 70 94 118]
01:49:21.512 DBG Buckets for 5-th leader 5: [5 13 21 29 37 45 53 61 69 77 85 93 101 109 117 125 23 47 71 95 119]
01:49:21.512 INF PbftOrderer received a new segment: [1 7 13 19 25 31 37 43 49 55 61 67 73 79 85 91 97 103 109 115 121 127 133 139 145 151 157 163 169 175 181 187] first leader=1 firstSN=1 lastSN=187 len=32 length=32 segId=1
01:49:21.513 INF Starting new view. segID=1 timeout=60000 view=0
01:49:21.513 DBG Starting timer. sn=1 view=0
01:49:21.513 INF Starting PBFT instance. first=1 last=187 segID=1
01:49:21.513 DBG Subscribing to backlog. segID=1
01:49:21.513 INF Starting serialized message processing. segID=1
01:49:21.513 INF PbftOrderer received a new segment: [2 8 14 20 26 32 38 44 50 56 62 68 74 80 86 92 98 104 110 116 122 128 134 140 146 152 158 164 170 176 182 188] first leader=2 firstSN=2 lastSN=188 len=32 length=32 segId=2
01:49:21.514 INF Starting new view. segID=2 timeout=60000 view=0
01:49:21.514 DBG Starting timer. sn=2 view=0
01:49:21.514 INF Starting PBFT instance. first=2 last=188 segID=2
01:49:21.515 INF PbftOrderer received a new segment: [3 9 15 21 27 33 39 45 51 57 63 69 75 81 87 93 99 105 111 117 123 129 135 141 147 153 159 165 171 177 183 189] first leader=3 firstSN=3 lastSN=189 len=32 length=32 segId=3
01:49:21.515 DBG Subscribing to backlog. segID=2
01:49:21.515 INF Starting new view. segID=3 timeout=60000 view=0
01:49:21.515 DBG Starting timer. sn=3 view=0
01:49:21.515 INF Starting serialized message processing. segID=2
01:49:21.515 INF Starting PBFT instance. first=3 last=189 segID=3
01:49:21.515 DBG Subscribing to backlog. segID=3
01:49:21.515 DBG Leading segment. segID=3
01:49:21.515 INF Starting serialized message processing. segID=3
01:49:21.516 DBG Waiting for batch. batchSize=4096
01:49:21.516 INF PbftOrderer received a new segment: [4 10 16 22 28 34 40 46 52 58 64 70 76 82 88 94 100 106 112 118 124 130 136 142 148 154 160 166 172 178 184 190] first leader=4 firstSN=4 lastSN=190 len=32 length=32 segId=4
01:49:21.516 INF Starting new view. segID=4 timeout=60000 view=0
01:49:21.516 DBG Starting timer. sn=4 view=0
01:49:21.516 INF Starting PBFT instance. first=4 last=190 segID=4
01:49:21.516 DBG Subscribing to backlog. segID=4
01:49:21.516 INF Starting serialized message processing. segID=4
01:49:21.516 INF PbftOrderer received a new segment: [5 11 17 23 29 35 41 47 53 59 65 71 77 83 89 95 101 107 113 119 125 131 137 143 149 155 161 167 173 179 185 191] first leader=5 firstSN=5 lastSN=191 len=32 length=32 segId=5
01:49:21.517 INF Starting new view. segID=5 timeout=60000 view=0
01:49:21.517 DBG Starting timer. sn=5 view=0
01:49:21.517 INF Starting PBFT instance. first=5 last=191 segID=5
01:49:21.517 DBG Subscribing to backlog. segID=5
01:49:21.517 INF Starting serialized message processing. segID=5
01:49:21.517 INF PbftOrderer received a new segment: [0 6 12 18 24 30 36 42 48 54 60 66 72 78 84 90 96 102 108 114 120 126 132 138 144 150 156 162 168 174 180 186] first leader=0 firstSN=0 lastSN=186 len=32 length=32 segId=0
01:49:21.518 INF Starting new view. segID=0 timeout=60000 view=0
01:49:21.518 DBG Starting timer. sn=0 view=0
01:49:21.518 INF Starting PBFT instance. first=0 last=186 segID=0
01:49:21.518 DBG Subscribing to backlog. segID=0
01:49:21.518 INF Starting serialized message processing. segID=0
01:49:21.535 INF Connection terminated. error="rpc error: code = Canceled desc = context canceled" address=127.0.0.1:38492
01:49:21.535 INF Connection terminated. error="rpc error: code = Canceled desc = context canceled" address=127.0.0.1:38278
01:49:21.535 INF Connection terminated. error="rpc error: code = Canceled desc = context canceled" address=127.0.0.1:38358
01:49:21.535 INF Connection terminated. error="rpc error: code = Canceled desc = context canceled" address=127.0.0.1:38380
01:49:21.536 INF Connection terminated. error="rpc error: code = Canceled desc = context canceled" address=127.0.0.1:38610
01:49:21.536 INF Connection terminated. error="rpc error: code = Canceled desc = context canceled" address=127.0.0.1:38598
01:49:21.537 INF Connection terminated. error="rpc error: code = Canceled desc = context canceled" address=127.0.0.1:38566
01:49:21.537 INF Connection terminated. error="rpc error: code = Canceled desc = context canceled" address=127.0.0.1:38562
01:49:23.550 INF Incoming connection for requests. addr=127.0.0.1:38696
01:49:51.516 DBG Batch ready. batchSize=4096
01:49:51.518 DBG Batch cut. left=0 nBuckets=21 nReq=1174 next=0
01:49:51.528 DBG Waiting for batch. batchSize=4096
01:49:51.580 INF Sending PREPREPARE. nReq=1174 senderID=3 sn=3 view=0
01:49:51.695 INF Handling PREPREPARE. nReq=1173 senderID=4 sn=4
01:49:51.696 DBG Creating new Batch. nReq=1173
01:49:51.715 INF Handling PREPREPARE. nReq=1173 senderID=5 sn=5
01:49:51.715 DBG Creating new Batch. nReq=1173
01:49:51.726 ERR Failed to send protocol message. Dropping all future outgoing protocol messages. error=EOF
01:49:51.740 ERR Failed to send protocol message. Dropping all future outgoing protocol messages. error=EOF
01:49:51.893 INF Handling PREPREPARE. nReq=1230 senderID=1 sn=1
01:49:51.893 DBG Creating new Batch. nReq=1230
01:49:51.903 INF Handling PREPREPARE. nReq=1174 senderID=2 sn=2
01:49:51.903 DBG Creating new Batch. nReq=1174
01:49:51.906 INF Handling PREPREPARE. nReq=1230 senderID=0 sn=0
01:49:51.906 DBG Creating new Batch. nReq=1230
01:49:52.211 DBG Sending PREPARE. senderID=3 sn=4 view=0
01:49:52.212 DBG func sendPrepare prepare Tn. sn=4 tn=4
01:49:52.232 DBG Sending PREPARE. senderID=3 sn=5 view=0
01:49:52.233 DBG func sendPrepare prepare Tn. sn=5 tn=5
01:49:52.241 DBG Sending COMMIT. senderID=3 sn=5 view=0
01:49:52.241 DBG func sendCommit commit Tn. sn=5 tn=5
01:49:52.243 DBG func handleCommit commit Tn. tn=5
01:49:52.244 DBG func handleCommit commit Tn. tn=5
01:49:52.244 DBG Sending COMMIT. senderID=3 sn=4 view=0
01:49:52.244 DBG func handleCommit commit Tn. tn=5
01:49:52.245 DBG func sendCommit commit Tn. sn=4 tn=4
01:49:52.245 DBG func handleCommit commit Tn. tn=4
01:49:52.245 DBG func handleCommit commit Tn. tn=4
01:49:52.246 DBG func handleCommit commit Tn. tn=4
01:49:52.247 DBG func handleCommit commit Tn. tn=4
01:49:52.248 DBG func handleCommit commit Tn. tn=5
01:49:52.250 INF Committed entry. latency=0 nReq=1173 sn=5
01:49:52.250 INF Committed entry. latency=0 nReq=1173 sn=4
01:49:52.251 DBG Starting timer. sn=11 view=0
01:49:52.251 DBG Starting timer. sn=10 view=0
01:49:52.251 DBG func handleCommit commit Tn. tn=4
01:49:52.251 DBG func handleCommit commit Tn. tn=5
01:49:52.263 DBG Sending COMMIT. senderID=3 sn=3 view=0
01:49:52.263 DBG func sendCommit commit Tn. sn=3 tn=3
01:49:52.264 DBG func handleCommit commit Tn. tn=3
01:49:52.264 DBG func handleCommit commit Tn. tn=3
01:49:52.265 DBG func handleCommit commit Tn. tn=3
01:49:52.266 DBG func handleCommit commit Tn. tn=3
01:49:52.268 INF Committed entry. latency=0 nReq=1174 sn=3
01:49:52.268 DBG Starting timer. sn=9 view=0
01:49:52.270 DBG Sending PREPARE. senderID=3 sn=2 view=0
01:49:52.270 DBG func sendPrepare prepare Tn. sn=2 tn=2
01:49:52.270 DBG Sending COMMIT. senderID=3 sn=2 view=0
01:49:52.271 DBG func sendCommit commit Tn. sn=2 tn=2
01:49:52.271 DBG func handleCommit commit Tn. tn=3
01:49:52.271 DBG func handleCommit commit Tn. tn=2
01:49:52.271 DBG func handleCommit commit Tn. tn=2
01:49:52.271 DBG func handleCommit commit Tn. tn=2
01:49:52.271 DBG func handleCommit commit Tn. tn=2
01:49:52.273 INF Committed entry. latency=0 nReq=1174 sn=2
01:49:52.273 DBG Starting timer. sn=8 view=0
01:49:52.273 DBG func handleCommit commit Tn. tn=2
01:49:52.275 DBG Sending PREPARE. senderID=3 sn=1 view=0
01:49:52.275 DBG func sendPrepare prepare Tn. sn=1 tn=1
01:49:52.275 DBG Sending COMMIT. senderID=3 sn=1 view=0
01:49:52.275 DBG func sendCommit commit Tn. sn=1 tn=1
01:49:52.275 DBG func handleCommit commit Tn. tn=1
01:49:52.276 DBG func handleCommit commit Tn. tn=1
01:49:52.276 DBG func handleCommit commit Tn. tn=1
01:49:52.277 DBG func handleCommit commit Tn. tn=1
01:49:52.278 INF Committed entry. latency=0 nReq=1230 sn=1
01:49:52.278 DBG Starting timer. sn=7 view=0
01:49:52.279 DBG func handleCommit commit Tn. tn=1
01:49:52.287 DBG Sending PREPARE. senderID=3 sn=0 view=0
01:49:52.287 DBG func sendPrepare prepare Tn. sn=0 tn=0
01:49:52.287 DBG Sending COMMIT. senderID=3 sn=0 view=0
01:49:52.288 DBG func sendCommit commit Tn. sn=0 tn=0
01:49:52.288 DBG func handleCommit commit Tn. tn=0
01:49:52.288 DBG func handleCommit commit Tn. tn=0
01:49:52.288 DBG func handleCommit commit Tn. tn=0
01:49:52.288 DBG func handleCommit commit Tn. tn=0
01:49:52.290 INF Committed entry. latency=0 nReq=1230 sn=0
01:49:52.290 INF Delivered batch. nReq=1230 sn=0
01:49:52.290 INF Delivered batch. nReq=1230 sn=1
01:49:52.290 INF Delivered batch. nReq=1174 sn=2
01:49:52.291 INF Delivered batch. nReq=1174 sn=3
01:49:52.291 INF Delivered batch. nReq=1173 sn=4
01:49:52.291 INF Delivered batch. nReq=1173 sn=5
01:49:52.291 DBG Starting timer. sn=6 view=0
01:49:52.291 DBG func handleCommit commit Tn. tn=0
01:50:21.530 DBG Batch ready. batchSize=4096
01:50:21.530 DBG Batch cut. left=0 nBuckets=21 nReq=86 next=0
01:50:21.533 INF Handling PREPREPARE. nReq=91 senderID=0 sn=6
01:50:21.533 DBG Creating new Batch. nReq=91
01:50:21.533 DBG Waiting for batch. batchSize=4096
01:50:21.535 INF Handling PREPREPARE. nReq=86 senderID=2 sn=8
01:50:21.535 DBG Creating new Batch. nReq=86
01:50:21.535 INF Sending PREPREPARE. nReq=86 senderID=3 sn=9 view=0
01:50:21.545 INF Handling PREPREPARE. nReq=91 senderID=1 sn=7
01:50:21.545 DBG Creating new Batch. nReq=91
01:50:21.547 INF Handling PREPREPARE. nReq=87 senderID=5 sn=11
01:50:21.547 DBG Creating new Batch. nReq=87
01:50:21.557 DBG Sending PREPARE. senderID=3 sn=8 view=0
01:50:21.557 DBG func sendPrepare prepare Tn. sn=8 tn=8
01:50:21.558 DBG Sending PREPARE. senderID=3 sn=6 view=0
01:50:21.559 DBG func sendPrepare prepare Tn. sn=6 tn=6
01:50:21.561 DBG Sending COMMIT. senderID=3 sn=6 view=0
01:50:21.562 DBG Sending COMMIT. senderID=3 sn=8 view=0
01:50:21.562 DBG func sendCommit commit Tn. sn=6 tn=6
01:50:21.562 DBG func sendCommit commit Tn. sn=8 tn=8
01:50:21.564 DBG func handleCommit commit Tn. tn=8
01:50:21.566 DBG func handleCommit commit Tn. tn=8
01:50:21.566 DBG func handleCommit commit Tn. tn=6
01:50:21.566 DBG func handleCommit commit Tn. tn=8
01:50:21.566 DBG func handleCommit commit Tn. tn=8
01:50:21.567 INF Committed entry. latency=0 nReq=86 sn=8
01:50:21.567 DBG func handleCommit commit Tn. tn=6
01:50:21.567 DBG Starting timer. sn=14 view=0
01:50:21.567 DBG func handleCommit commit Tn. tn=8
01:50:21.568 DBG func handleCommit commit Tn. tn=6
01:50:21.568 DBG func handleCommit commit Tn. tn=6
01:50:21.568 INF Committed entry. latency=0 nReq=91 sn=6
01:50:21.569 INF Delivered batch. nReq=91 sn=6
01:50:21.569 DBG Starting timer. sn=12 view=0
01:50:21.569 DBG func handleCommit commit Tn. tn=6
01:50:21.576 DBG Sending PREPARE. senderID=3 sn=7 view=0
01:50:21.576 DBG func sendPrepare prepare Tn. sn=7 tn=7
01:50:21.577 DBG Sending PREPARE. senderID=3 sn=11 view=0
01:50:21.577 DBG func sendPrepare prepare Tn. sn=11 tn=11
01:50:21.582 DBG Sending COMMIT. senderID=3 sn=11 view=0
01:50:21.582 DBG func sendCommit commit Tn. sn=11 tn=11
01:50:21.583 DBG func handleCommit commit Tn. tn=11
01:50:21.584 DBG func handleCommit commit Tn. tn=11
01:50:21.584 DBG func handleCommit commit Tn. tn=11
01:50:21.584 DBG func handleCommit commit Tn. tn=11
01:50:21.584 DBG Sending COMMIT. senderID=3 sn=9 view=0
01:50:21.585 DBG func sendCommit commit Tn. sn=9 tn=9
01:50:21.585 INF Committed entry. latency=0 nReq=87 sn=11
01:50:21.585 DBG Starting timer. sn=17 view=0
01:50:21.585 DBG func handleCommit commit Tn. tn=11
01:50:21.586 DBG func handleCommit commit Tn. tn=9
01:50:21.586 INF Handling PREPREPARE. nReq=87 senderID=4 sn=10
01:50:21.587 DBG Creating new Batch. nReq=87
01:50:21.589 DBG Sending COMMIT. senderID=3 sn=7 view=0
01:50:21.589 DBG func sendCommit commit Tn. sn=7 tn=7
01:50:21.590 DBG func handleCommit commit Tn. tn=9
01:50:21.590 DBG func handleCommit commit Tn. tn=7
01:50:21.591 DBG func handleCommit commit Tn. tn=7
01:50:21.591 DBG func handleCommit commit Tn. tn=7
01:50:21.592 DBG func handleCommit commit Tn. tn=9
01:50:21.592 DBG func handleCommit commit Tn. tn=7
01:50:21.593 DBG func handleCommit commit Tn. tn=9
01:50:21.593 INF Committed entry. latency=0 nReq=91 sn=7
01:50:21.593 INF Delivered batch. nReq=91 sn=7
01:50:21.593 INF Delivered batch. nReq=86 sn=8
01:50:21.593 DBG Starting timer. sn=13 view=0
01:50:21.594 DBG func handleCommit commit Tn. tn=7
01:50:21.594 INF Committed entry. latency=0 nReq=86 sn=9
01:50:21.595 INF Delivered batch. nReq=86 sn=9
01:50:21.595 DBG Starting timer. sn=15 view=0
01:50:21.595 DBG func handleCommit commit Tn. tn=9
01:50:21.599 DBG Sending PREPARE. senderID=3 sn=10 view=0
01:50:21.599 DBG func sendPrepare prepare Tn. sn=10 tn=10
01:50:21.601 DBG Sending COMMIT. senderID=3 sn=10 view=0
01:50:21.602 DBG func sendCommit commit Tn. sn=10 tn=10
01:50:21.603 DBG func handleCommit commit Tn. tn=10
01:50:21.603 DBG func handleCommit commit Tn. tn=10
01:50:21.604 DBG func handleCommit commit Tn. tn=10
01:50:21.604 DBG func handleCommit commit Tn. tn=10
01:50:21.604 INF Committed entry. latency=0 nReq=87 sn=10
01:50:21.604 INF Delivered batch. nReq=87 sn=10
01:50:21.605 INF Delivered batch. nReq=87 sn=11
01:50:21.606 DBG Starting timer. sn=16 view=0
01:50:21.606 DBG func handleCommit commit Tn. tn=10
01:50:22.586 INF Connection terminated. error="rpc error: code = Canceled desc = context canceled" address=127.0.0.1:38696
01:50:22.586 INF Finished sending bucket assignments to client. clId=0
01:50:22.938 INF Stopping profiler.
01:50:22.973 INF Stopping Tracer. events=144 fileName=experiment-output/0000/slave-006/peer.trc
==================
WARNING: DATA RACE
Read at 0x00c000a00000 by goroutine 115:
  runtime.racereadrange()
      <autogenerated>:1 +0x1b
  github.com/hyperledger-labs/mirbft/tracing.(*BufferedTrace).StopOnSignal.func1()
      /opt/gopath/src/github.com/hyperledger-labs/mirbft/tracing/bufferedtrace.go:298 +0x4e

Previous write at 0x00c000a00000 by goroutine 501:
  github.com/hyperledger-labs/mirbft/tracing.(*BufferedTrace).Event()
      /opt/gopath/src/github.com/hyperledger-labs/mirbft/tracing/bufferedtrace.go:105 +0x2d9
  github.com/hyperledger-labs/mirbft/manager.(*MirManager).handleLogEntries()
      /opt/gopath/src/github.com/hyperledger-labs/mirbft/manager/mirmanager.go:139 +0x1d8
  github.com/hyperledger-labs/mirbft/manager.(*MirManager).Start路dwrap路7()
      /opt/gopath/src/github.com/hyperledger-labs/mirbft/manager/mirmanager.go:101 +0x47

Goroutine 115 (running) created at:
  github.com/hyperledger-labs/mirbft/tracing.(*BufferedTrace).StopOnSignal()
      /opt/gopath/src/github.com/hyperledger-labs/mirbft/tracing/bufferedtrace.go:292 +0x172
  main.setUpTracing()
      /opt/gopath/src/github.com/hyperledger-labs/mirbft/cmd/orderingpeer/main.go:204 +0xf5
  main.main()
      /opt/gopath/src/github.com/hyperledger-labs/mirbft/cmd/orderingpeer/main.go:98 +0x9d6

Goroutine 501 (running) created at:
  github.com/hyperledger-labs/mirbft/manager.(*MirManager).Start()
      /opt/gopath/src/github.com/hyperledger-labs/mirbft/manager/mirmanager.go:101 +0x19e
  main.main路dwrap路4()
      /opt/gopath/src/github.com/hyperledger-labs/mirbft/cmd/orderingpeer/main.go:168 +0x59
==================
==================
WARNING: DATA RACE
Read at 0x00c000a01658 by goroutine 115:
  runtime.racereadrange()
      <autogenerated>:1 +0x1b
  github.com/hyperledger-labs/mirbft/tracing.(*BufferedTrace).StopOnSignal.func1()
      /opt/gopath/src/github.com/hyperledger-labs/mirbft/tracing/bufferedtrace.go:298 +0x4e

Previous write at 0x00c000a01658 by goroutine 114:
  github.com/hyperledger-labs/mirbft/tracing.(*BufferedTrace).Event()
      /opt/gopath/src/github.com/hyperledger-labs/mirbft/tracing/bufferedtrace.go:105 +0x2d9
  github.com/hyperledger-labs/mirbft/profiling.StartCPUTracing.func1()
      /opt/gopath/src/github.com/hyperledger-labs/mirbft/profiling/cpuusage.go:31 +0x95

Goroutine 115 (running) created at:
  github.com/hyperledger-labs/mirbft/tracing.(*BufferedTrace).StopOnSignal()
      /opt/gopath/src/github.com/hyperledger-labs/mirbft/tracing/bufferedtrace.go:292 +0x172
  main.setUpTracing()
      /opt/gopath/src/github.com/hyperledger-labs/mirbft/cmd/orderingpeer/main.go:204 +0xf5
  main.main()
      /opt/gopath/src/github.com/hyperledger-labs/mirbft/cmd/orderingpeer/main.go:98 +0x9d6

Goroutine 114 (running) created at:
  github.com/hyperledger-labs/mirbft/profiling.StartCPUTracing()
      /opt/gopath/src/github.com/hyperledger-labs/mirbft/profiling/cpuusage.go:28 +0xb6
  main.setUpTracing()
      /opt/gopath/src/github.com/hyperledger-labs/mirbft/cmd/orderingpeer/main.go:196 +0x85
  main.main()
      /opt/gopath/src/github.com/hyperledger-labs/mirbft/cmd/orderingpeer/main.go:98 +0x9d6
==================
01:50:22.976 INF Trace data written.
01:50:23.014 INF Profile data written. filename=experiment-output/0000/slave-006/prof.mutex name=mutex
01:50:23.164 INF Connection terminated. error="rpc error: code = Canceled desc = context canceled" address=127.0.0.1:38552
01:50:23.166 INF Connection terminated. error="rpc error: code = Canceled desc = context canceled" address=127.0.0.1:38520
01:50:23.166 INF Connection terminated. error="rpc error: code = Canceled desc = context canceled" address=127.0.0.1:38504
01:50:23.166 INF Connection terminated. error="rpc error: code = Canceled desc = context canceled" address=127.0.0.1:38370
01:50:23.223 INF Connection terminated. error="rpc error: code = Canceled desc = context canceled" address=127.0.0.1:38346
01:50:23.223 INF Connection terminated. error="rpc error: code = Canceled desc = context canceled" address=127.0.0.1:38276
01:50:23.223 INF Connection terminated. error="rpc error: code = Canceled desc = context canceled" address=127.0.0.1:38146
01:50:23.223 INF Connection terminated. error="rpc error: code = Canceled desc = context canceled" address=127.0.0.1:38158
01:50:23.238 INF Profile data written. filename=experiment-output/0000/slave-006/prof.cpu name=cpu
01:50:23.266 INF Connection terminated. error="rpc error: code = Canceled desc = context canceled" address=127.0.0.1:38508
01:50:23.266 INF Connection terminated. error="rpc error: code = Canceled desc = context canceled" address=127.0.0.1:38280
01:50:23.266 INF Connection terminated. error="rpc error: code = Canceled desc = context canceled" address=127.0.0.1:38460
01:50:23.266 INF Connection terminated. error="rpc error: code = Canceled desc = context canceled" address=127.0.0.1:38258
01:50:23.288 INF Profile data written. filename=experiment-output/0000/slave-006/prof.block name=block
