{"level":"debug","Logging":"debug","time":"2022-10-24T17:17:56+08:00","message":"Config"}
{"level":"debug","UseTLS":false,"time":"2022-10-24T17:17:56+08:00","message":"Config"}
{"level":"debug","CACertFile":"tls-data/ca.pem","time":"2022-10-24T17:17:56+08:00","message":"Config"}
{"level":"debug","KeyFile":"tls-data/auth.key","time":"2022-10-24T17:17:56+08:00","message":"Config"}
{"level":"debug","CertFile":"tls-data/auth.pem","time":"2022-10-24T17:17:56+08:00","message":"Config"}
{"level":"debug","PriorityConnections":2,"time":"2022-10-24T17:17:56+08:00","message":"Config"}
{"level":"debug","BasicConnections":2,"time":"2022-10-24T17:17:56+08:00","message":"Config"}
{"level":"debug","TestConnections":false,"time":"2022-10-24T17:17:56+08:00","message":"Config"}
{"level":"debug","ExcessConnections":1,"time":"2022-10-24T17:17:56+08:00","message":"Config"}
{"level":"debug","ConnectionTestMsgs":4,"time":"2022-10-24T17:17:56+08:00","message":"Config"}
{"level":"debug","ConnectionTestPayload":131072,"time":"2022-10-24T17:17:56+08:00","message":"Config"}
{"level":"debug","OutMessageBufsize":1024,"time":"2022-10-24T17:17:56+08:00","message":"Config"}
{"level":"debug","OutMessageBufsize":2,"time":"2022-10-24T17:17:56+08:00","message":"Config"}
{"level":"debug","ThroughputCap":131072000,"time":"2022-10-24T17:17:56+08:00","message":"Config"}
{"level":"debug","StragglerTolerance":1000,"time":"2022-10-24T17:17:56+08:00","message":"Config"}
{"level":"debug","BatchSizeIncrement":256,"time":"2022-10-24T17:17:56+08:00","message":"Config"}
{"level":"debug","Orderer":"Pbft","time":"2022-10-24T17:17:56+08:00","message":"Config"}
{"level":"debug","Manager":"Mir","time":"2022-10-24T17:17:56+08:00","message":"Config"}
{"level":"debug","Failures":2,"time":"2022-10-24T17:17:56+08:00","message":"Config"}
{"level":"debug","CrashTiming":"Straggler","time":"2022-10-24T17:17:56+08:00","message":"Config"}
{"level":"debug","CheckpointInterval":256,"time":"2022-10-24T17:17:56+08:00","message":"Config"}
{"level":"debug","WatermarkWindowSize":256,"time":"2022-10-24T17:17:56+08:00","message":"Config"}
{"level":"debug","EpochLength":256,"time":"2022-10-24T17:17:56+08:00","message":"Config"}
{"level":"debug","SegmentLength":32,"time":"2022-10-24T17:17:56+08:00","message":"Config"}
{"level":"debug","WaitForCheckpoints":true,"time":"2022-10-24T17:17:56+08:00","message":"Config"}
{"level":"debug","ClientWatermarkWindowSize":4194304,"time":"2022-10-24T17:17:56+08:00","message":"Config"}
{"level":"debug","ClientRequestBacklogSize":4194304,"time":"2022-10-24T17:17:56+08:00","message":"Config"}
{"level":"debug","RandomSeed":14669,"time":"2022-10-24T17:17:56+08:00","message":"Config"}
{"level":"debug","NodeToLeaderRatio":1,"time":"2022-10-24T17:17:56+08:00","message":"Config"}
{"level":"debug","LeaderPolicy":"SimulatedRandomFailures","time":"2022-10-24T17:17:56+08:00","message":"Config"}
{"level":"debug","DefaultLeaderBan":2,"time":"2022-10-24T17:17:56+08:00","message":"Config"}
{"level":"debug","NumBuckets":128,"time":"2022-10-24T17:17:56+08:00","message":"Config"}
{"level":"debug","BatchSize":1000,"time":"2022-10-24T17:17:56+08:00","message":"Config"}
{"level":"debug","DisabledViewChange":false,"time":"2022-10-24T17:17:56+08:00","message":"Config"}
{"level":"debug","ViewChangeTimeout":60000,"time":"2022-10-24T17:17:56+08:00","message":"Config"}
{"level":"debug","ClientTraceSampling":10,"time":"2022-10-24T17:17:56+08:00","message":"Config"}
{"level":"debug","EventBufferSize":2097152,"time":"2022-10-24T17:17:56+08:00","message":"Config"}
{"level":"debug","TraceSampling":1,"time":"2022-10-24T17:17:56+08:00","message":"Config"}
{"level":"debug","ClientsPerProcess":1,"time":"2022-10-24T17:17:56+08:00","message":"Config"}
{"level":"debug","RequestsPerClient":15360,"time":"2022-10-24T17:17:56+08:00","message":"Config"}
{"level":"debug","ClientRunTime":30000,"time":"2022-10-24T17:17:56+08:00","message":"Config"}
{"level":"debug","RequestRate":256,"time":"2022-10-24T17:17:56+08:00","message":"Config"}
{"level":"debug","HardRequestRateLimit":false,"time":"2022-10-24T17:17:56+08:00","message":"Config"}
{"level":"debug","RequestPayloadSize":500,"time":"2022-10-24T17:17:56+08:00","message":"Config"}
{"level":"debug","SignRequests":true,"time":"2022-10-24T17:17:56+08:00","message":"Config"}
{"level":"debug","ClientPrivKeyFile":"tls-data/client-ecdsa-256.key","time":"2022-10-24T17:17:56+08:00","message":"Config"}
{"level":"debug","ClientPubKeyFile":"tls-data/client-ecdsa-256.pem","time":"2022-10-24T17:17:56+08:00","message":"Config"}
{"level":"debug","PrecomputeRequests":false,"time":"2022-10-24T17:17:56+08:00","message":"Config"}
{"level":"debug","RequestHandlerThreads":32,"time":"2022-10-24T17:17:56+08:00","message":"Config"}
{"level":"debug","RequestInputChannelBuffer":8192,"time":"2022-10-24T17:17:56+08:00","message":"Config"}
{"level":"debug","BatchVerifier":"external","time":"2022-10-24T17:17:56+08:00","message":"Config"}
09:17:56.569 INF Registered with discovery server. numPeers=8 ownID=2
09:17:56.570 INF Profiling enabled.
09:17:56.570 INF Setting up profiling.
09:17:56.570 INF Started Profiler: CPU
09:17:56.570 INF Started Profiler: BLOCK
09:17:56.570 INF Started Profiler: MUTEX
09:17:56.570 INF Profiler will stop on signal. exit=true
09:17:56.572 INF Tracing will stop on signal. exit=false
09:17:56.572 INF Started tracing. traceFile=experiment-output/0000/slave-003/peer.trc
09:17:56.573 DBG Starting backlog.
09:17:56.573 INF Listening for connections. port=10022 useTLS=false
09:17:56.574 INF Connecting to peer. addr=127.0.0.1:10022 basicConns=2 priorityConns=2
09:17:56.574 INF Connecting to peer. addr=127.0.0.1:10033 basicConns=2 priorityConns=2
09:17:56.574 INF Connecting to peer. addr=127.0.0.1:10066 basicConns=2 priorityConns=2
09:17:56.574 INF Connecting to peer. addr=127.0.0.1:10044 basicConns=2 priorityConns=2
09:17:56.575 INF Connecting to peer. addr=127.0.0.1:10055 basicConns=2 priorityConns=2
09:17:56.576 INF Connecting to peer. addr=127.0.0.1:10077 basicConns=2 priorityConns=2
09:17:56.578 INF Connecting to peer. addr=127.0.0.1:10000 basicConns=2 priorityConns=2
09:17:56.585 INF Connecting to peer. addr=127.0.0.1:10011 basicConns=2 priorityConns=2
09:17:56.622 INF Incoming connection for protocol messages. addr=127.0.0.1:52642
09:17:56.632 INF Incoming connection for protocol messages. addr=127.0.0.1:52708
09:17:56.634 INF Incoming connection for protocol messages. addr=127.0.0.1:52812
09:17:56.636 INF Incoming connection for protocol messages. addr=127.0.0.1:52702
09:17:56.638 INF Incoming connection for protocol messages. addr=127.0.0.1:52648
09:17:56.640 INF Incoming connection for protocol messages. addr=127.0.0.1:52796
09:17:56.642 INF Incoming connection for protocol messages. addr=127.0.0.1:52820
09:17:56.650 INF Incoming connection for protocol messages. addr=127.0.0.1:52926
09:17:56.650 INF Incoming connection for protocol messages. addr=127.0.0.1:52856
09:17:56.653 INF Incoming connection for protocol messages. addr=127.0.0.1:52928
09:17:56.654 INF Incoming connection for protocol messages. addr=127.0.0.1:53020
09:17:56.655 INF Incoming connection for protocol messages. addr=127.0.0.1:52942
09:17:56.655 INF Incoming connection for protocol messages. addr=127.0.0.1:52932
09:17:56.656 INF Incoming connection for protocol messages. addr=127.0.0.1:52864
09:17:56.660 INF Incoming connection for protocol messages. addr=127.0.0.1:52996
09:17:56.662 DBG Connected. peerID=0
09:17:56.662 INF Incoming connection for protocol messages. addr=127.0.0.1:53082
09:17:56.662 INF Incoming connection for protocol messages. addr=127.0.0.1:52982
09:17:56.662 INF Incoming connection for protocol messages. addr=127.0.0.1:53032
09:17:56.663 INF Incoming connection for protocol messages. addr=127.0.0.1:53040
09:17:56.665 INF Incoming connection for protocol messages. addr=127.0.0.1:53072
09:17:56.665 INF Incoming connection for protocol messages. addr=127.0.0.1:52968
09:17:56.665 INF Incoming connection for protocol messages. addr=127.0.0.1:53084
09:17:56.666 DBG Connected. peerID=3
09:17:56.666 DBG Connected. peerID=5
09:17:56.667 DBG Connected. peerID=4
09:17:56.667 INF Incoming connection for protocol messages. addr=127.0.0.1:53088
09:17:56.670 INF Incoming connection for protocol messages. addr=127.0.0.1:53114
09:17:56.670 INF Incoming connection for protocol messages. addr=127.0.0.1:53112
09:17:56.670 INF Incoming connection for protocol messages. addr=127.0.0.1:52990
09:17:56.670 DBG Connected. peerID=7
09:17:56.670 INF Incoming connection for protocol messages. addr=127.0.0.1:53110
09:17:56.671 INF Incoming connection for protocol messages. addr=127.0.0.1:53124
09:17:56.671 DBG Connected. peerID=6
09:17:56.671 INF Incoming connection for protocol messages. addr=127.0.0.1:53132
09:17:56.672 INF Incoming connection for protocol messages. addr=127.0.0.1:53140
09:17:56.672 DBG Connected. peerID=2
09:17:56.674 INF Incoming connection for protocol messages. addr=127.0.0.1:52986
09:17:56.675 INF Incoming connection for protocol messages. addr=127.0.0.1:53106
09:17:56.686 DBG Connected. peerID=1
09:17:56.686 INF Connected to all peers.
09:17:56.690 INF All peers finished connecting. Starting ISS.
09:17:56.691 DBG Buckets for 0-th leader 0: [0 8 16 24 32 40 48 56 64 72 80 88 96 104 112 120 6 30 54 78 102 126]
09:17:56.691 DBG Buckets for 1-th leader 1: [1 9 17 25 33 41 49 57 65 73 81 89 97 105 113 121 19 43 67 91 115]
09:17:56.691 DBG Buckets for 2-th leader 2: [2 10 18 26 34 42 50 58 66 74 82 90 98 106 114 122 14 38 62 86 110]
09:17:56.691 DBG Buckets for 3-th leader 4: [4 12 20 28 36 44 52 60 68 76 84 92 100 108 116 124 3 27 51 75 99 123]
09:17:56.692 DBG Buckets for 4-th leader 5: [5 13 21 29 37 45 53 61 69 77 85 93 101 109 117 125 22 46 70 94 118]
09:17:56.692 DBG Buckets for 5-th leader 7: [7 15 23 31 39 47 55 63 71 79 87 95 103 111 119 127 11 35 59 83 107]
09:17:56.692 INF PbftOrderer received a new segment: [1 7 13 19 25 31 37 43 49 55 61 67 73 79 85 91 97 103 109 115 121 127 133 139 145 151 157 163 169 175 181 187] first leader=1 firstSN=1 lastSN=187 len=32 length=32 segId=1
09:17:56.692 INF Starting new view. segID=1 timeout=60000 view=0
09:17:56.693 DBG Starting timer. sn=1 view=0
09:17:56.693 INF Starting PBFT instance. first=1 last=187 segID=1
09:17:56.693 DBG Subscribing to backlog. segID=1
09:17:56.693 INF Starting serialized message processing. segID=1
09:17:56.693 INF PbftOrderer received a new segment: [2 8 14 20 26 32 38 44 50 56 62 68 74 80 86 92 98 104 110 116 122 128 134 140 146 152 158 164 170 176 182 188] first leader=2 firstSN=2 lastSN=188 len=32 length=32 segId=2
09:17:56.693 INF Starting new view. segID=2 timeout=60000 view=0
09:17:56.694 DBG Starting timer. sn=2 view=0
09:17:56.694 INF Starting PBFT instance. first=2 last=188 segID=2
09:17:56.694 DBG Subscribing to backlog. segID=2
09:17:56.694 DBG Leading segment. segID=2
09:17:56.694 INF Starting serialized message processing. segID=2
09:17:56.694 DBG Waiting for batch. batchSize=4096
09:17:56.694 INF PbftOrderer received a new segment: [3 9 15 21 27 33 39 45 51 57 63 69 75 81 87 93 99 105 111 117 123 129 135 141 147 153 159 165 171 177 183 189] first leader=4 firstSN=3 lastSN=189 len=32 length=32 segId=3
09:17:56.694 INF Starting new view. segID=3 timeout=60000 view=0
09:17:56.695 DBG Starting timer. sn=3 view=0
09:17:56.695 INF Starting PBFT instance. first=3 last=189 segID=3
09:17:56.695 DBG Subscribing to backlog. segID=3
09:17:56.695 INF Starting serialized message processing. segID=3
09:17:56.695 INF PbftOrderer received a new segment: [4 10 16 22 28 34 40 46 52 58 64 70 76 82 88 94 100 106 112 118 124 130 136 142 148 154 160 166 172 178 184 190] first leader=5 firstSN=4 lastSN=190 len=32 length=32 segId=4
09:17:56.695 INF Starting new view. segID=4 timeout=60000 view=0
09:17:56.696 DBG Starting timer. sn=4 view=0
09:17:56.696 INF Starting PBFT instance. first=4 last=190 segID=4
09:17:56.696 DBG Subscribing to backlog. segID=4
09:17:56.696 INF Starting serialized message processing. segID=4
09:17:56.696 INF PbftOrderer received a new segment: [5 11 17 23 29 35 41 47 53 59 65 71 77 83 89 95 101 107 113 119 125 131 137 143 149 155 161 167 173 179 185 191] first leader=7 firstSN=5 lastSN=191 len=32 length=32 segId=5
09:17:56.696 INF Starting new view. segID=5 timeout=60000 view=0
09:17:56.697 DBG Starting timer. sn=5 view=0
09:17:56.697 INF Starting PBFT instance. first=5 last=191 segID=5
09:17:56.697 DBG Subscribing to backlog. segID=5
09:17:56.697 INF Starting serialized message processing. segID=5
09:17:56.697 INF PbftOrderer received a new segment: [0 6 12 18 24 30 36 42 48 54 60 66 72 78 84 90 96 102 108 114 120 126 132 138 144 150 156 162 168 174 180 186] first leader=0 firstSN=0 lastSN=186 len=32 length=32 segId=0
09:17:56.697 INF Starting new view. segID=0 timeout=60000 view=0
09:17:56.698 DBG Starting timer. sn=0 view=0
09:17:56.698 INF Starting PBFT instance. first=0 last=186 segID=0
09:17:56.698 DBG Subscribing to backlog. segID=0
09:17:56.698 INF Starting serialized message processing. segID=0
09:17:56.713 INF Connection terminated. error="rpc error: code = Canceled desc = context canceled" address=127.0.0.1:52968
09:17:56.713 INF Connection terminated. error="rpc error: code = Canceled desc = context canceled" address=127.0.0.1:52820
09:17:56.713 INF Connection terminated. error="rpc error: code = Canceled desc = context canceled" address=127.0.0.1:52812
09:17:56.713 INF Connection terminated. error="rpc error: code = Canceled desc = context canceled" address=127.0.0.1:52702
09:17:56.716 INF Connection terminated. error="rpc error: code = Canceled desc = context canceled" address=127.0.0.1:53072
09:17:56.716 INF Connection terminated. error="rpc error: code = Canceled desc = context canceled" address=127.0.0.1:53114
09:17:56.716 INF Connection terminated. error="rpc error: code = Canceled desc = context canceled" address=127.0.0.1:53124
09:17:56.716 INF Connection terminated. error="rpc error: code = Canceled desc = context canceled" address=127.0.0.1:53032
09:17:58.727 INF Incoming connection for requests. addr=127.0.0.1:53180
09:18:26.696 DBG Batch ready. batchSize=4096
09:18:26.697 DBG Batch cut. left=0 nBuckets=21 nReq=1175 next=0
09:18:26.697 DBG Waiting for batch. batchSize=4096
09:18:26.749 INF Sending PREPREPARE. nReq=1175 senderID=2 sn=2 view=0
09:18:26.873 INF Handling PREPREPARE. nReq=1173 senderID=5 sn=4
09:18:26.873 DBG Creating new Batch. nReq=1173
09:18:26.875 ERR Failed to send protocol message. Dropping all future outgoing protocol messages. error=EOF
09:18:26.890 ERR Failed to send protocol message. Dropping all future outgoing protocol messages. error=EOF
09:18:26.900 INF Handling PREPREPARE. nReq=1230 senderID=0 sn=0
09:18:26.900 DBG Creating new Batch. nReq=1230
09:18:26.939 INF Handling PREPREPARE. nReq=1174 senderID=7 sn=5
09:18:26.941 DBG Creating new Batch. nReq=1174
09:18:26.959 INF Handling PREPREPARE. nReq=1174 senderID=1 sn=1
09:18:26.960 DBG Creating new Batch. nReq=1174
09:18:27.019 INF Handling PREPREPARE. nReq=1229 senderID=4 sn=3
09:18:27.019 DBG Creating new Batch. nReq=1229
09:18:27.405 DBG Sending PREPARE. senderID=2 sn=4 view=0
09:18:27.405 DBG func sendPrepare prepare Tn. sn=4 tn=4
09:18:27.416 DBG Sending COMMIT. senderID=2 sn=4 view=0
09:18:27.416 DBG func sendCommit commit Tn. sn=4 tn=4
09:18:27.416 DBG Sending Htn. sn=4 view=0
09:18:27.416 DBG func handleCommit commit Tn. tn=4
09:18:27.417 DBG func handleHtnmsg htn. htn=0 localhtn=0 prelocalhtn=0
09:18:27.417 DBG func handleCommit commit Tn. tn=4
09:18:27.417 DBG func handleHtnmsg htn. htn=0 localhtn=0 prelocalhtn=0
09:18:27.417 DBG func handleCommit commit Tn. tn=4
09:18:27.418 DBG func handleHtnmsg htn. htn=0 localhtn=0 prelocalhtn=0
09:18:27.419 DBG func handleCommit commit Tn. tn=4
09:18:27.419 DBG Sending PREPARE. senderID=2 sn=0 view=0
09:18:27.419 DBG func sendPrepare prepare Tn. sn=0 tn=0
09:18:27.420 INF Committed entry. latency=0 nReq=1173 sn=4
09:18:27.421 DBG Starting timer. sn=10 view=0
09:18:27.421 DBG func handleHtnmsg htn. htn=0 localhtn=0 prelocalhtn=0
09:18:27.427 DBG Sending COMMIT. senderID=2 sn=0 view=0
09:18:27.427 DBG Sending PREPARE. senderID=2 sn=1 view=0
09:18:27.427 DBG func sendCommit commit Tn. sn=0 tn=0
09:18:27.427 DBG func sendPrepare prepare Tn. sn=1 tn=1
09:18:27.428 DBG Sending Htn. sn=0 view=0
09:18:27.428 DBG Sending COMMIT. senderID=2 sn=1 view=0
09:18:27.428 DBG func handleCommit commit Tn. tn=0
09:18:27.428 DBG func sendCommit commit Tn. sn=1 tn=1
09:18:27.428 DBG func handleHtnmsg htn. htn=0 localhtn=0 prelocalhtn=0
09:18:27.428 DBG Sending Htn. sn=1 view=0
09:18:27.428 DBG func handleCommit commit Tn. tn=0
09:18:27.428 DBG func handleHtnmsg htn. htn=0 localhtn=0 prelocalhtn=0
09:18:27.429 DBG func handleCommit commit Tn. tn=0
09:18:27.429 DBG func handleHtnmsg htn. htn=0 localhtn=0 prelocalhtn=0
09:18:27.430 DBG func handleCommit commit Tn. tn=0
09:18:27.430 DBG func handleCommit commit Tn. tn=1
09:18:27.431 DBG func handleHtnmsg htn. htn=0 localhtn=0 prelocalhtn=0
09:18:27.431 DBG func handleCommit commit Tn. tn=1
09:18:27.431 DBG func handleCommit commit Tn. tn=1
09:18:27.432 DBG func handleHtnmsg htn. htn=0 localhtn=0 prelocalhtn=0
09:18:27.432 DBG func handleCommit commit Tn. tn=1
09:18:27.435 INF Committed entry. latency=0 nReq=1230 sn=0
09:18:27.435 INF Delivered batch. nReq=1230 sn=0
09:18:27.435 DBG Starting timer. sn=6 view=0
09:18:27.435 DBG func handleHtnmsg htn. htn=0 localhtn=0 prelocalhtn=0
09:18:27.435 INF Committed entry. latency=0 nReq=1174 sn=1
09:18:27.436 INF Delivered batch. nReq=1174 sn=1
09:18:27.436 DBG Starting timer. sn=7 view=0
09:18:27.436 DBG func handleHtnmsg htn. htn=0 localhtn=0 prelocalhtn=0
09:18:27.436 DBG func handleHtnmsg htn. htn=0 localhtn=0 prelocalhtn=0
09:18:27.437 DBG func handleCommit commit Tn. tn=1
09:18:27.437 DBG func handleCommit commit Tn. tn=0
09:18:27.437 DBG func handleHtnmsg htn. htn=0 localhtn=0 prelocalhtn=0
09:18:27.437 DBG func handleHtnmsg htn. htn=0 localhtn=0 prelocalhtn=0
09:18:27.446 DBG Sending COMMIT. senderID=2 sn=2 view=0
09:18:27.446 DBG func sendCommit commit Tn. sn=2 tn=2
09:18:27.446 DBG Sending Htn. sn=2 view=0
09:18:27.447 DBG func handleCommit commit Tn. tn=2
09:18:27.447 DBG func handleHtnmsg htn. htn=0 localhtn=0 prelocalhtn=0
09:18:27.449 DBG func handleCommit commit Tn. tn=2
09:18:27.449 DBG func handleHtnmsg htn. htn=0 localhtn=0 prelocalhtn=0
09:18:27.449 DBG func handleCommit commit Tn. tn=2
09:18:27.449 DBG func handleHtnmsg htn. htn=0 localhtn=0 prelocalhtn=0
09:18:27.449 DBG func handleCommit commit Tn. tn=2
09:18:27.451 INF Committed entry. latency=0 nReq=1175 sn=2
09:18:27.451 INF Delivered batch. nReq=1175 sn=2
09:18:27.452 DBG Starting timer. sn=8 view=0
09:18:27.452 DBG func handleHtnmsg htn. htn=0 localhtn=0 prelocalhtn=0
09:18:27.453 DBG Sending PREPARE. senderID=2 sn=5 view=0
09:18:27.453 DBG func sendPrepare prepare Tn. sn=5 tn=5
09:18:27.454 DBG Sending COMMIT. senderID=2 sn=5 view=0
09:18:27.454 DBG func sendCommit commit Tn. sn=5 tn=5
09:18:27.454 DBG Sending Htn. sn=5 view=0
09:18:27.457 DBG func handleCommit commit Tn. tn=5
09:18:27.457 DBG func handleHtnmsg htn. htn=0 localhtn=0 prelocalhtn=0
09:18:27.457 DBG func handleCommit commit Tn. tn=5
09:18:27.458 DBG func handleHtnmsg htn. htn=0 localhtn=0 prelocalhtn=0
09:18:27.459 DBG func handleCommit commit Tn. tn=5
09:18:27.459 DBG func handleHtnmsg htn. htn=0 localhtn=0 prelocalhtn=0
09:18:27.464 DBG func handleCommit commit Tn. tn=5
09:18:27.466 INF Committed entry. latency=0 nReq=1174 sn=5
09:18:27.466 DBG Starting timer. sn=11 view=0
09:18:27.466 DBG Sending PREPARE. senderID=2 sn=3 view=0
09:18:27.466 DBG func sendPrepare prepare Tn. sn=3 tn=3
09:18:27.466 DBG func handleHtnmsg htn. htn=0 localhtn=0 prelocalhtn=0
09:18:27.466 DBG Sending COMMIT. senderID=2 sn=3 view=0
09:18:27.466 DBG func sendCommit commit Tn. sn=3 tn=3
09:18:27.466 DBG Sending Htn. sn=3 view=0
09:18:27.468 DBG func handleCommit commit Tn. tn=2
09:18:27.468 DBG func handleHtnmsg htn. htn=0 localhtn=0 prelocalhtn=0
09:18:27.470 DBG func handleCommit commit Tn. tn=3
09:18:27.471 DBG func handleCommit commit Tn. tn=3
09:18:27.471 DBG func handleHtnmsg htn. htn=0 localhtn=0 prelocalhtn=0
09:18:27.472 DBG func handleHtnmsg htn. htn=0 localhtn=0 prelocalhtn=0
09:18:27.473 DBG func handleCommit commit Tn. tn=3
09:18:27.473 DBG func handleHtnmsg htn. htn=0 localhtn=0 prelocalhtn=0
09:18:27.481 DBG func handleCommit commit Tn. tn=3
09:18:27.483 INF Committed entry. latency=0 nReq=1229 sn=3
09:18:27.483 INF Delivered batch. nReq=1229 sn=3
09:18:27.483 INF Delivered batch. nReq=1173 sn=4
09:18:27.483 INF Delivered batch. nReq=1174 sn=5
09:18:27.483 DBG Starting timer. sn=9 view=0
09:18:27.484 DBG func handleHtnmsg htn. htn=0 localhtn=0 prelocalhtn=0
09:18:27.489 DBG func handleCommit commit Tn. tn=4
09:18:27.489 DBG func handleHtnmsg htn. htn=0 localhtn=0 prelocalhtn=0
09:18:27.498 DBG func handleCommit commit Tn. tn=5
09:18:27.498 DBG func handleHtnmsg htn. htn=0 localhtn=0 prelocalhtn=0
09:18:27.508 DBG func handleCommit commit Tn. tn=3
09:18:27.508 DBG func handleHtnmsg htn. htn=0 localhtn=0 prelocalhtn=0
09:18:56.699 DBG Batch ready. batchSize=4096
09:18:56.699 DBG Batch cut. left=0 nBuckets=21 nReq=85 next=0
09:18:56.700 DBG Waiting for batch. batchSize=4096
09:18:56.702 INF Sending PREPREPARE. nReq=85 senderID=2 sn=8 view=0
09:18:56.711 INF Handling PREPREPARE. nReq=87 senderID=5 sn=10
09:18:56.711 DBG Creating new Batch. nReq=87
09:18:56.712 INF Handling PREPREPARE. nReq=87 senderID=1 sn=7
09:18:56.713 DBG Creating new Batch. nReq=87
09:18:56.731 DBG Sending PREPARE. senderID=2 sn=7 view=0
09:18:56.731 DBG func sendPrepare prepare Tn. sn=7 tn=7
09:18:56.732 DBG Sending PREPARE. senderID=2 sn=10 view=0
09:18:56.732 INF Handling PREPREPARE. nReq=91 senderID=4 sn=9
09:18:56.732 DBG func sendPrepare prepare Tn. sn=10 tn=10
09:18:56.732 DBG Creating new Batch. nReq=91
09:18:56.741 DBG func handleCommit commit Tn. tn=10
09:18:56.741 DBG func handleCommit commit Tn. tn=7
09:18:56.742 DBG func handleHtnmsg htn. htn=0 localhtn=0 prelocalhtn=0
09:18:56.742 DBG func handleHtnmsg htn. htn=0 localhtn=0 prelocalhtn=0
09:18:56.742 DBG func handleCommit commit Tn. tn=10
09:18:56.742 DBG func handleCommit commit Tn. tn=7
09:18:56.742 DBG func handleHtnmsg htn. htn=0 localhtn=0 prelocalhtn=0
09:18:56.742 DBG Sending COMMIT. senderID=2 sn=7 view=0
09:18:56.743 DBG func handleCommit commit Tn. tn=10
09:18:56.743 DBG func sendCommit commit Tn. sn=7 tn=7
09:18:56.743 DBG func handleHtnmsg htn. htn=0 localhtn=0 prelocalhtn=0
09:18:56.743 DBG Sending COMMIT. senderID=2 sn=10 view=0
09:18:56.743 DBG Sending Htn. sn=7 view=0
09:18:56.743 DBG func sendCommit commit Tn. sn=10 tn=10
09:18:56.743 DBG func handleCommit commit Tn. tn=7
09:18:56.743 DBG Sending Htn. sn=10 view=0
09:18:56.743 DBG func handleHtnmsg htn. htn=0 localhtn=0 prelocalhtn=0
09:18:56.744 DBG func handleCommit commit Tn. tn=10
09:18:56.744 DBG func handleCommit commit Tn. tn=7
09:18:56.744 INF Committed entry. latency=0 nReq=87 sn=10
09:18:56.744 DBG Starting timer. sn=16 view=0
09:18:56.744 DBG func handleHtnmsg htn. htn=0 localhtn=0 prelocalhtn=0
09:18:56.744 INF Committed entry. latency=0 nReq=87 sn=7
09:18:56.745 DBG Starting timer. sn=13 view=0
09:18:56.745 DBG func handleHtnmsg htn. htn=0 localhtn=0 prelocalhtn=0
09:18:56.745 DBG func handleHtnmsg htn. htn=0 localhtn=0 prelocalhtn=0
09:18:56.746 DBG func handleCommit commit Tn. tn=7
09:18:56.746 DBG Sending COMMIT. senderID=2 sn=8 view=0
09:18:56.746 DBG func handleHtnmsg htn. htn=0 localhtn=0 prelocalhtn=0
09:18:56.746 DBG func sendCommit commit Tn. sn=8 tn=8
09:18:56.747 DBG Sending Htn. sn=8 view=0
09:18:56.747 DBG func handleCommit commit Tn. tn=8
09:18:56.747 DBG func handleHtnmsg htn. htn=0 localhtn=0 prelocalhtn=0
09:18:56.749 DBG func handleCommit commit Tn. tn=10
09:18:56.749 DBG func handleHtnmsg htn. htn=0 localhtn=0 prelocalhtn=0
09:18:56.749 DBG func handleCommit commit Tn. tn=8
09:18:56.749 DBG func handleHtnmsg htn. htn=0 localhtn=0 prelocalhtn=0
09:18:56.750 DBG func handleCommit commit Tn. tn=8
09:18:56.750 INF Handling PREPREPARE. nReq=91 senderID=0 sn=6
09:18:56.752 DBG func handleHtnmsg htn. htn=0 localhtn=0 prelocalhtn=0
09:18:56.752 DBG Sending PREPARE. senderID=2 sn=9 view=0
09:18:56.753 DBG func handleCommit commit Tn. tn=8
09:18:56.753 DBG Creating new Batch. nReq=91
09:18:56.753 DBG func sendPrepare prepare Tn. sn=9 tn=9
09:18:56.753 INF Committed entry. latency=0 nReq=85 sn=8
09:18:56.753 DBG Starting timer. sn=14 view=0
09:18:56.754 DBG func handleHtnmsg htn. htn=0 localhtn=0 prelocalhtn=0
09:18:56.754 DBG Sending COMMIT. senderID=2 sn=9 view=0
09:18:56.754 DBG func handleCommit commit Tn. tn=8
09:18:56.754 DBG func sendCommit commit Tn. sn=9 tn=9
09:18:56.754 DBG func handleHtnmsg htn. htn=0 localhtn=0 prelocalhtn=0
09:18:56.754 DBG Sending Htn. sn=9 view=0
09:18:56.755 DBG func handleCommit commit Tn. tn=9
09:18:56.756 DBG func handleHtnmsg htn. htn=0 localhtn=0 prelocalhtn=0
09:18:56.758 DBG func handleCommit commit Tn. tn=9
09:18:56.758 DBG func handleHtnmsg htn. htn=0 localhtn=0 prelocalhtn=0
09:18:56.760 DBG func handleCommit commit Tn. tn=9
09:18:56.760 DBG func handleHtnmsg htn. htn=0 localhtn=0 prelocalhtn=0
09:18:56.761 DBG func handleCommit commit Tn. tn=9
09:18:56.761 INF Committed entry. latency=0 nReq=91 sn=9
09:18:56.761 DBG Starting timer. sn=15 view=0
09:18:56.761 DBG func handleHtnmsg htn. htn=0 localhtn=0 prelocalhtn=0
09:18:56.762 DBG func handleCommit commit Tn. tn=9
09:18:56.762 DBG func handleHtnmsg htn. htn=0 localhtn=0 prelocalhtn=0
09:18:56.762 INF Handling PREPREPARE. nReq=86 senderID=7 sn=11
09:18:56.763 DBG Creating new Batch. nReq=86
09:18:56.776 DBG Sending PREPARE. senderID=2 sn=6 view=0
09:18:56.776 DBG Sending PREPARE. senderID=2 sn=11 view=0
09:18:56.776 DBG func sendPrepare prepare Tn. sn=6 tn=6
09:18:56.776 DBG func sendPrepare prepare Tn. sn=11 tn=11
09:18:56.778 DBG Sending COMMIT. senderID=2 sn=6 view=0
09:18:56.778 DBG func sendCommit commit Tn. sn=6 tn=6
09:18:56.779 DBG Sending Htn. sn=6 view=0
09:18:56.779 DBG func handleCommit commit Tn. tn=6
09:18:56.780 DBG func handleHtnmsg htn. htn=0 localhtn=0 prelocalhtn=0
09:18:56.780 DBG func handleCommit commit Tn. tn=6
09:18:56.780 DBG func handleCommit commit Tn. tn=6
09:18:56.780 DBG func handleHtnmsg htn. htn=0 localhtn=0 prelocalhtn=0
09:18:56.781 DBG func handleCommit commit Tn. tn=6
09:18:56.781 INF Committed entry. latency=0 nReq=91 sn=6
09:18:56.781 INF Delivered batch. nReq=91 sn=6
09:18:56.781 INF Delivered batch. nReq=87 sn=7
09:18:56.781 INF Delivered batch. nReq=85 sn=8
09:18:56.782 INF Delivered batch. nReq=91 sn=9
09:18:56.782 INF Delivered batch. nReq=87 sn=10
09:18:56.782 DBG Sending COMMIT. senderID=2 sn=11 view=0
09:18:56.782 DBG Starting timer. sn=12 view=0
09:18:56.782 DBG func sendCommit commit Tn. sn=11 tn=11
09:18:56.782 DBG func handleHtnmsg htn. htn=0 localhtn=0 prelocalhtn=0
09:18:56.782 DBG func handleCommit commit Tn. tn=6
09:18:56.782 DBG Sending Htn. sn=11 view=0
09:18:56.782 DBG func handleHtnmsg htn. htn=0 localhtn=0 prelocalhtn=0
09:18:56.782 DBG func handleCommit commit Tn. tn=11
09:18:56.783 DBG func handleHtnmsg htn. htn=0 localhtn=0 prelocalhtn=0
09:18:56.783 DBG func handleHtnmsg htn. htn=0 localhtn=0 prelocalhtn=0
09:18:56.783 DBG func handleCommit commit Tn. tn=11
09:18:56.783 DBG func handleHtnmsg htn. htn=0 localhtn=0 prelocalhtn=0
09:18:56.784 DBG func handleCommit commit Tn. tn=11
09:18:56.784 DBG func handleHtnmsg htn. htn=0 localhtn=0 prelocalhtn=0
09:18:56.785 DBG func handleCommit commit Tn. tn=11
09:18:56.786 INF Committed entry. latency=0 nReq=86 sn=11
09:18:56.786 INF Delivered batch. nReq=86 sn=11
09:18:56.786 DBG Starting timer. sn=17 view=0
09:18:56.786 DBG func handleHtnmsg htn. htn=0 localhtn=0 prelocalhtn=0
09:18:56.786 DBG func handleCommit commit Tn. tn=11
09:18:56.787 DBG func handleHtnmsg htn. htn=0 localhtn=0 prelocalhtn=0
09:18:57.758 INF Connection terminated. error="rpc error: code = Canceled desc = context canceled" address=127.0.0.1:53180
09:18:57.760 INF Finished sending bucket assignments to client. clId=0
09:18:58.157 INF Stopping profiler.
09:18:58.157 INF Stopping Tracer. events=144 fileName=experiment-output/0000/slave-003/peer.trc
==================
WARNING: DATA RACE
Read at 0x00c0009a0000 by goroutine 115:
  runtime.racereadrange()
      <autogenerated>:1 +0x1b
  github.com/hyperledger-labs/mirbft/tracing.(*BufferedTrace).StopOnSignal.func1()
      /opt/gopath/src/github.com/hyperledger-labs/mirbft/tracing/bufferedtrace.go:298 +0x4e

Previous write at 0x00c0009a0000 by goroutine 494:
  github.com/hyperledger-labs/mirbft/tracing.(*BufferedTrace).Event()
      /opt/gopath/src/github.com/hyperledger-labs/mirbft/tracing/bufferedtrace.go:105 +0x2d9
  github.com/hyperledger-labs/mirbft/manager.(*MirManager).handleLogEntries()
      /opt/gopath/src/github.com/hyperledger-labs/mirbft/manager/mirmanager.go:139 +0x1d8
  github.com/hyperledger-labs/mirbft/manager.(*MirManager).Start路dwrap路7()
      /opt/gopath/src/github.com/hyperledger-labs/mirbft/manager/mirmanager.go:101 +0x47

Goroutine 115 (running) created at:
  github.com/hyperledger-labs/mirbft/tracing.(*BufferedTrace).StopOnSignal()
      /opt/gopath/src/github.com/hyperledger-labs/mirbft/tracing/bufferedtrace.go:292 +0x172
  main.setUpTracing()
      /opt/gopath/src/github.com/hyperledger-labs/mirbft/cmd/orderingpeer/main.go:204 +0xf5
  main.main()
      /opt/gopath/src/github.com/hyperledger-labs/mirbft/cmd/orderingpeer/main.go:98 +0x9d6

Goroutine 494 (running) created at:
  github.com/hyperledger-labs/mirbft/manager.(*MirManager).Start()
      /opt/gopath/src/github.com/hyperledger-labs/mirbft/manager/mirmanager.go:101 +0x19e
  main.main路dwrap路4()
      /opt/gopath/src/github.com/hyperledger-labs/mirbft/cmd/orderingpeer/main.go:168 +0x59
==================
==================
WARNING: DATA RACE
Read at 0x00c0009a1658 by goroutine 115:
  runtime.racereadrange()
      <autogenerated>:1 +0x1b
  github.com/hyperledger-labs/mirbft/tracing.(*BufferedTrace).StopOnSignal.func1()
      /opt/gopath/src/github.com/hyperledger-labs/mirbft/tracing/bufferedtrace.go:298 +0x4e

Previous write at 0x00c0009a1658 by goroutine 114:
  github.com/hyperledger-labs/mirbft/tracing.(*BufferedTrace).Event()
      /opt/gopath/src/github.com/hyperledger-labs/mirbft/tracing/bufferedtrace.go:105 +0x2d9
  github.com/hyperledger-labs/mirbft/profiling.StartCPUTracing.func1()
      /opt/gopath/src/github.com/hyperledger-labs/mirbft/profiling/cpuusage.go:31 +0x95

Goroutine 115 (running) created at:
  github.com/hyperledger-labs/mirbft/tracing.(*BufferedTrace).StopOnSignal()
      /opt/gopath/src/github.com/hyperledger-labs/mirbft/tracing/bufferedtrace.go:292 +0x172
  main.setUpTracing()
      /opt/gopath/src/github.com/hyperledger-labs/mirbft/cmd/orderingpeer/main.go:204 +0xf5
  main.main()
      /opt/gopath/src/github.com/hyperledger-labs/mirbft/cmd/orderingpeer/main.go:98 +0x9d6

Goroutine 114 (running) created at:
  github.com/hyperledger-labs/mirbft/profiling.StartCPUTracing()
      /opt/gopath/src/github.com/hyperledger-labs/mirbft/profiling/cpuusage.go:28 +0xb6
  main.setUpTracing()
      /opt/gopath/src/github.com/hyperledger-labs/mirbft/cmd/orderingpeer/main.go:196 +0x85
  main.main()
      /opt/gopath/src/github.com/hyperledger-labs/mirbft/cmd/orderingpeer/main.go:98 +0x9d6
==================
09:18:58.160 INF Trace data written.
09:18:58.220 INF Profile data written. filename=experiment-output/0000/slave-003/prof.cpu name=cpu
09:18:58.296 INF Profile data written. filename=experiment-output/0000/slave-003/prof.block name=block
09:18:58.329 INF Profile data written. filename=experiment-output/0000/slave-003/prof.mutex name=mutex
