{"level":"debug","Logging":"debug","time":"2022-08-10T11:31:56+08:00","message":"Config"}
{"level":"debug","UseTLS":false,"time":"2022-08-10T11:31:56+08:00","message":"Config"}
{"level":"debug","CACertFile":"tls-data/ca.pem","time":"2022-08-10T11:31:56+08:00","message":"Config"}
{"level":"debug","KeyFile":"tls-data/auth.key","time":"2022-08-10T11:31:56+08:00","message":"Config"}
{"level":"debug","CertFile":"tls-data/auth.pem","time":"2022-08-10T11:31:56+08:00","message":"Config"}
{"level":"debug","PriorityConnections":2,"time":"2022-08-10T11:31:56+08:00","message":"Config"}
{"level":"debug","BasicConnections":4,"time":"2022-08-10T11:31:56+08:00","message":"Config"}
{"level":"debug","TestConnections":false,"time":"2022-08-10T11:31:56+08:00","message":"Config"}
{"level":"debug","ExcessConnections":1,"time":"2022-08-10T11:31:56+08:00","message":"Config"}
{"level":"debug","ConnectionTestMsgs":4,"time":"2022-08-10T11:31:56+08:00","message":"Config"}
{"level":"debug","ConnectionTestPayload":131072,"time":"2022-08-10T11:31:56+08:00","message":"Config"}
{"level":"debug","OutMessageBufsize":1024,"time":"2022-08-10T11:31:56+08:00","message":"Config"}
{"level":"debug","OutMessageBufsize":1,"time":"2022-08-10T11:31:56+08:00","message":"Config"}
{"level":"debug","ThroughputCap":131072000,"time":"2022-08-10T11:31:56+08:00","message":"Config"}
{"level":"debug","StragglerTolerance":1000,"time":"2022-08-10T11:31:56+08:00","message":"Config"}
{"level":"debug","BatchSizeIncrement":256,"time":"2022-08-10T11:31:56+08:00","message":"Config"}
{"level":"debug","Orderer":"Pbft","time":"2022-08-10T11:31:56+08:00","message":"Config"}
{"level":"debug","Manager":"Mir","time":"2022-08-10T11:31:56+08:00","message":"Config"}
{"level":"debug","Failures":0,"time":"2022-08-10T11:31:56+08:00","message":"Config"}
{"level":"debug","CrashTiming":"Straggler","time":"2022-08-10T11:31:56+08:00","message":"Config"}
{"level":"debug","CheckpointInterval":256,"time":"2022-08-10T11:31:56+08:00","message":"Config"}
{"level":"debug","WatermarkWindowSize":256,"time":"2022-08-10T11:31:56+08:00","message":"Config"}
{"level":"debug","EpochLength":256,"time":"2022-08-10T11:31:56+08:00","message":"Config"}
{"level":"debug","SegmentLength":64,"time":"2022-08-10T11:31:56+08:00","message":"Config"}
{"level":"debug","WaitForCheckpoints":true,"time":"2022-08-10T11:31:56+08:00","message":"Config"}
{"level":"debug","ClientWatermarkWindowSize":4194304,"time":"2022-08-10T11:31:56+08:00","message":"Config"}
{"level":"debug","ClientRequestBacklogSize":4194304,"time":"2022-08-10T11:31:56+08:00","message":"Config"}
{"level":"debug","RandomSeed":18921,"time":"2022-08-10T11:31:56+08:00","message":"Config"}
{"level":"debug","NodeToLeaderRatio":1,"time":"2022-08-10T11:31:56+08:00","message":"Config"}
{"level":"debug","LeaderPolicy":"Simple","time":"2022-08-10T11:31:56+08:00","message":"Config"}
{"level":"debug","DefaultLeaderBan":2,"time":"2022-08-10T11:31:56+08:00","message":"Config"}
{"level":"debug","NumBuckets":64,"time":"2022-08-10T11:31:56+08:00","message":"Config"}
{"level":"debug","BatchSize":1000,"time":"2022-08-10T11:31:56+08:00","message":"Config"}
{"level":"debug","DisabledViewChange":false,"time":"2022-08-10T11:31:56+08:00","message":"Config"}
{"level":"debug","ViewChangeTimeout":60000,"time":"2022-08-10T11:31:56+08:00","message":"Config"}
{"level":"debug","ClientTraceSampling":10,"time":"2022-08-10T11:31:56+08:00","message":"Config"}
{"level":"debug","EventBufferSize":2097152,"time":"2022-08-10T11:31:56+08:00","message":"Config"}
{"level":"debug","TraceSampling":1,"time":"2022-08-10T11:31:56+08:00","message":"Config"}
{"level":"debug","ClientsPerProcess":1,"time":"2022-08-10T11:31:56+08:00","message":"Config"}
{"level":"debug","RequestsPerClient":7680,"time":"2022-08-10T11:31:56+08:00","message":"Config"}
{"level":"debug","ClientRunTime":30000,"time":"2022-08-10T11:31:56+08:00","message":"Config"}
{"level":"debug","RequestRate":128,"time":"2022-08-10T11:31:56+08:00","message":"Config"}
{"level":"debug","HardRequestRateLimit":false,"time":"2022-08-10T11:31:56+08:00","message":"Config"}
{"level":"debug","RequestPayloadSize":500,"time":"2022-08-10T11:31:56+08:00","message":"Config"}
{"level":"debug","SignRequests":true,"time":"2022-08-10T11:31:56+08:00","message":"Config"}
{"level":"debug","ClientPrivKeyFile":"tls-data/client-ecdsa-256.key","time":"2022-08-10T11:31:56+08:00","message":"Config"}
{"level":"debug","ClientPubKeyFile":"tls-data/client-ecdsa-256.pem","time":"2022-08-10T11:31:56+08:00","message":"Config"}
{"level":"debug","PrecomputeRequests":false,"time":"2022-08-10T11:31:56+08:00","message":"Config"}
{"level":"debug","RequestHandlerThreads":32,"time":"2022-08-10T11:31:56+08:00","message":"Config"}
{"level":"debug","RequestInputChannelBuffer":8192,"time":"2022-08-10T11:31:56+08:00","message":"Config"}
{"level":"debug","BatchVerifier":"external","time":"2022-08-10T11:31:56+08:00","message":"Config"}
03:31:56.995 INF Registered with discovery server. numPeers=4 ownID=3
03:31:56.996 INF Profiling enabled.
03:31:56.996 INF Setting up profiling.
03:31:56.996 INF Started Profiler: CPU
03:31:56.996 INF Started Profiler: BLOCK
03:31:56.996 INF Started Profiler: MUTEX
03:31:56.996 INF Profiler will stop on signal. exit=true
03:31:56.998 INF Tracing will stop on signal. exit=false
03:31:56.999 INF Started tracing. traceFile=experiment-output/0000/slave-004/peer.trc
03:31:57.000 DBG Starting backlog.
03:31:57.000 INF Listening for connections. port=10033 useTLS=false
03:31:57.000 INF Connecting to peer. addr=127.0.0.1:10000 basicConns=4 priorityConns=2
03:31:57.000 INF Connecting to peer. addr=127.0.0.1:10033 basicConns=4 priorityConns=2
03:31:57.000 INF Connecting to peer. addr=127.0.0.1:10022 basicConns=4 priorityConns=2
03:31:57.000 INF Connecting to peer. addr=127.0.0.1:10011 basicConns=4 priorityConns=2
03:31:57.027 INF Incoming connection for protocol messages. addr=127.0.0.1:57422
03:31:57.028 INF Incoming connection for protocol messages. addr=127.0.0.1:57442
03:31:57.029 INF Incoming connection for protocol messages. addr=127.0.0.1:57406
03:31:57.029 INF Incoming connection for protocol messages. addr=127.0.0.1:57426
03:31:57.029 INF Incoming connection for protocol messages. addr=127.0.0.1:57436
03:31:57.029 INF Incoming connection for protocol messages. addr=127.0.0.1:57438
03:31:57.030 INF Incoming connection for protocol messages. addr=127.0.0.1:57448
03:31:57.030 INF Incoming connection for protocol messages. addr=127.0.0.1:57450
03:31:57.031 INF Incoming connection for protocol messages. addr=127.0.0.1:57454
03:31:57.031 INF Incoming connection for protocol messages. addr=127.0.0.1:57464
03:31:57.034 INF Incoming connection for protocol messages. addr=127.0.0.1:57480
03:31:57.035 INF Incoming connection for protocol messages. addr=127.0.0.1:57472
03:31:57.035 INF Incoming connection for protocol messages. addr=127.0.0.1:57476
03:31:57.035 INF Incoming connection for protocol messages. addr=127.0.0.1:57466
03:31:57.035 INF Incoming connection for protocol messages. addr=127.0.0.1:57462
03:31:57.036 INF Incoming connection for protocol messages. addr=127.0.0.1:57496
03:31:57.036 INF Incoming connection for protocol messages. addr=127.0.0.1:57468
03:31:57.036 INF Incoming connection for protocol messages. addr=127.0.0.1:57512
03:31:57.036 INF Incoming connection for protocol messages. addr=127.0.0.1:57564
03:31:57.037 INF Incoming connection for protocol messages. addr=127.0.0.1:57502
03:31:57.037 DBG Connected. peerID=3
03:31:57.038 DBG Connected. peerID=0
03:31:57.038 INF Incoming connection for protocol messages. addr=127.0.0.1:57498
03:31:57.039 INF Incoming connection for protocol messages. addr=127.0.0.1:57530
03:31:57.039 DBG Connected. peerID=2
03:31:57.039 INF Incoming connection for protocol messages. addr=127.0.0.1:57514
03:31:57.039 INF Incoming connection for protocol messages. addr=127.0.0.1:57510
03:31:57.047 DBG Connected. peerID=1
03:31:57.047 INF Connected to all peers.
03:31:57.051 INF All peers finished connecting. Starting ISS.
03:31:57.052 DBG Buckets for 0-th leader 0: [0 4 8 12 16 20 24 28 32 36 40 44 48 52 56 60]
03:31:57.052 DBG Buckets for 1-th leader 1: [1 5 9 13 17 21 25 29 33 37 41 45 49 53 57 61]
03:31:57.052 DBG Buckets for 2-th leader 2: [2 6 10 14 18 22 26 30 34 38 42 46 50 54 58 62]
03:31:57.052 DBG Buckets for 3-th leader 3: [3 7 11 15 19 23 27 31 35 39 43 47 51 55 59 63]
03:31:57.053 INF PbftOrderer received a new segment: [0 4 8 12 16 20 24 28 32 36 40 44 48 52 56 60 64 68 72 76 80 84 88 92 96 100 104 108 112 116 120 124 128 132 136 140 144 148 152 156 160 164 168 172 176 180 184 188 192 196 200 204 208 212 216 220 224 228 232 236 240 244 248 252] first leader=0 firstSN=0 lastSN=252 len=64 length=64 segId=0
03:31:57.053 INF Starting new view. segID=0 timeout=60000 view=0
03:31:57.053 DBG Starting timer. sn=0 view=0
03:31:57.053 INF Starting PBFT instance. first=0 last=252 segID=0
03:31:57.054 DBG Subscribing to backlog. segID=0
03:31:57.054 INF Starting serialized message processing. segID=0
03:31:57.054 INF PbftOrderer received a new segment: [1 5 9 13 17 21 25 29 33 37 41 45 49 53 57 61 65 69 73 77 81 85 89 93 97 101 105 109 113 117 121 125 129 133 137 141 145 149 153 157 161 165 169 173 177 181 185 189 193 197 201 205 209 213 217 221 225 229 233 237 241 245 249 253] first leader=1 firstSN=1 lastSN=253 len=64 length=64 segId=1
03:31:57.054 INF Starting new view. segID=1 timeout=60000 view=0
03:31:57.054 DBG Starting timer. sn=1 view=0
03:31:57.054 INF Starting PBFT instance. first=1 last=253 segID=1
03:31:57.055 DBG Subscribing to backlog. segID=1
03:31:57.055 INF Starting serialized message processing. segID=1
03:31:57.055 INF PbftOrderer received a new segment: [2 6 10 14 18 22 26 30 34 38 42 46 50 54 58 62 66 70 74 78 82 86 90 94 98 102 106 110 114 118 122 126 130 134 138 142 146 150 154 158 162 166 170 174 178 182 186 190 194 198 202 206 210 214 218 222 226 230 234 238 242 246 250 254] first leader=2 firstSN=2 lastSN=254 len=64 length=64 segId=2
03:31:57.055 INF Starting new view. segID=2 timeout=60000 view=0
03:31:57.055 DBG Starting timer. sn=2 view=0
03:31:57.055 INF Starting PBFT instance. first=2 last=254 segID=2
03:31:57.056 DBG Subscribing to backlog. segID=2
03:31:57.056 INF Starting serialized message processing. segID=2
03:31:57.056 INF PbftOrderer received a new segment: [3 7 11 15 19 23 27 31 35 39 43 47 51 55 59 63 67 71 75 79 83 87 91 95 99 103 107 111 115 119 123 127 131 135 139 143 147 151 155 159 163 167 171 175 179 183 187 191 195 199 203 207 211 215 219 223 227 231 235 239 243 247 251 255] first leader=3 firstSN=3 lastSN=255 len=64 length=64 segId=3
03:31:57.056 INF Starting new view. segID=3 timeout=60000 view=0
03:31:57.056 DBG Starting timer. sn=3 view=0
03:31:57.057 INF Starting PBFT instance. first=3 last=255 segID=3
03:31:57.057 DBG Subscribing to backlog. segID=3
03:31:57.057 DBG Leading segment. segID=3
03:31:57.057 INF Starting serialized message processing. segID=3
03:31:57.057 DBG Waiting for batch. batchSize=4096
03:31:58.058 DBG Batch ready. batchSize=4096
03:31:58.058 DBG Batch cut. left=0 nBuckets=16 nReq=0 next=0
03:31:58.058 INF Sending PREPREPARE. nReq=0 senderID=3 sn=3 view=0
03:31:58.058 DBG Waiting for batch. batchSize=4096
03:31:58.061 INF Handling PREPREPARE. nReq=0 senderID=0 sn=0
03:31:58.061 DBG Creating new Batch. nReq=0
03:31:58.061 DBG Sending PREPARE. senderID=3 sn=0 view=0
03:31:58.061 INF Handling PREPREPARE. nReq=0 senderID=1 sn=1
03:31:58.061 DBG Creating new Batch. nReq=0
03:31:58.061 INF Handling PREPREPARE. nReq=0 senderID=2 sn=2
03:31:58.061 DBG Creating new Batch. nReq=0
03:31:58.062 DBG Sending PREPARE. senderID=3 sn=1 view=0
03:31:58.062 DBG Sending PREPARE. senderID=3 sn=2 view=0
03:31:58.062 DBG Sending COMMIT. senderID=3 sn=0 view=0
03:31:58.062 DBG Sending COMMIT. senderID=3 sn=1 view=0
03:31:58.062 DBG Sending COMMIT. senderID=3 sn=2 view=0
03:31:58.063 DBG Sending COMMIT. senderID=3 sn=3 view=0
03:31:58.064 INF Committed entry. latency=0 nReq=0 sn=2
03:31:58.064 DBG Starting timer. sn=6 view=0
03:31:58.064 INF Committed entry. latency=0 nReq=0 sn=1
03:31:58.064 INF Committed entry. latency=0 nReq=0 sn=0
03:31:58.064 INF Committed entry. latency=0 nReq=0 sn=3
03:31:58.064 INF Delivered batch. nReq=0 sn=0
03:31:58.065 INF Delivered batch. nReq=0 sn=1
03:31:58.065 INF Delivered batch. nReq=0 sn=2
03:31:58.065 INF Delivered batch. nReq=0 sn=3
03:31:58.065 DBG Starting timer. sn=5 view=0
03:31:58.065 DBG Starting timer. sn=4 view=0
03:31:58.065 DBG Starting timer. sn=7 view=0
03:31:59.057 INF Handling PREPREPARE. nReq=0 senderID=0 sn=4
03:31:59.057 DBG Creating new Batch. nReq=0
03:31:59.058 DBG Sending PREPARE. senderID=3 sn=4 view=0
03:31:59.059 DBG Batch ready. batchSize=4096
03:31:59.059 INF Handling PREPREPARE. nReq=0 senderID=1 sn=5
03:31:59.059 DBG Sending COMMIT. senderID=3 sn=4 view=0
03:31:59.059 DBG Batch cut. left=0 nBuckets=16 nReq=0 next=0
03:31:59.059 INF Handling PREPREPARE. nReq=0 senderID=2 sn=6
03:31:59.059 DBG Creating new Batch. nReq=0
03:31:59.059 DBG Creating new Batch. nReq=0
03:31:59.059 INF Sending PREPREPARE. nReq=0 senderID=3 sn=7 view=0
03:31:59.060 DBG Waiting for batch. batchSize=4096
03:31:59.060 DBG Sending PREPARE. senderID=3 sn=5 view=0
03:31:59.060 DBG Sending PREPARE. senderID=3 sn=6 view=0
03:31:59.060 DBG Sending COMMIT. senderID=3 sn=5 view=0
03:31:59.060 INF Committed entry. latency=0 nReq=0 sn=4
03:31:59.061 INF Delivered batch. nReq=0 sn=4
03:31:59.061 DBG Starting timer. sn=8 view=0
03:31:59.061 DBG Sending COMMIT. senderID=3 sn=6 view=0
03:31:59.062 DBG Sending COMMIT. senderID=3 sn=7 view=0
03:31:59.062 INF Committed entry. latency=0 nReq=0 sn=5
03:31:59.062 INF Committed entry. latency=0 nReq=0 sn=6
03:31:59.063 INF Delivered batch. nReq=0 sn=5
03:31:59.063 INF Delivered batch. nReq=0 sn=6
03:31:59.063 DBG Starting timer. sn=9 view=0
03:31:59.063 DBG Starting timer. sn=10 view=0
03:31:59.063 INF Committed entry. latency=0 nReq=0 sn=7
03:31:59.063 INF Delivered batch. nReq=0 sn=7
03:31:59.064 DBG Starting timer. sn=11 view=0
03:31:59.088 INF Incoming connection for requests. addr=127.0.0.1:57604
03:32:00.061 DBG Batch ready. batchSize=4096
03:32:00.062 DBG Batch cut. left=0 nBuckets=16 nReq=30 next=0
03:32:00.062 DBG Waiting for batch. batchSize=4096
03:32:00.063 INF Sending PREPREPARE. nReq=30 senderID=3 sn=11 view=0
03:32:00.066 INF Handling PREPREPARE. nReq=31 senderID=1 sn=9
03:32:00.066 DBG Creating new Batch. nReq=31
03:32:00.067 INF Handling PREPREPARE. nReq=31 senderID=0 sn=8
03:32:00.068 DBG Creating new Batch. nReq=31
03:32:00.068 INF Handling PREPREPARE. nReq=30 senderID=2 sn=10
03:32:00.068 DBG Creating new Batch. nReq=30
03:32:00.071 DBG Sending PREPARE. senderID=3 sn=9 view=0
03:32:00.073 DBG Sending COMMIT. senderID=3 sn=9 view=0
03:32:00.074 DBG Sending PREPARE. senderID=3 sn=8 view=0
03:32:00.074 INF Committed entry. latency=0 nReq=31 sn=9
03:32:00.074 DBG Sending PREPARE. senderID=3 sn=10 view=0
03:32:00.074 DBG Starting timer. sn=13 view=0
03:32:00.074 DBG Sending COMMIT. senderID=3 sn=10 view=0
03:32:00.075 DBG Sending COMMIT. senderID=3 sn=8 view=0
03:32:00.075 DBG Sending COMMIT. senderID=3 sn=11 view=0
03:32:00.076 INF Committed entry. latency=0 nReq=30 sn=10
03:32:00.076 DBG Starting timer. sn=14 view=0
03:32:00.076 INF Committed entry. latency=0 nReq=31 sn=8
03:32:00.076 INF Delivered batch. nReq=31 sn=8
03:32:00.076 INF Committed entry. latency=0 nReq=30 sn=11
03:32:00.076 INF Delivered batch. nReq=31 sn=9
03:32:00.076 INF Delivered batch. nReq=30 sn=10
03:32:00.076 INF Delivered batch. nReq=30 sn=11
03:32:00.077 DBG Starting timer. sn=12 view=0
03:32:00.077 DBG Starting timer. sn=15 view=0
03:32:01.063 DBG Batch ready. batchSize=4096
03:32:01.064 DBG Batch cut. left=0 nBuckets=16 nReq=32 next=0
03:32:01.064 DBG Waiting for batch. batchSize=4096
03:32:01.065 INF Sending PREPREPARE. nReq=32 senderID=3 sn=15 view=0
03:32:01.066 INF Handling PREPREPARE. nReq=32 senderID=0 sn=12
03:32:01.066 DBG Creating new Batch. nReq=32
03:32:01.066 INF Handling PREPREPARE. nReq=32 senderID=1 sn=13
03:32:01.067 DBG Creating new Batch. nReq=32
03:32:01.068 INF Handling PREPREPARE. nReq=33 senderID=2 sn=14
03:32:01.069 DBG Creating new Batch. nReq=33
03:32:01.072 DBG Sending PREPARE. senderID=3 sn=12 view=0
03:32:01.072 DBG Sending COMMIT. senderID=3 sn=12 view=0
03:32:01.074 DBG Sending PREPARE. senderID=3 sn=13 view=0
03:32:01.074 DBG Sending COMMIT. senderID=3 sn=13 view=0
03:32:01.074 DBG Sending PREPARE. senderID=3 sn=14 view=0
03:32:01.075 DBG Sending COMMIT. senderID=3 sn=14 view=0
03:32:01.076 INF Committed entry. latency=0 nReq=32 sn=12
03:32:01.076 INF Delivered batch. nReq=32 sn=12
03:32:01.076 DBG Starting timer. sn=16 view=0
03:32:01.077 INF Committed entry. latency=0 nReq=32 sn=13
03:32:01.077 INF Delivered batch. nReq=32 sn=13
03:32:01.078 DBG Starting timer. sn=17 view=0
03:32:01.079 DBG Sending COMMIT. senderID=3 sn=15 view=0
03:32:01.079 INF Committed entry. latency=0 nReq=33 sn=14
03:32:01.079 INF Delivered batch. nReq=33 sn=14
03:32:01.079 DBG Starting timer. sn=18 view=0
03:32:01.079 INF Committed entry. latency=0 nReq=32 sn=15
03:32:01.079 INF Delivered batch. nReq=32 sn=15
03:32:01.080 DBG Starting timer. sn=19 view=0
03:32:02.065 DBG Batch ready. batchSize=4096
03:32:02.066 DBG Batch cut. left=0 nBuckets=16 nReq=32 next=0
03:32:02.066 DBG Waiting for batch. batchSize=4096
03:32:02.066 INF Handling PREPREPARE. nReq=32 senderID=0 sn=16
03:32:02.067 DBG Creating new Batch. nReq=32
03:32:02.067 INF Sending PREPREPARE. nReq=32 senderID=3 sn=19 view=0
03:32:02.068 INF Handling PREPREPARE. nReq=32 senderID=1 sn=17
03:32:02.068 DBG Creating new Batch. nReq=32
03:32:02.069 INF Handling PREPREPARE. nReq=32 senderID=2 sn=18
03:32:02.070 DBG Creating new Batch. nReq=32
03:32:02.074 DBG Sending PREPARE. senderID=3 sn=16 view=0
03:32:02.075 DBG Sending COMMIT. senderID=3 sn=16 view=0
03:32:02.075 DBG Sending PREPARE. senderID=3 sn=17 view=0
03:32:02.075 DBG Sending PREPARE. senderID=3 sn=18 view=0
03:32:02.076 INF Committed entry. latency=0 nReq=32 sn=16
03:32:02.076 DBG Sending COMMIT. senderID=3 sn=18 view=0
03:32:02.076 INF Delivered batch. nReq=32 sn=16
03:32:02.076 DBG Sending COMMIT. senderID=3 sn=17 view=0
03:32:02.076 DBG Starting timer. sn=20 view=0
03:32:02.076 INF Committed entry. latency=0 nReq=32 sn=17
03:32:02.077 INF Delivered batch. nReq=32 sn=17
03:32:02.077 INF Delivered batch. nReq=32 sn=18
03:32:02.077 INF Committed entry. latency=0 nReq=32 sn=18
03:32:02.077 DBG Starting timer. sn=21 view=0
03:32:02.077 DBG Starting timer. sn=22 view=0
03:32:02.082 DBG Sending COMMIT. senderID=3 sn=19 view=0
03:32:02.083 INF Committed entry. latency=0 nReq=32 sn=19
03:32:02.083 INF Delivered batch. nReq=32 sn=19
03:32:02.083 DBG Starting timer. sn=23 view=0
03:32:03.067 DBG Batch ready. batchSize=4096
03:32:03.067 INF Handling PREPREPARE. nReq=32 senderID=0 sn=20
03:32:03.067 DBG Creating new Batch. nReq=32
03:32:03.067 DBG Batch cut. left=0 nBuckets=16 nReq=32 next=0
03:32:03.068 DBG Waiting for batch. batchSize=4096
03:32:03.069 INF Sending PREPREPARE. nReq=32 senderID=3 sn=23 view=0
03:32:03.070 INF Handling PREPREPARE. nReq=32 senderID=1 sn=21
03:32:03.071 DBG Creating new Batch. nReq=32
03:32:03.071 INF Handling PREPREPARE. nReq=32 senderID=2 sn=22
03:32:03.072 DBG Creating new Batch. nReq=32
03:32:03.072 DBG Sending PREPARE. senderID=3 sn=20 view=0
03:32:03.075 DBG Sending COMMIT. senderID=3 sn=20 view=0
03:32:03.075 INF Committed entry. latency=0 nReq=32 sn=20
03:32:03.076 INF Delivered batch. nReq=32 sn=20
03:32:03.076 DBG Starting timer. sn=24 view=0
03:32:03.077 DBG Sending PREPARE. senderID=3 sn=21 view=0
03:32:03.078 DBG Sending COMMIT. senderID=3 sn=21 view=0
03:32:03.078 DBG Sending PREPARE. senderID=3 sn=22 view=0
03:32:03.079 INF Committed entry. latency=0 nReq=32 sn=21
03:32:03.079 INF Delivered batch. nReq=32 sn=21
03:32:03.080 DBG Starting timer. sn=25 view=0
03:32:03.080 DBG Sending COMMIT. senderID=3 sn=22 view=0
03:32:03.081 INF Committed entry. latency=0 nReq=32 sn=22
03:32:03.081 INF Delivered batch. nReq=32 sn=22
03:32:03.081 DBG Starting timer. sn=26 view=0
03:32:03.081 DBG Sending COMMIT. senderID=3 sn=23 view=0
03:32:03.082 INF Committed entry. latency=0 nReq=32 sn=23
03:32:03.082 INF Delivered batch. nReq=32 sn=23
03:32:03.082 DBG Starting timer. sn=27 view=0
03:32:04.068 DBG Batch ready. batchSize=4096
03:32:04.068 INF Handling PREPREPARE. nReq=32 senderID=0 sn=24
03:32:04.068 DBG Creating new Batch. nReq=32
03:32:04.068 DBG Batch cut. left=0 nBuckets=16 nReq=32 next=0
03:32:04.069 DBG Waiting for batch. batchSize=4096
03:32:04.070 INF Sending PREPREPARE. nReq=32 senderID=3 sn=27 view=0
03:32:04.072 INF Handling PREPREPARE. nReq=32 senderID=1 sn=25
03:32:04.072 DBG Creating new Batch. nReq=32
03:32:04.073 DBG Sending PREPARE. senderID=3 sn=24 view=0
03:32:04.073 INF Handling PREPREPARE. nReq=32 senderID=2 sn=26
03:32:04.073 DBG Creating new Batch. nReq=32
03:32:04.073 DBG Sending COMMIT. senderID=3 sn=24 view=0
03:32:04.075 INF Committed entry. latency=0 nReq=32 sn=24
03:32:04.076 INF Delivered batch. nReq=32 sn=24
03:32:04.076 DBG Starting timer. sn=28 view=0
03:32:04.079 DBG Sending PREPARE. senderID=3 sn=25 view=0
03:32:04.079 DBG Sending COMMIT. senderID=3 sn=25 view=0
03:32:04.079 DBG Sending PREPARE. senderID=3 sn=26 view=0
03:32:04.080 DBG Sending COMMIT. senderID=3 sn=26 view=0
03:32:04.082 DBG Sending COMMIT. senderID=3 sn=27 view=0
03:32:04.082 INF Committed entry. latency=0 nReq=32 sn=25
03:32:04.082 INF Committed entry. latency=0 nReq=32 sn=26
03:32:04.082 INF Delivered batch. nReq=32 sn=25
03:32:04.082 INF Delivered batch. nReq=32 sn=26
03:32:04.082 DBG Starting timer. sn=29 view=0
03:32:04.082 DBG Starting timer. sn=30 view=0
03:32:04.083 INF Committed entry. latency=0 nReq=32 sn=27
03:32:04.083 INF Delivered batch. nReq=32 sn=27
03:32:04.084 DBG Starting timer. sn=31 view=0
03:32:05.069 DBG Batch ready. batchSize=4096
03:32:05.070 DBG Batch cut. left=0 nBuckets=16 nReq=33 next=0
03:32:05.070 INF Handling PREPREPARE. nReq=32 senderID=0 sn=28
03:32:05.070 DBG Creating new Batch. nReq=32
03:32:05.070 DBG Waiting for batch. batchSize=4096
03:32:05.072 INF Sending PREPREPARE. nReq=33 senderID=3 sn=31 view=0
03:32:05.074 DBG Sending PREPARE. senderID=3 sn=28 view=0
03:32:05.074 INF Handling PREPREPARE. nReq=32 senderID=1 sn=29
03:32:05.074 DBG Creating new Batch. nReq=32
03:32:05.075 INF Handling PREPREPARE. nReq=32 senderID=2 sn=30
03:32:05.075 DBG Creating new Batch. nReq=32
03:32:05.076 DBG Sending COMMIT. senderID=3 sn=28 view=0
03:32:05.078 INF Committed entry. latency=0 nReq=32 sn=28
03:32:05.078 INF Delivered batch. nReq=32 sn=28
03:32:05.078 DBG Starting timer. sn=32 view=0
03:32:05.079 DBG Sending PREPARE. senderID=3 sn=29 view=0
03:32:05.081 DBG Sending PREPARE. senderID=3 sn=30 view=0
03:32:05.081 DBG Sending COMMIT. senderID=3 sn=30 view=0
03:32:05.081 DBG Sending COMMIT. senderID=3 sn=29 view=0
03:32:05.083 INF Committed entry. latency=0 nReq=32 sn=29
03:32:05.083 INF Committed entry. latency=0 nReq=32 sn=30
03:32:05.083 INF Delivered batch. nReq=32 sn=29
03:32:05.083 INF Delivered batch. nReq=32 sn=30
03:32:05.083 DBG Starting timer. sn=33 view=0
03:32:05.083 DBG Starting timer. sn=34 view=0
03:32:05.085 DBG Sending COMMIT. senderID=3 sn=31 view=0
03:32:05.086 INF Committed entry. latency=0 nReq=33 sn=31
03:32:05.086 INF Delivered batch. nReq=33 sn=31
03:32:05.087 DBG Starting timer. sn=35 view=0
03:32:06.071 DBG Batch ready. batchSize=4096
03:32:06.072 DBG Batch cut. left=0 nBuckets=16 nReq=32 next=0
03:32:06.072 DBG Waiting for batch. batchSize=4096
03:32:06.073 INF Handling PREPREPARE. nReq=32 senderID=0 sn=32
03:32:06.073 DBG Creating new Batch. nReq=32
03:32:06.073 INF Sending PREPREPARE. nReq=32 senderID=3 sn=35 view=0
03:32:06.076 INF Handling PREPREPARE. nReq=32 senderID=2 sn=34
03:32:06.076 INF Handling PREPREPARE. nReq=32 senderID=1 sn=33
03:32:06.077 DBG Creating new Batch. nReq=32
03:32:06.076 DBG Creating new Batch. nReq=32
03:32:06.082 DBG Sending PREPARE. senderID=3 sn=32 view=0
03:32:06.082 DBG Sending COMMIT. senderID=3 sn=32 view=0
03:32:06.082 INF Committed entry. latency=0 nReq=32 sn=32
03:32:06.082 DBG Sending PREPARE. senderID=3 sn=33 view=0
03:32:06.082 INF Delivered batch. nReq=32 sn=32
03:32:06.082 DBG Starting timer. sn=36 view=0
03:32:06.082 DBG Sending COMMIT. senderID=3 sn=33 view=0
03:32:06.084 DBG Sending PREPARE. senderID=3 sn=34 view=0
03:32:06.084 DBG Sending COMMIT. senderID=3 sn=34 view=0
03:32:06.085 INF Committed entry. latency=0 nReq=32 sn=33
03:32:06.085 DBG Sending COMMIT. senderID=3 sn=35 view=0
03:32:06.085 INF Delivered batch. nReq=32 sn=33
03:32:06.086 DBG Starting timer. sn=37 view=0
03:32:06.086 INF Committed entry. latency=0 nReq=32 sn=34
03:32:06.086 INF Delivered batch. nReq=32 sn=34
03:32:06.087 DBG Starting timer. sn=38 view=0
03:32:06.087 INF Committed entry. latency=0 nReq=32 sn=35
03:32:06.088 INF Delivered batch. nReq=32 sn=35
03:32:06.088 DBG Starting timer. sn=39 view=0
03:32:07.073 DBG Batch ready. batchSize=4096
03:32:07.073 DBG Batch cut. left=0 nBuckets=16 nReq=32 next=0
03:32:07.073 DBG Waiting for batch. batchSize=4096
03:32:07.074 INF Sending PREPREPARE. nReq=32 senderID=3 sn=39 view=0
03:32:07.075 INF Handling PREPREPARE. nReq=32 senderID=0 sn=36
03:32:07.075 DBG Creating new Batch. nReq=32
03:32:07.078 INF Handling PREPREPARE. nReq=32 senderID=1 sn=37
03:32:07.078 DBG Creating new Batch. nReq=32
03:32:07.078 INF Handling PREPREPARE. nReq=32 senderID=2 sn=38
03:32:07.079 DBG Creating new Batch. nReq=32
03:32:07.083 DBG Sending PREPARE. senderID=3 sn=36 view=0
03:32:07.083 DBG Sending COMMIT. senderID=3 sn=36 view=0
03:32:07.083 DBG Sending PREPARE. senderID=3 sn=37 view=0
03:32:07.084 INF Committed entry. latency=0 nReq=32 sn=36
03:32:07.084 INF Delivered batch. nReq=32 sn=36
03:32:07.084 DBG Starting timer. sn=40 view=0
03:32:07.085 DBG Sending COMMIT. senderID=3 sn=37 view=0
03:32:07.085 DBG Sending PREPARE. senderID=3 sn=38 view=0
03:32:07.086 INF Committed entry. latency=0 nReq=32 sn=37
03:32:07.086 INF Delivered batch. nReq=32 sn=37
03:32:07.086 DBG Sending COMMIT. senderID=3 sn=38 view=0
03:32:07.086 DBG Starting timer. sn=41 view=0
03:32:07.086 DBG Sending COMMIT. senderID=3 sn=39 view=0
03:32:07.088 INF Committed entry. latency=0 nReq=32 sn=38
03:32:07.088 INF Delivered batch. nReq=32 sn=38
03:32:07.088 DBG Starting timer. sn=42 view=0
03:32:07.088 INF Committed entry. latency=0 nReq=32 sn=39
03:32:07.089 INF Delivered batch. nReq=32 sn=39
03:32:07.089 DBG Starting timer. sn=43 view=0
03:32:08.074 DBG Batch ready. batchSize=4096
03:32:08.074 INF Handling PREPREPARE. nReq=32 senderID=0 sn=40
03:32:08.074 DBG Batch cut. left=0 nBuckets=16 nReq=32 next=0
03:32:08.074 DBG Creating new Batch. nReq=32
03:32:08.075 DBG Waiting for batch. batchSize=4096
03:32:08.076 INF Sending PREPREPARE. nReq=32 senderID=3 sn=43 view=0
03:32:08.079 INF Handling PREPREPARE. nReq=32 senderID=1 sn=41
03:32:08.079 DBG Creating new Batch. nReq=32
03:32:08.079 DBG Sending PREPARE. senderID=3 sn=40 view=0
03:32:08.080 DBG Sending COMMIT. senderID=3 sn=40 view=0
03:32:08.080 INF Handling PREPREPARE. nReq=32 senderID=2 sn=42
03:32:08.080 DBG Creating new Batch. nReq=32
03:32:08.083 INF Committed entry. latency=0 nReq=32 sn=40
03:32:08.083 INF Delivered batch. nReq=32 sn=40
03:32:08.084 DBG Starting timer. sn=44 view=0
03:32:08.086 DBG Sending PREPARE. senderID=3 sn=41 view=0
03:32:08.086 DBG Sending PREPARE. senderID=3 sn=42 view=0
03:32:08.086 DBG Sending COMMIT. senderID=3 sn=41 view=0
03:32:08.088 DBG Sending COMMIT. senderID=3 sn=43 view=0
03:32:08.088 DBG Sending COMMIT. senderID=3 sn=42 view=0
03:32:08.089 INF Committed entry. latency=0 nReq=32 sn=42
03:32:08.089 INF Committed entry. latency=0 nReq=32 sn=41
03:32:08.089 INF Delivered batch. nReq=32 sn=41
03:32:08.089 INF Delivered batch. nReq=32 sn=42
03:32:08.089 DBG Starting timer. sn=46 view=0
03:32:08.090 DBG Starting timer. sn=45 view=0
03:32:08.090 INF Committed entry. latency=0 nReq=32 sn=43
03:32:08.090 INF Delivered batch. nReq=32 sn=43
03:32:08.090 DBG Starting timer. sn=47 view=0
03:32:09.076 DBG Batch ready. batchSize=4096
03:32:09.076 DBG Batch cut. left=0 nBuckets=16 nReq=32 next=0
03:32:09.076 DBG Waiting for batch. batchSize=4096
03:32:09.076 INF Handling PREPREPARE. nReq=32 senderID=0 sn=44
03:32:09.077 DBG Creating new Batch. nReq=32
03:32:09.078 INF Sending PREPREPARE. nReq=32 senderID=3 sn=47 view=0
03:32:09.081 DBG Sending PREPARE. senderID=3 sn=44 view=0
03:32:09.081 INF Handling PREPREPARE. nReq=32 senderID=1 sn=45
03:32:09.082 DBG Creating new Batch. nReq=32
03:32:09.082 DBG Sending COMMIT. senderID=3 sn=44 view=0
03:32:09.083 INF Handling PREPREPARE. nReq=32 senderID=2 sn=46
03:32:09.083 DBG Creating new Batch. nReq=32
03:32:09.084 INF Committed entry. latency=0 nReq=32 sn=44
03:32:09.084 INF Delivered batch. nReq=32 sn=44
03:32:09.084 DBG Starting timer. sn=48 view=0
03:32:09.086 DBG Sending PREPARE. senderID=3 sn=45 view=0
03:32:09.088 DBG Sending COMMIT. senderID=3 sn=45 view=0
03:32:09.089 DBG Sending PREPARE. senderID=3 sn=46 view=0
03:32:09.090 DBG Sending COMMIT. senderID=3 sn=47 view=0
03:32:09.090 INF Committed entry. latency=0 nReq=32 sn=45
03:32:09.090 DBG Sending COMMIT. senderID=3 sn=46 view=0
03:32:09.090 INF Delivered batch. nReq=32 sn=45
03:32:09.090 DBG Starting timer. sn=49 view=0
03:32:09.091 INF Committed entry. latency=0 nReq=32 sn=47
03:32:09.091 DBG Starting timer. sn=51 view=0
03:32:09.092 INF Committed entry. latency=0 nReq=32 sn=46
03:32:09.092 INF Delivered batch. nReq=32 sn=46
03:32:09.092 INF Delivered batch. nReq=32 sn=47
03:32:09.092 DBG Starting timer. sn=50 view=0
03:32:10.077 DBG Batch ready. batchSize=4096
03:32:10.077 INF Handling PREPREPARE. nReq=32 senderID=0 sn=48
03:32:10.077 DBG Batch cut. left=0 nBuckets=16 nReq=32 next=0
03:32:10.078 DBG Creating new Batch. nReq=32
03:32:10.078 DBG Waiting for batch. batchSize=4096
03:32:10.080 INF Sending PREPREPARE. nReq=32 senderID=3 sn=51 view=0
03:32:10.083 INF Handling PREPREPARE. nReq=32 senderID=2 sn=50
03:32:10.083 DBG Creating new Batch. nReq=32
03:32:10.084 INF Handling PREPREPARE. nReq=32 senderID=1 sn=49
03:32:10.084 DBG Sending PREPARE. senderID=3 sn=48 view=0
03:32:10.084 DBG Creating new Batch. nReq=32
03:32:10.085 DBG Sending COMMIT. senderID=3 sn=48 view=0
03:32:10.085 INF Committed entry. latency=0 nReq=32 sn=48
03:32:10.085 INF Delivered batch. nReq=32 sn=48
03:32:10.086 DBG Starting timer. sn=52 view=0
03:32:10.089 DBG Sending PREPARE. senderID=3 sn=50 view=0
03:32:10.090 DBG Sending COMMIT. senderID=3 sn=50 view=0
03:32:10.090 DBG Sending PREPARE. senderID=3 sn=49 view=0
03:32:10.090 DBG Sending COMMIT. senderID=3 sn=49 view=0
03:32:10.091 DBG Sending COMMIT. senderID=3 sn=51 view=0
03:32:10.092 INF Committed entry. latency=0 nReq=32 sn=50
03:32:10.092 DBG Starting timer. sn=54 view=0
03:32:10.092 INF Committed entry. latency=0 nReq=32 sn=51
03:32:10.093 DBG Starting timer. sn=55 view=0
03:32:10.093 INF Committed entry. latency=0 nReq=32 sn=49
03:32:10.093 INF Delivered batch. nReq=32 sn=49
03:32:10.094 INF Delivered batch. nReq=32 sn=50
03:32:10.094 INF Delivered batch. nReq=32 sn=51
03:32:10.094 DBG Starting timer. sn=53 view=0
03:32:11.078 DBG Batch ready. batchSize=4096
03:32:11.079 DBG Batch cut. left=0 nBuckets=16 nReq=32 next=0
03:32:11.079 INF Handling PREPREPARE. nReq=32 senderID=0 sn=52
03:32:11.079 DBG Creating new Batch. nReq=32
03:32:11.080 DBG Waiting for batch. batchSize=4096
03:32:11.082 INF Sending PREPREPARE. nReq=32 senderID=3 sn=55 view=0
03:32:11.084 DBG Sending PREPARE. senderID=3 sn=52 view=0
03:32:11.084 DBG Sending COMMIT. senderID=3 sn=52 view=0
03:32:11.084 INF Handling PREPREPARE. nReq=32 senderID=2 sn=54
03:32:11.085 DBG Creating new Batch. nReq=32
03:32:11.086 INF Handling PREPREPARE. nReq=32 senderID=1 sn=53
03:32:11.086 DBG Creating new Batch. nReq=32
03:32:11.087 INF Committed entry. latency=0 nReq=32 sn=52
03:32:11.088 INF Delivered batch. nReq=32 sn=52
03:32:11.088 DBG Starting timer. sn=56 view=0
03:32:11.090 DBG Sending PREPARE. senderID=3 sn=53 view=0
03:32:11.092 DBG Sending PREPARE. senderID=3 sn=54 view=0
03:32:11.092 DBG Sending COMMIT. senderID=3 sn=54 view=0
03:32:11.093 INF Committed entry. latency=0 nReq=32 sn=54
03:32:11.093 DBG Starting timer. sn=58 view=0
03:32:11.094 DBG Sending COMMIT. senderID=3 sn=53 view=0
03:32:11.094 DBG Sending COMMIT. senderID=3 sn=55 view=0
03:32:11.094 INF Committed entry. latency=0 nReq=32 sn=53
03:32:11.095 INF Delivered batch. nReq=32 sn=53
03:32:11.095 INF Delivered batch. nReq=32 sn=54
03:32:11.095 DBG Starting timer. sn=57 view=0
03:32:11.095 INF Committed entry. latency=0 nReq=32 sn=55
03:32:11.095 INF Delivered batch. nReq=32 sn=55
03:32:11.095 DBG Starting timer. sn=59 view=0
03:32:12.080 DBG Batch ready. batchSize=4096
03:32:12.080 INF Handling PREPREPARE. nReq=32 senderID=0 sn=56
03:32:12.080 DBG Batch cut. left=0 nBuckets=16 nReq=32 next=0
03:32:12.080 DBG Creating new Batch. nReq=32
03:32:12.081 DBG Waiting for batch. batchSize=4096
03:32:12.081 INF Sending PREPREPARE. nReq=32 senderID=3 sn=59 view=0
03:32:12.085 INF Handling PREPREPARE. nReq=32 senderID=2 sn=58
03:32:12.085 DBG Sending PREPARE. senderID=3 sn=56 view=0
03:32:12.085 DBG Creating new Batch. nReq=32
03:32:12.087 DBG Sending COMMIT. senderID=3 sn=56 view=0
03:32:12.088 INF Committed entry. latency=0 nReq=32 sn=56
03:32:12.088 INF Handling PREPREPARE. nReq=32 senderID=1 sn=57
03:32:12.088 INF Delivered batch. nReq=32 sn=56
03:32:12.088 DBG Creating new Batch. nReq=32
03:32:12.088 DBG Starting timer. sn=60 view=0
03:32:12.091 DBG Sending PREPARE. senderID=3 sn=58 view=0
03:32:12.092 DBG Sending COMMIT. senderID=3 sn=58 view=0
03:32:12.093 DBG Sending PREPARE. senderID=3 sn=57 view=0
03:32:12.094 INF Committed entry. latency=0 nReq=32 sn=58
03:32:12.094 DBG Sending COMMIT. senderID=3 sn=59 view=0
03:32:12.094 DBG Starting timer. sn=62 view=0
03:32:12.095 DBG Sending COMMIT. senderID=3 sn=57 view=0
03:32:12.096 INF Committed entry. latency=0 nReq=32 sn=59
03:32:12.096 DBG Starting timer. sn=63 view=0
03:32:12.096 INF Committed entry. latency=0 nReq=32 sn=57
03:32:12.097 INF Delivered batch. nReq=32 sn=57
03:32:12.097 INF Delivered batch. nReq=32 sn=58
03:32:12.097 INF Delivered batch. nReq=32 sn=59
03:32:12.097 DBG Starting timer. sn=61 view=0
03:32:13.081 DBG Batch ready. batchSize=4096
03:32:13.081 DBG Batch cut. left=0 nBuckets=16 nReq=32 next=0
03:32:13.082 DBG Waiting for batch. batchSize=4096
03:32:13.082 INF Handling PREPREPARE. nReq=33 senderID=0 sn=60
03:32:13.082 DBG Creating new Batch. nReq=33
03:32:13.083 INF Sending PREPREPARE. nReq=32 senderID=3 sn=63 view=0
03:32:13.086 INF Handling PREPREPARE. nReq=32 senderID=2 sn=62
03:32:13.086 DBG Creating new Batch. nReq=32
03:32:13.087 DBG Sending PREPARE. senderID=3 sn=60 view=0
03:32:13.088 DBG Sending COMMIT. senderID=3 sn=60 view=0
03:32:13.088 INF Handling PREPREPARE. nReq=32 senderID=1 sn=61
03:32:13.089 DBG Creating new Batch. nReq=32
03:32:13.090 INF Committed entry. latency=0 nReq=33 sn=60
03:32:13.090 INF Delivered batch. nReq=33 sn=60
03:32:13.090 DBG Starting timer. sn=64 view=0
03:32:13.093 DBG Sending PREPARE. senderID=3 sn=62 view=0
03:32:13.094 DBG Sending COMMIT. senderID=3 sn=62 view=0
03:32:13.094 INF Committed entry. latency=0 nReq=32 sn=62
03:32:13.095 DBG Sending PREPARE. senderID=3 sn=61 view=0
03:32:13.095 DBG Starting timer. sn=66 view=0
03:32:13.095 DBG Sending COMMIT. senderID=3 sn=63 view=0
03:32:13.095 DBG Sending COMMIT. senderID=3 sn=61 view=0
03:32:13.095 INF Committed entry. latency=0 nReq=32 sn=63
03:32:13.096 DBG Starting timer. sn=67 view=0
03:32:13.098 INF Committed entry. latency=0 nReq=32 sn=61
03:32:13.098 INF Delivered batch. nReq=32 sn=61
03:32:13.098 INF Delivered batch. nReq=32 sn=62
03:32:13.098 INF Delivered batch. nReq=32 sn=63
03:32:13.098 DBG Starting timer. sn=65 view=0
03:32:14.083 DBG Batch ready. batchSize=4096
03:32:14.083 DBG Batch cut. left=0 nBuckets=16 nReq=32 next=0
03:32:14.083 INF Handling PREPREPARE. nReq=32 senderID=0 sn=64
03:32:14.083 DBG Waiting for batch. batchSize=4096
03:32:14.084 DBG Creating new Batch. nReq=32
03:32:14.085 INF Sending PREPREPARE. nReq=32 senderID=3 sn=67 view=0
03:32:14.088 INF Handling PREPREPARE. nReq=32 senderID=2 sn=66
03:32:14.088 DBG Sending PREPARE. senderID=3 sn=64 view=0
03:32:14.088 DBG Creating new Batch. nReq=32
03:32:14.090 DBG Sending COMMIT. senderID=3 sn=64 view=0
03:32:14.091 INF Committed entry. latency=0 nReq=32 sn=64
03:32:14.091 INF Delivered batch. nReq=32 sn=64
03:32:14.091 DBG Starting timer. sn=68 view=0
03:32:14.092 INF Handling PREPREPARE. nReq=32 senderID=1 sn=65
03:32:14.092 DBG Creating new Batch. nReq=32
03:32:14.093 DBG Sending PREPARE. senderID=3 sn=66 view=0
03:32:14.095 DBG Sending COMMIT. senderID=3 sn=66 view=0
03:32:14.096 INF Committed entry. latency=0 nReq=32 sn=66
03:32:14.097 DBG Starting timer. sn=70 view=0
03:32:14.097 DBG Sending PREPARE. senderID=3 sn=65 view=0
03:32:14.098 DBG Sending COMMIT. senderID=3 sn=65 view=0
03:32:14.098 DBG Sending COMMIT. senderID=3 sn=67 view=0
03:32:14.099 INF Committed entry. latency=0 nReq=32 sn=67
03:32:14.099 DBG Starting timer. sn=71 view=0
03:32:14.099 INF Committed entry. latency=0 nReq=32 sn=65
03:32:14.100 INF Delivered batch. nReq=32 sn=65
03:32:14.100 INF Delivered batch. nReq=32 sn=66
03:32:14.100 INF Delivered batch. nReq=32 sn=67
03:32:14.100 DBG Starting timer. sn=69 view=0
03:32:15.085 DBG Batch ready. batchSize=4096
03:32:15.085 DBG Batch cut. left=0 nBuckets=16 nReq=32 next=0
03:32:15.085 INF Handling PREPREPARE. nReq=32 senderID=0 sn=68
03:32:15.085 DBG Creating new Batch. nReq=32
03:32:15.086 DBG Waiting for batch. batchSize=4096
03:32:15.087 INF Sending PREPREPARE. nReq=32 senderID=3 sn=71 view=0
03:32:15.090 DBG Sending PREPARE. senderID=3 sn=68 view=0
03:32:15.090 INF Handling PREPREPARE. nReq=32 senderID=2 sn=70
03:32:15.090 DBG Creating new Batch. nReq=32
03:32:15.091 DBG Sending COMMIT. senderID=3 sn=68 view=0
03:32:15.091 INF Handling PREPREPARE. nReq=33 senderID=1 sn=69
03:32:15.091 DBG Creating new Batch. nReq=33
03:32:15.093 INF Committed entry. latency=0 nReq=32 sn=68
03:32:15.093 INF Delivered batch. nReq=32 sn=68
03:32:15.094 DBG Starting timer. sn=72 view=0
03:32:15.097 DBG Sending PREPARE. senderID=3 sn=70 view=0
03:32:15.097 DBG Sending COMMIT. senderID=3 sn=70 view=0
03:32:15.097 DBG Sending PREPARE. senderID=3 sn=69 view=0
03:32:15.098 DBG Sending COMMIT. senderID=3 sn=71 view=0
03:32:15.099 DBG Sending COMMIT. senderID=3 sn=69 view=0
03:32:15.099 INF Committed entry. latency=0 nReq=32 sn=70
03:32:15.099 DBG Starting timer. sn=74 view=0
03:32:15.100 INF Committed entry. latency=0 nReq=32 sn=71
03:32:15.100 INF Committed entry. latency=0 nReq=33 sn=69
03:32:15.101 INF Delivered batch. nReq=33 sn=69
03:32:15.101 INF Delivered batch. nReq=32 sn=70
03:32:15.101 INF Delivered batch. nReq=32 sn=71
03:32:15.101 DBG Starting timer. sn=75 view=0
03:32:15.101 DBG Starting timer. sn=73 view=0
03:32:16.087 DBG Batch ready. batchSize=4096
03:32:16.087 DBG Batch cut. left=0 nBuckets=16 nReq=32 next=0
03:32:16.087 INF Handling PREPREPARE. nReq=32 senderID=0 sn=72
03:32:16.088 DBG Creating new Batch. nReq=32
03:32:16.088 DBG Waiting for batch. batchSize=4096
03:32:16.088 INF Sending PREPREPARE. nReq=32 senderID=3 sn=75 view=0
03:32:16.091 INF Handling PREPREPARE. nReq=32 senderID=2 sn=74
03:32:16.091 DBG Creating new Batch. nReq=32
03:32:16.092 INF Handling PREPREPARE. nReq=32 senderID=1 sn=73
03:32:16.092 DBG Sending PREPARE. senderID=3 sn=72 view=0
03:32:16.092 DBG Creating new Batch. nReq=32
03:32:16.094 DBG Sending COMMIT. senderID=3 sn=72 view=0
03:32:16.095 INF Committed entry. latency=0 nReq=32 sn=72
03:32:16.095 INF Delivered batch. nReq=32 sn=72
03:32:16.095 DBG Starting timer. sn=76 view=0
03:32:16.096 DBG Sending PREPARE. senderID=3 sn=74 view=0
03:32:16.096 DBG Sending COMMIT. senderID=3 sn=74 view=0
03:32:16.097 DBG Sending PREPARE. senderID=3 sn=73 view=0
03:32:16.099 DBG Sending COMMIT. senderID=3 sn=73 view=0
03:32:16.099 INF Committed entry. latency=0 nReq=32 sn=74
03:32:16.100 DBG Starting timer. sn=78 view=0
03:32:16.100 INF Committed entry. latency=0 nReq=32 sn=73
03:32:16.101 INF Delivered batch. nReq=32 sn=73
03:32:16.101 INF Delivered batch. nReq=32 sn=74
03:32:16.101 DBG Starting timer. sn=77 view=0
03:32:16.102 DBG Sending COMMIT. senderID=3 sn=75 view=0
03:32:16.103 INF Committed entry. latency=0 nReq=32 sn=75
03:32:16.103 INF Delivered batch. nReq=32 sn=75
03:32:16.103 DBG Starting timer. sn=79 view=0
03:32:17.088 INF Handling PREPREPARE. nReq=32 senderID=0 sn=76
03:32:17.089 DBG Creating new Batch. nReq=32
03:32:17.089 DBG Batch ready. batchSize=4096
03:32:17.089 DBG Batch cut. left=0 nBuckets=16 nReq=32 next=0
03:32:17.089 DBG Waiting for batch. batchSize=4096
03:32:17.091 INF Sending PREPREPARE. nReq=32 senderID=3 sn=79 view=0
03:32:17.092 INF Handling PREPREPARE. nReq=32 senderID=2 sn=78
03:32:17.093 DBG Creating new Batch. nReq=32
03:32:17.093 INF Handling PREPREPARE. nReq=32 senderID=1 sn=77
03:32:17.094 DBG Creating new Batch. nReq=32
03:32:17.094 DBG Sending PREPARE. senderID=3 sn=76 view=0
03:32:17.094 DBG Sending COMMIT. senderID=3 sn=76 view=0
03:32:17.096 INF Committed entry. latency=0 nReq=32 sn=76
03:32:17.096 INF Delivered batch. nReq=32 sn=76
03:32:17.097 DBG Starting timer. sn=80 view=0
03:32:17.099 DBG Sending PREPARE. senderID=3 sn=78 view=0
03:32:17.099 DBG Sending COMMIT. senderID=3 sn=78 view=0
03:32:17.099 DBG Sending PREPARE. senderID=3 sn=77 view=0
03:32:17.100 DBG Sending COMMIT. senderID=3 sn=77 view=0
03:32:17.101 INF Committed entry. latency=0 nReq=32 sn=78
03:32:17.102 DBG Starting timer. sn=82 view=0
03:32:17.102 INF Committed entry. latency=0 nReq=32 sn=77
03:32:17.103 INF Delivered batch. nReq=32 sn=77
03:32:17.103 INF Delivered batch. nReq=32 sn=78
03:32:17.103 DBG Starting timer. sn=81 view=0
03:32:17.104 DBG Sending COMMIT. senderID=3 sn=79 view=0
03:32:17.105 INF Committed entry. latency=0 nReq=32 sn=79
03:32:17.105 INF Delivered batch. nReq=32 sn=79
03:32:17.105 DBG Starting timer. sn=83 view=0
03:32:18.091 DBG Batch ready. batchSize=4096
03:32:18.091 DBG Batch cut. left=0 nBuckets=16 nReq=32 next=0
03:32:18.091 INF Handling PREPREPARE. nReq=32 senderID=0 sn=80
03:32:18.091 DBG Creating new Batch. nReq=32
03:32:18.091 DBG Waiting for batch. batchSize=4096
03:32:18.092 INF Sending PREPREPARE. nReq=32 senderID=3 sn=83 view=0
03:32:18.093 INF Handling PREPREPARE. nReq=32 senderID=2 sn=82
03:32:18.094 DBG Creating new Batch. nReq=32
03:32:18.094 INF Handling PREPREPARE. nReq=32 senderID=1 sn=81
03:32:18.095 DBG Creating new Batch. nReq=32
03:32:18.097 DBG Sending PREPARE. senderID=3 sn=80 view=0
03:32:18.097 DBG Sending COMMIT. senderID=3 sn=80 view=0
03:32:18.098 DBG Sending PREPARE. senderID=3 sn=82 view=0
03:32:18.098 DBG Sending COMMIT. senderID=3 sn=82 view=0
03:32:18.100 DBG Sending PREPARE. senderID=3 sn=81 view=0
03:32:18.101 INF Committed entry. latency=0 nReq=32 sn=80
03:32:18.101 INF Delivered batch. nReq=32 sn=80
03:32:18.101 DBG Starting timer. sn=84 view=0
03:32:18.101 DBG Sending COMMIT. senderID=3 sn=81 view=0
03:32:18.101 INF Committed entry. latency=0 nReq=32 sn=82
03:32:18.102 DBG Starting timer. sn=86 view=0
03:32:18.102 INF Committed entry. latency=0 nReq=32 sn=81
03:32:18.103 INF Delivered batch. nReq=32 sn=81
03:32:18.103 INF Delivered batch. nReq=32 sn=82
03:32:18.103 DBG Starting timer. sn=85 view=0
03:32:18.104 DBG Sending COMMIT. senderID=3 sn=83 view=0
03:32:18.105 INF Committed entry. latency=0 nReq=32 sn=83
03:32:18.105 INF Delivered batch. nReq=32 sn=83
03:32:18.106 DBG Starting timer. sn=87 view=0
03:32:19.093 DBG Batch ready. batchSize=4096
03:32:19.093 DBG Batch cut. left=0 nBuckets=16 nReq=32 next=0
03:32:19.093 DBG Waiting for batch. batchSize=4096
03:32:19.093 INF Handling PREPREPARE. nReq=32 senderID=0 sn=84
03:32:19.094 DBG Creating new Batch. nReq=32
03:32:19.094 INF Sending PREPREPARE. nReq=32 senderID=3 sn=87 view=0
03:32:19.095 INF Handling PREPREPARE. nReq=32 senderID=2 sn=86
03:32:19.095 DBG Creating new Batch. nReq=32
03:32:19.096 INF Handling PREPREPARE. nReq=32 senderID=1 sn=85
03:32:19.096 DBG Creating new Batch. nReq=32
03:32:19.100 DBG Sending PREPARE. senderID=3 sn=84 view=0
03:32:19.101 DBG Sending COMMIT. senderID=3 sn=84 view=0
03:32:19.101 DBG Sending PREPARE. senderID=3 sn=85 view=0
03:32:19.102 INF Committed entry. latency=0 nReq=32 sn=84
03:32:19.102 DBG Sending PREPARE. senderID=3 sn=86 view=0
03:32:19.102 DBG Sending COMMIT. senderID=3 sn=85 view=0
03:32:19.102 INF Delivered batch. nReq=32 sn=84
03:32:19.102 DBG Sending COMMIT. senderID=3 sn=86 view=0
03:32:19.102 DBG Starting timer. sn=88 view=0
03:32:19.103 INF Committed entry. latency=0 nReq=32 sn=86
03:32:19.103 DBG Starting timer. sn=90 view=0
03:32:19.104 INF Committed entry. latency=0 nReq=32 sn=85
03:32:19.105 INF Delivered batch. nReq=32 sn=85
03:32:19.105 INF Delivered batch. nReq=32 sn=86
03:32:19.105 DBG Starting timer. sn=89 view=0
03:32:19.106 DBG Sending COMMIT. senderID=3 sn=87 view=0
03:32:19.107 INF Committed entry. latency=0 nReq=32 sn=87
03:32:19.107 INF Delivered batch. nReq=32 sn=87
03:32:19.107 DBG Starting timer. sn=91 view=0
03:32:20.094 DBG Batch ready. batchSize=4096
03:32:20.094 INF Handling PREPREPARE. nReq=32 senderID=0 sn=88
03:32:20.094 DBG Creating new Batch. nReq=32
03:32:20.094 DBG Batch cut. left=0 nBuckets=16 nReq=32 next=0
03:32:20.094 DBG Waiting for batch. batchSize=4096
03:32:20.096 INF Sending PREPREPARE. nReq=32 senderID=3 sn=91 view=0
03:32:20.096 INF Handling PREPREPARE. nReq=32 senderID=2 sn=90
03:32:20.096 DBG Creating new Batch. nReq=32
03:32:20.099 DBG Sending PREPARE. senderID=3 sn=88 view=0
03:32:20.100 DBG Sending COMMIT. senderID=3 sn=88 view=0
03:32:20.100 INF Handling PREPREPARE. nReq=32 senderID=1 sn=89
03:32:20.101 DBG Creating new Batch. nReq=32
03:32:20.101 DBG Sending PREPARE. senderID=3 sn=90 view=0
03:32:20.101 DBG Sending COMMIT. senderID=3 sn=90 view=0
03:32:20.102 INF Committed entry. latency=0 nReq=32 sn=88
03:32:20.102 INF Delivered batch. nReq=32 sn=88
03:32:20.102 DBG Starting timer. sn=92 view=0
03:32:20.104 INF Committed entry. latency=0 nReq=32 sn=90
03:32:20.104 DBG Starting timer. sn=94 view=0
03:32:20.105 DBG Sending PREPARE. senderID=3 sn=89 view=0
03:32:20.108 DBG Sending COMMIT. senderID=3 sn=89 view=0
03:32:20.108 DBG Sending COMMIT. senderID=3 sn=91 view=0
03:32:20.110 INF Committed entry. latency=0 nReq=32 sn=89
03:32:20.110 INF Committed entry. latency=0 nReq=32 sn=91
03:32:20.110 INF Delivered batch. nReq=32 sn=89
03:32:20.110 INF Delivered batch. nReq=32 sn=90
03:32:20.111 INF Delivered batch. nReq=32 sn=91
03:32:20.111 DBG Starting timer. sn=93 view=0
03:32:20.111 DBG Starting timer. sn=95 view=0
03:32:21.096 INF Handling PREPREPARE. nReq=32 senderID=0 sn=92
03:32:21.096 DBG Creating new Batch. nReq=32
03:32:21.097 DBG Batch ready. batchSize=4096
03:32:21.097 DBG Batch cut. left=0 nBuckets=16 nReq=32 next=0
03:32:21.097 DBG Waiting for batch. batchSize=4096
03:32:21.097 INF Handling PREPREPARE. nReq=33 senderID=2 sn=94
03:32:21.098 DBG Creating new Batch. nReq=33
03:32:21.100 INF Sending PREPREPARE. nReq=32 senderID=3 sn=95 view=0
03:32:21.100 DBG Sending PREPARE. senderID=3 sn=92 view=0
03:32:21.101 INF Handling PREPREPARE. nReq=32 senderID=1 sn=93
03:32:21.102 DBG Creating new Batch. nReq=32
03:32:21.102 DBG Sending COMMIT. senderID=3 sn=92 view=0
03:32:21.102 DBG Sending PREPARE. senderID=3 sn=94 view=0
03:32:21.103 DBG Sending COMMIT. senderID=3 sn=94 view=0
03:32:21.103 INF Committed entry. latency=0 nReq=32 sn=92
03:32:21.104 INF Delivered batch. nReq=32 sn=92
03:32:21.104 DBG Starting timer. sn=96 view=0
03:32:21.104 INF Committed entry. latency=0 nReq=33 sn=94
03:32:21.105 DBG Starting timer. sn=98 view=0
03:32:21.107 DBG Sending PREPARE. senderID=3 sn=93 view=0
03:32:21.107 DBG Sending COMMIT. senderID=3 sn=93 view=0
03:32:21.108 INF Committed entry. latency=0 nReq=32 sn=93
03:32:21.108 INF Delivered batch. nReq=32 sn=93
03:32:21.108 INF Delivered batch. nReq=33 sn=94
03:32:21.109 DBG Starting timer. sn=97 view=0
03:32:21.111 DBG Sending COMMIT. senderID=3 sn=95 view=0
03:32:21.112 INF Committed entry. latency=0 nReq=32 sn=95
03:32:21.112 INF Delivered batch. nReq=32 sn=95
03:32:21.112 DBG Starting timer. sn=99 view=0
03:32:22.096 INF Handling PREPREPARE. nReq=32 senderID=0 sn=96
03:32:22.097 DBG Creating new Batch. nReq=32
03:32:22.098 DBG Batch ready. batchSize=4096
03:32:22.098 DBG Batch cut. left=0 nBuckets=16 nReq=32 next=0
03:32:22.099 DBG Waiting for batch. batchSize=4096
03:32:22.099 INF Sending PREPREPARE. nReq=32 senderID=3 sn=99 view=0
03:32:22.100 INF Handling PREPREPARE. nReq=32 senderID=2 sn=98
03:32:22.100 DBG Creating new Batch. nReq=32
03:32:22.102 DBG Sending PREPARE. senderID=3 sn=96 view=0
03:32:22.102 DBG Sending COMMIT. senderID=3 sn=96 view=0
03:32:22.103 INF Handling PREPREPARE. nReq=32 senderID=1 sn=97
03:32:22.104 DBG Creating new Batch. nReq=32
03:32:22.104 DBG Sending PREPARE. senderID=3 sn=98 view=0
03:32:22.104 INF Committed entry. latency=0 nReq=32 sn=96
03:32:22.105 INF Delivered batch. nReq=32 sn=96
03:32:22.105 DBG Starting timer. sn=100 view=0
03:32:22.107 DBG Sending COMMIT. senderID=3 sn=98 view=0
03:32:22.108 DBG Sending PREPARE. senderID=3 sn=97 view=0
03:32:22.108 INF Committed entry. latency=0 nReq=32 sn=98
03:32:22.108 DBG Starting timer. sn=102 view=0
03:32:22.111 DBG Sending COMMIT. senderID=3 sn=97 view=0
03:32:22.112 DBG Sending COMMIT. senderID=3 sn=99 view=0
03:32:22.112 INF Committed entry. latency=0 nReq=32 sn=97
03:32:22.112 INF Delivered batch. nReq=32 sn=97
03:32:22.113 INF Delivered batch. nReq=32 sn=98
03:32:22.113 DBG Starting timer. sn=101 view=0
03:32:22.114 INF Committed entry. latency=0 nReq=32 sn=99
03:32:22.114 INF Delivered batch. nReq=32 sn=99
03:32:22.114 DBG Starting timer. sn=103 view=0
03:32:23.098 INF Handling PREPREPARE. nReq=32 senderID=0 sn=100
03:32:23.098 DBG Creating new Batch. nReq=32
03:32:23.100 DBG Batch ready. batchSize=4096
03:32:23.100 DBG Batch cut. left=0 nBuckets=16 nReq=33 next=0
03:32:23.101 DBG Waiting for batch. batchSize=4096
03:32:23.101 INF Handling PREPREPARE. nReq=32 senderID=2 sn=102
03:32:23.101 DBG Creating new Batch. nReq=32
03:32:23.101 INF Sending PREPREPARE. nReq=33 senderID=3 sn=103 view=0
03:32:23.104 DBG Sending PREPARE. senderID=3 sn=100 view=0
03:32:23.104 INF Handling PREPREPARE. nReq=32 senderID=1 sn=101
03:32:23.104 DBG Sending COMMIT. senderID=3 sn=100 view=0
03:32:23.104 DBG Creating new Batch. nReq=32
03:32:23.107 INF Committed entry. latency=0 nReq=32 sn=100
03:32:23.107 INF Delivered batch. nReq=32 sn=100
03:32:23.107 DBG Sending PREPARE. senderID=3 sn=102 view=0
03:32:23.107 DBG Starting timer. sn=104 view=0
03:32:23.108 DBG Sending COMMIT. senderID=3 sn=102 view=0
03:32:23.109 DBG Sending PREPARE. senderID=3 sn=101 view=0
03:32:23.110 INF Committed entry. latency=0 nReq=32 sn=102
03:32:23.110 DBG Starting timer. sn=106 view=0
03:32:23.112 DBG Sending COMMIT. senderID=3 sn=101 view=0
03:32:23.112 INF Committed entry. latency=0 nReq=32 sn=101
03:32:23.113 INF Delivered batch. nReq=32 sn=101
03:32:23.113 INF Delivered batch. nReq=32 sn=102
03:32:23.113 DBG Starting timer. sn=105 view=0
03:32:23.114 DBG Sending COMMIT. senderID=3 sn=103 view=0
03:32:23.115 INF Committed entry. latency=0 nReq=33 sn=103
03:32:23.115 INF Delivered batch. nReq=33 sn=103
03:32:23.115 DBG Starting timer. sn=107 view=0
03:32:24.099 INF Handling PREPREPARE. nReq=32 senderID=0 sn=104
03:32:24.100 DBG Creating new Batch. nReq=32
03:32:24.101 DBG Batch ready. batchSize=4096
03:32:24.102 DBG Batch cut. left=0 nBuckets=16 nReq=32 next=0
03:32:24.102 DBG Waiting for batch. batchSize=4096
03:32:24.102 INF Handling PREPREPARE. nReq=32 senderID=2 sn=106
03:32:24.102 DBG Creating new Batch. nReq=32
03:32:24.103 INF Sending PREPREPARE. nReq=32 senderID=3 sn=107 view=0
03:32:24.104 DBG Sending PREPARE. senderID=3 sn=104 view=0
03:32:24.105 DBG Sending COMMIT. senderID=3 sn=104 view=0
03:32:24.106 INF Committed entry. latency=0 nReq=32 sn=104
03:32:24.107 INF Delivered batch. nReq=32 sn=104
03:32:24.107 DBG Starting timer. sn=108 view=0
03:32:24.107 INF Handling PREPREPARE. nReq=32 senderID=1 sn=105
03:32:24.107 DBG Creating new Batch. nReq=32
03:32:24.107 DBG Sending PREPARE. senderID=3 sn=106 view=0
03:32:24.107 DBG Sending COMMIT. senderID=3 sn=106 view=0
03:32:24.113 INF Committed entry. latency=0 nReq=32 sn=106
03:32:24.113 DBG Starting timer. sn=110 view=0
03:32:24.114 DBG Sending PREPARE. senderID=3 sn=105 view=0
03:32:24.115 DBG Sending COMMIT. senderID=3 sn=105 view=0
03:32:24.115 DBG Sending COMMIT. senderID=3 sn=107 view=0
03:32:24.115 INF Committed entry. latency=0 nReq=32 sn=107
03:32:24.115 DBG Starting timer. sn=111 view=0
03:32:24.116 INF Committed entry. latency=0 nReq=32 sn=105
03:32:24.116 INF Delivered batch. nReq=32 sn=105
03:32:24.117 INF Delivered batch. nReq=32 sn=106
03:32:24.117 INF Delivered batch. nReq=32 sn=107
03:32:24.117 DBG Starting timer. sn=109 view=0
03:32:25.101 INF Handling PREPREPARE. nReq=32 senderID=0 sn=108
03:32:25.102 DBG Creating new Batch. nReq=32
03:32:25.104 DBG Batch ready. batchSize=4096
03:32:25.104 DBG Batch cut. left=0 nBuckets=16 nReq=32 next=0
03:32:25.104 DBG Waiting for batch. batchSize=4096
03:32:25.104 INF Handling PREPREPARE. nReq=32 senderID=2 sn=110
03:32:25.105 DBG Creating new Batch. nReq=32
03:32:25.106 INF Sending PREPREPARE. nReq=32 senderID=3 sn=111 view=0
03:32:25.107 DBG Sending PREPARE. senderID=3 sn=108 view=0
03:32:25.107 INF Handling PREPREPARE. nReq=32 senderID=1 sn=109
03:32:25.107 DBG Creating new Batch. nReq=32
03:32:25.107 DBG Sending COMMIT. senderID=3 sn=108 view=0
03:32:25.109 INF Committed entry. latency=0 nReq=32 sn=108
03:32:25.109 INF Delivered batch. nReq=32 sn=108
03:32:25.110 DBG Starting timer. sn=112 view=0
03:32:25.110 DBG Sending PREPARE. senderID=3 sn=110 view=0
03:32:25.110 DBG Sending COMMIT. senderID=3 sn=110 view=0
03:32:25.111 INF Committed entry. latency=0 nReq=32 sn=110
03:32:25.111 DBG Starting timer. sn=114 view=0
03:32:25.113 DBG Sending PREPARE. senderID=3 sn=109 view=0
03:32:25.113 DBG Sending COMMIT. senderID=3 sn=109 view=0
03:32:25.115 INF Committed entry. latency=0 nReq=32 sn=109
03:32:25.115 INF Delivered batch. nReq=32 sn=109
03:32:25.115 INF Delivered batch. nReq=32 sn=110
03:32:25.115 DBG Starting timer. sn=113 view=0
03:32:25.117 DBG Sending COMMIT. senderID=3 sn=111 view=0
03:32:25.118 INF Committed entry. latency=0 nReq=32 sn=111
03:32:25.118 INF Delivered batch. nReq=32 sn=111
03:32:25.119 DBG Starting timer. sn=115 view=0
03:32:26.103 INF Handling PREPREPARE. nReq=32 senderID=0 sn=112
03:32:26.104 DBG Creating new Batch. nReq=32
03:32:26.105 DBG Batch ready. batchSize=4096
03:32:26.106 DBG Batch cut. left=0 nBuckets=16 nReq=32 next=0
03:32:26.106 INF Handling PREPREPARE. nReq=32 senderID=2 sn=114
03:32:26.106 DBG Creating new Batch. nReq=32
03:32:26.106 DBG Waiting for batch. batchSize=4096
03:32:26.108 INF Sending PREPREPARE. nReq=32 senderID=3 sn=115 view=0
03:32:26.108 INF Handling PREPREPARE. nReq=32 senderID=1 sn=113
03:32:26.109 DBG Creating new Batch. nReq=32
03:32:26.109 DBG Sending PREPARE. senderID=3 sn=112 view=0
03:32:26.110 DBG Sending COMMIT. senderID=3 sn=112 view=0
03:32:26.111 DBG Sending PREPARE. senderID=3 sn=114 view=0
03:32:26.112 DBG Sending COMMIT. senderID=3 sn=114 view=0
03:32:26.112 INF Committed entry. latency=0 nReq=32 sn=112
03:32:26.112 INF Delivered batch. nReq=32 sn=112
03:32:26.112 DBG Starting timer. sn=116 view=0
03:32:26.114 INF Committed entry. latency=0 nReq=32 sn=114
03:32:26.114 DBG Sending PREPARE. senderID=3 sn=113 view=0
03:32:26.114 DBG Starting timer. sn=118 view=0
03:32:26.114 DBG Sending COMMIT. senderID=3 sn=113 view=0
03:32:26.116 INF Committed entry. latency=0 nReq=32 sn=113
03:32:26.117 INF Delivered batch. nReq=32 sn=113
03:32:26.117 INF Delivered batch. nReq=32 sn=114
03:32:26.117 DBG Starting timer. sn=117 view=0
03:32:26.120 DBG Sending COMMIT. senderID=3 sn=115 view=0
03:32:26.121 INF Committed entry. latency=0 nReq=32 sn=115
03:32:26.121 INF Delivered batch. nReq=32 sn=115
03:32:26.121 DBG Starting timer. sn=119 view=0
03:32:27.105 INF Handling PREPREPARE. nReq=32 senderID=0 sn=116
03:32:27.105 DBG Creating new Batch. nReq=32
03:32:27.107 DBG Batch ready. batchSize=4096
03:32:27.107 DBG Batch cut. left=0 nBuckets=16 nReq=32 next=0
03:32:27.107 INF Handling PREPREPARE. nReq=32 senderID=2 sn=118
03:32:27.108 DBG Creating new Batch. nReq=32
03:32:27.108 DBG Waiting for batch. batchSize=4096
03:32:27.109 INF Sending PREPREPARE. nReq=32 senderID=3 sn=119 view=0
03:32:27.110 INF Handling PREPREPARE. nReq=32 senderID=1 sn=117
03:32:27.111 DBG Creating new Batch. nReq=32
03:32:27.112 DBG Sending PREPARE. senderID=3 sn=116 view=0
03:32:27.113 DBG Sending COMMIT. senderID=3 sn=116 view=0
03:32:27.114 INF Committed entry. latency=0 nReq=32 sn=116
03:32:27.114 INF Delivered batch. nReq=32 sn=116
03:32:27.114 DBG Starting timer. sn=120 view=0
03:32:27.116 DBG Sending PREPARE. senderID=3 sn=118 view=0
03:32:27.117 DBG Sending COMMIT. senderID=3 sn=118 view=0
03:32:27.117 DBG Sending PREPARE. senderID=3 sn=117 view=0
03:32:27.117 DBG Sending COMMIT. senderID=3 sn=117 view=0
03:32:27.117 INF Committed entry. latency=0 nReq=32 sn=118
03:32:27.117 DBG Starting timer. sn=122 view=0
03:32:27.117 INF Committed entry. latency=0 nReq=32 sn=117
03:32:27.118 INF Delivered batch. nReq=32 sn=117
03:32:27.118 INF Delivered batch. nReq=32 sn=118
03:32:27.118 DBG Starting timer. sn=121 view=0
03:32:27.122 DBG Sending COMMIT. senderID=3 sn=119 view=0
03:32:27.124 INF Committed entry. latency=0 nReq=32 sn=119
03:32:27.124 INF Delivered batch. nReq=32 sn=119
03:32:27.125 DBG Starting timer. sn=123 view=0
03:32:28.107 INF Handling PREPREPARE. nReq=32 senderID=0 sn=120
03:32:28.107 DBG Creating new Batch. nReq=32
03:32:28.108 INF Handling PREPREPARE. nReq=32 senderID=2 sn=122
03:32:28.108 DBG Creating new Batch. nReq=32
03:32:28.110 DBG Batch ready. batchSize=4096
03:32:28.110 DBG Batch cut. left=0 nBuckets=16 nReq=32 next=0
03:32:28.110 DBG Waiting for batch. batchSize=4096
03:32:28.111 INF Sending PREPREPARE. nReq=32 senderID=3 sn=123 view=0
03:32:28.112 DBG Sending PREPARE. senderID=3 sn=120 view=0
03:32:28.113 DBG Sending PREPARE. senderID=3 sn=122 view=0
03:32:28.113 DBG Sending COMMIT. senderID=3 sn=120 view=0
03:32:28.114 INF Handling PREPREPARE. nReq=32 senderID=1 sn=121
03:32:28.114 DBG Creating new Batch. nReq=32
03:32:28.114 DBG Sending COMMIT. senderID=3 sn=122 view=0
03:32:28.115 INF Committed entry. latency=0 nReq=32 sn=120
03:32:28.115 INF Delivered batch. nReq=32 sn=120
03:32:28.115 DBG Starting timer. sn=124 view=0
03:32:28.116 INF Committed entry. latency=0 nReq=32 sn=122
03:32:28.116 DBG Starting timer. sn=126 view=0
03:32:28.120 DBG Sending PREPARE. senderID=3 sn=121 view=0
03:32:28.121 DBG Sending COMMIT. senderID=3 sn=121 view=0
03:32:28.122 DBG Sending COMMIT. senderID=3 sn=123 view=0
03:32:28.122 INF Committed entry. latency=0 nReq=32 sn=121
03:32:28.122 INF Delivered batch. nReq=32 sn=121
03:32:28.123 INF Delivered batch. nReq=32 sn=122
03:32:28.123 DBG Starting timer. sn=125 view=0
03:32:28.124 INF Committed entry. latency=0 nReq=32 sn=123
03:32:28.124 INF Delivered batch. nReq=32 sn=123
03:32:28.124 DBG Starting timer. sn=127 view=0
03:32:29.109 INF Handling PREPREPARE. nReq=32 senderID=0 sn=124
03:32:29.109 DBG Creating new Batch. nReq=32
03:32:29.109 INF Handling PREPREPARE. nReq=32 senderID=2 sn=126
03:32:29.110 DBG Creating new Batch. nReq=32
03:32:29.113 DBG Batch ready. batchSize=4096
03:32:29.113 DBG Batch cut. left=0 nBuckets=16 nReq=32 next=0
03:32:29.114 DBG Waiting for batch. batchSize=4096
03:32:29.115 INF Handling PREPREPARE. nReq=32 senderID=1 sn=125
03:32:29.115 DBG Creating new Batch. nReq=32
03:32:29.116 DBG Sending PREPARE. senderID=3 sn=126 view=0
03:32:29.116 DBG Sending COMMIT. senderID=3 sn=126 view=0
03:32:29.117 INF Sending PREPREPARE. nReq=32 senderID=3 sn=127 view=0
03:32:29.118 DBG Sending PREPARE. senderID=3 sn=124 view=0
03:32:29.119 DBG Sending COMMIT. senderID=3 sn=124 view=0
03:32:29.119 INF Committed entry. latency=0 nReq=32 sn=124
03:32:29.119 INF Delivered batch. nReq=32 sn=124
03:32:29.119 DBG Starting timer. sn=128 view=0
03:32:29.119 INF Committed entry. latency=0 nReq=32 sn=126
03:32:29.120 DBG Starting timer. sn=130 view=0
03:32:29.120 DBG Sending PREPARE. senderID=3 sn=125 view=0
03:32:29.121 DBG Sending COMMIT. senderID=3 sn=125 view=0
03:32:29.123 INF Committed entry. latency=0 nReq=32 sn=125
03:32:29.123 INF Delivered batch. nReq=32 sn=125
03:32:29.123 INF Delivered batch. nReq=32 sn=126
03:32:29.123 DBG Starting timer. sn=129 view=0
03:32:29.129 DBG Sending COMMIT. senderID=3 sn=127 view=0
03:32:29.129 INF Committed entry. latency=0 nReq=32 sn=127
03:32:29.129 INF Delivered batch. nReq=32 sn=127
03:32:29.129 DBG Starting timer. sn=131 view=0
03:32:30.106 INF Handling PREPREPARE. nReq=1 senderID=0 sn=128
03:32:30.106 DBG Creating new Batch. nReq=1
03:32:30.107 DBG Sending PREPARE. senderID=3 sn=128 view=0
03:32:30.107 INF Handling PREPREPARE. nReq=0 senderID=2 sn=130
03:32:30.107 DBG Creating new Batch. nReq=0
03:32:30.107 DBG Sending PREPARE. senderID=3 sn=130 view=0
03:32:30.108 DBG Sending COMMIT. senderID=3 sn=128 view=0
03:32:30.108 DBG Sending COMMIT. senderID=3 sn=130 view=0
03:32:30.109 INF Committed entry. latency=0 nReq=1 sn=128
03:32:30.109 INF Committed entry. latency=0 nReq=0 sn=130
03:32:30.109 INF Delivered batch. nReq=1 sn=128
03:32:30.110 DBG Starting timer. sn=132 view=0
03:32:30.110 DBG Starting timer. sn=134 view=0
03:32:30.112 INF Handling PREPREPARE. nReq=1 senderID=1 sn=129
03:32:30.112 DBG Creating new Batch. nReq=1
03:32:30.113 DBG Sending PREPARE. senderID=3 sn=129 view=0
03:32:30.114 DBG Sending COMMIT. senderID=3 sn=129 view=0
03:32:30.115 DBG Batch ready. batchSize=4096
03:32:30.115 DBG Batch cut. left=0 nBuckets=16 nReq=0 next=0
03:32:30.115 INF Committed entry. latency=0 nReq=1 sn=129
03:32:30.115 INF Sending PREPREPARE. nReq=0 senderID=3 sn=131 view=0
03:32:30.115 DBG Waiting for batch. batchSize=4096
03:32:30.115 INF Delivered batch. nReq=1 sn=129
03:32:30.116 INF Delivered batch. nReq=0 sn=130
03:32:30.116 DBG Starting timer. sn=133 view=0
03:32:30.117 DBG Sending COMMIT. senderID=3 sn=131 view=0
03:32:30.118 INF Committed entry. latency=0 nReq=0 sn=131
03:32:30.119 INF Delivered batch. nReq=0 sn=131
03:32:30.119 DBG Starting timer. sn=135 view=0
03:32:31.107 INF Handling PREPREPARE. nReq=0 senderID=0 sn=132
03:32:31.107 DBG Creating new Batch. nReq=0
03:32:31.107 DBG Sending PREPARE. senderID=3 sn=132 view=0
03:32:31.108 INF Handling PREPREPARE. nReq=0 senderID=2 sn=134
03:32:31.108 DBG Sending COMMIT. senderID=3 sn=132 view=0
03:32:31.108 DBG Creating new Batch. nReq=0
03:32:31.108 DBG Sending PREPARE. senderID=3 sn=134 view=0
03:32:31.109 INF Committed entry. latency=0 nReq=0 sn=132
03:32:31.109 DBG Sending COMMIT. senderID=3 sn=134 view=0
03:32:31.110 INF Delivered batch. nReq=0 sn=132
03:32:31.110 DBG Starting timer. sn=136 view=0
03:32:31.111 INF Committed entry. latency=0 nReq=0 sn=134
03:32:31.111 DBG Starting timer. sn=138 view=0
03:32:31.112 INF Handling PREPREPARE. nReq=0 senderID=1 sn=133
03:32:31.113 DBG Creating new Batch. nReq=0
03:32:31.113 DBG Sending PREPARE. senderID=3 sn=133 view=0
03:32:31.114 DBG Sending COMMIT. senderID=3 sn=133 view=0
03:32:31.116 DBG Batch ready. batchSize=4096
03:32:31.116 INF Committed entry. latency=0 nReq=0 sn=133
03:32:31.116 INF Delivered batch. nReq=0 sn=133
03:32:31.116 DBG Batch cut. left=0 nBuckets=16 nReq=0 next=0
03:32:31.116 INF Delivered batch. nReq=0 sn=134
03:32:31.116 INF Sending PREPREPARE. nReq=0 senderID=3 sn=135 view=0
03:32:31.116 DBG Starting timer. sn=137 view=0
03:32:31.116 DBG Waiting for batch. batchSize=4096
03:32:31.118 INF Connection terminated. error="rpc error: code = Canceled desc = context canceled" address=127.0.0.1:57604
03:32:31.118 INF Finished sending bucket assignments to client. clId=0
03:32:31.119 DBG Sending COMMIT. senderID=3 sn=135 view=0
03:32:31.121 INF Committed entry. latency=0 nReq=0 sn=135
03:32:31.121 INF Delivered batch. nReq=0 sn=135
03:32:31.121 DBG Starting timer. sn=139 view=0
03:32:31.472 INF Stopping profiler.
03:32:31.472 INF Stopping Tracer. events=245 fileName=experiment-output/0000/slave-004/peer.trc
==================
WARNING: DATA RACE
Read at 0x00c0009a0000 by goroutine 115:
  runtime.racereadrange()
      <autogenerated>:1 +0x1b
  github.com/hyperledger-labs/mirbft/tracing.(*BufferedTrace).StopOnSignal.func1()
      /opt/gopath/src/github.com/hyperledger-labs/mirbft/tracing/bufferedtrace.go:298 +0x4e

Previous write at 0x00c0009a0000 by goroutine 413:
  github.com/hyperledger-labs/mirbft/tracing.(*BufferedTrace).Event()
      /opt/gopath/src/github.com/hyperledger-labs/mirbft/tracing/bufferedtrace.go:105 +0x2d9
  github.com/hyperledger-labs/mirbft/manager.(*MirManager).handleLogEntries()
      /opt/gopath/src/github.com/hyperledger-labs/mirbft/manager/mirmanager.go:139 +0x1d8
  github.com/hyperledger-labs/mirbft/manager.(*MirManager).Startdwrap7()
      /opt/gopath/src/github.com/hyperledger-labs/mirbft/manager/mirmanager.go:101 +0x47

Goroutine 115 (running) created at:
  github.com/hyperledger-labs/mirbft/tracing.(*BufferedTrace).StopOnSignal()
      /opt/gopath/src/github.com/hyperledger-labs/mirbft/tracing/bufferedtrace.go:292 +0x172
  main.setUpTracing()
      /opt/gopath/src/github.com/hyperledger-labs/mirbft/cmd/orderingpeer/main.go:204 +0xf5
  main.main()
      /opt/gopath/src/github.com/hyperledger-labs/mirbft/cmd/orderingpeer/main.go:98 +0x9d6

Goroutine 413 (running) created at:
  github.com/hyperledger-labs/mirbft/manager.(*MirManager).Start()
      /opt/gopath/src/github.com/hyperledger-labs/mirbft/manager/mirmanager.go:101 +0x19e
  main.maindwrap4()
      /opt/gopath/src/github.com/hyperledger-labs/mirbft/cmd/orderingpeer/main.go:168 +0x59
==================
==================
WARNING: DATA RACE
Read at 0x00c0009a2620 by goroutine 115:
  runtime.racereadrange()
      <autogenerated>:1 +0x1b
  github.com/hyperledger-labs/mirbft/tracing.(*BufferedTrace).StopOnSignal.func1()
      /opt/gopath/src/github.com/hyperledger-labs/mirbft/tracing/bufferedtrace.go:298 +0x4e

Previous write at 0x00c0009a2620 by goroutine 114:
  github.com/hyperledger-labs/mirbft/tracing.(*BufferedTrace).Event()
      /opt/gopath/src/github.com/hyperledger-labs/mirbft/tracing/bufferedtrace.go:105 +0x2d9
  github.com/hyperledger-labs/mirbft/profiling.StartCPUTracing.func1()
      /opt/gopath/src/github.com/hyperledger-labs/mirbft/profiling/cpuusage.go:31 +0x95

Goroutine 115 (running) created at:
  github.com/hyperledger-labs/mirbft/tracing.(*BufferedTrace).StopOnSignal()
      /opt/gopath/src/github.com/hyperledger-labs/mirbft/tracing/bufferedtrace.go:292 +0x172
  main.setUpTracing()
      /opt/gopath/src/github.com/hyperledger-labs/mirbft/cmd/orderingpeer/main.go:204 +0xf5
  main.main()
      /opt/gopath/src/github.com/hyperledger-labs/mirbft/cmd/orderingpeer/main.go:98 +0x9d6

Goroutine 114 (running) created at:
  github.com/hyperledger-labs/mirbft/profiling.StartCPUTracing()
      /opt/gopath/src/github.com/hyperledger-labs/mirbft/profiling/cpuusage.go:28 +0xb6
  main.setUpTracing()
      /opt/gopath/src/github.com/hyperledger-labs/mirbft/cmd/orderingpeer/main.go:196 +0x85
  main.main()
      /opt/gopath/src/github.com/hyperledger-labs/mirbft/cmd/orderingpeer/main.go:98 +0x9d6
==================
03:32:31.476 INF Trace data written.
03:32:31.509 INF Profile data written. filename=experiment-output/0000/slave-004/prof.mutex name=mutex
03:32:31.610 INF Connection terminated. error="rpc error: code = Canceled desc = context canceled" address=127.0.0.1:57564
03:32:31.610 INF Connection terminated. error="rpc error: code = Canceled desc = context canceled" address=127.0.0.1:57512
03:32:31.610 INF Connection terminated. error="rpc error: code = Canceled desc = context canceled" address=127.0.0.1:57466
03:32:31.611 INF Connection terminated. error="rpc error: code = Canceled desc = context canceled" address=127.0.0.1:57450
03:32:31.611 INF Connection terminated. error="rpc error: code = Canceled desc = context canceled" address=127.0.0.1:57462
03:32:31.611 INF Connection terminated. error="rpc error: code = Canceled desc = context canceled" address=127.0.0.1:57468
03:32:31.671 INF Profile data written. filename=experiment-output/0000/slave-004/prof.cpu name=cpu
03:32:31.677 INF Connection terminated. error="rpc error: code = Canceled desc = context canceled" address=127.0.0.1:57530
03:32:31.677 INF Connection terminated. error="rpc error: code = Canceled desc = context canceled" address=127.0.0.1:57514
03:32:31.677 INF Connection terminated. error="rpc error: code = Canceled desc = context canceled" address=127.0.0.1:57476
03:32:31.677 INF Connection terminated. error="rpc error: code = Canceled desc = context canceled" address=127.0.0.1:57436
03:32:31.677 INF Connection terminated. error="rpc error: code = Canceled desc = context canceled" address=127.0.0.1:57510
03:32:31.677 INF Connection terminated. error="rpc error: code = Canceled desc = context canceled" address=127.0.0.1:57498
03:32:31.718 INF Profile data written. filename=experiment-output/0000/slave-004/prof.block name=block
