{"level":"debug","Logging":"debug","time":"2022-08-31T20:24:02+08:00","message":"Config"}
{"level":"debug","UseTLS":false,"time":"2022-08-31T20:24:02+08:00","message":"Config"}
{"level":"debug","CACertFile":"tls-data/ca.pem","time":"2022-08-31T20:24:02+08:00","message":"Config"}
{"level":"debug","KeyFile":"tls-data/auth.key","time":"2022-08-31T20:24:02+08:00","message":"Config"}
{"level":"debug","CertFile":"tls-data/auth.pem","time":"2022-08-31T20:24:02+08:00","message":"Config"}
{"level":"debug","PriorityConnections":2,"time":"2022-08-31T20:24:02+08:00","message":"Config"}
{"level":"debug","BasicConnections":2,"time":"2022-08-31T20:24:02+08:00","message":"Config"}
{"level":"debug","TestConnections":false,"time":"2022-08-31T20:24:02+08:00","message":"Config"}
{"level":"debug","ExcessConnections":1,"time":"2022-08-31T20:24:02+08:00","message":"Config"}
{"level":"debug","ConnectionTestMsgs":4,"time":"2022-08-31T20:24:02+08:00","message":"Config"}
{"level":"debug","ConnectionTestPayload":131072,"time":"2022-08-31T20:24:02+08:00","message":"Config"}
{"level":"debug","OutMessageBufsize":1024,"time":"2022-08-31T20:24:02+08:00","message":"Config"}
{"level":"debug","OutMessageBufsize":2,"time":"2022-08-31T20:24:02+08:00","message":"Config"}
{"level":"debug","ThroughputCap":131072000,"time":"2022-08-31T20:24:02+08:00","message":"Config"}
{"level":"debug","StragglerTolerance":1000,"time":"2022-08-31T20:24:02+08:00","message":"Config"}
{"level":"debug","BatchSizeIncrement":256,"time":"2022-08-31T20:24:02+08:00","message":"Config"}
{"level":"debug","Orderer":"Pbft","time":"2022-08-31T20:24:02+08:00","message":"Config"}
{"level":"debug","Manager":"Mir","time":"2022-08-31T20:24:02+08:00","message":"Config"}
{"level":"debug","Failures":2,"time":"2022-08-31T20:24:02+08:00","message":"Config"}
{"level":"debug","CrashTiming":"Straggler","time":"2022-08-31T20:24:02+08:00","message":"Config"}
{"level":"debug","CheckpointInterval":256,"time":"2022-08-31T20:24:02+08:00","message":"Config"}
{"level":"debug","WatermarkWindowSize":256,"time":"2022-08-31T20:24:02+08:00","message":"Config"}
{"level":"debug","EpochLength":256,"time":"2022-08-31T20:24:02+08:00","message":"Config"}
{"level":"debug","SegmentLength":32,"time":"2022-08-31T20:24:02+08:00","message":"Config"}
{"level":"debug","WaitForCheckpoints":true,"time":"2022-08-31T20:24:02+08:00","message":"Config"}
{"level":"debug","ClientWatermarkWindowSize":4194304,"time":"2022-08-31T20:24:02+08:00","message":"Config"}
{"level":"debug","ClientRequestBacklogSize":4194304,"time":"2022-08-31T20:24:02+08:00","message":"Config"}
{"level":"debug","RandomSeed":25521,"time":"2022-08-31T20:24:02+08:00","message":"Config"}
{"level":"debug","NodeToLeaderRatio":1,"time":"2022-08-31T20:24:02+08:00","message":"Config"}
{"level":"debug","LeaderPolicy":"SimulatedRandomFailures","time":"2022-08-31T20:24:02+08:00","message":"Config"}
{"level":"debug","DefaultLeaderBan":2,"time":"2022-08-31T20:24:02+08:00","message":"Config"}
{"level":"debug","NumBuckets":128,"time":"2022-08-31T20:24:02+08:00","message":"Config"}
{"level":"debug","BatchSize":1000,"time":"2022-08-31T20:24:02+08:00","message":"Config"}
{"level":"debug","DisabledViewChange":false,"time":"2022-08-31T20:24:02+08:00","message":"Config"}
{"level":"debug","ViewChangeTimeout":60000,"time":"2022-08-31T20:24:02+08:00","message":"Config"}
{"level":"debug","ClientTraceSampling":10,"time":"2022-08-31T20:24:02+08:00","message":"Config"}
{"level":"debug","EventBufferSize":2097152,"time":"2022-08-31T20:24:02+08:00","message":"Config"}
{"level":"debug","TraceSampling":1,"time":"2022-08-31T20:24:02+08:00","message":"Config"}
{"level":"debug","ClientsPerProcess":1,"time":"2022-08-31T20:24:02+08:00","message":"Config"}
{"level":"debug","RequestsPerClient":15360,"time":"2022-08-31T20:24:02+08:00","message":"Config"}
{"level":"debug","ClientRunTime":30000,"time":"2022-08-31T20:24:02+08:00","message":"Config"}
{"level":"debug","RequestRate":256,"time":"2022-08-31T20:24:02+08:00","message":"Config"}
{"level":"debug","HardRequestRateLimit":false,"time":"2022-08-31T20:24:02+08:00","message":"Config"}
{"level":"debug","RequestPayloadSize":500,"time":"2022-08-31T20:24:02+08:00","message":"Config"}
{"level":"debug","SignRequests":true,"time":"2022-08-31T20:24:02+08:00","message":"Config"}
{"level":"debug","ClientPrivKeyFile":"tls-data/client-ecdsa-256.key","time":"2022-08-31T20:24:02+08:00","message":"Config"}
{"level":"debug","ClientPubKeyFile":"tls-data/client-ecdsa-256.pem","time":"2022-08-31T20:24:02+08:00","message":"Config"}
{"level":"debug","PrecomputeRequests":false,"time":"2022-08-31T20:24:02+08:00","message":"Config"}
{"level":"debug","RequestHandlerThreads":32,"time":"2022-08-31T20:24:02+08:00","message":"Config"}
{"level":"debug","RequestInputChannelBuffer":8192,"time":"2022-08-31T20:24:02+08:00","message":"Config"}
{"level":"debug","BatchVerifier":"external","time":"2022-08-31T20:24:02+08:00","message":"Config"}
12:24:02.356 INF Registered with discovery server. numPeers=8 ownID=7
12:24:02.357 INF Profiling enabled.
12:24:02.357 INF Setting up profiling.
12:24:02.358 INF Started Profiler: CPU
12:24:02.358 INF Started Profiler: BLOCK
12:24:02.358 INF Started Profiler: MUTEX
12:24:02.358 INF Profiler will stop on signal. exit=true
12:24:02.360 INF Tracing will stop on signal. exit=false
12:24:02.360 INF Started tracing. traceFile=experiment-output/0000/slave-001/peer.trc
12:24:02.362 DBG Starting backlog.
12:24:02.362 INF Listening for connections. port=10077 useTLS=false
12:24:02.362 INF Connecting to peer. addr=127.0.0.1:10077 basicConns=2 priorityConns=2
12:24:02.362 INF Connecting to peer. addr=127.0.0.1:10000 basicConns=2 priorityConns=2
12:24:02.363 INF Connecting to peer. addr=127.0.0.1:10011 basicConns=2 priorityConns=2
12:24:02.363 INF Connecting to peer. addr=127.0.0.1:10022 basicConns=2 priorityConns=2
12:24:02.363 INF Connecting to peer. addr=127.0.0.1:10033 basicConns=2 priorityConns=2
12:24:02.364 INF Connecting to peer. addr=127.0.0.1:10044 basicConns=2 priorityConns=2
12:24:02.364 INF Connecting to peer. addr=127.0.0.1:10066 basicConns=2 priorityConns=2
12:24:02.370 INF Connecting to peer. addr=127.0.0.1:10055 basicConns=2 priorityConns=2
12:24:02.397 INF Incoming connection for protocol messages. addr=127.0.0.1:42152
12:24:02.415 INF Incoming connection for protocol messages. addr=127.0.0.1:42156
12:24:02.421 INF Incoming connection for protocol messages. addr=127.0.0.1:42262
12:24:02.421 INF Incoming connection for protocol messages. addr=127.0.0.1:42210
12:24:02.421 DBG Connected. peerID=4
12:24:02.422 INF Incoming connection for protocol messages. addr=127.0.0.1:42198
12:24:02.423 INF Incoming connection for protocol messages. addr=127.0.0.1:42206
12:24:02.424 INF Incoming connection for protocol messages. addr=127.0.0.1:42304
12:24:02.424 INF Incoming connection for protocol messages. addr=127.0.0.1:42192
12:24:02.426 INF Incoming connection for protocol messages. addr=127.0.0.1:42332
12:24:02.427 INF Incoming connection for protocol messages. addr=127.0.0.1:42316
12:24:02.427 INF Incoming connection for protocol messages. addr=127.0.0.1:42162
12:24:02.429 INF Incoming connection for protocol messages. addr=127.0.0.1:42276
12:24:02.430 INF Incoming connection for protocol messages. addr=127.0.0.1:42436
12:24:02.430 INF Incoming connection for protocol messages. addr=127.0.0.1:42408
12:24:02.430 INF Incoming connection for protocol messages. addr=127.0.0.1:42366
12:24:02.431 INF Incoming connection for protocol messages. addr=127.0.0.1:42350
12:24:02.431 INF Incoming connection for protocol messages. addr=127.0.0.1:42376
12:24:02.432 DBG Connected. peerID=7
12:24:02.432 INF Incoming connection for protocol messages. addr=127.0.0.1:42402
12:24:02.432 DBG Connected. peerID=3
12:24:02.433 INF Incoming connection for protocol messages. addr=127.0.0.1:42272
12:24:02.435 INF Incoming connection for protocol messages. addr=127.0.0.1:42484
12:24:02.437 INF Incoming connection for protocol messages. addr=127.0.0.1:42418
12:24:02.440 INF Incoming connection for protocol messages. addr=127.0.0.1:42516
12:24:02.440 INF Incoming connection for protocol messages. addr=127.0.0.1:42538
12:24:02.441 INF Incoming connection for protocol messages. addr=127.0.0.1:42558
12:24:02.443 INF Incoming connection for protocol messages. addr=127.0.0.1:42594
12:24:02.444 INF Incoming connection for protocol messages. addr=127.0.0.1:42582
12:24:02.444 DBG Connected. peerID=5
12:24:02.446 INF Incoming connection for protocol messages. addr=127.0.0.1:42626
12:24:02.450 DBG Connected. peerID=2
12:24:02.450 INF Incoming connection for protocol messages. addr=127.0.0.1:42630
12:24:02.451 DBG Connected. peerID=6
12:24:02.454 INF Incoming connection for protocol messages. addr=127.0.0.1:42640
12:24:02.455 DBG Connected. peerID=1
12:24:02.459 INF Incoming connection for protocol messages. addr=127.0.0.1:42636
12:24:02.460 INF Incoming connection for protocol messages. addr=127.0.0.1:42642
12:24:02.461 DBG Connected. peerID=0
12:24:02.461 INF Connected to all peers.
12:24:02.465 INF Incoming connection for protocol messages. addr=127.0.0.1:42654
12:24:02.480 INF All peers finished connecting. Starting ISS.
12:24:02.481 DBG Buckets for 0-th leader 0: [0 8 16 24 32 40 48 56 64 72 80 88 96 104 112 120]
12:24:02.481 DBG Buckets for 1-th leader 2: [2 10 18 26 34 42 50 58 66 74 82 90 98 106 114 122 1 25 49 73 97 121 13 37 61 85 109]
12:24:02.482 DBG Buckets for 2-th leader 3: [3 11 19 27 35 43 51 59 67 75 83 91 99 107 115 123]
12:24:02.482 DBG Buckets for 3-th leader 4: [4 12 20 28 36 44 52 60 68 76 84 92 100 108 116 124 9 33 57 81 105 21 45 69 93 117]
12:24:02.482 DBG Buckets for 4-th leader 6: [6 14 22 30 38 46 54 62 70 78 86 94 102 110 118 126]
12:24:02.482 DBG Buckets for 5-th leader 7: [7 15 23 31 39 47 55 63 71 79 87 95 103 111 119 127 17 41 65 89 113 5 29 53 77 101 125]
12:24:02.482 INF PbftOrderer received a new segment: [1 7 13 19 25 31 37 43 49 55 61 67 73 79 85 91 97 103 109 115 121 127 133 139 145 151 157 163 169 175 181 187] first leader=2 firstSN=1 lastSN=187 len=32 length=32 segId=1
12:24:02.483 INF Starting new view. segID=1 timeout=60000 view=0
12:24:02.483 DBG Starting timer. sn=1 view=0
12:24:02.483 INF Starting PBFT instance. first=1 last=187 segID=1
12:24:02.483 DBG Subscribing to backlog. segID=1
12:24:02.483 INF Starting serialized message processing. segID=1
12:24:02.483 INF PbftOrderer received a new segment: [2 8 14 20 26 32 38 44 50 56 62 68 74 80 86 92 98 104 110 116 122 128 134 140 146 152 158 164 170 176 182 188] first leader=3 firstSN=2 lastSN=188 len=32 length=32 segId=2
12:24:02.484 INF Starting new view. segID=2 timeout=60000 view=0
12:24:02.484 DBG Starting timer. sn=2 view=0
12:24:02.484 INF Starting PBFT instance. first=2 last=188 segID=2
12:24:02.484 DBG Subscribing to backlog. segID=2
12:24:02.484 INF Starting serialized message processing. segID=2
12:24:02.484 INF PbftOrderer received a new segment: [3 9 15 21 27 33 39 45 51 57 63 69 75 81 87 93 99 105 111 117 123 129 135 141 147 153 159 165 171 177 183 189] first leader=4 firstSN=3 lastSN=189 len=32 length=32 segId=3
12:24:02.485 INF Starting new view. segID=3 timeout=60000 view=0
12:24:02.485 DBG Starting timer. sn=3 view=0
12:24:02.485 INF Starting PBFT instance. first=3 last=189 segID=3
12:24:02.485 DBG Subscribing to backlog. segID=3
12:24:02.485 INF Starting serialized message processing. segID=3
12:24:02.485 INF PbftOrderer received a new segment: [4 10 16 22 28 34 40 46 52 58 64 70 76 82 88 94 100 106 112 118 124 130 136 142 148 154 160 166 172 178 184 190] first leader=6 firstSN=4 lastSN=190 len=32 length=32 segId=4
12:24:02.485 INF Starting new view. segID=4 timeout=60000 view=0
12:24:02.486 DBG Starting timer. sn=4 view=0
12:24:02.486 INF Starting PBFT instance. first=4 last=190 segID=4
12:24:02.486 DBG Subscribing to backlog. segID=4
12:24:02.486 INF Starting serialized message processing. segID=4
12:24:02.486 INF PbftOrderer received a new segment: [5 11 17 23 29 35 41 47 53 59 65 71 77 83 89 95 101 107 113 119 125 131 137 143 149 155 161 167 173 179 185 191] first leader=7 firstSN=5 lastSN=191 len=32 length=32 segId=5
12:24:02.486 INF Starting new view. segID=5 timeout=60000 view=0
12:24:02.487 DBG Starting timer. sn=5 view=0
12:24:02.487 INF Starting PBFT instance. first=5 last=191 segID=5
12:24:02.487 DBG Subscribing to backlog. segID=5
12:24:02.487 DBG Leading segment. segID=5
12:24:02.487 INF Starting serialized message processing. segID=5
12:24:02.487 DBG Waiting for batch. batchSize=4096
12:24:02.487 INF PbftOrderer received a new segment: [0 6 12 18 24 30 36 42 48 54 60 66 72 78 84 90 96 102 108 114 120 126 132 138 144 150 156 162 168 174 180 186] first leader=0 firstSN=0 lastSN=186 len=32 length=32 segId=0
12:24:02.487 INF Starting new view. segID=0 timeout=60000 view=0
12:24:02.488 DBG Starting timer. sn=0 view=0
12:24:02.488 INF Starting PBFT instance. first=0 last=186 segID=0
12:24:02.488 DBG Subscribing to backlog. segID=0
12:24:02.488 INF Starting serialized message processing. segID=0
12:24:02.508 INF Connection terminated. error="rpc error: code = Canceled desc = context canceled" address=127.0.0.1:42582
12:24:02.509 INF Connection terminated. error="rpc error: code = Canceled desc = context canceled" address=127.0.0.1:42640
12:24:02.509 INF Connection terminated. error="rpc error: code = Canceled desc = context canceled" address=127.0.0.1:42630
12:24:02.510 INF Connection terminated. error="rpc error: code = Canceled desc = context canceled" address=127.0.0.1:42516
12:24:02.510 INF Connection terminated. error="rpc error: code = Canceled desc = context canceled" address=127.0.0.1:42402
12:24:02.510 INF Connection terminated. error="rpc error: code = Canceled desc = context canceled" address=127.0.0.1:42408
12:24:02.510 INF Connection terminated. error="rpc error: code = Canceled desc = context canceled" address=127.0.0.1:42626
12:24:02.510 INF Connection terminated. error="rpc error: code = Canceled desc = context canceled" address=127.0.0.1:42162
12:24:04.519 INF Incoming connection for requests. addr=127.0.0.1:42688
12:24:32.488 DBG Batch ready. batchSize=4096
12:24:32.490 DBG Batch cut. left=0 nBuckets=27 nReq=1509 next=0
12:24:32.491 DBG Waiting for batch. batchSize=4096
12:24:32.553 INF Sending PREPREPARE. nReq=1509 senderID=7 sn=5 view=0
12:24:32.639 INF Handling PREPREPARE. nReq=894 senderID=6 sn=4
12:24:32.640 DBG Creating new Batch. nReq=894
12:24:32.649 INF Handling PREPREPARE. nReq=895 senderID=0 sn=0
12:24:32.650 DBG Creating new Batch. nReq=895
12:24:32.652 INF Handling PREPREPARE. nReq=894 senderID=3 sn=2
12:24:32.661 DBG Creating new Batch. nReq=894
12:24:32.858 INF Handling PREPREPARE. nReq=1453 senderID=4 sn=3
12:24:32.859 DBG Creating new Batch. nReq=1453
12:24:32.874 ERR Failed to send protocol message. Dropping all future outgoing protocol messages. error=EOF
12:24:32.893 INF Handling PREPREPARE. nReq=1510 senderID=2 sn=1
12:24:32.893 DBG Creating new Batch. nReq=1510
12:24:32.907 DBG Sending PREPARE. senderID=7 sn=4 view=0
12:24:32.913 ERR Failed to send protocol message. Dropping all future outgoing protocol messages. error=EOF
12:24:32.925 ERR Failed to send protocol message. Dropping all future outgoing protocol messages. error=EOF
12:24:33.021 DBG Sending PREPARE. senderID=7 sn=2 view=0
12:24:33.044 DBG Sending PREPARE. senderID=7 sn=0 view=0
12:24:33.061 DBG Sending COMMIT. senderID=7 sn=2 view=0
12:24:33.085 DBG Sending COMMIT. senderID=7 sn=0 view=0
12:24:33.086 INF Committed entry. latency=0 nReq=894 sn=2
12:24:33.087 DBG Starting timer. sn=8 view=0
12:24:33.097 INF Committed entry. latency=0 nReq=895 sn=0
12:24:33.097 INF Delivered batch. nReq=895 sn=0
12:24:33.098 DBG Starting timer. sn=6 view=0
12:24:33.126 DBG Sending COMMIT. senderID=7 sn=4 view=0
12:24:33.160 INF Committed entry. latency=0 nReq=894 sn=4
12:24:33.160 DBG Starting timer. sn=10 view=0
12:24:33.216 DBG Sending PREPARE. senderID=7 sn=3 view=0
12:24:33.235 DBG Sending COMMIT. senderID=7 sn=3 view=0
12:24:33.240 DBG Sending PREPARE. senderID=7 sn=1 view=0
12:24:33.242 INF Committed entry. latency=0 nReq=1453 sn=3
12:24:33.243 DBG Starting timer. sn=9 view=0
12:24:33.246 DBG Sending COMMIT. senderID=7 sn=1 view=0
12:24:33.251 INF Committed entry. latency=0 nReq=1510 sn=1
12:24:33.251 INF Delivered batch. nReq=1510 sn=1
12:24:33.252 INF Delivered batch. nReq=894 sn=2
12:24:33.252 INF Delivered batch. nReq=1453 sn=3
12:24:33.252 INF Delivered batch. nReq=894 sn=4
12:24:33.252 DBG Starting timer. sn=7 view=0
12:24:33.277 DBG Sending COMMIT. senderID=7 sn=5 view=0
12:24:33.284 INF Committed entry. latency=0 nReq=1509 sn=5
12:24:33.284 INF Delivered batch. nReq=1509 sn=5
12:24:33.284 DBG Starting timer. sn=11 view=0
12:25:02.492 DBG Batch ready. batchSize=4096
12:25:02.492 DBG Batch cut. left=0 nBuckets=27 nReq=111 next=0
12:25:02.492 DBG Waiting for batch. batchSize=4096
12:25:02.496 INF Sending PREPREPARE. nReq=111 senderID=7 sn=11 view=0
12:25:02.502 INF Handling PREPREPARE. nReq=66 senderID=0 sn=6
12:25:02.502 DBG Creating new Batch. nReq=66
12:25:02.502 INF Handling PREPREPARE. nReq=66 senderID=3 sn=8
12:25:02.503 DBG Creating new Batch. nReq=66
12:25:02.513 INF Handling PREPREPARE. nReq=111 senderID=2 sn=7
12:25:02.513 DBG Creating new Batch. nReq=111
12:25:02.516 DBG Sending PREPARE. senderID=7 sn=8 view=0
12:25:02.522 INF Handling PREPREPARE. nReq=66 senderID=6 sn=10
12:25:02.523 DBG Creating new Batch. nReq=66
12:25:02.530 DBG Sending PREPARE. senderID=7 sn=6 view=0
12:25:02.531 DBG Sending COMMIT. senderID=7 sn=6 view=0
12:25:02.544 INF Handling PREPREPARE. nReq=107 senderID=4 sn=9
12:25:02.544 DBG Creating new Batch. nReq=107
12:25:02.544 DBG Sending PREPARE. senderID=7 sn=7 view=0
12:25:02.545 INF Committed entry. latency=0 nReq=66 sn=6
12:25:02.545 INF Delivered batch. nReq=66 sn=6
12:25:02.545 DBG Starting timer. sn=12 view=0
12:25:02.545 DBG Sending PREPARE. senderID=7 sn=10 view=0
12:25:02.549 DBG Sending COMMIT. senderID=7 sn=8 view=0
12:25:02.553 DBG Sending COMMIT. senderID=7 sn=10 view=0
12:25:02.554 INF Committed entry. latency=0 nReq=66 sn=10
12:25:02.554 INF Committed entry. latency=0 nReq=66 sn=8
12:25:02.555 DBG Starting timer. sn=16 view=0
12:25:02.555 DBG Starting timer. sn=14 view=0
12:25:02.564 DBG Sending COMMIT. senderID=7 sn=7 view=0
12:25:02.566 DBG Sending PREPARE. senderID=7 sn=9 view=0
12:25:02.567 DBG Sending COMMIT. senderID=7 sn=9 view=0
12:25:02.567 INF Committed entry. latency=0 nReq=111 sn=7
12:25:02.567 INF Delivered batch. nReq=111 sn=7
12:25:02.567 INF Delivered batch. nReq=66 sn=8
12:25:02.567 DBG Starting timer. sn=13 view=0
12:25:02.568 DBG Sending COMMIT. senderID=7 sn=11 view=0
12:25:02.570 INF Committed entry. latency=0 nReq=107 sn=9
12:25:02.570 INF Delivered batch. nReq=107 sn=9
12:25:02.570 INF Delivered batch. nReq=66 sn=10
12:25:02.570 DBG Starting timer. sn=15 view=0
12:25:02.571 INF Committed entry. latency=0 nReq=111 sn=11
12:25:02.571 INF Delivered batch. nReq=111 sn=11
12:25:02.571 DBG Starting timer. sn=17 view=0
12:25:03.568 INF Connection terminated. error="rpc error: code = Canceled desc = context canceled" address=127.0.0.1:42688
12:25:03.569 INF Finished sending bucket assignments to client. clId=0
12:25:03.981 INF Stopping profiler.
12:25:03.981 INF Stopping Tracer. events=144 fileName=experiment-output/0000/slave-001/peer.trc
==================
WARNING: DATA RACE
Read at 0x00c0008b8000 by goroutine 114:
  runtime.racereadrange()
      <autogenerated>:1 +0x1b
  github.com/hyperledger-labs/mirbft/tracing.(*BufferedTrace).StopOnSignal.func1()
      /opt/gopath/src/github.com/hyperledger-labs/mirbft/tracing/bufferedtrace.go:298 +0x4e

Previous write at 0x00c0008b8000 by goroutine 494:
  github.com/hyperledger-labs/mirbft/tracing.(*BufferedTrace).Event()
      /opt/gopath/src/github.com/hyperledger-labs/mirbft/tracing/bufferedtrace.go:105 +0x2d9
  github.com/hyperledger-labs/mirbft/manager.(*MirManager).handleLogEntries()
      /opt/gopath/src/github.com/hyperledger-labs/mirbft/manager/mirmanager.go:139 +0x1d8
  github.com/hyperledger-labs/mirbft/manager.(*MirManager).Start路dwrap路7()
      /opt/gopath/src/github.com/hyperledger-labs/mirbft/manager/mirmanager.go:101 +0x47

Goroutine 114 (running) created at:
  github.com/hyperledger-labs/mirbft/tracing.(*BufferedTrace).StopOnSignal()
      /opt/gopath/src/github.com/hyperledger-labs/mirbft/tracing/bufferedtrace.go:292 +0x172
  main.setUpTracing()
      /opt/gopath/src/github.com/hyperledger-labs/mirbft/cmd/orderingpeer/main.go:204 +0xf5
  main.main()
      /opt/gopath/src/github.com/hyperledger-labs/mirbft/cmd/orderingpeer/main.go:98 +0x9d6

Goroutine 494 (running) created at:
  github.com/hyperledger-labs/mirbft/manager.(*MirManager).Start()
      /opt/gopath/src/github.com/hyperledger-labs/mirbft/manager/mirmanager.go:101 +0x19e
  main.main路dwrap路4()
      /opt/gopath/src/github.com/hyperledger-labs/mirbft/cmd/orderingpeer/main.go:168 +0x59
==================
==================
WARNING: DATA RACE
Read at 0x00c0008b9658 by goroutine 114:
  runtime.racereadrange()
      <autogenerated>:1 +0x1b
  github.com/hyperledger-labs/mirbft/tracing.(*BufferedTrace).StopOnSignal.func1()
      /opt/gopath/src/github.com/hyperledger-labs/mirbft/tracing/bufferedtrace.go:298 +0x4e

Previous write at 0x00c0008b9658 by goroutine 113:
  github.com/hyperledger-labs/mirbft/tracing.(*BufferedTrace).Event()
      /opt/gopath/src/github.com/hyperledger-labs/mirbft/tracing/bufferedtrace.go:105 +0x2d9
  github.com/hyperledger-labs/mirbft/profiling.StartCPUTracing.func1()
      /opt/gopath/src/github.com/hyperledger-labs/mirbft/profiling/cpuusage.go:31 +0x95

Goroutine 114 (running) created at:
  github.com/hyperledger-labs/mirbft/tracing.(*BufferedTrace).StopOnSignal()
      /opt/gopath/src/github.com/hyperledger-labs/mirbft/tracing/bufferedtrace.go:292 +0x172
  main.setUpTracing()
      /opt/gopath/src/github.com/hyperledger-labs/mirbft/cmd/orderingpeer/main.go:204 +0xf5
  main.main()
      /opt/gopath/src/github.com/hyperledger-labs/mirbft/cmd/orderingpeer/main.go:98 +0x9d6

Goroutine 113 (running) created at:
  github.com/hyperledger-labs/mirbft/profiling.StartCPUTracing()
      /opt/gopath/src/github.com/hyperledger-labs/mirbft/profiling/cpuusage.go:28 +0xb6
  main.setUpTracing()
      /opt/gopath/src/github.com/hyperledger-labs/mirbft/cmd/orderingpeer/main.go:196 +0x85
  main.main()
      /opt/gopath/src/github.com/hyperledger-labs/mirbft/cmd/orderingpeer/main.go:98 +0x9d6
==================
12:25:03.984 INF Trace data written.
12:25:04.093 INF Profile data written. filename=experiment-output/0000/slave-001/prof.cpu name=cpu
12:25:04.162 INF Profile data written. filename=experiment-output/0000/slave-001/prof.block name=block
12:25:04.193 INF Profile data written. filename=experiment-output/0000/slave-001/prof.mutex name=mutex
