{"level":"debug","Logging":"debug","time":"2022-08-10T11:33:54+08:00","message":"Config"}
{"level":"debug","UseTLS":false,"time":"2022-08-10T11:33:54+08:00","message":"Config"}
{"level":"debug","CACertFile":"tls-data/ca.pem","time":"2022-08-10T11:33:54+08:00","message":"Config"}
{"level":"debug","KeyFile":"tls-data/auth.key","time":"2022-08-10T11:33:54+08:00","message":"Config"}
{"level":"debug","CertFile":"tls-data/auth.pem","time":"2022-08-10T11:33:54+08:00","message":"Config"}
{"level":"debug","PriorityConnections":2,"time":"2022-08-10T11:33:54+08:00","message":"Config"}
{"level":"debug","BasicConnections":4,"time":"2022-08-10T11:33:54+08:00","message":"Config"}
{"level":"debug","TestConnections":false,"time":"2022-08-10T11:33:54+08:00","message":"Config"}
{"level":"debug","ExcessConnections":1,"time":"2022-08-10T11:33:54+08:00","message":"Config"}
{"level":"debug","ConnectionTestMsgs":4,"time":"2022-08-10T11:33:54+08:00","message":"Config"}
{"level":"debug","ConnectionTestPayload":131072,"time":"2022-08-10T11:33:54+08:00","message":"Config"}
{"level":"debug","OutMessageBufsize":1024,"time":"2022-08-10T11:33:54+08:00","message":"Config"}
{"level":"debug","OutMessageBufsize":1,"time":"2022-08-10T11:33:54+08:00","message":"Config"}
{"level":"debug","ThroughputCap":131072000,"time":"2022-08-10T11:33:54+08:00","message":"Config"}
{"level":"debug","StragglerTolerance":1000,"time":"2022-08-10T11:33:54+08:00","message":"Config"}
{"level":"debug","BatchSizeIncrement":256,"time":"2022-08-10T11:33:54+08:00","message":"Config"}
{"level":"debug","Orderer":"Pbft","time":"2022-08-10T11:33:54+08:00","message":"Config"}
{"level":"debug","Manager":"Mir","time":"2022-08-10T11:33:54+08:00","message":"Config"}
{"level":"debug","Failures":0,"time":"2022-08-10T11:33:54+08:00","message":"Config"}
{"level":"debug","CrashTiming":"Straggler","time":"2022-08-10T11:33:54+08:00","message":"Config"}
{"level":"debug","CheckpointInterval":256,"time":"2022-08-10T11:33:54+08:00","message":"Config"}
{"level":"debug","WatermarkWindowSize":256,"time":"2022-08-10T11:33:54+08:00","message":"Config"}
{"level":"debug","EpochLength":256,"time":"2022-08-10T11:33:54+08:00","message":"Config"}
{"level":"debug","SegmentLength":256,"time":"2022-08-10T11:33:54+08:00","message":"Config"}
{"level":"debug","WaitForCheckpoints":true,"time":"2022-08-10T11:33:54+08:00","message":"Config"}
{"level":"debug","ClientWatermarkWindowSize":4194304,"time":"2022-08-10T11:33:54+08:00","message":"Config"}
{"level":"debug","ClientRequestBacklogSize":4194304,"time":"2022-08-10T11:33:54+08:00","message":"Config"}
{"level":"debug","RandomSeed":18921,"time":"2022-08-10T11:33:54+08:00","message":"Config"}
{"level":"debug","NodeToLeaderRatio":1,"time":"2022-08-10T11:33:54+08:00","message":"Config"}
{"level":"debug","LeaderPolicy":"Single","time":"2022-08-10T11:33:54+08:00","message":"Config"}
{"level":"debug","DefaultLeaderBan":2,"time":"2022-08-10T11:33:54+08:00","message":"Config"}
{"level":"debug","NumBuckets":16,"time":"2022-08-10T11:33:54+08:00","message":"Config"}
{"level":"debug","BatchSize":1000,"time":"2022-08-10T11:33:54+08:00","message":"Config"}
{"level":"debug","DisabledViewChange":false,"time":"2022-08-10T11:33:54+08:00","message":"Config"}
{"level":"debug","ViewChangeTimeout":60000,"time":"2022-08-10T11:33:54+08:00","message":"Config"}
{"level":"debug","ClientTraceSampling":10,"time":"2022-08-10T11:33:54+08:00","message":"Config"}
{"level":"debug","EventBufferSize":2097152,"time":"2022-08-10T11:33:54+08:00","message":"Config"}
{"level":"debug","TraceSampling":1,"time":"2022-08-10T11:33:54+08:00","message":"Config"}
{"level":"debug","ClientsPerProcess":1,"time":"2022-08-10T11:33:54+08:00","message":"Config"}
{"level":"debug","RequestsPerClient":15360,"time":"2022-08-10T11:33:54+08:00","message":"Config"}
{"level":"debug","ClientRunTime":30000,"time":"2022-08-10T11:33:54+08:00","message":"Config"}
{"level":"debug","RequestRate":256,"time":"2022-08-10T11:33:54+08:00","message":"Config"}
{"level":"debug","HardRequestRateLimit":false,"time":"2022-08-10T11:33:54+08:00","message":"Config"}
{"level":"debug","RequestPayloadSize":500,"time":"2022-08-10T11:33:54+08:00","message":"Config"}
{"level":"debug","SignRequests":true,"time":"2022-08-10T11:33:54+08:00","message":"Config"}
{"level":"debug","ClientPrivKeyFile":"tls-data/client-ecdsa-256.key","time":"2022-08-10T11:33:54+08:00","message":"Config"}
{"level":"debug","ClientPubKeyFile":"tls-data/client-ecdsa-256.pem","time":"2022-08-10T11:33:54+08:00","message":"Config"}
{"level":"debug","PrecomputeRequests":false,"time":"2022-08-10T11:33:54+08:00","message":"Config"}
{"level":"debug","RequestHandlerThreads":32,"time":"2022-08-10T11:33:54+08:00","message":"Config"}
{"level":"debug","RequestInputChannelBuffer":8192,"time":"2022-08-10T11:33:54+08:00","message":"Config"}
{"level":"debug","BatchVerifier":"external","time":"2022-08-10T11:33:54+08:00","message":"Config"}
03:33:54.542 INF Registered with discovery server. numPeers=4 ownID=3
03:33:54.543 INF Profiling enabled.
03:33:54.543 INF Setting up profiling.
03:33:54.543 INF Started Profiler: CPU
03:33:54.543 INF Started Profiler: BLOCK
03:33:54.543 INF Started Profiler: MUTEX
03:33:54.543 INF Profiler will stop on signal. exit=true
03:33:54.545 INF Tracing will stop on signal. exit=false
03:33:54.545 INF Started tracing. traceFile=experiment-output/0003/slave-003/peer.trc
03:33:54.546 DBG Starting backlog.
03:33:54.546 INF Listening for connections. port=10033 useTLS=false
03:33:54.546 INF Connecting to peer. addr=127.0.0.1:10033 basicConns=4 priorityConns=2
03:33:54.546 INF Connecting to peer. addr=127.0.0.1:10000 basicConns=4 priorityConns=2
03:33:54.547 INF Connecting to peer. addr=127.0.0.1:10011 basicConns=4 priorityConns=2
03:33:54.547 INF Connecting to peer. addr=127.0.0.1:10022 basicConns=4 priorityConns=2
03:33:54.560 INF Incoming connection for protocol messages. addr=127.0.0.1:58126
03:33:54.561 INF Incoming connection for protocol messages. addr=127.0.0.1:58128
03:33:54.563 INF Incoming connection for protocol messages. addr=127.0.0.1:58140
03:33:54.563 INF Incoming connection for protocol messages. addr=127.0.0.1:58136
03:33:54.563 INF Incoming connection for protocol messages. addr=127.0.0.1:58162
03:33:54.563 INF Incoming connection for protocol messages. addr=127.0.0.1:58168
03:33:54.564 DBG Connected. peerID=3
03:33:54.607 INF Incoming connection for protocol messages. addr=127.0.0.1:58180
03:33:54.612 INF Incoming connection for protocol messages. addr=127.0.0.1:58198
03:33:54.614 INF Incoming connection for protocol messages. addr=127.0.0.1:58196
03:33:54.616 INF Incoming connection for protocol messages. addr=127.0.0.1:58214
03:33:54.617 INF Incoming connection for protocol messages. addr=127.0.0.1:58192
03:33:54.617 INF Incoming connection for protocol messages. addr=127.0.0.1:58200
03:33:54.618 INF Incoming connection for protocol messages. addr=127.0.0.1:58280
03:33:54.619 INF Incoming connection for protocol messages. addr=127.0.0.1:58218
03:33:54.619 INF Incoming connection for protocol messages. addr=127.0.0.1:58274
03:33:54.621 INF Incoming connection for protocol messages. addr=127.0.0.1:58276
03:33:54.621 INF Incoming connection for protocol messages. addr=127.0.0.1:58288
03:33:54.624 INF Incoming connection for protocol messages. addr=127.0.0.1:58264
03:33:54.624 INF Incoming connection for protocol messages. addr=127.0.0.1:58310
03:33:54.625 INF Incoming connection for protocol messages. addr=127.0.0.1:58316
03:33:54.625 INF Incoming connection for protocol messages. addr=127.0.0.1:58226
03:33:54.625 INF Incoming connection for protocol messages. addr=127.0.0.1:58206
03:33:54.626 INF Incoming connection for protocol messages. addr=127.0.0.1:58308
03:33:54.626 INF Incoming connection for protocol messages. addr=127.0.0.1:58236
03:33:55.566 DBG Connected. peerID=1
03:33:55.566 DBG Connected. peerID=2
03:33:55.566 INF Connected to all peers.
03:33:55.566 DBG Connected. peerID=0
03:33:55.569 INF All peers finished connecting. Starting ISS.
03:33:55.570 DBG Buckets for 0-th leader 0: [0 4 8 12 1 5 9 13 2 6 10 14 3 7 11 15]
03:33:55.570 INF PbftOrderer received a new segment: [0 1 2 3 4 5 6 7 8 9 10 11 12 13 14 15 16 17 18 19 20 21 22 23 24 25 26 27 28 29 30 31 32 33 34 35 36 37 38 39 40 41 42 43 44 45 46 47 48 49 50 51 52 53 54 55 56 57 58 59 60 61 62 63 64 65 66 67 68 69 70 71 72 73 74 75 76 77 78 79 80 81 82 83 84 85 86 87 88 89 90 91 92 93 94 95 96 97 98 99 100 101 102 103 104 105 106 107 108 109 110 111 112 113 114 115 116 117 118 119 120 121 122 123 124 125 126 127 128 129 130 131 132 133 134 135 136 137 138 139 140 141 142 143 144 145 146 147 148 149 150 151 152 153 154 155 156 157 158 159 160 161 162 163 164 165 166 167 168 169 170 171 172 173 174 175 176 177 178 179 180 181 182 183 184 185 186 187 188 189 190 191 192 193 194 195 196 197 198 199 200 201 202 203 204 205 206 207 208 209 210 211 212 213 214 215 216 217 218 219 220 221 222 223 224 225 226 227 228 229 230 231 232 233 234 235 236 237 238 239 240 241 242 243 244 245 246 247 248 249 250 251 252 253 254 255] first leader=0 firstSN=0 lastSN=255 len=256 length=256 segId=0
03:33:55.571 INF Starting new view. segID=0 timeout=60000 view=0
03:33:55.571 DBG Starting timer. sn=0 view=0
03:33:55.572 INF Starting PBFT instance. first=0 last=255 segID=0
03:33:55.572 DBG Subscribing to backlog. segID=0
03:33:55.572 INF Starting serialized message processing. segID=0
03:33:56.579 INF Handling PREPREPARE. nReq=0 senderID=0 sn=0
03:33:56.580 DBG Creating new Batch. nReq=0
03:33:56.580 DBG Sending PREPARE. senderID=3 sn=0 view=0
03:33:56.581 DBG Sending COMMIT. senderID=3 sn=0 view=0
03:33:56.583 INF Committed entry. latency=0 nReq=0 sn=0
03:33:56.583 INF Delivered batch. nReq=0 sn=0
03:33:56.583 DBG Starting timer. sn=1 view=0
03:33:57.577 INF Handling PREPREPARE. nReq=0 senderID=0 sn=1
03:33:57.577 DBG Creating new Batch. nReq=0
03:33:57.577 DBG Sending PREPARE. senderID=3 sn=1 view=0
03:33:57.578 DBG Sending COMMIT. senderID=3 sn=1 view=0
03:33:57.579 INF Committed entry. latency=0 nReq=0 sn=1
03:33:57.579 INF Delivered batch. nReq=0 sn=1
03:33:57.580 DBG Starting timer. sn=2 view=0
03:33:57.606 INF Incoming connection for requests. addr=127.0.0.1:58368
03:33:58.610 INF Handling PREPREPARE. nReq=244 senderID=0 sn=2
03:33:58.610 DBG Creating new Batch. nReq=244
03:33:58.642 DBG Sending PREPARE. senderID=3 sn=2 view=0
03:33:58.642 DBG Sending COMMIT. senderID=3 sn=2 view=0
03:33:58.645 INF Committed entry. latency=0 nReq=244 sn=2
03:33:58.645 INF Delivered batch. nReq=244 sn=2
03:33:58.645 DBG Starting timer. sn=3 view=0
03:33:59.607 INF Handling PREPREPARE. nReq=256 senderID=0 sn=3
03:33:59.607 DBG Creating new Batch. nReq=256
03:33:59.630 DBG Sending PREPARE. senderID=3 sn=3 view=0
03:33:59.630 DBG Sending COMMIT. senderID=3 sn=3 view=0
03:33:59.632 INF Committed entry. latency=0 nReq=256 sn=3
03:33:59.632 INF Delivered batch. nReq=256 sn=3
03:33:59.632 DBG Starting timer. sn=4 view=0
03:34:00.609 INF Handling PREPREPARE. nReq=256 senderID=0 sn=4
03:34:00.609 DBG Creating new Batch. nReq=256
03:34:00.632 DBG Sending PREPARE. senderID=3 sn=4 view=0
03:34:00.635 DBG Sending COMMIT. senderID=3 sn=4 view=0
03:34:00.636 INF Committed entry. latency=0 nReq=256 sn=4
03:34:00.636 INF Delivered batch. nReq=256 sn=4
03:34:00.636 DBG Starting timer. sn=5 view=0
03:34:01.613 INF Handling PREPREPARE. nReq=257 senderID=0 sn=5
03:34:01.614 DBG Creating new Batch. nReq=257
03:34:01.637 DBG Sending PREPARE. senderID=3 sn=5 view=0
03:34:01.637 DBG Sending COMMIT. senderID=3 sn=5 view=0
03:34:01.638 INF Committed entry. latency=0 nReq=257 sn=5
03:34:01.639 INF Delivered batch. nReq=257 sn=5
03:34:01.639 DBG Starting timer. sn=6 view=0
03:34:02.616 INF Handling PREPREPARE. nReq=257 senderID=0 sn=6
03:34:02.616 DBG Creating new Batch. nReq=257
03:34:02.639 DBG Sending PREPARE. senderID=3 sn=6 view=0
03:34:02.639 DBG Sending COMMIT. senderID=3 sn=6 view=0
03:34:02.641 INF Committed entry. latency=0 nReq=257 sn=6
03:34:02.641 INF Delivered batch. nReq=257 sn=6
03:34:02.641 DBG Starting timer. sn=7 view=0
03:34:03.615 INF Handling PREPREPARE. nReq=256 senderID=0 sn=7
03:34:03.615 DBG Creating new Batch. nReq=256
03:34:03.636 DBG Sending PREPARE. senderID=3 sn=7 view=0
03:34:03.639 DBG Sending COMMIT. senderID=3 sn=7 view=0
03:34:03.641 INF Committed entry. latency=0 nReq=256 sn=7
03:34:03.641 INF Delivered batch. nReq=256 sn=7
03:34:03.642 DBG Starting timer. sn=8 view=0
03:34:04.617 INF Handling PREPREPARE. nReq=257 senderID=0 sn=8
03:34:04.618 DBG Creating new Batch. nReq=257
03:34:04.640 DBG Sending PREPARE. senderID=3 sn=8 view=0
03:34:04.641 DBG Sending COMMIT. senderID=3 sn=8 view=0
03:34:04.644 INF Committed entry. latency=0 nReq=257 sn=8
03:34:04.644 INF Delivered batch. nReq=257 sn=8
03:34:04.644 DBG Starting timer. sn=9 view=0
03:34:05.621 INF Handling PREPREPARE. nReq=256 senderID=0 sn=9
03:34:05.621 DBG Creating new Batch. nReq=256
03:34:05.644 DBG Sending PREPARE. senderID=3 sn=9 view=0
03:34:05.644 DBG Sending COMMIT. senderID=3 sn=9 view=0
03:34:05.645 INF Committed entry. latency=0 nReq=256 sn=9
03:34:05.645 INF Delivered batch. nReq=256 sn=9
03:34:05.645 DBG Starting timer. sn=10 view=0
03:34:06.620 INF Handling PREPREPARE. nReq=256 senderID=0 sn=10
03:34:06.620 DBG Creating new Batch. nReq=256
03:34:06.644 DBG Sending PREPARE. senderID=3 sn=10 view=0
03:34:06.644 DBG Sending COMMIT. senderID=3 sn=10 view=0
03:34:06.646 INF Committed entry. latency=0 nReq=256 sn=10
03:34:06.646 INF Delivered batch. nReq=256 sn=10
03:34:06.646 DBG Starting timer. sn=11 view=0
03:34:07.625 INF Handling PREPREPARE. nReq=257 senderID=0 sn=11
03:34:07.625 DBG Creating new Batch. nReq=257
03:34:07.647 DBG Sending PREPARE. senderID=3 sn=11 view=0
03:34:07.647 DBG Sending COMMIT. senderID=3 sn=11 view=0
03:34:07.651 INF Committed entry. latency=0 nReq=257 sn=11
03:34:07.651 INF Delivered batch. nReq=257 sn=11
03:34:07.651 DBG Starting timer. sn=12 view=0
03:34:08.625 INF Handling PREPREPARE. nReq=257 senderID=0 sn=12
03:34:08.625 DBG Creating new Batch. nReq=257
03:34:08.647 DBG Sending PREPARE. senderID=3 sn=12 view=0
03:34:08.648 DBG Sending COMMIT. senderID=3 sn=12 view=0
03:34:08.650 INF Committed entry. latency=0 nReq=257 sn=12
03:34:08.651 INF Delivered batch. nReq=257 sn=12
03:34:08.651 DBG Starting timer. sn=13 view=0
03:34:09.627 INF Handling PREPREPARE. nReq=256 senderID=0 sn=13
03:34:09.628 DBG Creating new Batch. nReq=256
03:34:09.651 DBG Sending PREPARE. senderID=3 sn=13 view=0
03:34:09.651 DBG Sending COMMIT. senderID=3 sn=13 view=0
03:34:09.654 INF Committed entry. latency=0 nReq=256 sn=13
03:34:09.654 INF Delivered batch. nReq=256 sn=13
03:34:09.654 DBG Starting timer. sn=14 view=0
03:34:10.629 INF Handling PREPREPARE. nReq=257 senderID=0 sn=14
03:34:10.629 DBG Creating new Batch. nReq=257
03:34:10.652 DBG Sending PREPARE. senderID=3 sn=14 view=0
03:34:10.653 DBG Sending COMMIT. senderID=3 sn=14 view=0
03:34:10.655 INF Committed entry. latency=0 nReq=257 sn=14
03:34:10.655 INF Delivered batch. nReq=257 sn=14
03:34:10.656 DBG Starting timer. sn=15 view=0
03:34:11.631 INF Handling PREPREPARE. nReq=256 senderID=0 sn=15
03:34:11.631 DBG Creating new Batch. nReq=256
03:34:11.654 DBG Sending PREPARE. senderID=3 sn=15 view=0
03:34:11.655 DBG Sending COMMIT. senderID=3 sn=15 view=0
03:34:11.657 INF Committed entry. latency=0 nReq=256 sn=15
03:34:11.657 INF Delivered batch. nReq=256 sn=15
03:34:11.657 DBG Starting timer. sn=16 view=0
03:34:12.631 INF Handling PREPREPARE. nReq=257 senderID=0 sn=16
03:34:12.632 DBG Creating new Batch. nReq=257
03:34:12.655 DBG Sending PREPARE. senderID=3 sn=16 view=0
03:34:12.657 DBG Sending COMMIT. senderID=3 sn=16 view=0
03:34:12.660 INF Committed entry. latency=0 nReq=257 sn=16
03:34:12.660 INF Delivered batch. nReq=257 sn=16
03:34:12.660 DBG Starting timer. sn=17 view=0
03:34:13.634 INF Handling PREPREPARE. nReq=256 senderID=0 sn=17
03:34:13.634 DBG Creating new Batch. nReq=256
03:34:13.656 DBG Sending PREPARE. senderID=3 sn=17 view=0
03:34:13.659 DBG Sending COMMIT. senderID=3 sn=17 view=0
03:34:13.660 INF Committed entry. latency=0 nReq=256 sn=17
03:34:13.660 INF Delivered batch. nReq=256 sn=17
03:34:13.661 DBG Starting timer. sn=18 view=0
03:34:14.636 INF Handling PREPREPARE. nReq=256 senderID=0 sn=18
03:34:14.636 DBG Creating new Batch. nReq=256
03:34:14.660 DBG Sending PREPARE. senderID=3 sn=18 view=0
03:34:14.660 DBG Sending COMMIT. senderID=3 sn=18 view=0
03:34:14.661 INF Committed entry. latency=0 nReq=256 sn=18
03:34:14.662 INF Delivered batch. nReq=256 sn=18
03:34:14.662 DBG Starting timer. sn=19 view=0
03:34:15.636 INF Handling PREPREPARE. nReq=257 senderID=0 sn=19
03:34:15.636 DBG Creating new Batch. nReq=257
03:34:15.658 DBG Sending PREPARE. senderID=3 sn=19 view=0
03:34:15.661 DBG Sending COMMIT. senderID=3 sn=19 view=0
03:34:15.662 INF Committed entry. latency=0 nReq=257 sn=19
03:34:15.662 INF Delivered batch. nReq=257 sn=19
03:34:15.662 DBG Starting timer. sn=20 view=0
03:34:16.638 INF Handling PREPREPARE. nReq=256 senderID=0 sn=20
03:34:16.638 DBG Creating new Batch. nReq=256
03:34:16.661 DBG Sending PREPARE. senderID=3 sn=20 view=0
03:34:16.664 DBG Sending COMMIT. senderID=3 sn=20 view=0
03:34:16.666 INF Committed entry. latency=0 nReq=256 sn=20
03:34:16.667 INF Delivered batch. nReq=256 sn=20
03:34:16.667 DBG Starting timer. sn=21 view=0
03:34:17.641 INF Handling PREPREPARE. nReq=257 senderID=0 sn=21
03:34:17.641 DBG Creating new Batch. nReq=257
03:34:17.665 DBG Sending PREPARE. senderID=3 sn=21 view=0
03:34:17.726 DBG Sending COMMIT. senderID=3 sn=21 view=0
03:34:17.728 INF Committed entry. latency=0 nReq=257 sn=21
03:34:17.728 INF Delivered batch. nReq=257 sn=21
03:34:17.728 DBG Starting timer. sn=22 view=0
03:34:18.641 INF Handling PREPREPARE. nReq=256 senderID=0 sn=22
03:34:18.642 DBG Creating new Batch. nReq=256
03:34:18.665 DBG Sending PREPARE. senderID=3 sn=22 view=0
03:34:18.666 DBG Sending COMMIT. senderID=3 sn=22 view=0
03:34:18.668 INF Committed entry. latency=0 nReq=256 sn=22
03:34:18.668 INF Delivered batch. nReq=256 sn=22
03:34:18.669 DBG Starting timer. sn=23 view=0
03:34:19.645 INF Handling PREPREPARE. nReq=257 senderID=0 sn=23
03:34:19.646 DBG Creating new Batch. nReq=257
03:34:19.668 DBG Sending PREPARE. senderID=3 sn=23 view=0
03:34:19.669 DBG Sending COMMIT. senderID=3 sn=23 view=0
03:34:19.672 INF Committed entry. latency=0 nReq=257 sn=23
03:34:19.672 INF Delivered batch. nReq=257 sn=23
03:34:19.672 DBG Starting timer. sn=24 view=0
03:34:20.645 INF Handling PREPREPARE. nReq=256 senderID=0 sn=24
03:34:20.645 DBG Creating new Batch. nReq=256
03:34:20.668 DBG Sending PREPARE. senderID=3 sn=24 view=0
03:34:20.668 DBG Sending COMMIT. senderID=3 sn=24 view=0
03:34:20.707 INF Committed entry. latency=0 nReq=256 sn=24
03:34:20.718 INF Delivered batch. nReq=256 sn=24
03:34:20.718 DBG Starting timer. sn=25 view=0
03:34:21.647 INF Handling PREPREPARE. nReq=257 senderID=0 sn=25
03:34:21.647 DBG Creating new Batch. nReq=257
03:34:21.671 DBG Sending PREPARE. senderID=3 sn=25 view=0
03:34:21.671 DBG Sending COMMIT. senderID=3 sn=25 view=0
03:34:21.674 INF Committed entry. latency=0 nReq=257 sn=25
03:34:21.674 INF Delivered batch. nReq=257 sn=25
03:34:21.674 DBG Starting timer. sn=26 view=0
03:34:22.648 INF Handling PREPREPARE. nReq=256 senderID=0 sn=26
03:34:22.649 DBG Creating new Batch. nReq=256
03:34:22.671 DBG Sending PREPARE. senderID=3 sn=26 view=0
03:34:22.673 DBG Sending COMMIT. senderID=3 sn=26 view=0
03:34:22.675 INF Committed entry. latency=0 nReq=256 sn=26
03:34:22.675 INF Delivered batch. nReq=256 sn=26
03:34:22.676 DBG Starting timer. sn=27 view=0
03:34:23.651 INF Handling PREPREPARE. nReq=257 senderID=0 sn=27
03:34:23.651 DBG Creating new Batch. nReq=257
03:34:23.674 DBG Sending PREPARE. senderID=3 sn=27 view=0
03:34:23.675 DBG Sending COMMIT. senderID=3 sn=27 view=0
03:34:23.678 INF Committed entry. latency=0 nReq=257 sn=27
03:34:23.678 INF Delivered batch. nReq=257 sn=27
03:34:23.678 DBG Starting timer. sn=28 view=0
03:34:24.653 INF Handling PREPREPARE. nReq=256 senderID=0 sn=28
03:34:24.653 DBG Creating new Batch. nReq=256
03:34:24.678 DBG Sending PREPARE. senderID=3 sn=28 view=0
03:34:24.678 DBG Sending COMMIT. senderID=3 sn=28 view=0
03:34:24.681 INF Committed entry. latency=0 nReq=256 sn=28
03:34:24.682 INF Delivered batch. nReq=256 sn=28
03:34:24.682 DBG Starting timer. sn=29 view=0
03:34:25.654 INF Handling PREPREPARE. nReq=256 senderID=0 sn=29
03:34:25.654 DBG Creating new Batch. nReq=256
03:34:25.676 DBG Sending PREPARE. senderID=3 sn=29 view=0
03:34:25.677 DBG Sending COMMIT. senderID=3 sn=29 view=0
03:34:25.679 INF Committed entry. latency=0 nReq=256 sn=29
03:34:25.680 INF Delivered batch. nReq=256 sn=29
03:34:25.680 DBG Starting timer. sn=30 view=0
03:34:26.656 INF Handling PREPREPARE. nReq=257 senderID=0 sn=30
03:34:26.656 DBG Creating new Batch. nReq=257
03:34:26.680 DBG Sending PREPARE. senderID=3 sn=30 view=0
03:34:26.680 DBG Sending COMMIT. senderID=3 sn=30 view=0
03:34:26.683 INF Committed entry. latency=0 nReq=257 sn=30
03:34:26.683 INF Delivered batch. nReq=257 sn=30
03:34:26.683 DBG Starting timer. sn=31 view=0
03:34:27.659 INF Handling PREPREPARE. nReq=256 senderID=0 sn=31
03:34:27.659 DBG Creating new Batch. nReq=256
03:34:27.681 DBG Sending PREPARE. senderID=3 sn=31 view=0
03:34:27.683 DBG Sending COMMIT. senderID=3 sn=31 view=0
03:34:27.684 INF Committed entry. latency=0 nReq=256 sn=31
03:34:27.684 INF Delivered batch. nReq=256 sn=31
03:34:27.684 DBG Starting timer. sn=32 view=0
03:34:28.633 INF Handling PREPREPARE. nReq=1 senderID=0 sn=32
03:34:28.633 DBG Creating new Batch. nReq=1
03:34:28.634 DBG Sending PREPARE. senderID=3 sn=32 view=0
03:34:28.635 DBG Sending COMMIT. senderID=3 sn=32 view=0
03:34:28.636 INF Committed entry. latency=0 nReq=1 sn=32
03:34:28.636 INF Delivered batch. nReq=1 sn=32
03:34:28.636 DBG Starting timer. sn=33 view=0
03:34:29.632 INF Connection terminated. error="rpc error: code = Canceled desc = context canceled" address=127.0.0.1:58368
03:34:29.632 INF Finished sending bucket assignments to client. clId=0
03:34:29.634 INF Handling PREPREPARE. nReq=0 senderID=0 sn=33
03:34:29.634 DBG Creating new Batch. nReq=0
03:34:29.634 DBG Sending PREPARE. senderID=3 sn=33 view=0
03:34:29.635 DBG Sending COMMIT. senderID=3 sn=33 view=0
03:34:29.637 INF Committed entry. latency=0 nReq=0 sn=33
03:34:29.637 INF Delivered batch. nReq=0 sn=33
03:34:29.637 DBG Starting timer. sn=34 view=0
03:34:30.011 INF Stopping profiler.
03:34:30.011 INF Stopping Tracer. events=108 fileName=experiment-output/0003/slave-003/peer.trc
==================
WARNING: DATA RACE
Read at 0x00c0009b2050 by goroutine 115:
  runtime.racereadrange()
      <autogenerated>:1 +0x1b
  github.com/hyperledger-labs/mirbft/tracing.(*BufferedTrace).StopOnSignal.func1()
      /opt/gopath/src/github.com/hyperledger-labs/mirbft/tracing/bufferedtrace.go:298 +0x4e

Previous write at 0x00c0009b2050 by goroutine 418:
  github.com/hyperledger-labs/mirbft/tracing.(*BufferedTrace).Event()
      /opt/gopath/src/github.com/hyperledger-labs/mirbft/tracing/bufferedtrace.go:105 +0x2d9
  github.com/hyperledger-labs/mirbft/manager.(*MirManager).handleLogEntries()
      /opt/gopath/src/github.com/hyperledger-labs/mirbft/manager/mirmanager.go:139 +0x1d8
  github.com/hyperledger-labs/mirbft/manager.(*MirManager).Start路dwrap路7()
      /opt/gopath/src/github.com/hyperledger-labs/mirbft/manager/mirmanager.go:101 +0x47

Goroutine 115 (running) created at:
  github.com/hyperledger-labs/mirbft/tracing.(*BufferedTrace).StopOnSignal()
      /opt/gopath/src/github.com/hyperledger-labs/mirbft/tracing/bufferedtrace.go:292 +0x172
  main.setUpTracing()
      /opt/gopath/src/github.com/hyperledger-labs/mirbft/cmd/orderingpeer/main.go:204 +0xf5
  main.main()
      /opt/gopath/src/github.com/hyperledger-labs/mirbft/cmd/orderingpeer/main.go:98 +0x9d6

Goroutine 418 (running) created at:
  github.com/hyperledger-labs/mirbft/manager.(*MirManager).Start()
      /opt/gopath/src/github.com/hyperledger-labs/mirbft/manager/mirmanager.go:101 +0x19e
  main.main路dwrap路4()
      /opt/gopath/src/github.com/hyperledger-labs/mirbft/cmd/orderingpeer/main.go:168 +0x59
==================
==================
WARNING: DATA RACE
Read at 0x00c0009b30b8 by goroutine 115:
  runtime.racereadrange()
      <autogenerated>:1 +0x1b
  github.com/hyperledger-labs/mirbft/tracing.(*BufferedTrace).StopOnSignal.func1()
      /opt/gopath/src/github.com/hyperledger-labs/mirbft/tracing/bufferedtrace.go:298 +0x4e

Previous write at 0x00c0009b30b8 by goroutine 114:
  github.com/hyperledger-labs/mirbft/tracing.(*BufferedTrace).Event()
      /opt/gopath/src/github.com/hyperledger-labs/mirbft/tracing/bufferedtrace.go:105 +0x2d9
  github.com/hyperledger-labs/mirbft/profiling.StartCPUTracing.func1()
      /opt/gopath/src/github.com/hyperledger-labs/mirbft/profiling/cpuusage.go:31 +0x95

Goroutine 115 (running) created at:
  github.com/hyperledger-labs/mirbft/tracing.(*BufferedTrace).StopOnSignal()
      /opt/gopath/src/github.com/hyperledger-labs/mirbft/tracing/bufferedtrace.go:292 +0x172
  main.setUpTracing()
      /opt/gopath/src/github.com/hyperledger-labs/mirbft/cmd/orderingpeer/main.go:204 +0xf5
  main.main()
      /opt/gopath/src/github.com/hyperledger-labs/mirbft/cmd/orderingpeer/main.go:98 +0x9d6

Goroutine 114 (running) created at:
  github.com/hyperledger-labs/mirbft/profiling.StartCPUTracing()
      /opt/gopath/src/github.com/hyperledger-labs/mirbft/profiling/cpuusage.go:28 +0xb6
  main.setUpTracing()
      /opt/gopath/src/github.com/hyperledger-labs/mirbft/cmd/orderingpeer/main.go:196 +0x85
  main.main()
      /opt/gopath/src/github.com/hyperledger-labs/mirbft/cmd/orderingpeer/main.go:98 +0x9d6
==================
03:34:30.013 INF Trace data written.
03:34:30.083 INF Profile data written. filename=experiment-output/0003/slave-003/prof.block name=block
03:34:30.108 INF Profile data written. filename=experiment-output/0003/slave-003/prof.mutex name=mutex
03:34:30.199 INF Connection terminated. error="rpc error: code = Canceled desc = context canceled" address=127.0.0.1:58274
03:34:30.199 INF Connection terminated. error="rpc error: code = Canceled desc = context canceled" address=127.0.0.1:58310
03:34:30.199 INF Connection terminated. error="rpc error: code = Canceled desc = context canceled" address=127.0.0.1:58276
03:34:30.199 INF Connection terminated. error="rpc error: code = Canceled desc = context canceled" address=127.0.0.1:58206
03:34:30.199 INF Connection terminated. error="rpc error: code = Canceled desc = context canceled" address=127.0.0.1:58236
03:34:30.199 INF Connection terminated. error="rpc error: code = Canceled desc = context canceled" address=127.0.0.1:58316
03:34:30.205 INF Connection terminated. error="rpc error: code = Canceled desc = context canceled" address=127.0.0.1:58280
03:34:30.205 INF Connection terminated. error="rpc error: code = Canceled desc = context canceled" address=127.0.0.1:58214
03:34:30.205 INF Connection terminated. error="rpc error: code = Canceled desc = context canceled" address=127.0.0.1:58198
03:34:30.205 INF Connection terminated. error="rpc error: code = Canceled desc = context canceled" address=127.0.0.1:58196
03:34:30.205 INF Connection terminated. error="rpc error: code = Canceled desc = context canceled" address=127.0.0.1:58192
03:34:30.205 INF Connection terminated. error="rpc error: code = Canceled desc = context canceled" address=127.0.0.1:58180
03:34:30.244 INF Profile data written. filename=experiment-output/0003/slave-003/prof.cpu name=cpu
