{"level":"debug","Logging":"debug","time":"2022-08-10T11:10:43+08:00","message":"Config"}
{"level":"debug","UseTLS":false,"time":"2022-08-10T11:10:43+08:00","message":"Config"}
{"level":"debug","CACertFile":"tls-data/ca.pem","time":"2022-08-10T11:10:43+08:00","message":"Config"}
{"level":"debug","KeyFile":"tls-data/auth.key","time":"2022-08-10T11:10:43+08:00","message":"Config"}
{"level":"debug","CertFile":"tls-data/auth.pem","time":"2022-08-10T11:10:43+08:00","message":"Config"}
{"level":"debug","PriorityConnections":2,"time":"2022-08-10T11:10:43+08:00","message":"Config"}
{"level":"debug","BasicConnections":4,"time":"2022-08-10T11:10:43+08:00","message":"Config"}
{"level":"debug","TestConnections":false,"time":"2022-08-10T11:10:43+08:00","message":"Config"}
{"level":"debug","ExcessConnections":1,"time":"2022-08-10T11:10:43+08:00","message":"Config"}
{"level":"debug","ConnectionTestMsgs":4,"time":"2022-08-10T11:10:43+08:00","message":"Config"}
{"level":"debug","ConnectionTestPayload":131072,"time":"2022-08-10T11:10:43+08:00","message":"Config"}
{"level":"debug","OutMessageBufsize":1024,"time":"2022-08-10T11:10:43+08:00","message":"Config"}
{"level":"debug","OutMessageBufsize":1,"time":"2022-08-10T11:10:43+08:00","message":"Config"}
{"level":"debug","ThroughputCap":131072000,"time":"2022-08-10T11:10:43+08:00","message":"Config"}
{"level":"debug","StragglerTolerance":1000,"time":"2022-08-10T11:10:43+08:00","message":"Config"}
{"level":"debug","BatchSizeIncrement":256,"time":"2022-08-10T11:10:43+08:00","message":"Config"}
{"level":"debug","Orderer":"Pbft","time":"2022-08-10T11:10:43+08:00","message":"Config"}
{"level":"debug","Manager":"Mir","time":"2022-08-10T11:10:43+08:00","message":"Config"}
{"level":"debug","Failures":0,"time":"2022-08-10T11:10:43+08:00","message":"Config"}
{"level":"debug","CrashTiming":"EpochStart","time":"2022-08-10T11:10:43+08:00","message":"Config"}
{"level":"debug","CheckpointInterval":256,"time":"2022-08-10T11:10:43+08:00","message":"Config"}
{"level":"debug","WatermarkWindowSize":256,"time":"2022-08-10T11:10:43+08:00","message":"Config"}
{"level":"debug","EpochLength":256,"time":"2022-08-10T11:10:43+08:00","message":"Config"}
{"level":"debug","SegmentLength":256,"time":"2022-08-10T11:10:43+08:00","message":"Config"}
{"level":"debug","WaitForCheckpoints":true,"time":"2022-08-10T11:10:43+08:00","message":"Config"}
{"level":"debug","ClientWatermarkWindowSize":4194304,"time":"2022-08-10T11:10:43+08:00","message":"Config"}
{"level":"debug","ClientRequestBacklogSize":4194304,"time":"2022-08-10T11:10:43+08:00","message":"Config"}
{"level":"debug","RandomSeed":17083,"time":"2022-08-10T11:10:43+08:00","message":"Config"}
{"level":"debug","NodeToLeaderRatio":1,"time":"2022-08-10T11:10:43+08:00","message":"Config"}
{"level":"debug","LeaderPolicy":"Single","time":"2022-08-10T11:10:43+08:00","message":"Config"}
{"level":"debug","DefaultLeaderBan":2,"time":"2022-08-10T11:10:43+08:00","message":"Config"}
{"level":"debug","NumBuckets":16,"time":"2022-08-10T11:10:43+08:00","message":"Config"}
{"level":"debug","BatchSize":1000,"time":"2022-08-10T11:10:43+08:00","message":"Config"}
{"level":"debug","DisabledViewChange":false,"time":"2022-08-10T11:10:43+08:00","message":"Config"}
{"level":"debug","ViewChangeTimeout":60000,"time":"2022-08-10T11:10:43+08:00","message":"Config"}
{"level":"debug","ClientTraceSampling":10,"time":"2022-08-10T11:10:43+08:00","message":"Config"}
{"level":"debug","EventBufferSize":2097152,"time":"2022-08-10T11:10:43+08:00","message":"Config"}
{"level":"debug","TraceSampling":1,"time":"2022-08-10T11:10:43+08:00","message":"Config"}
{"level":"debug","ClientsPerProcess":1,"time":"2022-08-10T11:10:43+08:00","message":"Config"}
{"level":"debug","RequestsPerClient":7680,"time":"2022-08-10T11:10:43+08:00","message":"Config"}
{"level":"debug","ClientRunTime":30000,"time":"2022-08-10T11:10:43+08:00","message":"Config"}
{"level":"debug","RequestRate":128,"time":"2022-08-10T11:10:43+08:00","message":"Config"}
{"level":"debug","HardRequestRateLimit":false,"time":"2022-08-10T11:10:43+08:00","message":"Config"}
{"level":"debug","RequestPayloadSize":500,"time":"2022-08-10T11:10:43+08:00","message":"Config"}
{"level":"debug","SignRequests":true,"time":"2022-08-10T11:10:43+08:00","message":"Config"}
{"level":"debug","ClientPrivKeyFile":"tls-data/client-ecdsa-256.key","time":"2022-08-10T11:10:43+08:00","message":"Config"}
{"level":"debug","ClientPubKeyFile":"tls-data/client-ecdsa-256.pem","time":"2022-08-10T11:10:43+08:00","message":"Config"}
{"level":"debug","PrecomputeRequests":false,"time":"2022-08-10T11:10:43+08:00","message":"Config"}
{"level":"debug","RequestHandlerThreads":32,"time":"2022-08-10T11:10:43+08:00","message":"Config"}
{"level":"debug","RequestInputChannelBuffer":8192,"time":"2022-08-10T11:10:43+08:00","message":"Config"}
{"level":"debug","BatchVerifier":"external","time":"2022-08-10T11:10:43+08:00","message":"Config"}
03:10:43.254 INF Registered with discovery server. numPeers=4 ownID=0
03:10:43.255 INF Profiling enabled.
03:10:43.255 INF Setting up profiling.
03:10:43.255 INF Started Profiler: CPU
03:10:43.255 INF Started Profiler: BLOCK
03:10:43.255 INF Started Profiler: MUTEX
03:10:43.255 INF Profiler will stop on signal. exit=true
03:10:43.257 INF Tracing will stop on signal. exit=false
03:10:43.258 INF Started tracing. traceFile=experiment-output/0002/slave-002/peer.trc
03:10:43.259 DBG Starting backlog.
03:10:43.259 INF Listening for connections. port=10000 useTLS=false
03:10:43.259 INF Connecting to peer. addr=127.0.0.1:10000 basicConns=4 priorityConns=2
03:10:43.259 INF Connecting to peer. addr=127.0.0.1:10011 basicConns=4 priorityConns=2
03:10:43.259 INF Connecting to peer. addr=127.0.0.1:10022 basicConns=4 priorityConns=2
03:10:43.259 INF Connecting to peer. addr=127.0.0.1:10033 basicConns=4 priorityConns=2
03:10:43.298 INF Incoming connection for protocol messages. addr=127.0.0.1:51674
03:10:43.298 INF Incoming connection for protocol messages. addr=127.0.0.1:51684
03:10:43.299 INF Incoming connection for protocol messages. addr=127.0.0.1:51672
03:10:43.301 INF Incoming connection for protocol messages. addr=127.0.0.1:51668
03:10:43.302 INF Incoming connection for protocol messages. addr=127.0.0.1:51656
03:10:43.302 INF Incoming connection for protocol messages. addr=127.0.0.1:51664
03:10:43.302 INF Incoming connection for protocol messages. addr=127.0.0.1:51702
03:10:43.302 INF Incoming connection for protocol messages. addr=127.0.0.1:51722
03:10:43.303 INF Incoming connection for protocol messages. addr=127.0.0.1:51696
03:10:43.303 INF Incoming connection for protocol messages. addr=127.0.0.1:51692
03:10:43.304 DBG Connected. peerID=3
03:10:43.304 INF Incoming connection for protocol messages. addr=127.0.0.1:51734
03:10:43.305 INF Incoming connection for protocol messages. addr=127.0.0.1:51746
03:10:43.305 INF Incoming connection for protocol messages. addr=127.0.0.1:51744
03:10:43.306 INF Incoming connection for protocol messages. addr=127.0.0.1:51772
03:10:43.306 DBG Connected. peerID=1
03:10:43.307 DBG Connected. peerID=2
03:10:43.307 INF Incoming connection for protocol messages. addr=127.0.0.1:51782
03:10:43.307 INF Incoming connection for protocol messages. addr=127.0.0.1:51778
03:10:43.307 INF Incoming connection for protocol messages. addr=127.0.0.1:51774
03:10:43.308 INF Incoming connection for protocol messages. addr=127.0.0.1:51792
03:10:43.308 INF Incoming connection for protocol messages. addr=127.0.0.1:51798
03:10:43.308 INF Incoming connection for protocol messages. addr=127.0.0.1:51790
03:10:43.308 INF Incoming connection for protocol messages. addr=127.0.0.1:51804
03:10:43.309 INF Incoming connection for protocol messages. addr=127.0.0.1:51826
03:10:43.309 INF Incoming connection for protocol messages. addr=127.0.0.1:51838
03:10:43.309 INF Incoming connection for protocol messages. addr=127.0.0.1:51844
03:10:43.310 INF Connected to all peers.
03:10:43.310 DBG Connected. peerID=0
03:10:43.313 INF All peers finished connecting. Starting ISS.
03:10:43.314 DBG Buckets for 0-th leader 0: [0 4 8 12 1 5 9 13 2 6 10 14 3 7 11 15]
03:10:43.314 INF PbftOrderer received a new segment: [0 1 2 3 4 5 6 7 8 9 10 11 12 13 14 15 16 17 18 19 20 21 22 23 24 25 26 27 28 29 30 31 32 33 34 35 36 37 38 39 40 41 42 43 44 45 46 47 48 49 50 51 52 53 54 55 56 57 58 59 60 61 62 63 64 65 66 67 68 69 70 71 72 73 74 75 76 77 78 79 80 81 82 83 84 85 86 87 88 89 90 91 92 93 94 95 96 97 98 99 100 101 102 103 104 105 106 107 108 109 110 111 112 113 114 115 116 117 118 119 120 121 122 123 124 125 126 127 128 129 130 131 132 133 134 135 136 137 138 139 140 141 142 143 144 145 146 147 148 149 150 151 152 153 154 155 156 157 158 159 160 161 162 163 164 165 166 167 168 169 170 171 172 173 174 175 176 177 178 179 180 181 182 183 184 185 186 187 188 189 190 191 192 193 194 195 196 197 198 199 200 201 202 203 204 205 206 207 208 209 210 211 212 213 214 215 216 217 218 219 220 221 222 223 224 225 226 227 228 229 230 231 232 233 234 235 236 237 238 239 240 241 242 243 244 245 246 247 248 249 250 251 252 253 254 255] first leader=0 firstSN=0 lastSN=255 len=256 length=256 segId=0
03:10:43.315 INF Starting new view. segID=0 timeout=60000 view=0
03:10:43.315 DBG Starting timer. sn=0 view=0
03:10:43.316 INF Starting PBFT instance. first=0 last=255 segID=0
03:10:43.316 DBG Subscribing to backlog. segID=0
03:10:43.316 DBG Leading segment. segID=0
03:10:43.316 INF Starting serialized message processing. segID=0
03:10:43.316 DBG Waiting for batch. batchSize=4096
03:10:44.317 DBG Batch ready. batchSize=4096
03:10:44.318 DBG Batch cut. left=0 nBuckets=16 nReq=0 next=0
03:10:44.318 INF Sending PREPREPARE. nReq=0 senderID=0 sn=0 view=0
03:10:44.318 DBG Waiting for batch. batchSize=4096
03:10:44.325 DBG Sending COMMIT. senderID=0 sn=0 view=0
03:10:44.327 INF Committed entry. latency=0 nReq=0 sn=0
03:10:44.327 INF Delivered batch. nReq=0 sn=0
03:10:44.327 DBG Starting timer. sn=1 view=0
03:10:45.319 DBG Batch ready. batchSize=4096
03:10:45.319 DBG Batch cut. left=0 nBuckets=16 nReq=0 next=0
03:10:45.319 DBG Waiting for batch. batchSize=4096
03:10:45.319 INF Sending PREPREPARE. nReq=0 senderID=0 sn=1 view=0
03:10:45.322 DBG Sending COMMIT. senderID=0 sn=1 view=0
03:10:45.323 INF Committed entry. latency=0 nReq=0 sn=1
03:10:45.323 INF Delivered batch. nReq=0 sn=1
03:10:45.323 DBG Starting timer. sn=2 view=0
03:10:45.348 INF Incoming connection for requests. addr=127.0.0.1:51860
03:10:46.320 DBG Batch ready. batchSize=4096
03:10:46.320 DBG Batch cut. left=0 nBuckets=16 nReq=121 next=0
03:10:46.321 DBG Waiting for batch. batchSize=4096
03:10:46.325 INF Sending PREPREPARE. nReq=121 senderID=0 sn=2 view=0
03:10:46.363 DBG Sending COMMIT. senderID=0 sn=2 view=0
03:10:46.365 INF Committed entry. latency=0 nReq=121 sn=2
03:10:46.365 INF Delivered batch. nReq=121 sn=2
03:10:46.365 DBG Starting timer. sn=3 view=0
03:10:47.321 DBG Batch ready. batchSize=4096
03:10:47.322 DBG Batch cut. left=0 nBuckets=16 nReq=129 next=0
03:10:47.322 DBG Waiting for batch. batchSize=4096
03:10:47.324 INF Sending PREPREPARE. nReq=129 senderID=0 sn=3 view=0
03:10:47.351 DBG Sending COMMIT. senderID=0 sn=3 view=0
03:10:47.353 INF Committed entry. latency=0 nReq=129 sn=3
03:10:47.353 INF Delivered batch. nReq=129 sn=3
03:10:47.353 DBG Starting timer. sn=4 view=0
03:10:48.323 DBG Batch ready. batchSize=4096
03:10:48.324 DBG Batch cut. left=0 nBuckets=16 nReq=128 next=0
03:10:48.324 DBG Waiting for batch. batchSize=4096
03:10:48.326 INF Sending PREPREPARE. nReq=128 senderID=0 sn=4 view=0
03:10:48.352 DBG Sending COMMIT. senderID=0 sn=4 view=0
03:10:48.354 INF Committed entry. latency=0 nReq=128 sn=4
03:10:48.354 INF Delivered batch. nReq=128 sn=4
03:10:48.354 DBG Starting timer. sn=5 view=0
03:10:49.325 DBG Batch ready. batchSize=4096
03:10:49.325 DBG Batch cut. left=0 nBuckets=16 nReq=128 next=0
03:10:49.326 DBG Waiting for batch. batchSize=4096
03:10:49.328 INF Sending PREPREPARE. nReq=128 senderID=0 sn=5 view=0
03:10:49.353 DBG Sending COMMIT. senderID=0 sn=5 view=0
03:10:49.355 INF Committed entry. latency=0 nReq=128 sn=5
03:10:49.355 INF Delivered batch. nReq=128 sn=5
03:10:49.355 DBG Starting timer. sn=6 view=0
03:10:50.327 DBG Batch ready. batchSize=4096
03:10:50.327 DBG Batch cut. left=0 nBuckets=16 nReq=128 next=0
03:10:50.327 DBG Waiting for batch. batchSize=4096
03:10:50.329 INF Sending PREPREPARE. nReq=128 senderID=0 sn=6 view=0
03:10:50.356 DBG Sending COMMIT. senderID=0 sn=6 view=0
03:10:50.357 INF Committed entry. latency=0 nReq=128 sn=6
03:10:50.357 INF Delivered batch. nReq=128 sn=6
03:10:50.357 DBG Starting timer. sn=7 view=0
03:10:51.328 DBG Batch ready. batchSize=4096
03:10:51.328 DBG Batch cut. left=0 nBuckets=16 nReq=129 next=0
03:10:51.328 DBG Waiting for batch. batchSize=4096
03:10:51.331 INF Sending PREPREPARE. nReq=129 senderID=0 sn=7 view=0
03:10:51.355 DBG Sending COMMIT. senderID=0 sn=7 view=0
03:10:51.357 INF Committed entry. latency=0 nReq=129 sn=7
03:10:51.358 INF Delivered batch. nReq=129 sn=7
03:10:51.358 DBG Starting timer. sn=8 view=0
03:10:52.329 DBG Batch ready. batchSize=4096
03:10:52.361 DBG Batch cut. left=0 nBuckets=16 nReq=127 next=0
03:10:52.362 DBG Waiting for batch. batchSize=4096
03:10:52.364 INF Sending PREPREPARE. nReq=127 senderID=0 sn=8 view=0
03:10:52.393 DBG Sending COMMIT. senderID=0 sn=8 view=0
03:10:52.394 INF Committed entry. latency=0 nReq=127 sn=8
03:10:52.394 INF Delivered batch. nReq=127 sn=8
03:10:52.395 DBG Starting timer. sn=9 view=0
03:10:53.363 DBG Batch ready. batchSize=4096
03:10:53.364 DBG Batch cut. left=0 nBuckets=16 nReq=133 next=0
03:10:53.364 DBG Waiting for batch. batchSize=4096
03:10:53.366 INF Sending PREPREPARE. nReq=133 senderID=0 sn=9 view=0
03:10:53.394 DBG Sending COMMIT. senderID=0 sn=9 view=0
03:10:53.395 INF Committed entry. latency=0 nReq=133 sn=9
03:10:53.396 INF Delivered batch. nReq=133 sn=9
03:10:53.396 DBG Starting timer. sn=10 view=0
03:10:54.365 DBG Batch ready. batchSize=4096
03:10:54.365 DBG Batch cut. left=0 nBuckets=16 nReq=128 next=0
03:10:54.365 DBG Waiting for batch. batchSize=4096
03:10:54.368 INF Sending PREPREPARE. nReq=128 senderID=0 sn=10 view=0
03:10:54.393 DBG Sending COMMIT. senderID=0 sn=10 view=0
03:10:54.395 INF Committed entry. latency=0 nReq=128 sn=10
03:10:54.395 INF Delivered batch. nReq=128 sn=10
03:10:54.395 DBG Starting timer. sn=11 view=0
03:10:55.366 DBG Batch ready. batchSize=4096
03:10:55.367 DBG Batch cut. left=0 nBuckets=16 nReq=129 next=0
03:10:55.367 DBG Waiting for batch. batchSize=4096
03:10:55.369 INF Sending PREPREPARE. nReq=129 senderID=0 sn=11 view=0
03:10:55.396 DBG Sending COMMIT. senderID=0 sn=11 view=0
03:10:55.398 INF Committed entry. latency=0 nReq=129 sn=11
03:10:55.398 INF Delivered batch. nReq=129 sn=11
03:10:55.398 DBG Starting timer. sn=12 view=0
03:10:56.369 DBG Batch ready. batchSize=4096
03:10:56.369 DBG Batch cut. left=0 nBuckets=16 nReq=128 next=0
03:10:56.370 DBG Waiting for batch. batchSize=4096
03:10:56.372 INF Sending PREPREPARE. nReq=128 senderID=0 sn=12 view=0
03:10:56.398 DBG Sending COMMIT. senderID=0 sn=12 view=0
03:10:56.400 INF Committed entry. latency=0 nReq=128 sn=12
03:10:56.400 INF Delivered batch. nReq=128 sn=12
03:10:56.400 DBG Starting timer. sn=13 view=0
03:10:57.371 DBG Batch ready. batchSize=4096
03:10:57.371 DBG Batch cut. left=0 nBuckets=16 nReq=128 next=0
03:10:57.371 DBG Waiting for batch. batchSize=4096
03:10:57.374 INF Sending PREPREPARE. nReq=128 senderID=0 sn=13 view=0
03:10:57.399 DBG Sending COMMIT. senderID=0 sn=13 view=0
03:10:57.401 INF Committed entry. latency=0 nReq=128 sn=13
03:10:57.401 INF Delivered batch. nReq=128 sn=13
03:10:57.401 DBG Starting timer. sn=14 view=0
03:10:58.372 DBG Batch ready. batchSize=4096
03:10:58.373 DBG Batch cut. left=0 nBuckets=16 nReq=128 next=0
03:10:58.373 DBG Waiting for batch. batchSize=4096
03:10:58.375 INF Sending PREPREPARE. nReq=128 senderID=0 sn=14 view=0
03:10:58.400 DBG Sending COMMIT. senderID=0 sn=14 view=0
03:10:58.402 INF Committed entry. latency=0 nReq=128 sn=14
03:10:58.402 INF Delivered batch. nReq=128 sn=14
03:10:58.402 DBG Starting timer. sn=15 view=0
03:10:59.374 DBG Batch ready. batchSize=4096
03:10:59.374 DBG Batch cut. left=0 nBuckets=16 nReq=129 next=0
03:10:59.374 DBG Waiting for batch. batchSize=4096
03:10:59.377 INF Sending PREPREPARE. nReq=129 senderID=0 sn=15 view=0
03:10:59.403 DBG Sending COMMIT. senderID=0 sn=15 view=0
03:10:59.405 INF Committed entry. latency=0 nReq=129 sn=15
03:10:59.405 INF Delivered batch. nReq=129 sn=15
03:10:59.405 DBG Starting timer. sn=16 view=0
03:11:00.375 DBG Batch ready. batchSize=4096
03:11:00.376 DBG Batch cut. left=0 nBuckets=16 nReq=128 next=0
03:11:00.376 DBG Waiting for batch. batchSize=4096
03:11:00.378 INF Sending PREPREPARE. nReq=128 senderID=0 sn=16 view=0
03:11:00.404 DBG Sending COMMIT. senderID=0 sn=16 view=0
03:11:00.405 INF Committed entry. latency=0 nReq=128 sn=16
03:11:00.406 INF Delivered batch. nReq=128 sn=16
03:11:00.406 DBG Starting timer. sn=17 view=0
03:11:01.377 DBG Batch ready. batchSize=4096
03:11:01.377 DBG Batch cut. left=0 nBuckets=16 nReq=128 next=0
03:11:01.378 DBG Waiting for batch. batchSize=4096
03:11:01.380 INF Sending PREPREPARE. nReq=128 senderID=0 sn=17 view=0
03:11:01.405 DBG Sending COMMIT. senderID=0 sn=17 view=0
03:11:01.406 INF Committed entry. latency=0 nReq=128 sn=17
03:11:01.406 INF Delivered batch. nReq=128 sn=17
03:11:01.406 DBG Starting timer. sn=18 view=0
03:11:02.379 DBG Batch ready. batchSize=4096
03:11:02.379 DBG Batch cut. left=0 nBuckets=16 nReq=128 next=0
03:11:02.379 DBG Waiting for batch. batchSize=4096
03:11:02.381 INF Sending PREPREPARE. nReq=128 senderID=0 sn=18 view=0
03:11:02.408 DBG Sending COMMIT. senderID=0 sn=18 view=0
03:11:02.409 INF Committed entry. latency=0 nReq=128 sn=18
03:11:02.409 INF Delivered batch. nReq=128 sn=18
03:11:02.409 DBG Starting timer. sn=19 view=0
03:11:03.380 DBG Batch ready. batchSize=4096
03:11:03.381 DBG Batch cut. left=0 nBuckets=16 nReq=128 next=0
03:11:03.381 DBG Waiting for batch. batchSize=4096
03:11:03.383 INF Sending PREPREPARE. nReq=128 senderID=0 sn=19 view=0
03:11:03.409 DBG Sending COMMIT. senderID=0 sn=19 view=0
03:11:03.411 INF Committed entry. latency=0 nReq=128 sn=19
03:11:03.411 INF Delivered batch. nReq=128 sn=19
03:11:03.411 DBG Starting timer. sn=20 view=0
03:11:04.382 DBG Batch ready. batchSize=4096
03:11:04.382 DBG Batch cut. left=0 nBuckets=16 nReq=129 next=0
03:11:04.382 DBG Waiting for batch. batchSize=4096
03:11:04.384 INF Sending PREPREPARE. nReq=129 senderID=0 sn=20 view=0
03:11:04.410 DBG Sending COMMIT. senderID=0 sn=20 view=0
03:11:04.412 INF Committed entry. latency=0 nReq=129 sn=20
03:11:04.412 INF Delivered batch. nReq=129 sn=20
03:11:04.412 DBG Starting timer. sn=21 view=0
03:11:05.384 DBG Batch ready. batchSize=4096
03:11:05.384 DBG Batch cut. left=0 nBuckets=16 nReq=128 next=0
03:11:05.384 DBG Waiting for batch. batchSize=4096
03:11:05.386 INF Sending PREPREPARE. nReq=128 senderID=0 sn=21 view=0
03:11:05.412 DBG Sending COMMIT. senderID=0 sn=21 view=0
03:11:05.413 INF Committed entry. latency=0 nReq=128 sn=21
03:11:05.413 INF Delivered batch. nReq=128 sn=21
03:11:05.413 DBG Starting timer. sn=22 view=0
03:11:06.386 DBG Batch ready. batchSize=4096
03:11:06.386 DBG Batch cut. left=0 nBuckets=16 nReq=128 next=0
03:11:06.386 DBG Waiting for batch. batchSize=4096
03:11:06.388 INF Sending PREPREPARE. nReq=128 senderID=0 sn=22 view=0
03:11:06.414 DBG Sending COMMIT. senderID=0 sn=22 view=0
03:11:06.416 INF Committed entry. latency=0 nReq=128 sn=22
03:11:06.416 INF Delivered batch. nReq=128 sn=22
03:11:06.416 DBG Starting timer. sn=23 view=0
03:11:07.388 DBG Batch ready. batchSize=4096
03:11:07.388 DBG Batch cut. left=0 nBuckets=16 nReq=128 next=0
03:11:07.388 DBG Waiting for batch. batchSize=4096
03:11:07.390 INF Sending PREPREPARE. nReq=128 senderID=0 sn=23 view=0
03:11:07.415 DBG Sending COMMIT. senderID=0 sn=23 view=0
03:11:07.417 INF Committed entry. latency=0 nReq=128 sn=23
03:11:07.417 INF Delivered batch. nReq=128 sn=23
03:11:07.417 DBG Starting timer. sn=24 view=0
03:11:08.389 DBG Batch ready. batchSize=4096
03:11:08.389 DBG Batch cut. left=0 nBuckets=16 nReq=129 next=0
03:11:08.390 DBG Waiting for batch. batchSize=4096
03:11:08.392 INF Sending PREPREPARE. nReq=129 senderID=0 sn=24 view=0
03:11:08.417 DBG Sending COMMIT. senderID=0 sn=24 view=0
03:11:08.419 INF Committed entry. latency=0 nReq=129 sn=24
03:11:08.419 INF Delivered batch. nReq=129 sn=24
03:11:08.419 DBG Starting timer. sn=25 view=0
03:11:09.391 DBG Batch ready. batchSize=4096
03:11:09.391 DBG Batch cut. left=0 nBuckets=16 nReq=128 next=0
03:11:09.391 DBG Waiting for batch. batchSize=4096
03:11:09.393 INF Sending PREPREPARE. nReq=128 senderID=0 sn=25 view=0
03:11:09.418 DBG Sending COMMIT. senderID=0 sn=25 view=0
03:11:09.452 INF Committed entry. latency=0 nReq=128 sn=25
03:11:09.452 INF Delivered batch. nReq=128 sn=25
03:11:09.452 DBG Starting timer. sn=26 view=0
03:11:10.392 DBG Batch ready. batchSize=4096
03:11:10.393 DBG Batch cut. left=0 nBuckets=16 nReq=128 next=0
03:11:10.393 DBG Waiting for batch. batchSize=4096
03:11:10.395 INF Sending PREPREPARE. nReq=128 senderID=0 sn=26 view=0
03:11:10.420 DBG Sending COMMIT. senderID=0 sn=26 view=0
03:11:10.420 INF Committed entry. latency=0 nReq=128 sn=26
03:11:10.420 INF Delivered batch. nReq=128 sn=26
03:11:10.421 DBG Starting timer. sn=27 view=0
03:11:11.394 DBG Batch ready. batchSize=4096
03:11:11.395 DBG Batch cut. left=0 nBuckets=16 nReq=128 next=0
03:11:11.395 DBG Waiting for batch. batchSize=4096
03:11:11.397 INF Sending PREPREPARE. nReq=128 senderID=0 sn=27 view=0
03:11:11.423 DBG Sending COMMIT. senderID=0 sn=27 view=0
03:11:11.424 INF Committed entry. latency=0 nReq=128 sn=27
03:11:11.424 INF Delivered batch. nReq=128 sn=27
03:11:11.424 DBG Starting timer. sn=28 view=0
03:11:12.397 DBG Batch ready. batchSize=4096
03:11:12.397 DBG Batch cut. left=0 nBuckets=16 nReq=129 next=0
03:11:12.397 DBG Waiting for batch. batchSize=4096
03:11:12.399 INF Sending PREPREPARE. nReq=129 senderID=0 sn=28 view=0
03:11:12.426 DBG Sending COMMIT. senderID=0 sn=28 view=0
03:11:12.427 INF Committed entry. latency=0 nReq=129 sn=28
03:11:12.427 INF Delivered batch. nReq=129 sn=28
03:11:12.428 DBG Starting timer. sn=29 view=0
03:11:13.398 DBG Batch ready. batchSize=4096
03:11:13.398 DBG Batch cut. left=0 nBuckets=16 nReq=128 next=0
03:11:13.399 DBG Waiting for batch. batchSize=4096
03:11:13.401 INF Sending PREPREPARE. nReq=128 senderID=0 sn=29 view=0
03:11:13.426 DBG Sending COMMIT. senderID=0 sn=29 view=0
03:11:13.428 INF Committed entry. latency=0 nReq=128 sn=29
03:11:13.428 INF Delivered batch. nReq=128 sn=29
03:11:13.428 DBG Starting timer. sn=30 view=0
03:11:14.400 DBG Batch ready. batchSize=4096
03:11:14.400 DBG Batch cut. left=0 nBuckets=16 nReq=128 next=0
03:11:14.400 DBG Waiting for batch. batchSize=4096
03:11:14.403 INF Sending PREPREPARE. nReq=128 senderID=0 sn=30 view=0
03:11:14.485 DBG Sending COMMIT. senderID=0 sn=30 view=0
03:11:14.487 INF Committed entry. latency=0 nReq=128 sn=30
03:11:14.487 INF Delivered batch. nReq=128 sn=30
03:11:14.488 DBG Starting timer. sn=31 view=0
03:11:15.402 DBG Batch ready. batchSize=4096
03:11:15.402 DBG Batch cut. left=0 nBuckets=16 nReq=126 next=0
03:11:15.403 DBG Waiting for batch. batchSize=4096
03:11:15.404 INF Sending PREPREPARE. nReq=126 senderID=0 sn=31 view=0
03:11:15.430 DBG Sending COMMIT. senderID=0 sn=31 view=0
03:11:15.432 INF Committed entry. latency=0 nReq=126 sn=31
03:11:15.432 INF Delivered batch. nReq=126 sn=31
03:11:15.432 DBG Starting timer. sn=32 view=0
03:11:16.382 INF Connection terminated. error="rpc error: code = Canceled desc = context canceled" address=127.0.0.1:51860
03:11:16.383 INF Finished sending bucket assignments to client. clId=0
03:11:16.404 DBG Batch ready. batchSize=4096
03:11:16.404 DBG Batch cut. left=0 nBuckets=16 nReq=0 next=0
03:11:16.404 INF Sending PREPREPARE. nReq=0 senderID=0 sn=32 view=0
03:11:16.404 DBG Waiting for batch. batchSize=4096
03:11:16.406 DBG Sending COMMIT. senderID=0 sn=32 view=0
03:11:16.408 INF Committed entry. latency=0 nReq=0 sn=32
03:11:16.408 INF Delivered batch. nReq=0 sn=32
03:11:16.409 DBG Starting timer. sn=33 view=0
03:11:16.640 INF Stopping profiler.
03:11:16.640 INF Stopping Tracer. events=136 fileName=experiment-output/0002/slave-002/peer.trc
==================
WARNING: DATA RACE
Read at 0x00c000aaa000 by goroutine 115:
  runtime.racereadrange()
      <autogenerated>:1 +0x1b
  github.com/hyperledger-labs/mirbft/tracing.(*BufferedTrace).StopOnSignal.func1()
      /opt/gopath/src/github.com/hyperledger-labs/mirbft/tracing/bufferedtrace.go:298 +0x4e

Previous write at 0x00c000aaa000 by goroutine 413:
  github.com/hyperledger-labs/mirbft/tracing.(*BufferedTrace).Event()
      /opt/gopath/src/github.com/hyperledger-labs/mirbft/tracing/bufferedtrace.go:105 +0x2d9
  github.com/hyperledger-labs/mirbft/manager.(*MirManager).handleLogEntries()
      /opt/gopath/src/github.com/hyperledger-labs/mirbft/manager/mirmanager.go:139 +0x1d8
  github.com/hyperledger-labs/mirbft/manager.(*MirManager).Start路dwrap路7()
      /opt/gopath/src/github.com/hyperledger-labs/mirbft/manager/mirmanager.go:101 +0x47

Goroutine 115 (running) created at:
  github.com/hyperledger-labs/mirbft/tracing.(*BufferedTrace).StopOnSignal()
      /opt/gopath/src/github.com/hyperledger-labs/mirbft/tracing/bufferedtrace.go:292 +0x172
  main.setUpTracing()
      /opt/gopath/src/github.com/hyperledger-labs/mirbft/cmd/orderingpeer/main.go:204 +0xf5
  main.main()
      /opt/gopath/src/github.com/hyperledger-labs/mirbft/cmd/orderingpeer/main.go:98 +0x9d6

Goroutine 413 (running) created at:
  github.com/hyperledger-labs/mirbft/manager.(*MirManager).Start()
      /opt/gopath/src/github.com/hyperledger-labs/mirbft/manager/mirmanager.go:101 +0x19e
  main.main路dwrap路4()
      /opt/gopath/src/github.com/hyperledger-labs/mirbft/cmd/orderingpeer/main.go:168 +0x59
==================
==================
WARNING: DATA RACE
Read at 0x00c000aab4c8 by goroutine 115:
  runtime.racereadrange()
      <autogenerated>:1 +0x1b
  github.com/hyperledger-labs/mirbft/tracing.(*BufferedTrace).StopOnSignal.func1()
      /opt/gopath/src/github.com/hyperledger-labs/mirbft/tracing/bufferedtrace.go:298 +0x4e

Previous write at 0x00c000aab4c8 by goroutine 114:
  github.com/hyperledger-labs/mirbft/tracing.(*BufferedTrace).Event()
      /opt/gopath/src/github.com/hyperledger-labs/mirbft/tracing/bufferedtrace.go:105 +0x2d9
  github.com/hyperledger-labs/mirbft/profiling.StartCPUTracing.func1()
      /opt/gopath/src/github.com/hyperledger-labs/mirbft/profiling/cpuusage.go:31 +0x95

Goroutine 115 (running) created at:
  github.com/hyperledger-labs/mirbft/tracing.(*BufferedTrace).StopOnSignal()
      /opt/gopath/src/github.com/hyperledger-labs/mirbft/tracing/bufferedtrace.go:292 +0x172
  main.setUpTracing()
      /opt/gopath/src/github.com/hyperledger-labs/mirbft/cmd/orderingpeer/main.go:204 +0xf5
  main.main()
      /opt/gopath/src/github.com/hyperledger-labs/mirbft/cmd/orderingpeer/main.go:98 +0x9d6

Goroutine 114 (running) created at:
  github.com/hyperledger-labs/mirbft/profiling.StartCPUTracing()
      /opt/gopath/src/github.com/hyperledger-labs/mirbft/profiling/cpuusage.go:28 +0xb6
  main.setUpTracing()
      /opt/gopath/src/github.com/hyperledger-labs/mirbft/cmd/orderingpeer/main.go:196 +0x85
  main.main()
      /opt/gopath/src/github.com/hyperledger-labs/mirbft/cmd/orderingpeer/main.go:98 +0x9d6
==================
03:11:16.643 INF Trace data written.
03:11:16.663 INF Profile data written. filename=experiment-output/0002/slave-002/prof.cpu name=cpu
03:11:16.721 INF Profile data written. filename=experiment-output/0002/slave-002/prof.block name=block
03:11:16.748 INF Profile data written. filename=experiment-output/0002/slave-002/prof.mutex name=mutex
