{"level":"debug","Logging":"debug","time":"2022-08-17T10:58:57+08:00","message":"Config"}
{"level":"debug","UseTLS":false,"time":"2022-08-17T10:58:57+08:00","message":"Config"}
{"level":"debug","CACertFile":"tls-data/ca.pem","time":"2022-08-17T10:58:57+08:00","message":"Config"}
{"level":"debug","KeyFile":"tls-data/auth.key","time":"2022-08-17T10:58:57+08:00","message":"Config"}
{"level":"debug","CertFile":"tls-data/auth.pem","time":"2022-08-17T10:58:57+08:00","message":"Config"}
{"level":"debug","PriorityConnections":2,"time":"2022-08-17T10:58:57+08:00","message":"Config"}
{"level":"debug","BasicConnections":4,"time":"2022-08-17T10:58:57+08:00","message":"Config"}
{"level":"debug","TestConnections":false,"time":"2022-08-17T10:58:57+08:00","message":"Config"}
{"level":"debug","ExcessConnections":1,"time":"2022-08-17T10:58:57+08:00","message":"Config"}
{"level":"debug","ConnectionTestMsgs":4,"time":"2022-08-17T10:58:57+08:00","message":"Config"}
{"level":"debug","ConnectionTestPayload":131072,"time":"2022-08-17T10:58:57+08:00","message":"Config"}
{"level":"debug","OutMessageBufsize":1024,"time":"2022-08-17T10:58:57+08:00","message":"Config"}
{"level":"debug","OutMessageBufsize":1,"time":"2022-08-17T10:58:57+08:00","message":"Config"}
{"level":"debug","ThroughputCap":131072000,"time":"2022-08-17T10:58:57+08:00","message":"Config"}
{"level":"debug","StragglerTolerance":1000,"time":"2022-08-17T10:58:57+08:00","message":"Config"}
{"level":"debug","BatchSizeIncrement":256,"time":"2022-08-17T10:58:57+08:00","message":"Config"}
{"level":"debug","Orderer":"Pbft","time":"2022-08-17T10:58:57+08:00","message":"Config"}
{"level":"debug","Manager":"Mir","time":"2022-08-17T10:58:57+08:00","message":"Config"}
{"level":"debug","Failures":1,"time":"2022-08-17T10:58:57+08:00","message":"Config"}
{"level":"debug","CrashTiming":"Straggler","time":"2022-08-17T10:58:57+08:00","message":"Config"}
{"level":"debug","CheckpointInterval":256,"time":"2022-08-17T10:58:57+08:00","message":"Config"}
{"level":"debug","WatermarkWindowSize":256,"time":"2022-08-17T10:58:57+08:00","message":"Config"}
{"level":"debug","EpochLength":256,"time":"2022-08-17T10:58:57+08:00","message":"Config"}
{"level":"debug","SegmentLength":64,"time":"2022-08-17T10:58:57+08:00","message":"Config"}
{"level":"debug","WaitForCheckpoints":true,"time":"2022-08-17T10:58:57+08:00","message":"Config"}
{"level":"debug","ClientWatermarkWindowSize":4194304,"time":"2022-08-17T10:58:57+08:00","message":"Config"}
{"level":"debug","ClientRequestBacklogSize":4194304,"time":"2022-08-17T10:58:57+08:00","message":"Config"}
{"level":"debug","RandomSeed":1615,"time":"2022-08-17T10:58:57+08:00","message":"Config"}
{"level":"debug","NodeToLeaderRatio":1,"time":"2022-08-17T10:58:57+08:00","message":"Config"}
{"level":"debug","LeaderPolicy":"SimulatedRandomFailures","time":"2022-08-17T10:58:57+08:00","message":"Config"}
{"level":"debug","DefaultLeaderBan":2,"time":"2022-08-17T10:58:57+08:00","message":"Config"}
{"level":"debug","NumBuckets":64,"time":"2022-08-17T10:58:57+08:00","message":"Config"}
{"level":"debug","BatchSize":1000,"time":"2022-08-17T10:58:57+08:00","message":"Config"}
{"level":"debug","DisabledViewChange":false,"time":"2022-08-17T10:58:57+08:00","message":"Config"}
{"level":"debug","ViewChangeTimeout":60000,"time":"2022-08-17T10:58:57+08:00","message":"Config"}
{"level":"debug","ClientTraceSampling":10,"time":"2022-08-17T10:58:57+08:00","message":"Config"}
{"level":"debug","EventBufferSize":2097152,"time":"2022-08-17T10:58:57+08:00","message":"Config"}
{"level":"debug","TraceSampling":1,"time":"2022-08-17T10:58:57+08:00","message":"Config"}
{"level":"debug","ClientsPerProcess":1,"time":"2022-08-17T10:58:57+08:00","message":"Config"}
{"level":"debug","RequestsPerClient":15360,"time":"2022-08-17T10:58:57+08:00","message":"Config"}
{"level":"debug","ClientRunTime":30000,"time":"2022-08-17T10:58:57+08:00","message":"Config"}
{"level":"debug","RequestRate":256,"time":"2022-08-17T10:58:57+08:00","message":"Config"}
{"level":"debug","HardRequestRateLimit":false,"time":"2022-08-17T10:58:57+08:00","message":"Config"}
{"level":"debug","RequestPayloadSize":500,"time":"2022-08-17T10:58:57+08:00","message":"Config"}
{"level":"debug","SignRequests":true,"time":"2022-08-17T10:58:57+08:00","message":"Config"}
{"level":"debug","ClientPrivKeyFile":"tls-data/client-ecdsa-256.key","time":"2022-08-17T10:58:57+08:00","message":"Config"}
{"level":"debug","ClientPubKeyFile":"tls-data/client-ecdsa-256.pem","time":"2022-08-17T10:58:57+08:00","message":"Config"}
{"level":"debug","PrecomputeRequests":false,"time":"2022-08-17T10:58:57+08:00","message":"Config"}
{"level":"debug","RequestHandlerThreads":32,"time":"2022-08-17T10:58:57+08:00","message":"Config"}
{"level":"debug","RequestInputChannelBuffer":8192,"time":"2022-08-17T10:58:57+08:00","message":"Config"}
{"level":"debug","BatchVerifier":"external","time":"2022-08-17T10:58:57+08:00","message":"Config"}
02:58:57.819 INF Registered with discovery server. numPeers=4 ownID=0
02:58:57.820 INF Profiling enabled.
02:58:57.820 INF Setting up profiling.
02:58:57.820 INF Started Profiler: CPU
02:58:57.820 INF Started Profiler: BLOCK
02:58:57.820 INF Started Profiler: MUTEX
02:58:57.820 INF Profiler will stop on signal. exit=true
02:58:57.822 INF Tracing will stop on signal. exit=false
02:58:57.823 INF Started tracing. traceFile=experiment-output/0001/slave-001/peer.trc
02:58:57.824 DBG Starting backlog.
02:58:57.824 INF Listening for connections. port=10000 useTLS=false
02:58:57.824 INF Connecting to peer. addr=127.0.0.1:10011 basicConns=4 priorityConns=2
02:58:57.824 INF Connecting to peer. addr=127.0.0.1:10000 basicConns=4 priorityConns=2
02:58:57.824 INF Connecting to peer. addr=127.0.0.1:10022 basicConns=4 priorityConns=2
02:58:57.824 INF Connecting to peer. addr=127.0.0.1:10033 basicConns=4 priorityConns=2
02:58:57.847 INF Incoming connection for protocol messages. addr=127.0.0.1:46260
02:58:57.848 INF Incoming connection for protocol messages. addr=127.0.0.1:46214
02:58:57.850 INF Incoming connection for protocol messages. addr=127.0.0.1:46238
02:58:57.850 INF Incoming connection for protocol messages. addr=127.0.0.1:46218
02:58:57.851 INF Incoming connection for protocol messages. addr=127.0.0.1:46274
02:58:57.851 INF Incoming connection for protocol messages. addr=127.0.0.1:46266
02:58:57.860 INF Incoming connection for protocol messages. addr=127.0.0.1:46314
02:58:57.861 INF Incoming connection for protocol messages. addr=127.0.0.1:46304
02:58:57.862 INF Incoming connection for protocol messages. addr=127.0.0.1:46220
02:58:57.862 INF Incoming connection for protocol messages. addr=127.0.0.1:46302
02:58:57.862 INF Incoming connection for protocol messages. addr=127.0.0.1:46298
02:58:57.862 INF Incoming connection for protocol messages. addr=127.0.0.1:46240
02:58:57.863 INF Incoming connection for protocol messages. addr=127.0.0.1:46288
02:58:57.863 INF Incoming connection for protocol messages. addr=127.0.0.1:46336
02:58:57.864 INF Incoming connection for protocol messages. addr=127.0.0.1:46310
02:58:57.864 INF Incoming connection for protocol messages. addr=127.0.0.1:46316
02:58:57.864 INF Incoming connection for protocol messages. addr=127.0.0.1:46376
02:58:57.864 INF Incoming connection for protocol messages. addr=127.0.0.1:46344
02:58:57.864 INF Incoming connection for protocol messages. addr=127.0.0.1:46272
02:58:57.865 INF Incoming connection for protocol messages. addr=127.0.0.1:46378
02:58:57.865 DBG Connected. peerID=1
02:58:57.865 INF Incoming connection for protocol messages. addr=127.0.0.1:46380
02:58:57.866 DBG Connected. peerID=3
02:58:57.866 INF Incoming connection for protocol messages. addr=127.0.0.1:46358
02:58:57.866 INF Incoming connection for protocol messages. addr=127.0.0.1:46384
02:58:57.866 INF Incoming connection for protocol messages. addr=127.0.0.1:46374
02:58:57.866 DBG Connected. peerID=2
02:58:57.867 DBG Connected. peerID=0
02:58:57.867 INF Connected to all peers.
02:58:57.872 INF All peers finished connecting. Starting ISS.
02:58:57.873 DBG Buckets for 0-th leader 0: [0 4 8 12 16 20 24 28 32 36 40 44 48 52 56 60 9 21 33 45 57]
02:58:57.873 DBG Buckets for 1-th leader 2: [2 6 10 14 18 22 26 30 34 38 42 46 50 54 58 62 1 13 25 37 49 61]
02:58:57.873 DBG Buckets for 2-th leader 3: [3 7 11 15 19 23 27 31 35 39 43 47 51 55 59 63 5 17 29 41 53]
02:58:57.873 INF PbftOrderer received a new segment: [0 3 6 9 12 15 18 21 24 27 30 33 36 39 42 45 48 51 54 57 60 63 66 69 72 75 78 81 84 87 90 93 96 99 102 105 108 111 114 117 120 123 126 129 132 135 138 141 144 147 150 153 156 159 162 165 168 171 174 177 180 183 186 189] first leader=0 firstSN=0 lastSN=189 len=64 length=64 segId=0
02:58:57.874 INF Starting new view. segID=0 timeout=60000 view=0
02:58:57.874 DBG Starting timer. sn=0 view=0
02:58:57.874 INF Starting PBFT instance. first=0 last=189 segID=0
02:58:57.874 DBG Subscribing to backlog. segID=0
02:58:57.874 DBG Leading segment. segID=0
02:58:57.874 INF Starting serialized message processing. segID=0
02:58:57.875 DBG Waiting for batch. batchSize=4096
02:58:57.875 INF PbftOrderer received a new segment: [1 4 7 10 13 16 19 22 25 28 31 34 37 40 43 46 49 52 55 58 61 64 67 70 73 76 79 82 85 88 91 94 97 100 103 106 109 112 115 118 121 124 127 130 133 136 139 142 145 148 151 154 157 160 163 166 169 172 175 178 181 184 187 190] first leader=2 firstSN=1 lastSN=190 len=64 length=64 segId=1
02:58:57.875 INF Starting new view. segID=1 timeout=60000 view=0
02:58:57.875 DBG Starting timer. sn=1 view=0
02:58:57.875 INF Starting PBFT instance. first=1 last=190 segID=1
02:58:57.876 DBG Subscribing to backlog. segID=1
02:58:57.876 INF Starting serialized message processing. segID=1
02:58:57.876 INF PbftOrderer received a new segment: [2 5 8 11 14 17 20 23 26 29 32 35 38 41 44 47 50 53 56 59 62 65 68 71 74 77 80 83 86 89 92 95 98 101 104 107 110 113 116 119 122 125 128 131 134 137 140 143 146 149 152 155 158 161 164 167 170 173 176 179 182 185 188 191] first leader=3 firstSN=2 lastSN=191 len=64 length=64 segId=2
02:58:57.876 INF Starting new view. segID=2 timeout=60000 view=0
02:58:57.876 DBG Starting timer. sn=2 view=0
02:58:57.876 INF Starting PBFT instance. first=2 last=191 segID=2
02:58:57.877 DBG Subscribing to backlog. segID=2
02:58:57.877 INF Starting serialized message processing. segID=2
02:58:57.896 INF Connection terminated. error="rpc error: code = Canceled desc = context canceled" address=127.0.0.1:46374
02:58:57.896 INF Connection terminated. error="rpc error: code = Canceled desc = context canceled" address=127.0.0.1:46344
02:58:57.897 INF Connection terminated. error="rpc error: code = Canceled desc = context canceled" address=127.0.0.1:46220
02:58:57.897 INF Connection terminated. error="rpc error: code = Canceled desc = context canceled" address=127.0.0.1:46298
02:58:57.897 INF Connection terminated. error="rpc error: code = Canceled desc = context canceled" address=127.0.0.1:46376
02:58:57.897 INF Connection terminated. error="rpc error: code = Canceled desc = context canceled" address=127.0.0.1:46288
02:58:58.875 DBG Batch ready. batchSize=4096
02:58:58.876 DBG Batch cut. left=0 nBuckets=21 nReq=0 next=0
02:58:58.876 DBG Waiting for batch. batchSize=4096
02:58:58.876 INF Sending PREPREPARE. nReq=0 senderID=0 sn=0 view=0
02:58:58.879 ERR Failed to send protocol message. Dropping all future outgoing protocol messages. error=EOF
02:58:58.880 INF Handling PREPREPARE. nReq=0 senderID=3 sn=2
02:58:58.880 DBG Creating new Batch. nReq=0
02:58:58.880 DBG Sending PREPARE. senderID=0 sn=2 view=0
02:58:58.882 INF Handling PREPREPARE. nReq=0 senderID=2 sn=1
02:58:58.882 DBG Creating new Batch. nReq=0
02:58:58.882 DBG Sending PREPARE. senderID=0 sn=1 view=0
02:58:58.883 DBG Sending COMMIT. senderID=0 sn=1 view=0
02:58:58.884 DBG Sending COMMIT. senderID=0 sn=2 view=0
02:58:58.884 DBG Sending COMMIT. senderID=0 sn=0 view=0
02:58:58.885 INF Committed entry. latency=0 nReq=0 sn=2
02:58:58.885 DBG Starting timer. sn=5 view=0
02:58:58.885 INF Committed entry. latency=0 nReq=0 sn=1
02:58:58.885 DBG Starting timer. sn=4 view=0
02:58:58.886 INF Committed entry. latency=0 nReq=0 sn=0
02:58:58.886 INF Delivered batch. nReq=0 sn=0
02:58:58.886 INF Delivered batch. nReq=0 sn=1
02:58:58.886 INF Delivered batch. nReq=0 sn=2
02:58:58.886 DBG Starting timer. sn=3 view=0
02:58:59.877 DBG Batch ready. batchSize=4096
02:58:59.878 DBG Batch cut. left=0 nBuckets=21 nReq=0 next=0
02:58:59.878 DBG Waiting for batch. batchSize=4096
02:58:59.878 INF Sending PREPREPARE. nReq=0 senderID=0 sn=3 view=0
02:58:59.879 INF Handling PREPREPARE. nReq=0 senderID=3 sn=5
02:58:59.879 DBG Creating new Batch. nReq=0
02:58:59.879 DBG Sending PREPARE. senderID=0 sn=5 view=0
02:58:59.880 INF Handling PREPREPARE. nReq=0 senderID=2 sn=4
02:58:59.880 DBG Creating new Batch. nReq=0
02:58:59.880 DBG Sending COMMIT. senderID=0 sn=3 view=0
02:58:59.880 DBG Sending COMMIT. senderID=0 sn=5 view=0
02:58:59.880 DBG Sending PREPARE. senderID=0 sn=4 view=0
02:58:59.882 INF Committed entry. latency=0 nReq=0 sn=5
02:58:59.882 DBG Starting timer. sn=8 view=0
02:58:59.882 DBG Sending COMMIT. senderID=0 sn=4 view=0
02:58:59.882 INF Committed entry. latency=0 nReq=0 sn=3
02:58:59.882 INF Delivered batch. nReq=0 sn=3
02:58:59.883 DBG Starting timer. sn=6 view=0
02:58:59.884 INF Committed entry. latency=0 nReq=0 sn=4
02:58:59.884 INF Delivered batch. nReq=0 sn=4
02:58:59.884 INF Delivered batch. nReq=0 sn=5
02:58:59.884 DBG Starting timer. sn=7 view=0
02:58:59.905 INF Incoming connection for requests. addr=127.0.0.1:46402
02:59:00.878 DBG Batch ready. batchSize=4096
02:59:00.879 DBG Batch cut. left=0 nBuckets=21 nReq=81 next=0
02:59:00.879 DBG Waiting for batch. batchSize=4096
02:59:00.881 INF Sending PREPREPARE. nReq=81 senderID=0 sn=6 view=0
02:59:00.892 INF Handling PREPREPARE. nReq=80 senderID=3 sn=8
02:59:00.892 DBG Creating new Batch. nReq=80
02:59:00.895 INF Handling PREPREPARE. nReq=84 senderID=2 sn=7
02:59:00.895 DBG Creating new Batch. nReq=84
02:59:00.900 DBG Sending PREPARE. senderID=0 sn=8 view=0
02:59:00.901 DBG Sending COMMIT. senderID=0 sn=6 view=0
02:59:00.902 INF Committed entry. latency=0 nReq=81 sn=6
02:59:00.902 INF Delivered batch. nReq=81 sn=6
02:59:00.902 DBG Starting timer. sn=9 view=0
02:59:00.903 DBG Sending COMMIT. senderID=0 sn=8 view=0
02:59:00.905 DBG Sending PREPARE. senderID=0 sn=7 view=0
02:59:00.905 INF Committed entry. latency=0 nReq=80 sn=8
02:59:00.905 DBG Sending COMMIT. senderID=0 sn=7 view=0
02:59:00.905 DBG Starting timer. sn=11 view=0
02:59:00.908 INF Committed entry. latency=0 nReq=84 sn=7
02:59:00.908 INF Delivered batch. nReq=84 sn=7
02:59:00.908 INF Delivered batch. nReq=80 sn=8
02:59:00.909 DBG Starting timer. sn=10 view=0
02:59:01.881 DBG Batch ready. batchSize=4096
02:59:01.881 DBG Batch cut. left=0 nBuckets=21 nReq=84 next=0
02:59:01.882 DBG Waiting for batch. batchSize=4096
02:59:01.884 INF Sending PREPREPARE. nReq=84 senderID=0 sn=9 view=0
02:59:01.893 INF Handling PREPREPARE. nReq=84 senderID=3 sn=11
02:59:01.893 DBG Creating new Batch. nReq=84
02:59:01.894 INF Handling PREPREPARE. nReq=88 senderID=2 sn=10
02:59:01.894 DBG Creating new Batch. nReq=88
02:59:01.902 DBG Sending PREPARE. senderID=0 sn=11 view=0
02:59:01.905 DBG Sending PREPARE. senderID=0 sn=10 view=0
02:59:01.905 DBG Sending COMMIT. senderID=0 sn=11 view=0
02:59:01.907 DBG Sending COMMIT. senderID=0 sn=9 view=0
02:59:01.907 INF Committed entry. latency=0 nReq=84 sn=11
02:59:01.907 DBG Starting timer. sn=14 view=0
02:59:01.908 DBG Sending COMMIT. senderID=0 sn=10 view=0
02:59:01.908 INF Committed entry. latency=0 nReq=84 sn=9
02:59:01.908 INF Delivered batch. nReq=84 sn=9
02:59:01.909 DBG Starting timer. sn=12 view=0
02:59:01.909 INF Committed entry. latency=0 nReq=88 sn=10
02:59:01.909 INF Delivered batch. nReq=88 sn=10
02:59:01.910 INF Delivered batch. nReq=84 sn=11
02:59:01.910 DBG Starting timer. sn=13 view=0
02:59:02.882 DBG Batch ready. batchSize=4096
02:59:02.883 DBG Batch cut. left=0 nBuckets=21 nReq=84 next=0
02:59:02.883 DBG Waiting for batch. batchSize=4096
02:59:02.884 INF Sending PREPREPARE. nReq=84 senderID=0 sn=12 view=0
02:59:02.894 INF Handling PREPREPARE. nReq=85 senderID=3 sn=14
02:59:02.894 DBG Creating new Batch. nReq=85
02:59:02.896 INF Handling PREPREPARE. nReq=88 senderID=2 sn=13
02:59:02.896 DBG Creating new Batch. nReq=88
02:59:02.904 DBG Sending PREPARE. senderID=0 sn=14 view=0
02:59:02.905 DBG Sending COMMIT. senderID=0 sn=14 view=0
02:59:02.906 DBG Sending PREPARE. senderID=0 sn=13 view=0
02:59:02.907 DBG Sending COMMIT. senderID=0 sn=12 view=0
02:59:02.907 INF Committed entry. latency=0 nReq=85 sn=14
02:59:02.908 DBG Starting timer. sn=17 view=0
02:59:02.908 DBG Sending COMMIT. senderID=0 sn=13 view=0
02:59:02.908 INF Committed entry. latency=0 nReq=88 sn=13
02:59:02.908 INF Committed entry. latency=0 nReq=84 sn=12
02:59:02.909 INF Delivered batch. nReq=84 sn=12
02:59:02.909 INF Delivered batch. nReq=88 sn=13
02:59:02.909 INF Delivered batch. nReq=85 sn=14
02:59:02.909 DBG Starting timer. sn=16 view=0
02:59:02.909 DBG Starting timer. sn=15 view=0
02:59:03.884 DBG Batch ready. batchSize=4096
02:59:03.884 DBG Batch cut. left=0 nBuckets=21 nReq=84 next=0
02:59:03.885 DBG Waiting for batch. batchSize=4096
02:59:03.886 INF Sending PREPREPARE. nReq=84 senderID=0 sn=15 view=0
02:59:03.896 INF Handling PREPREPARE. nReq=84 senderID=3 sn=17
02:59:03.896 DBG Creating new Batch. nReq=84
02:59:03.898 INF Handling PREPREPARE. nReq=88 senderID=2 sn=16
02:59:03.898 DBG Creating new Batch. nReq=88
02:59:03.905 DBG Sending PREPARE. senderID=0 sn=17 view=0
02:59:03.908 DBG Sending PREPARE. senderID=0 sn=16 view=0
02:59:03.908 DBG Sending COMMIT. senderID=0 sn=15 view=0
02:59:03.909 DBG Sending COMMIT. senderID=0 sn=17 view=0
02:59:03.909 DBG Sending COMMIT. senderID=0 sn=16 view=0
02:59:03.910 INF Committed entry. latency=0 nReq=84 sn=15
02:59:03.910 INF Delivered batch. nReq=84 sn=15
02:59:03.910 DBG Starting timer. sn=18 view=0
02:59:03.911 INF Committed entry. latency=0 nReq=88 sn=16
02:59:03.911 INF Committed entry. latency=0 nReq=84 sn=17
02:59:03.911 INF Delivered batch. nReq=88 sn=16
02:59:03.911 INF Delivered batch. nReq=84 sn=17
02:59:03.911 DBG Starting timer. sn=19 view=0
02:59:03.911 DBG Starting timer. sn=20 view=0
02:59:04.886 DBG Batch ready. batchSize=4096
02:59:04.886 DBG Batch cut. left=0 nBuckets=21 nReq=84 next=0
02:59:04.887 DBG Waiting for batch. batchSize=4096
02:59:04.889 INF Sending PREPREPARE. nReq=84 senderID=0 sn=18 view=0
02:59:04.897 INF Handling PREPREPARE. nReq=84 senderID=3 sn=20
02:59:04.897 DBG Creating new Batch. nReq=84
02:59:04.900 INF Handling PREPREPARE. nReq=89 senderID=2 sn=19
02:59:04.900 DBG Creating new Batch. nReq=89
02:59:04.910 DBG Sending COMMIT. senderID=0 sn=18 view=0
02:59:04.911 DBG Sending PREPARE. senderID=0 sn=20 view=0
02:59:04.911 DBG Sending PREPARE. senderID=0 sn=19 view=0
02:59:04.911 INF Committed entry. latency=0 nReq=84 sn=18
02:59:04.911 DBG Sending COMMIT. senderID=0 sn=19 view=0
02:59:04.911 INF Delivered batch. nReq=84 sn=18
02:59:04.912 DBG Starting timer. sn=21 view=0
02:59:04.912 DBG Sending COMMIT. senderID=0 sn=20 view=0
02:59:04.914 INF Committed entry. latency=0 nReq=84 sn=20
02:59:04.915 INF Committed entry. latency=0 nReq=89 sn=19
02:59:04.915 INF Delivered batch. nReq=89 sn=19
02:59:04.915 INF Delivered batch. nReq=84 sn=20
02:59:04.915 DBG Starting timer. sn=23 view=0
02:59:04.915 DBG Starting timer. sn=22 view=0
02:59:05.888 DBG Batch ready. batchSize=4096
02:59:05.888 DBG Batch cut. left=0 nBuckets=21 nReq=84 next=0
02:59:05.888 DBG Waiting for batch. batchSize=4096
02:59:05.890 INF Sending PREPREPARE. nReq=84 senderID=0 sn=21 view=0
02:59:05.901 INF Handling PREPREPARE. nReq=84 senderID=3 sn=23
02:59:05.901 DBG Creating new Batch. nReq=84
02:59:05.906 INF Handling PREPREPARE. nReq=88 senderID=2 sn=22
02:59:05.906 DBG Creating new Batch. nReq=88
02:59:05.912 DBG Sending PREPARE. senderID=0 sn=23 view=0
02:59:05.913 DBG Sending COMMIT. senderID=0 sn=21 view=0
02:59:05.913 DBG Sending COMMIT. senderID=0 sn=23 view=0
02:59:05.914 INF Committed entry. latency=0 nReq=84 sn=21
02:59:05.914 INF Committed entry. latency=0 nReq=84 sn=23
02:59:05.914 INF Delivered batch. nReq=84 sn=21
02:59:05.914 DBG Starting timer. sn=24 view=0
02:59:05.914 DBG Starting timer. sn=26 view=0
02:59:05.915 DBG Sending PREPARE. senderID=0 sn=22 view=0
02:59:05.916 DBG Sending COMMIT. senderID=0 sn=22 view=0
02:59:05.918 INF Committed entry. latency=0 nReq=88 sn=22
02:59:05.918 INF Delivered batch. nReq=88 sn=22
02:59:05.918 INF Delivered batch. nReq=84 sn=23
02:59:05.918 DBG Starting timer. sn=25 view=0
02:59:06.889 DBG Batch ready. batchSize=4096
02:59:06.889 DBG Batch cut. left=0 nBuckets=21 nReq=84 next=0
02:59:06.889 DBG Waiting for batch. batchSize=4096
02:59:06.891 INF Sending PREPREPARE. nReq=84 senderID=0 sn=24 view=0
02:59:06.902 INF Handling PREPREPARE. nReq=85 senderID=3 sn=26
02:59:06.903 DBG Creating new Batch. nReq=85
02:59:06.905 INF Handling PREPREPARE. nReq=88 senderID=2 sn=25
02:59:06.906 DBG Creating new Batch. nReq=88
02:59:06.913 DBG Sending COMMIT. senderID=0 sn=24 view=0
02:59:06.914 DBG Sending PREPARE. senderID=0 sn=26 view=0
02:59:06.914 DBG Sending COMMIT. senderID=0 sn=26 view=0
02:59:06.914 DBG Sending PREPARE. senderID=0 sn=25 view=0
02:59:06.915 INF Committed entry. latency=0 nReq=84 sn=24
02:59:06.915 INF Delivered batch. nReq=84 sn=24
02:59:06.915 DBG Starting timer. sn=27 view=0
02:59:06.917 DBG Sending COMMIT. senderID=0 sn=25 view=0
02:59:06.917 INF Committed entry. latency=0 nReq=85 sn=26
02:59:06.917 DBG Starting timer. sn=29 view=0
02:59:06.918 INF Committed entry. latency=0 nReq=88 sn=25
02:59:06.919 INF Delivered batch. nReq=88 sn=25
02:59:06.919 INF Delivered batch. nReq=85 sn=26
02:59:06.919 DBG Starting timer. sn=28 view=0
02:59:07.891 DBG Batch ready. batchSize=4096
02:59:07.891 DBG Batch cut. left=0 nBuckets=21 nReq=84 next=0
02:59:07.892 DBG Waiting for batch. batchSize=4096
02:59:07.893 INF Sending PREPREPARE. nReq=84 senderID=0 sn=27 view=0
02:59:07.902 INF Handling PREPREPARE. nReq=84 senderID=3 sn=29
02:59:07.902 DBG Creating new Batch. nReq=84
02:59:07.908 INF Handling PREPREPARE. nReq=88 senderID=2 sn=28
02:59:07.908 DBG Creating new Batch. nReq=88
02:59:07.915 DBG Sending COMMIT. senderID=0 sn=27 view=0
02:59:07.915 DBG Sending PREPARE. senderID=0 sn=29 view=0
02:59:07.916 DBG Sending COMMIT. senderID=0 sn=29 view=0
02:59:07.916 INF Committed entry. latency=0 nReq=84 sn=27
02:59:07.917 INF Delivered batch. nReq=84 sn=27
02:59:07.917 DBG Starting timer. sn=30 view=0
02:59:07.918 DBG Sending PREPARE. senderID=0 sn=28 view=0
02:59:07.919 INF Committed entry. latency=0 nReq=84 sn=29
02:59:07.919 DBG Starting timer. sn=32 view=0
02:59:07.919 DBG Sending COMMIT. senderID=0 sn=28 view=0
02:59:07.921 INF Committed entry. latency=0 nReq=88 sn=28
02:59:07.921 INF Delivered batch. nReq=88 sn=28
02:59:07.921 INF Delivered batch. nReq=84 sn=29
02:59:07.922 DBG Starting timer. sn=31 view=0
02:59:08.893 DBG Batch ready. batchSize=4096
02:59:08.894 DBG Batch cut. left=0 nBuckets=21 nReq=84 next=0
02:59:08.894 DBG Waiting for batch. batchSize=4096
02:59:08.895 INF Sending PREPREPARE. nReq=84 senderID=0 sn=30 view=0
02:59:08.905 INF Handling PREPREPARE. nReq=84 senderID=3 sn=32
02:59:08.905 DBG Creating new Batch. nReq=84
02:59:08.909 INF Handling PREPREPARE. nReq=88 senderID=2 sn=31
02:59:08.909 DBG Creating new Batch. nReq=88
02:59:08.914 DBG Sending COMMIT. senderID=0 sn=30 view=0
02:59:08.915 DBG Sending PREPARE. senderID=0 sn=32 view=0
02:59:08.915 INF Committed entry. latency=0 nReq=84 sn=30
02:59:08.916 INF Delivered batch. nReq=84 sn=30
02:59:08.916 DBG Starting timer. sn=33 view=0
02:59:08.918 DBG Sending COMMIT. senderID=0 sn=32 view=0
02:59:08.919 DBG Sending PREPARE. senderID=0 sn=31 view=0
02:59:08.919 DBG Sending COMMIT. senderID=0 sn=31 view=0
02:59:08.919 INF Committed entry. latency=0 nReq=84 sn=32
02:59:08.920 DBG Starting timer. sn=35 view=0
02:59:08.921 INF Committed entry. latency=0 nReq=88 sn=31
02:59:08.921 INF Delivered batch. nReq=88 sn=31
02:59:08.921 INF Delivered batch. nReq=84 sn=32
02:59:08.922 DBG Starting timer. sn=34 view=0
02:59:09.894 DBG Batch ready. batchSize=4096
02:59:09.895 DBG Batch cut. left=0 nBuckets=21 nReq=85 next=0
02:59:09.895 DBG Waiting for batch. batchSize=4096
02:59:09.896 INF Sending PREPREPARE. nReq=85 senderID=0 sn=33 view=0
02:59:09.907 INF Handling PREPREPARE. nReq=84 senderID=3 sn=35
02:59:09.907 DBG Creating new Batch. nReq=84
02:59:09.910 INF Handling PREPREPARE. nReq=88 senderID=2 sn=34
02:59:09.910 DBG Creating new Batch. nReq=88
02:59:09.917 DBG Sending PREPARE. senderID=0 sn=35 view=0
02:59:09.918 DBG Sending COMMIT. senderID=0 sn=33 view=0
02:59:09.919 INF Committed entry. latency=0 nReq=85 sn=33
02:59:09.919 INF Delivered batch. nReq=85 sn=33
02:59:09.919 DBG Starting timer. sn=36 view=0
02:59:09.920 DBG Sending PREPARE. senderID=0 sn=34 view=0
02:59:09.920 DBG Sending COMMIT. senderID=0 sn=34 view=0
02:59:09.920 DBG Sending COMMIT. senderID=0 sn=35 view=0
02:59:09.921 INF Committed entry. latency=0 nReq=84 sn=35
02:59:09.921 DBG Starting timer. sn=38 view=0
02:59:09.923 INF Committed entry. latency=0 nReq=88 sn=34
02:59:09.923 INF Delivered batch. nReq=88 sn=34
02:59:09.923 INF Delivered batch. nReq=84 sn=35
02:59:09.923 DBG Starting timer. sn=37 view=0
02:59:10.896 DBG Batch ready. batchSize=4096
02:59:10.896 DBG Batch cut. left=0 nBuckets=21 nReq=84 next=0
02:59:10.897 DBG Waiting for batch. batchSize=4096
02:59:10.898 INF Sending PREPREPARE. nReq=84 senderID=0 sn=36 view=0
02:59:10.910 INF Handling PREPREPARE. nReq=84 senderID=3 sn=38
02:59:10.910 DBG Creating new Batch. nReq=84
02:59:10.913 INF Handling PREPREPARE. nReq=88 senderID=2 sn=37
02:59:10.914 DBG Creating new Batch. nReq=88
02:59:10.917 DBG Sending COMMIT. senderID=0 sn=36 view=0
02:59:10.918 INF Committed entry. latency=0 nReq=84 sn=36
02:59:10.918 INF Delivered batch. nReq=84 sn=36
02:59:10.919 DBG Starting timer. sn=39 view=0
02:59:10.920 DBG Sending PREPARE. senderID=0 sn=38 view=0
02:59:10.921 DBG Sending COMMIT. senderID=0 sn=38 view=0
02:59:10.922 DBG Sending PREPARE. senderID=0 sn=37 view=0
02:59:10.922 DBG Sending COMMIT. senderID=0 sn=37 view=0
02:59:10.922 INF Committed entry. latency=0 nReq=84 sn=38
02:59:10.923 DBG Starting timer. sn=41 view=0
02:59:10.927 INF Committed entry. latency=0 nReq=88 sn=37
02:59:10.927 INF Delivered batch. nReq=88 sn=37
02:59:10.927 INF Delivered batch. nReq=84 sn=38
02:59:10.927 DBG Starting timer. sn=40 view=0
02:59:11.897 DBG Batch ready. batchSize=4096
02:59:11.898 DBG Batch cut. left=0 nBuckets=21 nReq=85 next=0
02:59:11.898 DBG Waiting for batch. batchSize=4096
02:59:11.899 INF Sending PREPREPARE. nReq=85 senderID=0 sn=39 view=0
02:59:11.910 INF Handling PREPREPARE. nReq=84 senderID=3 sn=41
02:59:11.910 DBG Creating new Batch. nReq=84
02:59:11.914 INF Handling PREPREPARE. nReq=88 senderID=2 sn=40
02:59:11.914 DBG Creating new Batch. nReq=88
02:59:11.919 DBG Sending PREPARE. senderID=0 sn=41 view=0
02:59:11.921 DBG Sending COMMIT. senderID=0 sn=39 view=0
02:59:11.923 DBG Sending PREPARE. senderID=0 sn=40 view=0
02:59:11.923 DBG Sending COMMIT. senderID=0 sn=41 view=0
02:59:11.924 INF Committed entry. latency=0 nReq=85 sn=39
02:59:11.924 INF Delivered batch. nReq=85 sn=39
02:59:11.924 DBG Starting timer. sn=42 view=0
02:59:11.925 DBG Sending COMMIT. senderID=0 sn=40 view=0
02:59:11.926 INF Committed entry. latency=0 nReq=84 sn=41
02:59:11.926 DBG Starting timer. sn=44 view=0
02:59:11.927 INF Committed entry. latency=0 nReq=88 sn=40
02:59:11.927 INF Delivered batch. nReq=88 sn=40
02:59:11.927 INF Delivered batch. nReq=84 sn=41
02:59:11.927 DBG Starting timer. sn=43 view=0
02:59:12.898 DBG Batch ready. batchSize=4096
02:59:12.899 DBG Batch cut. left=0 nBuckets=21 nReq=84 next=0
02:59:12.899 DBG Waiting for batch. batchSize=4096
02:59:12.900 INF Sending PREPREPARE. nReq=84 senderID=0 sn=42 view=0
02:59:12.912 INF Handling PREPREPARE. nReq=84 senderID=3 sn=44
02:59:12.913 DBG Creating new Batch. nReq=84
02:59:12.916 INF Handling PREPREPARE. nReq=89 senderID=2 sn=43
02:59:12.916 DBG Creating new Batch. nReq=89
02:59:12.920 DBG Sending COMMIT. senderID=0 sn=42 view=0
02:59:12.921 INF Committed entry. latency=0 nReq=84 sn=42
02:59:12.922 INF Delivered batch. nReq=84 sn=42
02:59:12.922 DBG Starting timer. sn=45 view=0
02:59:12.922 DBG Sending PREPARE. senderID=0 sn=44 view=0
02:59:12.924 DBG Sending COMMIT. senderID=0 sn=44 view=0
02:59:12.926 INF Committed entry. latency=0 nReq=84 sn=44
02:59:12.926 DBG Starting timer. sn=47 view=0
02:59:12.926 DBG Sending PREPARE. senderID=0 sn=43 view=0
02:59:12.927 DBG Sending COMMIT. senderID=0 sn=43 view=0
02:59:12.929 INF Committed entry. latency=0 nReq=89 sn=43
02:59:12.930 INF Delivered batch. nReq=89 sn=43
02:59:12.930 INF Delivered batch. nReq=84 sn=44
02:59:12.930 DBG Starting timer. sn=46 view=0
02:59:13.900 DBG Batch ready. batchSize=4096
02:59:13.900 DBG Batch cut. left=0 nBuckets=21 nReq=84 next=0
02:59:13.901 DBG Waiting for batch. batchSize=4096
02:59:13.902 INF Sending PREPREPARE. nReq=84 senderID=0 sn=45 view=0
02:59:13.914 INF Handling PREPREPARE. nReq=84 senderID=3 sn=47
02:59:13.914 DBG Creating new Batch. nReq=84
02:59:13.916 INF Handling PREPREPARE. nReq=88 senderID=2 sn=46
02:59:13.916 DBG Creating new Batch. nReq=88
02:59:13.923 DBG Sending COMMIT. senderID=0 sn=45 view=0
02:59:13.924 DBG Sending PREPARE. senderID=0 sn=47 view=0
02:59:13.924 DBG Sending COMMIT. senderID=0 sn=47 view=0
02:59:13.925 INF Committed entry. latency=0 nReq=84 sn=45
02:59:13.925 INF Delivered batch. nReq=84 sn=45
02:59:13.925 DBG Starting timer. sn=48 view=0
02:59:13.926 DBG Sending PREPARE. senderID=0 sn=46 view=0
02:59:13.927 INF Committed entry. latency=0 nReq=84 sn=47
02:59:13.927 DBG Starting timer. sn=50 view=0
02:59:13.928 DBG Sending COMMIT. senderID=0 sn=46 view=0
02:59:13.929 INF Committed entry. latency=0 nReq=88 sn=46
02:59:13.929 INF Delivered batch. nReq=88 sn=46
02:59:13.929 INF Delivered batch. nReq=84 sn=47
02:59:13.929 DBG Starting timer. sn=49 view=0
02:59:14.902 DBG Batch ready. batchSize=4096
02:59:14.902 DBG Batch cut. left=0 nBuckets=21 nReq=84 next=0
02:59:14.902 DBG Waiting for batch. batchSize=4096
02:59:14.904 INF Sending PREPREPARE. nReq=84 senderID=0 sn=48 view=0
02:59:14.916 INF Handling PREPREPARE. nReq=85 senderID=3 sn=50
02:59:14.916 DBG Creating new Batch. nReq=85
02:59:14.919 INF Handling PREPREPARE. nReq=88 senderID=2 sn=49
02:59:14.919 DBG Creating new Batch. nReq=88
02:59:14.925 DBG Sending COMMIT. senderID=0 sn=48 view=0
02:59:14.926 DBG Sending PREPARE. senderID=0 sn=50 view=0
02:59:14.926 INF Committed entry. latency=0 nReq=84 sn=48
02:59:14.926 INF Delivered batch. nReq=84 sn=48
02:59:14.927 DBG Starting timer. sn=51 view=0
02:59:14.927 DBG Sending COMMIT. senderID=0 sn=50 view=0
02:59:14.928 DBG Sending PREPARE. senderID=0 sn=49 view=0
02:59:14.928 DBG Sending COMMIT. senderID=0 sn=49 view=0
02:59:14.929 INF Committed entry. latency=0 nReq=85 sn=50
02:59:14.930 DBG Starting timer. sn=53 view=0
02:59:14.932 INF Committed entry. latency=0 nReq=88 sn=49
02:59:14.932 INF Delivered batch. nReq=88 sn=49
02:59:14.932 INF Delivered batch. nReq=85 sn=50
02:59:14.933 DBG Starting timer. sn=52 view=0
02:59:15.903 DBG Batch ready. batchSize=4096
02:59:15.904 DBG Batch cut. left=0 nBuckets=21 nReq=84 next=0
02:59:15.904 DBG Waiting for batch. batchSize=4096
02:59:15.905 INF Sending PREPREPARE. nReq=84 senderID=0 sn=51 view=0
02:59:15.918 INF Handling PREPREPARE. nReq=84 senderID=3 sn=53
02:59:15.919 DBG Creating new Batch. nReq=84
02:59:15.919 INF Handling PREPREPARE. nReq=88 senderID=2 sn=52
02:59:15.920 DBG Creating new Batch. nReq=88
02:59:15.925 DBG Sending COMMIT. senderID=0 sn=51 view=0
02:59:15.927 INF Committed entry. latency=0 nReq=84 sn=51
02:59:15.927 INF Delivered batch. nReq=84 sn=51
02:59:15.927 DBG Starting timer. sn=54 view=0
02:59:15.930 DBG Sending PREPARE. senderID=0 sn=53 view=0
02:59:15.930 DBG Sending COMMIT. senderID=0 sn=53 view=0
02:59:15.930 DBG Sending PREPARE. senderID=0 sn=52 view=0
02:59:15.930 DBG Sending COMMIT. senderID=0 sn=52 view=0
02:59:15.933 INF Committed entry. latency=0 nReq=84 sn=53
02:59:15.933 INF Delivered batch. nReq=88 sn=52
02:59:15.933 INF Committed entry. latency=0 nReq=88 sn=52
02:59:15.934 INF Delivered batch. nReq=84 sn=53
02:59:15.934 DBG Starting timer. sn=56 view=0
02:59:15.934 DBG Starting timer. sn=55 view=0
02:59:16.905 DBG Batch ready. batchSize=4096
02:59:16.906 DBG Batch cut. left=0 nBuckets=21 nReq=84 next=0
02:59:16.906 DBG Waiting for batch. batchSize=4096
02:59:16.908 INF Sending PREPREPARE. nReq=84 senderID=0 sn=54 view=0
02:59:16.920 INF Handling PREPREPARE. nReq=84 senderID=3 sn=56
02:59:16.920 DBG Creating new Batch. nReq=84
02:59:16.921 INF Handling PREPREPARE. nReq=88 senderID=2 sn=55
02:59:16.921 DBG Creating new Batch. nReq=88
02:59:16.927 DBG Sending COMMIT. senderID=0 sn=54 view=0
02:59:16.929 INF Committed entry. latency=0 nReq=84 sn=54
02:59:16.929 DBG Sending PREPARE. senderID=0 sn=56 view=0
02:59:16.929 INF Delivered batch. nReq=84 sn=54
02:59:16.929 DBG Starting timer. sn=57 view=0
02:59:16.931 DBG Sending PREPARE. senderID=0 sn=55 view=0
02:59:16.931 DBG Sending COMMIT. senderID=0 sn=56 view=0
02:59:16.932 DBG Sending COMMIT. senderID=0 sn=55 view=0
02:59:16.933 INF Committed entry. latency=0 nReq=84 sn=56
02:59:16.933 DBG Starting timer. sn=59 view=0
02:59:16.934 INF Committed entry. latency=0 nReq=88 sn=55
02:59:16.934 INF Delivered batch. nReq=88 sn=55
02:59:16.934 INF Delivered batch. nReq=84 sn=56
02:59:16.934 DBG Starting timer. sn=58 view=0
02:59:17.908 DBG Batch ready. batchSize=4096
02:59:17.908 DBG Batch cut. left=0 nBuckets=21 nReq=84 next=0
02:59:17.908 DBG Waiting for batch. batchSize=4096
02:59:17.910 INF Sending PREPREPARE. nReq=84 senderID=0 sn=57 view=0
02:59:17.921 INF Handling PREPREPARE. nReq=84 senderID=3 sn=59
02:59:17.921 DBG Creating new Batch. nReq=84
02:59:17.923 INF Handling PREPREPARE. nReq=88 senderID=2 sn=58
02:59:17.923 DBG Creating new Batch. nReq=88
02:59:17.930 DBG Sending PREPARE. senderID=0 sn=59 view=0
02:59:17.932 DBG Sending COMMIT. senderID=0 sn=57 view=0
02:59:17.933 DBG Sending PREPARE. senderID=0 sn=58 view=0
02:59:17.933 DBG Sending COMMIT. senderID=0 sn=59 view=0
02:59:17.934 INF Committed entry. latency=0 nReq=84 sn=57
02:59:17.934 INF Delivered batch. nReq=84 sn=57
02:59:17.934 DBG Starting timer. sn=60 view=0
02:59:17.935 DBG Sending COMMIT. senderID=0 sn=58 view=0
02:59:17.935 INF Committed entry. latency=0 nReq=84 sn=59
02:59:17.936 DBG Starting timer. sn=62 view=0
02:59:17.937 INF Committed entry. latency=0 nReq=88 sn=58
02:59:17.937 INF Delivered batch. nReq=88 sn=58
02:59:17.937 INF Delivered batch. nReq=84 sn=59
02:59:17.937 DBG Starting timer. sn=61 view=0
02:59:18.909 DBG Batch ready. batchSize=4096
02:59:18.910 DBG Batch cut. left=0 nBuckets=21 nReq=85 next=0
02:59:18.910 DBG Waiting for batch. batchSize=4096
02:59:18.911 INF Sending PREPREPARE. nReq=85 senderID=0 sn=60 view=0
02:59:18.922 INF Handling PREPREPARE. nReq=88 senderID=2 sn=61
02:59:18.923 DBG Creating new Batch. nReq=88
02:59:18.923 INF Handling PREPREPARE. nReq=84 senderID=3 sn=62
02:59:18.923 DBG Creating new Batch. nReq=84
02:59:18.931 DBG Sending COMMIT. senderID=0 sn=60 view=0
02:59:18.932 INF Committed entry. latency=0 nReq=85 sn=60
02:59:18.933 INF Delivered batch. nReq=85 sn=60
02:59:18.933 DBG Starting timer. sn=63 view=0
02:59:18.933 DBG Sending PREPARE. senderID=0 sn=61 view=0
02:59:18.933 DBG Sending COMMIT. senderID=0 sn=61 view=0
02:59:18.935 DBG Sending PREPARE. senderID=0 sn=62 view=0
02:59:18.935 DBG Sending COMMIT. senderID=0 sn=62 view=0
02:59:18.936 INF Committed entry. latency=0 nReq=88 sn=61
02:59:18.936 INF Delivered batch. nReq=88 sn=61
02:59:18.936 DBG Starting timer. sn=64 view=0
02:59:18.937 INF Committed entry. latency=0 nReq=84 sn=62
02:59:18.937 INF Delivered batch. nReq=84 sn=62
02:59:18.937 DBG Starting timer. sn=65 view=0
02:59:19.911 DBG Batch ready. batchSize=4096
02:59:19.912 DBG Batch cut. left=0 nBuckets=21 nReq=84 next=0
02:59:19.912 DBG Waiting for batch. batchSize=4096
02:59:19.913 INF Sending PREPREPARE. nReq=84 senderID=0 sn=63 view=0
02:59:19.924 INF Handling PREPREPARE. nReq=89 senderID=2 sn=64
02:59:19.924 DBG Creating new Batch. nReq=89
02:59:19.926 INF Handling PREPREPARE. nReq=84 senderID=3 sn=65
02:59:19.926 DBG Creating new Batch. nReq=84
02:59:19.933 DBG Sending COMMIT. senderID=0 sn=63 view=0
02:59:19.933 DBG Sending PREPARE. senderID=0 sn=64 view=0
02:59:19.934 INF Committed entry. latency=0 nReq=84 sn=63
02:59:19.934 INF Delivered batch. nReq=84 sn=63
02:59:19.934 DBG Starting timer. sn=66 view=0
02:59:19.935 DBG Sending PREPARE. senderID=0 sn=65 view=0
02:59:19.935 DBG Sending COMMIT. senderID=0 sn=65 view=0
02:59:19.935 DBG Sending COMMIT. senderID=0 sn=64 view=0
02:59:19.936 INF Committed entry. latency=0 nReq=89 sn=64
02:59:19.937 INF Delivered batch. nReq=89 sn=64
02:59:19.937 DBG Starting timer. sn=67 view=0
02:59:19.938 INF Committed entry. latency=0 nReq=84 sn=65
02:59:19.938 INF Delivered batch. nReq=84 sn=65
02:59:19.938 DBG Starting timer. sn=68 view=0
02:59:20.913 DBG Batch ready. batchSize=4096
02:59:20.913 DBG Batch cut. left=0 nBuckets=21 nReq=84 next=0
02:59:20.913 DBG Waiting for batch. batchSize=4096
02:59:20.915 INF Sending PREPREPARE. nReq=84 senderID=0 sn=66 view=0
02:59:20.926 INF Handling PREPREPARE. nReq=88 senderID=2 sn=67
02:59:20.927 DBG Creating new Batch. nReq=88
02:59:20.929 INF Handling PREPREPARE. nReq=84 senderID=3 sn=68
02:59:20.929 DBG Creating new Batch. nReq=84
02:59:20.937 DBG Sending PREPARE. senderID=0 sn=67 view=0
02:59:20.938 DBG Sending COMMIT. senderID=0 sn=66 view=0
02:59:20.938 INF Committed entry. latency=0 nReq=84 sn=66
02:59:20.938 INF Delivered batch. nReq=84 sn=66
02:59:20.938 DBG Starting timer. sn=69 view=0
02:59:20.939 DBG Sending PREPARE. senderID=0 sn=68 view=0
02:59:20.940 DBG Sending COMMIT. senderID=0 sn=68 view=0
02:59:20.940 DBG Sending COMMIT. senderID=0 sn=67 view=0
02:59:20.942 INF Committed entry. latency=0 nReq=84 sn=68
02:59:20.942 INF Committed entry. latency=0 nReq=88 sn=67
02:59:20.942 INF Delivered batch. nReq=88 sn=67
02:59:20.942 INF Delivered batch. nReq=84 sn=68
02:59:20.942 DBG Starting timer. sn=71 view=0
02:59:20.942 DBG Starting timer. sn=70 view=0
02:59:21.914 DBG Batch ready. batchSize=4096
02:59:21.915 DBG Batch cut. left=0 nBuckets=21 nReq=84 next=0
02:59:21.915 DBG Waiting for batch. batchSize=4096
02:59:21.916 INF Sending PREPREPARE. nReq=84 senderID=0 sn=69 view=0
02:59:21.929 INF Handling PREPREPARE. nReq=88 senderID=2 sn=70
02:59:21.929 DBG Creating new Batch. nReq=88
02:59:21.931 INF Handling PREPREPARE. nReq=84 senderID=3 sn=71
02:59:21.931 DBG Creating new Batch. nReq=84
02:59:21.936 DBG Sending COMMIT. senderID=0 sn=69 view=0
02:59:21.937 DBG Sending PREPARE. senderID=0 sn=70 view=0
02:59:21.938 INF Committed entry. latency=0 nReq=84 sn=69
02:59:21.938 INF Delivered batch. nReq=84 sn=69
02:59:21.938 DBG Starting timer. sn=72 view=0
02:59:21.941 DBG Sending PREPARE. senderID=0 sn=71 view=0
02:59:21.943 DBG Sending COMMIT. senderID=0 sn=70 view=0
02:59:21.943 DBG Sending COMMIT. senderID=0 sn=71 view=0
02:59:21.945 INF Committed entry. latency=0 nReq=84 sn=71
02:59:21.945 INF Committed entry. latency=0 nReq=88 sn=70
02:59:21.945 INF Delivered batch. nReq=88 sn=70
02:59:21.945 INF Delivered batch. nReq=84 sn=71
02:59:21.945 DBG Starting timer. sn=74 view=0
02:59:21.945 DBG Starting timer. sn=73 view=0
02:59:22.916 DBG Batch ready. batchSize=4096
02:59:22.916 DBG Batch cut. left=0 nBuckets=21 nReq=84 next=0
02:59:22.917 DBG Waiting for batch. batchSize=4096
02:59:22.918 INF Sending PREPREPARE. nReq=84 senderID=0 sn=72 view=0
02:59:22.929 INF Handling PREPREPARE. nReq=89 senderID=2 sn=73
02:59:22.929 DBG Creating new Batch. nReq=89
02:59:22.933 INF Handling PREPREPARE. nReq=85 senderID=3 sn=74
02:59:22.933 DBG Creating new Batch. nReq=85
02:59:22.938 DBG Sending PREPARE. senderID=0 sn=73 view=0
02:59:22.940 DBG Sending COMMIT. senderID=0 sn=72 view=0
02:59:22.941 INF Committed entry. latency=0 nReq=84 sn=72
02:59:22.941 DBG Sending COMMIT. senderID=0 sn=73 view=0
02:59:22.941 INF Delivered batch. nReq=84 sn=72
02:59:22.941 DBG Starting timer. sn=75 view=0
02:59:22.942 INF Committed entry. latency=0 nReq=89 sn=73
02:59:22.942 INF Delivered batch. nReq=89 sn=73
02:59:22.942 DBG Starting timer. sn=76 view=0
02:59:22.942 DBG Sending PREPARE. senderID=0 sn=74 view=0
02:59:22.943 DBG Sending COMMIT. senderID=0 sn=74 view=0
02:59:22.945 INF Committed entry. latency=0 nReq=85 sn=74
02:59:22.945 INF Delivered batch. nReq=85 sn=74
02:59:22.946 DBG Starting timer. sn=77 view=0
02:59:23.918 DBG Batch ready. batchSize=4096
02:59:23.918 DBG Batch cut. left=0 nBuckets=21 nReq=84 next=0
02:59:23.918 DBG Waiting for batch. batchSize=4096
02:59:23.920 INF Sending PREPREPARE. nReq=84 senderID=0 sn=75 view=0
02:59:23.930 INF Handling PREPREPARE. nReq=88 senderID=2 sn=76
02:59:23.930 DBG Creating new Batch. nReq=88
02:59:23.934 INF Handling PREPREPARE. nReq=84 senderID=3 sn=77
02:59:23.934 DBG Creating new Batch. nReq=84
02:59:23.940 DBG Sending PREPARE. senderID=0 sn=76 view=0
02:59:23.942 DBG Sending PREPARE. senderID=0 sn=77 view=0
02:59:23.943 DBG Sending COMMIT. senderID=0 sn=76 view=0
02:59:23.943 DBG Sending COMMIT. senderID=0 sn=75 view=0
02:59:23.944 DBG Sending COMMIT. senderID=0 sn=77 view=0
02:59:23.945 INF Committed entry. latency=0 nReq=84 sn=77
02:59:23.945 INF Committed entry. latency=0 nReq=88 sn=76
02:59:23.946 DBG Starting timer. sn=80 view=0
02:59:23.946 INF Delivered batch. nReq=84 sn=75
02:59:23.946 INF Committed entry. latency=0 nReq=84 sn=75
02:59:23.946 INF Delivered batch. nReq=88 sn=76
02:59:23.946 INF Delivered batch. nReq=84 sn=77
02:59:23.946 DBG Starting timer. sn=79 view=0
02:59:23.946 DBG Starting timer. sn=78 view=0
02:59:24.919 DBG Batch ready. batchSize=4096
02:59:24.920 DBG Batch cut. left=0 nBuckets=21 nReq=84 next=0
02:59:24.920 DBG Waiting for batch. batchSize=4096
02:59:24.921 INF Sending PREPREPARE. nReq=84 senderID=0 sn=78 view=0
02:59:24.933 INF Handling PREPREPARE. nReq=88 senderID=2 sn=79
02:59:24.933 DBG Creating new Batch. nReq=88
02:59:24.936 INF Handling PREPREPARE. nReq=84 senderID=3 sn=80
02:59:24.936 DBG Creating new Batch. nReq=84
02:59:24.942 DBG Sending COMMIT. senderID=0 sn=78 view=0
02:59:24.943 INF Committed entry. latency=0 nReq=84 sn=78
02:59:24.943 INF Delivered batch. nReq=84 sn=78
02:59:24.943 DBG Starting timer. sn=81 view=0
02:59:24.944 DBG Sending PREPARE. senderID=0 sn=79 view=0
02:59:24.945 DBG Sending COMMIT. senderID=0 sn=79 view=0
02:59:24.945 DBG Sending PREPARE. senderID=0 sn=80 view=0
02:59:24.946 DBG Sending COMMIT. senderID=0 sn=80 view=0
02:59:24.947 INF Committed entry. latency=0 nReq=88 sn=79
02:59:24.947 INF Delivered batch. nReq=88 sn=79
02:59:24.947 DBG Starting timer. sn=82 view=0
02:59:24.948 INF Committed entry. latency=0 nReq=84 sn=80
02:59:24.949 INF Delivered batch. nReq=84 sn=80
02:59:24.949 DBG Starting timer. sn=83 view=0
02:59:25.921 DBG Batch ready. batchSize=4096
02:59:25.922 DBG Batch cut. left=0 nBuckets=21 nReq=84 next=0
02:59:25.922 DBG Waiting for batch. batchSize=4096
02:59:25.923 INF Sending PREPREPARE. nReq=84 senderID=0 sn=81 view=0
02:59:25.935 INF Handling PREPREPARE. nReq=88 senderID=2 sn=82
02:59:25.935 DBG Creating new Batch. nReq=88
02:59:25.936 INF Handling PREPREPARE. nReq=84 senderID=3 sn=83
02:59:25.936 DBG Creating new Batch. nReq=84
02:59:25.944 DBG Sending COMMIT. senderID=0 sn=81 view=0
02:59:25.946 DBG Sending PREPARE. senderID=0 sn=82 view=0
02:59:25.946 INF Committed entry. latency=0 nReq=84 sn=81
02:59:25.946 INF Delivered batch. nReq=84 sn=81
02:59:25.946 DBG Sending PREPARE. senderID=0 sn=83 view=0
02:59:25.946 DBG Starting timer. sn=84 view=0
02:59:25.946 DBG Sending COMMIT. senderID=0 sn=82 view=0
02:59:25.947 DBG Sending COMMIT. senderID=0 sn=83 view=0
02:59:25.949 INF Committed entry. latency=0 nReq=84 sn=83
02:59:25.949 INF Committed entry. latency=0 nReq=88 sn=82
02:59:25.949 INF Delivered batch. nReq=88 sn=82
02:59:25.949 INF Delivered batch. nReq=84 sn=83
02:59:25.950 DBG Starting timer. sn=86 view=0
02:59:25.950 DBG Starting timer. sn=85 view=0
02:59:26.923 DBG Batch ready. batchSize=4096
02:59:26.924 DBG Batch cut. left=0 nBuckets=21 nReq=84 next=0
02:59:26.924 DBG Waiting for batch. batchSize=4096
02:59:26.926 INF Sending PREPREPARE. nReq=84 senderID=0 sn=84 view=0
02:59:26.935 INF Handling PREPREPARE. nReq=88 senderID=2 sn=85
02:59:26.935 DBG Creating new Batch. nReq=88
02:59:26.939 INF Handling PREPREPARE. nReq=84 senderID=3 sn=86
02:59:26.940 DBG Creating new Batch. nReq=84
02:59:26.946 DBG Sending PREPARE. senderID=0 sn=85 view=0
02:59:26.948 DBG Sending COMMIT. senderID=0 sn=84 view=0
02:59:26.948 DBG Sending PREPARE. senderID=0 sn=86 view=0
02:59:26.949 DBG Sending COMMIT. senderID=0 sn=85 view=0
02:59:26.949 INF Committed entry. latency=0 nReq=88 sn=85
02:59:26.949 DBG Starting timer. sn=88 view=0
02:59:26.950 INF Committed entry. latency=0 nReq=84 sn=84
02:59:26.950 DBG Sending COMMIT. senderID=0 sn=86 view=0
02:59:26.950 INF Delivered batch. nReq=84 sn=84
02:59:26.950 INF Delivered batch. nReq=88 sn=85
02:59:26.950 DBG Starting timer. sn=87 view=0
02:59:26.951 INF Committed entry. latency=0 nReq=84 sn=86
02:59:26.951 INF Delivered batch. nReq=84 sn=86
02:59:26.951 DBG Starting timer. sn=89 view=0
02:59:27.925 DBG Batch ready. batchSize=4096
02:59:27.926 DBG Batch cut. left=0 nBuckets=21 nReq=85 next=0
02:59:27.926 DBG Waiting for batch. batchSize=4096
02:59:27.928 INF Sending PREPREPARE. nReq=85 senderID=0 sn=87 view=0
02:59:27.937 INF Handling PREPREPARE. nReq=88 senderID=2 sn=88
02:59:27.937 DBG Creating new Batch. nReq=88
02:59:27.938 INF Handling PREPREPARE. nReq=84 senderID=3 sn=89
02:59:27.940 DBG Creating new Batch. nReq=84
02:59:27.948 DBG Sending PREPARE. senderID=0 sn=88 view=0
02:59:27.948 DBG Sending COMMIT. senderID=0 sn=88 view=0
02:59:27.949 DBG Sending PREPARE. senderID=0 sn=89 view=0
02:59:27.949 DBG Sending COMMIT. senderID=0 sn=89 view=0
02:59:27.950 DBG Sending COMMIT. senderID=0 sn=87 view=0
02:59:27.951 INF Committed entry. latency=0 nReq=88 sn=88
02:59:27.951 DBG Starting timer. sn=91 view=0
02:59:27.952 INF Committed entry. latency=0 nReq=84 sn=89
02:59:27.952 INF Committed entry. latency=0 nReq=85 sn=87
02:59:27.952 INF Delivered batch. nReq=85 sn=87
02:59:27.952 INF Delivered batch. nReq=88 sn=88
02:59:27.952 INF Delivered batch. nReq=84 sn=89
02:59:27.953 DBG Starting timer. sn=92 view=0
02:59:27.953 DBG Starting timer. sn=90 view=0
02:59:28.926 DBG Batch ready. batchSize=4096
02:59:28.927 DBG Batch cut. left=0 nBuckets=21 nReq=84 next=0
02:59:28.927 DBG Waiting for batch. batchSize=4096
02:59:28.929 INF Sending PREPREPARE. nReq=84 senderID=0 sn=90 view=0
02:59:28.938 INF Handling PREPREPARE. nReq=88 senderID=2 sn=91
02:59:28.938 DBG Creating new Batch. nReq=88
02:59:28.941 INF Handling PREPREPARE. nReq=84 senderID=3 sn=92
02:59:28.942 DBG Creating new Batch. nReq=84
02:59:28.948 DBG Sending COMMIT. senderID=0 sn=90 view=0
02:59:28.948 DBG Sending PREPARE. senderID=0 sn=91 view=0
02:59:28.949 DBG Sending COMMIT. senderID=0 sn=91 view=0
02:59:28.950 INF Committed entry. latency=0 nReq=84 sn=90
02:59:28.950 INF Delivered batch. nReq=84 sn=90
02:59:28.950 DBG Starting timer. sn=93 view=0
02:59:28.951 DBG Sending PREPARE. senderID=0 sn=92 view=0
02:59:28.951 DBG Sending COMMIT. senderID=0 sn=92 view=0
02:59:28.952 INF Committed entry. latency=0 nReq=88 sn=91
02:59:28.952 INF Delivered batch. nReq=88 sn=91
02:59:28.952 DBG Starting timer. sn=94 view=0
02:59:28.954 INF Committed entry. latency=0 nReq=84 sn=92
02:59:28.954 INF Delivered batch. nReq=84 sn=92
02:59:28.954 DBG Starting timer. sn=95 view=0
02:59:29.928 DBG Batch ready. batchSize=4096
02:59:29.928 DBG Batch cut. left=0 nBuckets=21 nReq=84 next=0
02:59:29.929 DBG Waiting for batch. batchSize=4096
02:59:29.930 INF Sending PREPREPARE. nReq=84 senderID=0 sn=93 view=0
02:59:29.941 INF Handling PREPREPARE. nReq=89 senderID=2 sn=94
02:59:29.941 DBG Creating new Batch. nReq=89
02:59:29.942 INF Handling PREPREPARE. nReq=84 senderID=3 sn=95
02:59:29.942 DBG Creating new Batch. nReq=84
02:59:29.951 DBG Sending COMMIT. senderID=0 sn=93 view=0
02:59:29.951 DBG Sending PREPARE. senderID=0 sn=94 view=0
02:59:29.952 DBG Sending COMMIT. senderID=0 sn=94 view=0
02:59:29.953 INF Committed entry. latency=0 nReq=84 sn=93
02:59:29.953 INF Delivered batch. nReq=84 sn=93
02:59:29.953 DBG Starting timer. sn=96 view=0
02:59:29.953 DBG Sending PREPARE. senderID=0 sn=95 view=0
02:59:29.955 DBG Sending COMMIT. senderID=0 sn=95 view=0
02:59:29.955 INF Committed entry. latency=0 nReq=89 sn=94
02:59:29.955 INF Delivered batch. nReq=89 sn=94
02:59:29.955 DBG Starting timer. sn=97 view=0
02:59:29.956 INF Committed entry. latency=0 nReq=84 sn=95
02:59:29.956 INF Delivered batch. nReq=84 sn=95
02:59:29.956 DBG Starting timer. sn=98 view=0
02:59:30.929 INF Connection terminated. error="rpc error: code = Canceled desc = context canceled" address=127.0.0.1:46402
02:59:30.930 DBG Batch ready. batchSize=4096
02:59:30.938 DBG Batch cut. left=0 nBuckets=21 nReq=0 next=0
02:59:30.938 INF Finished sending bucket assignments to client. clId=0
02:59:30.938 INF Sending PREPREPARE. nReq=0 senderID=0 sn=96 view=0
02:59:30.938 DBG Waiting for batch. batchSize=4096
02:59:30.939 INF Handling PREPREPARE. nReq=0 senderID=3 sn=98
02:59:30.939 INF Handling PREPREPARE. nReq=0 senderID=2 sn=97
02:59:30.939 DBG Creating new Batch. nReq=0
02:59:30.939 DBG Creating new Batch. nReq=0
02:59:30.939 DBG Sending PREPARE. senderID=0 sn=98 view=0
02:59:30.940 DBG Sending PREPARE. senderID=0 sn=97 view=0
02:59:30.940 DBG Sending COMMIT. senderID=0 sn=98 view=0
02:59:30.942 DBG Sending COMMIT. senderID=0 sn=96 view=0
02:59:30.942 DBG Sending COMMIT. senderID=0 sn=97 view=0
02:59:30.944 INF Committed entry. latency=0 nReq=0 sn=98
02:59:30.944 INF Committed entry. latency=0 nReq=0 sn=96
02:59:30.944 INF Committed entry. latency=0 nReq=0 sn=97
02:59:30.944 INF Delivered batch. nReq=0 sn=96
02:59:30.944 INF Delivered batch. nReq=0 sn=97
02:59:30.944 INF Delivered batch. nReq=0 sn=98
02:59:30.944 DBG Starting timer. sn=101 view=0
02:59:30.944 DBG Starting timer. sn=99 view=0
02:59:30.944 DBG Starting timer. sn=100 view=0
02:59:31.294 INF Stopping profiler.
02:59:31.294 INF Stopping Tracer. events=202 fileName=experiment-output/0001/slave-001/peer.trc
==================
WARNING: DATA RACE
Read at 0x00c000a20000 by goroutine 115:
  runtime.racereadrange()
      <autogenerated>:1 +0x1b
  github.com/hyperledger-labs/mirbft/tracing.(*BufferedTrace).StopOnSignal.func1()
      /opt/gopath/src/github.com/hyperledger-labs/mirbft/tracing/bufferedtrace.go:298 +0x4e

Previous write at 0x00c000a20000 by goroutine 411:
  github.com/hyperledger-labs/mirbft/tracing.(*BufferedTrace).Event()
      /opt/gopath/src/github.com/hyperledger-labs/mirbft/tracing/bufferedtrace.go:105 +0x2d9
  github.com/hyperledger-labs/mirbft/manager.(*MirManager).handleLogEntries()
      /opt/gopath/src/github.com/hyperledger-labs/mirbft/manager/mirmanager.go:139 +0x1d8
  github.com/hyperledger-labs/mirbft/manager.(*MirManager).Startdwrap7()
      /opt/gopath/src/github.com/hyperledger-labs/mirbft/manager/mirmanager.go:101 +0x47

Goroutine 115 (running) created at:
  github.com/hyperledger-labs/mirbft/tracing.(*BufferedTrace).StopOnSignal()
      /opt/gopath/src/github.com/hyperledger-labs/mirbft/tracing/bufferedtrace.go:292 +0x172
  main.setUpTracing()
      /opt/gopath/src/github.com/hyperledger-labs/mirbft/cmd/orderingpeer/main.go:204 +0xf5
  main.main()
      /opt/gopath/src/github.com/hyperledger-labs/mirbft/cmd/orderingpeer/main.go:98 +0x9d6

Goroutine 411 (running) created at:
  github.com/hyperledger-labs/mirbft/manager.(*MirManager).Start()
      /opt/gopath/src/github.com/hyperledger-labs/mirbft/manager/mirmanager.go:101 +0x19e
  main.maindwrap4()
      /opt/gopath/src/github.com/hyperledger-labs/mirbft/cmd/orderingpeer/main.go:168 +0x59
==================
==================
WARNING: DATA RACE
Read at 0x00c000a21ef0 by goroutine 115:
  runtime.racereadrange()
      <autogenerated>:1 +0x1b
  github.com/hyperledger-labs/mirbft/tracing.(*BufferedTrace).StopOnSignal.func1()
      /opt/gopath/src/github.com/hyperledger-labs/mirbft/tracing/bufferedtrace.go:298 +0x4e

Previous write at 0x00c000a21ef0 by goroutine 114:
  github.com/hyperledger-labs/mirbft/tracing.(*BufferedTrace).Event()
      /opt/gopath/src/github.com/hyperledger-labs/mirbft/tracing/bufferedtrace.go:105 +0x2d9
  github.com/hyperledger-labs/mirbft/profiling.StartCPUTracing.func1()
      /opt/gopath/src/github.com/hyperledger-labs/mirbft/profiling/cpuusage.go:31 +0x95

Goroutine 115 (running) created at:
  github.com/hyperledger-labs/mirbft/tracing.(*BufferedTrace).StopOnSignal()
      /opt/gopath/src/github.com/hyperledger-labs/mirbft/tracing/bufferedtrace.go:292 +0x172
  main.setUpTracing()
      /opt/gopath/src/github.com/hyperledger-labs/mirbft/cmd/orderingpeer/main.go:204 +0xf5
  main.main()
      /opt/gopath/src/github.com/hyperledger-labs/mirbft/cmd/orderingpeer/main.go:98 +0x9d6

Goroutine 114 (running) created at:
  github.com/hyperledger-labs/mirbft/profiling.StartCPUTracing()
      /opt/gopath/src/github.com/hyperledger-labs/mirbft/profiling/cpuusage.go:28 +0xb6
  main.setUpTracing()
      /opt/gopath/src/github.com/hyperledger-labs/mirbft/cmd/orderingpeer/main.go:196 +0x85
  main.main()
      /opt/gopath/src/github.com/hyperledger-labs/mirbft/cmd/orderingpeer/main.go:98 +0x9d6
==================
02:59:31.297 INF Trace data written.
02:59:31.363 INF Profile data written. filename=experiment-output/0001/slave-001/prof.block name=block
02:59:31.398 INF Profile data written. filename=experiment-output/0001/slave-001/prof.mutex name=mutex
02:59:31.494 INF Connection terminated. error="rpc error: code = Canceled desc = context canceled" address=127.0.0.1:46378
02:59:31.494 INF Connection terminated. error="rpc error: code = Canceled desc = context canceled" address=127.0.0.1:46272
02:59:31.494 INF Connection terminated. error="rpc error: code = Canceled desc = context canceled" address=127.0.0.1:46380
02:59:31.494 INF Connection terminated. error="rpc error: code = Canceled desc = context canceled" address=127.0.0.1:46304
02:59:31.494 INF Connection terminated. error="rpc error: code = Canceled desc = context canceled" address=127.0.0.1:46240
02:59:31.494 INF Connection terminated. error="rpc error: code = Canceled desc = context canceled" address=127.0.0.1:46384
02:59:31.617 INF Profile data written. filename=experiment-output/0001/slave-001/prof.cpu name=cpu
