{"level":"debug","Logging":"debug","time":"2022-11-29T10:05:46+08:00","message":"Config"}
{"level":"debug","UseTLS":false,"time":"2022-11-29T10:05:46+08:00","message":"Config"}
{"level":"debug","CACertFile":"tls-data/ca.pem","time":"2022-11-29T10:05:46+08:00","message":"Config"}
{"level":"debug","KeyFile":"tls-data/auth.key","time":"2022-11-29T10:05:46+08:00","message":"Config"}
{"level":"debug","CertFile":"tls-data/auth.pem","time":"2022-11-29T10:05:46+08:00","message":"Config"}
{"level":"debug","PriorityConnections":2,"time":"2022-11-29T10:05:46+08:00","message":"Config"}
{"level":"debug","BasicConnections":4,"time":"2022-11-29T10:05:46+08:00","message":"Config"}
{"level":"debug","TestConnections":false,"time":"2022-11-29T10:05:46+08:00","message":"Config"}
{"level":"debug","ExcessConnections":1,"time":"2022-11-29T10:05:46+08:00","message":"Config"}
{"level":"debug","ConnectionTestMsgs":4,"time":"2022-11-29T10:05:46+08:00","message":"Config"}
{"level":"debug","ConnectionTestPayload":131072,"time":"2022-11-29T10:05:46+08:00","message":"Config"}
{"level":"debug","OutMessageBufsize":1024,"time":"2022-11-29T10:05:46+08:00","message":"Config"}
{"level":"debug","OutMessageBufsize":1,"time":"2022-11-29T10:05:46+08:00","message":"Config"}
{"level":"debug","ThroughputCap":131072000,"time":"2022-11-29T10:05:46+08:00","message":"Config"}
{"level":"debug","StragglerTolerance":1000,"time":"2022-11-29T10:05:46+08:00","message":"Config"}
{"level":"debug","BatchSizeIncrement":256,"time":"2022-11-29T10:05:46+08:00","message":"Config"}
{"level":"debug","Orderer":"Pbft","time":"2022-11-29T10:05:46+08:00","message":"Config"}
{"level":"debug","Manager":"Mir","time":"2022-11-29T10:05:46+08:00","message":"Config"}
{"level":"debug","Failures":0,"time":"2022-11-29T10:05:46+08:00","message":"Config"}
{"level":"debug","StragglerCnt":1,"time":"2022-11-29T10:05:46+08:00","message":"Config"}
{"level":"debug","CrashTiming":"Straggler","time":"2022-11-29T10:05:46+08:00","message":"Config"}
{"level":"debug","CheckpointInterval":256,"time":"2022-11-29T10:05:46+08:00","message":"Config"}
{"level":"debug","WatermarkWindowSize":256,"time":"2022-11-29T10:05:46+08:00","message":"Config"}
{"level":"debug","EpochLength":256,"time":"2022-11-29T10:05:46+08:00","message":"Config"}
{"level":"debug","SegmentLength":64,"time":"2022-11-29T10:05:46+08:00","message":"Config"}
{"level":"debug","WaitForCheckpoints":true,"time":"2022-11-29T10:05:46+08:00","message":"Config"}
{"level":"debug","ClientWatermarkWindowSize":4194304,"time":"2022-11-29T10:05:46+08:00","message":"Config"}
{"level":"debug","ClientRequestBacklogSize":4194304,"time":"2022-11-29T10:05:46+08:00","message":"Config"}
{"level":"debug","RandomSeed":2879,"time":"2022-11-29T10:05:46+08:00","message":"Config"}
{"level":"debug","NodeToLeaderRatio":1,"time":"2022-11-29T10:05:46+08:00","message":"Config"}
{"level":"debug","LeaderPolicy":"Blacklist","time":"2022-11-29T10:05:46+08:00","message":"Config"}
{"level":"debug","DefaultLeaderBan":2,"time":"2022-11-29T10:05:46+08:00","message":"Config"}
{"level":"debug","NumBuckets":64,"time":"2022-11-29T10:05:46+08:00","message":"Config"}
{"level":"debug","BatchSize":1000,"time":"2022-11-29T10:05:46+08:00","message":"Config"}
{"level":"debug","DisabledViewChange":false,"time":"2022-11-29T10:05:46+08:00","message":"Config"}
{"level":"debug","ViewChangeTimeout":60000,"time":"2022-11-29T10:05:46+08:00","message":"Config"}
{"level":"debug","ClientTraceSampling":10,"time":"2022-11-29T10:05:46+08:00","message":"Config"}
{"level":"debug","EventBufferSize":2097152,"time":"2022-11-29T10:05:46+08:00","message":"Config"}
{"level":"debug","TraceSampling":1,"time":"2022-11-29T10:05:46+08:00","message":"Config"}
{"level":"debug","ClientsPerProcess":1,"time":"2022-11-29T10:05:46+08:00","message":"Config"}
{"level":"debug","RequestsPerClient":15360,"time":"2022-11-29T10:05:46+08:00","message":"Config"}
{"level":"debug","ClientRunTime":30000,"time":"2022-11-29T10:05:46+08:00","message":"Config"}
{"level":"debug","RequestRate":256,"time":"2022-11-29T10:05:46+08:00","message":"Config"}
{"level":"debug","HardRequestRateLimit":false,"time":"2022-11-29T10:05:46+08:00","message":"Config"}
{"level":"debug","RequestPayloadSize":500,"time":"2022-11-29T10:05:46+08:00","message":"Config"}
{"level":"debug","SignRequests":true,"time":"2022-11-29T10:05:46+08:00","message":"Config"}
{"level":"debug","ClientPrivKeyFile":"tls-data/client-ecdsa-256.key","time":"2022-11-29T10:05:46+08:00","message":"Config"}
{"level":"debug","ClientPubKeyFile":"tls-data/client-ecdsa-256.pem","time":"2022-11-29T10:05:46+08:00","message":"Config"}
{"level":"debug","PrecomputeRequests":false,"time":"2022-11-29T10:05:46+08:00","message":"Config"}
{"level":"debug","RequestHandlerThreads":32,"time":"2022-11-29T10:05:46+08:00","message":"Config"}
{"level":"debug","RequestInputChannelBuffer":8192,"time":"2022-11-29T10:05:46+08:00","message":"Config"}
{"level":"debug","BatchVerifier":"external","time":"2022-11-29T10:05:46+08:00","message":"Config"}
02:05:46.624 INF Registered with discovery server. numPeers=4 ownID=3
02:05:46.625 INF Profiling enabled.
02:05:46.625 INF Setting up profiling.
02:05:46.625 INF Started Profiler: CPU
02:05:46.625 INF Started Profiler: BLOCK
02:05:46.625 INF Started Profiler: MUTEX
02:05:46.625 INF Profiler will stop on signal. exit=true
02:05:46.627 INF Tracing will stop on signal. exit=false
02:05:46.628 INF Started tracing. traceFile=experiment-output/0000/slave-004/peer.trc
02:05:46.629 DBG Starting backlog.
02:05:46.630 INF Connecting to peer. addr=127.0.0.1:10033 basicConns=4 priorityConns=2
02:05:46.630 INF Connecting to peer. addr=127.0.0.1:10011 basicConns=4 priorityConns=2
02:05:46.630 INF Connecting to peer. addr=127.0.0.1:10000 basicConns=4 priorityConns=2
02:05:46.630 INF Listening for connections. port=10033 useTLS=false
02:05:46.630 INF Connecting to peer. addr=127.0.0.1:10022 basicConns=4 priorityConns=2
02:05:46.684 INF Incoming connection for protocol messages. addr=127.0.0.1:36202
02:05:46.693 INF Incoming connection for protocol messages. addr=127.0.0.1:36182
02:05:46.698 INF Incoming connection for protocol messages. addr=127.0.0.1:36240
02:05:46.699 INF Incoming connection for protocol messages. addr=127.0.0.1:36226
02:05:46.702 INF Incoming connection for protocol messages. addr=127.0.0.1:36212
02:05:46.702 INF Incoming connection for protocol messages. addr=127.0.0.1:36198
02:05:46.703 INF Incoming connection for protocol messages. addr=127.0.0.1:36250
02:05:46.703 INF Incoming connection for protocol messages. addr=127.0.0.1:36266
02:05:46.707 INF Incoming connection for protocol messages. addr=127.0.0.1:36278
02:05:46.707 INF Incoming connection for protocol messages. addr=127.0.0.1:36264
02:05:46.708 INF Incoming connection for protocol messages. addr=127.0.0.1:36284
02:05:46.708 DBG Connected. peerID=0
02:05:46.710 INF Incoming connection for protocol messages. addr=127.0.0.1:36310
02:05:46.710 INF Incoming connection for protocol messages. addr=127.0.0.1:36294
02:05:46.712 INF Incoming connection for protocol messages. addr=127.0.0.1:36322
02:05:46.713 INF Incoming connection for protocol messages. addr=127.0.0.1:36298
02:05:46.714 INF Incoming connection for protocol messages. addr=127.0.0.1:36330
02:05:46.715 INF Incoming connection for protocol messages. addr=127.0.0.1:36300
02:05:46.716 DBG Connected. peerID=3
02:05:46.716 INF Incoming connection for protocol messages. addr=127.0.0.1:36344
02:05:46.718 INF Incoming connection for protocol messages. addr=127.0.0.1:36360
02:05:46.720 DBG Connected. peerID=1
02:05:46.720 INF Incoming connection for protocol messages. addr=127.0.0.1:36400
02:05:46.721 INF Incoming connection for protocol messages. addr=127.0.0.1:36384
02:05:46.721 INF Incoming connection for protocol messages. addr=127.0.0.1:36370
02:05:46.722 INF Incoming connection for protocol messages. addr=127.0.0.1:36358
02:05:46.723 INF Incoming connection for protocol messages. addr=127.0.0.1:36378
02:05:46.723 DBG Connected. peerID=2
02:05:46.723 INF Connected to all peers.
02:05:46.732 INF All peers finished connecting. Starting ISS.
02:05:46.733 DBG Buckets for 0-th leader 0: [0 4 8 12 16 20 24 28 32 36 40 44 48 52 56 60]
02:05:46.733 DBG Buckets for 1-th leader 1: [1 5 9 13 17 21 25 29 33 37 41 45 49 53 57 61]
02:05:46.733 DBG Buckets for 2-th leader 2: [2 6 10 14 18 22 26 30 34 38 42 46 50 54 58 62]
02:05:46.733 DBG Buckets for 3-th leader 3: [3 7 11 15 19 23 27 31 35 39 43 47 51 55 59 63]
02:05:46.733 INF PbftOrderer received a new segment: [2 6 10 14 18 22 26 30 34 38 42 46 50 54 58 62 66 70 74 78 82 86 90 94 98 102 106 110 114 118 122 126 130 134 138 142 146 150 154 158 162 166 170 174 178 182 186 190 194 198 202 206 210 214 218 222 226 230 234 238 242 246 250 254] first leader=2 firstSN=2 lastSN=254 len=64 length=64 segId=2
02:05:46.734 INF Starting new view. segID=2 timeout=60000 view=0
02:05:46.734 DBG Starting timer. sn=2 view=0
02:05:46.734 INF Starting PBFT instance. first=2 last=254 segID=2
02:05:46.735 DBG Subscribing to backlog. segID=2
02:05:46.735 INF Starting serialized message processing. segID=2
02:05:46.735 INF PbftOrderer received a new segment: [3 7 11 15 19 23 27 31 35 39 43 47 51 55 59 63 67 71 75 79 83 87 91 95 99 103 107 111 115 119 123 127 131 135 139 143 147 151 155 159 163 167 171 175 179 183 187 191 195 199 203 207 211 215 219 223 227 231 235 239 243 247 251 255] first leader=3 firstSN=3 lastSN=255 len=64 length=64 segId=3
02:05:46.735 INF Starting new view. segID=3 timeout=60000 view=0
02:05:46.736 DBG Starting timer. sn=3 view=0
02:05:46.736 INF Starting PBFT instance. first=3 last=255 segID=3
02:05:46.736 DBG Leading segment. segID=3
02:05:46.736 DBG Subscribing to backlog. segID=3
02:05:46.736 INF byzantine effected ! batchTimeout=1998 byzantine=Straggler
02:05:46.736 INF Simulating Straggler. batchTimeout=1998 crashTiming=Straggler
02:05:46.736 DBG Waiting for batch. batchSize=4096
02:05:48.735 DBG Batch ready. batchSize=4096
02:05:48.772 INF Incoming connection for requests. addr=127.0.0.1:36414
02:06:46.735 WRN Timeout segId=2 sn=2 view=0
02:06:46.735 INF Starting new view. segID=2 timeout=120000 view=1
02:06:46.736 DBG Batch not preprepared. Not resurrecting. fromView=0 segId=2 sn=2 toView=1
02:06:46.736 DBG Batch not preprepared. Not resurrecting. fromView=0 segId=2 sn=6 toView=1
02:06:46.736 DBG Batch not preprepared. Not resurrecting. fromView=0 segId=2 sn=10 toView=1
02:06:46.736 DBG Batch not preprepared. Not resurrecting. fromView=0 segId=2 sn=14 toView=1
02:06:46.736 DBG Batch not preprepared. Not resurrecting. fromView=0 segId=2 sn=18 toView=1
02:06:46.737 DBG Batch not preprepared. Not resurrecting. fromView=0 segId=2 sn=22 toView=1
02:06:46.737 DBG Batch not preprepared. Not resurrecting. fromView=0 segId=2 sn=26 toView=1
02:06:46.737 DBG Batch not preprepared. Not resurrecting. fromView=0 segId=2 sn=30 toView=1
02:06:46.737 DBG Batch not preprepared. Not resurrecting. fromView=0 segId=2 sn=34 toView=1
02:06:46.737 DBG Batch not preprepared. Not resurrecting. fromView=0 segId=2 sn=38 toView=1
02:06:46.738 DBG Batch not preprepared. Not resurrecting. fromView=0 segId=2 sn=42 toView=1
02:06:46.738 DBG Batch not preprepared. Not resurrecting. fromView=0 segId=2 sn=46 toView=1
02:06:46.738 DBG Batch not preprepared. Not resurrecting. fromView=0 segId=2 sn=50 toView=1
02:06:46.738 DBG Batch not preprepared. Not resurrecting. fromView=0 segId=2 sn=54 toView=1
02:06:46.738 DBG Batch not preprepared. Not resurrecting. fromView=0 segId=2 sn=58 toView=1
02:06:46.738 DBG Batch not preprepared. Not resurrecting. fromView=0 segId=2 sn=62 toView=1
02:06:46.739 DBG Batch not preprepared. Not resurrecting. fromView=0 segId=2 sn=66 toView=1
02:06:46.739 DBG Batch not preprepared. Not resurrecting. fromView=0 segId=2 sn=70 toView=1
02:06:46.739 DBG Batch not preprepared. Not resurrecting. fromView=0 segId=2 sn=74 toView=1
02:06:46.739 DBG Batch not preprepared. Not resurrecting. fromView=0 segId=2 sn=78 toView=1
02:06:46.739 DBG Batch not preprepared. Not resurrecting. fromView=0 segId=2 sn=82 toView=1
02:06:46.739 DBG Batch not preprepared. Not resurrecting. fromView=0 segId=2 sn=86 toView=1
02:06:46.740 DBG Batch not preprepared. Not resurrecting. fromView=0 segId=2 sn=90 toView=1
02:06:46.740 DBG Batch not preprepared. Not resurrecting. fromView=0 segId=2 sn=94 toView=1
02:06:46.740 DBG Batch not preprepared. Not resurrecting. fromView=0 segId=2 sn=98 toView=1
02:06:46.740 DBG Batch not preprepared. Not resurrecting. fromView=0 segId=2 sn=102 toView=1
02:06:46.740 DBG Batch not preprepared. Not resurrecting. fromView=0 segId=2 sn=106 toView=1
02:06:46.741 DBG Batch not preprepared. Not resurrecting. fromView=0 segId=2 sn=110 toView=1
02:06:46.741 DBG Batch not preprepared. Not resurrecting. fromView=0 segId=2 sn=114 toView=1
02:06:46.741 DBG Batch not preprepared. Not resurrecting. fromView=0 segId=2 sn=118 toView=1
02:06:46.741 DBG Batch not preprepared. Not resurrecting. fromView=0 segId=2 sn=122 toView=1
02:06:46.741 DBG Batch not preprepared. Not resurrecting. fromView=0 segId=2 sn=126 toView=1
02:06:46.741 DBG Batch not preprepared. Not resurrecting. fromView=0 segId=2 sn=130 toView=1
02:06:46.742 DBG Batch not preprepared. Not resurrecting. fromView=0 segId=2 sn=134 toView=1
02:06:46.742 DBG Batch not preprepared. Not resurrecting. fromView=0 segId=2 sn=138 toView=1
02:06:46.742 DBG Batch not preprepared. Not resurrecting. fromView=0 segId=2 sn=142 toView=1
02:06:46.742 DBG Batch not preprepared. Not resurrecting. fromView=0 segId=2 sn=146 toView=1
02:06:46.742 DBG Batch not preprepared. Not resurrecting. fromView=0 segId=2 sn=150 toView=1
02:06:46.742 DBG Batch not preprepared. Not resurrecting. fromView=0 segId=2 sn=154 toView=1
02:06:46.743 DBG Batch not preprepared. Not resurrecting. fromView=0 segId=2 sn=158 toView=1
02:06:46.743 DBG Batch not preprepared. Not resurrecting. fromView=0 segId=2 sn=162 toView=1
02:06:46.743 DBG Batch not preprepared. Not resurrecting. fromView=0 segId=2 sn=166 toView=1
02:06:46.743 DBG Batch not preprepared. Not resurrecting. fromView=0 segId=2 sn=170 toView=1
02:06:46.743 DBG Batch not preprepared. Not resurrecting. fromView=0 segId=2 sn=174 toView=1
02:06:46.743 DBG Batch not preprepared. Not resurrecting. fromView=0 segId=2 sn=178 toView=1
02:06:46.744 DBG Batch not preprepared. Not resurrecting. fromView=0 segId=2 sn=182 toView=1
02:06:46.744 DBG Batch not preprepared. Not resurrecting. fromView=0 segId=2 sn=186 toView=1
02:06:46.744 DBG Batch not preprepared. Not resurrecting. fromView=0 segId=2 sn=190 toView=1
02:06:46.744 DBG Batch not preprepared. Not resurrecting. fromView=0 segId=2 sn=194 toView=1
02:06:46.744 DBG Batch not preprepared. Not resurrecting. fromView=0 segId=2 sn=198 toView=1
02:06:46.744 DBG Batch not preprepared. Not resurrecting. fromView=0 segId=2 sn=202 toView=1
02:06:46.745 DBG Batch not preprepared. Not resurrecting. fromView=0 segId=2 sn=206 toView=1
02:06:46.745 DBG Batch not preprepared. Not resurrecting. fromView=0 segId=2 sn=210 toView=1
02:06:46.745 DBG Batch not preprepared. Not resurrecting. fromView=0 segId=2 sn=214 toView=1
02:06:46.745 DBG Batch not preprepared. Not resurrecting. fromView=0 segId=2 sn=218 toView=1
02:06:46.745 DBG Batch not preprepared. Not resurrecting. fromView=0 segId=2 sn=222 toView=1
02:06:46.745 DBG Batch not preprepared. Not resurrecting. fromView=0 segId=2 sn=226 toView=1
02:06:46.746 DBG Batch not preprepared. Not resurrecting. fromView=0 segId=2 sn=230 toView=1
02:06:46.746 DBG Batch not preprepared. Not resurrecting. fromView=0 segId=2 sn=234 toView=1
02:06:46.746 DBG Batch not preprepared. Not resurrecting. fromView=0 segId=2 sn=238 toView=1
02:06:46.746 DBG Batch not preprepared. Not resurrecting. fromView=0 segId=2 sn=242 toView=1
02:06:46.746 DBG Batch not preprepared. Not resurrecting. fromView=0 segId=2 sn=246 toView=1
02:06:46.746 DBG Batch not preprepared. Not resurrecting. fromView=0 segId=2 sn=250 toView=1
02:06:46.747 DBG Batch not preprepared. Not resurrecting. fromView=0 segId=2 sn=254 toView=1
02:06:46.748 INF Requesting VIEWCHANGE. receiverID=3 segID=2 senderID=3 view=1
02:06:46.748 DBG Adding view change message. currentView=1 msgView=1 numViewChanges=1
02:08:46.748 WRN Timeout segId=2 sn=-1 view=1
02:08:46.749 INF Starting new view. segID=2 timeout=240000 view=2
02:08:46.749 DBG Batch not preprepared. Not resurrecting. fromView=1 segId=2 sn=2 toView=2
02:08:46.749 DBG Batch not preprepared. Not resurrecting. fromView=1 segId=2 sn=6 toView=2
02:08:46.749 DBG Batch not preprepared. Not resurrecting. fromView=1 segId=2 sn=10 toView=2
02:08:46.749 DBG Batch not preprepared. Not resurrecting. fromView=1 segId=2 sn=14 toView=2
02:08:46.749 DBG Batch not preprepared. Not resurrecting. fromView=1 segId=2 sn=18 toView=2
02:08:46.750 DBG Batch not preprepared. Not resurrecting. fromView=1 segId=2 sn=22 toView=2
02:08:46.750 DBG Batch not preprepared. Not resurrecting. fromView=1 segId=2 sn=26 toView=2
02:08:46.750 DBG Batch not preprepared. Not resurrecting. fromView=1 segId=2 sn=30 toView=2
02:08:46.750 DBG Batch not preprepared. Not resurrecting. fromView=1 segId=2 sn=34 toView=2
02:08:46.750 DBG Batch not preprepared. Not resurrecting. fromView=1 segId=2 sn=38 toView=2
02:08:46.750 DBG Batch not preprepared. Not resurrecting. fromView=1 segId=2 sn=42 toView=2
02:08:46.751 DBG Batch not preprepared. Not resurrecting. fromView=1 segId=2 sn=46 toView=2
02:08:46.751 DBG Batch not preprepared. Not resurrecting. fromView=1 segId=2 sn=50 toView=2
02:08:46.751 DBG Batch not preprepared. Not resurrecting. fromView=1 segId=2 sn=54 toView=2
02:08:46.751 DBG Batch not preprepared. Not resurrecting. fromView=1 segId=2 sn=58 toView=2
02:08:46.751 DBG Batch not preprepared. Not resurrecting. fromView=1 segId=2 sn=62 toView=2
02:08:46.751 DBG Batch not preprepared. Not resurrecting. fromView=1 segId=2 sn=66 toView=2
02:08:46.752 DBG Batch not preprepared. Not resurrecting. fromView=1 segId=2 sn=70 toView=2
02:08:46.752 DBG Batch not preprepared. Not resurrecting. fromView=1 segId=2 sn=74 toView=2
02:08:46.752 DBG Batch not preprepared. Not resurrecting. fromView=1 segId=2 sn=78 toView=2
02:08:46.752 DBG Batch not preprepared. Not resurrecting. fromView=1 segId=2 sn=82 toView=2
02:08:46.752 DBG Batch not preprepared. Not resurrecting. fromView=1 segId=2 sn=86 toView=2
02:08:46.753 DBG Batch not preprepared. Not resurrecting. fromView=1 segId=2 sn=90 toView=2
02:08:46.753 DBG Batch not preprepared. Not resurrecting. fromView=1 segId=2 sn=94 toView=2
02:08:46.753 DBG Batch not preprepared. Not resurrecting. fromView=1 segId=2 sn=98 toView=2
02:08:46.753 DBG Batch not preprepared. Not resurrecting. fromView=1 segId=2 sn=102 toView=2
02:08:46.753 DBG Batch not preprepared. Not resurrecting. fromView=1 segId=2 sn=106 toView=2
02:08:46.753 DBG Batch not preprepared. Not resurrecting. fromView=1 segId=2 sn=110 toView=2
02:08:46.753 DBG Batch not preprepared. Not resurrecting. fromView=1 segId=2 sn=114 toView=2
02:08:46.754 DBG Batch not preprepared. Not resurrecting. fromView=1 segId=2 sn=118 toView=2
02:08:46.754 DBG Batch not preprepared. Not resurrecting. fromView=1 segId=2 sn=122 toView=2
02:08:46.754 DBG Batch not preprepared. Not resurrecting. fromView=1 segId=2 sn=126 toView=2
02:08:46.754 DBG Batch not preprepared. Not resurrecting. fromView=1 segId=2 sn=130 toView=2
02:08:46.754 DBG Batch not preprepared. Not resurrecting. fromView=1 segId=2 sn=134 toView=2
02:08:46.755 DBG Batch not preprepared. Not resurrecting. fromView=1 segId=2 sn=138 toView=2
02:08:46.755 DBG Batch not preprepared. Not resurrecting. fromView=1 segId=2 sn=142 toView=2
02:08:46.755 DBG Batch not preprepared. Not resurrecting. fromView=1 segId=2 sn=146 toView=2
02:08:46.755 DBG Batch not preprepared. Not resurrecting. fromView=1 segId=2 sn=150 toView=2
02:08:46.755 DBG Batch not preprepared. Not resurrecting. fromView=1 segId=2 sn=154 toView=2
02:08:46.755 DBG Batch not preprepared. Not resurrecting. fromView=1 segId=2 sn=158 toView=2
02:08:46.756 DBG Batch not preprepared. Not resurrecting. fromView=1 segId=2 sn=162 toView=2
02:08:46.756 DBG Batch not preprepared. Not resurrecting. fromView=1 segId=2 sn=166 toView=2
02:08:46.756 DBG Batch not preprepared. Not resurrecting. fromView=1 segId=2 sn=170 toView=2
02:08:46.756 DBG Batch not preprepared. Not resurrecting. fromView=1 segId=2 sn=174 toView=2
02:08:46.756 DBG Batch not preprepared. Not resurrecting. fromView=1 segId=2 sn=178 toView=2
02:08:46.756 DBG Batch not preprepared. Not resurrecting. fromView=1 segId=2 sn=182 toView=2
02:08:46.757 DBG Batch not preprepared. Not resurrecting. fromView=1 segId=2 sn=186 toView=2
02:08:46.757 DBG Batch not preprepared. Not resurrecting. fromView=1 segId=2 sn=190 toView=2
02:08:46.757 DBG Batch not preprepared. Not resurrecting. fromView=1 segId=2 sn=194 toView=2
02:08:46.757 DBG Batch not preprepared. Not resurrecting. fromView=1 segId=2 sn=198 toView=2
02:08:46.757 DBG Batch not preprepared. Not resurrecting. fromView=1 segId=2 sn=202 toView=2
02:08:46.757 DBG Batch not preprepared. Not resurrecting. fromView=1 segId=2 sn=206 toView=2
02:08:46.758 DBG Batch not preprepared. Not resurrecting. fromView=1 segId=2 sn=210 toView=2
02:08:46.758 DBG Batch not preprepared. Not resurrecting. fromView=1 segId=2 sn=214 toView=2
02:08:46.758 DBG Batch not preprepared. Not resurrecting. fromView=1 segId=2 sn=218 toView=2
02:08:46.758 DBG Batch not preprepared. Not resurrecting. fromView=1 segId=2 sn=222 toView=2
02:08:46.758 DBG Batch not preprepared. Not resurrecting. fromView=1 segId=2 sn=226 toView=2
02:08:46.758 DBG Batch not preprepared. Not resurrecting. fromView=1 segId=2 sn=230 toView=2
02:08:46.759 DBG Batch not preprepared. Not resurrecting. fromView=1 segId=2 sn=234 toView=2
02:08:46.759 DBG Batch not preprepared. Not resurrecting. fromView=1 segId=2 sn=238 toView=2
02:08:46.759 DBG Batch not preprepared. Not resurrecting. fromView=1 segId=2 sn=242 toView=2
02:08:46.759 DBG Batch not preprepared. Not resurrecting. fromView=1 segId=2 sn=246 toView=2
02:08:46.759 DBG Batch not preprepared. Not resurrecting. fromView=1 segId=2 sn=250 toView=2
02:08:46.759 DBG Batch not preprepared. Not resurrecting. fromView=1 segId=2 sn=254 toView=2
02:08:46.760 INF Requesting VIEWCHANGE. receiverID=0 segID=2 senderID=3 view=2
02:08:46.765 DBG Adding message to backlog. senderID=2 sn=253
02:08:47.398 INF Stopping profiler.
02:08:47.398 INF Stopping Tracer. events=360 fileName=experiment-output/0000/slave-004/peer.trc
==================
WARNING: DATA RACE
Read at 0x00c00085b818 by goroutine 115:
  runtime.racereadrange()
      <autogenerated>:1 +0x1b
  github.com/hyperledger-labs/mirbft/tracing.(*BufferedTrace).StopOnSignal.func1()
      /opt/gopath/src/github.com/hyperledger-labs/mirbft/tracing/bufferedtrace.go:298 +0x4e

Previous write at 0x00c00085b818 by goroutine 114:
  github.com/hyperledger-labs/mirbft/tracing.(*BufferedTrace).Event()
      /opt/gopath/src/github.com/hyperledger-labs/mirbft/tracing/bufferedtrace.go:105 +0x2d9
  github.com/hyperledger-labs/mirbft/profiling.StartCPUTracing.func1()
      /opt/gopath/src/github.com/hyperledger-labs/mirbft/profiling/cpuusage.go:31 +0x95

Goroutine 115 (running) created at:
  github.com/hyperledger-labs/mirbft/tracing.(*BufferedTrace).StopOnSignal()
      /opt/gopath/src/github.com/hyperledger-labs/mirbft/tracing/bufferedtrace.go:292 +0x172
  main.setUpTracing()
      /opt/gopath/src/github.com/hyperledger-labs/mirbft/cmd/orderingpeer/main.go:204 +0xf5
  main.main()
      /opt/gopath/src/github.com/hyperledger-labs/mirbft/cmd/orderingpeer/main.go:98 +0x9d6

Goroutine 114 (running) created at:
  github.com/hyperledger-labs/mirbft/profiling.StartCPUTracing()
      /opt/gopath/src/github.com/hyperledger-labs/mirbft/profiling/cpuusage.go:28 +0xb6
  main.setUpTracing()
      /opt/gopath/src/github.com/hyperledger-labs/mirbft/cmd/orderingpeer/main.go:196 +0x85
  main.main()
      /opt/gopath/src/github.com/hyperledger-labs/mirbft/cmd/orderingpeer/main.go:98 +0x9d6
==================
02:08:47.403 INF Trace data written.
02:08:47.443 INF Profile data written. filename=experiment-output/0000/slave-004/prof.block name=block
02:08:47.463 INF Profile data written. filename=experiment-output/0000/slave-004/prof.mutex name=mutex
02:08:47.608 INF Profile data written. filename=experiment-output/0000/slave-004/prof.cpu name=cpu
