1:03PM INF Received own slave ID. ownSlaveId=1
1:03PM INF OK status=0
1:03PM INF Received command. cmdId=3
1:03PM INF Received an ExecStart command args="[-p experiment-output/0000/slave-__id__/config]" cmd=mkdir outFile=/dev/null
1:03PM INF OK status=0
1:03PM INF Received command. cmdId=4
1:03PM INF Received command. cmdType=ExecWait
1:03PM INF OK status=0
1:03PM INF Received command. cmdId=7
1:03PM INF Received an ExecStart command args="[config/config-0000.yml experiment-output/0000/slave-__id__/config/config.yml]" cmd=cp outFile=/dev/null
1:03PM INF OK status=0
1:03PM INF Received command. cmdId=8
1:03PM INF Received command. cmdType=ExecWait
1:03PM INF OK status=0
1:03PM INF Received command. cmdId=10
1:03PM INF Received command. cmdType=Noop
1:03PM INF Noop. Doing nothing. status=011:03PM INF Received command. cmdId=15
1:03PM INF Received an ExecStart command args="[experiment-output/0000/slave-__id__/config/config.yml 127.0.0.1:9999 experiment-output/0000/slave-__id__/client experiment-output/0000/slave-__id__/prof-client]" cmd=orderingclient outFile=experiment-output/0000/slave-__id__/clients.log
1:03PM INF OK status=0
1:03PM IN1:04PM INF Received command. cmdId=18
1:04PM INF Received command. cmdType=ExecSignal
1:04PM INF OK status=0
1:04PM INF Received command. cmdId=23
1:04PM INF Received command. cmdType=Stop
Noop. Doing nothing. status=0
1:04PM INF Received command. cmdId=23
1:04PM INF Received command. cmdType=Stop
