1:25PM INF Received own slave ID. ownSlaveId=2
1:25PM INF OK status=0
1:25PM INF Received command. cmdId=3
1:25PM INF Received an ExecStart command args="[-p experiment-output/0000/slave-__id__/config]" cmd=mkdir outFile=/dev/null
1:25PM INF OK status=0
1:25PM INF Received command. cmdId=4
1:25PM INF Received command. cmdType=ExecWait
1:25PM INF OK status=0
1:25PM INF Received command. cmdId=7
1:25PM INF Received an ExecStart command args="[config/config-0000.yml experiment-output/0000/slave-__id__/config/config.yml]" cmd=cp outFile=/dev/null
1:25PM INF OK status=0
1:25PM INF Received command. cmdId=8
1:25PM INF Received command. cmdType=ExecWait
1:25PM INF OK status=0
1:25PM INF Received command. cmdId=10
1:25PM INF Received command. cmdType=Noop
1:25PM INF Noop. Doing nothing. status=011:25PM INF Received command. cmdId=15
1:25PM INF Received an ExecStart command args="[experiment-output/0000/slave-__id__/config/config.yml 127.0.0.1:9999 experiment-output/0000/slave-__id__/client experiment-output/0000/slave-__id__/prof-client]" cmd=orderingclient outFile=experiment-output/0000/slave-__id__/clients.log
1:25PM INF OK status=0
1:25PM IN1:26PM INF Received command. cmdId=18
1:26PM INF Received command. cmdType=ExecSignal
1:26PM INF OK status=0
1:26PM INF Received command. cmdId=23
1:26PM INF Received command. cmdType=Stop
Noop. Doing nothing. status=0
1:26PM INF Received command. cmdId=23
1:26PM INF Received command. cmdType=Stop
