{"level":"debug","Logging":"debug","time":"2022-11-25T21:14:20+08:00","message":"Config"}
{"level":"debug","UseTLS":false,"time":"2022-11-25T21:14:20+08:00","message":"Config"}
{"level":"debug","CACertFile":"tls-data/ca.pem","time":"2022-11-25T21:14:20+08:00","message":"Config"}
{"level":"debug","KeyFile":"tls-data/auth.key","time":"2022-11-25T21:14:20+08:00","message":"Config"}
{"level":"debug","CertFile":"tls-data/auth.pem","time":"2022-11-25T21:14:20+08:00","message":"Config"}
{"level":"debug","PriorityConnections":2,"time":"2022-11-25T21:14:20+08:00","message":"Config"}
{"level":"debug","BasicConnections":4,"time":"2022-11-25T21:14:20+08:00","message":"Config"}
{"level":"debug","TestConnections":false,"time":"2022-11-25T21:14:20+08:00","message":"Config"}
{"level":"debug","ExcessConnections":1,"time":"2022-11-25T21:14:20+08:00","message":"Config"}
{"level":"debug","ConnectionTestMsgs":4,"time":"2022-11-25T21:14:20+08:00","message":"Config"}
{"level":"debug","ConnectionTestPayload":131072,"time":"2022-11-25T21:14:20+08:00","message":"Config"}
{"level":"debug","OutMessageBufsize":1024,"time":"2022-11-25T21:14:20+08:00","message":"Config"}
{"level":"debug","OutMessageBufsize":1,"time":"2022-11-25T21:14:20+08:00","message":"Config"}
{"level":"debug","ThroughputCap":131072000,"time":"2022-11-25T21:14:20+08:00","message":"Config"}
{"level":"debug","StragglerTolerance":1000,"time":"2022-11-25T21:14:20+08:00","message":"Config"}
{"level":"debug","BatchSizeIncrement":256,"time":"2022-11-25T21:14:20+08:00","message":"Config"}
{"level":"debug","Orderer":"Pbft","time":"2022-11-25T21:14:20+08:00","message":"Config"}
{"level":"debug","Manager":"Mir","time":"2022-11-25T21:14:20+08:00","message":"Config"}
{"level":"debug","Failures":0,"time":"2022-11-25T21:14:20+08:00","message":"Config"}
{"level":"debug","CrashTiming":"Straggler","time":"2022-11-25T21:14:20+08:00","message":"Config"}
{"level":"debug","CheckpointInterval":256,"time":"2022-11-25T21:14:20+08:00","message":"Config"}
{"level":"debug","WatermarkWindowSize":256,"time":"2022-11-25T21:14:20+08:00","message":"Config"}
{"level":"debug","EpochLength":256,"time":"2022-11-25T21:14:20+08:00","message":"Config"}
{"level":"debug","SegmentLength":64,"time":"2022-11-25T21:14:20+08:00","message":"Config"}
{"level":"debug","WaitForCheckpoints":true,"time":"2022-11-25T21:14:20+08:00","message":"Config"}
{"level":"debug","ClientWatermarkWindowSize":4194304,"time":"2022-11-25T21:14:20+08:00","message":"Config"}
{"level":"debug","ClientRequestBacklogSize":4194304,"time":"2022-11-25T21:14:20+08:00","message":"Config"}
{"level":"debug","RandomSeed":29054,"time":"2022-11-25T21:14:20+08:00","message":"Config"}
{"level":"debug","NodeToLeaderRatio":1,"time":"2022-11-25T21:14:20+08:00","message":"Config"}
{"level":"debug","LeaderPolicy":"Blacklist","time":"2022-11-25T21:14:20+08:00","message":"Config"}
{"level":"debug","DefaultLeaderBan":2,"time":"2022-11-25T21:14:20+08:00","message":"Config"}
{"level":"debug","NumBuckets":64,"time":"2022-11-25T21:14:20+08:00","message":"Config"}
{"level":"debug","BatchSize":1000,"time":"2022-11-25T21:14:20+08:00","message":"Config"}
{"level":"debug","DisabledViewChange":false,"time":"2022-11-25T21:14:20+08:00","message":"Config"}
{"level":"debug","ViewChangeTimeout":60000,"time":"2022-11-25T21:14:20+08:00","message":"Config"}
{"level":"debug","ClientTraceSampling":10,"time":"2022-11-25T21:14:20+08:00","message":"Config"}
{"level":"debug","EventBufferSize":2097152,"time":"2022-11-25T21:14:20+08:00","message":"Config"}
{"level":"debug","TraceSampling":1,"time":"2022-11-25T21:14:20+08:00","message":"Config"}
{"level":"debug","ClientsPerProcess":1,"time":"2022-11-25T21:14:20+08:00","message":"Config"}
{"level":"debug","RequestsPerClient":15360,"time":"2022-11-25T21:14:20+08:00","message":"Config"}
{"level":"debug","ClientRunTime":30000,"time":"2022-11-25T21:14:20+08:00","message":"Config"}
{"level":"debug","RequestRate":256,"time":"2022-11-25T21:14:20+08:00","message":"Config"}
{"level":"debug","HardRequestRateLimit":false,"time":"2022-11-25T21:14:20+08:00","message":"Config"}
{"level":"debug","RequestPayloadSize":500,"time":"2022-11-25T21:14:20+08:00","message":"Config"}
{"level":"debug","SignRequests":true,"time":"2022-11-25T21:14:20+08:00","message":"Config"}
{"level":"debug","ClientPrivKeyFile":"tls-data/client-ecdsa-256.key","time":"2022-11-25T21:14:20+08:00","message":"Config"}
{"level":"debug","ClientPubKeyFile":"tls-data/client-ecdsa-256.pem","time":"2022-11-25T21:14:20+08:00","message":"Config"}
{"level":"debug","PrecomputeRequests":false,"time":"2022-11-25T21:14:20+08:00","message":"Config"}
{"level":"debug","RequestHandlerThreads":32,"time":"2022-11-25T21:14:20+08:00","message":"Config"}
{"level":"debug","RequestInputChannelBuffer":8192,"time":"2022-11-25T21:14:20+08:00","message":"Config"}
{"level":"debug","BatchVerifier":"external","time":"2022-11-25T21:14:20+08:00","message":"Config"}
13:14:20.204 INF Registered with discovery server. numPeers=4 ownID=0
13:14:20.205 INF Profiling enabled.
13:14:20.205 INF Setting up profiling.
13:14:20.206 INF Started Profiler: CPU
13:14:20.206 INF Started Profiler: BLOCK
13:14:20.206 INF Started Profiler: MUTEX
13:14:20.206 INF Profiler will stop on signal. exit=true
13:14:20.208 INF Tracing will stop on signal. exit=false
13:14:20.209 INF Started tracing. traceFile=experiment-output/0000/slave-001/peer.trc
13:14:20.210 DBG Starting backlog.
13:14:20.210 INF Listening for connections. port=10000 useTLS=false
13:14:20.210 INF Connecting to peer. addr=127.0.0.1:10011 basicConns=4 priorityConns=2
13:14:20.210 INF Connecting to peer. addr=127.0.0.1:10000 basicConns=4 priorityConns=2
13:14:20.210 INF Connecting to peer. addr=127.0.0.1:10033 basicConns=4 priorityConns=2
13:14:20.210 INF Connecting to peer. addr=127.0.0.1:10022 basicConns=4 priorityConns=2
13:14:20.222 INF Incoming connection for protocol messages. addr=127.0.0.1:47140
13:14:20.230 INF Incoming connection for protocol messages. addr=127.0.0.1:47156
13:14:20.231 INF Incoming connection for protocol messages. addr=127.0.0.1:47184
13:14:20.231 INF Incoming connection for protocol messages. addr=127.0.0.1:47146
13:14:20.231 INF Incoming connection for protocol messages. addr=127.0.0.1:47172
13:14:20.232 INF Incoming connection for protocol messages. addr=127.0.0.1:47192
13:14:20.233 DBG Connected. peerID=0
13:14:20.290 INF Incoming connection for protocol messages. addr=127.0.0.1:47202
13:14:20.295 INF Incoming connection for protocol messages. addr=127.0.0.1:47244
13:14:20.301 INF Incoming connection for protocol messages. addr=127.0.0.1:47222
13:14:20.302 INF Incoming connection for protocol messages. addr=127.0.0.1:47278
13:14:20.305 INF Incoming connection for protocol messages. addr=127.0.0.1:47262
13:14:20.307 INF Incoming connection for protocol messages. addr=127.0.0.1:47230
13:14:20.309 INF Incoming connection for protocol messages. addr=127.0.0.1:47316
13:14:20.310 INF Incoming connection for protocol messages. addr=127.0.0.1:47300
13:14:20.310 INF Incoming connection for protocol messages. addr=127.0.0.1:47224
13:14:20.312 INF Incoming connection for protocol messages. addr=127.0.0.1:47334
13:14:20.312 INF Incoming connection for protocol messages. addr=127.0.0.1:47218
13:14:20.313 INF Incoming connection for protocol messages. addr=127.0.0.1:47294
13:14:20.313 INF Incoming connection for protocol messages. addr=127.0.0.1:47342
13:14:20.314 INF Incoming connection for protocol messages. addr=127.0.0.1:47338
13:14:20.318 INF Incoming connection for protocol messages. addr=127.0.0.1:47256
13:14:20.319 INF Incoming connection for protocol messages. addr=127.0.0.1:47328
13:14:20.322 INF Incoming connection for protocol messages. addr=127.0.0.1:47366
13:14:20.324 INF Incoming connection for protocol messages. addr=127.0.0.1:47356
13:14:21.236 DBG Connected. peerID=1
13:14:21.236 DBG Connected. peerID=3
13:14:21.237 INF Connected to all peers.
13:14:21.237 DBG Connected. peerID=2
13:14:21.242 INF All peers finished connecting. Starting ISS.
13:14:21.243 DBG Buckets for 0-th leader 0: [0 4 8 12 16 20 24 28 32 36 40 44 48 52 56 60]
13:14:21.244 DBG Buckets for 1-th leader 1: [1 5 9 13 17 21 25 29 33 37 41 45 49 53 57 61]
13:14:21.244 DBG Buckets for 2-th leader 2: [2 6 10 14 18 22 26 30 34 38 42 46 50 54 58 62]
13:14:21.244 DBG Buckets for 3-th leader 3: [3 7 11 15 19 23 27 31 35 39 43 47 51 55 59 63]
13:14:21.244 INF PbftOrderer received a new segment: [1 5 9 13 17 21 25 29 33 37 41 45 49 53 57 61 65 69 73 77 81 85 89 93 97 101 105 109 113 117 121 125 129 133 137 141 145 149 153 157 161 165 169 173 177 181 185 189 193 197 201 205 209 213 217 221 225 229 233 237 241 245 249 253] first leader=1 firstSN=1 lastSN=253 len=64 length=64 segId=1
13:14:21.245 INF Starting new view. segID=1 timeout=60000 view=0
13:14:21.245 DBG Starting timer. sn=1 view=0
13:14:21.245 INF Starting PBFT instance. first=1 last=253 segID=1
13:14:21.245 DBG Subscribing to backlog. segID=1
13:14:21.246 INF Starting serialized message processing. segID=1
13:14:21.246 INF PbftOrderer received a new segment: [2 6 10 14 18 22 26 30 34 38 42 46 50 54 58 62 66 70 74 78 82 86 90 94 98 102 106 110 114 118 122 126 130 134 138 142 146 150 154 158 162 166 170 174 178 182 186 190 194 198 202 206 210 214 218 222 226 230 234 238 242 246 250 254] first leader=2 firstSN=2 lastSN=254 len=64 length=64 segId=2
13:14:21.246 INF Starting new view. segID=2 timeout=60000 view=0
13:14:21.246 DBG Starting timer. sn=2 view=0
13:14:21.247 INF Starting PBFT instance. first=2 last=254 segID=2
13:14:21.247 DBG Subscribing to backlog. segID=2
13:14:21.247 INF Starting serialized message processing. segID=2
13:14:21.247 INF PbftOrderer received a new segment: [3 7 11 15 19 23 27 31 35 39 43 47 51 55 59 63 67 71 75 79 83 87 91 95 99 103 107 111 115 119 123 127 131 135 139 143 147 151 155 159 163 167 171 175 179 183 187 191 195 199 203 207 211 215 219 223 227 231 235 239 243 247 251 255] first leader=3 firstSN=3 lastSN=255 len=64 length=64 segId=3
13:14:21.248 INF Starting new view. segID=3 timeout=60000 view=0
13:14:21.248 DBG Starting timer. sn=3 view=0
13:14:21.248 INF Starting PBFT instance. first=3 last=255 segID=3
13:14:21.248 DBG Subscribing to backlog. segID=3
13:14:21.248 INF Starting serialized message processing. segID=3
13:14:21.249 INF PbftOrderer received a new segment: [0 4 8 12 16 20 24 28 32 36 40 44 48 52 56 60 64 68 72 76 80 84 88 92 96 100 104 108 112 116 120 124 128 132 136 140 144 148 152 156 160 164 168 172 176 180 184 188 192 196 200 204 208 212 216 220 224 228 232 236 240 244 248 252] first leader=0 firstSN=0 lastSN=252 len=64 length=64 segId=0
13:14:21.249 INF Starting new view. segID=0 timeout=60000 view=0
13:14:21.249 DBG Starting timer. sn=0 view=0
13:14:21.250 INF Starting PBFT instance. first=0 last=252 segID=0
13:14:21.250 DBG Subscribing to backlog. segID=0
13:14:21.250 DBG Leading segment. segID=0
13:14:21.250 DBG Waiting for batch. batchSize=4096
13:14:21.250 INF Starting serialized message processing. segID=0
13:14:22.251 DBG Batch ready. batchSize=4096
13:14:22.252 DBG Batch cut. left=0 nBuckets=16 nReq=0 next=0
13:14:22.252 INF Sending PREPREPARE. nReq=0 senderID=0 sn=0 view=0
13:14:22.252 DBG Waiting for batch. batchSize=4096
13:14:22.255 INF Handling PREPREPARE. nReq=0 senderID=1 sn=1
13:14:22.255 INF Handling PREPREPARE. nReq=0 senderID=3 sn=3
13:14:22.256 DBG Creating new Batch. nReq=0
13:14:22.256 DBG Creating new Batch. nReq=0
13:14:22.256 DBG Sending PREPARE. senderID=0 sn=1 view=0
13:14:22.256 DBG Sending PREPARE. senderID=0 sn=3 view=0
13:14:22.256 DBG func sendPrepare prepare Tn. sn=1 tn=1
13:14:22.256 DBG func sendPrepare prepare Tn. sn=3 tn=1
13:14:22.258 DBG Sending COMMIT. senderID=0 sn=3 tn=1 view=0
13:14:22.258 DBG Sending COMMIT. senderID=0 sn=1 tn=1 view=0
13:14:22.258 DBG func sendCommit commit Tn. sn=3 tn=1
13:14:22.258 DBG Sending COMMIT. senderID=0 sn=0 tn=1 view=0
13:14:22.258 DBG func sendCommit commit Tn. sn=1 tn=1
13:14:22.258 DBG Sending Htn. senderID=0 sn=3 view=0
13:14:22.258 DBG func sendCommit commit Tn. sn=0 tn=1
13:14:22.258 DBG Sending Htn. senderID=0 sn=1 view=0
==================
WARNING: DATA RACE
Read at 0x00c0001e75f0 by goroutine 420:
  runtime.mapaccess1_fast64()
      /home/dell/wmj/go/src/runtime/map_fast64.go:12 +0x0
  github.com/hyperledger-labs/mirbft/orderer.(*pbftInstance).sendCommit()
      /opt/gopath/src/github.com/hyperledger-labs/mirbft/orderer/pbftinstance.go:601 +0x933
  github.com/hyperledger-labs/mirbft/orderer.(*pbftInstance).handlePrepare()
      /opt/gopath/src/github.com/hyperledger-labs/mirbft/orderer/pbftinstance.go:533 +0x69a
  github.com/hyperledger-labs/mirbft/orderer.(*pbftInstance).handleMessage()
      /opt/gopath/src/github.com/hyperledger-labs/mirbft/orderer/pbftinstance.go:1872 +0x2d4
  github.com/hyperledger-labs/mirbft/orderer.(*pbftInstance).processSerializedMessages()
      /opt/gopath/src/github.com/hyperledger-labs/mirbft/orderer/pbftinstance.go:1835 +0xdb
  github.com/hyperledger-labs/mirbft/orderer.(*PbftOrderer).runSegment·dwrap·12()
      /opt/gopath/src/github.com/hyperledger-labs/mirbft/orderer/pbftorderer.go:199 +0x39
13:14:22.258 DBG Sending Htn. senderID=0 sn=0 view=0

Previous write at 0x00c0001e75f0 by goroutine 424:
  runtime.mapassign_fast64()
      /home/dell/wmj/go/src/runtime/map_fast64.go:92 +0x0
  github.com/hyperledger-labs/mirbft/orderer.(*pbftInstance).sendCommit()
      /opt/gopath/src/github.com/hyperledger-labs/mirbft/orderer/pbftinstance.go:602 +0x9e4
  github.com/hyperledger-labs/mirbft/orderer.(*pbftInstance).handlePrepare()
      /opt/gopath/src/github.com/hyperledger-labs/mirbft/orderer/pbftinstance.go:533 +0x69a
  github.com/hyperledger-labs/mirbft/orderer.(*pbftInstance).handleMessage()
      /opt/gopath/src/github.com/hyperledger-labs/mirbft/orderer/pbftinstance.go:1872 +0x2d4
  github.com/hyperledger-labs/mirbft/orderer.(*pbftInstance).processSerializedMessages()
      /opt/gopath/src/github.com/hyperledger-labs/mirbft/orderer/pbftinstance.go:1835 +0xdb
  github.com/hyperledger-labs/mirbft/orderer.(*PbftOrderer).runSegment·dwrap·12()
      /opt/gopath/src/github.com/hyperledger-labs/mirbft/orderer/pbftorderer.go:199 +0x39

Goroutine 420 (running) created at:
  github.com/hyperledger-labs/mirbft/orderer.(*PbftOrderer).runSegment()
      /opt/gopath/src/github.com/hyperledger-labs/mirbft/orderer/pbftorderer.go:199 +0x3f0
  github.com/hyperledger-labs/mirbft/orderer.(*PbftOrderer).Start()
      /opt/gopath/src/github.com/hyperledger-labs/mirbft/orderer/pbftorderer.go:176 +0x355
  main.main·dwrap·5()
      /opt/gopath/src/github.com/hyperledger-labs/mirbft/cmd/orderingpeer/main.go:169 +0x59

Goroutine 424 (running) created at:
  github.com/hyperledger-labs/mirbft/orderer.(*PbftOrderer).runSegment()
      /opt/gopath/src/github.com/hyperledger-labs/mirbft/orderer/pbftorderer.go:199 +0x3f0
  github.com/hyperledger-labs/mirbft/orderer.(*PbftOrderer).Start()
      /opt/gopath/src/github.com/hyperledger-labs/mirbft/orderer/pbftorderer.go:176 +0x355
  main.main·dwrap·5()
      /opt/gopath/src/github.com/hyperledger-labs/mirbft/cmd/orderingpeer/main.go:169 +0x59
==================
==================
WARNING: DATA RACE
Write at 0x00c00010e3d4 by goroutine 427:
  github.com/hyperledger-labs/mirbft/orderer.(*pbftInstance).sendCommit()
      /opt/gopath/src/github.com/hyperledger-labs/mirbft/orderer/pbftinstance.go:602 +0x9f3
  github.com/hyperledger-labs/mirbft/orderer.(*pbftInstance).handlePrepare()
      /opt/gopath/src/github.com/hyperledger-labs/mirbft/orderer/pbftinstance.go:533 +0x69a
  github.com/hyperledger-labs/mirbft/orderer.(*pbftInstance).handleMessage()
      /opt/gopath/src/github.com/hyperledger-labs/mirbft/orderer/pbftinstance.go:1872 +0x2d4
  github.com/hyperledger-labs/mirbft/orderer.(*pbftInstance).processSerializedMessages()
      /opt/gopath/src/github.com/hyperledger-labs/mirbft/orderer/pbftinstance.go:1835 +0xdb
  github.com/hyperledger-labs/mirbft/orderer.(*PbftOrderer).runSegment·dwrap·12()
      /opt/gopath/src/github.com/hyperledger-labs/mirbft/orderer/pbftorderer.go:199 +0x39

Previous read at 0x00c00010e3d4 by goroutine 424:
  github.com/hyperledger-labs/mirbft/orderer.(*pbftInstance).sendCommit()
      /opt/gopath/src/github.com/hyperledger-labs/mirbft/orderer/pbftinstance.go:608 +0xa51
  github.com/hyperledger-labs/mirbft/orderer.(*pbftInstance).handlePrepare()
      /opt/gopath/src/github.com/hyperledger-labs/mirbft/orderer/pbftinstance.go:533 +0x69a
  github.com/hyperledger-labs/mirbft/orderer.(*pbftInstance).handleMessage()
      /opt/gopath/src/github.com/hyperledger-labs/mirbft/orderer/pbftinstance.go:1872 +0x2d4
  github.com/hyperledger-labs/mirbft/orderer.(*pbftInstance).processSerializedMessages()
      /opt/gopath/src/github.com/hyperledger-labs/mirbft/orderer/pbftinstance.go:1835 +0xdb
  github.com/hyperledger-labs/mirbft/orderer.(*PbftOrderer).runSegment·dwrap·12()
      /opt/gopath/src/github.com/hyperledger-labs/mirbft/orderer/pbftorderer.go:199 +0x39

Goroutine 427 (running) created at:
  github.com/hyperledger-labs/mirbft/orderer.(*PbftOrderer).runSegment()
      /opt/gopath/src/github.com/hyperledger-labs/mirbft/orderer/pbftorderer.go:199 +0x3f0
  github.com/hyperledger-labs/mirbft/orderer.(*PbftOrderer).Start()
      /opt/gopath/src/github.com/hyperledger-labs/mirbft/orderer/pbftorderer.go:176 +0x355
  main.main·dwrap·5()
      /opt/gopath/src/github.com/hyperledger-labs/mirbft/cmd/orderingpeer/main.go:169 +0x59

Goroutine 424 (running) created at:
  github.com/hyperledger-labs/mirbft/orderer.(*PbftOrderer).runSegment()
      /opt/gopath/src/github.com/hyperledger-labs/mirbft/orderer/pbftorderer.go:199 +0x3f0
  github.com/hyperledger-labs/mirbft/orderer.(*PbftOrderer).Start()
      /opt/gopath/src/github.com/hyperledger-labs/mirbft/orderer/pbftorderer.go:176 +0x355
  main.main·dwrap·5()
      /opt/gopath/src/github.com/hyperledger-labs/mirbft/cmd/orderingpeer/main.go:169 +0x59
==================
13:14:22.260 DBG func handleCommit commit Tn. tn=1
13:14:22.261 DBG func handleCommit commit Tn. tn=1
13:14:22.261 DBG func handleCommit commit Tn. tn=1
13:14:22.261 DBG func handleCommit commit Tn. tn=1
13:14:22.261 DBG func handleCommit commit Tn. tn=1
13:14:22.261 WRN PbftOrderer handles message from self. sn=0
13:14:22.261 DBG func handleCommit commit Tn. tn=1
13:14:22.261 INF Get logEntry.Sn from tn. Hn=1 SegID=0 Tn=1 logEntry.Sn=0
13:14:22.261 INF Get logEntry.Sn from tn. Hn=1 SegID=1 Tn=1 logEntry.Sn=1
13:14:22.261 INF Get logEntry.Sn from tn. Hn=1 SegID=3 Tn=1 logEntry.Sn=3
13:14:22.261 INF Committed entry. latency=0 nReq=0 sn=1
13:14:22.261 INF Committed entry. latency=0 nReq=0 sn=0
13:14:22.261 INF Committed entry. latency=0 nReq=0 sn=3
13:14:22.262 INF Delivered batch. nReq=0 sn=0
13:14:22.262 INF Delivered batch. nReq=0 sn=1
13:14:22.262 DBG Starting timer. sn=5 view=0
13:14:22.263 DBG Starting timer. sn=7 view=0
13:14:22.262 DBG Starting timer. sn=4 view=0
panic: assignment to entry in nil map

goroutine 800 [running]:
github.com/hyperledger-labs/mirbft/orderer.(*pbftInstance).handleHtnmsg(0xc006f72000, 0xc0006adb40, 0xc0006adb00)
	/opt/gopath/src/github.com/hyperledger-labs/mirbft/orderer/pbftinstance.go:639 +0x1ce
github.com/hyperledger-labs/mirbft/orderer.(*pbftInstance).handleMessage(0xc006f72000, 0xc0006adb00)
	/opt/gopath/src/github.com/hyperledger-labs/mirbft/orderer/pbftinstance.go:1891 +0x545
github.com/hyperledger-labs/mirbft/orderer.(*pbftInstance).processSerializedMessages(0xc006f72000)
	/opt/gopath/src/github.com/hyperledger-labs/mirbft/orderer/pbftinstance.go:1835 +0xdc
created by github.com/hyperledger-labs/mirbft/orderer.(*PbftOrderer).runSegment
	/opt/gopath/src/github.com/hyperledger-labs/mirbft/orderer/pbftorderer.go:199 +0x3f1
