{"level":"debug","Logging":"debug","time":"2022-10-24T13:52:18+08:00","message":"Config"}
{"level":"debug","UseTLS":false,"time":"2022-10-24T13:52:18+08:00","message":"Config"}
{"level":"debug","CACertFile":"tls-data/ca.pem","time":"2022-10-24T13:52:18+08:00","message":"Config"}
{"level":"debug","KeyFile":"tls-data/auth.key","time":"2022-10-24T13:52:18+08:00","message":"Config"}
{"level":"debug","CertFile":"tls-data/auth.pem","time":"2022-10-24T13:52:18+08:00","message":"Config"}
{"level":"debug","PriorityConnections":2,"time":"2022-10-24T13:52:18+08:00","message":"Config"}
{"level":"debug","BasicConnections":2,"time":"2022-10-24T13:52:18+08:00","message":"Config"}
{"level":"debug","TestConnections":false,"time":"2022-10-24T13:52:18+08:00","message":"Config"}
{"level":"debug","ExcessConnections":1,"time":"2022-10-24T13:52:18+08:00","message":"Config"}
{"level":"debug","ConnectionTestMsgs":4,"time":"2022-10-24T13:52:18+08:00","message":"Config"}
{"level":"debug","ConnectionTestPayload":131072,"time":"2022-10-24T13:52:18+08:00","message":"Config"}
{"level":"debug","OutMessageBufsize":1024,"time":"2022-10-24T13:52:18+08:00","message":"Config"}
{"level":"debug","OutMessageBufsize":2,"time":"2022-10-24T13:52:18+08:00","message":"Config"}
{"level":"debug","ThroughputCap":131072000,"time":"2022-10-24T13:52:18+08:00","message":"Config"}
{"level":"debug","StragglerTolerance":1000,"time":"2022-10-24T13:52:18+08:00","message":"Config"}
{"level":"debug","BatchSizeIncrement":256,"time":"2022-10-24T13:52:18+08:00","message":"Config"}
{"level":"debug","Orderer":"Pbft","time":"2022-10-24T13:52:18+08:00","message":"Config"}
{"level":"debug","Manager":"Mir","time":"2022-10-24T13:52:18+08:00","message":"Config"}
{"level":"debug","Failures":2,"time":"2022-10-24T13:52:18+08:00","message":"Config"}
{"level":"debug","CrashTiming":"Straggler","time":"2022-10-24T13:52:18+08:00","message":"Config"}
{"level":"debug","CheckpointInterval":256,"time":"2022-10-24T13:52:18+08:00","message":"Config"}
{"level":"debug","WatermarkWindowSize":256,"time":"2022-10-24T13:52:18+08:00","message":"Config"}
{"level":"debug","EpochLength":256,"time":"2022-10-24T13:52:18+08:00","message":"Config"}
{"level":"debug","SegmentLength":32,"time":"2022-10-24T13:52:18+08:00","message":"Config"}
{"level":"debug","WaitForCheckpoints":true,"time":"2022-10-24T13:52:18+08:00","message":"Config"}
{"level":"debug","ClientWatermarkWindowSize":4194304,"time":"2022-10-24T13:52:18+08:00","message":"Config"}
{"level":"debug","ClientRequestBacklogSize":4194304,"time":"2022-10-24T13:52:18+08:00","message":"Config"}
{"level":"debug","RandomSeed":13400,"time":"2022-10-24T13:52:18+08:00","message":"Config"}
{"level":"debug","NodeToLeaderRatio":1,"time":"2022-10-24T13:52:18+08:00","message":"Config"}
{"level":"debug","LeaderPolicy":"SimulatedRandomFailures","time":"2022-10-24T13:52:18+08:00","message":"Config"}
{"level":"debug","DefaultLeaderBan":2,"time":"2022-10-24T13:52:18+08:00","message":"Config"}
{"level":"debug","NumBuckets":128,"time":"2022-10-24T13:52:18+08:00","message":"Config"}
{"level":"debug","BatchSize":1000,"time":"2022-10-24T13:52:18+08:00","message":"Config"}
{"level":"debug","DisabledViewChange":false,"time":"2022-10-24T13:52:18+08:00","message":"Config"}
{"level":"debug","ViewChangeTimeout":60000,"time":"2022-10-24T13:52:18+08:00","message":"Config"}
{"level":"debug","ClientTraceSampling":10,"time":"2022-10-24T13:52:18+08:00","message":"Config"}
{"level":"debug","EventBufferSize":2097152,"time":"2022-10-24T13:52:18+08:00","message":"Config"}
{"level":"debug","TraceSampling":1,"time":"2022-10-24T13:52:18+08:00","message":"Config"}
{"level":"debug","ClientsPerProcess":1,"time":"2022-10-24T13:52:18+08:00","message":"Config"}
{"level":"debug","RequestsPerClient":15360,"time":"2022-10-24T13:52:18+08:00","message":"Config"}
{"level":"debug","ClientRunTime":30000,"time":"2022-10-24T13:52:18+08:00","message":"Config"}
{"level":"debug","RequestRate":256,"time":"2022-10-24T13:52:18+08:00","message":"Config"}
{"level":"debug","HardRequestRateLimit":false,"time":"2022-10-24T13:52:18+08:00","message":"Config"}
{"level":"debug","RequestPayloadSize":500,"time":"2022-10-24T13:52:18+08:00","message":"Config"}
{"level":"debug","SignRequests":true,"time":"2022-10-24T13:52:18+08:00","message":"Config"}
{"level":"debug","ClientPrivKeyFile":"tls-data/client-ecdsa-256.key","time":"2022-10-24T13:52:18+08:00","message":"Config"}
{"level":"debug","ClientPubKeyFile":"tls-data/client-ecdsa-256.pem","time":"2022-10-24T13:52:18+08:00","message":"Config"}
{"level":"debug","PrecomputeRequests":false,"time":"2022-10-24T13:52:18+08:00","message":"Config"}
{"level":"debug","RequestHandlerThreads":32,"time":"2022-10-24T13:52:18+08:00","message":"Config"}
{"level":"debug","RequestInputChannelBuffer":8192,"time":"2022-10-24T13:52:18+08:00","message":"Config"}
{"level":"debug","BatchVerifier":"external","time":"2022-10-24T13:52:18+08:00","message":"Config"}
05:52:18.652 INF Registered with discovery server. numPeers=8 ownID=0
05:52:18.653 INF Profiling enabled.
05:52:18.653 INF Setting up profiling.
05:52:18.653 INF Started Profiler: CPU
05:52:18.653 INF Started Profiler: BLOCK
05:52:18.653 INF Started Profiler: MUTEX
05:52:18.653 INF Profiler will stop on signal. exit=true
05:52:18.656 INF Tracing will stop on signal. exit=false
05:52:18.656 INF Started tracing. traceFile=experiment-output/0000/slave-001/peer.trc
05:52:18.658 INF Connecting to peer. addr=127.0.0.1:10000 basicConns=2 priorityConns=2
05:52:18.658 DBG Starting backlog.
05:52:18.658 INF Connecting to peer. addr=127.0.0.1:10022 basicConns=2 priorityConns=2
05:52:18.658 INF Listening for connections. port=10000 useTLS=false
05:52:18.659 INF Connecting to peer. addr=127.0.0.1:10055 basicConns=2 priorityConns=2
05:52:18.658 INF Connecting to peer. addr=127.0.0.1:10044 basicConns=2 priorityConns=2
05:52:18.658 INF Connecting to peer. addr=127.0.0.1:10033 basicConns=2 priorityConns=2
05:52:18.658 INF Connecting to peer. addr=127.0.0.1:10011 basicConns=2 priorityConns=2
05:52:18.659 INF Connecting to peer. addr=127.0.0.1:10077 basicConns=2 priorityConns=2
05:52:18.659 INF Connecting to peer. addr=127.0.0.1:10066 basicConns=2 priorityConns=2
05:52:18.699 INF Incoming connection for protocol messages. addr=127.0.0.1:53026
05:52:18.705 INF Incoming connection for protocol messages. addr=127.0.0.1:53020
05:52:18.717 INF Incoming connection for protocol messages. addr=127.0.0.1:53082
05:52:18.721 INF Incoming connection for protocol messages. addr=127.0.0.1:53090
05:52:18.723 INF Incoming connection for protocol messages. addr=127.0.0.1:53084
05:52:18.725 INF Incoming connection for protocol messages. addr=127.0.0.1:53076
05:52:18.730 DBG Connected. peerID=6
05:52:18.731 INF Incoming connection for protocol messages. addr=127.0.0.1:53126
05:52:18.732 INF Incoming connection for protocol messages. addr=127.0.0.1:53064
05:52:18.735 INF Incoming connection for protocol messages. addr=127.0.0.1:53172
05:52:18.735 INF Incoming connection for protocol messages. addr=127.0.0.1:53202
05:52:18.738 INF Incoming connection for protocol messages. addr=127.0.0.1:53232
05:52:18.742 INF Incoming connection for protocol messages. addr=127.0.0.1:53280
05:52:18.743 INF Incoming connection for protocol messages. addr=127.0.0.1:53354
05:52:18.746 INF Incoming connection for protocol messages. addr=127.0.0.1:53230
05:52:18.747 DBG Connected. peerID=3
05:52:18.747 INF Incoming connection for protocol messages. addr=127.0.0.1:53360
05:52:18.748 INF Incoming connection for protocol messages. addr=127.0.0.1:53370
05:52:18.748 DBG Connected. peerID=1
05:52:18.750 INF Incoming connection for protocol messages. addr=127.0.0.1:53438
05:52:18.751 INF Incoming connection for protocol messages. addr=127.0.0.1:53470
05:52:18.752 INF Incoming connection for protocol messages. addr=127.0.0.1:53484
05:52:18.753 INF Incoming connection for protocol messages. addr=127.0.0.1:53134
05:52:18.753 INF Incoming connection for protocol messages. addr=127.0.0.1:53228
05:52:18.753 INF Incoming connection for protocol messages. addr=127.0.0.1:53240
05:52:18.754 INF Incoming connection for protocol messages. addr=127.0.0.1:53468
05:52:18.754 DBG Connected. peerID=4
05:52:18.754 DBG Connected. peerID=5
05:52:18.754 DBG Connected. peerID=0
05:52:18.754 INF Incoming connection for protocol messages. addr=127.0.0.1:53456
05:52:18.755 INF Incoming connection for protocol messages. addr=127.0.0.1:53210
05:52:18.755 INF Incoming connection for protocol messages. addr=127.0.0.1:53154
05:52:18.758 INF Incoming connection for protocol messages. addr=127.0.0.1:53162
05:52:18.763 DBG Connected. peerID=2
05:52:18.765 INF Incoming connection for protocol messages. addr=127.0.0.1:53512
05:52:18.766 INF Incoming connection for protocol messages. addr=127.0.0.1:53244
05:52:18.767 INF Incoming connection for protocol messages. addr=127.0.0.1:53308
05:52:18.772 INF Incoming connection for protocol messages. addr=127.0.0.1:53514
05:52:18.775 INF Incoming connection for protocol messages. addr=127.0.0.1:53528
05:52:18.777 DBG Connected. peerID=7
05:52:18.777 INF Connected to all peers.
05:52:18.786 INF All peers finished connecting. Starting ISS.
05:52:18.786 DBG Buckets for 0-th leader 0: [0 8 16 24 32 40 48 56 64 72 80 88 96 104 112 120 18 42 66 90 114]
05:52:18.787 DBG Buckets for 1-th leader 1: [1 9 17 25 33 41 49 57 65 73 81 89 97 105 113 121 13 37 61 85 109]
05:52:18.787 DBG Buckets for 2-th leader 3: [3 11 19 27 35 43 51 59 67 75 83 91 99 107 115 123 2 26 50 74 98 122]
05:52:18.787 DBG Buckets for 3-th leader 4: [4 12 20 28 36 44 52 60 68 76 84 92 100 108 116 124 21 45 69 93 117]
05:52:18.787 DBG Buckets for 4-th leader 6: [6 14 22 30 38 46 54 62 70 78 86 94 102 110 118 126 10 34 58 82 106]
05:52:18.787 DBG Buckets for 5-th leader 7: [7 15 23 31 39 47 55 63 71 79 87 95 103 111 119 127 5 29 53 77 101 125]
05:52:18.787 INF PbftOrderer received a new segment: [5 11 17 23 29 35 41 47 53 59 65 71 77 83 89 95 101 107 113 119 125 131 137 143 149 155 161 167 173 179 185 191] first leader=7 firstSN=5 lastSN=191 len=32 length=32 segId=5
05:52:18.788 INF Starting new view. segID=5 timeout=60000 view=0
05:52:18.788 DBG Starting timer. sn=5 view=0
05:52:18.788 INF Starting PBFT instance. first=5 last=191 segID=5
05:52:18.788 DBG Subscribing to backlog. segID=5
05:52:18.788 INF Starting serialized message processing. segID=5
05:52:18.788 INF PbftOrderer received a new segment: [0 6 12 18 24 30 36 42 48 54 60 66 72 78 84 90 96 102 108 114 120 126 132 138 144 150 156 162 168 174 180 186] first leader=0 firstSN=0 lastSN=186 len=32 length=32 segId=0
05:52:18.789 INF Starting new view. segID=0 timeout=60000 view=0
05:52:18.789 DBG Starting timer. sn=0 view=0
05:52:18.789 INF Starting PBFT instance. first=0 last=186 segID=0
05:52:18.789 DBG Subscribing to backlog. segID=0
05:52:18.789 DBG Leading segment. segID=0
05:52:18.790 DBG Waiting for batch. batchSize=4096
05:52:18.790 INF Starting serialized message processing. segID=0
05:52:18.790 INF PbftOrderer received a new segment: [1 7 13 19 25 31 37 43 49 55 61 67 73 79 85 91 97 103 109 115 121 127 133 139 145 151 157 163 169 175 181 187] first leader=1 firstSN=1 lastSN=187 len=32 length=32 segId=1
05:52:18.790 INF Starting new view. segID=1 timeout=60000 view=0
05:52:18.790 DBG Starting timer. sn=1 view=0
05:52:18.790 INF Starting PBFT instance. first=1 last=187 segID=1
05:52:18.791 DBG Subscribing to backlog. segID=1
05:52:18.791 INF Starting serialized message processing. segID=1
05:52:18.791 INF PbftOrderer received a new segment: [2 8 14 20 26 32 38 44 50 56 62 68 74 80 86 92 98 104 110 116 122 128 134 140 146 152 158 164 170 176 182 188] first leader=3 firstSN=2 lastSN=188 len=32 length=32 segId=2
05:52:18.791 INF Starting new view. segID=2 timeout=60000 view=0
05:52:18.791 DBG Starting timer. sn=2 view=0
05:52:18.791 INF Starting PBFT instance. first=2 last=188 segID=2
05:52:18.791 DBG Subscribing to backlog. segID=2
05:52:18.792 INF Starting serialized message processing. segID=2
05:52:18.792 INF PbftOrderer received a new segment: [3 9 15 21 27 33 39 45 51 57 63 69 75 81 87 93 99 105 111 117 123 129 135 141 147 153 159 165 171 177 183 189] first leader=4 firstSN=3 lastSN=189 len=32 length=32 segId=3
05:52:18.792 INF Starting new view. segID=3 timeout=60000 view=0
05:52:18.792 DBG Starting timer. sn=3 view=0
05:52:18.792 INF Starting PBFT instance. first=3 last=189 segID=3
05:52:18.792 DBG Subscribing to backlog. segID=3
05:52:18.793 INF Starting serialized message processing. segID=3
05:52:18.793 INF PbftOrderer received a new segment: [4 10 16 22 28 34 40 46 52 58 64 70 76 82 88 94 100 106 112 118 124 130 136 142 148 154 160 166 172 178 184 190] first leader=6 firstSN=4 lastSN=190 len=32 length=32 segId=4
05:52:18.793 INF Starting new view. segID=4 timeout=60000 view=0
05:52:18.793 DBG Starting timer. sn=4 view=0
05:52:18.793 INF Starting PBFT instance. first=4 last=190 segID=4
05:52:18.794 DBG Subscribing to backlog. segID=4
05:52:18.794 INF Starting serialized message processing. segID=4
05:52:18.811 INF Connection terminated. error="rpc error: code = Canceled desc = context canceled" address=127.0.0.1:53240
05:52:18.811 INF Connection terminated. error="rpc error: code = Canceled desc = context canceled" address=127.0.0.1:53076
05:52:18.811 INF Connection terminated. error="rpc error: code = Canceled desc = context canceled" address=127.0.0.1:53064
05:52:18.811 INF Connection terminated. error="rpc error: code = Canceled desc = context canceled" address=127.0.0.1:53082
05:52:18.814 INF Connection terminated. error="rpc error: code = Canceled desc = context canceled" address=127.0.0.1:53528
05:52:18.814 INF Connection terminated. error="rpc error: code = Canceled desc = context canceled" address=127.0.0.1:53514
05:52:18.814 INF Connection terminated. error="rpc error: code = Canceled desc = context canceled" address=127.0.0.1:53308
05:52:18.815 INF Connection terminated. error="rpc error: code = Canceled desc = context canceled" address=127.0.0.1:53244
05:52:20.823 INF Incoming connection for requests. addr=127.0.0.1:53542
05:52:48.790 DBG Batch ready. batchSize=4096
05:52:48.792 DBG Batch cut. left=0 nBuckets=21 nReq=1174 next=0
05:52:48.792 DBG Waiting for batch. batchSize=4096
05:52:48.844 INF Sending PREPREPARE. nReq=1174 senderID=0 sn=0 view=0
05:52:48.949 ERR Failed to send protocol message. Dropping all future outgoing protocol messages. error=EOF
05:52:48.969 ERR Failed to send protocol message. Dropping all future outgoing protocol messages. error=EOF
05:52:48.975 INF Handling PREPREPARE. nReq=1174 senderID=6 sn=4
05:52:48.975 DBG Creating new Batch. nReq=1174
05:52:48.976 INF Handling PREPREPARE. nReq=1229 senderID=3 sn=2
05:52:48.976 DBG Creating new Batch. nReq=1229
05:52:48.997 INF Handling PREPREPARE. nReq=1175 senderID=1 sn=1
05:52:48.997 DBG Creating new Batch. nReq=1175
05:52:49.030 INF Handling PREPREPARE. nReq=1173 senderID=4 sn=3
05:52:49.030 DBG Creating new Batch. nReq=1173
05:52:49.058 INF Handling PREPREPARE. nReq=1229 senderID=7 sn=5
05:52:49.058 DBG Creating new Batch. nReq=1229
05:52:49.496 DBG Sending COMMIT. senderID=0 sn=0 view=0
05:52:49.496 DBG func sendCommit commit Tn. sn=0 tn=0
05:52:49.496 DBG Sending Htn. sn=0 view=0
05:52:49.497 DBG func handleCommit commit Tn. tn=0
05:52:49.497 DBG func handleHtnmsg htn. htn=0 localhtn=0
05:52:49.499 DBG func handleCommit commit Tn. tn=0
05:52:49.499 DBG func handleHtnmsg htn. htn=0 localhtn=0
05:52:49.499 DBG Sending PREPARE. senderID=0 sn=4 view=0
05:52:49.499 DBG func handleCommit commit Tn. tn=0
05:52:49.499 DBG func sendPrepare prepare Tn. sn=4 tn=4
05:52:49.499 DBG func handleHtnmsg htn. htn=0 localhtn=0
05:52:49.500 DBG Sending COMMIT. senderID=0 sn=4 view=0
05:52:49.500 DBG func sendCommit commit Tn. sn=4 tn=4
05:52:49.500 DBG Sending Htn. sn=4 view=0
05:52:49.501 DBG func handleCommit commit Tn. tn=0
05:52:49.503 INF Committed entry. latency=0 nReq=1174 sn=0
05:52:49.503 INF Delivered batch. nReq=1174 sn=0
05:52:49.503 DBG Starting timer. sn=6 view=0
05:52:49.504 DBG func handleHtnmsg htn. htn=0 localhtn=0
05:52:49.504 DBG func handleCommit commit Tn. tn=4
05:52:49.504 DBG func handleCommit commit Tn. tn=4
05:52:49.505 DBG func handleCommit commit Tn. tn=4
05:52:49.505 DBG func handleHtnmsg htn. htn=4 localhtn=4
05:52:49.505 DBG func handleHtnmsg htn. htn=4 localhtn=4
05:52:49.506 DBG func handleCommit commit Tn. tn=0
05:52:49.506 DBG func handleHtnmsg htn. htn=4 localhtn=4
05:52:49.506 DBG func handleHtnmsg htn. htn=0 localhtn=0
05:52:49.507 DBG func handleCommit commit Tn. tn=4
05:52:49.507 DBG Sending PREPARE. senderID=0 sn=2 view=0
05:52:49.508 DBG func sendPrepare prepare Tn. sn=2 tn=2
05:52:49.509 INF Committed entry. latency=0 nReq=1174 sn=4
05:52:49.509 DBG Starting timer. sn=10 view=0
05:52:49.509 DBG func handleHtnmsg htn. htn=4 localhtn=4
05:52:49.516 DBG Sending PREPARE. senderID=0 sn=1 view=0
05:52:49.517 DBG func sendPrepare prepare Tn. sn=1 tn=1
05:52:49.523 DBG Sending COMMIT. senderID=0 sn=2 view=0
05:52:49.524 DBG func sendCommit commit Tn. sn=2 tn=2
05:52:49.524 DBG Sending Htn. sn=2 view=0
05:52:49.526 DBG func handleCommit commit Tn. tn=2
05:52:49.526 DBG Sending COMMIT. senderID=0 sn=1 view=0
05:52:49.526 DBG func handleHtnmsg htn. htn=2 localhtn=2
05:52:49.526 DBG func sendCommit commit Tn. sn=1 tn=1
05:52:49.526 DBG Sending Htn. sn=1 view=0
05:52:49.526 DBG func handleCommit commit Tn. tn=1
05:52:49.527 DBG func handleHtnmsg htn. htn=1 localhtn=1
05:52:49.527 DBG func handleCommit commit Tn. tn=1
05:52:49.527 DBG func handleCommit commit Tn. tn=2
05:52:49.527 DBG func handleHtnmsg htn. htn=1 localhtn=1
05:52:49.527 DBG func handleHtnmsg htn. htn=2 localhtn=2
05:52:49.528 DBG func handleCommit commit Tn. tn=1
05:52:49.528 DBG func handleCommit commit Tn. tn=2
05:52:49.528 DBG func handleHtnmsg htn. htn=1 localhtn=1
05:52:49.528 DBG func handleHtnmsg htn. htn=2 localhtn=2
05:52:49.542 DBG Sending PREPARE. senderID=0 sn=5 view=0
05:52:49.542 DBG func sendPrepare prepare Tn. sn=5 tn=5
05:52:49.542 DBG Sending COMMIT. senderID=0 sn=5 view=0
05:52:49.542 DBG func sendCommit commit Tn. sn=5 tn=5
05:52:49.542 DBG Sending Htn. sn=5 view=0
05:52:49.543 DBG func handleCommit commit Tn. tn=5
05:52:49.543 DBG func handleHtnmsg htn. htn=5 localhtn=5
05:52:49.543 DBG func handleCommit commit Tn. tn=5
05:52:49.543 DBG func handleHtnmsg htn. htn=5 localhtn=5
05:52:49.543 DBG func handleCommit commit Tn. tn=5
05:52:49.543 DBG func handleHtnmsg htn. htn=5 localhtn=5
05:52:49.543 DBG func handleCommit commit Tn. tn=5
05:52:49.545 INF Committed entry. latency=0 nReq=1229 sn=5
05:52:49.545 DBG Starting timer. sn=11 view=0
05:52:49.546 DBG func handleHtnmsg htn. htn=5 localhtn=5
05:52:49.547 DBG func handleCommit commit Tn. tn=4
05:52:49.547 DBG func handleHtnmsg htn. htn=4 localhtn=4
05:52:49.556 DBG Sending PREPARE. senderID=0 sn=3 view=0
05:52:49.556 DBG func sendPrepare prepare Tn. sn=3 tn=3
05:52:49.556 DBG Sending COMMIT. senderID=0 sn=3 view=0
05:52:49.556 DBG func sendCommit commit Tn. sn=3 tn=3
05:52:49.556 DBG Sending Htn. sn=3 view=0
05:52:49.557 DBG func handleCommit commit Tn. tn=1
05:52:49.559 INF Committed entry. latency=0 nReq=1175 sn=1
05:52:49.559 INF Delivered batch. nReq=1175 sn=1
05:52:49.559 DBG Starting timer. sn=7 view=0
05:52:49.559 DBG func handleHtnmsg htn. htn=1 localhtn=1
05:52:49.560 DBG func handleCommit commit Tn. tn=3
05:52:49.560 DBG func handleHtnmsg htn. htn=3 localhtn=3
05:52:49.561 DBG func handleCommit commit Tn. tn=3
05:52:49.561 DBG func handleHtnmsg htn. htn=3 localhtn=3
05:52:49.565 DBG func handleCommit commit Tn. tn=2
05:52:49.566 DBG func handleCommit commit Tn. tn=3
05:52:49.566 DBG func handleHtnmsg htn. htn=3 localhtn=3
05:52:49.566 DBG func handleCommit commit Tn. tn=3
05:52:49.567 INF Committed entry. latency=0 nReq=1229 sn=2
05:52:49.568 INF Delivered batch. nReq=1229 sn=2
05:52:49.568 DBG Starting timer. sn=8 view=0
05:52:49.568 DBG func handleHtnmsg htn. htn=2 localhtn=2
05:52:49.568 INF Committed entry. latency=0 nReq=1173 sn=3
05:52:49.568 INF Delivered batch. nReq=1173 sn=3
05:52:49.568 INF Delivered batch. nReq=1174 sn=4
05:52:49.569 INF Delivered batch. nReq=1229 sn=5
05:52:49.569 DBG Starting timer. sn=9 view=0
05:52:49.569 DBG func handleHtnmsg htn. htn=3 localhtn=3
05:52:49.573 DBG func handleCommit commit Tn. tn=1
05:52:49.573 DBG func handleCommit commit Tn. tn=2
05:52:49.573 DBG func handleHtnmsg htn. htn=1 localhtn=1
05:52:49.573 DBG func handleHtnmsg htn. htn=2 localhtn=2
05:52:49.575 DBG func handleCommit commit Tn. tn=3
05:52:49.575 DBG func handleHtnmsg htn. htn=3 localhtn=3
05:52:49.575 DBG func handleCommit commit Tn. tn=5
05:52:49.575 DBG func handleHtnmsg htn. htn=5 localhtn=5
05:53:18.793 DBG Batch ready. batchSize=4096
05:53:18.794 DBG Batch cut. left=0 nBuckets=21 nReq=87 next=0
05:53:18.794 DBG Waiting for batch. batchSize=4096
05:53:18.796 INF Sending PREPREPARE. nReq=87 senderID=0 sn=6 view=0
05:53:18.809 INF Handling PREPREPARE. nReq=86 senderID=1 sn=7
05:53:18.809 DBG Creating new Batch. nReq=86
05:53:18.810 INF Handling PREPREPARE. nReq=86 senderID=6 sn=10
05:53:18.810 DBG Creating new Batch. nReq=86
05:53:18.821 INF Handling PREPREPARE. nReq=87 senderID=4 sn=9
05:53:18.821 DBG Creating new Batch. nReq=87
05:53:18.822 INF Handling PREPREPARE. nReq=91 senderID=7 sn=11
05:53:18.822 DBG Creating new Batch. nReq=91
05:53:18.831 DBG Sending PREPARE. senderID=0 sn=7 view=0
05:53:18.831 DBG func sendPrepare prepare Tn. sn=7 tn=7
05:53:18.835 INF Handling PREPREPARE. nReq=91 senderID=3 sn=8
05:53:18.836 DBG Creating new Batch. nReq=91
05:53:18.843 DBG Sending PREPARE. senderID=0 sn=10 view=0
05:53:18.843 DBG func sendPrepare prepare Tn. sn=10 tn=10
05:53:18.849 DBG Sending COMMIT. senderID=0 sn=6 view=0
05:53:18.849 DBG func sendCommit commit Tn. sn=6 tn=6
05:53:18.849 DBG Sending Htn. sn=6 view=0
05:53:18.850 DBG func handleCommit commit Tn. tn=6
05:53:18.850 DBG func handleCommit commit Tn. tn=6
05:53:18.850 DBG func handleHtnmsg htn. htn=6 localhtn=6
05:53:18.850 DBG func handleHtnmsg htn. htn=6 localhtn=6
05:53:18.850 DBG func handleCommit commit Tn. tn=6
05:53:18.850 DBG func handleHtnmsg htn. htn=6 localhtn=6
05:53:18.852 DBG Sending PREPARE. senderID=0 sn=11 view=0
05:53:18.852 DBG func sendPrepare prepare Tn. sn=11 tn=11
05:53:18.852 DBG Sending COMMIT. senderID=0 sn=7 view=0
05:53:18.852 DBG Sending COMMIT. senderID=0 sn=11 view=0
05:53:18.852 DBG func sendCommit commit Tn. sn=7 tn=7
05:53:18.853 DBG func sendCommit commit Tn. sn=11 tn=11
05:53:18.853 DBG func handleCommit commit Tn. tn=6
05:53:18.853 DBG Sending Htn. sn=7 view=0
05:53:18.853 DBG Sending Htn. sn=11 view=0
05:53:18.853 DBG func handleCommit commit Tn. tn=7
05:53:18.853 DBG Sending PREPARE. senderID=0 sn=9 view=0
05:53:18.853 DBG func handleCommit commit Tn. tn=7
05:53:18.853 DBG Sending PREPARE. senderID=0 sn=8 view=0
05:53:18.853 DBG func handleHtnmsg htn. htn=7 localhtn=7
05:53:18.853 INF Committed entry. latency=0 nReq=87 sn=6
05:53:18.853 DBG func sendPrepare prepare Tn. sn=8 tn=8
05:53:18.853 DBG func sendPrepare prepare Tn. sn=9 tn=9
05:53:18.854 INF Delivered batch. nReq=87 sn=6
05:53:18.854 DBG func handleCommit commit Tn. tn=7
05:53:18.854 DBG Sending COMMIT. senderID=0 sn=9 view=0
05:53:18.854 DBG Starting timer. sn=12 view=0
05:53:18.854 DBG func sendCommit commit Tn. sn=9 tn=9
05:53:18.854 DBG func handleHtnmsg htn. htn=6 localhtn=6
05:53:18.854 DBG func handleHtnmsg htn. htn=7 localhtn=7
05:53:18.854 DBG Sending Htn. sn=9 view=0
05:53:18.854 DBG func handleHtnmsg htn. htn=7 localhtn=7
05:53:18.855 DBG func handleCommit commit Tn. tn=11
05:53:18.855 DBG func handleCommit commit Tn. tn=7
05:53:18.855 INF Committed entry. latency=0 nReq=86 sn=7
05:53:18.855 INF Delivered batch. nReq=86 sn=7
05:53:18.861 DBG Starting timer. sn=13 view=0
05:53:18.861 DBG func handleHtnmsg htn. htn=10 localhtn=10
05:53:18.862 DBG Sending COMMIT. senderID=0 sn=8 view=0
05:53:18.862 DBG Sending COMMIT. senderID=0 sn=10 view=0
05:53:18.856 DBG func handleCommit commit Tn. tn=11
05:53:18.862 DBG func sendCommit commit Tn. sn=8 tn=8
05:53:18.862 DBG func sendCommit commit Tn. sn=10 tn=10
05:53:18.861 DBG func handleCommit commit Tn. tn=9
05:53:18.862 DBG func handleHtnmsg htn. htn=11 localhtn=11
05:53:18.861 DBG func handleHtnmsg htn. htn=7 localhtn=7
05:53:18.861 DBG func handleHtnmsg htn. htn=6 localhtn=6
05:53:18.862 DBG func handleCommit commit Tn. tn=11
05:53:18.862 DBG func handleCommit commit Tn. tn=7
05:53:18.862 DBG func handleCommit commit Tn. tn=6
05:53:18.862 DBG Sending Htn. sn=10 view=0
05:53:18.862 DBG func handleHtnmsg htn. htn=9 localhtn=9
05:53:18.862 DBG func handleHtnmsg htn. htn=11 localhtn=11
05:53:18.863 DBG func handleCommit commit Tn. tn=10
05:53:18.863 DBG func handleCommit commit Tn. tn=9
05:53:18.863 DBG func handleCommit commit Tn. tn=11
05:53:18.863 DBG func handleHtnmsg htn. htn=9 localhtn=9
05:53:18.863 DBG func handleHtnmsg htn. htn=10 localhtn=10
05:53:18.863 DBG func handleCommit commit Tn. tn=9
05:53:18.863 DBG func handleCommit commit Tn. tn=10
05:53:18.863 DBG func handleHtnmsg htn. htn=9 localhtn=9
05:53:18.863 INF Committed entry. latency=0 nReq=91 sn=11
05:53:18.863 DBG func handleHtnmsg htn. htn=10 localhtn=10
05:53:18.863 DBG Starting timer. sn=17 view=0
05:53:18.863 DBG func handleCommit commit Tn. tn=10
05:53:18.863 DBG func handleCommit commit Tn. tn=9
05:53:18.863 DBG func handleHtnmsg htn. htn=11 localhtn=11
05:53:18.864 DBG func handleHtnmsg htn. htn=10 localhtn=10
05:53:18.864 DBG func handleCommit commit Tn. tn=11
05:53:18.862 DBG func handleHtnmsg htn. htn=7 localhtn=7
05:53:18.864 DBG func handleCommit commit Tn. tn=10
05:53:18.864 DBG func handleHtnmsg htn. htn=11 localhtn=11
05:53:18.864 INF Committed entry. latency=0 nReq=87 sn=9
05:53:18.864 DBG func handleHtnmsg htn. htn=11 localhtn=11
05:53:18.864 DBG Starting timer. sn=15 view=0
05:53:18.864 DBG func handleHtnmsg htn. htn=9 localhtn=9
05:53:18.864 INF Committed entry. latency=0 nReq=86 sn=10
05:53:18.862 DBG Sending Htn. sn=8 view=0
05:53:18.865 DBG func handleCommit commit Tn. tn=9
05:53:18.865 DBG Starting timer. sn=16 view=0
05:53:18.865 DBG func handleCommit commit Tn. tn=8
05:53:18.866 DBG func handleHtnmsg htn. htn=10 localhtn=10
05:53:18.865 DBG func handleHtnmsg htn. htn=9 localhtn=9
05:53:18.866 DBG func handleCommit commit Tn. tn=10
05:53:18.866 DBG func handleHtnmsg htn. htn=8 localhtn=8
05:53:18.866 DBG func handleCommit commit Tn. tn=8
05:53:18.866 DBG func handleHtnmsg htn. htn=8 localhtn=8
05:53:18.866 DBG func handleCommit commit Tn. tn=8
05:53:18.866 DBG func handleHtnmsg htn. htn=8 localhtn=8
05:53:18.866 DBG func handleCommit commit Tn. tn=8
05:53:18.867 INF Committed entry. latency=0 nReq=91 sn=8
05:53:18.867 INF Delivered batch. nReq=91 sn=8
05:53:18.867 INF Delivered batch. nReq=87 sn=9
05:53:18.867 INF Delivered batch. nReq=86 sn=10
05:53:18.867 INF Delivered batch. nReq=91 sn=11
05:53:18.867 DBG Starting timer. sn=14 view=0
05:53:18.868 DBG func handleHtnmsg htn. htn=8 localhtn=8
05:53:18.868 DBG func handleCommit commit Tn. tn=8
05:53:18.869 DBG func handleHtnmsg htn. htn=8 localhtn=8
05:53:19.857 INF Connection terminated. error="rpc error: code = Canceled desc = context canceled" address=127.0.0.1:53542
05:53:19.858 INF Finished sending bucket assignments to client. clId=0
05:53:20.276 INF Stopping profiler.
05:53:20.293 INF Stopping Tracer. events=144 fileName=experiment-output/0000/slave-001/peer.trc
==================
WARNING: DATA RACE
Read at 0x00c000942000 by goroutine 115:
  runtime.racereadrange()
      <autogenerated>:1 +0x1b
  github.com/hyperledger-labs/mirbft/tracing.(*BufferedTrace).StopOnSignal.func1()
      /opt/gopath/src/github.com/hyperledger-labs/mirbft/tracing/bufferedtrace.go:298 +0x4e

Previous write at 0x00c000942000 by goroutine 499:
  github.com/hyperledger-labs/mirbft/tracing.(*BufferedTrace).Event()
      /opt/gopath/src/github.com/hyperledger-labs/mirbft/tracing/bufferedtrace.go:105 +0x2d9
  github.com/hyperledger-labs/mirbft/manager.(*MirManager).handleLogEntries()
      /opt/gopath/src/github.com/hyperledger-labs/mirbft/manager/mirmanager.go:139 +0x1d8
  github.com/hyperledger-labs/mirbft/manager.(*MirManager).Start路dwrap路7()
      /opt/gopath/src/github.com/hyperledger-labs/mirbft/manager/mirmanager.go:101 +0x47

Goroutine 115 (running) created at:
  github.com/hyperledger-labs/mirbft/tracing.(*BufferedTrace).StopOnSignal()
      /opt/gopath/src/github.com/hyperledger-labs/mirbft/tracing/bufferedtrace.go:292 +0x172
  main.setUpTracing()
      /opt/gopath/src/github.com/hyperledger-labs/mirbft/cmd/orderingpeer/main.go:204 +0xf5
  main.main()
      /opt/gopath/src/github.com/hyperledger-labs/mirbft/cmd/orderingpeer/main.go:98 +0x9d6

Goroutine 499 (running) created at:
  github.com/hyperledger-labs/mirbft/manager.(*MirManager).Start()
      /opt/gopath/src/github.com/hyperledger-labs/mirbft/manager/mirmanager.go:101 +0x19e
  main.main路dwrap路4()
      /opt/gopath/src/github.com/hyperledger-labs/mirbft/cmd/orderingpeer/main.go:168 +0x59
==================
==================
WARNING: DATA RACE
Read at 0x00c000943658 by goroutine 115:
  runtime.racereadrange()
      <autogenerated>:1 +0x1b
  github.com/hyperledger-labs/mirbft/tracing.(*BufferedTrace).StopOnSignal.func1()
      /opt/gopath/src/github.com/hyperledger-labs/mirbft/tracing/bufferedtrace.go:298 +0x4e

Previous write at 0x00c000943658 by goroutine 114:
  github.com/hyperledger-labs/mirbft/tracing.(*BufferedTrace).Event()
      /opt/gopath/src/github.com/hyperledger-labs/mirbft/tracing/bufferedtrace.go:105 +0x2d9
  github.com/hyperledger-labs/mirbft/profiling.StartCPUTracing.func1()
      /opt/gopath/src/github.com/hyperledger-labs/mirbft/profiling/cpuusage.go:31 +0x95

Goroutine 115 (running) created at:
  github.com/hyperledger-labs/mirbft/tracing.(*BufferedTrace).StopOnSignal()
      /opt/gopath/src/github.com/hyperledger-labs/mirbft/tracing/bufferedtrace.go:292 +0x172
  main.setUpTracing()
      /opt/gopath/src/github.com/hyperledger-labs/mirbft/cmd/orderingpeer/main.go:204 +0xf5
  main.main()
      /opt/gopath/src/github.com/hyperledger-labs/mirbft/cmd/orderingpeer/main.go:98 +0x9d6

Goroutine 114 (running) created at:
  github.com/hyperledger-labs/mirbft/profiling.StartCPUTracing()
      /opt/gopath/src/github.com/hyperledger-labs/mirbft/profiling/cpuusage.go:28 +0xb6
  main.setUpTracing()
      /opt/gopath/src/github.com/hyperledger-labs/mirbft/cmd/orderingpeer/main.go:196 +0x85
  main.main()
      /opt/gopath/src/github.com/hyperledger-labs/mirbft/cmd/orderingpeer/main.go:98 +0x9d6
==================
05:53:20.296 INF Trace data written.
05:53:20.413 INF Profile data written. filename=experiment-output/0000/slave-001/prof.cpu name=cpu
05:53:20.479 INF Profile data written. filename=experiment-output/0000/slave-001/prof.block name=block
05:53:20.508 INF Profile data written. filename=experiment-output/0000/slave-001/prof.mutex name=mutex
