{"level":"debug","Logging":"debug","time":"2022-08-17T16:02:32+08:00","message":"Config"}
{"level":"debug","UseTLS":false,"time":"2022-08-17T16:02:32+08:00","message":"Config"}
{"level":"debug","CACertFile":"tls-data/ca.pem","time":"2022-08-17T16:02:32+08:00","message":"Config"}
{"level":"debug","KeyFile":"tls-data/auth.key","time":"2022-08-17T16:02:32+08:00","message":"Config"}
{"level":"debug","CertFile":"tls-data/auth.pem","time":"2022-08-17T16:02:32+08:00","message":"Config"}
{"level":"debug","PriorityConnections":2,"time":"2022-08-17T16:02:32+08:00","message":"Config"}
{"level":"debug","BasicConnections":2,"time":"2022-08-17T16:02:32+08:00","message":"Config"}
{"level":"debug","TestConnections":false,"time":"2022-08-17T16:02:32+08:00","message":"Config"}
{"level":"debug","ExcessConnections":1,"time":"2022-08-17T16:02:32+08:00","message":"Config"}
{"level":"debug","ConnectionTestMsgs":4,"time":"2022-08-17T16:02:32+08:00","message":"Config"}
{"level":"debug","ConnectionTestPayload":131072,"time":"2022-08-17T16:02:32+08:00","message":"Config"}
{"level":"debug","OutMessageBufsize":1024,"time":"2022-08-17T16:02:32+08:00","message":"Config"}
{"level":"debug","OutMessageBufsize":2,"time":"2022-08-17T16:02:32+08:00","message":"Config"}
{"level":"debug","ThroughputCap":131072000,"time":"2022-08-17T16:02:32+08:00","message":"Config"}
{"level":"debug","StragglerTolerance":1000,"time":"2022-08-17T16:02:32+08:00","message":"Config"}
{"level":"debug","BatchSizeIncrement":256,"time":"2022-08-17T16:02:32+08:00","message":"Config"}
{"level":"debug","Orderer":"Pbft","time":"2022-08-17T16:02:32+08:00","message":"Config"}
{"level":"debug","Manager":"Mir","time":"2022-08-17T16:02:32+08:00","message":"Config"}
{"level":"debug","Failures":0,"time":"2022-08-17T16:02:32+08:00","message":"Config"}
{"level":"debug","CrashTiming":"Straggler","time":"2022-08-17T16:02:32+08:00","message":"Config"}
{"level":"debug","CheckpointInterval":256,"time":"2022-08-17T16:02:32+08:00","message":"Config"}
{"level":"debug","WatermarkWindowSize":256,"time":"2022-08-17T16:02:32+08:00","message":"Config"}
{"level":"debug","EpochLength":256,"time":"2022-08-17T16:02:32+08:00","message":"Config"}
{"level":"debug","SegmentLength":32,"time":"2022-08-17T16:02:32+08:00","message":"Config"}
{"level":"debug","WaitForCheckpoints":true,"time":"2022-08-17T16:02:32+08:00","message":"Config"}
{"level":"debug","ClientWatermarkWindowSize":4194304,"time":"2022-08-17T16:02:32+08:00","message":"Config"}
{"level":"debug","ClientRequestBacklogSize":4194304,"time":"2022-08-17T16:02:32+08:00","message":"Config"}
{"level":"debug","RandomSeed":32231,"time":"2022-08-17T16:02:32+08:00","message":"Config"}
{"level":"debug","NodeToLeaderRatio":1,"time":"2022-08-17T16:02:32+08:00","message":"Config"}
{"level":"debug","LeaderPolicy":"Simple","time":"2022-08-17T16:02:32+08:00","message":"Config"}
{"level":"debug","DefaultLeaderBan":2,"time":"2022-08-17T16:02:32+08:00","message":"Config"}
{"level":"debug","NumBuckets":128,"time":"2022-08-17T16:02:32+08:00","message":"Config"}
{"level":"debug","BatchSize":1000,"time":"2022-08-17T16:02:32+08:00","message":"Config"}
{"level":"debug","DisabledViewChange":false,"time":"2022-08-17T16:02:32+08:00","message":"Config"}
{"level":"debug","ViewChangeTimeout":60000,"time":"2022-08-17T16:02:32+08:00","message":"Config"}
{"level":"debug","ClientTraceSampling":10,"time":"2022-08-17T16:02:32+08:00","message":"Config"}
{"level":"debug","EventBufferSize":2097152,"time":"2022-08-17T16:02:32+08:00","message":"Config"}
{"level":"debug","TraceSampling":1,"time":"2022-08-17T16:02:32+08:00","message":"Config"}
{"level":"debug","ClientsPerProcess":1,"time":"2022-08-17T16:02:32+08:00","message":"Config"}
{"level":"debug","RequestsPerClient":15360,"time":"2022-08-17T16:02:32+08:00","message":"Config"}
{"level":"debug","ClientRunTime":30000,"time":"2022-08-17T16:02:32+08:00","message":"Config"}
{"level":"debug","RequestRate":256,"time":"2022-08-17T16:02:32+08:00","message":"Config"}
{"level":"debug","HardRequestRateLimit":false,"time":"2022-08-17T16:02:32+08:00","message":"Config"}
{"level":"debug","RequestPayloadSize":500,"time":"2022-08-17T16:02:32+08:00","message":"Config"}
{"level":"debug","SignRequests":true,"time":"2022-08-17T16:02:32+08:00","message":"Config"}
{"level":"debug","ClientPrivKeyFile":"tls-data/client-ecdsa-256.key","time":"2022-08-17T16:02:32+08:00","message":"Config"}
{"level":"debug","ClientPubKeyFile":"tls-data/client-ecdsa-256.pem","time":"2022-08-17T16:02:32+08:00","message":"Config"}
{"level":"debug","PrecomputeRequests":false,"time":"2022-08-17T16:02:32+08:00","message":"Config"}
{"level":"debug","RequestHandlerThreads":32,"time":"2022-08-17T16:02:32+08:00","message":"Config"}
{"level":"debug","RequestInputChannelBuffer":8192,"time":"2022-08-17T16:02:32+08:00","message":"Config"}
{"level":"debug","BatchVerifier":"external","time":"2022-08-17T16:02:32+08:00","message":"Config"}
08:02:32.135 INF Registered with discovery server. numPeers=8 ownID=2
08:02:32.135 INF Profiling enabled.
08:02:32.135 INF Setting up profiling.
08:02:32.136 INF Started Profiler: CPU
08:02:32.136 INF Started Profiler: BLOCK
08:02:32.136 INF Started Profiler: MUTEX
08:02:32.136 INF Profiler will stop on signal. exit=true
08:02:32.138 INF Tracing will stop on signal. exit=false
08:02:32.139 INF Started tracing. traceFile=experiment-output/0000/slave-001/peer.trc
08:02:32.139 DBG Starting backlog.
08:02:32.140 INF Listening for connections. port=10022 useTLS=false
08:02:32.140 INF Connecting to peer. addr=127.0.0.1:10022 basicConns=2 priorityConns=2
08:02:32.140 INF Connecting to peer. addr=127.0.0.1:10033 basicConns=2 priorityConns=2
08:02:32.140 INF Connecting to peer. addr=127.0.0.1:10044 basicConns=2 priorityConns=2
08:02:32.140 INF Connecting to peer. addr=127.0.0.1:10055 basicConns=2 priorityConns=2
08:02:32.141 INF Connecting to peer. addr=127.0.0.1:10066 basicConns=2 priorityConns=2
08:02:32.141 INF Connecting to peer. addr=127.0.0.1:10077 basicConns=2 priorityConns=2
08:02:32.144 INF Connecting to peer. addr=127.0.0.1:10000 basicConns=2 priorityConns=2
08:02:32.145 INF Connecting to peer. addr=127.0.0.1:10011 basicConns=2 priorityConns=2
08:02:32.198 INF Incoming connection for protocol messages. addr=127.0.0.1:38690
08:02:32.199 INF Incoming connection for protocol messages. addr=127.0.0.1:38654
08:02:32.201 INF Incoming connection for protocol messages. addr=127.0.0.1:38706
08:02:32.201 INF Incoming connection for protocol messages. addr=127.0.0.1:38680
08:02:32.204 INF Incoming connection for protocol messages. addr=127.0.0.1:38684
08:02:32.210 INF Incoming connection for protocol messages. addr=127.0.0.1:38666
08:02:32.212 DBG Connected. peerID=2
08:02:32.214 INF Incoming connection for protocol messages. addr=127.0.0.1:38808
08:02:32.215 DBG Connected. peerID=4
08:02:32.216 INF Incoming connection for protocol messages. addr=127.0.0.1:38830
08:02:32.218 INF Incoming connection for protocol messages. addr=127.0.0.1:38814
08:02:32.218 INF Incoming connection for protocol messages. addr=127.0.0.1:38798
08:02:32.218 DBG Connected. peerID=0
08:02:32.219 INF Incoming connection for protocol messages. addr=127.0.0.1:38842
08:02:32.220 INF Incoming connection for protocol messages. addr=127.0.0.1:38926
08:02:32.221 INF Incoming connection for protocol messages. addr=127.0.0.1:38744
08:02:32.221 INF Incoming connection for protocol messages. addr=127.0.0.1:38840
08:02:32.222 INF Incoming connection for protocol messages. addr=127.0.0.1:38930
08:02:32.222 INF Incoming connection for protocol messages. addr=127.0.0.1:38732
08:02:32.223 INF Incoming connection for protocol messages. addr=127.0.0.1:38876
08:02:32.224 DBG Connected. peerID=6
08:02:32.224 DBG Connected. peerID=3
08:02:32.224 DBG Connected. peerID=5
08:02:32.225 INF Incoming connection for protocol messages. addr=127.0.0.1:38958
08:02:32.226 INF Incoming connection for protocol messages. addr=127.0.0.1:38908
08:02:32.226 INF Incoming connection for protocol messages. addr=127.0.0.1:38976
08:02:32.226 INF Incoming connection for protocol messages. addr=127.0.0.1:38948
08:02:32.234 INF Incoming connection for protocol messages. addr=127.0.0.1:38710
08:02:32.236 INF Incoming connection for protocol messages. addr=127.0.0.1:38912
08:02:32.238 DBG Connected. peerID=1
08:02:32.239 INF Incoming connection for protocol messages. addr=127.0.0.1:38900
08:02:32.241 INF Incoming connection for protocol messages. addr=127.0.0.1:39068
08:02:32.252 INF Incoming connection for protocol messages. addr=127.0.0.1:39032
08:02:32.254 INF Incoming connection for protocol messages. addr=127.0.0.1:39046
08:02:32.254 INF Incoming connection for protocol messages. addr=127.0.0.1:39106
08:02:32.256 INF Incoming connection for protocol messages. addr=127.0.0.1:39052
08:02:32.259 INF Incoming connection for protocol messages. addr=127.0.0.1:39084
08:02:32.259 INF Incoming connection for protocol messages. addr=127.0.0.1:39090
08:02:32.260 INF Incoming connection for protocol messages. addr=127.0.0.1:39148
08:02:32.267 DBG Connected. peerID=7
08:02:32.267 INF Connected to all peers.
08:02:32.276 INF All peers finished connecting. Starting ISS.
08:02:32.277 DBG Buckets for 0-th leader 0: [0 8 16 24 32 40 48 56 64 72 80 88 96 104 112 120]
08:02:32.277 DBG Buckets for 1-th leader 1: [1 9 17 25 33 41 49 57 65 73 81 89 97 105 113 121]
08:02:32.277 DBG Buckets for 2-th leader 2: [2 10 18 26 34 42 50 58 66 74 82 90 98 106 114 122]
08:02:32.278 DBG Buckets for 3-th leader 3: [3 11 19 27 35 43 51 59 67 75 83 91 99 107 115 123]
08:02:32.278 DBG Buckets for 4-th leader 4: [4 12 20 28 36 44 52 60 68 76 84 92 100 108 116 124]
08:02:32.278 DBG Buckets for 5-th leader 5: [5 13 21 29 37 45 53 61 69 77 85 93 101 109 117 125]
08:02:32.278 DBG Buckets for 6-th leader 6: [6 14 22 30 38 46 54 62 70 78 86 94 102 110 118 126]
08:02:32.278 DBG Buckets for 7-th leader 7: [7 15 23 31 39 47 55 63 71 79 87 95 103 111 119 127]
08:02:32.278 INF PbftOrderer received a new segment: [2 10 18 26 34 42 50 58 66 74 82 90 98 106 114 122 130 138 146 154 162 170 178 186 194 202 210 218 226 234 242 250] first leader=2 firstSN=2 lastSN=250 len=32 length=32 segId=2
08:02:32.279 INF Starting new view. segID=2 timeout=60000 view=0
08:02:32.279 DBG Starting timer. sn=2 view=0
08:02:32.279 INF Starting PBFT instance. first=2 last=250 segID=2
08:02:32.279 DBG Subscribing to backlog. segID=2
08:02:32.279 DBG Leading segment. segID=2
08:02:32.279 INF Starting serialized message processing. segID=2
08:02:32.279 DBG Waiting for batch. batchSize=4096
08:02:32.279 INF PbftOrderer received a new segment: [3 11 19 27 35 43 51 59 67 75 83 91 99 107 115 123 131 139 147 155 163 171 179 187 195 203 211 219 227 235 243 251] first leader=3 firstSN=3 lastSN=251 len=32 length=32 segId=3
08:02:32.280 INF Starting new view. segID=3 timeout=60000 view=0
08:02:32.280 DBG Starting timer. sn=3 view=0
08:02:32.280 INF Starting PBFT instance. first=3 last=251 segID=3
08:02:32.280 DBG Subscribing to backlog. segID=3
08:02:32.280 INF Starting serialized message processing. segID=3
08:02:32.281 INF PbftOrderer received a new segment: [4 12 20 28 36 44 52 60 68 76 84 92 100 108 116 124 132 140 148 156 164 172 180 188 196 204 212 220 228 236 244 252] first leader=4 firstSN=4 lastSN=252 len=32 length=32 segId=4
08:02:32.281 INF Starting new view. segID=4 timeout=60000 view=0
08:02:32.281 DBG Starting timer. sn=4 view=0
08:02:32.281 INF Starting PBFT instance. first=4 last=252 segID=4
08:02:32.281 DBG Subscribing to backlog. segID=4
08:02:32.281 INF Starting serialized message processing. segID=4
08:02:32.281 INF PbftOrderer received a new segment: [5 13 21 29 37 45 53 61 69 77 85 93 101 109 117 125 133 141 149 157 165 173 181 189 197 205 213 221 229 237 245 253] first leader=5 firstSN=5 lastSN=253 len=32 length=32 segId=5
08:02:32.282 INF Starting new view. segID=5 timeout=60000 view=0
08:02:32.282 DBG Starting timer. sn=5 view=0
08:02:32.282 INF Starting PBFT instance. first=5 last=253 segID=5
08:02:32.282 DBG Subscribing to backlog. segID=5
08:02:32.282 INF Starting serialized message processing. segID=5
08:02:32.282 INF PbftOrderer received a new segment: [6 14 22 30 38 46 54 62 70 78 86 94 102 110 118 126 134 142 150 158 166 174 182 190 198 206 214 222 230 238 246 254] first leader=6 firstSN=6 lastSN=254 len=32 length=32 segId=6
08:02:32.283 INF Starting new view. segID=6 timeout=60000 view=0
08:02:32.283 DBG Starting timer. sn=6 view=0
08:02:32.283 INF Starting PBFT instance. first=6 last=254 segID=6
08:02:32.283 DBG Subscribing to backlog. segID=6
08:02:32.283 INF Starting serialized message processing. segID=6
08:02:32.283 INF PbftOrderer received a new segment: [7 15 23 31 39 47 55 63 71 79 87 95 103 111 119 127 135 143 151 159 167 175 183 191 199 207 215 223 231 239 247 255] first leader=7 firstSN=7 lastSN=255 len=32 length=32 segId=7
08:02:32.284 INF Starting new view. segID=7 timeout=60000 view=0
08:02:32.284 DBG Starting timer. sn=7 view=0
08:02:32.284 INF Starting PBFT instance. first=7 last=255 segID=7
08:02:32.284 DBG Subscribing to backlog. segID=7
08:02:32.284 INF Starting serialized message processing. segID=7
08:02:32.284 INF PbftOrderer received a new segment: [0 8 16 24 32 40 48 56 64 72 80 88 96 104 112 120 128 136 144 152 160 168 176 184 192 200 208 216 224 232 240 248] first leader=0 firstSN=0 lastSN=248 len=32 length=32 segId=0
08:02:32.285 INF Starting new view. segID=0 timeout=60000 view=0
08:02:32.285 DBG Starting timer. sn=0 view=0
08:02:32.285 INF Starting PBFT instance. first=0 last=248 segID=0
08:02:32.285 DBG Subscribing to backlog. segID=0
08:02:32.285 INF Starting serialized message processing. segID=0
08:02:32.285 INF PbftOrderer received a new segment: [1 9 17 25 33 41 49 57 65 73 81 89 97 105 113 121 129 137 145 153 161 169 177 185 193 201 209 217 225 233 241 249] first leader=1 firstSN=1 lastSN=249 len=32 length=32 segId=1
08:02:32.286 INF Starting new view. segID=1 timeout=60000 view=0
08:02:32.286 DBG Starting timer. sn=1 view=0
08:02:32.286 INF Starting PBFT instance. first=1 last=249 segID=1
08:02:32.286 DBG Subscribing to backlog. segID=1
08:02:32.286 INF Starting serialized message processing. segID=1
08:02:34.322 INF Incoming connection for requests. addr=127.0.0.1:39190
08:03:02.280 DBG Batch ready. batchSize=4096
08:03:02.282 DBG Batch cut. left=0 nBuckets=16 nReq=894 next=0
08:03:02.282 DBG Waiting for batch. batchSize=4096
08:03:02.333 INF Sending PREPREPARE. nReq=894 senderID=2 sn=2 view=0
08:03:02.485 INF Handling PREPREPARE. nReq=894 senderID=4 sn=4
08:03:02.485 DBG Creating new Batch. nReq=894
08:03:02.485 INF Handling PREPREPARE. nReq=894 senderID=5 sn=5
08:03:02.493 DBG Creating new Batch. nReq=894
08:03:02.509 INF Handling PREPREPARE. nReq=894 senderID=3 sn=3
08:03:02.509 INF Handling PREPREPARE. nReq=894 senderID=0 sn=0
08:03:02.509 DBG Creating new Batch. nReq=894
08:03:02.509 DBG Creating new Batch. nReq=894
08:03:02.542 INF Handling PREPREPARE. nReq=893 senderID=7 sn=7
08:03:02.542 DBG Creating new Batch. nReq=893
08:03:02.730 INF Handling PREPREPARE. nReq=894 senderID=1 sn=1
08:03:02.730 DBG Creating new Batch. nReq=894
08:03:02.773 INF Handling PREPREPARE. nReq=894 senderID=6 sn=6
08:03:02.773 DBG Creating new Batch. nReq=894
08:03:03.150 DBG Sending PREPARE. senderID=2 sn=4 view=0
08:03:03.168 DBG Sending PREPARE. senderID=2 sn=5 view=0
08:03:03.185 DBG Sending PREPARE. senderID=2 sn=0 view=0
08:03:03.205 DBG Sending PREPARE. senderID=2 sn=7 view=0
08:03:03.218 DBG Sending COMMIT. senderID=2 sn=4 view=0
08:03:03.211 DBG Sending PREPARE. senderID=2 sn=6 view=0
08:03:03.214 DBG Sending PREPARE. senderID=2 sn=1 view=0
08:03:03.218 DBG Sending COMMIT. senderID=2 sn=7 view=0
08:03:03.209 DBG Sending PREPARE. senderID=2 sn=3 view=0
08:03:03.220 DBG Sending COMMIT. senderID=2 sn=5 view=0
08:03:03.220 DBG Sending COMMIT. senderID=2 sn=3 view=0
08:03:03.221 DBG Sending COMMIT. senderID=2 sn=2 view=0
08:03:03.222 DBG Sending COMMIT. senderID=2 sn=1 view=0
08:03:03.222 DBG Sending COMMIT. senderID=2 sn=0 view=0
08:03:03.222 DBG Sending COMMIT. senderID=2 sn=6 view=0
08:03:03.226 INF Committed entry. latency=0 nReq=894 sn=4
08:03:03.233 DBG Starting timer. sn=12 view=0
08:03:03.235 INF Committed entry. latency=0 nReq=893 sn=7
08:03:03.235 INF Committed entry. latency=0 nReq=894 sn=5
08:03:03.235 DBG Starting timer. sn=15 view=0
08:03:03.235 INF Committed entry. latency=0 nReq=894 sn=2
08:03:03.235 INF Committed entry. latency=0 nReq=894 sn=3
08:03:03.235 DBG Starting timer. sn=10 view=0
08:03:03.235 DBG Starting timer. sn=11 view=0
08:03:03.236 DBG Starting timer. sn=13 view=0
08:03:03.236 INF Committed entry. latency=0 nReq=894 sn=1
08:03:03.236 INF Committed entry. latency=0 nReq=894 sn=0
08:03:03.236 INF Delivered batch. nReq=894 sn=0
08:03:03.236 INF Committed entry. latency=0 nReq=894 sn=6
08:03:03.236 INF Delivered batch. nReq=894 sn=1
08:03:03.236 INF Delivered batch. nReq=894 sn=2
08:03:03.237 INF Delivered batch. nReq=894 sn=3
08:03:03.237 INF Delivered batch. nReq=894 sn=4
08:03:03.237 INF Delivered batch. nReq=894 sn=5
08:03:03.237 INF Delivered batch. nReq=894 sn=6
08:03:03.237 INF Delivered batch. nReq=893 sn=7
08:03:03.237 DBG Starting timer. sn=9 view=0
08:03:03.238 DBG Starting timer. sn=14 view=0
08:03:03.238 DBG Starting timer. sn=8 view=0
08:03:32.283 DBG Batch ready. batchSize=4096
08:03:32.283 DBG Batch cut. left=0 nBuckets=16 nReq=66 next=0
08:03:32.284 DBG Waiting for batch. batchSize=4096
08:03:32.286 INF Sending PREPREPARE. nReq=66 senderID=2 sn=10 view=0
08:03:32.298 INF Handling PREPREPARE. nReq=66 senderID=4 sn=12
08:03:32.299 INF Handling PREPREPARE. nReq=66 senderID=6 sn=14
08:03:32.299 DBG Creating new Batch. nReq=66
08:03:32.299 DBG Creating new Batch. nReq=66
08:03:32.300 INF Handling PREPREPARE. nReq=67 senderID=7 sn=15
08:03:32.300 DBG Creating new Batch. nReq=67
08:03:32.322 DBG Sending PREPARE. senderID=2 sn=12 view=0
08:03:32.322 DBG Sending PREPARE. senderID=2 sn=15 view=0
08:03:32.325 DBG Sending PREPARE. senderID=2 sn=14 view=0
08:03:32.330 INF Handling PREPREPARE. nReq=67 senderID=1 sn=9
08:03:32.330 INF Handling PREPREPARE. nReq=66 senderID=5 sn=13
08:03:32.332 DBG Sending COMMIT. senderID=2 sn=10 view=0
08:03:32.337 DBG Creating new Batch. nReq=67
08:03:32.337 DBG Creating new Batch. nReq=66
08:03:32.341 INF Committed entry. latency=0 nReq=66 sn=10
08:03:32.341 DBG Starting timer. sn=18 view=0
08:03:32.343 DBG Sending COMMIT. senderID=2 sn=14 view=0
08:03:32.347 INF Committed entry. latency=0 nReq=66 sn=14
08:03:32.347 DBG Starting timer. sn=22 view=0
08:03:32.351 DBG Sending COMMIT. senderID=2 sn=15 view=0
08:03:32.352 DBG Sending COMMIT. senderID=2 sn=12 view=0
08:03:32.353 INF Handling PREPREPARE. nReq=66 senderID=3 sn=11
08:03:32.353 DBG Creating new Batch. nReq=66
08:03:32.362 INF Committed entry. latency=0 nReq=66 sn=12
08:03:32.362 DBG Starting timer. sn=20 view=0
08:03:32.362 INF Committed entry. latency=0 nReq=67 sn=15
08:03:32.363 DBG Starting timer. sn=23 view=0
08:03:32.368 DBG Sending PREPARE. senderID=2 sn=9 view=0
08:03:32.368 DBG Sending PREPARE. senderID=2 sn=13 view=0
08:03:32.369 DBG Sending COMMIT. senderID=2 sn=13 view=0
08:03:32.369 DBG Sending COMMIT. senderID=2 sn=9 view=0
08:03:32.369 INF Committed entry. latency=0 nReq=66 sn=13
08:03:32.370 DBG Starting timer. sn=21 view=0
08:03:32.370 INF Committed entry. latency=0 nReq=67 sn=9
08:03:32.370 DBG Starting timer. sn=17 view=0
08:03:32.372 DBG Sending PREPARE. senderID=2 sn=11 view=0
08:03:32.372 DBG Sending COMMIT. senderID=2 sn=11 view=0
08:03:32.373 INF Committed entry. latency=0 nReq=66 sn=11
08:03:32.374 DBG Starting timer. sn=19 view=0
08:03:32.380 INF Handling PREPREPARE. nReq=67 senderID=0 sn=8
08:03:32.380 DBG Creating new Batch. nReq=67
08:03:32.395 DBG Sending PREPARE. senderID=2 sn=8 view=0
08:03:32.395 DBG Sending COMMIT. senderID=2 sn=8 view=0
08:03:32.396 INF Committed entry. latency=0 nReq=67 sn=8
08:03:32.397 INF Delivered batch. nReq=67 sn=8
08:03:32.397 INF Delivered batch. nReq=67 sn=9
08:03:32.397 INF Delivered batch. nReq=66 sn=10
08:03:32.397 INF Delivered batch. nReq=66 sn=11
08:03:32.397 INF Delivered batch. nReq=66 sn=12
08:03:32.398 INF Delivered batch. nReq=66 sn=13
08:03:32.398 INF Delivered batch. nReq=66 sn=14
08:03:32.398 INF Delivered batch. nReq=67 sn=15
08:03:32.398 DBG Starting timer. sn=16 view=0
08:03:33.365 INF Connection terminated. error="rpc error: code = Canceled desc = context canceled" address=127.0.0.1:39190
08:03:33.366 INF Finished sending bucket assignments to client. clId=0
08:03:33.784 INF Stopping profiler.
08:03:33.784 INF Stopping Tracer. events=148 fileName=experiment-output/0000/slave-001/peer.trc
==================
WARNING: DATA RACE
Read at 0x00c000aa0000 by goroutine 115:
  runtime.racereadrange()
      <autogenerated>:1 +0x1b
  github.com/hyperledger-labs/mirbft/tracing.(*BufferedTrace).StopOnSignal.func1()
      /opt/gopath/src/github.com/hyperledger-labs/mirbft/tracing/bufferedtrace.go:298 +0x4e

Previous write at 0x00c000aa0000 by goroutine 497:
  github.com/hyperledger-labs/mirbft/tracing.(*BufferedTrace).Event()
      /opt/gopath/src/github.com/hyperledger-labs/mirbft/tracing/bufferedtrace.go:105 +0x2d9
  github.com/hyperledger-labs/mirbft/manager.(*MirManager).handleLogEntries()
      /opt/gopath/src/github.com/hyperledger-labs/mirbft/manager/mirmanager.go:139 +0x1d8
  github.com/hyperledger-labs/mirbft/manager.(*MirManager).Start路dwrap路7()
      /opt/gopath/src/github.com/hyperledger-labs/mirbft/manager/mirmanager.go:101 +0x47

Goroutine 115 (running) created at:
  github.com/hyperledger-labs/mirbft/tracing.(*BufferedTrace).StopOnSignal()
      /opt/gopath/src/github.com/hyperledger-labs/mirbft/tracing/bufferedtrace.go:292 +0x172
  main.setUpTracing()
      /opt/gopath/src/github.com/hyperledger-labs/mirbft/cmd/orderingpeer/main.go:204 +0xf5
  main.main()
      /opt/gopath/src/github.com/hyperledger-labs/mirbft/cmd/orderingpeer/main.go:98 +0x9d6

Goroutine 497 (running) created at:
  github.com/hyperledger-labs/mirbft/manager.(*MirManager).Start()
      /opt/gopath/src/github.com/hyperledger-labs/mirbft/manager/mirmanager.go:101 +0x19e
  main.main路dwrap路4()
      /opt/gopath/src/github.com/hyperledger-labs/mirbft/cmd/orderingpeer/main.go:168 +0x59
==================
==================
WARNING: DATA RACE
Read at 0x00c000aa16f8 by goroutine 115:
  runtime.racereadrange()
      <autogenerated>:1 +0x1b
  github.com/hyperledger-labs/mirbft/tracing.(*BufferedTrace).StopOnSignal.func1()
      /opt/gopath/src/github.com/hyperledger-labs/mirbft/tracing/bufferedtrace.go:298 +0x4e

Previous write at 0x00c000aa16f8 by goroutine 114:
  github.com/hyperledger-labs/mirbft/tracing.(*BufferedTrace).Event()
      /opt/gopath/src/github.com/hyperledger-labs/mirbft/tracing/bufferedtrace.go:105 +0x2d9
  github.com/hyperledger-labs/mirbft/profiling.StartCPUTracing.func1()
      /opt/gopath/src/github.com/hyperledger-labs/mirbft/profiling/cpuusage.go:31 +0x95

Goroutine 115 (running) created at:
  github.com/hyperledger-labs/mirbft/tracing.(*BufferedTrace).StopOnSignal()
      /opt/gopath/src/github.com/hyperledger-labs/mirbft/tracing/bufferedtrace.go:292 +0x172
  main.setUpTracing()
      /opt/gopath/src/github.com/hyperledger-labs/mirbft/cmd/orderingpeer/main.go:204 +0xf5
  main.main()
      /opt/gopath/src/github.com/hyperledger-labs/mirbft/cmd/orderingpeer/main.go:98 +0x9d6

Goroutine 114 (running) created at:
  github.com/hyperledger-labs/mirbft/profiling.StartCPUTracing()
      /opt/gopath/src/github.com/hyperledger-labs/mirbft/profiling/cpuusage.go:28 +0xb6
  main.setUpTracing()
      /opt/gopath/src/github.com/hyperledger-labs/mirbft/cmd/orderingpeer/main.go:196 +0x85
  main.main()
      /opt/gopath/src/github.com/hyperledger-labs/mirbft/cmd/orderingpeer/main.go:98 +0x9d6
==================
08:03:33.788 INF Trace data written.
08:03:33.933 INF Profile data written. filename=experiment-output/0000/slave-001/prof.cpu name=cpu
08:03:33.937 INF Connection terminated. error="rpc error: code = Canceled desc = context canceled" address=127.0.0.1:39084
08:03:33.937 INF Connection terminated. error="rpc error: code = Canceled desc = context canceled" address=127.0.0.1:39090
08:03:33.938 INF Connection terminated. error="rpc error: code = Canceled desc = context canceled" address=127.0.0.1:39032
08:03:33.938 INF Connection terminated. error="rpc error: code = Canceled desc = context canceled" address=127.0.0.1:39046
08:03:33.994 INF Profile data written. filename=experiment-output/0000/slave-001/prof.block name=block
08:03:34.016 INF Connection terminated. error="rpc error: code = Canceled desc = context canceled" address=127.0.0.1:39148
08:03:34.016 INF Connection terminated. error="rpc error: code = Canceled desc = context canceled" address=127.0.0.1:39106
08:03:34.016 INF Connection terminated. error="rpc error: code = Canceled desc = context canceled" address=127.0.0.1:39052
08:03:34.017 INF Connection terminated. error="rpc error: code = Canceled desc = context canceled" address=127.0.0.1:38710
08:03:34.025 INF Connection terminated. error="rpc error: code = Canceled desc = context canceled" address=127.0.0.1:39068
08:03:34.025 INF Connection terminated. error="rpc error: code = Canceled desc = context canceled" address=127.0.0.1:38926
08:03:34.025 INF Connection terminated. error="rpc error: code = Canceled desc = context canceled" address=127.0.0.1:38830
08:03:34.026 INF Connection terminated. error="rpc error: code = Canceled desc = context canceled" address=127.0.0.1:38908
08:03:34.029 INF Profile data written. filename=experiment-output/0000/slave-001/prof.mutex name=mutex
