{"level":"debug","Logging":"debug","time":"2022-08-17T11:00:15+08:00","message":"Config"}
{"level":"debug","UseTLS":false,"time":"2022-08-17T11:00:15+08:00","message":"Config"}
{"level":"debug","CACertFile":"tls-data/ca.pem","time":"2022-08-17T11:00:15+08:00","message":"Config"}
{"level":"debug","KeyFile":"tls-data/auth.key","time":"2022-08-17T11:00:15+08:00","message":"Config"}
{"level":"debug","CertFile":"tls-data/auth.pem","time":"2022-08-17T11:00:15+08:00","message":"Config"}
{"level":"debug","PriorityConnections":2,"time":"2022-08-17T11:00:15+08:00","message":"Config"}
{"level":"debug","BasicConnections":4,"time":"2022-08-17T11:00:15+08:00","message":"Config"}
{"level":"debug","TestConnections":false,"time":"2022-08-17T11:00:15+08:00","message":"Config"}
{"level":"debug","ExcessConnections":1,"time":"2022-08-17T11:00:15+08:00","message":"Config"}
{"level":"debug","ConnectionTestMsgs":4,"time":"2022-08-17T11:00:15+08:00","message":"Config"}
{"level":"debug","ConnectionTestPayload":131072,"time":"2022-08-17T11:00:15+08:00","message":"Config"}
{"level":"debug","OutMessageBufsize":1024,"time":"2022-08-17T11:00:15+08:00","message":"Config"}
{"level":"debug","OutMessageBufsize":1,"time":"2022-08-17T11:00:15+08:00","message":"Config"}
{"level":"debug","ThroughputCap":131072000,"time":"2022-08-17T11:00:15+08:00","message":"Config"}
{"level":"debug","StragglerTolerance":1000,"time":"2022-08-17T11:00:15+08:00","message":"Config"}
{"level":"debug","BatchSizeIncrement":256,"time":"2022-08-17T11:00:15+08:00","message":"Config"}
{"level":"debug","Orderer":"Pbft","time":"2022-08-17T11:00:15+08:00","message":"Config"}
{"level":"debug","Manager":"Mir","time":"2022-08-17T11:00:15+08:00","message":"Config"}
{"level":"debug","Failures":1,"time":"2022-08-17T11:00:15+08:00","message":"Config"}
{"level":"debug","CrashTiming":"Straggler","time":"2022-08-17T11:00:15+08:00","message":"Config"}
{"level":"debug","CheckpointInterval":256,"time":"2022-08-17T11:00:15+08:00","message":"Config"}
{"level":"debug","WatermarkWindowSize":256,"time":"2022-08-17T11:00:15+08:00","message":"Config"}
{"level":"debug","EpochLength":256,"time":"2022-08-17T11:00:15+08:00","message":"Config"}
{"level":"debug","SegmentLength":64,"time":"2022-08-17T11:00:15+08:00","message":"Config"}
{"level":"debug","WaitForCheckpoints":true,"time":"2022-08-17T11:00:15+08:00","message":"Config"}
{"level":"debug","ClientWatermarkWindowSize":4194304,"time":"2022-08-17T11:00:15+08:00","message":"Config"}
{"level":"debug","ClientRequestBacklogSize":4194304,"time":"2022-08-17T11:00:15+08:00","message":"Config"}
{"level":"debug","RandomSeed":1615,"time":"2022-08-17T11:00:15+08:00","message":"Config"}
{"level":"debug","NodeToLeaderRatio":1,"time":"2022-08-17T11:00:15+08:00","message":"Config"}
{"level":"debug","LeaderPolicy":"SimulatedRandomFailures","time":"2022-08-17T11:00:15+08:00","message":"Config"}
{"level":"debug","DefaultLeaderBan":2,"time":"2022-08-17T11:00:15+08:00","message":"Config"}
{"level":"debug","NumBuckets":64,"time":"2022-08-17T11:00:15+08:00","message":"Config"}
{"level":"debug","BatchSize":1000,"time":"2022-08-17T11:00:15+08:00","message":"Config"}
{"level":"debug","DisabledViewChange":false,"time":"2022-08-17T11:00:15+08:00","message":"Config"}
{"level":"debug","ViewChangeTimeout":60000,"time":"2022-08-17T11:00:15+08:00","message":"Config"}
{"level":"debug","ClientTraceSampling":10,"time":"2022-08-17T11:00:15+08:00","message":"Config"}
{"level":"debug","EventBufferSize":2097152,"time":"2022-08-17T11:00:15+08:00","message":"Config"}
{"level":"debug","TraceSampling":1,"time":"2022-08-17T11:00:15+08:00","message":"Config"}
{"level":"debug","ClientsPerProcess":1,"time":"2022-08-17T11:00:15+08:00","message":"Config"}
{"level":"debug","RequestsPerClient":15360,"time":"2022-08-17T11:00:15+08:00","message":"Config"}
{"level":"debug","ClientRunTime":30000,"time":"2022-08-17T11:00:15+08:00","message":"Config"}
{"level":"debug","RequestRate":256,"time":"2022-08-17T11:00:15+08:00","message":"Config"}
{"level":"debug","HardRequestRateLimit":false,"time":"2022-08-17T11:00:15+08:00","message":"Config"}
{"level":"debug","RequestPayloadSize":500,"time":"2022-08-17T11:00:15+08:00","message":"Config"}
{"level":"debug","SignRequests":true,"time":"2022-08-17T11:00:15+08:00","message":"Config"}
{"level":"debug","ClientPrivKeyFile":"tls-data/client-ecdsa-256.key","time":"2022-08-17T11:00:15+08:00","message":"Config"}
{"level":"debug","ClientPubKeyFile":"tls-data/client-ecdsa-256.pem","time":"2022-08-17T11:00:15+08:00","message":"Config"}
{"level":"debug","PrecomputeRequests":false,"time":"2022-08-17T11:00:15+08:00","message":"Config"}
{"level":"debug","RequestHandlerThreads":32,"time":"2022-08-17T11:00:15+08:00","message":"Config"}
{"level":"debug","RequestInputChannelBuffer":8192,"time":"2022-08-17T11:00:15+08:00","message":"Config"}
{"level":"debug","BatchVerifier":"external","time":"2022-08-17T11:00:15+08:00","message":"Config"}
03:00:15.771 INF Registered with discovery server. numPeers=4 ownID=3
03:00:15.772 INF Profiling enabled.
03:00:15.772 INF Setting up profiling.
03:00:15.772 INF Started Profiler: CPU
03:00:15.772 INF Started Profiler: BLOCK
03:00:15.772 INF Started Profiler: MUTEX
03:00:15.772 INF Profiler will stop on signal. exit=true
03:00:15.774 INF Tracing will stop on signal. exit=false
03:00:15.775 INF Started tracing. traceFile=experiment-output/0003/slave-004/peer.trc
03:00:15.776 DBG Starting backlog.
03:00:15.776 INF Listening for connections. port=10033 useTLS=false
03:00:15.776 INF Connecting to peer. addr=127.0.0.1:10033 basicConns=4 priorityConns=2
03:00:15.776 INF Connecting to peer. addr=127.0.0.1:10000 basicConns=4 priorityConns=2
03:00:15.776 INF Connecting to peer. addr=127.0.0.1:10022 basicConns=4 priorityConns=2
03:00:15.776 INF Connecting to peer. addr=127.0.0.1:10011 basicConns=4 priorityConns=2
03:00:15.800 INF Incoming connection for protocol messages. addr=127.0.0.1:50458
03:00:15.801 INF Incoming connection for protocol messages. addr=127.0.0.1:50428
03:00:15.801 INF Incoming connection for protocol messages. addr=127.0.0.1:50456
03:00:15.801 INF Incoming connection for protocol messages. addr=127.0.0.1:50452
03:00:15.802 INF Incoming connection for protocol messages. addr=127.0.0.1:50466
03:00:15.806 INF Incoming connection for protocol messages. addr=127.0.0.1:50482
03:00:15.807 INF Incoming connection for protocol messages. addr=127.0.0.1:50540
03:00:15.808 INF Incoming connection for protocol messages. addr=127.0.0.1:50488
03:00:15.808 INF Incoming connection for protocol messages. addr=127.0.0.1:50534
03:00:15.808 INF Incoming connection for protocol messages. addr=127.0.0.1:50478
03:00:15.808 INF Incoming connection for protocol messages. addr=127.0.0.1:50562
03:00:15.808 INF Incoming connection for protocol messages. addr=127.0.0.1:50506
03:00:15.810 INF Incoming connection for protocol messages. addr=127.0.0.1:50576
03:00:15.811 INF Incoming connection for protocol messages. addr=127.0.0.1:50578
03:00:15.811 DBG Connected. peerID=3
03:00:15.812 INF Incoming connection for protocol messages. addr=127.0.0.1:50556
03:00:15.813 INF Incoming connection for protocol messages. addr=127.0.0.1:50598
03:00:15.813 INF Incoming connection for protocol messages. addr=127.0.0.1:50592
03:00:15.813 INF Incoming connection for protocol messages. addr=127.0.0.1:50606
03:00:15.814 INF Incoming connection for protocol messages. addr=127.0.0.1:50616
03:00:15.814 INF Incoming connection for protocol messages. addr=127.0.0.1:50614
03:00:15.814 INF Incoming connection for protocol messages. addr=127.0.0.1:50568
03:00:15.814 INF Incoming connection for protocol messages. addr=127.0.0.1:50580
03:00:15.814 INF Incoming connection for protocol messages. addr=127.0.0.1:50610
03:00:15.815 DBG Connected. peerID=0
03:00:15.815 DBG Connected. peerID=2
03:00:15.816 INF Incoming connection for protocol messages. addr=127.0.0.1:50604
03:00:15.818 DBG Connected. peerID=1
03:00:15.818 INF Connected to all peers.
03:00:15.825 INF All peers finished connecting. Starting ISS.
03:00:15.826 DBG Buckets for 0-th leader 0: [0 4 8 12 16 20 24 28 32 36 40 44 48 52 56 60 9 21 33 45 57]
03:00:15.826 DBG Buckets for 1-th leader 2: [2 6 10 14 18 22 26 30 34 38 42 46 50 54 58 62 1 13 25 37 49 61]
03:00:15.826 DBG Buckets for 2-th leader 3: [3 7 11 15 19 23 27 31 35 39 43 47 51 55 59 63 5 17 29 41 53]
03:00:15.826 INF PbftOrderer received a new segment: [2 5 8 11 14 17 20 23 26 29 32 35 38 41 44 47 50 53 56 59 62 65 68 71 74 77 80 83 86 89 92 95 98 101 104 107 110 113 116 119 122 125 128 131 134 137 140 143 146 149 152 155 158 161 164 167 170 173 176 179 182 185 188 191] first leader=3 firstSN=2 lastSN=191 len=64 length=64 segId=2
03:00:15.827 INF Starting new view. segID=2 timeout=60000 view=0
03:00:15.827 DBG Starting timer. sn=2 view=0
03:00:15.827 INF Starting PBFT instance. first=2 last=191 segID=2
03:00:15.827 DBG Subscribing to backlog. segID=2
03:00:15.827 DBG Leading segment. segID=2
03:00:15.827 INF Starting serialized message processing. segID=2
03:00:15.828 DBG Waiting for batch. batchSize=4096
03:00:15.828 INF PbftOrderer received a new segment: [0 3 6 9 12 15 18 21 24 27 30 33 36 39 42 45 48 51 54 57 60 63 66 69 72 75 78 81 84 87 90 93 96 99 102 105 108 111 114 117 120 123 126 129 132 135 138 141 144 147 150 153 156 159 162 165 168 171 174 177 180 183 186 189] first leader=0 firstSN=0 lastSN=189 len=64 length=64 segId=0
03:00:15.828 INF Starting new view. segID=0 timeout=60000 view=0
03:00:15.828 DBG Starting timer. sn=0 view=0
03:00:15.828 INF Starting PBFT instance. first=0 last=189 segID=0
03:00:15.828 DBG Subscribing to backlog. segID=0
03:00:15.829 INF Starting serialized message processing. segID=0
03:00:15.829 INF PbftOrderer received a new segment: [1 4 7 10 13 16 19 22 25 28 31 34 37 40 43 46 49 52 55 58 61 64 67 70 73 76 79 82 85 88 91 94 97 100 103 106 109 112 115 118 121 124 127 130 133 136 139 142 145 148 151 154 157 160 163 166 169 172 175 178 181 184 187 190] first leader=2 firstSN=1 lastSN=190 len=64 length=64 segId=1
03:00:15.829 INF Starting new view. segID=1 timeout=60000 view=0
03:00:15.829 DBG Starting timer. sn=1 view=0
03:00:15.829 INF Starting PBFT instance. first=1 last=190 segID=1
03:00:15.829 DBG Subscribing to backlog. segID=1
03:00:15.830 INF Starting serialized message processing. segID=1
03:00:15.849 INF Connection terminated. error="rpc error: code = Canceled desc = context canceled" address=127.0.0.1:50568
03:00:15.849 INF Connection terminated. error="rpc error: code = Canceled desc = context canceled" address=127.0.0.1:50604
03:00:15.849 INF Connection terminated. error="rpc error: code = Canceled desc = context canceled" address=127.0.0.1:50580
03:00:15.849 INF Connection terminated. error="rpc error: code = Canceled desc = context canceled" address=127.0.0.1:50556
03:00:15.849 INF Connection terminated. error="rpc error: code = Canceled desc = context canceled" address=127.0.0.1:50452
03:00:15.849 INF Connection terminated. error="rpc error: code = Canceled desc = context canceled" address=127.0.0.1:50458
03:00:16.829 DBG Batch ready. batchSize=4096
03:00:16.829 DBG Batch cut. left=0 nBuckets=21 nReq=0 next=0
03:00:16.829 DBG Waiting for batch. batchSize=4096
03:00:16.829 INF Sending PREPREPARE. nReq=0 senderID=3 sn=2 view=0
03:00:16.832 ERR Failed to send protocol message. Dropping all future outgoing protocol messages. error=EOF
03:00:16.833 INF Handling PREPREPARE. nReq=0 senderID=0 sn=0
03:00:16.833 DBG Creating new Batch. nReq=0
03:00:16.834 INF Handling PREPREPARE. nReq=0 senderID=2 sn=1
03:00:16.834 DBG Sending PREPARE. senderID=3 sn=0 view=0
03:00:16.834 DBG Creating new Batch. nReq=0
03:00:16.834 DBG Sending PREPARE. senderID=3 sn=1 view=0
03:00:16.835 DBG Sending COMMIT. senderID=3 sn=1 view=0
03:00:16.835 DBG Sending COMMIT. senderID=3 sn=2 view=0
03:00:16.835 DBG Sending COMMIT. senderID=3 sn=0 view=0
03:00:16.837 INF Committed entry. latency=0 nReq=0 sn=0
03:00:16.837 INF Committed entry. latency=0 nReq=0 sn=2
03:00:16.837 INF Committed entry. latency=0 nReq=0 sn=1
03:00:16.837 INF Delivered batch. nReq=0 sn=0
03:00:16.837 INF Delivered batch. nReq=0 sn=1
03:00:16.837 INF Delivered batch. nReq=0 sn=2
03:00:16.837 DBG Starting timer. sn=3 view=0
03:00:16.837 DBG Starting timer. sn=5 view=0
03:00:16.838 DBG Starting timer. sn=4 view=0
03:00:17.830 DBG Batch ready. batchSize=4096
03:00:17.830 DBG Batch cut. left=0 nBuckets=21 nReq=0 next=0
03:00:17.831 INF Sending PREPREPARE. nReq=0 senderID=3 sn=5 view=0
03:00:17.831 DBG Waiting for batch. batchSize=4096
03:00:17.832 INF Handling PREPREPARE. nReq=0 senderID=0 sn=3
03:00:17.832 DBG Creating new Batch. nReq=0
03:00:17.832 INF Handling PREPREPARE. nReq=0 senderID=2 sn=4
03:00:17.832 DBG Sending PREPARE. senderID=3 sn=3 view=0
03:00:17.832 DBG Creating new Batch. nReq=0
03:00:17.833 DBG Sending PREPARE. senderID=3 sn=4 view=0
03:00:17.833 DBG Sending COMMIT. senderID=3 sn=5 view=0
03:00:17.834 DBG Sending COMMIT. senderID=3 sn=3 view=0
03:00:17.834 DBG Sending COMMIT. senderID=3 sn=4 view=0
03:00:17.835 INF Committed entry. latency=0 nReq=0 sn=5
03:00:17.835 DBG Starting timer. sn=8 view=0
03:00:17.835 INF Committed entry. latency=0 nReq=0 sn=3
03:00:17.836 INF Committed entry. latency=0 nReq=0 sn=4
03:00:17.836 INF Delivered batch. nReq=0 sn=3
03:00:17.836 INF Delivered batch. nReq=0 sn=4
03:00:17.836 INF Delivered batch. nReq=0 sn=5
03:00:17.836 DBG Starting timer. sn=6 view=0
03:00:17.836 DBG Starting timer. sn=7 view=0
03:00:17.859 INF Incoming connection for requests. addr=127.0.0.1:50630
03:00:18.831 DBG Batch ready. batchSize=4096
03:00:18.832 DBG Batch cut. left=0 nBuckets=21 nReq=80 next=0
03:00:18.832 DBG Waiting for batch. batchSize=4096
03:00:18.835 INF Sending PREPREPARE. nReq=80 senderID=3 sn=8 view=0
03:00:18.846 INF Handling PREPREPARE. nReq=84 senderID=2 sn=7
03:00:18.846 DBG Creating new Batch. nReq=84
03:00:18.855 DBG Sending PREPARE. senderID=3 sn=7 view=0
03:00:18.855 INF Handling PREPREPARE. nReq=80 senderID=0 sn=6
03:00:18.855 DBG Creating new Batch. nReq=80
03:00:18.857 DBG Sending COMMIT. senderID=3 sn=8 view=0
03:00:18.858 INF Committed entry. latency=0 nReq=80 sn=8
03:00:18.859 DBG Starting timer. sn=11 view=0
03:00:18.859 DBG Sending COMMIT. senderID=3 sn=7 view=0
03:00:18.860 INF Committed entry. latency=0 nReq=84 sn=7
03:00:18.860 DBG Starting timer. sn=10 view=0
03:00:18.864 DBG Sending PREPARE. senderID=3 sn=6 view=0
03:00:18.865 DBG Sending COMMIT. senderID=3 sn=6 view=0
03:00:18.867 INF Committed entry. latency=0 nReq=80 sn=6
03:00:18.868 INF Delivered batch. nReq=80 sn=6
03:00:18.868 INF Delivered batch. nReq=84 sn=7
03:00:18.868 INF Delivered batch. nReq=80 sn=8
03:00:18.868 DBG Starting timer. sn=9 view=0
03:00:19.833 DBG Batch ready. batchSize=4096
03:00:19.833 DBG Batch cut. left=0 nBuckets=21 nReq=84 next=0
03:00:19.834 DBG Waiting for batch. batchSize=4096
03:00:19.835 INF Sending PREPREPARE. nReq=84 senderID=3 sn=11 view=0
03:00:19.846 INF Handling PREPREPARE. nReq=88 senderID=2 sn=10
03:00:19.846 DBG Creating new Batch. nReq=88
03:00:19.846 INF Handling PREPREPARE. nReq=85 senderID=0 sn=9
03:00:19.847 DBG Creating new Batch. nReq=85
03:00:19.859 DBG Sending COMMIT. senderID=3 sn=11 view=0
03:00:19.859 DBG Sending PREPARE. senderID=3 sn=9 view=0
03:00:19.859 DBG Sending PREPARE. senderID=3 sn=10 view=0
03:00:19.859 DBG Sending COMMIT. senderID=3 sn=9 view=0
03:00:19.859 DBG Sending COMMIT. senderID=3 sn=10 view=0
03:00:19.860 INF Committed entry. latency=0 nReq=84 sn=11
03:00:19.861 DBG Starting timer. sn=14 view=0
03:00:19.862 INF Committed entry. latency=0 nReq=88 sn=10
03:00:19.862 INF Committed entry. latency=0 nReq=85 sn=9
03:00:19.862 INF Delivered batch. nReq=85 sn=9
03:00:19.862 INF Delivered batch. nReq=88 sn=10
03:00:19.862 INF Delivered batch. nReq=84 sn=11
03:00:19.862 DBG Starting timer. sn=13 view=0
03:00:19.862 DBG Starting timer. sn=12 view=0
03:00:20.835 DBG Batch ready. batchSize=4096
03:00:20.835 DBG Batch cut. left=0 nBuckets=21 nReq=84 next=0
03:00:20.836 DBG Waiting for batch. batchSize=4096
03:00:20.837 INF Sending PREPREPARE. nReq=84 senderID=3 sn=14 view=0
03:00:20.847 INF Handling PREPREPARE. nReq=84 senderID=0 sn=12
03:00:20.847 DBG Creating new Batch. nReq=84
03:00:20.849 INF Handling PREPREPARE. nReq=88 senderID=2 sn=13
03:00:20.849 DBG Creating new Batch. nReq=88
03:00:20.858 DBG Sending PREPARE. senderID=3 sn=13 view=0
03:00:20.859 DBG Sending PREPARE. senderID=3 sn=12 view=0
03:00:20.860 DBG Sending COMMIT. senderID=3 sn=12 view=0
03:00:20.860 DBG Sending COMMIT. senderID=3 sn=14 view=0
03:00:20.861 DBG Sending COMMIT. senderID=3 sn=13 view=0
03:00:20.861 INF Committed entry. latency=0 nReq=84 sn=12
03:00:20.861 INF Committed entry. latency=0 nReq=84 sn=14
03:00:20.861 INF Delivered batch. nReq=84 sn=12
03:00:20.861 DBG Starting timer. sn=15 view=0
03:00:20.861 DBG Starting timer. sn=17 view=0
03:00:20.863 INF Committed entry. latency=0 nReq=88 sn=13
03:00:20.863 INF Delivered batch. nReq=88 sn=13
03:00:20.864 INF Delivered batch. nReq=84 sn=14
03:00:20.864 DBG Starting timer. sn=16 view=0
03:00:21.837 DBG Batch ready. batchSize=4096
03:00:21.838 DBG Batch cut. left=0 nBuckets=21 nReq=85 next=0
03:00:21.838 DBG Waiting for batch. batchSize=4096
03:00:21.840 INF Sending PREPREPARE. nReq=85 senderID=3 sn=17 view=0
03:00:21.849 INF Handling PREPREPARE. nReq=84 senderID=0 sn=15
03:00:21.849 DBG Creating new Batch. nReq=84
03:00:21.851 INF Handling PREPREPARE. nReq=88 senderID=2 sn=16
03:00:21.851 DBG Creating new Batch. nReq=88
03:00:21.861 DBG Sending PREPARE. senderID=3 sn=15 view=0
03:00:21.861 DBG Sending PREPARE. senderID=3 sn=16 view=0
03:00:21.861 DBG Sending COMMIT. senderID=3 sn=15 view=0
03:00:21.862 DBG Sending COMMIT. senderID=3 sn=17 view=0
03:00:21.862 DBG Sending COMMIT. senderID=3 sn=16 view=0
03:00:21.864 INF Committed entry. latency=0 nReq=85 sn=17
03:00:21.864 INF Committed entry. latency=0 nReq=88 sn=16
03:00:21.864 DBG Starting timer. sn=20 view=0
03:00:21.864 DBG Starting timer. sn=19 view=0
03:00:21.864 INF Committed entry. latency=0 nReq=84 sn=15
03:00:21.865 INF Delivered batch. nReq=84 sn=15
03:00:21.865 INF Delivered batch. nReq=88 sn=16
03:00:21.865 INF Delivered batch. nReq=85 sn=17
03:00:21.865 DBG Starting timer. sn=18 view=0
03:00:22.839 DBG Batch ready. batchSize=4096
03:00:22.839 DBG Batch cut. left=0 nBuckets=21 nReq=84 next=0
03:00:22.840 DBG Waiting for batch. batchSize=4096
03:00:22.841 INF Sending PREPREPARE. nReq=84 senderID=3 sn=20 view=0
03:00:22.850 INF Handling PREPREPARE. nReq=84 senderID=0 sn=18
03:00:22.850 DBG Creating new Batch. nReq=84
03:00:22.853 INF Handling PREPREPARE. nReq=89 senderID=2 sn=19
03:00:22.854 DBG Creating new Batch. nReq=89
03:00:22.859 DBG Sending PREPARE. senderID=3 sn=18 view=0
03:00:22.862 DBG Sending COMMIT. senderID=3 sn=18 view=0
03:00:22.862 DBG Sending COMMIT. senderID=3 sn=20 view=0
03:00:22.864 DBG Sending PREPARE. senderID=3 sn=19 view=0
03:00:22.864 INF Committed entry. latency=0 nReq=84 sn=18
03:00:22.864 INF Committed entry. latency=0 nReq=84 sn=20
03:00:22.865 INF Delivered batch. nReq=84 sn=18
03:00:22.865 DBG Starting timer. sn=21 view=0
03:00:22.865 DBG Starting timer. sn=23 view=0
03:00:22.865 DBG Sending COMMIT. senderID=3 sn=19 view=0
03:00:22.867 INF Committed entry. latency=0 nReq=89 sn=19
03:00:22.867 INF Delivered batch. nReq=89 sn=19
03:00:22.867 INF Delivered batch. nReq=84 sn=20
03:00:22.867 DBG Starting timer. sn=22 view=0
03:00:23.840 DBG Batch ready. batchSize=4096
03:00:23.840 DBG Batch cut. left=0 nBuckets=21 nReq=84 next=0
03:00:23.841 DBG Waiting for batch. batchSize=4096
03:00:23.842 INF Sending PREPREPARE. nReq=84 senderID=3 sn=23 view=0
03:00:23.852 INF Handling PREPREPARE. nReq=84 senderID=0 sn=21
03:00:23.852 DBG Creating new Batch. nReq=84
03:00:23.856 INF Handling PREPREPARE. nReq=88 senderID=2 sn=22
03:00:23.856 DBG Creating new Batch. nReq=88
03:00:23.863 DBG Sending PREPARE. senderID=3 sn=21 view=0
03:00:23.863 DBG Sending COMMIT. senderID=3 sn=21 view=0
03:00:23.864 DBG Sending COMMIT. senderID=3 sn=23 view=0
03:00:23.864 DBG Sending PREPARE. senderID=3 sn=22 view=0
03:00:23.866 DBG Sending COMMIT. senderID=3 sn=22 view=0
03:00:23.866 INF Committed entry. latency=0 nReq=84 sn=23
03:00:23.866 INF Committed entry. latency=0 nReq=84 sn=21
03:00:23.866 INF Delivered batch. nReq=84 sn=21
03:00:23.867 DBG Starting timer. sn=26 view=0
03:00:23.867 DBG Starting timer. sn=24 view=0
03:00:23.867 INF Committed entry. latency=0 nReq=88 sn=22
03:00:23.868 INF Delivered batch. nReq=88 sn=22
03:00:23.868 INF Delivered batch. nReq=84 sn=23
03:00:23.868 DBG Starting timer. sn=25 view=0
03:00:24.841 DBG Batch ready. batchSize=4096
03:00:24.842 DBG Batch cut. left=0 nBuckets=21 nReq=84 next=0
03:00:24.842 DBG Waiting for batch. batchSize=4096
03:00:24.844 INF Sending PREPREPARE. nReq=84 senderID=3 sn=26 view=0
03:00:24.853 INF Handling PREPREPARE. nReq=88 senderID=2 sn=25
03:00:24.853 DBG Creating new Batch. nReq=88
03:00:24.853 INF Handling PREPREPARE. nReq=84 senderID=0 sn=24
03:00:24.854 DBG Creating new Batch. nReq=84
03:00:24.863 DBG Sending PREPARE. senderID=3 sn=24 view=0
03:00:24.864 DBG Sending PREPARE. senderID=3 sn=25 view=0
03:00:24.864 DBG Sending COMMIT. senderID=3 sn=24 view=0
03:00:24.865 DBG Sending COMMIT. senderID=3 sn=25 view=0
03:00:24.865 DBG Sending COMMIT. senderID=3 sn=26 view=0
03:00:24.866 INF Committed entry. latency=0 nReq=84 sn=24
03:00:24.866 INF Committed entry. latency=0 nReq=84 sn=26
03:00:24.866 INF Delivered batch. nReq=84 sn=24
03:00:24.866 DBG Starting timer. sn=27 view=0
03:00:24.867 DBG Starting timer. sn=29 view=0
03:00:24.868 INF Committed entry. latency=0 nReq=88 sn=25
03:00:24.868 INF Delivered batch. nReq=88 sn=25
03:00:24.868 INF Delivered batch. nReq=84 sn=26
03:00:24.868 DBG Starting timer. sn=28 view=0
03:00:25.843 DBG Batch ready. batchSize=4096
03:00:25.843 DBG Batch cut. left=0 nBuckets=21 nReq=84 next=0
03:00:25.844 DBG Waiting for batch. batchSize=4096
03:00:25.845 INF Sending PREPREPARE. nReq=84 senderID=3 sn=29 view=0
03:00:25.854 INF Handling PREPREPARE. nReq=84 senderID=0 sn=27
03:00:25.855 DBG Creating new Batch. nReq=84
03:00:25.857 INF Handling PREPREPARE. nReq=88 senderID=2 sn=28
03:00:25.857 DBG Creating new Batch. nReq=88
03:00:25.864 DBG Sending PREPARE. senderID=3 sn=27 view=0
03:00:25.866 DBG Sending COMMIT. senderID=3 sn=29 view=0
03:00:25.867 DBG Sending PREPARE. senderID=3 sn=28 view=0
03:00:25.867 DBG Sending COMMIT. senderID=3 sn=27 view=0
03:00:25.867 INF Committed entry. latency=0 nReq=84 sn=29
03:00:25.867 DBG Starting timer. sn=32 view=0
03:00:25.868 DBG Sending COMMIT. senderID=3 sn=28 view=0
03:00:25.868 INF Committed entry. latency=0 nReq=84 sn=27
03:00:25.868 INF Delivered batch. nReq=84 sn=27
03:00:25.869 DBG Starting timer. sn=30 view=0
03:00:25.870 INF Committed entry. latency=0 nReq=88 sn=28
03:00:25.871 INF Delivered batch. nReq=88 sn=28
03:00:25.871 INF Delivered batch. nReq=84 sn=29
03:00:25.871 DBG Starting timer. sn=31 view=0
03:00:26.844 DBG Batch ready. batchSize=4096
03:00:26.845 DBG Batch cut. left=0 nBuckets=21 nReq=85 next=0
03:00:26.845 DBG Waiting for batch. batchSize=4096
03:00:26.847 INF Sending PREPREPARE. nReq=85 senderID=3 sn=32 view=0
03:00:26.856 INF Handling PREPREPARE. nReq=84 senderID=0 sn=30
03:00:26.857 DBG Creating new Batch. nReq=84
03:00:26.858 INF Handling PREPREPARE. nReq=88 senderID=2 sn=31
03:00:26.858 DBG Creating new Batch. nReq=88
03:00:26.867 DBG Sending PREPARE. senderID=3 sn=30 view=0
03:00:26.868 DBG Sending PREPARE. senderID=3 sn=31 view=0
03:00:26.868 DBG Sending COMMIT. senderID=3 sn=32 view=0
03:00:26.869 DBG Sending COMMIT. senderID=3 sn=30 view=0
03:00:26.869 DBG Sending COMMIT. senderID=3 sn=31 view=0
03:00:26.870 INF Committed entry. latency=0 nReq=85 sn=32
03:00:26.870 DBG Starting timer. sn=35 view=0
03:00:26.871 INF Committed entry. latency=0 nReq=84 sn=30
03:00:26.871 INF Committed entry. latency=0 nReq=88 sn=31
03:00:26.871 INF Delivered batch. nReq=84 sn=30
03:00:26.871 INF Delivered batch. nReq=88 sn=31
03:00:26.871 INF Delivered batch. nReq=85 sn=32
03:00:26.871 DBG Starting timer. sn=33 view=0
03:00:26.871 DBG Starting timer. sn=34 view=0
03:00:27.846 DBG Batch ready. batchSize=4096
03:00:27.846 DBG Batch cut. left=0 nBuckets=21 nReq=84 next=0
03:00:27.846 DBG Waiting for batch. batchSize=4096
03:00:27.848 INF Sending PREPREPARE. nReq=84 senderID=3 sn=35 view=0
03:00:27.859 INF Handling PREPREPARE. nReq=84 senderID=0 sn=33
03:00:27.859 DBG Creating new Batch. nReq=84
03:00:27.861 INF Handling PREPREPARE. nReq=88 senderID=2 sn=34
03:00:27.861 DBG Creating new Batch. nReq=88
03:00:27.868 DBG Sending COMMIT. senderID=3 sn=35 view=0
03:00:27.869 INF Committed entry. latency=0 nReq=84 sn=35
03:00:27.870 DBG Starting timer. sn=38 view=0
03:00:27.870 DBG Sending PREPARE. senderID=3 sn=34 view=0
03:00:27.870 DBG Sending PREPARE. senderID=3 sn=33 view=0
03:00:27.870 DBG Sending COMMIT. senderID=3 sn=34 view=0
03:00:27.871 DBG Sending COMMIT. senderID=3 sn=33 view=0
03:00:27.874 INF Committed entry. latency=0 nReq=88 sn=34
03:00:27.874 DBG Starting timer. sn=37 view=0
03:00:27.874 INF Committed entry. latency=0 nReq=84 sn=33
03:00:27.874 INF Delivered batch. nReq=84 sn=33
03:00:27.874 INF Delivered batch. nReq=88 sn=34
03:00:27.874 INF Delivered batch. nReq=84 sn=35
03:00:27.874 DBG Starting timer. sn=36 view=0
03:00:28.848 DBG Batch ready. batchSize=4096
03:00:28.848 DBG Batch cut. left=0 nBuckets=21 nReq=84 next=0
03:00:28.848 DBG Waiting for batch. batchSize=4096
03:00:28.850 INF Sending PREPREPARE. nReq=84 senderID=3 sn=38 view=0
03:00:28.861 INF Handling PREPREPARE. nReq=85 senderID=0 sn=36
03:00:28.862 DBG Creating new Batch. nReq=85
03:00:28.862 INF Handling PREPREPARE. nReq=88 senderID=2 sn=37
03:00:28.863 DBG Creating new Batch. nReq=88
03:00:28.871 DBG Sending COMMIT. senderID=3 sn=38 view=0
03:00:28.872 DBG Sending PREPARE. senderID=3 sn=36 view=0
03:00:28.872 INF Committed entry. latency=0 nReq=84 sn=38
03:00:28.872 DBG Sending COMMIT. senderID=3 sn=36 view=0
03:00:28.872 DBG Starting timer. sn=41 view=0
03:00:28.873 DBG Sending PREPARE. senderID=3 sn=37 view=0
03:00:28.873 DBG Sending COMMIT. senderID=3 sn=37 view=0
03:00:28.875 INF Committed entry. latency=0 nReq=85 sn=36
03:00:28.875 INF Delivered batch. nReq=85 sn=36
03:00:28.875 DBG Starting timer. sn=39 view=0
03:00:28.876 INF Committed entry. latency=0 nReq=88 sn=37
03:00:28.876 INF Delivered batch. nReq=88 sn=37
03:00:28.876 INF Delivered batch. nReq=84 sn=38
03:00:28.876 DBG Starting timer. sn=40 view=0
03:00:29.850 DBG Batch ready. batchSize=4096
03:00:29.850 DBG Batch cut. left=0 nBuckets=21 nReq=84 next=0
03:00:29.850 DBG Waiting for batch. batchSize=4096
03:00:29.852 INF Sending PREPREPARE. nReq=84 senderID=3 sn=41 view=0
03:00:29.862 INF Handling PREPREPARE. nReq=85 senderID=0 sn=39
03:00:29.862 DBG Creating new Batch. nReq=85
03:00:29.865 INF Handling PREPREPARE. nReq=88 senderID=2 sn=40
03:00:29.865 DBG Creating new Batch. nReq=88
03:00:29.872 DBG Sending PREPARE. senderID=3 sn=39 view=0
03:00:29.873 DBG Sending COMMIT. senderID=3 sn=41 view=0
03:00:29.873 DBG Sending COMMIT. senderID=3 sn=39 view=0
03:00:29.874 DBG Sending PREPARE. senderID=3 sn=40 view=0
03:00:29.874 INF Committed entry. latency=0 nReq=84 sn=41
03:00:29.875 DBG Starting timer. sn=44 view=0
03:00:29.875 INF Committed entry. latency=0 nReq=85 sn=39
03:00:29.875 INF Delivered batch. nReq=85 sn=39
03:00:29.875 DBG Starting timer. sn=42 view=0
03:00:29.877 DBG Sending COMMIT. senderID=3 sn=40 view=0
03:00:29.878 INF Committed entry. latency=0 nReq=88 sn=40
03:00:29.878 INF Delivered batch. nReq=88 sn=40
03:00:29.878 INF Delivered batch. nReq=84 sn=41
03:00:29.879 DBG Starting timer. sn=43 view=0
03:00:30.851 DBG Batch ready. batchSize=4096
03:00:30.852 DBG Batch cut. left=0 nBuckets=21 nReq=84 next=0
03:00:30.852 DBG Waiting for batch. batchSize=4096
03:00:30.853 INF Sending PREPREPARE. nReq=84 senderID=3 sn=44 view=0
03:00:30.865 INF Handling PREPREPARE. nReq=84 senderID=0 sn=42
03:00:30.865 DBG Creating new Batch. nReq=84
03:00:30.867 INF Handling PREPREPARE. nReq=88 senderID=2 sn=43
03:00:30.867 DBG Creating new Batch. nReq=88
03:00:30.874 DBG Sending COMMIT. senderID=3 sn=44 view=0
03:00:30.875 DBG Sending PREPARE. senderID=3 sn=42 view=0
03:00:30.876 INF Committed entry. latency=0 nReq=84 sn=44
03:00:30.876 DBG Sending COMMIT. senderID=3 sn=42 view=0
03:00:30.876 DBG Starting timer. sn=47 view=0
03:00:30.877 DBG Sending PREPARE. senderID=3 sn=43 view=0
03:00:30.879 DBG Sending COMMIT. senderID=3 sn=43 view=0
03:00:30.879 INF Committed entry. latency=0 nReq=84 sn=42
03:00:30.879 INF Delivered batch. nReq=84 sn=42
03:00:30.879 DBG Starting timer. sn=45 view=0
03:00:30.880 INF Committed entry. latency=0 nReq=88 sn=43
03:00:30.880 INF Delivered batch. nReq=88 sn=43
03:00:30.880 INF Delivered batch. nReq=84 sn=44
03:00:30.881 DBG Starting timer. sn=46 view=0
03:00:31.853 DBG Batch ready. batchSize=4096
03:00:31.853 DBG Batch cut. left=0 nBuckets=21 nReq=84 next=0
03:00:31.854 DBG Waiting for batch. batchSize=4096
03:00:31.855 INF Sending PREPREPARE. nReq=84 senderID=3 sn=47 view=0
03:00:31.864 INF Handling PREPREPARE. nReq=84 senderID=0 sn=45
03:00:31.864 DBG Creating new Batch. nReq=84
03:00:31.869 INF Handling PREPREPARE. nReq=89 senderID=2 sn=46
03:00:31.869 DBG Creating new Batch. nReq=89
03:00:31.874 DBG Sending PREPARE. senderID=3 sn=45 view=0
03:00:31.876 DBG Sending COMMIT. senderID=3 sn=47 view=0
03:00:31.878 DBG Sending COMMIT. senderID=3 sn=45 view=0
03:00:31.878 INF Committed entry. latency=0 nReq=84 sn=47
03:00:31.879 DBG Starting timer. sn=50 view=0
03:00:31.879 INF Committed entry. latency=0 nReq=84 sn=45
03:00:31.879 DBG Sending PREPARE. senderID=3 sn=46 view=0
03:00:31.879 INF Delivered batch. nReq=84 sn=45
03:00:31.880 DBG Sending COMMIT. senderID=3 sn=46 view=0
03:00:31.880 DBG Starting timer. sn=48 view=0
03:00:31.883 INF Committed entry. latency=0 nReq=89 sn=46
03:00:31.883 INF Delivered batch. nReq=89 sn=46
03:00:31.883 INF Delivered batch. nReq=84 sn=47
03:00:31.883 DBG Starting timer. sn=49 view=0
03:00:32.855 DBG Batch ready. batchSize=4096
03:00:32.855 DBG Batch cut. left=0 nBuckets=21 nReq=84 next=0
03:00:32.855 DBG Waiting for batch. batchSize=4096
03:00:32.857 INF Sending PREPREPARE. nReq=84 senderID=3 sn=50 view=0
03:00:32.867 INF Handling PREPREPARE. nReq=84 senderID=0 sn=48
03:00:32.868 DBG Creating new Batch. nReq=84
03:00:32.869 INF Handling PREPREPARE. nReq=88 senderID=2 sn=49
03:00:32.869 DBG Creating new Batch. nReq=88
03:00:32.877 DBG Sending PREPARE. senderID=3 sn=48 view=0
03:00:32.878 DBG Sending COMMIT. senderID=3 sn=50 view=0
03:00:32.878 DBG Sending PREPARE. senderID=3 sn=49 view=0
03:00:32.880 DBG Sending COMMIT. senderID=3 sn=49 view=0
03:00:32.880 INF Committed entry. latency=0 nReq=84 sn=50
03:00:32.880 DBG Sending COMMIT. senderID=3 sn=48 view=0
03:00:32.880 DBG Starting timer. sn=53 view=0
03:00:32.882 INF Committed entry. latency=0 nReq=88 sn=49
03:00:32.882 DBG Starting timer. sn=52 view=0
03:00:32.882 INF Committed entry. latency=0 nReq=84 sn=48
03:00:32.882 INF Delivered batch. nReq=84 sn=48
03:00:32.882 INF Delivered batch. nReq=88 sn=49
03:00:32.882 INF Delivered batch. nReq=84 sn=50
03:00:32.883 DBG Starting timer. sn=51 view=0
03:00:33.856 DBG Batch ready. batchSize=4096
03:00:33.857 DBG Batch cut. left=0 nBuckets=21 nReq=84 next=0
03:00:33.857 DBG Waiting for batch. batchSize=4096
03:00:33.858 INF Sending PREPREPARE. nReq=84 senderID=3 sn=53 view=0
03:00:33.869 INF Handling PREPREPARE. nReq=84 senderID=0 sn=51
03:00:33.869 DBG Creating new Batch. nReq=84
03:00:33.870 INF Handling PREPREPARE. nReq=88 senderID=2 sn=52
03:00:33.870 DBG Creating new Batch. nReq=88
03:00:33.877 DBG Sending COMMIT. senderID=3 sn=53 view=0
03:00:33.878 DBG Sending PREPARE. senderID=3 sn=51 view=0
03:00:33.879 INF Committed entry. latency=0 nReq=84 sn=53
03:00:33.879 DBG Starting timer. sn=56 view=0
03:00:33.881 DBG Sending PREPARE. senderID=3 sn=52 view=0
03:00:33.883 DBG Sending COMMIT. senderID=3 sn=52 view=0
03:00:33.883 DBG Sending COMMIT. senderID=3 sn=51 view=0
03:00:33.884 INF Committed entry. latency=0 nReq=88 sn=52
03:00:33.884 DBG Starting timer. sn=55 view=0
03:00:33.885 INF Committed entry. latency=0 nReq=84 sn=51
03:00:33.885 INF Delivered batch. nReq=84 sn=51
03:00:33.885 INF Delivered batch. nReq=88 sn=52
03:00:33.885 INF Delivered batch. nReq=84 sn=53
03:00:33.886 DBG Starting timer. sn=54 view=0
03:00:34.858 DBG Batch ready. batchSize=4096
03:00:34.859 DBG Batch cut. left=0 nBuckets=21 nReq=84 next=0
03:00:34.859 DBG Waiting for batch. batchSize=4096
03:00:34.860 INF Sending PREPREPARE. nReq=84 senderID=3 sn=56 view=0
03:00:34.872 INF Handling PREPREPARE. nReq=84 senderID=0 sn=54
03:00:34.872 DBG Creating new Batch. nReq=84
03:00:34.874 INF Handling PREPREPARE. nReq=88 senderID=2 sn=55
03:00:34.874 DBG Creating new Batch. nReq=88
03:00:34.880 DBG Sending COMMIT. senderID=3 sn=56 view=0
03:00:34.881 DBG Sending PREPARE. senderID=3 sn=54 view=0
03:00:34.882 INF Committed entry. latency=0 nReq=84 sn=56
03:00:34.883 DBG Starting timer. sn=59 view=0
03:00:34.882 DBG Sending COMMIT. senderID=3 sn=54 view=0
03:00:34.884 INF Committed entry. latency=0 nReq=84 sn=54
03:00:34.884 INF Delivered batch. nReq=84 sn=54
03:00:34.884 DBG Starting timer. sn=57 view=0
03:00:34.885 DBG Sending PREPARE. senderID=3 sn=55 view=0
03:00:34.885 DBG Sending COMMIT. senderID=3 sn=55 view=0
03:00:34.888 INF Committed entry. latency=0 nReq=88 sn=55
03:00:34.888 INF Delivered batch. nReq=88 sn=55
03:00:34.888 INF Delivered batch. nReq=84 sn=56
03:00:34.888 DBG Starting timer. sn=58 view=0
03:00:35.860 DBG Batch ready. batchSize=4096
03:00:35.861 DBG Batch cut. left=0 nBuckets=21 nReq=85 next=0
03:00:35.861 DBG Waiting for batch. batchSize=4096
03:00:35.862 INF Sending PREPREPARE. nReq=85 senderID=3 sn=59 view=0
03:00:35.873 INF Handling PREPREPARE. nReq=84 senderID=0 sn=57
03:00:35.874 DBG Creating new Batch. nReq=84
03:00:35.875 INF Handling PREPREPARE. nReq=88 senderID=2 sn=58
03:00:35.875 DBG Creating new Batch. nReq=88
03:00:35.883 DBG Sending PREPARE. senderID=3 sn=57 view=0
03:00:35.883 DBG Sending COMMIT. senderID=3 sn=59 view=0
03:00:35.884 DBG Sending COMMIT. senderID=3 sn=57 view=0
03:00:35.885 DBG Sending PREPARE. senderID=3 sn=58 view=0
03:00:35.885 INF Committed entry. latency=0 nReq=85 sn=59
03:00:35.885 DBG Starting timer. sn=62 view=0
03:00:35.886 DBG Sending COMMIT. senderID=3 sn=58 view=0
03:00:35.886 INF Committed entry. latency=0 nReq=84 sn=57
03:00:35.886 INF Delivered batch. nReq=84 sn=57
03:00:35.886 DBG Starting timer. sn=60 view=0
03:00:35.887 INF Committed entry. latency=0 nReq=88 sn=58
03:00:35.887 INF Delivered batch. nReq=88 sn=58
03:00:35.887 INF Delivered batch. nReq=85 sn=59
03:00:35.887 DBG Starting timer. sn=61 view=0
03:00:36.862 DBG Batch ready. batchSize=4096
03:00:36.863 DBG Batch cut. left=0 nBuckets=21 nReq=84 next=0
03:00:36.863 DBG Waiting for batch. batchSize=4096
03:00:36.865 INF Sending PREPREPARE. nReq=84 senderID=3 sn=62 view=0
03:00:36.875 INF Handling PREPREPARE. nReq=85 senderID=0 sn=60
03:00:36.875 DBG Creating new Batch. nReq=85
03:00:36.876 INF Handling PREPREPARE. nReq=88 senderID=2 sn=61
03:00:36.877 DBG Creating new Batch. nReq=88
03:00:36.885 DBG Sending COMMIT. senderID=3 sn=62 view=0
03:00:36.885 DBG Sending PREPARE. senderID=3 sn=60 view=0
03:00:36.885 DBG Sending COMMIT. senderID=3 sn=60 view=0
03:00:36.887 INF Committed entry. latency=0 nReq=84 sn=62
03:00:36.887 DBG Starting timer. sn=65 view=0
03:00:36.887 DBG Sending PREPARE. senderID=3 sn=61 view=0
03:00:36.888 DBG Sending COMMIT. senderID=3 sn=61 view=0
03:00:36.889 INF Committed entry. latency=0 nReq=85 sn=60
03:00:36.889 INF Delivered batch. nReq=85 sn=60
03:00:36.889 DBG Starting timer. sn=63 view=0
03:00:36.890 INF Committed entry. latency=0 nReq=88 sn=61
03:00:36.891 INF Delivered batch. nReq=88 sn=61
03:00:36.891 INF Delivered batch. nReq=84 sn=62
03:00:36.891 DBG Starting timer. sn=64 view=0
03:00:37.864 DBG Batch ready. batchSize=4096
03:00:37.865 DBG Batch cut. left=0 nBuckets=21 nReq=84 next=0
03:00:37.865 DBG Waiting for batch. batchSize=4096
03:00:37.866 INF Sending PREPREPARE. nReq=84 senderID=3 sn=65 view=0
03:00:37.876 INF Handling PREPREPARE. nReq=84 senderID=0 sn=63
03:00:37.876 DBG Creating new Batch. nReq=84
03:00:37.880 INF Handling PREPREPARE. nReq=89 senderID=2 sn=64
03:00:37.880 DBG Creating new Batch. nReq=89
03:00:37.886 DBG Sending PREPARE. senderID=3 sn=63 view=0
03:00:37.888 DBG Sending COMMIT. senderID=3 sn=65 view=0
03:00:37.888 DBG Sending COMMIT. senderID=3 sn=63 view=0
03:00:37.889 DBG Sending PREPARE. senderID=3 sn=64 view=0
03:00:37.889 INF Committed entry. latency=0 nReq=84 sn=63
03:00:37.890 INF Committed entry. latency=0 nReq=84 sn=65
03:00:37.890 INF Delivered batch. nReq=84 sn=63
03:00:37.890 DBG Starting timer. sn=66 view=0
03:00:37.890 DBG Starting timer. sn=68 view=0
03:00:37.890 DBG Sending COMMIT. senderID=3 sn=64 view=0
03:00:37.893 INF Committed entry. latency=0 nReq=89 sn=64
03:00:37.893 INF Delivered batch. nReq=89 sn=64
03:00:37.893 INF Delivered batch. nReq=84 sn=65
03:00:37.893 DBG Starting timer. sn=67 view=0
03:00:38.866 DBG Batch ready. batchSize=4096
03:00:38.867 DBG Batch cut. left=0 nBuckets=21 nReq=84 next=0
03:00:38.867 DBG Waiting for batch. batchSize=4096
03:00:38.869 INF Sending PREPREPARE. nReq=84 senderID=3 sn=68 view=0
03:00:38.877 INF Handling PREPREPARE. nReq=84 senderID=0 sn=66
03:00:38.877 DBG Creating new Batch. nReq=84
03:00:38.881 INF Handling PREPREPARE. nReq=88 senderID=2 sn=67
03:00:38.881 DBG Creating new Batch. nReq=88
03:00:38.889 DBG Sending PREPARE. senderID=3 sn=66 view=0
03:00:38.889 DBG Sending COMMIT. senderID=3 sn=66 view=0
03:00:38.890 DBG Sending PREPARE. senderID=3 sn=67 view=0
03:00:38.890 DBG Sending COMMIT. senderID=3 sn=68 view=0
03:00:38.892 DBG Sending COMMIT. senderID=3 sn=67 view=0
03:00:38.892 INF Committed entry. latency=0 nReq=84 sn=66
03:00:38.893 INF Delivered batch. nReq=84 sn=66
03:00:38.893 DBG Starting timer. sn=69 view=0
03:00:38.894 INF Committed entry. latency=0 nReq=84 sn=68
03:00:38.894 INF Committed entry. latency=0 nReq=88 sn=67
03:00:38.894 INF Delivered batch. nReq=88 sn=67
03:00:38.894 INF Delivered batch. nReq=84 sn=68
03:00:38.894 DBG Starting timer. sn=71 view=0
03:00:38.894 DBG Starting timer. sn=70 view=0
03:00:39.868 DBG Batch ready. batchSize=4096
03:00:39.868 DBG Batch cut. left=0 nBuckets=21 nReq=84 next=0
03:00:39.868 DBG Waiting for batch. batchSize=4096
03:00:39.870 INF Sending PREPREPARE. nReq=84 senderID=3 sn=71 view=0
03:00:39.879 INF Handling PREPREPARE. nReq=84 senderID=0 sn=69
03:00:39.879 DBG Creating new Batch. nReq=84
03:00:39.883 INF Handling PREPREPARE. nReq=89 senderID=2 sn=70
03:00:39.883 DBG Creating new Batch. nReq=89
03:00:39.889 DBG Sending PREPARE. senderID=3 sn=69 view=0
03:00:39.890 DBG Sending COMMIT. senderID=3 sn=71 view=0
03:00:39.891 DBG Sending COMMIT. senderID=3 sn=69 view=0
03:00:39.892 INF Committed entry. latency=0 nReq=84 sn=71
03:00:39.892 DBG Starting timer. sn=74 view=0
03:00:39.893 DBG Sending PREPARE. senderID=3 sn=70 view=0
03:00:39.893 INF Committed entry. latency=0 nReq=84 sn=69
03:00:39.893 INF Delivered batch. nReq=84 sn=69
03:00:39.893 DBG Starting timer. sn=72 view=0
03:00:39.894 DBG Sending COMMIT. senderID=3 sn=70 view=0
03:00:39.895 INF Committed entry. latency=0 nReq=89 sn=70
03:00:39.896 INF Delivered batch. nReq=89 sn=70
03:00:39.896 INF Delivered batch. nReq=84 sn=71
03:00:39.896 DBG Starting timer. sn=73 view=0
03:00:40.869 DBG Batch ready. batchSize=4096
03:00:40.870 DBG Batch cut. left=0 nBuckets=21 nReq=84 next=0
03:00:40.870 DBG Waiting for batch. batchSize=4096
03:00:40.871 INF Sending PREPREPARE. nReq=84 senderID=3 sn=74 view=0
03:00:40.880 INF Handling PREPREPARE. nReq=84 senderID=0 sn=72
03:00:40.880 DBG Creating new Batch. nReq=84
03:00:40.884 INF Handling PREPREPARE. nReq=88 senderID=2 sn=73
03:00:40.884 DBG Creating new Batch. nReq=88
03:00:40.889 DBG Sending PREPARE. senderID=3 sn=72 view=0
03:00:40.892 DBG Sending COMMIT. senderID=3 sn=72 view=0
03:00:40.893 INF Committed entry. latency=0 nReq=84 sn=72
03:00:40.893 INF Delivered batch. nReq=84 sn=72
03:00:40.894 DBG Starting timer. sn=75 view=0
03:00:40.894 DBG Sending PREPARE. senderID=3 sn=73 view=0
03:00:40.894 DBG Sending COMMIT. senderID=3 sn=74 view=0
03:00:40.894 DBG Sending COMMIT. senderID=3 sn=73 view=0
03:00:40.896 INF Committed entry. latency=0 nReq=84 sn=74
03:00:40.897 DBG Starting timer. sn=77 view=0
03:00:40.897 INF Committed entry. latency=0 nReq=88 sn=73
03:00:40.897 INF Delivered batch. nReq=88 sn=73
03:00:40.897 INF Delivered batch. nReq=84 sn=74
03:00:40.897 DBG Starting timer. sn=76 view=0
03:00:41.870 DBG Batch ready. batchSize=4096
03:00:41.871 DBG Batch cut. left=0 nBuckets=21 nReq=84 next=0
03:00:41.871 DBG Waiting for batch. batchSize=4096
03:00:41.872 INF Sending PREPREPARE. nReq=84 senderID=3 sn=77 view=0
03:00:41.884 INF Handling PREPREPARE. nReq=84 senderID=0 sn=75
03:00:41.884 DBG Creating new Batch. nReq=84
03:00:41.885 INF Handling PREPREPARE. nReq=88 senderID=2 sn=76
03:00:41.885 DBG Creating new Batch. nReq=88
03:00:41.893 DBG Sending COMMIT. senderID=3 sn=77 view=0
03:00:41.894 INF Committed entry. latency=0 nReq=84 sn=77
03:00:41.894 DBG Starting timer. sn=80 view=0
03:00:41.896 DBG Sending PREPARE. senderID=3 sn=75 view=0
03:00:41.896 DBG Sending COMMIT. senderID=3 sn=75 view=0
03:00:41.896 DBG Sending PREPARE. senderID=3 sn=76 view=0
03:00:41.897 DBG Sending COMMIT. senderID=3 sn=76 view=0
03:00:41.899 INF Committed entry. latency=0 nReq=88 sn=76
03:00:41.899 INF Committed entry. latency=0 nReq=84 sn=75
03:00:41.900 INF Delivered batch. nReq=84 sn=75
03:00:41.900 INF Delivered batch. nReq=88 sn=76
03:00:41.900 INF Delivered batch. nReq=84 sn=77
03:00:41.900 DBG Starting timer. sn=79 view=0
03:00:41.900 DBG Starting timer. sn=78 view=0
03:00:42.873 DBG Batch ready. batchSize=4096
03:00:42.873 DBG Batch cut. left=0 nBuckets=21 nReq=84 next=0
03:00:42.874 DBG Waiting for batch. batchSize=4096
03:00:42.875 INF Sending PREPREPARE. nReq=84 senderID=3 sn=80 view=0
03:00:42.885 INF Handling PREPREPARE. nReq=84 senderID=0 sn=78
03:00:42.885 DBG Creating new Batch. nReq=84
03:00:42.888 INF Handling PREPREPARE. nReq=88 senderID=2 sn=79
03:00:42.888 DBG Creating new Batch. nReq=88
03:00:42.894 DBG Sending PREPARE. senderID=3 sn=78 view=0
03:00:42.896 DBG Sending COMMIT. senderID=3 sn=80 view=0
03:00:42.897 INF Committed entry. latency=0 nReq=84 sn=80
03:00:42.897 DBG Starting timer. sn=83 view=0
03:00:42.898 DBG Sending PREPARE. senderID=3 sn=79 view=0
03:00:42.898 DBG Sending COMMIT. senderID=3 sn=79 view=0
03:00:42.898 DBG Sending COMMIT. senderID=3 sn=78 view=0
03:00:42.900 INF Committed entry. latency=0 nReq=84 sn=78
03:00:42.900 INF Delivered batch. nReq=84 sn=78
03:00:42.900 DBG Starting timer. sn=81 view=0
03:00:42.901 INF Committed entry. latency=0 nReq=88 sn=79
03:00:42.901 INF Delivered batch. nReq=88 sn=79
03:00:42.901 INF Delivered batch. nReq=84 sn=80
03:00:42.901 DBG Starting timer. sn=82 view=0
03:00:43.875 DBG Batch ready. batchSize=4096
03:00:43.875 DBG Batch cut. left=0 nBuckets=21 nReq=85 next=0
03:00:43.876 DBG Waiting for batch. batchSize=4096
03:00:43.878 INF Sending PREPREPARE. nReq=85 senderID=3 sn=83 view=0
03:00:43.886 INF Handling PREPREPARE. nReq=84 senderID=0 sn=81
03:00:43.886 DBG Creating new Batch. nReq=84
03:00:43.891 INF Handling PREPREPARE. nReq=88 senderID=2 sn=82
03:00:43.891 DBG Creating new Batch. nReq=88
03:00:43.898 DBG Sending PREPARE. senderID=3 sn=81 view=0
03:00:43.898 DBG Sending COMMIT. senderID=3 sn=81 view=0
03:00:43.900 DBG Sending COMMIT. senderID=3 sn=83 view=0
03:00:43.900 INF Committed entry. latency=0 nReq=84 sn=81
03:00:43.901 INF Delivered batch. nReq=84 sn=81
03:00:43.901 DBG Starting timer. sn=84 view=0
03:00:43.902 DBG Sending PREPARE. senderID=3 sn=82 view=0
03:00:43.902 DBG Sending COMMIT. senderID=3 sn=82 view=0
03:00:43.903 INF Committed entry. latency=0 nReq=85 sn=83
03:00:43.903 DBG Starting timer. sn=86 view=0
03:00:43.904 INF Committed entry. latency=0 nReq=88 sn=82
03:00:43.904 INF Delivered batch. nReq=88 sn=82
03:00:43.904 INF Delivered batch. nReq=85 sn=83
03:00:43.904 DBG Starting timer. sn=85 view=0
03:00:44.877 DBG Batch ready. batchSize=4096
03:00:44.877 DBG Batch cut. left=0 nBuckets=21 nReq=84 next=0
03:00:44.877 DBG Waiting for batch. batchSize=4096
03:00:44.879 INF Sending PREPREPARE. nReq=84 senderID=3 sn=86 view=0
03:00:44.888 INF Handling PREPREPARE. nReq=84 senderID=0 sn=84
03:00:44.888 DBG Creating new Batch. nReq=84
03:00:44.893 INF Handling PREPREPARE. nReq=88 senderID=2 sn=85
03:00:44.893 DBG Creating new Batch. nReq=88
03:00:44.899 DBG Sending PREPARE. senderID=3 sn=84 view=0
03:00:44.900 DBG Sending COMMIT. senderID=3 sn=86 view=0
03:00:44.900 DBG Sending COMMIT. senderID=3 sn=84 view=0
03:00:44.902 INF Committed entry. latency=0 nReq=84 sn=86
03:00:44.902 DBG Starting timer. sn=89 view=0
03:00:44.902 INF Committed entry. latency=0 nReq=84 sn=84
03:00:44.903 INF Delivered batch. nReq=84 sn=84
03:00:44.903 DBG Starting timer. sn=87 view=0
03:00:44.903 DBG Sending PREPARE. senderID=3 sn=85 view=0
03:00:44.904 DBG Sending COMMIT. senderID=3 sn=85 view=0
03:00:44.906 INF Committed entry. latency=0 nReq=88 sn=85
03:00:44.906 INF Delivered batch. nReq=88 sn=85
03:00:44.906 INF Delivered batch. nReq=84 sn=86
03:00:44.906 DBG Starting timer. sn=88 view=0
03:00:45.878 DBG Batch ready. batchSize=4096
03:00:45.878 DBG Batch cut. left=0 nBuckets=21 nReq=84 next=0
03:00:45.879 DBG Waiting for batch. batchSize=4096
03:00:45.880 INF Sending PREPREPARE. nReq=84 senderID=3 sn=89 view=0
03:00:45.891 INF Handling PREPREPARE. nReq=85 senderID=0 sn=87
03:00:45.891 DBG Creating new Batch. nReq=85
03:00:45.895 INF Handling PREPREPARE. nReq=89 senderID=2 sn=88
03:00:45.895 DBG Creating new Batch. nReq=89
03:00:45.903 DBG Sending COMMIT. senderID=3 sn=89 view=0
03:00:45.903 DBG Sending PREPARE. senderID=3 sn=87 view=0
03:00:45.903 DBG Sending COMMIT. senderID=3 sn=87 view=0
03:00:45.903 INF Committed entry. latency=0 nReq=84 sn=89
03:00:45.904 DBG Starting timer. sn=92 view=0
03:00:45.905 DBG Sending PREPARE. senderID=3 sn=88 view=0
03:00:45.906 DBG Sending COMMIT. senderID=3 sn=88 view=0
03:00:45.906 INF Committed entry. latency=0 nReq=85 sn=87
03:00:45.906 INF Delivered batch. nReq=85 sn=87
03:00:45.906 DBG Starting timer. sn=90 view=0
03:00:45.908 INF Committed entry. latency=0 nReq=89 sn=88
03:00:45.908 INF Delivered batch. nReq=89 sn=88
03:00:45.908 INF Delivered batch. nReq=84 sn=89
03:00:45.908 DBG Starting timer. sn=91 view=0
03:00:46.880 DBG Batch ready. batchSize=4096
03:00:46.880 DBG Batch cut. left=0 nBuckets=21 nReq=84 next=0
03:00:46.880 DBG Waiting for batch. batchSize=4096
03:00:46.882 INF Sending PREPREPARE. nReq=84 senderID=3 sn=92 view=0
03:00:46.891 INF Handling PREPREPARE. nReq=84 senderID=0 sn=90
03:00:46.891 DBG Creating new Batch. nReq=84
03:00:46.895 INF Handling PREPREPARE. nReq=88 senderID=2 sn=91
03:00:46.895 DBG Creating new Batch. nReq=88
03:00:46.902 DBG Sending PREPARE. senderID=3 sn=90 view=0
03:00:46.903 DBG Sending COMMIT. senderID=3 sn=92 view=0
03:00:46.904 DBG Sending PREPARE. senderID=3 sn=91 view=0
03:00:46.904 DBG Sending COMMIT. senderID=3 sn=90 view=0
03:00:46.904 INF Committed entry. latency=0 nReq=84 sn=92
03:00:46.904 DBG Starting timer. sn=95 view=0
03:00:46.905 DBG Sending COMMIT. senderID=3 sn=91 view=0
03:00:46.905 INF Committed entry. latency=0 nReq=84 sn=90
03:00:46.906 INF Delivered batch. nReq=84 sn=90
03:00:46.906 DBG Starting timer. sn=93 view=0
03:00:46.907 INF Committed entry. latency=0 nReq=88 sn=91
03:00:46.907 INF Delivered batch. nReq=88 sn=91
03:00:46.907 INF Delivered batch. nReq=84 sn=92
03:00:46.907 DBG Starting timer. sn=94 view=0
03:00:47.881 DBG Batch ready. batchSize=4096
03:00:47.882 DBG Batch cut. left=0 nBuckets=21 nReq=84 next=0
03:00:47.882 DBG Waiting for batch. batchSize=4096
03:00:47.884 INF Sending PREPREPARE. nReq=84 senderID=3 sn=95 view=0
03:00:47.892 INF Handling PREPREPARE. nReq=84 senderID=0 sn=93
03:00:47.893 DBG Creating new Batch. nReq=84
03:00:47.898 INF Handling PREPREPARE. nReq=88 senderID=2 sn=94
03:00:47.898 DBG Creating new Batch. nReq=88
03:00:47.903 DBG Sending PREPARE. senderID=3 sn=93 view=0
03:00:47.906 DBG Sending PREPARE. senderID=3 sn=94 view=0
03:00:47.907 DBG Sending COMMIT. senderID=3 sn=94 view=0
03:00:47.907 DBG Sending COMMIT. senderID=3 sn=95 view=0
03:00:47.907 DBG Sending COMMIT. senderID=3 sn=93 view=0
03:00:47.909 INF Committed entry. latency=0 nReq=84 sn=93
03:00:47.909 INF Committed entry. latency=0 nReq=84 sn=95
03:00:47.909 INF Committed entry. latency=0 nReq=88 sn=94
03:00:47.910 INF Delivered batch. nReq=84 sn=93
03:00:47.910 INF Delivered batch. nReq=88 sn=94
03:00:47.910 INF Delivered batch. nReq=84 sn=95
03:00:47.910 DBG Starting timer. sn=96 view=0
03:00:47.910 DBG Starting timer. sn=98 view=0
03:00:47.910 DBG Starting timer. sn=97 view=0
03:00:48.883 DBG Batch ready. batchSize=4096
03:00:48.883 DBG Batch cut. left=0 nBuckets=21 nReq=0 next=0
03:00:48.883 DBG Waiting for batch. batchSize=4096
03:00:48.883 INF Sending PREPREPARE. nReq=0 senderID=3 sn=98 view=0
03:00:48.883 INF Connection terminated. error="rpc error: code = Canceled desc = context canceled" address=127.0.0.1:50630
03:00:48.884 INF Finished sending bucket assignments to client. clId=0
03:00:48.885 INF Handling PREPREPARE. nReq=0 senderID=0 sn=96
03:00:48.885 DBG Creating new Batch. nReq=0
03:00:48.885 DBG Sending PREPARE. senderID=3 sn=96 view=0
03:00:48.886 DBG Sending COMMIT. senderID=3 sn=98 view=0
03:00:48.887 DBG Sending COMMIT. senderID=3 sn=96 view=0
03:00:48.887 INF Handling PREPREPARE. nReq=0 senderID=2 sn=97
03:00:48.887 DBG Creating new Batch. nReq=0
03:00:48.887 INF Committed entry. latency=0 nReq=0 sn=98
03:00:48.887 DBG Starting timer. sn=101 view=0
03:00:48.887 DBG Sending PREPARE. senderID=3 sn=97 view=0
03:00:48.889 DBG Sending COMMIT. senderID=3 sn=97 view=0
03:00:48.889 INF Committed entry. latency=0 nReq=0 sn=96
03:00:48.889 INF Delivered batch. nReq=0 sn=96
03:00:48.890 DBG Starting timer. sn=99 view=0
03:00:48.891 INF Committed entry. latency=0 nReq=0 sn=97
03:00:48.891 INF Delivered batch. nReq=0 sn=97
03:00:48.891 INF Delivered batch. nReq=0 sn=98
03:00:48.891 DBG Starting timer. sn=100 view=0
03:00:49.233 INF Stopping profiler.
03:00:49.234 INF Stopping Tracer. events=202 fileName=experiment-output/0003/slave-004/peer.trc
==================
WARNING: DATA RACE
Read at 0x00c000948000 by goroutine 115:
  runtime.racereadrange()
      <autogenerated>:1 +0x1b
  github.com/hyperledger-labs/mirbft/tracing.(*BufferedTrace).StopOnSignal.func1()
      /opt/gopath/src/github.com/hyperledger-labs/mirbft/tracing/bufferedtrace.go:298 +0x4e

Previous write at 0x00c000948000 by goroutine 413:
  github.com/hyperledger-labs/mirbft/tracing.(*BufferedTrace).Event()
      /opt/gopath/src/github.com/hyperledger-labs/mirbft/tracing/bufferedtrace.go:105 +0x2d9
  github.com/hyperledger-labs/mirbft/manager.(*MirManager).handleLogEntries()
      /opt/gopath/src/github.com/hyperledger-labs/mirbft/manager/mirmanager.go:139 +0x1d8
  github.com/hyperledger-labs/mirbft/manager.(*MirManager).Startdwrap7()
      /opt/gopath/src/github.com/hyperledger-labs/mirbft/manager/mirmanager.go:101 +0x47

Goroutine 115 (running) created at:
  github.com/hyperledger-labs/mirbft/tracing.(*BufferedTrace).StopOnSignal()
      /opt/gopath/src/github.com/hyperledger-labs/mirbft/tracing/bufferedtrace.go:292 +0x172
  main.setUpTracing()
      /opt/gopath/src/github.com/hyperledger-labs/mirbft/cmd/orderingpeer/main.go:204 +0xf5
  main.main()
      /opt/gopath/src/github.com/hyperledger-labs/mirbft/cmd/orderingpeer/main.go:98 +0x9d6

Goroutine 413 (running) created at:
  github.com/hyperledger-labs/mirbft/manager.(*MirManager).Start()
      /opt/gopath/src/github.com/hyperledger-labs/mirbft/manager/mirmanager.go:101 +0x19e
  main.maindwrap4()
      /opt/gopath/src/github.com/hyperledger-labs/mirbft/cmd/orderingpeer/main.go:168 +0x59
==================
==================
WARNING: DATA RACE
Read at 0x00c000949f68 by goroutine 115:
  runtime.racereadrange()
      <autogenerated>:1 +0x1b
  github.com/hyperledger-labs/mirbft/tracing.(*BufferedTrace).StopOnSignal.func1()
      /opt/gopath/src/github.com/hyperledger-labs/mirbft/tracing/bufferedtrace.go:298 +0x4e

Previous write at 0x00c000949f68 by goroutine 114:
  github.com/hyperledger-labs/mirbft/tracing.(*BufferedTrace).Event()
      /opt/gopath/src/github.com/hyperledger-labs/mirbft/tracing/bufferedtrace.go:105 +0x2d9
  github.com/hyperledger-labs/mirbft/profiling.StartCPUTracing.func1()
      /opt/gopath/src/github.com/hyperledger-labs/mirbft/profiling/cpuusage.go:31 +0x95

Goroutine 115 (running) created at:
  github.com/hyperledger-labs/mirbft/tracing.(*BufferedTrace).StopOnSignal()
      /opt/gopath/src/github.com/hyperledger-labs/mirbft/tracing/bufferedtrace.go:292 +0x172
  main.setUpTracing()
      /opt/gopath/src/github.com/hyperledger-labs/mirbft/cmd/orderingpeer/main.go:204 +0xf5
  main.main()
      /opt/gopath/src/github.com/hyperledger-labs/mirbft/cmd/orderingpeer/main.go:98 +0x9d6

Goroutine 114 (running) created at:
  github.com/hyperledger-labs/mirbft/profiling.StartCPUTracing()
      /opt/gopath/src/github.com/hyperledger-labs/mirbft/profiling/cpuusage.go:28 +0xb6
  main.setUpTracing()
      /opt/gopath/src/github.com/hyperledger-labs/mirbft/cmd/orderingpeer/main.go:196 +0x85
  main.main()
      /opt/gopath/src/github.com/hyperledger-labs/mirbft/cmd/orderingpeer/main.go:98 +0x9d6
==================
03:00:49.236 INF Trace data written.
03:00:49.288 INF Profile data written. filename=experiment-output/0003/slave-004/prof.mutex name=mutex
03:00:49.424 INF Connection terminated. error="rpc error: code = Canceled desc = context canceled" address=127.0.0.1:50614
03:00:49.424 INF Connection terminated. error="rpc error: code = Canceled desc = context canceled" address=127.0.0.1:50576
03:00:49.424 INF Connection terminated. error="rpc error: code = Canceled desc = context canceled" address=127.0.0.1:50610
03:00:49.424 INF Connection terminated. error="rpc error: code = Canceled desc = context canceled" address=127.0.0.1:50456
03:00:49.424 INF Connection terminated. error="rpc error: code = Canceled desc = context canceled" address=127.0.0.1:50616
03:00:49.424 INF Connection terminated. error="rpc error: code = Canceled desc = context canceled" address=127.0.0.1:50606
03:00:49.474 INF Profile data written. filename=experiment-output/0003/slave-004/prof.cpu name=cpu
03:00:49.529 INF Profile data written. filename=experiment-output/0003/slave-004/prof.block name=block
