{"level":"debug","Logging":"debug","time":"2022-11-25T19:54:14+08:00","message":"Config"}
{"level":"debug","UseTLS":false,"time":"2022-11-25T19:54:14+08:00","message":"Config"}
{"level":"debug","CACertFile":"tls-data/ca.pem","time":"2022-11-25T19:54:14+08:00","message":"Config"}
{"level":"debug","KeyFile":"tls-data/auth.key","time":"2022-11-25T19:54:14+08:00","message":"Config"}
{"level":"debug","CertFile":"tls-data/auth.pem","time":"2022-11-25T19:54:14+08:00","message":"Config"}
{"level":"debug","PriorityConnections":2,"time":"2022-11-25T19:54:14+08:00","message":"Config"}
{"level":"debug","BasicConnections":4,"time":"2022-11-25T19:54:14+08:00","message":"Config"}
{"level":"debug","TestConnections":false,"time":"2022-11-25T19:54:14+08:00","message":"Config"}
{"level":"debug","ExcessConnections":1,"time":"2022-11-25T19:54:14+08:00","message":"Config"}
{"level":"debug","ConnectionTestMsgs":4,"time":"2022-11-25T19:54:14+08:00","message":"Config"}
{"level":"debug","ConnectionTestPayload":131072,"time":"2022-11-25T19:54:14+08:00","message":"Config"}
{"level":"debug","OutMessageBufsize":1024,"time":"2022-11-25T19:54:14+08:00","message":"Config"}
{"level":"debug","OutMessageBufsize":1,"time":"2022-11-25T19:54:14+08:00","message":"Config"}
{"level":"debug","ThroughputCap":131072000,"time":"2022-11-25T19:54:14+08:00","message":"Config"}
{"level":"debug","StragglerTolerance":1000,"time":"2022-11-25T19:54:14+08:00","message":"Config"}
{"level":"debug","BatchSizeIncrement":256,"time":"2022-11-25T19:54:14+08:00","message":"Config"}
{"level":"debug","Orderer":"Pbft","time":"2022-11-25T19:54:14+08:00","message":"Config"}
{"level":"debug","Manager":"Mir","time":"2022-11-25T19:54:14+08:00","message":"Config"}
{"level":"debug","Failures":0,"time":"2022-11-25T19:54:14+08:00","message":"Config"}
{"level":"debug","CrashTiming":"Straggler","time":"2022-11-25T19:54:14+08:00","message":"Config"}
{"level":"debug","CheckpointInterval":256,"time":"2022-11-25T19:54:14+08:00","message":"Config"}
{"level":"debug","WatermarkWindowSize":256,"time":"2022-11-25T19:54:14+08:00","message":"Config"}
{"level":"debug","EpochLength":256,"time":"2022-11-25T19:54:14+08:00","message":"Config"}
{"level":"debug","SegmentLength":64,"time":"2022-11-25T19:54:14+08:00","message":"Config"}
{"level":"debug","WaitForCheckpoints":true,"time":"2022-11-25T19:54:14+08:00","message":"Config"}
{"level":"debug","ClientWatermarkWindowSize":4194304,"time":"2022-11-25T19:54:14+08:00","message":"Config"}
{"level":"debug","ClientRequestBacklogSize":4194304,"time":"2022-11-25T19:54:14+08:00","message":"Config"}
{"level":"debug","RandomSeed":5179,"time":"2022-11-25T19:54:14+08:00","message":"Config"}
{"level":"debug","NodeToLeaderRatio":1,"time":"2022-11-25T19:54:14+08:00","message":"Config"}
{"level":"debug","LeaderPolicy":"Blacklist","time":"2022-11-25T19:54:14+08:00","message":"Config"}
{"level":"debug","DefaultLeaderBan":2,"time":"2022-11-25T19:54:14+08:00","message":"Config"}
{"level":"debug","NumBuckets":64,"time":"2022-11-25T19:54:14+08:00","message":"Config"}
{"level":"debug","BatchSize":1000,"time":"2022-11-25T19:54:14+08:00","message":"Config"}
{"level":"debug","DisabledViewChange":false,"time":"2022-11-25T19:54:14+08:00","message":"Config"}
{"level":"debug","ViewChangeTimeout":60000,"time":"2022-11-25T19:54:14+08:00","message":"Config"}
{"level":"debug","ClientTraceSampling":10,"time":"2022-11-25T19:54:14+08:00","message":"Config"}
{"level":"debug","EventBufferSize":2097152,"time":"2022-11-25T19:54:14+08:00","message":"Config"}
{"level":"debug","TraceSampling":1,"time":"2022-11-25T19:54:14+08:00","message":"Config"}
{"level":"debug","ClientsPerProcess":1,"time":"2022-11-25T19:54:14+08:00","message":"Config"}
{"level":"debug","RequestsPerClient":15360,"time":"2022-11-25T19:54:14+08:00","message":"Config"}
{"level":"debug","ClientRunTime":30000,"time":"2022-11-25T19:54:14+08:00","message":"Config"}
{"level":"debug","RequestRate":256,"time":"2022-11-25T19:54:14+08:00","message":"Config"}
{"level":"debug","HardRequestRateLimit":false,"time":"2022-11-25T19:54:14+08:00","message":"Config"}
{"level":"debug","RequestPayloadSize":500,"time":"2022-11-25T19:54:14+08:00","message":"Config"}
{"level":"debug","SignRequests":true,"time":"2022-11-25T19:54:14+08:00","message":"Config"}
{"level":"debug","ClientPrivKeyFile":"tls-data/client-ecdsa-256.key","time":"2022-11-25T19:54:14+08:00","message":"Config"}
{"level":"debug","ClientPubKeyFile":"tls-data/client-ecdsa-256.pem","time":"2022-11-25T19:54:14+08:00","message":"Config"}
{"level":"debug","PrecomputeRequests":false,"time":"2022-11-25T19:54:14+08:00","message":"Config"}
{"level":"debug","RequestHandlerThreads":32,"time":"2022-11-25T19:54:14+08:00","message":"Config"}
{"level":"debug","RequestInputChannelBuffer":8192,"time":"2022-11-25T19:54:14+08:00","message":"Config"}
{"level":"debug","BatchVerifier":"external","time":"2022-11-25T19:54:14+08:00","message":"Config"}
11:54:14.316 INF Registered with discovery server. numPeers=4 ownID=1
11:54:14.317 INF Profiling enabled.
11:54:14.317 INF Setting up profiling.
11:54:14.318 INF Started Profiler: CPU
11:54:14.318 INF Started Profiler: BLOCK
11:54:14.318 INF Started Profiler: MUTEX
11:54:14.318 INF Profiler will stop on signal. exit=true
11:54:14.320 INF Tracing will stop on signal. exit=false
11:54:14.320 INF Started tracing. traceFile=experiment-output/0000/slave-002/peer.trc
11:54:14.322 DBG Starting backlog.
11:54:14.322 INF Listening for connections. port=10011 useTLS=false
11:54:14.323 INF Connecting to peer. addr=127.0.0.1:10011 basicConns=4 priorityConns=2
11:54:14.323 INF Connecting to peer. addr=127.0.0.1:10022 basicConns=4 priorityConns=2
11:54:14.325 INF Connecting to peer. addr=127.0.0.1:10000 basicConns=4 priorityConns=2
11:54:14.323 INF Connecting to peer. addr=127.0.0.1:10033 basicConns=4 priorityConns=2
11:54:14.376 INF Incoming connection for protocol messages. addr=127.0.0.1:54858
11:54:14.377 INF Incoming connection for protocol messages. addr=127.0.0.1:54868
11:54:14.377 INF Incoming connection for protocol messages. addr=127.0.0.1:54838
11:54:14.379 INF Incoming connection for protocol messages. addr=127.0.0.1:54848
11:54:14.379 INF Incoming connection for protocol messages. addr=127.0.0.1:54878
11:54:14.384 INF Incoming connection for protocol messages. addr=127.0.0.1:54852
11:54:14.384 INF Incoming connection for protocol messages. addr=127.0.0.1:54888
11:54:14.385 INF Incoming connection for protocol messages. addr=127.0.0.1:54936
11:54:14.387 INF Incoming connection for protocol messages. addr=127.0.0.1:54976
11:54:14.387 INF Incoming connection for protocol messages. addr=127.0.0.1:54908
11:54:14.387 INF Incoming connection for protocol messages. addr=127.0.0.1:54890
11:54:14.388 INF Incoming connection for protocol messages. addr=127.0.0.1:54964
11:54:14.388 INF Incoming connection for protocol messages. addr=127.0.0.1:54922
11:54:14.388 INF Incoming connection for protocol messages. addr=127.0.0.1:54980
11:54:14.389 INF Incoming connection for protocol messages. addr=127.0.0.1:54950
11:54:14.391 INF Incoming connection for protocol messages. addr=127.0.0.1:54896
11:54:14.392 INF Incoming connection for protocol messages. addr=127.0.0.1:55002
11:54:14.392 DBG Connected. peerID=0
11:54:14.393 DBG Connected. peerID=1
11:54:14.395 INF Incoming connection for protocol messages. addr=127.0.0.1:54988
11:54:14.396 INF Incoming connection for protocol messages. addr=127.0.0.1:55046
11:54:14.396 INF Incoming connection for protocol messages. addr=127.0.0.1:55014
11:54:14.396 INF Incoming connection for protocol messages. addr=127.0.0.1:55030
11:54:14.397 INF Incoming connection for protocol messages. addr=127.0.0.1:55038
11:54:14.399 INF Incoming connection for protocol messages. addr=127.0.0.1:55054
11:54:14.399 INF Incoming connection for protocol messages. addr=127.0.0.1:55062
11:54:14.399 DBG Connected. peerID=3
11:54:14.406 DBG Connected. peerID=2
11:54:14.406 INF Connected to all peers.
11:54:14.415 INF All peers finished connecting. Starting ISS.
11:54:14.416 DBG Buckets for 0-th leader 0: [0 4 8 12 16 20 24 28 32 36 40 44 48 52 56 60]
11:54:14.417 DBG Buckets for 1-th leader 1: [1 5 9 13 17 21 25 29 33 37 41 45 49 53 57 61]
11:54:14.417 DBG Buckets for 2-th leader 2: [2 6 10 14 18 22 26 30 34 38 42 46 50 54 58 62]
11:54:14.417 DBG Buckets for 3-th leader 3: [3 7 11 15 19 23 27 31 35 39 43 47 51 55 59 63]
11:54:14.417 INF PbftOrderer received a new segment: [3 7 11 15 19 23 27 31 35 39 43 47 51 55 59 63 67 71 75 79 83 87 91 95 99 103 107 111 115 119 123 127 131 135 139 143 147 151 155 159 163 167 171 175 179 183 187 191 195 199 203 207 211 215 219 223 227 231 235 239 243 247 251 255] first leader=3 firstSN=3 lastSN=255 len=64 length=64 segId=3
11:54:14.417 INF Starting new view. segID=3 timeout=60000 view=0
11:54:14.418 DBG Starting timer. sn=3 view=0
11:54:14.418 INF Starting PBFT instance. first=3 last=255 segID=3
11:54:14.418 DBG Subscribing to backlog. segID=3
11:54:14.419 INF Starting serialized message processing. segID=3
11:54:14.419 INF PbftOrderer received a new segment: [0 4 8 12 16 20 24 28 32 36 40 44 48 52 56 60 64 68 72 76 80 84 88 92 96 100 104 108 112 116 120 124 128 132 136 140 144 148 152 156 160 164 168 172 176 180 184 188 192 196 200 204 208 212 216 220 224 228 232 236 240 244 248 252] first leader=0 firstSN=0 lastSN=252 len=64 length=64 segId=0
11:54:14.419 INF Starting new view. segID=0 timeout=60000 view=0
11:54:14.419 DBG Starting timer. sn=0 view=0
11:54:14.420 INF Starting PBFT instance. first=0 last=252 segID=0
11:54:14.420 DBG Subscribing to backlog. segID=0
11:54:14.420 INF Starting serialized message processing. segID=0
11:54:14.420 INF PbftOrderer received a new segment: [1 5 9 13 17 21 25 29 33 37 41 45 49 53 57 61 65 69 73 77 81 85 89 93 97 101 105 109 113 117 121 125 129 133 137 141 145 149 153 157 161 165 169 173 177 181 185 189 193 197 201 205 209 213 217 221 225 229 233 237 241 245 249 253] first leader=1 firstSN=1 lastSN=253 len=64 length=64 segId=1
11:54:14.420 INF Starting new view. segID=1 timeout=60000 view=0
11:54:14.421 DBG Starting timer. sn=1 view=0
11:54:14.421 INF Starting PBFT instance. first=1 last=253 segID=1
11:54:14.421 DBG Subscribing to backlog. segID=1
11:54:14.421 DBG Leading segment. segID=1
11:54:14.421 INF Starting serialized message processing. segID=1
11:54:14.421 DBG Waiting for batch. batchSize=4096
11:54:14.422 INF PbftOrderer received a new segment: [2 6 10 14 18 22 26 30 34 38 42 46 50 54 58 62 66 70 74 78 82 86 90 94 98 102 106 110 114 118 122 126 130 134 138 142 146 150 154 158 162 166 170 174 178 182 186 190 194 198 202 206 210 214 218 222 226 230 234 238 242 246 250 254] first leader=2 firstSN=2 lastSN=254 len=64 length=64 segId=2
11:54:14.422 INF Starting new view. segID=2 timeout=60000 view=0
11:54:14.422 DBG Starting timer. sn=2 view=0
11:54:14.422 INF Starting PBFT instance. first=2 last=254 segID=2
11:54:14.423 DBG Subscribing to backlog. segID=2
11:54:14.423 INF Starting serialized message processing. segID=2
11:54:15.422 DBG Batch ready. batchSize=4096
11:54:15.423 DBG Batch cut. left=0 nBuckets=16 nReq=0 next=0
11:54:15.423 INF Sending PREPREPARE. nReq=0 senderID=1 sn=1 view=0
11:54:15.423 DBG Waiting for batch. batchSize=4096
11:54:15.429 INF Handling PREPREPARE. nReq=0 senderID=3 sn=3
11:54:15.429 DBG Creating new Batch. nReq=0
11:54:15.429 DBG Sending PREPARE. senderID=1 sn=3 view=0
11:54:15.429 DBG func sendPrepare prepare Tn. sn=3 tn=1
11:54:15.430 INF Handling PREPREPARE. nReq=0 senderID=0 sn=0
11:54:15.430 DBG Creating new Batch. nReq=0
11:54:15.430 DBG Sending PREPARE. senderID=1 sn=0 view=0
11:54:15.431 DBG func sendPrepare prepare Tn. sn=0 tn=1
11:54:15.431 DBG Sending COMMIT. senderID=1 sn=3 tn=1 view=0
11:54:15.431 DBG func sendCommit commit Tn. sn=3 tn=1
11:54:15.431 DBG Sending COMMIT. senderID=1 sn=1 tn=1 view=0
11:54:15.432 DBG func sendCommit commit Tn. sn=1 tn=1
11:54:15.432 DBG Sending Htn. senderID=1 sn=3 view=0
11:54:15.432 DBG Sending COMMIT. senderID=1 sn=0 tn=1 view=0
11:54:15.432 DBG func sendCommit commit Tn. sn=0 tn=1
11:54:15.432 DBG Sending Htn. senderID=1 sn=0 view=0
11:54:15.432 DBG Sending Htn. senderID=1 sn=1 view=0
==================
WARNING: DATA RACE
Read at 0x00c0001ef5f0 by goroutine 420:
  runtime.mapaccess1_fast64()
      /home/dell/wmj/go/src/runtime/map_fast64.go:12 +0x0
  github.com/hyperledger-labs/mirbft/orderer.(*pbftInstance).sendCommit()
      /opt/gopath/src/github.com/hyperledger-labs/mirbft/orderer/pbftinstance.go:594 +0x933
  github.com/hyperledger-labs/mirbft/orderer.(*pbftInstance).handlePrepare()
      /opt/gopath/src/github.com/hyperledger-labs/mirbft/orderer/pbftinstance.go:526 +0x69a
  github.com/hyperledger-labs/mirbft/orderer.(*pbftInstance).handleMessage()
      /opt/gopath/src/github.com/hyperledger-labs/mirbft/orderer/pbftinstance.go:1851 +0x2d4
  github.com/hyperledger-labs/mirbft/orderer.(*pbftInstance).processSerializedMessages()
      /opt/gopath/src/github.com/hyperledger-labs/mirbft/orderer/pbftinstance.go:1814 +0xdb
  github.com/hyperledger-labs/mirbft/orderer.(*PbftOrderer).runSegment·dwrap·12()
      /opt/gopath/src/github.com/hyperledger-labs/mirbft/orderer/pbftorderer.go:199 +0x39

Previous write at 0x00c0001ef5f0 by goroutine 418:
  runtime.mapassign_fast64()
      /home/dell/wmj/go/src/runtime/map_fast64.go:92 +0x0
  github.com/hyperledger-labs/mirbft/orderer.(*pbftInstance).sendCommit()
      /opt/gopath/src/github.com/hyperledger-labs/mirbft/orderer/pbftinstance.go:595 +0x9e4
  github.com/hyperledger-labs/mirbft/orderer.(*pbftInstance).handlePrepare()
      /opt/gopath/src/github.com/hyperledger-labs/mirbft/orderer/pbftinstance.go:526 +0x69a
  github.com/hyperledger-labs/mirbft/orderer.(*pbftInstance).handleMessage()
      /opt/gopath/src/github.com/hyperledger-labs/mirbft/orderer/pbftinstance.go:1851 +0x2d4
  github.com/hyperledger-labs/mirbft/orderer.(*pbftInstance).processSerializedMessages()
      /opt/gopath/src/github.com/hyperledger-labs/mirbft/orderer/pbftinstance.go:1814 +0xdb
  github.com/hyperledger-labs/mirbft/orderer.(*PbftOrderer).runSegment·dwrap·12()
      /opt/gopath/src/github.com/hyperledger-labs/mirbft/orderer/pbftorderer.go:199 +0x39

Goroutine 420 (running) created at:
  github.com/hyperledger-labs/mirbft/orderer.(*PbftOrderer).runSegment()
      /opt/gopath/src/github.com/hyperledger-labs/mirbft/orderer/pbftorderer.go:199 +0x3f0
  github.com/hyperledger-labs/mirbft/orderer.(*PbftOrderer).Start()
      /opt/gopath/src/github.com/hyperledger-labs/mirbft/orderer/pbftorderer.go:176 +0x355
  main.main·dwrap·5()
      /opt/gopath/src/github.com/hyperledger-labs/mirbft/cmd/orderingpeer/main.go:169 +0x59

Goroutine 418 (running) created at:
  github.com/hyperledger-labs/mirbft/orderer.(*PbftOrderer).runSegment()
      /opt/gopath/src/github.com/hyperledger-labs/mirbft/orderer/pbftorderer.go:199 +0x3f0
  github.com/hyperledger-labs/mirbft/orderer.(*PbftOrderer).Start()
      /opt/gopath/src/github.com/hyperledger-labs/mirbft/orderer/pbftorderer.go:176 +0x355
  main.main·dwrap·5()
      /opt/gopath/src/github.com/hyperledger-labs/mirbft/cmd/orderingpeer/main.go:169 +0x59
==================
11:54:15.433 DBG func handleCommit commit Tn. tn=1
==================
WARNING: DATA RACE
Write at 0x00c006d08130 by goroutine 423:
  github.com/hyperledger-labs/mirbft/orderer.(*pbftInstance).sendCommit()
      /opt/gopath/src/github.com/hyperledger-labs/mirbft/orderer/pbftinstance.go:595 +0x9f3
  github.com/hyperledger-labs/mirbft/orderer.(*pbftInstance).handlePrepare()
      /opt/gopath/src/github.com/hyperledger-labs/mirbft/orderer/pbftinstance.go:526 +0x69a
  github.com/hyperledger-labs/mirbft/orderer.(*pbftInstance).handleMessage()
      /opt/gopath/src/github.com/hyperledger-labs/mirbft/orderer/pbftinstance.go:1851 +0x2d4
  github.com/hyperledger-labs/mirbft/orderer.(*pbftInstance).processSerializedMessages()
      /opt/gopath/src/github.com/hyperledger-labs/mirbft/orderer/pbftinstance.go:1814 +0xdb
  github.com/hyperledger-labs/mirbft/orderer.(*PbftOrderer).runSegment·dwrap·12()
      /opt/gopath/src/github.com/hyperledger-labs/mirbft/orderer/pbftorderer.go:199 +0x39

Previous read at 0x00c006d08130 by goroutine 418:
  github.com/hyperledger-labs/mirbft/orderer.(*pbftInstance).sendCommit()
      /opt/gopath/src/github.com/hyperledger-labs/mirbft/orderer/pbftinstance.go:601 +0xa51
  github.com/hyperledger-labs/mirbft/orderer.(*pbftInstance).handlePrepare()
      /opt/gopath/src/github.com/hyperledger-labs/mirbft/orderer/pbftinstance.go:526 +0x69a
  github.com/hyperledger-labs/mirbft/orderer.(*pbftInstance).handleMessage()
      /opt/gopath/src/github.com/hyperledger-labs/mirbft/orderer/pbftinstance.go:1851 +0x2d4
  github.com/hyperledger-labs/mirbft/orderer.(*pbftInstance).processSerializedMessages()
      /opt/gopath/src/github.com/hyperledger-labs/mirbft/orderer/pbftinstance.go:1814 +0xdb
  github.com/hyperledger-labs/mirbft/orderer.(*PbftOrderer).runSegment·dwrap·12()
      /opt/gopath/src/github.com/hyperledger-labs/mirbft/orderer/pbftorderer.go:199 +0x39

Goroutine 423 (running) created at:
  github.com/hyperledger-labs/mirbft/orderer.(*PbftOrderer).runSegment()
      /opt/gopath/src/github.com/hyperledger-labs/mirbft/orderer/pbftorderer.go:199 +0x3f0
  github.com/hyperledger-labs/mirbft/orderer.(*PbftOrderer).Start()
      /opt/gopath/src/github.com/hyperledger-labs/mirbft/orderer/pbftorderer.go:176 +0x355
  main.main·dwrap·5()
      /opt/gopath/src/github.com/hyperledger-labs/mirbft/cmd/orderingpeer/main.go:169 +0x59

Goroutine 418 (running) created at:
  github.com/hyperledger-labs/mirbft/orderer.(*PbftOrderer).runSegment()
      /opt/gopath/src/github.com/hyperledger-labs/mirbft/orderer/pbftorderer.go:199 +0x3f0
  github.com/hyperledger-labs/mirbft/orderer.(*PbftOrderer).Start()
      /opt/gopath/src/github.com/hyperledger-labs/mirbft/orderer/pbftorderer.go:176 +0x355
  main.main·dwrap·5()
      /opt/gopath/src/github.com/hyperledger-labs/mirbft/cmd/orderingpeer/main.go:169 +0x59
==================
panic: assignment to entry in nil map

goroutine 705 [running]:
github.com/hyperledger-labs/mirbft/orderer.(*pbftInstance).handleHtnmsg(0xc006d440b0, 0xc0068a84c0, 0xc0068a8440)
	/opt/gopath/src/github.com/hyperledger-labs/mirbft/orderer/pbftinstance.go:625 +0x2e9
github.com/hyperledger-labs/mirbft/orderer.(*pbftInstance).handleMessage(0xc006d440b0, 0xc0068a8480)
	/opt/gopath/src/github.com/hyperledger-labs/mirbft/orderer/pbftinstance.go:1870 +0x545
github.com/hyperledger-labs/mirbft/orderer.(*pbftInstance).processSerializedMessages(0xc006d440b0)
	/opt/gopath/src/github.com/hyperledger-labs/mirbft/orderer/pbftinstance.go:1814 +0xdc
created by github.com/hyperledger-labs/mirbft/orderer.(*PbftOrderer).runSegment
	/opt/gopath/src/github.com/hyperledger-labs/mirbft/orderer/pbftorderer.go:199 +0x3f1
