{"level":"debug","Logging":"debug","time":"2022-08-17T11:35:55+08:00","message":"Config"}
{"level":"debug","UseTLS":false,"time":"2022-08-17T11:35:55+08:00","message":"Config"}
{"level":"debug","CACertFile":"tls-data/ca.pem","time":"2022-08-17T11:35:55+08:00","message":"Config"}
{"level":"debug","KeyFile":"tls-data/auth.key","time":"2022-08-17T11:35:55+08:00","message":"Config"}
{"level":"debug","CertFile":"tls-data/auth.pem","time":"2022-08-17T11:35:55+08:00","message":"Config"}
{"level":"debug","PriorityConnections":2,"time":"2022-08-17T11:35:55+08:00","message":"Config"}
{"level":"debug","BasicConnections":4,"time":"2022-08-17T11:35:55+08:00","message":"Config"}
{"level":"debug","TestConnections":false,"time":"2022-08-17T11:35:55+08:00","message":"Config"}
{"level":"debug","ExcessConnections":1,"time":"2022-08-17T11:35:55+08:00","message":"Config"}
{"level":"debug","ConnectionTestMsgs":4,"time":"2022-08-17T11:35:55+08:00","message":"Config"}
{"level":"debug","ConnectionTestPayload":131072,"time":"2022-08-17T11:35:55+08:00","message":"Config"}
{"level":"debug","OutMessageBufsize":1024,"time":"2022-08-17T11:35:55+08:00","message":"Config"}
{"level":"debug","OutMessageBufsize":1,"time":"2022-08-17T11:35:55+08:00","message":"Config"}
{"level":"debug","ThroughputCap":131072000,"time":"2022-08-17T11:35:55+08:00","message":"Config"}
{"level":"debug","StragglerTolerance":1000,"time":"2022-08-17T11:35:55+08:00","message":"Config"}
{"level":"debug","BatchSizeIncrement":256,"time":"2022-08-17T11:35:55+08:00","message":"Config"}
{"level":"debug","Orderer":"Pbft","time":"2022-08-17T11:35:55+08:00","message":"Config"}
{"level":"debug","Manager":"Mir","time":"2022-08-17T11:35:55+08:00","message":"Config"}
{"level":"debug","Failures":2,"time":"2022-08-17T11:35:55+08:00","message":"Config"}
{"level":"debug","CrashTiming":"Straggler","time":"2022-08-17T11:35:55+08:00","message":"Config"}
{"level":"debug","CheckpointInterval":256,"time":"2022-08-17T11:35:55+08:00","message":"Config"}
{"level":"debug","WatermarkWindowSize":256,"time":"2022-08-17T11:35:55+08:00","message":"Config"}
{"level":"debug","EpochLength":256,"time":"2022-08-17T11:35:55+08:00","message":"Config"}
{"level":"debug","SegmentLength":64,"time":"2022-08-17T11:35:55+08:00","message":"Config"}
{"level":"debug","WaitForCheckpoints":true,"time":"2022-08-17T11:35:55+08:00","message":"Config"}
{"level":"debug","ClientWatermarkWindowSize":4194304,"time":"2022-08-17T11:35:55+08:00","message":"Config"}
{"level":"debug","ClientRequestBacklogSize":4194304,"time":"2022-08-17T11:35:55+08:00","message":"Config"}
{"level":"debug","RandomSeed":2670,"time":"2022-08-17T11:35:55+08:00","message":"Config"}
{"level":"debug","NodeToLeaderRatio":1,"time":"2022-08-17T11:35:55+08:00","message":"Config"}
{"level":"debug","LeaderPolicy":"SimulatedRandomFailures","time":"2022-08-17T11:35:55+08:00","message":"Config"}
{"level":"debug","DefaultLeaderBan":2,"time":"2022-08-17T11:35:55+08:00","message":"Config"}
{"level":"debug","NumBuckets":64,"time":"2022-08-17T11:35:55+08:00","message":"Config"}
{"level":"debug","BatchSize":1000,"time":"2022-08-17T11:35:55+08:00","message":"Config"}
{"level":"debug","DisabledViewChange":false,"time":"2022-08-17T11:35:55+08:00","message":"Config"}
{"level":"debug","ViewChangeTimeout":60000,"time":"2022-08-17T11:35:55+08:00","message":"Config"}
{"level":"debug","ClientTraceSampling":10,"time":"2022-08-17T11:35:55+08:00","message":"Config"}
{"level":"debug","EventBufferSize":2097152,"time":"2022-08-17T11:35:55+08:00","message":"Config"}
{"level":"debug","TraceSampling":1,"time":"2022-08-17T11:35:55+08:00","message":"Config"}
{"level":"debug","ClientsPerProcess":1,"time":"2022-08-17T11:35:55+08:00","message":"Config"}
{"level":"debug","RequestsPerClient":7680,"time":"2022-08-17T11:35:55+08:00","message":"Config"}
{"level":"debug","ClientRunTime":30000,"time":"2022-08-17T11:35:55+08:00","message":"Config"}
{"level":"debug","RequestRate":128,"time":"2022-08-17T11:35:55+08:00","message":"Config"}
{"level":"debug","HardRequestRateLimit":false,"time":"2022-08-17T11:35:55+08:00","message":"Config"}
{"level":"debug","RequestPayloadSize":500,"time":"2022-08-17T11:35:55+08:00","message":"Config"}
{"level":"debug","SignRequests":true,"time":"2022-08-17T11:35:55+08:00","message":"Config"}
{"level":"debug","ClientPrivKeyFile":"tls-data/client-ecdsa-256.key","time":"2022-08-17T11:35:55+08:00","message":"Config"}
{"level":"debug","ClientPubKeyFile":"tls-data/client-ecdsa-256.pem","time":"2022-08-17T11:35:55+08:00","message":"Config"}
{"level":"debug","PrecomputeRequests":false,"time":"2022-08-17T11:35:55+08:00","message":"Config"}
{"level":"debug","RequestHandlerThreads":32,"time":"2022-08-17T11:35:55+08:00","message":"Config"}
{"level":"debug","RequestInputChannelBuffer":8192,"time":"2022-08-17T11:35:55+08:00","message":"Config"}
{"level":"debug","BatchVerifier":"external","time":"2022-08-17T11:35:55+08:00","message":"Config"}
03:35:55.826 INF Registered with discovery server. numPeers=4 ownID=1
03:35:55.826 INF Profiling enabled.
03:35:55.826 INF Setting up profiling.
03:35:55.827 INF Started Profiler: CPU
03:35:55.827 INF Started Profiler: BLOCK
03:35:55.827 INF Started Profiler: MUTEX
03:35:55.827 INF Profiler will stop on signal. exit=true
03:35:55.829 INF Tracing will stop on signal. exit=false
03:35:55.830 INF Started tracing. traceFile=experiment-output/0002/slave-003/peer.trc
03:35:55.830 DBG Starting backlog.
03:35:55.830 INF Listening for connections. port=10011 useTLS=false
03:35:55.831 INF Connecting to peer. addr=127.0.0.1:10022 basicConns=4 priorityConns=2
03:35:55.831 INF Connecting to peer. addr=127.0.0.1:10011 basicConns=4 priorityConns=2
03:35:55.831 INF Connecting to peer. addr=127.0.0.1:10000 basicConns=4 priorityConns=2
03:35:55.831 INF Connecting to peer. addr=127.0.0.1:10033 basicConns=4 priorityConns=2
03:35:55.854 INF Incoming connection for protocol messages. addr=127.0.0.1:36852
03:35:55.856 INF Incoming connection for protocol messages. addr=127.0.0.1:36864
03:35:55.856 INF Incoming connection for protocol messages. addr=127.0.0.1:36812
03:35:55.858 INF Incoming connection for protocol messages. addr=127.0.0.1:36836
03:35:55.858 INF Incoming connection for protocol messages. addr=127.0.0.1:36788
03:35:55.858 INF Incoming connection for protocol messages. addr=127.0.0.1:36882
03:35:55.858 INF Incoming connection for protocol messages. addr=127.0.0.1:36834
03:35:55.858 INF Incoming connection for protocol messages. addr=127.0.0.1:36880
03:35:55.860 INF Incoming connection for protocol messages. addr=127.0.0.1:36890
03:35:55.861 INF Incoming connection for protocol messages. addr=127.0.0.1:36884
03:35:55.861 INF Incoming connection for protocol messages. addr=127.0.0.1:36892
03:35:55.862 INF Incoming connection for protocol messages. addr=127.0.0.1:36906
03:35:55.862 INF Incoming connection for protocol messages. addr=127.0.0.1:36908
03:35:55.862 INF Incoming connection for protocol messages. addr=127.0.0.1:36904
03:35:55.864 INF Incoming connection for protocol messages. addr=127.0.0.1:36910
03:35:55.864 INF Incoming connection for protocol messages. addr=127.0.0.1:36922
03:35:55.865 INF Incoming connection for protocol messages. addr=127.0.0.1:36940
03:35:55.865 INF Incoming connection for protocol messages. addr=127.0.0.1:36926
03:35:55.866 INF Incoming connection for protocol messages. addr=127.0.0.1:36932
03:35:55.866 INF Incoming connection for protocol messages. addr=127.0.0.1:36928
03:35:55.866 DBG Connected. peerID=1
03:35:55.867 DBG Connected. peerID=0
03:35:55.867 INF Incoming connection for protocol messages. addr=127.0.0.1:36944
03:35:55.868 INF Incoming connection for protocol messages. addr=127.0.0.1:36950
03:35:55.868 INF Incoming connection for protocol messages. addr=127.0.0.1:36962
03:35:55.868 DBG Connected. peerID=2
03:35:55.868 INF Incoming connection for protocol messages. addr=127.0.0.1:36968
03:35:55.870 DBG Connected. peerID=3
03:35:55.870 INF Connected to all peers.
03:35:55.876 INF All peers finished connecting. Starting ISS.
03:35:55.877 DBG Buckets for 0-th leader 0: [0 4 8 12 16 20 24 28 32 36 40 44 48 52 56 60 2 6 10 14 18 22 26 30 34 38 42 46 50 54 58 62]
03:35:55.877 DBG Buckets for 1-th leader 1: [1 5 9 13 17 21 25 29 33 37 41 45 49 53 57 61 3 7 11 15 19 23 27 31 35 39 43 47 51 55 59 63]
03:35:55.877 INF PbftOrderer received a new segment: [0 2 4 6 8 10 12 14 16 18 20 22 24 26 28 30 32 34 36 38 40 42 44 46 48 50 52 54 56 58 60 62 64 66 68 70 72 74 76 78 80 82 84 86 88 90 92 94 96 98 100 102 104 106 108 110 112 114 116 118 120 122 124 126] first leader=0 firstSN=0 lastSN=126 len=64 length=64 segId=0
03:35:55.877 INF Starting new view. segID=0 timeout=60000 view=0
03:35:55.878 DBG Starting timer. sn=0 view=0
03:35:55.878 INF Starting PBFT instance. first=0 last=126 segID=0
03:35:55.878 DBG Subscribing to backlog. segID=0
03:35:55.878 INF Starting serialized message processing. segID=0
03:35:55.878 INF PbftOrderer received a new segment: [1 3 5 7 9 11 13 15 17 19 21 23 25 27 29 31 33 35 37 39 41 43 45 47 49 51 53 55 57 59 61 63 65 67 69 71 73 75 77 79 81 83 85 87 89 91 93 95 97 99 101 103 105 107 109 111 113 115 117 119 121 123 125 127] first leader=1 firstSN=1 lastSN=127 len=64 length=64 segId=1
03:35:55.879 INF Starting new view. segID=1 timeout=60000 view=0
03:35:55.879 DBG Starting timer. sn=1 view=0
03:35:55.879 INF Starting PBFT instance. first=1 last=127 segID=1
03:35:55.879 DBG Subscribing to backlog. segID=1
03:35:55.879 DBG Leading segment. segID=1
03:35:55.879 INF Starting serialized message processing. segID=1
03:35:55.879 DBG Waiting for batch. batchSize=4096
03:35:55.901 INF Connection terminated. error="rpc error: code = Canceled desc = context canceled" address=127.0.0.1:36968
03:35:55.902 INF Connection terminated. error="rpc error: code = Canceled desc = context canceled" address=127.0.0.1:36962
03:35:55.902 INF Connection terminated. error="rpc error: code = Canceled desc = context canceled" address=127.0.0.1:36906
03:35:55.902 INF Connection terminated. error="rpc error: code = Canceled desc = context canceled" address=127.0.0.1:36834
03:35:55.902 INF Connection terminated. error="rpc error: code = Canceled desc = context canceled" address=127.0.0.1:36940
03:35:55.902 INF Connection terminated. error="rpc error: code = Canceled desc = context canceled" address=127.0.0.1:36812
03:35:55.902 INF Connection terminated. error="rpc error: code = Canceled desc = context canceled" address=127.0.0.1:36836
03:35:55.902 INF Connection terminated. error="rpc error: code = Canceled desc = context canceled" address=127.0.0.1:36950
03:35:55.902 INF Connection terminated. error="rpc error: code = Canceled desc = context canceled" address=127.0.0.1:36892
03:35:55.901 INF Connection terminated. error="rpc error: code = Canceled desc = context canceled" address=127.0.0.1:36932
03:35:55.902 INF Connection terminated. error="rpc error: code = Canceled desc = context canceled" address=127.0.0.1:36908
03:35:55.902 INF Connection terminated. error="rpc error: code = Canceled desc = context canceled" address=127.0.0.1:36904
03:35:56.880 DBG Batch ready. batchSize=4096
03:35:56.880 DBG Batch cut. left=0 nBuckets=32 nReq=0 next=0
03:35:56.880 INF Sending PREPREPARE. nReq=0 senderID=1 sn=1 view=0
03:35:56.880 DBG Waiting for batch. batchSize=4096
03:35:56.883 ERR Failed to send protocol message. Dropping all future outgoing protocol messages. error=EOF
03:35:56.883 INF Handling PREPREPARE. nReq=0 senderID=0 sn=0
03:35:56.884 DBG Creating new Batch. nReq=0
03:35:56.884 ERR Failed to send protocol message. Dropping all future outgoing protocol messages. error=EOF
03:35:56.884 DBG Sending PREPARE. senderID=1 sn=0 view=0
03:35:57.881 DBG Batch ready. batchSize=4096
03:35:57.881 DBG Batch cut. left=0 nBuckets=32 nReq=0 next=0
03:35:57.882 INF Sending PREPREPARE. nReq=0 senderID=1 sn=3 view=0
03:35:57.882 DBG Waiting for batch. batchSize=4096
03:35:57.882 INF Handling PREPREPARE. nReq=0 senderID=0 sn=2
03:35:57.882 DBG Creating new Batch. nReq=0
03:35:57.882 DBG Sending PREPARE. senderID=1 sn=2 view=0
03:35:57.911 INF Incoming connection for requests. addr=127.0.0.1:36986
03:35:58.883 DBG Batch ready. batchSize=4096
03:35:58.884 DBG Batch cut. left=0 nBuckets=32 nReq=61 next=0
03:35:58.885 DBG Waiting for batch. batchSize=4096
03:35:58.887 INF Sending PREPREPARE. nReq=61 senderID=1 sn=5 view=0
03:35:58.890 INF Handling PREPREPARE. nReq=62 senderID=0 sn=4
03:35:58.890 DBG Creating new Batch. nReq=62
03:35:58.896 DBG Sending PREPARE. senderID=1 sn=4 view=0
03:35:59.885 DBG Batch ready. batchSize=4096
03:35:59.885 DBG Batch cut. left=0 nBuckets=32 nReq=65 next=0
03:35:59.886 DBG Waiting for batch. batchSize=4096
03:35:59.887 INF Sending PREPREPARE. nReq=65 senderID=1 sn=7 view=0
03:35:59.892 INF Handling PREPREPARE. nReq=64 senderID=0 sn=6
03:35:59.892 DBG Creating new Batch. nReq=64
03:35:59.897 DBG Sending PREPARE. senderID=1 sn=6 view=0
03:36:00.886 DBG Batch ready. batchSize=4096
03:36:00.886 DBG Batch cut. left=0 nBuckets=32 nReq=64 next=0
03:36:00.887 DBG Waiting for batch. batchSize=4096
03:36:00.888 INF Sending PREPREPARE. nReq=64 senderID=1 sn=9 view=0
03:36:00.893 INF Handling PREPREPARE. nReq=64 senderID=0 sn=8
03:36:00.893 DBG Creating new Batch. nReq=64
03:36:00.899 DBG Sending PREPARE. senderID=1 sn=8 view=0
03:36:01.888 DBG Batch ready. batchSize=4096
03:36:01.889 DBG Batch cut. left=0 nBuckets=32 nReq=64 next=0
03:36:01.890 DBG Waiting for batch. batchSize=4096
03:36:01.890 INF Sending PREPREPARE. nReq=64 senderID=1 sn=11 view=0
03:36:01.895 INF Handling PREPREPARE. nReq=64 senderID=0 sn=10
03:36:01.895 DBG Creating new Batch. nReq=64
03:36:01.901 DBG Sending PREPARE. senderID=1 sn=10 view=0
03:36:02.890 DBG Batch ready. batchSize=4096
03:36:02.891 DBG Batch cut. left=0 nBuckets=32 nReq=64 next=0
03:36:02.891 DBG Waiting for batch. batchSize=4096
03:36:02.892 INF Sending PREPREPARE. nReq=64 senderID=1 sn=13 view=0
03:36:02.896 INF Handling PREPREPARE. nReq=64 senderID=0 sn=12
03:36:02.897 DBG Creating new Batch. nReq=64
03:36:02.902 DBG Sending PREPARE. senderID=1 sn=12 view=0
03:36:03.893 DBG Batch ready. batchSize=4096
03:36:03.893 DBG Batch cut. left=0 nBuckets=32 nReq=64 next=0
03:36:03.894 DBG Waiting for batch. batchSize=4096
03:36:03.895 INF Sending PREPREPARE. nReq=64 senderID=1 sn=15 view=0
03:36:03.899 INF Handling PREPREPARE. nReq=65 senderID=0 sn=14
03:36:03.899 DBG Creating new Batch. nReq=65
03:36:03.905 DBG Sending PREPARE. senderID=1 sn=14 view=0
03:36:04.895 DBG Batch ready. batchSize=4096
03:36:04.895 DBG Batch cut. left=0 nBuckets=32 nReq=64 next=0
03:36:04.896 DBG Waiting for batch. batchSize=4096
03:36:04.897 INF Sending PREPREPARE. nReq=64 senderID=1 sn=17 view=0
03:36:04.900 INF Handling PREPREPARE. nReq=64 senderID=0 sn=16
03:36:04.901 DBG Creating new Batch. nReq=64
03:36:04.906 DBG Sending PREPARE. senderID=1 sn=16 view=0
03:36:05.896 DBG Batch ready. batchSize=4096
03:36:05.897 DBG Batch cut. left=0 nBuckets=32 nReq=64 next=0
03:36:05.897 DBG Waiting for batch. batchSize=4096
03:36:05.898 INF Sending PREPREPARE. nReq=64 senderID=1 sn=19 view=0
03:36:05.901 INF Handling PREPREPARE. nReq=64 senderID=0 sn=18
03:36:05.902 DBG Creating new Batch. nReq=64
03:36:05.907 DBG Sending PREPARE. senderID=1 sn=18 view=0
03:36:06.898 DBG Batch ready. batchSize=4096
03:36:06.898 DBG Batch cut. left=0 nBuckets=32 nReq=64 next=0
03:36:06.898 DBG Waiting for batch. batchSize=4096
03:36:06.900 INF Sending PREPREPARE. nReq=64 senderID=1 sn=21 view=0
03:36:06.903 INF Handling PREPREPARE. nReq=64 senderID=0 sn=20
03:36:06.904 DBG Creating new Batch. nReq=64
03:36:06.909 DBG Sending PREPARE. senderID=1 sn=20 view=0
03:36:07.899 DBG Batch ready. batchSize=4096
03:36:07.900 DBG Batch cut. left=0 nBuckets=32 nReq=65 next=0
03:36:07.900 DBG Waiting for batch. batchSize=4096
03:36:07.901 INF Sending PREPREPARE. nReq=65 senderID=1 sn=23 view=0
03:36:07.905 INF Handling PREPREPARE. nReq=64 senderID=0 sn=22
03:36:07.905 DBG Creating new Batch. nReq=64
03:36:07.911 DBG Sending PREPARE. senderID=1 sn=22 view=0
03:36:08.901 DBG Batch ready. batchSize=4096
03:36:08.902 DBG Batch cut. left=0 nBuckets=32 nReq=64 next=0
03:36:08.902 DBG Waiting for batch. batchSize=4096
03:36:08.903 INF Sending PREPREPARE. nReq=64 senderID=1 sn=25 view=0
03:36:08.907 INF Handling PREPREPARE. nReq=64 senderID=0 sn=24
03:36:08.907 DBG Creating new Batch. nReq=64
03:36:08.912 DBG Sending PREPARE. senderID=1 sn=24 view=0
03:36:09.903 DBG Batch ready. batchSize=4096
03:36:09.904 DBG Batch cut. left=0 nBuckets=32 nReq=64 next=0
03:36:09.904 DBG Waiting for batch. batchSize=4096
03:36:09.905 INF Sending PREPREPARE. nReq=64 senderID=1 sn=27 view=0
03:36:09.908 INF Handling PREPREPARE. nReq=64 senderID=0 sn=26
03:36:09.908 DBG Creating new Batch. nReq=64
03:36:09.914 DBG Sending PREPARE. senderID=1 sn=26 view=0
03:36:10.905 DBG Batch ready. batchSize=4096
03:36:10.906 DBG Batch cut. left=0 nBuckets=32 nReq=64 next=0
03:36:10.906 DBG Waiting for batch. batchSize=4096
03:36:10.907 INF Sending PREPREPARE. nReq=64 senderID=1 sn=29 view=0
03:36:10.910 INF Handling PREPREPARE. nReq=64 senderID=0 sn=28
03:36:10.910 DBG Creating new Batch. nReq=64
03:36:10.916 DBG Sending PREPARE. senderID=1 sn=28 view=0
03:36:11.907 DBG Batch ready. batchSize=4096
03:36:11.907 DBG Batch cut. left=0 nBuckets=32 nReq=64 next=0
03:36:11.908 DBG Waiting for batch. batchSize=4096
03:36:11.909 INF Sending PREPREPARE. nReq=64 senderID=1 sn=31 view=0
03:36:11.911 INF Handling PREPREPARE. nReq=64 senderID=0 sn=30
03:36:11.911 DBG Creating new Batch. nReq=64
03:36:11.917 DBG Sending PREPARE. senderID=1 sn=30 view=0
03:36:12.909 DBG Batch ready. batchSize=4096
03:36:12.909 DBG Batch cut. left=0 nBuckets=32 nReq=64 next=0
03:36:12.909 DBG Waiting for batch. batchSize=4096
03:36:12.910 INF Sending PREPREPARE. nReq=64 senderID=1 sn=33 view=0
03:36:12.913 INF Handling PREPREPARE. nReq=64 senderID=0 sn=32
03:36:12.913 DBG Creating new Batch. nReq=64
03:36:12.919 DBG Sending PREPARE. senderID=1 sn=32 view=0
03:36:13.911 DBG Batch ready. batchSize=4096
03:36:13.911 DBG Batch cut. left=0 nBuckets=32 nReq=64 next=0
03:36:13.911 DBG Waiting for batch. batchSize=4096
03:36:13.912 INF Sending PREPREPARE. nReq=64 senderID=1 sn=35 view=0
03:36:13.915 INF Handling PREPREPARE. nReq=65 senderID=0 sn=34
03:36:13.915 DBG Creating new Batch. nReq=65
03:36:13.920 DBG Sending PREPARE. senderID=1 sn=34 view=0
03:36:14.913 DBG Batch ready. batchSize=4096
03:36:14.913 DBG Batch cut. left=0 nBuckets=32 nReq=64 next=0
03:36:14.914 DBG Waiting for batch. batchSize=4096
03:36:14.915 INF Sending PREPREPARE. nReq=64 senderID=1 sn=37 view=0
03:36:14.916 INF Handling PREPREPARE. nReq=64 senderID=0 sn=36
03:36:14.916 DBG Creating new Batch. nReq=64
03:36:14.922 DBG Sending PREPARE. senderID=1 sn=36 view=0
03:36:15.914 DBG Batch ready. batchSize=4096
03:36:15.915 DBG Batch cut. left=0 nBuckets=32 nReq=65 next=0
03:36:15.915 DBG Waiting for batch. batchSize=4096
03:36:15.916 INF Sending PREPREPARE. nReq=65 senderID=1 sn=39 view=0
03:36:15.918 INF Handling PREPREPARE. nReq=64 senderID=0 sn=38
03:36:15.918 DBG Creating new Batch. nReq=64
03:36:15.924 DBG Sending PREPARE. senderID=1 sn=38 view=0
03:36:16.916 DBG Batch ready. batchSize=4096
03:36:16.916 DBG Batch cut. left=0 nBuckets=32 nReq=64 next=0
03:36:16.916 DBG Waiting for batch. batchSize=4096
03:36:16.918 INF Sending PREPREPARE. nReq=64 senderID=1 sn=41 view=0
03:36:16.920 INF Handling PREPREPARE. nReq=64 senderID=0 sn=40
03:36:16.920 DBG Creating new Batch. nReq=64
03:36:16.926 DBG Sending PREPARE. senderID=1 sn=40 view=0
03:36:17.918 DBG Batch ready. batchSize=4096
03:36:17.918 DBG Batch cut. left=0 nBuckets=32 nReq=64 next=0
03:36:17.918 DBG Waiting for batch. batchSize=4096
03:36:17.920 INF Sending PREPREPARE. nReq=64 senderID=1 sn=43 view=0
03:36:17.922 INF Handling PREPREPARE. nReq=64 senderID=0 sn=42
03:36:17.922 DBG Creating new Batch. nReq=64
03:36:17.928 DBG Sending PREPARE. senderID=1 sn=42 view=0
03:36:18.920 DBG Batch ready. batchSize=4096
03:36:18.920 DBG Batch cut. left=0 nBuckets=32 nReq=64 next=0
03:36:18.921 DBG Waiting for batch. batchSize=4096
03:36:18.922 INF Sending PREPREPARE. nReq=64 senderID=1 sn=45 view=0
03:36:18.923 INF Handling PREPREPARE. nReq=64 senderID=0 sn=44
03:36:18.923 DBG Creating new Batch. nReq=64
03:36:18.929 DBG Sending PREPARE. senderID=1 sn=44 view=0
03:36:19.921 DBG Batch ready. batchSize=4096
03:36:19.922 DBG Batch cut. left=0 nBuckets=32 nReq=64 next=0
03:36:19.922 DBG Waiting for batch. batchSize=4096
03:36:19.923 INF Sending PREPREPARE. nReq=64 senderID=1 sn=47 view=0
03:36:19.925 INF Handling PREPREPARE. nReq=64 senderID=0 sn=46
03:36:19.925 DBG Creating new Batch. nReq=64
03:36:19.931 DBG Sending PREPARE. senderID=1 sn=46 view=0
03:36:20.923 DBG Batch ready. batchSize=4096
03:36:20.924 DBG Batch cut. left=0 nBuckets=32 nReq=64 next=0
03:36:20.924 DBG Waiting for batch. batchSize=4096
03:36:20.925 INF Sending PREPREPARE. nReq=64 senderID=1 sn=49 view=0
03:36:20.926 INF Handling PREPREPARE. nReq=64 senderID=0 sn=48
03:36:20.926 DBG Creating new Batch. nReq=64
03:36:20.932 DBG Sending PREPARE. senderID=1 sn=48 view=0
03:36:21.925 DBG Batch ready. batchSize=4096
03:36:21.925 DBG Batch cut. left=0 nBuckets=32 nReq=64 next=0
03:36:21.926 DBG Waiting for batch. batchSize=4096
03:36:21.927 INF Sending PREPREPARE. nReq=64 senderID=1 sn=51 view=0
03:36:21.928 INF Handling PREPREPARE. nReq=64 senderID=0 sn=50
03:36:21.928 DBG Creating new Batch. nReq=64
03:36:21.933 DBG Sending PREPARE. senderID=1 sn=50 view=0
03:36:22.926 DBG Batch ready. batchSize=4096
03:36:22.927 DBG Batch cut. left=0 nBuckets=32 nReq=64 next=0
03:36:22.927 DBG Waiting for batch. batchSize=4096
03:36:22.928 INF Sending PREPREPARE. nReq=64 senderID=1 sn=53 view=0
03:36:22.929 INF Handling PREPREPARE. nReq=65 senderID=0 sn=52
03:36:22.930 DBG Creating new Batch. nReq=65
03:36:22.935 DBG Sending PREPARE. senderID=1 sn=52 view=0
03:36:23.928 DBG Batch ready. batchSize=4096
03:36:23.928 DBG Batch cut. left=0 nBuckets=32 nReq=64 next=0
03:36:23.928 DBG Waiting for batch. batchSize=4096
03:36:23.930 INF Sending PREPREPARE. nReq=64 senderID=1 sn=55 view=0
03:36:23.930 INF Handling PREPREPARE. nReq=64 senderID=0 sn=54
03:36:23.931 DBG Creating new Batch. nReq=64
03:36:23.937 DBG Sending PREPARE. senderID=1 sn=54 view=0
03:36:24.929 DBG Batch ready. batchSize=4096
03:36:24.930 DBG Batch cut. left=0 nBuckets=32 nReq=65 next=0
03:36:24.930 DBG Waiting for batch. batchSize=4096
03:36:24.931 INF Sending PREPREPARE. nReq=65 senderID=1 sn=57 view=0
03:36:24.932 INF Handling PREPREPARE. nReq=64 senderID=0 sn=56
03:36:24.933 DBG Creating new Batch. nReq=64
03:36:24.939 DBG Sending PREPARE. senderID=1 sn=56 view=0
03:36:25.931 DBG Batch ready. batchSize=4096
03:36:25.932 DBG Batch cut. left=0 nBuckets=32 nReq=64 next=0
03:36:25.932 DBG Waiting for batch. batchSize=4096
03:36:25.933 INF Sending PREPREPARE. nReq=64 senderID=1 sn=59 view=0
03:36:25.934 INF Handling PREPREPARE. nReq=64 senderID=0 sn=58
03:36:25.934 DBG Creating new Batch. nReq=64
03:36:25.940 DBG Sending PREPARE. senderID=1 sn=58 view=0
03:36:26.933 DBG Batch ready. batchSize=4096
03:36:26.934 DBG Batch cut. left=0 nBuckets=32 nReq=64 next=0
03:36:26.934 DBG Waiting for batch. batchSize=4096
03:36:26.935 INF Sending PREPREPARE. nReq=64 senderID=1 sn=61 view=0
03:36:26.935 INF Handling PREPREPARE. nReq=64 senderID=0 sn=60
03:36:26.935 DBG Creating new Batch. nReq=64
03:36:26.941 DBG Sending PREPARE. senderID=1 sn=60 view=0
03:36:27.935 DBG Batch ready. batchSize=4096
03:36:27.935 DBG Batch cut. left=0 nBuckets=32 nReq=64 next=0
03:36:27.935 DBG Waiting for batch. batchSize=4096
03:36:27.936 INF Sending PREPREPARE. nReq=64 senderID=1 sn=63 view=0
03:36:27.937 INF Handling PREPREPARE. nReq=64 senderID=0 sn=62
03:36:27.937 DBG Creating new Batch. nReq=64
03:36:27.943 DBG Sending PREPARE. senderID=1 sn=62 view=0
03:36:28.932 INF Handling PREPREPARE. nReq=0 senderID=0 sn=64
03:36:28.932 DBG Creating new Batch. nReq=0
03:36:28.932 DBG Sending PREPARE. senderID=1 sn=64 view=0
03:36:28.936 DBG Batch ready. batchSize=4096
03:36:28.936 DBG Batch cut. left=0 nBuckets=32 nReq=0 next=0
03:36:28.936 DBG Waiting for batch. batchSize=4096
03:36:28.936 INF Sending PREPREPARE. nReq=0 senderID=1 sn=65 view=0
03:36:29.934 INF Handling PREPREPARE. nReq=0 senderID=0 sn=66
03:36:29.934 DBG Creating new Batch. nReq=0
03:36:29.934 DBG Sending PREPARE. senderID=1 sn=66 view=0
03:36:29.938 DBG Batch ready. batchSize=4096
03:36:29.938 DBG Batch cut. left=0 nBuckets=32 nReq=0 next=0
03:36:29.938 DBG Waiting for batch. batchSize=4096
03:36:29.938 INF Sending PREPREPARE. nReq=0 senderID=1 sn=67 view=0
03:36:30.939 DBG Batch ready. batchSize=4096
03:36:30.955 DBG Batch cut. left=0 nBuckets=32 nReq=0 next=0
03:36:30.955 DBG Waiting for batch. batchSize=4096
03:36:30.955 INF Sending PREPREPARE. nReq=0 senderID=1 sn=69 view=0
03:36:30.955 INF Handling PREPREPARE. nReq=0 senderID=0 sn=68
03:36:30.956 DBG Creating new Batch. nReq=0
03:36:30.956 DBG Sending PREPARE. senderID=1 sn=68 view=0
03:36:31.956 DBG Batch ready. batchSize=4096
03:36:31.957 DBG Batch cut. left=0 nBuckets=32 nReq=0 next=0
03:36:31.957 DBG Waiting for batch. batchSize=4096
03:36:31.957 INF Sending PREPREPARE. nReq=0 senderID=1 sn=71 view=0
03:36:31.957 INF Handling PREPREPARE. nReq=0 senderID=0 sn=70
03:36:31.957 DBG Creating new Batch. nReq=0
03:36:31.957 DBG Sending PREPARE. senderID=1 sn=70 view=0
03:36:32.958 DBG Batch ready. batchSize=4096
03:36:32.958 DBG Batch cut. left=0 nBuckets=32 nReq=0 next=0
03:36:32.958 INF Sending PREPREPARE. nReq=0 senderID=1 sn=73 view=0
03:36:32.958 DBG Waiting for batch. batchSize=4096
03:36:32.958 INF Handling PREPREPARE. nReq=0 senderID=0 sn=72
03:36:32.959 DBG Creating new Batch. nReq=0
03:36:32.959 DBG Sending PREPARE. senderID=1 sn=72 view=0
03:36:33.959 DBG Batch ready. batchSize=4096
03:36:33.959 DBG Batch cut. left=0 nBuckets=32 nReq=0 next=0
03:36:33.959 INF Sending PREPREPARE. nReq=0 senderID=1 sn=75 view=0
03:36:33.959 DBG Waiting for batch. batchSize=4096
03:36:33.960 INF Handling PREPREPARE. nReq=0 senderID=0 sn=74
03:36:33.960 DBG Creating new Batch. nReq=0
03:36:33.960 DBG Sending PREPARE. senderID=1 sn=74 view=0
03:36:34.960 DBG Batch ready. batchSize=4096
03:36:34.960 DBG Batch cut. left=0 nBuckets=32 nReq=0 next=0
03:36:34.960 INF Sending PREPREPARE. nReq=0 senderID=1 sn=77 view=0
03:36:34.961 DBG Waiting for batch. batchSize=4096
03:36:34.962 INF Handling PREPREPARE. nReq=0 senderID=0 sn=76
03:36:34.962 DBG Creating new Batch. nReq=0
03:36:34.963 DBG Sending PREPARE. senderID=1 sn=76 view=0
03:36:35.961 DBG Batch ready. batchSize=4096
03:36:35.961 DBG Batch cut. left=0 nBuckets=32 nReq=0 next=0
03:36:35.982 INF Sending PREPREPARE. nReq=0 senderID=1 sn=79 view=0
03:36:35.982 DBG Waiting for batch. batchSize=4096
03:36:35.983 INF Handling PREPREPARE. nReq=0 senderID=0 sn=78
03:36:35.983 DBG Creating new Batch. nReq=0
03:36:35.983 DBG Sending PREPARE. senderID=1 sn=78 view=0
03:36:36.983 DBG Batch ready. batchSize=4096
03:36:36.983 DBG Batch cut. left=0 nBuckets=32 nReq=0 next=0
03:36:36.984 DBG Waiting for batch. batchSize=4096
03:36:36.984 INF Sending PREPREPARE. nReq=0 senderID=1 sn=81 view=0
03:36:36.984 INF Handling PREPREPARE. nReq=0 senderID=0 sn=80
03:36:36.985 DBG Creating new Batch. nReq=0
03:36:36.985 DBG Sending PREPARE. senderID=1 sn=80 view=0
03:36:37.984 DBG Batch ready. batchSize=4096
03:36:37.984 DBG Batch cut. left=0 nBuckets=32 nReq=0 next=0
03:36:37.985 DBG Waiting for batch. batchSize=4096
03:36:37.985 INF Sending PREPREPARE. nReq=0 senderID=1 sn=83 view=0
03:36:37.986 INF Handling PREPREPARE. nReq=0 senderID=0 sn=82
03:36:37.986 DBG Creating new Batch. nReq=0
03:36:37.987 DBG Sending PREPARE. senderID=1 sn=82 view=0
03:36:38.985 DBG Batch ready. batchSize=4096
03:36:38.985 DBG Batch cut. left=0 nBuckets=32 nReq=0 next=0
03:36:38.986 INF Sending PREPREPARE. nReq=0 senderID=1 sn=85 view=0
03:36:38.986 DBG Waiting for batch. batchSize=4096
03:36:38.987 INF Handling PREPREPARE. nReq=0 senderID=0 sn=84
03:36:38.988 DBG Creating new Batch. nReq=0
03:36:38.988 DBG Sending PREPARE. senderID=1 sn=84 view=0
03:36:39.987 DBG Batch ready. batchSize=4096
03:36:39.987 DBG Batch cut. left=0 nBuckets=32 nReq=0 next=0
03:36:39.987 INF Sending PREPREPARE. nReq=0 senderID=1 sn=87 view=0
03:36:39.987 DBG Waiting for batch. batchSize=4096
03:36:39.989 INF Handling PREPREPARE. nReq=0 senderID=0 sn=86
03:36:39.989 DBG Creating new Batch. nReq=0
03:36:39.989 DBG Sending PREPARE. senderID=1 sn=86 view=0
03:36:40.988 DBG Batch ready. batchSize=4096
03:36:41.015 DBG Batch cut. left=0 nBuckets=32 nReq=0 next=0
03:36:41.015 INF Sending PREPREPARE. nReq=0 senderID=1 sn=89 view=0
03:36:41.015 DBG Waiting for batch. batchSize=4096
03:36:41.016 INF Handling PREPREPARE. nReq=0 senderID=0 sn=88
03:36:41.016 DBG Creating new Batch. nReq=0
03:36:41.016 DBG Sending PREPARE. senderID=1 sn=88 view=0
03:36:42.016 DBG Batch ready. batchSize=4096
03:36:42.017 DBG Batch cut. left=0 nBuckets=32 nReq=0 next=0
03:36:42.017 INF Sending PREPREPARE. nReq=0 senderID=1 sn=91 view=0
03:36:42.017 DBG Waiting for batch. batchSize=4096
03:36:42.017 INF Handling PREPREPARE. nReq=0 senderID=0 sn=90
03:36:42.018 DBG Creating new Batch. nReq=0
03:36:42.018 DBG Sending PREPARE. senderID=1 sn=90 view=0
03:36:43.018 DBG Batch ready. batchSize=4096
03:36:43.019 DBG Batch cut. left=0 nBuckets=32 nReq=0 next=0
03:36:43.019 DBG Waiting for batch. batchSize=4096
03:36:43.019 INF Sending PREPREPARE. nReq=0 senderID=1 sn=93 view=0
03:36:43.020 INF Handling PREPREPARE. nReq=0 senderID=0 sn=92
03:36:43.020 DBG Creating new Batch. nReq=0
03:36:43.020 DBG Sending PREPARE. senderID=1 sn=92 view=0
03:36:44.019 DBG Batch ready. batchSize=4096
03:36:44.020 DBG Batch cut. left=0 nBuckets=32 nReq=0 next=0
03:36:44.020 INF Sending PREPREPARE. nReq=0 senderID=1 sn=95 view=0
03:36:44.020 DBG Waiting for batch. batchSize=4096
03:36:44.021 INF Handling PREPREPARE. nReq=0 senderID=0 sn=94
03:36:44.022 DBG Creating new Batch. nReq=0
03:36:44.022 DBG Sending PREPARE. senderID=1 sn=94 view=0
03:36:45.021 DBG Batch ready. batchSize=4096
03:36:45.021 DBG Batch cut. left=0 nBuckets=32 nReq=0 next=0
03:36:45.022 INF Sending PREPREPARE. nReq=0 senderID=1 sn=97 view=0
03:36:45.022 DBG Waiting for batch. batchSize=4096
03:36:45.023 INF Handling PREPREPARE. nReq=0 senderID=0 sn=96
03:36:45.023 DBG Creating new Batch. nReq=0
03:36:45.023 DBG Sending PREPARE. senderID=1 sn=96 view=0
03:36:46.022 DBG Batch ready. batchSize=4096
03:36:46.023 DBG Batch cut. left=0 nBuckets=32 nReq=0 next=0
03:36:46.050 DBG Waiting for batch. batchSize=4096
03:36:46.050 INF Sending PREPREPARE. nReq=0 senderID=1 sn=99 view=0
03:36:46.051 INF Handling PREPREPARE. nReq=0 senderID=0 sn=98
03:36:46.051 DBG Creating new Batch. nReq=0
03:36:46.051 DBG Sending PREPARE. senderID=1 sn=98 view=0
03:36:47.051 DBG Batch ready. batchSize=4096
03:36:47.051 DBG Batch cut. left=0 nBuckets=32 nReq=0 next=0
03:36:47.052 INF Sending PREPREPARE. nReq=0 senderID=1 sn=101 view=0
03:36:47.052 DBG Waiting for batch. batchSize=4096
03:36:47.052 INF Handling PREPREPARE. nReq=0 senderID=0 sn=100
03:36:47.052 DBG Creating new Batch. nReq=0
03:36:47.052 DBG Sending PREPARE. senderID=1 sn=100 view=0
03:36:48.053 DBG Batch ready. batchSize=4096
03:36:48.053 INF Handling PREPREPARE. nReq=0 senderID=0 sn=102
03:36:48.053 DBG Batch cut. left=0 nBuckets=32 nReq=0 next=0
03:36:48.053 DBG Creating new Batch. nReq=0
03:36:48.053 INF Sending PREPREPARE. nReq=0 senderID=1 sn=103 view=0
03:36:48.053 DBG Sending PREPARE. senderID=1 sn=102 view=0
03:36:48.053 DBG Waiting for batch. batchSize=4096
03:36:49.054 DBG Batch ready. batchSize=4096
03:36:49.054 INF Handling PREPREPARE. nReq=0 senderID=0 sn=104
03:36:49.055 DBG Creating new Batch. nReq=0
03:36:49.055 DBG Batch cut. left=0 nBuckets=32 nReq=0 next=0
03:36:49.055 DBG Sending PREPARE. senderID=1 sn=104 view=0
03:36:49.055 INF Sending PREPREPARE. nReq=0 senderID=1 sn=105 view=0
03:36:49.055 DBG Waiting for batch. batchSize=4096
03:36:50.056 INF Handling PREPREPARE. nReq=0 senderID=0 sn=106
03:36:50.056 DBG Batch ready. batchSize=4096
03:36:50.056 DBG Creating new Batch. nReq=0
03:36:50.056 DBG Sending PREPARE. senderID=1 sn=106 view=0
03:36:50.056 DBG Batch cut. left=0 nBuckets=32 nReq=0 next=0
03:36:50.056 DBG Waiting for batch. batchSize=4096
03:36:50.056 INF Sending PREPREPARE. nReq=0 senderID=1 sn=107 view=0
03:36:51.057 INF Handling PREPREPARE. nReq=0 senderID=0 sn=108
03:36:51.057 DBG Batch ready. batchSize=4096
03:36:51.057 DBG Creating new Batch. nReq=0
03:36:51.057 DBG Sending PREPARE. senderID=1 sn=108 view=0
03:36:51.057 DBG Batch cut. left=0 nBuckets=32 nReq=0 next=0
03:36:51.057 INF Sending PREPREPARE. nReq=0 senderID=1 sn=109 view=0
03:36:51.057 DBG Waiting for batch. batchSize=4096
03:36:52.058 DBG Batch ready. batchSize=4096
03:36:52.058 INF Handling PREPREPARE. nReq=0 senderID=0 sn=110
03:36:52.058 DBG Creating new Batch. nReq=0
03:36:52.059 DBG Batch cut. left=0 nBuckets=32 nReq=0 next=0
03:36:52.059 DBG Sending PREPARE. senderID=1 sn=110 view=0
03:36:52.059 INF Sending PREPREPARE. nReq=0 senderID=1 sn=111 view=0
03:36:52.059 DBG Waiting for batch. batchSize=4096
03:36:53.059 INF Handling PREPREPARE. nReq=0 senderID=0 sn=112
03:36:53.059 DBG Creating new Batch. nReq=0
03:36:53.059 DBG Batch ready. batchSize=4096
03:36:53.059 DBG Sending PREPARE. senderID=1 sn=112 view=0
03:36:53.060 DBG Batch cut. left=0 nBuckets=32 nReq=0 next=0
03:36:53.060 DBG Waiting for batch. batchSize=4096
03:36:53.060 INF Sending PREPREPARE. nReq=0 senderID=1 sn=113 view=0
03:36:54.061 INF Handling PREPREPARE. nReq=0 senderID=0 sn=114
03:36:54.061 DBG Batch ready. batchSize=4096
03:36:54.061 DBG Creating new Batch. nReq=0
03:36:54.061 DBG Sending PREPARE. senderID=1 sn=114 view=0
03:36:54.061 DBG Batch cut. left=0 nBuckets=32 nReq=0 next=0
03:36:54.061 INF Sending PREPREPARE. nReq=0 senderID=1 sn=115 view=0
03:36:54.061 DBG Waiting for batch. batchSize=4096
03:36:55.062 DBG Batch ready. batchSize=4096
03:36:55.062 INF Handling PREPREPARE. nReq=0 senderID=0 sn=116
03:36:55.062 DBG Creating new Batch. nReq=0
03:36:55.062 DBG Batch cut. left=0 nBuckets=32 nReq=0 next=0
03:36:55.062 DBG Sending PREPARE. senderID=1 sn=116 view=0
03:36:55.062 INF Sending PREPREPARE. nReq=0 senderID=1 sn=117 view=0
03:36:55.062 DBG Waiting for batch. batchSize=4096
03:36:55.878 WRN Timeout segId=0 sn=0 view=0
03:36:55.878 INF Starting new view. segID=0 timeout=120000 view=1
03:36:55.878 DBG Resurrecting uncommitted batch. fromView=0 segId=0 sn=0 toView=1
03:36:55.878 DBG Resurrecting uncommitted batch. fromView=0 segId=0 sn=2 toView=1
03:36:55.879 DBG Resurrecting uncommitted batch. fromView=0 segId=0 sn=4 toView=1
03:36:55.879 DBG Resurrecting uncommitted batch. fromView=0 segId=0 sn=6 toView=1
03:36:55.879 DBG Resurrecting uncommitted batch. fromView=0 segId=0 sn=8 toView=1
03:36:55.879 DBG Resurrecting uncommitted batch. fromView=0 segId=0 sn=10 toView=1
03:36:55.879 DBG Resurrecting uncommitted batch. fromView=0 segId=0 sn=12 toView=1
03:36:55.880 DBG Resurrecting uncommitted batch. fromView=0 segId=0 sn=14 toView=1
03:36:55.880 DBG Resurrecting uncommitted batch. fromView=0 segId=0 sn=16 toView=1
03:36:55.880 DBG Resurrecting uncommitted batch. fromView=0 segId=0 sn=18 toView=1
03:36:55.880 WRN Timeout segId=1 sn=1 view=0
03:36:55.880 INF Starting new view. segID=1 timeout=120000 view=1
03:36:55.880 DBG Resurrecting uncommitted batch. fromView=0 segId=0 sn=20 toView=1
03:36:55.880 DBG Resurrecting uncommitted batch. fromView=0 segId=1 sn=1 toView=1
03:36:55.881 DBG Resurrecting uncommitted batch. fromView=0 segId=0 sn=22 toView=1
03:36:55.881 DBG Resurrecting uncommitted batch. fromView=0 segId=1 sn=3 toView=1
03:36:55.881 DBG Resurrecting uncommitted batch. fromView=0 segId=0 sn=24 toView=1
03:36:55.881 DBG Resurrecting uncommitted batch. fromView=0 segId=1 sn=5 toView=1
03:36:55.881 DBG Resurrecting uncommitted batch. fromView=0 segId=0 sn=26 toView=1
03:36:55.882 DBG Resurrecting uncommitted batch. fromView=0 segId=0 sn=28 toView=1
03:36:55.882 DBG Resurrecting uncommitted batch. fromView=0 segId=1 sn=7 toView=1
03:36:55.882 DBG Resurrecting uncommitted batch. fromView=0 segId=0 sn=30 toView=1
03:36:55.882 DBG Resurrecting uncommitted batch. fromView=0 segId=1 sn=9 toView=1
03:36:55.882 DBG Resurrecting uncommitted batch. fromView=0 segId=0 sn=32 toView=1
03:36:55.882 DBG Resurrecting uncommitted batch. fromView=0 segId=1 sn=11 toView=1
03:36:55.882 DBG Resurrecting uncommitted batch. fromView=0 segId=0 sn=34 toView=1
03:36:55.882 DBG Resurrecting uncommitted batch. fromView=0 segId=0 sn=36 toView=1
03:36:55.883 DBG Resurrecting uncommitted batch. fromView=0 segId=1 sn=13 toView=1
03:36:55.883 DBG Resurrecting uncommitted batch. fromView=0 segId=0 sn=38 toView=1
03:36:55.883 DBG Resurrecting uncommitted batch. fromView=0 segId=1 sn=15 toView=1
03:36:55.883 DBG Resurrecting uncommitted batch. fromView=0 segId=0 sn=40 toView=1
03:36:55.883 DBG Resurrecting uncommitted batch. fromView=0 segId=1 sn=17 toView=1
03:36:55.883 DBG Resurrecting uncommitted batch. fromView=0 segId=0 sn=42 toView=1
03:36:55.883 DBG Resurrecting uncommitted batch. fromView=0 segId=1 sn=19 toView=1
03:36:55.883 DBG Resurrecting uncommitted batch. fromView=0 segId=0 sn=44 toView=1
03:36:55.884 DBG Resurrecting uncommitted batch. fromView=0 segId=0 sn=46 toView=1
03:36:55.884 DBG Resurrecting uncommitted batch. fromView=0 segId=1 sn=21 toView=1
03:36:55.884 DBG Resurrecting uncommitted batch. fromView=0 segId=0 sn=48 toView=1
03:36:55.884 DBG Resurrecting uncommitted batch. fromView=0 segId=1 sn=23 toView=1
03:36:55.884 DBG Resurrecting uncommitted batch. fromView=0 segId=0 sn=50 toView=1
03:36:55.884 DBG Resurrecting uncommitted batch. fromView=0 segId=1 sn=25 toView=1
03:36:55.884 DBG Resurrecting uncommitted batch. fromView=0 segId=0 sn=52 toView=1
03:36:55.885 DBG Resurrecting uncommitted batch. fromView=0 segId=1 sn=27 toView=1
03:36:55.885 DBG Resurrecting uncommitted batch. fromView=0 segId=0 sn=54 toView=1
03:36:55.885 DBG Resurrecting uncommitted batch. fromView=0 segId=1 sn=29 toView=1
03:36:55.885 DBG Resurrecting uncommitted batch. fromView=0 segId=0 sn=56 toView=1
03:36:55.885 DBG Resurrecting uncommitted batch. fromView=0 segId=0 sn=58 toView=1
03:36:55.885 DBG Resurrecting uncommitted batch. fromView=0 segId=1 sn=31 toView=1
03:36:55.885 DBG Resurrecting uncommitted batch. fromView=0 segId=0 sn=60 toView=1
03:36:55.885 DBG Resurrecting uncommitted batch. fromView=0 segId=1 sn=33 toView=1
03:36:55.886 DBG Resurrecting uncommitted batch. fromView=0 segId=0 sn=62 toView=1
03:36:55.886 DBG Resurrecting uncommitted batch. fromView=0 segId=1 sn=35 toView=1
03:36:55.886 DBG Resurrecting uncommitted batch. fromView=0 segId=0 sn=64 toView=1
03:36:55.886 DBG Resurrecting uncommitted batch. fromView=0 segId=0 sn=66 toView=1
03:36:55.886 DBG Resurrecting uncommitted batch. fromView=0 segId=1 sn=37 toView=1
03:36:55.886 DBG Resurrecting uncommitted batch. fromView=0 segId=0 sn=68 toView=1
03:36:55.886 DBG Resurrecting uncommitted batch. fromView=0 segId=0 sn=70 toView=1
03:36:55.886 DBG Resurrecting uncommitted batch. fromView=0 segId=1 sn=39 toView=1
03:36:55.886 DBG Resurrecting uncommitted batch. fromView=0 segId=0 sn=72 toView=1
03:36:55.887 DBG Resurrecting uncommitted batch. fromView=0 segId=0 sn=74 toView=1
03:36:55.887 DBG Resurrecting uncommitted batch. fromView=0 segId=1 sn=41 toView=1
03:36:55.887 DBG Resurrecting uncommitted batch. fromView=0 segId=0 sn=76 toView=1
03:36:55.887 DBG Resurrecting uncommitted batch. fromView=0 segId=0 sn=78 toView=1
03:36:55.887 DBG Resurrecting uncommitted batch. fromView=0 segId=1 sn=43 toView=1
03:36:55.887 DBG Resurrecting uncommitted batch. fromView=0 segId=0 sn=80 toView=1
03:36:55.887 DBG Resurrecting uncommitted batch. fromView=0 segId=0 sn=82 toView=1
03:36:55.887 DBG Resurrecting uncommitted batch. fromView=0 segId=1 sn=45 toView=1
03:36:55.887 DBG Resurrecting uncommitted batch. fromView=0 segId=0 sn=84 toView=1
03:36:55.887 DBG Resurrecting uncommitted batch. fromView=0 segId=0 sn=86 toView=1
03:36:55.887 DBG Resurrecting uncommitted batch. fromView=0 segId=1 sn=47 toView=1
03:36:55.888 DBG Resurrecting uncommitted batch. fromView=0 segId=0 sn=88 toView=1
03:36:55.888 DBG Resurrecting uncommitted batch. fromView=0 segId=0 sn=90 toView=1
03:36:55.888 DBG Resurrecting uncommitted batch. fromView=0 segId=1 sn=49 toView=1
03:36:55.888 DBG Resurrecting uncommitted batch. fromView=0 segId=0 sn=92 toView=1
03:36:55.888 DBG Resurrecting uncommitted batch. fromView=0 segId=0 sn=94 toView=1
03:36:55.888 DBG Resurrecting uncommitted batch. fromView=0 segId=1 sn=51 toView=1
03:36:55.888 DBG Resurrecting uncommitted batch. fromView=0 segId=0 sn=96 toView=1
03:36:55.888 DBG Resurrecting uncommitted batch. fromView=0 segId=0 sn=98 toView=1
03:36:55.888 DBG Resurrecting uncommitted batch. fromView=0 segId=1 sn=53 toView=1
03:36:55.888 DBG Resurrecting uncommitted batch. fromView=0 segId=0 sn=100 toView=1
03:36:55.889 DBG Resurrecting uncommitted batch. fromView=0 segId=0 sn=102 toView=1
03:36:55.889 DBG Resurrecting uncommitted batch. fromView=0 segId=1 sn=55 toView=1
03:36:55.889 DBG Resurrecting uncommitted batch. fromView=0 segId=0 sn=104 toView=1
03:36:55.889 DBG Resurrecting uncommitted batch. fromView=0 segId=0 sn=106 toView=1
03:36:55.889 DBG Resurrecting uncommitted batch. fromView=0 segId=1 sn=57 toView=1
03:36:55.889 DBG Resurrecting uncommitted batch. fromView=0 segId=0 sn=108 toView=1
03:36:55.889 DBG Resurrecting uncommitted batch. fromView=0 segId=0 sn=110 toView=1
03:36:55.889 DBG Resurrecting uncommitted batch. fromView=0 segId=1 sn=59 toView=1
03:36:55.889 DBG Resurrecting uncommitted batch. fromView=0 segId=0 sn=112 toView=1
03:36:55.889 DBG Resurrecting uncommitted batch. fromView=0 segId=0 sn=114 toView=1
03:36:55.889 DBG Resurrecting uncommitted batch. fromView=0 segId=1 sn=61 toView=1
03:36:55.890 DBG Resurrecting uncommitted batch. fromView=0 segId=0 sn=116 toView=1
03:36:55.890 DBG Batch not preprepared. Not resurrecting. fromView=0 segId=0 sn=118 toView=1
03:36:55.890 DBG Resurrecting uncommitted batch. fromView=0 segId=1 sn=63 toView=1
03:36:55.890 DBG Batch not preprepared. Not resurrecting. fromView=0 segId=0 sn=120 toView=1
03:36:55.890 DBG Batch not preprepared. Not resurrecting. fromView=0 segId=0 sn=122 toView=1
03:36:55.890 DBG Resurrecting uncommitted batch. fromView=0 segId=1 sn=65 toView=1
03:36:55.890 DBG Batch not preprepared. Not resurrecting. fromView=0 segId=0 sn=124 toView=1
03:36:55.890 DBG Resurrecting uncommitted batch. fromView=0 segId=1 sn=67 toView=1
03:36:55.890 DBG Batch not preprepared. Not resurrecting. fromView=0 segId=0 sn=126 toView=1
03:36:55.890 DBG Resurrecting uncommitted batch. fromView=0 segId=1 sn=69 toView=1
03:36:55.890 DBG Resurrecting uncommitted batch. fromView=0 segId=1 sn=71 toView=1
03:36:55.891 DBG Resurrecting uncommitted batch. fromView=0 segId=1 sn=73 toView=1
03:36:55.891 DBG Resurrecting uncommitted batch. fromView=0 segId=1 sn=75 toView=1
03:36:55.891 DBG Resurrecting uncommitted batch. fromView=0 segId=1 sn=77 toView=1
03:36:55.891 DBG Resurrecting uncommitted batch. fromView=0 segId=1 sn=79 toView=1
03:36:55.891 INF Requesting VIEWCHANGE. receiverID=1 segID=0 senderID=1 view=1
03:36:55.891 DBG Resurrecting uncommitted batch. fromView=0 segId=1 sn=81 toView=1
03:36:55.891 DBG Adding view change message. currentView=1 msgView=1 numViewChanges=1
03:36:55.891 DBG Resurrecting uncommitted batch. fromView=0 segId=1 sn=83 toView=1
03:36:55.891 DBG Resurrecting uncommitted batch. fromView=0 segId=1 sn=85 toView=1
03:36:55.892 DBG Resurrecting uncommitted batch. fromView=0 segId=1 sn=87 toView=1
03:36:55.892 DBG Resurrecting uncommitted batch. fromView=0 segId=1 sn=89 toView=1
03:36:55.892 DBG Resurrecting uncommitted batch. fromView=0 segId=1 sn=91 toView=1
03:36:55.892 DBG Resurrecting uncommitted batch. fromView=0 segId=1 sn=93 toView=1
03:36:55.892 DBG Resurrecting uncommitted batch. fromView=0 segId=1 sn=95 toView=1
03:36:55.892 DBG Resurrecting uncommitted batch. fromView=0 segId=1 sn=97 toView=1
03:36:55.892 DBG Resurrecting uncommitted batch. fromView=0 segId=1 sn=99 toView=1
03:36:55.892 DBG Resurrecting uncommitted batch. fromView=0 segId=1 sn=101 toView=1
03:36:55.893 DBG Resurrecting uncommitted batch. fromView=0 segId=1 sn=103 toView=1
03:36:55.893 DBG Resurrecting uncommitted batch. fromView=0 segId=1 sn=105 toView=1
03:36:55.893 DBG Resurrecting uncommitted batch. fromView=0 segId=1 sn=107 toView=1
03:36:55.893 DBG Resurrecting uncommitted batch. fromView=0 segId=1 sn=109 toView=1
03:36:55.893 DBG Resurrecting uncommitted batch. fromView=0 segId=1 sn=111 toView=1
03:36:55.893 DBG Resurrecting uncommitted batch. fromView=0 segId=1 sn=113 toView=1
03:36:55.893 DBG Resurrecting uncommitted batch. fromView=0 segId=1 sn=115 toView=1
03:36:55.894 DBG Resurrecting uncommitted batch. fromView=0 segId=1 sn=117 toView=1
03:36:55.894 DBG Batch not preprepared. Not resurrecting. fromView=0 segId=1 sn=119 toView=1
03:36:55.894 DBG Batch not preprepared. Not resurrecting. fromView=0 segId=1 sn=121 toView=1
03:36:55.894 DBG Batch not preprepared. Not resurrecting. fromView=0 segId=1 sn=123 toView=1
03:36:55.894 DBG Batch not preprepared. Not resurrecting. fromView=0 segId=1 sn=125 toView=1
03:36:55.894 DBG Batch not preprepared. Not resurrecting. fromView=0 segId=1 sn=127 toView=1
03:36:55.895 INF Requesting VIEWCHANGE. receiverID=2 segID=1 senderID=1 view=1
03:36:55.895 INF Handling VIEWCHANGE. msgView=1 ownView=1 segID=0 senderID=0
03:36:55.895 INF Adding view change message. currentView=1 msgView=1 numViewChanges=2
03:36:56.063 DBG Batch ready. batchSize=4096
03:36:56.063 DBG Waiting for batch. batchSize=4096
03:36:57.064 DBG Batch ready. batchSize=4096
03:36:57.064 DBG Waiting for batch. batchSize=4096
03:36:58.065 DBG Batch ready. batchSize=4096
03:36:58.065 DBG Waiting for batch. batchSize=4096
03:36:59.066 DBG Batch ready. batchSize=4096
03:36:59.066 DBG Waiting for batch. batchSize=4096
03:37:00.067 DBG Batch ready. batchSize=4096
03:38:55.892 WRN Timeout segId=0 sn=-1 view=1
03:38:55.892 INF Starting new view. segID=0 timeout=240000 view=2
03:38:55.892 DBG Batch not preprepared. Not resurrecting. fromView=1 segId=0 sn=0 toView=2
03:38:55.892 DBG Batch not preprepared. Not resurrecting. fromView=1 segId=0 sn=2 toView=2
03:38:55.893 DBG Batch not preprepared. Not resurrecting. fromView=1 segId=0 sn=4 toView=2
03:38:55.893 DBG Batch not preprepared. Not resurrecting. fromView=1 segId=0 sn=6 toView=2
03:38:55.893 DBG Batch not preprepared. Not resurrecting. fromView=1 segId=0 sn=8 toView=2
03:38:55.893 DBG Batch not preprepared. Not resurrecting. fromView=1 segId=0 sn=10 toView=2
03:38:55.893 DBG Batch not preprepared. Not resurrecting. fromView=1 segId=0 sn=12 toView=2
03:38:55.893 DBG Batch not preprepared. Not resurrecting. fromView=1 segId=0 sn=14 toView=2
03:38:55.893 DBG Batch not preprepared. Not resurrecting. fromView=1 segId=0 sn=16 toView=2
03:38:55.893 DBG Batch not preprepared. Not resurrecting. fromView=1 segId=0 sn=18 toView=2
03:38:55.894 DBG Batch not preprepared. Not resurrecting. fromView=1 segId=0 sn=20 toView=2
03:38:55.894 DBG Batch not preprepared. Not resurrecting. fromView=1 segId=0 sn=22 toView=2
03:38:55.894 DBG Batch not preprepared. Not resurrecting. fromView=1 segId=0 sn=24 toView=2
03:38:55.894 DBG Batch not preprepared. Not resurrecting. fromView=1 segId=0 sn=26 toView=2
03:38:55.894 DBG Batch not preprepared. Not resurrecting. fromView=1 segId=0 sn=28 toView=2
03:38:55.894 DBG Batch not preprepared. Not resurrecting. fromView=1 segId=0 sn=30 toView=2
03:38:55.894 DBG Batch not preprepared. Not resurrecting. fromView=1 segId=0 sn=32 toView=2
03:38:55.895 DBG Batch not preprepared. Not resurrecting. fromView=1 segId=0 sn=34 toView=2
03:38:55.895 DBG Batch not preprepared. Not resurrecting. fromView=1 segId=0 sn=36 toView=2
03:38:55.895 DBG Batch not preprepared. Not resurrecting. fromView=1 segId=0 sn=38 toView=2
03:38:55.895 DBG Batch not preprepared. Not resurrecting. fromView=1 segId=0 sn=40 toView=2
03:38:55.895 DBG Batch not preprepared. Not resurrecting. fromView=1 segId=0 sn=42 toView=2
03:38:55.895 WRN Timeout segId=1 sn=-1 view=1
03:38:55.895 DBG Batch not preprepared. Not resurrecting. fromView=1 segId=0 sn=44 toView=2
03:38:55.895 INF Starting new view. segID=1 timeout=240000 view=2
03:38:55.895 DBG Batch not preprepared. Not resurrecting. fromView=1 segId=0 sn=46 toView=2
03:38:55.896 DBG Batch not preprepared. Not resurrecting. fromView=1 segId=1 sn=1 toView=2
03:38:55.896 DBG Batch not preprepared. Not resurrecting. fromView=1 segId=0 sn=48 toView=2
03:38:55.896 DBG Batch not preprepared. Not resurrecting. fromView=1 segId=1 sn=3 toView=2
03:38:55.896 DBG Batch not preprepared. Not resurrecting. fromView=1 segId=0 sn=50 toView=2
03:38:55.896 DBG Batch not preprepared. Not resurrecting. fromView=1 segId=1 sn=5 toView=2
03:38:55.896 DBG Batch not preprepared. Not resurrecting. fromView=1 segId=0 sn=52 toView=2
03:38:55.896 DBG Batch not preprepared. Not resurrecting. fromView=1 segId=1 sn=7 toView=2
03:38:55.896 DBG Batch not preprepared. Not resurrecting. fromView=1 segId=0 sn=54 toView=2
03:38:55.896 DBG Batch not preprepared. Not resurrecting. fromView=1 segId=1 sn=9 toView=2
03:38:55.896 DBG Batch not preprepared. Not resurrecting. fromView=1 segId=0 sn=56 toView=2
03:38:55.896 DBG Batch not preprepared. Not resurrecting. fromView=1 segId=1 sn=11 toView=2
03:38:55.897 DBG Batch not preprepared. Not resurrecting. fromView=1 segId=0 sn=58 toView=2
03:38:55.897 DBG Batch not preprepared. Not resurrecting. fromView=1 segId=1 sn=13 toView=2
03:38:55.897 DBG Batch not preprepared. Not resurrecting. fromView=1 segId=0 sn=60 toView=2
03:38:55.897 DBG Batch not preprepared. Not resurrecting. fromView=1 segId=1 sn=15 toView=2
03:38:55.897 DBG Batch not preprepared. Not resurrecting. fromView=1 segId=0 sn=62 toView=2
03:38:55.897 DBG Batch not preprepared. Not resurrecting. fromView=1 segId=1 sn=17 toView=2
03:38:55.897 DBG Batch not preprepared. Not resurrecting. fromView=1 segId=0 sn=64 toView=2
03:38:55.897 DBG Batch not preprepared. Not resurrecting. fromView=1 segId=1 sn=19 toView=2
03:38:55.897 DBG Batch not preprepared. Not resurrecting. fromView=1 segId=0 sn=66 toView=2
03:38:55.897 DBG Batch not preprepared. Not resurrecting. fromView=1 segId=1 sn=21 toView=2
03:38:55.897 DBG Batch not preprepared. Not resurrecting. fromView=1 segId=0 sn=68 toView=2
03:38:55.898 DBG Batch not preprepared. Not resurrecting. fromView=1 segId=1 sn=23 toView=2
03:38:55.898 DBG Batch not preprepared. Not resurrecting. fromView=1 segId=0 sn=70 toView=2
03:38:55.898 DBG Batch not preprepared. Not resurrecting. fromView=1 segId=1 sn=25 toView=2
03:38:55.898 DBG Batch not preprepared. Not resurrecting. fromView=1 segId=0 sn=72 toView=2
03:38:55.898 DBG Batch not preprepared. Not resurrecting. fromView=1 segId=1 sn=27 toView=2
03:38:55.898 DBG Batch not preprepared. Not resurrecting. fromView=1 segId=0 sn=74 toView=2
03:38:55.898 DBG Batch not preprepared. Not resurrecting. fromView=1 segId=1 sn=29 toView=2
03:38:55.898 DBG Batch not preprepared. Not resurrecting. fromView=1 segId=0 sn=76 toView=2
03:38:55.898 DBG Batch not preprepared. Not resurrecting. fromView=1 segId=1 sn=31 toView=2
03:38:55.898 DBG Batch not preprepared. Not resurrecting. fromView=1 segId=0 sn=78 toView=2
03:38:55.898 DBG Batch not preprepared. Not resurrecting. fromView=1 segId=1 sn=33 toView=2
03:38:55.899 DBG Batch not preprepared. Not resurrecting. fromView=1 segId=0 sn=80 toView=2
03:38:55.899 DBG Batch not preprepared. Not resurrecting. fromView=1 segId=1 sn=35 toView=2
03:38:55.899 DBG Batch not preprepared. Not resurrecting. fromView=1 segId=0 sn=82 toView=2
03:38:55.899 DBG Batch not preprepared. Not resurrecting. fromView=1 segId=1 sn=37 toView=2
03:38:55.899 DBG Batch not preprepared. Not resurrecting. fromView=1 segId=0 sn=84 toView=2
03:38:55.899 DBG Batch not preprepared. Not resurrecting. fromView=1 segId=1 sn=39 toView=2
03:38:55.899 DBG Batch not preprepared. Not resurrecting. fromView=1 segId=0 sn=86 toView=2
03:38:55.899 DBG Batch not preprepared. Not resurrecting. fromView=1 segId=1 sn=41 toView=2
03:38:55.899 DBG Batch not preprepared. Not resurrecting. fromView=1 segId=0 sn=88 toView=2
03:38:55.899 DBG Batch not preprepared. Not resurrecting. fromView=1 segId=1 sn=43 toView=2
03:38:55.899 DBG Batch not preprepared. Not resurrecting. fromView=1 segId=0 sn=90 toView=2
03:38:55.899 DBG Batch not preprepared. Not resurrecting. fromView=1 segId=1 sn=45 toView=2
03:38:55.900 DBG Batch not preprepared. Not resurrecting. fromView=1 segId=0 sn=92 toView=2
03:38:55.900 DBG Batch not preprepared. Not resurrecting. fromView=1 segId=1 sn=47 toView=2
03:38:55.900 DBG Batch not preprepared. Not resurrecting. fromView=1 segId=0 sn=94 toView=2
03:38:55.900 DBG Batch not preprepared. Not resurrecting. fromView=1 segId=1 sn=49 toView=2
03:38:55.900 DBG Batch not preprepared. Not resurrecting. fromView=1 segId=0 sn=96 toView=2
03:38:55.900 DBG Batch not preprepared. Not resurrecting. fromView=1 segId=1 sn=51 toView=2
03:38:55.900 DBG Batch not preprepared. Not resurrecting. fromView=1 segId=0 sn=98 toView=2
03:38:55.900 DBG Batch not preprepared. Not resurrecting. fromView=1 segId=1 sn=53 toView=2
03:38:55.900 DBG Batch not preprepared. Not resurrecting. fromView=1 segId=0 sn=100 toView=2
03:38:55.900 DBG Batch not preprepared. Not resurrecting. fromView=1 segId=1 sn=55 toView=2
03:38:55.900 DBG Batch not preprepared. Not resurrecting. fromView=1 segId=0 sn=102 toView=2
03:38:55.900 DBG Batch not preprepared. Not resurrecting. fromView=1 segId=1 sn=57 toView=2
03:38:55.901 DBG Batch not preprepared. Not resurrecting. fromView=1 segId=0 sn=104 toView=2
03:38:55.901 DBG Batch not preprepared. Not resurrecting. fromView=1 segId=1 sn=59 toView=2
03:38:55.901 DBG Batch not preprepared. Not resurrecting. fromView=1 segId=0 sn=106 toView=2
03:38:55.901 DBG Batch not preprepared. Not resurrecting. fromView=1 segId=1 sn=61 toView=2
03:38:55.901 DBG Batch not preprepared. Not resurrecting. fromView=1 segId=0 sn=108 toView=2
03:38:55.901 DBG Batch not preprepared. Not resurrecting. fromView=1 segId=1 sn=63 toView=2
03:38:55.901 DBG Batch not preprepared. Not resurrecting. fromView=1 segId=0 sn=110 toView=2
03:38:55.901 DBG Batch not preprepared. Not resurrecting. fromView=1 segId=1 sn=65 toView=2
03:38:55.901 DBG Batch not preprepared. Not resurrecting. fromView=1 segId=0 sn=112 toView=2
03:38:55.901 DBG Batch not preprepared. Not resurrecting. fromView=1 segId=1 sn=67 toView=2
03:38:55.901 DBG Batch not preprepared. Not resurrecting. fromView=1 segId=0 sn=114 toView=2
03:38:55.902 DBG Batch not preprepared. Not resurrecting. fromView=1 segId=1 sn=69 toView=2
03:38:55.902 DBG Batch not preprepared. Not resurrecting. fromView=1 segId=0 sn=116 toView=2
03:38:55.902 DBG Batch not preprepared. Not resurrecting. fromView=1 segId=1 sn=71 toView=2
03:38:55.902 DBG Batch not preprepared. Not resurrecting. fromView=1 segId=0 sn=118 toView=2
03:38:55.902 DBG Batch not preprepared. Not resurrecting. fromView=1 segId=1 sn=73 toView=2
03:38:55.902 DBG Batch not preprepared. Not resurrecting. fromView=1 segId=1 sn=75 toView=2
03:38:55.902 DBG Batch not preprepared. Not resurrecting. fromView=1 segId=0 sn=120 toView=2
03:38:55.902 DBG Batch not preprepared. Not resurrecting. fromView=1 segId=1 sn=77 toView=2
03:38:55.902 DBG Batch not preprepared. Not resurrecting. fromView=1 segId=0 sn=122 toView=2
03:38:55.902 DBG Batch not preprepared. Not resurrecting. fromView=1 segId=1 sn=79 toView=2
03:38:55.902 DBG Batch not preprepared. Not resurrecting. fromView=1 segId=0 sn=124 toView=2
03:38:55.902 DBG Batch not preprepared. Not resurrecting. fromView=1 segId=1 sn=81 toView=2
03:38:55.902 DBG Batch not preprepared. Not resurrecting. fromView=1 segId=0 sn=126 toView=2
03:38:55.903 DBG Batch not preprepared. Not resurrecting. fromView=1 segId=1 sn=83 toView=2
03:38:55.903 DBG Batch not preprepared. Not resurrecting. fromView=1 segId=1 sn=85 toView=2
03:38:55.903 DBG Batch not preprepared. Not resurrecting. fromView=1 segId=1 sn=87 toView=2
03:38:55.903 DBG Batch not preprepared. Not resurrecting. fromView=1 segId=1 sn=89 toView=2
03:38:55.903 DBG Batch not preprepared. Not resurrecting. fromView=1 segId=1 sn=91 toView=2
03:38:55.903 DBG Batch not preprepared. Not resurrecting. fromView=1 segId=1 sn=93 toView=2
03:38:55.903 INF Requesting VIEWCHANGE. receiverID=2 segID=0 senderID=1 view=2
03:38:55.903 DBG Batch not preprepared. Not resurrecting. fromView=1 segId=1 sn=95 toView=2
03:38:55.903 DBG Batch not preprepared. Not resurrecting. fromView=1 segId=1 sn=97 toView=2
03:38:55.904 DBG Batch not preprepared. Not resurrecting. fromView=1 segId=1 sn=99 toView=2
03:38:55.904 DBG Batch not preprepared. Not resurrecting. fromView=1 segId=1 sn=101 toView=2
03:38:55.904 DBG Batch not preprepared. Not resurrecting. fromView=1 segId=1 sn=103 toView=2
03:38:55.904 DBG Batch not preprepared. Not resurrecting. fromView=1 segId=1 sn=105 toView=2
03:38:55.904 DBG Batch not preprepared. Not resurrecting. fromView=1 segId=1 sn=107 toView=2
03:38:55.904 DBG Batch not preprepared. Not resurrecting. fromView=1 segId=1 sn=109 toView=2
03:38:55.904 DBG Batch not preprepared. Not resurrecting. fromView=1 segId=1 sn=111 toView=2
03:38:55.904 DBG Batch not preprepared. Not resurrecting. fromView=1 segId=1 sn=113 toView=2
03:38:55.905 DBG Batch not preprepared. Not resurrecting. fromView=1 segId=1 sn=115 toView=2
03:38:55.905 DBG Batch not preprepared. Not resurrecting. fromView=1 segId=1 sn=117 toView=2
03:38:55.905 DBG Batch not preprepared. Not resurrecting. fromView=1 segId=1 sn=119 toView=2
03:38:55.905 DBG Batch not preprepared. Not resurrecting. fromView=1 segId=1 sn=121 toView=2
03:38:55.905 DBG Batch not preprepared. Not resurrecting. fromView=1 segId=1 sn=123 toView=2
03:38:55.905 DBG Batch not preprepared. Not resurrecting. fromView=1 segId=1 sn=125 toView=2
03:38:55.905 DBG Batch not preprepared. Not resurrecting. fromView=1 segId=1 sn=127 toView=2
03:38:55.906 INF Requesting VIEWCHANGE. receiverID=3 segID=1 senderID=1 view=2
03:42:55.904 WRN Timeout segId=0 sn=-1 view=2
03:42:55.905 INF Starting new view. segID=0 timeout=480000 view=3
03:42:55.905 DBG Batch not preprepared. Not resurrecting. fromView=2 segId=0 sn=0 toView=3
03:42:55.905 DBG Batch not preprepared. Not resurrecting. fromView=2 segId=0 sn=2 toView=3
03:42:55.905 DBG Batch not preprepared. Not resurrecting. fromView=2 segId=0 sn=4 toView=3
03:42:55.905 DBG Batch not preprepared. Not resurrecting. fromView=2 segId=0 sn=6 toView=3
03:42:55.905 DBG Batch not preprepared. Not resurrecting. fromView=2 segId=0 sn=8 toView=3
03:42:55.905 DBG Batch not preprepared. Not resurrecting. fromView=2 segId=0 sn=10 toView=3
03:42:55.905 DBG Batch not preprepared. Not resurrecting. fromView=2 segId=0 sn=12 toView=3
03:42:55.906 DBG Batch not preprepared. Not resurrecting. fromView=2 segId=0 sn=14 toView=3
03:42:55.906 DBG Batch not preprepared. Not resurrecting. fromView=2 segId=0 sn=16 toView=3
03:42:55.906 DBG Batch not preprepared. Not resurrecting. fromView=2 segId=0 sn=18 toView=3
03:42:55.906 DBG Batch not preprepared. Not resurrecting. fromView=2 segId=0 sn=20 toView=3
03:42:55.906 DBG Batch not preprepared. Not resurrecting. fromView=2 segId=0 sn=22 toView=3
03:42:55.906 DBG Batch not preprepared. Not resurrecting. fromView=2 segId=0 sn=24 toView=3
03:42:55.906 DBG Batch not preprepared. Not resurrecting. fromView=2 segId=0 sn=26 toView=3
03:42:55.907 DBG Batch not preprepared. Not resurrecting. fromView=2 segId=0 sn=28 toView=3
03:42:55.907 WRN Timeout segId=1 sn=-1 view=2
03:42:55.907 DBG Batch not preprepared. Not resurrecting. fromView=2 segId=0 sn=30 toView=3
03:42:55.907 INF Starting new view. segID=1 timeout=480000 view=3
03:42:55.907 DBG Batch not preprepared. Not resurrecting. fromView=2 segId=0 sn=32 toView=3
03:42:55.907 DBG Batch not preprepared. Not resurrecting. fromView=2 segId=1 sn=1 toView=3
03:42:55.907 DBG Batch not preprepared. Not resurrecting. fromView=2 segId=0 sn=34 toView=3
03:42:55.907 DBG Batch not preprepared. Not resurrecting. fromView=2 segId=1 sn=3 toView=3
03:42:55.907 DBG Batch not preprepared. Not resurrecting. fromView=2 segId=0 sn=36 toView=3
03:42:55.907 DBG Batch not preprepared. Not resurrecting. fromView=2 segId=1 sn=5 toView=3
03:42:55.907 DBG Batch not preprepared. Not resurrecting. fromView=2 segId=0 sn=38 toView=3
03:42:55.907 DBG Batch not preprepared. Not resurrecting. fromView=2 segId=1 sn=7 toView=3
03:42:55.907 DBG Batch not preprepared. Not resurrecting. fromView=2 segId=0 sn=40 toView=3
03:42:55.908 DBG Batch not preprepared. Not resurrecting. fromView=2 segId=1 sn=9 toView=3
03:42:55.908 DBG Batch not preprepared. Not resurrecting. fromView=2 segId=0 sn=42 toView=3
03:42:55.908 DBG Batch not preprepared. Not resurrecting. fromView=2 segId=1 sn=11 toView=3
03:42:55.908 DBG Batch not preprepared. Not resurrecting. fromView=2 segId=0 sn=44 toView=3
03:42:55.908 DBG Batch not preprepared. Not resurrecting. fromView=2 segId=1 sn=13 toView=3
03:42:55.908 DBG Batch not preprepared. Not resurrecting. fromView=2 segId=0 sn=46 toView=3
03:42:55.908 DBG Batch not preprepared. Not resurrecting. fromView=2 segId=1 sn=15 toView=3
03:42:55.908 DBG Batch not preprepared. Not resurrecting. fromView=2 segId=0 sn=48 toView=3
03:42:55.908 DBG Batch not preprepared. Not resurrecting. fromView=2 segId=1 sn=17 toView=3
03:42:55.908 DBG Batch not preprepared. Not resurrecting. fromView=2 segId=0 sn=50 toView=3
03:42:55.908 DBG Batch not preprepared. Not resurrecting. fromView=2 segId=1 sn=19 toView=3
03:42:55.908 DBG Batch not preprepared. Not resurrecting. fromView=2 segId=0 sn=52 toView=3
03:42:55.908 DBG Batch not preprepared. Not resurrecting. fromView=2 segId=1 sn=21 toView=3
03:42:55.908 DBG Batch not preprepared. Not resurrecting. fromView=2 segId=0 sn=54 toView=3
03:42:55.909 DBG Batch not preprepared. Not resurrecting. fromView=2 segId=1 sn=23 toView=3
03:42:55.909 DBG Batch not preprepared. Not resurrecting. fromView=2 segId=0 sn=56 toView=3
03:42:55.909 DBG Batch not preprepared. Not resurrecting. fromView=2 segId=1 sn=25 toView=3
03:42:55.909 DBG Batch not preprepared. Not resurrecting. fromView=2 segId=0 sn=58 toView=3
03:42:55.909 DBG Batch not preprepared. Not resurrecting. fromView=2 segId=1 sn=27 toView=3
03:42:55.909 DBG Batch not preprepared. Not resurrecting. fromView=2 segId=0 sn=60 toView=3
03:42:55.909 DBG Batch not preprepared. Not resurrecting. fromView=2 segId=1 sn=29 toView=3
03:42:55.909 DBG Batch not preprepared. Not resurrecting. fromView=2 segId=0 sn=62 toView=3
03:42:55.909 DBG Batch not preprepared. Not resurrecting. fromView=2 segId=1 sn=31 toView=3
03:42:55.909 DBG Batch not preprepared. Not resurrecting. fromView=2 segId=0 sn=64 toView=3
03:42:55.909 DBG Batch not preprepared. Not resurrecting. fromView=2 segId=1 sn=33 toView=3
03:42:55.909 DBG Batch not preprepared. Not resurrecting. fromView=2 segId=0 sn=66 toView=3
03:42:55.909 DBG Batch not preprepared. Not resurrecting. fromView=2 segId=1 sn=35 toView=3
03:42:55.910 DBG Batch not preprepared. Not resurrecting. fromView=2 segId=0 sn=68 toView=3
03:42:55.910 DBG Batch not preprepared. Not resurrecting. fromView=2 segId=1 sn=37 toView=3
03:42:55.910 DBG Batch not preprepared. Not resurrecting. fromView=2 segId=0 sn=70 toView=3
03:42:55.910 DBG Batch not preprepared. Not resurrecting. fromView=2 segId=1 sn=39 toView=3
03:42:55.910 DBG Batch not preprepared. Not resurrecting. fromView=2 segId=1 sn=41 toView=3
03:42:55.910 DBG Batch not preprepared. Not resurrecting. fromView=2 segId=0 sn=72 toView=3
03:42:55.910 DBG Batch not preprepared. Not resurrecting. fromView=2 segId=1 sn=43 toView=3
03:42:55.910 DBG Batch not preprepared. Not resurrecting. fromView=2 segId=0 sn=74 toView=3
03:42:55.910 DBG Batch not preprepared. Not resurrecting. fromView=2 segId=1 sn=45 toView=3
03:42:55.910 DBG Batch not preprepared. Not resurrecting. fromView=2 segId=0 sn=76 toView=3
03:42:55.910 DBG Batch not preprepared. Not resurrecting. fromView=2 segId=1 sn=47 toView=3
03:42:55.910 DBG Batch not preprepared. Not resurrecting. fromView=2 segId=0 sn=78 toView=3
03:42:55.910 DBG Batch not preprepared. Not resurrecting. fromView=2 segId=1 sn=49 toView=3
03:42:55.911 DBG Batch not preprepared. Not resurrecting. fromView=2 segId=0 sn=80 toView=3
03:42:55.911 DBG Batch not preprepared. Not resurrecting. fromView=2 segId=1 sn=51 toView=3
03:42:55.911 DBG Batch not preprepared. Not resurrecting. fromView=2 segId=0 sn=82 toView=3
03:42:55.911 DBG Batch not preprepared. Not resurrecting. fromView=2 segId=1 sn=53 toView=3
03:42:55.911 DBG Batch not preprepared. Not resurrecting. fromView=2 segId=0 sn=84 toView=3
03:42:55.911 DBG Batch not preprepared. Not resurrecting. fromView=2 segId=1 sn=55 toView=3
03:42:55.911 DBG Batch not preprepared. Not resurrecting. fromView=2 segId=0 sn=86 toView=3
03:42:55.911 DBG Batch not preprepared. Not resurrecting. fromView=2 segId=1 sn=57 toView=3
03:42:55.911 DBG Batch not preprepared. Not resurrecting. fromView=2 segId=0 sn=88 toView=3
03:42:55.911 DBG Batch not preprepared. Not resurrecting. fromView=2 segId=1 sn=59 toView=3
03:42:55.911 DBG Batch not preprepared. Not resurrecting. fromView=2 segId=0 sn=90 toView=3
03:42:55.911 DBG Batch not preprepared. Not resurrecting. fromView=2 segId=1 sn=61 toView=3
03:42:55.912 DBG Batch not preprepared. Not resurrecting. fromView=2 segId=0 sn=92 toView=3
03:42:55.912 DBG Batch not preprepared. Not resurrecting. fromView=2 segId=1 sn=63 toView=3
03:42:55.912 DBG Batch not preprepared. Not resurrecting. fromView=2 segId=0 sn=94 toView=3
03:42:55.912 DBG Batch not preprepared. Not resurrecting. fromView=2 segId=1 sn=65 toView=3
03:42:55.912 DBG Batch not preprepared. Not resurrecting. fromView=2 segId=0 sn=96 toView=3
03:42:55.912 DBG Batch not preprepared. Not resurrecting. fromView=2 segId=1 sn=67 toView=3
03:42:55.912 DBG Batch not preprepared. Not resurrecting. fromView=2 segId=0 sn=98 toView=3
03:42:55.912 DBG Batch not preprepared. Not resurrecting. fromView=2 segId=1 sn=69 toView=3
03:42:55.912 DBG Batch not preprepared. Not resurrecting. fromView=2 segId=0 sn=100 toView=3
03:42:55.912 DBG Batch not preprepared. Not resurrecting. fromView=2 segId=1 sn=71 toView=3
03:42:55.912 DBG Batch not preprepared. Not resurrecting. fromView=2 segId=0 sn=102 toView=3
03:42:55.912 DBG Batch not preprepared. Not resurrecting. fromView=2 segId=1 sn=73 toView=3
03:42:55.912 DBG Batch not preprepared. Not resurrecting. fromView=2 segId=0 sn=104 toView=3
03:42:55.912 DBG Batch not preprepared. Not resurrecting. fromView=2 segId=1 sn=75 toView=3
03:42:55.913 DBG Batch not preprepared. Not resurrecting. fromView=2 segId=0 sn=106 toView=3
03:42:55.913 DBG Batch not preprepared. Not resurrecting. fromView=2 segId=1 sn=77 toView=3
03:42:55.913 DBG Batch not preprepared. Not resurrecting. fromView=2 segId=0 sn=108 toView=3
03:42:55.913 DBG Batch not preprepared. Not resurrecting. fromView=2 segId=1 sn=79 toView=3
03:42:55.913 DBG Batch not preprepared. Not resurrecting. fromView=2 segId=0 sn=110 toView=3
03:42:55.913 DBG Batch not preprepared. Not resurrecting. fromView=2 segId=1 sn=81 toView=3
03:42:55.913 DBG Batch not preprepared. Not resurrecting. fromView=2 segId=0 sn=112 toView=3
03:42:55.913 DBG Batch not preprepared. Not resurrecting. fromView=2 segId=1 sn=83 toView=3
03:42:55.913 DBG Batch not preprepared. Not resurrecting. fromView=2 segId=0 sn=114 toView=3
03:42:55.913 DBG Batch not preprepared. Not resurrecting. fromView=2 segId=1 sn=85 toView=3
03:42:55.913 DBG Batch not preprepared. Not resurrecting. fromView=2 segId=0 sn=116 toView=3
03:42:55.913 DBG Batch not preprepared. Not resurrecting. fromView=2 segId=1 sn=87 toView=3
03:42:55.913 DBG Batch not preprepared. Not resurrecting. fromView=2 segId=0 sn=118 toView=3
03:42:55.913 DBG Batch not preprepared. Not resurrecting. fromView=2 segId=1 sn=89 toView=3
03:42:55.914 DBG Batch not preprepared. Not resurrecting. fromView=2 segId=0 sn=120 toView=3
03:42:55.914 DBG Batch not preprepared. Not resurrecting. fromView=2 segId=1 sn=91 toView=3
03:42:55.914 DBG Batch not preprepared. Not resurrecting. fromView=2 segId=0 sn=122 toView=3
03:42:55.914 DBG Batch not preprepared. Not resurrecting. fromView=2 segId=1 sn=93 toView=3
03:42:55.914 DBG Batch not preprepared. Not resurrecting. fromView=2 segId=0 sn=124 toView=3
03:42:55.914 DBG Batch not preprepared. Not resurrecting. fromView=2 segId=1 sn=95 toView=3
03:42:55.914 DBG Batch not preprepared. Not resurrecting. fromView=2 segId=0 sn=126 toView=3
03:42:55.914 DBG Batch not preprepared. Not resurrecting. fromView=2 segId=1 sn=97 toView=3
03:42:55.914 DBG Batch not preprepared. Not resurrecting. fromView=2 segId=1 sn=99 toView=3
03:42:55.914 DBG Batch not preprepared. Not resurrecting. fromView=2 segId=1 sn=101 toView=3
03:42:55.915 DBG Batch not preprepared. Not resurrecting. fromView=2 segId=1 sn=103 toView=3
03:42:55.915 DBG Batch not preprepared. Not resurrecting. fromView=2 segId=1 sn=105 toView=3
03:42:55.915 INF Requesting VIEWCHANGE. receiverID=3 segID=0 senderID=1 view=3
03:42:55.915 DBG Batch not preprepared. Not resurrecting. fromView=2 segId=1 sn=107 toView=3
03:42:55.915 DBG Batch not preprepared. Not resurrecting. fromView=2 segId=1 sn=109 toView=3
03:42:55.915 DBG Batch not preprepared. Not resurrecting. fromView=2 segId=1 sn=111 toView=3
03:42:55.915 DBG Batch not preprepared. Not resurrecting. fromView=2 segId=1 sn=113 toView=3
03:42:55.915 DBG Batch not preprepared. Not resurrecting. fromView=2 segId=1 sn=115 toView=3
03:42:55.915 DBG Batch not preprepared. Not resurrecting. fromView=2 segId=1 sn=117 toView=3
03:42:55.916 DBG Batch not preprepared. Not resurrecting. fromView=2 segId=1 sn=119 toView=3
03:42:55.916 DBG Batch not preprepared. Not resurrecting. fromView=2 segId=1 sn=121 toView=3
03:42:55.916 DBG Batch not preprepared. Not resurrecting. fromView=2 segId=1 sn=123 toView=3
03:42:55.916 DBG Batch not preprepared. Not resurrecting. fromView=2 segId=1 sn=125 toView=3
03:42:55.916 DBG Batch not preprepared. Not resurrecting. fromView=2 segId=1 sn=127 toView=3
03:42:55.917 INF Requesting VIEWCHANGE. receiverID=0 segID=1 senderID=1 view=3
03:50:55.916 WRN Timeout segId=0 sn=-1 view=3
03:50:55.916 INF Starting new view. segID=0 timeout=960000 view=4
03:50:55.916 DBG Batch not preprepared. Not resurrecting. fromView=3 segId=0 sn=0 toView=4
03:50:55.916 DBG Batch not preprepared. Not resurrecting. fromView=3 segId=0 sn=2 toView=4
03:50:55.916 DBG Batch not preprepared. Not resurrecting. fromView=3 segId=0 sn=4 toView=4
03:50:55.917 DBG Batch not preprepared. Not resurrecting. fromView=3 segId=0 sn=6 toView=4
03:50:55.917 DBG Batch not preprepared. Not resurrecting. fromView=3 segId=0 sn=8 toView=4
03:50:55.917 DBG Batch not preprepared. Not resurrecting. fromView=3 segId=0 sn=10 toView=4
03:50:55.917 DBG Batch not preprepared. Not resurrecting. fromView=3 segId=0 sn=12 toView=4
03:50:55.917 DBG Batch not preprepared. Not resurrecting. fromView=3 segId=0 sn=14 toView=4
03:50:55.917 DBG Batch not preprepared. Not resurrecting. fromView=3 segId=0 sn=16 toView=4
03:50:55.917 DBG Batch not preprepared. Not resurrecting. fromView=3 segId=0 sn=18 toView=4
03:50:55.917 DBG Batch not preprepared. Not resurrecting. fromView=3 segId=0 sn=20 toView=4
03:50:55.918 DBG Batch not preprepared. Not resurrecting. fromView=3 segId=0 sn=22 toView=4
03:50:55.918 DBG Batch not preprepared. Not resurrecting. fromView=3 segId=0 sn=24 toView=4
03:50:55.918 DBG Batch not preprepared. Not resurrecting. fromView=3 segId=0 sn=26 toView=4
03:50:55.918 DBG Batch not preprepared. Not resurrecting. fromView=3 segId=0 sn=28 toView=4
03:50:55.918 WRN Timeout segId=1 sn=-1 view=3
03:50:55.918 DBG Batch not preprepared. Not resurrecting. fromView=3 segId=0 sn=30 toView=4
03:50:55.918 INF Starting new view. segID=1 timeout=960000 view=4
03:50:55.918 DBG Batch not preprepared. Not resurrecting. fromView=3 segId=0 sn=32 toView=4
03:50:55.918 DBG Batch not preprepared. Not resurrecting. fromView=3 segId=1 sn=1 toView=4
03:50:55.918 DBG Batch not preprepared. Not resurrecting. fromView=3 segId=0 sn=34 toView=4
03:50:55.918 DBG Batch not preprepared. Not resurrecting. fromView=3 segId=1 sn=3 toView=4
03:50:55.918 DBG Batch not preprepared. Not resurrecting. fromView=3 segId=0 sn=36 toView=4
03:50:55.919 DBG Batch not preprepared. Not resurrecting. fromView=3 segId=1 sn=5 toView=4
03:50:55.919 DBG Batch not preprepared. Not resurrecting. fromView=3 segId=0 sn=38 toView=4
03:50:55.919 DBG Batch not preprepared. Not resurrecting. fromView=3 segId=1 sn=7 toView=4
03:50:55.919 DBG Batch not preprepared. Not resurrecting. fromView=3 segId=0 sn=40 toView=4
03:50:55.919 DBG Batch not preprepared. Not resurrecting. fromView=3 segId=1 sn=9 toView=4
03:50:55.919 DBG Batch not preprepared. Not resurrecting. fromView=3 segId=0 sn=42 toView=4
03:50:55.919 DBG Batch not preprepared. Not resurrecting. fromView=3 segId=1 sn=11 toView=4
03:50:55.919 DBG Batch not preprepared. Not resurrecting. fromView=3 segId=0 sn=44 toView=4
03:50:55.919 DBG Batch not preprepared. Not resurrecting. fromView=3 segId=1 sn=13 toView=4
03:50:55.919 DBG Batch not preprepared. Not resurrecting. fromView=3 segId=0 sn=46 toView=4
03:50:55.919 DBG Batch not preprepared. Not resurrecting. fromView=3 segId=1 sn=15 toView=4
03:50:55.920 DBG Batch not preprepared. Not resurrecting. fromView=3 segId=0 sn=48 toView=4
03:50:55.920 DBG Batch not preprepared. Not resurrecting. fromView=3 segId=1 sn=17 toView=4
03:50:55.920 DBG Batch not preprepared. Not resurrecting. fromView=3 segId=0 sn=50 toView=4
03:50:55.920 DBG Batch not preprepared. Not resurrecting. fromView=3 segId=1 sn=19 toView=4
03:50:55.920 DBG Batch not preprepared. Not resurrecting. fromView=3 segId=0 sn=52 toView=4
03:50:55.920 DBG Batch not preprepared. Not resurrecting. fromView=3 segId=1 sn=21 toView=4
03:50:55.920 DBG Batch not preprepared. Not resurrecting. fromView=3 segId=0 sn=54 toView=4
03:50:55.920 DBG Batch not preprepared. Not resurrecting. fromView=3 segId=1 sn=23 toView=4
03:50:55.920 DBG Batch not preprepared. Not resurrecting. fromView=3 segId=0 sn=56 toView=4
03:50:55.920 DBG Batch not preprepared. Not resurrecting. fromView=3 segId=1 sn=25 toView=4
03:50:55.920 DBG Batch not preprepared. Not resurrecting. fromView=3 segId=0 sn=58 toView=4
03:50:55.920 DBG Batch not preprepared. Not resurrecting. fromView=3 segId=1 sn=27 toView=4
03:50:55.920 DBG Batch not preprepared. Not resurrecting. fromView=3 segId=0 sn=60 toView=4
03:50:55.921 DBG Batch not preprepared. Not resurrecting. fromView=3 segId=1 sn=29 toView=4
03:50:55.921 DBG Batch not preprepared. Not resurrecting. fromView=3 segId=0 sn=62 toView=4
03:50:55.921 DBG Batch not preprepared. Not resurrecting. fromView=3 segId=1 sn=31 toView=4
03:50:55.921 DBG Batch not preprepared. Not resurrecting. fromView=3 segId=0 sn=64 toView=4
03:50:55.921 DBG Batch not preprepared. Not resurrecting. fromView=3 segId=1 sn=33 toView=4
03:50:55.921 DBG Batch not preprepared. Not resurrecting. fromView=3 segId=0 sn=66 toView=4
03:50:55.921 DBG Batch not preprepared. Not resurrecting. fromView=3 segId=1 sn=35 toView=4
03:50:55.921 DBG Batch not preprepared. Not resurrecting. fromView=3 segId=0 sn=68 toView=4
03:50:55.921 DBG Batch not preprepared. Not resurrecting. fromView=3 segId=1 sn=37 toView=4
03:50:55.921 DBG Batch not preprepared. Not resurrecting. fromView=3 segId=0 sn=70 toView=4
03:50:55.921 DBG Batch not preprepared. Not resurrecting. fromView=3 segId=1 sn=39 toView=4
03:50:55.921 DBG Batch not preprepared. Not resurrecting. fromView=3 segId=0 sn=72 toView=4
03:50:55.921 DBG Batch not preprepared. Not resurrecting. fromView=3 segId=1 sn=41 toView=4
03:50:55.922 DBG Batch not preprepared. Not resurrecting. fromView=3 segId=0 sn=74 toView=4
03:50:55.922 DBG Batch not preprepared. Not resurrecting. fromView=3 segId=1 sn=43 toView=4
03:50:55.922 DBG Batch not preprepared. Not resurrecting. fromView=3 segId=0 sn=76 toView=4
03:50:55.922 DBG Batch not preprepared. Not resurrecting. fromView=3 segId=1 sn=45 toView=4
03:50:55.922 DBG Batch not preprepared. Not resurrecting. fromView=3 segId=0 sn=78 toView=4
03:50:55.922 DBG Batch not preprepared. Not resurrecting. fromView=3 segId=1 sn=47 toView=4
03:50:55.922 DBG Batch not preprepared. Not resurrecting. fromView=3 segId=0 sn=80 toView=4
03:50:55.922 DBG Batch not preprepared. Not resurrecting. fromView=3 segId=0 sn=82 toView=4
03:50:55.922 DBG Batch not preprepared. Not resurrecting. fromView=3 segId=1 sn=49 toView=4
03:50:55.922 DBG Batch not preprepared. Not resurrecting. fromView=3 segId=0 sn=84 toView=4
03:50:55.922 DBG Batch not preprepared. Not resurrecting. fromView=3 segId=1 sn=51 toView=4
03:50:55.922 DBG Batch not preprepared. Not resurrecting. fromView=3 segId=0 sn=86 toView=4
03:50:55.922 DBG Batch not preprepared. Not resurrecting. fromView=3 segId=1 sn=53 toView=4
03:50:55.923 DBG Batch not preprepared. Not resurrecting. fromView=3 segId=0 sn=88 toView=4
03:50:55.923 DBG Batch not preprepared. Not resurrecting. fromView=3 segId=1 sn=55 toView=4
03:50:55.923 DBG Batch not preprepared. Not resurrecting. fromView=3 segId=0 sn=90 toView=4
03:50:55.923 DBG Batch not preprepared. Not resurrecting. fromView=3 segId=1 sn=57 toView=4
03:50:55.923 DBG Batch not preprepared. Not resurrecting. fromView=3 segId=0 sn=92 toView=4
03:50:55.923 DBG Batch not preprepared. Not resurrecting. fromView=3 segId=1 sn=59 toView=4
03:50:55.923 DBG Batch not preprepared. Not resurrecting. fromView=3 segId=0 sn=94 toView=4
03:50:55.923 DBG Batch not preprepared. Not resurrecting. fromView=3 segId=1 sn=61 toView=4
03:50:55.923 DBG Batch not preprepared. Not resurrecting. fromView=3 segId=0 sn=96 toView=4
03:50:55.923 DBG Batch not preprepared. Not resurrecting. fromView=3 segId=1 sn=63 toView=4
03:50:55.923 DBG Batch not preprepared. Not resurrecting. fromView=3 segId=0 sn=98 toView=4
03:50:55.923 DBG Batch not preprepared. Not resurrecting. fromView=3 segId=1 sn=65 toView=4
03:50:55.923 DBG Batch not preprepared. Not resurrecting. fromView=3 segId=0 sn=100 toView=4
03:50:55.923 DBG Batch not preprepared. Not resurrecting. fromView=3 segId=1 sn=67 toView=4
03:50:55.924 DBG Batch not preprepared. Not resurrecting. fromView=3 segId=0 sn=102 toView=4
03:50:55.924 DBG Batch not preprepared. Not resurrecting. fromView=3 segId=1 sn=69 toView=4
03:50:55.924 DBG Batch not preprepared. Not resurrecting. fromView=3 segId=0 sn=104 toView=4
03:50:55.924 DBG Batch not preprepared. Not resurrecting. fromView=3 segId=1 sn=71 toView=4
03:50:55.924 DBG Batch not preprepared. Not resurrecting. fromView=3 segId=0 sn=106 toView=4
03:50:55.924 DBG Batch not preprepared. Not resurrecting. fromView=3 segId=1 sn=73 toView=4
03:50:55.924 DBG Batch not preprepared. Not resurrecting. fromView=3 segId=0 sn=108 toView=4
03:50:55.924 DBG Batch not preprepared. Not resurrecting. fromView=3 segId=1 sn=75 toView=4
03:50:55.924 DBG Batch not preprepared. Not resurrecting. fromView=3 segId=0 sn=110 toView=4
03:50:55.924 DBG Batch not preprepared. Not resurrecting. fromView=3 segId=1 sn=77 toView=4
03:50:55.924 DBG Batch not preprepared. Not resurrecting. fromView=3 segId=0 sn=112 toView=4
03:50:55.924 DBG Batch not preprepared. Not resurrecting. fromView=3 segId=1 sn=79 toView=4
03:50:55.924 DBG Batch not preprepared. Not resurrecting. fromView=3 segId=0 sn=114 toView=4
03:50:55.925 DBG Batch not preprepared. Not resurrecting. fromView=3 segId=1 sn=81 toView=4
03:50:55.925 DBG Batch not preprepared. Not resurrecting. fromView=3 segId=0 sn=116 toView=4
03:50:55.925 DBG Batch not preprepared. Not resurrecting. fromView=3 segId=1 sn=83 toView=4
03:50:55.925 DBG Batch not preprepared. Not resurrecting. fromView=3 segId=0 sn=118 toView=4
03:50:55.925 DBG Batch not preprepared. Not resurrecting. fromView=3 segId=1 sn=85 toView=4
03:50:55.925 DBG Batch not preprepared. Not resurrecting. fromView=3 segId=0 sn=120 toView=4
03:50:55.925 DBG Batch not preprepared. Not resurrecting. fromView=3 segId=1 sn=87 toView=4
03:50:55.925 DBG Batch not preprepared. Not resurrecting. fromView=3 segId=0 sn=122 toView=4
03:50:55.925 DBG Batch not preprepared. Not resurrecting. fromView=3 segId=1 sn=89 toView=4
03:50:55.925 DBG Batch not preprepared. Not resurrecting. fromView=3 segId=0 sn=124 toView=4
03:50:55.925 DBG Batch not preprepared. Not resurrecting. fromView=3 segId=1 sn=91 toView=4
03:50:55.925 DBG Batch not preprepared. Not resurrecting. fromView=3 segId=0 sn=126 toView=4
03:50:55.925 DBG Batch not preprepared. Not resurrecting. fromView=3 segId=1 sn=93 toView=4
03:50:55.926 DBG Batch not preprepared. Not resurrecting. fromView=3 segId=1 sn=95 toView=4
03:50:55.926 DBG Batch not preprepared. Not resurrecting. fromView=3 segId=1 sn=97 toView=4
03:50:55.926 DBG Batch not preprepared. Not resurrecting. fromView=3 segId=1 sn=99 toView=4
03:50:55.926 DBG Batch not preprepared. Not resurrecting. fromView=3 segId=1 sn=101 toView=4
03:50:55.926 INF Requesting VIEWCHANGE. receiverID=0 segID=0 senderID=1 view=4
03:50:55.926 DBG Batch not preprepared. Not resurrecting. fromView=3 segId=1 sn=103 toView=4
03:50:55.926 DBG Batch not preprepared. Not resurrecting. fromView=3 segId=1 sn=105 toView=4
03:50:55.926 DBG Batch not preprepared. Not resurrecting. fromView=3 segId=1 sn=107 toView=4
03:50:55.927 DBG Batch not preprepared. Not resurrecting. fromView=3 segId=1 sn=109 toView=4
03:50:55.927 DBG Batch not preprepared. Not resurrecting. fromView=3 segId=1 sn=111 toView=4
03:50:55.927 DBG Batch not preprepared. Not resurrecting. fromView=3 segId=1 sn=113 toView=4
03:50:55.927 DBG Batch not preprepared. Not resurrecting. fromView=3 segId=1 sn=115 toView=4
03:50:55.927 DBG Batch not preprepared. Not resurrecting. fromView=3 segId=1 sn=117 toView=4
03:50:55.927 DBG Batch not preprepared. Not resurrecting. fromView=3 segId=1 sn=119 toView=4
03:50:55.927 DBG Batch not preprepared. Not resurrecting. fromView=3 segId=1 sn=121 toView=4
03:50:55.928 DBG Batch not preprepared. Not resurrecting. fromView=3 segId=1 sn=123 toView=4
03:50:55.928 DBG Batch not preprepared. Not resurrecting. fromView=3 segId=1 sn=125 toView=4
03:50:55.928 DBG Batch not preprepared. Not resurrecting. fromView=3 segId=1 sn=127 toView=4
03:50:55.928 INF Requesting VIEWCHANGE. receiverID=1 segID=1 senderID=1 view=4
03:50:55.929 DBG Adding view change message. currentView=4 msgView=4 numViewChanges=1
03:50:55.929 INF Handling VIEWCHANGE. msgView=4 ownView=4 segID=1 senderID=0
03:50:55.929 INF Adding view change message. currentView=4 msgView=4 numViewChanges=2
03:51:57.995 ERR Expected EOF on Buckets RPC. error="rpc error: code = Canceled desc = context canceled"
03:51:57.995 INF Connection terminated. error="rpc error: code = Canceled desc = context canceled" address=127.0.0.1:36986
03:51:58.002 INF Stopping profiler.
03:51:58.002 INF Stopping Tracer. events=1981 fileName=experiment-output/0002/slave-003/peer.trc
==================
WARNING: DATA RACE
Read at 0x00c00092a000 by goroutine 115:
  runtime.racereadrange()
      <autogenerated>:1 +0x1b
  github.com/hyperledger-labs/mirbft/tracing.(*BufferedTrace).StopOnSignal.func1()
      /opt/gopath/src/github.com/hyperledger-labs/mirbft/tracing/bufferedtrace.go:298 +0x4e

Previous write at 0x00c00092a000 by goroutine 412:
  github.com/hyperledger-labs/mirbft/tracing.(*BufferedTrace).Event()
      /opt/gopath/src/github.com/hyperledger-labs/mirbft/tracing/bufferedtrace.go:105 +0x2d9
  github.com/hyperledger-labs/mirbft/manager.(*MirManager).handleLogEntries()
      /opt/gopath/src/github.com/hyperledger-labs/mirbft/manager/mirmanager.go:139 +0x1d8
  github.com/hyperledger-labs/mirbft/manager.(*MirManager).Startdwrap7()
      /opt/gopath/src/github.com/hyperledger-labs/mirbft/manager/mirmanager.go:101 +0x47

Goroutine 115 (running) created at:
  github.com/hyperledger-labs/mirbft/tracing.(*BufferedTrace).StopOnSignal()
      /opt/gopath/src/github.com/hyperledger-labs/mirbft/tracing/bufferedtrace.go:292 +0x172
  main.setUpTracing()
      /opt/gopath/src/github.com/hyperledger-labs/mirbft/cmd/orderingpeer/main.go:204 +0xf5
  main.main()
      /opt/gopath/src/github.com/hyperledger-labs/mirbft/cmd/orderingpeer/main.go:98 +0x9d6

Goroutine 412 (running) created at:
  github.com/hyperledger-labs/mirbft/manager.(*MirManager).Start()
      /opt/gopath/src/github.com/hyperledger-labs/mirbft/manager/mirmanager.go:101 +0x19e
  main.maindwrap4()
      /opt/gopath/src/github.com/hyperledger-labs/mirbft/cmd/orderingpeer/main.go:168 +0x59
==================
==================
WARNING: DATA RACE
Read at 0x00c00093d560 by goroutine 115:
  runtime.racereadrange()
      <autogenerated>:1 +0x1b
  github.com/hyperledger-labs/mirbft/tracing.(*BufferedTrace).StopOnSignal.func1()
      /opt/gopath/src/github.com/hyperledger-labs/mirbft/tracing/bufferedtrace.go:298 +0x4e

Previous write at 0x00c00093d560 by goroutine 114:
  github.com/hyperledger-labs/mirbft/tracing.(*BufferedTrace).Event()
      /opt/gopath/src/github.com/hyperledger-labs/mirbft/tracing/bufferedtrace.go:105 +0x2d9
  github.com/hyperledger-labs/mirbft/profiling.StartCPUTracing.func1()
      /opt/gopath/src/github.com/hyperledger-labs/mirbft/profiling/cpuusage.go:31 +0x95

Goroutine 115 (running) created at:
  github.com/hyperledger-labs/mirbft/tracing.(*BufferedTrace).StopOnSignal()
      /opt/gopath/src/github.com/hyperledger-labs/mirbft/tracing/bufferedtrace.go:292 +0x172
  main.setUpTracing()
      /opt/gopath/src/github.com/hyperledger-labs/mirbft/cmd/orderingpeer/main.go:204 +0xf5
  main.main()
      /opt/gopath/src/github.com/hyperledger-labs/mirbft/cmd/orderingpeer/main.go:98 +0x9d6

Goroutine 114 (running) created at:
  github.com/hyperledger-labs/mirbft/profiling.StartCPUTracing()
      /opt/gopath/src/github.com/hyperledger-labs/mirbft/profiling/cpuusage.go:28 +0xb6
  main.setUpTracing()
      /opt/gopath/src/github.com/hyperledger-labs/mirbft/cmd/orderingpeer/main.go:196 +0x85
  main.main()
      /opt/gopath/src/github.com/hyperledger-labs/mirbft/cmd/orderingpeer/main.go:98 +0x9d6
==================
03:51:58.022 INF Trace data written.
03:51:58.175 INF Profile data written. filename=experiment-output/0002/slave-003/prof.cpu name=cpu
03:51:58.240 INF Profile data written. filename=experiment-output/0002/slave-003/prof.block name=block
03:51:58.266 INF Profile data written. filename=experiment-output/0002/slave-003/prof.mutex name=mutex
