{"level":"debug","Logging":"debug","time":"2022-08-17T15:40:02+08:00","message":"Config"}
{"level":"debug","UseTLS":false,"time":"2022-08-17T15:40:02+08:00","message":"Config"}
{"level":"debug","CACertFile":"tls-data/ca.pem","time":"2022-08-17T15:40:02+08:00","message":"Config"}
{"level":"debug","KeyFile":"tls-data/auth.key","time":"2022-08-17T15:40:02+08:00","message":"Config"}
{"level":"debug","CertFile":"tls-data/auth.pem","time":"2022-08-17T15:40:02+08:00","message":"Config"}
{"level":"debug","PriorityConnections":2,"time":"2022-08-17T15:40:02+08:00","message":"Config"}
{"level":"debug","BasicConnections":2,"time":"2022-08-17T15:40:02+08:00","message":"Config"}
{"level":"debug","TestConnections":false,"time":"2022-08-17T15:40:02+08:00","message":"Config"}
{"level":"debug","ExcessConnections":1,"time":"2022-08-17T15:40:02+08:00","message":"Config"}
{"level":"debug","ConnectionTestMsgs":4,"time":"2022-08-17T15:40:02+08:00","message":"Config"}
{"level":"debug","ConnectionTestPayload":131072,"time":"2022-08-17T15:40:02+08:00","message":"Config"}
{"level":"debug","OutMessageBufsize":1024,"time":"2022-08-17T15:40:02+08:00","message":"Config"}
{"level":"debug","OutMessageBufsize":2,"time":"2022-08-17T15:40:02+08:00","message":"Config"}
{"level":"debug","ThroughputCap":131072000,"time":"2022-08-17T15:40:02+08:00","message":"Config"}
{"level":"debug","StragglerTolerance":1000,"time":"2022-08-17T15:40:02+08:00","message":"Config"}
{"level":"debug","BatchSizeIncrement":256,"time":"2022-08-17T15:40:02+08:00","message":"Config"}
{"level":"debug","Orderer":"Pbft","time":"2022-08-17T15:40:02+08:00","message":"Config"}
{"level":"debug","Manager":"Mir","time":"2022-08-17T15:40:02+08:00","message":"Config"}
{"level":"debug","Failures":2,"time":"2022-08-17T15:40:02+08:00","message":"Config"}
{"level":"debug","CrashTiming":"Straggler","time":"2022-08-17T15:40:02+08:00","message":"Config"}
{"level":"debug","CheckpointInterval":256,"time":"2022-08-17T15:40:02+08:00","message":"Config"}
{"level":"debug","WatermarkWindowSize":256,"time":"2022-08-17T15:40:02+08:00","message":"Config"}
{"level":"debug","EpochLength":256,"time":"2022-08-17T15:40:02+08:00","message":"Config"}
{"level":"debug","SegmentLength":32,"time":"2022-08-17T15:40:02+08:00","message":"Config"}
{"level":"debug","WaitForCheckpoints":true,"time":"2022-08-17T15:40:02+08:00","message":"Config"}
{"level":"debug","ClientWatermarkWindowSize":4194304,"time":"2022-08-17T15:40:02+08:00","message":"Config"}
{"level":"debug","ClientRequestBacklogSize":4194304,"time":"2022-08-17T15:40:02+08:00","message":"Config"}
{"level":"debug","RandomSeed":16820,"time":"2022-08-17T15:40:02+08:00","message":"Config"}
{"level":"debug","NodeToLeaderRatio":1,"time":"2022-08-17T15:40:02+08:00","message":"Config"}
{"level":"debug","LeaderPolicy":"SimulatedRandomFailures","time":"2022-08-17T15:40:02+08:00","message":"Config"}
{"level":"debug","DefaultLeaderBan":2,"time":"2022-08-17T15:40:02+08:00","message":"Config"}
{"level":"debug","NumBuckets":128,"time":"2022-08-17T15:40:02+08:00","message":"Config"}
{"level":"debug","BatchSize":1000,"time":"2022-08-17T15:40:02+08:00","message":"Config"}
{"level":"debug","DisabledViewChange":false,"time":"2022-08-17T15:40:02+08:00","message":"Config"}
{"level":"debug","ViewChangeTimeout":60000,"time":"2022-08-17T15:40:02+08:00","message":"Config"}
{"level":"debug","ClientTraceSampling":10,"time":"2022-08-17T15:40:02+08:00","message":"Config"}
{"level":"debug","EventBufferSize":2097152,"time":"2022-08-17T15:40:02+08:00","message":"Config"}
{"level":"debug","TraceSampling":1,"time":"2022-08-17T15:40:02+08:00","message":"Config"}
{"level":"debug","ClientsPerProcess":1,"time":"2022-08-17T15:40:02+08:00","message":"Config"}
{"level":"debug","RequestsPerClient":15360,"time":"2022-08-17T15:40:02+08:00","message":"Config"}
{"level":"debug","ClientRunTime":30000,"time":"2022-08-17T15:40:02+08:00","message":"Config"}
{"level":"debug","RequestRate":256,"time":"2022-08-17T15:40:02+08:00","message":"Config"}
{"level":"debug","HardRequestRateLimit":false,"time":"2022-08-17T15:40:02+08:00","message":"Config"}
{"level":"debug","RequestPayloadSize":500,"time":"2022-08-17T15:40:02+08:00","message":"Config"}
{"level":"debug","SignRequests":true,"time":"2022-08-17T15:40:02+08:00","message":"Config"}
{"level":"debug","ClientPrivKeyFile":"tls-data/client-ecdsa-256.key","time":"2022-08-17T15:40:02+08:00","message":"Config"}
{"level":"debug","ClientPubKeyFile":"tls-data/client-ecdsa-256.pem","time":"2022-08-17T15:40:02+08:00","message":"Config"}
{"level":"debug","PrecomputeRequests":false,"time":"2022-08-17T15:40:02+08:00","message":"Config"}
{"level":"debug","RequestHandlerThreads":32,"time":"2022-08-17T15:40:02+08:00","message":"Config"}
{"level":"debug","RequestInputChannelBuffer":8192,"time":"2022-08-17T15:40:02+08:00","message":"Config"}
{"level":"debug","BatchVerifier":"external","time":"2022-08-17T15:40:02+08:00","message":"Config"}
07:40:02.610 INF Registered with discovery server. numPeers=8 ownID=4
07:40:02.611 INF Profiling enabled.
07:40:02.611 INF Setting up profiling.
07:40:02.611 INF Started Profiler: CPU
07:40:02.611 INF Started Profiler: BLOCK
07:40:02.611 INF Started Profiler: MUTEX
07:40:02.611 INF Profiler will stop on signal. exit=true
07:40:02.613 INF Tracing will stop on signal. exit=false
07:40:02.613 INF Started tracing. traceFile=experiment-output/0000/slave-007/peer.trc
07:40:02.615 DBG Starting backlog.
07:40:02.615 INF Listening for connections. port=10044 useTLS=false
07:40:02.615 INF Connecting to peer. addr=127.0.0.1:10044 basicConns=2 priorityConns=2
07:40:02.615 INF Connecting to peer. addr=127.0.0.1:10055 basicConns=2 priorityConns=2
07:40:02.615 INF Connecting to peer. addr=127.0.0.1:10066 basicConns=2 priorityConns=2
07:40:02.617 INF Connecting to peer. addr=127.0.0.1:10077 basicConns=2 priorityConns=2
07:40:02.630 INF Connecting to peer. addr=127.0.0.1:10011 basicConns=2 priorityConns=2
07:40:02.629 INF Connecting to peer. addr=127.0.0.1:10000 basicConns=2 priorityConns=2
07:40:02.631 INF Connecting to peer. addr=127.0.0.1:10022 basicConns=2 priorityConns=2
07:40:02.656 INF Connecting to peer. addr=127.0.0.1:10033 basicConns=2 priorityConns=2
07:40:02.724 INF Incoming connection for protocol messages. addr=127.0.0.1:32822
07:40:02.725 INF Incoming connection for protocol messages. addr=127.0.0.1:32794
07:40:02.726 INF Incoming connection for protocol messages. addr=127.0.0.1:32828
07:40:02.728 INF Incoming connection for protocol messages. addr=127.0.0.1:33210
07:40:02.728 INF Incoming connection for protocol messages. addr=127.0.0.1:32866
07:40:02.728 INF Incoming connection for protocol messages. addr=127.0.0.1:32972
07:40:02.728 INF Incoming connection for protocol messages. addr=127.0.0.1:32850
07:40:02.728 INF Incoming connection for protocol messages. addr=127.0.0.1:33042
07:40:02.730 INF Incoming connection for protocol messages. addr=127.0.0.1:33102
07:40:02.731 INF Incoming connection for protocol messages. addr=127.0.0.1:33040
07:40:02.732 INF Incoming connection for protocol messages. addr=127.0.0.1:33114
07:40:02.732 INF Incoming connection for protocol messages. addr=127.0.0.1:33148
07:40:02.733 INF Incoming connection for protocol messages. addr=127.0.0.1:32968
07:40:02.733 INF Incoming connection for protocol messages. addr=127.0.0.1:32950
07:40:02.734 INF Incoming connection for protocol messages. addr=127.0.0.1:33200
07:40:02.734 INF Incoming connection for protocol messages. addr=127.0.0.1:33084
07:40:02.735 INF Incoming connection for protocol messages. addr=127.0.0.1:32830
07:40:02.735 INF Incoming connection for protocol messages. addr=127.0.0.1:33008
07:40:02.735 INF Incoming connection for protocol messages. addr=127.0.0.1:33022
07:40:02.735 INF Incoming connection for protocol messages. addr=127.0.0.1:33230
07:40:02.736 INF Incoming connection for protocol messages. addr=127.0.0.1:33036
07:40:02.736 INF Incoming connection for protocol messages. addr=127.0.0.1:33150
07:40:02.737 INF Incoming connection for protocol messages. addr=127.0.0.1:33056
07:40:02.737 INF Incoming connection for protocol messages. addr=127.0.0.1:33030
07:40:02.738 INF Incoming connection for protocol messages. addr=127.0.0.1:32956
07:40:02.738 INF Incoming connection for protocol messages. addr=127.0.0.1:32888
07:40:02.739 INF Incoming connection for protocol messages. addr=127.0.0.1:32872
07:40:02.739 INF Incoming connection for protocol messages. addr=127.0.0.1:33064
07:40:02.739 DBG Connected. peerID=5
07:40:02.739 INF Incoming connection for protocol messages. addr=127.0.0.1:33116
07:40:02.739 INF Incoming connection for protocol messages. addr=127.0.0.1:33060
07:40:02.740 DBG Connected. peerID=6
07:40:02.740 DBG Connected. peerID=4
07:40:02.741 INF Incoming connection for protocol messages. addr=127.0.0.1:32900
07:40:02.741 INF Incoming connection for protocol messages. addr=127.0.0.1:33190
07:40:02.741 DBG Connected. peerID=1
07:40:02.741 DBG Connected. peerID=7
07:40:02.741 DBG Connected. peerID=0
07:40:02.742 DBG Connected. peerID=2
07:40:02.742 DBG Connected. peerID=3
07:40:02.742 INF Connected to all peers.
07:40:02.746 INF All peers finished connecting. Starting ISS.
07:40:02.747 DBG Buckets for 0-th leader 0: [0 8 16 24 32 40 48 56 64 72 80 88 96 104 112 120 18 42 66 90 114]
07:40:02.747 DBG Buckets for 1-th leader 3: [3 11 19 27 35 43 51 59 67 75 83 91 99 107 115 123 1 25 49 73 97 121]
07:40:02.747 DBG Buckets for 2-th leader 4: [4 12 20 28 36 44 52 60 68 76 84 92 100 108 116 124 2 26 50 74 98 122]
07:40:02.747 DBG Buckets for 3-th leader 5: [5 13 21 29 37 45 53 61 69 77 85 93 101 109 117 125 9 33 57 81 105]
07:40:02.747 DBG Buckets for 4-th leader 6: [6 14 22 30 38 46 54 62 70 78 86 94 102 110 118 126 10 34 58 82 106]
07:40:02.747 DBG Buckets for 5-th leader 7: [7 15 23 31 39 47 55 63 71 79 87 95 103 111 119 127 17 41 65 89 113]
07:40:02.748 INF PbftOrderer received a new segment: [4 10 16 22 28 34 40 46 52 58 64 70 76 82 88 94 100 106 112 118 124 130 136 142 148 154 160 166 172 178 184 190] first leader=6 firstSN=4 lastSN=190 len=32 length=32 segId=4
07:40:02.748 INF Starting new view. segID=4 timeout=60000 view=0
07:40:02.748 DBG Starting timer. sn=4 view=0
07:40:02.748 INF Starting PBFT instance. first=4 last=190 segID=4
07:40:02.749 DBG Subscribing to backlog. segID=4
07:40:02.749 INF Starting serialized message processing. segID=4
07:40:02.749 INF PbftOrderer received a new segment: [5 11 17 23 29 35 41 47 53 59 65 71 77 83 89 95 101 107 113 119 125 131 137 143 149 155 161 167 173 179 185 191] first leader=7 firstSN=5 lastSN=191 len=32 length=32 segId=5
07:40:02.749 INF Starting new view. segID=5 timeout=60000 view=0
07:40:02.749 DBG Starting timer. sn=5 view=0
07:40:02.749 INF Starting PBFT instance. first=5 last=191 segID=5
07:40:02.750 DBG Subscribing to backlog. segID=5
07:40:02.750 INF Starting serialized message processing. segID=5
07:40:02.750 INF PbftOrderer received a new segment: [0 6 12 18 24 30 36 42 48 54 60 66 72 78 84 90 96 102 108 114 120 126 132 138 144 150 156 162 168 174 180 186] first leader=0 firstSN=0 lastSN=186 len=32 length=32 segId=0
07:40:02.750 INF Starting new view. segID=0 timeout=60000 view=0
07:40:02.750 DBG Starting timer. sn=0 view=0
07:40:02.751 INF Starting PBFT instance. first=0 last=186 segID=0
07:40:02.751 DBG Subscribing to backlog. segID=0
07:40:02.751 INF Starting serialized message processing. segID=0
07:40:02.751 INF PbftOrderer received a new segment: [1 7 13 19 25 31 37 43 49 55 61 67 73 79 85 91 97 103 109 115 121 127 133 139 145 151 157 163 169 175 181 187] first leader=3 firstSN=1 lastSN=187 len=32 length=32 segId=1
07:40:02.751 INF Starting new view. segID=1 timeout=60000 view=0
07:40:02.752 DBG Starting timer. sn=1 view=0
07:40:02.752 INF Starting PBFT instance. first=1 last=187 segID=1
07:40:02.752 DBG Subscribing to backlog. segID=1
07:40:02.752 INF Starting serialized message processing. segID=1
07:40:02.752 INF PbftOrderer received a new segment: [2 8 14 20 26 32 38 44 50 56 62 68 74 80 86 92 98 104 110 116 122 128 134 140 146 152 158 164 170 176 182 188] first leader=4 firstSN=2 lastSN=188 len=32 length=32 segId=2
07:40:02.753 INF Starting new view. segID=2 timeout=60000 view=0
07:40:02.753 DBG Starting timer. sn=2 view=0
07:40:02.753 INF Starting PBFT instance. first=2 last=188 segID=2
07:40:02.753 DBG Subscribing to backlog. segID=2
07:40:02.753 DBG Leading segment. segID=2
07:40:02.753 INF Starting serialized message processing. segID=2
07:40:02.754 DBG Waiting for batch. batchSize=4096
07:40:02.754 INF PbftOrderer received a new segment: [3 9 15 21 27 33 39 45 51 57 63 69 75 81 87 93 99 105 111 117 123 129 135 141 147 153 159 165 171 177 183 189] first leader=5 firstSN=3 lastSN=189 len=32 length=32 segId=3
07:40:02.754 INF Starting new view. segID=3 timeout=60000 view=0
07:40:02.754 DBG Starting timer. sn=3 view=0
07:40:02.754 INF Starting PBFT instance. first=3 last=189 segID=3
07:40:02.755 DBG Subscribing to backlog. segID=3
07:40:02.755 INF Starting serialized message processing. segID=3
07:40:02.773 INF Connection terminated. error="rpc error: code = Canceled desc = context canceled" address=127.0.0.1:33102
07:40:02.773 INF Connection terminated. error="rpc error: code = Canceled desc = context canceled" address=127.0.0.1:33040
07:40:02.773 INF Connection terminated. error="rpc error: code = Canceled desc = context canceled" address=127.0.0.1:33042
07:40:02.773 INF Connection terminated. error="rpc error: code = Canceled desc = context canceled" address=127.0.0.1:32950
07:40:02.775 INF Connection terminated. error="rpc error: code = Canceled desc = context canceled" address=127.0.0.1:33210
07:40:02.775 INF Connection terminated. error="rpc error: code = Canceled desc = context canceled" address=127.0.0.1:33150
07:40:02.775 INF Connection terminated. error="rpc error: code = Canceled desc = context canceled" address=127.0.0.1:33230
07:40:02.776 INF Connection terminated. error="rpc error: code = Canceled desc = context canceled" address=127.0.0.1:33114
07:40:04.785 INF Incoming connection for requests. addr=127.0.0.1:33308
07:40:32.754 DBG Batch ready. batchSize=4096
07:40:32.756 DBG Batch cut. left=0 nBuckets=22 nReq=1229 next=0
07:40:32.774 DBG Waiting for batch. batchSize=4096
07:40:32.809 INF Sending PREPREPARE. nReq=1229 senderID=4 sn=2 view=0
07:40:32.956 INF Handling PREPREPARE. nReq=1229 senderID=3 sn=1
07:40:32.957 DBG Creating new Batch. nReq=1229
07:40:32.960 INF Handling PREPREPARE. nReq=1174 senderID=6 sn=4
07:40:32.960 DBG Creating new Batch. nReq=1174
07:40:32.968 ERR Failed to send protocol message. Dropping all future outgoing protocol messages. error=EOF
07:40:32.973 ERR Failed to send protocol message. Dropping all future outgoing protocol messages. error=EOF
07:40:33.032 INF Handling PREPREPARE. nReq=1175 senderID=0 sn=0
07:40:33.039 DBG Creating new Batch. nReq=1175
07:40:33.033 INF Handling PREPREPARE. nReq=1174 senderID=7 sn=5
07:40:33.056 DBG Creating new Batch. nReq=1174
07:40:33.140 INF Handling PREPREPARE. nReq=1174 senderID=5 sn=3
07:40:33.140 DBG Creating new Batch. nReq=1174
07:40:33.383 DBG Sending PREPARE. senderID=4 sn=1 view=0
07:40:33.432 DBG Sending PREPARE. senderID=4 sn=4 view=0
07:40:33.443 DBG Sending COMMIT. senderID=4 sn=4 view=0
07:40:33.448 INF Committed entry. latency=0 nReq=1174 sn=4
07:40:33.449 DBG Starting timer. sn=10 view=0
07:40:33.450 DBG Sending PREPARE. senderID=4 sn=0 view=0
07:40:33.455 DBG Sending PREPARE. senderID=4 sn=3 view=0
07:40:33.460 DBG Sending PREPARE. senderID=4 sn=5 view=0
07:40:33.502 DBG Sending COMMIT. senderID=4 sn=0 view=0
07:40:33.503 DBG Sending COMMIT. senderID=4 sn=1 view=0
07:40:33.507 INF Committed entry. latency=0 nReq=1175 sn=0
07:40:33.507 INF Delivered batch. nReq=1175 sn=0
07:40:33.507 DBG Starting timer. sn=6 view=0
07:40:33.507 INF Committed entry. latency=0 nReq=1229 sn=1
07:40:33.508 INF Delivered batch. nReq=1229 sn=1
07:40:33.508 DBG Starting timer. sn=7 view=0
07:40:33.526 DBG Sending COMMIT. senderID=4 sn=2 view=0
07:40:33.526 DBG Sending COMMIT. senderID=4 sn=3 view=0
07:40:33.534 DBG Sending COMMIT. senderID=4 sn=5 view=0
07:40:33.536 INF Committed entry. latency=0 nReq=1229 sn=2
07:40:33.536 INF Delivered batch. nReq=1229 sn=2
07:40:33.536 DBG Starting timer. sn=8 view=0
07:40:33.537 INF Committed entry. latency=0 nReq=1174 sn=3
07:40:33.537 INF Delivered batch. nReq=1174 sn=3
07:40:33.537 INF Delivered batch. nReq=1174 sn=4
07:40:33.537 DBG Starting timer. sn=9 view=0
07:40:33.541 INF Committed entry. latency=0 nReq=1174 sn=5
07:40:33.542 INF Delivered batch. nReq=1174 sn=5
07:40:33.542 DBG Starting timer. sn=11 view=0
07:41:02.770 INF Handling PREPREPARE. nReq=92 senderID=3 sn=7
07:41:02.770 DBG Creating new Batch. nReq=92
07:41:02.772 INF Handling PREPREPARE. nReq=86 senderID=5 sn=9
07:41:02.773 DBG Creating new Batch. nReq=86
07:41:02.773 INF Handling PREPREPARE. nReq=86 senderID=7 sn=11
07:41:02.773 DBG Creating new Batch. nReq=86
07:41:02.776 DBG Batch ready. batchSize=4096
07:41:02.776 DBG Batch cut. left=0 nBuckets=22 nReq=91 next=0
07:41:02.780 INF Handling PREPREPARE. nReq=86 senderID=0 sn=6
07:41:02.780 DBG Creating new Batch. nReq=86
07:41:02.780 INF Handling PREPREPARE. nReq=86 senderID=6 sn=10
07:41:02.781 DBG Creating new Batch. nReq=86
07:41:02.790 DBG Waiting for batch. batchSize=4096
07:41:02.794 INF Sending PREPREPARE. nReq=91 senderID=4 sn=8 view=0
07:41:02.808 DBG Sending PREPARE. senderID=4 sn=9 view=0
07:41:02.809 DBG Sending COMMIT. senderID=4 sn=9 view=0
07:41:02.810 DBG Sending PREPARE. senderID=4 sn=6 view=0
07:41:02.810 DBG Sending COMMIT. senderID=4 sn=6 view=0
07:41:02.811 DBG Sending PREPARE. senderID=4 sn=11 view=0
07:41:02.811 DBG Sending COMMIT. senderID=4 sn=11 view=0
07:41:02.811 INF Committed entry. latency=0 nReq=86 sn=9
07:41:02.812 DBG Starting timer. sn=15 view=0
07:41:02.812 INF Committed entry. latency=0 nReq=86 sn=11
07:41:02.812 DBG Starting timer. sn=17 view=0
07:41:02.814 DBG Sending PREPARE. senderID=4 sn=7 view=0
07:41:02.814 DBG Sending COMMIT. senderID=4 sn=7 view=0
07:41:02.814 DBG Sending PREPARE. senderID=4 sn=10 view=0
07:41:02.814 INF Committed entry. latency=0 nReq=86 sn=6
07:41:02.815 INF Delivered batch. nReq=86 sn=6
07:41:02.815 DBG Sending COMMIT. senderID=4 sn=10 view=0
07:41:02.815 INF Committed entry. latency=0 nReq=92 sn=7
07:41:02.815 INF Delivered batch. nReq=92 sn=7
07:41:02.815 DBG Starting timer. sn=12 view=0
07:41:02.815 DBG Starting timer. sn=13 view=0
07:41:02.816 INF Committed entry. latency=0 nReq=86 sn=10
07:41:02.816 DBG Starting timer. sn=16 view=0
07:41:02.835 DBG Sending COMMIT. senderID=4 sn=8 view=0
07:41:02.838 INF Committed entry. latency=0 nReq=91 sn=8
07:41:02.838 INF Delivered batch. nReq=91 sn=8
07:41:02.838 INF Delivered batch. nReq=86 sn=9
07:41:02.839 INF Delivered batch. nReq=86 sn=10
07:41:02.839 INF Delivered batch. nReq=86 sn=11
07:41:02.839 DBG Starting timer. sn=14 view=0
07:41:03.817 INF Connection terminated. error="rpc error: code = Canceled desc = context canceled" address=127.0.0.1:33308
07:41:03.818 INF Finished sending bucket assignments to client. clId=0
07:41:04.227 INF Stopping profiler.
07:41:04.227 INF Stopping Tracer. events=144 fileName=experiment-output/0000/slave-007/peer.trc
==================
WARNING: DATA RACE
Read at 0x00c00093a000 by goroutine 115:
  runtime.racereadrange()
      <autogenerated>:1 +0x1b
  github.com/hyperledger-labs/mirbft/tracing.(*BufferedTrace).StopOnSignal.func1()
      /opt/gopath/src/github.com/hyperledger-labs/mirbft/tracing/bufferedtrace.go:298 +0x4e

Previous write at 0x00c00093a000 by goroutine 492:
  github.com/hyperledger-labs/mirbft/tracing.(*BufferedTrace).Event()
      /opt/gopath/src/github.com/hyperledger-labs/mirbft/tracing/bufferedtrace.go:105 +0x2d9
  github.com/hyperledger-labs/mirbft/manager.(*MirManager).handleLogEntries()
      /opt/gopath/src/github.com/hyperledger-labs/mirbft/manager/mirmanager.go:139 +0x1d8
  github.com/hyperledger-labs/mirbft/manager.(*MirManager).Start路dwrap路7()
      /opt/gopath/src/github.com/hyperledger-labs/mirbft/manager/mirmanager.go:101 +0x47

Goroutine 115 (running) created at:
  github.com/hyperledger-labs/mirbft/tracing.(*BufferedTrace).StopOnSignal()
      /opt/gopath/src/github.com/hyperledger-labs/mirbft/tracing/bufferedtrace.go:292 +0x172
  main.setUpTracing()
      /opt/gopath/src/github.com/hyperledger-labs/mirbft/cmd/orderingpeer/main.go:204 +0xf5
  main.main()
      /opt/gopath/src/github.com/hyperledger-labs/mirbft/cmd/orderingpeer/main.go:98 +0x9d6

Goroutine 492 (running) created at:
  github.com/hyperledger-labs/mirbft/manager.(*MirManager).Start()
      /opt/gopath/src/github.com/hyperledger-labs/mirbft/manager/mirmanager.go:101 +0x19e
  main.main路dwrap路4()
      /opt/gopath/src/github.com/hyperledger-labs/mirbft/cmd/orderingpeer/main.go:168 +0x59
==================
==================
WARNING: DATA RACE
Read at 0x00c00093b658 by goroutine 115:
  runtime.racereadrange()
      <autogenerated>:1 +0x1b
  github.com/hyperledger-labs/mirbft/tracing.(*BufferedTrace).StopOnSignal.func1()
      /opt/gopath/src/github.com/hyperledger-labs/mirbft/tracing/bufferedtrace.go:298 +0x4e

Previous write at 0x00c00093b658 by goroutine 114:
  github.com/hyperledger-labs/mirbft/tracing.(*BufferedTrace).Event()
      /opt/gopath/src/github.com/hyperledger-labs/mirbft/tracing/bufferedtrace.go:105 +0x2d9
  github.com/hyperledger-labs/mirbft/profiling.StartCPUTracing.func1()
      /opt/gopath/src/github.com/hyperledger-labs/mirbft/profiling/cpuusage.go:31 +0x95

Goroutine 115 (running) created at:
  github.com/hyperledger-labs/mirbft/tracing.(*BufferedTrace).StopOnSignal()
      /opt/gopath/src/github.com/hyperledger-labs/mirbft/tracing/bufferedtrace.go:292 +0x172
  main.setUpTracing()
      /opt/gopath/src/github.com/hyperledger-labs/mirbft/cmd/orderingpeer/main.go:204 +0xf5
  main.main()
      /opt/gopath/src/github.com/hyperledger-labs/mirbft/cmd/orderingpeer/main.go:98 +0x9d6

Goroutine 114 (running) created at:
  github.com/hyperledger-labs/mirbft/profiling.StartCPUTracing()
      /opt/gopath/src/github.com/hyperledger-labs/mirbft/profiling/cpuusage.go:28 +0xb6
  main.setUpTracing()
      /opt/gopath/src/github.com/hyperledger-labs/mirbft/cmd/orderingpeer/main.go:196 +0x85
  main.main()
      /opt/gopath/src/github.com/hyperledger-labs/mirbft/cmd/orderingpeer/main.go:98 +0x9d6
==================
07:41:04.230 INF Trace data written.
07:41:04.268 INF Profile data written. filename=experiment-output/0000/slave-007/prof.mutex name=mutex
07:41:04.475 INF Profile data written. filename=experiment-output/0000/slave-007/prof.cpu name=cpu
07:41:04.484 INF Connection terminated. error="rpc error: code = Canceled desc = context canceled" address=127.0.0.1:32956
07:41:04.484 INF Connection terminated. error="rpc error: code = Canceled desc = context canceled" address=127.0.0.1:33056
07:41:04.484 INF Connection terminated. error="rpc error: code = Canceled desc = context canceled" address=127.0.0.1:33190
07:41:04.484 INF Connection terminated. error="rpc error: code = Canceled desc = context canceled" address=127.0.0.1:33200
07:41:04.521 INF Profile data written. filename=experiment-output/0000/slave-007/prof.block name=block
