{"level":"debug","Logging":"debug","time":"2022-11-25T20:05:01+08:00","message":"Config"}
{"level":"debug","UseTLS":false,"time":"2022-11-25T20:05:01+08:00","message":"Config"}
{"level":"debug","CACertFile":"tls-data/ca.pem","time":"2022-11-25T20:05:01+08:00","message":"Config"}
{"level":"debug","KeyFile":"tls-data/auth.key","time":"2022-11-25T20:05:01+08:00","message":"Config"}
{"level":"debug","CertFile":"tls-data/auth.pem","time":"2022-11-25T20:05:01+08:00","message":"Config"}
{"level":"debug","PriorityConnections":2,"time":"2022-11-25T20:05:01+08:00","message":"Config"}
{"level":"debug","BasicConnections":4,"time":"2022-11-25T20:05:01+08:00","message":"Config"}
{"level":"debug","TestConnections":false,"time":"2022-11-25T20:05:01+08:00","message":"Config"}
{"level":"debug","ExcessConnections":1,"time":"2022-11-25T20:05:01+08:00","message":"Config"}
{"level":"debug","ConnectionTestMsgs":4,"time":"2022-11-25T20:05:01+08:00","message":"Config"}
{"level":"debug","ConnectionTestPayload":131072,"time":"2022-11-25T20:05:01+08:00","message":"Config"}
{"level":"debug","OutMessageBufsize":1024,"time":"2022-11-25T20:05:01+08:00","message":"Config"}
{"level":"debug","OutMessageBufsize":1,"time":"2022-11-25T20:05:01+08:00","message":"Config"}
{"level":"debug","ThroughputCap":131072000,"time":"2022-11-25T20:05:01+08:00","message":"Config"}
{"level":"debug","StragglerTolerance":1000,"time":"2022-11-25T20:05:01+08:00","message":"Config"}
{"level":"debug","BatchSizeIncrement":256,"time":"2022-11-25T20:05:01+08:00","message":"Config"}
{"level":"debug","Orderer":"Pbft","time":"2022-11-25T20:05:01+08:00","message":"Config"}
{"level":"debug","Manager":"Mir","time":"2022-11-25T20:05:01+08:00","message":"Config"}
{"level":"debug","Failures":0,"time":"2022-11-25T20:05:01+08:00","message":"Config"}
{"level":"debug","CrashTiming":"Straggler","time":"2022-11-25T20:05:01+08:00","message":"Config"}
{"level":"debug","CheckpointInterval":256,"time":"2022-11-25T20:05:01+08:00","message":"Config"}
{"level":"debug","WatermarkWindowSize":256,"time":"2022-11-25T20:05:01+08:00","message":"Config"}
{"level":"debug","EpochLength":256,"time":"2022-11-25T20:05:01+08:00","message":"Config"}
{"level":"debug","SegmentLength":64,"time":"2022-11-25T20:05:01+08:00","message":"Config"}
{"level":"debug","WaitForCheckpoints":true,"time":"2022-11-25T20:05:01+08:00","message":"Config"}
{"level":"debug","ClientWatermarkWindowSize":4194304,"time":"2022-11-25T20:05:01+08:00","message":"Config"}
{"level":"debug","ClientRequestBacklogSize":4194304,"time":"2022-11-25T20:05:01+08:00","message":"Config"}
{"level":"debug","RandomSeed":22863,"time":"2022-11-25T20:05:01+08:00","message":"Config"}
{"level":"debug","NodeToLeaderRatio":1,"time":"2022-11-25T20:05:01+08:00","message":"Config"}
{"level":"debug","LeaderPolicy":"Blacklist","time":"2022-11-25T20:05:01+08:00","message":"Config"}
{"level":"debug","DefaultLeaderBan":2,"time":"2022-11-25T20:05:01+08:00","message":"Config"}
{"level":"debug","NumBuckets":64,"time":"2022-11-25T20:05:01+08:00","message":"Config"}
{"level":"debug","BatchSize":1000,"time":"2022-11-25T20:05:01+08:00","message":"Config"}
{"level":"debug","DisabledViewChange":false,"time":"2022-11-25T20:05:01+08:00","message":"Config"}
{"level":"debug","ViewChangeTimeout":60000,"time":"2022-11-25T20:05:01+08:00","message":"Config"}
{"level":"debug","ClientTraceSampling":10,"time":"2022-11-25T20:05:01+08:00","message":"Config"}
{"level":"debug","EventBufferSize":2097152,"time":"2022-11-25T20:05:01+08:00","message":"Config"}
{"level":"debug","TraceSampling":1,"time":"2022-11-25T20:05:01+08:00","message":"Config"}
{"level":"debug","ClientsPerProcess":1,"time":"2022-11-25T20:05:01+08:00","message":"Config"}
{"level":"debug","RequestsPerClient":15360,"time":"2022-11-25T20:05:01+08:00","message":"Config"}
{"level":"debug","ClientRunTime":30000,"time":"2022-11-25T20:05:01+08:00","message":"Config"}
{"level":"debug","RequestRate":256,"time":"2022-11-25T20:05:01+08:00","message":"Config"}
{"level":"debug","HardRequestRateLimit":false,"time":"2022-11-25T20:05:01+08:00","message":"Config"}
{"level":"debug","RequestPayloadSize":500,"time":"2022-11-25T20:05:01+08:00","message":"Config"}
{"level":"debug","SignRequests":true,"time":"2022-11-25T20:05:01+08:00","message":"Config"}
{"level":"debug","ClientPrivKeyFile":"tls-data/client-ecdsa-256.key","time":"2022-11-25T20:05:01+08:00","message":"Config"}
{"level":"debug","ClientPubKeyFile":"tls-data/client-ecdsa-256.pem","time":"2022-11-25T20:05:01+08:00","message":"Config"}
{"level":"debug","PrecomputeRequests":false,"time":"2022-11-25T20:05:01+08:00","message":"Config"}
{"level":"debug","RequestHandlerThreads":32,"time":"2022-11-25T20:05:01+08:00","message":"Config"}
{"level":"debug","RequestInputChannelBuffer":8192,"time":"2022-11-25T20:05:01+08:00","message":"Config"}
{"level":"debug","BatchVerifier":"external","time":"2022-11-25T20:05:01+08:00","message":"Config"}
12:05:01.707 INF Registered with discovery server. numPeers=4 ownID=2
12:05:01.708 INF Profiling enabled.
12:05:01.709 INF Setting up profiling.
12:05:01.709 INF Started Profiler: CPU
12:05:01.709 INF Started Profiler: BLOCK
12:05:01.709 INF Started Profiler: MUTEX
12:05:01.709 INF Profiler will stop on signal. exit=true
12:05:01.711 INF Tracing will stop on signal. exit=false
12:05:01.712 INF Started tracing. traceFile=experiment-output/0000/slave-001/peer.trc
12:05:01.712 INF Listening for connections. port=10022 useTLS=false
12:05:01.712 DBG Starting backlog.
12:05:01.713 INF Connecting to peer. addr=127.0.0.1:10022 basicConns=4 priorityConns=2
12:05:01.713 INF Connecting to peer. addr=127.0.0.1:10033 basicConns=4 priorityConns=2
12:05:01.714 INF Connecting to peer. addr=127.0.0.1:10000 basicConns=4 priorityConns=2
12:05:01.714 INF Connecting to peer. addr=127.0.0.1:10011 basicConns=4 priorityConns=2
12:05:01.761 INF Incoming connection for protocol messages. addr=127.0.0.1:34138
12:05:01.765 INF Incoming connection for protocol messages. addr=127.0.0.1:34056
12:05:01.766 INF Incoming connection for protocol messages. addr=127.0.0.1:34128
12:05:01.767 INF Incoming connection for protocol messages. addr=127.0.0.1:34114
12:05:01.767 INF Incoming connection for protocol messages. addr=127.0.0.1:34168
12:05:01.768 INF Incoming connection for protocol messages. addr=127.0.0.1:34092
12:05:01.769 INF Incoming connection for protocol messages. addr=127.0.0.1:34152
12:05:01.769 INF Incoming connection for protocol messages. addr=127.0.0.1:34076
12:05:01.771 INF Incoming connection for protocol messages. addr=127.0.0.1:34124
12:05:01.771 INF Incoming connection for protocol messages. addr=127.0.0.1:34158
12:05:01.772 INF Incoming connection for protocol messages. addr=127.0.0.1:34184
12:05:01.772 DBG Connected. peerID=2
12:05:01.772 INF Incoming connection for protocol messages. addr=127.0.0.1:34200
12:05:01.773 INF Incoming connection for protocol messages. addr=127.0.0.1:34106
12:05:01.773 INF Incoming connection for protocol messages. addr=127.0.0.1:34172
12:05:01.774 INF Incoming connection for protocol messages. addr=127.0.0.1:34176
12:05:01.775 INF Incoming connection for protocol messages. addr=127.0.0.1:34226
12:05:01.777 INF Incoming connection for protocol messages. addr=127.0.0.1:34214
12:05:01.778 INF Incoming connection for protocol messages. addr=127.0.0.1:34150
12:05:01.779 INF Incoming connection for protocol messages. addr=127.0.0.1:34250
12:05:01.780 INF Incoming connection for protocol messages. addr=127.0.0.1:34258
12:05:01.781 INF Incoming connection for protocol messages. addr=127.0.0.1:34238
12:05:01.782 INF Incoming connection for protocol messages. addr=127.0.0.1:34264
12:05:01.783 INF Incoming connection for protocol messages. addr=127.0.0.1:34274
12:05:01.783 INF Incoming connection for protocol messages. addr=127.0.0.1:34072
12:05:01.784 DBG Connected. peerID=0
12:05:01.784 DBG Connected. peerID=3
12:05:01.785 INF Connected to all peers.
12:05:01.784 DBG Connected. peerID=1
12:05:01.797 INF All peers finished connecting. Starting ISS.
12:05:01.798 DBG Buckets for 0-th leader 0: [0 4 8 12 16 20 24 28 32 36 40 44 48 52 56 60]
12:05:01.799 DBG Buckets for 1-th leader 1: [1 5 9 13 17 21 25 29 33 37 41 45 49 53 57 61]
12:05:01.799 DBG Buckets for 2-th leader 2: [2 6 10 14 18 22 26 30 34 38 42 46 50 54 58 62]
12:05:01.799 DBG Buckets for 3-th leader 3: [3 7 11 15 19 23 27 31 35 39 43 47 51 55 59 63]
12:05:01.799 INF PbftOrderer received a new segment: [0 4 8 12 16 20 24 28 32 36 40 44 48 52 56 60 64 68 72 76 80 84 88 92 96 100 104 108 112 116 120 124 128 132 136 140 144 148 152 156 160 164 168 172 176 180 184 188 192 196 200 204 208 212 216 220 224 228 232 236 240 244 248 252] first leader=0 firstSN=0 lastSN=252 len=64 length=64 segId=0
12:05:01.800 INF Starting new view. segID=0 timeout=60000 view=0
12:05:01.800 DBG Starting timer. sn=0 view=0
12:05:01.800 INF Starting PBFT instance. first=0 last=252 segID=0
12:05:01.801 DBG Subscribing to backlog. segID=0
12:05:01.801 INF Starting serialized message processing. segID=0
12:05:01.801 INF PbftOrderer received a new segment: [1 5 9 13 17 21 25 29 33 37 41 45 49 53 57 61 65 69 73 77 81 85 89 93 97 101 105 109 113 117 121 125 129 133 137 141 145 149 153 157 161 165 169 173 177 181 185 189 193 197 201 205 209 213 217 221 225 229 233 237 241 245 249 253] first leader=1 firstSN=1 lastSN=253 len=64 length=64 segId=1
12:05:01.801 INF Starting new view. segID=1 timeout=60000 view=0
12:05:01.802 DBG Starting timer. sn=1 view=0
12:05:01.802 INF Starting PBFT instance. first=1 last=253 segID=1
12:05:01.802 DBG Subscribing to backlog. segID=1
12:05:01.802 INF Starting serialized message processing. segID=1
12:05:01.802 INF PbftOrderer received a new segment: [2 6 10 14 18 22 26 30 34 38 42 46 50 54 58 62 66 70 74 78 82 86 90 94 98 102 106 110 114 118 122 126 130 134 138 142 146 150 154 158 162 166 170 174 178 182 186 190 194 198 202 206 210 214 218 222 226 230 234 238 242 246 250 254] first leader=2 firstSN=2 lastSN=254 len=64 length=64 segId=2
12:05:01.803 INF Starting new view. segID=2 timeout=60000 view=0
12:05:01.803 DBG Starting timer. sn=2 view=0
12:05:01.803 INF Starting PBFT instance. first=2 last=254 segID=2
12:05:01.803 DBG Subscribing to backlog. segID=2
12:05:01.804 DBG Leading segment. segID=2
12:05:01.804 INF Starting serialized message processing. segID=2
12:05:01.804 INF Simulating Straggler. batchTimeout=1998 crashTiming=Straggler
12:05:01.804 DBG Waiting for batch. batchSize=4096
12:05:01.804 INF PbftOrderer received a new segment: [3 7 11 15 19 23 27 31 35 39 43 47 51 55 59 63 67 71 75 79 83 87 91 95 99 103 107 111 115 119 123 127 131 135 139 143 147 151 155 159 163 167 171 175 179 183 187 191 195 199 203 207 211 215 219 223 227 231 235 239 243 247 251 255] first leader=3 firstSN=3 lastSN=255 len=64 length=64 segId=3
12:05:01.804 INF Starting new view. segID=3 timeout=60000 view=0
12:05:01.805 DBG Starting timer. sn=3 view=0
12:05:01.805 INF Starting PBFT instance. first=3 last=255 segID=3
12:05:01.805 DBG Subscribing to backlog. segID=3
12:05:01.805 INF Starting serialized message processing. segID=3
12:05:02.812 INF Handling PREPREPARE. nReq=0 senderID=3 sn=3
12:05:02.812 INF Handling PREPREPARE. nReq=0 senderID=1 sn=1
12:05:02.812 INF Handling PREPREPARE. nReq=0 senderID=0 sn=0
12:05:02.812 DBG Creating new Batch. nReq=0
12:05:02.813 DBG Creating new Batch. nReq=0
12:05:02.813 DBG Creating new Batch. nReq=0
12:05:02.813 DBG Sending PREPARE. senderID=2 sn=3 view=0
12:05:02.813 DBG Sending PREPARE. senderID=2 sn=1 view=0
12:05:02.813 DBG Sending PREPARE. senderID=2 sn=0 view=0
12:05:02.813 DBG func sendPrepare prepare Tn. sn=3 tn=1
12:05:02.813 DBG func sendPrepare prepare Tn. sn=1 tn=1
12:05:02.813 DBG func sendPrepare prepare Tn. sn=0 tn=1
12:05:02.813 DBG Sending COMMIT. senderID=2 sn=1 tn=1 view=0
12:05:02.814 DBG Sending COMMIT. senderID=2 sn=0 tn=1 view=0
12:05:02.814 DBG func sendCommit commit Tn. sn=1 tn=1
12:05:02.814 DBG func sendCommit commit Tn. sn=0 tn=1
12:05:02.814 DBG Sending Htn. senderID=2 sn=1 view=0
12:05:02.814 DBG Sending COMMIT. senderID=2 sn=3 tn=1 view=0
12:05:02.814 DBG Sending Htn. senderID=2 sn=0 view=0
12:05:02.814 DBG func sendCommit commit Tn. sn=3 tn=1
==================
WARNING: DATA RACE
Read at 0x00c0001e75f0 by goroutine 416:
  runtime.mapaccess1_fast64()
      /home/dell/wmj/go/src/runtime/map_fast64.go:12 +0x0
  github.com/hyperledger-labs/mirbft/orderer.(*pbftInstance).sendCommit()
      /opt/gopath/src/github.com/hyperledger-labs/mirbft/orderer/pbftinstance.go:594 +0x933
  github.com/hyperledger-labs/mirbft/orderer.(*pbftInstance).handlePreprepare()
      /opt/gopath/src/github.com/hyperledger-labs/mirbft/orderer/pbftinstance.go:427 +0xa6b
  github.com/hyperledger-labs/mirbft/orderer.(*pbftInstance).handleMessage()
      /opt/gopath/src/github.com/hyperledger-labs/mirbft/orderer/pbftinstance.go:1846 +0x724
  github.com/hyperledger-labs/mirbft/orderer.(*pbftInstance).processSerializedMessages()
      /opt/gopath/src/github.com/hyperledger-labs/mirbft/orderer/pbftinstance.go:1818 +0xdb
  github.com/hyperledger-labs/mirbft/orderer.(*PbftOrderer).runSegment·dwrap·12()
      /opt/gopath/src/github.com/hyperledger-labs/mirbft/orderer/pbftorderer.go:199 +0x39

Previous write at 0x00c0001e75f0 by goroutine 418:
  runtime.mapassign_fast64()
      /home/dell/wmj/go/src/runtime/map_fast64.go:92 +0x0
  github.com/hyperledger-labs/mirbft/orderer.(*pbftInstance).sendCommit()
      /opt/gopath/src/github.com/hyperledger-labs/mirbft/orderer/pbftinstance.go:595 +0x9e4
  github.com/hyperledger-labs/mirbft/orderer.(*pbftInstance).handlePreprepare()
      /opt/gopath/src/github.com/hyperledger-labs/mirbft/orderer/pbftinstance.go:427 +0xa6b
  github.com/hyperledger-labs/mirbft/orderer.(*pbftInstance).handleMessage()
      /opt/gopath/src/github.com/hyperledger-labs/mirbft/orderer/pbftinstance.go:1846 +0x724
  github.com/hyperledger-labs/mirbft/orderer.(*pbftInstance).processSerializedMessages()
      /opt/gopath/src/github.com/hyperledger-labs/mirbft/orderer/pbftinstance.go:1818 +0xdb
  github.com/hyperledger-labs/mirbft/orderer.(*PbftOrderer).runSegment·dwrap·12()
      /opt/gopath/src/github.com/hyperledger-labs/mirbft/orderer/pbftorderer.go:199 +0x39

Goroutine 416 (running) created at:
  github.com/hyperledger-labs/mirbft/orderer.(*PbftOrderer).runSegment()
      /opt/gopath/src/github.com/hyperledger-labs/mirbft/orderer/pbftorderer.go:199 +0x3f0
  github.com/hyperledger-labs/mirbft/orderer.(*PbftOrderer).Start()
      /opt/gopath/src/github.com/hyperledger-labs/mirbft/orderer/pbftorderer.go:176 +0x355
  main.main·dwrap·5()
      /opt/gopath/src/github.com/hyperledger-labs/mirbft/cmd/orderingpeer/main.go:169 +0x59

Goroutine 418 (running) created at:
  github.com/hyperledger-labs/mirbft/orderer.(*PbftOrderer).runSegment()
      /opt/gopath/src/github.com/hyperledger-labs/mirbft/orderer/pbftorderer.go:199 +0x3f0
  github.com/hyperledger-labs/mirbft/orderer.(*PbftOrderer).Start()
      /opt/gopath/src/github.com/hyperledger-labs/mirbft/orderer/pbftorderer.go:176 +0x355
  main.main·dwrap·5()
      /opt/gopath/src/github.com/hyperledger-labs/mirbft/cmd/orderingpeer/main.go:169 +0x59
==================
12:05:02.814 DBG Sending Htn. senderID=2 sn=3 view=0
12:05:02.815 DBG func handleCommit commit Tn. tn=1
12:05:02.815 DBG func handleCommit commit Tn. tn=1
12:05:02.815 DBG func handleCommit commit Tn. tn=1
12:05:02.816 DBG func handleCommit commit Tn. tn=1
12:05:02.816 INF Get logEntry.Sn from tn. Hn=1 SegID=3 Tn=1 logEntry.Sn=3
12:05:02.816 INF Committed entry. latency=0 nReq=0 sn=3
12:05:02.817 DBG Starting timer. sn=7 view=0
12:05:02.817 DBG func handleCommit commit Tn. tn=1
12:05:02.817 DBG func handleCommit commit Tn. tn=1
12:05:02.817 DBG func handleCommit commit Tn. tn=1
12:05:02.817 INF Get logEntry.Sn from tn. Hn=1 SegID=0 Tn=1 logEntry.Sn=0
12:05:02.817 INF Get logEntry.Sn from tn. Hn=1 SegID=1 Tn=1 logEntry.Sn=1
12:05:02.817 INF Committed entry. latency=0 nReq=0 sn=0
12:05:02.817 INF Committed entry. latency=0 nReq=0 sn=1
12:05:02.817 INF Delivered batch. nReq=0 sn=0
12:05:02.817 INF Delivered batch. nReq=0 sn=1
12:05:02.818 DBG Starting timer. sn=4 view=0
12:05:02.818 DBG Starting timer. sn=5 view=0
12:05:02.837 INF Connection terminated. error="rpc error: code = Canceled desc = context canceled" address=127.0.0.1:34124
12:05:02.837 INF Connection terminated. error="rpc error: code = Canceled desc = context canceled" address=127.0.0.1:34274
12:05:02.837 INF Connection terminated. error="rpc error: code = Canceled desc = context canceled" address=127.0.0.1:34106
12:05:02.837 INF Connection terminated. error="rpc error: code = Canceled desc = context canceled" address=127.0.0.1:34264
12:05:02.837 INF Connection terminated. error="rpc error: code = Canceled desc = context canceled" address=127.0.0.1:34072
12:05:02.837 INF Connection terminated. error="rpc error: code = Canceled desc = context canceled" address=127.0.0.1:34258
12:05:02.837 INF Connection terminated. error="rpc error: code = Canceled desc = context canceled" address=127.0.0.1:34200
12:05:02.838 INF Connection terminated. error="rpc error: code = Canceled desc = context canceled" address=127.0.0.1:34184
12:05:02.838 INF Connection terminated. error="rpc error: code = Canceled desc = context canceled" address=127.0.0.1:34176
12:05:02.838 INF Connection terminated. error="rpc error: code = Canceled desc = context canceled" address=127.0.0.1:34092
12:05:02.838 INF Connection terminated. error="rpc error: code = Canceled desc = context canceled" address=127.0.0.1:34150
12:05:02.838 INF Connection terminated. error="rpc error: code = Canceled desc = context canceled" address=127.0.0.1:34214
12:05:02.839 INF Connection terminated. error="rpc error: code = Canceled desc = context canceled" address=127.0.0.1:34168
12:05:02.839 INF Connection terminated. error="rpc error: code = Canceled desc = context canceled" address=127.0.0.1:34152
12:05:02.839 INF Connection terminated. error="rpc error: code = Canceled desc = context canceled" address=127.0.0.1:34114
12:05:02.839 INF Connection terminated. error="rpc error: code = Canceled desc = context canceled" address=127.0.0.1:34238
12:05:02.839 INF Connection terminated. error="rpc error: code = Canceled desc = context canceled" address=127.0.0.1:34250
12:05:02.839 INF Connection terminated. error="rpc error: code = Canceled desc = context canceled" address=127.0.0.1:34226
12:05:03.803 DBG Batch ready. batchSize=4096
12:05:03.804 DBG Batch cut. left=0 nBuckets=16 nReq=0 next=0
12:05:03.804 INF Sending PREPREPARE. nReq=0 senderID=2 sn=2 view=0
12:05:03.804 DBG Waiting for batch. batchSize=4096
12:05:03.804 ERR Failed to send protocol message. Dropping all future outgoing protocol messages. error=EOF
12:05:03.805 ERR Failed to send protocol message. Dropping all future outgoing protocol messages. error=EOF
12:05:03.805 ERR Failed to send protocol message. Dropping all future outgoing protocol messages. error=EOF
12:05:03.844 INF Incoming connection for requests. addr=127.0.0.1:48334
12:05:05.803 DBG Batch ready. batchSize=4096
12:05:05.803 DBG Batch cut. left=0 nBuckets=16 nReq=0 next=0
12:05:05.803 INF Sending PREPREPARE. nReq=0 senderID=2 sn=6 view=0
12:05:05.803 DBG Waiting for batch. batchSize=4096
12:05:07.803 DBG Batch ready. batchSize=4096
12:05:07.803 DBG Batch cut. left=0 nBuckets=16 nReq=0 next=0
12:05:07.803 INF Sending PREPREPARE. nReq=0 senderID=2 sn=10 view=0
12:05:07.803 DBG Waiting for batch. batchSize=4096
12:05:09.803 DBG Batch ready. batchSize=4096
12:05:09.803 DBG Batch cut. left=0 nBuckets=16 nReq=0 next=0
12:05:09.803 INF Sending PREPREPARE. nReq=0 senderID=2 sn=14 view=0
12:05:09.804 DBG Waiting for batch. batchSize=4096
12:05:11.803 DBG Batch ready. batchSize=4096
12:05:11.803 DBG Batch cut. left=0 nBuckets=16 nReq=0 next=0
12:05:11.803 INF Sending PREPREPARE. nReq=0 senderID=2 sn=18 view=0
12:05:11.803 DBG Waiting for batch. batchSize=4096
12:05:13.802 DBG Batch ready. batchSize=4096
12:05:13.802 DBG Batch cut. left=0 nBuckets=16 nReq=0 next=0
12:05:13.803 INF Sending PREPREPARE. nReq=0 senderID=2 sn=22 view=0
12:05:13.803 DBG Waiting for batch. batchSize=4096
12:05:15.801 DBG Batch ready. batchSize=4096
12:05:15.802 DBG Batch cut. left=0 nBuckets=16 nReq=0 next=0
12:05:15.802 DBG Waiting for batch. batchSize=4096
12:05:15.802 INF Sending PREPREPARE. nReq=0 senderID=2 sn=26 view=0
12:05:17.801 DBG Batch ready. batchSize=4096
12:05:17.802 DBG Batch cut. left=0 nBuckets=16 nReq=0 next=0
12:05:17.802 DBG Waiting for batch. batchSize=4096
12:05:17.802 INF Sending PREPREPARE. nReq=0 senderID=2 sn=30 view=0
12:05:19.800 DBG Batch ready. batchSize=4096
12:05:19.801 DBG Batch cut. left=0 nBuckets=16 nReq=0 next=0
12:05:19.801 INF Sending PREPREPARE. nReq=0 senderID=2 sn=34 view=0
12:05:19.801 DBG Waiting for batch. batchSize=4096
12:05:21.800 DBG Batch ready. batchSize=4096
12:05:21.800 DBG Batch cut. left=0 nBuckets=16 nReq=0 next=0
12:05:21.801 INF Sending PREPREPARE. nReq=0 senderID=2 sn=38 view=0
12:05:21.801 DBG Waiting for batch. batchSize=4096
12:05:23.800 DBG Batch ready. batchSize=4096
12:05:23.800 DBG Batch cut. left=0 nBuckets=16 nReq=0 next=0
12:05:23.800 INF Sending PREPREPARE. nReq=0 senderID=2 sn=42 view=0
12:05:23.800 DBG Waiting for batch. batchSize=4096
12:05:25.800 DBG Batch ready. batchSize=4096
12:05:25.800 DBG Batch cut. left=0 nBuckets=16 nReq=0 next=0
12:05:25.800 INF Sending PREPREPARE. nReq=0 senderID=2 sn=46 view=0
12:05:25.800 DBG Waiting for batch. batchSize=4096
12:05:27.799 DBG Batch ready. batchSize=4096
12:05:27.800 DBG Batch cut. left=0 nBuckets=16 nReq=0 next=0
12:05:27.800 INF Sending PREPREPARE. nReq=0 senderID=2 sn=50 view=0
12:05:27.800 DBG Waiting for batch. batchSize=4096
12:05:29.799 DBG Batch ready. batchSize=4096
12:05:29.799 DBG Batch cut. left=0 nBuckets=16 nReq=0 next=0
12:05:29.800 DBG Waiting for batch. batchSize=4096
12:05:29.800 INF Sending PREPREPARE. nReq=0 senderID=2 sn=54 view=0
12:05:31.798 DBG Batch ready. batchSize=4096
12:05:31.798 DBG Batch cut. left=0 nBuckets=16 nReq=0 next=0
12:05:31.799 DBG Waiting for batch. batchSize=4096
12:05:31.799 INF Sending PREPREPARE. nReq=0 senderID=2 sn=58 view=0
12:05:33.798 DBG Batch ready. batchSize=4096
12:05:33.798 DBG Batch cut. left=0 nBuckets=16 nReq=0 next=0
12:05:33.798 INF Sending PREPREPARE. nReq=0 senderID=2 sn=62 view=0
12:05:33.798 DBG Waiting for batch. batchSize=4096
12:05:35.798 DBG Batch ready. batchSize=4096
12:05:35.798 DBG Batch cut. left=0 nBuckets=16 nReq=0 next=0
12:05:35.798 INF Sending PREPREPARE. nReq=0 senderID=2 sn=66 view=0
12:05:35.798 DBG Waiting for batch. batchSize=4096
12:05:37.797 DBG Batch ready. batchSize=4096
12:05:37.797 DBG Batch cut. left=0 nBuckets=16 nReq=0 next=0
12:05:37.797 INF Sending PREPREPARE. nReq=0 senderID=2 sn=70 view=0
12:05:37.798 DBG Waiting for batch. batchSize=4096
12:05:39.796 DBG Batch ready. batchSize=4096
12:05:39.797 DBG Batch cut. left=0 nBuckets=16 nReq=0 next=0
12:05:39.797 DBG Waiting for batch. batchSize=4096
12:05:39.797 INF Sending PREPREPARE. nReq=0 senderID=2 sn=74 view=0
12:05:41.796 DBG Batch ready. batchSize=4096
12:05:41.796 DBG Batch cut. left=0 nBuckets=16 nReq=0 next=0
12:05:41.796 INF Sending PREPREPARE. nReq=0 senderID=2 sn=78 view=0
12:05:41.796 DBG Waiting for batch. batchSize=4096
12:05:43.796 DBG Batch ready. batchSize=4096
12:05:43.796 DBG Batch cut. left=0 nBuckets=16 nReq=0 next=0
12:05:43.796 INF Sending PREPREPARE. nReq=0 senderID=2 sn=82 view=0
12:05:43.796 DBG Waiting for batch. batchSize=4096
12:05:45.796 DBG Batch ready. batchSize=4096
12:05:45.796 DBG Batch cut. left=0 nBuckets=16 nReq=0 next=0
12:05:45.796 INF Sending PREPREPARE. nReq=0 senderID=2 sn=86 view=0
12:05:45.796 DBG Waiting for batch. batchSize=4096
12:05:47.795 DBG Batch ready. batchSize=4096
12:05:47.795 DBG Batch cut. left=0 nBuckets=16 nReq=0 next=0
12:05:47.796 INF Sending PREPREPARE. nReq=0 senderID=2 sn=90 view=0
12:05:47.796 DBG Waiting for batch. batchSize=4096
12:05:49.795 DBG Batch ready. batchSize=4096
12:05:49.795 DBG Batch cut. left=0 nBuckets=16 nReq=0 next=0
12:05:49.796 INF Sending PREPREPARE. nReq=0 senderID=2 sn=94 view=0
12:05:49.796 DBG Waiting for batch. batchSize=4096
12:05:51.795 DBG Batch ready. batchSize=4096
12:05:51.796 DBG Batch cut. left=0 nBuckets=16 nReq=0 next=0
12:05:51.796 INF Sending PREPREPARE. nReq=0 senderID=2 sn=98 view=0
12:05:51.796 DBG Waiting for batch. batchSize=4096
12:05:53.795 DBG Batch ready. batchSize=4096
12:05:53.796 DBG Batch cut. left=0 nBuckets=16 nReq=0 next=0
12:05:53.796 INF Sending PREPREPARE. nReq=0 senderID=2 sn=102 view=0
12:05:53.796 DBG Waiting for batch. batchSize=4096
12:05:55.795 DBG Batch ready. batchSize=4096
12:05:55.796 DBG Batch cut. left=0 nBuckets=16 nReq=0 next=0
12:05:55.796 INF Sending PREPREPARE. nReq=0 senderID=2 sn=106 view=0
12:05:55.796 DBG Waiting for batch. batchSize=4096
12:05:57.795 DBG Batch ready. batchSize=4096
12:05:57.795 DBG Batch cut. left=0 nBuckets=16 nReq=0 next=0
12:05:57.796 INF Sending PREPREPARE. nReq=0 senderID=2 sn=110 view=0
12:05:57.796 DBG Waiting for batch. batchSize=4096
12:05:59.795 DBG Batch ready. batchSize=4096
12:05:59.795 DBG Batch cut. left=0 nBuckets=16 nReq=0 next=0
12:05:59.795 INF Sending PREPREPARE. nReq=0 senderID=2 sn=114 view=0
12:05:59.796 DBG Waiting for batch. batchSize=4096
12:06:01.795 DBG Batch ready. batchSize=4096
12:06:01.795 DBG Batch cut. left=0 nBuckets=16 nReq=0 next=0
12:06:01.795 INF Sending PREPREPARE. nReq=0 senderID=2 sn=118 view=0
12:06:01.795 DBG Waiting for batch. batchSize=4096
12:06:01.803 WRN Timeout segId=2 sn=2 view=0
12:06:01.804 INF Starting new view. segID=2 timeout=120000 view=1
12:06:01.804 DBG Resurrecting uncommitted batch. fromView=0 segId=2 sn=2 toView=1
12:06:01.804 DBG Resurrecting uncommitted batch. fromView=0 segId=2 sn=6 toView=1
12:06:01.804 DBG Resurrecting uncommitted batch. fromView=0 segId=2 sn=10 toView=1
12:06:01.804 DBG Resurrecting uncommitted batch. fromView=0 segId=2 sn=14 toView=1
12:06:01.805 DBG Resurrecting uncommitted batch. fromView=0 segId=2 sn=18 toView=1
12:06:01.805 DBG Resurrecting uncommitted batch. fromView=0 segId=2 sn=22 toView=1
12:06:01.805 DBG Resurrecting uncommitted batch. fromView=0 segId=2 sn=26 toView=1
12:06:01.805 DBG Resurrecting uncommitted batch. fromView=0 segId=2 sn=30 toView=1
12:06:01.805 DBG Resurrecting uncommitted batch. fromView=0 segId=2 sn=34 toView=1
12:06:01.805 DBG Resurrecting uncommitted batch. fromView=0 segId=2 sn=38 toView=1
12:06:01.806 DBG Resurrecting uncommitted batch. fromView=0 segId=2 sn=42 toView=1
12:06:01.806 DBG Resurrecting uncommitted batch. fromView=0 segId=2 sn=46 toView=1
12:06:01.806 DBG Resurrecting uncommitted batch. fromView=0 segId=2 sn=50 toView=1
12:06:01.806 DBG Resurrecting uncommitted batch. fromView=0 segId=2 sn=54 toView=1
12:06:01.806 DBG Resurrecting uncommitted batch. fromView=0 segId=2 sn=58 toView=1
12:06:01.807 DBG Resurrecting uncommitted batch. fromView=0 segId=2 sn=62 toView=1
12:06:01.807 DBG Resurrecting uncommitted batch. fromView=0 segId=2 sn=66 toView=1
12:06:01.807 DBG Resurrecting uncommitted batch. fromView=0 segId=2 sn=70 toView=1
12:06:01.807 DBG Resurrecting uncommitted batch. fromView=0 segId=2 sn=74 toView=1
12:06:01.807 DBG Resurrecting uncommitted batch. fromView=0 segId=2 sn=78 toView=1
12:06:01.807 DBG Resurrecting uncommitted batch. fromView=0 segId=2 sn=82 toView=1
12:06:01.808 DBG Resurrecting uncommitted batch. fromView=0 segId=2 sn=86 toView=1
12:06:01.808 DBG Resurrecting uncommitted batch. fromView=0 segId=2 sn=90 toView=1
12:06:01.808 DBG Resurrecting uncommitted batch. fromView=0 segId=2 sn=94 toView=1
12:06:01.808 DBG Resurrecting uncommitted batch. fromView=0 segId=2 sn=98 toView=1
12:06:01.808 DBG Resurrecting uncommitted batch. fromView=0 segId=2 sn=102 toView=1
12:06:01.809 DBG Resurrecting uncommitted batch. fromView=0 segId=2 sn=106 toView=1
12:06:01.809 DBG Resurrecting uncommitted batch. fromView=0 segId=2 sn=110 toView=1
12:06:01.809 DBG Resurrecting uncommitted batch. fromView=0 segId=2 sn=114 toView=1
12:06:01.809 DBG Resurrecting uncommitted batch. fromView=0 segId=2 sn=118 toView=1
12:06:01.809 DBG Batch not preprepared. Not resurrecting. fromView=0 segId=2 sn=122 toView=1
12:06:01.809 DBG Batch not preprepared. Not resurrecting. fromView=0 segId=2 sn=126 toView=1
12:06:01.810 DBG Batch not preprepared. Not resurrecting. fromView=0 segId=2 sn=130 toView=1
12:06:01.810 DBG Batch not preprepared. Not resurrecting. fromView=0 segId=2 sn=134 toView=1
12:06:01.810 DBG Batch not preprepared. Not resurrecting. fromView=0 segId=2 sn=138 toView=1
12:06:01.810 DBG Batch not preprepared. Not resurrecting. fromView=0 segId=2 sn=142 toView=1
12:06:01.810 DBG Batch not preprepared. Not resurrecting. fromView=0 segId=2 sn=146 toView=1
12:06:01.810 DBG Batch not preprepared. Not resurrecting. fromView=0 segId=2 sn=150 toView=1
12:06:01.811 DBG Batch not preprepared. Not resurrecting. fromView=0 segId=2 sn=154 toView=1
12:06:01.811 DBG Batch not preprepared. Not resurrecting. fromView=0 segId=2 sn=158 toView=1
12:06:01.811 DBG Batch not preprepared. Not resurrecting. fromView=0 segId=2 sn=162 toView=1
12:06:01.811 DBG Batch not preprepared. Not resurrecting. fromView=0 segId=2 sn=166 toView=1
12:06:01.811 DBG Batch not preprepared. Not resurrecting. fromView=0 segId=2 sn=170 toView=1
12:06:01.812 DBG Batch not preprepared. Not resurrecting. fromView=0 segId=2 sn=174 toView=1
12:06:01.812 DBG Batch not preprepared. Not resurrecting. fromView=0 segId=2 sn=178 toView=1
12:06:01.812 DBG Batch not preprepared. Not resurrecting. fromView=0 segId=2 sn=182 toView=1
12:06:01.812 DBG Batch not preprepared. Not resurrecting. fromView=0 segId=2 sn=186 toView=1
12:06:01.812 DBG Batch not preprepared. Not resurrecting. fromView=0 segId=2 sn=190 toView=1
12:06:01.812 DBG Batch not preprepared. Not resurrecting. fromView=0 segId=2 sn=194 toView=1
12:06:01.813 DBG Batch not preprepared. Not resurrecting. fromView=0 segId=2 sn=198 toView=1
12:06:01.813 DBG Batch not preprepared. Not resurrecting. fromView=0 segId=2 sn=202 toView=1
12:06:01.813 DBG Batch not preprepared. Not resurrecting. fromView=0 segId=2 sn=206 toView=1
12:06:01.813 DBG Batch not preprepared. Not resurrecting. fromView=0 segId=2 sn=210 toView=1
12:06:01.813 DBG Batch not preprepared. Not resurrecting. fromView=0 segId=2 sn=214 toView=1
12:06:01.814 DBG Batch not preprepared. Not resurrecting. fromView=0 segId=2 sn=218 toView=1
12:06:01.814 DBG Batch not preprepared. Not resurrecting. fromView=0 segId=2 sn=222 toView=1
12:06:01.814 DBG Batch not preprepared. Not resurrecting. fromView=0 segId=2 sn=226 toView=1
12:06:01.814 DBG Batch not preprepared. Not resurrecting. fromView=0 segId=2 sn=230 toView=1
12:06:01.814 DBG Batch not preprepared. Not resurrecting. fromView=0 segId=2 sn=234 toView=1
12:06:01.814 DBG Batch not preprepared. Not resurrecting. fromView=0 segId=2 sn=238 toView=1
12:06:01.815 DBG Batch not preprepared. Not resurrecting. fromView=0 segId=2 sn=242 toView=1
12:06:01.815 DBG Batch not preprepared. Not resurrecting. fromView=0 segId=2 sn=246 toView=1
12:06:01.815 DBG Batch not preprepared. Not resurrecting. fromView=0 segId=2 sn=250 toView=1
12:06:01.815 DBG Batch not preprepared. Not resurrecting. fromView=0 segId=2 sn=254 toView=1
12:06:01.816 INF Requesting VIEWCHANGE. receiverID=3 segID=2 senderID=2 view=1
12:06:02.818 WRN Timeout segId=3 sn=7 view=0
12:06:02.818 INF Starting new view. segID=3 timeout=120000 view=1
12:06:02.818 DBG Carrying over committed batch. fromView=0 segId=3 sn=3 toView=1
12:06:02.818 DBG Batch not preprepared. Not resurrecting. fromView=0 segId=3 sn=7 toView=1
12:06:02.818 DBG Batch not preprepared. Not resurrecting. fromView=0 segId=3 sn=11 toView=1
12:06:02.819 DBG Batch not preprepared. Not resurrecting. fromView=0 segId=3 sn=15 toView=1
12:06:02.819 WRN Timeout segId=1 sn=5 view=0
12:06:02.819 WRN Timeout segId=0 sn=4 view=0
12:06:02.819 DBG Batch not preprepared. Not resurrecting. fromView=0 segId=3 sn=19 toView=1
12:06:02.819 INF Starting new view. segID=1 timeout=120000 view=1
12:06:02.819 INF Starting new view. segID=0 timeout=120000 view=1
12:06:02.819 DBG Batch not preprepared. Not resurrecting. fromView=0 segId=3 sn=23 toView=1
12:06:02.819 DBG Carrying over committed batch. fromView=0 segId=1 sn=1 toView=1
12:06:02.819 DBG Carrying over committed batch. fromView=0 segId=0 sn=0 toView=1
12:06:02.819 DBG Batch not preprepared. Not resurrecting. fromView=0 segId=3 sn=27 toView=1
12:06:02.819 DBG Batch not preprepared. Not resurrecting. fromView=0 segId=1 sn=5 toView=1
12:06:02.819 DBG Batch not preprepared. Not resurrecting. fromView=0 segId=0 sn=4 toView=1
12:06:02.819 DBG Batch not preprepared. Not resurrecting. fromView=0 segId=3 sn=31 toView=1
12:06:02.820 DBG Batch not preprepared. Not resurrecting. fromView=0 segId=1 sn=9 toView=1
12:06:02.820 DBG Batch not preprepared. Not resurrecting. fromView=0 segId=0 sn=8 toView=1
12:06:02.820 DBG Batch not preprepared. Not resurrecting. fromView=0 segId=3 sn=35 toView=1
12:06:02.820 DBG Batch not preprepared. Not resurrecting. fromView=0 segId=1 sn=13 toView=1
12:06:02.820 DBG Batch not preprepared. Not resurrecting. fromView=0 segId=0 sn=12 toView=1
12:06:02.820 DBG Batch not preprepared. Not resurrecting. fromView=0 segId=3 sn=39 toView=1
12:06:02.820 DBG Batch not preprepared. Not resurrecting. fromView=0 segId=1 sn=17 toView=1
12:06:02.820 DBG Batch not preprepared. Not resurrecting. fromView=0 segId=0 sn=16 toView=1
12:06:02.820 DBG Batch not preprepared. Not resurrecting. fromView=0 segId=3 sn=43 toView=1
12:06:02.820 DBG Batch not preprepared. Not resurrecting. fromView=0 segId=1 sn=21 toView=1
12:06:02.820 DBG Batch not preprepared. Not resurrecting. fromView=0 segId=0 sn=20 toView=1
12:06:02.820 DBG Batch not preprepared. Not resurrecting. fromView=0 segId=3 sn=47 toView=1
12:06:02.821 DBG Batch not preprepared. Not resurrecting. fromView=0 segId=1 sn=25 toView=1
12:06:02.821 DBG Batch not preprepared. Not resurrecting. fromView=0 segId=0 sn=24 toView=1
12:06:02.821 DBG Batch not preprepared. Not resurrecting. fromView=0 segId=3 sn=51 toView=1
12:06:02.821 DBG Batch not preprepared. Not resurrecting. fromView=0 segId=1 sn=29 toView=1
12:06:02.821 DBG Batch not preprepared. Not resurrecting. fromView=0 segId=0 sn=28 toView=1
12:06:02.821 DBG Batch not preprepared. Not resurrecting. fromView=0 segId=3 sn=55 toView=1
12:06:02.821 DBG Batch not preprepared. Not resurrecting. fromView=0 segId=1 sn=33 toView=1
12:06:02.821 DBG Batch not preprepared. Not resurrecting. fromView=0 segId=0 sn=32 toView=1
12:06:02.821 DBG Batch not preprepared. Not resurrecting. fromView=0 segId=3 sn=59 toView=1
12:06:02.821 DBG Batch not preprepared. Not resurrecting. fromView=0 segId=1 sn=37 toView=1
12:06:02.821 DBG Batch not preprepared. Not resurrecting. fromView=0 segId=0 sn=36 toView=1
12:06:02.821 DBG Batch not preprepared. Not resurrecting. fromView=0 segId=3 sn=63 toView=1
12:06:02.821 DBG Batch not preprepared. Not resurrecting. fromView=0 segId=1 sn=41 toView=1
12:06:02.821 DBG Batch not preprepared. Not resurrecting. fromView=0 segId=0 sn=40 toView=1
12:06:02.822 DBG Batch not preprepared. Not resurrecting. fromView=0 segId=3 sn=67 toView=1
12:06:02.822 DBG Batch not preprepared. Not resurrecting. fromView=0 segId=1 sn=45 toView=1
12:06:02.822 DBG Batch not preprepared. Not resurrecting. fromView=0 segId=0 sn=44 toView=1
12:06:02.822 DBG Batch not preprepared. Not resurrecting. fromView=0 segId=3 sn=71 toView=1
12:06:02.822 DBG Batch not preprepared. Not resurrecting. fromView=0 segId=1 sn=49 toView=1
12:06:02.822 DBG Batch not preprepared. Not resurrecting. fromView=0 segId=3 sn=75 toView=1
12:06:02.822 DBG Batch not preprepared. Not resurrecting. fromView=0 segId=0 sn=48 toView=1
12:06:02.822 DBG Batch not preprepared. Not resurrecting. fromView=0 segId=1 sn=53 toView=1
12:06:02.822 DBG Batch not preprepared. Not resurrecting. fromView=0 segId=3 sn=79 toView=1
12:06:02.822 DBG Batch not preprepared. Not resurrecting. fromView=0 segId=1 sn=57 toView=1
12:06:02.822 DBG Batch not preprepared. Not resurrecting. fromView=0 segId=0 sn=52 toView=1
12:06:02.822 DBG Batch not preprepared. Not resurrecting. fromView=0 segId=3 sn=83 toView=1
12:06:02.823 DBG Batch not preprepared. Not resurrecting. fromView=0 segId=1 sn=61 toView=1
12:06:02.823 DBG Batch not preprepared. Not resurrecting. fromView=0 segId=0 sn=56 toView=1
12:06:02.823 DBG Batch not preprepared. Not resurrecting. fromView=0 segId=3 sn=87 toView=1
12:06:02.823 DBG Batch not preprepared. Not resurrecting. fromView=0 segId=1 sn=65 toView=1
12:06:02.823 DBG Batch not preprepared. Not resurrecting. fromView=0 segId=0 sn=60 toView=1
12:06:02.823 DBG Batch not preprepared. Not resurrecting. fromView=0 segId=3 sn=91 toView=1
12:06:02.823 DBG Batch not preprepared. Not resurrecting. fromView=0 segId=1 sn=69 toView=1
12:06:02.823 DBG Batch not preprepared. Not resurrecting. fromView=0 segId=0 sn=64 toView=1
12:06:02.823 DBG Batch not preprepared. Not resurrecting. fromView=0 segId=3 sn=95 toView=1
12:06:02.823 DBG Batch not preprepared. Not resurrecting. fromView=0 segId=1 sn=73 toView=1
12:06:02.823 DBG Batch not preprepared. Not resurrecting. fromView=0 segId=0 sn=68 toView=1
12:06:02.823 DBG Batch not preprepared. Not resurrecting. fromView=0 segId=3 sn=99 toView=1
12:06:02.823 DBG Batch not preprepared. Not resurrecting. fromView=0 segId=1 sn=77 toView=1
12:06:02.823 DBG Batch not preprepared. Not resurrecting. fromView=0 segId=0 sn=72 toView=1
12:06:02.824 DBG Batch not preprepared. Not resurrecting. fromView=0 segId=3 sn=103 toView=1
12:06:02.824 DBG Batch not preprepared. Not resurrecting. fromView=0 segId=1 sn=81 toView=1
12:06:02.824 DBG Batch not preprepared. Not resurrecting. fromView=0 segId=0 sn=76 toView=1
12:06:02.824 DBG Batch not preprepared. Not resurrecting. fromView=0 segId=3 sn=107 toView=1
12:06:02.824 DBG Batch not preprepared. Not resurrecting. fromView=0 segId=1 sn=85 toView=1
12:06:02.824 DBG Batch not preprepared. Not resurrecting. fromView=0 segId=0 sn=80 toView=1
12:06:02.824 DBG Batch not preprepared. Not resurrecting. fromView=0 segId=3 sn=111 toView=1
12:06:02.824 DBG Batch not preprepared. Not resurrecting. fromView=0 segId=1 sn=89 toView=1
12:06:02.824 DBG Batch not preprepared. Not resurrecting. fromView=0 segId=0 sn=84 toView=1
12:06:02.824 DBG Batch not preprepared. Not resurrecting. fromView=0 segId=3 sn=115 toView=1
12:06:02.824 DBG Batch not preprepared. Not resurrecting. fromView=0 segId=1 sn=93 toView=1
12:06:02.824 DBG Batch not preprepared. Not resurrecting. fromView=0 segId=0 sn=88 toView=1
12:06:02.824 DBG Batch not preprepared. Not resurrecting. fromView=0 segId=3 sn=119 toView=1
12:06:02.825 DBG Batch not preprepared. Not resurrecting. fromView=0 segId=1 sn=97 toView=1
12:06:02.825 DBG Batch not preprepared. Not resurrecting. fromView=0 segId=0 sn=92 toView=1
12:06:02.825 DBG Batch not preprepared. Not resurrecting. fromView=0 segId=3 sn=123 toView=1
12:06:02.825 DBG Batch not preprepared. Not resurrecting. fromView=0 segId=1 sn=101 toView=1
12:06:02.825 DBG Batch not preprepared. Not resurrecting. fromView=0 segId=0 sn=96 toView=1
12:06:02.825 DBG Batch not preprepared. Not resurrecting. fromView=0 segId=3 sn=127 toView=1
12:06:02.825 DBG Batch not preprepared. Not resurrecting. fromView=0 segId=1 sn=105 toView=1
12:06:02.825 DBG Batch not preprepared. Not resurrecting. fromView=0 segId=0 sn=100 toView=1
12:06:02.825 DBG Batch not preprepared. Not resurrecting. fromView=0 segId=3 sn=131 toView=1
12:06:02.825 DBG Batch not preprepared. Not resurrecting. fromView=0 segId=1 sn=109 toView=1
12:06:02.825 DBG Batch not preprepared. Not resurrecting. fromView=0 segId=0 sn=104 toView=1
12:06:02.825 DBG Batch not preprepared. Not resurrecting. fromView=0 segId=3 sn=135 toView=1
12:06:02.825 DBG Batch not preprepared. Not resurrecting. fromView=0 segId=1 sn=113 toView=1
12:06:02.825 DBG Batch not preprepared. Not resurrecting. fromView=0 segId=0 sn=108 toView=1
12:06:02.826 DBG Batch not preprepared. Not resurrecting. fromView=0 segId=3 sn=139 toView=1
12:06:02.826 DBG Batch not preprepared. Not resurrecting. fromView=0 segId=1 sn=117 toView=1
12:06:02.826 DBG Batch not preprepared. Not resurrecting. fromView=0 segId=0 sn=112 toView=1
12:06:02.826 DBG Batch not preprepared. Not resurrecting. fromView=0 segId=3 sn=143 toView=1
12:06:02.826 DBG Batch not preprepared. Not resurrecting. fromView=0 segId=1 sn=121 toView=1
12:06:02.826 DBG Batch not preprepared. Not resurrecting. fromView=0 segId=0 sn=116 toView=1
12:06:02.826 DBG Batch not preprepared. Not resurrecting. fromView=0 segId=3 sn=147 toView=1
12:06:02.826 DBG Batch not preprepared. Not resurrecting. fromView=0 segId=1 sn=125 toView=1
12:06:02.826 DBG Batch not preprepared. Not resurrecting. fromView=0 segId=0 sn=120 toView=1
12:06:02.826 DBG Batch not preprepared. Not resurrecting. fromView=0 segId=3 sn=151 toView=1
12:06:02.826 DBG Batch not preprepared. Not resurrecting. fromView=0 segId=1 sn=129 toView=1
12:06:02.826 DBG Batch not preprepared. Not resurrecting. fromView=0 segId=0 sn=124 toView=1
12:06:02.826 DBG Batch not preprepared. Not resurrecting. fromView=0 segId=3 sn=155 toView=1
12:06:02.826 DBG Batch not preprepared. Not resurrecting. fromView=0 segId=1 sn=133 toView=1
12:06:02.827 DBG Batch not preprepared. Not resurrecting. fromView=0 segId=0 sn=128 toView=1
12:06:02.827 DBG Batch not preprepared. Not resurrecting. fromView=0 segId=3 sn=159 toView=1
12:06:02.827 DBG Batch not preprepared. Not resurrecting. fromView=0 segId=1 sn=137 toView=1
12:06:02.827 DBG Batch not preprepared. Not resurrecting. fromView=0 segId=0 sn=132 toView=1
12:06:02.827 DBG Batch not preprepared. Not resurrecting. fromView=0 segId=3 sn=163 toView=1
12:06:02.827 DBG Batch not preprepared. Not resurrecting. fromView=0 segId=1 sn=141 toView=1
12:06:02.827 DBG Batch not preprepared. Not resurrecting. fromView=0 segId=0 sn=136 toView=1
12:06:02.827 DBG Batch not preprepared. Not resurrecting. fromView=0 segId=3 sn=167 toView=1
12:06:02.827 DBG Batch not preprepared. Not resurrecting. fromView=0 segId=1 sn=145 toView=1
12:06:02.827 DBG Batch not preprepared. Not resurrecting. fromView=0 segId=0 sn=140 toView=1
12:06:02.827 DBG Batch not preprepared. Not resurrecting. fromView=0 segId=3 sn=171 toView=1
12:06:02.827 DBG Batch not preprepared. Not resurrecting. fromView=0 segId=1 sn=149 toView=1
12:06:02.827 DBG Batch not preprepared. Not resurrecting. fromView=0 segId=0 sn=144 toView=1
12:06:02.827 DBG Batch not preprepared. Not resurrecting. fromView=0 segId=1 sn=153 toView=1
12:06:02.828 DBG Batch not preprepared. Not resurrecting. fromView=0 segId=0 sn=148 toView=1
12:06:02.827 DBG Batch not preprepared. Not resurrecting. fromView=0 segId=3 sn=175 toView=1
12:06:02.828 DBG Batch not preprepared. Not resurrecting. fromView=0 segId=1 sn=157 toView=1
12:06:02.828 DBG Batch not preprepared. Not resurrecting. fromView=0 segId=0 sn=152 toView=1
12:06:02.828 DBG Batch not preprepared. Not resurrecting. fromView=0 segId=3 sn=179 toView=1
12:06:02.828 DBG Batch not preprepared. Not resurrecting. fromView=0 segId=1 sn=161 toView=1
12:06:02.828 DBG Batch not preprepared. Not resurrecting. fromView=0 segId=0 sn=156 toView=1
12:06:02.828 DBG Batch not preprepared. Not resurrecting. fromView=0 segId=3 sn=183 toView=1
12:06:02.828 DBG Batch not preprepared. Not resurrecting. fromView=0 segId=1 sn=165 toView=1
12:06:02.828 DBG Batch not preprepared. Not resurrecting. fromView=0 segId=0 sn=160 toView=1
12:06:02.828 DBG Batch not preprepared. Not resurrecting. fromView=0 segId=3 sn=187 toView=1
12:06:02.828 DBG Batch not preprepared. Not resurrecting. fromView=0 segId=1 sn=169 toView=1
12:06:02.829 DBG Batch not preprepared. Not resurrecting. fromView=0 segId=0 sn=164 toView=1
12:06:02.829 DBG Batch not preprepared. Not resurrecting. fromView=0 segId=3 sn=191 toView=1
12:06:02.829 DBG Batch not preprepared. Not resurrecting. fromView=0 segId=1 sn=173 toView=1
12:06:02.829 DBG Batch not preprepared. Not resurrecting. fromView=0 segId=0 sn=168 toView=1
12:06:02.829 DBG Batch not preprepared. Not resurrecting. fromView=0 segId=1 sn=177 toView=1
12:06:02.829 DBG Batch not preprepared. Not resurrecting. fromView=0 segId=3 sn=195 toView=1
12:06:02.829 DBG Batch not preprepared. Not resurrecting. fromView=0 segId=0 sn=172 toView=1
12:06:02.829 DBG Batch not preprepared. Not resurrecting. fromView=0 segId=1 sn=181 toView=1
12:06:02.829 DBG Batch not preprepared. Not resurrecting. fromView=0 segId=3 sn=199 toView=1
12:06:02.829 DBG Batch not preprepared. Not resurrecting. fromView=0 segId=0 sn=176 toView=1
12:06:02.829 DBG Batch not preprepared. Not resurrecting. fromView=0 segId=1 sn=185 toView=1
12:06:02.829 DBG Batch not preprepared. Not resurrecting. fromView=0 segId=3 sn=203 toView=1
12:06:02.829 DBG Batch not preprepared. Not resurrecting. fromView=0 segId=0 sn=180 toView=1
12:06:02.830 DBG Batch not preprepared. Not resurrecting. fromView=0 segId=1 sn=189 toView=1
12:06:02.830 DBG Batch not preprepared. Not resurrecting. fromView=0 segId=3 sn=207 toView=1
12:06:02.830 DBG Batch not preprepared. Not resurrecting. fromView=0 segId=0 sn=184 toView=1
12:06:02.830 DBG Batch not preprepared. Not resurrecting. fromView=0 segId=1 sn=193 toView=1
12:06:02.830 DBG Batch not preprepared. Not resurrecting. fromView=0 segId=3 sn=211 toView=1
12:06:02.830 DBG Batch not preprepared. Not resurrecting. fromView=0 segId=0 sn=188 toView=1
12:06:02.830 DBG Batch not preprepared. Not resurrecting. fromView=0 segId=1 sn=197 toView=1
12:06:02.830 DBG Batch not preprepared. Not resurrecting. fromView=0 segId=3 sn=215 toView=1
12:06:02.830 DBG Batch not preprepared. Not resurrecting. fromView=0 segId=0 sn=192 toView=1
12:06:02.830 DBG Batch not preprepared. Not resurrecting. fromView=0 segId=1 sn=201 toView=1
12:06:02.830 DBG Batch not preprepared. Not resurrecting. fromView=0 segId=3 sn=219 toView=1
12:06:02.830 DBG Batch not preprepared. Not resurrecting. fromView=0 segId=0 sn=196 toView=1
12:06:02.830 DBG Batch not preprepared. Not resurrecting. fromView=0 segId=1 sn=205 toView=1
12:06:02.831 DBG Batch not preprepared. Not resurrecting. fromView=0 segId=3 sn=223 toView=1
12:06:02.831 DBG Batch not preprepared. Not resurrecting. fromView=0 segId=0 sn=200 toView=1
12:06:02.831 DBG Batch not preprepared. Not resurrecting. fromView=0 segId=1 sn=209 toView=1
12:06:02.831 DBG Batch not preprepared. Not resurrecting. fromView=0 segId=3 sn=227 toView=1
12:06:02.831 DBG Batch not preprepared. Not resurrecting. fromView=0 segId=0 sn=204 toView=1
12:06:02.831 DBG Batch not preprepared. Not resurrecting. fromView=0 segId=1 sn=213 toView=1
12:06:02.831 DBG Batch not preprepared. Not resurrecting. fromView=0 segId=3 sn=231 toView=1
12:06:02.831 DBG Batch not preprepared. Not resurrecting. fromView=0 segId=0 sn=208 toView=1
12:06:02.831 DBG Batch not preprepared. Not resurrecting. fromView=0 segId=1 sn=217 toView=1
12:06:02.831 DBG Batch not preprepared. Not resurrecting. fromView=0 segId=3 sn=235 toView=1
12:06:02.831 DBG Batch not preprepared. Not resurrecting. fromView=0 segId=0 sn=212 toView=1
12:06:02.831 DBG Batch not preprepared. Not resurrecting. fromView=0 segId=1 sn=221 toView=1
12:06:02.831 DBG Batch not preprepared. Not resurrecting. fromView=0 segId=3 sn=239 toView=1
12:06:02.831 DBG Batch not preprepared. Not resurrecting. fromView=0 segId=0 sn=216 toView=1
12:06:02.832 DBG Batch not preprepared. Not resurrecting. fromView=0 segId=1 sn=225 toView=1
12:06:02.832 DBG Batch not preprepared. Not resurrecting. fromView=0 segId=3 sn=243 toView=1
12:06:02.832 DBG Batch not preprepared. Not resurrecting. fromView=0 segId=0 sn=220 toView=1
12:06:02.832 DBG Batch not preprepared. Not resurrecting. fromView=0 segId=1 sn=229 toView=1
12:06:02.832 DBG Batch not preprepared. Not resurrecting. fromView=0 segId=3 sn=247 toView=1
12:06:02.832 DBG Batch not preprepared. Not resurrecting. fromView=0 segId=0 sn=224 toView=1
12:06:02.832 DBG Batch not preprepared. Not resurrecting. fromView=0 segId=1 sn=233 toView=1
12:06:02.832 DBG Batch not preprepared. Not resurrecting. fromView=0 segId=3 sn=251 toView=1
12:06:02.832 DBG Batch not preprepared. Not resurrecting. fromView=0 segId=0 sn=228 toView=1
12:06:02.832 DBG Batch not preprepared. Not resurrecting. fromView=0 segId=1 sn=237 toView=1
12:06:02.832 DBG Batch not preprepared. Not resurrecting. fromView=0 segId=3 sn=255 toView=1
12:06:02.832 DBG Batch not preprepared. Not resurrecting. fromView=0 segId=0 sn=232 toView=1
12:06:02.832 DBG Batch not preprepared. Not resurrecting. fromView=0 segId=1 sn=241 toView=1
12:06:02.833 DBG Batch not preprepared. Not resurrecting. fromView=0 segId=0 sn=236 toView=1
12:06:02.833 INF Requesting VIEWCHANGE. receiverID=0 segID=3 senderID=2 view=1
12:06:02.833 DBG Batch not preprepared. Not resurrecting. fromView=0 segId=1 sn=245 toView=1
12:06:02.833 DBG Batch not preprepared. Not resurrecting. fromView=0 segId=0 sn=240 toView=1
12:06:02.833 DBG Batch not preprepared. Not resurrecting. fromView=0 segId=1 sn=249 toView=1
12:06:02.833 DBG Batch not preprepared. Not resurrecting. fromView=0 segId=0 sn=244 toView=1
12:06:02.833 DBG Batch not preprepared. Not resurrecting. fromView=0 segId=1 sn=253 toView=1
12:06:02.833 DBG Batch not preprepared. Not resurrecting. fromView=0 segId=0 sn=248 toView=1
12:06:02.834 DBG Batch not preprepared. Not resurrecting. fromView=0 segId=0 sn=252 toView=1
12:06:02.834 INF Requesting VIEWCHANGE. receiverID=2 segID=1 senderID=2 view=1
12:06:02.834 DBG Adding view change message. currentView=1 msgView=1 numViewChanges=1
12:06:02.834 INF Requesting VIEWCHANGE. receiverID=1 segID=0 senderID=2 view=1
12:06:03.795 DBG Batch ready. batchSize=4096
12:06:03.795 DBG Waiting for batch. batchSize=4096
12:06:05.793 DBG Batch ready. batchSize=4096
12:06:05.794 DBG Waiting for batch. batchSize=4096
12:06:07.793 DBG Batch ready. batchSize=4096
12:06:07.793 DBG Waiting for batch. batchSize=4096
12:06:09.792 DBG Batch ready. batchSize=4096
12:06:09.792 DBG Waiting for batch. batchSize=4096
12:06:11.791 DBG Batch ready. batchSize=4096
12:06:11.791 DBG Waiting for batch. batchSize=4096
12:06:13.790 DBG Batch ready. batchSize=4096
12:06:13.790 DBG Waiting for batch. batchSize=4096
12:06:15.789 DBG Batch ready. batchSize=4096
12:06:15.789 DBG Waiting for batch. batchSize=4096
12:06:17.788 DBG Batch ready. batchSize=4096
12:06:17.788 DBG Waiting for batch. batchSize=4096
12:06:19.787 DBG Batch ready. batchSize=4096
12:06:19.787 DBG Waiting for batch. batchSize=4096
12:06:21.786 DBG Batch ready. batchSize=4096
12:06:21.786 DBG Waiting for batch. batchSize=4096
12:06:23.785 DBG Batch ready. batchSize=4096
12:06:23.785 DBG Waiting for batch. batchSize=4096
12:06:25.784 DBG Batch ready. batchSize=4096
12:06:25.784 DBG Waiting for batch. batchSize=4096
12:06:27.783 DBG Batch ready. batchSize=4096
12:06:27.783 DBG Waiting for batch. batchSize=4096
12:06:29.781 DBG Batch ready. batchSize=4096
12:06:29.782 DBG Waiting for batch. batchSize=4096
12:06:31.780 DBG Batch ready. batchSize=4096
12:06:31.780 DBG Waiting for batch. batchSize=4096
12:06:33.779 DBG Batch ready. batchSize=4096
12:06:33.780 DBG Waiting for batch. batchSize=4096
12:06:35.778 DBG Batch ready. batchSize=4096
12:06:35.779 DBG Waiting for batch. batchSize=4096
12:06:37.778 DBG Batch ready. batchSize=4096
12:06:37.778 DBG Waiting for batch. batchSize=4096
12:06:39.777 DBG Batch ready. batchSize=4096
12:06:39.777 DBG Waiting for batch. batchSize=4096
12:06:41.776 DBG Batch ready. batchSize=4096
12:06:41.776 DBG Waiting for batch. batchSize=4096
12:06:43.775 DBG Batch ready. batchSize=4096
12:06:43.775 DBG Waiting for batch. batchSize=4096
12:06:45.774 DBG Batch ready. batchSize=4096
12:06:45.774 DBG Waiting for batch. batchSize=4096
12:06:47.773 DBG Batch ready. batchSize=4096
12:06:47.774 DBG Waiting for batch. batchSize=4096
12:06:49.772 DBG Batch ready. batchSize=4096
12:06:49.772 DBG Waiting for batch. batchSize=4096
12:06:51.772 DBG Batch ready. batchSize=4096
12:06:51.772 DBG Waiting for batch. batchSize=4096
12:06:53.770 DBG Batch ready. batchSize=4096
12:06:53.770 DBG Waiting for batch. batchSize=4096
12:06:55.769 DBG Batch ready. batchSize=4096
12:06:55.770 DBG Waiting for batch. batchSize=4096
12:06:57.768 DBG Batch ready. batchSize=4096
12:06:57.768 DBG Waiting for batch. batchSize=4096
12:06:59.767 DBG Batch ready. batchSize=4096
12:06:59.767 DBG Waiting for batch. batchSize=4096
12:07:01.767 DBG Batch ready. batchSize=4096
12:07:01.767 DBG Waiting for batch. batchSize=4096
12:07:03.765 DBG Batch ready. batchSize=4096
12:07:03.766 DBG Waiting for batch. batchSize=4096
12:07:05.764 DBG Batch ready. batchSize=4096
12:07:05.764 DBG Waiting for batch. batchSize=4096
12:07:07.763 DBG Batch ready. batchSize=4096
12:07:07.764 DBG Waiting for batch. batchSize=4096
12:07:09.763 DBG Batch ready. batchSize=4096
12:08:01.817 WRN Timeout segId=2 sn=-1 view=1
12:08:01.817 INF Starting new view. segID=2 timeout=240000 view=2
12:08:01.818 DBG Batch not preprepared. Not resurrecting. fromView=1 segId=2 sn=2 toView=2
12:08:01.818 DBG Batch not preprepared. Not resurrecting. fromView=1 segId=2 sn=6 toView=2
12:08:01.818 DBG Batch not preprepared. Not resurrecting. fromView=1 segId=2 sn=10 toView=2
12:08:01.818 DBG Batch not preprepared. Not resurrecting. fromView=1 segId=2 sn=14 toView=2
12:08:01.818 DBG Batch not preprepared. Not resurrecting. fromView=1 segId=2 sn=18 toView=2
12:08:01.818 DBG Batch not preprepared. Not resurrecting. fromView=1 segId=2 sn=22 toView=2
12:08:01.819 DBG Batch not preprepared. Not resurrecting. fromView=1 segId=2 sn=26 toView=2
12:08:01.819 DBG Batch not preprepared. Not resurrecting. fromView=1 segId=2 sn=30 toView=2
12:08:01.819 DBG Batch not preprepared. Not resurrecting. fromView=1 segId=2 sn=34 toView=2
12:08:01.819 DBG Batch not preprepared. Not resurrecting. fromView=1 segId=2 sn=38 toView=2
12:08:01.819 DBG Batch not preprepared. Not resurrecting. fromView=1 segId=2 sn=42 toView=2
12:08:01.820 DBG Batch not preprepared. Not resurrecting. fromView=1 segId=2 sn=46 toView=2
12:08:01.820 DBG Batch not preprepared. Not resurrecting. fromView=1 segId=2 sn=50 toView=2
12:08:01.820 DBG Batch not preprepared. Not resurrecting. fromView=1 segId=2 sn=54 toView=2
12:08:01.820 DBG Batch not preprepared. Not resurrecting. fromView=1 segId=2 sn=58 toView=2
12:08:01.820 DBG Batch not preprepared. Not resurrecting. fromView=1 segId=2 sn=62 toView=2
12:08:01.820 DBG Batch not preprepared. Not resurrecting. fromView=1 segId=2 sn=66 toView=2
12:08:01.821 DBG Batch not preprepared. Not resurrecting. fromView=1 segId=2 sn=70 toView=2
12:08:01.821 DBG Batch not preprepared. Not resurrecting. fromView=1 segId=2 sn=74 toView=2
12:08:01.821 DBG Batch not preprepared. Not resurrecting. fromView=1 segId=2 sn=78 toView=2
12:08:01.821 DBG Batch not preprepared. Not resurrecting. fromView=1 segId=2 sn=82 toView=2
12:08:01.821 DBG Batch not preprepared. Not resurrecting. fromView=1 segId=2 sn=86 toView=2
12:08:01.821 DBG Batch not preprepared. Not resurrecting. fromView=1 segId=2 sn=90 toView=2
12:08:01.822 DBG Batch not preprepared. Not resurrecting. fromView=1 segId=2 sn=94 toView=2
12:08:01.822 DBG Batch not preprepared. Not resurrecting. fromView=1 segId=2 sn=98 toView=2
12:08:01.822 DBG Batch not preprepared. Not resurrecting. fromView=1 segId=2 sn=102 toView=2
12:08:01.822 DBG Batch not preprepared. Not resurrecting. fromView=1 segId=2 sn=106 toView=2
12:08:01.822 DBG Batch not preprepared. Not resurrecting. fromView=1 segId=2 sn=110 toView=2
12:08:01.823 DBG Batch not preprepared. Not resurrecting. fromView=1 segId=2 sn=114 toView=2
12:08:01.823 DBG Batch not preprepared. Not resurrecting. fromView=1 segId=2 sn=118 toView=2
12:08:01.823 DBG Batch not preprepared. Not resurrecting. fromView=1 segId=2 sn=122 toView=2
12:08:01.823 DBG Batch not preprepared. Not resurrecting. fromView=1 segId=2 sn=126 toView=2
12:08:01.823 DBG Batch not preprepared. Not resurrecting. fromView=1 segId=2 sn=130 toView=2
12:08:01.823 DBG Batch not preprepared. Not resurrecting. fromView=1 segId=2 sn=134 toView=2
12:08:01.824 DBG Batch not preprepared. Not resurrecting. fromView=1 segId=2 sn=138 toView=2
12:08:01.824 DBG Batch not preprepared. Not resurrecting. fromView=1 segId=2 sn=142 toView=2
12:08:01.824 DBG Batch not preprepared. Not resurrecting. fromView=1 segId=2 sn=146 toView=2
12:08:01.824 DBG Batch not preprepared. Not resurrecting. fromView=1 segId=2 sn=150 toView=2
12:08:01.824 DBG Batch not preprepared. Not resurrecting. fromView=1 segId=2 sn=154 toView=2
12:08:01.824 DBG Batch not preprepared. Not resurrecting. fromView=1 segId=2 sn=158 toView=2
12:08:01.825 DBG Batch not preprepared. Not resurrecting. fromView=1 segId=2 sn=162 toView=2
12:08:01.825 DBG Batch not preprepared. Not resurrecting. fromView=1 segId=2 sn=166 toView=2
12:08:01.825 DBG Batch not preprepared. Not resurrecting. fromView=1 segId=2 sn=170 toView=2
12:08:01.825 DBG Batch not preprepared. Not resurrecting. fromView=1 segId=2 sn=174 toView=2
12:08:01.825 DBG Batch not preprepared. Not resurrecting. fromView=1 segId=2 sn=178 toView=2
12:08:01.825 DBG Batch not preprepared. Not resurrecting. fromView=1 segId=2 sn=182 toView=2
12:08:01.826 DBG Batch not preprepared. Not resurrecting. fromView=1 segId=2 sn=186 toView=2
12:08:01.826 DBG Batch not preprepared. Not resurrecting. fromView=1 segId=2 sn=190 toView=2
12:08:01.826 DBG Batch not preprepared. Not resurrecting. fromView=1 segId=2 sn=194 toView=2
12:08:01.826 DBG Batch not preprepared. Not resurrecting. fromView=1 segId=2 sn=198 toView=2
12:08:01.826 DBG Batch not preprepared. Not resurrecting. fromView=1 segId=2 sn=202 toView=2
12:08:01.826 DBG Batch not preprepared. Not resurrecting. fromView=1 segId=2 sn=206 toView=2
12:08:01.827 DBG Batch not preprepared. Not resurrecting. fromView=1 segId=2 sn=210 toView=2
12:08:01.827 DBG Batch not preprepared. Not resurrecting. fromView=1 segId=2 sn=214 toView=2
12:08:01.827 DBG Batch not preprepared. Not resurrecting. fromView=1 segId=2 sn=218 toView=2
12:08:01.827 DBG Batch not preprepared. Not resurrecting. fromView=1 segId=2 sn=222 toView=2
12:08:01.827 DBG Batch not preprepared. Not resurrecting. fromView=1 segId=2 sn=226 toView=2
12:08:01.828 DBG Batch not preprepared. Not resurrecting. fromView=1 segId=2 sn=230 toView=2
12:08:01.828 DBG Batch not preprepared. Not resurrecting. fromView=1 segId=2 sn=234 toView=2
12:08:01.828 DBG Batch not preprepared. Not resurrecting. fromView=1 segId=2 sn=238 toView=2
12:08:01.828 DBG Batch not preprepared. Not resurrecting. fromView=1 segId=2 sn=242 toView=2
12:08:01.828 DBG Batch not preprepared. Not resurrecting. fromView=1 segId=2 sn=246 toView=2
12:08:01.828 DBG Batch not preprepared. Not resurrecting. fromView=1 segId=2 sn=250 toView=2
12:08:01.829 DBG Batch not preprepared. Not resurrecting. fromView=1 segId=2 sn=254 toView=2
12:08:01.829 INF Requesting VIEWCHANGE. receiverID=0 segID=2 senderID=2 view=2
12:08:02.834 WRN Timeout segId=3 sn=-1 view=1
12:08:02.834 WRN Timeout segId=1 sn=-1 view=1
12:08:02.834 INF Starting new view. segID=3 timeout=240000 view=2
12:08:02.834 INF Starting new view. segID=1 timeout=240000 view=2
12:08:02.834 DBG Carrying over committed batch. fromView=1 segId=3 sn=3 toView=2
12:08:02.834 DBG Carrying over committed batch. fromView=1 segId=1 sn=1 toView=2
12:08:02.834 DBG Batch not preprepared. Not resurrecting. fromView=1 segId=3 sn=7 toView=2
12:08:02.834 DBG Batch not preprepared. Not resurrecting. fromView=1 segId=1 sn=5 toView=2
12:08:02.835 DBG Batch not preprepared. Not resurrecting. fromView=1 segId=3 sn=11 toView=2
12:08:02.835 DBG Batch not preprepared. Not resurrecting. fromView=1 segId=1 sn=9 toView=2
12:08:02.835 DBG Batch not preprepared. Not resurrecting. fromView=1 segId=3 sn=15 toView=2
12:08:02.835 WRN Timeout segId=0 sn=-1 view=1
12:08:02.835 DBG Batch not preprepared. Not resurrecting. fromView=1 segId=1 sn=13 toView=2
12:08:02.835 DBG Batch not preprepared. Not resurrecting. fromView=1 segId=3 sn=19 toView=2
12:08:02.835 INF Starting new view. segID=0 timeout=240000 view=2
12:08:02.835 DBG Batch not preprepared. Not resurrecting. fromView=1 segId=1 sn=17 toView=2
12:08:02.835 DBG Batch not preprepared. Not resurrecting. fromView=1 segId=3 sn=23 toView=2
12:08:02.835 DBG Carrying over committed batch. fromView=1 segId=0 sn=0 toView=2
12:08:02.835 DBG Batch not preprepared. Not resurrecting. fromView=1 segId=1 sn=21 toView=2
12:08:02.835 DBG Batch not preprepared. Not resurrecting. fromView=1 segId=3 sn=27 toView=2
12:08:02.835 DBG Batch not preprepared. Not resurrecting. fromView=1 segId=0 sn=4 toView=2
12:08:02.836 DBG Batch not preprepared. Not resurrecting. fromView=1 segId=1 sn=25 toView=2
12:08:02.836 DBG Batch not preprepared. Not resurrecting. fromView=1 segId=3 sn=31 toView=2
12:08:02.836 DBG Batch not preprepared. Not resurrecting. fromView=1 segId=0 sn=8 toView=2
12:08:02.836 DBG Batch not preprepared. Not resurrecting. fromView=1 segId=1 sn=29 toView=2
12:08:02.836 DBG Batch not preprepared. Not resurrecting. fromView=1 segId=3 sn=35 toView=2
12:08:02.836 DBG Batch not preprepared. Not resurrecting. fromView=1 segId=0 sn=12 toView=2
12:08:02.836 DBG Batch not preprepared. Not resurrecting. fromView=1 segId=3 sn=39 toView=2
12:08:02.836 DBG Batch not preprepared. Not resurrecting. fromView=1 segId=0 sn=16 toView=2
12:08:02.836 DBG Batch not preprepared. Not resurrecting. fromView=1 segId=1 sn=33 toView=2
12:08:02.836 DBG Batch not preprepared. Not resurrecting. fromView=1 segId=3 sn=43 toView=2
12:08:02.836 DBG Batch not preprepared. Not resurrecting. fromView=1 segId=0 sn=20 toView=2
12:08:02.836 DBG Batch not preprepared. Not resurrecting. fromView=1 segId=1 sn=37 toView=2
12:08:02.836 DBG Batch not preprepared. Not resurrecting. fromView=1 segId=3 sn=47 toView=2
12:08:02.837 DBG Batch not preprepared. Not resurrecting. fromView=1 segId=0 sn=24 toView=2
12:08:02.837 DBG Batch not preprepared. Not resurrecting. fromView=1 segId=1 sn=41 toView=2
12:08:02.837 DBG Batch not preprepared. Not resurrecting. fromView=1 segId=3 sn=51 toView=2
12:08:02.837 DBG Batch not preprepared. Not resurrecting. fromView=1 segId=0 sn=28 toView=2
12:08:02.837 DBG Batch not preprepared. Not resurrecting. fromView=1 segId=1 sn=45 toView=2
12:08:02.837 DBG Batch not preprepared. Not resurrecting. fromView=1 segId=3 sn=55 toView=2
12:08:02.837 DBG Batch not preprepared. Not resurrecting. fromView=1 segId=0 sn=32 toView=2
12:08:02.837 DBG Batch not preprepared. Not resurrecting. fromView=1 segId=1 sn=49 toView=2
12:08:02.837 DBG Batch not preprepared. Not resurrecting. fromView=1 segId=3 sn=59 toView=2
12:08:02.837 DBG Batch not preprepared. Not resurrecting. fromView=1 segId=0 sn=36 toView=2
12:08:02.837 DBG Batch not preprepared. Not resurrecting. fromView=1 segId=3 sn=63 toView=2
12:08:02.837 DBG Batch not preprepared. Not resurrecting. fromView=1 segId=1 sn=53 toView=2
12:08:02.837 DBG Batch not preprepared. Not resurrecting. fromView=1 segId=0 sn=40 toView=2
12:08:02.838 DBG Batch not preprepared. Not resurrecting. fromView=1 segId=3 sn=67 toView=2
12:08:02.838 DBG Batch not preprepared. Not resurrecting. fromView=1 segId=1 sn=57 toView=2
12:08:02.838 DBG Batch not preprepared. Not resurrecting. fromView=1 segId=3 sn=71 toView=2
12:08:02.838 DBG Batch not preprepared. Not resurrecting. fromView=1 segId=0 sn=44 toView=2
12:08:02.838 DBG Batch not preprepared. Not resurrecting. fromView=1 segId=1 sn=61 toView=2
12:08:02.838 DBG Batch not preprepared. Not resurrecting. fromView=1 segId=3 sn=75 toView=2
12:08:02.838 DBG Batch not preprepared. Not resurrecting. fromView=1 segId=0 sn=48 toView=2
12:08:02.838 DBG Batch not preprepared. Not resurrecting. fromView=1 segId=1 sn=65 toView=2
12:08:02.838 DBG Batch not preprepared. Not resurrecting. fromView=1 segId=3 sn=79 toView=2
12:08:02.838 DBG Batch not preprepared. Not resurrecting. fromView=1 segId=0 sn=52 toView=2
12:08:02.838 DBG Batch not preprepared. Not resurrecting. fromView=1 segId=1 sn=69 toView=2
12:08:02.839 DBG Batch not preprepared. Not resurrecting. fromView=1 segId=3 sn=83 toView=2
12:08:02.839 DBG Batch not preprepared. Not resurrecting. fromView=1 segId=0 sn=56 toView=2
12:08:02.839 DBG Batch not preprepared. Not resurrecting. fromView=1 segId=3 sn=87 toView=2
12:08:02.839 DBG Batch not preprepared. Not resurrecting. fromView=1 segId=1 sn=73 toView=2
12:08:02.839 DBG Batch not preprepared. Not resurrecting. fromView=1 segId=0 sn=60 toView=2
12:08:02.839 DBG Batch not preprepared. Not resurrecting. fromView=1 segId=3 sn=91 toView=2
12:08:02.839 DBG Batch not preprepared. Not resurrecting. fromView=1 segId=1 sn=77 toView=2
12:08:02.839 DBG Batch not preprepared. Not resurrecting. fromView=1 segId=0 sn=64 toView=2
12:08:02.839 DBG Batch not preprepared. Not resurrecting. fromView=1 segId=3 sn=95 toView=2
12:08:02.839 DBG Batch not preprepared. Not resurrecting. fromView=1 segId=1 sn=81 toView=2
12:08:02.839 DBG Batch not preprepared. Not resurrecting. fromView=1 segId=0 sn=68 toView=2
12:08:02.839 DBG Batch not preprepared. Not resurrecting. fromView=1 segId=3 sn=99 toView=2
12:08:02.839 DBG Batch not preprepared. Not resurrecting. fromView=1 segId=1 sn=85 toView=2
12:08:02.839 DBG Batch not preprepared. Not resurrecting. fromView=1 segId=0 sn=72 toView=2
12:08:02.840 DBG Batch not preprepared. Not resurrecting. fromView=1 segId=3 sn=103 toView=2
12:08:02.840 DBG Batch not preprepared. Not resurrecting. fromView=1 segId=1 sn=89 toView=2
12:08:02.840 DBG Batch not preprepared. Not resurrecting. fromView=1 segId=0 sn=76 toView=2
12:08:02.840 DBG Batch not preprepared. Not resurrecting. fromView=1 segId=3 sn=107 toView=2
12:08:02.840 DBG Batch not preprepared. Not resurrecting. fromView=1 segId=1 sn=93 toView=2
12:08:02.840 DBG Batch not preprepared. Not resurrecting. fromView=1 segId=0 sn=80 toView=2
12:08:02.840 DBG Batch not preprepared. Not resurrecting. fromView=1 segId=3 sn=111 toView=2
12:08:02.840 DBG Batch not preprepared. Not resurrecting. fromView=1 segId=0 sn=84 toView=2
12:08:02.840 DBG Batch not preprepared. Not resurrecting. fromView=1 segId=1 sn=97 toView=2
12:08:02.840 DBG Batch not preprepared. Not resurrecting. fromView=1 segId=3 sn=115 toView=2
12:08:02.840 DBG Batch not preprepared. Not resurrecting. fromView=1 segId=0 sn=88 toView=2
12:08:02.840 DBG Batch not preprepared. Not resurrecting. fromView=1 segId=1 sn=101 toView=2
12:08:02.840 DBG Batch not preprepared. Not resurrecting. fromView=1 segId=3 sn=119 toView=2
12:08:02.840 DBG Batch not preprepared. Not resurrecting. fromView=1 segId=0 sn=92 toView=2
12:08:02.841 DBG Batch not preprepared. Not resurrecting. fromView=1 segId=1 sn=105 toView=2
12:08:02.841 DBG Batch not preprepared. Not resurrecting. fromView=1 segId=3 sn=123 toView=2
12:08:02.841 DBG Batch not preprepared. Not resurrecting. fromView=1 segId=0 sn=96 toView=2
12:08:02.841 DBG Batch not preprepared. Not resurrecting. fromView=1 segId=1 sn=109 toView=2
12:08:02.841 DBG Batch not preprepared. Not resurrecting. fromView=1 segId=3 sn=127 toView=2
12:08:02.841 DBG Batch not preprepared. Not resurrecting. fromView=1 segId=0 sn=100 toView=2
12:08:02.841 DBG Batch not preprepared. Not resurrecting. fromView=1 segId=1 sn=113 toView=2
12:08:02.841 DBG Batch not preprepared. Not resurrecting. fromView=1 segId=3 sn=131 toView=2
12:08:02.841 DBG Batch not preprepared. Not resurrecting. fromView=1 segId=0 sn=104 toView=2
12:08:02.841 DBG Batch not preprepared. Not resurrecting. fromView=1 segId=1 sn=117 toView=2
12:08:02.841 DBG Batch not preprepared. Not resurrecting. fromView=1 segId=3 sn=135 toView=2
12:08:02.841 DBG Batch not preprepared. Not resurrecting. fromView=1 segId=0 sn=108 toView=2
12:08:02.841 DBG Batch not preprepared. Not resurrecting. fromView=1 segId=1 sn=121 toView=2
12:08:02.841 DBG Batch not preprepared. Not resurrecting. fromView=1 segId=3 sn=139 toView=2
12:08:02.842 DBG Batch not preprepared. Not resurrecting. fromView=1 segId=0 sn=112 toView=2
12:08:02.842 DBG Batch not preprepared. Not resurrecting. fromView=1 segId=1 sn=125 toView=2
12:08:02.842 DBG Batch not preprepared. Not resurrecting. fromView=1 segId=3 sn=143 toView=2
12:08:02.842 DBG Batch not preprepared. Not resurrecting. fromView=1 segId=0 sn=116 toView=2
12:08:02.842 DBG Batch not preprepared. Not resurrecting. fromView=1 segId=1 sn=129 toView=2
12:08:02.842 DBG Batch not preprepared. Not resurrecting. fromView=1 segId=3 sn=147 toView=2
12:08:02.842 DBG Batch not preprepared. Not resurrecting. fromView=1 segId=0 sn=120 toView=2
12:08:02.842 DBG Batch not preprepared. Not resurrecting. fromView=1 segId=1 sn=133 toView=2
12:08:02.842 DBG Batch not preprepared. Not resurrecting. fromView=1 segId=3 sn=151 toView=2
12:08:02.842 DBG Batch not preprepared. Not resurrecting. fromView=1 segId=0 sn=124 toView=2
12:08:02.842 DBG Batch not preprepared. Not resurrecting. fromView=1 segId=1 sn=137 toView=2
12:08:02.842 DBG Batch not preprepared. Not resurrecting. fromView=1 segId=3 sn=155 toView=2
12:08:02.842 DBG Batch not preprepared. Not resurrecting. fromView=1 segId=0 sn=128 toView=2
12:08:02.842 DBG Batch not preprepared. Not resurrecting. fromView=1 segId=1 sn=141 toView=2
12:08:02.843 DBG Batch not preprepared. Not resurrecting. fromView=1 segId=3 sn=159 toView=2
12:08:02.843 DBG Batch not preprepared. Not resurrecting. fromView=1 segId=0 sn=132 toView=2
12:08:02.843 DBG Batch not preprepared. Not resurrecting. fromView=1 segId=1 sn=145 toView=2
12:08:02.843 DBG Batch not preprepared. Not resurrecting. fromView=1 segId=3 sn=163 toView=2
12:08:02.843 DBG Batch not preprepared. Not resurrecting. fromView=1 segId=0 sn=136 toView=2
12:08:02.843 DBG Batch not preprepared. Not resurrecting. fromView=1 segId=1 sn=149 toView=2
12:08:02.843 DBG Batch not preprepared. Not resurrecting. fromView=1 segId=3 sn=167 toView=2
12:08:02.843 DBG Batch not preprepared. Not resurrecting. fromView=1 segId=0 sn=140 toView=2
12:08:02.843 DBG Batch not preprepared. Not resurrecting. fromView=1 segId=1 sn=153 toView=2
12:08:02.843 DBG Batch not preprepared. Not resurrecting. fromView=1 segId=3 sn=171 toView=2
12:08:02.843 DBG Batch not preprepared. Not resurrecting. fromView=1 segId=0 sn=144 toView=2
12:08:02.843 DBG Batch not preprepared. Not resurrecting. fromView=1 segId=1 sn=157 toView=2
12:08:02.843 DBG Batch not preprepared. Not resurrecting. fromView=1 segId=3 sn=175 toView=2
12:08:02.843 DBG Batch not preprepared. Not resurrecting. fromView=1 segId=0 sn=148 toView=2
12:08:02.843 DBG Batch not preprepared. Not resurrecting. fromView=1 segId=1 sn=161 toView=2
12:08:02.844 DBG Batch not preprepared. Not resurrecting. fromView=1 segId=3 sn=179 toView=2
12:08:02.844 DBG Batch not preprepared. Not resurrecting. fromView=1 segId=0 sn=152 toView=2
12:08:02.844 DBG Batch not preprepared. Not resurrecting. fromView=1 segId=1 sn=165 toView=2
12:08:02.844 DBG Batch not preprepared. Not resurrecting. fromView=1 segId=3 sn=183 toView=2
12:08:02.844 DBG Batch not preprepared. Not resurrecting. fromView=1 segId=0 sn=156 toView=2
12:08:02.844 DBG Batch not preprepared. Not resurrecting. fromView=1 segId=1 sn=169 toView=2
12:08:02.844 DBG Batch not preprepared. Not resurrecting. fromView=1 segId=3 sn=187 toView=2
12:08:02.844 DBG Batch not preprepared. Not resurrecting. fromView=1 segId=0 sn=160 toView=2
12:08:02.844 DBG Batch not preprepared. Not resurrecting. fromView=1 segId=1 sn=173 toView=2
12:08:02.844 DBG Batch not preprepared. Not resurrecting. fromView=1 segId=3 sn=191 toView=2
12:08:02.844 DBG Batch not preprepared. Not resurrecting. fromView=1 segId=0 sn=164 toView=2
12:08:02.844 DBG Batch not preprepared. Not resurrecting. fromView=1 segId=1 sn=177 toView=2
12:08:02.844 DBG Batch not preprepared. Not resurrecting. fromView=1 segId=3 sn=195 toView=2
12:08:02.844 DBG Batch not preprepared. Not resurrecting. fromView=1 segId=0 sn=168 toView=2
12:08:02.845 DBG Batch not preprepared. Not resurrecting. fromView=1 segId=1 sn=181 toView=2
12:08:02.845 DBG Batch not preprepared. Not resurrecting. fromView=1 segId=3 sn=199 toView=2
12:08:02.845 DBG Batch not preprepared. Not resurrecting. fromView=1 segId=0 sn=172 toView=2
12:08:02.845 DBG Batch not preprepared. Not resurrecting. fromView=1 segId=1 sn=185 toView=2
12:08:02.845 DBG Batch not preprepared. Not resurrecting. fromView=1 segId=3 sn=203 toView=2
12:08:02.845 DBG Batch not preprepared. Not resurrecting. fromView=1 segId=0 sn=176 toView=2
12:08:02.845 DBG Batch not preprepared. Not resurrecting. fromView=1 segId=1 sn=189 toView=2
12:08:02.845 DBG Batch not preprepared. Not resurrecting. fromView=1 segId=3 sn=207 toView=2
12:08:02.845 DBG Batch not preprepared. Not resurrecting. fromView=1 segId=0 sn=180 toView=2
12:08:02.845 DBG Batch not preprepared. Not resurrecting. fromView=1 segId=1 sn=193 toView=2
12:08:02.845 DBG Batch not preprepared. Not resurrecting. fromView=1 segId=3 sn=211 toView=2
12:08:02.845 DBG Batch not preprepared. Not resurrecting. fromView=1 segId=0 sn=184 toView=2
12:08:02.845 DBG Batch not preprepared. Not resurrecting. fromView=1 segId=1 sn=197 toView=2
12:08:02.845 DBG Batch not preprepared. Not resurrecting. fromView=1 segId=3 sn=215 toView=2
12:08:02.845 DBG Batch not preprepared. Not resurrecting. fromView=1 segId=0 sn=188 toView=2
12:08:02.846 DBG Batch not preprepared. Not resurrecting. fromView=1 segId=1 sn=201 toView=2
12:08:02.846 DBG Batch not preprepared. Not resurrecting. fromView=1 segId=3 sn=219 toView=2
12:08:02.846 DBG Batch not preprepared. Not resurrecting. fromView=1 segId=0 sn=192 toView=2
12:08:02.846 DBG Batch not preprepared. Not resurrecting. fromView=1 segId=1 sn=205 toView=2
12:08:02.846 DBG Batch not preprepared. Not resurrecting. fromView=1 segId=3 sn=223 toView=2
12:08:02.846 DBG Batch not preprepared. Not resurrecting. fromView=1 segId=0 sn=196 toView=2
12:08:02.846 DBG Batch not preprepared. Not resurrecting. fromView=1 segId=1 sn=209 toView=2
12:08:02.846 DBG Batch not preprepared. Not resurrecting. fromView=1 segId=3 sn=227 toView=2
12:08:02.846 DBG Batch not preprepared. Not resurrecting. fromView=1 segId=0 sn=200 toView=2
12:08:02.846 DBG Batch not preprepared. Not resurrecting. fromView=1 segId=1 sn=213 toView=2
12:08:02.846 DBG Batch not preprepared. Not resurrecting. fromView=1 segId=3 sn=231 toView=2
12:08:02.846 DBG Batch not preprepared. Not resurrecting. fromView=1 segId=0 sn=204 toView=2
12:08:02.846 DBG Batch not preprepared. Not resurrecting. fromView=1 segId=1 sn=217 toView=2
12:08:02.846 DBG Batch not preprepared. Not resurrecting. fromView=1 segId=3 sn=235 toView=2
12:08:02.847 DBG Batch not preprepared. Not resurrecting. fromView=1 segId=0 sn=208 toView=2
12:08:02.847 DBG Batch not preprepared. Not resurrecting. fromView=1 segId=1 sn=221 toView=2
12:08:02.847 DBG Batch not preprepared. Not resurrecting. fromView=1 segId=3 sn=239 toView=2
12:08:02.847 DBG Batch not preprepared. Not resurrecting. fromView=1 segId=0 sn=212 toView=2
12:08:02.847 DBG Batch not preprepared. Not resurrecting. fromView=1 segId=1 sn=225 toView=2
12:08:02.847 DBG Batch not preprepared. Not resurrecting. fromView=1 segId=3 sn=243 toView=2
12:08:02.847 DBG Batch not preprepared. Not resurrecting. fromView=1 segId=0 sn=216 toView=2
12:08:02.847 DBG Batch not preprepared. Not resurrecting. fromView=1 segId=1 sn=229 toView=2
12:08:02.847 DBG Batch not preprepared. Not resurrecting. fromView=1 segId=3 sn=247 toView=2
12:08:02.847 DBG Batch not preprepared. Not resurrecting. fromView=1 segId=0 sn=220 toView=2
12:08:02.847 DBG Batch not preprepared. Not resurrecting. fromView=1 segId=1 sn=233 toView=2
12:08:02.847 DBG Batch not preprepared. Not resurrecting. fromView=1 segId=3 sn=251 toView=2
12:08:02.847 DBG Batch not preprepared. Not resurrecting. fromView=1 segId=0 sn=224 toView=2
12:08:02.847 DBG Batch not preprepared. Not resurrecting. fromView=1 segId=1 sn=237 toView=2
12:08:02.848 DBG Batch not preprepared. Not resurrecting. fromView=1 segId=3 sn=255 toView=2
12:08:02.848 DBG Batch not preprepared. Not resurrecting. fromView=1 segId=0 sn=228 toView=2
12:08:02.848 DBG Batch not preprepared. Not resurrecting. fromView=1 segId=1 sn=241 toView=2
12:08:02.848 DBG Batch not preprepared. Not resurrecting. fromView=1 segId=0 sn=232 toView=2
12:08:02.848 DBG Batch not preprepared. Not resurrecting. fromView=1 segId=1 sn=245 toView=2
12:08:02.848 INF Requesting VIEWCHANGE. receiverID=1 segID=3 senderID=2 view=2
12:08:02.848 DBG Batch not preprepared. Not resurrecting. fromView=1 segId=0 sn=236 toView=2
12:08:02.848 DBG Batch not preprepared. Not resurrecting. fromView=1 segId=1 sn=249 toView=2
12:08:02.848 DBG Batch not preprepared. Not resurrecting. fromView=1 segId=0 sn=240 toView=2
12:08:02.848 DBG Batch not preprepared. Not resurrecting. fromView=1 segId=1 sn=253 toView=2
12:08:02.848 DBG Batch not preprepared. Not resurrecting. fromView=1 segId=0 sn=244 toView=2
12:08:02.849 INF Requesting VIEWCHANGE. receiverID=3 segID=1 senderID=2 view=2
12:08:02.849 DBG Batch not preprepared. Not resurrecting. fromView=1 segId=0 sn=248 toView=2
12:08:02.849 DBG Batch not preprepared. Not resurrecting. fromView=1 segId=0 sn=252 toView=2
12:08:02.849 INF Requesting VIEWCHANGE. receiverID=2 segID=0 senderID=2 view=2
12:08:02.849 DBG Adding view change message. currentView=2 msgView=2 numViewChanges=1
12:08:47.066 INF Stopping profiler.
12:08:47.066 INF Stopping Tracer. events=485 fileName=experiment-output/0000/slave-001/peer.trc
==================
WARNING: DATA RACE
Read at 0x00c0008c6000 by goroutine 115:
  runtime.racereadrange()
      <autogenerated>:1 +0x1b
  github.com/hyperledger-labs/mirbft/tracing.(*BufferedTrace).StopOnSignal.func1()
      /opt/gopath/src/github.com/hyperledger-labs/mirbft/tracing/bufferedtrace.go:298 +0x4e

Previous write at 0x00c0008c6000 by goroutine 414:
  github.com/hyperledger-labs/mirbft/tracing.(*BufferedTrace).Event()
      /opt/gopath/src/github.com/hyperledger-labs/mirbft/tracing/bufferedtrace.go:105 +0x2d9
  github.com/hyperledger-labs/mirbft/manager.(*MirManager).handleLogEntries()
      /opt/gopath/src/github.com/hyperledger-labs/mirbft/manager/mirmanager.go:139 +0x1d8
  github.com/hyperledger-labs/mirbft/manager.(*MirManager).Start·dwrap·7()
      /opt/gopath/src/github.com/hyperledger-labs/mirbft/manager/mirmanager.go:101 +0x47

Goroutine 115 (running) created at:
  github.com/hyperledger-labs/mirbft/tracing.(*BufferedTrace).StopOnSignal()
      /opt/gopath/src/github.com/hyperledger-labs/mirbft/tracing/bufferedtrace.go:292 +0x172
  main.setUpTracing()
      /opt/gopath/src/github.com/hyperledger-labs/mirbft/cmd/orderingpeer/main.go:204 +0xf5
  main.main()
      /opt/gopath/src/github.com/hyperledger-labs/mirbft/cmd/orderingpeer/main.go:98 +0x9d6

Goroutine 414 (running) created at:
  github.com/hyperledger-labs/mirbft/manager.(*MirManager).Start()
      /opt/gopath/src/github.com/hyperledger-labs/mirbft/manager/mirmanager.go:101 +0x19e
  main.main·dwrap·4()
      /opt/gopath/src/github.com/hyperledger-labs/mirbft/cmd/orderingpeer/main.go:168 +0x59
==================
==================
WARNING: DATA RACE
Read at 0x00c0008caba0 by goroutine 115:
  runtime.racereadrange()
      <autogenerated>:1 +0x1b
  github.com/hyperledger-labs/mirbft/tracing.(*BufferedTrace).StopOnSignal.func1()
      /opt/gopath/src/github.com/hyperledger-labs/mirbft/tracing/bufferedtrace.go:298 +0x4e

Previous write at 0x00c0008caba0 by goroutine 114:
  github.com/hyperledger-labs/mirbft/tracing.(*BufferedTrace).Event()
      /opt/gopath/src/github.com/hyperledger-labs/mirbft/tracing/bufferedtrace.go:105 +0x2d9
  github.com/hyperledger-labs/mirbft/profiling.StartCPUTracing.func1()
      /opt/gopath/src/github.com/hyperledger-labs/mirbft/profiling/cpuusage.go:31 +0x95

Goroutine 115 (running) created at:
  github.com/hyperledger-labs/mirbft/tracing.(*BufferedTrace).StopOnSignal()
      /opt/gopath/src/github.com/hyperledger-labs/mirbft/tracing/bufferedtrace.go:292 +0x172
  main.setUpTracing()
      /opt/gopath/src/github.com/hyperledger-labs/mirbft/cmd/orderingpeer/main.go:204 +0xf5
  main.main()
      /opt/gopath/src/github.com/hyperledger-labs/mirbft/cmd/orderingpeer/main.go:98 +0x9d6

Goroutine 114 (running) created at:
  github.com/hyperledger-labs/mirbft/profiling.StartCPUTracing()
      /opt/gopath/src/github.com/hyperledger-labs/mirbft/profiling/cpuusage.go:28 +0xb6
  main.setUpTracing()
      /opt/gopath/src/github.com/hyperledger-labs/mirbft/cmd/orderingpeer/main.go:196 +0x85
  main.main()
      /opt/gopath/src/github.com/hyperledger-labs/mirbft/cmd/orderingpeer/main.go:98 +0x9d6
==================
12:08:47.076 INF Trace data written.
12:08:47.101 INF Profile data written. filename=experiment-output/0000/slave-001/prof.cpu name=cpu
12:08:47.177 INF Profile data written. filename=experiment-output/0000/slave-001/prof.block name=block
12:08:47.208 INF Profile data written. filename=experiment-output/0000/slave-001/prof.mutex name=mutex
