7:42AM INF Received own slave ID. ownSlaveId=3
7:42AM INF OK status=0
7:42AM INF Received command. cmdId=3
7:42AM INF Received an ExecStart command args="[-p experiment-output/0000/slave-__id__/config]" cmd=mkdir outFile=/dev/null
7:42AM INF OK status=0
7:42AM INF Received command. cmdId=4
7:42AM INF Received command. cmdType=ExecWait
7:42AM INF OK status=0
7:42AM INF Received command. cmdId=5
7:42AM INF Received an ExecStart command args="[config/config-0000.yml experiment-output/0000/slave-__id__/config/config.yml]" cmd=cp outFile=/dev/null
7:42AM INF OK status=0
7:42AM INF Received command. cmdId=6
7:42AM INF Received command. cmdType=ExecWait
7:42AM INF OK status=0
7:42AM INF Received command. cmdId=9
7:42AM INF Received command. cmdType=Noop
7:42AM INF Noop. Doing nothing. status=0
7:42AM INF Received command. cmdId=12
7:42AM INF Received an ExecStart command args="[experiment-output/0000/slave-__id__/config/config.yml 127.0.0.1:9999 127.0.0.1 127.0.0.1 experiment-output/0000/slave-__id__/peer.trc experiment-output/0000/slave-__id__/prof]" cmd=orderingpeer outFile=experiment-output/0000/slave-__id__/peer.log
7:42AM INF OK status=0
7:46AM INF Received command. cmdId=18
7:46AM INF Received command. cmdType=ExecSignal
7:46AM INF OK status=0
7:46AM INF Received command. cmdId=23
7:46AM INF Received command. cmdType=Stop
