{"level":"debug","Logging":"debug","time":"2022-12-05T17:03:03+08:00","message":"Config"}
{"level":"debug","UseTLS":false,"time":"2022-12-05T17:03:03+08:00","message":"Config"}
{"level":"debug","CACertFile":"tls-data/ca.pem","time":"2022-12-05T17:03:03+08:00","message":"Config"}
{"level":"debug","KeyFile":"tls-data/auth.key","time":"2022-12-05T17:03:03+08:00","message":"Config"}
{"level":"debug","CertFile":"tls-data/auth.pem","time":"2022-12-05T17:03:03+08:00","message":"Config"}
{"level":"debug","PriorityConnections":2,"time":"2022-12-05T17:03:03+08:00","message":"Config"}
{"level":"debug","BasicConnections":2,"time":"2022-12-05T17:03:03+08:00","message":"Config"}
{"level":"debug","TestConnections":false,"time":"2022-12-05T17:03:03+08:00","message":"Config"}
{"level":"debug","ExcessConnections":1,"time":"2022-12-05T17:03:03+08:00","message":"Config"}
{"level":"debug","ConnectionTestMsgs":4,"time":"2022-12-05T17:03:03+08:00","message":"Config"}
{"level":"debug","ConnectionTestPayload":131072,"time":"2022-12-05T17:03:03+08:00","message":"Config"}
{"level":"debug","OutMessageBufsize":1024,"time":"2022-12-05T17:03:03+08:00","message":"Config"}
{"level":"debug","OutMessageBufsize":2,"time":"2022-12-05T17:03:03+08:00","message":"Config"}
{"level":"debug","ThroughputCap":131072000,"time":"2022-12-05T17:03:03+08:00","message":"Config"}
{"level":"debug","StragglerTolerance":1000,"time":"2022-12-05T17:03:03+08:00","message":"Config"}
{"level":"debug","BatchSizeIncrement":256,"time":"2022-12-05T17:03:03+08:00","message":"Config"}
{"level":"debug","Orderer":"Pbft","time":"2022-12-05T17:03:03+08:00","message":"Config"}
{"level":"debug","Manager":"Mir","time":"2022-12-05T17:03:03+08:00","message":"Config"}
{"level":"debug","Failures":0,"time":"2022-12-05T17:03:03+08:00","message":"Config"}
{"level":"debug","StragglerCnt":1,"time":"2022-12-05T17:03:03+08:00","message":"Config"}
{"level":"debug","CrashTiming":"Straggler","time":"2022-12-05T17:03:03+08:00","message":"Config"}
{"level":"debug","CheckpointInterval":256,"time":"2022-12-05T17:03:03+08:00","message":"Config"}
{"level":"debug","WatermarkWindowSize":256,"time":"2022-12-05T17:03:03+08:00","message":"Config"}
{"level":"debug","EpochLength":256,"time":"2022-12-05T17:03:03+08:00","message":"Config"}
{"level":"debug","SegmentLength":32,"time":"2022-12-05T17:03:03+08:00","message":"Config"}
{"level":"debug","WaitForCheckpoints":true,"time":"2022-12-05T17:03:03+08:00","message":"Config"}
{"level":"debug","ClientWatermarkWindowSize":4194304,"time":"2022-12-05T17:03:03+08:00","message":"Config"}
{"level":"debug","ClientRequestBacklogSize":4194304,"time":"2022-12-05T17:03:03+08:00","message":"Config"}
{"level":"debug","RandomSeed":22638,"time":"2022-12-05T17:03:03+08:00","message":"Config"}
{"level":"debug","NodeToLeaderRatio":1,"time":"2022-12-05T17:03:03+08:00","message":"Config"}
{"level":"debug","LeaderPolicy":"Blacklist","time":"2022-12-05T17:03:03+08:00","message":"Config"}
{"level":"debug","DefaultLeaderBan":2,"time":"2022-12-05T17:03:03+08:00","message":"Config"}
{"level":"debug","NumBuckets":128,"time":"2022-12-05T17:03:03+08:00","message":"Config"}
{"level":"debug","BatchSize":1000,"time":"2022-12-05T17:03:03+08:00","message":"Config"}
{"level":"debug","DisabledViewChange":false,"time":"2022-12-05T17:03:03+08:00","message":"Config"}
{"level":"debug","ViewChangeTimeout":60000,"time":"2022-12-05T17:03:03+08:00","message":"Config"}
{"level":"debug","ClientTraceSampling":10,"time":"2022-12-05T17:03:03+08:00","message":"Config"}
{"level":"debug","EventBufferSize":2097152,"time":"2022-12-05T17:03:03+08:00","message":"Config"}
{"level":"debug","TraceSampling":1,"time":"2022-12-05T17:03:03+08:00","message":"Config"}
{"level":"debug","ClientsPerProcess":1,"time":"2022-12-05T17:03:03+08:00","message":"Config"}
{"level":"debug","RequestsPerClient":7680,"time":"2022-12-05T17:03:03+08:00","message":"Config"}
{"level":"debug","ClientRunTime":15000,"time":"2022-12-05T17:03:03+08:00","message":"Config"}
{"level":"debug","RequestRate":256,"time":"2022-12-05T17:03:03+08:00","message":"Config"}
{"level":"debug","HardRequestRateLimit":false,"time":"2022-12-05T17:03:03+08:00","message":"Config"}
{"level":"debug","RequestPayloadSize":500,"time":"2022-12-05T17:03:03+08:00","message":"Config"}
{"level":"debug","SignRequests":true,"time":"2022-12-05T17:03:03+08:00","message":"Config"}
{"level":"debug","ClientPrivKeyFile":"tls-data/client-ecdsa-256.key","time":"2022-12-05T17:03:03+08:00","message":"Config"}
{"level":"debug","ClientPubKeyFile":"tls-data/client-ecdsa-256.pem","time":"2022-12-05T17:03:03+08:00","message":"Config"}
{"level":"debug","PrecomputeRequests":false,"time":"2022-12-05T17:03:03+08:00","message":"Config"}
{"level":"debug","RequestHandlerThreads":32,"time":"2022-12-05T17:03:03+08:00","message":"Config"}
{"level":"debug","RequestInputChannelBuffer":8192,"time":"2022-12-05T17:03:03+08:00","message":"Config"}
{"level":"debug","BatchVerifier":"external","time":"2022-12-05T17:03:03+08:00","message":"Config"}
09:03:03.481 INF Registered with discovery server. numPeers=8 ownID=2
09:03:03.482 INF Profiling enabled.
09:03:03.482 INF Setting up profiling.
09:03:03.482 INF Started Profiler: CPU
09:03:03.482 INF Started Profiler: BLOCK
09:03:03.482 INF Started Profiler: MUTEX
09:03:03.482 INF Profiler will stop on signal. exit=true
09:03:03.485 INF Tracing will stop on signal. exit=false
09:03:03.486 INF Started tracing. traceFile=experiment-output/0000/slave-002/peer.trc
09:03:03.487 DBG Starting backlog.
09:03:03.487 INF Listening for connections. port=10022 useTLS=false
09:03:03.487 INF Connecting to peer. addr=127.0.0.1:10033 basicConns=2 priorityConns=2
09:03:03.487 INF Connecting to peer. addr=127.0.0.1:10022 basicConns=2 priorityConns=2
09:03:03.487 INF Connecting to peer. addr=127.0.0.1:10044 basicConns=2 priorityConns=2
09:03:03.488 INF Connecting to peer. addr=127.0.0.1:10055 basicConns=2 priorityConns=2
09:03:03.488 INF Connecting to peer. addr=127.0.0.1:10066 basicConns=2 priorityConns=2
09:03:03.500 INF Connecting to peer. addr=127.0.0.1:10000 basicConns=2 priorityConns=2
09:03:03.501 INF Connecting to peer. addr=127.0.0.1:10077 basicConns=2 priorityConns=2
09:03:03.500 INF Connecting to peer. addr=127.0.0.1:10011 basicConns=2 priorityConns=2
09:03:03.521 INF Incoming connection for protocol messages. addr=127.0.0.1:38878
09:03:03.540 INF Incoming connection for protocol messages. addr=127.0.0.1:38886
09:03:03.543 INF Incoming connection for protocol messages. addr=127.0.0.1:38930
09:03:03.547 INF Incoming connection for protocol messages. addr=127.0.0.1:38884
09:03:03.552 INF Incoming connection for protocol messages. addr=127.0.0.1:38916
09:03:03.556 INF Incoming connection for protocol messages. addr=127.0.0.1:38926
09:03:03.562 INF Incoming connection for protocol messages. addr=127.0.0.1:38956
09:03:03.562 INF Incoming connection for protocol messages. addr=127.0.0.1:38970
09:03:03.562 INF Incoming connection for protocol messages. addr=127.0.0.1:38942
09:03:03.563 DBG Connected. peerID=6
09:03:03.565 INF Incoming connection for protocol messages. addr=127.0.0.1:39114
09:03:03.565 INF Incoming connection for protocol messages. addr=127.0.0.1:39118
09:03:03.566 INF Incoming connection for protocol messages. addr=127.0.0.1:39070
09:03:03.566 DBG Connected. peerID=4
09:03:03.566 INF Incoming connection for protocol messages. addr=127.0.0.1:39068
09:03:03.567 INF Incoming connection for protocol messages. addr=127.0.0.1:39010
09:03:03.567 INF Incoming connection for protocol messages. addr=127.0.0.1:39096
09:03:03.567 INF Incoming connection for protocol messages. addr=127.0.0.1:39122
09:03:03.568 INF Incoming connection for protocol messages. addr=127.0.0.1:39156
09:03:03.568 INF Incoming connection for protocol messages. addr=127.0.0.1:39160
09:03:03.569 DBG Connected. peerID=1
09:03:03.569 INF Incoming connection for protocol messages. addr=127.0.0.1:39178
09:03:03.571 INF Incoming connection for protocol messages. addr=127.0.0.1:39234
09:03:03.574 INF Incoming connection for protocol messages. addr=127.0.0.1:39254
09:03:03.574 INF Incoming connection for protocol messages. addr=127.0.0.1:39278
09:03:03.574 INF Incoming connection for protocol messages. addr=127.0.0.1:39306
09:03:03.575 DBG Connected. peerID=5
09:03:03.575 INF Incoming connection for protocol messages. addr=127.0.0.1:39346
09:03:03.575 INF Incoming connection for protocol messages. addr=127.0.0.1:38972
09:03:03.575 INF Incoming connection for protocol messages. addr=127.0.0.1:39336
09:03:03.576 DBG Connected. peerID=2
09:03:03.576 INF Incoming connection for protocol messages. addr=127.0.0.1:39382
09:03:03.576 INF Incoming connection for protocol messages. addr=127.0.0.1:39150
09:03:03.577 DBG Connected. peerID=3
09:03:03.577 INF Incoming connection for protocol messages. addr=127.0.0.1:39204
09:03:03.577 INF Incoming connection for protocol messages. addr=127.0.0.1:39182
09:03:03.578 INF Incoming connection for protocol messages. addr=127.0.0.1:39080
09:03:03.579 INF Incoming connection for protocol messages. addr=127.0.0.1:39206
09:03:03.581 DBG Connected. peerID=0
09:03:03.582 DBG Connected. peerID=7
09:03:03.582 INF Connected to all peers.
09:03:03.590 INF All peers finished connecting. Starting ISS.
09:03:03.591 DBG Buckets for 0-th leader 0: [0 8 16 24 32 40 48 56 64 72 80 88 96 104 112 120]
09:03:03.591 DBG Buckets for 1-th leader 1: [1 9 17 25 33 41 49 57 65 73 81 89 97 105 113 121]
09:03:03.591 DBG Buckets for 2-th leader 2: [2 10 18 26 34 42 50 58 66 74 82 90 98 106 114 122]
09:03:03.591 DBG Buckets for 3-th leader 3: [3 11 19 27 35 43 51 59 67 75 83 91 99 107 115 123]
09:03:03.592 DBG Buckets for 4-th leader 4: [4 12 20 28 36 44 52 60 68 76 84 92 100 108 116 124]
09:03:03.592 DBG Buckets for 5-th leader 5: [5 13 21 29 37 45 53 61 69 77 85 93 101 109 117 125]
09:03:03.592 DBG Buckets for 6-th leader 6: [6 14 22 30 38 46 54 62 70 78 86 94 102 110 118 126]
09:03:03.592 DBG Buckets for 7-th leader 7: [7 15 23 31 39 47 55 63 71 79 87 95 103 111 119 127]
09:03:03.592 INF PbftOrderer received a new segment: [5 13 21 29 37 45 53 61 69 77 85 93 101 109 117 125 133 141 149 157 165 173 181 189 197 205 213 221 229 237 245 253] first leader=5 firstSN=5 lastSN=253 len=32 length=32 segId=5
09:03:03.592 INF Starting new view. segID=5 timeout=60000 view=0
09:03:03.593 DBG Starting timer. sn=5 view=0
09:03:03.593 INF Starting PBFT instance. first=5 last=253 segID=5
09:03:03.593 DBG Subscribing to backlog. segID=5
09:03:03.593 INF Starting serialized message processing. segID=5
09:03:03.593 INF PbftOrderer received a new segment: [6 14 22 30 38 46 54 62 70 78 86 94 102 110 118 126 134 142 150 158 166 174 182 190 198 206 214 222 230 238 246 254] first leader=6 firstSN=6 lastSN=254 len=32 length=32 segId=6
09:03:03.593 INF Starting new view. segID=6 timeout=60000 view=0
09:03:03.594 DBG Starting timer. sn=6 view=0
09:03:03.594 INF Starting PBFT instance. first=6 last=254 segID=6
09:03:03.594 DBG Subscribing to backlog. segID=6
09:03:03.594 INF Starting serialized message processing. segID=6
09:03:03.594 INF PbftOrderer received a new segment: [7 15 23 31 39 47 55 63 71 79 87 95 103 111 119 127 135 143 151 159 167 175 183 191 199 207 215 223 231 239 247 255] first leader=7 firstSN=7 lastSN=255 len=32 length=32 segId=7
09:03:03.594 INF Starting new view. segID=7 timeout=60000 view=0
09:03:03.595 DBG Starting timer. sn=7 view=0
09:03:03.595 INF Starting PBFT instance. first=7 last=255 segID=7
09:03:03.595 DBG Subscribing to backlog. segID=7
09:03:03.595 INF Starting serialized message processing. segID=7
09:03:03.595 INF PbftOrderer received a new segment: [0 8 16 24 32 40 48 56 64 72 80 88 96 104 112 120 128 136 144 152 160 168 176 184 192 200 208 216 224 232 240 248] first leader=0 firstSN=0 lastSN=248 len=32 length=32 segId=0
09:03:03.595 INF Starting new view. segID=0 timeout=60000 view=0
09:03:03.596 DBG Starting timer. sn=0 view=0
09:03:03.596 INF Starting PBFT instance. first=0 last=248 segID=0
09:03:03.596 DBG Subscribing to backlog. segID=0
09:03:03.596 INF Starting serialized message processing. segID=0
09:03:03.596 INF PbftOrderer received a new segment: [1 9 17 25 33 41 49 57 65 73 81 89 97 105 113 121 129 137 145 153 161 169 177 185 193 201 209 217 225 233 241 249] first leader=1 firstSN=1 lastSN=249 len=32 length=32 segId=1
09:03:03.596 INF Starting new view. segID=1 timeout=60000 view=0
09:03:03.597 DBG Starting timer. sn=1 view=0
09:03:03.597 INF Starting PBFT instance. first=1 last=249 segID=1
09:03:03.597 DBG Subscribing to backlog. segID=1
09:03:03.597 INF Starting serialized message processing. segID=1
09:03:03.597 INF PbftOrderer received a new segment: [2 10 18 26 34 42 50 58 66 74 82 90 98 106 114 122 130 138 146 154 162 170 178 186 194 202 210 218 226 234 242 250] first leader=2 firstSN=2 lastSN=250 len=32 length=32 segId=2
09:03:03.597 INF Starting new view. segID=2 timeout=60000 view=0
09:03:03.598 DBG Starting timer. sn=2 view=0
09:03:03.598 INF Starting PBFT instance. first=2 last=250 segID=2
09:03:03.598 DBG Subscribing to backlog. segID=2
09:03:03.598 DBG Leading segment. segID=2
09:03:03.598 DBG Waiting for batch. batchSize=4096
09:03:03.598 INF Starting serialized message processing. segID=2
09:03:03.598 INF PbftOrderer received a new segment: [3 11 19 27 35 43 51 59 67 75 83 91 99 107 115 123 131 139 147 155 163 171 179 187 195 203 211 219 227 235 243 251] first leader=3 firstSN=3 lastSN=251 len=32 length=32 segId=3
09:03:03.599 INF Starting new view. segID=3 timeout=60000 view=0
09:03:03.599 DBG Starting timer. sn=3 view=0
09:03:03.599 INF Starting PBFT instance. first=3 last=251 segID=3
09:03:03.600 DBG Subscribing to backlog. segID=3
09:03:03.600 INF Starting serialized message processing. segID=3
09:03:03.600 INF PbftOrderer received a new segment: [4 12 20 28 36 44 52 60 68 76 84 92 100 108 116 124 132 140 148 156 164 172 180 188 196 204 212 220 228 236 244 252] first leader=4 firstSN=4 lastSN=252 len=32 length=32 segId=4
09:03:03.601 INF Starting new view. segID=4 timeout=60000 view=0
09:03:03.601 DBG Starting timer. sn=4 view=0
09:03:03.601 INF Starting PBFT instance. first=4 last=252 segID=4
09:03:03.601 DBG Subscribing to backlog. segID=4
09:03:03.601 INF Starting serialized message processing. segID=4
09:03:04.599 DBG Batch ready. batchSize=4096
09:03:04.599 DBG Batch cut. left=0 nBuckets=16 nReq=0 next=0
09:03:04.599 INF Sending PREPREPARE. nReq=0 senderID=2 sn=2 view=0
09:03:04.599 DBG Waiting for batch. batchSize=4096
09:03:04.603 INF Handling PREPREPARE. nReq=0 senderID=5 sn=5
09:03:04.603 INF Hset. i=0 sn=5 tn=0
09:03:04.603 INF Handling PREPREPARE. nReq=0 senderID=0 sn=0
09:03:04.603 DBG Creating new Batch. nReq=0
09:03:04.603 INF Hset. i=0 sn=0 tn=0
09:03:04.604 DBG Sending PREPARE. senderID=2 sn=5 view=0
09:03:04.604 DBG Creating new Batch. nReq=0
09:03:04.604 DBG func sendPrepare prepare Tn. sn=5 tn=1
09:03:04.604 DBG Sending PREPARE. senderID=2 sn=0 view=0
09:03:04.604 DBG func sendPrepare prepare Tn. sn=0 tn=1
09:03:04.604 INF Handling PREPREPARE. nReq=0 senderID=1 sn=1
09:03:04.605 INF Hset. i=0 sn=1 tn=0
09:03:04.605 INF Handling PREPREPARE. nReq=0 senderID=6 sn=6
09:03:04.605 DBG Creating new Batch. nReq=0
09:03:04.605 INF Handling PREPREPARE. nReq=0 senderID=4 sn=4
09:03:04.604 INF Handling PREPREPARE. nReq=0 senderID=3 sn=3
09:03:04.605 INF Hset. i=0 sn=6 tn=0
09:03:04.605 INF Hset. i=0 sn=4 tn=0
09:03:04.605 INF Hset. i=0 sn=3 tn=0
09:03:04.605 DBG Creating new Batch. nReq=0
09:03:04.605 DBG Creating new Batch. nReq=0
09:03:04.605 DBG Creating new Batch. nReq=0
09:03:04.605 DBG Sending PREPARE. senderID=2 sn=1 view=0
09:03:04.605 DBG Sending PREPARE. senderID=2 sn=6 view=0
09:03:04.605 DBG Sending PREPARE. senderID=2 sn=4 view=0
09:03:04.606 DBG func sendPrepare prepare Tn. sn=1 tn=1
09:03:04.606 DBG func sendPrepare prepare Tn. sn=4 tn=1
09:03:04.606 DBG func sendPrepare prepare Tn. sn=6 tn=1
09:03:04.606 DBG Sending PREPARE. senderID=2 sn=3 view=0
09:03:04.606 DBG func sendPrepare prepare Tn. sn=3 tn=1
09:03:04.607 DBG Sending COMMIT. senderID=2 sn=2 tn=1 view=0
09:03:04.608 DBG func sendCommit commit Tn. sn=2 tn=1
09:03:04.608 DBG Sending Htn. senderID=2 sn=2 view=0
09:03:04.608 DBG Sending COMMIT. senderID=2 sn=5 tn=1 view=0
09:03:04.608 DBG func sendCommit commit Tn. sn=5 tn=1
09:03:04.609 DBG Sending Htn. senderID=2 sn=5 view=0
==================
WARNING: DATA RACE
Read at 0x00c0001dd5f0 by goroutine 500:
  runtime.mapaccess1_fast64()
      /home/dell/wmj/go/src/runtime/map_fast64.go:12 +0x0
  github.com/hyperledger-labs/mirbft/orderer.(*pbftInstance).sendCommit()
      /opt/gopath/src/github.com/hyperledger-labs/mirbft/orderer/pbftinstance.go:628 +0x933
  github.com/hyperledger-labs/mirbft/orderer.(*pbftInstance).handlePrepare()
      /opt/gopath/src/github.com/hyperledger-labs/mirbft/orderer/pbftinstance.go:560 +0x69a
  github.com/hyperledger-labs/mirbft/orderer.(*pbftInstance).handleMessage()
      /opt/gopath/src/github.com/hyperledger-labs/mirbft/orderer/pbftinstance.go:1957 +0x2d4
  github.com/hyperledger-labs/mirbft/orderer.(*pbftInstance).processSerializedMessages()
      /opt/gopath/src/github.com/hyperledger-labs/mirbft/orderer/pbftinstance.go:1920 +0xdb
  github.com/hyperledger-labs/mirbft/orderer.(*PbftOrderer).runSegment·dwrap·12()
      /opt/gopath/src/github.com/hyperledger-labs/mirbft/orderer/pbftorderer.go:200 +0x39

Previous write at 0x00c0001dd5f0 by goroutine 511:
  runtime.mapassign_fast64()
      /home/dell/wmj/go/src/runtime/map_fast64.go:92 +0x0
  github.com/hyperledger-labs/mirbft/orderer.(*pbftInstance).sendCommit()
      /opt/gopath/src/github.com/hyperledger-labs/mirbft/orderer/pbftinstance.go:629 +0x9e4
  github.com/hyperledger-labs/mirbft/orderer.(*pbftInstance).handlePrepare()
      /opt/gopath/src/github.com/hyperledger-labs/mirbft/orderer/pbftinstance.go:560 +0x69a
  github.com/hyperledger-labs/mirbft/orderer.(*pbftInstance).handleMessage()
      /opt/gopath/src/github.com/hyperledger-labs/mirbft/orderer/pbftinstance.go:1957 +0x2d4
  github.com/hyperledger-labs/mirbft/orderer.(*pbftInstance).processSerializedMessages()
      /opt/gopath/src/github.com/hyperledger-labs/mirbft/orderer/pbftinstance.go:1920 +0xdb
  github.com/hyperledger-labs/mirbft/orderer.(*PbftOrderer).runSegment·dwrap·12()
      /opt/gopath/src/github.com/hyperledger-labs/mirbft/orderer/pbftorderer.go:200 +0x39

Goroutine 500 (running) created at:
  github.com/hyperledger-labs/mirbft/orderer.(*PbftOrderer).runSegment()
      /opt/gopath/src/github.com/hyperledger-labs/mirbft/orderer/pbftorderer.go:200 +0x3f0
  github.com/hyperledger-labs/mirbft/orderer.(*PbftOrderer).Start()
      /opt/gopath/src/github.com/hyperledger-labs/mirbft/orderer/pbftorderer.go:176 +0x355
  main.main·dwrap·5()
      /opt/gopath/src/github.com/hyperledger-labs/mirbft/cmd/orderingpeer/main.go:169 +0x59

Goroutine 511 (running) created at:
  github.com/hyperledger-labs/mirbft/orderer.(*PbftOrderer).runSegment()
      /opt/gopath/src/github.com/hyperledger-labs/mirbft/orderer/pbftorderer.go:200 +0x3f0
  github.com/hyperledger-labs/mirbft/orderer.(*PbftOrderer).Start()
      /opt/gopath/src/github.com/hyperledger-labs/mirbft/orderer/pbftorderer.go:176 +0x355
  main.main·dwrap·5()
      /opt/gopath/src/github.com/hyperledger-labs/mirbft/cmd/orderingpeer/main.go:169 +0x59
==================
==================
WARNING: DATA RACE
Read at 0x00c00687c21c by goroutine 500:
  github.com/hyperledger-labs/mirbft/orderer.(*pbftInstance).sendCommit()
      /opt/gopath/src/github.com/hyperledger-labs/mirbft/orderer/pbftinstance.go:632 +0xa51
  github.com/hyperledger-labs/mirbft/orderer.(*pbftInstance).handlePrepare()
      /opt/gopath/src/github.com/hyperledger-labs/mirbft/orderer/pbftinstance.go:560 +0x69a
  github.com/hyperledger-labs/mirbft/orderer.(*pbftInstance).handleMessage()
      /opt/gopath/src/github.com/hyperledger-labs/mirbft/orderer/pbftinstance.go:1957 +0x2d4
  github.com/hyperledger-labs/mirbft/orderer.(*pbftInstance).processSerializedMessages()
      /opt/gopath/src/github.com/hyperledger-labs/mirbft/orderer/pbftinstance.go:1920 +0xdb
  github.com/hyperledger-labs/mirbft/orderer.(*PbftOrderer).runSegment·dwrap·12()
      /opt/gopath/src/github.com/hyperledger-labs/mirbft/orderer/pbftorderer.go:200 +0x39

Previous write at 0x00c00687c21c by goroutine 511:
  github.com/hyperledger-labs/mirbft/orderer.(*pbftInstance).sendCommit()
      /opt/gopath/src/github.com/hyperledger-labs/mirbft/orderer/pbftinstance.go:629 +0x9f3
  github.com/hyperledger-labs/mirbft/orderer.(*pbftInstance).handlePrepare()
      /opt/gopath/src/github.com/hyperledger-labs/mirbft/orderer/pbftinstance.go:560 +0x69a
  github.com/hyperledger-labs/mirbft/orderer.(*pbftInstance).handleMessage()
      /opt/gopath/src/github.com/hyperledger-labs/mirbft/orderer/pbftinstance.go:1957 +0x2d4
  github.com/hyperledger-labs/mirbft/orderer.(*pbftInstance).processSerializedMessages()
      /opt/gopath/src/github.com/hyperledger-labs/mirbft/orderer/pbftinstance.go:1920 +0xdb
  github.com/hyperledger-labs/mirbft/orderer.(*PbftOrderer).runSegment·dwrap·12()
      /opt/gopath/src/github.com/hyperledger-labs/mirbft/orderer/pbftorderer.go:200 +0x39

Goroutine 500 (running) created at:
  github.com/hyperledger-labs/mirbft/orderer.(*PbftOrderer).runSegment()
      /opt/gopath/src/github.com/hyperledger-labs/mirbft/orderer/pbftorderer.go:200 +0x3f0
  github.com/hyperledger-labs/mirbft/orderer.(*PbftOrderer).Start()
      /opt/gopath/src/github.com/hyperledger-labs/mirbft/orderer/pbftorderer.go:176 +0x355
  main.main·dwrap·5()
      /opt/gopath/src/github.com/hyperledger-labs/mirbft/cmd/orderingpeer/main.go:169 +0x59

Goroutine 511 (running) created at:
  github.com/hyperledger-labs/mirbft/orderer.(*PbftOrderer).runSegment()
      /opt/gopath/src/github.com/hyperledger-labs/mirbft/orderer/pbftorderer.go:200 +0x3f0
  github.com/hyperledger-labs/mirbft/orderer.(*PbftOrderer).Start()
      /opt/gopath/src/github.com/hyperledger-labs/mirbft/orderer/pbftorderer.go:176 +0x355
  main.main·dwrap·5()
      /opt/gopath/src/github.com/hyperledger-labs/mirbft/cmd/orderingpeer/main.go:169 +0x59
==================
09:03:04.619 DBG Sending COMMIT. senderID=2 sn=0 tn=1 view=0
09:03:04.619 DBG func handleCommit commit Tn. tn=1
09:03:04.620 DBG func handleCommit commit Tn. tn=1
09:03:04.619 DBG func sendCommit commit Tn. sn=0 tn=1
09:03:04.620 DBG func handleCommit commit Tn. tn=1
09:03:04.620 DBG func handleCommit commit Tn. tn=1
09:03:04.620 DBG func handleHtnmsg. newhtn=1 prelocalhtn=1 segment=2
09:03:04.620 DBG func handleCommit commit Tn. tn=1
09:03:04.620 DBG Sending COMMIT. senderID=2 sn=3 tn=1 view=0
09:03:04.620 DBG func handleCommit commit Tn. tn=1
09:03:04.620 DBG func handleHtnmsg. newhtn=1 prelocalhtn=1 segment=2
09:03:04.621 DBG Sending COMMIT. senderID=2 sn=6 tn=1 view=0
09:03:04.621 DBG func handleCommit commit Tn. tn=1
09:03:04.621 DBG Sending COMMIT. senderID=2 sn=1 tn=1 view=0
09:03:04.621 DBG func handleCommit commit Tn. tn=1
09:03:04.621 DBG func sendCommit commit Tn. sn=1 tn=1
09:03:04.621 DBG Sending Htn. senderID=2 sn=0 view=0
09:03:04.621 DBG func handleCommit commit Tn. tn=1
09:03:04.621 DBG Sending COMMIT. senderID=2 sn=4 tn=1 view=0
09:03:04.621 DBG Sending Htn. senderID=2 sn=1 view=0
09:03:04.621 DBG func sendCommit commit Tn. sn=6 tn=1
09:03:04.621 INF Get logEntry.Sn from tn. Hn=1 SegID=5 Tn=1 logEntry.Sn=5
09:03:04.621 DBG func handleCommit commit Tn. tn=1
09:03:04.621 DBG func handleCommit commit Tn. tn=1
09:03:04.621 DBG func sendCommit commit Tn. sn=4 tn=1
09:03:04.622 WRN PbftOrderer handles message from self. sn=2
09:03:04.622 DBG func handleCommit commit Tn. tn=1
09:03:04.621 DBG func handleHtnmsg. newhtn=1 prelocalhtn=1 segment=2
09:03:04.622 DBG Sending Htn. senderID=2 sn=4 view=0
09:03:04.623 DBG func handleCommit commit Tn. tn=1
09:03:04.623 DBG func handleCommit commit Tn. tn=1
09:03:04.622 DBG func handleCommit commit Tn. tn=1
09:03:04.623 DBG func handleCommit commit Tn. tn=1
09:03:04.623 DBG func handleCommit commit Tn. tn=1
09:03:04.620 DBG func sendCommit commit Tn. sn=3 tn=1
09:03:04.623 DBG func handleCommit commit Tn. tn=1
09:03:04.622 INF Committed entry. latency=0 sn=5
09:03:04.622 DBG Sending Htn. senderID=2 sn=6 view=0
09:03:04.623 DBG func handleCommit commit Tn. tn=1
09:03:04.623 INF Get logEntry.Sn from tn. Hn=1 SegID=2 Tn=1 logEntry.Sn=2
09:03:04.623 INF Get logEntry.Sn from tn. Hn=1 SegID=1 Tn=1 logEntry.Sn=1
09:03:04.623 DBG Starting timer. sn=13 view=0
09:03:04.623 DBG func handleCommit commit Tn. tn=1
09:03:04.624 DBG func handleCommit commit Tn. tn=1
09:03:04.624 DBG func handleCommit commit Tn. tn=1
09:03:04.623 INF Get logEntry.Sn from tn. Hn=1 SegID=0 Tn=1 logEntry.Sn=0
09:03:04.624 DBG func handleCommit commit Tn. tn=1
09:03:04.623 DBG Sending Htn. senderID=2 sn=3 view=0
09:03:04.624 DBG func handleCommit commit Tn. tn=1
09:03:04.623 INF Committed entry. latency=0 sn=2
09:03:04.624 INF Committed entry. latency=0 sn=0
09:03:04.624 DBG func handleCommit commit Tn. tn=1
09:03:04.624 INF Delivered batch. sn=0
09:03:04.624 DBG func handleCommit commit Tn. tn=1
09:03:04.624 DBG func handleCommit commit Tn. tn=1
panic: runtime error: invalid memory address or nil pointer dereference
[signal SIGSEGV: segmentation violation code=0x1 addr=0x0 pc=0xb63f8f]

goroutine 802 [running]:
github.com/hyperledger-labs/mirbft/request.(*Responder).Start(0xc0000100c8, 0xc000134244)
	/opt/gopath/src/github.com/hyperledger-labs/mirbft/request/responder.go:56 +0x14f
created by main.main
	/opt/gopath/src/github.com/hyperledger-labs/mirbft/cmd/orderingpeer/main.go:166 +0x1028
