{"level":"debug","Logging":"debug","time":"2022-10-24T14:19:24+08:00","message":"Config"}
{"level":"debug","UseTLS":false,"time":"2022-10-24T14:19:24+08:00","message":"Config"}
{"level":"debug","CACertFile":"tls-data/ca.pem","time":"2022-10-24T14:19:24+08:00","message":"Config"}
{"level":"debug","KeyFile":"tls-data/auth.key","time":"2022-10-24T14:19:24+08:00","message":"Config"}
{"level":"debug","CertFile":"tls-data/auth.pem","time":"2022-10-24T14:19:24+08:00","message":"Config"}
{"level":"debug","PriorityConnections":2,"time":"2022-10-24T14:19:24+08:00","message":"Config"}
{"level":"debug","BasicConnections":2,"time":"2022-10-24T14:19:24+08:00","message":"Config"}
{"level":"debug","TestConnections":false,"time":"2022-10-24T14:19:24+08:00","message":"Config"}
{"level":"debug","ExcessConnections":1,"time":"2022-10-24T14:19:24+08:00","message":"Config"}
{"level":"debug","ConnectionTestMsgs":4,"time":"2022-10-24T14:19:24+08:00","message":"Config"}
{"level":"debug","ConnectionTestPayload":131072,"time":"2022-10-24T14:19:24+08:00","message":"Config"}
{"level":"debug","OutMessageBufsize":1024,"time":"2022-10-24T14:19:24+08:00","message":"Config"}
{"level":"debug","OutMessageBufsize":2,"time":"2022-10-24T14:19:24+08:00","message":"Config"}
{"level":"debug","ThroughputCap":131072000,"time":"2022-10-24T14:19:24+08:00","message":"Config"}
{"level":"debug","StragglerTolerance":1000,"time":"2022-10-24T14:19:24+08:00","message":"Config"}
{"level":"debug","BatchSizeIncrement":256,"time":"2022-10-24T14:19:24+08:00","message":"Config"}
{"level":"debug","Orderer":"Pbft","time":"2022-10-24T14:19:24+08:00","message":"Config"}
{"level":"debug","Manager":"Mir","time":"2022-10-24T14:19:24+08:00","message":"Config"}
{"level":"debug","Failures":2,"time":"2022-10-24T14:19:24+08:00","message":"Config"}
{"level":"debug","CrashTiming":"Straggler","time":"2022-10-24T14:19:24+08:00","message":"Config"}
{"level":"debug","CheckpointInterval":256,"time":"2022-10-24T14:19:24+08:00","message":"Config"}
{"level":"debug","WatermarkWindowSize":256,"time":"2022-10-24T14:19:24+08:00","message":"Config"}
{"level":"debug","EpochLength":256,"time":"2022-10-24T14:19:24+08:00","message":"Config"}
{"level":"debug","SegmentLength":32,"time":"2022-10-24T14:19:24+08:00","message":"Config"}
{"level":"debug","WaitForCheckpoints":true,"time":"2022-10-24T14:19:24+08:00","message":"Config"}
{"level":"debug","ClientWatermarkWindowSize":4194304,"time":"2022-10-24T14:19:24+08:00","message":"Config"}
{"level":"debug","ClientRequestBacklogSize":4194304,"time":"2022-10-24T14:19:24+08:00","message":"Config"}
{"level":"debug","RandomSeed":22501,"time":"2022-10-24T14:19:24+08:00","message":"Config"}
{"level":"debug","NodeToLeaderRatio":1,"time":"2022-10-24T14:19:24+08:00","message":"Config"}
{"level":"debug","LeaderPolicy":"SimulatedRandomFailures","time":"2022-10-24T14:19:24+08:00","message":"Config"}
{"level":"debug","DefaultLeaderBan":2,"time":"2022-10-24T14:19:24+08:00","message":"Config"}
{"level":"debug","NumBuckets":128,"time":"2022-10-24T14:19:24+08:00","message":"Config"}
{"level":"debug","BatchSize":1000,"time":"2022-10-24T14:19:24+08:00","message":"Config"}
{"level":"debug","DisabledViewChange":false,"time":"2022-10-24T14:19:24+08:00","message":"Config"}
{"level":"debug","ViewChangeTimeout":60000,"time":"2022-10-24T14:19:24+08:00","message":"Config"}
{"level":"debug","ClientTraceSampling":10,"time":"2022-10-24T14:19:24+08:00","message":"Config"}
{"level":"debug","EventBufferSize":2097152,"time":"2022-10-24T14:19:24+08:00","message":"Config"}
{"level":"debug","TraceSampling":1,"time":"2022-10-24T14:19:24+08:00","message":"Config"}
{"level":"debug","ClientsPerProcess":1,"time":"2022-10-24T14:19:24+08:00","message":"Config"}
{"level":"debug","RequestsPerClient":15360,"time":"2022-10-24T14:19:24+08:00","message":"Config"}
{"level":"debug","ClientRunTime":30000,"time":"2022-10-24T14:19:24+08:00","message":"Config"}
{"level":"debug","RequestRate":256,"time":"2022-10-24T14:19:24+08:00","message":"Config"}
{"level":"debug","HardRequestRateLimit":false,"time":"2022-10-24T14:19:24+08:00","message":"Config"}
{"level":"debug","RequestPayloadSize":500,"time":"2022-10-24T14:19:24+08:00","message":"Config"}
{"level":"debug","SignRequests":true,"time":"2022-10-24T14:19:24+08:00","message":"Config"}
{"level":"debug","ClientPrivKeyFile":"tls-data/client-ecdsa-256.key","time":"2022-10-24T14:19:24+08:00","message":"Config"}
{"level":"debug","ClientPubKeyFile":"tls-data/client-ecdsa-256.pem","time":"2022-10-24T14:19:24+08:00","message":"Config"}
{"level":"debug","PrecomputeRequests":false,"time":"2022-10-24T14:19:24+08:00","message":"Config"}
{"level":"debug","RequestHandlerThreads":32,"time":"2022-10-24T14:19:24+08:00","message":"Config"}
{"level":"debug","RequestInputChannelBuffer":8192,"time":"2022-10-24T14:19:24+08:00","message":"Config"}
{"level":"debug","BatchVerifier":"external","time":"2022-10-24T14:19:24+08:00","message":"Config"}
06:19:24.645 INF Registered with discovery server. numPeers=8 ownID=7
06:19:24.645 INF Profiling enabled.
06:19:24.645 INF Setting up profiling.
06:19:24.646 INF Started Profiler: CPU
06:19:24.646 INF Started Profiler: BLOCK
06:19:24.646 INF Started Profiler: MUTEX
06:19:24.646 INF Profiler will stop on signal. exit=true
06:19:24.648 INF Tracing will stop on signal. exit=false
06:19:24.649 INF Started tracing. traceFile=experiment-output/0000/slave-006/peer.trc
06:19:24.650 DBG Starting backlog.
06:19:24.650 INF Listening for connections. port=10077 useTLS=false
06:19:24.650 INF Connecting to peer. addr=127.0.0.1:10077 basicConns=2 priorityConns=2
06:19:24.650 INF Connecting to peer. addr=127.0.0.1:10000 basicConns=2 priorityConns=2
06:19:24.650 INF Connecting to peer. addr=127.0.0.1:10011 basicConns=2 priorityConns=2
06:19:24.650 INF Connecting to peer. addr=127.0.0.1:10022 basicConns=2 priorityConns=2
06:19:24.651 INF Connecting to peer. addr=127.0.0.1:10033 basicConns=2 priorityConns=2
06:19:24.651 INF Connecting to peer. addr=127.0.0.1:10044 basicConns=2 priorityConns=2
06:19:24.652 INF Connecting to peer. addr=127.0.0.1:10055 basicConns=2 priorityConns=2
06:19:24.653 INF Connecting to peer. addr=127.0.0.1:10066 basicConns=2 priorityConns=2
06:19:24.682 INF Incoming connection for protocol messages. addr=127.0.0.1:45776
06:19:24.705 INF Incoming connection for protocol messages. addr=127.0.0.1:45774
06:19:24.706 INF Incoming connection for protocol messages. addr=127.0.0.1:45918
06:19:24.709 INF Incoming connection for protocol messages. addr=127.0.0.1:45886
06:19:24.715 DBG Connected. peerID=0
06:19:24.716 INF Incoming connection for protocol messages. addr=127.0.0.1:45810
06:19:24.719 DBG Connected. peerID=4
06:19:24.719 INF Incoming connection for protocol messages. addr=127.0.0.1:45956
06:19:24.720 INF Incoming connection for protocol messages. addr=127.0.0.1:45936
06:19:24.720 INF Incoming connection for protocol messages. addr=127.0.0.1:45850
06:19:24.722 INF Incoming connection for protocol messages. addr=127.0.0.1:46030
06:19:24.725 INF Incoming connection for protocol messages. addr=127.0.0.1:46002
06:19:24.725 DBG Connected. peerID=7
06:19:24.726 INF Incoming connection for protocol messages. addr=127.0.0.1:46064
06:19:24.726 INF Incoming connection for protocol messages. addr=127.0.0.1:45994
06:19:24.727 INF Incoming connection for protocol messages. addr=127.0.0.1:46100
06:19:24.727 INF Incoming connection for protocol messages. addr=127.0.0.1:46092
06:19:24.728 INF Incoming connection for protocol messages. addr=127.0.0.1:46076
06:19:24.729 INF Incoming connection for protocol messages. addr=127.0.0.1:46128
06:19:24.729 INF Incoming connection for protocol messages. addr=127.0.0.1:46102
06:19:24.729 INF Incoming connection for protocol messages. addr=127.0.0.1:46130
06:19:24.729 DBG Connected. peerID=1
06:19:24.730 DBG Connected. peerID=5
06:19:24.731 INF Incoming connection for protocol messages. addr=127.0.0.1:46114
06:19:24.732 INF Incoming connection for protocol messages. addr=127.0.0.1:45934
06:19:24.732 INF Incoming connection for protocol messages. addr=127.0.0.1:46152
06:19:24.732 INF Incoming connection for protocol messages. addr=127.0.0.1:46166
06:19:24.732 INF Incoming connection for protocol messages. addr=127.0.0.1:46176
06:19:24.734 INF Incoming connection for protocol messages. addr=127.0.0.1:46160
06:19:24.735 INF Incoming connection for protocol messages. addr=127.0.0.1:46232
06:19:24.737 INF Incoming connection for protocol messages. addr=127.0.0.1:46240
06:19:24.738 INF Incoming connection for protocol messages. addr=127.0.0.1:46208
06:19:24.739 INF Incoming connection for protocol messages. addr=127.0.0.1:46236
06:19:24.740 INF Incoming connection for protocol messages. addr=127.0.0.1:46220
06:19:24.741 INF Incoming connection for protocol messages. addr=127.0.0.1:46226
06:19:24.742 DBG Connected. peerID=2
06:19:24.744 INF Incoming connection for protocol messages. addr=127.0.0.1:46230
06:19:24.745 INF Incoming connection for protocol messages. addr=127.0.0.1:46282
06:19:24.749 DBG Connected. peerID=6
06:19:24.759 DBG Connected. peerID=3
06:19:24.760 INF Connected to all peers.
06:19:24.766 INF All peers finished connecting. Starting ISS.
06:19:24.767 DBG Buckets for 0-th leader 2: [2 10 18 26 34 42 50 58 66 74 82 90 98 106 114 122 0 24 48 72 96 120]
06:19:24.767 DBG Buckets for 1-th leader 3: [3 11 19 27 35 43 51 59 67 75 83 91 99 107 115 123 1 25 49 73 97 121]
06:19:24.767 DBG Buckets for 2-th leader 4: [4 12 20 28 36 44 52 60 68 76 84 92 100 108 116 124 8 32 56 80 104]
06:19:24.767 DBG Buckets for 3-th leader 5: [5 13 21 29 37 45 53 61 69 77 85 93 101 109 117 125 9 33 57 81 105]
06:19:24.767 DBG Buckets for 4-th leader 6: [6 14 22 30 38 46 54 62 70 78 86 94 102 110 118 126 16 40 64 88 112]
06:19:24.767 DBG Buckets for 5-th leader 7: [7 15 23 31 39 47 55 63 71 79 87 95 103 111 119 127 17 41 65 89 113]
06:19:24.768 INF PbftOrderer received a new segment: [1 7 13 19 25 31 37 43 49 55 61 67 73 79 85 91 97 103 109 115 121 127 133 139 145 151 157 163 169 175 181 187] first leader=3 firstSN=1 lastSN=187 len=32 length=32 segId=1
06:19:24.768 INF Starting new view. segID=1 timeout=60000 view=0
06:19:24.768 DBG Starting timer. sn=1 view=0
06:19:24.768 INF Starting PBFT instance. first=1 last=187 segID=1
06:19:24.768 DBG Subscribing to backlog. segID=1
06:19:24.768 INF Starting serialized message processing. segID=1
06:19:24.769 INF PbftOrderer received a new segment: [2 8 14 20 26 32 38 44 50 56 62 68 74 80 86 92 98 104 110 116 122 128 134 140 146 152 158 164 170 176 182 188] first leader=4 firstSN=2 lastSN=188 len=32 length=32 segId=2
06:19:24.769 INF Starting new view. segID=2 timeout=60000 view=0
06:19:24.769 DBG Starting timer. sn=2 view=0
06:19:24.769 INF Starting PBFT instance. first=2 last=188 segID=2
06:19:24.769 DBG Subscribing to backlog. segID=2
06:19:24.769 INF Starting serialized message processing. segID=2
06:19:24.769 INF PbftOrderer received a new segment: [3 9 15 21 27 33 39 45 51 57 63 69 75 81 87 93 99 105 111 117 123 129 135 141 147 153 159 165 171 177 183 189] first leader=5 firstSN=3 lastSN=189 len=32 length=32 segId=3
06:19:24.770 INF Starting new view. segID=3 timeout=60000 view=0
06:19:24.770 DBG Starting timer. sn=3 view=0
06:19:24.770 INF Starting PBFT instance. first=3 last=189 segID=3
06:19:24.770 DBG Subscribing to backlog. segID=3
06:19:24.770 INF Starting serialized message processing. segID=3
06:19:24.770 INF PbftOrderer received a new segment: [4 10 16 22 28 34 40 46 52 58 64 70 76 82 88 94 100 106 112 118 124 130 136 142 148 154 160 166 172 178 184 190] first leader=6 firstSN=4 lastSN=190 len=32 length=32 segId=4
06:19:24.771 INF Starting new view. segID=4 timeout=60000 view=0
06:19:24.771 DBG Starting timer. sn=4 view=0
06:19:24.771 INF Starting PBFT instance. first=4 last=190 segID=4
06:19:24.771 DBG Subscribing to backlog. segID=4
06:19:24.771 INF Starting serialized message processing. segID=4
06:19:24.771 INF PbftOrderer received a new segment: [5 11 17 23 29 35 41 47 53 59 65 71 77 83 89 95 101 107 113 119 125 131 137 143 149 155 161 167 173 179 185 191] first leader=7 firstSN=5 lastSN=191 len=32 length=32 segId=5
06:19:24.772 INF Starting new view. segID=5 timeout=60000 view=0
06:19:24.772 DBG Starting timer. sn=5 view=0
06:19:24.772 INF Starting PBFT instance. first=5 last=191 segID=5
06:19:24.772 DBG Subscribing to backlog. segID=5
06:19:24.772 DBG Leading segment. segID=5
06:19:24.772 INF Starting serialized message processing. segID=5
06:19:24.772 DBG Waiting for batch. batchSize=4096
06:19:24.772 INF PbftOrderer received a new segment: [0 6 12 18 24 30 36 42 48 54 60 66 72 78 84 90 96 102 108 114 120 126 132 138 144 150 156 162 168 174 180 186] first leader=2 firstSN=0 lastSN=186 len=32 length=32 segId=0
06:19:24.773 INF Starting new view. segID=0 timeout=60000 view=0
06:19:24.773 DBG Starting timer. sn=0 view=0
06:19:24.773 INF Starting PBFT instance. first=0 last=186 segID=0
06:19:24.773 DBG Subscribing to backlog. segID=0
06:19:24.773 INF Starting serialized message processing. segID=0
06:19:24.789 INF Connection terminated. error="rpc error: code = Canceled desc = context canceled" address=127.0.0.1:46100
06:19:24.789 INF Connection terminated. error="rpc error: code = Canceled desc = context canceled" address=127.0.0.1:46128
06:19:24.789 INF Connection terminated. error="rpc error: code = Canceled desc = context canceled" address=127.0.0.1:46092
06:19:24.789 INF Connection terminated. error="rpc error: code = Canceled desc = context canceled" address=127.0.0.1:46030
06:19:24.792 INF Connection terminated. error="rpc error: code = Canceled desc = context canceled" address=127.0.0.1:46166
06:19:24.792 INF Connection terminated. error="rpc error: code = Canceled desc = context canceled" address=127.0.0.1:46130
06:19:24.792 INF Connection terminated. error="rpc error: code = Canceled desc = context canceled" address=127.0.0.1:46176
06:19:24.793 INF Connection terminated. error="rpc error: code = Canceled desc = context canceled" address=127.0.0.1:45994
06:19:26.802 INF Incoming connection for requests. addr=127.0.0.1:46304
06:19:54.774 DBG Batch ready. batchSize=4096
06:19:54.775 DBG Batch cut. left=0 nBuckets=21 nReq=1174 next=0
06:19:54.798 DBG Waiting for batch. batchSize=4096
06:19:54.840 INF Sending PREPREPARE. nReq=1174 senderID=7 sn=5 view=0
06:19:54.983 INF Handling PREPREPARE. nReq=1229 senderID=2 sn=0
06:19:54.983 DBG Creating new Batch. nReq=1229
06:19:54.991 INF Handling PREPREPARE. nReq=1174 senderID=6 sn=4
06:19:54.991 DBG Creating new Batch. nReq=1174
06:19:54.987 INF Handling PREPREPARE. nReq=1229 senderID=3 sn=1
06:19:55.000 DBG Creating new Batch. nReq=1229
06:19:55.022 ERR Failed to send protocol message. Dropping all future outgoing protocol messages. error=EOF
06:19:55.056 ERR Failed to send protocol message. Dropping all future outgoing protocol messages. error=EOF
06:19:55.148 INF Handling PREPREPARE. nReq=1174 senderID=5 sn=3
06:19:55.148 DBG Creating new Batch. nReq=1174
06:19:55.153 INF Handling PREPREPARE. nReq=1174 senderID=4 sn=2
06:19:55.153 DBG Creating new Batch. nReq=1174
06:19:55.434 DBG Sending PREPARE. senderID=7 sn=4 view=0
06:19:55.434 DBG func sendPrepare prepare Tn. sn=4 tn=4
06:19:55.489 DBG Sending PREPARE. senderID=7 sn=1 view=0
06:19:55.489 DBG func sendPrepare prepare Tn. sn=1 tn=1
06:19:55.505 DBG Sending COMMIT. senderID=7 sn=4 view=0
06:19:55.505 DBG Sending PREPARE. senderID=7 sn=0 view=0
06:19:55.535 DBG func sendCommit commit Tn. sn=4 tn=4
06:19:55.535 DBG func sendPrepare prepare Tn. sn=0 tn=0
06:19:55.512 DBG Sending PREPARE. senderID=7 sn=3 view=0
06:19:55.535 DBG Sending Htn. sn=4 view=0
06:19:55.512 DBG Sending PREPARE. senderID=7 sn=2 view=0
06:19:55.535 DBG func sendPrepare prepare Tn. sn=3 tn=3
06:19:55.535 DBG func handleCommit commit Tn. tn=4
06:19:55.535 DBG func sendPrepare prepare Tn. sn=2 tn=2
06:19:55.535 DBG Sending COMMIT. senderID=7 sn=0 view=0
06:19:55.535 DBG func handleHtnmsg htn. htn=4 localhtn=4
06:19:55.535 DBG func sendCommit commit Tn. sn=0 tn=0
06:19:55.536 DBG func handleCommit commit Tn. tn=4
06:19:55.536 DBG Sending Htn. sn=0 view=0
06:19:55.536 DBG func handleHtnmsg htn. htn=4 localhtn=4
06:19:55.536 DBG Sending COMMIT. senderID=7 sn=1 view=0
06:19:55.536 DBG func sendCommit commit Tn. sn=1 tn=1
06:19:55.536 DBG func handleCommit commit Tn. tn=4
06:19:55.537 DBG func handleHtnmsg htn. htn=4 localhtn=4
06:19:55.537 DBG Sending Htn. sn=1 view=0
06:19:55.538 DBG Sending COMMIT. senderID=7 sn=2 view=0
06:19:55.538 DBG func handleCommit commit Tn. tn=4
06:19:55.538 DBG func sendCommit commit Tn. sn=2 tn=2
06:19:55.538 DBG Sending Htn. sn=2 view=0
06:19:55.538 DBG func handleCommit commit Tn. tn=1
06:19:55.539 DBG func handleCommit commit Tn. tn=0
06:19:55.539 DBG func handleHtnmsg htn. htn=0 localhtn=0
06:19:55.540 INF Committed entry. latency=0 nReq=1174 sn=4
06:19:55.540 DBG Starting timer. sn=10 view=0
06:19:55.540 DBG func handleHtnmsg htn. htn=4 localhtn=4
06:19:55.540 DBG func handleCommit commit Tn. tn=2
06:19:55.540 DBG Sending COMMIT. senderID=7 sn=5 view=0
06:19:55.540 DBG func handleHtnmsg htn. htn=2 localhtn=2
06:19:55.540 DBG func sendCommit commit Tn. sn=5 tn=5
06:19:55.541 DBG func handleCommit commit Tn. tn=4
06:19:55.541 DBG Sending COMMIT. senderID=7 sn=3 view=0
06:19:55.541 DBG Sending Htn. sn=5 view=0
06:19:55.541 DBG func handleHtnmsg htn. htn=4 localhtn=4
06:19:55.541 DBG func handleCommit commit Tn. tn=0
06:19:55.541 DBG func sendCommit commit Tn. sn=3 tn=3
06:19:55.541 DBG func handleCommit commit Tn. tn=5
06:19:55.541 DBG func handleHtnmsg htn. htn=0 localhtn=0
06:19:55.539 DBG func handleCommit commit Tn. tn=1
06:19:55.541 DBG Sending Htn. sn=3 view=0
06:19:55.541 DBG func handleCommit commit Tn. tn=0
06:19:55.541 DBG func handleHtnmsg htn. htn=5 localhtn=5
06:19:55.541 DBG func handleHtnmsg htn. htn=1 localhtn=1
06:19:55.541 DBG func handleCommit commit Tn. tn=3
06:19:55.542 DBG func handleCommit commit Tn. tn=2
06:19:55.542 DBG func handleCommit commit Tn. tn=1
06:19:55.542 DBG func handleHtnmsg htn. htn=0 localhtn=0
06:19:55.542 DBG func handleCommit commit Tn. tn=5
06:19:55.542 DBG func handleHtnmsg htn. htn=3 localhtn=3
06:19:55.543 DBG func handleHtnmsg htn. htn=1 localhtn=1
06:19:55.543 DBG func handleHtnmsg htn. htn=2 localhtn=2
06:19:55.543 DBG func handleHtnmsg htn. htn=5 localhtn=5
06:19:55.543 DBG func handleHtnmsg htn. htn=1 localhtn=1
06:19:55.543 DBG func handleCommit commit Tn. tn=2
06:19:55.543 DBG func handleCommit commit Tn. tn=5
06:19:55.543 DBG func handleHtnmsg htn. htn=5 localhtn=5
06:19:55.544 DBG func handleCommit commit Tn. tn=3
06:19:55.544 DBG func handleCommit commit Tn. tn=5
06:19:55.544 DBG func handleHtnmsg htn. htn=3 localhtn=3
06:19:55.544 DBG func handleCommit commit Tn. tn=1
06:19:55.545 DBG func handleHtnmsg htn. htn=2 localhtn=2
06:19:55.545 DBG func handleCommit commit Tn. tn=0
06:19:55.546 INF Committed entry. latency=0 nReq=1174 sn=5
06:19:55.545 DBG func handleCommit commit Tn. tn=3
06:19:55.546 DBG Starting timer. sn=11 view=0
06:19:55.547 INF Committed entry. latency=0 nReq=1229 sn=1
06:19:55.547 DBG func handleHtnmsg htn. htn=3 localhtn=3
06:19:55.547 DBG Starting timer. sn=7 view=0
06:19:55.547 DBG func handleHtnmsg htn. htn=1 localhtn=1
06:19:55.547 INF Committed entry. latency=0 nReq=1229 sn=0
06:19:55.548 INF Delivered batch. nReq=1229 sn=0
06:19:55.548 INF Delivered batch. nReq=1229 sn=1
06:19:55.548 DBG Starting timer. sn=6 view=0
06:19:55.548 DBG func handleHtnmsg htn. htn=5 localhtn=5
06:19:55.549 DBG func handleCommit commit Tn. tn=3
06:19:55.549 DBG func handleCommit commit Tn. tn=2
06:19:55.549 DBG func handleHtnmsg htn. htn=0 localhtn=0
06:19:55.551 INF Committed entry. latency=0 nReq=1174 sn=3
06:19:55.551 INF Committed entry. latency=0 nReq=1174 sn=2
06:19:55.551 INF Delivered batch. nReq=1174 sn=2
06:19:55.551 INF Delivered batch. nReq=1174 sn=3
06:19:55.551 INF Delivered batch. nReq=1174 sn=4
06:19:55.551 INF Delivered batch. nReq=1174 sn=5
06:19:55.551 DBG Starting timer. sn=9 view=0
06:19:55.552 DBG Starting timer. sn=8 view=0
06:19:55.552 DBG func handleHtnmsg htn. htn=3 localhtn=3
06:19:55.552 DBG func handleHtnmsg htn. htn=2 localhtn=2
06:19:55.552 DBG func handleCommit commit Tn. tn=2
06:19:55.552 DBG func handleHtnmsg htn. htn=2 localhtn=2
06:19:55.576 DBG func handleCommit commit Tn. tn=3
06:19:55.576 DBG func handleCommit commit Tn. tn=1
06:19:55.577 DBG func handleHtnmsg htn. htn=3 localhtn=3
06:19:55.577 DBG func handleHtnmsg htn. htn=1 localhtn=1
06:19:55.593 DBG func handleCommit commit Tn. tn=0
06:19:55.594 DBG func handleHtnmsg htn. htn=0 localhtn=0
06:19:55.594 DBG func handleCommit commit Tn. tn=5
06:19:55.594 DBG func handleHtnmsg htn. htn=5 localhtn=5
06:20:24.790 INF Handling PREPREPARE. nReq=86 senderID=4 sn=8
06:20:24.790 DBG Creating new Batch. nReq=86
06:20:24.796 INF Handling PREPREPARE. nReq=92 senderID=2 sn=6
06:20:24.796 DBG Creating new Batch. nReq=92
06:20:24.798 INF Handling PREPREPARE. nReq=86 senderID=6 sn=10
06:20:24.799 DBG Creating new Batch. nReq=86
06:20:24.805 INF Handling PREPREPARE. nReq=92 senderID=3 sn=7
06:20:24.805 DBG Creating new Batch. nReq=92
06:20:24.813 DBG Batch ready. batchSize=4096
06:20:24.814 DBG Batch cut. left=0 nBuckets=21 nReq=86 next=0
06:20:24.814 DBG Waiting for batch. batchSize=4096
06:20:24.815 DBG Sending PREPARE. senderID=7 sn=8 view=0
06:20:24.815 DBG func sendPrepare prepare Tn. sn=8 tn=8
06:20:24.817 INF Sending PREPREPARE. nReq=86 senderID=7 sn=11 view=0
06:20:24.822 DBG Sending PREPARE. senderID=7 sn=10 view=0
06:20:24.822 DBG func sendPrepare prepare Tn. sn=10 tn=10
06:20:24.823 DBG Sending COMMIT. senderID=7 sn=10 view=0
06:20:24.823 DBG Sending COMMIT. senderID=7 sn=8 view=0
06:20:24.824 DBG func sendCommit commit Tn. sn=8 tn=8
06:20:24.824 DBG Sending Htn. sn=8 view=0
06:20:24.824 DBG Sending PREPARE. senderID=7 sn=7 view=0
06:20:24.824 DBG func sendPrepare prepare Tn. sn=7 tn=7
06:20:24.824 DBG func handleCommit commit Tn. tn=8
06:20:24.823 DBG func sendCommit commit Tn. sn=10 tn=10
06:20:24.824 DBG func handleHtnmsg htn. htn=8 localhtn=8
06:20:24.825 DBG Sending Htn. sn=10 view=0
06:20:24.825 DBG func handleCommit commit Tn. tn=8
06:20:24.825 DBG func handleHtnmsg htn. htn=8 localhtn=8
06:20:24.825 DBG func handleCommit commit Tn. tn=8
06:20:24.825 DBG func handleHtnmsg htn. htn=8 localhtn=8
06:20:24.826 DBG func handleCommit commit Tn. tn=8
06:20:24.826 INF Committed entry. latency=0 nReq=86 sn=8
06:20:24.826 DBG Starting timer. sn=14 view=0
06:20:24.826 DBG func handleHtnmsg htn. htn=8 localhtn=8
06:20:24.827 DBG Sending PREPARE. senderID=7 sn=6 view=0
06:20:24.827 DBG func sendPrepare prepare Tn. sn=6 tn=6
06:20:24.827 DBG func handleCommit commit Tn. tn=10
06:20:24.827 DBG func handleHtnmsg htn. htn=10 localhtn=10
06:20:24.827 DBG Sending COMMIT. senderID=7 sn=6 view=0
06:20:24.828 DBG func sendCommit commit Tn. sn=6 tn=6
06:20:24.828 DBG Sending Htn. sn=6 view=0
06:20:24.828 DBG func handleCommit commit Tn. tn=6
06:20:24.829 DBG func handleHtnmsg htn. htn=6 localhtn=6
06:20:24.829 DBG Sending COMMIT. senderID=7 sn=7 view=0
06:20:24.829 DBG func handleCommit commit Tn. tn=6
06:20:24.829 DBG func sendCommit commit Tn. sn=7 tn=7
06:20:24.829 DBG func handleCommit commit Tn. tn=6
06:20:24.829 DBG func handleHtnmsg htn. htn=6 localhtn=6
06:20:24.829 DBG Sending Htn. sn=7 view=0
06:20:24.829 DBG func handleCommit commit Tn. tn=6
06:20:24.830 DBG func handleCommit commit Tn. tn=8
06:20:24.832 DBG func handleCommit commit Tn. tn=7
06:20:24.832 DBG func handleHtnmsg htn. htn=7 localhtn=7
06:20:24.832 INF Committed entry. latency=0 nReq=92 sn=6
06:20:24.832 INF Delivered batch. nReq=92 sn=6
06:20:24.832 DBG func handleCommit commit Tn. tn=7
06:20:24.833 DBG Starting timer. sn=12 view=0
06:20:24.833 DBG func handleHtnmsg htn. htn=8 localhtn=8
06:20:24.833 DBG func handleHtnmsg htn. htn=6 localhtn=6
06:20:24.833 DBG func handleHtnmsg htn. htn=7 localhtn=7
06:20:24.833 DBG func handleCommit commit Tn. tn=6
06:20:24.833 DBG func handleCommit commit Tn. tn=7
06:20:24.833 DBG func handleHtnmsg htn. htn=7 localhtn=7
06:20:24.833 DBG func handleHtnmsg htn. htn=6 localhtn=6
06:20:24.834 DBG func handleHtnmsg htn. htn=6 localhtn=6
06:20:24.835 INF Handling PREPREPARE. nReq=86 senderID=5 sn=9
06:20:24.835 DBG Creating new Batch. nReq=86
06:20:24.835 DBG func handleCommit commit Tn. tn=7
06:20:24.836 INF Committed entry. latency=0 nReq=92 sn=7
06:20:24.836 INF Delivered batch. nReq=92 sn=7
06:20:24.836 INF Delivered batch. nReq=86 sn=8
06:20:24.836 DBG Starting timer. sn=13 view=0
06:20:24.836 DBG func handleCommit commit Tn. tn=7
06:20:24.836 DBG func handleHtnmsg htn. htn=7 localhtn=7
06:20:24.836 DBG func handleCommit commit Tn. tn=10
06:20:24.837 DBG func handleHtnmsg htn. htn=10 localhtn=10
06:20:24.837 DBG func handleCommit commit Tn. tn=10
06:20:24.837 DBG func handleCommit commit Tn. tn=10
06:20:24.837 INF Committed entry. latency=0 nReq=86 sn=10
06:20:24.838 DBG Starting timer. sn=16 view=0
06:20:24.838 DBG func handleHtnmsg htn. htn=10 localhtn=10
06:20:24.838 DBG func handleCommit commit Tn. tn=10
06:20:24.838 DBG func handleHtnmsg htn. htn=10 localhtn=10
06:20:24.838 DBG func handleHtnmsg htn. htn=10 localhtn=10
06:20:24.850 DBG func handleHtnmsg htn. htn=7 localhtn=7
06:20:24.852 DBG Sending PREPARE. senderID=7 sn=9 view=0
06:20:24.852 DBG func sendPrepare prepare Tn. sn=9 tn=9
06:20:24.857 DBG Sending COMMIT. senderID=7 sn=11 view=0
06:20:24.857 DBG func sendCommit commit Tn. sn=11 tn=11
06:20:24.858 DBG Sending Htn. sn=11 view=0
06:20:24.858 DBG Sending COMMIT. senderID=7 sn=9 view=0
06:20:24.858 DBG func sendCommit commit Tn. sn=9 tn=9
06:20:24.859 DBG Sending Htn. sn=9 view=0
06:20:24.859 DBG func handleCommit commit Tn. tn=9
06:20:24.859 DBG func handleCommit commit Tn. tn=11
06:20:24.859 DBG func handleHtnmsg htn. htn=11 localhtn=11
06:20:24.859 DBG func handleCommit commit Tn. tn=11
06:20:24.860 DBG func handleHtnmsg htn. htn=11 localhtn=11
06:20:24.860 DBG func handleCommit commit Tn. tn=9
06:20:24.860 DBG func handleHtnmsg htn. htn=9 localhtn=9
06:20:24.860 DBG func handleCommit commit Tn. tn=9
06:20:24.861 DBG func handleHtnmsg htn. htn=9 localhtn=9
06:20:24.861 DBG func handleCommit commit Tn. tn=9
06:20:24.860 DBG func handleCommit commit Tn. tn=11
06:20:24.861 DBG func handleHtnmsg htn. htn=11 localhtn=11
06:20:24.861 DBG func handleCommit commit Tn. tn=11
06:20:24.861 INF Committed entry. latency=0 nReq=86 sn=9
06:20:24.861 INF Delivered batch. nReq=86 sn=9
06:20:24.862 INF Delivered batch. nReq=86 sn=10
06:20:24.862 INF Committed entry. latency=0 nReq=86 sn=11
06:20:24.862 INF Delivered batch. nReq=86 sn=11
06:20:24.862 DBG Starting timer. sn=15 view=0
06:20:24.862 DBG func handleHtnmsg htn. htn=9 localhtn=9
06:20:24.862 DBG Starting timer. sn=17 view=0
06:20:24.862 DBG func handleHtnmsg htn. htn=9 localhtn=9
06:20:24.862 DBG func handleHtnmsg htn. htn=11 localhtn=11
06:20:24.862 DBG func handleCommit commit Tn. tn=9
06:20:24.863 DBG func handleCommit commit Tn. tn=11
06:20:24.863 DBG func handleHtnmsg htn. htn=9 localhtn=9
06:20:24.863 DBG func handleHtnmsg htn. htn=11 localhtn=11
06:20:25.839 INF Connection terminated. error="rpc error: code = Canceled desc = context canceled" address=127.0.0.1:46304
06:20:25.839 INF Finished sending bucket assignments to client. clId=0
06:20:26.234 INF Stopping profiler.
06:20:26.234 INF Stopping Tracer. events=144 fileName=experiment-output/0000/slave-006/peer.trc
==================
WARNING: DATA RACE
Read at 0x00c000920000 by goroutine 115:
  runtime.racereadrange()
      <autogenerated>:1 +0x1b
  github.com/hyperledger-labs/mirbft/tracing.(*BufferedTrace).StopOnSignal.func1()
      /opt/gopath/src/github.com/hyperledger-labs/mirbft/tracing/bufferedtrace.go:298 +0x4e

Previous write at 0x00c000920000 by goroutine 497:
  github.com/hyperledger-labs/mirbft/tracing.(*BufferedTrace).Event()
      /opt/gopath/src/github.com/hyperledger-labs/mirbft/tracing/bufferedtrace.go:105 +0x2d9
  github.com/hyperledger-labs/mirbft/manager.(*MirManager).handleLogEntries()
      /opt/gopath/src/github.com/hyperledger-labs/mirbft/manager/mirmanager.go:139 +0x1d8
  github.com/hyperledger-labs/mirbft/manager.(*MirManager).Start路dwrap路7()
      /opt/gopath/src/github.com/hyperledger-labs/mirbft/manager/mirmanager.go:101 +0x47

Goroutine 115 (running) created at:
  github.com/hyperledger-labs/mirbft/tracing.(*BufferedTrace).StopOnSignal()
      /opt/gopath/src/github.com/hyperledger-labs/mirbft/tracing/bufferedtrace.go:292 +0x172
  main.setUpTracing()
      /opt/gopath/src/github.com/hyperledger-labs/mirbft/cmd/orderingpeer/main.go:204 +0xf5
  main.main()
      /opt/gopath/src/github.com/hyperledger-labs/mirbft/cmd/orderingpeer/main.go:98 +0x9d6

Goroutine 497 (running) created at:
  github.com/hyperledger-labs/mirbft/manager.(*MirManager).Start()
      /opt/gopath/src/github.com/hyperledger-labs/mirbft/manager/mirmanager.go:101 +0x19e
  main.main路dwrap路4()
      /opt/gopath/src/github.com/hyperledger-labs/mirbft/cmd/orderingpeer/main.go:168 +0x59
==================
==================
WARNING: DATA RACE
Read at 0x00c000921658 by goroutine 115:
  runtime.racereadrange()
      <autogenerated>:1 +0x1b
  github.com/hyperledger-labs/mirbft/tracing.(*BufferedTrace).StopOnSignal.func1()
      /opt/gopath/src/github.com/hyperledger-labs/mirbft/tracing/bufferedtrace.go:298 +0x4e

Previous write at 0x00c000921658 by goroutine 114:
  github.com/hyperledger-labs/mirbft/tracing.(*BufferedTrace).Event()
      /opt/gopath/src/github.com/hyperledger-labs/mirbft/tracing/bufferedtrace.go:105 +0x2d9
  github.com/hyperledger-labs/mirbft/profiling.StartCPUTracing.func1()
      /opt/gopath/src/github.com/hyperledger-labs/mirbft/profiling/cpuusage.go:31 +0x95

Goroutine 115 (running) created at:
  github.com/hyperledger-labs/mirbft/tracing.(*BufferedTrace).StopOnSignal()
      /opt/gopath/src/github.com/hyperledger-labs/mirbft/tracing/bufferedtrace.go:292 +0x172
  main.setUpTracing()
      /opt/gopath/src/github.com/hyperledger-labs/mirbft/cmd/orderingpeer/main.go:204 +0xf5
  main.main()
      /opt/gopath/src/github.com/hyperledger-labs/mirbft/cmd/orderingpeer/main.go:98 +0x9d6

Goroutine 114 (running) created at:
  github.com/hyperledger-labs/mirbft/profiling.StartCPUTracing()
      /opt/gopath/src/github.com/hyperledger-labs/mirbft/profiling/cpuusage.go:28 +0xb6
  main.setUpTracing()
      /opt/gopath/src/github.com/hyperledger-labs/mirbft/cmd/orderingpeer/main.go:196 +0x85
  main.main()
      /opt/gopath/src/github.com/hyperledger-labs/mirbft/cmd/orderingpeer/main.go:98 +0x9d6
==================
06:20:26.237 INF Trace data written.
06:20:26.306 INF Profile data written. filename=experiment-output/0000/slave-006/prof.block name=block
06:20:26.340 INF Profile data written. filename=experiment-output/0000/slave-006/prof.mutex name=mutex
06:20:26.487 INF Connection terminated. error="rpc error: code = Canceled desc = context canceled" address=127.0.0.1:46226
06:20:26.487 INF Connection terminated. error="rpc error: code = Canceled desc = context canceled" address=127.0.0.1:46282
06:20:26.489 INF Connection terminated. error="rpc error: code = Canceled desc = context canceled" address=127.0.0.1:46230
06:20:26.489 INF Connection terminated. error="rpc error: code = Canceled desc = context canceled" address=127.0.0.1:46220
06:20:26.515 INF Profile data written. filename=experiment-output/0000/slave-006/prof.cpu name=cpu
