{"level":"debug","Logging":"debug","time":"2022-10-13T21:28:54+08:00","message":"Config"}
{"level":"debug","UseTLS":false,"time":"2022-10-13T21:28:54+08:00","message":"Config"}
{"level":"debug","CACertFile":"tls-data/ca.pem","time":"2022-10-13T21:28:54+08:00","message":"Config"}
{"level":"debug","KeyFile":"tls-data/auth.key","time":"2022-10-13T21:28:54+08:00","message":"Config"}
{"level":"debug","CertFile":"tls-data/auth.pem","time":"2022-10-13T21:28:54+08:00","message":"Config"}
{"level":"debug","PriorityConnections":2,"time":"2022-10-13T21:28:54+08:00","message":"Config"}
{"level":"debug","BasicConnections":2,"time":"2022-10-13T21:28:54+08:00","message":"Config"}
{"level":"debug","TestConnections":false,"time":"2022-10-13T21:28:54+08:00","message":"Config"}
{"level":"debug","ExcessConnections":1,"time":"2022-10-13T21:28:54+08:00","message":"Config"}
{"level":"debug","ConnectionTestMsgs":4,"time":"2022-10-13T21:28:54+08:00","message":"Config"}
{"level":"debug","ConnectionTestPayload":131072,"time":"2022-10-13T21:28:54+08:00","message":"Config"}
{"level":"debug","OutMessageBufsize":1024,"time":"2022-10-13T21:28:54+08:00","message":"Config"}
{"level":"debug","OutMessageBufsize":2,"time":"2022-10-13T21:28:54+08:00","message":"Config"}
{"level":"debug","ThroughputCap":131072000,"time":"2022-10-13T21:28:54+08:00","message":"Config"}
{"level":"debug","StragglerTolerance":1000,"time":"2022-10-13T21:28:54+08:00","message":"Config"}
{"level":"debug","BatchSizeIncrement":256,"time":"2022-10-13T21:28:54+08:00","message":"Config"}
{"level":"debug","Orderer":"Pbft","time":"2022-10-13T21:28:54+08:00","message":"Config"}
{"level":"debug","Manager":"Mir","time":"2022-10-13T21:28:54+08:00","message":"Config"}
{"level":"debug","Failures":2,"time":"2022-10-13T21:28:54+08:00","message":"Config"}
{"level":"debug","CrashTiming":"Straggler","time":"2022-10-13T21:28:54+08:00","message":"Config"}
{"level":"debug","CheckpointInterval":256,"time":"2022-10-13T21:28:54+08:00","message":"Config"}
{"level":"debug","WatermarkWindowSize":256,"time":"2022-10-13T21:28:54+08:00","message":"Config"}
{"level":"debug","EpochLength":256,"time":"2022-10-13T21:28:54+08:00","message":"Config"}
{"level":"debug","SegmentLength":32,"time":"2022-10-13T21:28:54+08:00","message":"Config"}
{"level":"debug","WaitForCheckpoints":true,"time":"2022-10-13T21:28:54+08:00","message":"Config"}
{"level":"debug","ClientWatermarkWindowSize":4194304,"time":"2022-10-13T21:28:54+08:00","message":"Config"}
{"level":"debug","ClientRequestBacklogSize":4194304,"time":"2022-10-13T21:28:54+08:00","message":"Config"}
{"level":"debug","RandomSeed":850,"time":"2022-10-13T21:28:54+08:00","message":"Config"}
{"level":"debug","NodeToLeaderRatio":1,"time":"2022-10-13T21:28:54+08:00","message":"Config"}
{"level":"debug","LeaderPolicy":"SimulatedRandomFailures","time":"2022-10-13T21:28:54+08:00","message":"Config"}
{"level":"debug","DefaultLeaderBan":2,"time":"2022-10-13T21:28:54+08:00","message":"Config"}
{"level":"debug","NumBuckets":128,"time":"2022-10-13T21:28:54+08:00","message":"Config"}
{"level":"debug","BatchSize":1000,"time":"2022-10-13T21:28:54+08:00","message":"Config"}
{"level":"debug","DisabledViewChange":false,"time":"2022-10-13T21:28:54+08:00","message":"Config"}
{"level":"debug","ViewChangeTimeout":60000,"time":"2022-10-13T21:28:54+08:00","message":"Config"}
{"level":"debug","ClientTraceSampling":10,"time":"2022-10-13T21:28:54+08:00","message":"Config"}
{"level":"debug","EventBufferSize":2097152,"time":"2022-10-13T21:28:54+08:00","message":"Config"}
{"level":"debug","TraceSampling":1,"time":"2022-10-13T21:28:54+08:00","message":"Config"}
{"level":"debug","ClientsPerProcess":1,"time":"2022-10-13T21:28:54+08:00","message":"Config"}
{"level":"debug","RequestsPerClient":15360,"time":"2022-10-13T21:28:54+08:00","message":"Config"}
{"level":"debug","ClientRunTime":30000,"time":"2022-10-13T21:28:54+08:00","message":"Config"}
{"level":"debug","RequestRate":256,"time":"2022-10-13T21:28:54+08:00","message":"Config"}
{"level":"debug","HardRequestRateLimit":false,"time":"2022-10-13T21:28:54+08:00","message":"Config"}
{"level":"debug","RequestPayloadSize":500,"time":"2022-10-13T21:28:54+08:00","message":"Config"}
{"level":"debug","SignRequests":true,"time":"2022-10-13T21:28:54+08:00","message":"Config"}
{"level":"debug","ClientPrivKeyFile":"tls-data/client-ecdsa-256.key","time":"2022-10-13T21:28:54+08:00","message":"Config"}
{"level":"debug","ClientPubKeyFile":"tls-data/client-ecdsa-256.pem","time":"2022-10-13T21:28:54+08:00","message":"Config"}
{"level":"debug","PrecomputeRequests":false,"time":"2022-10-13T21:28:54+08:00","message":"Config"}
{"level":"debug","RequestHandlerThreads":32,"time":"2022-10-13T21:28:54+08:00","message":"Config"}
{"level":"debug","RequestInputChannelBuffer":8192,"time":"2022-10-13T21:28:54+08:00","message":"Config"}
{"level":"debug","BatchVerifier":"external","time":"2022-10-13T21:28:54+08:00","message":"Config"}
13:28:54.389 INF Registered with discovery server. numPeers=8 ownID=1
13:28:54.390 INF Profiling enabled.
13:28:54.390 INF Setting up profiling.
13:28:54.390 INF Started Profiler: CPU
13:28:54.390 INF Started Profiler: BLOCK
13:28:54.390 INF Started Profiler: MUTEX
13:28:54.390 INF Profiler will stop on signal. exit=true
13:28:54.392 INF Tracing will stop on signal. exit=false
13:28:54.394 INF Started tracing. traceFile=experiment-output/0000/slave-001/peer.trc
13:28:54.394 DBG Starting backlog.
13:28:54.395 INF Listening for connections. port=10011 useTLS=false
13:28:54.395 INF Connecting to peer. addr=127.0.0.1:10011 basicConns=2 priorityConns=2
13:28:54.395 INF Connecting to peer. addr=127.0.0.1:10022 basicConns=2 priorityConns=2
13:28:54.395 INF Connecting to peer. addr=127.0.0.1:10033 basicConns=2 priorityConns=2
13:28:54.396 INF Connecting to peer. addr=127.0.0.1:10044 basicConns=2 priorityConns=2
13:28:54.409 INF Connecting to peer. addr=127.0.0.1:10055 basicConns=2 priorityConns=2
13:28:54.415 INF Connecting to peer. addr=127.0.0.1:10066 basicConns=2 priorityConns=2
13:28:54.420 INF Connecting to peer. addr=127.0.0.1:10077 basicConns=2 priorityConns=2
13:28:54.422 INF Connecting to peer. addr=127.0.0.1:10000 basicConns=2 priorityConns=2
13:28:54.450 INF Incoming connection for protocol messages. addr=127.0.0.1:53662
13:28:54.466 INF Incoming connection for protocol messages. addr=127.0.0.1:53700
13:28:54.467 INF Incoming connection for protocol messages. addr=127.0.0.1:53752
13:28:54.471 INF Incoming connection for protocol messages. addr=127.0.0.1:53750
13:28:54.473 INF Incoming connection for protocol messages. addr=127.0.0.1:53778
13:28:54.473 INF Incoming connection for protocol messages. addr=127.0.0.1:53810
13:28:54.473 DBG Connected. peerID=2
13:28:54.474 INF Incoming connection for protocol messages. addr=127.0.0.1:53786
13:28:54.475 INF Incoming connection for protocol messages. addr=127.0.0.1:53764
13:28:54.475 INF Incoming connection for protocol messages. addr=127.0.0.1:53744
13:28:54.476 INF Incoming connection for protocol messages. addr=127.0.0.1:53838
13:28:54.477 DBG Connected. peerID=5
13:28:54.478 INF Incoming connection for protocol messages. addr=127.0.0.1:53708
13:28:54.480 DBG Connected. peerID=6
13:28:54.482 DBG Connected. peerID=0
13:28:54.484 INF Incoming connection for protocol messages. addr=127.0.0.1:53872
13:28:54.484 INF Incoming connection for protocol messages. addr=127.0.0.1:53856
13:28:54.484 INF Incoming connection for protocol messages. addr=127.0.0.1:53850
13:28:54.486 DBG Connected. peerID=7
13:28:54.486 INF Incoming connection for protocol messages. addr=127.0.0.1:53934
13:28:54.487 INF Incoming connection for protocol messages. addr=127.0.0.1:53896
13:28:54.488 INF Incoming connection for protocol messages. addr=127.0.0.1:53984
13:28:54.489 INF Incoming connection for protocol messages. addr=127.0.0.1:54000
13:28:54.489 INF Incoming connection for protocol messages. addr=127.0.0.1:54010
13:28:54.489 INF Incoming connection for protocol messages. addr=127.0.0.1:53842
13:28:54.489 DBG Connected. peerID=1
13:28:54.489 INF Incoming connection for protocol messages. addr=127.0.0.1:53982
13:28:54.489 INF Incoming connection for protocol messages. addr=127.0.0.1:54008
13:28:54.489 INF Incoming connection for protocol messages. addr=127.0.0.1:54024
13:28:54.490 INF Incoming connection for protocol messages. addr=127.0.0.1:54030
13:28:54.492 DBG Connected. peerID=4
13:28:54.496 INF Incoming connection for protocol messages. addr=127.0.0.1:53760
13:28:54.496 INF Incoming connection for protocol messages. addr=127.0.0.1:53774
13:28:54.497 INF Incoming connection for protocol messages. addr=127.0.0.1:53930
13:28:54.497 INF Incoming connection for protocol messages. addr=127.0.0.1:53762
13:28:54.501 INF Incoming connection for protocol messages. addr=127.0.0.1:54094
13:28:54.502 DBG Connected. peerID=3
13:28:54.502 INF Connected to all peers.
13:28:54.505 INF Incoming connection for protocol messages. addr=127.0.0.1:54140
13:28:54.505 INF Incoming connection for protocol messages. addr=127.0.0.1:54142
13:28:54.506 INF Incoming connection for protocol messages. addr=127.0.0.1:54130
13:28:54.516 INF All peers finished connecting. Starting ISS.
13:28:54.517 DBG Buckets for 0-th leader 0: [0 8 16 24 32 40 48 56 64 72 80 88 96 104 112 120 18 42 66 90 114 6 30 54 78 102 126]
13:28:54.518 DBG Buckets for 1-th leader 1: [1 9 17 25 33 41 49 57 65 73 81 89 97 105 113 121]
13:28:54.518 DBG Buckets for 2-th leader 3: [3 11 19 27 35 43 51 59 67 75 83 91 99 107 115 123 2 26 50 74 98 122 14 38 62 86 110]
13:28:54.518 DBG Buckets for 3-th leader 4: [4 12 20 28 36 44 52 60 68 76 84 92 100 108 116 124]
13:28:54.518 DBG Buckets for 4-th leader 5: [5 13 21 29 37 45 53 61 69 77 85 93 101 109 117 125 10 34 58 82 106 22 46 70 94 118]
13:28:54.518 DBG Buckets for 5-th leader 7: [7 15 23 31 39 47 55 63 71 79 87 95 103 111 119 127]
13:28:54.518 INF PbftOrderer received a new segment: [0 6 12 18 24 30 36 42 48 54 60 66 72 78 84 90 96 102 108 114 120 126 132 138 144 150 156 162 168 174 180 186] first leader=0 firstSN=0 lastSN=186 len=32 length=32 segId=0
13:28:54.519 INF Starting new view. segID=0 timeout=60000 view=0
13:28:54.519 DBG Starting timer. sn=0 view=0
13:28:54.519 INF Starting PBFT instance. first=0 last=186 segID=0
13:28:54.520 DBG Subscribing to backlog. segID=0
13:28:54.520 INF PbftOrderer received a new segment: [1 7 13 19 25 31 37 43 49 55 61 67 73 79 85 91 97 103 109 115 121 127 133 139 145 151 157 163 169 175 181 187] first leader=1 firstSN=1 lastSN=187 len=32 length=32 segId=1
13:28:54.520 INF Starting serialized message processing. segID=0
13:28:54.520 INF Starting new view. segID=1 timeout=60000 view=0
13:28:54.520 DBG Starting timer. sn=1 view=0
13:28:54.520 INF Starting PBFT instance. first=1 last=187 segID=1
13:28:54.521 DBG Subscribing to backlog. segID=1
13:28:54.521 DBG Leading segment. segID=1
13:28:54.521 INF Starting serialized message processing. segID=1
13:28:54.521 DBG Waiting for batch. batchSize=4096
13:28:54.521 INF PbftOrderer received a new segment: [2 8 14 20 26 32 38 44 50 56 62 68 74 80 86 92 98 104 110 116 122 128 134 140 146 152 158 164 170 176 182 188] first leader=3 firstSN=2 lastSN=188 len=32 length=32 segId=2
13:28:54.521 INF Starting new view. segID=2 timeout=60000 view=0
13:28:54.521 DBG Starting timer. sn=2 view=0
13:28:54.522 INF Starting PBFT instance. first=2 last=188 segID=2
13:28:54.522 DBG Subscribing to backlog. segID=2
13:28:54.522 INF Starting serialized message processing. segID=2
13:28:54.522 INF PbftOrderer received a new segment: [3 9 15 21 27 33 39 45 51 57 63 69 75 81 87 93 99 105 111 117 123 129 135 141 147 153 159 165 171 177 183 189] first leader=4 firstSN=3 lastSN=189 len=32 length=32 segId=3
13:28:54.522 INF Starting new view. segID=3 timeout=60000 view=0
13:28:54.522 DBG Starting timer. sn=3 view=0
13:28:54.522 INF Starting PBFT instance. first=3 last=189 segID=3
13:28:54.523 DBG Subscribing to backlog. segID=3
13:28:54.523 INF Starting serialized message processing. segID=3
13:28:54.523 INF PbftOrderer received a new segment: [4 10 16 22 28 34 40 46 52 58 64 70 76 82 88 94 100 106 112 118 124 130 136 142 148 154 160 166 172 178 184 190] first leader=5 firstSN=4 lastSN=190 len=32 length=32 segId=4
13:28:54.523 INF Starting new view. segID=4 timeout=60000 view=0
13:28:54.523 DBG Starting timer. sn=4 view=0
13:28:54.523 INF Starting PBFT instance. first=4 last=190 segID=4
13:28:54.524 DBG Subscribing to backlog. segID=4
13:28:54.524 INF Starting serialized message processing. segID=4
13:28:54.524 INF PbftOrderer received a new segment: [5 11 17 23 29 35 41 47 53 59 65 71 77 83 89 95 101 107 113 119 125 131 137 143 149 155 161 167 173 179 185 191] first leader=7 firstSN=5 lastSN=191 len=32 length=32 segId=5
13:28:54.524 INF Starting new view. segID=5 timeout=60000 view=0
13:28:54.524 DBG Starting timer. sn=5 view=0
13:28:54.524 INF Starting PBFT instance. first=5 last=191 segID=5
13:28:54.525 DBG Subscribing to backlog. segID=5
13:28:54.525 INF Starting serialized message processing. segID=5
13:28:54.544 INF Connection terminated. error="rpc error: code = Canceled desc = context canceled" address=127.0.0.1:54010
13:28:54.545 INF Connection terminated. error="rpc error: code = Canceled desc = context canceled" address=127.0.0.1:53896
13:28:54.545 INF Connection terminated. error="rpc error: code = Canceled desc = context canceled" address=127.0.0.1:54000
13:28:54.545 INF Connection terminated. error="rpc error: code = Canceled desc = context canceled" address=127.0.0.1:54008
13:28:54.545 INF Connection terminated. error="rpc error: code = Canceled desc = context canceled" address=127.0.0.1:53930
13:28:54.546 INF Connection terminated. error="rpc error: code = Canceled desc = context canceled" address=127.0.0.1:53774
13:28:54.546 INF Connection terminated. error="rpc error: code = Canceled desc = context canceled" address=127.0.0.1:53760
13:28:54.546 INF Connection terminated. error="rpc error: code = Canceled desc = context canceled" address=127.0.0.1:53762
13:28:56.557 INF Incoming connection for requests. addr=127.0.0.1:54170
13:29:24.522 DBG Batch ready. batchSize=4096
13:29:24.524 DBG Batch cut. left=0 nBuckets=16 nReq=895 next=0
13:29:24.524 DBG Waiting for batch. batchSize=4096
13:29:24.576 INF Sending PREPREPARE. nReq=895 senderID=1 sn=1 view=0
13:29:24.669 ERR Failed to send protocol message. Dropping all future outgoing protocol messages. error=EOF
13:29:24.680 ERR Failed to send protocol message. Dropping all future outgoing protocol messages. error=EOF
13:29:24.689 INF Handling PREPREPARE. nReq=894 senderID=4 sn=3
13:29:24.689 DBG Creating new Batch. nReq=894
13:29:24.699 INF Handling PREPREPARE. nReq=894 senderID=7 sn=5
13:29:24.700 DBG Creating new Batch. nReq=894
13:29:24.864 DBG Sending PREPARE. senderID=1 sn=3 view=0
13:29:24.865 DBG func sendPrepare prepare Tn. sn=3 tn=3
13:29:24.893 INF Handling PREPREPARE. nReq=1509 senderID=0 sn=0
13:29:24.894 DBG Creating new Batch. nReq=1509
13:29:24.897 DBG Sending PREPARE. senderID=1 sn=5 view=0
13:29:24.897 DBG func sendPrepare prepare Tn. sn=5 tn=5
13:29:24.906 INF Handling PREPREPARE. nReq=1509 senderID=3 sn=2
13:29:24.906 DBG Creating new Batch. nReq=1509
13:29:24.926 INF Handling PREPREPARE. nReq=1453 senderID=5 sn=4
13:29:24.927 DBG Creating new Batch. nReq=1453
13:29:25.191 DBG Sending COMMIT. senderID=1 sn=5 view=0
13:29:25.191 DBG func sendCommit commit Tn. sn=5 tn=5
13:29:25.191 DBG func handleCommit commit Tn. tn=5
13:29:25.191 DBG func handleCommit commit Tn. tn=5
13:29:25.191 DBG func handleCommit commit Tn. tn=5
13:29:25.192 DBG func handleCommit commit Tn. tn=5
13:29:25.193 INF Committed entry. latency=0 nReq=894 sn=5
13:29:25.193 DBG Starting timer. sn=11 view=0
13:29:25.194 DBG func handleCommit commit Tn. tn=5
13:29:25.199 DBG Sending COMMIT. senderID=1 sn=3 view=0
13:29:25.199 DBG Sending COMMIT. senderID=1 sn=1 view=0
13:29:25.199 DBG func sendCommit commit Tn. sn=3 tn=3
13:29:25.199 DBG func sendCommit commit Tn. sn=1 tn=1
13:29:25.199 DBG func handleCommit commit Tn. tn=3
13:29:25.199 DBG func handleCommit commit Tn. tn=1
13:29:25.201 DBG func handleCommit commit Tn. tn=1
13:29:25.201 DBG func handleCommit commit Tn. tn=1
13:29:25.202 DBG func handleCommit commit Tn. tn=1
13:29:25.203 DBG func handleCommit commit Tn. tn=3
13:29:25.204 DBG func handleCommit commit Tn. tn=3
13:29:25.204 INF Committed entry. latency=0 nReq=895 sn=1
13:29:25.204 DBG Starting timer. sn=7 view=0
13:29:25.205 DBG func handleCommit commit Tn. tn=3
13:29:25.206 INF Committed entry. latency=0 nReq=894 sn=3
13:29:25.206 DBG Starting timer. sn=9 view=0
13:29:25.221 DBG func handleCommit commit Tn. tn=1
13:29:25.236 DBG func handleCommit commit Tn. tn=3
13:29:25.268 DBG Sending PREPARE. senderID=1 sn=0 view=0
13:29:25.268 DBG func sendPrepare prepare Tn. sn=0 tn=0
13:29:25.279 DBG Sending PREPARE. senderID=1 sn=4 view=0
13:29:25.279 DBG func sendPrepare prepare Tn. sn=4 tn=4
13:29:25.296 DBG Sending PREPARE. senderID=1 sn=2 view=0
13:29:25.296 DBG func sendPrepare prepare Tn. sn=2 tn=2
13:29:25.296 DBG Sending COMMIT. senderID=1 sn=2 view=0
13:29:25.296 DBG func sendCommit commit Tn. sn=2 tn=2
13:29:25.296 DBG func handleCommit commit Tn. tn=2
13:29:25.297 DBG func handleCommit commit Tn. tn=2
13:29:25.297 DBG func handleCommit commit Tn. tn=2
13:29:25.297 DBG func handleCommit commit Tn. tn=2
13:29:25.299 INF Committed entry. latency=0 nReq=1509 sn=2
13:29:25.300 DBG Starting timer. sn=8 view=0
13:29:25.300 DBG func handleCommit commit Tn. tn=2
13:29:25.304 DBG Sending COMMIT. senderID=1 sn=4 view=0
13:29:25.304 DBG func sendCommit commit Tn. sn=4 tn=4
13:29:25.304 DBG func handleCommit commit Tn. tn=4
13:29:25.306 DBG func handleCommit commit Tn. tn=4
13:29:25.307 DBG func handleCommit commit Tn. tn=4
13:29:25.307 DBG func handleCommit commit Tn. tn=4
13:29:25.309 INF Committed entry. latency=0 nReq=1453 sn=4
13:29:25.309 DBG Starting timer. sn=10 view=0
13:29:25.309 DBG func handleCommit commit Tn. tn=4
13:29:25.311 DBG Sending COMMIT. senderID=1 sn=0 view=0
13:29:25.311 DBG func sendCommit commit Tn. sn=0 tn=0
13:29:25.312 DBG func handleCommit commit Tn. tn=0
13:29:25.313 DBG func handleCommit commit Tn. tn=0
13:29:25.313 DBG func handleCommit commit Tn. tn=0
13:29:25.313 DBG func handleCommit commit Tn. tn=0
13:29:25.315 INF Committed entry. latency=0 nReq=1509 sn=0
13:29:25.315 INF Delivered batch. nReq=1509 sn=0
13:29:25.315 INF Delivered batch. nReq=895 sn=1
13:29:25.316 INF Delivered batch. nReq=1509 sn=2
13:29:25.316 INF Delivered batch. nReq=894 sn=3
13:29:25.316 INF Delivered batch. nReq=1453 sn=4
13:29:25.316 INF Delivered batch. nReq=894 sn=5
13:29:25.316 DBG Starting timer. sn=6 view=0
13:29:25.319 DBG func handleCommit commit Tn. tn=0
13:29:54.525 DBG Batch ready. batchSize=4096
13:29:54.525 DBG Batch cut. left=0 nBuckets=16 nReq=66 next=0
13:29:54.526 DBG Waiting for batch. batchSize=4096
13:29:54.529 INF Sending PREPREPARE. nReq=66 senderID=1 sn=7 view=0
13:29:54.540 INF Handling PREPREPARE. nReq=66 senderID=4 sn=9
13:29:54.541 DBG Creating new Batch. nReq=66
13:29:54.551 INF Handling PREPREPARE. nReq=111 senderID=3 sn=8
13:29:54.551 DBG Creating new Batch. nReq=111
13:29:54.552 INF Handling PREPREPARE. nReq=107 senderID=5 sn=10
13:29:54.553 DBG Creating new Batch. nReq=107
13:29:54.557 DBG Sending PREPARE. senderID=1 sn=9 view=0
13:29:54.557 DBG func sendPrepare prepare Tn. sn=9 tn=9
13:29:54.564 DBG Sending COMMIT. senderID=1 sn=9 view=0
13:29:54.564 DBG func sendCommit commit Tn. sn=9 tn=9
13:29:54.565 DBG func handleCommit commit Tn. tn=9
13:29:54.565 DBG func handleCommit commit Tn. tn=9
13:29:54.566 DBG func handleCommit commit Tn. tn=9
13:29:54.568 INF Handling PREPREPARE. nReq=66 senderID=7 sn=11
13:29:54.568 DBG Creating new Batch. nReq=66
13:29:54.580 DBG func handleCommit commit Tn. tn=7
13:29:54.580 DBG Sending COMMIT. senderID=1 sn=7 view=0
13:29:54.580 DBG func handleCommit commit Tn. tn=9
13:29:54.581 INF Committed entry. latency=0 nReq=66 sn=9
13:29:54.581 DBG Starting timer. sn=15 view=0
13:29:54.580 DBG func sendCommit commit Tn. sn=7 tn=7
13:29:54.582 INF Handling PREPREPARE. nReq=112 senderID=0 sn=6
13:29:54.582 DBG func handleCommit commit Tn. tn=7
13:29:54.582 DBG Creating new Batch. nReq=112
13:29:54.582 DBG func handleCommit commit Tn. tn=7
13:29:54.584 DBG func handleCommit commit Tn. tn=7
13:29:54.585 INF Committed entry. latency=0 nReq=66 sn=7
13:29:54.585 DBG Starting timer. sn=13 view=0
13:29:54.590 DBG Sending PREPARE. senderID=1 sn=8 view=0
13:29:54.590 DBG func sendPrepare prepare Tn. sn=8 tn=8
13:29:54.590 DBG Sending COMMIT. senderID=1 sn=8 view=0
13:29:54.590 DBG func sendCommit commit Tn. sn=8 tn=8
13:29:54.592 DBG Sending PREPARE. senderID=1 sn=11 view=0
13:29:54.592 DBG func sendPrepare prepare Tn. sn=11 tn=11
13:29:54.593 DBG func handleCommit commit Tn. tn=8
13:29:54.593 DBG func handleCommit commit Tn. tn=8
13:29:54.594 DBG func handleCommit commit Tn. tn=8
13:29:54.594 DBG Sending COMMIT. senderID=1 sn=11 view=0
13:29:54.594 DBG func handleCommit commit Tn. tn=8
13:29:54.595 DBG func sendCommit commit Tn. sn=11 tn=11
13:29:54.595 INF Committed entry. latency=0 nReq=111 sn=8
13:29:54.595 DBG Starting timer. sn=14 view=0
13:29:54.595 DBG func handleCommit commit Tn. tn=9
13:29:54.596 DBG func handleCommit commit Tn. tn=11
13:29:54.597 DBG func handleCommit commit Tn. tn=11
13:29:54.597 DBG func handleCommit commit Tn. tn=11
13:29:54.597 DBG Sending PREPARE. senderID=1 sn=10 view=0
13:29:54.597 DBG func sendPrepare prepare Tn. sn=10 tn=10
13:29:54.597 DBG func handleCommit commit Tn. tn=7
13:29:54.598 DBG Sending COMMIT. senderID=1 sn=10 view=0
13:29:54.598 DBG func sendCommit commit Tn. sn=10 tn=10
13:29:54.599 DBG func handleCommit commit Tn. tn=11
13:29:54.599 INF Committed entry. latency=0 nReq=66 sn=11
13:29:54.599 DBG Sending PREPARE. senderID=1 sn=6 view=0
13:29:54.599 DBG Starting timer. sn=17 view=0
13:29:54.599 DBG func sendPrepare prepare Tn. sn=6 tn=6
13:29:54.600 DBG func handleCommit commit Tn. tn=11
13:29:54.600 DBG Sending COMMIT. senderID=1 sn=6 view=0
13:29:54.600 DBG func sendCommit commit Tn. sn=6 tn=6
13:29:54.600 DBG func handleCommit commit Tn. tn=6
13:29:54.600 DBG func handleCommit commit Tn. tn=6
13:29:54.600 DBG func handleCommit commit Tn. tn=6
13:29:54.601 DBG func handleCommit commit Tn. tn=6
13:29:54.601 DBG func handleCommit commit Tn. tn=10
13:29:54.601 INF Committed entry. latency=0 nReq=112 sn=6
13:29:54.601 DBG func handleCommit commit Tn. tn=10
13:29:54.601 INF Delivered batch. nReq=112 sn=6
13:29:54.601 INF Delivered batch. nReq=66 sn=7
13:29:54.602 INF Delivered batch. nReq=111 sn=8
13:29:54.602 INF Delivered batch. nReq=66 sn=9
13:29:54.602 DBG Starting timer. sn=12 view=0
13:29:54.602 DBG func handleCommit commit Tn. tn=6
13:29:54.606 DBG func handleCommit commit Tn. tn=10
13:29:54.606 DBG func handleCommit commit Tn. tn=10
13:29:54.606 DBG func handleCommit commit Tn. tn=8
13:29:54.606 INF Committed entry. latency=0 nReq=107 sn=10
13:29:54.606 INF Delivered batch. nReq=107 sn=10
13:29:54.606 INF Delivered batch. nReq=66 sn=11
13:29:54.607 DBG Starting timer. sn=16 view=0
13:29:54.607 DBG func handleCommit commit Tn. tn=10
13:29:55.589 INF Connection terminated. error="rpc error: code = Canceled desc = context canceled" address=127.0.0.1:54170
13:29:55.590 INF Finished sending bucket assignments to client. clId=0
13:29:55.964 INF Stopping profiler.
13:29:55.964 INF Stopping Tracer. events=144 fileName=experiment-output/0000/slave-001/peer.trc
==================
WARNING: DATA RACE
Read at 0x00c0008a0000 by goroutine 115:
  runtime.racereadrange()
      <autogenerated>:1 +0x1b
  github.com/hyperledger-labs/mirbft/tracing.(*BufferedTrace).StopOnSignal.func1()
      /opt/gopath/src/github.com/hyperledger-labs/mirbft/tracing/bufferedtrace.go:298 +0x4e

Previous write at 0x00c0008a0000 by goroutine 499:
  github.com/hyperledger-labs/mirbft/tracing.(*BufferedTrace).Event()
      /opt/gopath/src/github.com/hyperledger-labs/mirbft/tracing/bufferedtrace.go:105 +0x2d9
  github.com/hyperledger-labs/mirbft/manager.(*MirManager).handleLogEntries()
      /opt/gopath/src/github.com/hyperledger-labs/mirbft/manager/mirmanager.go:139 +0x1d8
  github.com/hyperledger-labs/mirbft/manager.(*MirManager).Start路dwrap路7()
      /opt/gopath/src/github.com/hyperledger-labs/mirbft/manager/mirmanager.go:101 +0x47

Goroutine 115 (running) created at:
  github.com/hyperledger-labs/mirbft/tracing.(*BufferedTrace).StopOnSignal()
      /opt/gopath/src/github.com/hyperledger-labs/mirbft/tracing/bufferedtrace.go:292 +0x172
  main.setUpTracing()
      /opt/gopath/src/github.com/hyperledger-labs/mirbft/cmd/orderingpeer/main.go:204 +0xf5
  main.main()
      /opt/gopath/src/github.com/hyperledger-labs/mirbft/cmd/orderingpeer/main.go:98 +0x9d6

Goroutine 499 (running) created at:
  github.com/hyperledger-labs/mirbft/manager.(*MirManager).Start()
      /opt/gopath/src/github.com/hyperledger-labs/mirbft/manager/mirmanager.go:101 +0x19e
  main.main路dwrap路4()
      /opt/gopath/src/github.com/hyperledger-labs/mirbft/cmd/orderingpeer/main.go:168 +0x59
==================
==================
WARNING: DATA RACE
Read at 0x00c0008a1658 by goroutine 115:
  runtime.racereadrange()
      <autogenerated>:1 +0x1b
  github.com/hyperledger-labs/mirbft/tracing.(*BufferedTrace).StopOnSignal.func1()
      /opt/gopath/src/github.com/hyperledger-labs/mirbft/tracing/bufferedtrace.go:298 +0x4e

Previous write at 0x00c0008a1658 by goroutine 114:
  github.com/hyperledger-labs/mirbft/tracing.(*BufferedTrace).Event()
      /opt/gopath/src/github.com/hyperledger-labs/mirbft/tracing/bufferedtrace.go:105 +0x2d9
  github.com/hyperledger-labs/mirbft/profiling.StartCPUTracing.func1()
      /opt/gopath/src/github.com/hyperledger-labs/mirbft/profiling/cpuusage.go:31 +0x95

Goroutine 115 (running) created at:
  github.com/hyperledger-labs/mirbft/tracing.(*BufferedTrace).StopOnSignal()
      /opt/gopath/src/github.com/hyperledger-labs/mirbft/tracing/bufferedtrace.go:292 +0x172
  main.setUpTracing()
      /opt/gopath/src/github.com/hyperledger-labs/mirbft/cmd/orderingpeer/main.go:204 +0xf5
  main.main()
      /opt/gopath/src/github.com/hyperledger-labs/mirbft/cmd/orderingpeer/main.go:98 +0x9d6

Goroutine 114 (running) created at:
  github.com/hyperledger-labs/mirbft/profiling.StartCPUTracing()
      /opt/gopath/src/github.com/hyperledger-labs/mirbft/profiling/cpuusage.go:28 +0xb6
  main.setUpTracing()
      /opt/gopath/src/github.com/hyperledger-labs/mirbft/cmd/orderingpeer/main.go:196 +0x85
  main.main()
      /opt/gopath/src/github.com/hyperledger-labs/mirbft/cmd/orderingpeer/main.go:98 +0x9d6
==================
13:29:55.967 INF Trace data written.
13:29:56.028 INF Profile data written. filename=experiment-output/0000/slave-001/prof.block name=block
13:29:56.056 INF Profile data written. filename=experiment-output/0000/slave-001/prof.mutex name=mutex
13:29:56.130 INF Connection terminated. error="rpc error: code = Canceled desc = context canceled" address=127.0.0.1:53786
13:29:56.130 INF Connection terminated. error="rpc error: code = Canceled desc = context canceled" address=127.0.0.1:54030
13:29:56.131 INF Connection terminated. error="rpc error: code = Canceled desc = context canceled" address=127.0.0.1:54024
13:29:56.131 INF Connection terminated. error="rpc error: code = Canceled desc = context canceled" address=127.0.0.1:53982
13:29:56.207 INF Profile data written. filename=experiment-output/0000/slave-001/prof.cpu name=cpu
