{"level":"debug","Logging":"debug","time":"2022-08-04T17:19:57+08:00","message":"Config"}
{"level":"debug","UseTLS":false,"time":"2022-08-04T17:19:57+08:00","message":"Config"}
{"level":"debug","CACertFile":"tls-data/ca.pem","time":"2022-08-04T17:19:57+08:00","message":"Config"}
{"level":"debug","KeyFile":"tls-data/auth.key","time":"2022-08-04T17:19:57+08:00","message":"Config"}
{"level":"debug","CertFile":"tls-data/auth.pem","time":"2022-08-04T17:19:57+08:00","message":"Config"}
{"level":"debug","PriorityConnections":2,"time":"2022-08-04T17:19:57+08:00","message":"Config"}
{"level":"debug","BasicConnections":4,"time":"2022-08-04T17:19:57+08:00","message":"Config"}
{"level":"debug","TestConnections":false,"time":"2022-08-04T17:19:57+08:00","message":"Config"}
{"level":"debug","ExcessConnections":1,"time":"2022-08-04T17:19:57+08:00","message":"Config"}
{"level":"debug","ConnectionTestMsgs":4,"time":"2022-08-04T17:19:57+08:00","message":"Config"}
{"level":"debug","ConnectionTestPayload":131072,"time":"2022-08-04T17:19:57+08:00","message":"Config"}
{"level":"debug","OutMessageBufsize":1024,"time":"2022-08-04T17:19:57+08:00","message":"Config"}
{"level":"debug","OutMessageBufsize":1,"time":"2022-08-04T17:19:57+08:00","message":"Config"}
{"level":"debug","ThroughputCap":131072000,"time":"2022-08-04T17:19:57+08:00","message":"Config"}
{"level":"debug","StragglerTolerance":1000,"time":"2022-08-04T17:19:57+08:00","message":"Config"}
{"level":"debug","BatchSizeIncrement":256,"time":"2022-08-04T17:19:57+08:00","message":"Config"}
{"level":"debug","Orderer":"Pbft","time":"2022-08-04T17:19:57+08:00","message":"Config"}
{"level":"debug","Manager":"Mir","time":"2022-08-04T17:19:57+08:00","message":"Config"}
{"level":"debug","Failures":0,"time":"2022-08-04T17:19:57+08:00","message":"Config"}
{"level":"debug","CrashTiming":"EpochStart","time":"2022-08-04T17:19:57+08:00","message":"Config"}
{"level":"debug","CheckpointInterval":256,"time":"2022-08-04T17:19:57+08:00","message":"Config"}
{"level":"debug","WatermarkWindowSize":256,"time":"2022-08-04T17:19:57+08:00","message":"Config"}
{"level":"debug","EpochLength":256,"time":"2022-08-04T17:19:57+08:00","message":"Config"}
{"level":"debug","SegmentLength":256,"time":"2022-08-04T17:19:57+08:00","message":"Config"}
{"level":"debug","WaitForCheckpoints":true,"time":"2022-08-04T17:19:57+08:00","message":"Config"}
{"level":"debug","ClientWatermarkWindowSize":4194304,"time":"2022-08-04T17:19:57+08:00","message":"Config"}
{"level":"debug","ClientRequestBacklogSize":4194304,"time":"2022-08-04T17:19:57+08:00","message":"Config"}
{"level":"debug","RandomSeed":24715,"time":"2022-08-04T17:19:57+08:00","message":"Config"}
{"level":"debug","NodeToLeaderRatio":1,"time":"2022-08-04T17:19:57+08:00","message":"Config"}
{"level":"debug","LeaderPolicy":"Single","time":"2022-08-04T17:19:57+08:00","message":"Config"}
{"level":"debug","DefaultLeaderBan":2,"time":"2022-08-04T17:19:57+08:00","message":"Config"}
{"level":"debug","NumBuckets":16,"time":"2022-08-04T17:19:57+08:00","message":"Config"}
{"level":"debug","BatchSize":1000,"time":"2022-08-04T17:19:57+08:00","message":"Config"}
{"level":"debug","DisabledViewChange":false,"time":"2022-08-04T17:19:57+08:00","message":"Config"}
{"level":"debug","ViewChangeTimeout":60000,"time":"2022-08-04T17:19:57+08:00","message":"Config"}
{"level":"debug","ClientTraceSampling":10,"time":"2022-08-04T17:19:57+08:00","message":"Config"}
{"level":"debug","EventBufferSize":2097152,"time":"2022-08-04T17:19:57+08:00","message":"Config"}
{"level":"debug","TraceSampling":1,"time":"2022-08-04T17:19:57+08:00","message":"Config"}
{"level":"debug","ClientsPerProcess":1,"time":"2022-08-04T17:19:57+08:00","message":"Config"}
{"level":"debug","RequestsPerClient":7680,"time":"2022-08-04T17:19:57+08:00","message":"Config"}
{"level":"debug","ClientRunTime":30000,"time":"2022-08-04T17:19:57+08:00","message":"Config"}
{"level":"debug","RequestRate":128,"time":"2022-08-04T17:19:57+08:00","message":"Config"}
{"level":"debug","HardRequestRateLimit":false,"time":"2022-08-04T17:19:57+08:00","message":"Config"}
{"level":"debug","RequestPayloadSize":500,"time":"2022-08-04T17:19:57+08:00","message":"Config"}
{"level":"debug","SignRequests":true,"time":"2022-08-04T17:19:57+08:00","message":"Config"}
{"level":"debug","ClientPrivKeyFile":"tls-data/client-ecdsa-256.key","time":"2022-08-04T17:19:57+08:00","message":"Config"}
{"level":"debug","ClientPubKeyFile":"tls-data/client-ecdsa-256.pem","time":"2022-08-04T17:19:57+08:00","message":"Config"}
{"level":"debug","PrecomputeRequests":false,"time":"2022-08-04T17:19:57+08:00","message":"Config"}
{"level":"debug","RequestHandlerThreads":32,"time":"2022-08-04T17:19:57+08:00","message":"Config"}
{"level":"debug","RequestInputChannelBuffer":8192,"time":"2022-08-04T17:19:57+08:00","message":"Config"}
{"level":"debug","BatchVerifier":"external","time":"2022-08-04T17:19:57+08:00","message":"Config"}
09:19:57.973 INF Started Profiler: CPU
09:19:57.974 INF Started Profiler: BLOCK
09:19:57.974 INF Started Profiler: MUTEX
09:19:57.974 INF Starting clients. numClients=1 numRequests=7680
09:19:57.974 INF Initilizing clients.
09:19:57.985 INF Registared with discovery server. numOrderers=4 ownClientId=0
09:19:57.985 INF Clients initialized.
09:19:57.985 INF Launching clients.
09:19:57.985 INF Waiting for clients.
09:20:30.020 INF Stopping Tracer. events=1559 fileName=experiment-output/0002/slave-000/client-000.trc
zerolog: could not write event: write experiment-output/0002/slave-000/client-000.log: file already closed
zerolog: could not write event: write experiment-output/0002/slave-000/client-000.log: file already closed
zerolog: could not write event: write experiment-output/0002/slave-000/client-000.log: file already closed
zerolog: could not write event: write experiment-output/0002/slave-000/client-000.log: file already closed
09:20:30.039 INF Trace data written.
09:20:30.039 INF Done.
09:20:30.039 INF Stopping profiler.
09:20:30.244 INF Profile data written. filename=experiment-output/0002/slave-000/prof-client.cpu name=cpu
09:20:30.296 INF Profile data written. filename=experiment-output/0002/slave-000/prof-client.block name=block
09:20:30.318 INF Profile data written. filename=experiment-output/0002/slave-000/prof-client.mutex name=mutex
