{"level":"debug","Logging":"debug","time":"2022-10-24T14:28:50+08:00","message":"Config"}
{"level":"debug","UseTLS":false,"time":"2022-10-24T14:28:50+08:00","message":"Config"}
{"level":"debug","CACertFile":"tls-data/ca.pem","time":"2022-10-24T14:28:50+08:00","message":"Config"}
{"level":"debug","KeyFile":"tls-data/auth.key","time":"2022-10-24T14:28:50+08:00","message":"Config"}
{"level":"debug","CertFile":"tls-data/auth.pem","time":"2022-10-24T14:28:50+08:00","message":"Config"}
{"level":"debug","PriorityConnections":2,"time":"2022-10-24T14:28:50+08:00","message":"Config"}
{"level":"debug","BasicConnections":2,"time":"2022-10-24T14:28:50+08:00","message":"Config"}
{"level":"debug","TestConnections":false,"time":"2022-10-24T14:28:50+08:00","message":"Config"}
{"level":"debug","ExcessConnections":1,"time":"2022-10-24T14:28:50+08:00","message":"Config"}
{"level":"debug","ConnectionTestMsgs":4,"time":"2022-10-24T14:28:50+08:00","message":"Config"}
{"level":"debug","ConnectionTestPayload":131072,"time":"2022-10-24T14:28:50+08:00","message":"Config"}
{"level":"debug","OutMessageBufsize":1024,"time":"2022-10-24T14:28:50+08:00","message":"Config"}
{"level":"debug","OutMessageBufsize":2,"time":"2022-10-24T14:28:50+08:00","message":"Config"}
{"level":"debug","ThroughputCap":131072000,"time":"2022-10-24T14:28:50+08:00","message":"Config"}
{"level":"debug","StragglerTolerance":1000,"time":"2022-10-24T14:28:50+08:00","message":"Config"}
{"level":"debug","BatchSizeIncrement":256,"time":"2022-10-24T14:28:50+08:00","message":"Config"}
{"level":"debug","Orderer":"Pbft","time":"2022-10-24T14:28:50+08:00","message":"Config"}
{"level":"debug","Manager":"Mir","time":"2022-10-24T14:28:50+08:00","message":"Config"}
{"level":"debug","Failures":2,"time":"2022-10-24T14:28:50+08:00","message":"Config"}
{"level":"debug","CrashTiming":"Straggler","time":"2022-10-24T14:28:50+08:00","message":"Config"}
{"level":"debug","CheckpointInterval":256,"time":"2022-10-24T14:28:50+08:00","message":"Config"}
{"level":"debug","WatermarkWindowSize":256,"time":"2022-10-24T14:28:50+08:00","message":"Config"}
{"level":"debug","EpochLength":256,"time":"2022-10-24T14:28:50+08:00","message":"Config"}
{"level":"debug","SegmentLength":32,"time":"2022-10-24T14:28:50+08:00","message":"Config"}
{"level":"debug","WaitForCheckpoints":true,"time":"2022-10-24T14:28:50+08:00","message":"Config"}
{"level":"debug","ClientWatermarkWindowSize":4194304,"time":"2022-10-24T14:28:50+08:00","message":"Config"}
{"level":"debug","ClientRequestBacklogSize":4194304,"time":"2022-10-24T14:28:50+08:00","message":"Config"}
{"level":"debug","RandomSeed":16283,"time":"2022-10-24T14:28:50+08:00","message":"Config"}
{"level":"debug","NodeToLeaderRatio":1,"time":"2022-10-24T14:28:50+08:00","message":"Config"}
{"level":"debug","LeaderPolicy":"SimulatedRandomFailures","time":"2022-10-24T14:28:50+08:00","message":"Config"}
{"level":"debug","DefaultLeaderBan":2,"time":"2022-10-24T14:28:50+08:00","message":"Config"}
{"level":"debug","NumBuckets":128,"time":"2022-10-24T14:28:50+08:00","message":"Config"}
{"level":"debug","BatchSize":1000,"time":"2022-10-24T14:28:50+08:00","message":"Config"}
{"level":"debug","DisabledViewChange":false,"time":"2022-10-24T14:28:50+08:00","message":"Config"}
{"level":"debug","ViewChangeTimeout":60000,"time":"2022-10-24T14:28:50+08:00","message":"Config"}
{"level":"debug","ClientTraceSampling":10,"time":"2022-10-24T14:28:50+08:00","message":"Config"}
{"level":"debug","EventBufferSize":2097152,"time":"2022-10-24T14:28:50+08:00","message":"Config"}
{"level":"debug","TraceSampling":1,"time":"2022-10-24T14:28:50+08:00","message":"Config"}
{"level":"debug","ClientsPerProcess":1,"time":"2022-10-24T14:28:50+08:00","message":"Config"}
{"level":"debug","RequestsPerClient":15360,"time":"2022-10-24T14:28:50+08:00","message":"Config"}
{"level":"debug","ClientRunTime":30000,"time":"2022-10-24T14:28:50+08:00","message":"Config"}
{"level":"debug","RequestRate":256,"time":"2022-10-24T14:28:50+08:00","message":"Config"}
{"level":"debug","HardRequestRateLimit":false,"time":"2022-10-24T14:28:50+08:00","message":"Config"}
{"level":"debug","RequestPayloadSize":500,"time":"2022-10-24T14:28:50+08:00","message":"Config"}
{"level":"debug","SignRequests":true,"time":"2022-10-24T14:28:50+08:00","message":"Config"}
{"level":"debug","ClientPrivKeyFile":"tls-data/client-ecdsa-256.key","time":"2022-10-24T14:28:50+08:00","message":"Config"}
{"level":"debug","ClientPubKeyFile":"tls-data/client-ecdsa-256.pem","time":"2022-10-24T14:28:50+08:00","message":"Config"}
{"level":"debug","PrecomputeRequests":false,"time":"2022-10-24T14:28:50+08:00","message":"Config"}
{"level":"debug","RequestHandlerThreads":32,"time":"2022-10-24T14:28:50+08:00","message":"Config"}
{"level":"debug","RequestInputChannelBuffer":8192,"time":"2022-10-24T14:28:50+08:00","message":"Config"}
{"level":"debug","BatchVerifier":"external","time":"2022-10-24T14:28:50+08:00","message":"Config"}
06:28:50.619 INF Registered with discovery server. numPeers=8 ownID=0
06:28:50.620 INF Profiling enabled.
06:28:50.620 INF Setting up profiling.
06:28:50.620 INF Started Profiler: CPU
06:28:50.620 INF Started Profiler: BLOCK
06:28:50.620 INF Started Profiler: MUTEX
06:28:50.620 INF Profiler will stop on signal. exit=true
06:28:50.622 INF Tracing will stop on signal. exit=false
06:28:50.623 INF Started tracing. traceFile=experiment-output/0000/slave-008/peer.trc
06:28:50.625 DBG Starting backlog.
06:28:50.625 INF Listening for connections. port=10000 useTLS=false
06:28:50.625 INF Connecting to peer. addr=127.0.0.1:10000 basicConns=2 priorityConns=2
06:28:50.625 INF Connecting to peer. addr=127.0.0.1:10011 basicConns=2 priorityConns=2
06:28:50.626 INF Connecting to peer. addr=127.0.0.1:10033 basicConns=2 priorityConns=2
06:28:50.626 INF Connecting to peer. addr=127.0.0.1:10044 basicConns=2 priorityConns=2
06:28:50.626 INF Connecting to peer. addr=127.0.0.1:10022 basicConns=2 priorityConns=2
06:28:50.627 INF Connecting to peer. addr=127.0.0.1:10077 basicConns=2 priorityConns=2
06:28:50.628 INF Connecting to peer. addr=127.0.0.1:10055 basicConns=2 priorityConns=2
06:28:50.631 INF Connecting to peer. addr=127.0.0.1:10066 basicConns=2 priorityConns=2
06:28:50.658 INF Incoming connection for protocol messages. addr=127.0.0.1:55892
06:28:50.665 INF Incoming connection for protocol messages. addr=127.0.0.1:55896
06:28:50.667 INF Incoming connection for protocol messages. addr=127.0.0.1:55890
06:28:50.667 INF Incoming connection for protocol messages. addr=127.0.0.1:55888
06:28:50.668 INF Incoming connection for protocol messages. addr=127.0.0.1:55912
06:28:50.670 INF Incoming connection for protocol messages. addr=127.0.0.1:55926
06:28:50.670 INF Incoming connection for protocol messages. addr=127.0.0.1:55900
06:28:50.670 INF Incoming connection for protocol messages. addr=127.0.0.1:55984
06:28:50.671 INF Incoming connection for protocol messages. addr=127.0.0.1:55908
06:28:50.672 INF Incoming connection for protocol messages. addr=127.0.0.1:56080
06:28:50.673 INF Incoming connection for protocol messages. addr=127.0.0.1:55928
06:28:50.674 INF Incoming connection for protocol messages. addr=127.0.0.1:56048
06:28:50.675 DBG Connected. peerID=4
06:28:50.675 INF Incoming connection for protocol messages. addr=127.0.0.1:56102
06:28:50.675 DBG Connected. peerID=0
06:28:50.677 INF Incoming connection for protocol messages. addr=127.0.0.1:56030
06:28:50.679 INF Incoming connection for protocol messages. addr=127.0.0.1:56170
06:28:50.680 INF Incoming connection for protocol messages. addr=127.0.0.1:56250
06:28:50.681 INF Incoming connection for protocol messages. addr=127.0.0.1:56112
06:28:50.681 INF Incoming connection for protocol messages. addr=127.0.0.1:56278
06:28:50.682 INF Incoming connection for protocol messages. addr=127.0.0.1:56172
06:28:50.682 INF Incoming connection for protocol messages. addr=127.0.0.1:56220
06:28:50.683 INF Incoming connection for protocol messages. addr=127.0.0.1:56068
06:28:50.684 DBG Connected. peerID=2
06:28:50.684 INF Incoming connection for protocol messages. addr=127.0.0.1:56228
06:28:50.684 INF Incoming connection for protocol messages. addr=127.0.0.1:56062
06:28:50.685 INF Incoming connection for protocol messages. addr=127.0.0.1:56162
06:28:50.685 DBG Connected. peerID=7
06:28:50.689 DBG Connected. peerID=6
06:28:50.693 INF Incoming connection for protocol messages. addr=127.0.0.1:56292
06:28:50.693 DBG Connected. peerID=5
06:28:50.696 INF Incoming connection for protocol messages. addr=127.0.0.1:56358
06:28:50.701 INF Incoming connection for protocol messages. addr=127.0.0.1:56378
06:28:50.702 INF Incoming connection for protocol messages. addr=127.0.0.1:56370
06:28:50.703 INF Incoming connection for protocol messages. addr=127.0.0.1:56382
06:28:50.708 DBG Connected. peerID=1
06:28:50.711 DBG Connected. peerID=3
06:28:50.712 INF Connected to all peers.
06:28:50.715 INF Incoming connection for protocol messages. addr=127.0.0.1:56392
06:28:50.717 INF Incoming connection for protocol messages. addr=127.0.0.1:56394
06:28:50.719 INF Incoming connection for protocol messages. addr=127.0.0.1:56402
06:28:50.731 INF All peers finished connecting. Starting ISS.
06:28:50.732 DBG Buckets for 0-th leader 0: [0 8 16 24 32 40 48 56 64 72 80 88 96 104 112 120 18 42 66 90 114 12 36 60 84 108]
06:28:50.732 DBG Buckets for 1-th leader 1: [1 9 17 25 33 41 49 57 65 73 81 89 97 105 113 121]
06:28:50.732 DBG Buckets for 2-th leader 3: [3 11 19 27 35 43 51 59 67 75 83 91 99 107 115 123 2 26 50 74 98 122 20 44 68 92 116]
06:28:50.732 DBG Buckets for 3-th leader 5: [5 13 21 29 37 45 53 61 69 77 85 93 101 109 117 125]
06:28:50.732 DBG Buckets for 4-th leader 6: [6 14 22 30 38 46 54 62 70 78 86 94 102 110 118 126 10 34 58 82 106 4 28 52 76 100 124]
06:28:50.733 DBG Buckets for 5-th leader 7: [7 15 23 31 39 47 55 63 71 79 87 95 103 111 119 127]
06:28:50.733 INF PbftOrderer received a new segment: [3 9 15 21 27 33 39 45 51 57 63 69 75 81 87 93 99 105 111 117 123 129 135 141 147 153 159 165 171 177 183 189] first leader=5 firstSN=3 lastSN=189 len=32 length=32 segId=3
06:28:50.733 INF Starting new view. segID=3 timeout=60000 view=0
06:28:50.733 DBG Starting timer. sn=3 view=0
06:28:50.733 INF Starting PBFT instance. first=3 last=189 segID=3
06:28:50.734 DBG Subscribing to backlog. segID=3
06:28:50.734 INF Starting serialized message processing. segID=3
06:28:50.734 INF PbftOrderer received a new segment: [4 10 16 22 28 34 40 46 52 58 64 70 76 82 88 94 100 106 112 118 124 130 136 142 148 154 160 166 172 178 184 190] first leader=6 firstSN=4 lastSN=190 len=32 length=32 segId=4
06:28:50.734 INF Starting new view. segID=4 timeout=60000 view=0
06:28:50.734 DBG Starting timer. sn=4 view=0
06:28:50.734 INF Starting PBFT instance. first=4 last=190 segID=4
06:28:50.735 DBG Subscribing to backlog. segID=4
06:28:50.735 INF Starting serialized message processing. segID=4
06:28:50.735 INF PbftOrderer received a new segment: [5 11 17 23 29 35 41 47 53 59 65 71 77 83 89 95 101 107 113 119 125 131 137 143 149 155 161 167 173 179 185 191] first leader=7 firstSN=5 lastSN=191 len=32 length=32 segId=5
06:28:50.735 INF Starting new view. segID=5 timeout=60000 view=0
06:28:50.735 DBG Starting timer. sn=5 view=0
06:28:50.735 INF Starting PBFT instance. first=5 last=191 segID=5
06:28:50.736 DBG Subscribing to backlog. segID=5
06:28:50.736 INF Starting serialized message processing. segID=5
06:28:50.736 INF PbftOrderer received a new segment: [0 6 12 18 24 30 36 42 48 54 60 66 72 78 84 90 96 102 108 114 120 126 132 138 144 150 156 162 168 174 180 186] first leader=0 firstSN=0 lastSN=186 len=32 length=32 segId=0
06:28:50.736 INF Starting new view. segID=0 timeout=60000 view=0
06:28:50.736 DBG Starting timer. sn=0 view=0
06:28:50.736 INF Starting PBFT instance. first=0 last=186 segID=0
06:28:50.737 DBG Subscribing to backlog. segID=0
06:28:50.737 DBG Leading segment. segID=0
06:28:50.737 INF Starting serialized message processing. segID=0
06:28:50.737 DBG Waiting for batch. batchSize=4096
06:28:50.737 INF PbftOrderer received a new segment: [1 7 13 19 25 31 37 43 49 55 61 67 73 79 85 91 97 103 109 115 121 127 133 139 145 151 157 163 169 175 181 187] first leader=1 firstSN=1 lastSN=187 len=32 length=32 segId=1
06:28:50.737 INF Starting new view. segID=1 timeout=60000 view=0
06:28:50.737 DBG Starting timer. sn=1 view=0
06:28:50.737 INF Starting PBFT instance. first=1 last=187 segID=1
06:28:50.738 DBG Subscribing to backlog. segID=1
06:28:50.738 INF Starting serialized message processing. segID=1
06:28:50.738 INF PbftOrderer received a new segment: [2 8 14 20 26 32 38 44 50 56 62 68 74 80 86 92 98 104 110 116 122 128 134 140 146 152 158 164 170 176 182 188] first leader=3 firstSN=2 lastSN=188 len=32 length=32 segId=2
06:28:50.738 INF Starting new view. segID=2 timeout=60000 view=0
06:28:50.738 DBG Starting timer. sn=2 view=0
06:28:50.738 INF Starting PBFT instance. first=2 last=188 segID=2
06:28:50.739 DBG Subscribing to backlog. segID=2
06:28:50.739 INF Starting serialized message processing. segID=2
06:28:50.757 INF Connection terminated. error="rpc error: code = Canceled desc = context canceled" address=127.0.0.1:56080
06:28:50.757 INF Connection terminated. error="rpc error: code = Canceled desc = context canceled" address=127.0.0.1:56068
06:28:50.757 INF Connection terminated. error="rpc error: code = Canceled desc = context canceled" address=127.0.0.1:56172
06:28:50.757 INF Connection terminated. error="rpc error: code = Canceled desc = context canceled" address=127.0.0.1:56170
06:28:50.763 INF Connection terminated. error="rpc error: code = Canceled desc = context canceled" address=127.0.0.1:56278
06:28:50.763 INF Connection terminated. error="rpc error: code = Canceled desc = context canceled" address=127.0.0.1:56162
06:28:50.763 INF Connection terminated. error="rpc error: code = Canceled desc = context canceled" address=127.0.0.1:55984
06:28:50.763 INF Connection terminated. error="rpc error: code = Canceled desc = context canceled" address=127.0.0.1:56048
06:28:52.770 INF Incoming connection for requests. addr=127.0.0.1:56420
06:29:20.738 DBG Batch ready. batchSize=4096
06:29:20.740 DBG Batch cut. left=0 nBuckets=26 nReq=1454 next=0
06:29:20.762 DBG Waiting for batch. batchSize=4096
06:29:20.797 INF Sending PREPREPARE. nReq=1454 senderID=0 sn=0 view=0
06:29:20.912 INF Handling PREPREPARE. nReq=894 senderID=1 sn=1
06:29:20.912 DBG Creating new Batch. nReq=894
06:29:20.948 INF Handling PREPREPARE. nReq=894 senderID=7 sn=5
06:29:20.948 DBG Creating new Batch. nReq=894
06:29:20.959 INF Handling PREPREPARE. nReq=894 senderID=5 sn=3
06:29:20.960 DBG Creating new Batch. nReq=894
06:29:21.048 ERR Failed to send protocol message. Dropping all future outgoing protocol messages. error=EOF
06:29:21.063 ERR Failed to send protocol message. Dropping all future outgoing protocol messages. error=EOF
06:29:21.142 INF Handling PREPREPARE. nReq=1509 senderID=6 sn=4
06:29:21.143 DBG Creating new Batch. nReq=1509
06:29:21.164 INF Handling PREPREPARE. nReq=1508 senderID=3 sn=2
06:29:21.164 DBG Creating new Batch. nReq=1508
06:29:21.397 DBG Sending PREPARE. senderID=0 sn=1 view=0
06:29:21.398 DBG func sendPrepare prepare Tn. sn=1 tn=1
06:29:21.398 DBG Sending COMMIT. senderID=0 sn=1 view=0
06:29:21.398 DBG func sendCommit commit Tn. sn=1 tn=1
06:29:21.398 DBG Sending Htn. sn=1 view=0
06:29:21.399 DBG Sending PREPARE. senderID=0 sn=3 view=0
06:29:21.399 DBG func sendPrepare prepare Tn. sn=3 tn=3
06:29:21.400 DBG Sending COMMIT. senderID=0 sn=3 view=0
06:29:21.400 DBG func sendCommit commit Tn. sn=3 tn=3
06:29:21.400 DBG Sending Htn. sn=3 view=0
06:29:21.401 DBG func handleCommit commit Tn. tn=1
06:29:21.401 DBG previous localhtn. prelocalhtn=0
06:29:21.402 DBG func handleHtnmsg htn. htn=1 localhtn=1
06:29:21.403 DBG func handleCommit commit Tn. tn=3
06:29:21.403 DBG previous localhtn. prelocalhtn=0
06:29:21.403 DBG func handleHtnmsg htn. htn=3 localhtn=3
06:29:21.403 DBG func handleCommit commit Tn. tn=3
06:29:21.403 DBG previous localhtn. prelocalhtn=3
06:29:21.403 DBG func handleHtnmsg htn. htn=3 localhtn=3
06:29:21.403 DBG func handleCommit commit Tn. tn=1
06:29:21.405 DBG func handleCommit commit Tn. tn=3
06:29:21.405 DBG previous localhtn. prelocalhtn=3
06:29:21.405 DBG func handleHtnmsg htn. htn=3 localhtn=3
06:29:21.405 DBG previous localhtn. prelocalhtn=1
06:29:21.405 DBG func handleHtnmsg htn. htn=1 localhtn=1
06:29:21.405 DBG func handleCommit commit Tn. tn=1
06:29:21.406 DBG previous localhtn. prelocalhtn=1
06:29:21.406 DBG func handleHtnmsg htn. htn=1 localhtn=1
06:29:21.406 DBG func handleCommit commit Tn. tn=1
06:29:21.406 DBG func handleCommit commit Tn. tn=3
06:29:21.408 INF Committed entry. latency=0 nReq=894 sn=3
06:29:21.408 INF Committed entry. latency=0 nReq=894 sn=1
06:29:21.408 DBG Starting timer. sn=9 view=0
06:29:21.408 DBG Starting timer. sn=7 view=0
06:29:21.408 DBG previous localhtn. prelocalhtn=3
06:29:21.408 DBG previous localhtn. prelocalhtn=1
06:29:21.408 DBG func handleHtnmsg htn. htn=3 localhtn=3
06:29:21.408 DBG func handleHtnmsg htn. htn=1 localhtn=1
06:29:21.423 DBG Sending PREPARE. senderID=0 sn=5 view=0
06:29:21.423 DBG func sendPrepare prepare Tn. sn=5 tn=5
06:29:21.423 DBG Sending COMMIT. senderID=0 sn=5 view=0
06:29:21.423 DBG func sendCommit commit Tn. sn=5 tn=5
06:29:21.424 DBG Sending Htn. sn=5 view=0
06:29:21.426 DBG func handleCommit commit Tn. tn=5
06:29:21.426 DBG previous localhtn. prelocalhtn=0
06:29:21.426 DBG func handleHtnmsg htn. htn=5 localhtn=5
06:29:21.427 DBG func handleCommit commit Tn. tn=5
06:29:21.427 DBG previous localhtn. prelocalhtn=5
06:29:21.427 DBG func handleHtnmsg htn. htn=5 localhtn=5
06:29:21.436 DBG func handleCommit commit Tn. tn=5
06:29:21.436 DBG previous localhtn. prelocalhtn=5
06:29:21.436 DBG func handleHtnmsg htn. htn=5 localhtn=5
06:29:21.436 DBG func handleCommit commit Tn. tn=5
06:29:21.438 INF Committed entry. latency=0 nReq=894 sn=5
06:29:21.438 DBG Starting timer. sn=11 view=0
06:29:21.438 DBG previous localhtn. prelocalhtn=5
06:29:21.438 DBG func handleHtnmsg htn. htn=5 localhtn=5
06:29:21.438 DBG func handleCommit commit Tn. tn=5
06:29:21.438 DBG previous localhtn. prelocalhtn=5
06:29:21.438 DBG func handleHtnmsg htn. htn=5 localhtn=5
06:29:21.443 DBG func handleCommit commit Tn. tn=1
06:29:21.443 DBG previous localhtn. prelocalhtn=1
06:29:21.443 DBG func handleHtnmsg htn. htn=1 localhtn=1
06:29:21.457 DBG func handleCommit commit Tn. tn=3
06:29:21.457 DBG previous localhtn. prelocalhtn=3
06:29:21.458 DBG func handleHtnmsg htn. htn=3 localhtn=3
06:29:21.460 DBG Sending COMMIT. senderID=0 sn=0 view=0
06:29:21.461 DBG func sendCommit commit Tn. sn=0 tn=0
06:29:21.461 DBG Sending Htn. sn=0 view=0
06:29:21.461 DBG func handleCommit commit Tn. tn=0
06:29:21.462 DBG func handleCommit commit Tn. tn=0
06:29:21.462 DBG previous localhtn. prelocalhtn=0
06:29:21.462 DBG func handleHtnmsg htn. htn=0 localhtn=0
06:29:21.462 DBG previous localhtn. prelocalhtn=0
06:29:21.463 DBG func handleHtnmsg htn. htn=0 localhtn=0
06:29:21.463 DBG func handleCommit commit Tn. tn=0
06:29:21.463 DBG previous localhtn. prelocalhtn=0
06:29:21.463 DBG func handleHtnmsg htn. htn=0 localhtn=0
06:29:21.464 DBG func handleCommit commit Tn. tn=0
06:29:21.466 INF Committed entry. latency=0 nReq=1454 sn=0
06:29:21.466 INF Delivered batch. nReq=1454 sn=0
06:29:21.466 INF Delivered batch. nReq=894 sn=1
06:29:21.466 DBG Starting timer. sn=6 view=0
06:29:21.467 DBG previous localhtn. prelocalhtn=0
06:29:21.467 DBG func handleHtnmsg htn. htn=0 localhtn=0
06:29:21.497 DBG Sending PREPARE. senderID=0 sn=4 view=0
06:29:21.497 DBG func sendPrepare prepare Tn. sn=4 tn=4
06:29:21.498 DBG Sending COMMIT. senderID=0 sn=4 view=0
06:29:21.498 DBG func sendCommit commit Tn. sn=4 tn=4
06:29:21.498 DBG Sending Htn. sn=4 view=0
06:29:21.501 DBG func handleCommit commit Tn. tn=4
06:29:21.502 DBG previous localhtn. prelocalhtn=0
06:29:21.502 DBG func handleHtnmsg htn. htn=4 localhtn=4
06:29:21.508 DBG func handleCommit commit Tn. tn=4
06:29:21.508 DBG previous localhtn. prelocalhtn=4
06:29:21.508 DBG func handleHtnmsg htn. htn=4 localhtn=4
06:29:21.509 DBG func handleCommit commit Tn. tn=4
06:29:21.509 DBG previous localhtn. prelocalhtn=4
06:29:21.509 DBG func handleHtnmsg htn. htn=4 localhtn=4
06:29:21.509 DBG func handleCommit commit Tn. tn=4
06:29:21.511 INF Committed entry. latency=0 nReq=1509 sn=4
06:29:21.512 DBG Starting timer. sn=10 view=0
06:29:21.512 DBG previous localhtn. prelocalhtn=4
06:29:21.512 DBG func handleHtnmsg htn. htn=4 localhtn=4
06:29:21.517 DBG Sending PREPARE. senderID=0 sn=2 view=0
06:29:21.518 DBG func sendPrepare prepare Tn. sn=2 tn=2
06:29:21.518 DBG Sending COMMIT. senderID=0 sn=2 view=0
06:29:21.518 DBG func sendCommit commit Tn. sn=2 tn=2
06:29:21.518 DBG Sending Htn. sn=2 view=0
06:29:21.518 DBG func handleCommit commit Tn. tn=2
06:29:21.518 DBG func handleCommit commit Tn. tn=0
06:29:21.519 DBG previous localhtn. prelocalhtn=0
06:29:21.519 DBG func handleHtnmsg htn. htn=2 localhtn=2
06:29:21.519 DBG func handleCommit commit Tn. tn=2
06:29:21.519 DBG previous localhtn. prelocalhtn=2
06:29:21.519 DBG func handleHtnmsg htn. htn=2 localhtn=2
06:29:21.519 DBG func handleCommit commit Tn. tn=2
06:29:21.519 DBG previous localhtn. prelocalhtn=2
06:29:21.520 DBG func handleHtnmsg htn. htn=2 localhtn=2
06:29:21.520 DBG func handleCommit commit Tn. tn=2
06:29:21.521 DBG previous localhtn. prelocalhtn=0
06:29:21.521 DBG func handleHtnmsg htn. htn=0 localhtn=0
06:29:21.522 INF Committed entry. latency=0 nReq=1508 sn=2
06:29:21.522 INF Delivered batch. nReq=1508 sn=2
06:29:21.522 INF Delivered batch. nReq=894 sn=3
06:29:21.523 INF Delivered batch. nReq=1509 sn=4
06:29:21.523 INF Delivered batch. nReq=894 sn=5
06:29:21.523 DBG Starting timer. sn=8 view=0
06:29:21.523 DBG previous localhtn. prelocalhtn=2
06:29:21.523 DBG func handleHtnmsg htn. htn=2 localhtn=2
06:29:21.523 DBG func handleCommit commit Tn. tn=2
06:29:21.523 DBG previous localhtn. prelocalhtn=2
06:29:21.523 DBG func handleHtnmsg htn. htn=2 localhtn=2
06:29:21.525 DBG func handleCommit commit Tn. tn=4
06:29:21.525 DBG previous localhtn. prelocalhtn=4
06:29:21.525 DBG func handleHtnmsg htn. htn=4 localhtn=4
06:29:50.749 INF Handling PREPREPARE. nReq=66 senderID=7 sn=11
06:29:50.749 DBG Creating new Batch. nReq=66
06:29:50.756 INF Handling PREPREPARE. nReq=67 senderID=1 sn=7
06:29:50.756 DBG Creating new Batch. nReq=67
06:29:50.765 DBG Batch ready. batchSize=4096
06:29:50.766 DBG Batch cut. left=0 nBuckets=26 nReq=107 next=0
06:29:50.768 DBG Waiting for batch. batchSize=4096
06:29:50.770 DBG Sending PREPARE. senderID=0 sn=11 view=0
06:29:50.770 DBG func sendPrepare prepare Tn. sn=11 tn=11
06:29:50.771 INF Sending PREPREPARE. nReq=107 senderID=0 sn=6 view=0
06:29:50.771 INF Handling PREPREPARE. nReq=111 senderID=6 sn=10
06:29:50.772 DBG Creating new Batch. nReq=111
06:29:50.773 DBG Sending PREPARE. senderID=0 sn=7 view=0
06:29:50.773 DBG func sendPrepare prepare Tn. sn=7 tn=7
06:29:50.773 DBG Sending COMMIT. senderID=0 sn=11 view=0
06:29:50.773 DBG func sendCommit commit Tn. sn=11 tn=11
06:29:50.773 DBG Sending COMMIT. senderID=0 sn=7 view=0
06:29:50.774 DBG Sending Htn. sn=11 view=0
06:29:50.774 DBG func sendCommit commit Tn. sn=7 tn=7
06:29:50.774 DBG Sending Htn. sn=7 view=0
06:29:50.774 DBG func handleCommit commit Tn. tn=7
06:29:50.774 DBG previous localhtn. prelocalhtn=1
06:29:50.774 DBG func handleHtnmsg htn. htn=7 localhtn=7
06:29:50.774 DBG func handleCommit commit Tn. tn=7
06:29:50.775 DBG previous localhtn. prelocalhtn=7
06:29:50.775 DBG func handleHtnmsg htn. htn=7 localhtn=7
06:29:50.782 DBG func handleCommit commit Tn. tn=11
06:29:50.782 DBG func handleCommit commit Tn. tn=7
06:29:50.782 DBG previous localhtn. prelocalhtn=7
06:29:50.782 DBG func handleHtnmsg htn. htn=7 localhtn=7
06:29:50.782 DBG previous localhtn. prelocalhtn=5
06:29:50.783 DBG func handleHtnmsg htn. htn=11 localhtn=11
06:29:50.783 DBG func handleCommit commit Tn. tn=7
06:29:50.783 DBG func handleCommit commit Tn. tn=11
06:29:50.783 DBG previous localhtn. prelocalhtn=11
06:29:50.783 INF Committed entry. latency=0 nReq=67 sn=7
06:29:50.783 INF Handling PREPREPARE. nReq=66 senderID=5 sn=9
06:29:50.783 DBG Starting timer. sn=13 view=0
06:29:50.783 DBG Creating new Batch. nReq=66
06:29:50.783 DBG previous localhtn. prelocalhtn=7
06:29:50.784 DBG func handleHtnmsg htn. htn=7 localhtn=7
06:29:50.783 DBG func handleHtnmsg htn. htn=11 localhtn=11
06:29:50.786 DBG func handleCommit commit Tn. tn=11
06:29:50.786 DBG previous localhtn. prelocalhtn=11
06:29:50.786 DBG func handleHtnmsg htn. htn=11 localhtn=11
06:29:50.786 DBG func handleCommit commit Tn. tn=11
06:29:50.787 INF Committed entry. latency=0 nReq=66 sn=11
06:29:50.787 DBG Starting timer. sn=17 view=0
06:29:50.787 DBG previous localhtn. prelocalhtn=11
06:29:50.787 DBG func handleHtnmsg htn. htn=11 localhtn=11
06:29:50.787 DBG func handleCommit commit Tn. tn=11
06:29:50.787 DBG previous localhtn. prelocalhtn=11
06:29:50.788 DBG func handleHtnmsg htn. htn=11 localhtn=11
06:29:50.788 DBG func handleCommit commit Tn. tn=7
06:29:50.789 DBG previous localhtn. prelocalhtn=7
06:29:50.789 INF Handling PREPREPARE. nReq=112 senderID=3 sn=8
06:29:50.789 DBG func handleHtnmsg htn. htn=7 localhtn=7
06:29:50.789 DBG Creating new Batch. nReq=112
06:29:50.801 DBG Sending PREPARE. senderID=0 sn=9 view=0
06:29:50.801 DBG func sendPrepare prepare Tn. sn=9 tn=9
06:29:50.801 DBG Sending COMMIT. senderID=0 sn=9 view=0
06:29:50.802 DBG func sendCommit commit Tn. sn=9 tn=9
06:29:50.802 DBG Sending Htn. sn=9 view=0
06:29:50.803 DBG func handleCommit commit Tn. tn=9
06:29:50.804 DBG previous localhtn. prelocalhtn=3
06:29:50.804 DBG func handleHtnmsg htn. htn=9 localhtn=9
06:29:50.805 DBG func handleCommit commit Tn. tn=9
06:29:50.806 DBG previous localhtn. prelocalhtn=9
06:29:50.806 DBG func handleHtnmsg htn. htn=9 localhtn=9
06:29:50.806 DBG func handleCommit commit Tn. tn=9
06:29:50.806 DBG func handleCommit commit Tn. tn=9
06:29:50.806 INF Committed entry. latency=0 nReq=66 sn=9
06:29:50.807 DBG Starting timer. sn=15 view=0
06:29:50.807 DBG previous localhtn. prelocalhtn=9
06:29:50.807 DBG func handleHtnmsg htn. htn=9 localhtn=9
06:29:50.807 DBG func handleCommit commit Tn. tn=9
06:29:50.807 DBG previous localhtn. prelocalhtn=9
06:29:50.807 DBG func handleHtnmsg htn. htn=9 localhtn=9
06:29:50.808 DBG previous localhtn. prelocalhtn=9
06:29:50.808 DBG func handleHtnmsg htn. htn=9 localhtn=9
06:29:50.808 DBG Sending PREPARE. senderID=0 sn=10 view=0
06:29:50.809 DBG func sendPrepare prepare Tn. sn=10 tn=10
06:29:50.809 DBG Sending COMMIT. senderID=0 sn=10 view=0
06:29:50.809 DBG func sendCommit commit Tn. sn=10 tn=10
06:29:50.809 DBG Sending Htn. sn=10 view=0
06:29:50.810 DBG func handleCommit commit Tn. tn=10
06:29:50.810 DBG previous localhtn. prelocalhtn=4
06:29:50.810 DBG func handleHtnmsg htn. htn=10 localhtn=10
06:29:50.810 DBG func handleCommit commit Tn. tn=10
06:29:50.810 DBG previous localhtn. prelocalhtn=10
06:29:50.810 DBG func handleHtnmsg htn. htn=10 localhtn=10
06:29:50.810 DBG func handleCommit commit Tn. tn=10
06:29:50.810 DBG previous localhtn. prelocalhtn=10
06:29:50.811 DBG func handleHtnmsg htn. htn=10 localhtn=10
06:29:50.811 DBG func handleCommit commit Tn. tn=10
06:29:50.811 INF Committed entry. latency=0 nReq=111 sn=10
06:29:50.812 DBG Starting timer. sn=16 view=0
06:29:50.812 DBG previous localhtn. prelocalhtn=10
06:29:50.812 DBG func handleHtnmsg htn. htn=10 localhtn=10
06:29:50.812 DBG Sending PREPARE. senderID=0 sn=8 view=0
06:29:50.812 DBG func handleCommit commit Tn. tn=10
06:29:50.812 DBG func sendPrepare prepare Tn. sn=8 tn=8
06:29:50.812 DBG previous localhtn. prelocalhtn=10
06:29:50.813 DBG Sending COMMIT. senderID=0 sn=8 view=0
06:29:50.819 DBG func handleHtnmsg htn. htn=10 localhtn=10
06:29:50.819 DBG func sendCommit commit Tn. sn=8 tn=8
06:29:50.819 DBG Sending Htn. sn=8 view=0
06:29:50.820 DBG func handleCommit commit Tn. tn=8
06:29:50.820 DBG previous localhtn. prelocalhtn=2
06:29:50.820 DBG func handleHtnmsg htn. htn=8 localhtn=8
06:29:50.820 DBG func handleCommit commit Tn. tn=8
06:29:50.820 DBG previous localhtn. prelocalhtn=8
06:29:50.820 DBG func handleHtnmsg htn. htn=8 localhtn=8
06:29:50.821 DBG func handleCommit commit Tn. tn=8
06:29:50.821 DBG previous localhtn. prelocalhtn=8
06:29:50.821 DBG func handleHtnmsg htn. htn=8 localhtn=8
06:29:50.821 DBG func handleCommit commit Tn. tn=8
06:29:50.821 INF Committed entry. latency=0 nReq=112 sn=8
06:29:50.821 DBG Starting timer. sn=14 view=0
06:29:50.822 DBG func handleCommit commit Tn. tn=8
06:29:50.822 DBG previous localhtn. prelocalhtn=8
06:29:50.822 DBG func handleHtnmsg htn. htn=8 localhtn=8
06:29:50.822 DBG previous localhtn. prelocalhtn=8
06:29:50.822 DBG func handleHtnmsg htn. htn=8 localhtn=8
06:29:50.824 DBG Sending COMMIT. senderID=0 sn=6 view=0
06:29:50.825 DBG func sendCommit commit Tn. sn=6 tn=6
06:29:50.825 DBG Sending Htn. sn=6 view=0
06:29:50.825 DBG func handleCommit commit Tn. tn=6
06:29:50.826 DBG func handleCommit commit Tn. tn=6
06:29:50.826 DBG previous localhtn. prelocalhtn=0
06:29:50.826 DBG func handleHtnmsg htn. htn=6 localhtn=6
06:29:50.827 DBG func handleCommit commit Tn. tn=6
06:29:50.827 DBG previous localhtn. prelocalhtn=6
06:29:50.827 DBG func handleHtnmsg htn. htn=6 localhtn=6
06:29:50.827 DBG previous localhtn. prelocalhtn=6
06:29:50.827 DBG func handleHtnmsg htn. htn=6 localhtn=6
06:29:50.828 DBG func handleCommit commit Tn. tn=6
06:29:50.829 INF Committed entry. latency=0 nReq=107 sn=6
06:29:50.829 INF Delivered batch. nReq=107 sn=6
06:29:50.829 INF Delivered batch. nReq=67 sn=7
06:29:50.829 INF Delivered batch. nReq=112 sn=8
06:29:50.829 INF Delivered batch. nReq=66 sn=9
06:29:50.829 INF Delivered batch. nReq=111 sn=10
06:29:50.830 INF Delivered batch. nReq=66 sn=11
06:29:50.830 DBG Starting timer. sn=12 view=0
06:29:50.830 DBG previous localhtn. prelocalhtn=6
06:29:50.830 DBG func handleHtnmsg htn. htn=6 localhtn=6
06:29:50.830 DBG func handleCommit commit Tn. tn=6
06:29:50.830 DBG previous localhtn. prelocalhtn=6
06:29:50.830 DBG func handleHtnmsg htn. htn=6 localhtn=6
06:29:51.808 INF Connection terminated. error="rpc error: code = Canceled desc = context canceled" address=127.0.0.1:56420
06:29:51.808 INF Finished sending bucket assignments to client. clId=0
06:29:52.196 INF Stopping profiler.
06:29:52.196 INF Stopping Tracer. events=144 fileName=experiment-output/0000/slave-008/peer.trc
==================
WARNING: DATA RACE
Read at 0x00c00083c000 by goroutine 115:
  runtime.racereadrange()
      <autogenerated>:1 +0x1b
  github.com/hyperledger-labs/mirbft/tracing.(*BufferedTrace).StopOnSignal.func1()
      /opt/gopath/src/github.com/hyperledger-labs/mirbft/tracing/bufferedtrace.go:298 +0x4e

Previous write at 0x00c00083c000 by goroutine 495:
  github.com/hyperledger-labs/mirbft/tracing.(*BufferedTrace).Event()
      /opt/gopath/src/github.com/hyperledger-labs/mirbft/tracing/bufferedtrace.go:105 +0x2d9
  github.com/hyperledger-labs/mirbft/manager.(*MirManager).handleLogEntries()
      /opt/gopath/src/github.com/hyperledger-labs/mirbft/manager/mirmanager.go:139 +0x1d8
  github.com/hyperledger-labs/mirbft/manager.(*MirManager).Start路dwrap路7()
      /opt/gopath/src/github.com/hyperledger-labs/mirbft/manager/mirmanager.go:101 +0x47

Goroutine 115 (running) created at:
  github.com/hyperledger-labs/mirbft/tracing.(*BufferedTrace).StopOnSignal()
      /opt/gopath/src/github.com/hyperledger-labs/mirbft/tracing/bufferedtrace.go:292 +0x172
  main.setUpTracing()
      /opt/gopath/src/github.com/hyperledger-labs/mirbft/cmd/orderingpeer/main.go:204 +0xf5
  main.main()
      /opt/gopath/src/github.com/hyperledger-labs/mirbft/cmd/orderingpeer/main.go:98 +0x9d6

Goroutine 495 (running) created at:
  github.com/hyperledger-labs/mirbft/manager.(*MirManager).Start()
      /opt/gopath/src/github.com/hyperledger-labs/mirbft/manager/mirmanager.go:101 +0x19e
  main.main路dwrap路4()
      /opt/gopath/src/github.com/hyperledger-labs/mirbft/cmd/orderingpeer/main.go:168 +0x59
==================
==================
WARNING: DATA RACE
Read at 0x00c00083d658 by goroutine 115:
  runtime.racereadrange()
      <autogenerated>:1 +0x1b
  github.com/hyperledger-labs/mirbft/tracing.(*BufferedTrace).StopOnSignal.func1()
      /opt/gopath/src/github.com/hyperledger-labs/mirbft/tracing/bufferedtrace.go:298 +0x4e

Previous write at 0x00c00083d658 by goroutine 114:
  github.com/hyperledger-labs/mirbft/tracing.(*BufferedTrace).Event()
      /opt/gopath/src/github.com/hyperledger-labs/mirbft/tracing/bufferedtrace.go:105 +0x2d9
  github.com/hyperledger-labs/mirbft/profiling.StartCPUTracing.func1()
      /opt/gopath/src/github.com/hyperledger-labs/mirbft/profiling/cpuusage.go:31 +0x95

Goroutine 115 (running) created at:
  github.com/hyperledger-labs/mirbft/tracing.(*BufferedTrace).StopOnSignal()
      /opt/gopath/src/github.com/hyperledger-labs/mirbft/tracing/bufferedtrace.go:292 +0x172
  main.setUpTracing()
      /opt/gopath/src/github.com/hyperledger-labs/mirbft/cmd/orderingpeer/main.go:204 +0xf5
  main.main()
      /opt/gopath/src/github.com/hyperledger-labs/mirbft/cmd/orderingpeer/main.go:98 +0x9d6

Goroutine 114 (running) created at:
  github.com/hyperledger-labs/mirbft/profiling.StartCPUTracing()
      /opt/gopath/src/github.com/hyperledger-labs/mirbft/profiling/cpuusage.go:28 +0xb6
  main.setUpTracing()
      /opt/gopath/src/github.com/hyperledger-labs/mirbft/cmd/orderingpeer/main.go:196 +0x85
  main.main()
      /opt/gopath/src/github.com/hyperledger-labs/mirbft/cmd/orderingpeer/main.go:98 +0x9d6
==================
06:29:52.199 INF Trace data written.
06:29:52.246 INF Profile data written. filename=experiment-output/0000/slave-008/prof.mutex name=mutex
06:29:52.370 INF Connection terminated. error="rpc error: code = Canceled desc = context canceled" address=127.0.0.1:56250
06:29:52.371 INF Connection terminated. error="rpc error: code = Canceled desc = context canceled" address=127.0.0.1:56062
06:29:52.371 INF Connection terminated. error="rpc error: code = Canceled desc = context canceled" address=127.0.0.1:55912
06:29:52.371 INF Connection terminated. error="rpc error: code = Canceled desc = context canceled" address=127.0.0.1:55926
06:29:52.390 INF Connection terminated. error="rpc error: code = Canceled desc = context canceled" address=127.0.0.1:56402
06:29:52.390 INF Connection terminated. error="rpc error: code = Canceled desc = context canceled" address=127.0.0.1:56394
06:29:52.390 INF Connection terminated. error="rpc error: code = Canceled desc = context canceled" address=127.0.0.1:56392
06:29:52.391 INF Connection terminated. error="rpc error: code = Canceled desc = context canceled" address=127.0.0.1:56292
06:29:52.392 INF Connection terminated. error="rpc error: code = Canceled desc = context canceled" address=127.0.0.1:56378
06:29:52.392 INF Connection terminated. error="rpc error: code = Canceled desc = context canceled" address=127.0.0.1:56370
06:29:52.392 INF Connection terminated. error="rpc error: code = Canceled desc = context canceled" address=127.0.0.1:56382
06:29:52.392 INF Connection terminated. error="rpc error: code = Canceled desc = context canceled" address=127.0.0.1:56358
06:29:52.426 INF Profile data written. filename=experiment-output/0000/slave-008/prof.cpu name=cpu
06:29:52.480 INF Profile data written. filename=experiment-output/0000/slave-008/prof.block name=block
06:29:52.480 INF Connection terminated. error="rpc error: code = Canceled desc = context canceled" address=127.0.0.1:55900
