12:42PM INF Received own slave ID. ownSlaveId=2
12:42PM INF OK status=0
12:42PM INF Received command. cmdId=3
12:42PM INF Received an ExecStart command args="[-p experiment-output/0000/slave-__id__/config]" cmd=mkdir outFile=/dev/null
12:42PM INF OK status=0
12:42PM INF Received command. cmdId=4
12:42PM INF Received command. cmdType=ExecWait
12:42PM INF OK status=0
12:42PM INF Received command. cmdId=7
12:42PM INF Received an ExecStart command args="[config/config-0000.yml experiment-output/0000/slave-__id__/config/config.yml]" cmd=cp outFile=/dev/null
12:42PM INF OK status=0
12:42PM INF Received command. cmdId=8
12:42PM INF Received command. cmdType=ExecWait
12:42PM INF OK status=0
12:42PM INF Received command. cmdId=10
12:42PM INF Received command. cmdType=Noop
12:42PM INF Noop. Doing nothing. status=0112:42PM INF Received command. cmdId=15
12:42PM INF Received an ExecStart command args="[experiment-output/0000/slave-__id__/config/config.yml 127.0.0.1:9999 experiment-output/0000/slave-__id__/client experiment-output/0000/slave-__id__/prof-client]" cmd=orderingclient outFile=experiment-output/0000/slave-__id__/clients.log
12:42PM INF OK status=0
12:42PM I12:43PM INF Received command. cmdId=18
12:43PM INF Received command. cmdType=ExecSignal
12:43PM INF OK status=0
12:43PM INF Received command. cmdId=23
12:43PM INF Received command. cmdType=Stop
 Noop. Doing nothing. status=0
12:43PM INF Received command. cmdId=23
12:43PM INF Received command. cmdType=Stop
