12:42PM INF Received own slave ID. ownSlaveId=4
12:42PM INF OK status=0
12:42PM INF Received command. cmdId=3
12:42PM INF Received an ExecStart command args="[-p experiment-output/0000/slave-__id__/config]" cmd=mkdir outFile=/dev/null
12:42PM INF OK status=0
12:42PM INF Received command. cmdId=4
12:42PM INF Received command. cmdType=ExecWait
12:42PM INF OK status=0
12:42PM INF Received command. cmdId=5
12:42PM INF Received an ExecStart command args="[config/config-0000.yml experiment-output/0000/slave-__id__/config/config.yml]" cmd=cp outFile=/dev/null
12:42PM INF OK status=0
12:42PM INF Received command. cmdId=6
12:42PM INF Received command. cmdType=ExecWait
12:42PM INF OK status=0
12:42PM INF Received command. cmdId=9
12:42PM INF Received command. cmdType=Noop
12:42PM INF Noop. Doing nothing. status=0
12:42PM INF Received command. cmdId=12
12:42PM INF Received an ExecStart command args="[experiment-output/0000/slave-__id__/config/config.yml 127.0.0.1:9999 127.0.0.1 127.0.0.1 experiment-output/0000/slave-__id__/peer.trc experiment-output/0000/slave-__id__/prof]" cmd=orderingpeer outFile=experiment-output/0000/slave-__id__/peer.log
12:42PM INF OK status=0
12:43PM INF Received command. cmdId=18
12:43PM INF Received command. cmdType=ExecSignal
12:43PM INF OK status=0
12:43PM INF Received command. cmdId=23
12:43PM INF Received command. cmdType=Stop
