{"level":"debug","Logging":"debug","time":"2022-08-17T15:22:57+08:00","message":"Config"}
{"level":"debug","UseTLS":false,"time":"2022-08-17T15:22:57+08:00","message":"Config"}
{"level":"debug","CACertFile":"tls-data/ca.pem","time":"2022-08-17T15:22:57+08:00","message":"Config"}
{"level":"debug","KeyFile":"tls-data/auth.key","time":"2022-08-17T15:22:57+08:00","message":"Config"}
{"level":"debug","CertFile":"tls-data/auth.pem","time":"2022-08-17T15:22:57+08:00","message":"Config"}
{"level":"debug","PriorityConnections":2,"time":"2022-08-17T15:22:57+08:00","message":"Config"}
{"level":"debug","BasicConnections":4,"time":"2022-08-17T15:22:57+08:00","message":"Config"}
{"level":"debug","TestConnections":false,"time":"2022-08-17T15:22:57+08:00","message":"Config"}
{"level":"debug","ExcessConnections":1,"time":"2022-08-17T15:22:57+08:00","message":"Config"}
{"level":"debug","ConnectionTestMsgs":4,"time":"2022-08-17T15:22:57+08:00","message":"Config"}
{"level":"debug","ConnectionTestPayload":131072,"time":"2022-08-17T15:22:57+08:00","message":"Config"}
{"level":"debug","OutMessageBufsize":1024,"time":"2022-08-17T15:22:57+08:00","message":"Config"}
{"level":"debug","OutMessageBufsize":1,"time":"2022-08-17T15:22:57+08:00","message":"Config"}
{"level":"debug","ThroughputCap":131072000,"time":"2022-08-17T15:22:57+08:00","message":"Config"}
{"level":"debug","StragglerTolerance":1000,"time":"2022-08-17T15:22:57+08:00","message":"Config"}
{"level":"debug","BatchSizeIncrement":256,"time":"2022-08-17T15:22:57+08:00","message":"Config"}
{"level":"debug","Orderer":"Pbft","time":"2022-08-17T15:22:57+08:00","message":"Config"}
{"level":"debug","Manager":"Mir","time":"2022-08-17T15:22:57+08:00","message":"Config"}
{"level":"debug","Failures":1,"time":"2022-08-17T15:22:57+08:00","message":"Config"}
{"level":"debug","CrashTiming":"Straggler","time":"2022-08-17T15:22:57+08:00","message":"Config"}
{"level":"debug","CheckpointInterval":256,"time":"2022-08-17T15:22:57+08:00","message":"Config"}
{"level":"debug","WatermarkWindowSize":256,"time":"2022-08-17T15:22:57+08:00","message":"Config"}
{"level":"debug","EpochLength":256,"time":"2022-08-17T15:22:57+08:00","message":"Config"}
{"level":"debug","SegmentLength":64,"time":"2022-08-17T15:22:57+08:00","message":"Config"}
{"level":"debug","WaitForCheckpoints":true,"time":"2022-08-17T15:22:57+08:00","message":"Config"}
{"level":"debug","ClientWatermarkWindowSize":4194304,"time":"2022-08-17T15:22:57+08:00","message":"Config"}
{"level":"debug","ClientRequestBacklogSize":4194304,"time":"2022-08-17T15:22:57+08:00","message":"Config"}
{"level":"debug","RandomSeed":14728,"time":"2022-08-17T15:22:57+08:00","message":"Config"}
{"level":"debug","NodeToLeaderRatio":1,"time":"2022-08-17T15:22:57+08:00","message":"Config"}
{"level":"debug","LeaderPolicy":"SimulatedRandomFailures","time":"2022-08-17T15:22:57+08:00","message":"Config"}
{"level":"debug","DefaultLeaderBan":2,"time":"2022-08-17T15:22:57+08:00","message":"Config"}
{"level":"debug","NumBuckets":64,"time":"2022-08-17T15:22:57+08:00","message":"Config"}
{"level":"debug","BatchSize":1000,"time":"2022-08-17T15:22:57+08:00","message":"Config"}
{"level":"debug","DisabledViewChange":false,"time":"2022-08-17T15:22:57+08:00","message":"Config"}
{"level":"debug","ViewChangeTimeout":60000,"time":"2022-08-17T15:22:57+08:00","message":"Config"}
{"level":"debug","ClientTraceSampling":10,"time":"2022-08-17T15:22:57+08:00","message":"Config"}
{"level":"debug","EventBufferSize":2097152,"time":"2022-08-17T15:22:57+08:00","message":"Config"}
{"level":"debug","TraceSampling":1,"time":"2022-08-17T15:22:57+08:00","message":"Config"}
{"level":"debug","ClientsPerProcess":1,"time":"2022-08-17T15:22:57+08:00","message":"Config"}
{"level":"debug","RequestsPerClient":15360,"time":"2022-08-17T15:22:57+08:00","message":"Config"}
{"level":"debug","ClientRunTime":30000,"time":"2022-08-17T15:22:57+08:00","message":"Config"}
{"level":"debug","RequestRate":256,"time":"2022-08-17T15:22:57+08:00","message":"Config"}
{"level":"debug","HardRequestRateLimit":false,"time":"2022-08-17T15:22:57+08:00","message":"Config"}
{"level":"debug","RequestPayloadSize":500,"time":"2022-08-17T15:22:57+08:00","message":"Config"}
{"level":"debug","SignRequests":true,"time":"2022-08-17T15:22:57+08:00","message":"Config"}
{"level":"debug","ClientPrivKeyFile":"tls-data/client-ecdsa-256.key","time":"2022-08-17T15:22:57+08:00","message":"Config"}
{"level":"debug","ClientPubKeyFile":"tls-data/client-ecdsa-256.pem","time":"2022-08-17T15:22:57+08:00","message":"Config"}
{"level":"debug","PrecomputeRequests":false,"time":"2022-08-17T15:22:57+08:00","message":"Config"}
{"level":"debug","RequestHandlerThreads":32,"time":"2022-08-17T15:22:57+08:00","message":"Config"}
{"level":"debug","RequestInputChannelBuffer":8192,"time":"2022-08-17T15:22:57+08:00","message":"Config"}
{"level":"debug","BatchVerifier":"external","time":"2022-08-17T15:22:57+08:00","message":"Config"}
07:22:57.889 INF Started Profiler: CPU
07:22:57.889 INF Started Profiler: BLOCK
07:22:57.889 INF Started Profiler: MUTEX
07:22:57.889 INF Starting clients. numClients=1 numRequests=15360
07:22:57.889 INF Initilizing clients.
07:22:57.900 INF Registared with discovery server. numOrderers=4 ownClientId=0
07:22:57.900 INF Clients initialized.
07:22:57.900 INF Launching clients.
07:22:57.900 INF Waiting for clients.
07:23:56.932 INF Stopping Tracer. events=3079 fileName=experiment-output/0001/slave-000/client-000.trc
zerolog: could not write event: write experiment-output/0001/slave-000/client-000.log: file already closed
zerolog: could not write event: write experiment-output/0001/slave-000/client-000.log: file already closed
zerolog: could not write event: write experiment-output/0001/slave-000/client-000.log: file already closed
07:23:56.967 INF Trace data written.
07:23:56.967 INF Done.
07:23:56.967 INF Stopping profiler.
07:23:57.168 INF Profile data written. filename=experiment-output/0001/slave-000/prof-client.cpu name=cpu
07:23:57.219 INF Profile data written. filename=experiment-output/0001/slave-000/prof-client.block name=block
07:23:57.241 INF Profile data written. filename=experiment-output/0001/slave-000/prof-client.mutex name=mutex
