{"level":"debug","Logging":"debug","time":"2022-12-05T11:05:55+08:00","message":"Config"}
{"level":"debug","UseTLS":false,"time":"2022-12-05T11:05:55+08:00","message":"Config"}
{"level":"debug","CACertFile":"tls-data/ca.pem","time":"2022-12-05T11:05:55+08:00","message":"Config"}
{"level":"debug","KeyFile":"tls-data/auth.key","time":"2022-12-05T11:05:55+08:00","message":"Config"}
{"level":"debug","CertFile":"tls-data/auth.pem","time":"2022-12-05T11:05:55+08:00","message":"Config"}
{"level":"debug","PriorityConnections":2,"time":"2022-12-05T11:05:55+08:00","message":"Config"}
{"level":"debug","BasicConnections":4,"time":"2022-12-05T11:05:55+08:00","message":"Config"}
{"level":"debug","TestConnections":false,"time":"2022-12-05T11:05:55+08:00","message":"Config"}
{"level":"debug","ExcessConnections":1,"time":"2022-12-05T11:05:55+08:00","message":"Config"}
{"level":"debug","ConnectionTestMsgs":4,"time":"2022-12-05T11:05:55+08:00","message":"Config"}
{"level":"debug","ConnectionTestPayload":131072,"time":"2022-12-05T11:05:55+08:00","message":"Config"}
{"level":"debug","OutMessageBufsize":1024,"time":"2022-12-05T11:05:55+08:00","message":"Config"}
{"level":"debug","OutMessageBufsize":1,"time":"2022-12-05T11:05:55+08:00","message":"Config"}
{"level":"debug","ThroughputCap":131072000,"time":"2022-12-05T11:05:55+08:00","message":"Config"}
{"level":"debug","StragglerTolerance":1000,"time":"2022-12-05T11:05:55+08:00","message":"Config"}
{"level":"debug","BatchSizeIncrement":256,"time":"2022-12-05T11:05:55+08:00","message":"Config"}
{"level":"debug","Orderer":"Pbft","time":"2022-12-05T11:05:55+08:00","message":"Config"}
{"level":"debug","Manager":"Mir","time":"2022-12-05T11:05:55+08:00","message":"Config"}
{"level":"debug","Failures":0,"time":"2022-12-05T11:05:55+08:00","message":"Config"}
{"level":"debug","StragglerCnt":1,"time":"2022-12-05T11:05:55+08:00","message":"Config"}
{"level":"debug","CrashTiming":"Straggler","time":"2022-12-05T11:05:55+08:00","message":"Config"}
{"level":"debug","CheckpointInterval":256,"time":"2022-12-05T11:05:55+08:00","message":"Config"}
{"level":"debug","WatermarkWindowSize":256,"time":"2022-12-05T11:05:55+08:00","message":"Config"}
{"level":"debug","EpochLength":256,"time":"2022-12-05T11:05:55+08:00","message":"Config"}
{"level":"debug","SegmentLength":64,"time":"2022-12-05T11:05:55+08:00","message":"Config"}
{"level":"debug","WaitForCheckpoints":true,"time":"2022-12-05T11:05:55+08:00","message":"Config"}
{"level":"debug","ClientWatermarkWindowSize":4194304,"time":"2022-12-05T11:05:55+08:00","message":"Config"}
{"level":"debug","ClientRequestBacklogSize":4194304,"time":"2022-12-05T11:05:55+08:00","message":"Config"}
{"level":"debug","RandomSeed":19310,"time":"2022-12-05T11:05:55+08:00","message":"Config"}
{"level":"debug","NodeToLeaderRatio":1,"time":"2022-12-05T11:05:55+08:00","message":"Config"}
{"level":"debug","LeaderPolicy":"Blacklist","time":"2022-12-05T11:05:55+08:00","message":"Config"}
{"level":"debug","DefaultLeaderBan":2,"time":"2022-12-05T11:05:55+08:00","message":"Config"}
{"level":"debug","NumBuckets":64,"time":"2022-12-05T11:05:55+08:00","message":"Config"}
{"level":"debug","BatchSize":1000,"time":"2022-12-05T11:05:55+08:00","message":"Config"}
{"level":"debug","DisabledViewChange":false,"time":"2022-12-05T11:05:55+08:00","message":"Config"}
{"level":"debug","ViewChangeTimeout":60000,"time":"2022-12-05T11:05:55+08:00","message":"Config"}
{"level":"debug","ClientTraceSampling":10,"time":"2022-12-05T11:05:55+08:00","message":"Config"}
{"level":"debug","EventBufferSize":2097152,"time":"2022-12-05T11:05:55+08:00","message":"Config"}
{"level":"debug","TraceSampling":1,"time":"2022-12-05T11:05:55+08:00","message":"Config"}
{"level":"debug","ClientsPerProcess":1,"time":"2022-12-05T11:05:55+08:00","message":"Config"}
{"level":"debug","RequestsPerClient":7680,"time":"2022-12-05T11:05:55+08:00","message":"Config"}
{"level":"debug","ClientRunTime":15000,"time":"2022-12-05T11:05:55+08:00","message":"Config"}
{"level":"debug","RequestRate":256,"time":"2022-12-05T11:05:55+08:00","message":"Config"}
{"level":"debug","HardRequestRateLimit":false,"time":"2022-12-05T11:05:55+08:00","message":"Config"}
{"level":"debug","RequestPayloadSize":500,"time":"2022-12-05T11:05:55+08:00","message":"Config"}
{"level":"debug","SignRequests":true,"time":"2022-12-05T11:05:55+08:00","message":"Config"}
{"level":"debug","ClientPrivKeyFile":"tls-data/client-ecdsa-256.key","time":"2022-12-05T11:05:55+08:00","message":"Config"}
{"level":"debug","ClientPubKeyFile":"tls-data/client-ecdsa-256.pem","time":"2022-12-05T11:05:55+08:00","message":"Config"}
{"level":"debug","PrecomputeRequests":false,"time":"2022-12-05T11:05:55+08:00","message":"Config"}
{"level":"debug","RequestHandlerThreads":32,"time":"2022-12-05T11:05:55+08:00","message":"Config"}
{"level":"debug","RequestInputChannelBuffer":8192,"time":"2022-12-05T11:05:55+08:00","message":"Config"}
{"level":"debug","BatchVerifier":"external","time":"2022-12-05T11:05:55+08:00","message":"Config"}
03:05:55.050 INF Registered with discovery server. numPeers=4 ownID=3
03:05:55.051 INF Profiling enabled.
03:05:55.051 INF Setting up profiling.
03:05:55.051 INF Started Profiler: CPU
03:05:55.051 INF Started Profiler: BLOCK
03:05:55.051 INF Started Profiler: MUTEX
03:05:55.051 INF Profiler will stop on signal. exit=true
03:05:55.053 INF Tracing will stop on signal. exit=false
03:05:55.054 INF Started tracing. traceFile=experiment-output/0000/slave-004/peer.trc
03:05:55.055 DBG Starting backlog.
03:05:55.055 INF Listening for connections. port=10033 useTLS=false
03:05:55.055 INF Connecting to peer. addr=127.0.0.1:10011 basicConns=4 priorityConns=2
03:05:55.055 INF Connecting to peer. addr=127.0.0.1:10033 basicConns=4 priorityConns=2
03:05:55.055 INF Connecting to peer. addr=127.0.0.1:10022 basicConns=4 priorityConns=2
03:05:55.055 INF Connecting to peer. addr=127.0.0.1:10000 basicConns=4 priorityConns=2
03:05:55.081 INF Incoming connection for protocol messages. addr=127.0.0.1:42046
03:05:55.083 INF Incoming connection for protocol messages. addr=127.0.0.1:42014
03:05:55.083 INF Incoming connection for protocol messages. addr=127.0.0.1:42024
03:05:55.083 INF Incoming connection for protocol messages. addr=127.0.0.1:42040
03:05:55.085 INF Incoming connection for protocol messages. addr=127.0.0.1:42056
03:05:55.086 INF Incoming connection for protocol messages. addr=127.0.0.1:42072
03:05:55.086 INF Incoming connection for protocol messages. addr=127.0.0.1:42076
03:05:55.086 INF Incoming connection for protocol messages. addr=127.0.0.1:42074
03:05:55.086 INF Incoming connection for protocol messages. addr=127.0.0.1:42080
03:05:55.102 INF Incoming connection for protocol messages. addr=127.0.0.1:42110
03:05:55.103 INF Incoming connection for protocol messages. addr=127.0.0.1:42130
03:05:55.104 INF Incoming connection for protocol messages. addr=127.0.0.1:42140
03:05:55.104 INF Incoming connection for protocol messages. addr=127.0.0.1:42148
03:05:55.104 INF Incoming connection for protocol messages. addr=127.0.0.1:42044
03:05:55.105 INF Incoming connection for protocol messages. addr=127.0.0.1:42124
03:05:55.105 INF Incoming connection for protocol messages. addr=127.0.0.1:42184
03:05:55.105 INF Incoming connection for protocol messages. addr=127.0.0.1:42084
03:05:55.106 INF Incoming connection for protocol messages. addr=127.0.0.1:42186
03:05:55.106 INF Incoming connection for protocol messages. addr=127.0.0.1:42192
03:05:55.106 INF Incoming connection for protocol messages. addr=127.0.0.1:42158
03:05:55.106 INF Incoming connection for protocol messages. addr=127.0.0.1:42090
03:05:55.106 INF Incoming connection for protocol messages. addr=127.0.0.1:42190
03:05:55.106 INF Incoming connection for protocol messages. addr=127.0.0.1:42170
03:05:55.106 INF Incoming connection for protocol messages. addr=127.0.0.1:42174
03:05:55.107 DBG Connected. peerID=1
03:05:55.107 DBG Connected. peerID=2
03:05:55.107 DBG Connected. peerID=3
03:05:55.107 INF Connected to all peers.
03:05:55.107 DBG Connected. peerID=0
03:05:55.111 INF All peers finished connecting. Starting ISS.
03:05:55.112 DBG Buckets for 0-th leader 0: [0 4 8 12 16 20 24 28 32 36 40 44 48 52 56 60]
03:05:55.112 DBG Buckets for 1-th leader 1: [1 5 9 13 17 21 25 29 33 37 41 45 49 53 57 61]
03:05:55.112 DBG Buckets for 2-th leader 2: [2 6 10 14 18 22 26 30 34 38 42 46 50 54 58 62]
03:05:55.112 DBG Buckets for 3-th leader 3: [3 7 11 15 19 23 27 31 35 39 43 47 51 55 59 63]
03:05:55.112 INF PbftOrderer received a new segment: [0 4 8 12 16 20 24 28 32 36 40 44 48 52 56 60 64 68 72 76 80 84 88 92 96 100 104 108 112 116 120 124 128 132 136 140 144 148 152 156 160 164 168 172 176 180 184 188 192 196 200 204 208 212 216 220 224 228 232 236 240 244 248 252] first leader=0 firstSN=0 lastSN=252 len=64 length=64 segId=0
03:05:55.113 INF Starting new view. segID=0 timeout=60000 view=0
03:05:55.113 DBG Starting timer. sn=0 view=0
03:05:55.113 INF Starting PBFT instance. first=0 last=252 segID=0
03:05:55.113 DBG Subscribing to backlog. segID=0
03:05:55.113 INF Starting serialized message processing. segID=0
03:05:55.114 INF PbftOrderer received a new segment: [1 5 9 13 17 21 25 29 33 37 41 45 49 53 57 61 65 69 73 77 81 85 89 93 97 101 105 109 113 117 121 125 129 133 137 141 145 149 153 157 161 165 169 173 177 181 185 189 193 197 201 205 209 213 217 221 225 229 233 237 241 245 249 253] first leader=1 firstSN=1 lastSN=253 len=64 length=64 segId=1
03:05:55.114 INF Starting new view. segID=1 timeout=60000 view=0
03:05:55.114 DBG Starting timer. sn=1 view=0
03:05:55.114 INF Starting PBFT instance. first=1 last=253 segID=1
03:05:55.114 DBG Subscribing to backlog. segID=1
03:05:55.115 INF Starting serialized message processing. segID=1
03:05:55.115 INF PbftOrderer received a new segment: [2 6 10 14 18 22 26 30 34 38 42 46 50 54 58 62 66 70 74 78 82 86 90 94 98 102 106 110 114 118 122 126 130 134 138 142 146 150 154 158 162 166 170 174 178 182 186 190 194 198 202 206 210 214 218 222 226 230 234 238 242 246 250 254] first leader=2 firstSN=2 lastSN=254 len=64 length=64 segId=2
03:05:55.115 INF Starting new view. segID=2 timeout=60000 view=0
03:05:55.115 DBG Starting timer. sn=2 view=0
03:05:55.115 INF Starting PBFT instance. first=2 last=254 segID=2
03:05:55.116 DBG Subscribing to backlog. segID=2
03:05:55.116 INF Starting serialized message processing. segID=2
03:05:55.116 INF PbftOrderer received a new segment: [3 7 11 15 19 23 27 31 35 39 43 47 51 55 59 63 67 71 75 79 83 87 91 95 99 103 107 111 115 119 123 127 131 135 139 143 147 151 155 159 163 167 171 175 179 183 187 191 195 199 203 207 211 215 219 223 227 231 235 239 243 247 251 255] first leader=3 firstSN=3 lastSN=255 len=64 length=64 segId=3
03:05:55.116 INF Starting new view. segID=3 timeout=60000 view=0
03:05:55.116 DBG Starting timer. sn=3 view=0
03:05:55.116 INF Starting PBFT instance. first=3 last=255 segID=3
03:05:55.117 DBG Subscribing to backlog. segID=3
03:05:55.117 DBG Leading segment. segID=3
03:05:55.117 INF Starting serialized message processing. segID=3
03:05:55.117 INF byzantine effected ! batchTimeout=1998 byzantine=Straggler
03:05:55.117 INF Simulating Straggler. batchTimeout=1998 crashTiming=Straggler
03:05:55.117 DBG Waiting for batch. batchSize=4096
03:05:56.162 INF Handling PREPREPARE. nReq=0 senderID=1 sn=1
03:05:56.162 INF Handling PREPREPARE. nReq=0 senderID=2 sn=2
03:05:56.162 INF Handling PREPREPARE. nReq=0 senderID=0 sn=0
03:05:56.162 INF Hset. i=0 sn=1 tn=0
03:05:56.162 INF Hset. i=0 sn=2 tn=0
03:05:56.162 DBG Creating new Batch. nReq=0
03:05:56.162 INF Hset. i=0 sn=0 tn=0
03:05:56.163 DBG Creating new Batch. nReq=0
03:05:56.163 DBG Creating new Batch. nReq=0
03:05:56.163 DBG Sending PREPARE. senderID=3 sn=1 view=0
03:05:56.163 DBG Sending PREPARE. senderID=3 sn=2 view=0
03:05:56.163 DBG func sendPrepare prepare Tn. sn=1 tn=1
03:05:56.163 DBG Sending PREPARE. senderID=3 sn=0 view=0
03:05:56.163 DBG Sending COMMIT. senderID=3 sn=1 tn=1 view=0
03:05:56.163 DBG func sendPrepare prepare Tn. sn=2 tn=1
03:05:56.163 DBG func sendPrepare prepare Tn. sn=0 tn=1
03:05:56.163 DBG func sendCommit commit Tn. sn=1 tn=1
03:05:56.163 DBG Sending COMMIT. senderID=3 sn=2 tn=1 view=0
03:05:56.164 DBG Sending COMMIT. senderID=3 sn=0 tn=1 view=0
03:05:56.164 DBG func sendCommit commit Tn. sn=2 tn=1
03:05:56.164 DBG func sendCommit commit Tn. sn=0 tn=1
03:05:56.164 DBG Sending Htn. senderID=3 sn=1 view=0
03:05:56.164 DBG Sending Htn. senderID=3 sn=2 view=0
03:05:56.164 DBG func handleCommit commit Tn. tn=1
03:05:56.164 DBG Sending Htn. senderID=3 sn=0 view=0
03:05:56.164 DBG func handleCommit commit Tn. tn=1
==================
03:05:56.164 DBG func handleCommit commit Tn. tn=1
WARNING: DATA RACE
Read at 0x00c0002675f0 by goroutine 418:
  runtime.mapaccess1_fast64()
      /home/dell/wmj/go/src/runtime/map_fast64.go:12 +0x0
  github.com/hyperledger-labs/mirbft/orderer.(*pbftInstance).sendCommit()
      /opt/gopath/src/github.com/hyperledger-labs/mirbft/orderer/pbftinstance.go:628 +0x933
  github.com/hyperledger-labs/mirbft/orderer.(*pbftInstance).handlePrepare()
      /opt/gopath/src/github.com/hyperledger-labs/mirbft/orderer/pbftinstance.go:560 +0x69a
  github.com/hyperledger-labs/mirbft/orderer.(*pbftInstance).handleMessage()
      /opt/gopath/src/github.com/hyperledger-labs/mirbft/orderer/pbftinstance.go:1957 +0x2d4
  github.com/hyperledger-labs/mirbft/orderer.(*pbftInstance).processSerializedMessages()
      /opt/gopath/src/github.com/hyperledger-labs/mirbft/orderer/pbftinstance.go:1920 +0xdb
  github.com/hyperledger-labs/mirbft/orderer.(*PbftOrderer).runSegment·dwrap·12()
      /opt/gopath/src/github.com/hyperledger-labs/mirbft/orderer/pbftorderer.go:200 +0x39

Previous write at 0x00c0002675f0 by goroutine 416:
  runtime.mapassign_fast64()
      /home/dell/wmj/go/src/runtime/map_fast64.go:92 +0x0
  github.com/hyperledger-labs/mirbft/orderer.(*pbftInstance).sendCommit()
      /opt/gopath/src/github.com/hyperledger-labs/mirbft/orderer/pbftinstance.go:629 +0x9e4
  github.com/hyperledger-labs/mirbft/orderer.(*pbftInstance).handlePreprepare()
      /opt/gopath/src/github.com/hyperledger-labs/mirbft/orderer/pbftinstance.go:461 +0xc3d
  github.com/hyperledger-labs/mirbft/orderer.(*pbftInstance).handleMessage()
      /opt/gopath/src/github.com/hyperledger-labs/mirbft/orderer/pbftinstance.go:1948 +0x724
  github.com/hyperledger-labs/mirbft/orderer.(*pbftInstance).processSerializedMessages()
      /opt/gopath/src/github.com/hyperledger-labs/mirbft/orderer/pbftinstance.go:1920 +0xdb
  github.com/hyperledger-labs/mirbft/orderer.(*PbftOrderer).runSegment·dwrap·12()
      /opt/gopath/src/github.com/hyperledger-labs/mirbft/orderer/pbftorderer.go:200 +0x39

Goroutine 418 (running) created at:
  github.com/hyperledger-labs/mirbft/orderer.(*PbftOrderer).runSegment()
      /opt/gopath/src/github.com/hyperledger-labs/mirbft/orderer/pbftorderer.go:200 +0x3f0
  github.com/hyperledger-labs/mirbft/orderer.(*PbftOrderer).Start()
      /opt/gopath/src/github.com/hyperledger-labs/mirbft/orderer/pbftorderer.go:176 +0x355
  main.main·dwrap·5()
      /opt/gopath/src/github.com/hyperledger-labs/mirbft/cmd/orderingpeer/main.go:169 +0x59

Goroutine 416 (running) created at:
  github.com/hyperledger-labs/mirbft/orderer.(*PbftOrderer).runSegment()
      /opt/gopath/src/github.com/hyperledger-labs/mirbft/orderer/pbftorderer.go:200 +0x3f0
  github.com/hyperledger-labs/mirbft/orderer.(*PbftOrderer).Start()
      /opt/gopath/src/github.com/hyperledger-labs/mirbft/orderer/pbftorderer.go:176 +0x355
  main.main·dwrap·5()
      /opt/gopath/src/github.com/hyperledger-labs/mirbft/cmd/orderingpeer/main.go:169 +0x59
==================
03:05:56.164 DBG func handleCommit commit Tn. tn=1
==================
WARNING: DATA RACE
Read at 0x00c006136214 by goroutine 418:
  github.com/hyperledger-labs/mirbft/orderer.(*pbftInstance).sendCommit()
      /opt/gopath/src/github.com/hyperledger-labs/mirbft/orderer/pbftinstance.go:632 +0xa51
  github.com/hyperledger-labs/mirbft/orderer.(*pbftInstance).handlePrepare()
      /opt/gopath/src/github.com/hyperledger-labs/mirbft/orderer/pbftinstance.go:560 +0x69a
  github.com/hyperledger-labs/mirbft/orderer.(*pbftInstance).handleMessage()
      /opt/gopath/src/github.com/hyperledger-labs/mirbft/orderer/pbftinstance.go:1957 +0x2d4
  github.com/hyperledger-labs/mirbft/orderer.(*pbftInstance).processSerializedMessages()
      /opt/gopath/src/github.com/hyperledger-labs/mirbft/orderer/pbftinstance.go:1920 +0xdb
  github.com/hyperledger-labs/mirbft/orderer.(*PbftOrderer).runSegment·dwrap·12()
      /opt/gopath/src/github.com/hyperledger-labs/mirbft/orderer/pbftorderer.go:200 +0x39

Previous write at 0x00c006136214 by goroutine 416:
03:05:56.164 INF Get logEntry.Sn from tn. Hn=1 SegID=1 Tn=1 logEntry.Sn=1
  github.com/hyperledger-labs/mirbft/orderer.(*pbftInstance).sendCommit()
      /opt/gopath/src/github.com/hyperledger-labs/mirbft/orderer/pbftinstance.go:633 +0xaf5
  github.com/hyperledger-labs/mirbft/orderer.(*pbftInstance).handlePreprepare()
      /opt/gopath/src/github.com/hyperledger-labs/mirbft/orderer/pbftinstance.go:461 +0xc3d
  github.com/hyperledger-labs/mirbft/orderer.(*pbftInstance).handleMessage()
      /opt/gopath/src/github.com/hyperledger-labs/mirbft/orderer/pbftinstance.go:1948 +0x724
  github.com/hyperledger-labs/mirbft/orderer.(*pbftInstance).processSerializedMessages()
      /opt/gopath/src/github.com/hyperledger-labs/mirbft/orderer/pbftinstance.go:1920 +0xdb
  github.com/hyperledger-labs/mirbft/orderer.(*PbftOrderer).runSegment·dwrap·12()
      /opt/gopath/src/github.com/hyperledger-labs/mirbft/orderer/pbftorderer.go:200 +0x39

Goroutine 418 (running) created at:
  github.com/hyperledger-labs/mirbft/orderer.(*PbftOrderer).runSegment()
      /opt/gopath/src/github.com/hyperledger-labs/mirbft/orderer/pbftorderer.go:200 +0x3f0
  github.com/hyperledger-labs/mirbft/orderer.(*PbftOrderer).Start()
      /opt/gopath/src/github.com/hyperledger-labs/mirbft/orderer/pbftorderer.go:176 +0x355
  main.main·dwrap·5()
      /opt/gopath/src/github.com/hyperledger-labs/mirbft/cmd/orderingpeer/main.go:169 +0x59

Goroutine 416 (running) created at:
  github.com/hyperledger-labs/mirbft/orderer.(*PbftOrderer).runSegment()
      /opt/gopath/src/github.com/hyperledger-labs/mirbft/orderer/pbftorderer.go:200 +0x3f0
  github.com/hyperledger-labs/mirbft/orderer.(*PbftOrderer).Start()
      /opt/gopath/src/github.com/hyperledger-labs/mirbft/orderer/pbftorderer.go:176 +0x355
  main.main·dwrap·5()
      /opt/gopath/src/github.com/hyperledger-labs/mirbft/cmd/orderingpeer/main.go:169 +0x59
==================
03:05:56.164 INF Get logEntry.Sn from tn. Hn=1 SegID=0 Tn=1 logEntry.Sn=0
03:05:56.165 DBG func handleCommit commit Tn. tn=1
03:05:56.164 INF Committed entry. latency=0 nReq=0 sn=1
03:05:56.165 INF Committed entry. latency=0 nReq=0 sn=0
03:05:56.165 DBG func handleCommit commit Tn. tn=1
03:05:56.165 INF Delivered batch. nReq=0 sn=0
03:05:56.165 INF Get logEntry.Sn from tn. Hn=1 SegID=2 Tn=1 logEntry.Sn=2
03:05:56.165 INF Delivered batch. nReq=0 sn=1
03:05:56.165 INF Committed entry. latency=0 nReq=0 sn=2
03:05:56.165 INF Delivered batch. nReq=0 sn=2
03:05:56.165 DBG Starting timer. sn=5 view=0
03:05:56.165 DBG func handleCommit commit Tn. tn=1
03:05:56.165 DBG Starting timer. sn=6 view=0
03:05:56.165 DBG Starting timer. sn=4 view=0
03:05:56.166 DBG func handleCommit commit Tn. tn=1
03:05:56.166 DBG func handleCommit commit Tn. tn=1
03:05:57.116 DBG Batch ready. batchSize=4096
03:05:57.116 DBG Batch cut. left=0 nBuckets=16 nReq=0 next=0
03:05:57.116 INF Sending PREPREPARE. nReq=0 senderID=3 sn=3 view=0
03:05:57.116 DBG Waiting for batch. batchSize=4096
03:05:57.120 DBG Sending COMMIT. senderID=3 sn=3 tn=2 view=0
03:05:57.120 DBG func sendCommit commit Tn. sn=3 tn=2
03:05:57.120 DBG Sending Htn. senderID=3 sn=3 view=0
03:05:57.121 DBG func handleCommit commit Tn. tn=2
03:05:57.122 WRN PbftOrderer handles message from self. sn=3
03:05:57.122 DBG func handleHtnmsg. newhtn=2 prelocalhtn=2 segment=3
03:05:57.122 DBG func handleCommit commit Tn. tn=2
03:05:57.122 INF Get logEntry.Sn from tn. Hn=1 SegID=3 Tn=2 logEntry.Sn=7
03:05:57.122 INF Committed entry. latency=0 nReq=0 sn=3
03:05:57.122 INF Delivered batch. nReq=0 sn=3
03:05:57.122 INF Get logEntry.Sn from tn. Nil Blocks. SegID=3 logEntry.Sn=3
03:05:57.123 INF Committed entry. latency=0 nReq=0 sn=7
03:05:57.123 DBG Starting timer. sn=7 view=0
03:05:57.123 DBG func handleHtnmsg. newhtn=2 prelocalhtn=2 segment=3
03:05:57.123 DBG func handleCommit commit Tn. tn=2
03:05:57.123 DBG func handleHtnmsg. newhtn=2 prelocalhtn=2 segment=3
03:05:57.123 INF Set TRUE. sn=7
03:05:57.123 INF validHtnMsgs sets. validHtnMsgs=2
03:05:57.123 INF validHtnMsgs sets. validHtnMsgs=2
03:05:57.123 INF validHtnMsgs sets. validHtnMsgs=2
03:05:57.123 DBG func handleHtnmsg. newhtn=2 prelocalhtn=2 segment=3
03:05:57.124 INF Set TRUE. sn=7
03:05:57.124 INF validHtnMsgs sets. validHtnMsgs=2
03:05:57.124 INF validHtnMsgs sets. validHtnMsgs=2
03:05:57.124 INF validHtnMsgs sets. validHtnMsgs=2
03:05:57.124 INF validHtnMsgs sets. validHtnMsgs=2
03:05:57.146 INF Incoming connection for requests. addr=127.0.0.1:42218
03:05:57.158 INF Handling PREPREPARE. nReq=0 senderID=2 sn=6
03:05:57.158 INF Handling PREPREPARE. nReq=0 senderID=1 sn=5
03:05:57.158 INF Hset. i=0 sn=6 tn=1
03:05:57.158 INF Hset. i=0 sn=5 tn=1
03:05:57.158 INF Hset. i=1 sn=6 tn=1
03:05:57.158 INF Hset. i=1 sn=5 tn=1
03:05:57.158 INF Hset. i=2 sn=5 tn=1
03:05:57.158 INF Hset. i=2 sn=6 tn=1
03:05:57.159 INF Hset. i=3 sn=5 tn=1
03:05:57.159 INF Hset. i=3 sn=6 tn=1
03:05:57.159 DBG Creating new Batch. nReq=0
03:05:57.159 DBG Creating new Batch. nReq=0
03:05:57.159 DBG Sending PREPARE. senderID=3 sn=5 view=0
03:05:57.159 DBG Sending PREPARE. senderID=3 sn=6 view=0
03:05:57.159 DBG func sendPrepare prepare Tn. sn=5 tn=3
03:05:57.159 INF Handling PREPREPARE. nReq=0 senderID=0 sn=4
03:05:57.159 DBG func sendPrepare prepare Tn. sn=6 tn=3
03:05:57.159 INF Hset. i=0 sn=4 tn=1
03:05:57.160 INF Hset. i=1 sn=4 tn=1
03:05:57.160 INF Hset. i=2 sn=4 tn=1
03:05:57.160 INF Hset. i=3 sn=4 tn=1
03:05:57.160 DBG Creating new Batch. nReq=0
03:05:57.160 DBG Sending PREPARE. senderID=3 sn=4 view=0
03:05:57.160 DBG func sendPrepare prepare Tn. sn=4 tn=3
03:05:57.160 DBG Sending COMMIT. senderID=3 sn=5 tn=3 view=0
03:05:57.160 DBG Sending COMMIT. senderID=3 sn=4 tn=3 view=0
03:05:57.160 DBG Sending COMMIT. senderID=3 sn=6 tn=3 view=0
03:05:57.161 DBG func sendCommit commit Tn. sn=5 tn=3
03:05:57.161 DBG func sendCommit commit Tn. sn=4 tn=3
03:05:57.161 DBG func sendCommit commit Tn. sn=6 tn=3
03:05:57.161 DBG Sending Htn. senderID=3 sn=5 view=0
03:05:57.161 DBG Sending Htn. senderID=3 sn=4 view=0
03:05:57.161 DBG Sending Htn. senderID=3 sn=6 view=0
03:05:57.161 DBG func handleCommit commit Tn. tn=3
03:05:57.161 DBG func handleCommit commit Tn. tn=3
03:05:57.162 DBG func handleCommit commit Tn. tn=3
03:05:57.162 DBG func handleCommit commit Tn. tn=3
03:05:57.162 DBG func handleCommit commit Tn. tn=3
03:05:57.162 INF Get logEntry.Sn from tn. Hn=2 SegID=0 Tn=3 logEntry.Sn=8
03:05:57.162 INF Get logEntry.Sn from tn. Hn=2 SegID=1 Tn=3 logEntry.Sn=9
03:05:57.162 INF Committed entry. latency=0 nReq=0 sn=4
03:05:57.162 INF Delivered batch. nReq=0 sn=4
03:05:57.162 DBG func handleCommit commit Tn. tn=3
03:05:57.162 INF Committed entry. latency=0 nReq=0 sn=5
03:05:57.163 INF Delivered batch. nReq=0 sn=5
03:05:57.163 INF Get logEntry.Sn from tn. Hn=2 SegID=2 Tn=3 logEntry.Sn=10
03:05:57.163 INF Get logEntry.Sn from tn. Nil Blocks. SegID=0 logEntry.Sn=4
03:05:57.163 INF Committed entry. latency=0 nReq=0 sn=6
03:05:57.163 INF Committed entry. latency=0 nReq=0 sn=8
03:05:57.163 INF Delivered batch. nReq=0 sn=6
03:05:57.163 INF Delivered batch. nReq=0 sn=7
03:05:57.163 INF Delivered batch. nReq=0 sn=8
03:05:57.163 INF Get logEntry.Sn from tn. Nil Blocks. SegID=1 logEntry.Sn=5
03:05:57.164 INF Get logEntry.Sn from tn. Nil Blocks. SegID=2 logEntry.Sn=6
03:05:57.164 INF Committed entry. latency=0 nReq=0 sn=9
03:05:57.164 INF Committed entry. latency=0 nReq=0 sn=10
03:05:57.164 INF Delivered batch. nReq=0 sn=9
03:05:57.164 INF Delivered batch. nReq=0 sn=10
03:05:57.164 DBG Starting timer. sn=9 view=0
03:05:57.164 DBG func handleCommit commit Tn. tn=3
03:05:57.164 DBG Starting timer. sn=8 view=0
03:05:57.164 DBG Starting timer. sn=10 view=0
03:05:57.164 DBG func handleCommit commit Tn. tn=3
03:05:57.164 DBG func handleCommit commit Tn. tn=3
03:05:58.168 INF Handling PREPREPARE. nReq=63 senderID=2 sn=10
03:05:58.168 INF Hset. i=0 sn=10 tn=3
03:05:58.168 INF Hset. i=1 sn=10 tn=3
03:05:58.168 INF Hset. i=2 sn=10 tn=3
03:05:58.168 INF Hset. i=3 sn=10 tn=3
03:05:58.169 DBG Creating new Batch. nReq=63
03:05:58.169 INF Handling PREPREPARE. nReq=63 senderID=0 sn=8
03:05:58.169 INF Hset. i=0 sn=8 tn=3
03:05:58.169 INF Hset. i=1 sn=8 tn=3
03:05:58.169 INF Hset. i=2 sn=8 tn=3
03:05:58.169 INF Hset. i=3 sn=8 tn=3
03:05:58.169 DBG Creating new Batch. nReq=63
03:05:58.175 INF Handling PREPREPARE. nReq=63 senderID=1 sn=9
03:05:58.176 INF Hset. i=0 sn=9 tn=3
03:05:58.176 INF Hset. i=1 sn=9 tn=3
03:05:58.176 INF Hset. i=2 sn=9 tn=3
03:05:58.176 INF Hset. i=3 sn=9 tn=3
03:05:58.176 DBG Creating new Batch. nReq=63
03:05:58.181 DBG Sending PREPARE. senderID=3 sn=8 view=0
03:05:58.181 DBG func sendPrepare prepare Tn. sn=8 tn=4
03:05:58.182 DBG Sending COMMIT. senderID=3 sn=8 tn=4 view=0
03:05:58.182 DBG func sendCommit commit Tn. sn=8 tn=4
03:05:58.182 DBG Sending Htn. senderID=3 sn=8 view=0
03:05:58.182 DBG func handleCommit commit Tn. tn=4
03:05:58.182 DBG func handleCommit commit Tn. tn=4
03:05:58.183 INF Get logEntry.Sn from tn. Hn=3 SegID=0 Tn=4 logEntry.Sn=12
03:05:58.182 DBG Sending PREPARE. senderID=3 sn=10 view=0
03:05:58.183 INF Committed entry. latency=0 nReq=63 sn=12
03:05:58.183 DBG func sendPrepare prepare Tn. sn=10 tn=4
03:05:58.183 DBG Starting timer. sn=12 view=0
03:05:58.183 DBG func handleCommit commit Tn. tn=4
03:05:58.183 DBG Sending COMMIT. senderID=3 sn=10 tn=4 view=0
03:05:58.183 DBG func sendCommit commit Tn. sn=10 tn=4
03:05:58.183 DBG Sending Htn. senderID=3 sn=10 view=0
03:05:58.183 DBG func handleCommit commit Tn. tn=4
03:05:58.184 DBG func handleCommit commit Tn. tn=4
03:05:58.184 INF Get logEntry.Sn from tn. Hn=3 SegID=2 Tn=4 logEntry.Sn=14
03:05:58.184 INF Committed entry. latency=0 nReq=63 sn=14
03:05:58.184 DBG Starting timer. sn=14 view=0
03:05:58.184 DBG Sending PREPARE. senderID=3 sn=9 view=0
03:05:58.184 DBG func handleCommit commit Tn. tn=4
03:05:58.184 DBG func sendPrepare prepare Tn. sn=9 tn=4
03:05:58.185 DBG Sending COMMIT. senderID=3 sn=9 tn=4 view=0
03:05:58.185 DBG func sendCommit commit Tn. sn=9 tn=4
03:05:58.185 DBG Sending Htn. senderID=3 sn=9 view=0
03:05:58.185 DBG func handleCommit commit Tn. tn=4
03:05:58.185 DBG func handleCommit commit Tn. tn=4
03:05:58.185 INF Get logEntry.Sn from tn. Hn=3 SegID=1 Tn=4 logEntry.Sn=13
03:05:58.186 INF Committed entry. latency=0 nReq=63 sn=13
03:05:58.186 DBG Starting timer. sn=13 view=0
03:05:58.186 DBG func handleCommit commit Tn. tn=4
03:05:59.116 DBG Batch ready. batchSize=4096
03:05:59.116 DBG Batch cut. left=0 nBuckets=16 nReq=124 next=0
03:05:59.116 DBG Waiting for batch. batchSize=4096
03:05:59.119 INF Sending PREPREPARE. nReq=124 senderID=3 sn=7 view=0
03:05:59.144 DBG Sending COMMIT. senderID=3 sn=7 tn=5 view=0
03:05:59.145 DBG func sendCommit commit Tn. sn=7 tn=5
03:05:59.145 DBG Sending Htn. senderID=3 sn=7 view=0
03:05:59.145 DBG func handleCommit commit Tn. tn=5
03:05:59.145 DBG func handleHtnmsg. newhtn=5 prelocalhtn=5 segment=3
03:05:59.146 DBG func handleCommit commit Tn. tn=5
03:05:59.146 WRN PbftOrderer handles message from self. sn=7
03:05:59.146 INF Get logEntry.Sn from tn. Hn=2 SegID=3 Tn=5 logEntry.Sn=19
03:05:59.146 INF Committed entry. latency=0 nReq=124 sn=11
03:05:59.146 INF Delivered batch. nReq=124 sn=11
03:05:59.147 INF Delivered batch. nReq=63 sn=12
03:05:59.147 INF Delivered batch. nReq=63 sn=13
03:05:59.147 INF Delivered batch. nReq=63 sn=14
03:05:59.147 INF Get logEntry.Sn from tn. Nil Blocks. SegID=3 logEntry.Sn=11
03:05:59.147 INF Committed entry. latency=0 nReq=124 sn=15
03:05:59.147 INF Delivered batch. nReq=124 sn=15
03:05:59.147 INF Get logEntry.Sn from tn. Nil Blocks. SegID=3 logEntry.Sn=15
03:05:59.147 INF Committed entry. latency=0 nReq=124 sn=19
03:05:59.147 DBG Starting timer. sn=11 view=0
03:05:59.148 DBG func handleHtnmsg. newhtn=5 prelocalhtn=5 segment=3
03:05:59.148 DBG func handleHtnmsg. newhtn=5 prelocalhtn=5 segment=3
03:05:59.148 INF Set TRUE. sn=11
03:05:59.148 INF validHtnMsgs sets. validHtnMsgs=5
03:05:59.148 INF validHtnMsgs sets. validHtnMsgs=5
03:05:59.148 INF validHtnMsgs sets. validHtnMsgs=5
03:05:59.148 DBG func handleCommit commit Tn. tn=5
03:05:59.148 INF Set TRUE. sn=11
03:05:59.148 DBG func handleHtnmsg. newhtn=5 prelocalhtn=5 segment=3
03:05:59.149 INF Set TRUE. sn=11
03:05:59.149 INF validHtnMsgs sets. validHtnMsgs=5
03:05:59.149 INF validHtnMsgs sets. validHtnMsgs=5
03:05:59.149 INF validHtnMsgs sets. validHtnMsgs=5
03:05:59.149 INF validHtnMsgs sets. validHtnMsgs=5
03:05:59.168 INF Handling PREPREPARE. nReq=64 senderID=1 sn=13
03:05:59.168 INF Hset. i=0 sn=13 tn=4
03:05:59.168 INF Hset. i=1 sn=13 tn=4
03:05:59.168 INF Hset. i=2 sn=13 tn=4
03:05:59.168 INF Hset. i=3 sn=13 tn=4
03:05:59.168 DBG Creating new Batch. nReq=64
03:05:59.169 INF Handling PREPREPARE. nReq=64 senderID=2 sn=14
03:05:59.170 INF Hset. i=0 sn=14 tn=4
03:05:59.170 INF Hset. i=1 sn=14 tn=4
03:05:59.170 INF Handling PREPREPARE. nReq=65 senderID=0 sn=12
03:05:59.170 INF Hset. i=0 sn=12 tn=4
03:05:59.171 INF Hset. i=1 sn=12 tn=4
03:05:59.171 INF Hset. i=2 sn=12 tn=4
03:05:59.170 INF Hset. i=2 sn=14 tn=4
03:05:59.171 INF Hset. i=3 sn=12 tn=4
03:05:59.171 INF Hset. i=3 sn=14 tn=4
03:05:59.171 DBG Creating new Batch. nReq=65
03:05:59.171 DBG Creating new Batch. nReq=64
03:05:59.178 DBG Sending PREPARE. senderID=3 sn=13 view=0
03:05:59.178 DBG func sendPrepare prepare Tn. sn=13 tn=6
03:05:59.179 DBG Sending COMMIT. senderID=3 sn=13 tn=6 view=0
03:05:59.179 DBG func sendCommit commit Tn. sn=13 tn=6
03:05:59.179 DBG Sending Htn. senderID=3 sn=13 view=0
03:05:59.180 DBG func handleCommit commit Tn. tn=6
03:05:59.181 DBG func handleCommit commit Tn. tn=6
03:05:59.182 INF Get logEntry.Sn from tn. Hn=4 SegID=1 Tn=6 logEntry.Sn=21
03:05:59.182 DBG Sending PREPARE. senderID=3 sn=14 view=0
03:05:59.182 INF Committed entry. latency=0 nReq=64 sn=17
03:05:59.182 DBG func sendPrepare prepare Tn. sn=14 tn=6
03:05:59.182 INF Get logEntry.Sn from tn. Nil Blocks. SegID=1 logEntry.Sn=17
03:05:59.182 DBG Sending COMMIT. senderID=3 sn=14 tn=6 view=0
03:05:59.182 INF Committed entry. latency=0 nReq=64 sn=21
03:05:59.182 DBG func sendCommit commit Tn. sn=14 tn=6
03:05:59.182 DBG Starting timer. sn=17 view=0
03:05:59.182 DBG Sending Htn. senderID=3 sn=14 view=0
03:05:59.183 DBG func handleCommit commit Tn. tn=6
03:05:59.183 DBG func handleCommit commit Tn. tn=6
03:05:59.183 DBG Sending PREPARE. senderID=3 sn=12 view=0
03:05:59.184 DBG func sendPrepare prepare Tn. sn=12 tn=6
03:05:59.184 INF Get logEntry.Sn from tn. Hn=4 SegID=2 Tn=6 logEntry.Sn=22
03:05:59.184 DBG Sending COMMIT. senderID=3 sn=12 tn=6 view=0
03:05:59.184 INF Committed entry. latency=0 nReq=64 sn=18
03:05:59.184 DBG func sendCommit commit Tn. sn=12 tn=6
03:05:59.184 INF Get logEntry.Sn from tn. Nil Blocks. SegID=2 logEntry.Sn=18
03:05:59.184 DBG func handleCommit commit Tn. tn=6
03:05:59.184 DBG Sending Htn. senderID=3 sn=12 view=0
03:05:59.184 INF Committed entry. latency=0 nReq=64 sn=22
03:05:59.184 DBG func handleCommit commit Tn. tn=6
03:05:59.184 DBG Starting timer. sn=18 view=0
03:05:59.185 DBG func handleCommit commit Tn. tn=6
03:05:59.185 DBG func handleCommit commit Tn. tn=6
03:05:59.185 INF Get logEntry.Sn from tn. Hn=4 SegID=0 Tn=6 logEntry.Sn=20
03:05:59.185 INF Committed entry. latency=0 nReq=65 sn=16
03:05:59.186 INF Delivered batch. nReq=65 sn=16
03:05:59.186 INF Delivered batch. nReq=64 sn=17
03:05:59.186 INF Delivered batch. nReq=64 sn=18
03:05:59.186 INF Delivered batch. nReq=124 sn=19
03:05:59.186 INF Get logEntry.Sn from tn. Nil Blocks. SegID=0 logEntry.Sn=16
03:05:59.186 INF Committed entry. latency=0 nReq=65 sn=20
03:05:59.186 INF Delivered batch. nReq=65 sn=20
03:05:59.187 INF Delivered batch. nReq=64 sn=21
03:05:59.187 INF Delivered batch. nReq=64 sn=22
03:05:59.187 DBG Starting timer. sn=16 view=0
03:05:59.187 DBG func handleCommit commit Tn. tn=6
03:06:00.170 INF Handling PREPREPARE. nReq=64 senderID=1 sn=17
03:06:00.170 INF Hset. i=0 sn=17 tn=6
03:06:00.170 INF Hset. i=1 sn=17 tn=6
03:06:00.170 INF Hset. i=2 sn=17 tn=6
03:06:00.170 INF Hset. i=3 sn=17 tn=6
03:06:00.170 DBG Creating new Batch. nReq=64
03:06:00.171 INF Handling PREPREPARE. nReq=64 senderID=2 sn=18
03:06:00.171 INF Hset. i=0 sn=18 tn=6
03:06:00.171 INF Hset. i=1 sn=18 tn=6
03:06:00.172 INF Handling PREPREPARE. nReq=64 senderID=0 sn=16
03:06:00.171 INF Hset. i=2 sn=18 tn=6
03:06:00.172 INF Hset. i=0 sn=16 tn=6
03:06:00.172 INF Hset. i=3 sn=18 tn=6
03:06:00.172 INF Hset. i=1 sn=16 tn=6
03:06:00.172 DBG Creating new Batch. nReq=64
03:06:00.173 INF Hset. i=2 sn=16 tn=6
03:06:00.173 INF Hset. i=3 sn=16 tn=6
03:06:00.175 DBG Creating new Batch. nReq=64
03:06:00.180 DBG Sending PREPARE. senderID=3 sn=17 view=0
03:06:00.180 DBG func sendPrepare prepare Tn. sn=17 tn=7
03:06:00.182 DBG Sending COMMIT. senderID=3 sn=17 tn=7 view=0
03:06:00.182 DBG func sendCommit commit Tn. sn=17 tn=7
03:06:00.182 DBG Sending Htn. senderID=3 sn=17 view=0
03:06:00.183 DBG func handleCommit commit Tn. tn=7
03:06:00.184 DBG func handleCommit commit Tn. tn=7
03:06:00.184 INF Get logEntry.Sn from tn. Hn=5 SegID=1 Tn=7 logEntry.Sn=25
03:06:00.184 DBG Sending PREPARE. senderID=3 sn=16 view=0
03:06:00.185 INF Committed entry. latency=0 nReq=64 sn=25
03:06:00.185 DBG Sending PREPARE. senderID=3 sn=18 view=0
03:06:00.185 DBG func sendPrepare prepare Tn. sn=16 tn=7
03:06:00.185 DBG Starting timer. sn=21 view=0
03:06:00.185 DBG func sendPrepare prepare Tn. sn=18 tn=7
03:06:00.185 DBG Sending COMMIT. senderID=3 sn=16 tn=7 view=0
03:06:00.185 DBG Sending COMMIT. senderID=3 sn=18 tn=7 view=0
03:06:00.185 DBG func sendCommit commit Tn. sn=18 tn=7
03:06:00.185 DBG func sendCommit commit Tn. sn=16 tn=7
03:06:00.185 DBG Sending Htn. senderID=3 sn=16 view=0
03:06:00.185 DBG Sending Htn. senderID=3 sn=18 view=0
03:06:00.185 DBG func handleCommit commit Tn. tn=7
03:06:00.185 DBG func handleCommit commit Tn. tn=7
03:06:00.185 DBG func handleCommit commit Tn. tn=7
03:06:00.186 DBG func handleCommit commit Tn. tn=7
03:06:00.186 INF Get logEntry.Sn from tn. Hn=5 SegID=2 Tn=7 logEntry.Sn=26
03:06:00.186 DBG func handleCommit commit Tn. tn=7
03:06:00.186 INF Committed entry. latency=0 nReq=64 sn=26
03:06:00.186 DBG Starting timer. sn=22 view=0
03:06:00.186 DBG func handleCommit commit Tn. tn=7
03:06:00.186 INF Get logEntry.Sn from tn. Hn=5 SegID=0 Tn=7 logEntry.Sn=24
03:06:00.187 INF Committed entry. latency=0 nReq=64 sn=24
03:06:00.187 DBG Starting timer. sn=20 view=0
03:06:00.187 DBG func handleCommit commit Tn. tn=7
03:06:01.115 DBG Batch ready. batchSize=4096
03:06:01.116 DBG Batch cut. left=0 nBuckets=16 nReq=128 next=0
03:06:01.116 DBG Waiting for batch. batchSize=4096
03:06:01.118 INF Sending PREPREPARE. nReq=128 senderID=3 sn=11 view=0
03:06:01.146 DBG Sending COMMIT. senderID=3 sn=11 tn=8 view=0
03:06:01.146 DBG func sendCommit commit Tn. sn=11 tn=8
03:06:01.146 DBG Sending Htn. senderID=3 sn=11 view=0
03:06:01.147 DBG func handleCommit commit Tn. tn=8
03:06:01.147 WRN PbftOrderer handles message from self. sn=11
03:06:01.147 DBG func handleHtnmsg. newhtn=8 prelocalhtn=8 segment=3
03:06:01.147 DBG func handleCommit commit Tn. tn=8
03:06:01.148 INF Get logEntry.Sn from tn. Hn=3 SegID=3 Tn=8 logEntry.Sn=31
03:06:01.148 INF Committed entry. latency=0 nReq=128 sn=23
03:06:01.148 INF Delivered batch. nReq=128 sn=23
03:06:01.148 INF Delivered batch. nReq=64 sn=24
03:06:01.148 INF Delivered batch. nReq=64 sn=25
03:06:01.148 INF Delivered batch. nReq=64 sn=26
03:06:01.149 INF Get logEntry.Sn from tn. Nil Blocks. SegID=3 logEntry.Sn=23
03:06:01.149 INF Committed entry. latency=0 nReq=128 sn=27
03:06:01.149 INF Delivered batch. nReq=128 sn=27
03:06:01.149 INF Get logEntry.Sn from tn. Nil Blocks. SegID=3 logEntry.Sn=27
03:06:01.149 INF Committed entry. latency=0 nReq=128 sn=31
03:06:01.149 DBG Starting timer. sn=15 view=0
03:06:01.149 DBG func handleHtnmsg. newhtn=8 prelocalhtn=8 segment=3
03:06:01.150 DBG func handleHtnmsg. newhtn=8 prelocalhtn=8 segment=3
03:06:01.150 INF Set TRUE. sn=15
03:06:01.150 INF validHtnMsgs sets. validHtnMsgs=8
03:06:01.150 INF validHtnMsgs sets. validHtnMsgs=8
03:06:01.150 INF validHtnMsgs sets. validHtnMsgs=8
03:06:01.150 DBG func handleCommit commit Tn. tn=8
03:06:01.150 INF Set TRUE. sn=15
03:06:01.150 DBG func handleHtnmsg. newhtn=8 prelocalhtn=8 segment=3
03:06:01.150 INF Set TRUE. sn=15
03:06:01.150 INF validHtnMsgs sets. validHtnMsgs=8
03:06:01.150 INF validHtnMsgs sets. validHtnMsgs=8
03:06:01.151 INF validHtnMsgs sets. validHtnMsgs=8
03:06:01.151 INF validHtnMsgs sets. validHtnMsgs=8
03:06:01.171 INF Handling PREPREPARE. nReq=64 senderID=1 sn=21
03:06:01.172 INF Hset. i=0 sn=21 tn=7
03:06:01.172 INF Hset. i=1 sn=21 tn=7
03:06:01.172 INF Hset. i=2 sn=21 tn=7
03:06:01.172 INF Hset. i=3 sn=21 tn=7
03:06:01.172 DBG Creating new Batch. nReq=64
03:06:01.176 INF Handling PREPREPARE. nReq=64 senderID=0 sn=20
03:06:01.176 INF Handling PREPREPARE. nReq=64 senderID=2 sn=22
03:06:01.176 INF Hset. i=0 sn=20 tn=7
03:06:01.176 INF Hset. i=0 sn=22 tn=7
03:06:01.176 INF Hset. i=1 sn=22 tn=7
03:06:01.177 INF Hset. i=2 sn=22 tn=7
03:06:01.177 INF Hset. i=3 sn=22 tn=7
03:06:01.177 DBG Creating new Batch. nReq=64
03:06:01.176 INF Hset. i=1 sn=20 tn=7
03:06:01.178 INF Hset. i=2 sn=20 tn=7
03:06:01.178 INF Hset. i=3 sn=20 tn=7
03:06:01.178 DBG Creating new Batch. nReq=64
03:06:01.180 DBG Sending PREPARE. senderID=3 sn=21 view=0
03:06:01.181 DBG func sendPrepare prepare Tn. sn=21 tn=9
03:06:01.183 DBG Sending COMMIT. senderID=3 sn=21 tn=9 view=0
03:06:01.183 DBG func sendCommit commit Tn. sn=21 tn=9
03:06:01.183 DBG Sending Htn. senderID=3 sn=21 view=0
03:06:01.184 DBG func handleCommit commit Tn. tn=9
03:06:01.184 DBG func handleCommit commit Tn. tn=9
03:06:01.185 INF Get logEntry.Sn from tn. Hn=6 SegID=1 Tn=9 logEntry.Sn=33
03:06:01.185 INF Committed entry. latency=0 nReq=64 sn=29
03:06:01.185 INF Get logEntry.Sn from tn. Nil Blocks. SegID=1 logEntry.Sn=29
03:06:01.185 INF Committed entry. latency=0 nReq=64 sn=33
03:06:01.186 DBG Starting timer. sn=25 view=0
03:06:01.186 DBG func handleCommit commit Tn. tn=9
03:06:01.186 DBG Sending PREPARE. senderID=3 sn=22 view=0
03:06:01.186 DBG func sendPrepare prepare Tn. sn=22 tn=9
03:06:01.186 DBG Sending COMMIT. senderID=3 sn=22 tn=9 view=0
03:06:01.187 DBG func sendCommit commit Tn. sn=22 tn=9
03:06:01.187 DBG Sending Htn. senderID=3 sn=22 view=0
03:06:01.187 DBG Sending PREPARE. senderID=3 sn=20 view=0
03:06:01.187 DBG func handleCommit commit Tn. tn=9
03:06:01.187 DBG func sendPrepare prepare Tn. sn=20 tn=9
03:06:01.188 DBG func handleCommit commit Tn. tn=9
03:06:01.188 DBG Sending COMMIT. senderID=3 sn=20 tn=9 view=0
03:06:01.188 DBG func sendCommit commit Tn. sn=20 tn=9
03:06:01.188 INF Get logEntry.Sn from tn. Hn=6 SegID=2 Tn=9 logEntry.Sn=34
03:06:01.188 DBG Sending Htn. senderID=3 sn=20 view=0
03:06:01.188 INF Committed entry. latency=0 nReq=64 sn=30
03:06:01.188 INF Get logEntry.Sn from tn. Nil Blocks. SegID=2 logEntry.Sn=30
03:06:01.188 INF Committed entry. latency=0 nReq=64 sn=34
03:06:01.189 DBG func handleCommit commit Tn. tn=9
03:06:01.189 DBG Starting timer. sn=26 view=0
03:06:01.189 DBG func handleCommit commit Tn. tn=9
03:06:01.189 DBG func handleCommit commit Tn. tn=9
03:06:01.189 INF Get logEntry.Sn from tn. Hn=6 SegID=0 Tn=9 logEntry.Sn=32
03:06:01.190 INF Committed entry. latency=0 nReq=64 sn=28
03:06:01.190 INF Delivered batch. nReq=64 sn=28
03:06:01.190 INF Delivered batch. nReq=64 sn=29
03:06:01.190 INF Delivered batch. nReq=64 sn=30
03:06:01.190 INF Delivered batch. nReq=128 sn=31
03:06:01.190 INF Get logEntry.Sn from tn. Nil Blocks. SegID=0 logEntry.Sn=28
03:06:01.190 INF Committed entry. latency=0 nReq=64 sn=32
03:06:01.190 INF Delivered batch. nReq=64 sn=32
03:06:01.190 INF Delivered batch. nReq=64 sn=33
03:06:01.191 INF Delivered batch. nReq=64 sn=34
03:06:01.191 DBG Starting timer. sn=24 view=0
03:06:01.191 DBG func handleCommit commit Tn. tn=9
03:06:02.172 INF Handling PREPREPARE. nReq=64 senderID=1 sn=25
03:06:02.172 INF Hset. i=0 sn=25 tn=9
03:06:02.173 INF Hset. i=1 sn=25 tn=9
03:06:02.173 INF Hset. i=2 sn=25 tn=9
03:06:02.173 INF Hset. i=3 sn=25 tn=9
03:06:02.173 DBG Creating new Batch. nReq=64
03:06:02.173 INF Handling PREPREPARE. nReq=64 senderID=2 sn=26
03:06:02.173 INF Hset. i=0 sn=26 tn=9
03:06:02.173 INF Hset. i=1 sn=26 tn=9
03:06:02.173 INF Hset. i=2 sn=26 tn=9
03:06:02.174 INF Hset. i=3 sn=26 tn=9
03:06:02.174 DBG Creating new Batch. nReq=64
03:06:02.176 INF Handling PREPREPARE. nReq=64 senderID=0 sn=24
03:06:02.176 INF Hset. i=0 sn=24 tn=9
03:06:02.176 INF Hset. i=1 sn=24 tn=9
03:06:02.177 INF Hset. i=2 sn=24 tn=9
03:06:02.177 INF Hset. i=3 sn=24 tn=9
03:06:02.177 DBG Creating new Batch. nReq=64
03:06:02.186 DBG Sending PREPARE. senderID=3 sn=24 view=0
03:06:02.186 DBG func sendPrepare prepare Tn. sn=24 tn=10
03:06:02.186 DBG Sending PREPARE. senderID=3 sn=25 view=0
03:06:02.186 DBG func sendPrepare prepare Tn. sn=25 tn=10
03:06:02.186 DBG Sending PREPARE. senderID=3 sn=26 view=0
03:06:02.186 DBG Sending COMMIT. senderID=3 sn=25 tn=10 view=0
03:06:02.186 DBG func sendPrepare prepare Tn. sn=26 tn=10
03:06:02.186 DBG func sendCommit commit Tn. sn=25 tn=10
03:06:02.187 DBG Sending COMMIT. senderID=3 sn=26 tn=10 view=0
03:06:02.187 DBG Sending Htn. senderID=3 sn=25 view=0
03:06:02.187 DBG func sendCommit commit Tn. sn=26 tn=10
03:06:02.187 DBG func handleCommit commit Tn. tn=10
03:06:02.187 DBG Sending Htn. senderID=3 sn=26 view=0
03:06:02.187 DBG func handleCommit commit Tn. tn=10
03:06:02.188 DBG func handleCommit commit Tn. tn=10
03:06:02.188 DBG func handleCommit commit Tn. tn=10
03:06:02.188 DBG Sending COMMIT. senderID=3 sn=24 tn=10 view=0
03:06:02.188 DBG func sendCommit commit Tn. sn=24 tn=10
03:06:02.188 INF Get logEntry.Sn from tn. Hn=7 SegID=2 Tn=10 logEntry.Sn=38
03:06:02.188 DBG Sending Htn. senderID=3 sn=24 view=0
03:06:02.188 INF Get logEntry.Sn from tn. Hn=7 SegID=1 Tn=10 logEntry.Sn=37
03:06:02.188 INF Committed entry. latency=0 nReq=64 sn=38
03:06:02.188 INF Committed entry. latency=0 nReq=64 sn=37
03:06:02.188 DBG Starting timer. sn=30 view=0
03:06:02.188 DBG func handleCommit commit Tn. tn=10
03:06:02.188 DBG Starting timer. sn=29 view=0
03:06:02.188 DBG func handleCommit commit Tn. tn=10
03:06:02.189 DBG func handleCommit commit Tn. tn=10
03:06:02.188 DBG func handleCommit commit Tn. tn=10
03:06:02.189 INF Get logEntry.Sn from tn. Hn=7 SegID=0 Tn=10 logEntry.Sn=36
03:06:02.189 INF Committed entry. latency=0 nReq=64 sn=36
03:06:02.189 DBG Starting timer. sn=28 view=0
03:06:02.189 DBG func handleCommit commit Tn. tn=10
03:06:03.115 DBG Batch ready. batchSize=4096
03:06:03.115 DBG Batch cut. left=0 nBuckets=16 nReq=128 next=0
03:06:03.115 DBG Waiting for batch. batchSize=4096
03:06:03.118 INF Sending PREPREPARE. nReq=128 senderID=3 sn=15 view=0
03:06:03.146 DBG Sending COMMIT. senderID=3 sn=15 tn=11 view=0
03:06:03.146 DBG func sendCommit commit Tn. sn=15 tn=11
03:06:03.146 DBG Sending Htn. senderID=3 sn=15 view=0
03:06:03.147 DBG func handleCommit commit Tn. tn=11
03:06:03.147 DBG func handleHtnmsg. newhtn=11 prelocalhtn=11 segment=3
03:06:03.147 DBG func handleCommit commit Tn. tn=11
03:06:03.147 WRN PbftOrderer handles message from self. sn=15
03:06:03.148 INF Get logEntry.Sn from tn. Hn=4 SegID=3 Tn=11 logEntry.Sn=43
03:06:03.148 INF Committed entry. latency=0 nReq=128 sn=35
03:06:03.148 INF Delivered batch. nReq=128 sn=35
03:06:03.148 INF Delivered batch. nReq=64 sn=36
03:06:03.148 INF Delivered batch. nReq=64 sn=37
03:06:03.148 INF Delivered batch. nReq=64 sn=38
03:06:03.148 INF Get logEntry.Sn from tn. Nil Blocks. SegID=3 logEntry.Sn=35
03:06:03.148 INF Committed entry. latency=0 nReq=128 sn=39
03:06:03.149 INF Delivered batch. nReq=128 sn=39
03:06:03.149 INF Get logEntry.Sn from tn. Nil Blocks. SegID=3 logEntry.Sn=39
03:06:03.149 INF Committed entry. latency=0 nReq=128 sn=43
03:06:03.149 DBG Starting timer. sn=19 view=0
03:06:03.149 DBG func handleHtnmsg. newhtn=11 prelocalhtn=11 segment=3
03:06:03.149 DBG func handleCommit commit Tn. tn=11
03:06:03.149 DBG func handleHtnmsg. newhtn=11 prelocalhtn=11 segment=3
03:06:03.149 INF Set TRUE. sn=19
03:06:03.149 INF validHtnMsgs sets. validHtnMsgs=11
03:06:03.150 INF validHtnMsgs sets. validHtnMsgs=11
03:06:03.150 INF validHtnMsgs sets. validHtnMsgs=11
03:06:03.150 DBG func handleHtnmsg. newhtn=11 prelocalhtn=11 segment=3
03:06:03.150 INF Set TRUE. sn=19
03:06:03.150 INF validHtnMsgs sets. validHtnMsgs=11
03:06:03.150 INF validHtnMsgs sets. validHtnMsgs=11
03:06:03.150 INF validHtnMsgs sets. validHtnMsgs=11
03:06:03.150 INF validHtnMsgs sets. validHtnMsgs=11
03:06:03.174 INF Handling PREPREPARE. nReq=65 senderID=1 sn=29
03:06:03.174 INF Hset. i=0 sn=29 tn=10
03:06:03.174 INF Hset. i=1 sn=29 tn=10
03:06:03.174 INF Hset. i=2 sn=29 tn=10
03:06:03.174 INF Hset. i=3 sn=29 tn=10
03:06:03.175 DBG Creating new Batch. nReq=65
03:06:03.178 INF Handling PREPREPARE. nReq=64 senderID=2 sn=30
03:06:03.178 INF Hset. i=0 sn=30 tn=10
03:06:03.178 INF Hset. i=1 sn=30 tn=10
03:06:03.178 INF Hset. i=2 sn=30 tn=10
03:06:03.179 INF Hset. i=3 sn=30 tn=10
03:06:03.179 DBG Creating new Batch. nReq=64
03:06:03.180 INF Handling PREPREPARE. nReq=64 senderID=0 sn=28
03:06:03.181 INF Hset. i=0 sn=28 tn=10
03:06:03.181 INF Hset. i=1 sn=28 tn=10
03:06:03.181 INF Hset. i=2 sn=28 tn=10
03:06:03.181 INF Hset. i=3 sn=28 tn=10
03:06:03.181 DBG Creating new Batch. nReq=64
03:06:03.187 DBG Sending PREPARE. senderID=3 sn=29 view=0
03:06:03.187 DBG func sendPrepare prepare Tn. sn=29 tn=12
03:06:03.188 DBG Sending COMMIT. senderID=3 sn=29 tn=12 view=0
03:06:03.188 DBG func sendCommit commit Tn. sn=29 tn=12
03:06:03.188 DBG Sending Htn. senderID=3 sn=29 view=0
03:06:03.188 DBG func handleCommit commit Tn. tn=12
03:06:03.188 DBG func handleCommit commit Tn. tn=12
03:06:03.188 INF Get logEntry.Sn from tn. Hn=8 SegID=1 Tn=12 logEntry.Sn=45
03:06:03.189 INF Committed entry. latency=0 nReq=65 sn=41
03:06:03.189 INF Get logEntry.Sn from tn. Nil Blocks. SegID=1 logEntry.Sn=41
03:06:03.189 INF Committed entry. latency=0 nReq=65 sn=45
03:06:03.189 DBG Starting timer. sn=33 view=0
03:06:03.189 DBG func handleCommit commit Tn. tn=12
03:06:03.190 DBG Sending PREPARE. senderID=3 sn=30 view=0
03:06:03.190 DBG func sendPrepare prepare Tn. sn=30 tn=12
03:06:03.190 DBG Sending COMMIT. senderID=3 sn=30 tn=12 view=0
03:06:03.190 DBG func sendCommit commit Tn. sn=30 tn=12
03:06:03.190 DBG Sending Htn. senderID=3 sn=30 view=0
03:06:03.191 DBG func handleCommit commit Tn. tn=12
03:06:03.191 DBG Sending PREPARE. senderID=3 sn=28 view=0
03:06:03.191 DBG func sendPrepare prepare Tn. sn=28 tn=12
03:06:03.191 DBG Sending COMMIT. senderID=3 sn=28 tn=12 view=0
03:06:03.192 DBG func sendCommit commit Tn. sn=28 tn=12
03:06:03.192 DBG Sending Htn. senderID=3 sn=28 view=0
03:06:03.192 DBG func handleCommit commit Tn. tn=12
03:06:03.192 INF Get logEntry.Sn from tn. Hn=8 SegID=2 Tn=12 logEntry.Sn=46
03:06:03.193 INF Committed entry. latency=0 nReq=64 sn=42
03:06:03.193 INF Get logEntry.Sn from tn. Nil Blocks. SegID=2 logEntry.Sn=42
03:06:03.193 INF Committed entry. latency=0 nReq=64 sn=46
03:06:03.193 DBG func handleCommit commit Tn. tn=12
03:06:03.193 DBG Starting timer. sn=34 view=0
03:06:03.193 DBG func handleCommit commit Tn. tn=12
03:06:03.193 DBG func handleCommit commit Tn. tn=12
03:06:03.194 INF Get logEntry.Sn from tn. Hn=8 SegID=0 Tn=12 logEntry.Sn=44
03:06:03.194 INF Committed entry. latency=0 nReq=64 sn=40
03:06:03.194 INF Delivered batch. nReq=64 sn=40
03:06:03.194 INF Delivered batch. nReq=65 sn=41
03:06:03.194 INF Delivered batch. nReq=64 sn=42
03:06:03.195 INF Delivered batch. nReq=128 sn=43
03:06:03.195 INF Get logEntry.Sn from tn. Nil Blocks. SegID=0 logEntry.Sn=40
03:06:03.195 INF Committed entry. latency=0 nReq=64 sn=44
03:06:03.195 INF Delivered batch. nReq=64 sn=44
03:06:03.195 INF Delivered batch. nReq=65 sn=45
03:06:03.195 INF Delivered batch. nReq=64 sn=46
03:06:03.195 DBG Starting timer. sn=32 view=0
03:06:03.196 DBG func handleCommit commit Tn. tn=12
03:06:04.176 INF Handling PREPREPARE. nReq=64 senderID=1 sn=33
03:06:04.176 INF Hset. i=0 sn=33 tn=12
03:06:04.176 INF Hset. i=1 sn=33 tn=12
03:06:04.176 INF Hset. i=2 sn=33 tn=12
03:06:04.176 INF Hset. i=3 sn=33 tn=12
03:06:04.176 DBG Creating new Batch. nReq=64
03:06:04.176 INF Handling PREPREPARE. nReq=65 senderID=2 sn=34
03:06:04.177 INF Hset. i=0 sn=34 tn=12
03:06:04.177 INF Hset. i=1 sn=34 tn=12
03:06:04.177 INF Hset. i=2 sn=34 tn=12
03:06:04.177 INF Hset. i=3 sn=34 tn=12
03:06:04.177 DBG Creating new Batch. nReq=65
03:06:04.178 INF Handling PREPREPARE. nReq=64 senderID=0 sn=32
03:06:04.178 INF Hset. i=0 sn=32 tn=12
03:06:04.179 INF Hset. i=1 sn=32 tn=12
03:06:04.179 INF Hset. i=2 sn=32 tn=12
03:06:04.179 INF Hset. i=3 sn=32 tn=12
03:06:04.179 DBG Creating new Batch. nReq=64
03:06:04.189 DBG Sending PREPARE. senderID=3 sn=34 view=0
03:06:04.189 DBG func sendPrepare prepare Tn. sn=34 tn=13
03:06:04.189 DBG Sending COMMIT. senderID=3 sn=34 tn=13 view=0
03:06:04.190 DBG func sendCommit commit Tn. sn=34 tn=13
03:06:04.190 DBG Sending Htn. senderID=3 sn=34 view=0
03:06:04.190 DBG Sending PREPARE. senderID=3 sn=32 view=0
03:06:04.190 DBG func sendPrepare prepare Tn. sn=32 tn=13
03:06:04.191 DBG Sending COMMIT. senderID=3 sn=32 tn=13 view=0
03:06:04.191 DBG func sendCommit commit Tn. sn=32 tn=13
03:06:04.191 DBG Sending PREPARE. senderID=3 sn=33 view=0
03:06:04.191 DBG Sending Htn. senderID=3 sn=32 view=0
03:06:04.191 DBG func sendPrepare prepare Tn. sn=33 tn=13
03:06:04.191 DBG func handleCommit commit Tn. tn=13
03:06:04.191 DBG Sending COMMIT. senderID=3 sn=33 tn=13 view=0
03:06:04.191 DBG func handleCommit commit Tn. tn=13
03:06:04.191 DBG func sendCommit commit Tn. sn=33 tn=13
03:06:04.192 DBG Sending Htn. senderID=3 sn=33 view=0
03:06:04.192 DBG func handleCommit commit Tn. tn=13
03:06:04.192 DBG func handleCommit commit Tn. tn=13
03:06:04.192 INF Get logEntry.Sn from tn. Hn=9 SegID=0 Tn=13 logEntry.Sn=48
03:06:04.192 DBG func handleCommit commit Tn. tn=13
03:06:04.192 DBG func handleCommit commit Tn. tn=13
03:06:04.192 INF Committed entry. latency=0 nReq=64 sn=48
03:06:04.192 DBG Starting timer. sn=36 view=0
03:06:04.192 INF Get logEntry.Sn from tn. Hn=9 SegID=2 Tn=13 logEntry.Sn=50
03:06:04.192 INF Get logEntry.Sn from tn. Hn=9 SegID=1 Tn=13 logEntry.Sn=49
03:06:04.192 DBG func handleCommit commit Tn. tn=13
03:06:04.192 INF Committed entry. latency=0 nReq=65 sn=50
03:06:04.193 INF Committed entry. latency=0 nReq=64 sn=49
03:06:04.193 DBG Starting timer. sn=38 view=0
03:06:04.193 DBG Starting timer. sn=37 view=0
03:06:04.193 DBG func handleCommit commit Tn. tn=13
03:06:04.193 DBG func handleCommit commit Tn. tn=13
03:06:05.114 DBG Batch ready. batchSize=4096
03:06:05.114 DBG Batch cut. left=0 nBuckets=16 nReq=128 next=0
03:06:05.115 DBG Waiting for batch. batchSize=4096
03:06:05.117 INF Sending PREPREPARE. nReq=128 senderID=3 sn=19 view=0
03:06:05.143 DBG Sending COMMIT. senderID=3 sn=19 tn=14 view=0
03:06:05.144 DBG func sendCommit commit Tn. sn=19 tn=14
03:06:05.144 DBG Sending Htn. senderID=3 sn=19 view=0
03:06:05.144 DBG func handleCommit commit Tn. tn=14
03:06:05.145 DBG func handleHtnmsg. newhtn=14 prelocalhtn=14 segment=3
03:06:05.145 DBG func handleCommit commit Tn. tn=14
03:06:05.145 WRN PbftOrderer handles message from self. sn=19
03:06:05.145 INF Get logEntry.Sn from tn. Hn=5 SegID=3 Tn=14 logEntry.Sn=55
03:06:05.146 INF Committed entry. latency=0 nReq=128 sn=47
03:06:05.146 INF Delivered batch. nReq=128 sn=47
03:06:05.146 INF Delivered batch. nReq=64 sn=48
03:06:05.146 INF Delivered batch. nReq=64 sn=49
03:06:05.146 INF Delivered batch. nReq=65 sn=50
03:06:05.146 INF Get logEntry.Sn from tn. Nil Blocks. SegID=3 logEntry.Sn=47
03:06:05.146 INF Committed entry. latency=0 nReq=128 sn=51
03:06:05.146 INF Delivered batch. nReq=128 sn=51
03:06:05.146 INF Get logEntry.Sn from tn. Nil Blocks. SegID=3 logEntry.Sn=51
03:06:05.147 INF Committed entry. latency=0 nReq=128 sn=55
03:06:05.147 DBG Starting timer. sn=23 view=0
03:06:05.147 DBG func handleHtnmsg. newhtn=14 prelocalhtn=14 segment=3
03:06:05.147 DBG func handleCommit commit Tn. tn=14
03:06:05.147 DBG func handleHtnmsg. newhtn=14 prelocalhtn=14 segment=3
03:06:05.147 INF Set TRUE. sn=23
03:06:05.147 INF validHtnMsgs sets. validHtnMsgs=14
03:06:05.147 INF validHtnMsgs sets. validHtnMsgs=14
03:06:05.147 INF validHtnMsgs sets. validHtnMsgs=14
03:06:05.148 DBG func handleHtnmsg. newhtn=14 prelocalhtn=14 segment=3
03:06:05.148 INF Set TRUE. sn=23
03:06:05.148 INF validHtnMsgs sets. validHtnMsgs=14
03:06:05.148 INF validHtnMsgs sets. validHtnMsgs=14
03:06:05.148 INF validHtnMsgs sets. validHtnMsgs=14
03:06:05.148 INF validHtnMsgs sets. validHtnMsgs=14
03:06:05.177 INF Handling PREPREPARE. nReq=64 senderID=1 sn=37
03:06:05.177 INF Hset. i=0 sn=37 tn=13
03:06:05.177 INF Hset. i=1 sn=37 tn=13
03:06:05.177 INF Hset. i=2 sn=37 tn=13
03:06:05.178 INF Hset. i=3 sn=37 tn=13
03:06:05.178 DBG Creating new Batch. nReq=64
03:06:05.180 INF Handling PREPREPARE. nReq=64 senderID=2 sn=38
03:06:05.180 INF Hset. i=0 sn=38 tn=13
03:06:05.181 INF Hset. i=1 sn=38 tn=13
03:06:05.181 INF Hset. i=2 sn=38 tn=13
03:06:05.181 INF Hset. i=3 sn=38 tn=13
03:06:05.181 DBG Creating new Batch. nReq=64
03:06:05.181 INF Handling PREPREPARE. nReq=64 senderID=0 sn=36
03:06:05.181 INF Hset. i=0 sn=36 tn=13
03:06:05.182 INF Hset. i=1 sn=36 tn=13
03:06:05.182 INF Hset. i=2 sn=36 tn=13
03:06:05.182 INF Hset. i=3 sn=36 tn=13
03:06:05.182 DBG Creating new Batch. nReq=64
03:06:05.186 DBG Sending PREPARE. senderID=3 sn=37 view=0
03:06:05.187 DBG func sendPrepare prepare Tn. sn=37 tn=15
03:06:05.189 DBG Sending COMMIT. senderID=3 sn=37 tn=15 view=0
03:06:05.189 DBG func sendCommit commit Tn. sn=37 tn=15
03:06:05.189 DBG Sending Htn. senderID=3 sn=37 view=0
03:06:05.190 DBG func handleCommit commit Tn. tn=15
03:06:05.190 DBG func handleCommit commit Tn. tn=15
03:06:05.191 INF Get logEntry.Sn from tn. Hn=10 SegID=1 Tn=15 logEntry.Sn=57
03:06:05.191 INF Committed entry. latency=0 nReq=64 sn=53
03:06:05.191 INF Get logEntry.Sn from tn. Nil Blocks. SegID=1 logEntry.Sn=53
03:06:05.191 INF Committed entry. latency=0 nReq=64 sn=57
03:06:05.191 DBG Starting timer. sn=41 view=0
03:06:05.191 DBG func handleCommit commit Tn. tn=15
03:06:05.192 DBG Sending PREPARE. senderID=3 sn=36 view=0
03:06:05.192 DBG func sendPrepare prepare Tn. sn=36 tn=15
03:06:05.192 DBG Sending PREPARE. senderID=3 sn=38 view=0
03:06:05.192 DBG Sending COMMIT. senderID=3 sn=36 tn=15 view=0
03:06:05.192 DBG func sendPrepare prepare Tn. sn=38 tn=15
03:06:05.192 DBG func sendCommit commit Tn. sn=36 tn=15
03:06:05.192 DBG Sending COMMIT. senderID=3 sn=38 tn=15 view=0
03:06:05.193 DBG Sending Htn. senderID=3 sn=36 view=0
03:06:05.193 DBG func sendCommit commit Tn. sn=38 tn=15
03:06:05.193 DBG Sending Htn. senderID=3 sn=38 view=0
03:06:05.193 DBG func handleCommit commit Tn. tn=15
03:06:05.193 DBG func handleCommit commit Tn. tn=15
03:06:05.194 INF Get logEntry.Sn from tn. Hn=10 SegID=2 Tn=15 logEntry.Sn=58
03:06:05.194 DBG func handleCommit commit Tn. tn=15
03:06:05.194 INF Committed entry. latency=0 nReq=64 sn=54
03:06:05.194 INF Get logEntry.Sn from tn. Nil Blocks. SegID=2 logEntry.Sn=54
03:06:05.194 INF Committed entry. latency=0 nReq=64 sn=58
03:06:05.194 DBG Starting timer. sn=42 view=0
03:06:05.194 DBG func handleCommit commit Tn. tn=15
03:06:05.195 DBG func handleCommit commit Tn. tn=15
03:06:05.195 INF Get logEntry.Sn from tn. Hn=10 SegID=0 Tn=15 logEntry.Sn=56
03:06:05.195 INF Committed entry. latency=0 nReq=64 sn=52
03:06:05.196 INF Delivered batch. nReq=64 sn=52
03:06:05.196 INF Delivered batch. nReq=64 sn=53
03:06:05.196 INF Delivered batch. nReq=64 sn=54
03:06:05.196 INF Delivered batch. nReq=128 sn=55
03:06:05.196 INF Get logEntry.Sn from tn. Nil Blocks. SegID=0 logEntry.Sn=52
03:06:05.196 INF Committed entry. latency=0 nReq=64 sn=56
03:06:05.196 INF Delivered batch. nReq=64 sn=56
03:06:05.197 INF Delivered batch. nReq=64 sn=57
03:06:05.197 INF Delivered batch. nReq=64 sn=58
03:06:05.197 DBG Starting timer. sn=40 view=0
03:06:05.197 DBG func handleCommit commit Tn. tn=15
03:06:06.178 INF Handling PREPREPARE. nReq=64 senderID=1 sn=41
03:06:06.178 INF Hset. i=0 sn=41 tn=15
03:06:06.178 INF Hset. i=1 sn=41 tn=15
03:06:06.178 INF Hset. i=2 sn=41 tn=15
03:06:06.179 INF Hset. i=3 sn=41 tn=15
03:06:06.179 DBG Creating new Batch. nReq=64
03:06:06.180 INF Handling PREPREPARE. nReq=64 senderID=2 sn=42
03:06:06.180 INF Hset. i=0 sn=42 tn=15
03:06:06.180 INF Hset. i=1 sn=42 tn=15
03:06:06.180 INF Hset. i=2 sn=42 tn=15
03:06:06.180 INF Hset. i=3 sn=42 tn=15
03:06:06.181 DBG Creating new Batch. nReq=64
03:06:06.182 INF Handling PREPREPARE. nReq=64 senderID=0 sn=40
03:06:06.182 INF Hset. i=0 sn=40 tn=15
03:06:06.183 INF Hset. i=1 sn=40 tn=15
03:06:06.183 INF Hset. i=2 sn=40 tn=15
03:06:06.183 INF Hset. i=3 sn=40 tn=15
03:06:06.183 DBG Creating new Batch. nReq=64
03:06:06.190 DBG Sending PREPARE. senderID=3 sn=42 view=0
03:06:06.190 DBG Sending PREPARE. senderID=3 sn=41 view=0
03:06:06.190 DBG func sendPrepare prepare Tn. sn=42 tn=16
03:06:06.190 DBG func sendPrepare prepare Tn. sn=41 tn=16
03:06:06.190 DBG Sending COMMIT. senderID=3 sn=41 tn=16 view=0
03:06:06.190 DBG func sendCommit commit Tn. sn=41 tn=16
03:06:06.190 DBG Sending Htn. senderID=3 sn=41 view=0
03:06:06.192 DBG func handleCommit commit Tn. tn=16
03:06:06.192 DBG Sending PREPARE. senderID=3 sn=40 view=0
03:06:06.192 DBG func sendPrepare prepare Tn. sn=40 tn=16
03:06:06.193 DBG Sending COMMIT. senderID=3 sn=40 tn=16 view=0
03:06:06.193 DBG func sendCommit commit Tn. sn=40 tn=16
03:06:06.193 DBG func handleCommit commit Tn. tn=16
03:06:06.193 DBG Sending Htn. senderID=3 sn=40 view=0
03:06:06.193 DBG Sending COMMIT. senderID=3 sn=42 tn=16 view=0
03:06:06.193 DBG func sendCommit commit Tn. sn=42 tn=16
03:06:06.193 DBG Sending Htn. senderID=3 sn=42 view=0
03:06:06.193 INF Get logEntry.Sn from tn. Hn=11 SegID=1 Tn=16 logEntry.Sn=61
03:06:06.193 DBG func handleCommit commit Tn. tn=16
03:06:06.193 INF Committed entry. latency=0 nReq=64 sn=61
03:06:06.194 DBG func handleCommit commit Tn. tn=16
03:06:06.194 DBG Starting timer. sn=45 view=0
03:06:06.194 DBG func handleCommit commit Tn. tn=16
03:06:06.194 DBG func handleCommit commit Tn. tn=16
03:06:06.194 INF Get logEntry.Sn from tn. Hn=11 SegID=2 Tn=16 logEntry.Sn=62
03:06:06.194 INF Committed entry. latency=0 nReq=64 sn=62
03:06:06.194 DBG Starting timer. sn=46 view=0
03:06:06.195 DBG func handleCommit commit Tn. tn=16
03:06:06.195 DBG func handleCommit commit Tn. tn=16
03:06:06.195 INF Get logEntry.Sn from tn. Hn=11 SegID=0 Tn=16 logEntry.Sn=60
03:06:06.195 INF Committed entry. latency=0 nReq=64 sn=60
03:06:06.195 DBG Starting timer. sn=44 view=0
03:06:06.195 DBG func handleCommit commit Tn. tn=16
03:06:07.114 DBG Batch ready. batchSize=4096
03:06:07.114 DBG Batch cut. left=0 nBuckets=16 nReq=128 next=0
03:06:07.115 DBG Waiting for batch. batchSize=4096
03:06:07.117 INF Sending PREPREPARE. nReq=128 senderID=3 sn=23 view=0
03:06:07.143 DBG Sending COMMIT. senderID=3 sn=23 tn=17 view=0
03:06:07.143 DBG func sendCommit commit Tn. sn=23 tn=17
03:06:07.143 DBG Sending Htn. senderID=3 sn=23 view=0
03:06:07.144 DBG func handleCommit commit Tn. tn=17
03:06:07.144 DBG func handleHtnmsg. newhtn=17 prelocalhtn=17 segment=3
03:06:07.144 DBG func handleCommit commit Tn. tn=17
03:06:07.145 WRN PbftOrderer handles message from self. sn=23
03:06:07.145 INF Get logEntry.Sn from tn. Hn=6 SegID=3 Tn=17 logEntry.Sn=67
03:06:07.145 INF Committed entry. latency=0 nReq=128 sn=59
03:06:07.145 INF Delivered batch. nReq=128 sn=59
03:06:07.145 INF Delivered batch. nReq=64 sn=60
03:06:07.145 INF Delivered batch. nReq=64 sn=61
03:06:07.146 INF Delivered batch. nReq=64 sn=62
03:06:07.146 INF Get logEntry.Sn from tn. Nil Blocks. SegID=3 logEntry.Sn=59
03:06:07.146 INF Committed entry. latency=0 nReq=128 sn=63
03:06:07.146 INF Delivered batch. nReq=128 sn=63
03:06:07.146 INF Get logEntry.Sn from tn. Nil Blocks. SegID=3 logEntry.Sn=63
03:06:07.146 INF Committed entry. latency=0 nReq=128 sn=67
03:06:07.146 DBG Starting timer. sn=27 view=0
03:06:07.146 DBG func handleHtnmsg. newhtn=17 prelocalhtn=17 segment=3
03:06:07.147 DBG func handleHtnmsg. newhtn=17 prelocalhtn=17 segment=3
03:06:07.147 INF Set TRUE. sn=27
03:06:07.147 INF validHtnMsgs sets. validHtnMsgs=17
03:06:07.147 INF validHtnMsgs sets. validHtnMsgs=17
03:06:07.147 INF validHtnMsgs sets. validHtnMsgs=17
03:06:07.147 DBG func handleCommit commit Tn. tn=17
03:06:07.147 INF Set TRUE. sn=27
03:06:07.147 DBG func handleHtnmsg. newhtn=17 prelocalhtn=17 segment=3
03:06:07.147 INF Set TRUE. sn=27
03:06:07.148 INF validHtnMsgs sets. validHtnMsgs=17
03:06:07.148 INF validHtnMsgs sets. validHtnMsgs=17
03:06:07.148 INF validHtnMsgs sets. validHtnMsgs=17
03:06:07.148 INF validHtnMsgs sets. validHtnMsgs=17
03:06:07.180 INF Handling PREPREPARE. nReq=64 senderID=1 sn=45
03:06:07.181 INF Hset. i=0 sn=45 tn=16
03:06:07.181 INF Hset. i=1 sn=45 tn=16
03:06:07.181 INF Hset. i=2 sn=45 tn=16
03:06:07.181 INF Hset. i=3 sn=45 tn=16
03:06:07.181 DBG Creating new Batch. nReq=64
03:06:07.184 INF Handling PREPREPARE. nReq=64 senderID=2 sn=46
03:06:07.184 INF Hset. i=0 sn=46 tn=16
03:06:07.184 INF Hset. i=1 sn=46 tn=16
03:06:07.184 INF Handling PREPREPARE. nReq=65 senderID=0 sn=44
03:06:07.185 INF Hset. i=2 sn=46 tn=16
03:06:07.185 INF Hset. i=0 sn=44 tn=16
03:06:07.185 INF Hset. i=3 sn=46 tn=16
03:06:07.185 INF Hset. i=1 sn=44 tn=16
03:06:07.185 DBG Creating new Batch. nReq=64
03:06:07.185 INF Hset. i=2 sn=44 tn=16
03:06:07.185 INF Hset. i=3 sn=44 tn=16
03:06:07.185 DBG Creating new Batch. nReq=65
03:06:07.192 DBG Sending PREPARE. senderID=3 sn=45 view=0
03:06:07.192 DBG func sendPrepare prepare Tn. sn=45 tn=18
03:06:07.192 DBG Sending COMMIT. senderID=3 sn=45 tn=18 view=0
03:06:07.193 DBG func sendCommit commit Tn. sn=45 tn=18
03:06:07.193 DBG Sending Htn. senderID=3 sn=45 view=0
03:06:07.194 DBG func handleCommit commit Tn. tn=18
03:06:07.194 DBG func handleCommit commit Tn. tn=18
03:06:07.194 INF Get logEntry.Sn from tn. Hn=12 SegID=1 Tn=18 logEntry.Sn=69
03:06:07.194 INF Committed entry. latency=0 nReq=64 sn=65
03:06:07.195 INF Get logEntry.Sn from tn. Nil Blocks. SegID=1 logEntry.Sn=65
03:06:07.195 INF Committed entry. latency=0 nReq=64 sn=69
03:06:07.195 DBG Starting timer. sn=49 view=0
03:06:07.195 DBG func handleCommit commit Tn. tn=18
03:06:07.195 DBG Sending PREPARE. senderID=3 sn=44 view=0
03:06:07.196 DBG func sendPrepare prepare Tn. sn=44 tn=18
03:06:07.196 DBG Sending PREPARE. senderID=3 sn=46 view=0
03:06:07.196 DBG func sendPrepare prepare Tn. sn=46 tn=18
03:06:07.196 DBG Sending COMMIT. senderID=3 sn=46 tn=18 view=0
03:06:07.196 DBG func sendCommit commit Tn. sn=46 tn=18
03:06:07.196 DBG Sending Htn. senderID=3 sn=46 view=0
03:06:07.197 DBG Sending COMMIT. senderID=3 sn=44 tn=18 view=0
03:06:07.197 DBG func sendCommit commit Tn. sn=44 tn=18
03:06:07.197 DBG Sending Htn. senderID=3 sn=44 view=0
03:06:07.197 DBG func handleCommit commit Tn. tn=18
03:06:07.198 DBG func handleCommit commit Tn. tn=18
03:06:07.198 DBG func handleCommit commit Tn. tn=18
03:06:07.198 DBG func handleCommit commit Tn. tn=18
03:06:07.198 INF Get logEntry.Sn from tn. Hn=12 SegID=0 Tn=18 logEntry.Sn=68
03:06:07.198 INF Get logEntry.Sn from tn. Hn=12 SegID=2 Tn=18 logEntry.Sn=70
03:06:07.199 INF Committed entry. latency=0 nReq=65 sn=64
03:06:07.199 INF Committed entry. latency=0 nReq=64 sn=66
03:06:07.199 INF Delivered batch. nReq=65 sn=64
03:06:07.199 INF Delivered batch. nReq=64 sn=65
03:06:07.199 INF Delivered batch. nReq=64 sn=66
03:06:07.199 INF Delivered batch. nReq=128 sn=67
03:06:07.199 INF Get logEntry.Sn from tn. Nil Blocks. SegID=0 logEntry.Sn=64
03:06:07.199 INF Get logEntry.Sn from tn. Nil Blocks. SegID=2 logEntry.Sn=66
03:06:07.199 INF Committed entry. latency=0 nReq=65 sn=68
03:06:07.199 INF Committed entry. latency=0 nReq=64 sn=70
03:06:07.200 INF Delivered batch. nReq=65 sn=68
03:06:07.200 INF Delivered batch. nReq=64 sn=69
03:06:07.200 INF Delivered batch. nReq=64 sn=70
03:06:07.200 DBG Starting timer. sn=48 view=0
03:06:07.200 DBG func handleCommit commit Tn. tn=18
03:06:07.200 DBG Starting timer. sn=50 view=0
03:06:07.200 DBG func handleCommit commit Tn. tn=18
03:06:08.182 INF Handling PREPREPARE. nReq=64 senderID=1 sn=49
03:06:08.182 INF Hset. i=0 sn=49 tn=18
03:06:08.183 INF Hset. i=1 sn=49 tn=18
03:06:08.183 INF Hset. i=2 sn=49 tn=18
03:06:08.183 INF Hset. i=3 sn=49 tn=18
03:06:08.183 DBG Creating new Batch. nReq=64
03:06:08.185 INF Handling PREPREPARE. nReq=64 senderID=2 sn=50
03:06:08.186 INF Hset. i=0 sn=50 tn=18
03:06:08.186 INF Hset. i=1 sn=50 tn=18
03:06:08.186 INF Hset. i=2 sn=50 tn=18
03:06:08.186 INF Hset. i=3 sn=50 tn=18
03:06:08.186 DBG Creating new Batch. nReq=64
03:06:08.188 INF Handling PREPREPARE. nReq=64 senderID=0 sn=48
03:06:08.189 INF Hset. i=0 sn=48 tn=18
03:06:08.189 INF Hset. i=1 sn=48 tn=18
03:06:08.189 INF Hset. i=2 sn=48 tn=18
03:06:08.189 INF Hset. i=3 sn=48 tn=18
03:06:08.189 DBG Creating new Batch. nReq=64
03:06:08.191 DBG Sending PREPARE. senderID=3 sn=49 view=0
03:06:08.191 DBG func sendPrepare prepare Tn. sn=49 tn=19
03:06:08.192 DBG Sending COMMIT. senderID=3 sn=49 tn=19 view=0
03:06:08.193 DBG func sendCommit commit Tn. sn=49 tn=19
03:06:08.193 DBG Sending Htn. senderID=3 sn=49 view=0
03:06:08.193 DBG func handleCommit commit Tn. tn=19
03:06:08.194 DBG func handleCommit commit Tn. tn=19
03:06:08.194 INF Get logEntry.Sn from tn. Hn=13 SegID=1 Tn=19 logEntry.Sn=73
03:06:08.194 INF Committed entry. latency=0 nReq=64 sn=73
03:06:08.194 DBG Sending PREPARE. senderID=3 sn=50 view=0
03:06:08.194 DBG Starting timer. sn=53 view=0
03:06:08.194 DBG func sendPrepare prepare Tn. sn=50 tn=19
03:06:08.194 DBG func handleCommit commit Tn. tn=19
03:06:08.195 DBG Sending COMMIT. senderID=3 sn=50 tn=19 view=0
03:06:08.196 DBG func sendCommit commit Tn. sn=50 tn=19
03:06:08.196 DBG Sending Htn. senderID=3 sn=50 view=0
03:06:08.196 DBG func handleCommit commit Tn. tn=19
03:06:08.197 DBG func handleCommit commit Tn. tn=19
03:06:08.197 INF Get logEntry.Sn from tn. Hn=13 SegID=2 Tn=19 logEntry.Sn=74
03:06:08.197 DBG Sending PREPARE. senderID=3 sn=48 view=0
03:06:08.197 INF Committed entry. latency=0 nReq=64 sn=74
03:06:08.197 DBG func sendPrepare prepare Tn. sn=48 tn=19
03:06:08.197 DBG Starting timer. sn=54 view=0
03:06:08.197 DBG func handleCommit commit Tn. tn=19
03:06:08.198 DBG Sending COMMIT. senderID=3 sn=48 tn=19 view=0
03:06:08.198 DBG func sendCommit commit Tn. sn=48 tn=19
03:06:08.198 DBG Sending Htn. senderID=3 sn=48 view=0
03:06:08.199 DBG func handleCommit commit Tn. tn=19
03:06:08.199 DBG func handleCommit commit Tn. tn=19
03:06:08.200 INF Get logEntry.Sn from tn. Hn=13 SegID=0 Tn=19 logEntry.Sn=72
03:06:08.200 INF Committed entry. latency=0 nReq=64 sn=72
03:06:08.200 DBG Starting timer. sn=52 view=0
03:06:08.200 DBG func handleCommit commit Tn. tn=19
03:06:09.113 DBG Batch ready. batchSize=4096
03:06:09.114 DBG Batch cut. left=0 nBuckets=16 nReq=128 next=0
03:06:09.114 DBG Waiting for batch. batchSize=4096
03:06:09.116 INF Sending PREPREPARE. nReq=128 senderID=3 sn=27 view=0
03:06:09.142 DBG Sending COMMIT. senderID=3 sn=27 tn=20 view=0
03:06:09.143 DBG func sendCommit commit Tn. sn=27 tn=20
03:06:09.143 DBG Sending Htn. senderID=3 sn=27 view=0
03:06:09.143 DBG func handleCommit commit Tn. tn=20
03:06:09.143 DBG func handleHtnmsg. newhtn=20 prelocalhtn=20 segment=3
03:06:09.144 DBG func handleCommit commit Tn. tn=20
03:06:09.144 WRN PbftOrderer handles message from self. sn=27
03:06:09.144 INF Get logEntry.Sn from tn. Hn=7 SegID=3 Tn=20 logEntry.Sn=79
03:06:09.144 INF Committed entry. latency=0 nReq=128 sn=71
03:06:09.144 INF Delivered batch. nReq=128 sn=71
03:06:09.144 INF Delivered batch. nReq=64 sn=72
03:06:09.145 INF Delivered batch. nReq=64 sn=73
03:06:09.145 INF Delivered batch. nReq=64 sn=74
03:06:09.145 INF Get logEntry.Sn from tn. Nil Blocks. SegID=3 logEntry.Sn=71
03:06:09.145 INF Committed entry. latency=0 nReq=128 sn=75
03:06:09.145 INF Delivered batch. nReq=128 sn=75
03:06:09.145 INF Get logEntry.Sn from tn. Nil Blocks. SegID=3 logEntry.Sn=75
03:06:09.145 INF Committed entry. latency=0 nReq=128 sn=79
03:06:09.146 DBG Starting timer. sn=31 view=0
03:06:09.146 DBG func handleHtnmsg. newhtn=20 prelocalhtn=20 segment=3
03:06:09.146 DBG func handleHtnmsg. newhtn=20 prelocalhtn=20 segment=3
03:06:09.146 INF Set TRUE. sn=31
03:06:09.146 INF validHtnMsgs sets. validHtnMsgs=20
03:06:09.146 INF validHtnMsgs sets. validHtnMsgs=20
03:06:09.146 INF validHtnMsgs sets. validHtnMsgs=20
03:06:09.146 DBG func handleCommit commit Tn. tn=20
03:06:09.147 INF Set TRUE. sn=31
03:06:09.147 DBG func handleHtnmsg. newhtn=20 prelocalhtn=20 segment=3
03:06:09.147 INF Set TRUE. sn=31
03:06:09.147 INF validHtnMsgs sets. validHtnMsgs=20
03:06:09.147 INF validHtnMsgs sets. validHtnMsgs=20
03:06:09.147 INF validHtnMsgs sets. validHtnMsgs=20
03:06:09.147 INF validHtnMsgs sets. validHtnMsgs=20
03:06:09.182 INF Handling PREPREPARE. nReq=64 senderID=1 sn=53
03:06:09.183 INF Hset. i=0 sn=53 tn=19
03:06:09.183 INF Hset. i=1 sn=53 tn=19
03:06:09.183 INF Hset. i=2 sn=53 tn=19
03:06:09.183 INF Hset. i=3 sn=53 tn=19
03:06:09.183 DBG Creating new Batch. nReq=64
03:06:09.187 INF Handling PREPREPARE. nReq=64 senderID=2 sn=54
03:06:09.188 INF Hset. i=0 sn=54 tn=19
03:06:09.188 INF Hset. i=1 sn=54 tn=19
03:06:09.188 INF Hset. i=2 sn=54 tn=19
03:06:09.188 INF Hset. i=3 sn=54 tn=19
03:06:09.188 DBG Creating new Batch. nReq=64
03:06:09.189 INF Handling PREPREPARE. nReq=64 senderID=0 sn=52
03:06:09.189 INF Hset. i=0 sn=52 tn=19
03:06:09.190 INF Hset. i=1 sn=52 tn=19
03:06:09.190 INF Hset. i=2 sn=52 tn=19
03:06:09.190 INF Hset. i=3 sn=52 tn=19
03:06:09.190 DBG Creating new Batch. nReq=64
03:06:09.200 DBG Sending PREPARE. senderID=3 sn=53 view=0
03:06:09.200 DBG func sendPrepare prepare Tn. sn=53 tn=21
03:06:09.201 DBG Sending COMMIT. senderID=3 sn=53 tn=21 view=0
03:06:09.201 DBG func sendCommit commit Tn. sn=53 tn=21
03:06:09.201 DBG Sending Htn. senderID=3 sn=53 view=0
03:06:09.201 DBG func handleCommit commit Tn. tn=21
03:06:09.201 DBG func handleCommit commit Tn. tn=21
03:06:09.201 INF Get logEntry.Sn from tn. Hn=14 SegID=1 Tn=21 logEntry.Sn=81
03:06:09.202 INF Committed entry. latency=0 nReq=64 sn=77
03:06:09.202 INF Get logEntry.Sn from tn. Nil Blocks. SegID=1 logEntry.Sn=77
03:06:09.202 INF Committed entry. latency=0 nReq=64 sn=81
03:06:09.202 DBG Starting timer. sn=57 view=0
03:06:09.202 DBG func handleCommit commit Tn. tn=21
03:06:09.202 DBG Sending PREPARE. senderID=3 sn=54 view=0
03:06:09.202 DBG func sendPrepare prepare Tn. sn=54 tn=21
03:06:09.203 DBG Sending COMMIT. senderID=3 sn=54 tn=21 view=0
03:06:09.203 DBG func sendCommit commit Tn. sn=54 tn=21
03:06:09.203 DBG Sending Htn. senderID=3 sn=54 view=0
03:06:09.203 DBG func handleCommit commit Tn. tn=21
03:06:09.203 DBG func handleCommit commit Tn. tn=21
03:06:09.204 INF Get logEntry.Sn from tn. Hn=14 SegID=2 Tn=21 logEntry.Sn=82
03:06:09.204 INF Committed entry. latency=0 nReq=64 sn=78
03:06:09.204 INF Get logEntry.Sn from tn. Nil Blocks. SegID=2 logEntry.Sn=78
03:06:09.204 INF Committed entry. latency=0 nReq=64 sn=82
03:06:09.204 DBG Starting timer. sn=58 view=0
03:06:09.204 DBG Sending PREPARE. senderID=3 sn=52 view=0
03:06:09.204 DBG func handleCommit commit Tn. tn=21
03:06:09.204 DBG func sendPrepare prepare Tn. sn=52 tn=21
03:06:09.205 DBG Sending COMMIT. senderID=3 sn=52 tn=21 view=0
03:06:09.205 DBG func sendCommit commit Tn. sn=52 tn=21
03:06:09.205 DBG Sending Htn. senderID=3 sn=52 view=0
03:06:09.205 DBG func handleCommit commit Tn. tn=21
03:06:09.205 DBG func handleCommit commit Tn. tn=21
03:06:09.206 INF Get logEntry.Sn from tn. Hn=14 SegID=0 Tn=21 logEntry.Sn=80
03:06:09.206 INF Committed entry. latency=0 nReq=64 sn=76
03:06:09.206 INF Delivered batch. nReq=64 sn=76
03:06:09.206 INF Delivered batch. nReq=64 sn=77
03:06:09.206 INF Delivered batch. nReq=64 sn=78
03:06:09.206 INF Delivered batch. nReq=128 sn=79
03:06:09.206 INF Get logEntry.Sn from tn. Nil Blocks. SegID=0 logEntry.Sn=76
03:06:09.207 INF Committed entry. latency=0 nReq=64 sn=80
03:06:09.207 INF Delivered batch. nReq=64 sn=80
03:06:09.207 INF Delivered batch. nReq=64 sn=81
03:06:09.207 INF Delivered batch. nReq=64 sn=82
03:06:09.207 DBG Starting timer. sn=56 view=0
03:06:09.207 DBG func handleCommit commit Tn. tn=21
03:06:10.185 INF Handling PREPREPARE. nReq=64 senderID=1 sn=57
03:06:10.185 INF Hset. i=0 sn=57 tn=21
03:06:10.185 INF Hset. i=1 sn=57 tn=21
03:06:10.185 INF Hset. i=2 sn=57 tn=21
03:06:10.185 INF Hset. i=3 sn=57 tn=21
03:06:10.186 DBG Creating new Batch. nReq=64
03:06:10.189 INF Handling PREPREPARE. nReq=64 senderID=0 sn=56
03:06:10.189 INF Handling PREPREPARE. nReq=64 senderID=2 sn=58
03:06:10.190 INF Hset. i=0 sn=56 tn=21
03:06:10.190 INF Hset. i=0 sn=58 tn=21
03:06:10.190 INF Hset. i=1 sn=56 tn=21
03:06:10.190 INF Hset. i=1 sn=58 tn=21
03:06:10.190 INF Hset. i=2 sn=56 tn=21
03:06:10.190 INF Hset. i=2 sn=58 tn=21
03:06:10.190 INF Hset. i=3 sn=56 tn=21
03:06:10.190 INF Hset. i=3 sn=58 tn=21
03:06:10.190 DBG Creating new Batch. nReq=64
03:06:10.190 DBG Creating new Batch. nReq=64
03:06:10.196 DBG Sending PREPARE. senderID=3 sn=57 view=0
03:06:10.196 DBG func sendPrepare prepare Tn. sn=57 tn=22
03:06:10.196 DBG Sending COMMIT. senderID=3 sn=57 tn=22 view=0
03:06:10.197 DBG func sendCommit commit Tn. sn=57 tn=22
03:06:10.197 DBG Sending Htn. senderID=3 sn=57 view=0
03:06:10.199 DBG func handleCommit commit Tn. tn=22
03:06:10.199 DBG func handleCommit commit Tn. tn=22
03:06:10.200 INF Get logEntry.Sn from tn. Hn=15 SegID=1 Tn=22 logEntry.Sn=85
03:06:10.200 INF Committed entry. latency=0 nReq=64 sn=85
03:06:10.200 DBG Starting timer. sn=61 view=0
03:06:10.200 DBG func handleCommit commit Tn. tn=22
03:06:10.200 DBG Sending PREPARE. senderID=3 sn=58 view=0
03:06:10.200 DBG func sendPrepare prepare Tn. sn=58 tn=22
03:06:10.201 DBG Sending COMMIT. senderID=3 sn=58 tn=22 view=0
03:06:10.201 DBG func sendCommit commit Tn. sn=58 tn=22
03:06:10.201 DBG Sending PREPARE. senderID=3 sn=56 view=0
03:06:10.201 DBG Sending Htn. senderID=3 sn=58 view=0
03:06:10.201 DBG func sendPrepare prepare Tn. sn=56 tn=22
03:06:10.202 DBG func handleCommit commit Tn. tn=22
03:06:10.202 DBG Sending COMMIT. senderID=3 sn=56 tn=22 view=0
03:06:10.202 DBG func sendCommit commit Tn. sn=56 tn=22
03:06:10.202 DBG Sending Htn. senderID=3 sn=56 view=0
03:06:10.203 DBG func handleCommit commit Tn. tn=22
03:06:10.203 DBG func handleCommit commit Tn. tn=22
03:06:10.203 DBG func handleCommit commit Tn. tn=22
03:06:10.203 INF Get logEntry.Sn from tn. Hn=15 SegID=2 Tn=22 logEntry.Sn=86
03:06:10.203 INF Get logEntry.Sn from tn. Hn=15 SegID=0 Tn=22 logEntry.Sn=84
03:06:10.203 INF Committed entry. latency=0 nReq=64 sn=86
03:06:10.203 INF Committed entry. latency=0 nReq=64 sn=84
03:06:10.203 DBG Starting timer. sn=62 view=0
03:06:10.204 DBG func handleCommit commit Tn. tn=22
03:06:10.204 DBG Starting timer. sn=60 view=0
03:06:10.204 DBG func handleCommit commit Tn. tn=22
03:06:11.112 DBG Batch ready. batchSize=4096
03:06:11.124 DBG Batch cut. left=0 nBuckets=16 nReq=128 next=0
03:06:11.125 DBG Waiting for batch. batchSize=4096
03:06:11.127 INF Sending PREPREPARE. nReq=128 senderID=3 sn=31 view=0
03:06:11.163 DBG Sending COMMIT. senderID=3 sn=31 tn=23 view=0
03:06:11.163 DBG func sendCommit commit Tn. sn=31 tn=23
03:06:11.164 DBG Sending Htn. senderID=3 sn=31 view=0
03:06:11.164 DBG func handleCommit commit Tn. tn=23
03:06:11.165 DBG func handleHtnmsg. newhtn=23 prelocalhtn=23 segment=3
03:06:11.165 DBG func handleCommit commit Tn. tn=23
03:06:11.165 WRN PbftOrderer handles message from self. sn=31
03:06:11.165 INF Get logEntry.Sn from tn. Hn=8 SegID=3 Tn=23 logEntry.Sn=91
03:06:11.166 INF Committed entry. latency=0 nReq=128 sn=83
03:06:11.166 INF Delivered batch. nReq=128 sn=83
03:06:11.166 INF Delivered batch. nReq=64 sn=84
03:06:11.166 INF Delivered batch. nReq=64 sn=85
03:06:11.166 INF Delivered batch. nReq=64 sn=86
03:06:11.166 INF Get logEntry.Sn from tn. Nil Blocks. SegID=3 logEntry.Sn=83
03:06:11.166 INF Committed entry. latency=0 nReq=128 sn=87
03:06:11.167 INF Delivered batch. nReq=128 sn=87
03:06:11.167 INF Get logEntry.Sn from tn. Nil Blocks. SegID=3 logEntry.Sn=87
03:06:11.167 INF Committed entry. latency=0 nReq=128 sn=91
03:06:11.167 DBG Starting timer. sn=35 view=0
03:06:11.167 DBG func handleHtnmsg. newhtn=23 prelocalhtn=23 segment=3
03:06:11.167 DBG func handleHtnmsg. newhtn=23 prelocalhtn=23 segment=3
03:06:11.167 INF Set TRUE. sn=35
03:06:11.167 INF validHtnMsgs sets. validHtnMsgs=23
03:06:11.167 INF validHtnMsgs sets. validHtnMsgs=23
03:06:11.168 INF validHtnMsgs sets. validHtnMsgs=23
03:06:11.168 DBG func handleCommit commit Tn. tn=23
03:06:11.168 INF Set TRUE. sn=35
03:06:11.168 DBG func handleHtnmsg. newhtn=23 prelocalhtn=23 segment=3
03:06:11.168 INF Set TRUE. sn=35
03:06:11.168 INF validHtnMsgs sets. validHtnMsgs=23
03:06:11.168 INF validHtnMsgs sets. validHtnMsgs=23
03:06:11.168 INF validHtnMsgs sets. validHtnMsgs=23
03:06:11.168 INF validHtnMsgs sets. validHtnMsgs=23
03:06:11.187 INF Handling PREPREPARE. nReq=64 senderID=1 sn=61
03:06:11.187 INF Hset. i=0 sn=61 tn=22
03:06:11.187 INF Hset. i=1 sn=61 tn=22
03:06:11.187 INF Hset. i=2 sn=61 tn=22
03:06:11.187 INF Hset. i=3 sn=61 tn=22
03:06:11.187 DBG Creating new Batch. nReq=64
03:06:11.191 INF Handling PREPREPARE. nReq=64 senderID=2 sn=62
03:06:11.191 INF Hset. i=0 sn=62 tn=22
03:06:11.191 INF Hset. i=1 sn=62 tn=22
03:06:11.191 INF Hset. i=2 sn=62 tn=22
03:06:11.191 INF Hset. i=3 sn=62 tn=22
03:06:11.191 DBG Creating new Batch. nReq=64
03:06:11.192 INF Handling PREPREPARE. nReq=64 senderID=0 sn=60
03:06:11.192 INF Hset. i=0 sn=60 tn=22
03:06:11.192 INF Hset. i=1 sn=60 tn=22
03:06:11.192 INF Hset. i=2 sn=60 tn=22
03:06:11.192 INF Hset. i=3 sn=60 tn=22
03:06:11.193 DBG Creating new Batch. nReq=64
03:06:11.198 DBG Sending PREPARE. senderID=3 sn=61 view=0
03:06:11.198 DBG func sendPrepare prepare Tn. sn=61 tn=24
03:06:11.198 DBG Sending COMMIT. senderID=3 sn=61 tn=24 view=0
03:06:11.198 DBG func sendCommit commit Tn. sn=61 tn=24
03:06:11.198 DBG Sending Htn. senderID=3 sn=61 view=0
03:06:11.199 DBG func handleCommit commit Tn. tn=24
03:06:11.199 DBG func handleCommit commit Tn. tn=24
03:06:11.199 INF Get logEntry.Sn from tn. Hn=16 SegID=1 Tn=24 logEntry.Sn=93
03:06:11.199 INF Committed entry. latency=0 nReq=64 sn=89
03:06:11.199 INF Get logEntry.Sn from tn. Nil Blocks. SegID=1 logEntry.Sn=89
03:06:11.199 INF Committed entry. latency=0 nReq=64 sn=93
03:06:11.200 DBG Starting timer. sn=65 view=0
03:06:11.200 DBG func handleCommit commit Tn. tn=24
03:06:11.201 DBG Sending PREPARE. senderID=3 sn=62 view=0
03:06:11.202 DBG func sendPrepare prepare Tn. sn=62 tn=24
03:06:11.202 DBG Sending PREPARE. senderID=3 sn=60 view=0
03:06:11.202 DBG func sendPrepare prepare Tn. sn=60 tn=24
03:06:11.203 DBG Sending COMMIT. senderID=3 sn=62 tn=24 view=0
03:06:11.203 DBG func sendCommit commit Tn. sn=62 tn=24
03:06:11.203 DBG Sending Htn. senderID=3 sn=62 view=0
03:06:11.203 DBG Sending COMMIT. senderID=3 sn=60 tn=24 view=0
03:06:11.204 DBG func sendCommit commit Tn. sn=60 tn=24
03:06:11.204 DBG Sending Htn. senderID=3 sn=60 view=0
03:06:11.204 DBG func handleCommit commit Tn. tn=24
03:06:11.204 DBG func handleCommit commit Tn. tn=24
03:06:11.205 DBG func handleCommit commit Tn. tn=24
03:06:11.205 INF Get logEntry.Sn from tn. Hn=16 SegID=2 Tn=24 logEntry.Sn=94
03:06:11.205 INF Committed entry. latency=0 nReq=64 sn=90
03:06:11.205 INF Get logEntry.Sn from tn. Nil Blocks. SegID=2 logEntry.Sn=90
03:06:11.205 INF Committed entry. latency=0 nReq=64 sn=94
03:06:11.205 DBG Starting timer. sn=66 view=0
03:06:11.206 DBG func handleCommit commit Tn. tn=24
03:06:11.206 DBG func handleCommit commit Tn. tn=24
03:06:11.207 INF Get logEntry.Sn from tn. Hn=16 SegID=0 Tn=24 logEntry.Sn=92
03:06:11.207 INF Committed entry. latency=0 nReq=64 sn=88
03:06:11.207 INF Delivered batch. nReq=64 sn=88
03:06:11.207 INF Delivered batch. nReq=64 sn=89
03:06:11.207 INF Delivered batch. nReq=64 sn=90
03:06:11.207 INF Delivered batch. nReq=128 sn=91
03:06:11.207 INF Get logEntry.Sn from tn. Nil Blocks. SegID=0 logEntry.Sn=88
03:06:11.208 INF Committed entry. latency=0 nReq=64 sn=92
03:06:11.208 INF Delivered batch. nReq=64 sn=92
03:06:11.208 INF Delivered batch. nReq=64 sn=93
03:06:11.208 INF Delivered batch. nReq=64 sn=94
03:06:11.208 DBG Starting timer. sn=64 view=0
03:06:11.208 DBG func handleCommit commit Tn. tn=24
03:06:12.187 INF Handling PREPREPARE. nReq=64 senderID=1 sn=65
03:06:12.187 INF Hset. i=0 sn=65 tn=24
03:06:12.187 INF Hset. i=1 sn=65 tn=24
03:06:12.188 INF Hset. i=2 sn=65 tn=24
03:06:12.188 INF Hset. i=3 sn=65 tn=24
03:06:12.188 DBG Creating new Batch. nReq=64
03:06:12.192 INF Handling PREPREPARE. nReq=64 senderID=2 sn=66
03:06:12.193 INF Hset. i=0 sn=66 tn=24
03:06:12.193 INF Hset. i=1 sn=66 tn=24
03:06:12.193 INF Hset. i=2 sn=66 tn=24
03:06:12.193 INF Handling PREPREPARE. nReq=64 senderID=0 sn=64
03:06:12.193 INF Hset. i=3 sn=66 tn=24
03:06:12.193 INF Hset. i=0 sn=64 tn=24
03:06:12.193 DBG Creating new Batch. nReq=64
03:06:12.193 INF Hset. i=1 sn=64 tn=24
03:06:12.194 INF Hset. i=2 sn=64 tn=24
03:06:12.194 INF Hset. i=3 sn=64 tn=24
03:06:12.194 DBG Creating new Batch. nReq=64
03:06:12.199 DBG Sending PREPARE. senderID=3 sn=65 view=0
03:06:12.200 DBG func sendPrepare prepare Tn. sn=65 tn=25
03:06:12.200 DBG Sending COMMIT. senderID=3 sn=65 tn=25 view=0
03:06:12.200 DBG func sendCommit commit Tn. sn=65 tn=25
03:06:12.200 DBG Sending Htn. senderID=3 sn=65 view=0
03:06:12.200 DBG func handleCommit commit Tn. tn=25
03:06:12.201 DBG func handleCommit commit Tn. tn=25
03:06:12.201 INF Get logEntry.Sn from tn. Hn=17 SegID=1 Tn=25 logEntry.Sn=97
03:06:12.201 INF Committed entry. latency=0 nReq=64 sn=97
03:06:12.201 DBG Starting timer. sn=69 view=0
03:06:12.202 DBG func handleCommit commit Tn. tn=25
03:06:12.203 DBG Sending PREPARE. senderID=3 sn=66 view=0
03:06:12.204 DBG func sendPrepare prepare Tn. sn=66 tn=25
03:06:12.204 DBG Sending COMMIT. senderID=3 sn=66 tn=25 view=0
03:06:12.204 DBG Sending PREPARE. senderID=3 sn=64 view=0
03:06:12.204 DBG func sendCommit commit Tn. sn=66 tn=25
03:06:12.204 DBG func sendPrepare prepare Tn. sn=64 tn=25
03:06:12.204 DBG Sending Htn. senderID=3 sn=66 view=0
03:06:12.204 DBG Sending COMMIT. senderID=3 sn=64 tn=25 view=0
03:06:12.204 DBG func sendCommit commit Tn. sn=64 tn=25
03:06:12.205 DBG Sending Htn. senderID=3 sn=64 view=0
03:06:12.205 DBG func handleCommit commit Tn. tn=25
03:06:12.205 DBG func handleCommit commit Tn. tn=25
03:06:12.205 DBG func handleCommit commit Tn. tn=25
03:06:12.205 INF Get logEntry.Sn from tn. Hn=17 SegID=2 Tn=25 logEntry.Sn=98
03:06:12.206 INF Committed entry. latency=0 nReq=64 sn=98
03:06:12.206 DBG Starting timer. sn=70 view=0
03:06:12.206 DBG func handleCommit commit Tn. tn=25
03:06:12.206 DBG func handleCommit commit Tn. tn=25
03:06:12.206 INF Get logEntry.Sn from tn. Hn=17 SegID=0 Tn=25 logEntry.Sn=96
03:06:12.206 INF Committed entry. latency=0 nReq=64 sn=96
03:06:12.207 DBG Starting timer. sn=68 view=0
03:06:12.207 DBG func handleCommit commit Tn. tn=25
03:06:13.136 DBG Batch ready. batchSize=4096
03:06:13.136 DBG Batch cut. left=0 nBuckets=16 nReq=68 next=0
03:06:13.136 DBG Waiting for batch. batchSize=4096
03:06:13.138 INF Sending PREPREPARE. nReq=68 senderID=3 sn=35 view=0
03:06:13.155 DBG Sending COMMIT. senderID=3 sn=35 tn=26 view=0
03:06:13.155 DBG func sendCommit commit Tn. sn=35 tn=26
03:06:13.155 DBG Sending Htn. senderID=3 sn=35 view=0
03:06:13.155 DBG func handleCommit commit Tn. tn=26
03:06:13.155 DBG func handleHtnmsg. newhtn=26 prelocalhtn=26 segment=3
03:06:13.156 DBG func handleCommit commit Tn. tn=26
03:06:13.156 INF Get logEntry.Sn from tn. Hn=9 SegID=3 Tn=26 logEntry.Sn=103
03:06:13.156 INF Committed entry. latency=0 nReq=68 sn=95
03:06:13.156 INF Delivered batch. nReq=68 sn=95
03:06:13.156 INF Delivered batch. nReq=64 sn=96
03:06:13.156 INF Delivered batch. nReq=64 sn=97
03:06:13.157 INF Delivered batch. nReq=64 sn=98
03:06:13.157 INF Get logEntry.Sn from tn. Nil Blocks. SegID=3 logEntry.Sn=95
03:06:13.157 WRN PbftOrderer handles message from self. sn=35
03:06:13.157 INF Committed entry. latency=0 nReq=68 sn=99
03:06:13.157 INF Delivered batch. nReq=68 sn=99
03:06:13.157 INF Get logEntry.Sn from tn. Nil Blocks. SegID=3 logEntry.Sn=99
03:06:13.157 INF Committed entry. latency=0 nReq=68 sn=103
03:06:13.157 DBG Starting timer. sn=39 view=0
03:06:13.157 DBG func handleHtnmsg. newhtn=26 prelocalhtn=26 segment=3
03:06:13.158 DBG func handleCommit commit Tn. tn=26
03:06:13.158 DBG func handleHtnmsg. newhtn=26 prelocalhtn=26 segment=3
03:06:13.158 INF Set TRUE. sn=39
03:06:13.158 INF validHtnMsgs sets. validHtnMsgs=26
03:06:13.158 INF validHtnMsgs sets. validHtnMsgs=26
03:06:13.158 INF validHtnMsgs sets. validHtnMsgs=26
03:06:13.158 DBG func handleHtnmsg. newhtn=26 prelocalhtn=26 segment=3
03:06:13.158 INF Set TRUE. sn=39
03:06:13.159 INF validHtnMsgs sets. validHtnMsgs=26
03:06:13.159 INF validHtnMsgs sets. validHtnMsgs=26
03:06:13.159 INF validHtnMsgs sets. validHtnMsgs=26
03:06:13.159 INF validHtnMsgs sets. validHtnMsgs=26
03:06:13.181 INF Handling PREPREPARE. nReq=0 senderID=1 sn=69
03:06:13.181 INF Hset. i=0 sn=69 tn=25
03:06:13.181 INF Hset. i=1 sn=69 tn=25
03:06:13.181 INF Hset. i=2 sn=69 tn=25
03:06:13.182 INF Hset. i=3 sn=69 tn=25
03:06:13.182 DBG Creating new Batch. nReq=0
03:06:13.182 DBG Sending PREPARE. senderID=3 sn=69 view=0
03:06:13.182 DBG func sendPrepare prepare Tn. sn=69 tn=27
03:06:13.184 DBG Sending COMMIT. senderID=3 sn=69 tn=27 view=0
03:06:13.184 DBG func sendCommit commit Tn. sn=69 tn=27
03:06:13.184 DBG Sending Htn. senderID=3 sn=69 view=0
03:06:13.185 DBG func handleCommit commit Tn. tn=27
03:06:13.185 INF Handling PREPREPARE. nReq=0 senderID=2 sn=70
03:06:13.185 INF Hset. i=0 sn=70 tn=25
03:06:13.185 DBG func handleCommit commit Tn. tn=27
03:06:13.185 INF Hset. i=1 sn=70 tn=25
03:06:13.185 INF Get logEntry.Sn from tn. Hn=18 SegID=1 Tn=27 logEntry.Sn=105
03:06:13.185 INF Hset. i=2 sn=70 tn=25
03:06:13.185 INF Committed entry. latency=0 nReq=0 sn=101
03:06:13.185 INF Hset. i=3 sn=70 tn=25
03:06:13.185 INF Get logEntry.Sn from tn. Nil Blocks. SegID=1 logEntry.Sn=101
03:06:13.186 DBG Creating new Batch. nReq=0
03:06:13.186 INF Committed entry. latency=0 nReq=0 sn=105
03:06:13.186 DBG Starting timer. sn=73 view=0
03:06:13.186 DBG Sending PREPARE. senderID=3 sn=70 view=0
03:06:13.186 DBG func handleCommit commit Tn. tn=27
03:06:13.186 DBG func sendPrepare prepare Tn. sn=70 tn=27
03:06:13.186 INF Handling PREPREPARE. nReq=0 senderID=0 sn=68
03:06:13.186 INF Hset. i=0 sn=68 tn=25
03:06:13.187 INF Hset. i=1 sn=68 tn=25
03:06:13.187 INF Hset. i=2 sn=68 tn=25
03:06:13.187 INF Hset. i=3 sn=68 tn=25
03:06:13.187 DBG Creating new Batch. nReq=0
03:06:13.187 DBG Sending PREPARE. senderID=3 sn=68 view=0
03:06:13.187 DBG func sendPrepare prepare Tn. sn=68 tn=28
03:06:13.187 DBG Sending COMMIT. senderID=3 sn=70 tn=27 view=0
03:06:13.188 DBG func sendCommit commit Tn. sn=70 tn=27
03:06:13.188 DBG Sending Htn. senderID=3 sn=70 view=0
03:06:13.189 DBG Sending COMMIT. senderID=3 sn=68 tn=28 view=0
03:06:13.189 DBG func sendCommit commit Tn. sn=68 tn=28
03:06:13.189 DBG func handleCommit commit Tn. tn=27
03:06:13.189 DBG Sending Htn. senderID=3 sn=68 view=0
03:06:13.189 DBG func handleCommit commit Tn. tn=27
03:06:13.189 INF Get logEntry.Sn from tn. Hn=18 SegID=2 Tn=27 logEntry.Sn=106
03:06:13.189 INF Committed entry. latency=0 nReq=0 sn=102
03:06:13.190 INF Get logEntry.Sn from tn. Nil Blocks. SegID=2 logEntry.Sn=102
03:06:13.190 DBG func handleCommit commit Tn. tn=28
03:06:13.190 INF Committed entry. latency=0 nReq=0 sn=106
03:06:13.190 DBG func handleCommit commit Tn. tn=28
03:06:13.190 DBG Starting timer. sn=74 view=0
03:06:13.190 DBG func handleCommit commit Tn. tn=27
03:06:13.190 INF Get logEntry.Sn from tn. Hn=18 SegID=0 Tn=28 logEntry.Sn=108
03:06:13.190 INF Committed entry. latency=0 nReq=0 sn=100
03:06:13.191 INF Delivered batch. nReq=0 sn=100
03:06:13.191 INF Delivered batch. nReq=0 sn=101
03:06:13.191 INF Delivered batch. nReq=0 sn=102
03:06:13.191 INF Delivered batch. nReq=68 sn=103
03:06:13.191 INF Get logEntry.Sn from tn. Nil Blocks. SegID=0 logEntry.Sn=100
03:06:13.191 INF Committed entry. latency=0 nReq=0 sn=104
03:06:13.191 INF Delivered batch. nReq=0 sn=104
03:06:13.191 INF Delivered batch. nReq=0 sn=105
03:06:13.191 INF Delivered batch. nReq=0 sn=106
03:06:13.192 INF Get logEntry.Sn from tn. Nil Blocks. SegID=0 logEntry.Sn=104
03:06:13.192 INF Committed entry. latency=0 nReq=0 sn=108
03:06:13.192 DBG Starting timer. sn=72 view=0
03:06:13.192 DBG func handleCommit commit Tn. tn=28
03:06:14.177 INF Connection terminated. error="rpc error: code = Canceled desc = context canceled" address=127.0.0.1:42218
03:06:14.177 INF Finished sending bucket assignments to client. clId=0
03:06:14.182 INF Handling PREPREPARE. nReq=0 senderID=1 sn=73
03:06:14.182 INF Hset. i=0 sn=73 tn=27
03:06:14.182 INF Hset. i=1 sn=73 tn=27
03:06:14.183 INF Hset. i=2 sn=73 tn=27
03:06:14.183 INF Hset. i=3 sn=73 tn=27
03:06:14.183 DBG Creating new Batch. nReq=0
03:06:14.183 DBG Sending PREPARE. senderID=3 sn=73 view=0
03:06:14.183 DBG func sendPrepare prepare Tn. sn=73 tn=29
03:06:14.185 DBG Sending COMMIT. senderID=3 sn=73 tn=29 view=0
03:06:14.185 DBG func sendCommit commit Tn. sn=73 tn=29
03:06:14.185 DBG Sending Htn. senderID=3 sn=73 view=0
03:06:14.185 DBG func handleCommit commit Tn. tn=29
03:06:14.186 INF Handling PREPREPARE. nReq=0 senderID=2 sn=74
03:06:14.186 DBG func handleCommit commit Tn. tn=29
03:06:14.186 INF Hset. i=0 sn=74 tn=27
03:06:14.186 INF Get logEntry.Sn from tn. Hn=19 SegID=1 Tn=29 logEntry.Sn=113
03:06:14.186 INF Hset. i=1 sn=74 tn=27
03:06:14.186 INF Hset. i=2 sn=74 tn=27
03:06:14.186 INF Committed entry. latency=0 nReq=0 sn=109
03:06:14.187 INF Hset. i=3 sn=74 tn=27
03:06:14.187 INF Get logEntry.Sn from tn. Nil Blocks. SegID=1 logEntry.Sn=109
03:06:14.187 DBG Creating new Batch. nReq=0
03:06:14.187 INF Committed entry. latency=0 nReq=0 sn=113
03:06:14.187 DBG Sending PREPARE. senderID=3 sn=74 view=0
03:06:14.187 DBG Starting timer. sn=77 view=0
03:06:14.187 DBG func sendPrepare prepare Tn. sn=74 tn=29
03:06:14.187 DBG func handleCommit commit Tn. tn=29
03:06:14.188 INF Handling PREPREPARE. nReq=0 senderID=0 sn=72
03:06:14.188 INF Hset. i=0 sn=72 tn=28
03:06:14.188 INF Hset. i=1 sn=72 tn=28
03:06:14.188 INF Hset. i=2 sn=72 tn=28
03:06:14.188 INF Hset. i=3 sn=72 tn=28
03:06:14.188 DBG Creating new Batch. nReq=0
03:06:14.188 DBG Sending COMMIT. senderID=3 sn=74 tn=29 view=0
03:06:14.189 DBG Sending PREPARE. senderID=3 sn=72 view=0
03:06:14.189 DBG func sendCommit commit Tn. sn=74 tn=29
03:06:14.189 DBG func sendPrepare prepare Tn. sn=72 tn=30
03:06:14.189 DBG Sending Htn. senderID=3 sn=74 view=0
03:06:14.189 DBG Sending COMMIT. senderID=3 sn=72 tn=30 view=0
03:06:14.190 DBG func sendCommit commit Tn. sn=72 tn=30
03:06:14.190 DBG Sending Htn. senderID=3 sn=72 view=0
03:06:14.190 DBG func handleCommit commit Tn. tn=30
03:06:14.191 DBG func handleCommit commit Tn. tn=29
03:06:14.191 DBG func handleCommit commit Tn. tn=29
03:06:14.191 DBG func handleCommit commit Tn. tn=30
03:06:14.191 INF Get logEntry.Sn from tn. Hn=19 SegID=2 Tn=29 logEntry.Sn=114
03:06:14.191 INF Committed entry. latency=0 nReq=0 sn=110
03:06:14.191 INF Get logEntry.Sn from tn. Hn=19 SegID=0 Tn=30 logEntry.Sn=116
03:06:14.191 INF Get logEntry.Sn from tn. Nil Blocks. SegID=2 logEntry.Sn=110
03:06:14.191 INF Committed entry. latency=0 nReq=0 sn=112
03:06:14.191 INF Committed entry. latency=0 nReq=0 sn=114
03:06:14.192 INF Get logEntry.Sn from tn. Nil Blocks. SegID=0 logEntry.Sn=112
03:06:14.192 DBG Starting timer. sn=78 view=0
03:06:14.192 INF Committed entry. latency=0 nReq=0 sn=116
03:06:14.192 DBG func handleCommit commit Tn. tn=29
03:06:14.192 DBG Starting timer. sn=76 view=0
03:06:14.192 DBG func handleCommit commit Tn. tn=30
03:06:14.521 INF Stopping profiler.
03:06:14.522 INF Stopping Tracer. events=166 fileName=experiment-output/0000/slave-004/peer.trc
==================
WARNING: DATA RACE
Read at 0x00c000a2a000 by goroutine 115:
  runtime.racereadrange()
      <autogenerated>:1 +0x1b
  github.com/hyperledger-labs/mirbft/tracing.(*BufferedTrace).StopOnSignal.func1()
      /opt/gopath/src/github.com/hyperledger-labs/mirbft/tracing/bufferedtrace.go:298 +0x4e

Previous write at 0x00c000a2a000 by goroutine 411:
  github.com/hyperledger-labs/mirbft/tracing.(*BufferedTrace).Event()
      /opt/gopath/src/github.com/hyperledger-labs/mirbft/tracing/bufferedtrace.go:105 +0x2d9
  github.com/hyperledger-labs/mirbft/manager.(*MirManager).handleLogEntries()
      /opt/gopath/src/github.com/hyperledger-labs/mirbft/manager/mirmanager.go:139 +0x1d8
  github.com/hyperledger-labs/mirbft/manager.(*MirManager).Start·dwrap·7()
      /opt/gopath/src/github.com/hyperledger-labs/mirbft/manager/mirmanager.go:101 +0x47

Goroutine 115 (running) created at:
  github.com/hyperledger-labs/mirbft/tracing.(*BufferedTrace).StopOnSignal()
      /opt/gopath/src/github.com/hyperledger-labs/mirbft/tracing/bufferedtrace.go:292 +0x172
  main.setUpTracing()
      /opt/gopath/src/github.com/hyperledger-labs/mirbft/cmd/orderingpeer/main.go:204 +0xf5
  main.main()
      /opt/gopath/src/github.com/hyperledger-labs/mirbft/cmd/orderingpeer/main.go:98 +0x9d6

Goroutine 411 (running) created at:
  github.com/hyperledger-labs/mirbft/manager.(*MirManager).Start()
      /opt/gopath/src/github.com/hyperledger-labs/mirbft/manager/mirmanager.go:101 +0x19e
  main.main·dwrap·4()
      /opt/gopath/src/github.com/hyperledger-labs/mirbft/cmd/orderingpeer/main.go:168 +0x59
==================
==================
WARNING: DATA RACE
Read at 0x00c000a2b8d8 by goroutine 115:
  runtime.racereadrange()
      <autogenerated>:1 +0x1b
  github.com/hyperledger-labs/mirbft/tracing.(*BufferedTrace).StopOnSignal.func1()
      /opt/gopath/src/github.com/hyperledger-labs/mirbft/tracing/bufferedtrace.go:298 +0x4e

Previous write at 0x00c000a2b8d8 by goroutine 114:
  github.com/hyperledger-labs/mirbft/tracing.(*BufferedTrace).Event()
      /opt/gopath/src/github.com/hyperledger-labs/mirbft/tracing/bufferedtrace.go:105 +0x2d9
  github.com/hyperledger-labs/mirbft/profiling.StartCPUTracing.func1()
      /opt/gopath/src/github.com/hyperledger-labs/mirbft/profiling/cpuusage.go:31 +0x95

Goroutine 115 (running) created at:
  github.com/hyperledger-labs/mirbft/tracing.(*BufferedTrace).StopOnSignal()
      /opt/gopath/src/github.com/hyperledger-labs/mirbft/tracing/bufferedtrace.go:292 +0x172
  main.setUpTracing()
      /opt/gopath/src/github.com/hyperledger-labs/mirbft/cmd/orderingpeer/main.go:204 +0xf5
  main.main()
      /opt/gopath/src/github.com/hyperledger-labs/mirbft/cmd/orderingpeer/main.go:98 +0x9d6

Goroutine 114 (running) created at:
  github.com/hyperledger-labs/mirbft/profiling.StartCPUTracing()
      /opt/gopath/src/github.com/hyperledger-labs/mirbft/profiling/cpuusage.go:28 +0xb6
  main.setUpTracing()
      /opt/gopath/src/github.com/hyperledger-labs/mirbft/cmd/orderingpeer/main.go:196 +0x85
  main.main()
      /opt/gopath/src/github.com/hyperledger-labs/mirbft/cmd/orderingpeer/main.go:98 +0x9d6
==================
03:06:14.524 INF Trace data written.
03:06:14.565 INF Profile data written. filename=experiment-output/0000/slave-004/prof.mutex name=mutex
03:06:14.652 INF Connection terminated. error="rpc error: code = Canceled desc = context canceled" address=127.0.0.1:42174
03:06:14.652 INF Connection terminated. error="rpc error: code = Canceled desc = context canceled" address=127.0.0.1:42186
03:06:14.652 INF Connection terminated. error="rpc error: code = Canceled desc = context canceled" address=127.0.0.1:42014
03:06:14.652 INF Connection terminated. error="rpc error: code = Canceled desc = context canceled" address=127.0.0.1:42184
03:06:14.652 INF Connection terminated. error="rpc error: code = Canceled desc = context canceled" address=127.0.0.1:42190
03:06:14.652 INF Connection terminated. error="rpc error: code = Canceled desc = context canceled" address=127.0.0.1:42040
03:06:14.661 INF Connection terminated. error="rpc error: code = Canceled desc = context canceled" address=127.0.0.1:42192
03:06:14.661 INF Connection terminated. error="rpc error: code = Canceled desc = context canceled" address=127.0.0.1:42170
03:06:14.662 INF Connection terminated. error="rpc error: code = Canceled desc = context canceled" address=127.0.0.1:42090
03:06:14.662 INF Connection terminated. error="rpc error: code = Canceled desc = context canceled" address=127.0.0.1:42110
03:06:14.662 INF Connection terminated. error="rpc error: code = Canceled desc = context canceled" address=127.0.0.1:42084
03:06:14.662 INF Connection terminated. error="rpc error: code = Canceled desc = context canceled" address=127.0.0.1:42044
03:06:14.731 INF Profile data written. filename=experiment-output/0000/slave-004/prof.cpu name=cpu
03:06:14.754 INF Connection terminated. error="rpc error: code = Canceled desc = context canceled" address=127.0.0.1:42080
03:06:14.753 INF Connection terminated. error="rpc error: code = Canceled desc = context canceled" address=127.0.0.1:42158
03:06:14.754 INF Connection terminated. error="rpc error: code = Canceled desc = context canceled" address=127.0.0.1:42024
03:06:14.754 INF Connection terminated. error="rpc error: code = Canceled desc = context canceled" address=127.0.0.1:42148
03:06:14.754 INF Connection terminated. error="rpc error: code = Canceled desc = context canceled" address=127.0.0.1:42056
03:06:14.754 INF Connection terminated. error="rpc error: code = Canceled desc = context canceled" address=127.0.0.1:42140
03:06:14.776 INF Profile data written. filename=experiment-output/0000/slave-004/prof.block name=block
