12:19PM INF Received own slave ID. ownSlaveId=3
12:19PM INF OK status=0
12:19PM INF Received command. cmdId=3
12:19PM INF Received an ExecStart command args="[-p experiment-output/0000/slave-__id__/config]" cmd=mkdir outFile=/dev/null
12:19PM INF OK status=0
12:19PM INF Received command. cmdId=4
12:19PM INF Received command. cmdType=ExecWait
12:19PM INF OK status=0
12:19PM INF Received command. cmdId=7
12:19PM INF Received an ExecStart command args="[config/config-0000.yml experiment-output/0000/slave-__id__/config/config.yml]" cmd=cp outFile=/dev/null
12:19PM INF OK status=0
12:19PM INF Received command. cmdId=8
12:19PM INF Received command. cmdType=ExecWait
12:19PM INF OK status=0
12:19PM INF Received command. cmdId=10
12:19PM INF Received command. cmdType=Noop
12:19PM INF Noop. Doing nothing. status=0112:19PM INF Received command. cmdId=15
12:19PM INF Received an ExecStart command args="[experiment-output/0000/slave-__id__/config/config.yml 127.0.0.1:9999 experiment-output/0000/slave-__id__/client experiment-output/0000/slave-__id__/prof-client]" cmd=orderingclient outFile=experiment-output/0000/slave-__id__/clients.log
12:19PM INF OK status=0
12:19PM I12:35PM INF Received command. cmdId=20
12:35PM INF Received command. cmdType=ExecSignal
12:35PM INF OK status=0
12:35PM INF Received command. cmdId=25
12:35PM INF Received command. cmdType=Stop
eived an ExecStart command args="[Client failed or timed out]" cmd=echo outFile=experiment-output/0000/slave-__id__/FAILED
12:35PM INF OK status=0
12:35PM INF Received command. cmdId=18
12:35PM INF Received command. cmdType=ExecWait
12:35PM INF OK status=0
12:35PM INF Received command. cmdId=19
12:35PM INF Received command. cmdType=Noop
12:35PM INF Noop. Doing nothing. status=0
12:35PM INF Received command. cmdId=25
12:35PM INF Received command. cmdType=Stop
