{"level":"debug","Logging":"debug","time":"2022-11-01T10:51:50+08:00","message":"Config"}
{"level":"debug","UseTLS":false,"time":"2022-11-01T10:51:50+08:00","message":"Config"}
{"level":"debug","CACertFile":"tls-data/ca.pem","time":"2022-11-01T10:51:50+08:00","message":"Config"}
{"level":"debug","KeyFile":"tls-data/auth.key","time":"2022-11-01T10:51:50+08:00","message":"Config"}
{"level":"debug","CertFile":"tls-data/auth.pem","time":"2022-11-01T10:51:50+08:00","message":"Config"}
{"level":"debug","PriorityConnections":2,"time":"2022-11-01T10:51:50+08:00","message":"Config"}
{"level":"debug","BasicConnections":4,"time":"2022-11-01T10:51:50+08:00","message":"Config"}
{"level":"debug","TestConnections":false,"time":"2022-11-01T10:51:50+08:00","message":"Config"}
{"level":"debug","ExcessConnections":1,"time":"2022-11-01T10:51:50+08:00","message":"Config"}
{"level":"debug","ConnectionTestMsgs":4,"time":"2022-11-01T10:51:50+08:00","message":"Config"}
{"level":"debug","ConnectionTestPayload":131072,"time":"2022-11-01T10:51:50+08:00","message":"Config"}
{"level":"debug","OutMessageBufsize":1024,"time":"2022-11-01T10:51:50+08:00","message":"Config"}
{"level":"debug","OutMessageBufsize":1,"time":"2022-11-01T10:51:50+08:00","message":"Config"}
{"level":"debug","ThroughputCap":131072000,"time":"2022-11-01T10:51:50+08:00","message":"Config"}
{"level":"debug","StragglerTolerance":1000,"time":"2022-11-01T10:51:50+08:00","message":"Config"}
{"level":"debug","BatchSizeIncrement":256,"time":"2022-11-01T10:51:50+08:00","message":"Config"}
{"level":"debug","Orderer":"Pbft","time":"2022-11-01T10:51:50+08:00","message":"Config"}
{"level":"debug","Manager":"Mir","time":"2022-11-01T10:51:50+08:00","message":"Config"}
{"level":"debug","Failures":1,"time":"2022-11-01T10:51:50+08:00","message":"Config"}
{"level":"debug","CrashTiming":"EpochStart","time":"2022-11-01T10:51:50+08:00","message":"Config"}
{"level":"debug","CheckpointInterval":256,"time":"2022-11-01T10:51:50+08:00","message":"Config"}
{"level":"debug","WatermarkWindowSize":256,"time":"2022-11-01T10:51:50+08:00","message":"Config"}
{"level":"debug","EpochLength":256,"time":"2022-11-01T10:51:50+08:00","message":"Config"}
{"level":"debug","SegmentLength":64,"time":"2022-11-01T10:51:50+08:00","message":"Config"}
{"level":"debug","WaitForCheckpoints":true,"time":"2022-11-01T10:51:50+08:00","message":"Config"}
{"level":"debug","ClientWatermarkWindowSize":4194304,"time":"2022-11-01T10:51:50+08:00","message":"Config"}
{"level":"debug","ClientRequestBacklogSize":4194304,"time":"2022-11-01T10:51:50+08:00","message":"Config"}
{"level":"debug","RandomSeed":254,"time":"2022-11-01T10:51:50+08:00","message":"Config"}
{"level":"debug","NodeToLeaderRatio":1,"time":"2022-11-01T10:51:50+08:00","message":"Config"}
{"level":"debug","LeaderPolicy":"SimulatedRandomFailures","time":"2022-11-01T10:51:50+08:00","message":"Config"}
{"level":"debug","DefaultLeaderBan":2,"time":"2022-11-01T10:51:50+08:00","message":"Config"}
{"level":"debug","NumBuckets":64,"time":"2022-11-01T10:51:50+08:00","message":"Config"}
{"level":"debug","BatchSize":1000,"time":"2022-11-01T10:51:50+08:00","message":"Config"}
{"level":"debug","DisabledViewChange":false,"time":"2022-11-01T10:51:50+08:00","message":"Config"}
{"level":"debug","ViewChangeTimeout":60000,"time":"2022-11-01T10:51:50+08:00","message":"Config"}
{"level":"debug","ClientTraceSampling":10,"time":"2022-11-01T10:51:50+08:00","message":"Config"}
{"level":"debug","EventBufferSize":2097152,"time":"2022-11-01T10:51:50+08:00","message":"Config"}
{"level":"debug","TraceSampling":1,"time":"2022-11-01T10:51:50+08:00","message":"Config"}
{"level":"debug","ClientsPerProcess":1,"time":"2022-11-01T10:51:50+08:00","message":"Config"}
{"level":"debug","RequestsPerClient":15360,"time":"2022-11-01T10:51:50+08:00","message":"Config"}
{"level":"debug","ClientRunTime":30000,"time":"2022-11-01T10:51:50+08:00","message":"Config"}
{"level":"debug","RequestRate":256,"time":"2022-11-01T10:51:50+08:00","message":"Config"}
{"level":"debug","HardRequestRateLimit":false,"time":"2022-11-01T10:51:50+08:00","message":"Config"}
{"level":"debug","RequestPayloadSize":500,"time":"2022-11-01T10:51:50+08:00","message":"Config"}
{"level":"debug","SignRequests":true,"time":"2022-11-01T10:51:50+08:00","message":"Config"}
{"level":"debug","ClientPrivKeyFile":"tls-data/client-ecdsa-256.key","time":"2022-11-01T10:51:50+08:00","message":"Config"}
{"level":"debug","ClientPubKeyFile":"tls-data/client-ecdsa-256.pem","time":"2022-11-01T10:51:50+08:00","message":"Config"}
{"level":"debug","PrecomputeRequests":false,"time":"2022-11-01T10:51:50+08:00","message":"Config"}
{"level":"debug","RequestHandlerThreads":32,"time":"2022-11-01T10:51:50+08:00","message":"Config"}
{"level":"debug","RequestInputChannelBuffer":8192,"time":"2022-11-01T10:51:50+08:00","message":"Config"}
{"level":"debug","BatchVerifier":"external","time":"2022-11-01T10:51:50+08:00","message":"Config"}
02:51:50.825 INF Registered with discovery server. numPeers=4 ownID=0
02:51:50.826 INF Profiling enabled.
02:51:50.826 INF Setting up profiling.
02:51:50.826 INF Started Profiler: CPU
02:51:50.826 INF Started Profiler: BLOCK
02:51:50.826 INF Started Profiler: MUTEX
02:51:50.826 INF Profiler will stop on signal. exit=true
02:51:50.828 INF Tracing will stop on signal. exit=false
02:51:50.829 INF Started tracing. traceFile=experiment-output/0000/slave-003/peer.trc
02:51:50.829 DBG Starting backlog.
02:51:50.830 INF Listening for connections. port=10000 useTLS=false
02:51:50.830 INF Connecting to peer. addr=127.0.0.1:10000 basicConns=4 priorityConns=2
02:51:50.830 INF Connecting to peer. addr=127.0.0.1:10011 basicConns=4 priorityConns=2
02:51:50.830 INF Connecting to peer. addr=127.0.0.1:10022 basicConns=4 priorityConns=2
02:51:50.830 INF Connecting to peer. addr=127.0.0.1:10033 basicConns=4 priorityConns=2
02:51:50.859 INF Incoming connection for protocol messages. addr=127.0.0.1:44472
02:51:50.862 INF Incoming connection for protocol messages. addr=127.0.0.1:44458
02:51:50.864 INF Incoming connection for protocol messages. addr=127.0.0.1:44524
02:51:50.865 INF Incoming connection for protocol messages. addr=127.0.0.1:44468
02:51:50.867 INF Incoming connection for protocol messages. addr=127.0.0.1:44520
02:51:50.867 INF Incoming connection for protocol messages. addr=127.0.0.1:44484
02:51:50.868 INF Incoming connection for protocol messages. addr=127.0.0.1:44544
02:51:50.869 INF Incoming connection for protocol messages. addr=127.0.0.1:44476
02:51:50.871 INF Incoming connection for protocol messages. addr=127.0.0.1:44504
02:51:50.871 INF Incoming connection for protocol messages. addr=127.0.0.1:44584
02:51:50.871 INF Incoming connection for protocol messages. addr=127.0.0.1:44552
02:51:50.872 INF Incoming connection for protocol messages. addr=127.0.0.1:44518
02:51:50.872 INF Incoming connection for protocol messages. addr=127.0.0.1:44582
02:51:50.872 INF Incoming connection for protocol messages. addr=127.0.0.1:44546
02:51:50.873 INF Incoming connection for protocol messages. addr=127.0.0.1:44542
02:51:50.880 INF Incoming connection for protocol messages. addr=127.0.0.1:44570
02:51:50.880 INF Incoming connection for protocol messages. addr=127.0.0.1:44560
02:51:50.881 INF Incoming connection for protocol messages. addr=127.0.0.1:44554
02:51:50.882 INF Incoming connection for protocol messages. addr=127.0.0.1:44586
02:51:50.882 INF Incoming connection for protocol messages. addr=127.0.0.1:44588
02:51:50.882 INF Incoming connection for protocol messages. addr=127.0.0.1:44592
02:51:50.883 INF Incoming connection for protocol messages. addr=127.0.0.1:44594
02:51:50.883 INF Incoming connection for protocol messages. addr=127.0.0.1:44598
02:51:50.884 DBG Connected. peerID=3
02:51:50.884 INF Incoming connection for protocol messages. addr=127.0.0.1:44616
02:51:50.884 DBG Connected. peerID=1
02:51:50.884 DBG Connected. peerID=2
02:51:50.884 DBG Connected. peerID=0
02:51:50.884 INF Connected to all peers.
02:51:50.889 INF All peers finished connecting. Starting ISS.
02:51:50.889 DBG Buckets for 0-th leader 0: [0 4 8 12 16 20 24 28 32 36 40 44 48 52 56 60 9 21 33 45 57]
02:51:50.890 DBG Buckets for 1-th leader 2: [2 6 10 14 18 22 26 30 34 38 42 46 50 54 58 62 1 13 25 37 49 61]
02:51:50.890 DBG Buckets for 2-th leader 3: [3 7 11 15 19 23 27 31 35 39 43 47 51 55 59 63 5 17 29 41 53]
02:51:50.890 INF PbftOrderer received a new segment: [0 3 6 9 12 15 18 21 24 27 30 33 36 39 42 45 48 51 54 57 60 63 66 69 72 75 78 81 84 87 90 93 96 99 102 105 108 111 114 117 120 123 126 129 132 135 138 141 144 147 150 153 156 159 162 165 168 171 174 177 180 183 186 189] first leader=0 firstSN=0 lastSN=189 len=64 length=64 segId=0
02:51:50.890 INF Starting new view. segID=0 timeout=60000 view=0
02:51:50.890 DBG Starting timer. sn=0 view=0
02:51:50.891 INF Starting PBFT instance. first=0 last=189 segID=0
02:51:50.891 DBG Subscribing to backlog. segID=0
02:51:50.891 DBG Leading segment. segID=0
02:51:50.891 INF Starting serialized message processing. segID=0
02:51:50.891 DBG Waiting for batch. batchSize=4096
02:51:50.891 INF PbftOrderer received a new segment: [1 4 7 10 13 16 19 22 25 28 31 34 37 40 43 46 49 52 55 58 61 64 67 70 73 76 79 82 85 88 91 94 97 100 103 106 109 112 115 118 121 124 127 130 133 136 139 142 145 148 151 154 157 160 163 166 169 172 175 178 181 184 187 190] first leader=2 firstSN=1 lastSN=190 len=64 length=64 segId=1
02:51:50.891 INF Starting new view. segID=1 timeout=60000 view=0
02:51:50.892 DBG Starting timer. sn=1 view=0
02:51:50.892 INF Starting PBFT instance. first=1 last=190 segID=1
02:51:50.892 DBG Subscribing to backlog. segID=1
02:51:50.892 INF Starting serialized message processing. segID=1
02:51:50.892 INF PbftOrderer received a new segment: [2 5 8 11 14 17 20 23 26 29 32 35 38 41 44 47 50 53 56 59 62 65 68 71 74 77 80 83 86 89 92 95 98 101 104 107 110 113 116 119 122 125 128 131 134 137 140 143 146 149 152 155 158 161 164 167 170 173 176 179 182 185 188 191] first leader=3 firstSN=2 lastSN=191 len=64 length=64 segId=2
02:51:50.892 INF Starting new view. segID=2 timeout=60000 view=0
02:51:50.893 DBG Starting timer. sn=2 view=0
02:51:50.893 INF Starting PBFT instance. first=2 last=191 segID=2
02:51:50.893 DBG Subscribing to backlog. segID=2
02:51:50.893 INF Starting serialized message processing. segID=2
02:51:50.918 INF Connection terminated. error="rpc error: code = Canceled desc = context canceled" address=127.0.0.1:44594
02:51:50.918 INF Connection terminated. error="rpc error: code = Canceled desc = context canceled" address=127.0.0.1:44582
02:51:50.918 INF Connection terminated. error="rpc error: code = Canceled desc = context canceled" address=127.0.0.1:44544
02:51:50.918 INF Connection terminated. error="rpc error: code = Canceled desc = context canceled" address=127.0.0.1:44586
02:51:50.918 INF Connection terminated. error="rpc error: code = Canceled desc = context canceled" address=127.0.0.1:44520
02:51:50.918 INF Connection terminated. error="rpc error: code = Canceled desc = context canceled" address=127.0.0.1:44476
02:51:51.892 DBG Batch ready. batchSize=4096
02:51:51.892 DBG Batch cut. left=0 nBuckets=21 nReq=0 next=0
02:51:51.892 INF Sending PREPREPARE. nReq=0 senderID=0 sn=0 view=0
02:51:51.892 DBG Waiting for batch. batchSize=4096
02:51:51.895 ERR Failed to send protocol message. Dropping all future outgoing protocol messages. error=EOF
02:51:51.897 INF Handling PREPREPARE. nReq=0 senderID=2 sn=1
02:51:51.897 DBG Creating new Batch. nReq=0
02:51:51.897 INF Handling PREPREPARE. nReq=0 senderID=3 sn=2
02:51:51.897 DBG Sending PREPARE. senderID=0 sn=1 view=0
02:51:51.897 DBG Creating new Batch. nReq=0
02:51:51.897 DBG func sendPrepare prepare Tn. sn=1 tn=1
02:51:51.898 DBG Sending PREPARE. senderID=0 sn=2 view=0
02:51:51.898 DBG func sendPrepare prepare Tn. sn=2 tn=1
02:51:51.898 DBG Sending COMMIT. senderID=0 sn=1 view=0
02:51:51.898 DBG func sendCommit commit Tn. sn=1 tn=1
02:51:51.899 DBG Sending Htn. senderID=0 sn=1 view=0
02:51:51.899 DBG Sending COMMIT. senderID=0 sn=2 view=0
02:51:51.899 DBG func sendCommit commit Tn. sn=2 tn=1
02:51:51.899 DBG Sending Htn. senderID=0 sn=2 view=0
02:51:51.899 DBG func handleCommit commit Tn. tn=1
02:51:51.900 DBG Sending COMMIT. senderID=0 sn=0 view=0
02:51:51.900 DBG func sendCommit commit Tn. sn=0 tn=1
02:51:51.900 DBG func handleCommit commit Tn. tn=1
02:51:51.900 DBG Sending Htn. senderID=0 sn=0 view=0
02:51:51.900 INF Committed entry. latency=0 nReq=0 sn=1
02:51:51.900 DBG func handleCommit commit Tn. tn=1
02:51:51.900 DBG Starting timer. sn=4 view=0
02:51:51.901 DBG func handleHtnmsg htn. htn=1 localhtn=1 prelocalhtn=1
02:51:51.901 DBG func handleCommit commit Tn. tn=1
02:51:51.901 DBG func handleCommit commit Tn. tn=1
02:51:51.901 DBG func handleHtnmsg htn. htn=1 localhtn=1 prelocalhtn=1
02:51:51.901 DBG func handleHtnmsg htn. htn=1 localhtn=1 prelocalhtn=1
02:51:51.901 INF Committed entry. latency=0 nReq=0 sn=0
02:51:51.901 DBG func handleCommit commit Tn. tn=1
02:51:51.901 INF Delivered batch. nReq=0 sn=0
02:51:51.901 INF Committed entry. latency=0 nReq=0 sn=2
02:51:51.901 INF Delivered batch. nReq=0 sn=1
02:51:51.901 INF Delivered batch. nReq=0 sn=2
02:51:51.902 DBG Starting timer. sn=3 view=0
02:51:51.902 DBG Starting timer. sn=5 view=0
02:51:51.902 DBG func handleHtnmsg htn. htn=1 localhtn=1 prelocalhtn=1
02:51:51.902 DBG func handleHtnmsg htn. htn=1 localhtn=1 prelocalhtn=1
02:51:51.902 DBG func handleHtnmsg htn. htn=1 localhtn=1 prelocalhtn=1
02:51:52.893 DBG Batch ready. batchSize=4096
02:51:52.894 DBG Batch cut. left=0 nBuckets=21 nReq=0 next=0
02:51:52.894 DBG Waiting for batch. batchSize=4096
02:51:52.894 INF Sending PREPREPARE. nReq=0 senderID=0 sn=3 view=0
02:51:52.896 INF Handling PREPREPARE. nReq=0 senderID=2 sn=4
02:51:52.896 DBG Creating new Batch. nReq=0
02:51:52.896 INF Handling PREPREPARE. nReq=0 senderID=3 sn=5
02:51:52.896 DBG Creating new Batch. nReq=0
02:51:52.896 DBG Sending PREPARE. senderID=0 sn=4 view=0
02:51:52.896 DBG func sendPrepare prepare Tn. sn=4 tn=2
02:51:52.896 DBG Sending PREPARE. senderID=0 sn=5 view=0
02:51:52.896 DBG func sendPrepare prepare Tn. sn=5 tn=2
02:51:52.897 DBG Sending COMMIT. senderID=0 sn=5 view=0
02:51:52.897 DBG func sendCommit commit Tn. sn=5 tn=2
02:51:52.897 DBG Sending Htn. senderID=0 sn=5 view=0
02:51:52.897 DBG Sending COMMIT. senderID=0 sn=4 view=0
02:51:52.897 DBG Sending COMMIT. senderID=0 sn=3 view=0
02:51:52.897 DBG func sendCommit commit Tn. sn=4 tn=2
02:51:52.897 DBG func sendCommit commit Tn. sn=3 tn=2
02:51:52.898 DBG Sending Htn. senderID=0 sn=4 view=0
02:51:52.898 DBG Sending Htn. senderID=0 sn=3 view=0
02:51:52.898 DBG func handleCommit commit Tn. tn=2
02:51:52.899 DBG func handleCommit commit Tn. tn=2
02:51:52.899 DBG func handleCommit commit Tn. tn=2
02:51:52.899 DBG func handleCommit commit Tn. tn=2
02:51:52.899 DBG func handleHtnmsg htn. htn=2 localhtn=2 prelocalhtn=2
02:51:52.899 DBG func handleHtnmsg htn. htn=2 localhtn=2 prelocalhtn=2
02:51:52.899 INF Committed entry. latency=0 nReq=0 sn=5
02:51:52.899 DBG func handleCommit commit Tn. tn=2
02:51:52.899 DBG func handleCommit commit Tn. tn=2
02:51:52.899 DBG Starting timer. sn=8 view=0
02:51:52.899 INF Committed entry. latency=0 nReq=0 sn=4
02:51:52.899 DBG func handleHtnmsg htn. htn=2 localhtn=2 prelocalhtn=2
02:51:52.899 INF Committed entry. latency=0 nReq=0 sn=3
02:51:52.899 INF Delivered batch. nReq=0 sn=3
02:51:52.900 DBG func handleHtnmsg htn. htn=2 localhtn=2 prelocalhtn=2
02:51:52.900 INF Delivered batch. nReq=0 sn=4
02:51:52.900 INF Delivered batch. nReq=0 sn=5
02:51:52.900 DBG Starting timer. sn=7 view=0
02:51:52.900 DBG func handleHtnmsg htn. htn=2 localhtn=2 prelocalhtn=2
02:51:52.900 DBG Starting timer. sn=6 view=0
02:51:52.900 DBG func handleHtnmsg htn. htn=2 localhtn=2 prelocalhtn=2
02:51:52.923 INF Incoming connection for requests. addr=127.0.0.1:44658
02:51:53.895 DBG Batch ready. batchSize=4096
02:51:53.895 DBG Batch cut. left=0 nBuckets=21 nReq=81 next=0
02:51:53.895 DBG Waiting for batch. batchSize=4096
02:51:53.903 INF Sending PREPREPARE. nReq=81 senderID=0 sn=6 view=0
02:51:53.910 INF Handling PREPREPARE. nReq=81 senderID=3 sn=8
02:51:53.910 DBG Creating new Batch. nReq=81
02:51:53.919 DBG Sending PREPARE. senderID=0 sn=8 view=0
02:51:53.920 DBG func sendPrepare prepare Tn. sn=8 tn=3
02:51:53.921 INF Handling PREPREPARE. nReq=84 senderID=2 sn=7
02:51:53.921 DBG Creating new Batch. nReq=84
02:51:53.922 DBG Sending COMMIT. senderID=0 sn=8 view=0
02:51:53.923 DBG func sendCommit commit Tn. sn=8 tn=3
02:51:53.923 DBG Sending Htn. senderID=0 sn=8 view=0
02:51:53.923 DBG func handleCommit commit Tn. tn=3
02:51:53.923 DBG func handleHtnmsg htn. htn=3 localhtn=3 prelocalhtn=3
02:51:53.924 DBG Sending COMMIT. senderID=0 sn=6 view=0
02:51:53.924 DBG func sendCommit commit Tn. sn=6 tn=3
02:51:53.924 DBG Sending Htn. senderID=0 sn=6 view=0
02:51:53.924 DBG func handleCommit commit Tn. tn=3
02:51:53.925 DBG func handleHtnmsg htn. htn=3 localhtn=3 prelocalhtn=3
02:51:53.925 DBG func handleCommit commit Tn. tn=3
02:51:53.925 INF Committed entry. latency=0 nReq=81 sn=8
02:51:53.925 DBG Starting timer. sn=11 view=0
02:51:53.926 DBG func handleCommit commit Tn. tn=3
02:51:53.926 DBG func handleHtnmsg htn. htn=3 localhtn=3 prelocalhtn=3
02:51:53.926 INF Committed entry. latency=0 nReq=81 sn=6
02:51:53.926 INF Delivered batch. nReq=81 sn=6
02:51:53.926 DBG Starting timer. sn=9 view=0
02:51:53.926 DBG func handleHtnmsg htn. htn=3 localhtn=3 prelocalhtn=3
02:51:53.930 DBG Sending PREPARE. senderID=0 sn=7 view=0
02:51:53.930 DBG func sendPrepare prepare Tn. sn=7 tn=3
02:51:53.930 DBG Sending COMMIT. senderID=0 sn=7 view=0
02:51:53.930 DBG func sendCommit commit Tn. sn=7 tn=3
02:51:53.931 DBG Sending Htn. senderID=0 sn=7 view=0
02:51:53.932 DBG func handleCommit commit Tn. tn=3
02:51:53.933 DBG func handleHtnmsg htn. htn=3 localhtn=3 prelocalhtn=3
02:51:53.933 DBG func handleCommit commit Tn. tn=3
02:51:53.933 INF Committed entry. latency=0 nReq=84 sn=7
02:51:53.933 INF Delivered batch. nReq=84 sn=7
02:51:53.934 INF Delivered batch. nReq=81 sn=8
02:51:53.934 DBG Starting timer. sn=10 view=0
02:51:53.934 DBG func handleHtnmsg htn. htn=3 localhtn=3 prelocalhtn=3
02:51:54.897 DBG Batch ready. batchSize=4096
02:51:54.897 DBG Batch cut. left=0 nBuckets=21 nReq=84 next=0
02:51:54.897 DBG Waiting for batch. batchSize=4096
02:51:54.899 INF Sending PREPREPARE. nReq=84 senderID=0 sn=9 view=0
02:51:54.908 INF Handling PREPREPARE. nReq=84 senderID=3 sn=11
02:51:54.908 DBG Creating new Batch. nReq=84
02:51:54.911 INF Handling PREPREPARE. nReq=89 senderID=2 sn=10
02:51:54.911 DBG Creating new Batch. nReq=89
02:51:54.919 DBG Sending PREPARE. senderID=0 sn=11 view=0
02:51:54.920 DBG func sendPrepare prepare Tn. sn=11 tn=4
02:51:54.921 DBG Sending COMMIT. senderID=0 sn=9 view=0
02:51:54.921 DBG Sending COMMIT. senderID=0 sn=11 view=0
02:51:54.921 DBG func sendCommit commit Tn. sn=9 tn=4
02:51:54.921 DBG func sendCommit commit Tn. sn=11 tn=4
02:51:54.922 DBG Sending Htn. senderID=0 sn=9 view=0
02:51:54.922 DBG Sending Htn. senderID=0 sn=11 view=0
02:51:54.922 DBG Sending PREPARE. senderID=0 sn=10 view=0
02:51:54.922 DBG func sendPrepare prepare Tn. sn=10 tn=4
02:51:54.922 DBG Sending COMMIT. senderID=0 sn=10 view=0
02:51:54.922 DBG func sendCommit commit Tn. sn=10 tn=4
02:51:54.922 DBG Sending Htn. senderID=0 sn=10 view=0
02:51:54.922 DBG func handleCommit commit Tn. tn=4
02:51:54.923 DBG func handleCommit commit Tn. tn=4
02:51:54.923 DBG func handleHtnmsg htn. htn=4 localhtn=4 prelocalhtn=4
02:51:54.923 DBG func handleHtnmsg htn. htn=4 localhtn=4 prelocalhtn=4
02:51:54.923 DBG func handleCommit commit Tn. tn=4
02:51:54.923 DBG func handleCommit commit Tn. tn=4
02:51:54.924 INF Committed entry. latency=0 nReq=84 sn=9
02:51:54.924 INF Committed entry. latency=0 nReq=84 sn=11
02:51:54.924 INF Delivered batch. nReq=84 sn=9
02:51:54.924 DBG Starting timer. sn=12 view=0
02:51:54.924 DBG func handleHtnmsg htn. htn=4 localhtn=4 prelocalhtn=4
02:51:54.924 DBG Starting timer. sn=14 view=0
02:51:54.924 DBG func handleHtnmsg htn. htn=4 localhtn=4 prelocalhtn=4
02:51:54.925 DBG func handleCommit commit Tn. tn=4
02:51:54.925 DBG func handleHtnmsg htn. htn=4 localhtn=4 prelocalhtn=4
02:51:54.925 DBG func handleCommit commit Tn. tn=4
02:51:54.926 INF Committed entry. latency=0 nReq=89 sn=10
02:51:54.926 INF Delivered batch. nReq=89 sn=10
02:51:54.926 INF Delivered batch. nReq=84 sn=11
02:51:54.926 DBG Starting timer. sn=13 view=0
02:51:54.927 DBG func handleHtnmsg htn. htn=4 localhtn=4 prelocalhtn=4
02:51:55.899 DBG Batch ready. batchSize=4096
02:51:55.899 DBG Batch cut. left=0 nBuckets=21 nReq=84 next=0
02:51:55.900 DBG Waiting for batch. batchSize=4096
02:51:55.902 INF Sending PREPREPARE. nReq=84 senderID=0 sn=12 view=0
02:51:55.909 INF Handling PREPREPARE. nReq=84 senderID=3 sn=14
02:51:55.909 DBG Creating new Batch. nReq=84
02:51:55.910 INF Handling PREPREPARE. nReq=88 senderID=2 sn=13
02:51:55.910 DBG Creating new Batch. nReq=88
02:51:55.920 DBG Sending PREPARE. senderID=0 sn=14 view=0
02:51:55.920 DBG func sendPrepare prepare Tn. sn=14 tn=5
02:51:55.921 DBG Sending PREPARE. senderID=0 sn=13 view=0
02:51:55.921 DBG func sendPrepare prepare Tn. sn=13 tn=5
02:51:55.922 DBG Sending COMMIT. senderID=0 sn=14 view=0
02:51:55.922 DBG func sendCommit commit Tn. sn=14 tn=5
02:51:55.922 DBG Sending Htn. senderID=0 sn=14 view=0
02:51:55.922 DBG Sending COMMIT. senderID=0 sn=12 view=0
02:51:55.922 DBG Sending COMMIT. senderID=0 sn=13 view=0
02:51:55.922 DBG func sendCommit commit Tn. sn=12 tn=5
02:51:55.922 DBG func sendCommit commit Tn. sn=13 tn=5
02:51:55.922 DBG Sending Htn. senderID=0 sn=12 view=0
02:51:55.923 DBG Sending Htn. senderID=0 sn=13 view=0
02:51:55.923 DBG func handleCommit commit Tn. tn=5
02:51:55.923 DBG func handleCommit commit Tn. tn=5
02:51:55.923 DBG func handleHtnmsg htn. htn=5 localhtn=5 prelocalhtn=5
02:51:55.924 DBG func handleCommit commit Tn. tn=5
02:51:55.924 DBG func handleCommit commit Tn. tn=5
02:51:55.924 DBG func handleCommit commit Tn. tn=5
02:51:55.924 DBG func handleHtnmsg htn. htn=5 localhtn=5 prelocalhtn=5
02:51:55.924 INF Committed entry. latency=0 nReq=84 sn=14
02:51:55.924 INF Delivered batch. nReq=84 sn=12
02:51:55.924 DBG func handleCommit commit Tn. tn=5
02:51:55.924 INF Committed entry. latency=0 nReq=84 sn=12
02:51:55.924 DBG Starting timer. sn=17 view=0
02:51:55.924 DBG Starting timer. sn=15 view=0
02:51:55.924 DBG func handleHtnmsg htn. htn=5 localhtn=5 prelocalhtn=5
02:51:55.924 DBG func handleHtnmsg htn. htn=5 localhtn=5 prelocalhtn=5
02:51:55.925 DBG func handleHtnmsg htn. htn=5 localhtn=5 prelocalhtn=5
02:51:55.924 INF Committed entry. latency=0 nReq=88 sn=13
02:51:55.925 INF Delivered batch. nReq=88 sn=13
02:51:55.925 INF Delivered batch. nReq=84 sn=14
02:51:55.925 DBG Starting timer. sn=16 view=0
02:51:55.925 DBG func handleHtnmsg htn. htn=5 localhtn=5 prelocalhtn=5
02:51:56.901 DBG Batch ready. batchSize=4096
02:51:56.901 DBG Batch cut. left=0 nBuckets=21 nReq=84 next=0
02:51:56.902 DBG Waiting for batch. batchSize=4096
02:51:56.904 INF Sending PREPREPARE. nReq=84 senderID=0 sn=15 view=0
02:51:56.910 INF Handling PREPREPARE. nReq=84 senderID=3 sn=17
02:51:56.910 DBG Creating new Batch. nReq=84
02:51:56.912 INF Handling PREPREPARE. nReq=88 senderID=2 sn=16
02:51:56.913 DBG Creating new Batch. nReq=88
02:51:56.918 DBG Sending PREPARE. senderID=0 sn=17 view=0
02:51:56.918 DBG func sendPrepare prepare Tn. sn=17 tn=6
02:51:56.921 DBG Sending COMMIT. senderID=0 sn=17 view=0
02:51:56.921 DBG func sendCommit commit Tn. sn=17 tn=6
02:51:56.922 DBG Sending Htn. senderID=0 sn=17 view=0
02:51:56.922 DBG func handleCommit commit Tn. tn=6
02:51:56.922 DBG func handleHtnmsg htn. htn=6 localhtn=6 prelocalhtn=6
02:51:56.922 DBG Sending PREPARE. senderID=0 sn=16 view=0
02:51:56.923 DBG func handleCommit commit Tn. tn=6
02:51:56.923 DBG func sendPrepare prepare Tn. sn=16 tn=6
02:51:56.923 INF Committed entry. latency=0 nReq=84 sn=17
02:51:56.923 DBG Starting timer. sn=20 view=0
02:51:56.923 DBG func handleHtnmsg htn. htn=6 localhtn=6 prelocalhtn=6
02:51:56.925 DBG Sending COMMIT. senderID=0 sn=15 view=0
02:51:56.925 DBG func sendCommit commit Tn. sn=15 tn=6
02:51:56.925 DBG Sending Htn. senderID=0 sn=15 view=0
02:51:56.926 DBG func handleCommit commit Tn. tn=6
02:51:56.926 DBG func handleHtnmsg htn. htn=6 localhtn=6 prelocalhtn=6
02:51:56.926 DBG func handleCommit commit Tn. tn=6
02:51:56.926 DBG Sending COMMIT. senderID=0 sn=16 view=0
02:51:56.927 DBG func sendCommit commit Tn. sn=16 tn=6
02:51:56.927 DBG Sending Htn. senderID=0 sn=16 view=0
02:51:56.927 INF Committed entry. latency=0 nReq=84 sn=15
02:51:56.927 DBG func handleCommit commit Tn. tn=6
02:51:56.927 INF Delivered batch. nReq=84 sn=15
02:51:56.927 DBG func handleHtnmsg htn. htn=6 localhtn=6 prelocalhtn=6
02:51:56.927 DBG Starting timer. sn=18 view=0
02:51:56.927 DBG func handleCommit commit Tn. tn=6
02:51:56.927 DBG func handleHtnmsg htn. htn=6 localhtn=6 prelocalhtn=6
02:51:56.928 INF Committed entry. latency=0 nReq=88 sn=16
02:51:56.928 INF Delivered batch. nReq=88 sn=16
02:51:56.928 INF Delivered batch. nReq=84 sn=17
02:51:56.928 DBG Starting timer. sn=19 view=0
02:51:56.929 DBG func handleHtnmsg htn. htn=6 localhtn=6 prelocalhtn=6
02:51:57.904 DBG Batch ready. batchSize=4096
02:51:57.904 DBG Batch cut. left=0 nBuckets=21 nReq=84 next=0
02:51:57.905 DBG Waiting for batch. batchSize=4096
02:51:57.907 INF Sending PREPREPARE. nReq=84 senderID=0 sn=18 view=0
02:51:57.914 INF Handling PREPREPARE. nReq=85 senderID=3 sn=20
02:51:57.914 DBG Creating new Batch. nReq=85
02:51:57.914 INF Handling PREPREPARE. nReq=88 senderID=2 sn=19
02:51:57.914 DBG Creating new Batch. nReq=88
02:51:57.926 DBG Sending PREPARE. senderID=0 sn=20 view=0
02:51:57.926 DBG Sending PREPARE. senderID=0 sn=19 view=0
02:51:57.926 DBG func sendPrepare prepare Tn. sn=20 tn=7
02:51:57.926 DBG func sendPrepare prepare Tn. sn=19 tn=7
02:51:57.926 DBG Sending COMMIT. senderID=0 sn=20 view=0
02:51:57.926 DBG func sendCommit commit Tn. sn=20 tn=7
02:51:57.926 DBG Sending Htn. senderID=0 sn=20 view=0
02:51:57.926 DBG Sending COMMIT. senderID=0 sn=18 view=0
02:51:57.927 DBG func sendCommit commit Tn. sn=18 tn=7
02:51:57.927 DBG Sending Htn. senderID=0 sn=18 view=0
02:51:57.927 DBG func handleCommit commit Tn. tn=7
02:51:57.927 DBG Sending COMMIT. senderID=0 sn=19 view=0
02:51:57.927 DBG func handleHtnmsg htn. htn=7 localhtn=7 prelocalhtn=7
02:51:57.928 DBG func sendCommit commit Tn. sn=19 tn=7
02:51:57.928 DBG func handleCommit commit Tn. tn=7
02:51:57.928 DBG func handleCommit commit Tn. tn=7
02:51:57.928 DBG Sending Htn. senderID=0 sn=19 view=0
02:51:57.928 INF Committed entry. latency=0 nReq=84 sn=18
02:51:57.928 INF Delivered batch. nReq=84 sn=18
02:51:57.928 DBG Starting timer. sn=21 view=0
02:51:57.929 DBG func handleHtnmsg htn. htn=7 localhtn=7 prelocalhtn=7
02:51:57.929 DBG func handleCommit commit Tn. tn=7
02:51:57.929 DBG func handleHtnmsg htn. htn=7 localhtn=7 prelocalhtn=7
02:51:57.929 DBG func handleCommit commit Tn. tn=7
02:51:57.929 DBG func handleHtnmsg htn. htn=7 localhtn=7 prelocalhtn=7
02:51:57.930 DBG func handleCommit commit Tn. tn=7
02:51:57.930 INF Committed entry. latency=0 nReq=85 sn=20
02:51:57.930 DBG Starting timer. sn=23 view=0
02:51:57.930 DBG func handleHtnmsg htn. htn=7 localhtn=7 prelocalhtn=7
02:51:57.930 INF Committed entry. latency=0 nReq=88 sn=19
02:51:57.930 INF Delivered batch. nReq=88 sn=19
02:51:57.930 INF Delivered batch. nReq=85 sn=20
02:51:57.931 DBG Starting timer. sn=22 view=0
02:51:57.931 DBG func handleHtnmsg htn. htn=7 localhtn=7 prelocalhtn=7
02:51:58.905 DBG Batch ready. batchSize=4096
02:51:58.905 DBG Batch cut. left=0 nBuckets=21 nReq=85 next=0
02:51:58.906 DBG Waiting for batch. batchSize=4096
02:51:58.908 INF Sending PREPREPARE. nReq=85 senderID=0 sn=21 view=0
02:51:58.914 INF Handling PREPREPARE. nReq=84 senderID=3 sn=23
02:51:58.914 DBG Creating new Batch. nReq=84
02:51:58.915 INF Handling PREPREPARE. nReq=88 senderID=2 sn=22
02:51:58.915 DBG Creating new Batch. nReq=88
02:51:58.926 DBG Sending PREPARE. senderID=0 sn=23 view=0
02:51:58.926 DBG func sendPrepare prepare Tn. sn=23 tn=8
02:51:58.926 DBG Sending COMMIT. senderID=0 sn=23 view=0
02:51:58.926 DBG func sendCommit commit Tn. sn=23 tn=8
02:51:58.926 DBG Sending Htn. senderID=0 sn=23 view=0
02:51:58.926 DBG Sending PREPARE. senderID=0 sn=22 view=0
02:51:58.927 DBG func sendPrepare prepare Tn. sn=22 tn=8
02:51:58.928 DBG func handleCommit commit Tn. tn=8
02:51:58.928 DBG func handleHtnmsg htn. htn=8 localhtn=8 prelocalhtn=8
02:51:58.929 DBG Sending COMMIT. senderID=0 sn=22 view=0
02:51:58.929 DBG Sending COMMIT. senderID=0 sn=21 view=0
02:51:58.929 DBG func sendCommit commit Tn. sn=22 tn=8
02:51:58.929 DBG func sendCommit commit Tn. sn=21 tn=8
02:51:58.929 DBG func handleCommit commit Tn. tn=8
02:51:58.929 DBG Sending Htn. senderID=0 sn=22 view=0
02:51:58.929 DBG Sending Htn. senderID=0 sn=21 view=0
02:51:58.929 INF Committed entry. latency=0 nReq=84 sn=23
02:51:58.929 DBG Starting timer. sn=26 view=0
02:51:58.930 DBG func handleHtnmsg htn. htn=8 localhtn=8 prelocalhtn=8
02:51:58.930 DBG func handleCommit commit Tn. tn=8
02:51:58.930 DBG func handleCommit commit Tn. tn=8
02:51:58.930 DBG func handleHtnmsg htn. htn=8 localhtn=8 prelocalhtn=8
02:51:58.930 DBG func handleHtnmsg htn. htn=8 localhtn=8 prelocalhtn=8
02:51:58.931 DBG func handleCommit commit Tn. tn=8
02:51:58.931 DBG func handleCommit commit Tn. tn=8
02:51:58.931 INF Committed entry. latency=0 nReq=85 sn=21
02:51:58.931 INF Committed entry. latency=0 nReq=88 sn=22
02:51:58.931 INF Delivered batch. nReq=85 sn=21
02:51:58.931 INF Delivered batch. nReq=88 sn=22
02:51:58.931 INF Delivered batch. nReq=84 sn=23
02:51:58.931 DBG Starting timer. sn=24 view=0
02:51:58.932 DBG Starting timer. sn=25 view=0
02:51:58.932 DBG func handleHtnmsg htn. htn=8 localhtn=8 prelocalhtn=8
02:51:58.932 DBG func handleHtnmsg htn. htn=8 localhtn=8 prelocalhtn=8
02:51:59.908 DBG Batch ready. batchSize=4096
02:51:59.909 DBG Batch cut. left=0 nBuckets=21 nReq=84 next=0
02:51:59.909 DBG Waiting for batch. batchSize=4096
02:51:59.910 INF Sending PREPREPARE. nReq=84 senderID=0 sn=24 view=0
02:51:59.915 INF Handling PREPREPARE. nReq=84 senderID=3 sn=26
02:51:59.915 DBG Creating new Batch. nReq=84
02:51:59.917 INF Handling PREPREPARE. nReq=88 senderID=2 sn=25
02:51:59.917 DBG Creating new Batch. nReq=88
02:51:59.924 DBG Sending PREPARE. senderID=0 sn=26 view=0
02:51:59.925 DBG func sendPrepare prepare Tn. sn=26 tn=9
02:51:59.925 DBG Sending COMMIT. senderID=0 sn=26 view=0
02:51:59.925 DBG func sendCommit commit Tn. sn=26 tn=9
02:51:59.926 DBG Sending Htn. senderID=0 sn=26 view=0
02:51:59.927 DBG Sending PREPARE. senderID=0 sn=25 view=0
02:51:59.927 DBG func handleCommit commit Tn. tn=9
02:51:59.927 DBG func sendPrepare prepare Tn. sn=25 tn=9
02:51:59.928 DBG func handleHtnmsg htn. htn=9 localhtn=9 prelocalhtn=9
02:51:59.928 DBG func handleCommit commit Tn. tn=9
02:51:59.928 INF Committed entry. latency=0 nReq=84 sn=26
02:51:59.928 DBG Starting timer. sn=29 view=0
02:51:59.929 DBG func handleHtnmsg htn. htn=9 localhtn=9 prelocalhtn=9
02:51:59.930 DBG Sending COMMIT. senderID=0 sn=25 view=0
02:51:59.930 DBG func sendCommit commit Tn. sn=25 tn=9
02:51:59.930 DBG Sending Htn. senderID=0 sn=25 view=0
02:51:59.930 DBG func handleCommit commit Tn. tn=9
02:51:59.931 DBG func handleCommit commit Tn. tn=9
02:51:59.932 DBG Sending COMMIT. senderID=0 sn=24 view=0
02:51:59.932 INF Committed entry. latency=0 nReq=88 sn=25
02:51:59.932 DBG func sendCommit commit Tn. sn=24 tn=9
02:51:59.932 DBG Starting timer. sn=28 view=0
02:51:59.932 DBG Sending Htn. senderID=0 sn=24 view=0
02:51:59.932 DBG func handleHtnmsg htn. htn=9 localhtn=9 prelocalhtn=9
02:51:59.932 DBG func handleHtnmsg htn. htn=9 localhtn=9 prelocalhtn=9
02:51:59.933 DBG func handleCommit commit Tn. tn=9
02:51:59.933 DBG func handleHtnmsg htn. htn=9 localhtn=9 prelocalhtn=9
02:51:59.934 DBG func handleCommit commit Tn. tn=9
02:51:59.934 INF Committed entry. latency=0 nReq=84 sn=24
02:51:59.935 INF Delivered batch. nReq=84 sn=24
02:51:59.935 INF Delivered batch. nReq=88 sn=25
02:51:59.935 INF Delivered batch. nReq=84 sn=26
02:51:59.935 DBG Starting timer. sn=27 view=0
02:51:59.935 DBG func handleHtnmsg htn. htn=9 localhtn=9 prelocalhtn=9
02:52:00.910 DBG Batch ready. batchSize=4096
02:52:00.910 DBG Batch cut. left=0 nBuckets=21 nReq=85 next=0
02:52:00.911 DBG Waiting for batch. batchSize=4096
02:52:00.912 INF Sending PREPREPARE. nReq=85 senderID=0 sn=27 view=0
02:52:00.915 INF Handling PREPREPARE. nReq=84 senderID=3 sn=29
02:52:00.916 DBG Creating new Batch. nReq=84
02:52:00.919 INF Handling PREPREPARE. nReq=88 senderID=2 sn=28
02:52:00.919 DBG Creating new Batch. nReq=88
02:52:00.926 DBG Sending PREPARE. senderID=0 sn=29 view=0
02:52:00.926 DBG func sendPrepare prepare Tn. sn=29 tn=10
02:52:00.926 DBG Sending COMMIT. senderID=0 sn=29 view=0
02:52:00.927 DBG func sendCommit commit Tn. sn=29 tn=10
02:52:00.927 DBG Sending Htn. senderID=0 sn=29 view=0
02:52:00.928 DBG func handleCommit commit Tn. tn=10
02:52:00.929 DBG func handleHtnmsg htn. htn=10 localhtn=10 prelocalhtn=10
02:52:00.929 DBG func handleCommit commit Tn. tn=10
02:52:00.929 DBG Sending PREPARE. senderID=0 sn=28 view=0
02:52:00.929 DBG func sendPrepare prepare Tn. sn=28 tn=10
02:52:00.929 INF Committed entry. latency=0 nReq=84 sn=29
02:52:00.930 DBG Starting timer. sn=32 view=0
02:52:00.930 DBG func handleHtnmsg htn. htn=10 localhtn=10 prelocalhtn=10
02:52:00.933 DBG Sending COMMIT. senderID=0 sn=27 view=0
02:52:00.933 DBG Sending COMMIT. senderID=0 sn=28 view=0
02:52:00.933 DBG func sendCommit commit Tn. sn=27 tn=10
02:52:00.933 DBG func sendCommit commit Tn. sn=28 tn=10
02:52:00.933 DBG Sending Htn. senderID=0 sn=27 view=0
02:52:00.933 DBG Sending Htn. senderID=0 sn=28 view=0
02:52:00.933 DBG func handleCommit commit Tn. tn=10
02:52:00.933 DBG func handleCommit commit Tn. tn=10
02:52:00.933 DBG func handleHtnmsg htn. htn=10 localhtn=10 prelocalhtn=10
02:52:00.934 DBG func handleHtnmsg htn. htn=10 localhtn=10 prelocalhtn=10
02:52:00.934 DBG func handleCommit commit Tn. tn=10
02:52:00.934 DBG func handleCommit commit Tn. tn=10
02:52:00.935 INF Committed entry. latency=0 nReq=88 sn=28
02:52:00.935 DBG Starting timer. sn=31 view=0
02:52:00.935 INF Committed entry. latency=0 nReq=85 sn=27
02:52:00.935 DBG func handleHtnmsg htn. htn=10 localhtn=10 prelocalhtn=10
02:52:00.935 INF Delivered batch. nReq=85 sn=27
02:52:00.935 INF Delivered batch. nReq=88 sn=28
02:52:00.936 INF Delivered batch. nReq=84 sn=29
02:52:00.936 DBG Starting timer. sn=30 view=0
02:52:00.936 DBG func handleHtnmsg htn. htn=10 localhtn=10 prelocalhtn=10
02:52:01.912 DBG Batch ready. batchSize=4096
02:52:01.913 DBG Batch cut. left=0 nBuckets=21 nReq=84 next=0
02:52:01.913 DBG Waiting for batch. batchSize=4096
02:52:01.915 INF Sending PREPREPARE. nReq=84 senderID=0 sn=30 view=0
02:52:01.916 INF Handling PREPREPARE. nReq=84 senderID=3 sn=32
02:52:01.916 DBG Creating new Batch. nReq=84
02:52:01.920 INF Handling PREPREPARE. nReq=88 senderID=2 sn=31
02:52:01.920 DBG Creating new Batch. nReq=88
02:52:01.925 DBG Sending PREPARE. senderID=0 sn=32 view=0
02:52:01.926 DBG func sendPrepare prepare Tn. sn=32 tn=11
02:52:01.927 DBG Sending COMMIT. senderID=0 sn=32 view=0
02:52:01.927 DBG func sendCommit commit Tn. sn=32 tn=11
02:52:01.927 DBG Sending Htn. senderID=0 sn=32 view=0
02:52:01.929 DBG func handleCommit commit Tn. tn=11
02:52:01.930 DBG func handleHtnmsg htn. htn=11 localhtn=11 prelocalhtn=11
02:52:01.930 DBG func handleCommit commit Tn. tn=11
02:52:01.930 DBG Sending PREPARE. senderID=0 sn=31 view=0
02:52:01.930 DBG func sendPrepare prepare Tn. sn=31 tn=11
02:52:01.930 INF Committed entry. latency=0 nReq=84 sn=32
02:52:01.930 DBG Starting timer. sn=35 view=0
02:52:01.930 DBG func handleHtnmsg htn. htn=11 localhtn=11 prelocalhtn=11
02:52:01.932 DBG Sending COMMIT. senderID=0 sn=31 view=0
02:52:01.932 DBG func sendCommit commit Tn. sn=31 tn=11
02:52:01.932 DBG Sending Htn. senderID=0 sn=31 view=0
02:52:01.932 DBG func handleCommit commit Tn. tn=11
02:52:01.933 DBG func handleCommit commit Tn. tn=11
02:52:01.933 INF Committed entry. latency=0 nReq=88 sn=31
02:52:01.933 DBG Starting timer. sn=34 view=0
02:52:01.933 DBG func handleHtnmsg htn. htn=11 localhtn=11 prelocalhtn=11
02:52:01.934 DBG func handleHtnmsg htn. htn=11 localhtn=11 prelocalhtn=11
02:52:01.935 DBG Sending COMMIT. senderID=0 sn=30 view=0
02:52:01.935 DBG func sendCommit commit Tn. sn=30 tn=11
02:52:01.935 DBG Sending Htn. senderID=0 sn=30 view=0
02:52:01.935 DBG func handleCommit commit Tn. tn=11
02:52:01.935 DBG func handleCommit commit Tn. tn=11
02:52:01.936 INF Committed entry. latency=0 nReq=84 sn=30
02:52:01.936 INF Delivered batch. nReq=84 sn=30
02:52:01.936 INF Delivered batch. nReq=88 sn=31
02:52:01.936 INF Delivered batch. nReq=84 sn=32
02:52:01.936 DBG Starting timer. sn=33 view=0
02:52:01.936 DBG func handleHtnmsg htn. htn=11 localhtn=11 prelocalhtn=11
02:52:01.937 DBG func handleHtnmsg htn. htn=11 localhtn=11 prelocalhtn=11
02:52:02.914 DBG Batch ready. batchSize=4096
02:52:02.914 DBG Batch cut. left=0 nBuckets=21 nReq=84 next=0
02:52:02.915 DBG Waiting for batch. batchSize=4096
02:52:02.916 INF Sending PREPREPARE. nReq=84 senderID=0 sn=33 view=0
02:52:02.918 INF Handling PREPREPARE. nReq=84 senderID=3 sn=35
02:52:02.918 DBG Creating new Batch. nReq=84
02:52:02.924 INF Handling PREPREPARE. nReq=88 senderID=2 sn=34
02:52:02.924 DBG Creating new Batch. nReq=88
02:52:02.928 DBG Sending PREPARE. senderID=0 sn=35 view=0
02:52:02.928 DBG func sendPrepare prepare Tn. sn=35 tn=12
02:52:02.930 DBG Sending COMMIT. senderID=0 sn=35 view=0
02:52:02.931 DBG func sendCommit commit Tn. sn=35 tn=12
02:52:02.931 DBG Sending Htn. senderID=0 sn=35 view=0
02:52:02.931 DBG func handleCommit commit Tn. tn=12
02:52:02.931 DBG func handleHtnmsg htn. htn=12 localhtn=12 prelocalhtn=12
02:52:02.932 DBG func handleCommit commit Tn. tn=12
02:52:02.932 INF Committed entry. latency=0 nReq=84 sn=35
02:52:02.932 DBG Starting timer. sn=38 view=0
02:52:02.932 DBG Sending PREPARE. senderID=0 sn=34 view=0
02:52:02.932 DBG func sendPrepare prepare Tn. sn=34 tn=12
02:52:02.933 DBG func handleHtnmsg htn. htn=12 localhtn=12 prelocalhtn=12
02:52:02.936 DBG Sending COMMIT. senderID=0 sn=33 view=0
02:52:02.936 DBG Sending COMMIT. senderID=0 sn=34 view=0
02:52:02.937 DBG func sendCommit commit Tn. sn=33 tn=12
02:52:02.937 DBG func sendCommit commit Tn. sn=34 tn=12
02:52:02.937 DBG Sending Htn. senderID=0 sn=33 view=0
02:52:02.937 DBG Sending Htn. senderID=0 sn=34 view=0
02:52:02.937 DBG func handleCommit commit Tn. tn=12
02:52:02.937 DBG func handleHtnmsg htn. htn=12 localhtn=12 prelocalhtn=12
02:52:02.937 DBG func handleCommit commit Tn. tn=12
02:52:02.937 DBG func handleCommit commit Tn. tn=12
02:52:02.938 DBG func handleHtnmsg htn. htn=12 localhtn=12 prelocalhtn=12
02:52:02.938 DBG func handleCommit commit Tn. tn=12
02:52:02.938 INF Committed entry. latency=0 nReq=88 sn=34
02:52:02.938 DBG Starting timer. sn=37 view=0
02:52:02.938 INF Committed entry. latency=0 nReq=84 sn=33
02:52:02.938 INF Delivered batch. nReq=84 sn=33
02:52:02.938 INF Delivered batch. nReq=88 sn=34
02:52:02.939 DBG func handleHtnmsg htn. htn=12 localhtn=12 prelocalhtn=12
02:52:02.939 INF Delivered batch. nReq=84 sn=35
02:52:02.939 DBG Starting timer. sn=36 view=0
02:52:02.939 DBG func handleHtnmsg htn. htn=12 localhtn=12 prelocalhtn=12
02:52:03.916 DBG Batch ready. batchSize=4096
02:52:03.916 DBG Batch cut. left=0 nBuckets=21 nReq=84 next=0
02:52:03.917 DBG Waiting for batch. batchSize=4096
02:52:03.918 INF Sending PREPREPARE. nReq=84 senderID=0 sn=36 view=0
02:52:03.920 INF Handling PREPREPARE. nReq=84 senderID=3 sn=38
02:52:03.920 DBG Creating new Batch. nReq=84
02:52:03.924 INF Handling PREPREPARE. nReq=89 senderID=2 sn=37
02:52:03.924 DBG Creating new Batch. nReq=89
02:52:03.931 DBG Sending PREPARE. senderID=0 sn=38 view=0
02:52:03.932 DBG func sendPrepare prepare Tn. sn=38 tn=13
02:52:03.932 DBG Sending COMMIT. senderID=0 sn=38 view=0
02:52:03.932 DBG func sendCommit commit Tn. sn=38 tn=13
02:52:03.932 DBG Sending Htn. senderID=0 sn=38 view=0
02:52:03.933 DBG Sending PREPARE. senderID=0 sn=37 view=0
02:52:03.933 DBG func sendPrepare prepare Tn. sn=37 tn=13
02:52:03.934 DBG func handleCommit commit Tn. tn=13
02:52:03.934 DBG Sending COMMIT. senderID=0 sn=37 view=0
02:52:03.934 DBG func handleHtnmsg htn. htn=13 localhtn=13 prelocalhtn=13
02:52:03.934 DBG func sendCommit commit Tn. sn=37 tn=13
02:52:03.934 DBG func handleCommit commit Tn. tn=13
02:52:03.934 DBG Sending Htn. senderID=0 sn=37 view=0
02:52:03.935 INF Committed entry. latency=0 nReq=84 sn=38
02:52:03.935 DBG Starting timer. sn=41 view=0
02:52:03.935 DBG func handleCommit commit Tn. tn=13
02:52:03.935 DBG func handleHtnmsg htn. htn=13 localhtn=13 prelocalhtn=13
02:52:03.936 DBG func handleHtnmsg htn. htn=13 localhtn=13 prelocalhtn=13
02:52:03.937 DBG func handleCommit commit Tn. tn=13
02:52:03.937 INF Committed entry. latency=0 nReq=89 sn=37
02:52:03.937 DBG Starting timer. sn=40 view=0
02:52:03.937 DBG func handleHtnmsg htn. htn=13 localhtn=13 prelocalhtn=13
02:52:03.938 DBG Sending COMMIT. senderID=0 sn=36 view=0
02:52:03.938 DBG func sendCommit commit Tn. sn=36 tn=13
02:52:03.939 DBG Sending Htn. senderID=0 sn=36 view=0
02:52:03.939 DBG func handleCommit commit Tn. tn=13
02:52:03.939 DBG func handleHtnmsg htn. htn=13 localhtn=13 prelocalhtn=13
02:52:03.939 DBG func handleCommit commit Tn. tn=13
02:52:03.940 INF Committed entry. latency=0 nReq=84 sn=36
02:52:03.940 INF Delivered batch. nReq=84 sn=36
02:52:03.940 INF Delivered batch. nReq=89 sn=37
02:52:03.940 INF Delivered batch. nReq=84 sn=38
02:52:03.940 DBG Starting timer. sn=39 view=0
02:52:03.941 DBG func handleHtnmsg htn. htn=13 localhtn=13 prelocalhtn=13
02:52:04.918 DBG Batch ready. batchSize=4096
02:52:04.918 DBG Batch cut. left=0 nBuckets=21 nReq=84 next=0
02:52:04.919 DBG Waiting for batch. batchSize=4096
02:52:04.920 INF Sending PREPREPARE. nReq=84 senderID=0 sn=39 view=0
02:52:04.922 INF Handling PREPREPARE. nReq=84 senderID=3 sn=41
02:52:04.922 DBG Creating new Batch. nReq=84
02:52:04.926 INF Handling PREPREPARE. nReq=88 senderID=2 sn=40
02:52:04.926 DBG Creating new Batch. nReq=88
02:52:04.930 DBG Sending PREPARE. senderID=0 sn=41 view=0
02:52:04.931 DBG func sendPrepare prepare Tn. sn=41 tn=14
02:52:04.932 DBG Sending COMMIT. senderID=0 sn=41 view=0
02:52:04.932 DBG func sendCommit commit Tn. sn=41 tn=14
02:52:04.932 DBG Sending Htn. senderID=0 sn=41 view=0
02:52:04.933 DBG func handleCommit commit Tn. tn=14
02:52:04.933 DBG func handleHtnmsg htn. htn=14 localhtn=14 prelocalhtn=14
02:52:04.933 DBG func handleCommit commit Tn. tn=14
02:52:04.934 INF Committed entry. latency=0 nReq=84 sn=41
02:52:04.934 DBG Starting timer. sn=44 view=0
02:52:04.934 DBG func handleHtnmsg htn. htn=14 localhtn=14 prelocalhtn=14
02:52:04.936 DBG Sending PREPARE. senderID=0 sn=40 view=0
02:52:04.936 DBG func sendPrepare prepare Tn. sn=40 tn=14
02:52:04.938 DBG Sending COMMIT. senderID=0 sn=40 view=0
02:52:04.938 DBG func sendCommit commit Tn. sn=40 tn=14
02:52:04.938 DBG Sending Htn. senderID=0 sn=40 view=0
02:52:04.939 DBG func handleCommit commit Tn. tn=14
02:52:04.939 DBG func handleHtnmsg htn. htn=14 localhtn=14 prelocalhtn=14
02:52:04.940 DBG func handleCommit commit Tn. tn=14
02:52:04.940 INF Committed entry. latency=0 nReq=88 sn=40
02:52:04.940 DBG Starting timer. sn=43 view=0
02:52:04.940 DBG func handleHtnmsg htn. htn=14 localhtn=14 prelocalhtn=14
02:52:04.943 DBG Sending COMMIT. senderID=0 sn=39 view=0
02:52:04.943 DBG func sendCommit commit Tn. sn=39 tn=14
02:52:04.943 DBG Sending Htn. senderID=0 sn=39 view=0
02:52:04.943 DBG func handleCommit commit Tn. tn=14
02:52:04.943 DBG func handleHtnmsg htn. htn=14 localhtn=14 prelocalhtn=14
02:52:04.944 DBG func handleCommit commit Tn. tn=14
02:52:04.944 INF Committed entry. latency=0 nReq=84 sn=39
02:52:04.944 INF Delivered batch. nReq=84 sn=39
02:52:04.944 INF Delivered batch. nReq=88 sn=40
02:52:04.944 INF Delivered batch. nReq=84 sn=41
02:52:04.945 DBG Starting timer. sn=42 view=0
02:52:04.945 DBG func handleHtnmsg htn. htn=14 localhtn=14 prelocalhtn=14
02:52:05.920 DBG Batch ready. batchSize=4096
02:52:05.920 DBG Batch cut. left=0 nBuckets=21 nReq=85 next=0
02:52:05.920 DBG Waiting for batch. batchSize=4096
02:52:05.922 INF Sending PREPREPARE. nReq=85 senderID=0 sn=42 view=0
02:52:05.924 INF Handling PREPREPARE. nReq=84 senderID=3 sn=44
02:52:05.924 DBG Creating new Batch. nReq=84
02:52:05.925 INF Handling PREPREPARE. nReq=88 senderID=2 sn=43
02:52:05.926 DBG Creating new Batch. nReq=88
02:52:05.933 DBG Sending PREPARE. senderID=0 sn=44 view=0
02:52:05.933 DBG func sendPrepare prepare Tn. sn=44 tn=15
02:52:05.936 DBG Sending COMMIT. senderID=0 sn=44 view=0
02:52:05.936 DBG Sending PREPARE. senderID=0 sn=43 view=0
02:52:05.936 DBG func sendCommit commit Tn. sn=44 tn=15
02:52:05.936 DBG func sendPrepare prepare Tn. sn=43 tn=15
02:52:05.937 DBG Sending Htn. senderID=0 sn=44 view=0
02:52:05.937 DBG func handleCommit commit Tn. tn=15
02:52:05.937 DBG func handleHtnmsg htn. htn=15 localhtn=15 prelocalhtn=15
02:52:05.938 DBG func handleCommit commit Tn. tn=15
02:52:05.938 DBG Sending COMMIT. senderID=0 sn=43 view=0
02:52:05.938 DBG func sendCommit commit Tn. sn=43 tn=15
02:52:05.939 INF Committed entry. latency=0 nReq=84 sn=44
02:52:05.939 DBG Sending Htn. senderID=0 sn=43 view=0
02:52:05.939 DBG Starting timer. sn=47 view=0
02:52:05.939 DBG func handleHtnmsg htn. htn=15 localhtn=15 prelocalhtn=15
02:52:05.939 DBG func handleCommit commit Tn. tn=15
02:52:05.939 DBG func handleCommit commit Tn. tn=15
02:52:05.940 INF Committed entry. latency=0 nReq=88 sn=43
02:52:05.940 DBG Starting timer. sn=46 view=0
02:52:05.940 DBG func handleHtnmsg htn. htn=15 localhtn=15 prelocalhtn=15
02:52:05.940 DBG func handleHtnmsg htn. htn=15 localhtn=15 prelocalhtn=15
02:52:05.942 DBG Sending COMMIT. senderID=0 sn=42 view=0
02:52:05.942 DBG func sendCommit commit Tn. sn=42 tn=15
02:52:05.942 DBG Sending Htn. senderID=0 sn=42 view=0
02:52:05.942 DBG func handleCommit commit Tn. tn=15
02:52:05.942 DBG func handleHtnmsg htn. htn=15 localhtn=15 prelocalhtn=15
02:52:05.943 DBG func handleCommit commit Tn. tn=15
02:52:05.943 INF Committed entry. latency=0 nReq=85 sn=42
02:52:05.943 INF Delivered batch. nReq=85 sn=42
02:52:05.943 INF Delivered batch. nReq=88 sn=43
02:52:05.944 INF Delivered batch. nReq=84 sn=44
02:52:05.944 DBG Starting timer. sn=45 view=0
02:52:05.944 DBG func handleHtnmsg htn. htn=15 localhtn=15 prelocalhtn=15
02:52:06.921 DBG Batch ready. batchSize=4096
02:52:06.921 DBG Batch cut. left=0 nBuckets=21 nReq=84 next=0
02:52:06.922 DBG Waiting for batch. batchSize=4096
02:52:06.923 INF Sending PREPREPARE. nReq=84 senderID=0 sn=45 view=0
02:52:06.926 INF Handling PREPREPARE. nReq=84 senderID=3 sn=47
02:52:06.926 DBG Creating new Batch. nReq=84
02:52:06.930 INF Handling PREPREPARE. nReq=88 senderID=2 sn=46
02:52:06.930 DBG Creating new Batch. nReq=88
02:52:06.936 DBG Sending PREPARE. senderID=0 sn=47 view=0
02:52:06.936 DBG func sendPrepare prepare Tn. sn=47 tn=16
02:52:06.938 DBG Sending COMMIT. senderID=0 sn=47 view=0
02:52:06.938 DBG func sendCommit commit Tn. sn=47 tn=16
02:52:06.938 DBG Sending Htn. senderID=0 sn=47 view=0
02:52:06.939 DBG Sending PREPARE. senderID=0 sn=46 view=0
02:52:06.940 DBG func sendPrepare prepare Tn. sn=46 tn=16
02:52:06.940 DBG func handleCommit commit Tn. tn=16
02:52:06.940 DBG func handleHtnmsg htn. htn=16 localhtn=16 prelocalhtn=16
02:52:06.940 DBG func handleCommit commit Tn. tn=16
02:52:06.940 INF Committed entry. latency=0 nReq=84 sn=47
02:52:06.941 DBG Sending COMMIT. senderID=0 sn=46 view=0
02:52:06.941 DBG Starting timer. sn=50 view=0
02:52:06.941 DBG func sendCommit commit Tn. sn=46 tn=16
02:52:06.941 DBG func handleHtnmsg htn. htn=16 localhtn=16 prelocalhtn=16
02:52:06.941 DBG Sending Htn. senderID=0 sn=46 view=0
02:52:06.942 DBG func handleCommit commit Tn. tn=16
02:52:06.942 DBG func handleHtnmsg htn. htn=16 localhtn=16 prelocalhtn=16
02:52:06.942 DBG func handleCommit commit Tn. tn=16
02:52:06.942 INF Committed entry. latency=0 nReq=88 sn=46
02:52:06.943 DBG Starting timer. sn=49 view=0
02:52:06.943 DBG Sending COMMIT. senderID=0 sn=45 view=0
02:52:06.943 DBG func sendCommit commit Tn. sn=45 tn=16
02:52:06.943 DBG Sending Htn. senderID=0 sn=45 view=0
02:52:06.943 DBG func handleCommit commit Tn. tn=16
02:52:06.943 DBG func handleHtnmsg htn. htn=16 localhtn=16 prelocalhtn=16
02:52:06.943 DBG func handleHtnmsg htn. htn=16 localhtn=16 prelocalhtn=16
02:52:06.943 DBG func handleCommit commit Tn. tn=16
02:52:06.944 INF Committed entry. latency=0 nReq=84 sn=45
02:52:06.944 INF Delivered batch. nReq=84 sn=45
02:52:06.944 INF Delivered batch. nReq=88 sn=46
02:52:06.944 INF Delivered batch. nReq=84 sn=47
02:52:06.944 DBG Starting timer. sn=48 view=0
02:52:06.944 DBG func handleHtnmsg htn. htn=16 localhtn=16 prelocalhtn=16
02:52:07.923 DBG Batch ready. batchSize=4096
02:52:07.923 DBG Batch cut. left=0 nBuckets=21 nReq=84 next=0
02:52:07.923 DBG Waiting for batch. batchSize=4096
02:52:07.925 INF Sending PREPREPARE. nReq=84 senderID=0 sn=48 view=0
02:52:07.927 INF Handling PREPREPARE. nReq=85 senderID=3 sn=50
02:52:07.927 DBG Creating new Batch. nReq=85
02:52:07.933 INF Handling PREPREPARE. nReq=88 senderID=2 sn=49
02:52:07.933 DBG Creating new Batch. nReq=88
02:52:07.936 DBG Sending PREPARE. senderID=0 sn=50 view=0
02:52:07.936 DBG func sendPrepare prepare Tn. sn=50 tn=17
02:52:07.939 DBG Sending COMMIT. senderID=0 sn=50 view=0
02:52:07.939 DBG func sendCommit commit Tn. sn=50 tn=17
02:52:07.940 DBG Sending Htn. senderID=0 sn=50 view=0
02:52:07.940 DBG func handleCommit commit Tn. tn=17
02:52:07.940 DBG func handleHtnmsg htn. htn=17 localhtn=17 prelocalhtn=17
02:52:07.940 DBG func handleCommit commit Tn. tn=17
02:52:07.941 INF Committed entry. latency=0 nReq=85 sn=50
02:52:07.941 DBG Starting timer. sn=53 view=0
02:52:07.941 DBG func handleHtnmsg htn. htn=17 localhtn=17 prelocalhtn=17
02:52:07.942 DBG Sending PREPARE. senderID=0 sn=49 view=0
02:52:07.942 DBG func sendPrepare prepare Tn. sn=49 tn=17
02:52:07.944 DBG Sending COMMIT. senderID=0 sn=49 view=0
02:52:07.945 DBG func sendCommit commit Tn. sn=49 tn=17
02:52:07.945 DBG Sending COMMIT. senderID=0 sn=48 view=0
02:52:07.945 DBG Sending Htn. senderID=0 sn=49 view=0
02:52:07.945 DBG func sendCommit commit Tn. sn=48 tn=17
02:52:07.945 DBG func handleCommit commit Tn. tn=17
02:52:07.945 DBG Sending Htn. senderID=0 sn=48 view=0
02:52:07.945 DBG func handleHtnmsg htn. htn=17 localhtn=17 prelocalhtn=17
02:52:07.945 DBG func handleCommit commit Tn. tn=17
02:52:07.946 DBG func handleCommit commit Tn. tn=17
02:52:07.946 DBG func handleCommit commit Tn. tn=17
02:52:07.947 INF Committed entry. latency=0 nReq=88 sn=49
02:52:07.947 INF Committed entry. latency=0 nReq=84 sn=48
02:52:07.947 INF Delivered batch. nReq=84 sn=48
02:52:07.947 INF Delivered batch. nReq=88 sn=49
02:52:07.947 INF Delivered batch. nReq=85 sn=50
02:52:07.947 DBG Starting timer. sn=52 view=0
02:52:07.947 DBG Starting timer. sn=51 view=0
02:52:07.947 DBG func handleHtnmsg htn. htn=17 localhtn=17 prelocalhtn=17
02:52:07.948 DBG func handleHtnmsg htn. htn=17 localhtn=17 prelocalhtn=17
02:52:07.948 DBG func handleHtnmsg htn. htn=17 localhtn=17 prelocalhtn=17
02:52:08.924 DBG Batch ready. batchSize=4096
02:52:08.924 DBG Batch cut. left=0 nBuckets=21 nReq=84 next=0
02:52:08.925 DBG Waiting for batch. batchSize=4096
02:52:08.927 INF Sending PREPREPARE. nReq=84 senderID=0 sn=51 view=0
02:52:08.930 INF Handling PREPREPARE. nReq=84 senderID=3 sn=53
02:52:08.930 DBG Creating new Batch. nReq=84
02:52:08.935 INF Handling PREPREPARE. nReq=88 senderID=2 sn=52
02:52:08.935 DBG Creating new Batch. nReq=88
02:52:08.940 DBG Sending PREPARE. senderID=0 sn=53 view=0
02:52:08.940 DBG func sendPrepare prepare Tn. sn=53 tn=18
02:52:08.942 DBG Sending COMMIT. senderID=0 sn=53 view=0
02:52:08.942 DBG func sendCommit commit Tn. sn=53 tn=18
02:52:08.942 DBG Sending Htn. senderID=0 sn=53 view=0
02:52:08.943 DBG func handleCommit commit Tn. tn=18
02:52:08.943 DBG func handleHtnmsg htn. htn=18 localhtn=18 prelocalhtn=18
02:52:08.943 DBG func handleCommit commit Tn. tn=18
02:52:08.944 INF Committed entry. latency=0 nReq=84 sn=53
02:52:08.944 DBG Starting timer. sn=56 view=0
02:52:08.944 DBG func handleHtnmsg htn. htn=18 localhtn=18 prelocalhtn=18
02:52:08.945 DBG Sending PREPARE. senderID=0 sn=52 view=0
02:52:08.945 DBG func sendPrepare prepare Tn. sn=52 tn=18
02:52:08.946 DBG Sending COMMIT. senderID=0 sn=52 view=0
02:52:08.946 DBG func sendCommit commit Tn. sn=52 tn=18
02:52:08.946 DBG Sending Htn. senderID=0 sn=52 view=0
02:52:08.947 DBG func handleCommit commit Tn. tn=18
02:52:08.948 DBG Sending COMMIT. senderID=0 sn=51 view=0
02:52:08.948 DBG func handleCommit commit Tn. tn=18
02:52:08.948 DBG func sendCommit commit Tn. sn=51 tn=18
02:52:08.948 DBG Sending Htn. senderID=0 sn=51 view=0
02:52:08.948 DBG func handleCommit commit Tn. tn=18
02:52:08.948 INF Committed entry. latency=0 nReq=88 sn=52
02:52:08.948 DBG func handleHtnmsg htn. htn=18 localhtn=18 prelocalhtn=18
02:52:08.948 DBG Starting timer. sn=55 view=0
02:52:08.948 DBG func handleCommit commit Tn. tn=18
02:52:08.949 DBG func handleHtnmsg htn. htn=18 localhtn=18 prelocalhtn=18
02:52:08.949 DBG func handleHtnmsg htn. htn=18 localhtn=18 prelocalhtn=18
02:52:08.949 INF Committed entry. latency=0 nReq=84 sn=51
02:52:08.949 INF Delivered batch. nReq=84 sn=51
02:52:08.949 INF Delivered batch. nReq=88 sn=52
02:52:08.949 INF Delivered batch. nReq=84 sn=53
02:52:08.949 DBG Starting timer. sn=54 view=0
02:52:08.950 DBG func handleHtnmsg htn. htn=18 localhtn=18 prelocalhtn=18
02:52:09.927 DBG Batch ready. batchSize=4096
02:52:09.927 DBG Batch cut. left=0 nBuckets=21 nReq=84 next=0
02:52:09.928 DBG Waiting for batch. batchSize=4096
02:52:09.929 INF Sending PREPREPARE. nReq=84 senderID=0 sn=54 view=0
02:52:09.930 INF Handling PREPREPARE. nReq=84 senderID=3 sn=56
02:52:09.930 DBG Creating new Batch. nReq=84
02:52:09.938 DBG Sending PREPARE. senderID=0 sn=56 view=0
02:52:09.938 DBG func sendPrepare prepare Tn. sn=56 tn=19
02:52:09.939 DBG Sending COMMIT. senderID=0 sn=56 view=0
02:52:09.939 DBG func sendCommit commit Tn. sn=56 tn=19
02:52:09.939 DBG Sending Htn. senderID=0 sn=56 view=0
02:52:09.940 INF Handling PREPREPARE. nReq=89 senderID=2 sn=55
02:52:09.940 DBG Creating new Batch. nReq=89
02:52:09.941 DBG func handleCommit commit Tn. tn=19
02:52:09.942 DBG func handleHtnmsg htn. htn=19 localhtn=19 prelocalhtn=19
02:52:09.942 DBG func handleCommit commit Tn. tn=19
02:52:09.942 INF Committed entry. latency=0 nReq=84 sn=56
02:52:09.942 DBG Starting timer. sn=59 view=0
02:52:09.942 DBG func handleHtnmsg htn. htn=19 localhtn=19 prelocalhtn=19
02:52:09.949 DBG Sending PREPARE. senderID=0 sn=55 view=0
02:52:09.949 DBG func sendPrepare prepare Tn. sn=55 tn=19
02:52:09.950 DBG Sending COMMIT. senderID=0 sn=54 view=0
02:52:09.950 DBG Sending COMMIT. senderID=0 sn=55 view=0
02:52:09.950 DBG func sendCommit commit Tn. sn=54 tn=19
02:52:09.950 DBG func sendCommit commit Tn. sn=55 tn=19
02:52:09.951 DBG Sending Htn. senderID=0 sn=54 view=0
02:52:09.951 DBG Sending Htn. senderID=0 sn=55 view=0
02:52:09.951 DBG func handleCommit commit Tn. tn=19
02:52:09.951 DBG func handleHtnmsg htn. htn=19 localhtn=19 prelocalhtn=19
02:52:09.951 DBG func handleCommit commit Tn. tn=19
02:52:09.951 DBG func handleCommit commit Tn. tn=19
02:52:09.951 DBG func handleHtnmsg htn. htn=19 localhtn=19 prelocalhtn=19
02:52:09.952 INF Committed entry. latency=0 nReq=84 sn=54
02:52:09.952 INF Delivered batch. nReq=84 sn=54
02:52:09.952 DBG Starting timer. sn=57 view=0
02:52:09.952 DBG func handleHtnmsg htn. htn=19 localhtn=19 prelocalhtn=19
02:52:09.953 DBG func handleCommit commit Tn. tn=19
02:52:09.953 INF Committed entry. latency=0 nReq=89 sn=55
02:52:09.953 INF Delivered batch. nReq=89 sn=55
02:52:09.953 INF Delivered batch. nReq=84 sn=56
02:52:09.954 DBG Starting timer. sn=58 view=0
02:52:09.954 DBG func handleHtnmsg htn. htn=19 localhtn=19 prelocalhtn=19
02:52:10.929 DBG Batch ready. batchSize=4096
02:52:10.929 DBG Batch cut. left=0 nBuckets=21 nReq=84 next=0
02:52:10.930 DBG Waiting for batch. batchSize=4096
02:52:10.931 INF Sending PREPREPARE. nReq=84 senderID=0 sn=57 view=0
02:52:10.932 INF Handling PREPREPARE. nReq=84 senderID=3 sn=59
02:52:10.932 DBG Creating new Batch. nReq=84
02:52:10.940 INF Handling PREPREPARE. nReq=89 senderID=2 sn=58
02:52:10.940 DBG Creating new Batch. nReq=89
02:52:10.942 DBG Sending PREPARE. senderID=0 sn=59 view=0
02:52:10.942 DBG func sendPrepare prepare Tn. sn=59 tn=20
02:52:10.942 DBG Sending COMMIT. senderID=0 sn=59 view=0
02:52:10.943 DBG func sendCommit commit Tn. sn=59 tn=20
02:52:10.943 DBG Sending Htn. senderID=0 sn=59 view=0
02:52:10.945 DBG func handleCommit commit Tn. tn=20
02:52:10.945 DBG func handleHtnmsg htn. htn=20 localhtn=20 prelocalhtn=20
02:52:10.945 DBG func handleCommit commit Tn. tn=20
02:52:10.946 INF Committed entry. latency=0 nReq=84 sn=59
02:52:10.946 DBG Starting timer. sn=62 view=0
02:52:10.946 DBG func handleHtnmsg htn. htn=20 localhtn=20 prelocalhtn=20
02:52:10.949 DBG Sending PREPARE. senderID=0 sn=58 view=0
02:52:10.949 DBG func sendPrepare prepare Tn. sn=58 tn=20
02:52:10.950 DBG Sending COMMIT. senderID=0 sn=58 view=0
02:52:10.950 DBG func sendCommit commit Tn. sn=58 tn=20
02:52:10.950 DBG Sending Htn. senderID=0 sn=58 view=0
02:52:10.952 DBG func handleCommit commit Tn. tn=20
02:52:10.952 DBG Sending COMMIT. senderID=0 sn=57 view=0
02:52:10.952 DBG func handleHtnmsg htn. htn=20 localhtn=20 prelocalhtn=20
02:52:10.952 DBG func sendCommit commit Tn. sn=57 tn=20
02:52:10.953 DBG Sending Htn. senderID=0 sn=57 view=0
02:52:10.953 DBG func handleCommit commit Tn. tn=20
02:52:10.953 DBG func handleCommit commit Tn. tn=20
02:52:10.953 DBG func handleHtnmsg htn. htn=20 localhtn=20 prelocalhtn=20
02:52:10.954 DBG func handleCommit commit Tn. tn=20
02:52:10.954 INF Committed entry. latency=0 nReq=89 sn=58
02:52:10.954 DBG Starting timer. sn=61 view=0
02:52:10.954 DBG func handleHtnmsg htn. htn=20 localhtn=20 prelocalhtn=20
02:52:10.954 INF Committed entry. latency=0 nReq=84 sn=57
02:52:10.954 INF Delivered batch. nReq=84 sn=57
02:52:10.954 INF Delivered batch. nReq=89 sn=58
02:52:10.955 INF Delivered batch. nReq=84 sn=59
02:52:10.955 DBG Starting timer. sn=60 view=0
02:52:10.955 DBG func handleHtnmsg htn. htn=20 localhtn=20 prelocalhtn=20
02:52:11.931 DBG Batch ready. batchSize=4096
02:52:11.931 DBG Batch cut. left=0 nBuckets=21 nReq=84 next=0
02:52:11.932 DBG Waiting for batch. batchSize=4096
02:52:11.933 INF Sending PREPREPARE. nReq=84 senderID=0 sn=60 view=0
02:52:11.934 INF Handling PREPREPARE. nReq=84 senderID=3 sn=62
02:52:11.934 DBG Creating new Batch. nReq=84
02:52:11.940 INF Handling PREPREPARE. nReq=88 senderID=2 sn=61
02:52:11.941 DBG Creating new Batch. nReq=88
02:52:11.942 DBG Sending PREPARE. senderID=0 sn=62 view=0
02:52:11.942 DBG func sendPrepare prepare Tn. sn=62 tn=21
02:52:11.944 DBG Sending COMMIT. senderID=0 sn=62 view=0
02:52:11.944 DBG func sendCommit commit Tn. sn=62 tn=21
02:52:11.944 DBG Sending Htn. senderID=0 sn=62 view=0
02:52:11.945 DBG func handleCommit commit Tn. tn=21
02:52:11.945 DBG func handleHtnmsg htn. htn=21 localhtn=21 prelocalhtn=21
02:52:11.947 DBG func handleCommit commit Tn. tn=21
02:52:11.947 INF Committed entry. latency=0 nReq=84 sn=62
02:52:11.948 DBG Starting timer. sn=65 view=0
02:52:11.948 DBG func handleHtnmsg htn. htn=21 localhtn=21 prelocalhtn=21
02:52:11.950 DBG Sending PREPARE. senderID=0 sn=61 view=0
02:52:11.950 DBG func sendPrepare prepare Tn. sn=61 tn=21
02:52:11.952 DBG Sending COMMIT. senderID=0 sn=61 view=0
02:52:11.952 DBG func sendCommit commit Tn. sn=61 tn=21
02:52:11.952 DBG Sending Htn. senderID=0 sn=61 view=0
02:52:11.953 DBG func handleCommit commit Tn. tn=21
02:52:11.953 DBG func handleCommit commit Tn. tn=21
02:52:11.953 DBG Sending COMMIT. senderID=0 sn=60 view=0
02:52:11.953 DBG func sendCommit commit Tn. sn=60 tn=21
02:52:11.953 DBG Sending Htn. senderID=0 sn=60 view=0
02:52:11.953 INF Committed entry. latency=0 nReq=88 sn=61
02:52:11.953 DBG Starting timer. sn=64 view=0
02:52:11.954 DBG func handleHtnmsg htn. htn=21 localhtn=21 prelocalhtn=21
02:52:11.954 DBG func handleHtnmsg htn. htn=21 localhtn=21 prelocalhtn=21
02:52:11.954 DBG func handleCommit commit Tn. tn=21
02:52:11.954 DBG func handleHtnmsg htn. htn=21 localhtn=21 prelocalhtn=21
02:52:11.954 DBG func handleCommit commit Tn. tn=21
02:52:11.955 INF Committed entry. latency=0 nReq=84 sn=60
02:52:11.955 INF Delivered batch. nReq=84 sn=60
02:52:11.955 INF Delivered batch. nReq=88 sn=61
02:52:11.955 INF Delivered batch. nReq=84 sn=62
02:52:11.955 DBG Starting timer. sn=63 view=0
02:52:11.955 DBG func handleHtnmsg htn. htn=21 localhtn=21 prelocalhtn=21
02:52:12.932 DBG Batch ready. batchSize=4096
02:52:12.933 DBG Batch cut. left=0 nBuckets=21 nReq=84 next=0
02:52:12.933 DBG Waiting for batch. batchSize=4096
02:52:12.935 INF Sending PREPREPARE. nReq=84 senderID=0 sn=63 view=0
02:52:12.935 INF Handling PREPREPARE. nReq=84 senderID=3 sn=65
02:52:12.935 DBG Creating new Batch. nReq=84
02:52:12.943 INF Handling PREPREPARE. nReq=88 senderID=2 sn=64
02:52:12.943 DBG Creating new Batch. nReq=88
02:52:12.944 DBG Sending PREPARE. senderID=0 sn=65 view=0
02:52:12.944 DBG func sendPrepare prepare Tn. sn=65 tn=22
02:52:12.945 DBG Sending COMMIT. senderID=0 sn=65 view=0
02:52:12.945 DBG func sendCommit commit Tn. sn=65 tn=22
02:52:12.945 DBG Sending Htn. senderID=0 sn=65 view=0
02:52:12.946 DBG func handleCommit commit Tn. tn=22
02:52:12.947 DBG func handleHtnmsg htn. htn=22 localhtn=22 prelocalhtn=22
02:52:12.948 DBG func handleCommit commit Tn. tn=22
02:52:12.948 INF Committed entry. latency=0 nReq=84 sn=65
02:52:12.948 DBG Starting timer. sn=68 view=0
02:52:12.949 DBG func handleHtnmsg htn. htn=22 localhtn=22 prelocalhtn=22
02:52:12.952 DBG Sending PREPARE. senderID=0 sn=64 view=0
02:52:12.952 DBG func sendPrepare prepare Tn. sn=64 tn=22
02:52:12.952 DBG Sending COMMIT. senderID=0 sn=64 view=0
02:52:12.953 DBG func sendCommit commit Tn. sn=64 tn=22
02:52:12.953 DBG Sending Htn. senderID=0 sn=64 view=0
02:52:12.954 DBG func handleCommit commit Tn. tn=22
02:52:12.954 DBG func handleCommit commit Tn. tn=22
02:52:12.954 DBG Sending COMMIT. senderID=0 sn=63 view=0
02:52:12.954 DBG func sendCommit commit Tn. sn=63 tn=22
02:52:12.955 DBG Sending Htn. senderID=0 sn=63 view=0
02:52:12.955 INF Committed entry. latency=0 nReq=88 sn=64
02:52:12.955 DBG Starting timer. sn=67 view=0
02:52:12.955 DBG func handleHtnmsg htn. htn=22 localhtn=22 prelocalhtn=22
02:52:12.955 DBG func handleHtnmsg htn. htn=22 localhtn=22 prelocalhtn=22
02:52:12.956 DBG func handleCommit commit Tn. tn=22
02:52:12.956 DBG func handleHtnmsg htn. htn=22 localhtn=22 prelocalhtn=22
02:52:12.956 DBG func handleCommit commit Tn. tn=22
02:52:12.956 INF Committed entry. latency=0 nReq=84 sn=63
02:52:12.956 INF Delivered batch. nReq=84 sn=63
02:52:12.957 INF Delivered batch. nReq=88 sn=64
02:52:12.957 INF Delivered batch. nReq=84 sn=65
02:52:12.957 DBG Starting timer. sn=66 view=0
02:52:12.957 DBG func handleHtnmsg htn. htn=22 localhtn=22 prelocalhtn=22
02:52:13.935 DBG Batch ready. batchSize=4096
02:52:13.935 DBG Batch cut. left=0 nBuckets=21 nReq=84 next=0
02:52:13.936 DBG Waiting for batch. batchSize=4096
02:52:13.937 INF Handling PREPREPARE. nReq=84 senderID=3 sn=68
02:52:13.937 DBG Creating new Batch. nReq=84
02:52:13.938 INF Sending PREPREPARE. nReq=84 senderID=0 sn=66 view=0
02:52:13.946 DBG Sending PREPARE. senderID=0 sn=68 view=0
02:52:13.946 DBG func sendPrepare prepare Tn. sn=68 tn=23
02:52:13.946 DBG Sending COMMIT. senderID=0 sn=68 view=0
02:52:13.946 INF Handling PREPREPARE. nReq=88 senderID=2 sn=67
02:52:13.946 DBG func sendCommit commit Tn. sn=68 tn=23
02:52:13.946 DBG Creating new Batch. nReq=88
02:52:13.947 DBG Sending Htn. senderID=0 sn=68 view=0
02:52:13.950 DBG func handleCommit commit Tn. tn=23
02:52:13.950 DBG func handleHtnmsg htn. htn=23 localhtn=23 prelocalhtn=23
02:52:13.950 DBG func handleCommit commit Tn. tn=23
02:52:13.951 INF Committed entry. latency=0 nReq=84 sn=68
02:52:13.951 DBG Starting timer. sn=71 view=0
02:52:13.951 DBG func handleHtnmsg htn. htn=23 localhtn=23 prelocalhtn=23
02:52:13.956 DBG Sending PREPARE. senderID=0 sn=67 view=0
02:52:13.956 DBG func sendPrepare prepare Tn. sn=67 tn=23
02:52:13.958 DBG Sending COMMIT. senderID=0 sn=66 view=0
02:52:13.958 DBG Sending COMMIT. senderID=0 sn=67 view=0
02:52:13.958 DBG func sendCommit commit Tn. sn=66 tn=23
02:52:13.958 DBG func sendCommit commit Tn. sn=67 tn=23
02:52:13.958 DBG Sending Htn. senderID=0 sn=66 view=0
02:52:13.958 DBG Sending Htn. senderID=0 sn=67 view=0
02:52:13.958 DBG func handleCommit commit Tn. tn=23
02:52:13.958 DBG func handleHtnmsg htn. htn=23 localhtn=23 prelocalhtn=23
02:52:13.959 DBG func handleCommit commit Tn. tn=23
02:52:13.959 DBG func handleCommit commit Tn. tn=23
02:52:13.959 INF Committed entry. latency=0 nReq=84 sn=66
02:52:13.959 INF Delivered batch. nReq=84 sn=66
02:52:13.959 DBG Starting timer. sn=69 view=0
02:52:13.960 DBG func handleHtnmsg htn. htn=23 localhtn=23 prelocalhtn=23
02:52:13.960 DBG func handleHtnmsg htn. htn=23 localhtn=23 prelocalhtn=23
02:52:13.960 DBG func handleCommit commit Tn. tn=23
02:52:13.960 INF Committed entry. latency=0 nReq=88 sn=67
02:52:13.960 INF Delivered batch. nReq=88 sn=67
02:52:13.961 INF Delivered batch. nReq=84 sn=68
02:52:13.961 DBG Starting timer. sn=70 view=0
02:52:13.961 DBG func handleHtnmsg htn. htn=23 localhtn=23 prelocalhtn=23
02:52:14.937 DBG Batch ready. batchSize=4096
02:52:14.938 DBG Batch cut. left=0 nBuckets=21 nReq=85 next=0
02:52:14.938 INF Handling PREPREPARE. nReq=84 senderID=3 sn=71
02:52:14.939 DBG Creating new Batch. nReq=84
02:52:14.939 DBG Waiting for batch. batchSize=4096
02:52:14.940 INF Sending PREPREPARE. nReq=85 senderID=0 sn=69 view=0
02:52:14.946 INF Handling PREPREPARE. nReq=88 senderID=2 sn=70
02:52:14.946 DBG Creating new Batch. nReq=88
02:52:14.947 DBG Sending PREPARE. senderID=0 sn=71 view=0
02:52:14.947 DBG func sendPrepare prepare Tn. sn=71 tn=24
02:52:14.949 DBG Sending COMMIT. senderID=0 sn=71 view=0
02:52:14.949 DBG func sendCommit commit Tn. sn=71 tn=24
02:52:14.949 DBG Sending Htn. senderID=0 sn=71 view=0
02:52:14.950 DBG func handleCommit commit Tn. tn=24
02:52:14.950 DBG func handleCommit commit Tn. tn=24
02:52:14.951 INF Committed entry. latency=0 nReq=84 sn=71
02:52:14.951 DBG Starting timer. sn=74 view=0
02:52:14.953 DBG func handleHtnmsg htn. htn=24 localhtn=24 prelocalhtn=24
02:52:14.953 DBG func handleHtnmsg htn. htn=24 localhtn=24 prelocalhtn=24
02:52:14.955 DBG Sending PREPARE. senderID=0 sn=70 view=0
02:52:14.955 DBG func sendPrepare prepare Tn. sn=70 tn=24
02:52:14.957 DBG Sending COMMIT. senderID=0 sn=70 view=0
02:52:14.957 DBG func sendCommit commit Tn. sn=70 tn=24
02:52:14.958 DBG Sending Htn. senderID=0 sn=70 view=0
02:52:14.958 DBG func handleCommit commit Tn. tn=24
02:52:14.959 DBG func handleHtnmsg htn. htn=24 localhtn=24 prelocalhtn=24
02:52:14.959 DBG func handleCommit commit Tn. tn=24
02:52:14.959 INF Committed entry. latency=0 nReq=88 sn=70
02:52:14.959 DBG Starting timer. sn=73 view=0
02:52:14.959 DBG func handleHtnmsg htn. htn=24 localhtn=24 prelocalhtn=24
02:52:14.960 DBG Sending COMMIT. senderID=0 sn=69 view=0
02:52:14.960 DBG func sendCommit commit Tn. sn=69 tn=24
02:52:14.960 DBG Sending Htn. senderID=0 sn=69 view=0
02:52:14.961 DBG func handleCommit commit Tn. tn=24
02:52:14.961 DBG func handleCommit commit Tn. tn=24
02:52:14.961 INF Committed entry. latency=0 nReq=85 sn=69
02:52:14.961 INF Delivered batch. nReq=85 sn=69
02:52:14.961 INF Delivered batch. nReq=88 sn=70
02:52:14.961 INF Delivered batch. nReq=84 sn=71
02:52:14.962 DBG Starting timer. sn=72 view=0
02:52:14.962 DBG func handleHtnmsg htn. htn=24 localhtn=24 prelocalhtn=24
02:52:14.962 DBG func handleHtnmsg htn. htn=24 localhtn=24 prelocalhtn=24
02:52:15.939 INF Handling PREPREPARE. nReq=84 senderID=3 sn=74
02:52:15.940 DBG Creating new Batch. nReq=84
02:52:15.940 DBG Batch ready. batchSize=4096
02:52:15.940 DBG Batch cut. left=0 nBuckets=21 nReq=84 next=0
02:52:15.940 DBG Waiting for batch. batchSize=4096
02:52:15.943 INF Sending PREPREPARE. nReq=84 senderID=0 sn=72 view=0
02:52:15.948 INF Handling PREPREPARE. nReq=88 senderID=2 sn=73
02:52:15.948 DBG Creating new Batch. nReq=88
02:52:15.949 DBG Sending PREPARE. senderID=0 sn=74 view=0
02:52:15.949 DBG func sendPrepare prepare Tn. sn=74 tn=25
02:52:15.949 DBG Sending COMMIT. senderID=0 sn=74 view=0
02:52:15.950 DBG func sendCommit commit Tn. sn=74 tn=25
02:52:15.950 DBG Sending Htn. senderID=0 sn=74 view=0
02:52:15.951 DBG func handleCommit commit Tn. tn=25
02:52:15.952 DBG func handleHtnmsg htn. htn=25 localhtn=25 prelocalhtn=25
02:52:15.952 DBG func handleCommit commit Tn. tn=25
02:52:15.952 INF Committed entry. latency=0 nReq=84 sn=74
02:52:15.953 DBG Starting timer. sn=77 view=0
02:52:15.953 DBG func handleHtnmsg htn. htn=25 localhtn=25 prelocalhtn=25
02:52:15.957 DBG Sending PREPARE. senderID=0 sn=73 view=0
02:52:15.957 DBG func sendPrepare prepare Tn. sn=73 tn=25
02:52:15.959 DBG Sending COMMIT. senderID=0 sn=73 view=0
02:52:15.959 DBG func sendCommit commit Tn. sn=73 tn=25
02:52:15.959 DBG Sending Htn. senderID=0 sn=73 view=0
02:52:15.960 DBG func handleCommit commit Tn. tn=25
02:52:15.960 DBG func handleCommit commit Tn. tn=25
02:52:15.960 INF Committed entry. latency=0 nReq=88 sn=73
02:52:15.961 DBG Starting timer. sn=76 view=0
02:52:15.961 DBG func handleHtnmsg htn. htn=25 localhtn=25 prelocalhtn=25
02:52:15.961 DBG func handleHtnmsg htn. htn=25 localhtn=25 prelocalhtn=25
02:52:15.963 DBG Sending COMMIT. senderID=0 sn=72 view=0
02:52:15.963 DBG func sendCommit commit Tn. sn=72 tn=25
02:52:15.963 DBG Sending Htn. senderID=0 sn=72 view=0
02:52:15.963 DBG func handleCommit commit Tn. tn=25
02:52:15.963 DBG func handleHtnmsg htn. htn=25 localhtn=25 prelocalhtn=25
02:52:15.964 DBG func handleCommit commit Tn. tn=25
02:52:15.964 INF Committed entry. latency=0 nReq=84 sn=72
02:52:15.964 INF Delivered batch. nReq=84 sn=72
02:52:15.965 INF Delivered batch. nReq=88 sn=73
02:52:15.965 INF Delivered batch. nReq=84 sn=74
02:52:15.965 DBG Starting timer. sn=75 view=0
02:52:15.965 DBG func handleHtnmsg htn. htn=25 localhtn=25 prelocalhtn=25
02:52:16.942 INF Handling PREPREPARE. nReq=84 senderID=3 sn=77
02:52:16.942 DBG Batch ready. batchSize=4096
02:52:16.942 DBG Creating new Batch. nReq=84
02:52:16.942 DBG Batch cut. left=0 nBuckets=21 nReq=84 next=0
02:52:16.942 DBG Waiting for batch. batchSize=4096
02:52:16.945 INF Sending PREPREPARE. nReq=84 senderID=0 sn=75 view=0
02:52:16.951 DBG Sending PREPARE. senderID=0 sn=77 view=0
02:52:16.951 DBG func sendPrepare prepare Tn. sn=77 tn=26
02:52:16.951 INF Handling PREPREPARE. nReq=88 senderID=2 sn=76
02:52:16.952 DBG Creating new Batch. nReq=88
02:52:16.951 DBG Sending COMMIT. senderID=0 sn=77 view=0
02:52:16.952 DBG func sendCommit commit Tn. sn=77 tn=26
02:52:16.952 DBG Sending Htn. senderID=0 sn=77 view=0
02:52:16.953 DBG func handleCommit commit Tn. tn=26
02:52:16.954 DBG func handleCommit commit Tn. tn=26
02:52:16.954 INF Committed entry. latency=0 nReq=84 sn=77
02:52:16.954 DBG Starting timer. sn=80 view=0
02:52:16.955 DBG func handleHtnmsg htn. htn=26 localhtn=26 prelocalhtn=26
02:52:16.955 DBG func handleHtnmsg htn. htn=26 localhtn=26 prelocalhtn=26
02:52:16.962 DBG Sending PREPARE. senderID=0 sn=76 view=0
02:52:16.962 DBG func sendPrepare prepare Tn. sn=76 tn=26
02:52:16.963 DBG Sending COMMIT. senderID=0 sn=76 view=0
02:52:16.963 DBG func sendCommit commit Tn. sn=76 tn=26
02:52:16.963 DBG Sending Htn. senderID=0 sn=76 view=0
02:52:16.964 DBG func handleCommit commit Tn. tn=26
02:52:16.965 DBG func handleCommit commit Tn. tn=26
02:52:16.965 INF Committed entry. latency=0 nReq=88 sn=76
02:52:16.966 DBG Starting timer. sn=79 view=0
02:52:16.966 DBG func handleHtnmsg htn. htn=26 localhtn=26 prelocalhtn=26
02:52:16.966 DBG func handleHtnmsg htn. htn=26 localhtn=26 prelocalhtn=26
02:52:16.966 DBG Sending COMMIT. senderID=0 sn=75 view=0
02:52:16.966 DBG func sendCommit commit Tn. sn=75 tn=26
02:52:16.967 DBG Sending Htn. senderID=0 sn=75 view=0
02:52:16.967 DBG func handleCommit commit Tn. tn=26
02:52:16.968 DBG func handleHtnmsg htn. htn=26 localhtn=26 prelocalhtn=26
02:52:16.968 DBG func handleCommit commit Tn. tn=26
02:52:16.968 INF Committed entry. latency=0 nReq=84 sn=75
02:52:16.969 INF Delivered batch. nReq=84 sn=75
02:52:16.969 INF Delivered batch. nReq=88 sn=76
02:52:16.969 INF Delivered batch. nReq=84 sn=77
02:52:16.969 DBG Starting timer. sn=78 view=0
02:52:16.969 DBG func handleHtnmsg htn. htn=26 localhtn=26 prelocalhtn=26
02:52:17.942 INF Handling PREPREPARE. nReq=85 senderID=3 sn=80
02:52:17.942 DBG Creating new Batch. nReq=85
02:52:17.943 DBG Batch ready. batchSize=4096
02:52:17.943 DBG Batch cut. left=0 nBuckets=21 nReq=84 next=0
02:52:17.944 DBG Waiting for batch. batchSize=4096
02:52:17.946 INF Sending PREPREPARE. nReq=84 senderID=0 sn=78 view=0
02:52:17.951 DBG Sending PREPARE. senderID=0 sn=80 view=0
02:52:17.951 DBG func sendPrepare prepare Tn. sn=80 tn=27
02:52:17.952 INF Handling PREPREPARE. nReq=89 senderID=2 sn=79
02:52:17.952 DBG Creating new Batch. nReq=89
02:52:17.953 DBG Sending COMMIT. senderID=0 sn=80 view=0
02:52:17.953 DBG func sendCommit commit Tn. sn=80 tn=27
02:52:17.953 DBG Sending Htn. senderID=0 sn=80 view=0
02:52:17.954 DBG func handleCommit commit Tn. tn=27
02:52:17.954 DBG func handleHtnmsg htn. htn=27 localhtn=27 prelocalhtn=27
02:52:17.955 DBG func handleCommit commit Tn. tn=27
02:52:17.955 INF Committed entry. latency=0 nReq=85 sn=80
02:52:17.955 DBG Starting timer. sn=83 view=0
02:52:17.955 DBG func handleHtnmsg htn. htn=27 localhtn=27 prelocalhtn=27
02:52:17.963 DBG Sending PREPARE. senderID=0 sn=79 view=0
02:52:17.963 DBG func sendPrepare prepare Tn. sn=79 tn=27
02:52:17.963 DBG Sending COMMIT. senderID=0 sn=79 view=0
02:52:17.963 DBG func sendCommit commit Tn. sn=79 tn=27
02:52:17.963 DBG Sending Htn. senderID=0 sn=79 view=0
02:52:17.964 DBG func handleCommit commit Tn. tn=27
02:52:17.965 DBG func handleHtnmsg htn. htn=27 localhtn=27 prelocalhtn=27
02:52:17.965 DBG func handleCommit commit Tn. tn=27
02:52:17.965 DBG Sending COMMIT. senderID=0 sn=78 view=0
02:52:17.966 DBG func sendCommit commit Tn. sn=78 tn=27
02:52:17.966 INF Committed entry. latency=0 nReq=89 sn=79
02:52:17.966 DBG Sending Htn. senderID=0 sn=78 view=0
02:52:17.966 DBG Starting timer. sn=82 view=0
02:52:17.966 DBG func handleHtnmsg htn. htn=27 localhtn=27 prelocalhtn=27
02:52:17.967 DBG func handleCommit commit Tn. tn=27
02:52:17.967 DBG func handleHtnmsg htn. htn=27 localhtn=27 prelocalhtn=27
02:52:17.968 DBG func handleCommit commit Tn. tn=27
02:52:17.968 INF Committed entry. latency=0 nReq=84 sn=78
02:52:17.969 INF Delivered batch. nReq=84 sn=78
02:52:17.969 INF Delivered batch. nReq=89 sn=79
02:52:17.969 INF Delivered batch. nReq=85 sn=80
02:52:17.969 DBG Starting timer. sn=81 view=0
02:52:17.969 DBG func handleHtnmsg htn. htn=27 localhtn=27 prelocalhtn=27
02:52:18.944 INF Handling PREPREPARE. nReq=84 senderID=3 sn=83
02:52:18.944 DBG Creating new Batch. nReq=84
02:52:18.944 DBG Batch ready. batchSize=4096
02:52:18.945 DBG Batch cut. left=0 nBuckets=21 nReq=84 next=0
02:52:18.945 DBG Waiting for batch. batchSize=4096
02:52:18.947 INF Sending PREPREPARE. nReq=84 senderID=0 sn=81 view=0
02:52:18.953 DBG Sending PREPARE. senderID=0 sn=83 view=0
02:52:18.954 DBG func sendPrepare prepare Tn. sn=83 tn=28
02:52:18.954 INF Handling PREPREPARE. nReq=88 senderID=2 sn=82
02:52:18.954 DBG Creating new Batch. nReq=88
02:52:18.955 DBG Sending COMMIT. senderID=0 sn=83 view=0
02:52:18.955 DBG func sendCommit commit Tn. sn=83 tn=28
02:52:18.955 DBG Sending Htn. senderID=0 sn=83 view=0
02:52:18.956 DBG func handleCommit commit Tn. tn=28
02:52:18.957 DBG func handleHtnmsg htn. htn=28 localhtn=28 prelocalhtn=28
02:52:18.957 DBG func handleCommit commit Tn. tn=28
02:52:18.958 INF Committed entry. latency=0 nReq=84 sn=83
02:52:18.958 DBG Starting timer. sn=86 view=0
02:52:18.958 DBG func handleHtnmsg htn. htn=28 localhtn=28 prelocalhtn=28
02:52:18.963 DBG Sending PREPARE. senderID=0 sn=82 view=0
02:52:18.963 DBG func sendPrepare prepare Tn. sn=82 tn=28
02:52:18.966 DBG Sending COMMIT. senderID=0 sn=82 view=0
02:52:18.966 DBG func sendCommit commit Tn. sn=82 tn=28
02:52:18.967 DBG Sending Htn. senderID=0 sn=82 view=0
02:52:18.967 DBG func handleCommit commit Tn. tn=28
02:52:18.967 DBG func handleHtnmsg htn. htn=28 localhtn=28 prelocalhtn=28
02:52:18.967 DBG func handleCommit commit Tn. tn=28
02:52:18.967 DBG Sending COMMIT. senderID=0 sn=81 view=0
02:52:18.968 DBG func sendCommit commit Tn. sn=81 tn=28
02:52:18.968 INF Committed entry. latency=0 nReq=88 sn=82
02:52:18.968 DBG Sending Htn. senderID=0 sn=81 view=0
02:52:18.968 DBG Starting timer. sn=85 view=0
02:52:18.968 DBG func handleHtnmsg htn. htn=28 localhtn=28 prelocalhtn=28
02:52:18.968 DBG func handleCommit commit Tn. tn=28
02:52:18.968 DBG func handleHtnmsg htn. htn=28 localhtn=28 prelocalhtn=28
02:52:18.969 DBG func handleCommit commit Tn. tn=28
02:52:18.969 INF Committed entry. latency=0 nReq=84 sn=81
02:52:18.969 INF Delivered batch. nReq=84 sn=81
02:52:18.969 INF Delivered batch. nReq=88 sn=82
02:52:18.969 INF Delivered batch. nReq=84 sn=83
02:52:18.969 DBG Starting timer. sn=84 view=0
02:52:18.970 DBG func handleHtnmsg htn. htn=28 localhtn=28 prelocalhtn=28
02:52:19.945 INF Handling PREPREPARE. nReq=84 senderID=3 sn=86
02:52:19.945 DBG Creating new Batch. nReq=84
02:52:19.946 DBG Batch ready. batchSize=4096
02:52:19.946 DBG Batch cut. left=0 nBuckets=21 nReq=84 next=0
02:52:19.948 DBG Waiting for batch. batchSize=4096
02:52:19.949 INF Sending PREPREPARE. nReq=84 senderID=0 sn=84 view=0
02:52:19.955 DBG Sending PREPARE. senderID=0 sn=86 view=0
02:52:19.955 INF Handling PREPREPARE. nReq=88 senderID=2 sn=85
02:52:19.955 DBG func sendPrepare prepare Tn. sn=86 tn=29
02:52:19.955 DBG Creating new Batch. nReq=88
02:52:19.956 DBG Sending COMMIT. senderID=0 sn=86 view=0
02:52:19.956 DBG func sendCommit commit Tn. sn=86 tn=29
02:52:19.956 DBG Sending Htn. senderID=0 sn=86 view=0
02:52:19.957 DBG func handleCommit commit Tn. tn=29
02:52:19.957 DBG func handleHtnmsg htn. htn=29 localhtn=29 prelocalhtn=29
02:52:19.957 DBG func handleCommit commit Tn. tn=29
02:52:19.958 INF Committed entry. latency=0 nReq=84 sn=86
02:52:19.958 DBG Starting timer. sn=89 view=0
02:52:19.958 DBG func handleHtnmsg htn. htn=29 localhtn=29 prelocalhtn=29
02:52:19.966 DBG Sending PREPARE. senderID=0 sn=85 view=0
02:52:19.967 DBG func sendPrepare prepare Tn. sn=85 tn=29
02:52:19.967 DBG Sending COMMIT. senderID=0 sn=85 view=0
02:52:19.968 DBG func sendCommit commit Tn. sn=85 tn=29
02:52:19.968 DBG Sending Htn. senderID=0 sn=85 view=0
02:52:19.968 DBG func handleCommit commit Tn. tn=29
02:52:19.969 DBG func handleCommit commit Tn. tn=29
02:52:19.969 DBG Sending COMMIT. senderID=0 sn=84 view=0
02:52:19.970 DBG func sendCommit commit Tn. sn=84 tn=29
02:52:19.970 INF Committed entry. latency=0 nReq=88 sn=85
02:52:19.970 DBG Sending Htn. senderID=0 sn=84 view=0
02:52:19.970 DBG Starting timer. sn=88 view=0
02:52:19.970 DBG func handleHtnmsg htn. htn=29 localhtn=29 prelocalhtn=29
02:52:19.970 DBG func handleHtnmsg htn. htn=29 localhtn=29 prelocalhtn=29
02:52:19.970 DBG func handleCommit commit Tn. tn=29
02:52:19.971 DBG func handleCommit commit Tn. tn=29
02:52:19.971 INF Committed entry. latency=0 nReq=84 sn=84
02:52:19.971 INF Delivered batch. nReq=84 sn=84
02:52:19.971 INF Delivered batch. nReq=88 sn=85
02:52:19.971 INF Delivered batch. nReq=84 sn=86
02:52:19.971 DBG Starting timer. sn=87 view=0
02:52:19.972 DBG func handleHtnmsg htn. htn=29 localhtn=29 prelocalhtn=29
02:52:19.972 DBG func handleHtnmsg htn. htn=29 localhtn=29 prelocalhtn=29
02:52:20.946 INF Handling PREPREPARE. nReq=84 senderID=3 sn=89
02:52:20.946 DBG Creating new Batch. nReq=84
02:52:20.948 DBG Batch ready. batchSize=4096
02:52:20.949 DBG Batch cut. left=0 nBuckets=21 nReq=84 next=0
02:52:20.949 DBG Waiting for batch. batchSize=4096
02:52:20.950 INF Sending PREPREPARE. nReq=84 senderID=0 sn=87 view=0
02:52:20.956 DBG Sending PREPARE. senderID=0 sn=89 view=0
02:52:20.956 DBG func sendPrepare prepare Tn. sn=89 tn=30
02:52:20.956 DBG Sending COMMIT. senderID=0 sn=89 view=0
02:52:20.956 DBG func sendCommit commit Tn. sn=89 tn=30
02:52:20.956 DBG Sending Htn. senderID=0 sn=89 view=0
02:52:20.957 INF Handling PREPREPARE. nReq=89 senderID=2 sn=88
02:52:20.957 DBG Creating new Batch. nReq=89
02:52:20.958 DBG func handleCommit commit Tn. tn=30
02:52:20.958 DBG func handleCommit commit Tn. tn=30
02:52:20.958 INF Committed entry. latency=0 nReq=84 sn=89
02:52:20.959 DBG Starting timer. sn=92 view=0
02:52:20.959 DBG func handleHtnmsg htn. htn=30 localhtn=30 prelocalhtn=30
02:52:20.959 DBG func handleHtnmsg htn. htn=30 localhtn=30 prelocalhtn=30
02:52:20.965 DBG Sending PREPARE. senderID=0 sn=88 view=0
02:52:20.966 DBG func sendPrepare prepare Tn. sn=88 tn=30
02:52:20.968 DBG Sending COMMIT. senderID=0 sn=88 view=0
02:52:20.968 DBG func sendCommit commit Tn. sn=88 tn=30
02:52:20.968 DBG Sending Htn. senderID=0 sn=88 view=0
02:52:20.969 DBG func handleCommit commit Tn. tn=30
02:52:20.969 DBG func handleCommit commit Tn. tn=30
02:52:20.969 INF Committed entry. latency=0 nReq=89 sn=88
02:52:20.970 DBG Starting timer. sn=91 view=0
02:52:20.970 DBG func handleHtnmsg htn. htn=30 localhtn=30 prelocalhtn=30
02:52:20.970 DBG func handleHtnmsg htn. htn=30 localhtn=30 prelocalhtn=30
02:52:20.970 DBG Sending COMMIT. senderID=0 sn=87 view=0
02:52:20.971 DBG func sendCommit commit Tn. sn=87 tn=30
02:52:20.971 DBG Sending Htn. senderID=0 sn=87 view=0
02:52:20.971 DBG func handleCommit commit Tn. tn=30
02:52:20.971 DBG func handleHtnmsg htn. htn=30 localhtn=30 prelocalhtn=30
02:52:20.971 DBG func handleCommit commit Tn. tn=30
02:52:20.972 INF Committed entry. latency=0 nReq=84 sn=87
02:52:20.972 INF Delivered batch. nReq=84 sn=87
02:52:20.972 INF Delivered batch. nReq=89 sn=88
02:52:20.972 INF Delivered batch. nReq=84 sn=89
02:52:20.972 DBG Starting timer. sn=90 view=0
02:52:20.972 DBG func handleHtnmsg htn. htn=30 localhtn=30 prelocalhtn=30
02:52:21.949 INF Handling PREPREPARE. nReq=84 senderID=3 sn=92
02:52:21.949 DBG Creating new Batch. nReq=84
02:52:21.949 DBG Batch ready. batchSize=4096
02:52:21.950 DBG Batch cut. left=0 nBuckets=21 nReq=84 next=0
02:52:21.950 DBG Waiting for batch. batchSize=4096
02:52:21.953 INF Sending PREPREPARE. nReq=84 senderID=0 sn=90 view=0
02:52:21.959 DBG Sending PREPARE. senderID=0 sn=92 view=0
02:52:21.959 INF Handling PREPREPARE. nReq=88 senderID=2 sn=91
02:52:21.959 DBG func sendPrepare prepare Tn. sn=92 tn=31
02:52:21.959 DBG Creating new Batch. nReq=88
02:52:21.960 DBG Sending COMMIT. senderID=0 sn=92 view=0
02:52:21.960 DBG func sendCommit commit Tn. sn=92 tn=31
02:52:21.960 DBG Sending Htn. senderID=0 sn=92 view=0
02:52:21.962 DBG func handleCommit commit Tn. tn=31
02:52:21.962 DBG func handleHtnmsg htn. htn=31 localhtn=31 prelocalhtn=31
02:52:21.962 DBG func handleCommit commit Tn. tn=31
02:52:21.963 INF Committed entry. latency=0 nReq=84 sn=92
02:52:21.963 DBG Starting timer. sn=95 view=0
02:52:21.963 DBG func handleHtnmsg htn. htn=31 localhtn=31 prelocalhtn=31
02:52:21.968 DBG Sending PREPARE. senderID=0 sn=91 view=0
02:52:21.968 DBG func sendPrepare prepare Tn. sn=91 tn=31
02:52:21.970 DBG Sending COMMIT. senderID=0 sn=91 view=0
02:52:21.970 DBG func sendCommit commit Tn. sn=91 tn=31
02:52:21.971 DBG Sending Htn. senderID=0 sn=91 view=0
02:52:21.971 DBG func handleCommit commit Tn. tn=31
02:52:21.971 DBG func handleHtnmsg htn. htn=31 localhtn=31 prelocalhtn=31
02:52:21.972 DBG func handleCommit commit Tn. tn=31
02:52:21.972 INF Committed entry. latency=0 nReq=88 sn=91
02:52:21.972 DBG Starting timer. sn=94 view=0
02:52:21.972 DBG func handleHtnmsg htn. htn=31 localhtn=31 prelocalhtn=31
02:52:21.972 DBG Sending COMMIT. senderID=0 sn=90 view=0
02:52:21.973 DBG func sendCommit commit Tn. sn=90 tn=31
02:52:21.973 DBG Sending Htn. senderID=0 sn=90 view=0
02:52:21.973 DBG func handleCommit commit Tn. tn=31
02:52:21.974 DBG func handleHtnmsg htn. htn=31 localhtn=31 prelocalhtn=31
02:52:21.974 DBG func handleCommit commit Tn. tn=31
02:52:21.975 INF Committed entry. latency=0 nReq=84 sn=90
02:52:21.975 INF Delivered batch. nReq=84 sn=90
02:52:21.975 INF Delivered batch. nReq=88 sn=91
02:52:21.975 INF Delivered batch. nReq=84 sn=92
02:52:21.975 DBG Starting timer. sn=93 view=0
02:52:21.975 DBG func handleHtnmsg htn. htn=31 localhtn=31 prelocalhtn=31
02:52:22.949 INF Handling PREPREPARE. nReq=84 senderID=3 sn=95
02:52:22.950 DBG Creating new Batch. nReq=84
02:52:22.951 DBG Batch ready. batchSize=4096
02:52:22.952 DBG Batch cut. left=0 nBuckets=21 nReq=84 next=0
02:52:22.952 DBG Waiting for batch. batchSize=4096
02:52:22.955 INF Sending PREPREPARE. nReq=84 senderID=0 sn=93 view=0
02:52:22.958 DBG Sending PREPARE. senderID=0 sn=95 view=0
02:52:22.958 DBG func sendPrepare prepare Tn. sn=95 tn=32
02:52:22.960 INF Handling PREPREPARE. nReq=87 senderID=2 sn=94
02:52:22.960 DBG Creating new Batch. nReq=87
02:52:22.962 DBG Sending COMMIT. senderID=0 sn=95 view=0
02:52:22.962 DBG func sendCommit commit Tn. sn=95 tn=32
02:52:22.962 DBG Sending Htn. senderID=0 sn=95 view=0
02:52:22.962 DBG func handleCommit commit Tn. tn=32
02:52:22.962 DBG func handleHtnmsg htn. htn=32 localhtn=32 prelocalhtn=32
02:52:22.963 DBG func handleCommit commit Tn. tn=32
02:52:22.963 INF Committed entry. latency=0 nReq=84 sn=95
02:52:22.963 DBG Starting timer. sn=98 view=0
02:52:22.963 DBG func handleHtnmsg htn. htn=32 localhtn=32 prelocalhtn=32
02:52:22.969 DBG Sending PREPARE. senderID=0 sn=94 view=0
02:52:22.969 DBG func sendPrepare prepare Tn. sn=94 tn=32
02:52:22.971 DBG Sending COMMIT. senderID=0 sn=94 view=0
02:52:22.971 DBG func sendCommit commit Tn. sn=94 tn=32
02:52:22.971 DBG Sending Htn. senderID=0 sn=94 view=0
02:52:22.972 DBG func handleCommit commit Tn. tn=32
02:52:22.973 DBG func handleCommit commit Tn. tn=32
02:52:22.973 INF Committed entry. latency=0 nReq=87 sn=94
02:52:22.973 DBG Starting timer. sn=97 view=0
02:52:22.973 DBG func handleHtnmsg htn. htn=32 localhtn=32 prelocalhtn=32
02:52:22.973 DBG func handleHtnmsg htn. htn=32 localhtn=32 prelocalhtn=32
02:52:22.974 DBG Sending COMMIT. senderID=0 sn=93 view=0
02:52:22.974 DBG func sendCommit commit Tn. sn=93 tn=32
02:52:22.974 DBG Sending Htn. senderID=0 sn=93 view=0
02:52:22.976 DBG func handleCommit commit Tn. tn=32
02:52:22.976 DBG func handleHtnmsg htn. htn=32 localhtn=32 prelocalhtn=32
02:52:22.976 DBG func handleCommit commit Tn. tn=32
02:52:22.977 INF Committed entry. latency=0 nReq=84 sn=93
02:52:22.977 INF Delivered batch. nReq=84 sn=93
02:52:22.977 INF Delivered batch. nReq=87 sn=94
02:52:22.977 INF Delivered batch. nReq=84 sn=95
02:52:22.977 DBG Starting timer. sn=96 view=0
02:52:22.977 DBG func handleHtnmsg htn. htn=32 localhtn=32 prelocalhtn=32
02:52:23.939 INF Connection terminated. error="rpc error: code = Canceled desc = context canceled" address=127.0.0.1:44658
02:52:23.940 INF Finished sending bucket assignments to client. clId=0
02:52:23.944 INF Handling PREPREPARE. nReq=0 senderID=3 sn=98
02:52:23.944 DBG Creating new Batch. nReq=0
02:52:23.944 DBG Sending PREPARE. senderID=0 sn=98 view=0
02:52:23.944 DBG func sendPrepare prepare Tn. sn=98 tn=33
02:52:23.946 DBG Sending COMMIT. senderID=0 sn=98 view=0
02:52:23.946 DBG func sendCommit commit Tn. sn=98 tn=33
02:52:23.946 DBG Sending Htn. senderID=0 sn=98 view=0
02:52:23.947 DBG func handleCommit commit Tn. tn=33
02:52:23.947 DBG func handleCommit commit Tn. tn=33
02:52:23.948 INF Committed entry. latency=0 nReq=0 sn=98
02:52:23.948 DBG Starting timer. sn=101 view=0
02:52:23.948 DBG func handleHtnmsg htn. htn=33 localhtn=33 prelocalhtn=33
02:52:23.948 DBG func handleHtnmsg htn. htn=33 localhtn=33 prelocalhtn=33
02:52:23.951 INF Handling PREPREPARE. nReq=0 senderID=2 sn=97
02:52:23.951 DBG Creating new Batch. nReq=0
02:52:23.952 DBG Sending PREPARE. senderID=0 sn=97 view=0
02:52:23.952 DBG func sendPrepare prepare Tn. sn=97 tn=33
02:52:23.953 DBG Batch ready. batchSize=4096
02:52:23.953 DBG Sending COMMIT. senderID=0 sn=97 view=0
02:52:23.953 DBG func sendCommit commit Tn. sn=97 tn=33
02:52:23.953 DBG Batch cut. left=0 nBuckets=21 nReq=0 next=0
02:52:23.953 DBG Sending Htn. senderID=0 sn=97 view=0
02:52:23.953 DBG Waiting for batch. batchSize=4096
02:52:23.953 INF Sending PREPREPARE. nReq=0 senderID=0 sn=96 view=0
02:52:23.954 DBG func handleCommit commit Tn. tn=33
02:52:23.954 DBG func handleHtnmsg htn. htn=33 localhtn=33 prelocalhtn=33
02:52:23.954 DBG func handleCommit commit Tn. tn=33
02:52:23.954 INF Committed entry. latency=0 nReq=0 sn=97
02:52:23.954 DBG Starting timer. sn=100 view=0
02:52:23.955 DBG func handleHtnmsg htn. htn=33 localhtn=33 prelocalhtn=33
02:52:23.957 DBG Sending COMMIT. senderID=0 sn=96 view=0
02:52:23.957 DBG func sendCommit commit Tn. sn=96 tn=33
02:52:23.957 DBG Sending Htn. senderID=0 sn=96 view=0
02:52:23.957 DBG func handleCommit commit Tn. tn=33
02:52:23.957 DBG func handleHtnmsg htn. htn=33 localhtn=33 prelocalhtn=33
02:52:23.957 DBG func handleCommit commit Tn. tn=33
02:52:23.958 INF Committed entry. latency=0 nReq=0 sn=96
02:52:23.958 INF Delivered batch. nReq=0 sn=96
02:52:23.958 INF Delivered batch. nReq=0 sn=97
02:52:23.958 INF Delivered batch. nReq=0 sn=98
02:52:23.958 DBG Starting timer. sn=99 view=0
02:52:23.958 DBG func handleHtnmsg htn. htn=33 localhtn=33 prelocalhtn=33
02:52:24.288 INF Stopping profiler.
02:52:24.288 INF Stopping Tracer. events=205 fileName=experiment-output/0000/slave-003/peer.trc
==================
WARNING: DATA RACE
Read at 0x00c0009a0000 by goroutine 115:
  runtime.racereadrange()
      <autogenerated>:1 +0x1b
  github.com/hyperledger-labs/mirbft/tracing.(*BufferedTrace).StopOnSignal.func1()
      /opt/gopath/src/github.com/hyperledger-labs/mirbft/tracing/bufferedtrace.go:298 +0x4e

Previous write at 0x00c0009a0000 by goroutine 412:
  github.com/hyperledger-labs/mirbft/tracing.(*BufferedTrace).Event()
      /opt/gopath/src/github.com/hyperledger-labs/mirbft/tracing/bufferedtrace.go:105 +0x2d9
  github.com/hyperledger-labs/mirbft/manager.(*MirManager).handleLogEntries()
      /opt/gopath/src/github.com/hyperledger-labs/mirbft/manager/mirmanager.go:139 +0x1d8
  github.com/hyperledger-labs/mirbft/manager.(*MirManager).Startdwrap7()
      /opt/gopath/src/github.com/hyperledger-labs/mirbft/manager/mirmanager.go:101 +0x47

Goroutine 115 (running) created at:
  github.com/hyperledger-labs/mirbft/tracing.(*BufferedTrace).StopOnSignal()
      /opt/gopath/src/github.com/hyperledger-labs/mirbft/tracing/bufferedtrace.go:292 +0x172
  main.setUpTracing()
      /opt/gopath/src/github.com/hyperledger-labs/mirbft/cmd/orderingpeer/main.go:204 +0xf5
  main.main()
      /opt/gopath/src/github.com/hyperledger-labs/mirbft/cmd/orderingpeer/main.go:98 +0x9d6

Goroutine 412 (running) created at:
  github.com/hyperledger-labs/mirbft/manager.(*MirManager).Start()
      /opt/gopath/src/github.com/hyperledger-labs/mirbft/manager/mirmanager.go:101 +0x19e
  main.maindwrap4()
      /opt/gopath/src/github.com/hyperledger-labs/mirbft/cmd/orderingpeer/main.go:168 +0x59
==================
==================
WARNING: DATA RACE
Read at 0x00c0009a1f40 by goroutine 115:
  runtime.racereadrange()
      <autogenerated>:1 +0x1b
  github.com/hyperledger-labs/mirbft/tracing.(*BufferedTrace).StopOnSignal.func1()
      /opt/gopath/src/github.com/hyperledger-labs/mirbft/tracing/bufferedtrace.go:298 +0x4e

Previous write at 0x00c0009a1f40 by goroutine 114:
  github.com/hyperledger-labs/mirbft/tracing.(*BufferedTrace).Event()
      /opt/gopath/src/github.com/hyperledger-labs/mirbft/tracing/bufferedtrace.go:105 +0x2d9
  github.com/hyperledger-labs/mirbft/profiling.StartCPUTracing.func1()
      /opt/gopath/src/github.com/hyperledger-labs/mirbft/profiling/cpuusage.go:31 +0x95

Goroutine 115 (running) created at:
  github.com/hyperledger-labs/mirbft/tracing.(*BufferedTrace).StopOnSignal()
      /opt/gopath/src/github.com/hyperledger-labs/mirbft/tracing/bufferedtrace.go:292 +0x172
  main.setUpTracing()
      /opt/gopath/src/github.com/hyperledger-labs/mirbft/cmd/orderingpeer/main.go:204 +0xf5
  main.main()
      /opt/gopath/src/github.com/hyperledger-labs/mirbft/cmd/orderingpeer/main.go:98 +0x9d6

Goroutine 114 (running) created at:
  github.com/hyperledger-labs/mirbft/profiling.StartCPUTracing()
      /opt/gopath/src/github.com/hyperledger-labs/mirbft/profiling/cpuusage.go:28 +0xb6
  main.setUpTracing()
      /opt/gopath/src/github.com/hyperledger-labs/mirbft/cmd/orderingpeer/main.go:196 +0x85
  main.main()
      /opt/gopath/src/github.com/hyperledger-labs/mirbft/cmd/orderingpeer/main.go:98 +0x9d6
==================
02:52:24.291 INF Trace data written.
02:52:24.333 INF Profile data written. filename=experiment-output/0000/slave-003/prof.mutex name=mutex
02:52:24.451 INF Connection terminated. error="rpc error: code = Canceled desc = context canceled" address=127.0.0.1:44588
02:52:24.451 INF Connection terminated. error="rpc error: code = Canceled desc = context canceled" address=127.0.0.1:44560
02:52:24.451 INF Connection terminated. error="rpc error: code = Canceled desc = context canceled" address=127.0.0.1:44472
02:52:24.451 INF Connection terminated. error="rpc error: code = Canceled desc = context canceled" address=127.0.0.1:44542
02:52:24.451 INF Connection terminated. error="rpc error: code = Canceled desc = context canceled" address=127.0.0.1:44554
02:52:24.451 INF Connection terminated. error="rpc error: code = Canceled desc = context canceled" address=127.0.0.1:44458
02:52:24.489 INF Connection terminated. error="rpc error: code = Canceled desc = context canceled" address=127.0.0.1:44546
02:52:24.489 INF Connection terminated. error="rpc error: code = Canceled desc = context canceled" address=127.0.0.1:44552
02:52:24.489 INF Connection terminated. error="rpc error: code = Canceled desc = context canceled" address=127.0.0.1:44524
02:52:24.489 INF Connection terminated. error="rpc error: code = Canceled desc = context canceled" address=127.0.0.1:44468
02:52:24.489 INF Connection terminated. error="rpc error: code = Canceled desc = context canceled" address=127.0.0.1:44584
02:52:24.489 INF Connection terminated. error="rpc error: code = Canceled desc = context canceled" address=127.0.0.1:44484
02:52:24.540 INF Profile data written. filename=experiment-output/0000/slave-003/prof.cpu name=cpu
02:52:24.593 INF Profile data written. filename=experiment-output/0000/slave-003/prof.block name=block
