3:23AM INF Received own slave ID. ownSlaveId=2
3:23AM INF OK status=0
3:23AM INF Received command. cmdId=3
3:23AM INF Received an ExecStart command args="[-p experiment-output/0000/slave-__id__/config]" cmd=mkdir outFile=/dev/null
3:23AM INF OK status=0
3:23AM INF Received command. cmdId=4
3:23AM INF Received command. cmdType=ExecWait
3:23AM INF OK status=0
3:23AM INF Received command. cmdId=5
3:23AM INF Received an ExecStart command args="[config/config-0000.yml experiment-output/0000/slave-__id__/config/config.yml]" cmd=cp outFile=/dev/null
3:23AM INF OK status=0
3:23AM INF Received command. cmdId=6
3:23AM INF Received command. cmdType=ExecWait
3:23AM INF OK status=0
3:23AM INF Received command. cmdId=9
3:23AM INF Received command. cmdType=Noop
3:23AM INF Noop. Doing nothing. status=0
3:23AM INF Received command. cmdId=12
3:23AM INF Received an ExecStart command args="[experiment-output/0000/slave-__id__/config/config.yml 127.0.0.1:9999 127.0.0.1 127.0.0.1 experiment-output/0000/slave-__id__/peer.trc experiment-output/0000/slave-__id__/prof]" cmd=orderingpeer outFile=experiment-output/0000/slave-__id__/peer.log
3:23AM INF OK status=0
3:23AM INF Received command. cmdId=18
3:23AM INF Received command. cmdType=ExecSignal
3:23AM INF OK status=0
3:23AM INF Received command. cmdId=23
3:23AM INF Received an ExecStart command args="[-p experiment-output/0001/slave-__id__/config]" cmd=mkdir outFile=/dev/null
3:23AM INF OK status=0
3:23AM INF Received command. cmdId=24
3:23AM INF Received command. cmdType=ExecWait
3:23AM INF OK status=0
3:23AM INF Received command. cmdId=25
3:23AM INF Received an ExecStart command args="[config/config-0001.yml experiment-output/0001/slave-__id__/config/config.yml]" cmd=cp outFile=/dev/null
3:23AM INF OK status=0
3:23AM INF Received command. cmdId=26
3:23AM INF Received command. cmdType=ExecWait
3:23AM INF OK status=0
3:23AM INF Received command. cmdId=29
3:23AM INF Received command. cmdType=Noop
3:23AM INF Noop. Doing nothing. status=0
3:23AM INF Received command. cmdId=32
3:23AM INF Received an ExecStart command args="[experiment-output/0001/slave-__id__/config/config.yml 127.0.0.1:9999 127.0.0.1 127.0.0.1 experiment-output/0001/slave-__id__/peer.trc experiment-output/0001/slave-__id__/prof]" cmd=orderingpeer outFile=experiment-output/0001/slave-__id__/peer.log
3:23AM INF OK status=0
3:24AM INF Received command. cmdId=38
3:24AM INF Received command. cmdType=ExecSignal
3:24AM INF OK status=0
3:24AM INF Received command. cmdId=43
3:24AM INF Received an ExecStart command args="[-p experiment-output/0002/slave-__id__/config]" cmd=mkdir outFile=/dev/null
3:24AM INF OK status=0
3:24AM INF Received command. cmdId=44
3:24AM INF Received command. cmdType=ExecWait
3:24AM INF OK status=0
3:24AM INF Received command. cmdId=45
3:24AM INF Received an ExecStart command args="[config/config-0002.yml experiment-output/0002/slave-__id__/config/config.yml]" cmd=cp outFile=/dev/null
3:24AM INF OK status=0
3:24AM INF Received command. cmdId=46
3:24AM INF Received command. cmdType=ExecWait
3:24AM INF OK status=0
3:24AM INF Received command. cmdId=49
3:24AM INF Received command. cmdType=Noop
3:24AM INF Noop. Doing nothing. status=0
3:24AM INF Received command. cmdId=52
3:24AM INF Received an ExecStart command args="[experiment-output/0002/slave-__id__/config/config.yml 127.0.0.1:9999 127.0.0.1 127.0.0.1 experiment-output/0002/slave-__id__/peer.trc experiment-output/0002/slave-__id__/prof]" cmd=orderingpeer outFile=experiment-output/0002/slave-__id__/peer.log
3:24AM INF OK status=0
3:25AM INF Received command. cmdId=58
3:25AM INF Received command. cmdType=ExecSignal
3:25AM INF OK status=0
3:25AM INF Received command. cmdId=63
3:25AM INF Received an ExecStart command args="[-p experiment-output/0003/slave-__id__/config]" cmd=mkdir outFile=/dev/null
3:25AM INF OK status=0
3:25AM INF Received command. cmdId=64
3:25AM INF Received command. cmdType=ExecWait
3:25AM INF OK status=0
3:25AM INF Received command. cmdId=65
3:25AM INF Received an ExecStart command args="[config/config-0003.yml experiment-output/0003/slave-__id__/config/config.yml]" cmd=cp outFile=/dev/null
3:25AM INF OK status=0
3:25AM INF Received command. cmdId=66
3:25AM INF Received command. cmdType=ExecWait
3:25AM INF OK status=0
3:25AM INF Received command. cmdId=69
3:25AM INF Received command. cmdType=Noop
3:25AM INF Noop. Doing nothing. status=0
3:25AM INF Received command. cmdId=72
3:25AM INF Received an ExecStart command args="[experiment-output/0003/slave-__id__/config/config.yml 127.0.0.1:9999 127.0.0.1 127.0.0.1 experiment-output/0003/slave-__id__/peer.trc experiment-output/0003/slave-__id__/prof]" cmd=orderingpeer outFile=experiment-output/0003/slave-__id__/peer.log
3:25AM INF OK status=0
3:25AM INF Received command. cmdId=78
3:25AM INF Received command. cmdType=ExecSignal
3:25AM INF OK status=0
3:25AM INF Received command. cmdId=83
3:25AM INF Received command. cmdType=Stop
