{"level":"debug","Logging":"debug","time":"2022-08-10T11:23:13+08:00","message":"Config"}
{"level":"debug","UseTLS":false,"time":"2022-08-10T11:23:13+08:00","message":"Config"}
{"level":"debug","CACertFile":"tls-data/ca.pem","time":"2022-08-10T11:23:13+08:00","message":"Config"}
{"level":"debug","KeyFile":"tls-data/auth.key","time":"2022-08-10T11:23:13+08:00","message":"Config"}
{"level":"debug","CertFile":"tls-data/auth.pem","time":"2022-08-10T11:23:13+08:00","message":"Config"}
{"level":"debug","PriorityConnections":2,"time":"2022-08-10T11:23:13+08:00","message":"Config"}
{"level":"debug","BasicConnections":4,"time":"2022-08-10T11:23:13+08:00","message":"Config"}
{"level":"debug","TestConnections":false,"time":"2022-08-10T11:23:13+08:00","message":"Config"}
{"level":"debug","ExcessConnections":1,"time":"2022-08-10T11:23:13+08:00","message":"Config"}
{"level":"debug","ConnectionTestMsgs":4,"time":"2022-08-10T11:23:13+08:00","message":"Config"}
{"level":"debug","ConnectionTestPayload":131072,"time":"2022-08-10T11:23:13+08:00","message":"Config"}
{"level":"debug","OutMessageBufsize":1024,"time":"2022-08-10T11:23:13+08:00","message":"Config"}
{"level":"debug","OutMessageBufsize":1,"time":"2022-08-10T11:23:13+08:00","message":"Config"}
{"level":"debug","ThroughputCap":131072000,"time":"2022-08-10T11:23:13+08:00","message":"Config"}
{"level":"debug","StragglerTolerance":1000,"time":"2022-08-10T11:23:13+08:00","message":"Config"}
{"level":"debug","BatchSizeIncrement":256,"time":"2022-08-10T11:23:13+08:00","message":"Config"}
{"level":"debug","Orderer":"Pbft","time":"2022-08-10T11:23:13+08:00","message":"Config"}
{"level":"debug","Manager":"Mir","time":"2022-08-10T11:23:13+08:00","message":"Config"}
{"level":"debug","Failures":0,"time":"2022-08-10T11:23:13+08:00","message":"Config"}
{"level":"debug","CrashTiming":"Straggler","time":"2022-08-10T11:23:13+08:00","message":"Config"}
{"level":"debug","CheckpointInterval":256,"time":"2022-08-10T11:23:13+08:00","message":"Config"}
{"level":"debug","WatermarkWindowSize":256,"time":"2022-08-10T11:23:13+08:00","message":"Config"}
{"level":"debug","EpochLength":256,"time":"2022-08-10T11:23:13+08:00","message":"Config"}
{"level":"debug","SegmentLength":64,"time":"2022-08-10T11:23:13+08:00","message":"Config"}
{"level":"debug","WaitForCheckpoints":true,"time":"2022-08-10T11:23:13+08:00","message":"Config"}
{"level":"debug","ClientWatermarkWindowSize":4194304,"time":"2022-08-10T11:23:13+08:00","message":"Config"}
{"level":"debug","ClientRequestBacklogSize":4194304,"time":"2022-08-10T11:23:13+08:00","message":"Config"}
{"level":"debug","RandomSeed":19955,"time":"2022-08-10T11:23:13+08:00","message":"Config"}
{"level":"debug","NodeToLeaderRatio":1,"time":"2022-08-10T11:23:13+08:00","message":"Config"}
{"level":"debug","LeaderPolicy":"Simple","time":"2022-08-10T11:23:13+08:00","message":"Config"}
{"level":"debug","DefaultLeaderBan":2,"time":"2022-08-10T11:23:13+08:00","message":"Config"}
{"level":"debug","NumBuckets":64,"time":"2022-08-10T11:23:13+08:00","message":"Config"}
{"level":"debug","BatchSize":1000,"time":"2022-08-10T11:23:13+08:00","message":"Config"}
{"level":"debug","DisabledViewChange":false,"time":"2022-08-10T11:23:13+08:00","message":"Config"}
{"level":"debug","ViewChangeTimeout":60000,"time":"2022-08-10T11:23:13+08:00","message":"Config"}
{"level":"debug","ClientTraceSampling":10,"time":"2022-08-10T11:23:13+08:00","message":"Config"}
{"level":"debug","EventBufferSize":2097152,"time":"2022-08-10T11:23:13+08:00","message":"Config"}
{"level":"debug","TraceSampling":1,"time":"2022-08-10T11:23:13+08:00","message":"Config"}
{"level":"debug","ClientsPerProcess":1,"time":"2022-08-10T11:23:13+08:00","message":"Config"}
{"level":"debug","RequestsPerClient":7680,"time":"2022-08-10T11:23:13+08:00","message":"Config"}
{"level":"debug","ClientRunTime":30000,"time":"2022-08-10T11:23:13+08:00","message":"Config"}
{"level":"debug","RequestRate":128,"time":"2022-08-10T11:23:13+08:00","message":"Config"}
{"level":"debug","HardRequestRateLimit":false,"time":"2022-08-10T11:23:13+08:00","message":"Config"}
{"level":"debug","RequestPayloadSize":500,"time":"2022-08-10T11:23:13+08:00","message":"Config"}
{"level":"debug","SignRequests":true,"time":"2022-08-10T11:23:13+08:00","message":"Config"}
{"level":"debug","ClientPrivKeyFile":"tls-data/client-ecdsa-256.key","time":"2022-08-10T11:23:13+08:00","message":"Config"}
{"level":"debug","ClientPubKeyFile":"tls-data/client-ecdsa-256.pem","time":"2022-08-10T11:23:13+08:00","message":"Config"}
{"level":"debug","PrecomputeRequests":false,"time":"2022-08-10T11:23:13+08:00","message":"Config"}
{"level":"debug","RequestHandlerThreads":32,"time":"2022-08-10T11:23:13+08:00","message":"Config"}
{"level":"debug","RequestInputChannelBuffer":8192,"time":"2022-08-10T11:23:13+08:00","message":"Config"}
{"level":"debug","BatchVerifier":"external","time":"2022-08-10T11:23:13+08:00","message":"Config"}
03:23:13.741 INF Registered with discovery server. numPeers=4 ownID=3
03:23:13.742 INF Profiling enabled.
03:23:13.742 INF Setting up profiling.
03:23:13.742 INF Started Profiler: CPU
03:23:13.742 INF Started Profiler: BLOCK
03:23:13.742 INF Started Profiler: MUTEX
03:23:13.742 INF Profiler will stop on signal. exit=true
03:23:13.745 INF Tracing will stop on signal. exit=false
03:23:13.745 INF Started tracing. traceFile=experiment-output/0000/slave-002/peer.trc
03:23:13.746 DBG Starting backlog.
03:23:13.746 INF Listening for connections. port=10033 useTLS=false
03:23:13.746 INF Connecting to peer. addr=127.0.0.1:10033 basicConns=4 priorityConns=2
03:23:13.746 INF Connecting to peer. addr=127.0.0.1:10000 basicConns=4 priorityConns=2
03:23:13.747 INF Connecting to peer. addr=127.0.0.1:10022 basicConns=4 priorityConns=2
03:23:13.747 INF Connecting to peer. addr=127.0.0.1:10011 basicConns=4 priorityConns=2
03:23:13.772 INF Incoming connection for protocol messages. addr=127.0.0.1:56248
03:23:13.773 INF Incoming connection for protocol messages. addr=127.0.0.1:56266
03:23:13.773 INF Incoming connection for protocol messages. addr=127.0.0.1:56260
03:23:13.773 INF Incoming connection for protocol messages. addr=127.0.0.1:56302
03:23:13.774 INF Incoming connection for protocol messages. addr=127.0.0.1:56262
03:23:13.774 INF Incoming connection for protocol messages. addr=127.0.0.1:56282
03:23:13.774 INF Incoming connection for protocol messages. addr=127.0.0.1:56256
03:23:13.775 INF Incoming connection for protocol messages. addr=127.0.0.1:56252
03:23:13.775 INF Incoming connection for protocol messages. addr=127.0.0.1:56310
03:23:13.775 INF Incoming connection for protocol messages. addr=127.0.0.1:56300
03:23:13.777 INF Incoming connection for protocol messages. addr=127.0.0.1:56316
03:23:13.778 INF Incoming connection for protocol messages. addr=127.0.0.1:56328
03:23:13.778 INF Incoming connection for protocol messages. addr=127.0.0.1:56336
03:23:13.779 INF Incoming connection for protocol messages. addr=127.0.0.1:56360
03:23:13.779 INF Incoming connection for protocol messages. addr=127.0.0.1:56372
03:23:13.780 DBG Connected. peerID=3
03:23:13.780 INF Incoming connection for protocol messages. addr=127.0.0.1:56414
03:23:13.780 INF Incoming connection for protocol messages. addr=127.0.0.1:56366
03:23:13.781 INF Incoming connection for protocol messages. addr=127.0.0.1:56404
03:23:13.781 INF Incoming connection for protocol messages. addr=127.0.0.1:56400
03:23:13.781 INF Incoming connection for protocol messages. addr=127.0.0.1:56370
03:23:13.782 INF Incoming connection for protocol messages. addr=127.0.0.1:56416
03:23:13.782 DBG Connected. peerID=0
03:23:13.783 INF Incoming connection for protocol messages. addr=127.0.0.1:56350
03:23:13.784 INF Incoming connection for protocol messages. addr=127.0.0.1:56340
03:23:13.785 INF Incoming connection for protocol messages. addr=127.0.0.1:56378
03:23:13.785 DBG Connected. peerID=2
03:23:13.787 DBG Connected. peerID=1
03:23:13.787 INF Connected to all peers.
03:23:13.794 INF All peers finished connecting. Starting ISS.
03:23:13.794 DBG Buckets for 0-th leader 0: [0 4 8 12 16 20 24 28 32 36 40 44 48 52 56 60]
03:23:13.795 DBG Buckets for 1-th leader 1: [1 5 9 13 17 21 25 29 33 37 41 45 49 53 57 61]
03:23:13.795 DBG Buckets for 2-th leader 2: [2 6 10 14 18 22 26 30 34 38 42 46 50 54 58 62]
03:23:13.795 DBG Buckets for 3-th leader 3: [3 7 11 15 19 23 27 31 35 39 43 47 51 55 59 63]
03:23:13.795 INF PbftOrderer received a new segment: [0 4 8 12 16 20 24 28 32 36 40 44 48 52 56 60 64 68 72 76 80 84 88 92 96 100 104 108 112 116 120 124 128 132 136 140 144 148 152 156 160 164 168 172 176 180 184 188 192 196 200 204 208 212 216 220 224 228 232 236 240 244 248 252] first leader=0 firstSN=0 lastSN=252 len=64 length=64 segId=0
03:23:13.795 INF Starting new view. segID=0 timeout=60000 view=0
03:23:13.796 DBG Starting timer. sn=0 view=0
03:23:13.796 INF Starting PBFT instance. first=0 last=252 segID=0
03:23:13.796 DBG Subscribing to backlog. segID=0
03:23:13.796 INF Starting serialized message processing. segID=0
03:23:13.797 INF PbftOrderer received a new segment: [1 5 9 13 17 21 25 29 33 37 41 45 49 53 57 61 65 69 73 77 81 85 89 93 97 101 105 109 113 117 121 125 129 133 137 141 145 149 153 157 161 165 169 173 177 181 185 189 193 197 201 205 209 213 217 221 225 229 233 237 241 245 249 253] first leader=1 firstSN=1 lastSN=253 len=64 length=64 segId=1
03:23:13.797 INF Starting new view. segID=1 timeout=60000 view=0
03:23:13.797 DBG Starting timer. sn=1 view=0
03:23:13.797 INF Starting PBFT instance. first=1 last=253 segID=1
03:23:13.797 DBG Subscribing to backlog. segID=1
03:23:13.798 INF Starting serialized message processing. segID=1
03:23:13.798 INF PbftOrderer received a new segment: [2 6 10 14 18 22 26 30 34 38 42 46 50 54 58 62 66 70 74 78 82 86 90 94 98 102 106 110 114 118 122 126 130 134 138 142 146 150 154 158 162 166 170 174 178 182 186 190 194 198 202 206 210 214 218 222 226 230 234 238 242 246 250 254] first leader=2 firstSN=2 lastSN=254 len=64 length=64 segId=2
03:23:13.798 INF Starting new view. segID=2 timeout=60000 view=0
03:23:13.798 DBG Starting timer. sn=2 view=0
03:23:13.798 INF Starting PBFT instance. first=2 last=254 segID=2
03:23:13.799 DBG Subscribing to backlog. segID=2
03:23:13.799 INF Starting serialized message processing. segID=2
03:23:13.799 INF PbftOrderer received a new segment: [3 7 11 15 19 23 27 31 35 39 43 47 51 55 59 63 67 71 75 79 83 87 91 95 99 103 107 111 115 119 123 127 131 135 139 143 147 151 155 159 163 167 171 175 179 183 187 191 195 199 203 207 211 215 219 223 227 231 235 239 243 247 251 255] first leader=3 firstSN=3 lastSN=255 len=64 length=64 segId=3
03:23:13.799 INF Starting new view. segID=3 timeout=60000 view=0
03:23:13.799 DBG Starting timer. sn=3 view=0
03:23:13.800 INF Starting PBFT instance. first=3 last=255 segID=3
03:23:13.800 DBG Subscribing to backlog. segID=3
03:23:13.800 DBG Leading segment. segID=3
03:23:13.800 INF Starting serialized message processing. segID=3
03:23:13.800 DBG Waiting for batch. batchSize=4096
03:23:14.800 DBG Batch ready. batchSize=4096
03:23:14.801 DBG Batch cut. left=0 nBuckets=16 nReq=0 next=0
03:23:14.801 INF Sending PREPREPARE. nReq=0 senderID=3 sn=3 view=0
03:23:14.801 DBG Waiting for batch. batchSize=4096
03:23:14.803 INF Handling PREPREPARE. nReq=0 senderID=0 sn=0
03:23:14.803 INF Handling PREPREPARE. nReq=0 senderID=2 sn=2
03:23:14.803 INF Handling PREPREPARE. nReq=0 senderID=1 sn=1
03:23:14.803 DBG Creating new Batch. nReq=0
03:23:14.803 DBG Creating new Batch. nReq=0
03:23:14.803 DBG Creating new Batch. nReq=0
03:23:14.803 DBG Sending PREPARE. senderID=3 sn=0 view=0
03:23:14.804 DBG Sending PREPARE. senderID=3 sn=2 view=0
03:23:14.804 DBG Sending PREPARE. senderID=3 sn=1 view=0
03:23:14.804 DBG Sending COMMIT. senderID=3 sn=0 view=0
03:23:14.804 DBG Sending COMMIT. senderID=3 sn=2 view=0
03:23:14.804 DBG Sending COMMIT. senderID=3 sn=1 view=0
03:23:14.805 INF Committed entry. latency=0 nReq=0 sn=1
03:23:14.805 DBG Starting timer. sn=5 view=0
03:23:14.805 DBG Sending COMMIT. senderID=3 sn=3 view=0
03:23:14.805 INF Committed entry. latency=0 nReq=0 sn=0
03:23:14.805 INF Committed entry. latency=0 nReq=0 sn=2
03:23:14.806 INF Delivered batch. nReq=0 sn=0
03:23:14.806 INF Delivered batch. nReq=0 sn=1
03:23:14.806 INF Delivered batch. nReq=0 sn=2
03:23:14.806 DBG Starting timer. sn=4 view=0
03:23:14.806 DBG Starting timer. sn=6 view=0
03:23:14.807 INF Committed entry. latency=0 nReq=0 sn=3
03:23:14.807 INF Delivered batch. nReq=0 sn=3
03:23:14.807 DBG Starting timer. sn=7 view=0
03:23:15.799 INF Handling PREPREPARE. nReq=0 senderID=0 sn=4
03:23:15.799 DBG Creating new Batch. nReq=0
03:23:15.799 DBG Sending PREPARE. senderID=3 sn=4 view=0
03:23:15.800 INF Handling PREPREPARE. nReq=0 senderID=2 sn=6
03:23:15.800 DBG Sending COMMIT. senderID=3 sn=4 view=0
03:23:15.800 DBG Creating new Batch. nReq=0
03:23:15.800 INF Handling PREPREPARE. nReq=0 senderID=1 sn=5
03:23:15.800 DBG Sending PREPARE. senderID=3 sn=6 view=0
03:23:15.801 DBG Creating new Batch. nReq=0
03:23:15.801 DBG Sending PREPARE. senderID=3 sn=5 view=0
03:23:15.801 INF Committed entry. latency=0 nReq=0 sn=4
03:23:15.801 DBG Sending COMMIT. senderID=3 sn=6 view=0
03:23:15.801 DBG Sending COMMIT. senderID=3 sn=5 view=0
03:23:15.802 INF Delivered batch. nReq=0 sn=4
03:23:15.802 DBG Batch ready. batchSize=4096
03:23:15.802 DBG Starting timer. sn=8 view=0
03:23:15.802 DBG Batch cut. left=0 nBuckets=16 nReq=0 next=0
03:23:15.803 INF Sending PREPREPARE. nReq=0 senderID=3 sn=7 view=0
03:23:15.803 DBG Waiting for batch. batchSize=4096
03:23:15.803 INF Committed entry. latency=0 nReq=0 sn=6
03:23:15.803 DBG Starting timer. sn=10 view=0
03:23:15.804 INF Committed entry. latency=0 nReq=0 sn=5
03:23:15.804 INF Delivered batch. nReq=0 sn=5
03:23:15.804 INF Delivered batch. nReq=0 sn=6
03:23:15.804 DBG Starting timer. sn=9 view=0
03:23:15.805 DBG Sending COMMIT. senderID=3 sn=7 view=0
03:23:15.806 INF Committed entry. latency=0 nReq=0 sn=7
03:23:15.807 INF Delivered batch. nReq=0 sn=7
03:23:15.807 DBG Starting timer. sn=11 view=0
03:23:15.829 INF Incoming connection for requests. addr=127.0.0.1:56434
03:23:16.803 DBG Batch ready. batchSize=4096
03:23:16.804 DBG Batch cut. left=0 nBuckets=16 nReq=30 next=0
03:23:16.804 DBG Waiting for batch. batchSize=4096
03:23:16.807 INF Handling PREPREPARE. nReq=31 senderID=0 sn=8
03:23:16.807 DBG Creating new Batch. nReq=31
03:23:16.807 INF Handling PREPREPARE. nReq=30 senderID=2 sn=10
03:23:16.807 DBG Creating new Batch. nReq=30
03:23:16.807 INF Sending PREPREPARE. nReq=30 senderID=3 sn=11 view=0
03:23:16.811 INF Handling PREPREPARE. nReq=30 senderID=1 sn=9
03:23:16.811 DBG Creating new Batch. nReq=30
03:23:16.814 DBG Sending PREPARE. senderID=3 sn=8 view=0
03:23:16.814 DBG Sending COMMIT. senderID=3 sn=8 view=0
03:23:16.815 DBG Sending PREPARE. senderID=3 sn=10 view=0
03:23:16.815 DBG Sending COMMIT. senderID=3 sn=10 view=0
03:23:16.815 INF Committed entry. latency=0 nReq=30 sn=10
03:23:16.815 DBG Starting timer. sn=14 view=0
03:23:16.816 DBG Sending PREPARE. senderID=3 sn=9 view=0
03:23:16.816 DBG Sending COMMIT. senderID=3 sn=9 view=0
03:23:16.816 INF Committed entry. latency=0 nReq=31 sn=8
03:23:16.817 INF Delivered batch. nReq=31 sn=8
03:23:16.817 DBG Starting timer. sn=12 view=0
03:23:16.819 INF Committed entry. latency=0 nReq=30 sn=9
03:23:16.819 INF Delivered batch. nReq=30 sn=9
03:23:16.819 INF Delivered batch. nReq=30 sn=10
03:23:16.819 DBG Starting timer. sn=13 view=0
03:23:16.821 DBG Sending COMMIT. senderID=3 sn=11 view=0
03:23:16.822 INF Committed entry. latency=0 nReq=30 sn=11
03:23:16.822 INF Delivered batch. nReq=30 sn=11
03:23:16.822 DBG Starting timer. sn=15 view=0
03:23:17.805 DBG Batch ready. batchSize=4096
03:23:17.806 DBG Batch cut. left=0 nBuckets=16 nReq=32 next=0
03:23:17.806 DBG Waiting for batch. batchSize=4096
03:23:17.806 INF Handling PREPREPARE. nReq=32 senderID=0 sn=12
03:23:17.807 DBG Creating new Batch. nReq=32
03:23:17.808 INF Sending PREPREPARE. nReq=32 senderID=3 sn=15 view=0
03:23:17.808 INF Handling PREPREPARE. nReq=32 senderID=2 sn=14
03:23:17.809 DBG Creating new Batch. nReq=32
03:23:17.809 INF Handling PREPREPARE. nReq=33 senderID=1 sn=13
03:23:17.809 DBG Creating new Batch. nReq=33
03:23:17.816 DBG Sending PREPARE. senderID=3 sn=12 view=0
03:23:17.816 DBG Sending COMMIT. senderID=3 sn=12 view=0
03:23:17.816 INF Committed entry. latency=0 nReq=32 sn=12
03:23:17.817 INF Delivered batch. nReq=32 sn=12
03:23:17.817 DBG Sending PREPARE. senderID=3 sn=14 view=0
03:23:17.817 DBG Starting timer. sn=16 view=0
03:23:17.817 DBG Sending COMMIT. senderID=3 sn=14 view=0
03:23:17.817 INF Committed entry. latency=0 nReq=32 sn=14
03:23:17.817 DBG Sending PREPARE. senderID=3 sn=13 view=0
03:23:17.817 DBG Starting timer. sn=18 view=0
03:23:17.818 DBG Sending COMMIT. senderID=3 sn=13 view=0
03:23:17.818 INF Committed entry. latency=0 nReq=33 sn=13
03:23:17.818 INF Delivered batch. nReq=33 sn=13
03:23:17.818 INF Delivered batch. nReq=32 sn=14
03:23:17.819 DBG Starting timer. sn=17 view=0
03:23:17.824 DBG Sending COMMIT. senderID=3 sn=15 view=0
03:23:17.824 INF Committed entry. latency=0 nReq=32 sn=15
03:23:17.825 INF Delivered batch. nReq=32 sn=15
03:23:17.825 DBG Starting timer. sn=19 view=0
03:23:18.806 DBG Batch ready. batchSize=4096
03:23:18.807 DBG Batch cut. left=0 nBuckets=16 nReq=32 next=0
03:23:18.807 INF Handling PREPREPARE. nReq=32 senderID=0 sn=16
03:23:18.807 DBG Waiting for batch. batchSize=4096
03:23:18.807 DBG Creating new Batch. nReq=32
03:23:18.808 INF Sending PREPREPARE. nReq=32 senderID=3 sn=19 view=0
03:23:18.810 INF Handling PREPREPARE. nReq=32 senderID=1 sn=17
03:23:18.810 DBG Creating new Batch. nReq=32
03:23:18.810 INF Handling PREPREPARE. nReq=32 senderID=2 sn=18
03:23:18.811 DBG Creating new Batch. nReq=32
03:23:18.812 DBG Sending PREPARE. senderID=3 sn=16 view=0
03:23:18.815 DBG Sending COMMIT. senderID=3 sn=16 view=0
03:23:18.815 DBG Sending PREPARE. senderID=3 sn=18 view=0
03:23:18.816 DBG Sending PREPARE. senderID=3 sn=17 view=0
03:23:18.816 DBG Sending COMMIT. senderID=3 sn=17 view=0
03:23:18.816 DBG Sending COMMIT. senderID=3 sn=18 view=0
03:23:18.816 INF Committed entry. latency=0 nReq=32 sn=16
03:23:18.817 INF Delivered batch. nReq=32 sn=16
03:23:18.817 DBG Starting timer. sn=20 view=0
03:23:18.818 INF Committed entry. latency=0 nReq=32 sn=18
03:23:18.818 DBG Starting timer. sn=22 view=0
03:23:18.819 INF Committed entry. latency=0 nReq=32 sn=17
03:23:18.819 INF Delivered batch. nReq=32 sn=17
03:23:18.819 INF Delivered batch. nReq=32 sn=18
03:23:18.819 DBG Starting timer. sn=21 view=0
03:23:18.820 DBG Sending COMMIT. senderID=3 sn=19 view=0
03:23:18.821 INF Committed entry. latency=0 nReq=32 sn=19
03:23:18.822 INF Delivered batch. nReq=32 sn=19
03:23:18.822 DBG Starting timer. sn=23 view=0
03:23:19.807 DBG Batch ready. batchSize=4096
03:23:19.808 DBG Batch cut. left=0 nBuckets=16 nReq=32 next=0
03:23:19.808 DBG Waiting for batch. batchSize=4096
03:23:19.809 INF Handling PREPREPARE. nReq=32 senderID=0 sn=20
03:23:19.809 DBG Creating new Batch. nReq=32
03:23:19.811 INF Sending PREPREPARE. nReq=32 senderID=3 sn=23 view=0
03:23:19.812 INF Handling PREPREPARE. nReq=32 senderID=2 sn=22
03:23:19.812 INF Handling PREPREPARE. nReq=32 senderID=1 sn=21
03:23:19.812 DBG Creating new Batch. nReq=32
03:23:19.812 DBG Creating new Batch. nReq=32
03:23:19.813 DBG Sending PREPARE. senderID=3 sn=20 view=0
03:23:19.814 DBG Sending COMMIT. senderID=3 sn=20 view=0
03:23:19.817 INF Committed entry. latency=0 nReq=32 sn=20
03:23:19.817 INF Delivered batch. nReq=32 sn=20
03:23:19.817 DBG Starting timer. sn=24 view=0
03:23:19.819 DBG Sending PREPARE. senderID=3 sn=21 view=0
03:23:19.820 DBG Sending COMMIT. senderID=3 sn=21 view=0
03:23:19.820 DBG Sending PREPARE. senderID=3 sn=22 view=0
03:23:19.820 DBG Sending COMMIT. senderID=3 sn=22 view=0
03:23:19.821 INF Committed entry. latency=0 nReq=32 sn=22
03:23:19.821 DBG Starting timer. sn=26 view=0
03:23:19.823 DBG Sending COMMIT. senderID=3 sn=23 view=0
03:23:19.823 INF Committed entry. latency=0 nReq=32 sn=21
03:23:19.823 INF Delivered batch. nReq=32 sn=21
03:23:19.823 INF Delivered batch. nReq=32 sn=22
03:23:19.823 DBG Starting timer. sn=25 view=0
03:23:19.825 INF Committed entry. latency=0 nReq=32 sn=23
03:23:19.825 INF Delivered batch. nReq=32 sn=23
03:23:19.825 DBG Starting timer. sn=27 view=0
03:23:20.809 DBG Batch ready. batchSize=4096
03:23:20.809 INF Handling PREPREPARE. nReq=32 senderID=0 sn=24
03:23:20.809 DBG Batch cut. left=0 nBuckets=16 nReq=32 next=0
03:23:20.809 DBG Creating new Batch. nReq=32
03:23:20.809 DBG Waiting for batch. batchSize=4096
03:23:20.810 INF Sending PREPREPARE. nReq=32 senderID=3 sn=27 view=0
03:23:20.813 INF Handling PREPREPARE. nReq=32 senderID=2 sn=26
03:23:20.813 DBG Creating new Batch. nReq=32
03:23:20.814 INF Handling PREPREPARE. nReq=32 senderID=1 sn=25
03:23:20.814 DBG Creating new Batch. nReq=32
03:23:20.814 DBG Sending PREPARE. senderID=3 sn=24 view=0
03:23:20.816 DBG Sending COMMIT. senderID=3 sn=24 view=0
03:23:20.818 INF Committed entry. latency=0 nReq=32 sn=24
03:23:20.819 INF Delivered batch. nReq=32 sn=24
03:23:20.819 DBG Sending PREPARE. senderID=3 sn=26 view=0
03:23:20.819 DBG Starting timer. sn=28 view=0
03:23:20.820 DBG Sending COMMIT. senderID=3 sn=26 view=0
03:23:20.820 DBG Sending PREPARE. senderID=3 sn=25 view=0
03:23:20.820 DBG Sending COMMIT. senderID=3 sn=25 view=0
03:23:20.822 DBG Sending COMMIT. senderID=3 sn=27 view=0
03:23:20.822 INF Committed entry. latency=0 nReq=32 sn=25
03:23:20.822 INF Delivered batch. nReq=32 sn=25
03:23:20.822 INF Committed entry. latency=0 nReq=32 sn=26
03:23:20.822 INF Delivered batch. nReq=32 sn=26
03:23:20.822 DBG Starting timer. sn=29 view=0
03:23:20.822 DBG Starting timer. sn=30 view=0
03:23:20.823 INF Committed entry. latency=0 nReq=32 sn=27
03:23:20.823 INF Delivered batch. nReq=32 sn=27
03:23:20.824 DBG Starting timer. sn=31 view=0
03:23:21.810 DBG Batch ready. batchSize=4096
03:23:21.811 INF Handling PREPREPARE. nReq=32 senderID=0 sn=28
03:23:21.811 DBG Batch cut. left=0 nBuckets=16 nReq=32 next=0
03:23:21.811 DBG Creating new Batch. nReq=32
03:23:21.811 DBG Waiting for batch. batchSize=4096
03:23:21.813 INF Sending PREPREPARE. nReq=32 senderID=3 sn=31 view=0
03:23:21.814 INF Handling PREPREPARE. nReq=32 senderID=1 sn=29
03:23:21.814 DBG Creating new Batch. nReq=32
03:23:21.815 DBG Sending PREPARE. senderID=3 sn=28 view=0
03:23:21.815 INF Handling PREPREPARE. nReq=32 senderID=2 sn=30
03:23:21.815 DBG Creating new Batch. nReq=32
03:23:21.816 DBG Sending COMMIT. senderID=3 sn=28 view=0
03:23:21.819 INF Committed entry. latency=0 nReq=32 sn=28
03:23:21.819 INF Delivered batch. nReq=32 sn=28
03:23:21.819 DBG Starting timer. sn=32 view=0
03:23:21.821 DBG Sending PREPARE. senderID=3 sn=30 view=0
03:23:21.821 DBG Sending PREPARE. senderID=3 sn=29 view=0
03:23:21.822 DBG Sending COMMIT. senderID=3 sn=29 view=0
03:23:21.822 DBG Sending COMMIT. senderID=3 sn=30 view=0
03:23:21.822 INF Committed entry. latency=0 nReq=32 sn=29
03:23:21.822 INF Delivered batch. nReq=32 sn=29
03:23:21.822 DBG Starting timer. sn=33 view=0
03:23:21.824 DBG Sending COMMIT. senderID=3 sn=31 view=0
03:23:21.824 INF Committed entry. latency=0 nReq=32 sn=30
03:23:21.825 INF Delivered batch. nReq=32 sn=30
03:23:21.825 DBG Starting timer. sn=34 view=0
03:23:21.825 INF Committed entry. latency=0 nReq=32 sn=31
03:23:21.825 INF Delivered batch. nReq=32 sn=31
03:23:21.825 DBG Starting timer. sn=35 view=0
03:23:22.812 INF Handling PREPREPARE. nReq=32 senderID=0 sn=32
03:23:22.812 DBG Batch ready. batchSize=4096
03:23:22.812 DBG Creating new Batch. nReq=32
03:23:22.812 DBG Batch cut. left=0 nBuckets=16 nReq=32 next=0
03:23:22.813 DBG Waiting for batch. batchSize=4096
03:23:22.815 INF Sending PREPREPARE. nReq=32 senderID=3 sn=35 view=0
03:23:22.816 INF Handling PREPREPARE. nReq=32 senderID=1 sn=33
03:23:22.816 DBG Creating new Batch. nReq=32
03:23:22.817 INF Handling PREPREPARE. nReq=33 senderID=2 sn=34
03:23:22.817 DBG Creating new Batch. nReq=33
03:23:22.818 DBG Sending PREPARE. senderID=3 sn=32 view=0
03:23:22.818 DBG Sending COMMIT. senderID=3 sn=32 view=0
03:23:22.821 INF Committed entry. latency=0 nReq=32 sn=32
03:23:22.821 INF Delivered batch. nReq=32 sn=32
03:23:22.821 DBG Starting timer. sn=36 view=0
03:23:22.822 DBG Sending PREPARE. senderID=3 sn=33 view=0
03:23:22.822 DBG Sending COMMIT. senderID=3 sn=33 view=0
03:23:22.822 DBG Sending PREPARE. senderID=3 sn=34 view=0
03:23:22.823 INF Committed entry. latency=0 nReq=32 sn=33
03:23:22.823 INF Delivered batch. nReq=32 sn=33
03:23:22.823 DBG Starting timer. sn=37 view=0
03:23:22.824 DBG Sending COMMIT. senderID=3 sn=34 view=0
03:23:22.826 INF Committed entry. latency=0 nReq=33 sn=34
03:23:22.826 INF Delivered batch. nReq=33 sn=34
03:23:22.827 DBG Starting timer. sn=38 view=0
03:23:22.828 DBG Sending COMMIT. senderID=3 sn=35 view=0
03:23:22.830 INF Committed entry. latency=0 nReq=32 sn=35
03:23:22.830 INF Delivered batch. nReq=32 sn=35
03:23:22.830 DBG Starting timer. sn=39 view=0
03:23:23.813 INF Handling PREPREPARE. nReq=32 senderID=0 sn=36
03:23:23.814 DBG Creating new Batch. nReq=32
03:23:23.815 DBG Batch ready. batchSize=4096
03:23:23.815 DBG Batch cut. left=0 nBuckets=16 nReq=32 next=0
03:23:23.816 DBG Waiting for batch. batchSize=4096
03:23:23.817 INF Sending PREPREPARE. nReq=32 senderID=3 sn=39 view=0
03:23:23.817 INF Handling PREPREPARE. nReq=32 senderID=1 sn=37
03:23:23.817 DBG Creating new Batch. nReq=32
03:23:23.817 DBG Sending PREPARE. senderID=3 sn=36 view=0
03:23:23.818 INF Handling PREPREPARE. nReq=32 senderID=2 sn=38
03:23:23.818 DBG Creating new Batch. nReq=32
03:23:23.820 DBG Sending COMMIT. senderID=3 sn=36 view=0
03:23:23.821 INF Committed entry. latency=0 nReq=32 sn=36
03:23:23.821 INF Delivered batch. nReq=32 sn=36
03:23:23.821 DBG Starting timer. sn=40 view=0
03:23:23.823 DBG Sending PREPARE. senderID=3 sn=38 view=0
03:23:23.823 DBG Sending PREPARE. senderID=3 sn=37 view=0
03:23:23.824 DBG Sending COMMIT. senderID=3 sn=37 view=0
03:23:23.824 DBG Sending COMMIT. senderID=3 sn=38 view=0
03:23:23.826 INF Committed entry. latency=0 nReq=32 sn=38
03:23:23.826 INF Committed entry. latency=0 nReq=32 sn=37
03:23:23.826 INF Delivered batch. nReq=32 sn=37
03:23:23.826 INF Delivered batch. nReq=32 sn=38
03:23:23.826 DBG Starting timer. sn=42 view=0
03:23:23.827 DBG Starting timer. sn=41 view=0
03:23:23.829 DBG Sending COMMIT. senderID=3 sn=39 view=0
03:23:23.830 INF Committed entry. latency=0 nReq=32 sn=39
03:23:23.830 INF Delivered batch. nReq=32 sn=39
03:23:23.830 DBG Starting timer. sn=43 view=0
03:23:24.815 INF Handling PREPREPARE. nReq=32 senderID=0 sn=40
03:23:24.816 DBG Creating new Batch. nReq=32
03:23:24.817 DBG Batch ready. batchSize=4096
03:23:24.817 DBG Batch cut. left=0 nBuckets=16 nReq=33 next=0
03:23:24.817 DBG Waiting for batch. batchSize=4096
03:23:24.818 INF Handling PREPREPARE. nReq=32 senderID=1 sn=41
03:23:24.818 DBG Creating new Batch. nReq=32
03:23:24.818 INF Sending PREPREPARE. nReq=33 senderID=3 sn=43 view=0
03:23:24.820 INF Handling PREPREPARE. nReq=32 senderID=2 sn=42
03:23:24.821 DBG Creating new Batch. nReq=32
03:23:24.821 DBG Sending PREPARE. senderID=3 sn=40 view=0
03:23:24.822 DBG Sending COMMIT. senderID=3 sn=40 view=0
03:23:24.824 DBG Sending PREPARE. senderID=3 sn=41 view=0
03:23:24.824 INF Committed entry. latency=0 nReq=32 sn=40
03:23:24.824 INF Delivered batch. nReq=32 sn=40
03:23:24.824 DBG Starting timer. sn=44 view=0
03:23:24.825 DBG Sending COMMIT. senderID=3 sn=41 view=0
03:23:24.825 DBG Sending PREPARE. senderID=3 sn=42 view=0
03:23:24.826 DBG Sending COMMIT. senderID=3 sn=42 view=0
03:23:24.826 INF Committed entry. latency=0 nReq=32 sn=41
03:23:24.827 INF Delivered batch. nReq=32 sn=41
03:23:24.827 DBG Starting timer. sn=45 view=0
03:23:24.829 INF Committed entry. latency=0 nReq=32 sn=42
03:23:24.829 INF Delivered batch. nReq=32 sn=42
03:23:24.829 DBG Starting timer. sn=46 view=0
03:23:24.834 DBG Sending COMMIT. senderID=3 sn=43 view=0
03:23:24.835 INF Committed entry. latency=0 nReq=33 sn=43
03:23:24.835 INF Delivered batch. nReq=33 sn=43
03:23:24.835 DBG Starting timer. sn=47 view=0
03:23:25.818 DBG Batch ready. batchSize=4096
03:23:25.842 DBG Batch cut. left=0 nBuckets=16 nReq=30 next=0
03:23:25.842 DBG Waiting for batch. batchSize=4096
03:23:25.843 INF Sending PREPREPARE. nReq=30 senderID=3 sn=47 view=0
03:23:25.847 INF Handling PREPREPARE. nReq=31 senderID=2 sn=46
03:23:25.847 INF Handling PREPREPARE. nReq=31 senderID=1 sn=45
03:23:25.847 DBG Creating new Batch. nReq=31
03:23:25.847 DBG Creating new Batch. nReq=31
03:23:25.847 INF Handling PREPREPARE. nReq=31 senderID=0 sn=44
03:23:25.847 DBG Creating new Batch. nReq=31
03:23:25.852 DBG Sending PREPARE. senderID=3 sn=46 view=0
03:23:25.852 DBG Sending PREPARE. senderID=3 sn=45 view=0
03:23:25.854 DBG Sending COMMIT. senderID=3 sn=46 view=0
03:23:25.854 DBG Sending PREPARE. senderID=3 sn=44 view=0
03:23:25.854 DBG Sending COMMIT. senderID=3 sn=44 view=0
03:23:25.856 DBG Sending COMMIT. senderID=3 sn=45 view=0
03:23:25.856 DBG Sending COMMIT. senderID=3 sn=47 view=0
03:23:25.856 INF Committed entry. latency=0 nReq=31 sn=46
03:23:25.856 DBG Starting timer. sn=50 view=0
03:23:25.856 INF Committed entry. latency=0 nReq=31 sn=45
03:23:25.856 DBG Starting timer. sn=49 view=0
03:23:25.857 INF Committed entry. latency=0 nReq=31 sn=44
03:23:25.857 INF Committed entry. latency=0 nReq=30 sn=47
03:23:25.857 INF Delivered batch. nReq=31 sn=44
03:23:25.857 INF Delivered batch. nReq=31 sn=45
03:23:25.857 INF Delivered batch. nReq=31 sn=46
03:23:25.857 INF Delivered batch. nReq=30 sn=47
03:23:25.858 DBG Starting timer. sn=48 view=0
03:23:25.858 DBG Starting timer. sn=51 view=0
03:23:26.843 DBG Batch ready. batchSize=4096
03:23:26.844 DBG Batch cut. left=0 nBuckets=16 nReq=34 next=0
03:23:26.844 DBG Waiting for batch. batchSize=4096
03:23:26.845 INF Sending PREPREPARE. nReq=34 senderID=3 sn=51 view=0
03:23:26.848 INF Handling PREPREPARE. nReq=34 senderID=1 sn=49
03:23:26.848 DBG Creating new Batch. nReq=34
03:23:26.850 INF Handling PREPREPARE. nReq=34 senderID=0 sn=48
03:23:26.850 DBG Creating new Batch. nReq=34
03:23:26.850 INF Handling PREPREPARE. nReq=34 senderID=2 sn=50
03:23:26.851 DBG Creating new Batch. nReq=34
03:23:26.854 DBG Sending PREPARE. senderID=3 sn=49 view=0
03:23:26.856 DBG Sending COMMIT. senderID=3 sn=49 view=0
03:23:26.857 DBG Sending PREPARE. senderID=3 sn=50 view=0
03:23:26.857 DBG Sending PREPARE. senderID=3 sn=48 view=0
03:23:26.858 DBG Sending COMMIT. senderID=3 sn=48 view=0
03:23:26.858 INF Committed entry. latency=0 nReq=34 sn=49
03:23:26.858 DBG Starting timer. sn=53 view=0
03:23:26.858 DBG Sending COMMIT. senderID=3 sn=50 view=0
03:23:26.858 DBG Sending COMMIT. senderID=3 sn=51 view=0
03:23:26.859 INF Committed entry. latency=0 nReq=34 sn=51
03:23:26.859 DBG Starting timer. sn=55 view=0
03:23:26.860 INF Committed entry. latency=0 nReq=34 sn=50
03:23:26.860 DBG Starting timer. sn=54 view=0
03:23:26.860 INF Committed entry. latency=0 nReq=34 sn=48
03:23:26.860 INF Delivered batch. nReq=34 sn=48
03:23:26.860 INF Delivered batch. nReq=34 sn=49
03:23:26.861 INF Delivered batch. nReq=34 sn=50
03:23:26.861 INF Delivered batch. nReq=34 sn=51
03:23:26.861 DBG Starting timer. sn=52 view=0
03:23:27.845 DBG Batch ready. batchSize=4096
03:23:27.845 DBG Batch cut. left=0 nBuckets=16 nReq=32 next=0
03:23:27.845 DBG Waiting for batch. batchSize=4096
03:23:27.846 INF Sending PREPREPARE. nReq=32 senderID=3 sn=55 view=0
03:23:27.849 INF Handling PREPREPARE. nReq=32 senderID=1 sn=53
03:23:27.849 DBG Creating new Batch. nReq=32
03:23:27.851 INF Handling PREPREPARE. nReq=32 senderID=0 sn=52
03:23:27.851 DBG Creating new Batch. nReq=32
03:23:27.852 INF Handling PREPREPARE. nReq=32 senderID=2 sn=54
03:23:27.853 DBG Creating new Batch. nReq=32
03:23:27.854 DBG Sending PREPARE. senderID=3 sn=53 view=0
03:23:27.856 DBG Sending COMMIT. senderID=3 sn=53 view=0
03:23:27.857 DBG Sending PREPARE. senderID=3 sn=54 view=0
03:23:27.857 DBG Sending PREPARE. senderID=3 sn=52 view=0
03:23:27.858 DBG Sending COMMIT. senderID=3 sn=55 view=0
03:23:27.861 DBG Sending COMMIT. senderID=3 sn=54 view=0
03:23:27.861 DBG Sending COMMIT. senderID=3 sn=52 view=0
03:23:27.861 INF Committed entry. latency=0 nReq=32 sn=53
03:23:27.861 INF Committed entry. latency=0 nReq=32 sn=54
03:23:27.862 DBG Starting timer. sn=57 view=0
03:23:27.862 INF Committed entry. latency=0 nReq=32 sn=55
03:23:27.862 INF Delivered batch. nReq=32 sn=52
03:23:27.862 INF Committed entry. latency=0 nReq=32 sn=52
03:23:27.862 INF Delivered batch. nReq=32 sn=53
03:23:27.862 INF Delivered batch. nReq=32 sn=54
03:23:27.862 INF Delivered batch. nReq=32 sn=55
03:23:27.862 DBG Starting timer. sn=58 view=0
03:23:27.862 DBG Starting timer. sn=56 view=0
03:23:27.862 DBG Starting timer. sn=59 view=0
03:23:28.846 DBG Batch ready. batchSize=4096
03:23:28.847 DBG Batch cut. left=0 nBuckets=16 nReq=32 next=0
03:23:28.847 DBG Waiting for batch. batchSize=4096
03:23:28.848 INF Sending PREPREPARE. nReq=32 senderID=3 sn=59 view=0
03:23:28.851 INF Handling PREPREPARE. nReq=32 senderID=1 sn=57
03:23:28.851 DBG Creating new Batch. nReq=32
03:23:28.854 INF Handling PREPREPARE. nReq=32 senderID=2 sn=58
03:23:28.854 DBG Creating new Batch. nReq=32
03:23:28.855 INF Handling PREPREPARE. nReq=32 senderID=0 sn=56
03:23:28.855 DBG Creating new Batch. nReq=32
03:23:28.856 DBG Sending PREPARE. senderID=3 sn=57 view=0
03:23:28.857 DBG Sending COMMIT. senderID=3 sn=57 view=0
03:23:28.860 DBG Sending COMMIT. senderID=3 sn=59 view=0
03:23:28.860 INF Committed entry. latency=0 nReq=32 sn=57
03:23:28.860 DBG Sending PREPARE. senderID=3 sn=56 view=0
03:23:28.860 DBG Starting timer. sn=61 view=0
03:23:28.861 DBG Sending PREPARE. senderID=3 sn=58 view=0
03:23:28.861 DBG Sending COMMIT. senderID=3 sn=56 view=0
03:23:28.861 DBG Sending COMMIT. senderID=3 sn=58 view=0
03:23:28.861 INF Committed entry. latency=0 nReq=32 sn=59
03:23:28.861 DBG Starting timer. sn=63 view=0
03:23:28.862 INF Committed entry. latency=0 nReq=32 sn=56
03:23:28.862 INF Delivered batch. nReq=32 sn=56
03:23:28.862 INF Delivered batch. nReq=32 sn=57
03:23:28.862 DBG Starting timer. sn=60 view=0
03:23:28.863 INF Committed entry. latency=0 nReq=32 sn=58
03:23:28.863 INF Delivered batch. nReq=32 sn=58
03:23:28.864 INF Delivered batch. nReq=32 sn=59
03:23:28.864 DBG Starting timer. sn=62 view=0
03:23:29.848 DBG Batch ready. batchSize=4096
03:23:29.848 DBG Batch cut. left=0 nBuckets=16 nReq=33 next=0
03:23:29.848 DBG Waiting for batch. batchSize=4096
03:23:29.849 INF Sending PREPREPARE. nReq=33 senderID=3 sn=63 view=0
03:23:29.852 INF Handling PREPREPARE. nReq=32 senderID=1 sn=61
03:23:29.852 DBG Creating new Batch. nReq=32
03:23:29.855 INF Handling PREPREPARE. nReq=32 senderID=0 sn=60
03:23:29.855 DBG Creating new Batch. nReq=32
03:23:29.855 INF Handling PREPREPARE. nReq=32 senderID=2 sn=62
03:23:29.856 DBG Creating new Batch. nReq=32
03:23:29.858 DBG Sending PREPARE. senderID=3 sn=61 view=0
03:23:29.859 DBG Sending COMMIT. senderID=3 sn=61 view=0
03:23:29.861 DBG Sending PREPARE. senderID=3 sn=62 view=0
03:23:29.861 DBG Sending PREPARE. senderID=3 sn=60 view=0
03:23:29.861 DBG Sending COMMIT. senderID=3 sn=63 view=0
03:23:29.862 INF Committed entry. latency=0 nReq=32 sn=61
03:23:29.862 DBG Sending COMMIT. senderID=3 sn=62 view=0
03:23:29.862 DBG Starting timer. sn=65 view=0
03:23:29.862 INF Committed entry. latency=0 nReq=33 sn=63
03:23:29.862 DBG Starting timer. sn=67 view=0
03:23:29.862 DBG Sending COMMIT. senderID=3 sn=60 view=0
03:23:29.864 INF Committed entry. latency=0 nReq=32 sn=60
03:23:29.864 INF Committed entry. latency=0 nReq=32 sn=62
03:23:29.864 INF Delivered batch. nReq=32 sn=60
03:23:29.864 INF Delivered batch. nReq=32 sn=61
03:23:29.864 INF Delivered batch. nReq=32 sn=62
03:23:29.864 INF Delivered batch. nReq=33 sn=63
03:23:29.865 DBG Starting timer. sn=64 view=0
03:23:29.865 DBG Starting timer. sn=66 view=0
03:23:30.849 DBG Batch ready. batchSize=4096
03:23:30.883 DBG Batch cut. left=0 nBuckets=16 nReq=30 next=0
03:23:30.884 DBG Waiting for batch. batchSize=4096
03:23:30.885 INF Sending PREPREPARE. nReq=30 senderID=3 sn=67 view=0
03:23:30.888 INF Handling PREPREPARE. nReq=30 senderID=2 sn=66
03:23:30.888 DBG Creating new Batch. nReq=30
03:23:30.889 INF Handling PREPREPARE. nReq=30 senderID=1 sn=65
03:23:30.890 DBG Creating new Batch. nReq=30
03:23:30.891 INF Handling PREPREPARE. nReq=31 senderID=0 sn=64
03:23:30.891 DBG Creating new Batch. nReq=31
03:23:30.894 DBG Sending PREPARE. senderID=3 sn=66 view=0
03:23:30.896 DBG Sending PREPARE. senderID=3 sn=65 view=0
03:23:30.896 DBG Sending PREPARE. senderID=3 sn=64 view=0
03:23:30.897 DBG Sending COMMIT. senderID=3 sn=65 view=0
03:23:30.897 DBG Sending COMMIT. senderID=3 sn=64 view=0
03:23:30.897 DBG Sending COMMIT. senderID=3 sn=67 view=0
03:23:30.897 DBG Sending COMMIT. senderID=3 sn=66 view=0
03:23:30.898 INF Committed entry. latency=0 nReq=30 sn=65
03:23:30.898 INF Committed entry. latency=0 nReq=30 sn=66
03:23:30.899 INF Committed entry. latency=0 nReq=31 sn=64
03:23:30.899 INF Committed entry. latency=0 nReq=30 sn=67
03:23:30.899 INF Delivered batch. nReq=31 sn=64
03:23:30.899 INF Delivered batch. nReq=30 sn=65
03:23:30.899 INF Delivered batch. nReq=30 sn=66
03:23:30.899 INF Delivered batch. nReq=30 sn=67
03:23:30.899 DBG Starting timer. sn=69 view=0
03:23:30.899 DBG Starting timer. sn=70 view=0
03:23:30.899 DBG Starting timer. sn=68 view=0
03:23:30.900 DBG Starting timer. sn=71 view=0
03:23:31.886 DBG Batch ready. batchSize=4096
03:23:31.886 DBG Batch cut. left=0 nBuckets=16 nReq=35 next=0
03:23:31.886 DBG Waiting for batch. batchSize=4096
03:23:31.887 INF Sending PREPREPARE. nReq=35 senderID=3 sn=71 view=0
03:23:31.890 INF Handling PREPREPARE. nReq=35 senderID=2 sn=70
03:23:31.890 INF Handling PREPREPARE. nReq=34 senderID=0 sn=68
03:23:31.890 DBG Creating new Batch. nReq=35
03:23:31.891 DBG Creating new Batch. nReq=34
03:23:31.891 INF Handling PREPREPARE. nReq=35 senderID=1 sn=69
03:23:31.892 DBG Creating new Batch. nReq=35
03:23:31.897 DBG Sending PREPARE. senderID=3 sn=70 view=0
03:23:31.897 DBG Sending COMMIT. senderID=3 sn=70 view=0
03:23:31.898 DBG Sending PREPARE. senderID=3 sn=68 view=0
03:23:31.898 DBG Sending COMMIT. senderID=3 sn=68 view=0
03:23:31.898 DBG Sending PREPARE. senderID=3 sn=69 view=0
03:23:31.899 DBG Sending COMMIT. senderID=3 sn=69 view=0
03:23:31.900 DBG Sending COMMIT. senderID=3 sn=71 view=0
03:23:31.900 INF Committed entry. latency=0 nReq=35 sn=70
03:23:31.900 INF Delivered batch. nReq=34 sn=68
03:23:31.900 INF Committed entry. latency=0 nReq=34 sn=68
03:23:31.901 DBG Starting timer. sn=74 view=0
03:23:31.901 DBG Starting timer. sn=72 view=0
03:23:31.901 INF Committed entry. latency=0 nReq=35 sn=69
03:23:31.901 INF Committed entry. latency=0 nReq=35 sn=71
03:23:31.901 INF Delivered batch. nReq=35 sn=69
03:23:31.901 INF Delivered batch. nReq=35 sn=70
03:23:31.902 INF Delivered batch. nReq=35 sn=71
03:23:31.902 DBG Starting timer. sn=73 view=0
03:23:31.902 DBG Starting timer. sn=75 view=0
03:23:32.887 DBG Batch ready. batchSize=4096
03:23:32.888 DBG Batch cut. left=0 nBuckets=16 nReq=32 next=0
03:23:32.888 DBG Waiting for batch. batchSize=4096
03:23:32.889 INF Sending PREPREPARE. nReq=32 senderID=3 sn=75 view=0
03:23:32.892 INF Handling PREPREPARE. nReq=32 senderID=2 sn=74
03:23:32.892 INF Handling PREPREPARE. nReq=32 senderID=0 sn=72
03:23:32.892 DBG Creating new Batch. nReq=32
03:23:32.892 DBG Creating new Batch. nReq=32
03:23:32.893 INF Handling PREPREPARE. nReq=32 senderID=1 sn=73
03:23:32.893 DBG Creating new Batch. nReq=32
03:23:32.898 DBG Sending PREPARE. senderID=3 sn=72 view=0
03:23:32.899 DBG Sending PREPARE. senderID=3 sn=74 view=0
03:23:32.899 DBG Sending PREPARE. senderID=3 sn=73 view=0
03:23:32.899 DBG Sending COMMIT. senderID=3 sn=74 view=0
03:23:32.899 DBG Sending COMMIT. senderID=3 sn=72 view=0
03:23:32.901 INF Committed entry. latency=0 nReq=32 sn=72
03:23:32.901 INF Delivered batch. nReq=32 sn=72
03:23:32.901 DBG Starting timer. sn=76 view=0
03:23:32.902 DBG Sending COMMIT. senderID=3 sn=75 view=0
03:23:32.902 DBG Sending COMMIT. senderID=3 sn=73 view=0
03:23:32.902 INF Committed entry. latency=0 nReq=32 sn=75
03:23:32.903 INF Committed entry. latency=0 nReq=32 sn=74
03:23:32.903 DBG Starting timer. sn=79 view=0
03:23:32.903 DBG Starting timer. sn=78 view=0
03:23:32.903 INF Committed entry. latency=0 nReq=32 sn=73
03:23:32.903 INF Delivered batch. nReq=32 sn=73
03:23:32.903 INF Delivered batch. nReq=32 sn=74
03:23:32.904 INF Delivered batch. nReq=32 sn=75
03:23:32.904 DBG Starting timer. sn=77 view=0
03:23:33.889 DBG Batch ready. batchSize=4096
03:23:33.890 DBG Batch cut. left=0 nBuckets=16 nReq=32 next=0
03:23:33.890 DBG Waiting for batch. batchSize=4096
03:23:33.891 INF Sending PREPREPARE. nReq=32 senderID=3 sn=79 view=0
03:23:33.892 INF Handling PREPREPARE. nReq=32 senderID=2 sn=78
03:23:33.892 DBG Creating new Batch. nReq=32
03:23:33.894 INF Handling PREPREPARE. nReq=33 senderID=0 sn=76
03:23:33.895 DBG Creating new Batch. nReq=33
03:23:33.896 INF Handling PREPREPARE. nReq=32 senderID=1 sn=77
03:23:33.896 DBG Creating new Batch. nReq=32
03:23:33.897 DBG Sending PREPARE. senderID=3 sn=78 view=0
03:23:33.899 DBG Sending COMMIT. senderID=3 sn=78 view=0
03:23:33.900 INF Committed entry. latency=0 nReq=32 sn=78
03:23:33.900 DBG Starting timer. sn=82 view=0
03:23:33.901 DBG Sending PREPARE. senderID=3 sn=77 view=0
03:23:33.901 DBG Sending PREPARE. senderID=3 sn=76 view=0
03:23:33.902 DBG Sending COMMIT. senderID=3 sn=79 view=0
03:23:33.903 DBG Sending COMMIT. senderID=3 sn=76 view=0
03:23:33.904 DBG Sending COMMIT. senderID=3 sn=77 view=0
03:23:33.904 INF Committed entry. latency=0 nReq=32 sn=79
03:23:33.904 DBG Starting timer. sn=83 view=0
03:23:33.905 INF Committed entry. latency=0 nReq=33 sn=76
03:23:33.905 INF Committed entry. latency=0 nReq=32 sn=77
03:23:33.905 INF Delivered batch. nReq=33 sn=76
03:23:33.905 INF Delivered batch. nReq=32 sn=77
03:23:33.905 INF Delivered batch. nReq=32 sn=78
03:23:33.905 INF Delivered batch. nReq=32 sn=79
03:23:33.905 DBG Starting timer. sn=80 view=0
03:23:33.906 DBG Starting timer. sn=81 view=0
03:23:34.891 DBG Batch ready. batchSize=4096
03:23:34.891 DBG Batch cut. left=0 nBuckets=16 nReq=32 next=0
03:23:34.891 DBG Waiting for batch. batchSize=4096
03:23:34.892 INF Sending PREPREPARE. nReq=32 senderID=3 sn=83 view=0
03:23:34.893 INF Handling PREPREPARE. nReq=32 senderID=2 sn=82
03:23:34.894 DBG Creating new Batch. nReq=32
03:23:34.895 INF Handling PREPREPARE. nReq=32 senderID=0 sn=80
03:23:34.895 DBG Creating new Batch. nReq=32
03:23:34.898 INF Handling PREPREPARE. nReq=32 senderID=1 sn=81
03:23:34.898 DBG Creating new Batch. nReq=32
03:23:34.901 DBG Sending PREPARE. senderID=3 sn=80 view=0
03:23:34.901 DBG Sending PREPARE. senderID=3 sn=82 view=0
03:23:34.901 DBG Sending COMMIT. senderID=3 sn=80 view=0
03:23:34.901 DBG Sending COMMIT. senderID=3 sn=82 view=0
03:23:34.902 DBG Sending PREPARE. senderID=3 sn=81 view=0
03:23:34.903 DBG Sending COMMIT. senderID=3 sn=81 view=0
03:23:34.904 DBG Sending COMMIT. senderID=3 sn=83 view=0
03:23:34.904 INF Committed entry. latency=0 nReq=32 sn=82
03:23:34.904 INF Committed entry. latency=0 nReq=32 sn=80
03:23:34.905 INF Delivered batch. nReq=32 sn=80
03:23:34.905 DBG Starting timer. sn=86 view=0
03:23:34.905 DBG Starting timer. sn=84 view=0
03:23:34.905 INF Committed entry. latency=0 nReq=32 sn=83
03:23:34.906 INF Delivered batch. nReq=32 sn=81
03:23:34.906 INF Committed entry. latency=0 nReq=32 sn=81
03:23:34.906 INF Delivered batch. nReq=32 sn=82
03:23:34.906 INF Delivered batch. nReq=32 sn=83
03:23:34.906 DBG Starting timer. sn=87 view=0
03:23:34.906 DBG Starting timer. sn=85 view=0
03:23:35.892 DBG Batch ready. batchSize=4096
03:23:35.893 DBG Batch cut. left=0 nBuckets=16 nReq=32 next=0
03:23:35.893 DBG Waiting for batch. batchSize=4096
03:23:35.894 INF Sending PREPREPARE. nReq=32 senderID=3 sn=87 view=0
03:23:35.895 INF Handling PREPREPARE. nReq=32 senderID=2 sn=86
03:23:35.896 DBG Creating new Batch. nReq=32
03:23:35.897 INF Handling PREPREPARE. nReq=32 senderID=0 sn=84
03:23:35.897 DBG Creating new Batch. nReq=32
03:23:35.899 INF Handling PREPREPARE. nReq=32 senderID=1 sn=85
03:23:35.899 DBG Creating new Batch. nReq=32
03:23:35.902 DBG Sending PREPARE. senderID=3 sn=86 view=0
03:23:35.902 DBG Sending COMMIT. senderID=3 sn=86 view=0
03:23:35.904 DBG Sending PREPARE. senderID=3 sn=84 view=0
03:23:35.904 INF Committed entry. latency=0 nReq=32 sn=86
03:23:35.904 DBG Sending PREPARE. senderID=3 sn=85 view=0
03:23:35.905 DBG Starting timer. sn=90 view=0
03:23:35.905 DBG Sending COMMIT. senderID=3 sn=84 view=0
03:23:35.905 DBG Sending COMMIT. senderID=3 sn=87 view=0
03:23:35.905 DBG Sending COMMIT. senderID=3 sn=85 view=0
03:23:35.907 INF Committed entry. latency=0 nReq=32 sn=87
03:23:35.907 INF Committed entry. latency=0 nReq=32 sn=84
03:23:35.907 INF Delivered batch. nReq=32 sn=84
03:23:35.907 DBG Starting timer. sn=91 view=0
03:23:35.907 DBG Starting timer. sn=88 view=0
03:23:35.908 INF Committed entry. latency=0 nReq=32 sn=85
03:23:35.908 INF Delivered batch. nReq=32 sn=85
03:23:35.908 INF Delivered batch. nReq=32 sn=86
03:23:35.908 INF Delivered batch. nReq=32 sn=87
03:23:35.908 DBG Starting timer. sn=89 view=0
03:23:36.894 DBG Batch ready. batchSize=4096
03:23:36.894 DBG Batch cut. left=0 nBuckets=16 nReq=32 next=0
03:23:36.894 DBG Waiting for batch. batchSize=4096
03:23:36.895 INF Sending PREPREPARE. nReq=32 senderID=3 sn=91 view=0
03:23:36.897 INF Handling PREPREPARE. nReq=32 senderID=2 sn=90
03:23:36.897 DBG Creating new Batch. nReq=32
03:23:36.898 INF Handling PREPREPARE. nReq=32 senderID=0 sn=88
03:23:36.899 DBG Creating new Batch. nReq=32
03:23:36.900 INF Handling PREPREPARE. nReq=32 senderID=1 sn=89
03:23:36.900 DBG Creating new Batch. nReq=32
03:23:36.904 DBG Sending PREPARE. senderID=3 sn=90 view=0
03:23:36.905 DBG Sending COMMIT. senderID=3 sn=90 view=0
03:23:36.906 DBG Sending PREPARE. senderID=3 sn=89 view=0
03:23:36.906 DBG Sending PREPARE. senderID=3 sn=88 view=0
03:23:36.907 DBG Sending COMMIT. senderID=3 sn=89 view=0
03:23:36.907 INF Committed entry. latency=0 nReq=32 sn=90
03:23:36.908 DBG Sending COMMIT. senderID=3 sn=91 view=0
03:23:36.908 DBG Sending COMMIT. senderID=3 sn=88 view=0
03:23:36.908 DBG Starting timer. sn=94 view=0
03:23:36.909 INF Committed entry. latency=0 nReq=32 sn=91
03:23:36.909 INF Committed entry. latency=0 nReq=32 sn=89
03:23:36.909 INF Committed entry. latency=0 nReq=32 sn=88
03:23:36.909 INF Delivered batch. nReq=32 sn=88
03:23:36.909 INF Delivered batch. nReq=32 sn=89
03:23:36.909 INF Delivered batch. nReq=32 sn=90
03:23:36.909 INF Delivered batch. nReq=32 sn=91
03:23:36.910 DBG Starting timer. sn=95 view=0
03:23:36.910 DBG Starting timer. sn=93 view=0
03:23:36.910 DBG Starting timer. sn=92 view=0
03:23:37.895 DBG Batch ready. batchSize=4096
03:23:37.896 DBG Batch cut. left=0 nBuckets=16 nReq=32 next=0
03:23:37.896 DBG Waiting for batch. batchSize=4096
03:23:37.897 INF Sending PREPREPARE. nReq=32 senderID=3 sn=95 view=0
03:23:37.899 INF Handling PREPREPARE. nReq=32 senderID=2 sn=94
03:23:37.899 DBG Creating new Batch. nReq=32
03:23:37.900 INF Handling PREPREPARE. nReq=32 senderID=0 sn=92
03:23:37.900 DBG Creating new Batch. nReq=32
03:23:37.901 INF Handling PREPREPARE. nReq=33 senderID=1 sn=93
03:23:37.901 DBG Creating new Batch. nReq=33
03:23:37.906 DBG Sending PREPARE. senderID=3 sn=92 view=0
03:23:37.906 DBG Sending PREPARE. senderID=3 sn=94 view=0
03:23:37.906 DBG Sending COMMIT. senderID=3 sn=94 view=0
03:23:37.907 DBG Sending PREPARE. senderID=3 sn=93 view=0
03:23:37.908 DBG Sending COMMIT. senderID=3 sn=92 view=0
03:23:37.908 INF Committed entry. latency=0 nReq=32 sn=94
03:23:37.908 INF Committed entry. latency=0 nReq=32 sn=92
03:23:37.909 INF Delivered batch. nReq=32 sn=92
03:23:37.909 DBG Starting timer. sn=98 view=0
03:23:37.909 DBG Starting timer. sn=96 view=0
03:23:37.909 DBG Sending COMMIT. senderID=3 sn=93 view=0
03:23:37.909 DBG Sending COMMIT. senderID=3 sn=95 view=0
03:23:37.909 INF Committed entry. latency=0 nReq=33 sn=93
03:23:37.909 INF Delivered batch. nReq=33 sn=93
03:23:37.910 INF Delivered batch. nReq=32 sn=94
03:23:37.910 DBG Starting timer. sn=97 view=0
03:23:37.910 INF Committed entry. latency=0 nReq=32 sn=95
03:23:37.910 INF Delivered batch. nReq=32 sn=95
03:23:37.910 DBG Starting timer. sn=99 view=0
03:23:38.897 DBG Batch ready. batchSize=4096
03:23:38.897 DBG Batch cut. left=0 nBuckets=16 nReq=32 next=0
03:23:38.897 DBG Waiting for batch. batchSize=4096
03:23:38.899 INF Sending PREPREPARE. nReq=32 senderID=3 sn=99 view=0
03:23:38.900 INF Handling PREPREPARE. nReq=32 senderID=2 sn=98
03:23:38.900 DBG Creating new Batch. nReq=32
03:23:38.902 INF Handling PREPREPARE. nReq=32 senderID=0 sn=96
03:23:38.903 DBG Creating new Batch. nReq=32
03:23:38.904 DBG Sending PREPARE. senderID=3 sn=98 view=0
03:23:38.904 INF Handling PREPREPARE. nReq=32 senderID=1 sn=97
03:23:38.904 DBG Creating new Batch. nReq=32
03:23:38.906 DBG Sending COMMIT. senderID=3 sn=98 view=0
03:23:38.907 DBG Sending PREPARE. senderID=3 sn=96 view=0
03:23:38.908 INF Committed entry. latency=0 nReq=32 sn=98
03:23:38.909 DBG Sending PREPARE. senderID=3 sn=97 view=0
03:23:38.909 DBG Starting timer. sn=102 view=0
03:23:38.909 DBG Sending COMMIT. senderID=3 sn=96 view=0
03:23:38.910 DBG Sending COMMIT. senderID=3 sn=99 view=0
03:23:38.910 DBG Sending COMMIT. senderID=3 sn=97 view=0
03:23:38.911 INF Committed entry. latency=0 nReq=32 sn=96
03:23:38.911 INF Delivered batch. nReq=32 sn=96
03:23:38.911 DBG Starting timer. sn=100 view=0
03:23:38.912 INF Committed entry. latency=0 nReq=32 sn=97
03:23:38.912 INF Committed entry. latency=0 nReq=32 sn=99
03:23:38.912 INF Delivered batch. nReq=32 sn=97
03:23:38.912 INF Delivered batch. nReq=32 sn=98
03:23:38.913 INF Delivered batch. nReq=32 sn=99
03:23:38.913 DBG Starting timer. sn=101 view=0
03:23:38.913 DBG Starting timer. sn=103 view=0
03:23:39.898 DBG Batch ready. batchSize=4096
03:23:39.898 DBG Batch cut. left=0 nBuckets=16 nReq=32 next=0
03:23:39.899 DBG Waiting for batch. batchSize=4096
03:23:39.899 INF Sending PREPREPARE. nReq=32 senderID=3 sn=103 view=0
03:23:39.901 INF Handling PREPREPARE. nReq=32 senderID=2 sn=102
03:23:39.901 DBG Creating new Batch. nReq=32
03:23:39.902 INF Handling PREPREPARE. nReq=32 senderID=0 sn=100
03:23:39.902 DBG Creating new Batch. nReq=32
03:23:39.905 INF Handling PREPREPARE. nReq=32 senderID=1 sn=101
03:23:39.906 DBG Creating new Batch. nReq=32
03:23:39.906 DBG Sending PREPARE. senderID=3 sn=102 view=0
03:23:39.908 DBG Sending COMMIT. senderID=3 sn=102 view=0
03:23:39.909 DBG Sending PREPARE. senderID=3 sn=100 view=0
03:23:39.910 DBG Sending COMMIT. senderID=3 sn=100 view=0
03:23:39.910 INF Committed entry. latency=0 nReq=32 sn=102
03:23:39.910 DBG Starting timer. sn=106 view=0
03:23:39.910 DBG Sending PREPARE. senderID=3 sn=101 view=0
03:23:39.911 INF Committed entry. latency=0 nReq=32 sn=100
03:23:39.911 INF Delivered batch. nReq=32 sn=100
03:23:39.911 DBG Starting timer. sn=104 view=0
03:23:39.912 DBG Sending COMMIT. senderID=3 sn=103 view=0
03:23:39.912 INF Committed entry. latency=0 nReq=32 sn=103
03:23:39.912 DBG Starting timer. sn=107 view=0
03:23:39.913 DBG Sending COMMIT. senderID=3 sn=101 view=0
03:23:39.913 INF Committed entry. latency=0 nReq=32 sn=101
03:23:39.913 INF Delivered batch. nReq=32 sn=101
03:23:39.914 INF Delivered batch. nReq=32 sn=102
03:23:39.914 INF Delivered batch. nReq=32 sn=103
03:23:39.914 DBG Starting timer. sn=105 view=0
03:23:40.900 DBG Batch ready. batchSize=4096
03:23:40.900 DBG Batch cut. left=0 nBuckets=16 nReq=32 next=0
03:23:40.901 DBG Waiting for batch. batchSize=4096
03:23:40.901 INF Sending PREPREPARE. nReq=32 senderID=3 sn=107 view=0
03:23:40.902 INF Handling PREPREPARE. nReq=32 senderID=2 sn=106
03:23:40.902 DBG Creating new Batch. nReq=32
03:23:40.904 INF Handling PREPREPARE. nReq=32 senderID=0 sn=104
03:23:40.904 DBG Creating new Batch. nReq=32
03:23:40.907 INF Handling PREPREPARE. nReq=32 senderID=1 sn=105
03:23:40.907 DBG Creating new Batch. nReq=32
03:23:40.909 DBG Sending PREPARE. senderID=3 sn=104 view=0
03:23:40.910 DBG Sending PREPARE. senderID=3 sn=106 view=0
03:23:40.910 DBG Sending COMMIT. senderID=3 sn=104 view=0
03:23:40.910 DBG Sending COMMIT. senderID=3 sn=106 view=0
03:23:40.912 INF Committed entry. latency=0 nReq=32 sn=104
03:23:40.912 INF Delivered batch. nReq=32 sn=104
03:23:40.912 DBG Starting timer. sn=108 view=0
03:23:40.912 INF Committed entry. latency=0 nReq=32 sn=106
03:23:40.913 DBG Sending PREPARE. senderID=3 sn=105 view=0
03:23:40.913 DBG Starting timer. sn=110 view=0
03:23:40.913 DBG Sending COMMIT. senderID=3 sn=105 view=0
03:23:40.914 DBG Sending COMMIT. senderID=3 sn=107 view=0
03:23:40.916 INF Committed entry. latency=0 nReq=32 sn=105
03:23:40.916 INF Delivered batch. nReq=32 sn=105
03:23:40.916 INF Committed entry. latency=0 nReq=32 sn=107
03:23:40.916 INF Delivered batch. nReq=32 sn=106
03:23:40.916 INF Delivered batch. nReq=32 sn=107
03:23:40.916 DBG Starting timer. sn=109 view=0
03:23:40.916 DBG Starting timer. sn=111 view=0
03:23:41.902 DBG Batch ready. batchSize=4096
03:23:41.902 DBG Batch cut. left=0 nBuckets=16 nReq=32 next=0
03:23:41.902 DBG Waiting for batch. batchSize=4096
03:23:41.903 INF Handling PREPREPARE. nReq=32 senderID=2 sn=110
03:23:41.904 DBG Creating new Batch. nReq=32
03:23:41.904 INF Sending PREPREPARE. nReq=32 senderID=3 sn=111 view=0
03:23:41.904 INF Handling PREPREPARE. nReq=32 senderID=0 sn=108
03:23:41.904 DBG Creating new Batch. nReq=32
03:23:41.908 DBG Sending PREPARE. senderID=3 sn=110 view=0
03:23:41.909 DBG Sending PREPARE. senderID=3 sn=108 view=0
03:23:41.909 DBG Sending COMMIT. senderID=3 sn=110 view=0
03:23:41.909 INF Handling PREPREPARE. nReq=32 senderID=1 sn=109
03:23:41.910 DBG Creating new Batch. nReq=32
03:23:41.911 INF Committed entry. latency=0 nReq=32 sn=110
03:23:41.911 DBG Starting timer. sn=114 view=0
03:23:41.912 DBG Sending COMMIT. senderID=3 sn=108 view=0
03:23:41.914 INF Committed entry. latency=0 nReq=32 sn=108
03:23:41.914 INF Delivered batch. nReq=32 sn=108
03:23:41.914 DBG Starting timer. sn=112 view=0
03:23:41.915 DBG Sending PREPARE. senderID=3 sn=109 view=0
03:23:41.916 DBG Sending COMMIT. senderID=3 sn=109 view=0
03:23:41.916 DBG Sending COMMIT. senderID=3 sn=111 view=0
03:23:41.917 INF Committed entry. latency=0 nReq=32 sn=111
03:23:41.917 DBG Starting timer. sn=115 view=0
03:23:41.918 INF Committed entry. latency=0 nReq=32 sn=109
03:23:41.919 INF Delivered batch. nReq=32 sn=109
03:23:41.919 INF Delivered batch. nReq=32 sn=110
03:23:41.919 INF Delivered batch. nReq=32 sn=111
03:23:41.919 DBG Starting timer. sn=113 view=0
03:23:42.903 DBG Batch ready. batchSize=4096
03:23:42.903 DBG Batch cut. left=0 nBuckets=16 nReq=32 next=0
03:23:42.903 DBG Waiting for batch. batchSize=4096
03:23:42.904 INF Sending PREPREPARE. nReq=32 senderID=3 sn=115 view=0
03:23:42.905 INF Handling PREPREPARE. nReq=32 senderID=2 sn=114
03:23:42.905 DBG Creating new Batch. nReq=32
03:23:42.906 INF Handling PREPREPARE. nReq=32 senderID=0 sn=112
03:23:42.907 DBG Creating new Batch. nReq=32
03:23:42.909 DBG Sending PREPARE. senderID=3 sn=114 view=0
03:23:42.911 INF Handling PREPREPARE. nReq=32 senderID=1 sn=113
03:23:42.911 DBG Sending COMMIT. senderID=3 sn=114 view=0
03:23:42.911 DBG Creating new Batch. nReq=32
03:23:42.912 DBG Sending PREPARE. senderID=3 sn=112 view=0
03:23:42.912 DBG Sending COMMIT. senderID=3 sn=112 view=0
03:23:42.913 INF Committed entry. latency=0 nReq=32 sn=114
03:23:42.913 DBG Starting timer. sn=118 view=0
03:23:42.915 INF Committed entry. latency=0 nReq=32 sn=112
03:23:42.915 INF Delivered batch. nReq=32 sn=112
03:23:42.915 DBG Starting timer. sn=116 view=0
03:23:42.916 DBG Sending PREPARE. senderID=3 sn=113 view=0
03:23:42.917 DBG Sending COMMIT. senderID=3 sn=115 view=0
03:23:42.917 INF Committed entry. latency=0 nReq=32 sn=115
03:23:42.917 DBG Starting timer. sn=119 view=0
03:23:42.918 DBG Sending COMMIT. senderID=3 sn=113 view=0
03:23:42.919 INF Committed entry. latency=0 nReq=32 sn=113
03:23:42.919 INF Delivered batch. nReq=32 sn=113
03:23:42.919 INF Delivered batch. nReq=32 sn=114
03:23:42.919 INF Delivered batch. nReq=32 sn=115
03:23:42.920 DBG Starting timer. sn=117 view=0
03:23:43.904 DBG Batch ready. batchSize=4096
03:23:43.904 DBG Batch cut. left=0 nBuckets=16 nReq=32 next=0
03:23:43.905 DBG Waiting for batch. batchSize=4096
03:23:43.905 INF Sending PREPREPARE. nReq=32 senderID=3 sn=119 view=0
03:23:43.906 INF Handling PREPREPARE. nReq=32 senderID=2 sn=118
03:23:43.906 DBG Creating new Batch. nReq=32
03:23:43.907 INF Handling PREPREPARE. nReq=32 senderID=0 sn=116
03:23:43.907 DBG Creating new Batch. nReq=32
03:23:43.911 DBG Sending PREPARE. senderID=3 sn=118 view=0
03:23:43.911 DBG Sending COMMIT. senderID=3 sn=118 view=0
03:23:43.912 DBG Sending PREPARE. senderID=3 sn=116 view=0
03:23:43.913 INF Committed entry. latency=0 nReq=32 sn=118
03:23:43.914 DBG Starting timer. sn=122 view=0
03:23:43.915 DBG Sending COMMIT. senderID=3 sn=116 view=0
03:23:43.915 INF Handling PREPREPARE. nReq=32 senderID=1 sn=117
03:23:43.915 INF Committed entry. latency=0 nReq=32 sn=116
03:23:43.916 DBG Creating new Batch. nReq=32
03:23:43.916 INF Delivered batch. nReq=32 sn=116
03:23:43.916 DBG Starting timer. sn=120 view=0
03:23:43.916 DBG Sending COMMIT. senderID=3 sn=119 view=0
03:23:43.918 INF Committed entry. latency=0 nReq=32 sn=119
03:23:43.919 DBG Starting timer. sn=123 view=0
03:23:43.920 DBG Sending PREPARE. senderID=3 sn=117 view=0
03:23:43.922 DBG Sending COMMIT. senderID=3 sn=117 view=0
03:23:43.924 INF Committed entry. latency=0 nReq=32 sn=117
03:23:43.924 INF Delivered batch. nReq=32 sn=117
03:23:43.924 INF Delivered batch. nReq=32 sn=118
03:23:43.924 INF Delivered batch. nReq=32 sn=119
03:23:43.924 DBG Starting timer. sn=121 view=0
03:23:44.906 DBG Batch ready. batchSize=4096
03:23:44.906 DBG Batch cut. left=0 nBuckets=16 nReq=32 next=0
03:23:44.906 DBG Waiting for batch. batchSize=4096
03:23:44.907 INF Sending PREPREPARE. nReq=32 senderID=3 sn=123 view=0
03:23:44.908 INF Handling PREPREPARE. nReq=33 senderID=2 sn=122
03:23:44.908 DBG Creating new Batch. nReq=33
03:23:44.909 INF Handling PREPREPARE. nReq=32 senderID=0 sn=120
03:23:44.909 DBG Creating new Batch. nReq=32
03:23:44.913 DBG Sending PREPARE. senderID=3 sn=122 view=0
03:23:44.914 INF Handling PREPREPARE. nReq=32 senderID=1 sn=121
03:23:44.914 DBG Sending PREPARE. senderID=3 sn=120 view=0
03:23:44.914 DBG Creating new Batch. nReq=32
03:23:44.914 DBG Sending COMMIT. senderID=3 sn=120 view=0
03:23:44.914 DBG Sending COMMIT. senderID=3 sn=122 view=0
03:23:44.917 INF Committed entry. latency=0 nReq=32 sn=120
03:23:44.917 INF Committed entry. latency=0 nReq=33 sn=122
03:23:44.917 INF Delivered batch. nReq=32 sn=120
03:23:44.918 DBG Starting timer. sn=124 view=0
03:23:44.918 DBG Starting timer. sn=126 view=0
03:23:44.919 DBG Sending PREPARE. senderID=3 sn=121 view=0
03:23:44.920 DBG Sending COMMIT. senderID=3 sn=121 view=0
03:23:44.920 DBG Sending COMMIT. senderID=3 sn=123 view=0
03:23:44.921 INF Committed entry. latency=0 nReq=32 sn=121
03:23:44.921 INF Committed entry. latency=0 nReq=32 sn=123
03:23:44.921 INF Delivered batch. nReq=32 sn=121
03:23:44.922 INF Delivered batch. nReq=33 sn=122
03:23:44.922 INF Delivered batch. nReq=32 sn=123
03:23:44.922 DBG Starting timer. sn=125 view=0
03:23:44.922 DBG Starting timer. sn=127 view=0
03:23:45.908 DBG Batch ready. batchSize=4096
03:23:45.908 DBG Batch cut. left=0 nBuckets=16 nReq=31 next=0
03:23:45.908 DBG Waiting for batch. batchSize=4096
03:23:45.909 INF Handling PREPREPARE. nReq=30 senderID=2 sn=126
03:23:45.909 DBG Creating new Batch. nReq=30
03:23:45.909 INF Sending PREPREPARE. nReq=31 senderID=3 sn=127 view=0
03:23:45.911 INF Handling PREPREPARE. nReq=31 senderID=0 sn=124
03:23:45.911 DBG Creating new Batch. nReq=31
03:23:45.913 DBG Sending PREPARE. senderID=3 sn=126 view=0
03:23:45.915 DBG Sending COMMIT. senderID=3 sn=126 view=0
03:23:45.915 DBG Sending PREPARE. senderID=3 sn=124 view=0
03:23:45.916 DBG Sending COMMIT. senderID=3 sn=124 view=0
03:23:45.916 INF Handling PREPREPARE. nReq=31 senderID=1 sn=125
03:23:45.917 DBG Creating new Batch. nReq=31
03:23:45.917 INF Committed entry. latency=0 nReq=30 sn=126
03:23:45.917 DBG Starting timer. sn=130 view=0
03:23:45.920 INF Committed entry. latency=0 nReq=31 sn=124
03:23:45.920 INF Delivered batch. nReq=31 sn=124
03:23:45.920 DBG Sending PREPARE. senderID=3 sn=125 view=0
03:23:45.921 DBG Starting timer. sn=128 view=0
03:23:45.921 DBG Sending COMMIT. senderID=3 sn=127 view=0
03:23:45.921 INF Committed entry. latency=0 nReq=31 sn=127
03:23:45.922 DBG Starting timer. sn=131 view=0
03:23:45.922 DBG Sending COMMIT. senderID=3 sn=125 view=0
03:23:45.924 INF Committed entry. latency=0 nReq=31 sn=125
03:23:45.924 INF Delivered batch. nReq=31 sn=125
03:23:45.924 INF Delivered batch. nReq=30 sn=126
03:23:45.924 INF Delivered batch. nReq=31 sn=127
03:23:45.925 DBG Starting timer. sn=129 view=0
03:23:46.864 INF Connection terminated. error="rpc error: code = Canceled desc = context canceled" address=127.0.0.1:56434
03:23:46.864 INF Finished sending bucket assignments to client. clId=0
03:23:46.906 INF Handling PREPREPARE. nReq=0 senderID=2 sn=130
03:23:46.907 DBG Creating new Batch. nReq=0
03:23:46.907 DBG Sending PREPARE. senderID=3 sn=130 view=0
03:23:46.908 INF Handling PREPREPARE. nReq=0 senderID=0 sn=128
03:23:46.908 DBG Creating new Batch. nReq=0
03:23:46.908 DBG Sending COMMIT. senderID=3 sn=130 view=0
03:23:46.908 DBG Sending PREPARE. senderID=3 sn=128 view=0
03:23:46.909 DBG Batch ready. batchSize=4096
03:23:46.909 DBG Sending COMMIT. senderID=3 sn=128 view=0
03:23:46.909 DBG Batch cut. left=0 nBuckets=16 nReq=0 next=0
03:23:46.909 INF Committed entry. latency=0 nReq=0 sn=130
03:23:46.909 INF Sending PREPREPARE. nReq=0 senderID=3 sn=131 view=0
03:23:46.909 DBG Starting timer. sn=134 view=0
03:23:46.910 DBG Waiting for batch. batchSize=4096
03:23:46.911 INF Committed entry. latency=0 nReq=0 sn=128
03:23:46.911 INF Handling PREPREPARE. nReq=0 senderID=1 sn=129
03:23:46.911 INF Delivered batch. nReq=0 sn=128
03:23:46.911 DBG Creating new Batch. nReq=0
03:23:46.912 DBG Starting timer. sn=132 view=0
03:23:46.912 DBG Sending PREPARE. senderID=3 sn=129 view=0
03:23:46.912 DBG Sending COMMIT. senderID=3 sn=129 view=0
03:23:46.912 DBG Sending COMMIT. senderID=3 sn=131 view=0
03:23:46.913 INF Committed entry. latency=0 nReq=0 sn=131
03:23:46.913 DBG Starting timer. sn=135 view=0
03:23:46.915 INF Committed entry. latency=0 nReq=0 sn=129
03:23:46.915 INF Delivered batch. nReq=0 sn=129
03:23:46.915 INF Delivered batch. nReq=0 sn=130
03:23:46.915 INF Delivered batch. nReq=0 sn=131
03:23:46.915 DBG Starting timer. sn=133 view=0
03:23:47.176 INF Stopping profiler.
03:23:47.176 INF Stopping Tracer. events=238 fileName=experiment-output/0000/slave-002/peer.trc
==================
WARNING: DATA RACE
Read at 0x00c000928000 by goroutine 115:
  runtime.racereadrange()
      <autogenerated>:1 +0x1b
  github.com/hyperledger-labs/mirbft/tracing.(*BufferedTrace).StopOnSignal.func1()
      /opt/gopath/src/github.com/hyperledger-labs/mirbft/tracing/bufferedtrace.go:298 +0x4e

Previous write at 0x00c000928000 by goroutine 412:
  github.com/hyperledger-labs/mirbft/tracing.(*BufferedTrace).Event()
      /opt/gopath/src/github.com/hyperledger-labs/mirbft/tracing/bufferedtrace.go:105 +0x2d9
  github.com/hyperledger-labs/mirbft/manager.(*MirManager).handleLogEntries()
      /opt/gopath/src/github.com/hyperledger-labs/mirbft/manager/mirmanager.go:139 +0x1d8
  github.com/hyperledger-labs/mirbft/manager.(*MirManager).Startdwrap7()
      /opt/gopath/src/github.com/hyperledger-labs/mirbft/manager/mirmanager.go:101 +0x47

Goroutine 115 (running) created at:
  github.com/hyperledger-labs/mirbft/tracing.(*BufferedTrace).StopOnSignal()
      /opt/gopath/src/github.com/hyperledger-labs/mirbft/tracing/bufferedtrace.go:292 +0x172
  main.setUpTracing()
      /opt/gopath/src/github.com/hyperledger-labs/mirbft/cmd/orderingpeer/main.go:204 +0xf5
  main.main()
      /opt/gopath/src/github.com/hyperledger-labs/mirbft/cmd/orderingpeer/main.go:98 +0x9d6

Goroutine 412 (running) created at:
  github.com/hyperledger-labs/mirbft/manager.(*MirManager).Start()
      /opt/gopath/src/github.com/hyperledger-labs/mirbft/manager/mirmanager.go:101 +0x19e
  main.maindwrap4()
      /opt/gopath/src/github.com/hyperledger-labs/mirbft/cmd/orderingpeer/main.go:168 +0x59
==================
==================
WARNING: DATA RACE
Read at 0x00c00092a440 by goroutine 115:
  runtime.racereadrange()
      <autogenerated>:1 +0x1b
  github.com/hyperledger-labs/mirbft/tracing.(*BufferedTrace).StopOnSignal.func1()
      /opt/gopath/src/github.com/hyperledger-labs/mirbft/tracing/bufferedtrace.go:298 +0x4e

Previous write at 0x00c00092a440 by goroutine 114:
  github.com/hyperledger-labs/mirbft/tracing.(*BufferedTrace).Event()
      /opt/gopath/src/github.com/hyperledger-labs/mirbft/tracing/bufferedtrace.go:105 +0x2d9
  github.com/hyperledger-labs/mirbft/profiling.StartCPUTracing.func1()
      /opt/gopath/src/github.com/hyperledger-labs/mirbft/profiling/cpuusage.go:31 +0x95

Goroutine 115 (running) created at:
  github.com/hyperledger-labs/mirbft/tracing.(*BufferedTrace).StopOnSignal()
      /opt/gopath/src/github.com/hyperledger-labs/mirbft/tracing/bufferedtrace.go:292 +0x172
  main.setUpTracing()
      /opt/gopath/src/github.com/hyperledger-labs/mirbft/cmd/orderingpeer/main.go:204 +0xf5
  main.main()
      /opt/gopath/src/github.com/hyperledger-labs/mirbft/cmd/orderingpeer/main.go:98 +0x9d6

Goroutine 114 (running) created at:
  github.com/hyperledger-labs/mirbft/profiling.StartCPUTracing()
      /opt/gopath/src/github.com/hyperledger-labs/mirbft/profiling/cpuusage.go:28 +0xb6
  main.setUpTracing()
      /opt/gopath/src/github.com/hyperledger-labs/mirbft/cmd/orderingpeer/main.go:196 +0x85
  main.main()
      /opt/gopath/src/github.com/hyperledger-labs/mirbft/cmd/orderingpeer/main.go:98 +0x9d6
==================
03:23:47.181 INF Trace data written.
03:23:47.199 INF Profile data written. filename=experiment-output/0000/slave-002/prof.cpu name=cpu
03:23:47.263 INF Profile data written. filename=experiment-output/0000/slave-002/prof.block name=block
03:23:47.288 INF Profile data written. filename=experiment-output/0000/slave-002/prof.mutex name=mutex
