{"level":"debug","Logging":"debug","time":"2022-08-04T17:20:35+08:00","message":"Config"}
{"level":"debug","UseTLS":false,"time":"2022-08-04T17:20:35+08:00","message":"Config"}
{"level":"debug","CACertFile":"tls-data/ca.pem","time":"2022-08-04T17:20:35+08:00","message":"Config"}
{"level":"debug","KeyFile":"tls-data/auth.key","time":"2022-08-04T17:20:35+08:00","message":"Config"}
{"level":"debug","CertFile":"tls-data/auth.pem","time":"2022-08-04T17:20:35+08:00","message":"Config"}
{"level":"debug","PriorityConnections":2,"time":"2022-08-04T17:20:35+08:00","message":"Config"}
{"level":"debug","BasicConnections":4,"time":"2022-08-04T17:20:35+08:00","message":"Config"}
{"level":"debug","TestConnections":false,"time":"2022-08-04T17:20:35+08:00","message":"Config"}
{"level":"debug","ExcessConnections":1,"time":"2022-08-04T17:20:35+08:00","message":"Config"}
{"level":"debug","ConnectionTestMsgs":4,"time":"2022-08-04T17:20:35+08:00","message":"Config"}
{"level":"debug","ConnectionTestPayload":131072,"time":"2022-08-04T17:20:35+08:00","message":"Config"}
{"level":"debug","OutMessageBufsize":1024,"time":"2022-08-04T17:20:35+08:00","message":"Config"}
{"level":"debug","OutMessageBufsize":1,"time":"2022-08-04T17:20:35+08:00","message":"Config"}
{"level":"debug","ThroughputCap":131072000,"time":"2022-08-04T17:20:35+08:00","message":"Config"}
{"level":"debug","StragglerTolerance":1000,"time":"2022-08-04T17:20:35+08:00","message":"Config"}
{"level":"debug","BatchSizeIncrement":256,"time":"2022-08-04T17:20:35+08:00","message":"Config"}
{"level":"debug","Orderer":"Pbft","time":"2022-08-04T17:20:35+08:00","message":"Config"}
{"level":"debug","Manager":"Mir","time":"2022-08-04T17:20:35+08:00","message":"Config"}
{"level":"debug","Failures":0,"time":"2022-08-04T17:20:35+08:00","message":"Config"}
{"level":"debug","CrashTiming":"EpochStart","time":"2022-08-04T17:20:35+08:00","message":"Config"}
{"level":"debug","CheckpointInterval":256,"time":"2022-08-04T17:20:35+08:00","message":"Config"}
{"level":"debug","WatermarkWindowSize":256,"time":"2022-08-04T17:20:35+08:00","message":"Config"}
{"level":"debug","EpochLength":256,"time":"2022-08-04T17:20:35+08:00","message":"Config"}
{"level":"debug","SegmentLength":256,"time":"2022-08-04T17:20:35+08:00","message":"Config"}
{"level":"debug","WaitForCheckpoints":true,"time":"2022-08-04T17:20:35+08:00","message":"Config"}
{"level":"debug","ClientWatermarkWindowSize":4194304,"time":"2022-08-04T17:20:35+08:00","message":"Config"}
{"level":"debug","ClientRequestBacklogSize":4194304,"time":"2022-08-04T17:20:35+08:00","message":"Config"}
{"level":"debug","RandomSeed":24715,"time":"2022-08-04T17:20:35+08:00","message":"Config"}
{"level":"debug","NodeToLeaderRatio":1,"time":"2022-08-04T17:20:35+08:00","message":"Config"}
{"level":"debug","LeaderPolicy":"Single","time":"2022-08-04T17:20:35+08:00","message":"Config"}
{"level":"debug","DefaultLeaderBan":2,"time":"2022-08-04T17:20:35+08:00","message":"Config"}
{"level":"debug","NumBuckets":16,"time":"2022-08-04T17:20:35+08:00","message":"Config"}
{"level":"debug","BatchSize":1000,"time":"2022-08-04T17:20:35+08:00","message":"Config"}
{"level":"debug","DisabledViewChange":false,"time":"2022-08-04T17:20:35+08:00","message":"Config"}
{"level":"debug","ViewChangeTimeout":60000,"time":"2022-08-04T17:20:35+08:00","message":"Config"}
{"level":"debug","ClientTraceSampling":10,"time":"2022-08-04T17:20:35+08:00","message":"Config"}
{"level":"debug","EventBufferSize":2097152,"time":"2022-08-04T17:20:35+08:00","message":"Config"}
{"level":"debug","TraceSampling":1,"time":"2022-08-04T17:20:35+08:00","message":"Config"}
{"level":"debug","ClientsPerProcess":1,"time":"2022-08-04T17:20:35+08:00","message":"Config"}
{"level":"debug","RequestsPerClient":15360,"time":"2022-08-04T17:20:35+08:00","message":"Config"}
{"level":"debug","ClientRunTime":30000,"time":"2022-08-04T17:20:35+08:00","message":"Config"}
{"level":"debug","RequestRate":256,"time":"2022-08-04T17:20:35+08:00","message":"Config"}
{"level":"debug","HardRequestRateLimit":false,"time":"2022-08-04T17:20:35+08:00","message":"Config"}
{"level":"debug","RequestPayloadSize":500,"time":"2022-08-04T17:20:35+08:00","message":"Config"}
{"level":"debug","SignRequests":true,"time":"2022-08-04T17:20:35+08:00","message":"Config"}
{"level":"debug","ClientPrivKeyFile":"tls-data/client-ecdsa-256.key","time":"2022-08-04T17:20:35+08:00","message":"Config"}
{"level":"debug","ClientPubKeyFile":"tls-data/client-ecdsa-256.pem","time":"2022-08-04T17:20:35+08:00","message":"Config"}
{"level":"debug","PrecomputeRequests":false,"time":"2022-08-04T17:20:35+08:00","message":"Config"}
{"level":"debug","RequestHandlerThreads":32,"time":"2022-08-04T17:20:35+08:00","message":"Config"}
{"level":"debug","RequestInputChannelBuffer":8192,"time":"2022-08-04T17:20:35+08:00","message":"Config"}
{"level":"debug","BatchVerifier":"external","time":"2022-08-04T17:20:35+08:00","message":"Config"}
09:20:35.423 INF Registered with discovery server. numPeers=4 ownID=2
09:20:35.423 INF Profiling enabled.
09:20:35.423 INF Setting up profiling.
09:20:35.423 INF Started Profiler: CPU
09:20:35.424 INF Started Profiler: BLOCK
09:20:35.424 INF Started Profiler: MUTEX
09:20:35.424 INF Profiler will stop on signal. exit=true
09:20:35.426 INF Tracing will stop on signal. exit=false
09:20:35.427 INF Started tracing. traceFile=experiment-output/0003/slave-004/peer.trc
09:20:35.427 DBG Starting backlog.
09:20:35.427 INF Listening for connections. port=10022 useTLS=false
09:20:35.427 INF Connecting to peer. addr=127.0.0.1:10022 basicConns=4 priorityConns=2
09:20:35.427 INF Connecting to peer. addr=127.0.0.1:10033 basicConns=4 priorityConns=2
09:20:35.428 INF Connecting to peer. addr=127.0.0.1:10011 basicConns=4 priorityConns=2
09:20:35.428 INF Connecting to peer. addr=127.0.0.1:10000 basicConns=4 priorityConns=2
09:20:35.455 INF Incoming connection for protocol messages. addr=127.0.0.1:38702
09:20:35.460 INF Incoming connection for protocol messages. addr=127.0.0.1:38710
09:20:35.460 INF Incoming connection for protocol messages. addr=127.0.0.1:38706
09:20:35.463 INF Incoming connection for protocol messages. addr=127.0.0.1:38712
09:20:35.465 INF Incoming connection for protocol messages. addr=127.0.0.1:38716
09:20:35.467 INF Incoming connection for protocol messages. addr=127.0.0.1:38718
09:20:35.467 INF Incoming connection for protocol messages. addr=127.0.0.1:38738
09:20:35.467 INF Incoming connection for protocol messages. addr=127.0.0.1:38764
09:20:35.468 INF Incoming connection for protocol messages. addr=127.0.0.1:38722
09:20:35.468 INF Incoming connection for protocol messages. addr=127.0.0.1:38742
09:20:35.469 INF Incoming connection for protocol messages. addr=127.0.0.1:38758
09:20:35.469 INF Incoming connection for protocol messages. addr=127.0.0.1:38740
09:20:35.470 INF Incoming connection for protocol messages. addr=127.0.0.1:38798
09:20:35.470 INF Incoming connection for protocol messages. addr=127.0.0.1:38796
09:20:35.470 DBG Connected. peerID=1
09:20:35.470 INF Incoming connection for protocol messages. addr=127.0.0.1:38786
09:20:35.470 DBG Connected. peerID=0
09:20:35.470 INF Incoming connection for protocol messages. addr=127.0.0.1:38804
09:20:35.471 INF Incoming connection for protocol messages. addr=127.0.0.1:38818
09:20:35.471 DBG Connected. peerID=3
09:20:35.471 INF Incoming connection for protocol messages. addr=127.0.0.1:38820
09:20:35.472 INF Incoming connection for protocol messages. addr=127.0.0.1:38836
09:20:35.472 INF Incoming connection for protocol messages. addr=127.0.0.1:38876
09:20:35.472 INF Incoming connection for protocol messages. addr=127.0.0.1:38856
09:20:35.473 INF Incoming connection for protocol messages. addr=127.0.0.1:38822
09:20:35.473 INF Incoming connection for protocol messages. addr=127.0.0.1:38882
09:20:35.473 INF Incoming connection for protocol messages. addr=127.0.0.1:38888
09:20:35.474 DBG Connected. peerID=2
09:20:35.474 INF Connected to all peers.
09:20:35.477 INF All peers finished connecting. Starting ISS.
09:20:35.478 DBG Buckets for 0-th leader 0: [0 4 8 12 1 5 9 13 2 6 10 14 3 7 11 15]
09:20:35.478 INF PbftOrderer received a new segment: [0 1 2 3 4 5 6 7 8 9 10 11 12 13 14 15 16 17 18 19 20 21 22 23 24 25 26 27 28 29 30 31 32 33 34 35 36 37 38 39 40 41 42 43 44 45 46 47 48 49 50 51 52 53 54 55 56 57 58 59 60 61 62 63 64 65 66 67 68 69 70 71 72 73 74 75 76 77 78 79 80 81 82 83 84 85 86 87 88 89 90 91 92 93 94 95 96 97 98 99 100 101 102 103 104 105 106 107 108 109 110 111 112 113 114 115 116 117 118 119 120 121 122 123 124 125 126 127 128 129 130 131 132 133 134 135 136 137 138 139 140 141 142 143 144 145 146 147 148 149 150 151 152 153 154 155 156 157 158 159 160 161 162 163 164 165 166 167 168 169 170 171 172 173 174 175 176 177 178 179 180 181 182 183 184 185 186 187 188 189 190 191 192 193 194 195 196 197 198 199 200 201 202 203 204 205 206 207 208 209 210 211 212 213 214 215 216 217 218 219 220 221 222 223 224 225 226 227 228 229 230 231 232 233 234 235 236 237 238 239 240 241 242 243 244 245 246 247 248 249 250 251 252 253 254 255] first leader=0 firstSN=0 lastSN=255 len=256 length=256 segId=0
09:20:35.479 INF Starting new view. segID=0 timeout=60000 view=0
09:20:35.479 DBG Starting timer. sn=0 view=0
09:20:35.480 INF Starting PBFT instance. first=0 last=255 segID=0
09:20:35.480 DBG Subscribing to backlog. segID=0
09:20:35.480 INF Starting serialized message processing. segID=0
09:20:36.519 INF Handling PREPREPARE. nReq=0 senderID=0 sn=0
09:20:36.519 DBG Creating new Batch. nReq=0
09:20:36.520 DBG Sending PREPARE. senderID=2 sn=0 view=0
09:20:36.521 DBG Sending COMMIT. senderID=2 sn=0 view=0
09:20:36.522 INF Committed entry. latency=0 nReq=0 sn=0
09:20:36.523 INF Delivered batch. nReq=0 sn=0
09:20:36.523 DBG Starting timer. sn=1 view=0
09:20:37.515 INF Incoming connection for requests. addr=127.0.0.1:38910
09:20:37.515 INF Handling PREPREPARE. nReq=0 senderID=0 sn=1
09:20:37.516 DBG Creating new Batch. nReq=0
09:20:37.516 DBG Sending PREPARE. senderID=2 sn=1 view=0
09:20:37.517 DBG Sending COMMIT. senderID=2 sn=1 view=0
09:20:37.518 INF Committed entry. latency=0 nReq=0 sn=1
09:20:37.518 INF Delivered batch. nReq=0 sn=1
09:20:37.518 DBG Starting timer. sn=2 view=0
09:20:38.547 INF Handling PREPREPARE. nReq=251 senderID=0 sn=2
09:20:38.547 DBG Creating new Batch. nReq=251
09:20:38.578 DBG Sending PREPARE. senderID=2 sn=2 view=0
09:20:38.580 DBG Sending COMMIT. senderID=2 sn=2 view=0
09:20:38.582 INF Committed entry. latency=0 nReq=251 sn=2
09:20:38.582 INF Delivered batch. nReq=251 sn=2
09:20:38.582 DBG Starting timer. sn=3 view=0
09:20:39.548 INF Handling PREPREPARE. nReq=256 senderID=0 sn=3
09:20:39.549 DBG Creating new Batch. nReq=256
09:20:39.572 DBG Sending PREPARE. senderID=2 sn=3 view=0
09:20:39.572 DBG Sending COMMIT. senderID=2 sn=3 view=0
09:20:39.574 INF Committed entry. latency=0 nReq=256 sn=3
09:20:39.575 INF Delivered batch. nReq=256 sn=3
09:20:39.575 DBG Starting timer. sn=4 view=0
09:20:40.549 INF Handling PREPREPARE. nReq=257 senderID=0 sn=4
09:20:40.550 DBG Creating new Batch. nReq=257
09:20:40.574 DBG Sending PREPARE. senderID=2 sn=4 view=0
09:20:40.574 DBG Sending COMMIT. senderID=2 sn=4 view=0
09:20:40.577 INF Committed entry. latency=0 nReq=257 sn=4
09:20:40.577 INF Delivered batch. nReq=257 sn=4
09:20:40.577 DBG Starting timer. sn=5 view=0
09:20:41.591 INF Handling PREPREPARE. nReq=248 senderID=0 sn=5
09:20:41.591 DBG Creating new Batch. nReq=248
09:20:41.613 DBG Sending PREPARE. senderID=2 sn=5 view=0
09:20:41.614 DBG Sending COMMIT. senderID=2 sn=5 view=0
09:20:41.617 INF Committed entry. latency=0 nReq=248 sn=5
09:20:41.617 INF Delivered batch. nReq=248 sn=5
09:20:41.617 DBG Starting timer. sn=6 view=0
09:20:42.594 INF Handling PREPREPARE. nReq=275 senderID=0 sn=6
09:20:42.594 DBG Creating new Batch. nReq=275
09:20:42.620 DBG Sending PREPARE. senderID=2 sn=6 view=0
09:20:42.622 DBG Sending COMMIT. senderID=2 sn=6 view=0
09:20:42.624 INF Committed entry. latency=0 nReq=275 sn=6
09:20:42.624 INF Delivered batch. nReq=275 sn=6
09:20:42.624 DBG Starting timer. sn=7 view=0
09:20:43.595 INF Handling PREPREPARE. nReq=257 senderID=0 sn=7
09:20:43.595 DBG Creating new Batch. nReq=257
09:20:43.619 DBG Sending PREPARE. senderID=2 sn=7 view=0
09:20:43.621 DBG Sending COMMIT. senderID=2 sn=7 view=0
09:20:43.623 INF Committed entry. latency=0 nReq=257 sn=7
09:20:43.623 INF Delivered batch. nReq=257 sn=7
09:20:43.623 DBG Starting timer. sn=8 view=0
09:20:44.598 INF Handling PREPREPARE. nReq=256 senderID=0 sn=8
09:20:44.598 DBG Creating new Batch. nReq=256
09:20:44.622 DBG Sending PREPARE. senderID=2 sn=8 view=0
09:20:44.622 DBG Sending COMMIT. senderID=2 sn=8 view=0
09:20:44.623 INF Committed entry. latency=0 nReq=256 sn=8
09:20:44.623 INF Delivered batch. nReq=256 sn=8
09:20:44.623 DBG Starting timer. sn=9 view=0
09:20:45.600 INF Handling PREPREPARE. nReq=257 senderID=0 sn=9
09:20:45.600 DBG Creating new Batch. nReq=257
09:20:45.623 DBG Sending PREPARE. senderID=2 sn=9 view=0
09:20:45.624 DBG Sending COMMIT. senderID=2 sn=9 view=0
09:20:45.626 INF Committed entry. latency=0 nReq=257 sn=9
09:20:45.626 INF Delivered batch. nReq=257 sn=9
09:20:45.627 DBG Starting timer. sn=10 view=0
09:20:46.603 INF Handling PREPREPARE. nReq=256 senderID=0 sn=10
09:20:46.603 DBG Creating new Batch. nReq=256
09:20:46.625 DBG Sending PREPARE. senderID=2 sn=10 view=0
09:20:46.626 DBG Sending COMMIT. senderID=2 sn=10 view=0
09:20:46.627 INF Committed entry. latency=0 nReq=256 sn=10
09:20:46.627 INF Delivered batch. nReq=256 sn=10
09:20:46.627 DBG Starting timer. sn=11 view=0
09:20:47.604 INF Handling PREPREPARE. nReq=257 senderID=0 sn=11
09:20:47.604 DBG Creating new Batch. nReq=257
09:20:47.627 DBG Sending PREPARE. senderID=2 sn=11 view=0
09:20:47.627 DBG Sending COMMIT. senderID=2 sn=11 view=0
09:20:47.630 INF Committed entry. latency=0 nReq=257 sn=11
09:20:47.630 INF Delivered batch. nReq=257 sn=11
09:20:47.631 DBG Starting timer. sn=12 view=0
09:20:48.605 INF Handling PREPREPARE. nReq=256 senderID=0 sn=12
09:20:48.606 DBG Creating new Batch. nReq=256
09:20:48.629 DBG Sending PREPARE. senderID=2 sn=12 view=0
09:20:48.630 DBG Sending COMMIT. senderID=2 sn=12 view=0
09:20:48.631 INF Committed entry. latency=0 nReq=256 sn=12
09:20:48.631 INF Delivered batch. nReq=256 sn=12
09:20:48.631 DBG Starting timer. sn=13 view=0
09:20:49.606 INF Handling PREPREPARE. nReq=257 senderID=0 sn=13
09:20:49.606 DBG Creating new Batch. nReq=257
09:20:49.629 DBG Sending PREPARE. senderID=2 sn=13 view=0
09:20:49.629 DBG Sending COMMIT. senderID=2 sn=13 view=0
09:20:49.631 INF Committed entry. latency=0 nReq=257 sn=13
09:20:49.631 INF Delivered batch. nReq=257 sn=13
09:20:49.631 DBG Starting timer. sn=14 view=0
09:20:50.607 INF Handling PREPREPARE. nReq=256 senderID=0 sn=14
09:20:50.608 DBG Creating new Batch. nReq=256
09:20:50.631 DBG Sending PREPARE. senderID=2 sn=14 view=0
09:20:50.631 DBG Sending COMMIT. senderID=2 sn=14 view=0
09:20:50.634 INF Committed entry. latency=0 nReq=256 sn=14
09:20:50.635 INF Delivered batch. nReq=256 sn=14
09:20:50.635 DBG Starting timer. sn=15 view=0
09:20:51.608 INF Handling PREPREPARE. nReq=257 senderID=0 sn=15
09:20:51.608 DBG Creating new Batch. nReq=257
09:20:51.632 DBG Sending PREPARE. senderID=2 sn=15 view=0
09:20:51.633 DBG Sending COMMIT. senderID=2 sn=15 view=0
09:20:51.635 INF Committed entry. latency=0 nReq=257 sn=15
09:20:51.635 INF Delivered batch. nReq=257 sn=15
09:20:51.636 DBG Starting timer. sn=16 view=0
09:20:52.612 INF Handling PREPREPARE. nReq=256 senderID=0 sn=16
09:20:52.612 DBG Creating new Batch. nReq=256
09:20:52.636 DBG Sending PREPARE. senderID=2 sn=16 view=0
09:20:52.636 DBG Sending COMMIT. senderID=2 sn=16 view=0
09:20:52.637 INF Committed entry. latency=0 nReq=256 sn=16
09:20:52.637 INF Delivered batch. nReq=256 sn=16
09:20:52.637 DBG Starting timer. sn=17 view=0
09:20:53.614 INF Handling PREPREPARE. nReq=257 senderID=0 sn=17
09:20:53.614 DBG Creating new Batch. nReq=257
09:20:53.638 DBG Sending PREPARE. senderID=2 sn=17 view=0
09:20:53.638 DBG Sending COMMIT. senderID=2 sn=17 view=0
09:20:53.640 INF Committed entry. latency=0 nReq=257 sn=17
09:20:53.640 INF Delivered batch. nReq=257 sn=17
09:20:53.641 DBG Starting timer. sn=18 view=0
09:20:54.615 INF Handling PREPREPARE. nReq=256 senderID=0 sn=18
09:20:54.615 DBG Creating new Batch. nReq=256
09:20:54.637 DBG Sending PREPARE. senderID=2 sn=18 view=0
09:20:54.639 DBG Sending COMMIT. senderID=2 sn=18 view=0
09:20:54.640 INF Committed entry. latency=0 nReq=256 sn=18
09:20:54.641 INF Delivered batch. nReq=256 sn=18
09:20:54.641 DBG Starting timer. sn=19 view=0
09:20:55.616 INF Handling PREPREPARE. nReq=257 senderID=0 sn=19
09:20:55.616 DBG Creating new Batch. nReq=257
09:20:55.639 DBG Sending PREPARE. senderID=2 sn=19 view=0
09:20:55.639 DBG Sending COMMIT. senderID=2 sn=19 view=0
09:20:55.641 INF Committed entry. latency=0 nReq=257 sn=19
09:20:55.641 INF Delivered batch. nReq=257 sn=19
09:20:55.641 DBG Starting timer. sn=20 view=0
09:20:56.620 INF Handling PREPREPARE. nReq=256 senderID=0 sn=20
09:20:56.620 DBG Creating new Batch. nReq=256
09:20:56.644 DBG Sending PREPARE. senderID=2 sn=20 view=0
09:20:56.644 DBG Sending COMMIT. senderID=2 sn=20 view=0
09:20:56.646 INF Committed entry. latency=0 nReq=256 sn=20
09:20:56.646 INF Delivered batch. nReq=256 sn=20
09:20:56.646 DBG Starting timer. sn=21 view=0
09:20:57.620 INF Handling PREPREPARE. nReq=256 senderID=0 sn=21
09:20:57.620 DBG Creating new Batch. nReq=256
09:20:57.642 DBG Sending PREPARE. senderID=2 sn=21 view=0
09:20:57.646 DBG Sending COMMIT. senderID=2 sn=21 view=0
09:20:57.648 INF Committed entry. latency=0 nReq=256 sn=21
09:20:57.648 INF Delivered batch. nReq=256 sn=21
09:20:57.648 DBG Starting timer. sn=22 view=0
09:20:58.624 INF Handling PREPREPARE. nReq=257 senderID=0 sn=22
09:20:58.624 DBG Creating new Batch. nReq=257
09:20:58.648 DBG Sending PREPARE. senderID=2 sn=22 view=0
09:20:58.648 DBG Sending COMMIT. senderID=2 sn=22 view=0
09:20:58.649 INF Committed entry. latency=0 nReq=257 sn=22
09:20:58.649 INF Delivered batch. nReq=257 sn=22
09:20:58.649 DBG Starting timer. sn=23 view=0
09:20:59.624 INF Handling PREPREPARE. nReq=256 senderID=0 sn=23
09:20:59.625 DBG Creating new Batch. nReq=256
09:20:59.647 DBG Sending PREPARE. senderID=2 sn=23 view=0
09:20:59.648 DBG Sending COMMIT. senderID=2 sn=23 view=0
09:20:59.651 INF Committed entry. latency=0 nReq=256 sn=23
09:20:59.651 INF Delivered batch. nReq=256 sn=23
09:20:59.651 DBG Starting timer. sn=24 view=0
09:21:00.627 INF Handling PREPREPARE. nReq=257 senderID=0 sn=24
09:21:00.627 DBG Creating new Batch. nReq=257
09:21:00.652 DBG Sending PREPARE. senderID=2 sn=24 view=0
09:21:00.652 DBG Sending COMMIT. senderID=2 sn=24 view=0
09:21:00.653 INF Committed entry. latency=0 nReq=257 sn=24
09:21:00.653 INF Delivered batch. nReq=257 sn=24
09:21:00.653 DBG Starting timer. sn=25 view=0
09:21:01.627 INF Handling PREPREPARE. nReq=257 senderID=0 sn=25
09:21:01.628 DBG Creating new Batch. nReq=257
09:21:01.649 DBG Sending PREPARE. senderID=2 sn=25 view=0
09:21:01.653 DBG Sending COMMIT. senderID=2 sn=25 view=0
09:21:01.654 INF Committed entry. latency=0 nReq=257 sn=25
09:21:01.654 INF Delivered batch. nReq=257 sn=25
09:21:01.654 DBG Starting timer. sn=26 view=0
09:21:02.632 INF Handling PREPREPARE. nReq=256 senderID=0 sn=26
09:21:02.632 DBG Creating new Batch. nReq=256
09:21:02.655 DBG Sending PREPARE. senderID=2 sn=26 view=0
09:21:02.656 DBG Sending COMMIT. senderID=2 sn=26 view=0
09:21:02.657 INF Committed entry. latency=0 nReq=256 sn=26
09:21:02.658 INF Delivered batch. nReq=256 sn=26
09:21:02.658 DBG Starting timer. sn=27 view=0
09:21:03.632 INF Handling PREPREPARE. nReq=257 senderID=0 sn=27
09:21:03.632 DBG Creating new Batch. nReq=257
09:21:03.656 DBG Sending PREPARE. senderID=2 sn=27 view=0
09:21:03.656 DBG Sending COMMIT. senderID=2 sn=27 view=0
09:21:03.658 INF Committed entry. latency=0 nReq=257 sn=27
09:21:03.658 INF Delivered batch. nReq=257 sn=27
09:21:03.658 DBG Starting timer. sn=28 view=0
09:21:04.636 INF Handling PREPREPARE. nReq=256 senderID=0 sn=28
09:21:04.636 DBG Creating new Batch. nReq=256
09:21:04.657 DBG Sending PREPARE. senderID=2 sn=28 view=0
09:21:04.658 DBG Sending COMMIT. senderID=2 sn=28 view=0
09:21:04.659 INF Committed entry. latency=0 nReq=256 sn=28
09:21:04.659 INF Delivered batch. nReq=256 sn=28
09:21:04.659 DBG Starting timer. sn=29 view=0
09:21:05.637 INF Handling PREPREPARE. nReq=256 senderID=0 sn=29
09:21:05.637 DBG Creating new Batch. nReq=256
09:21:05.659 DBG Sending PREPARE. senderID=2 sn=29 view=0
09:21:05.659 DBG Sending COMMIT. senderID=2 sn=29 view=0
09:21:05.661 INF Committed entry. latency=0 nReq=256 sn=29
09:21:05.661 INF Delivered batch. nReq=256 sn=29
09:21:05.661 DBG Starting timer. sn=30 view=0
09:21:06.638 INF Handling PREPREPARE. nReq=257 senderID=0 sn=30
09:21:06.638 DBG Creating new Batch. nReq=257
09:21:06.662 DBG Sending PREPARE. senderID=2 sn=30 view=0
09:21:06.662 DBG Sending COMMIT. senderID=2 sn=30 view=0
09:21:06.664 INF Committed entry. latency=0 nReq=257 sn=30
09:21:06.664 INF Delivered batch. nReq=257 sn=30
09:21:06.664 DBG Starting timer. sn=31 view=0
09:21:07.637 INF Handling PREPREPARE. nReq=239 senderID=0 sn=31
09:21:07.637 DBG Creating new Batch. nReq=239
09:21:07.659 DBG Sending PREPARE. senderID=2 sn=31 view=0
09:21:07.660 DBG Sending COMMIT. senderID=2 sn=31 view=0
09:21:07.662 INF Committed entry. latency=0 nReq=239 sn=31
09:21:07.662 INF Delivered batch. nReq=239 sn=31
09:21:07.662 DBG Starting timer. sn=32 view=0
09:21:08.543 INF Connection terminated. error="rpc error: code = Canceled desc = context canceled" address=127.0.0.1:38910
09:21:08.543 INF Finished sending bucket assignments to client. clId=0
09:21:08.612 INF Handling PREPREPARE. nReq=0 senderID=0 sn=32
09:21:08.612 DBG Creating new Batch. nReq=0
09:21:08.612 DBG Sending PREPARE. senderID=2 sn=32 view=0
09:21:08.613 DBG Sending COMMIT. senderID=2 sn=32 view=0
09:21:08.614 INF Committed entry. latency=0 nReq=0 sn=32
09:21:08.615 INF Delivered batch. nReq=0 sn=32
09:21:08.615 DBG Starting timer. sn=33 view=0
09:21:08.929 INF Stopping profiler.
09:21:08.929 INF Stopping Tracer. events=103 fileName=experiment-output/0003/slave-004/peer.trc
==================
WARNING: DATA RACE
Read at 0x00c000934000 by goroutine 115:
  runtime.racereadrange()
      <autogenerated>:1 +0x1b
  github.com/hyperledger-labs/mirbft/tracing.(*BufferedTrace).StopOnSignal.func1()
      /opt/gopath/src/github.com/hyperledger-labs/mirbft/tracing/bufferedtrace.go:298 +0x4e

Previous write at 0x00c000934000 by goroutine 415:
  github.com/hyperledger-labs/mirbft/tracing.(*BufferedTrace).Event()
      /opt/gopath/src/github.com/hyperledger-labs/mirbft/tracing/bufferedtrace.go:105 +0x2d9
  github.com/hyperledger-labs/mirbft/manager.(*MirManager).handleLogEntries()
      /opt/gopath/src/github.com/hyperledger-labs/mirbft/manager/mirmanager.go:139 +0x1d8
  github.com/hyperledger-labs/mirbft/manager.(*MirManager).Start路dwrap路7()
      /opt/gopath/src/github.com/hyperledger-labs/mirbft/manager/mirmanager.go:101 +0x47

Goroutine 115 (running) created at:
  github.com/hyperledger-labs/mirbft/tracing.(*BufferedTrace).StopOnSignal()
      /opt/gopath/src/github.com/hyperledger-labs/mirbft/tracing/bufferedtrace.go:292 +0x172
  main.setUpTracing()
      /opt/gopath/src/github.com/hyperledger-labs/mirbft/cmd/orderingpeer/main.go:204 +0xf5
  main.main()
      /opt/gopath/src/github.com/hyperledger-labs/mirbft/cmd/orderingpeer/main.go:98 +0x9d6

Goroutine 415 (running) created at:
  github.com/hyperledger-labs/mirbft/manager.(*MirManager).Start()
      /opt/gopath/src/github.com/hyperledger-labs/mirbft/manager/mirmanager.go:101 +0x19e
  main.main路dwrap路4()
      /opt/gopath/src/github.com/hyperledger-labs/mirbft/cmd/orderingpeer/main.go:168 +0x59
==================
==================
WARNING: DATA RACE
Read at 0x00c000934fc8 by goroutine 115:
  runtime.racereadrange()
      <autogenerated>:1 +0x1b
  github.com/hyperledger-labs/mirbft/tracing.(*BufferedTrace).StopOnSignal.func1()
      /opt/gopath/src/github.com/hyperledger-labs/mirbft/tracing/bufferedtrace.go:298 +0x4e

Previous write at 0x00c000934fc8 by goroutine 114:
  github.com/hyperledger-labs/mirbft/tracing.(*BufferedTrace).Event()
      /opt/gopath/src/github.com/hyperledger-labs/mirbft/tracing/bufferedtrace.go:105 +0x2d9
  github.com/hyperledger-labs/mirbft/profiling.StartCPUTracing.func1()
      /opt/gopath/src/github.com/hyperledger-labs/mirbft/profiling/cpuusage.go:31 +0x95

Goroutine 115 (running) created at:
  github.com/hyperledger-labs/mirbft/tracing.(*BufferedTrace).StopOnSignal()
      /opt/gopath/src/github.com/hyperledger-labs/mirbft/tracing/bufferedtrace.go:292 +0x172
  main.setUpTracing()
      /opt/gopath/src/github.com/hyperledger-labs/mirbft/cmd/orderingpeer/main.go:204 +0xf5
  main.main()
      /opt/gopath/src/github.com/hyperledger-labs/mirbft/cmd/orderingpeer/main.go:98 +0x9d6

Goroutine 114 (running) created at:
  github.com/hyperledger-labs/mirbft/profiling.StartCPUTracing()
      /opt/gopath/src/github.com/hyperledger-labs/mirbft/profiling/cpuusage.go:28 +0xb6
  main.setUpTracing()
      /opt/gopath/src/github.com/hyperledger-labs/mirbft/cmd/orderingpeer/main.go:196 +0x85
  main.main()
      /opt/gopath/src/github.com/hyperledger-labs/mirbft/cmd/orderingpeer/main.go:98 +0x9d6
==================
09:21:08.931 INF Trace data written.
09:21:08.949 INF Profile data written. filename=experiment-output/0003/slave-004/prof.cpu name=cpu
09:21:08.999 INF Profile data written. filename=experiment-output/0003/slave-004/prof.block name=block
09:21:09.021 INF Profile data written. filename=experiment-output/0003/slave-004/prof.mutex name=mutex
