{"level":"debug","Logging":"debug","time":"2022-10-24T17:17:56+08:00","message":"Config"}
{"level":"debug","UseTLS":false,"time":"2022-10-24T17:17:56+08:00","message":"Config"}
{"level":"debug","CACertFile":"tls-data/ca.pem","time":"2022-10-24T17:17:56+08:00","message":"Config"}
{"level":"debug","KeyFile":"tls-data/auth.key","time":"2022-10-24T17:17:56+08:00","message":"Config"}
{"level":"debug","CertFile":"tls-data/auth.pem","time":"2022-10-24T17:17:56+08:00","message":"Config"}
{"level":"debug","PriorityConnections":2,"time":"2022-10-24T17:17:56+08:00","message":"Config"}
{"level":"debug","BasicConnections":2,"time":"2022-10-24T17:17:56+08:00","message":"Config"}
{"level":"debug","TestConnections":false,"time":"2022-10-24T17:17:56+08:00","message":"Config"}
{"level":"debug","ExcessConnections":1,"time":"2022-10-24T17:17:56+08:00","message":"Config"}
{"level":"debug","ConnectionTestMsgs":4,"time":"2022-10-24T17:17:56+08:00","message":"Config"}
{"level":"debug","ConnectionTestPayload":131072,"time":"2022-10-24T17:17:56+08:00","message":"Config"}
{"level":"debug","OutMessageBufsize":1024,"time":"2022-10-24T17:17:56+08:00","message":"Config"}
{"level":"debug","OutMessageBufsize":2,"time":"2022-10-24T17:17:56+08:00","message":"Config"}
{"level":"debug","ThroughputCap":131072000,"time":"2022-10-24T17:17:56+08:00","message":"Config"}
{"level":"debug","StragglerTolerance":1000,"time":"2022-10-24T17:17:56+08:00","message":"Config"}
{"level":"debug","BatchSizeIncrement":256,"time":"2022-10-24T17:17:56+08:00","message":"Config"}
{"level":"debug","Orderer":"Pbft","time":"2022-10-24T17:17:56+08:00","message":"Config"}
{"level":"debug","Manager":"Mir","time":"2022-10-24T17:17:56+08:00","message":"Config"}
{"level":"debug","Failures":2,"time":"2022-10-24T17:17:56+08:00","message":"Config"}
{"level":"debug","CrashTiming":"Straggler","time":"2022-10-24T17:17:56+08:00","message":"Config"}
{"level":"debug","CheckpointInterval":256,"time":"2022-10-24T17:17:56+08:00","message":"Config"}
{"level":"debug","WatermarkWindowSize":256,"time":"2022-10-24T17:17:56+08:00","message":"Config"}
{"level":"debug","EpochLength":256,"time":"2022-10-24T17:17:56+08:00","message":"Config"}
{"level":"debug","SegmentLength":32,"time":"2022-10-24T17:17:56+08:00","message":"Config"}
{"level":"debug","WaitForCheckpoints":true,"time":"2022-10-24T17:17:56+08:00","message":"Config"}
{"level":"debug","ClientWatermarkWindowSize":4194304,"time":"2022-10-24T17:17:56+08:00","message":"Config"}
{"level":"debug","ClientRequestBacklogSize":4194304,"time":"2022-10-24T17:17:56+08:00","message":"Config"}
{"level":"debug","RandomSeed":14669,"time":"2022-10-24T17:17:56+08:00","message":"Config"}
{"level":"debug","NodeToLeaderRatio":1,"time":"2022-10-24T17:17:56+08:00","message":"Config"}
{"level":"debug","LeaderPolicy":"SimulatedRandomFailures","time":"2022-10-24T17:17:56+08:00","message":"Config"}
{"level":"debug","DefaultLeaderBan":2,"time":"2022-10-24T17:17:56+08:00","message":"Config"}
{"level":"debug","NumBuckets":128,"time":"2022-10-24T17:17:56+08:00","message":"Config"}
{"level":"debug","BatchSize":1000,"time":"2022-10-24T17:17:56+08:00","message":"Config"}
{"level":"debug","DisabledViewChange":false,"time":"2022-10-24T17:17:56+08:00","message":"Config"}
{"level":"debug","ViewChangeTimeout":60000,"time":"2022-10-24T17:17:56+08:00","message":"Config"}
{"level":"debug","ClientTraceSampling":10,"time":"2022-10-24T17:17:56+08:00","message":"Config"}
{"level":"debug","EventBufferSize":2097152,"time":"2022-10-24T17:17:56+08:00","message":"Config"}
{"level":"debug","TraceSampling":1,"time":"2022-10-24T17:17:56+08:00","message":"Config"}
{"level":"debug","ClientsPerProcess":1,"time":"2022-10-24T17:17:56+08:00","message":"Config"}
{"level":"debug","RequestsPerClient":15360,"time":"2022-10-24T17:17:56+08:00","message":"Config"}
{"level":"debug","ClientRunTime":30000,"time":"2022-10-24T17:17:56+08:00","message":"Config"}
{"level":"debug","RequestRate":256,"time":"2022-10-24T17:17:56+08:00","message":"Config"}
{"level":"debug","HardRequestRateLimit":false,"time":"2022-10-24T17:17:56+08:00","message":"Config"}
{"level":"debug","RequestPayloadSize":500,"time":"2022-10-24T17:17:56+08:00","message":"Config"}
{"level":"debug","SignRequests":true,"time":"2022-10-24T17:17:56+08:00","message":"Config"}
{"level":"debug","ClientPrivKeyFile":"tls-data/client-ecdsa-256.key","time":"2022-10-24T17:17:56+08:00","message":"Config"}
{"level":"debug","ClientPubKeyFile":"tls-data/client-ecdsa-256.pem","time":"2022-10-24T17:17:56+08:00","message":"Config"}
{"level":"debug","PrecomputeRequests":false,"time":"2022-10-24T17:17:56+08:00","message":"Config"}
{"level":"debug","RequestHandlerThreads":32,"time":"2022-10-24T17:17:56+08:00","message":"Config"}
{"level":"debug","RequestInputChannelBuffer":8192,"time":"2022-10-24T17:17:56+08:00","message":"Config"}
{"level":"debug","BatchVerifier":"external","time":"2022-10-24T17:17:56+08:00","message":"Config"}
09:17:56.569 INF Registered with discovery server. numPeers=8 ownID=4
09:17:56.570 INF Profiling enabled.
09:17:56.570 INF Setting up profiling.
09:17:56.570 INF Started Profiler: CPU
09:17:56.570 INF Started Profiler: BLOCK
09:17:56.570 INF Started Profiler: MUTEX
09:17:56.570 INF Profiler will stop on signal. exit=true
09:17:56.572 INF Tracing will stop on signal. exit=false
09:17:56.574 INF Started tracing. traceFile=experiment-output/0000/slave-008/peer.trc
09:17:56.575 DBG Starting backlog.
09:17:56.575 INF Listening for connections. port=10044 useTLS=false
09:17:56.576 INF Connecting to peer. addr=127.0.0.1:10044 basicConns=2 priorityConns=2
09:17:56.576 INF Connecting to peer. addr=127.0.0.1:10066 basicConns=2 priorityConns=2
09:17:56.576 INF Connecting to peer. addr=127.0.0.1:10055 basicConns=2 priorityConns=2
09:17:56.576 INF Connecting to peer. addr=127.0.0.1:10077 basicConns=2 priorityConns=2
09:17:56.577 INF Connecting to peer. addr=127.0.0.1:10000 basicConns=2 priorityConns=2
09:17:56.587 INF Connecting to peer. addr=127.0.0.1:10033 basicConns=2 priorityConns=2
09:17:56.587 INF Connecting to peer. addr=127.0.0.1:10022 basicConns=2 priorityConns=2
09:17:56.587 INF Connecting to peer. addr=127.0.0.1:10011 basicConns=2 priorityConns=2
09:17:56.633 INF Incoming connection for protocol messages. addr=127.0.0.1:57124
09:17:56.638 INF Incoming connection for protocol messages. addr=127.0.0.1:57106
09:17:56.650 INF Incoming connection for protocol messages. addr=127.0.0.1:57068
09:17:56.655 INF Incoming connection for protocol messages. addr=127.0.0.1:57130
09:17:56.656 INF Incoming connection for protocol messages. addr=127.0.0.1:57148
09:17:56.656 INF Incoming connection for protocol messages. addr=127.0.0.1:57184
09:17:56.656 INF Incoming connection for protocol messages. addr=127.0.0.1:57156
09:17:56.658 INF Incoming connection for protocol messages. addr=127.0.0.1:57150
09:17:56.658 INF Incoming connection for protocol messages. addr=127.0.0.1:57280
09:17:56.660 INF Incoming connection for protocol messages. addr=127.0.0.1:57266
09:17:56.660 INF Incoming connection for protocol messages. addr=127.0.0.1:57200
09:17:56.661 DBG Connected. peerID=0
09:17:56.661 INF Incoming connection for protocol messages. addr=127.0.0.1:57178
09:17:56.662 INF Incoming connection for protocol messages. addr=127.0.0.1:57302
09:17:56.662 DBG Connected. peerID=6
09:17:56.662 INF Incoming connection for protocol messages. addr=127.0.0.1:57236
09:17:56.662 INF Incoming connection for protocol messages. addr=127.0.0.1:57322
09:17:56.662 INF Incoming connection for protocol messages. addr=127.0.0.1:57290
09:17:56.663 INF Incoming connection for protocol messages. addr=127.0.0.1:57224
09:17:56.664 DBG Connected. peerID=5
09:17:56.665 INF Incoming connection for protocol messages. addr=127.0.0.1:57296
09:17:56.666 INF Incoming connection for protocol messages. addr=127.0.0.1:57376
09:17:56.668 INF Incoming connection for protocol messages. addr=127.0.0.1:57368
09:17:56.668 DBG Connected. peerID=3
09:17:56.668 INF Incoming connection for protocol messages. addr=127.0.0.1:57444
09:17:56.671 INF Incoming connection for protocol messages. addr=127.0.0.1:57428
09:17:56.671 INF Incoming connection for protocol messages. addr=127.0.0.1:57372
09:17:56.671 INF Incoming connection for protocol messages. addr=127.0.0.1:57536
09:17:56.672 INF Incoming connection for protocol messages. addr=127.0.0.1:57506
09:17:56.672 INF Incoming connection for protocol messages. addr=127.0.0.1:57466
09:17:56.672 DBG Connected. peerID=2
09:17:56.672 INF Incoming connection for protocol messages. addr=127.0.0.1:57486
09:17:56.672 INF Incoming connection for protocol messages. addr=127.0.0.1:57406
09:17:56.673 INF Incoming connection for protocol messages. addr=127.0.0.1:57336
09:17:56.673 DBG Connected. peerID=7
09:17:56.673 DBG Connected. peerID=4
09:17:56.673 INF Incoming connection for protocol messages. addr=127.0.0.1:57242
09:17:56.674 INF Incoming connection for protocol messages. addr=127.0.0.1:57320
09:17:56.676 INF Incoming connection for protocol messages. addr=127.0.0.1:57556
09:17:56.683 DBG Connected. peerID=1
09:17:56.683 INF Connected to all peers.
09:17:56.690 INF All peers finished connecting. Starting ISS.
09:17:56.691 DBG Buckets for 0-th leader 0: [0 8 16 24 32 40 48 56 64 72 80 88 96 104 112 120 6 30 54 78 102 126]
09:17:56.691 DBG Buckets for 1-th leader 1: [1 9 17 25 33 41 49 57 65 73 81 89 97 105 113 121 19 43 67 91 115]
09:17:56.691 DBG Buckets for 2-th leader 2: [2 10 18 26 34 42 50 58 66 74 82 90 98 106 114 122 14 38 62 86 110]
09:17:56.691 DBG Buckets for 3-th leader 4: [4 12 20 28 36 44 52 60 68 76 84 92 100 108 116 124 3 27 51 75 99 123]
09:17:56.691 DBG Buckets for 4-th leader 5: [5 13 21 29 37 45 53 61 69 77 85 93 101 109 117 125 22 46 70 94 118]
09:17:56.691 DBG Buckets for 5-th leader 7: [7 15 23 31 39 47 55 63 71 79 87 95 103 111 119 127 11 35 59 83 107]
09:17:56.692 INF PbftOrderer received a new segment: [5 11 17 23 29 35 41 47 53 59 65 71 77 83 89 95 101 107 113 119 125 131 137 143 149 155 161 167 173 179 185 191] first leader=7 firstSN=5 lastSN=191 len=32 length=32 segId=5
09:17:56.692 INF Starting new view. segID=5 timeout=60000 view=0
09:17:56.692 DBG Starting timer. sn=5 view=0
09:17:56.692 INF Starting PBFT instance. first=5 last=191 segID=5
09:17:56.692 DBG Subscribing to backlog. segID=5
09:17:56.693 INF Starting serialized message processing. segID=5
09:17:56.693 INF PbftOrderer received a new segment: [0 6 12 18 24 30 36 42 48 54 60 66 72 78 84 90 96 102 108 114 120 126 132 138 144 150 156 162 168 174 180 186] first leader=0 firstSN=0 lastSN=186 len=32 length=32 segId=0
09:17:56.693 INF Starting new view. segID=0 timeout=60000 view=0
09:17:56.693 DBG Starting timer. sn=0 view=0
09:17:56.693 INF Starting PBFT instance. first=0 last=186 segID=0
09:17:56.694 DBG Subscribing to backlog. segID=0
09:17:56.694 INF Starting serialized message processing. segID=0
09:17:56.694 INF PbftOrderer received a new segment: [1 7 13 19 25 31 37 43 49 55 61 67 73 79 85 91 97 103 109 115 121 127 133 139 145 151 157 163 169 175 181 187] first leader=1 firstSN=1 lastSN=187 len=32 length=32 segId=1
09:17:56.694 INF Starting new view. segID=1 timeout=60000 view=0
09:17:56.694 DBG Starting timer. sn=1 view=0
09:17:56.694 INF Starting PBFT instance. first=1 last=187 segID=1
09:17:56.694 DBG Subscribing to backlog. segID=1
09:17:56.694 INF Starting serialized message processing. segID=1
09:17:56.695 INF PbftOrderer received a new segment: [2 8 14 20 26 32 38 44 50 56 62 68 74 80 86 92 98 104 110 116 122 128 134 140 146 152 158 164 170 176 182 188] first leader=2 firstSN=2 lastSN=188 len=32 length=32 segId=2
09:17:56.695 INF Starting new view. segID=2 timeout=60000 view=0
09:17:56.695 DBG Starting timer. sn=2 view=0
09:17:56.695 INF Starting PBFT instance. first=2 last=188 segID=2
09:17:56.695 DBG Subscribing to backlog. segID=2
09:17:56.695 INF Starting serialized message processing. segID=2
09:17:56.695 INF PbftOrderer received a new segment: [3 9 15 21 27 33 39 45 51 57 63 69 75 81 87 93 99 105 111 117 123 129 135 141 147 153 159 165 171 177 183 189] first leader=4 firstSN=3 lastSN=189 len=32 length=32 segId=3
09:17:56.696 INF Starting new view. segID=3 timeout=60000 view=0
09:17:56.696 DBG Starting timer. sn=3 view=0
09:17:56.696 INF Starting PBFT instance. first=3 last=189 segID=3
09:17:56.696 DBG Subscribing to backlog. segID=3
09:17:56.696 DBG Leading segment. segID=3
09:17:56.696 INF Starting serialized message processing. segID=3
09:17:56.696 DBG Waiting for batch. batchSize=4096
09:17:56.696 INF PbftOrderer received a new segment: [4 10 16 22 28 34 40 46 52 58 64 70 76 82 88 94 100 106 112 118 124 130 136 142 148 154 160 166 172 178 184 190] first leader=5 firstSN=4 lastSN=190 len=32 length=32 segId=4
09:17:56.697 INF Starting new view. segID=4 timeout=60000 view=0
09:17:56.697 DBG Starting timer. sn=4 view=0
09:17:56.697 INF Starting PBFT instance. first=4 last=190 segID=4
09:17:56.697 DBG Subscribing to backlog. segID=4
09:17:56.697 INF Starting serialized message processing. segID=4
09:17:56.713 INF Connection terminated. error="rpc error: code = Canceled desc = context canceled" address=127.0.0.1:57290
09:17:56.713 INF Connection terminated. error="rpc error: code = Canceled desc = context canceled" address=127.0.0.1:57322
09:17:56.713 INF Connection terminated. error="rpc error: code = Canceled desc = context canceled" address=127.0.0.1:57200
09:17:56.713 INF Connection terminated. error="rpc error: code = Canceled desc = context canceled" address=127.0.0.1:57124
09:17:56.716 INF Connection terminated. error="rpc error: code = Canceled desc = context canceled" address=127.0.0.1:57368
09:17:56.716 INF Connection terminated. error="rpc error: code = Canceled desc = context canceled" address=127.0.0.1:57178
09:17:56.716 INF Connection terminated. error="rpc error: code = Canceled desc = context canceled" address=127.0.0.1:57184
09:17:56.717 INF Connection terminated. error="rpc error: code = Canceled desc = context canceled" address=127.0.0.1:57150
09:17:58.727 INF Incoming connection for requests. addr=127.0.0.1:57582
09:18:26.697 DBG Batch ready. batchSize=4096
09:18:26.700 DBG Batch cut. left=0 nBuckets=22 nReq=1229 next=0
09:18:26.701 DBG Waiting for batch. batchSize=4096
09:18:26.753 INF Sending PREPREPARE. nReq=1229 senderID=4 sn=3 view=0
09:18:26.873 ERR Failed to send protocol message. Dropping all future outgoing protocol messages. error=EOF
09:18:26.901 INF Handling PREPREPARE. nReq=1173 senderID=5 sn=4
09:18:26.902 DBG Creating new Batch. nReq=1173
09:18:26.920 INF Handling PREPREPARE. nReq=1175 senderID=2 sn=2
09:18:26.920 DBG Creating new Batch. nReq=1175
09:18:26.928 ERR Failed to send protocol message. Dropping all future outgoing protocol messages. error=EOF
09:18:26.931 INF Handling PREPREPARE. nReq=1174 senderID=1 sn=1
09:18:26.931 DBG Creating new Batch. nReq=1174
09:18:26.936 INF Handling PREPREPARE. nReq=1174 senderID=7 sn=5
09:18:26.936 DBG Creating new Batch. nReq=1174
09:18:26.985 INF Handling PREPREPARE. nReq=1230 senderID=0 sn=0
09:18:26.985 DBG Creating new Batch. nReq=1230
09:18:27.310 DBG Sending PREPARE. senderID=4 sn=4 view=0
09:18:27.310 DBG func sendPrepare prepare Tn. sn=4 tn=4
09:18:27.373 DBG Sending PREPARE. senderID=4 sn=1 view=0
09:18:27.373 DBG func sendPrepare prepare Tn. sn=1 tn=1
09:18:27.373 DBG Sending PREPARE. senderID=4 sn=5 view=0
09:18:27.374 DBG func sendPrepare prepare Tn. sn=5 tn=5
09:18:27.402 DBG Sending PREPARE. senderID=4 sn=2 view=0
09:18:27.402 DBG func sendPrepare prepare Tn. sn=2 tn=2
09:18:27.413 DBG Sending COMMIT. senderID=4 sn=4 view=0
09:18:27.414 DBG func sendCommit commit Tn. sn=4 tn=4
09:18:27.414 DBG Sending Htn. sn=4 view=0
09:18:27.414 DBG Sending PREPARE. senderID=4 sn=0 view=0
09:18:27.414 DBG func sendPrepare prepare Tn. sn=0 tn=0
09:18:27.416 DBG func handleCommit commit Tn. tn=4
09:18:27.416 DBG func handleHtnmsg htn. htn=0 localhtn=0 prelocalhtn=0
09:18:27.417 DBG func handleCommit commit Tn. tn=4
09:18:27.417 DBG func handleHtnmsg htn. htn=0 localhtn=0 prelocalhtn=0
09:18:27.418 DBG func handleCommit commit Tn. tn=4
09:18:27.418 DBG func handleHtnmsg htn. htn=0 localhtn=0 prelocalhtn=0
09:18:27.418 DBG func handleCommit commit Tn. tn=4
09:18:27.420 INF Committed entry. latency=0 nReq=1173 sn=4
09:18:27.420 DBG Starting timer. sn=10 view=0
09:18:27.420 DBG func handleHtnmsg htn. htn=0 localhtn=0 prelocalhtn=0
09:18:27.427 DBG Sending COMMIT. senderID=4 sn=0 view=0
09:18:27.427 DBG func sendCommit commit Tn. sn=0 tn=0
09:18:27.428 DBG Sending Htn. sn=0 view=0
09:18:27.428 DBG func handleCommit commit Tn. tn=0
09:18:27.428 DBG func handleHtnmsg htn. htn=0 localhtn=0 prelocalhtn=0
09:18:27.428 DBG func handleCommit commit Tn. tn=0
09:18:27.428 DBG func handleHtnmsg htn. htn=0 localhtn=0 prelocalhtn=0
09:18:27.428 DBG Sending COMMIT. senderID=4 sn=1 view=0
09:18:27.428 DBG func handleCommit commit Tn. tn=0
09:18:27.428 DBG func sendCommit commit Tn. sn=1 tn=1
09:18:27.429 DBG Sending Htn. sn=1 view=0
09:18:27.429 DBG func handleCommit commit Tn. tn=0
09:18:27.430 DBG func handleCommit commit Tn. tn=1
09:18:27.430 DBG func handleHtnmsg htn. htn=0 localhtn=0 prelocalhtn=0
09:18:27.431 INF Committed entry. latency=0 nReq=1230 sn=0
09:18:27.431 DBG func handleCommit commit Tn. tn=1
09:18:27.431 INF Delivered batch. nReq=1230 sn=0
09:18:27.431 DBG func handleHtnmsg htn. htn=0 localhtn=0 prelocalhtn=0
09:18:27.431 DBG Starting timer. sn=6 view=0
09:18:27.432 DBG func handleCommit commit Tn. tn=1
09:18:27.432 DBG func handleHtnmsg htn. htn=0 localhtn=0 prelocalhtn=0
09:18:27.432 DBG func handleCommit commit Tn. tn=1
09:18:27.432 DBG func handleHtnmsg htn. htn=0 localhtn=0 prelocalhtn=0
09:18:27.436 INF Committed entry. latency=0 nReq=1174 sn=1
09:18:27.436 INF Delivered batch. nReq=1174 sn=1
09:18:27.437 DBG Starting timer. sn=7 view=0
09:18:27.437 DBG func handleHtnmsg htn. htn=0 localhtn=0 prelocalhtn=0
09:18:27.437 DBG func handleHtnmsg htn. htn=0 localhtn=0 prelocalhtn=0
09:18:27.437 DBG func handleCommit commit Tn. tn=1
09:18:27.437 DBG func handleCommit commit Tn. tn=0
09:18:27.437 DBG func handleHtnmsg htn. htn=0 localhtn=0 prelocalhtn=0
09:18:27.438 DBG func handleHtnmsg htn. htn=0 localhtn=0 prelocalhtn=0
09:18:27.447 DBG Sending COMMIT. senderID=4 sn=2 view=0
09:18:27.447 DBG func sendCommit commit Tn. sn=2 tn=2
09:18:27.447 DBG Sending Htn. sn=2 view=0
09:18:27.447 DBG func handleCommit commit Tn. tn=2
09:18:27.448 DBG func handleHtnmsg htn. htn=0 localhtn=0 prelocalhtn=0
09:18:27.448 DBG func handleCommit commit Tn. tn=2
09:18:27.449 DBG func handleHtnmsg htn. htn=0 localhtn=0 prelocalhtn=0
09:18:27.452 DBG func handleCommit commit Tn. tn=2
09:18:27.452 DBG func handleHtnmsg htn. htn=0 localhtn=0 prelocalhtn=0
09:18:27.453 DBG func handleCommit commit Tn. tn=2
09:18:27.454 INF Committed entry. latency=0 nReq=1175 sn=2
09:18:27.455 INF Delivered batch. nReq=1175 sn=2
09:18:27.455 DBG Starting timer. sn=8 view=0
09:18:27.455 DBG Sending COMMIT. senderID=4 sn=5 view=0
09:18:27.455 DBG func handleHtnmsg htn. htn=0 localhtn=0 prelocalhtn=0
09:18:27.455 DBG func sendCommit commit Tn. sn=5 tn=5
09:18:27.455 DBG Sending Htn. sn=5 view=0
09:18:27.456 DBG func handleCommit commit Tn. tn=5
09:18:27.456 DBG func handleHtnmsg htn. htn=0 localhtn=0 prelocalhtn=0
09:18:27.456 DBG func handleCommit commit Tn. tn=5
09:18:27.461 DBG func handleHtnmsg htn. htn=0 localhtn=0 prelocalhtn=0
09:18:27.461 DBG func handleHtnmsg htn. htn=0 localhtn=0 prelocalhtn=0
09:18:27.461 DBG func handleCommit commit Tn. tn=5
09:18:27.465 DBG func handleCommit commit Tn. tn=5
09:18:27.467 INF Committed entry. latency=0 nReq=1174 sn=5
09:18:27.467 DBG Starting timer. sn=11 view=0
09:18:27.467 DBG func handleHtnmsg htn. htn=0 localhtn=0 prelocalhtn=0
09:18:27.472 DBG func handleCommit commit Tn. tn=3
09:18:27.472 DBG func handleCommit commit Tn. tn=2
09:18:27.473 DBG func handleHtnmsg htn. htn=0 localhtn=0 prelocalhtn=0
09:18:27.473 DBG Sending COMMIT. senderID=4 sn=3 view=0
09:18:27.473 DBG func handleHtnmsg htn. htn=0 localhtn=0 prelocalhtn=0
09:18:27.473 DBG func sendCommit commit Tn. sn=3 tn=3
09:18:27.473 DBG Sending Htn. sn=3 view=0
09:18:27.473 DBG func handleCommit commit Tn. tn=3
09:18:27.473 DBG func handleHtnmsg htn. htn=0 localhtn=0 prelocalhtn=0
09:18:27.473 DBG func handleCommit commit Tn. tn=3
09:18:27.474 DBG func handleHtnmsg htn. htn=0 localhtn=0 prelocalhtn=0
09:18:27.474 DBG func handleCommit commit Tn. tn=3
09:18:27.476 INF Committed entry. latency=0 nReq=1229 sn=3
09:18:27.477 INF Delivered batch. nReq=1229 sn=3
09:18:27.477 INF Delivered batch. nReq=1173 sn=4
09:18:27.477 INF Delivered batch. nReq=1174 sn=5
09:18:27.477 DBG Starting timer. sn=9 view=0
09:18:27.477 DBG func handleHtnmsg htn. htn=0 localhtn=0 prelocalhtn=0
09:18:27.490 DBG func handleCommit commit Tn. tn=4
09:18:27.490 DBG func handleHtnmsg htn. htn=0 localhtn=0 prelocalhtn=0
09:18:27.498 DBG func handleCommit commit Tn. tn=5
09:18:27.499 DBG func handleHtnmsg htn. htn=0 localhtn=0 prelocalhtn=0
09:18:27.509 DBG func handleCommit commit Tn. tn=3
09:18:27.509 DBG func handleHtnmsg htn. htn=0 localhtn=0 prelocalhtn=0
09:18:56.708 DBG Batch ready. batchSize=4096
09:18:56.708 DBG Batch cut. left=0 nBuckets=22 nReq=91 next=0
09:18:56.708 DBG Waiting for batch. batchSize=4096
09:18:56.710 INF Handling PREPREPARE. nReq=87 senderID=5 sn=10
09:18:56.710 DBG Creating new Batch. nReq=87
09:18:56.713 INF Handling PREPREPARE. nReq=87 senderID=1 sn=7
09:18:56.713 DBG Creating new Batch. nReq=87
09:18:56.716 INF Sending PREPREPARE. nReq=91 senderID=4 sn=9 view=0
09:18:56.718 INF Handling PREPREPARE. nReq=85 senderID=2 sn=8
09:18:56.718 DBG Creating new Batch. nReq=85
09:18:56.730 DBG Sending PREPARE. senderID=4 sn=10 view=0
09:18:56.731 DBG func sendPrepare prepare Tn. sn=10 tn=10
09:18:56.740 DBG Sending COMMIT. senderID=4 sn=10 view=0
09:18:56.740 DBG func sendCommit commit Tn. sn=10 tn=10
09:18:56.740 DBG Sending Htn. sn=10 view=0
09:18:56.740 DBG func handleCommit commit Tn. tn=10
09:18:56.740 DBG func handleHtnmsg htn. htn=0 localhtn=0 prelocalhtn=0
09:18:56.743 DBG Sending PREPARE. senderID=4 sn=7 view=0
09:18:56.743 DBG func sendPrepare prepare Tn. sn=7 tn=7
09:18:56.743 DBG func handleCommit commit Tn. tn=10
09:18:56.743 DBG func handleHtnmsg htn. htn=0 localhtn=0 prelocalhtn=0
09:18:56.743 DBG Sending COMMIT. senderID=4 sn=7 view=0
09:18:56.744 DBG func handleCommit commit Tn. tn=10
09:18:56.744 DBG func sendCommit commit Tn. sn=7 tn=7
09:18:56.744 DBG func handleHtnmsg htn. htn=0 localhtn=0 prelocalhtn=0
09:18:56.744 DBG Sending Htn. sn=7 view=0
09:18:56.744 DBG func handleCommit commit Tn. tn=7
09:18:56.745 DBG func handleHtnmsg htn. htn=0 localhtn=0 prelocalhtn=0
09:18:56.745 DBG func handleCommit commit Tn. tn=7
09:18:56.745 DBG func handleCommit commit Tn. tn=7
09:18:56.745 DBG func handleHtnmsg htn. htn=0 localhtn=0 prelocalhtn=0
09:18:56.745 DBG func handleCommit commit Tn. tn=7
09:18:56.746 DBG func handleCommit commit Tn. tn=10
09:18:56.746 INF Committed entry. latency=0 nReq=87 sn=7
09:18:56.746 DBG Starting timer. sn=13 view=0
09:18:56.746 DBG func handleCommit commit Tn. tn=7
09:18:56.746 INF Committed entry. latency=0 nReq=87 sn=10
09:18:56.747 DBG Starting timer. sn=16 view=0
09:18:56.746 DBG func handleHtnmsg htn. htn=0 localhtn=0 prelocalhtn=0
09:18:56.747 DBG func handleHtnmsg htn. htn=0 localhtn=0 prelocalhtn=0
09:18:56.747 DBG func handleHtnmsg htn. htn=0 localhtn=0 prelocalhtn=0
09:18:56.747 DBG func handleHtnmsg htn. htn=0 localhtn=0 prelocalhtn=0
09:18:56.747 DBG func handleCommit commit Tn. tn=10
09:18:56.748 DBG func handleHtnmsg htn. htn=0 localhtn=0 prelocalhtn=0
09:18:56.749 DBG Sending PREPARE. senderID=4 sn=8 view=0
09:18:56.749 DBG func sendPrepare prepare Tn. sn=8 tn=8
09:18:56.749 DBG Sending COMMIT. senderID=4 sn=8 view=0
09:18:56.749 DBG func sendCommit commit Tn. sn=8 tn=8
09:18:56.750 DBG Sending Htn. sn=8 view=0
09:18:56.750 DBG func handleCommit commit Tn. tn=8
09:18:56.750 DBG func handleHtnmsg htn. htn=0 localhtn=0 prelocalhtn=0
09:18:56.750 DBG func handleCommit commit Tn. tn=8
09:18:56.750 DBG func handleHtnmsg htn. htn=0 localhtn=0 prelocalhtn=0
09:18:56.751 DBG func handleCommit commit Tn. tn=8
09:18:56.751 DBG func handleHtnmsg htn. htn=0 localhtn=0 prelocalhtn=0
09:18:56.751 DBG func handleCommit commit Tn. tn=8
09:18:56.751 INF Committed entry. latency=0 nReq=85 sn=8
09:18:56.752 DBG Starting timer. sn=14 view=0
09:18:56.752 DBG func handleHtnmsg htn. htn=0 localhtn=0 prelocalhtn=0
09:18:56.752 DBG func handleCommit commit Tn. tn=8
09:18:56.752 DBG func handleHtnmsg htn. htn=0 localhtn=0 prelocalhtn=0
09:18:56.752 INF Handling PREPREPARE. nReq=91 senderID=0 sn=6
09:18:56.753 DBG Creating new Batch. nReq=91
09:18:56.754 DBG Sending COMMIT. senderID=4 sn=9 view=0
09:18:56.754 DBG func sendCommit commit Tn. sn=9 tn=9
09:18:56.754 DBG Sending Htn. sn=9 view=0
09:18:56.757 DBG func handleCommit commit Tn. tn=9
09:18:56.757 DBG func handleHtnmsg htn. htn=0 localhtn=0 prelocalhtn=0
09:18:56.757 DBG func handleCommit commit Tn. tn=9
09:18:56.757 DBG func handleHtnmsg htn. htn=0 localhtn=0 prelocalhtn=0
09:18:56.758 DBG func handleCommit commit Tn. tn=9
09:18:56.758 DBG func handleHtnmsg htn. htn=0 localhtn=0 prelocalhtn=0
09:18:56.759 DBG func handleCommit commit Tn. tn=9
09:18:56.759 INF Committed entry. latency=0 nReq=91 sn=9
09:18:56.759 DBG Starting timer. sn=15 view=0
09:18:56.760 DBG func handleHtnmsg htn. htn=0 localhtn=0 prelocalhtn=0
09:18:56.761 DBG func handleCommit commit Tn. tn=9
09:18:56.762 INF Handling PREPREPARE. nReq=86 senderID=7 sn=11
09:18:56.762 DBG func handleHtnmsg htn. htn=0 localhtn=0 prelocalhtn=0
09:18:56.762 DBG Creating new Batch. nReq=86
09:18:56.769 DBG Sending PREPARE. senderID=4 sn=6 view=0
09:18:56.769 DBG func sendPrepare prepare Tn. sn=6 tn=6
09:18:56.778 DBG Sending COMMIT. senderID=4 sn=6 view=0
09:18:56.779 DBG func sendCommit commit Tn. sn=6 tn=6
09:18:56.779 DBG Sending Htn. sn=6 view=0
09:18:56.779 DBG func handleCommit commit Tn. tn=6
09:18:56.780 DBG func handleHtnmsg htn. htn=0 localhtn=0 prelocalhtn=0
09:18:56.780 DBG func handleCommit commit Tn. tn=6
09:18:56.780 DBG func handleHtnmsg htn. htn=0 localhtn=0 prelocalhtn=0
09:18:56.780 DBG func handleCommit commit Tn. tn=6
09:18:56.780 DBG func handleHtnmsg htn. htn=0 localhtn=0 prelocalhtn=0
09:18:56.781 DBG func handleCommit commit Tn. tn=6
09:18:56.781 INF Committed entry. latency=0 nReq=91 sn=6
09:18:56.781 DBG Sending PREPARE. senderID=4 sn=11 view=0
09:18:56.781 INF Delivered batch. nReq=91 sn=6
09:18:56.781 DBG func sendPrepare prepare Tn. sn=11 tn=11
09:18:56.781 INF Delivered batch. nReq=87 sn=7
09:18:56.781 INF Delivered batch. nReq=85 sn=8
09:18:56.781 DBG Sending COMMIT. senderID=4 sn=11 view=0
09:18:56.782 INF Delivered batch. nReq=91 sn=9
09:18:56.782 DBG func sendCommit commit Tn. sn=11 tn=11
09:18:56.782 INF Delivered batch. nReq=87 sn=10
09:18:56.782 DBG Starting timer. sn=12 view=0
09:18:56.782 DBG Sending Htn. sn=11 view=0
09:18:56.782 DBG func handleHtnmsg htn. htn=0 localhtn=0 prelocalhtn=0
09:18:56.785 DBG func handleCommit commit Tn. tn=6
09:18:56.785 DBG func handleHtnmsg htn. htn=0 localhtn=0 prelocalhtn=0
09:18:56.782 DBG func handleCommit commit Tn. tn=11
09:18:56.785 DBG func handleHtnmsg htn. htn=0 localhtn=0 prelocalhtn=0
09:18:56.785 DBG func handleCommit commit Tn. tn=11
09:18:56.786 DBG func handleHtnmsg htn. htn=0 localhtn=0 prelocalhtn=0
09:18:56.786 DBG func handleCommit commit Tn. tn=11
09:18:56.786 DBG func handleCommit commit Tn. tn=11
09:18:56.786 INF Committed entry. latency=0 nReq=86 sn=11
09:18:56.786 INF Delivered batch. nReq=86 sn=11
09:18:56.787 DBG Starting timer. sn=17 view=0
09:18:56.787 DBG func handleHtnmsg htn. htn=0 localhtn=0 prelocalhtn=0
09:18:56.787 DBG func handleHtnmsg htn. htn=0 localhtn=0 prelocalhtn=0
09:18:56.787 DBG func handleCommit commit Tn. tn=11
09:18:56.788 DBG func handleHtnmsg htn. htn=0 localhtn=0 prelocalhtn=0
09:18:57.759 INF Connection terminated. error="rpc error: code = Canceled desc = context canceled" address=127.0.0.1:57582
09:18:57.760 INF Finished sending bucket assignments to client. clId=0
09:18:58.157 INF Stopping profiler.
09:18:58.157 INF Stopping Tracer. events=144 fileName=experiment-output/0000/slave-008/peer.trc
==================
WARNING: DATA RACE
Read at 0x00c000900000 by goroutine 114:
  runtime.racereadrange()
      <autogenerated>:1 +0x1b
  github.com/hyperledger-labs/mirbft/tracing.(*BufferedTrace).StopOnSignal.func1()
      /opt/gopath/src/github.com/hyperledger-labs/mirbft/tracing/bufferedtrace.go:298 +0x4e

Previous write at 0x00c000900000 by goroutine 497:
  github.com/hyperledger-labs/mirbft/tracing.(*BufferedTrace).Event()
      /opt/gopath/src/github.com/hyperledger-labs/mirbft/tracing/bufferedtrace.go:105 +0x2d9
  github.com/hyperledger-labs/mirbft/manager.(*MirManager).handleLogEntries()
      /opt/gopath/src/github.com/hyperledger-labs/mirbft/manager/mirmanager.go:139 +0x1d8
  github.com/hyperledger-labs/mirbft/manager.(*MirManager).Start路dwrap路7()
      /opt/gopath/src/github.com/hyperledger-labs/mirbft/manager/mirmanager.go:101 +0x47

Goroutine 114 (running) created at:
  github.com/hyperledger-labs/mirbft/tracing.(*BufferedTrace).StopOnSignal()
      /opt/gopath/src/github.com/hyperledger-labs/mirbft/tracing/bufferedtrace.go:292 +0x172
  main.setUpTracing()
      /opt/gopath/src/github.com/hyperledger-labs/mirbft/cmd/orderingpeer/main.go:204 +0xf5
  main.main()
      /opt/gopath/src/github.com/hyperledger-labs/mirbft/cmd/orderingpeer/main.go:98 +0x9d6

Goroutine 497 (running) created at:
  github.com/hyperledger-labs/mirbft/manager.(*MirManager).Start()
      /opt/gopath/src/github.com/hyperledger-labs/mirbft/manager/mirmanager.go:101 +0x19e
  main.main路dwrap路4()
      /opt/gopath/src/github.com/hyperledger-labs/mirbft/cmd/orderingpeer/main.go:168 +0x59
==================
==================
WARNING: DATA RACE
Read at 0x00c000901658 by goroutine 114:
  runtime.racereadrange()
      <autogenerated>:1 +0x1b
  github.com/hyperledger-labs/mirbft/tracing.(*BufferedTrace).StopOnSignal.func1()
      /opt/gopath/src/github.com/hyperledger-labs/mirbft/tracing/bufferedtrace.go:298 +0x4e

Previous write at 0x00c000901658 by goroutine 113:
  github.com/hyperledger-labs/mirbft/tracing.(*BufferedTrace).Event()
      /opt/gopath/src/github.com/hyperledger-labs/mirbft/tracing/bufferedtrace.go:105 +0x2d9
  github.com/hyperledger-labs/mirbft/profiling.StartCPUTracing.func1()
      /opt/gopath/src/github.com/hyperledger-labs/mirbft/profiling/cpuusage.go:31 +0x95

Goroutine 114 (running) created at:
  github.com/hyperledger-labs/mirbft/tracing.(*BufferedTrace).StopOnSignal()
      /opt/gopath/src/github.com/hyperledger-labs/mirbft/tracing/bufferedtrace.go:292 +0x172
  main.setUpTracing()
      /opt/gopath/src/github.com/hyperledger-labs/mirbft/cmd/orderingpeer/main.go:204 +0xf5
  main.main()
      /opt/gopath/src/github.com/hyperledger-labs/mirbft/cmd/orderingpeer/main.go:98 +0x9d6

Goroutine 113 (running) created at:
  github.com/hyperledger-labs/mirbft/profiling.StartCPUTracing()
      /opt/gopath/src/github.com/hyperledger-labs/mirbft/profiling/cpuusage.go:28 +0xb6
  main.setUpTracing()
      /opt/gopath/src/github.com/hyperledger-labs/mirbft/cmd/orderingpeer/main.go:196 +0x85
  main.main()
      /opt/gopath/src/github.com/hyperledger-labs/mirbft/cmd/orderingpeer/main.go:98 +0x9d6
==================
09:18:58.160 INF Trace data written.
09:18:58.287 INF Profile data written. filename=experiment-output/0000/slave-008/prof.cpu name=cpu
09:18:58.355 INF Profile data written. filename=experiment-output/0000/slave-008/prof.block name=block
09:18:58.366 INF Connection terminated. error="rpc error: code = Canceled desc = context canceled" address=127.0.0.1:57556
09:18:58.366 INF Connection terminated. error="rpc error: code = Canceled desc = context canceled" address=127.0.0.1:57336
09:18:58.366 INF Connection terminated. error="rpc error: code = Canceled desc = context canceled" address=127.0.0.1:57242
09:18:58.366 INF Connection terminated. error="rpc error: code = Canceled desc = context canceled" address=127.0.0.1:57320
09:18:58.391 INF Profile data written. filename=experiment-output/0000/slave-008/prof.mutex name=mutex
