{"level":"debug","Logging":"debug","time":"2022-08-10T11:11:21+08:00","message":"Config"}
{"level":"debug","UseTLS":false,"time":"2022-08-10T11:11:21+08:00","message":"Config"}
{"level":"debug","CACertFile":"tls-data/ca.pem","time":"2022-08-10T11:11:21+08:00","message":"Config"}
{"level":"debug","KeyFile":"tls-data/auth.key","time":"2022-08-10T11:11:21+08:00","message":"Config"}
{"level":"debug","CertFile":"tls-data/auth.pem","time":"2022-08-10T11:11:21+08:00","message":"Config"}
{"level":"debug","PriorityConnections":2,"time":"2022-08-10T11:11:21+08:00","message":"Config"}
{"level":"debug","BasicConnections":4,"time":"2022-08-10T11:11:21+08:00","message":"Config"}
{"level":"debug","TestConnections":false,"time":"2022-08-10T11:11:21+08:00","message":"Config"}
{"level":"debug","ExcessConnections":1,"time":"2022-08-10T11:11:21+08:00","message":"Config"}
{"level":"debug","ConnectionTestMsgs":4,"time":"2022-08-10T11:11:21+08:00","message":"Config"}
{"level":"debug","ConnectionTestPayload":131072,"time":"2022-08-10T11:11:21+08:00","message":"Config"}
{"level":"debug","OutMessageBufsize":1024,"time":"2022-08-10T11:11:21+08:00","message":"Config"}
{"level":"debug","OutMessageBufsize":1,"time":"2022-08-10T11:11:21+08:00","message":"Config"}
{"level":"debug","ThroughputCap":131072000,"time":"2022-08-10T11:11:21+08:00","message":"Config"}
{"level":"debug","StragglerTolerance":1000,"time":"2022-08-10T11:11:21+08:00","message":"Config"}
{"level":"debug","BatchSizeIncrement":256,"time":"2022-08-10T11:11:21+08:00","message":"Config"}
{"level":"debug","Orderer":"Pbft","time":"2022-08-10T11:11:21+08:00","message":"Config"}
{"level":"debug","Manager":"Mir","time":"2022-08-10T11:11:21+08:00","message":"Config"}
{"level":"debug","Failures":0,"time":"2022-08-10T11:11:21+08:00","message":"Config"}
{"level":"debug","CrashTiming":"EpochStart","time":"2022-08-10T11:11:21+08:00","message":"Config"}
{"level":"debug","CheckpointInterval":256,"time":"2022-08-10T11:11:21+08:00","message":"Config"}
{"level":"debug","WatermarkWindowSize":256,"time":"2022-08-10T11:11:21+08:00","message":"Config"}
{"level":"debug","EpochLength":256,"time":"2022-08-10T11:11:21+08:00","message":"Config"}
{"level":"debug","SegmentLength":256,"time":"2022-08-10T11:11:21+08:00","message":"Config"}
{"level":"debug","WaitForCheckpoints":true,"time":"2022-08-10T11:11:21+08:00","message":"Config"}
{"level":"debug","ClientWatermarkWindowSize":4194304,"time":"2022-08-10T11:11:21+08:00","message":"Config"}
{"level":"debug","ClientRequestBacklogSize":4194304,"time":"2022-08-10T11:11:21+08:00","message":"Config"}
{"level":"debug","RandomSeed":17083,"time":"2022-08-10T11:11:21+08:00","message":"Config"}
{"level":"debug","NodeToLeaderRatio":1,"time":"2022-08-10T11:11:21+08:00","message":"Config"}
{"level":"debug","LeaderPolicy":"Single","time":"2022-08-10T11:11:21+08:00","message":"Config"}
{"level":"debug","DefaultLeaderBan":2,"time":"2022-08-10T11:11:21+08:00","message":"Config"}
{"level":"debug","NumBuckets":16,"time":"2022-08-10T11:11:21+08:00","message":"Config"}
{"level":"debug","BatchSize":1000,"time":"2022-08-10T11:11:21+08:00","message":"Config"}
{"level":"debug","DisabledViewChange":false,"time":"2022-08-10T11:11:21+08:00","message":"Config"}
{"level":"debug","ViewChangeTimeout":60000,"time":"2022-08-10T11:11:21+08:00","message":"Config"}
{"level":"debug","ClientTraceSampling":10,"time":"2022-08-10T11:11:21+08:00","message":"Config"}
{"level":"debug","EventBufferSize":2097152,"time":"2022-08-10T11:11:21+08:00","message":"Config"}
{"level":"debug","TraceSampling":1,"time":"2022-08-10T11:11:21+08:00","message":"Config"}
{"level":"debug","ClientsPerProcess":1,"time":"2022-08-10T11:11:21+08:00","message":"Config"}
{"level":"debug","RequestsPerClient":15360,"time":"2022-08-10T11:11:21+08:00","message":"Config"}
{"level":"debug","ClientRunTime":30000,"time":"2022-08-10T11:11:21+08:00","message":"Config"}
{"level":"debug","RequestRate":256,"time":"2022-08-10T11:11:21+08:00","message":"Config"}
{"level":"debug","HardRequestRateLimit":false,"time":"2022-08-10T11:11:21+08:00","message":"Config"}
{"level":"debug","RequestPayloadSize":500,"time":"2022-08-10T11:11:21+08:00","message":"Config"}
{"level":"debug","SignRequests":true,"time":"2022-08-10T11:11:21+08:00","message":"Config"}
{"level":"debug","ClientPrivKeyFile":"tls-data/client-ecdsa-256.key","time":"2022-08-10T11:11:21+08:00","message":"Config"}
{"level":"debug","ClientPubKeyFile":"tls-data/client-ecdsa-256.pem","time":"2022-08-10T11:11:21+08:00","message":"Config"}
{"level":"debug","PrecomputeRequests":false,"time":"2022-08-10T11:11:21+08:00","message":"Config"}
{"level":"debug","RequestHandlerThreads":32,"time":"2022-08-10T11:11:21+08:00","message":"Config"}
{"level":"debug","RequestInputChannelBuffer":8192,"time":"2022-08-10T11:11:21+08:00","message":"Config"}
{"level":"debug","BatchVerifier":"external","time":"2022-08-10T11:11:21+08:00","message":"Config"}
03:11:21.698 INF Registered with discovery server. numPeers=4 ownID=1
03:11:21.698 INF Profiling enabled.
03:11:21.698 INF Setting up profiling.
03:11:21.699 INF Started Profiler: CPU
03:11:21.699 INF Started Profiler: BLOCK
03:11:21.699 INF Started Profiler: MUTEX
03:11:21.699 INF Profiler will stop on signal. exit=true
03:11:21.700 INF Tracing will stop on signal. exit=false
03:11:21.701 INF Started tracing. traceFile=experiment-output/0003/slave-004/peer.trc
03:11:21.702 DBG Starting backlog.
03:11:21.702 INF Listening for connections. port=10011 useTLS=false
03:11:21.703 INF Connecting to peer. addr=127.0.0.1:10011 basicConns=4 priorityConns=2
03:11:21.703 INF Connecting to peer. addr=127.0.0.1:10033 basicConns=4 priorityConns=2
03:11:21.703 INF Connecting to peer. addr=127.0.0.1:10022 basicConns=4 priorityConns=2
03:11:21.703 INF Connecting to peer. addr=127.0.0.1:10000 basicConns=4 priorityConns=2
03:11:21.728 INF Incoming connection for protocol messages. addr=127.0.0.1:40380
03:11:21.729 INF Incoming connection for protocol messages. addr=127.0.0.1:40386
03:11:21.731 INF Incoming connection for protocol messages. addr=127.0.0.1:40384
03:11:21.733 INF Incoming connection for protocol messages. addr=127.0.0.1:40418
03:11:21.733 INF Incoming connection for protocol messages. addr=127.0.0.1:40406
03:11:21.733 INF Incoming connection for protocol messages. addr=127.0.0.1:40430
03:11:21.737 INF Incoming connection for protocol messages. addr=127.0.0.1:40452
03:11:21.737 INF Incoming connection for protocol messages. addr=127.0.0.1:40434
03:11:21.739 INF Incoming connection for protocol messages. addr=127.0.0.1:40444
03:11:21.739 INF Incoming connection for protocol messages. addr=127.0.0.1:40460
03:11:21.739 INF Incoming connection for protocol messages. addr=127.0.0.1:40510
03:11:21.740 INF Incoming connection for protocol messages. addr=127.0.0.1:40486
03:11:21.740 DBG Connected. peerID=2
03:11:21.740 INF Incoming connection for protocol messages. addr=127.0.0.1:40478
03:11:21.742 INF Incoming connection for protocol messages. addr=127.0.0.1:40538
03:11:21.743 INF Incoming connection for protocol messages. addr=127.0.0.1:40518
03:11:21.743 INF Incoming connection for protocol messages. addr=127.0.0.1:40514
03:11:21.743 INF Incoming connection for protocol messages. addr=127.0.0.1:40508
03:11:21.743 INF Incoming connection for protocol messages. addr=127.0.0.1:40492
03:11:21.743 DBG Connected. peerID=0
03:11:21.743 INF Incoming connection for protocol messages. addr=127.0.0.1:40454
03:11:21.743 INF Incoming connection for protocol messages. addr=127.0.0.1:40532
03:11:21.744 INF Incoming connection for protocol messages. addr=127.0.0.1:40450
03:11:21.744 INF Incoming connection for protocol messages. addr=127.0.0.1:40484
03:11:21.744 DBG Connected. peerID=1
03:11:21.744 INF Incoming connection for protocol messages. addr=127.0.0.1:40520
03:11:21.745 INF Incoming connection for protocol messages. addr=127.0.0.1:40540
03:11:21.749 DBG Connected. peerID=3
03:11:21.749 INF Connected to all peers.
03:11:21.753 INF All peers finished connecting. Starting ISS.
03:11:21.753 DBG Buckets for 0-th leader 0: [0 4 8 12 1 5 9 13 2 6 10 14 3 7 11 15]
03:11:21.754 INF PbftOrderer received a new segment: [0 1 2 3 4 5 6 7 8 9 10 11 12 13 14 15 16 17 18 19 20 21 22 23 24 25 26 27 28 29 30 31 32 33 34 35 36 37 38 39 40 41 42 43 44 45 46 47 48 49 50 51 52 53 54 55 56 57 58 59 60 61 62 63 64 65 66 67 68 69 70 71 72 73 74 75 76 77 78 79 80 81 82 83 84 85 86 87 88 89 90 91 92 93 94 95 96 97 98 99 100 101 102 103 104 105 106 107 108 109 110 111 112 113 114 115 116 117 118 119 120 121 122 123 124 125 126 127 128 129 130 131 132 133 134 135 136 137 138 139 140 141 142 143 144 145 146 147 148 149 150 151 152 153 154 155 156 157 158 159 160 161 162 163 164 165 166 167 168 169 170 171 172 173 174 175 176 177 178 179 180 181 182 183 184 185 186 187 188 189 190 191 192 193 194 195 196 197 198 199 200 201 202 203 204 205 206 207 208 209 210 211 212 213 214 215 216 217 218 219 220 221 222 223 224 225 226 227 228 229 230 231 232 233 234 235 236 237 238 239 240 241 242 243 244 245 246 247 248 249 250 251 252 253 254 255] first leader=0 firstSN=0 lastSN=255 len=256 length=256 segId=0
03:11:21.755 INF Starting new view. segID=0 timeout=60000 view=0
03:11:21.755 DBG Starting timer. sn=0 view=0
03:11:21.756 INF Starting PBFT instance. first=0 last=255 segID=0
03:11:21.756 DBG Subscribing to backlog. segID=0
03:11:21.756 INF Starting serialized message processing. segID=0
03:11:22.762 INF Handling PREPREPARE. nReq=0 senderID=0 sn=0
03:11:22.762 DBG Creating new Batch. nReq=0
03:11:22.763 DBG Sending PREPARE. senderID=1 sn=0 view=0
03:11:22.764 DBG Sending COMMIT. senderID=1 sn=0 view=0
03:11:22.765 INF Committed entry. latency=0 nReq=0 sn=0
03:11:22.765 INF Delivered batch. nReq=0 sn=0
03:11:22.766 DBG Starting timer. sn=1 view=0
03:11:23.759 INF Handling PREPREPARE. nReq=0 senderID=0 sn=1
03:11:23.759 DBG Creating new Batch. nReq=0
03:11:23.760 DBG Sending PREPARE. senderID=1 sn=1 view=0
03:11:23.761 DBG Sending COMMIT. senderID=1 sn=1 view=0
03:11:23.762 INF Committed entry. latency=0 nReq=0 sn=1
03:11:23.762 INF Delivered batch. nReq=0 sn=1
03:11:23.762 DBG Starting timer. sn=2 view=0
03:11:23.788 INF Incoming connection for requests. addr=127.0.0.1:40566
03:11:24.786 INF Handling PREPREPARE. nReq=244 senderID=0 sn=2
03:11:24.787 DBG Creating new Batch. nReq=244
03:11:24.822 DBG Sending PREPARE. senderID=1 sn=2 view=0
03:11:24.822 DBG Sending COMMIT. senderID=1 sn=2 view=0
03:11:24.825 INF Committed entry. latency=0 nReq=244 sn=2
03:11:24.825 INF Delivered batch. nReq=244 sn=2
03:11:24.826 DBG Starting timer. sn=3 view=0
03:11:25.789 INF Handling PREPREPARE. nReq=256 senderID=0 sn=3
03:11:25.789 DBG Creating new Batch. nReq=256
03:11:25.814 DBG Sending PREPARE. senderID=1 sn=3 view=0
03:11:25.814 DBG Sending COMMIT. senderID=1 sn=3 view=0
03:11:25.815 INF Committed entry. latency=0 nReq=256 sn=3
03:11:25.815 INF Delivered batch. nReq=256 sn=3
03:11:25.815 DBG Starting timer. sn=4 view=0
03:11:26.791 INF Handling PREPREPARE. nReq=257 senderID=0 sn=4
03:11:26.791 DBG Creating new Batch. nReq=257
03:11:26.815 DBG Sending PREPARE. senderID=1 sn=4 view=0
03:11:26.819 DBG Sending COMMIT. senderID=1 sn=4 view=0
03:11:26.820 INF Committed entry. latency=0 nReq=257 sn=4
03:11:26.820 INF Delivered batch. nReq=257 sn=4
03:11:26.820 DBG Starting timer. sn=5 view=0
03:11:27.793 INF Handling PREPREPARE. nReq=256 senderID=0 sn=5
03:11:27.793 DBG Creating new Batch. nReq=256
03:11:27.815 DBG Sending PREPARE. senderID=1 sn=5 view=0
03:11:27.816 DBG Sending COMMIT. senderID=1 sn=5 view=0
03:11:27.818 INF Committed entry. latency=0 nReq=256 sn=5
03:11:27.818 INF Delivered batch. nReq=256 sn=5
03:11:27.818 DBG Starting timer. sn=6 view=0
03:11:28.797 INF Handling PREPREPARE. nReq=257 senderID=0 sn=6
03:11:28.797 DBG Creating new Batch. nReq=257
03:11:28.819 DBG Sending PREPARE. senderID=1 sn=6 view=0
03:11:28.819 DBG Sending COMMIT. senderID=1 sn=6 view=0
03:11:28.822 INF Committed entry. latency=0 nReq=257 sn=6
03:11:28.822 INF Delivered batch. nReq=257 sn=6
03:11:28.822 DBG Starting timer. sn=7 view=0
03:11:29.798 INF Handling PREPREPARE. nReq=257 senderID=0 sn=7
03:11:29.799 DBG Creating new Batch. nReq=257
03:11:29.820 DBG Sending PREPARE. senderID=1 sn=7 view=0
03:11:29.821 DBG Sending COMMIT. senderID=1 sn=7 view=0
03:11:29.823 INF Committed entry. latency=0 nReq=257 sn=7
03:11:29.823 INF Delivered batch. nReq=257 sn=7
03:11:29.823 DBG Starting timer. sn=8 view=0
03:11:30.799 INF Handling PREPREPARE. nReq=256 senderID=0 sn=8
03:11:30.799 DBG Creating new Batch. nReq=256
03:11:30.822 DBG Sending PREPARE. senderID=1 sn=8 view=0
03:11:30.822 DBG Sending COMMIT. senderID=1 sn=8 view=0
03:11:30.826 INF Committed entry. latency=0 nReq=256 sn=8
03:11:30.826 INF Delivered batch. nReq=256 sn=8
03:11:30.826 DBG Starting timer. sn=9 view=0
03:11:31.800 INF Handling PREPREPARE. nReq=257 senderID=0 sn=9
03:11:31.800 DBG Creating new Batch. nReq=257
03:11:31.823 DBG Sending PREPARE. senderID=1 sn=9 view=0
03:11:31.825 DBG Sending COMMIT. senderID=1 sn=9 view=0
03:11:31.826 INF Committed entry. latency=0 nReq=257 sn=9
03:11:31.826 INF Delivered batch. nReq=257 sn=9
03:11:31.826 DBG Starting timer. sn=10 view=0
03:11:32.804 INF Handling PREPREPARE. nReq=256 senderID=0 sn=10
03:11:32.804 DBG Creating new Batch. nReq=256
03:11:32.828 DBG Sending PREPARE. senderID=1 sn=10 view=0
03:11:32.829 DBG Sending COMMIT. senderID=1 sn=10 view=0
03:11:32.830 INF Committed entry. latency=0 nReq=256 sn=10
03:11:32.830 INF Delivered batch. nReq=256 sn=10
03:11:32.830 DBG Starting timer. sn=11 view=0
03:11:33.803 INF Handling PREPREPARE. nReq=256 senderID=0 sn=11
03:11:33.804 DBG Creating new Batch. nReq=256
03:11:33.829 DBG Sending PREPARE. senderID=1 sn=11 view=0
03:11:33.829 DBG Sending COMMIT. senderID=1 sn=11 view=0
03:11:33.833 INF Committed entry. latency=0 nReq=256 sn=11
03:11:33.833 INF Delivered batch. nReq=256 sn=11
03:11:33.833 DBG Starting timer. sn=12 view=0
03:11:34.804 INF Handling PREPREPARE. nReq=257 senderID=0 sn=12
03:11:34.805 DBG Creating new Batch. nReq=257
03:11:34.827 DBG Sending PREPARE. senderID=1 sn=12 view=0
03:11:34.830 DBG Sending COMMIT. senderID=1 sn=12 view=0
03:11:34.832 INF Committed entry. latency=0 nReq=257 sn=12
03:11:34.832 INF Delivered batch. nReq=257 sn=12
03:11:34.832 DBG Starting timer. sn=13 view=0
03:11:35.806 INF Handling PREPREPARE. nReq=256 senderID=0 sn=13
03:11:35.806 DBG Creating new Batch. nReq=256
03:11:35.827 DBG Sending PREPARE. senderID=1 sn=13 view=0
03:11:35.830 DBG Sending COMMIT. senderID=1 sn=13 view=0
03:11:35.831 INF Committed entry. latency=0 nReq=256 sn=13
03:11:35.832 INF Delivered batch. nReq=256 sn=13
03:11:35.832 DBG Starting timer. sn=14 view=0
03:11:36.808 INF Handling PREPREPARE. nReq=257 senderID=0 sn=14
03:11:36.808 DBG Creating new Batch. nReq=257
03:11:36.830 DBG Sending PREPARE. senderID=1 sn=14 view=0
03:11:36.833 DBG Sending COMMIT. senderID=1 sn=14 view=0
03:11:36.834 INF Committed entry. latency=0 nReq=257 sn=14
03:11:36.834 INF Delivered batch. nReq=257 sn=14
03:11:36.835 DBG Starting timer. sn=15 view=0
03:11:37.811 INF Handling PREPREPARE. nReq=256 senderID=0 sn=15
03:11:37.811 DBG Creating new Batch. nReq=256
03:11:37.835 DBG Sending PREPARE. senderID=1 sn=15 view=0
03:11:37.835 DBG Sending COMMIT. senderID=1 sn=15 view=0
03:11:37.836 INF Committed entry. latency=0 nReq=256 sn=15
03:11:37.836 INF Delivered batch. nReq=256 sn=15
03:11:37.836 DBG Starting timer. sn=16 view=0
03:11:38.814 INF Handling PREPREPARE. nReq=257 senderID=0 sn=16
03:11:38.814 DBG Creating new Batch. nReq=257
03:11:38.837 DBG Sending PREPARE. senderID=1 sn=16 view=0
03:11:38.837 DBG Sending COMMIT. senderID=1 sn=16 view=0
03:11:38.838 INF Committed entry. latency=0 nReq=257 sn=16
03:11:38.838 INF Delivered batch. nReq=257 sn=16
03:11:38.838 DBG Starting timer. sn=17 view=0
03:11:39.812 INF Handling PREPREPARE. nReq=256 senderID=0 sn=17
03:11:39.812 DBG Creating new Batch. nReq=256
03:11:39.834 DBG Sending PREPARE. senderID=1 sn=17 view=0
03:11:39.837 DBG Sending COMMIT. senderID=1 sn=17 view=0
03:11:39.839 INF Committed entry. latency=0 nReq=256 sn=17
03:11:39.839 INF Delivered batch. nReq=256 sn=17
03:11:39.840 DBG Starting timer. sn=18 view=0
03:11:40.814 INF Handling PREPREPARE. nReq=256 senderID=0 sn=18
03:11:40.814 DBG Creating new Batch. nReq=256
03:11:40.838 DBG Sending PREPARE. senderID=1 sn=18 view=0
03:11:40.839 DBG Sending COMMIT. senderID=1 sn=18 view=0
03:11:40.841 INF Committed entry. latency=0 nReq=256 sn=18
03:11:40.841 INF Delivered batch. nReq=256 sn=18
03:11:40.841 DBG Starting timer. sn=19 view=0
03:11:41.816 INF Handling PREPREPARE. nReq=257 senderID=0 sn=19
03:11:41.816 DBG Creating new Batch. nReq=257
03:11:41.838 DBG Sending PREPARE. senderID=1 sn=19 view=0
03:11:41.840 DBG Sending COMMIT. senderID=1 sn=19 view=0
03:11:41.842 INF Committed entry. latency=0 nReq=257 sn=19
03:11:41.843 INF Delivered batch. nReq=257 sn=19
03:11:41.843 DBG Starting timer. sn=20 view=0
03:11:42.817 INF Handling PREPREPARE. nReq=256 senderID=0 sn=20
03:11:42.818 DBG Creating new Batch. nReq=256
03:11:42.839 DBG Sending PREPARE. senderID=1 sn=20 view=0
03:11:42.843 DBG Sending COMMIT. senderID=1 sn=20 view=0
03:11:42.845 INF Committed entry. latency=0 nReq=256 sn=20
03:11:42.845 INF Delivered batch. nReq=256 sn=20
03:11:42.845 DBG Starting timer. sn=21 view=0
03:11:43.822 INF Handling PREPREPARE. nReq=257 senderID=0 sn=21
03:11:43.822 DBG Creating new Batch. nReq=257
03:11:43.845 DBG Sending PREPARE. senderID=1 sn=21 view=0
03:11:43.845 DBG Sending COMMIT. senderID=1 sn=21 view=0
03:11:43.847 INF Committed entry. latency=0 nReq=257 sn=21
03:11:43.847 INF Delivered batch. nReq=257 sn=21
03:11:43.847 DBG Starting timer. sn=22 view=0
03:11:44.823 INF Handling PREPREPARE. nReq=256 senderID=0 sn=22
03:11:44.823 DBG Creating new Batch. nReq=256
03:11:44.846 DBG Sending PREPARE. senderID=1 sn=22 view=0
03:11:44.846 DBG Sending COMMIT. senderID=1 sn=22 view=0
03:11:44.849 INF Committed entry. latency=0 nReq=256 sn=22
03:11:44.849 INF Delivered batch. nReq=256 sn=22
03:11:44.849 DBG Starting timer. sn=23 view=0
03:11:45.824 INF Handling PREPREPARE. nReq=257 senderID=0 sn=23
03:11:45.824 DBG Creating new Batch. nReq=257
03:11:45.849 DBG Sending PREPARE. senderID=1 sn=23 view=0
03:11:45.849 DBG Sending COMMIT. senderID=1 sn=23 view=0
03:11:45.852 INF Committed entry. latency=0 nReq=257 sn=23
03:11:45.852 INF Delivered batch. nReq=257 sn=23
03:11:45.852 DBG Starting timer. sn=24 view=0
03:11:46.825 INF Handling PREPREPARE. nReq=256 senderID=0 sn=24
03:11:46.825 DBG Creating new Batch. nReq=256
03:11:46.846 DBG Sending PREPARE. senderID=1 sn=24 view=0
03:11:46.851 DBG Sending COMMIT. senderID=1 sn=24 view=0
03:11:46.853 INF Committed entry. latency=0 nReq=256 sn=24
03:11:46.853 INF Delivered batch. nReq=256 sn=24
03:11:46.853 DBG Starting timer. sn=25 view=0
03:11:47.829 INF Handling PREPREPARE. nReq=256 senderID=0 sn=25
03:11:47.829 DBG Creating new Batch. nReq=256
03:11:47.852 DBG Sending PREPARE. senderID=1 sn=25 view=0
03:11:47.852 DBG Sending COMMIT. senderID=1 sn=25 view=0
03:11:47.854 INF Committed entry. latency=0 nReq=256 sn=25
03:11:47.854 INF Delivered batch. nReq=256 sn=25
03:11:47.854 DBG Starting timer. sn=26 view=0
03:11:48.828 INF Handling PREPREPARE. nReq=257 senderID=0 sn=26
03:11:48.828 DBG Creating new Batch. nReq=257
03:11:48.851 DBG Sending PREPARE. senderID=1 sn=26 view=0
03:11:48.852 DBG Sending COMMIT. senderID=1 sn=26 view=0
03:11:48.854 INF Committed entry. latency=0 nReq=257 sn=26
03:11:48.854 INF Delivered batch. nReq=257 sn=26
03:11:48.854 DBG Starting timer. sn=27 view=0
03:11:49.832 INF Handling PREPREPARE. nReq=256 senderID=0 sn=27
03:11:49.832 DBG Creating new Batch. nReq=256
03:11:49.856 DBG Sending PREPARE. senderID=1 sn=27 view=0
03:11:49.856 DBG Sending COMMIT. senderID=1 sn=27 view=0
03:11:49.858 INF Committed entry. latency=0 nReq=256 sn=27
03:11:49.858 INF Delivered batch. nReq=256 sn=27
03:11:49.858 DBG Starting timer. sn=28 view=0
03:11:50.833 INF Handling PREPREPARE. nReq=257 senderID=0 sn=28
03:11:50.833 DBG Creating new Batch. nReq=257
03:11:50.856 DBG Sending PREPARE. senderID=1 sn=28 view=0
03:11:50.860 DBG Sending COMMIT. senderID=1 sn=28 view=0
03:11:50.860 INF Committed entry. latency=0 nReq=257 sn=28
03:11:50.860 INF Delivered batch. nReq=257 sn=28
03:11:50.861 DBG Starting timer. sn=29 view=0
03:11:51.836 INF Handling PREPREPARE. nReq=256 senderID=0 sn=29
03:11:51.837 DBG Creating new Batch. nReq=256
03:11:51.861 DBG Sending PREPARE. senderID=1 sn=29 view=0
03:11:51.861 DBG Sending COMMIT. senderID=1 sn=29 view=0
03:11:51.862 INF Committed entry. latency=0 nReq=256 sn=29
03:11:51.862 INF Delivered batch. nReq=256 sn=29
03:11:51.862 DBG Starting timer. sn=30 view=0
03:11:52.836 INF Handling PREPREPARE. nReq=257 senderID=0 sn=30
03:11:52.836 DBG Creating new Batch. nReq=257
03:11:52.858 DBG Sending PREPARE. senderID=1 sn=30 view=0
03:11:52.860 DBG Sending COMMIT. senderID=1 sn=30 view=0
03:11:52.863 INF Committed entry. latency=0 nReq=257 sn=30
03:11:52.863 INF Delivered batch. nReq=257 sn=30
03:11:52.863 DBG Starting timer. sn=31 view=0
03:11:53.837 INF Handling PREPREPARE. nReq=256 senderID=0 sn=31
03:11:53.837 DBG Creating new Batch. nReq=256
03:11:53.860 DBG Sending PREPARE. senderID=1 sn=31 view=0
03:11:53.861 DBG Sending COMMIT. senderID=1 sn=31 view=0
03:11:53.863 INF Committed entry. latency=0 nReq=256 sn=31
03:11:53.863 INF Delivered batch. nReq=256 sn=31
03:11:53.864 DBG Starting timer. sn=32 view=0
03:11:54.813 INF Handling PREPREPARE. nReq=1 senderID=0 sn=32
03:11:54.813 DBG Creating new Batch. nReq=1
03:11:54.814 DBG Sending PREPARE. senderID=1 sn=32 view=0
03:11:54.815 DBG Sending COMMIT. senderID=1 sn=32 view=0
03:11:54.816 INF Committed entry. latency=0 nReq=1 sn=32
03:11:54.816 INF Delivered batch. nReq=1 sn=32
03:11:54.817 DBG Starting timer. sn=33 view=0
03:11:55.811 INF Connection terminated. error="rpc error: code = Canceled desc = context canceled" address=127.0.0.1:40566
03:11:55.812 INF Finished sending bucket assignments to client. clId=0
03:11:55.814 INF Handling PREPREPARE. nReq=0 senderID=0 sn=33
03:11:55.814 DBG Creating new Batch. nReq=0
03:11:55.814 DBG Sending PREPARE. senderID=1 sn=33 view=0
03:11:55.815 DBG Sending COMMIT. senderID=1 sn=33 view=0
03:11:55.816 INF Committed entry. latency=0 nReq=0 sn=33
03:11:55.816 INF Delivered batch. nReq=0 sn=33
03:11:55.817 DBG Starting timer. sn=34 view=0
03:11:56.213 INF Stopping profiler.
03:11:56.213 INF Stopping Tracer. events=106 fileName=experiment-output/0003/slave-004/peer.trc
==================
WARNING: DATA RACE
Read at 0x00c0009b2000 by goroutine 115:
  runtime.racereadrange()
      <autogenerated>:1 +0x1b
  github.com/hyperledger-labs/mirbft/tracing.(*BufferedTrace).StopOnSignal.func1()
      /opt/gopath/src/github.com/hyperledger-labs/mirbft/tracing/bufferedtrace.go:298 +0x4e

Previous write at 0x00c0009b2000 by goroutine 413:
  github.com/hyperledger-labs/mirbft/tracing.(*BufferedTrace).Event()
      /opt/gopath/src/github.com/hyperledger-labs/mirbft/tracing/bufferedtrace.go:105 +0x2d9
  github.com/hyperledger-labs/mirbft/manager.(*MirManager).handleLogEntries()
      /opt/gopath/src/github.com/hyperledger-labs/mirbft/manager/mirmanager.go:139 +0x1d8
  github.com/hyperledger-labs/mirbft/manager.(*MirManager).Start路dwrap路7()
      /opt/gopath/src/github.com/hyperledger-labs/mirbft/manager/mirmanager.go:101 +0x47

Goroutine 115 (running) created at:
  github.com/hyperledger-labs/mirbft/tracing.(*BufferedTrace).StopOnSignal()
      /opt/gopath/src/github.com/hyperledger-labs/mirbft/tracing/bufferedtrace.go:292 +0x172
  main.setUpTracing()
      /opt/gopath/src/github.com/hyperledger-labs/mirbft/cmd/orderingpeer/main.go:204 +0xf5
  main.main()
      /opt/gopath/src/github.com/hyperledger-labs/mirbft/cmd/orderingpeer/main.go:98 +0x9d6

Goroutine 413 (running) created at:
  github.com/hyperledger-labs/mirbft/manager.(*MirManager).Start()
      /opt/gopath/src/github.com/hyperledger-labs/mirbft/manager/mirmanager.go:101 +0x19e
  main.main路dwrap路4()
      /opt/gopath/src/github.com/hyperledger-labs/mirbft/cmd/orderingpeer/main.go:168 +0x59
==================
==================
WARNING: DATA RACE
Read at 0x00c0009b3068 by goroutine 115:
  runtime.racereadrange()
      <autogenerated>:1 +0x1b
  github.com/hyperledger-labs/mirbft/tracing.(*BufferedTrace).StopOnSignal.func1()
      /opt/gopath/src/github.com/hyperledger-labs/mirbft/tracing/bufferedtrace.go:298 +0x4e

Previous write at 0x00c0009b3068 by goroutine 114:
  github.com/hyperledger-labs/mirbft/tracing.(*BufferedTrace).Event()
      /opt/gopath/src/github.com/hyperledger-labs/mirbft/tracing/bufferedtrace.go:105 +0x2d9
  github.com/hyperledger-labs/mirbft/profiling.StartCPUTracing.func1()
      /opt/gopath/src/github.com/hyperledger-labs/mirbft/profiling/cpuusage.go:31 +0x95

Goroutine 115 (running) created at:
  github.com/hyperledger-labs/mirbft/tracing.(*BufferedTrace).StopOnSignal()
      /opt/gopath/src/github.com/hyperledger-labs/mirbft/tracing/bufferedtrace.go:292 +0x172
  main.setUpTracing()
      /opt/gopath/src/github.com/hyperledger-labs/mirbft/cmd/orderingpeer/main.go:204 +0xf5
  main.main()
      /opt/gopath/src/github.com/hyperledger-labs/mirbft/cmd/orderingpeer/main.go:98 +0x9d6

Goroutine 114 (running) created at:
  github.com/hyperledger-labs/mirbft/profiling.StartCPUTracing()
      /opt/gopath/src/github.com/hyperledger-labs/mirbft/profiling/cpuusage.go:28 +0xb6
  main.setUpTracing()
      /opt/gopath/src/github.com/hyperledger-labs/mirbft/cmd/orderingpeer/main.go:196 +0x85
  main.main()
      /opt/gopath/src/github.com/hyperledger-labs/mirbft/cmd/orderingpeer/main.go:98 +0x9d6
==================
03:11:56.215 INF Trace data written.
03:11:56.290 INF Profile data written. filename=experiment-output/0003/slave-004/prof.cpu name=cpu
03:11:56.345 INF Profile data written. filename=experiment-output/0003/slave-004/prof.block name=block
03:11:56.349 INF Connection terminated. error="rpc error: code = Canceled desc = context canceled" address=127.0.0.1:40444
03:11:56.349 INF Connection terminated. error="rpc error: code = Canceled desc = context canceled" address=127.0.0.1:40508
03:11:56.349 INF Connection terminated. error="rpc error: code = Canceled desc = context canceled" address=127.0.0.1:40520
03:11:56.349 INF Connection terminated. error="rpc error: code = Canceled desc = context canceled" address=127.0.0.1:40418
03:11:56.349 INF Connection terminated. error="rpc error: code = Canceled desc = context canceled" address=127.0.0.1:40540
03:11:56.349 INF Connection terminated. error="rpc error: code = Canceled desc = context canceled" address=127.0.0.1:40514
03:11:56.358 INF Connection terminated. error="rpc error: code = Canceled desc = context canceled" address=127.0.0.1:40454
03:11:56.358 INF Connection terminated. error="rpc error: code = Canceled desc = context canceled" address=127.0.0.1:40430
03:11:56.358 INF Connection terminated. error="rpc error: code = Canceled desc = context canceled" address=127.0.0.1:40450
03:11:56.358 INF Connection terminated. error="rpc error: code = Canceled desc = context canceled" address=127.0.0.1:40484
03:11:56.358 INF Connection terminated. error="rpc error: code = Canceled desc = context canceled" address=127.0.0.1:40492
03:11:56.358 INF Connection terminated. error="rpc error: code = Canceled desc = context canceled" address=127.0.0.1:40386
03:11:56.371 INF Profile data written. filename=experiment-output/0003/slave-004/prof.mutex name=mutex
