3:27AM INF Received own slave ID. ownSlaveId=1
3:27AM INF OK status=0
3:27AM INF Received command. cmdId=3
3:27AM INF Received an ExecStart command args="[-p experiment-output/0000/slave-__id__/config]" cmd=mkdir outFile=/dev/null
3:27AM INF OK status=0
3:27AM INF Received command. cmdId=4
3:27AM INF Received command. cmdType=ExecWait
3:27AM INF OK status=0
3:27AM INF Received command. cmdId=7
3:27AM INF Received an ExecStart command args="[config/config-0000.yml experiment-output/0000/slave-__id__/config/config.yml]" cmd=cp outFile=/dev/null
3:27AM INF OK status=0
3:27AM INF Received command. cmdId=8
3:27AM INF Received command. cmdType=ExecWait
3:27AM INF OK status=0
3:27AM INF Received command. cmdId=10
3:27AM INF Received command. cmdType=Noop
3:27AM INF Noop. Doing nothing. status=033:27AM INF Received command. cmdId=15
3:27AM INF Received an ExecStart command args="[experiment-output/0000/slave-__id__/config/config.yml 127.0.0.1:9999 experiment-output/0000/slave-__id__/client experiment-output/0000/slave-__id__/prof-client]" cmd=orderingclient outFile=experiment-output/0000/slave-__id__/clients.log
3:27AM INF OK status=0
3:27AM IN3:43AM INF Received command. cmdId=20
3:43AM INF Received command. cmdType=ExecSignal
3:43AM INF OK status=0
3:43AM INF Received command. cmdId=25
3:43AM INF Received command. cmdType=Stop
eived an ExecStart command args="[Client failed or timed out]" cmd=echo outFile=experiment-output/0000/slave-__id__/FAILED
3:43AM INF OK status=0
3:43AM INF Received command. cmdId=18
3:43AM INF Received command. cmdType=ExecWait
3:43AM INF OK status=0
3:43AM INF Received command. cmdId=19
3:43AM INF Received command. cmdType=Noop
3:43AM INF Noop. Doing nothing. status=0
3:43AM INF Received command. cmdId=25
3:43AM INF Received command. cmdType=Stop
