{"level":"debug","Logging":"debug","time":"2022-10-24T14:37:47+08:00","message":"Config"}
{"level":"debug","UseTLS":false,"time":"2022-10-24T14:37:47+08:00","message":"Config"}
{"level":"debug","CACertFile":"tls-data/ca.pem","time":"2022-10-24T14:37:47+08:00","message":"Config"}
{"level":"debug","KeyFile":"tls-data/auth.key","time":"2022-10-24T14:37:47+08:00","message":"Config"}
{"level":"debug","CertFile":"tls-data/auth.pem","time":"2022-10-24T14:37:47+08:00","message":"Config"}
{"level":"debug","PriorityConnections":2,"time":"2022-10-24T14:37:47+08:00","message":"Config"}
{"level":"debug","BasicConnections":2,"time":"2022-10-24T14:37:47+08:00","message":"Config"}
{"level":"debug","TestConnections":false,"time":"2022-10-24T14:37:47+08:00","message":"Config"}
{"level":"debug","ExcessConnections":1,"time":"2022-10-24T14:37:47+08:00","message":"Config"}
{"level":"debug","ConnectionTestMsgs":4,"time":"2022-10-24T14:37:47+08:00","message":"Config"}
{"level":"debug","ConnectionTestPayload":131072,"time":"2022-10-24T14:37:47+08:00","message":"Config"}
{"level":"debug","OutMessageBufsize":1024,"time":"2022-10-24T14:37:47+08:00","message":"Config"}
{"level":"debug","OutMessageBufsize":2,"time":"2022-10-24T14:37:47+08:00","message":"Config"}
{"level":"debug","ThroughputCap":131072000,"time":"2022-10-24T14:37:47+08:00","message":"Config"}
{"level":"debug","StragglerTolerance":1000,"time":"2022-10-24T14:37:47+08:00","message":"Config"}
{"level":"debug","BatchSizeIncrement":256,"time":"2022-10-24T14:37:47+08:00","message":"Config"}
{"level":"debug","Orderer":"Pbft","time":"2022-10-24T14:37:47+08:00","message":"Config"}
{"level":"debug","Manager":"Mir","time":"2022-10-24T14:37:47+08:00","message":"Config"}
{"level":"debug","Failures":2,"time":"2022-10-24T14:37:47+08:00","message":"Config"}
{"level":"debug","CrashTiming":"Straggler","time":"2022-10-24T14:37:47+08:00","message":"Config"}
{"level":"debug","CheckpointInterval":256,"time":"2022-10-24T14:37:47+08:00","message":"Config"}
{"level":"debug","WatermarkWindowSize":256,"time":"2022-10-24T14:37:47+08:00","message":"Config"}
{"level":"debug","EpochLength":256,"time":"2022-10-24T14:37:47+08:00","message":"Config"}
{"level":"debug","SegmentLength":32,"time":"2022-10-24T14:37:47+08:00","message":"Config"}
{"level":"debug","WaitForCheckpoints":true,"time":"2022-10-24T14:37:47+08:00","message":"Config"}
{"level":"debug","ClientWatermarkWindowSize":4194304,"time":"2022-10-24T14:37:47+08:00","message":"Config"}
{"level":"debug","ClientRequestBacklogSize":4194304,"time":"2022-10-24T14:37:47+08:00","message":"Config"}
{"level":"debug","RandomSeed":4087,"time":"2022-10-24T14:37:47+08:00","message":"Config"}
{"level":"debug","NodeToLeaderRatio":1,"time":"2022-10-24T14:37:47+08:00","message":"Config"}
{"level":"debug","LeaderPolicy":"SimulatedRandomFailures","time":"2022-10-24T14:37:47+08:00","message":"Config"}
{"level":"debug","DefaultLeaderBan":2,"time":"2022-10-24T14:37:47+08:00","message":"Config"}
{"level":"debug","NumBuckets":128,"time":"2022-10-24T14:37:47+08:00","message":"Config"}
{"level":"debug","BatchSize":1000,"time":"2022-10-24T14:37:47+08:00","message":"Config"}
{"level":"debug","DisabledViewChange":false,"time":"2022-10-24T14:37:47+08:00","message":"Config"}
{"level":"debug","ViewChangeTimeout":60000,"time":"2022-10-24T14:37:47+08:00","message":"Config"}
{"level":"debug","ClientTraceSampling":10,"time":"2022-10-24T14:37:47+08:00","message":"Config"}
{"level":"debug","EventBufferSize":2097152,"time":"2022-10-24T14:37:47+08:00","message":"Config"}
{"level":"debug","TraceSampling":1,"time":"2022-10-24T14:37:47+08:00","message":"Config"}
{"level":"debug","ClientsPerProcess":1,"time":"2022-10-24T14:37:47+08:00","message":"Config"}
{"level":"debug","RequestsPerClient":15360,"time":"2022-10-24T14:37:47+08:00","message":"Config"}
{"level":"debug","ClientRunTime":30000,"time":"2022-10-24T14:37:47+08:00","message":"Config"}
{"level":"debug","RequestRate":256,"time":"2022-10-24T14:37:47+08:00","message":"Config"}
{"level":"debug","HardRequestRateLimit":false,"time":"2022-10-24T14:37:47+08:00","message":"Config"}
{"level":"debug","RequestPayloadSize":500,"time":"2022-10-24T14:37:47+08:00","message":"Config"}
{"level":"debug","SignRequests":true,"time":"2022-10-24T14:37:47+08:00","message":"Config"}
{"level":"debug","ClientPrivKeyFile":"tls-data/client-ecdsa-256.key","time":"2022-10-24T14:37:47+08:00","message":"Config"}
{"level":"debug","ClientPubKeyFile":"tls-data/client-ecdsa-256.pem","time":"2022-10-24T14:37:47+08:00","message":"Config"}
{"level":"debug","PrecomputeRequests":false,"time":"2022-10-24T14:37:47+08:00","message":"Config"}
{"level":"debug","RequestHandlerThreads":32,"time":"2022-10-24T14:37:47+08:00","message":"Config"}
{"level":"debug","RequestInputChannelBuffer":8192,"time":"2022-10-24T14:37:47+08:00","message":"Config"}
{"level":"debug","BatchVerifier":"external","time":"2022-10-24T14:37:47+08:00","message":"Config"}
06:37:47.879 INF Registered with discovery server. numPeers=8 ownID=0
06:37:47.880 INF Profiling enabled.
06:37:47.880 INF Setting up profiling.
06:37:47.902 INF Started Profiler: CPU
06:37:47.902 INF Started Profiler: BLOCK
06:37:47.902 INF Started Profiler: MUTEX
06:37:47.902 INF Profiler will stop on signal. exit=true
06:37:47.905 INF Tracing will stop on signal. exit=false
06:37:47.906 INF Started tracing. traceFile=experiment-output/0000/slave-006/peer.trc
06:37:47.906 DBG Starting backlog.
06:37:47.907 INF Listening for connections. port=10000 useTLS=false
06:37:47.907 INF Connecting to peer. addr=127.0.0.1:10000 basicConns=2 priorityConns=2
06:37:47.909 INF Connecting to peer. addr=127.0.0.1:10055 basicConns=2 priorityConns=2
06:37:47.911 INF Connecting to peer. addr=127.0.0.1:10044 basicConns=2 priorityConns=2
06:37:47.908 INF Connecting to peer. addr=127.0.0.1:10033 basicConns=2 priorityConns=2
06:37:47.908 INF Connecting to peer. addr=127.0.0.1:10022 basicConns=2 priorityConns=2
06:37:47.907 INF Connecting to peer. addr=127.0.0.1:10011 basicConns=2 priorityConns=2
06:37:47.934 INF Connecting to peer. addr=127.0.0.1:10077 basicConns=2 priorityConns=2
06:37:47.935 INF Connecting to peer. addr=127.0.0.1:10066 basicConns=2 priorityConns=2
06:37:47.964 INF Incoming connection for protocol messages. addr=127.0.0.1:57122
06:37:47.979 INF Incoming connection for protocol messages. addr=127.0.0.1:57110
06:37:47.983 INF Incoming connection for protocol messages. addr=127.0.0.1:57176
06:37:47.984 DBG Connected. peerID=5
06:37:47.985 INF Incoming connection for protocol messages. addr=127.0.0.1:57172
06:37:47.986 INF Incoming connection for protocol messages. addr=127.0.0.1:57156
06:37:47.986 INF Incoming connection for protocol messages. addr=127.0.0.1:57192
06:37:47.987 INF Incoming connection for protocol messages. addr=127.0.0.1:57160
06:37:47.987 INF Incoming connection for protocol messages. addr=127.0.0.1:57118
06:37:47.988 INF Incoming connection for protocol messages. addr=127.0.0.1:57204
06:37:47.988 INF Incoming connection for protocol messages. addr=127.0.0.1:57244
06:37:47.988 INF Incoming connection for protocol messages. addr=127.0.0.1:57230
06:37:47.989 INF Incoming connection for protocol messages. addr=127.0.0.1:57330
06:37:47.989 INF Incoming connection for protocol messages. addr=127.0.0.1:57240
06:37:47.991 INF Incoming connection for protocol messages. addr=127.0.0.1:57268
06:37:47.991 DBG Connected. peerID=7
06:37:47.991 DBG Connected. peerID=1
06:37:47.991 INF Incoming connection for protocol messages. addr=127.0.0.1:57200
06:37:47.991 DBG Connected. peerID=3
06:37:47.991 INF Incoming connection for protocol messages. addr=127.0.0.1:57308
06:37:47.991 INF Incoming connection for protocol messages. addr=127.0.0.1:57350
06:37:47.991 DBG Connected. peerID=2
06:37:47.992 INF Incoming connection for protocol messages. addr=127.0.0.1:57354
06:37:47.992 INF Incoming connection for protocol messages. addr=127.0.0.1:57348
06:37:47.993 INF Incoming connection for protocol messages. addr=127.0.0.1:57258
06:37:47.993 DBG Connected. peerID=6
06:37:47.994 INF Incoming connection for protocol messages. addr=127.0.0.1:57356
06:37:47.994 INF Incoming connection for protocol messages. addr=127.0.0.1:57406
06:37:47.994 INF Incoming connection for protocol messages. addr=127.0.0.1:57404
06:37:47.994 DBG Connected. peerID=0
06:37:48.900 INF Incoming connection for protocol messages. addr=127.0.0.1:57434
06:37:48.912 INF Incoming connection for protocol messages. addr=127.0.0.1:57456
06:37:48.914 INF Incoming connection for protocol messages. addr=127.0.0.1:57460
06:37:48.914 INF Incoming connection for protocol messages. addr=127.0.0.1:57464
06:37:48.921 INF Incoming connection for protocol messages. addr=127.0.0.1:57496
06:37:48.921 INF Incoming connection for protocol messages. addr=127.0.0.1:57498
06:37:48.922 INF Incoming connection for protocol messages. addr=127.0.0.1:57502
06:37:48.922 INF Incoming connection for protocol messages. addr=127.0.0.1:57506
06:37:48.923 DBG Connected. peerID=4
06:37:48.923 INF Connected to all peers.
06:37:48.933 INF Incoming connection for protocol messages. addr=127.0.0.1:57518
06:37:48.938 INF All peers finished connecting. Starting ISS.
06:37:48.939 DBG Buckets for 0-th leader 0: [0 8 16 24 32 40 48 56 64 72 80 88 96 104 112 120]
06:37:48.939 DBG Buckets for 1-th leader 1: [1 9 17 25 33 41 49 57 65 73 81 89 97 105 113 121 19 43 67 91 115 7 31 55 79 103 127]
06:37:48.939 DBG Buckets for 2-th leader 2: [2 10 18 26 34 42 50 58 66 74 82 90 98 106 114 122]
06:37:48.939 DBG Buckets for 3-th leader 4: [4 12 20 28 36 44 52 60 68 76 84 92 100 108 116 124 3 27 51 75 99 123 15 39 63 87 111]
06:37:48.939 DBG Buckets for 4-th leader 5: [5 13 21 29 37 45 53 61 69 77 85 93 101 109 117 125]
06:37:48.940 DBG Buckets for 5-th leader 6: [6 14 22 30 38 46 54 62 70 78 86 94 102 110 118 126 11 35 59 83 107 23 47 71 95 119]
06:37:48.940 INF PbftOrderer received a new segment: [0 6 12 18 24 30 36 42 48 54 60 66 72 78 84 90 96 102 108 114 120 126 132 138 144 150 156 162 168 174 180 186] first leader=0 firstSN=0 lastSN=186 len=32 length=32 segId=0
06:37:48.940 INF Starting new view. segID=0 timeout=60000 view=0
06:37:48.940 DBG Starting timer. sn=0 view=0
06:37:48.940 INF Starting PBFT instance. first=0 last=186 segID=0
06:37:48.941 DBG Subscribing to backlog. segID=0
06:37:48.941 DBG Leading segment. segID=0
06:37:48.941 INF Starting serialized message processing. segID=0
06:37:48.941 DBG Waiting for batch. batchSize=4096
06:37:48.941 INF PbftOrderer received a new segment: [1 7 13 19 25 31 37 43 49 55 61 67 73 79 85 91 97 103 109 115 121 127 133 139 145 151 157 163 169 175 181 187] first leader=1 firstSN=1 lastSN=187 len=32 length=32 segId=1
06:37:48.941 INF Starting new view. segID=1 timeout=60000 view=0
06:37:48.941 DBG Starting timer. sn=1 view=0
06:37:48.942 INF Starting PBFT instance. first=1 last=187 segID=1
06:37:48.942 DBG Subscribing to backlog. segID=1
06:37:48.942 INF Starting serialized message processing. segID=1
06:37:48.942 INF PbftOrderer received a new segment: [2 8 14 20 26 32 38 44 50 56 62 68 74 80 86 92 98 104 110 116 122 128 134 140 146 152 158 164 170 176 182 188] first leader=2 firstSN=2 lastSN=188 len=32 length=32 segId=2
06:37:48.942 INF Starting new view. segID=2 timeout=60000 view=0
06:37:48.942 DBG Starting timer. sn=2 view=0
06:37:48.943 INF Starting PBFT instance. first=2 last=188 segID=2
06:37:48.943 DBG Subscribing to backlog. segID=2
06:37:48.943 INF Starting serialized message processing. segID=2
06:37:48.943 INF PbftOrderer received a new segment: [3 9 15 21 27 33 39 45 51 57 63 69 75 81 87 93 99 105 111 117 123 129 135 141 147 153 159 165 171 177 183 189] first leader=4 firstSN=3 lastSN=189 len=32 length=32 segId=3
06:37:48.943 INF Starting new view. segID=3 timeout=60000 view=0
06:37:48.943 DBG Starting timer. sn=3 view=0
06:37:48.944 INF Starting PBFT instance. first=3 last=189 segID=3
06:37:48.944 DBG Subscribing to backlog. segID=3
06:37:48.944 INF Starting serialized message processing. segID=3
06:37:48.944 INF PbftOrderer received a new segment: [4 10 16 22 28 34 40 46 52 58 64 70 76 82 88 94 100 106 112 118 124 130 136 142 148 154 160 166 172 178 184 190] first leader=5 firstSN=4 lastSN=190 len=32 length=32 segId=4
06:37:48.944 INF Starting new view. segID=4 timeout=60000 view=0
06:37:48.944 DBG Starting timer. sn=4 view=0
06:37:48.945 INF Starting PBFT instance. first=4 last=190 segID=4
06:37:48.945 DBG Subscribing to backlog. segID=4
06:37:48.945 INF Starting serialized message processing. segID=4
06:37:48.945 INF PbftOrderer received a new segment: [5 11 17 23 29 35 41 47 53 59 65 71 77 83 89 95 101 107 113 119 125 131 137 143 149 155 161 167 173 179 185 191] first leader=6 firstSN=5 lastSN=191 len=32 length=32 segId=5
06:37:48.945 INF Starting new view. segID=5 timeout=60000 view=0
06:37:48.945 DBG Starting timer. sn=5 view=0
06:37:48.946 INF Starting PBFT instance. first=5 last=191 segID=5
06:37:48.946 DBG Subscribing to backlog. segID=5
06:37:48.946 INF Starting serialized message processing. segID=5
06:37:48.970 INF Connection terminated. error="rpc error: code = Canceled desc = context canceled" address=127.0.0.1:57518
06:37:48.970 INF Connection terminated. error="rpc error: code = Canceled desc = context canceled" address=127.0.0.1:57122
06:37:48.970 INF Connection terminated. error="rpc error: code = Canceled desc = context canceled" address=127.0.0.1:57498
06:37:48.971 INF Connection terminated. error="rpc error: code = Canceled desc = context canceled" address=127.0.0.1:57502
06:37:48.971 INF Connection terminated. error="rpc error: code = Canceled desc = context canceled" address=127.0.0.1:57506
06:37:48.971 INF Connection terminated. error="rpc error: code = Canceled desc = context canceled" address=127.0.0.1:57496
06:37:48.971 INF Connection terminated. error="rpc error: code = Canceled desc = context canceled" address=127.0.0.1:57110
06:37:48.971 INF Connection terminated. error="rpc error: code = Canceled desc = context canceled" address=127.0.0.1:57118
06:37:50.977 INF Incoming connection for requests. addr=127.0.0.1:57528
06:38:18.942 DBG Batch ready. batchSize=4096
06:38:18.943 DBG Batch cut. left=0 nBuckets=16 nReq=895 next=0
06:38:18.944 DBG Waiting for batch. batchSize=4096
06:38:18.971 INF Sending PREPREPARE. nReq=895 senderID=0 sn=0 view=0
06:38:19.082 ERR Failed to send protocol message. Dropping all future outgoing protocol messages. error=EOF
06:38:19.090 ERR Failed to send protocol message. Dropping all future outgoing protocol messages. error=EOF
06:38:19.132 INF Handling PREPREPARE. nReq=895 senderID=2 sn=2
06:38:19.133 DBG Creating new Batch. nReq=895
06:38:19.141 INF Handling PREPREPARE. nReq=894 senderID=5 sn=4
06:38:19.142 DBG Creating new Batch. nReq=894
06:38:19.153 INF Handling PREPREPARE. nReq=1509 senderID=1 sn=1
06:38:19.153 DBG Creating new Batch. nReq=1509
06:38:19.346 INF Handling PREPREPARE. nReq=1453 senderID=6 sn=5
06:38:19.346 DBG Creating new Batch. nReq=1453
06:38:19.350 INF Handling PREPREPARE. nReq=1509 senderID=4 sn=3
06:38:19.351 DBG Creating new Batch. nReq=1509
06:38:19.363 DBG Sending PREPARE. senderID=0 sn=2 view=0
06:38:19.363 DBG func sendPrepare prepare Tn. sn=2 tn=2
06:38:19.384 DBG Sending PREPARE. senderID=0 sn=4 view=0
06:38:19.387 DBG func sendPrepare prepare Tn. sn=4 tn=4
06:38:19.535 DBG Sending PREPARE. senderID=0 sn=1 view=0
06:38:19.535 DBG func sendPrepare prepare Tn. sn=1 tn=1
06:38:19.560 DBG Sending COMMIT. senderID=0 sn=2 view=0
06:38:19.560 DBG func sendCommit commit Tn. sn=2 tn=2
06:38:19.560 DBG Sending Htn. sn=2 view=0
06:38:19.561 DBG func handleCommit commit Tn. tn=2
06:38:19.561 DBG func handleHtnmsg htn. htn=2 localhtn=2 prelocalhtn=0
06:38:19.562 DBG func handleCommit commit Tn. tn=2
06:38:19.578 DBG func handleHtnmsg htn. htn=2 localhtn=2 prelocalhtn=2
06:38:19.578 DBG func handleCommit commit Tn. tn=2
06:38:19.578 DBG func handleHtnmsg htn. htn=2 localhtn=2 prelocalhtn=2
06:38:19.579 DBG func handleCommit commit Tn. tn=2
06:38:19.581 INF Committed entry. latency=0 nReq=895 sn=2
06:38:19.581 DBG Starting timer. sn=8 view=0
06:38:19.581 DBG func handleHtnmsg htn. htn=2 localhtn=2 prelocalhtn=2
06:38:19.598 DBG Sending COMMIT. senderID=0 sn=0 view=0
06:38:19.598 DBG func sendCommit commit Tn. sn=0 tn=0
06:38:19.598 DBG Sending Htn. sn=0 view=0
06:38:19.601 DBG func handleCommit commit Tn. tn=0
06:38:19.601 DBG func handleHtnmsg htn. htn=0 localhtn=0 prelocalhtn=0
06:38:19.602 DBG func handleCommit commit Tn. tn=0
06:38:19.602 DBG func handleHtnmsg htn. htn=0 localhtn=0 prelocalhtn=0
06:38:19.604 DBG func handleCommit commit Tn. tn=0
06:38:19.604 DBG func handleHtnmsg htn. htn=0 localhtn=0 prelocalhtn=0
06:38:19.607 DBG Sending COMMIT. senderID=0 sn=4 view=0
06:38:19.608 DBG func sendCommit commit Tn. sn=4 tn=4
06:38:19.608 DBG Sending Htn. sn=4 view=0
06:38:19.608 DBG func handleCommit commit Tn. tn=4
06:38:19.608 DBG func handleHtnmsg htn. htn=4 localhtn=4 prelocalhtn=0
06:38:19.610 DBG func handleCommit commit Tn. tn=4
06:38:19.613 DBG func handleCommit commit Tn. tn=0
06:38:19.615 INF Committed entry. latency=0 nReq=895 sn=0
06:38:19.615 INF Delivered batch. nReq=895 sn=0
06:38:19.615 DBG Starting timer. sn=6 view=0
06:38:19.615 DBG func handleHtnmsg htn. htn=0 localhtn=0 prelocalhtn=0
06:38:19.621 DBG func handleCommit commit Tn. tn=4
06:38:19.621 DBG func handleHtnmsg htn. htn=4 localhtn=4 prelocalhtn=4
06:38:19.621 DBG func handleCommit commit Tn. tn=4
06:38:19.623 INF Committed entry. latency=0 nReq=894 sn=4
06:38:19.621 DBG func handleCommit commit Tn. tn=0
06:38:19.623 DBG Starting timer. sn=10 view=0
06:38:19.623 DBG func handleHtnmsg htn. htn=0 localhtn=0 prelocalhtn=0
06:38:19.623 DBG func handleHtnmsg htn. htn=4 localhtn=4 prelocalhtn=4
06:38:19.624 DBG func handleHtnmsg htn. htn=4 localhtn=4 prelocalhtn=4
06:38:19.629 DBG Sending PREPARE. senderID=0 sn=5 view=0
06:38:19.630 DBG func sendPrepare prepare Tn. sn=5 tn=5
06:38:19.639 DBG func handleCommit commit Tn. tn=4
06:38:19.639 DBG func handleHtnmsg htn. htn=4 localhtn=4 prelocalhtn=4
06:38:19.646 DBG func handleCommit commit Tn. tn=2
06:38:19.646 DBG func handleHtnmsg htn. htn=2 localhtn=2 prelocalhtn=2
06:38:19.677 DBG Sending PREPARE. senderID=0 sn=3 view=0
06:38:19.677 DBG func sendPrepare prepare Tn. sn=3 tn=3
06:38:19.717 DBG Sending COMMIT. senderID=0 sn=3 view=0
06:38:19.717 DBG func sendCommit commit Tn. sn=3 tn=3
06:38:19.718 DBG Sending Htn. sn=3 view=0
06:38:19.718 DBG func handleCommit commit Tn. tn=3
06:38:19.718 DBG func handleHtnmsg htn. htn=3 localhtn=3 prelocalhtn=0
06:38:19.719 DBG func handleCommit commit Tn. tn=3
06:38:19.719 DBG Sending COMMIT. senderID=0 sn=1 view=0
06:38:19.720 DBG func sendCommit commit Tn. sn=1 tn=1
06:38:19.720 DBG func handleHtnmsg htn. htn=3 localhtn=3 prelocalhtn=3
06:38:19.720 DBG Sending Htn. sn=1 view=0
06:38:19.720 DBG func handleCommit commit Tn. tn=1
06:38:19.720 DBG func handleCommit commit Tn. tn=3
06:38:19.720 DBG func handleHtnmsg htn. htn=1 localhtn=1 prelocalhtn=0
06:38:19.720 DBG func handleHtnmsg htn. htn=3 localhtn=3 prelocalhtn=3
06:38:19.722 DBG func handleCommit commit Tn. tn=1
06:38:19.722 DBG func handleHtnmsg htn. htn=1 localhtn=1 prelocalhtn=1
06:38:19.722 DBG func handleCommit commit Tn. tn=1
06:38:19.722 DBG func handleHtnmsg htn. htn=1 localhtn=1 prelocalhtn=1
06:38:19.724 DBG func handleCommit commit Tn. tn=3
06:38:19.726 INF Committed entry. latency=0 nReq=1509 sn=3
06:38:19.726 DBG Starting timer. sn=9 view=0
06:38:19.726 DBG func handleCommit commit Tn. tn=1
06:38:19.726 DBG func handleHtnmsg htn. htn=3 localhtn=3 prelocalhtn=3
06:38:19.727 DBG func handleCommit commit Tn. tn=3
06:38:19.727 DBG func handleHtnmsg htn. htn=3 localhtn=3 prelocalhtn=3
06:38:19.729 INF Committed entry. latency=0 nReq=1509 sn=1
06:38:19.729 INF Delivered batch. nReq=1509 sn=1
06:38:19.729 INF Delivered batch. nReq=895 sn=2
06:38:19.729 INF Delivered batch. nReq=1509 sn=3
06:38:19.729 INF Delivered batch. nReq=894 sn=4
06:38:19.730 DBG Starting timer. sn=7 view=0
06:38:19.730 DBG func handleHtnmsg htn. htn=1 localhtn=1 prelocalhtn=1
06:38:19.730 DBG Sending COMMIT. senderID=0 sn=5 view=0
06:38:19.731 DBG func sendCommit commit Tn. sn=5 tn=5
06:38:19.731 DBG Sending Htn. sn=5 view=0
06:38:19.731 DBG func handleCommit commit Tn. tn=5
06:38:19.731 DBG func handleHtnmsg htn. htn=5 localhtn=5 prelocalhtn=0
06:38:19.732 DBG func handleCommit commit Tn. tn=5
06:38:19.732 DBG func handleHtnmsg htn. htn=5 localhtn=5 prelocalhtn=5
06:38:19.733 DBG func handleCommit commit Tn. tn=5
06:38:19.733 DBG func handleHtnmsg htn. htn=5 localhtn=5 prelocalhtn=5
06:38:19.733 DBG func handleCommit commit Tn. tn=5
06:38:19.735 INF Committed entry. latency=0 nReq=1453 sn=5
06:38:19.736 INF Delivered batch. nReq=1453 sn=5
06:38:19.736 DBG Starting timer. sn=11 view=0
06:38:19.736 DBG func handleHtnmsg htn. htn=5 localhtn=5 prelocalhtn=5
06:38:19.744 DBG func handleCommit commit Tn. tn=1
06:38:19.744 DBG func handleHtnmsg htn. htn=1 localhtn=1 prelocalhtn=1
06:38:19.746 DBG func handleCommit commit Tn. tn=5
06:38:19.747 DBG func handleHtnmsg htn. htn=5 localhtn=5 prelocalhtn=5
06:38:48.945 DBG Batch ready. batchSize=4096
06:38:48.945 DBG Batch cut. left=0 nBuckets=16 nReq=66 next=0
06:38:48.946 DBG Waiting for batch. batchSize=4096
06:38:48.947 INF Sending PREPREPARE. nReq=66 senderID=0 sn=6 view=0
06:38:48.961 INF Handling PREPREPARE. nReq=66 senderID=5 sn=10
06:38:48.961 DBG Creating new Batch. nReq=66
06:38:48.969 INF Handling PREPREPARE. nReq=65 senderID=2 sn=8
06:38:48.969 DBG Creating new Batch. nReq=65
06:38:48.973 DBG Sending PREPARE. senderID=0 sn=10 view=0
06:38:48.973 DBG func sendPrepare prepare Tn. sn=10 tn=10
06:38:48.981 INF Handling PREPREPARE. nReq=112 senderID=1 sn=7
06:38:48.982 DBG Creating new Batch. nReq=112
06:38:48.986 INF Handling PREPREPARE. nReq=111 senderID=4 sn=9
06:38:48.986 DBG Creating new Batch. nReq=111
06:38:48.989 DBG Sending COMMIT. senderID=0 sn=6 view=0
06:38:48.989 DBG func sendCommit commit Tn. sn=6 tn=6
06:38:48.989 DBG Sending Htn. sn=6 view=0
06:38:48.991 DBG func handleCommit commit Tn. tn=6
06:38:48.992 DBG func handleHtnmsg htn. htn=6 localhtn=6 prelocalhtn=0
06:38:48.992 DBG Sending COMMIT. senderID=0 sn=10 view=0
06:38:48.992 DBG func sendCommit commit Tn. sn=10 tn=10
06:38:48.992 DBG Sending Htn. sn=10 view=0
06:38:48.993 DBG func handleCommit commit Tn. tn=10
06:38:48.993 INF Handling PREPREPARE. nReq=107 senderID=6 sn=11
06:38:48.993 DBG Creating new Batch. nReq=107
06:38:48.995 DBG Sending PREPARE. senderID=0 sn=8 view=0
06:38:48.995 DBG func sendPrepare prepare Tn. sn=8 tn=8
06:38:48.996 DBG func handleCommit commit Tn. tn=6
06:38:48.996 DBG func handleHtnmsg htn. htn=10 localhtn=10 prelocalhtn=4
06:38:48.996 DBG func handleCommit commit Tn. tn=6
06:38:48.997 DBG func handleHtnmsg htn. htn=6 localhtn=6 prelocalhtn=6
06:38:48.997 DBG func handleCommit commit Tn. tn=10
06:38:48.997 DBG func handleHtnmsg htn. htn=6 localhtn=6 prelocalhtn=6
06:38:48.997 DBG func handleHtnmsg htn. htn=10 localhtn=10 prelocalhtn=10
06:38:48.997 DBG func handleCommit commit Tn. tn=6
06:38:48.997 DBG func handleCommit commit Tn. tn=10
06:38:48.997 DBG func handleHtnmsg htn. htn=10 localhtn=10 prelocalhtn=10
06:38:48.997 INF Committed entry. latency=0 nReq=66 sn=6
06:38:48.998 INF Delivered batch. nReq=66 sn=6
06:38:48.998 DBG Starting timer. sn=12 view=0
06:38:48.998 DBG func handleCommit commit Tn. tn=6
06:38:48.998 DBG func handleCommit commit Tn. tn=10
06:38:48.998 DBG func handleHtnmsg htn. htn=6 localhtn=6 prelocalhtn=6
06:38:48.999 INF Committed entry. latency=0 nReq=66 sn=10
06:38:48.999 DBG Starting timer. sn=16 view=0
06:38:48.999 DBG func handleHtnmsg htn. htn=10 localhtn=10 prelocalhtn=10
06:38:49.000 DBG Sending COMMIT. senderID=0 sn=8 view=0
06:38:49.000 DBG func sendCommit commit Tn. sn=8 tn=8
06:38:49.000 DBG Sending Htn. sn=8 view=0
06:38:49.007 DBG func handleCommit commit Tn. tn=8
06:38:49.007 DBG func handleCommit commit Tn. tn=10
06:38:49.007 DBG func handleHtnmsg htn. htn=8 localhtn=8 prelocalhtn=2
06:38:49.007 DBG func handleHtnmsg htn. htn=10 localhtn=10 prelocalhtn=10
06:38:49.007 DBG func handleCommit commit Tn. tn=8
06:38:49.008 DBG func handleHtnmsg htn. htn=8 localhtn=8 prelocalhtn=8
06:38:49.008 DBG func handleCommit commit Tn. tn=8
06:38:49.008 DBG func handleHtnmsg htn. htn=8 localhtn=8 prelocalhtn=8
06:38:49.007 DBG func handleHtnmsg htn. htn=6 localhtn=6 prelocalhtn=6
06:38:49.010 DBG func handleCommit commit Tn. tn=8
06:38:49.011 INF Committed entry. latency=0 nReq=65 sn=8
06:38:49.011 DBG Starting timer. sn=14 view=0
06:38:49.011 DBG func handleHtnmsg htn. htn=8 localhtn=8 prelocalhtn=8
06:38:49.018 DBG func handleCommit commit Tn. tn=8
06:38:49.019 DBG func handleHtnmsg htn. htn=8 localhtn=8 prelocalhtn=8
06:38:49.022 DBG Sending PREPARE. senderID=0 sn=9 view=0
06:38:49.022 DBG func sendPrepare prepare Tn. sn=9 tn=9
06:38:49.023 DBG Sending PREPARE. senderID=0 sn=7 view=0
06:38:49.023 DBG Sending COMMIT. senderID=0 sn=9 view=0
06:38:49.023 DBG func sendPrepare prepare Tn. sn=7 tn=7
06:38:49.023 DBG func sendCommit commit Tn. sn=9 tn=9
06:38:49.023 DBG Sending Htn. sn=9 view=0
06:38:49.023 DBG Sending COMMIT. senderID=0 sn=7 view=0
06:38:49.023 DBG func handleCommit commit Tn. tn=9
06:38:49.023 DBG func sendCommit commit Tn. sn=7 tn=7
06:38:49.023 DBG func handleHtnmsg htn. htn=9 localhtn=9 prelocalhtn=3
06:38:49.024 DBG func handleCommit commit Tn. tn=9
06:38:49.024 DBG Sending Htn. sn=7 view=0
06:38:49.024 DBG func handleHtnmsg htn. htn=9 localhtn=9 prelocalhtn=9
06:38:49.024 DBG func handleCommit commit Tn. tn=9
06:38:49.024 DBG func handleCommit commit Tn. tn=7
06:38:49.024 DBG func handleHtnmsg htn. htn=9 localhtn=9 prelocalhtn=9
06:38:49.025 DBG func handleCommit commit Tn. tn=9
06:38:49.025 DBG func handleHtnmsg htn. htn=7 localhtn=7 prelocalhtn=1
06:38:49.024 DBG Sending PREPARE. senderID=0 sn=11 view=0
06:38:49.025 DBG func handleCommit commit Tn. tn=7
06:38:49.025 DBG func sendPrepare prepare Tn. sn=11 tn=11
06:38:49.025 DBG func handleHtnmsg htn. htn=7 localhtn=7 prelocalhtn=7
06:38:49.025 DBG func handleCommit commit Tn. tn=7
06:38:49.025 INF Committed entry. latency=0 nReq=111 sn=9
06:38:49.025 DBG func handleHtnmsg htn. htn=7 localhtn=7 prelocalhtn=7
06:38:49.025 DBG func handleCommit commit Tn. tn=7
06:38:49.025 DBG Starting timer. sn=15 view=0
06:38:49.026 DBG func handleHtnmsg htn. htn=9 localhtn=9 prelocalhtn=9
06:38:49.026 DBG func handleCommit commit Tn. tn=9
06:38:49.026 INF Committed entry. latency=0 nReq=112 sn=7
06:38:49.026 DBG func handleHtnmsg htn. htn=9 localhtn=9 prelocalhtn=9
06:38:49.026 INF Delivered batch. nReq=112 sn=7
06:38:49.026 INF Delivered batch. nReq=65 sn=8
06:38:49.026 INF Delivered batch. nReq=111 sn=9
06:38:49.027 INF Delivered batch. nReq=66 sn=10
06:38:49.027 DBG Starting timer. sn=13 view=0
06:38:49.027 DBG func handleHtnmsg htn. htn=7 localhtn=7 prelocalhtn=7
06:38:49.027 DBG func handleCommit commit Tn. tn=7
06:38:49.027 DBG func handleHtnmsg htn. htn=7 localhtn=7 prelocalhtn=7
06:38:49.034 DBG Sending COMMIT. senderID=0 sn=11 view=0
06:38:49.034 DBG func sendCommit commit Tn. sn=11 tn=11
06:38:49.034 DBG Sending Htn. sn=11 view=0
06:38:49.034 DBG func handleCommit commit Tn. tn=11
06:38:49.034 DBG func handleHtnmsg htn. htn=11 localhtn=11 prelocalhtn=5
06:38:49.035 DBG func handleCommit commit Tn. tn=11
06:38:49.036 DBG func handleHtnmsg htn. htn=11 localhtn=11 prelocalhtn=11
06:38:49.036 DBG func handleCommit commit Tn. tn=11
06:38:49.036 DBG func handleHtnmsg htn. htn=11 localhtn=11 prelocalhtn=11
06:38:49.037 DBG func handleCommit commit Tn. tn=11
06:38:49.037 INF Committed entry. latency=0 nReq=107 sn=11
06:38:49.037 INF Delivered batch. nReq=107 sn=11
06:38:49.037 DBG Starting timer. sn=17 view=0
06:38:49.038 DBG func handleHtnmsg htn. htn=11 localhtn=11 prelocalhtn=11
06:38:49.038 DBG func handleCommit commit Tn. tn=11
06:38:49.038 DBG func handleHtnmsg htn. htn=11 localhtn=11 prelocalhtn=11
06:38:50.010 INF Connection terminated. error="rpc error: code = Canceled desc = context canceled" address=127.0.0.1:57528
06:38:50.011 INF Finished sending bucket assignments to client. clId=0
06:38:50.387 INF Stopping profiler.
06:38:50.387 INF Stopping Tracer. events=146 fileName=experiment-output/0000/slave-006/peer.trc
==================
WARNING: DATA RACE
Read at 0x00c0009aa050 by goroutine 115:
  runtime.racereadrange()
      <autogenerated>:1 +0x1b
  github.com/hyperledger-labs/mirbft/tracing.(*BufferedTrace).StopOnSignal.func1()
      /opt/gopath/src/github.com/hyperledger-labs/mirbft/tracing/bufferedtrace.go:298 +0x4e

Previous write at 0x00c0009aa050 by goroutine 497:
  github.com/hyperledger-labs/mirbft/tracing.(*BufferedTrace).Event()
      /opt/gopath/src/github.com/hyperledger-labs/mirbft/tracing/bufferedtrace.go:105 +0x2d9
  github.com/hyperledger-labs/mirbft/manager.(*MirManager).handleLogEntries()
      /opt/gopath/src/github.com/hyperledger-labs/mirbft/manager/mirmanager.go:139 +0x1d8
  github.com/hyperledger-labs/mirbft/manager.(*MirManager).Start路dwrap路7()
      /opt/gopath/src/github.com/hyperledger-labs/mirbft/manager/mirmanager.go:101 +0x47

Goroutine 115 (running) created at:
  github.com/hyperledger-labs/mirbft/tracing.(*BufferedTrace).StopOnSignal()
      /opt/gopath/src/github.com/hyperledger-labs/mirbft/tracing/bufferedtrace.go:292 +0x172
  main.setUpTracing()
      /opt/gopath/src/github.com/hyperledger-labs/mirbft/cmd/orderingpeer/main.go:204 +0xf5
  main.main()
      /opt/gopath/src/github.com/hyperledger-labs/mirbft/cmd/orderingpeer/main.go:98 +0x9d6

Goroutine 497 (running) created at:
  github.com/hyperledger-labs/mirbft/manager.(*MirManager).Start()
      /opt/gopath/src/github.com/hyperledger-labs/mirbft/manager/mirmanager.go:101 +0x19e
  main.main路dwrap路4()
      /opt/gopath/src/github.com/hyperledger-labs/mirbft/cmd/orderingpeer/main.go:168 +0x59
==================
==================
WARNING: DATA RACE
Read at 0x00c0009ab6a8 by goroutine 115:
  runtime.racereadrange()
      <autogenerated>:1 +0x1b
  github.com/hyperledger-labs/mirbft/tracing.(*BufferedTrace).StopOnSignal.func1()
      /opt/gopath/src/github.com/hyperledger-labs/mirbft/tracing/bufferedtrace.go:298 +0x4e

Previous write at 0x00c0009ab6a8 by goroutine 114:
  github.com/hyperledger-labs/mirbft/tracing.(*BufferedTrace).Event()
      /opt/gopath/src/github.com/hyperledger-labs/mirbft/tracing/bufferedtrace.go:105 +0x2d9
  github.com/hyperledger-labs/mirbft/profiling.StartCPUTracing.func1()
      /opt/gopath/src/github.com/hyperledger-labs/mirbft/profiling/cpuusage.go:31 +0x95

Goroutine 115 (running) created at:
  github.com/hyperledger-labs/mirbft/tracing.(*BufferedTrace).StopOnSignal()
      /opt/gopath/src/github.com/hyperledger-labs/mirbft/tracing/bufferedtrace.go:292 +0x172
  main.setUpTracing()
      /opt/gopath/src/github.com/hyperledger-labs/mirbft/cmd/orderingpeer/main.go:204 +0xf5
  main.main()
      /opt/gopath/src/github.com/hyperledger-labs/mirbft/cmd/orderingpeer/main.go:98 +0x9d6

Goroutine 114 (running) created at:
  github.com/hyperledger-labs/mirbft/profiling.StartCPUTracing()
      /opt/gopath/src/github.com/hyperledger-labs/mirbft/profiling/cpuusage.go:28 +0xb6
  main.setUpTracing()
      /opt/gopath/src/github.com/hyperledger-labs/mirbft/cmd/orderingpeer/main.go:196 +0x85
  main.main()
      /opt/gopath/src/github.com/hyperledger-labs/mirbft/cmd/orderingpeer/main.go:98 +0x9d6
==================
06:38:50.390 INF Trace data written.
06:38:50.450 INF Profile data written. filename=experiment-output/0000/slave-006/prof.block name=block
06:38:50.479 INF Profile data written. filename=experiment-output/0000/slave-006/prof.mutex name=mutex
06:38:50.536 INF Connection terminated. error="rpc error: code = Canceled desc = context canceled" address=127.0.0.1:57354
06:38:50.536 INF Connection terminated. error="rpc error: code = Canceled desc = context canceled" address=127.0.0.1:57160
06:38:50.537 INF Connection terminated. error="rpc error: code = Canceled desc = context canceled" address=127.0.0.1:57156
06:38:50.537 INF Connection terminated. error="rpc error: code = Canceled desc = context canceled" address=127.0.0.1:57192
06:38:50.661 INF Profile data written. filename=experiment-output/0000/slave-006/prof.cpu name=cpu
