12:50PM INF Received own slave ID. ownSlaveId=5
12:50PM INF OK status=0
12:50PM INF Received command. cmdId=3
12:50PM INF Received an ExecStart command args="[-p experiment-output/0000/slave-__id__/config]" cmd=mkdir outFile=/dev/null
12:50PM INF OK status=0
12:50PM INF Received command. cmdId=4
12:50PM INF Received command. cmdType=ExecWait
12:50PM INF OK status=0
12:50PM INF Received command. cmdId=5
12:50PM INF Received an ExecStart command args="[config/config-0000.yml experiment-output/0000/slave-__id__/config/config.yml]" cmd=cp outFile=/dev/null
12:50PM INF OK status=0
12:50PM INF Received command. cmdId=6
12:50PM INF Received command. cmdType=ExecWait
12:50PM INF OK status=0
12:50PM INF Received command. cmdId=9
12:50PM INF Received command. cmdType=Noop
12:50PM INF Noop. Doing nothing. status=0
12:50PM INF Received command. cmdId=12
12:50PM INF Received an ExecStart command args="[experiment-output/0000/slave-__id__/config/config.yml 127.0.0.1:9999 127.0.0.1 127.0.0.1 experiment-output/0000/slave-__id__/peer.trc experiment-output/0000/slave-__id__/prof]" cmd=orderingpeer outFile=experiment-output/0000/slave-__id__/peer.log
12:50PM INF OK status=0
