{"level":"debug","Logging":"debug","time":"2022-08-10T11:33:14+08:00","message":"Config"}
{"level":"debug","UseTLS":false,"time":"2022-08-10T11:33:14+08:00","message":"Config"}
{"level":"debug","CACertFile":"tls-data/ca.pem","time":"2022-08-10T11:33:14+08:00","message":"Config"}
{"level":"debug","KeyFile":"tls-data/auth.key","time":"2022-08-10T11:33:14+08:00","message":"Config"}
{"level":"debug","CertFile":"tls-data/auth.pem","time":"2022-08-10T11:33:14+08:00","message":"Config"}
{"level":"debug","PriorityConnections":2,"time":"2022-08-10T11:33:14+08:00","message":"Config"}
{"level":"debug","BasicConnections":4,"time":"2022-08-10T11:33:14+08:00","message":"Config"}
{"level":"debug","TestConnections":false,"time":"2022-08-10T11:33:14+08:00","message":"Config"}
{"level":"debug","ExcessConnections":1,"time":"2022-08-10T11:33:14+08:00","message":"Config"}
{"level":"debug","ConnectionTestMsgs":4,"time":"2022-08-10T11:33:14+08:00","message":"Config"}
{"level":"debug","ConnectionTestPayload":131072,"time":"2022-08-10T11:33:14+08:00","message":"Config"}
{"level":"debug","OutMessageBufsize":1024,"time":"2022-08-10T11:33:14+08:00","message":"Config"}
{"level":"debug","OutMessageBufsize":1,"time":"2022-08-10T11:33:14+08:00","message":"Config"}
{"level":"debug","ThroughputCap":131072000,"time":"2022-08-10T11:33:14+08:00","message":"Config"}
{"level":"debug","StragglerTolerance":1000,"time":"2022-08-10T11:33:14+08:00","message":"Config"}
{"level":"debug","BatchSizeIncrement":256,"time":"2022-08-10T11:33:14+08:00","message":"Config"}
{"level":"debug","Orderer":"Pbft","time":"2022-08-10T11:33:14+08:00","message":"Config"}
{"level":"debug","Manager":"Mir","time":"2022-08-10T11:33:14+08:00","message":"Config"}
{"level":"debug","Failures":0,"time":"2022-08-10T11:33:14+08:00","message":"Config"}
{"level":"debug","CrashTiming":"Straggler","time":"2022-08-10T11:33:14+08:00","message":"Config"}
{"level":"debug","CheckpointInterval":256,"time":"2022-08-10T11:33:14+08:00","message":"Config"}
{"level":"debug","WatermarkWindowSize":256,"time":"2022-08-10T11:33:14+08:00","message":"Config"}
{"level":"debug","EpochLength":256,"time":"2022-08-10T11:33:14+08:00","message":"Config"}
{"level":"debug","SegmentLength":256,"time":"2022-08-10T11:33:14+08:00","message":"Config"}
{"level":"debug","WaitForCheckpoints":true,"time":"2022-08-10T11:33:14+08:00","message":"Config"}
{"level":"debug","ClientWatermarkWindowSize":4194304,"time":"2022-08-10T11:33:14+08:00","message":"Config"}
{"level":"debug","ClientRequestBacklogSize":4194304,"time":"2022-08-10T11:33:14+08:00","message":"Config"}
{"level":"debug","RandomSeed":18921,"time":"2022-08-10T11:33:14+08:00","message":"Config"}
{"level":"debug","NodeToLeaderRatio":1,"time":"2022-08-10T11:33:14+08:00","message":"Config"}
{"level":"debug","LeaderPolicy":"Single","time":"2022-08-10T11:33:14+08:00","message":"Config"}
{"level":"debug","DefaultLeaderBan":2,"time":"2022-08-10T11:33:14+08:00","message":"Config"}
{"level":"debug","NumBuckets":16,"time":"2022-08-10T11:33:14+08:00","message":"Config"}
{"level":"debug","BatchSize":1000,"time":"2022-08-10T11:33:14+08:00","message":"Config"}
{"level":"debug","DisabledViewChange":false,"time":"2022-08-10T11:33:14+08:00","message":"Config"}
{"level":"debug","ViewChangeTimeout":60000,"time":"2022-08-10T11:33:14+08:00","message":"Config"}
{"level":"debug","ClientTraceSampling":10,"time":"2022-08-10T11:33:14+08:00","message":"Config"}
{"level":"debug","EventBufferSize":2097152,"time":"2022-08-10T11:33:14+08:00","message":"Config"}
{"level":"debug","TraceSampling":1,"time":"2022-08-10T11:33:14+08:00","message":"Config"}
{"level":"debug","ClientsPerProcess":1,"time":"2022-08-10T11:33:14+08:00","message":"Config"}
{"level":"debug","RequestsPerClient":7680,"time":"2022-08-10T11:33:14+08:00","message":"Config"}
{"level":"debug","ClientRunTime":30000,"time":"2022-08-10T11:33:14+08:00","message":"Config"}
{"level":"debug","RequestRate":128,"time":"2022-08-10T11:33:14+08:00","message":"Config"}
{"level":"debug","HardRequestRateLimit":false,"time":"2022-08-10T11:33:14+08:00","message":"Config"}
{"level":"debug","RequestPayloadSize":500,"time":"2022-08-10T11:33:14+08:00","message":"Config"}
{"level":"debug","SignRequests":true,"time":"2022-08-10T11:33:14+08:00","message":"Config"}
{"level":"debug","ClientPrivKeyFile":"tls-data/client-ecdsa-256.key","time":"2022-08-10T11:33:14+08:00","message":"Config"}
{"level":"debug","ClientPubKeyFile":"tls-data/client-ecdsa-256.pem","time":"2022-08-10T11:33:14+08:00","message":"Config"}
{"level":"debug","PrecomputeRequests":false,"time":"2022-08-10T11:33:14+08:00","message":"Config"}
{"level":"debug","RequestHandlerThreads":32,"time":"2022-08-10T11:33:14+08:00","message":"Config"}
{"level":"debug","RequestInputChannelBuffer":8192,"time":"2022-08-10T11:33:14+08:00","message":"Config"}
{"level":"debug","BatchVerifier":"external","time":"2022-08-10T11:33:14+08:00","message":"Config"}
03:33:15.011 INF Registered with discovery server. numPeers=4 ownID=3
03:33:15.011 INF Profiling enabled.
03:33:15.012 INF Setting up profiling.
03:33:15.012 INF Started Profiler: CPU
03:33:15.012 INF Started Profiler: BLOCK
03:33:15.012 INF Started Profiler: MUTEX
03:33:15.012 INF Profiler will stop on signal. exit=true
03:33:15.013 INF Tracing will stop on signal. exit=false
03:33:15.014 INF Started tracing. traceFile=experiment-output/0002/slave-003/peer.trc
03:33:15.015 DBG Starting backlog.
03:33:15.015 INF Listening for connections. port=10033 useTLS=false
03:33:15.015 INF Connecting to peer. addr=127.0.0.1:10033 basicConns=4 priorityConns=2
03:33:15.015 INF Connecting to peer. addr=127.0.0.1:10000 basicConns=4 priorityConns=2
03:33:15.016 INF Connecting to peer. addr=127.0.0.1:10011 basicConns=4 priorityConns=2
03:33:15.016 INF Connecting to peer. addr=127.0.0.1:10022 basicConns=4 priorityConns=2
03:33:15.043 INF Incoming connection for protocol messages. addr=127.0.0.1:57894
03:33:15.043 INF Incoming connection for protocol messages. addr=127.0.0.1:57896
03:33:15.044 INF Incoming connection for protocol messages. addr=127.0.0.1:57914
03:33:15.048 INF Incoming connection for protocol messages. addr=127.0.0.1:57934
03:33:15.050 INF Incoming connection for protocol messages. addr=127.0.0.1:57980
03:33:15.052 INF Incoming connection for protocol messages. addr=127.0.0.1:57900
03:33:15.053 INF Incoming connection for protocol messages. addr=127.0.0.1:57884
03:33:15.054 INF Incoming connection for protocol messages. addr=127.0.0.1:57890
03:33:15.055 INF Incoming connection for protocol messages. addr=127.0.0.1:57986
03:33:15.055 INF Incoming connection for protocol messages. addr=127.0.0.1:57926
03:33:15.058 INF Incoming connection for protocol messages. addr=127.0.0.1:57988
03:33:15.058 INF Incoming connection for protocol messages. addr=127.0.0.1:57960
03:33:15.059 INF Incoming connection for protocol messages. addr=127.0.0.1:58010
03:33:15.060 INF Incoming connection for protocol messages. addr=127.0.0.1:58032
03:33:15.060 INF Incoming connection for protocol messages. addr=127.0.0.1:58040
03:33:15.060 INF Incoming connection for protocol messages. addr=127.0.0.1:58020
03:33:15.061 INF Incoming connection for protocol messages. addr=127.0.0.1:57956
03:33:15.061 INF Incoming connection for protocol messages. addr=127.0.0.1:58026
03:33:15.061 INF Incoming connection for protocol messages. addr=127.0.0.1:58050
03:33:15.062 INF Incoming connection for protocol messages. addr=127.0.0.1:58052
03:33:15.062 INF Incoming connection for protocol messages. addr=127.0.0.1:58060
03:33:15.062 DBG Connected. peerID=1
03:33:15.063 DBG Connected. peerID=2
03:33:15.063 DBG Connected. peerID=3
03:33:15.063 INF Incoming connection for protocol messages. addr=127.0.0.1:58056
03:33:15.063 DBG Connected. peerID=0
03:33:15.063 INF Connected to all peers.
03:33:15.064 INF Incoming connection for protocol messages. addr=127.0.0.1:58068
03:33:15.064 INF Incoming connection for protocol messages. addr=127.0.0.1:58072
03:33:15.070 INF All peers finished connecting. Starting ISS.
03:33:15.071 DBG Buckets for 0-th leader 0: [0 4 8 12 1 5 9 13 2 6 10 14 3 7 11 15]
03:33:15.072 INF PbftOrderer received a new segment: [0 1 2 3 4 5 6 7 8 9 10 11 12 13 14 15 16 17 18 19 20 21 22 23 24 25 26 27 28 29 30 31 32 33 34 35 36 37 38 39 40 41 42 43 44 45 46 47 48 49 50 51 52 53 54 55 56 57 58 59 60 61 62 63 64 65 66 67 68 69 70 71 72 73 74 75 76 77 78 79 80 81 82 83 84 85 86 87 88 89 90 91 92 93 94 95 96 97 98 99 100 101 102 103 104 105 106 107 108 109 110 111 112 113 114 115 116 117 118 119 120 121 122 123 124 125 126 127 128 129 130 131 132 133 134 135 136 137 138 139 140 141 142 143 144 145 146 147 148 149 150 151 152 153 154 155 156 157 158 159 160 161 162 163 164 165 166 167 168 169 170 171 172 173 174 175 176 177 178 179 180 181 182 183 184 185 186 187 188 189 190 191 192 193 194 195 196 197 198 199 200 201 202 203 204 205 206 207 208 209 210 211 212 213 214 215 216 217 218 219 220 221 222 223 224 225 226 227 228 229 230 231 232 233 234 235 236 237 238 239 240 241 242 243 244 245 246 247 248 249 250 251 252 253 254 255] first leader=0 firstSN=0 lastSN=255 len=256 length=256 segId=0
03:33:15.072 INF Starting new view. segID=0 timeout=60000 view=0
03:33:15.072 DBG Starting timer. sn=0 view=0
03:33:15.073 INF Starting PBFT instance. first=0 last=255 segID=0
03:33:15.073 DBG Subscribing to backlog. segID=0
03:33:15.073 INF Starting serialized message processing. segID=0
03:33:16.080 INF Handling PREPREPARE. nReq=0 senderID=0 sn=0
03:33:16.081 DBG Creating new Batch. nReq=0
03:33:16.081 DBG Sending PREPARE. senderID=3 sn=0 view=0
03:33:16.082 DBG Sending COMMIT. senderID=3 sn=0 view=0
03:33:16.084 INF Committed entry. latency=0 nReq=0 sn=0
03:33:16.084 INF Delivered batch. nReq=0 sn=0
03:33:16.084 DBG Starting timer. sn=1 view=0
03:33:17.077 INF Handling PREPREPARE. nReq=0 senderID=0 sn=1
03:33:17.077 DBG Creating new Batch. nReq=0
03:33:17.078 DBG Sending PREPARE. senderID=3 sn=1 view=0
03:33:17.079 DBG Sending COMMIT. senderID=3 sn=1 view=0
03:33:17.081 INF Committed entry. latency=0 nReq=0 sn=1
03:33:17.081 INF Delivered batch. nReq=0 sn=1
03:33:17.081 DBG Starting timer. sn=2 view=0
03:33:17.106 INF Incoming connection for requests. addr=127.0.0.1:58086
03:33:18.094 INF Handling PREPREPARE. nReq=122 senderID=0 sn=2
03:33:18.094 DBG Creating new Batch. nReq=122
03:33:18.116 DBG Sending PREPARE. senderID=3 sn=2 view=0
03:33:18.117 DBG Sending COMMIT. senderID=3 sn=2 view=0
03:33:18.119 INF Committed entry. latency=0 nReq=122 sn=2
03:33:18.119 INF Delivered batch. nReq=122 sn=2
03:33:18.119 DBG Starting timer. sn=3 view=0
03:33:19.094 INF Handling PREPREPARE. nReq=129 senderID=0 sn=3
03:33:19.094 DBG Creating new Batch. nReq=129
03:33:19.106 DBG Sending PREPARE. senderID=3 sn=3 view=0
03:33:19.108 DBG Sending COMMIT. senderID=3 sn=3 view=0
03:33:19.109 INF Committed entry. latency=0 nReq=129 sn=3
03:33:19.110 INF Delivered batch. nReq=129 sn=3
03:33:19.110 DBG Starting timer. sn=4 view=0
03:33:20.096 INF Handling PREPREPARE. nReq=128 senderID=0 sn=4
03:33:20.096 DBG Creating new Batch. nReq=128
03:33:20.108 DBG Sending PREPARE. senderID=3 sn=4 view=0
03:33:20.109 DBG Sending COMMIT. senderID=3 sn=4 view=0
03:33:20.111 INF Committed entry. latency=0 nReq=128 sn=4
03:33:20.111 INF Delivered batch. nReq=128 sn=4
03:33:20.111 DBG Starting timer. sn=5 view=0
03:33:21.097 INF Handling PREPREPARE. nReq=128 senderID=0 sn=5
03:33:21.097 DBG Creating new Batch. nReq=128
03:33:21.109 DBG Sending PREPARE. senderID=3 sn=5 view=0
03:33:21.111 DBG Sending COMMIT. senderID=3 sn=5 view=0
03:33:21.112 INF Committed entry. latency=0 nReq=128 sn=5
03:33:21.112 INF Delivered batch. nReq=128 sn=5
03:33:21.112 DBG Starting timer. sn=6 view=0
03:33:22.100 INF Handling PREPREPARE. nReq=128 senderID=0 sn=6
03:33:22.100 DBG Creating new Batch. nReq=128
03:33:22.112 DBG Sending PREPARE. senderID=3 sn=6 view=0
03:33:22.113 DBG Sending COMMIT. senderID=3 sn=6 view=0
03:33:22.115 INF Committed entry. latency=0 nReq=128 sn=6
03:33:22.116 INF Delivered batch. nReq=128 sn=6
03:33:22.116 DBG Starting timer. sn=7 view=0
03:33:23.102 INF Handling PREPREPARE. nReq=129 senderID=0 sn=7
03:33:23.102 DBG Creating new Batch. nReq=129
03:33:23.114 DBG Sending PREPARE. senderID=3 sn=7 view=0
03:33:23.114 DBG Sending COMMIT. senderID=3 sn=7 view=0
03:33:23.116 INF Committed entry. latency=0 nReq=129 sn=7
03:33:23.116 INF Delivered batch. nReq=129 sn=7
03:33:23.116 DBG Starting timer. sn=8 view=0
03:33:24.103 INF Handling PREPREPARE. nReq=128 senderID=0 sn=8
03:33:24.103 DBG Creating new Batch. nReq=128
03:33:24.114 DBG Sending PREPARE. senderID=3 sn=8 view=0
03:33:24.116 DBG Sending COMMIT. senderID=3 sn=8 view=0
03:33:24.118 INF Committed entry. latency=0 nReq=128 sn=8
03:33:24.118 INF Delivered batch. nReq=128 sn=8
03:33:24.118 DBG Starting timer. sn=9 view=0
03:33:25.104 INF Handling PREPREPARE. nReq=128 senderID=0 sn=9
03:33:25.104 DBG Creating new Batch. nReq=128
03:33:25.116 DBG Sending PREPARE. senderID=3 sn=9 view=0
03:33:25.116 DBG Sending COMMIT. senderID=3 sn=9 view=0
03:33:25.119 INF Committed entry. latency=0 nReq=128 sn=9
03:33:25.119 INF Delivered batch. nReq=128 sn=9
03:33:25.120 DBG Starting timer. sn=10 view=0
03:33:26.107 INF Handling PREPREPARE. nReq=128 senderID=0 sn=10
03:33:26.107 DBG Creating new Batch. nReq=128
03:33:26.119 DBG Sending PREPARE. senderID=3 sn=10 view=0
03:33:26.119 DBG Sending COMMIT. senderID=3 sn=10 view=0
03:33:26.122 INF Committed entry. latency=0 nReq=128 sn=10
03:33:26.122 INF Delivered batch. nReq=128 sn=10
03:33:26.122 DBG Starting timer. sn=11 view=0
03:33:27.109 INF Handling PREPREPARE. nReq=129 senderID=0 sn=11
03:33:27.109 DBG Creating new Batch. nReq=129
03:33:27.121 DBG Sending PREPARE. senderID=3 sn=11 view=0
03:33:27.121 DBG Sending COMMIT. senderID=3 sn=11 view=0
03:33:27.123 INF Committed entry. latency=0 nReq=129 sn=11
03:33:27.124 INF Delivered batch. nReq=129 sn=11
03:33:27.124 DBG Starting timer. sn=12 view=0
03:33:28.110 INF Handling PREPREPARE. nReq=128 senderID=0 sn=12
03:33:28.111 DBG Creating new Batch. nReq=128
03:33:28.123 DBG Sending PREPARE. senderID=3 sn=12 view=0
03:33:28.123 DBG Sending COMMIT. senderID=3 sn=12 view=0
03:33:28.126 INF Committed entry. latency=0 nReq=128 sn=12
03:33:28.126 INF Delivered batch. nReq=128 sn=12
03:33:28.126 DBG Starting timer. sn=13 view=0
03:33:29.110 INF Handling PREPREPARE. nReq=128 senderID=0 sn=13
03:33:29.111 DBG Creating new Batch. nReq=128
03:33:29.123 DBG Sending PREPARE. senderID=3 sn=13 view=0
03:33:29.124 DBG Sending COMMIT. senderID=3 sn=13 view=0
03:33:29.126 INF Committed entry. latency=0 nReq=128 sn=13
03:33:29.126 INF Delivered batch. nReq=128 sn=13
03:33:29.126 DBG Starting timer. sn=14 view=0
03:33:30.114 INF Handling PREPREPARE. nReq=128 senderID=0 sn=14
03:33:30.114 DBG Creating new Batch. nReq=128
03:33:30.125 DBG Sending PREPARE. senderID=3 sn=14 view=0
03:33:30.126 DBG Sending COMMIT. senderID=3 sn=14 view=0
03:33:30.127 INF Committed entry. latency=0 nReq=128 sn=14
03:33:30.128 INF Delivered batch. nReq=128 sn=14
03:33:30.128 DBG Starting timer. sn=15 view=0
03:33:31.115 INF Handling PREPREPARE. nReq=128 senderID=0 sn=15
03:33:31.115 DBG Creating new Batch. nReq=128
03:33:31.127 DBG Sending PREPARE. senderID=3 sn=15 view=0
03:33:31.130 DBG Sending COMMIT. senderID=3 sn=15 view=0
03:33:31.131 INF Committed entry. latency=0 nReq=128 sn=15
03:33:31.132 INF Delivered batch. nReq=128 sn=15
03:33:31.132 DBG Starting timer. sn=16 view=0
03:33:32.117 INF Handling PREPREPARE. nReq=129 senderID=0 sn=16
03:33:32.117 DBG Creating new Batch. nReq=129
03:33:32.129 DBG Sending PREPARE. senderID=3 sn=16 view=0
03:33:32.130 DBG Sending COMMIT. senderID=3 sn=16 view=0
03:33:32.132 INF Committed entry. latency=0 nReq=129 sn=16
03:33:32.132 INF Delivered batch. nReq=129 sn=16
03:33:32.132 DBG Starting timer. sn=17 view=0
03:33:33.117 INF Handling PREPREPARE. nReq=128 senderID=0 sn=17
03:33:33.118 DBG Creating new Batch. nReq=128
03:33:33.130 DBG Sending PREPARE. senderID=3 sn=17 view=0
03:33:33.130 DBG Sending COMMIT. senderID=3 sn=17 view=0
03:33:33.133 INF Committed entry. latency=0 nReq=128 sn=17
03:33:33.133 INF Delivered batch. nReq=128 sn=17
03:33:33.133 DBG Starting timer. sn=18 view=0
03:33:34.120 INF Handling PREPREPARE. nReq=128 senderID=0 sn=18
03:33:34.121 DBG Creating new Batch. nReq=128
03:33:34.132 DBG Sending PREPARE. senderID=3 sn=18 view=0
03:33:34.134 DBG Sending COMMIT. senderID=3 sn=18 view=0
03:33:34.135 INF Committed entry. latency=0 nReq=128 sn=18
03:33:34.135 INF Delivered batch. nReq=128 sn=18
03:33:34.136 DBG Starting timer. sn=19 view=0
03:33:35.122 INF Handling PREPREPARE. nReq=128 senderID=0 sn=19
03:33:35.122 DBG Creating new Batch. nReq=128
03:33:35.134 DBG Sending PREPARE. senderID=3 sn=19 view=0
03:33:35.134 DBG Sending COMMIT. senderID=3 sn=19 view=0
03:33:35.137 INF Committed entry. latency=0 nReq=128 sn=19
03:33:35.137 INF Delivered batch. nReq=128 sn=19
03:33:35.137 DBG Starting timer. sn=20 view=0
03:33:36.122 INF Handling PREPREPARE. nReq=129 senderID=0 sn=20
03:33:36.122 DBG Creating new Batch. nReq=129
03:33:36.135 DBG Sending PREPARE. senderID=3 sn=20 view=0
03:33:36.136 DBG Sending COMMIT. senderID=3 sn=20 view=0
03:33:36.138 INF Committed entry. latency=0 nReq=129 sn=20
03:33:36.138 INF Delivered batch. nReq=129 sn=20
03:33:36.138 DBG Starting timer. sn=21 view=0
03:33:37.124 INF Handling PREPREPARE. nReq=128 senderID=0 sn=21
03:33:37.124 DBG Creating new Batch. nReq=128
03:33:37.136 DBG Sending PREPARE. senderID=3 sn=21 view=0
03:33:37.138 DBG Sending COMMIT. senderID=3 sn=21 view=0
03:33:37.139 INF Committed entry. latency=0 nReq=128 sn=21
03:33:37.140 INF Delivered batch. nReq=128 sn=21
03:33:37.140 DBG Starting timer. sn=22 view=0
03:33:38.126 INF Handling PREPREPARE. nReq=128 senderID=0 sn=22
03:33:38.126 DBG Creating new Batch. nReq=128
03:33:38.138 DBG Sending PREPARE. senderID=3 sn=22 view=0
03:33:38.138 DBG Sending COMMIT. senderID=3 sn=22 view=0
03:33:38.141 INF Committed entry. latency=0 nReq=128 sn=22
03:33:38.141 INF Delivered batch. nReq=128 sn=22
03:33:38.141 DBG Starting timer. sn=23 view=0
03:33:39.129 INF Handling PREPREPARE. nReq=128 senderID=0 sn=23
03:33:39.130 DBG Creating new Batch. nReq=128
03:33:39.142 DBG Sending PREPARE. senderID=3 sn=23 view=0
03:33:39.143 DBG Sending COMMIT. senderID=3 sn=23 view=0
03:33:39.145 INF Committed entry. latency=0 nReq=128 sn=23
03:33:39.145 INF Delivered batch. nReq=128 sn=23
03:33:39.145 DBG Starting timer. sn=24 view=0
03:33:40.130 INF Handling PREPREPARE. nReq=129 senderID=0 sn=24
03:33:40.130 DBG Creating new Batch. nReq=129
03:33:40.144 DBG Sending PREPARE. senderID=3 sn=24 view=0
03:33:40.144 DBG Sending COMMIT. senderID=3 sn=24 view=0
03:33:40.147 INF Committed entry. latency=0 nReq=129 sn=24
03:33:40.147 INF Delivered batch. nReq=129 sn=24
03:33:40.147 DBG Starting timer. sn=25 view=0
03:33:41.133 INF Handling PREPREPARE. nReq=128 senderID=0 sn=25
03:33:41.133 DBG Creating new Batch. nReq=128
03:33:41.145 DBG Sending PREPARE. senderID=3 sn=25 view=0
03:33:41.145 DBG Sending COMMIT. senderID=3 sn=25 view=0
03:33:41.148 INF Committed entry. latency=0 nReq=128 sn=25
03:33:41.148 INF Delivered batch. nReq=128 sn=25
03:33:41.148 DBG Starting timer. sn=26 view=0
03:33:42.135 INF Handling PREPREPARE. nReq=128 senderID=0 sn=26
03:33:42.135 DBG Creating new Batch. nReq=128
03:33:42.147 DBG Sending PREPARE. senderID=3 sn=26 view=0
03:33:42.148 DBG Sending COMMIT. senderID=3 sn=26 view=0
03:33:42.149 INF Committed entry. latency=0 nReq=128 sn=26
03:33:42.150 INF Delivered batch. nReq=128 sn=26
03:33:42.150 DBG Starting timer. sn=27 view=0
03:33:43.136 INF Handling PREPREPARE. nReq=128 senderID=0 sn=27
03:33:43.136 DBG Creating new Batch. nReq=128
03:33:43.149 DBG Sending PREPARE. senderID=3 sn=27 view=0
03:33:43.150 DBG Sending COMMIT. senderID=3 sn=27 view=0
03:33:43.152 INF Committed entry. latency=0 nReq=128 sn=27
03:33:43.152 INF Delivered batch. nReq=128 sn=27
03:33:43.152 DBG Starting timer. sn=28 view=0
03:33:44.140 INF Handling PREPREPARE. nReq=128 senderID=0 sn=28
03:33:44.140 DBG Creating new Batch. nReq=128
03:33:44.154 DBG Sending PREPARE. senderID=3 sn=28 view=0
03:33:44.155 DBG Sending COMMIT. senderID=3 sn=28 view=0
03:33:44.156 INF Committed entry. latency=0 nReq=128 sn=28
03:33:44.156 INF Delivered batch. nReq=128 sn=28
03:33:44.157 DBG Starting timer. sn=29 view=0
03:33:45.139 INF Handling PREPREPARE. nReq=129 senderID=0 sn=29
03:33:45.139 DBG Creating new Batch. nReq=129
03:33:45.151 DBG Sending PREPARE. senderID=3 sn=29 view=0
03:33:45.153 DBG Sending COMMIT. senderID=3 sn=29 view=0
03:33:45.155 INF Committed entry. latency=0 nReq=129 sn=29
03:33:45.155 INF Delivered batch. nReq=129 sn=29
03:33:45.155 DBG Starting timer. sn=30 view=0
03:33:46.142 INF Handling PREPREPARE. nReq=128 senderID=0 sn=30
03:33:46.142 DBG Creating new Batch. nReq=128
03:33:46.153 DBG Sending PREPARE. senderID=3 sn=30 view=0
03:33:46.154 DBG Sending COMMIT. senderID=3 sn=30 view=0
03:33:46.157 INF Committed entry. latency=0 nReq=128 sn=30
03:33:46.157 INF Delivered batch. nReq=128 sn=30
03:33:46.157 DBG Starting timer. sn=31 view=0
03:33:47.142 INF Handling PREPREPARE. nReq=128 senderID=0 sn=31
03:33:47.142 DBG Creating new Batch. nReq=128
03:33:47.153 DBG Sending PREPARE. senderID=3 sn=31 view=0
03:33:47.154 DBG Sending COMMIT. senderID=3 sn=31 view=0
03:33:47.156 INF Committed entry. latency=0 nReq=128 sn=31
03:33:47.156 INF Delivered batch. nReq=128 sn=31
03:33:47.156 DBG Starting timer. sn=32 view=0
03:33:48.130 INF Handling PREPREPARE. nReq=1 senderID=0 sn=32
03:33:48.130 DBG Creating new Batch. nReq=1
03:33:48.131 DBG Sending PREPARE. senderID=3 sn=32 view=0
03:33:48.132 DBG Sending COMMIT. senderID=3 sn=32 view=0
03:33:48.133 INF Committed entry. latency=0 nReq=1 sn=32
03:33:48.133 INF Delivered batch. nReq=1 sn=32
03:33:48.133 DBG Starting timer. sn=33 view=0
03:33:49.132 INF Handling PREPREPARE. nReq=0 senderID=0 sn=33
03:33:49.132 DBG Creating new Batch. nReq=0
03:33:49.132 DBG Sending PREPARE. senderID=3 sn=33 view=0
03:33:49.133 DBG Sending COMMIT. senderID=3 sn=33 view=0
03:33:49.133 INF Connection terminated. error="rpc error: code = Canceled desc = context canceled" address=127.0.0.1:58086
03:33:49.134 INF Finished sending bucket assignments to client. clId=0
03:33:49.134 INF Committed entry. latency=0 nReq=0 sn=33
03:33:49.134 INF Delivered batch. nReq=0 sn=33
03:33:49.135 DBG Starting timer. sn=34 view=0
03:33:49.487 INF Stopping profiler.
03:33:49.487 INF Stopping Tracer. events=106 fileName=experiment-output/0002/slave-003/peer.trc
==================
WARNING: DATA RACE
Read at 0x00c000a42000 by goroutine 115:
  runtime.racereadrange()
      <autogenerated>:1 +0x1b
  github.com/hyperledger-labs/mirbft/tracing.(*BufferedTrace).StopOnSignal.func1()
      /opt/gopath/src/github.com/hyperledger-labs/mirbft/tracing/bufferedtrace.go:298 +0x4e

Previous write at 0x00c000a42000 by goroutine 409:
  github.com/hyperledger-labs/mirbft/tracing.(*BufferedTrace).Event()
      /opt/gopath/src/github.com/hyperledger-labs/mirbft/tracing/bufferedtrace.go:105 +0x2d9
  github.com/hyperledger-labs/mirbft/manager.(*MirManager).handleLogEntries()
      /opt/gopath/src/github.com/hyperledger-labs/mirbft/manager/mirmanager.go:139 +0x1d8
  github.com/hyperledger-labs/mirbft/manager.(*MirManager).Start路dwrap路7()
      /opt/gopath/src/github.com/hyperledger-labs/mirbft/manager/mirmanager.go:101 +0x47

Goroutine 115 (running) created at:
  github.com/hyperledger-labs/mirbft/tracing.(*BufferedTrace).StopOnSignal()
      /opt/gopath/src/github.com/hyperledger-labs/mirbft/tracing/bufferedtrace.go:292 +0x172
  main.setUpTracing()
      /opt/gopath/src/github.com/hyperledger-labs/mirbft/cmd/orderingpeer/main.go:204 +0xf5
  main.main()
      /opt/gopath/src/github.com/hyperledger-labs/mirbft/cmd/orderingpeer/main.go:98 +0x9d6

Goroutine 409 (running) created at:
  github.com/hyperledger-labs/mirbft/manager.(*MirManager).Start()
      /opt/gopath/src/github.com/hyperledger-labs/mirbft/manager/mirmanager.go:101 +0x19e
  main.main路dwrap路4()
      /opt/gopath/src/github.com/hyperledger-labs/mirbft/cmd/orderingpeer/main.go:168 +0x59
==================
==================
WARNING: DATA RACE
Read at 0x00c000a43068 by goroutine 115:
  runtime.racereadrange()
      <autogenerated>:1 +0x1b
  github.com/hyperledger-labs/mirbft/tracing.(*BufferedTrace).StopOnSignal.func1()
      /opt/gopath/src/github.com/hyperledger-labs/mirbft/tracing/bufferedtrace.go:298 +0x4e

Previous write at 0x00c000a43068 by goroutine 114:
  github.com/hyperledger-labs/mirbft/tracing.(*BufferedTrace).Event()
      /opt/gopath/src/github.com/hyperledger-labs/mirbft/tracing/bufferedtrace.go:105 +0x2d9
  github.com/hyperledger-labs/mirbft/profiling.StartCPUTracing.func1()
      /opt/gopath/src/github.com/hyperledger-labs/mirbft/profiling/cpuusage.go:31 +0x95

Goroutine 115 (running) created at:
  github.com/hyperledger-labs/mirbft/tracing.(*BufferedTrace).StopOnSignal()
      /opt/gopath/src/github.com/hyperledger-labs/mirbft/tracing/bufferedtrace.go:292 +0x172
  main.setUpTracing()
      /opt/gopath/src/github.com/hyperledger-labs/mirbft/cmd/orderingpeer/main.go:204 +0xf5
  main.main()
      /opt/gopath/src/github.com/hyperledger-labs/mirbft/cmd/orderingpeer/main.go:98 +0x9d6

Goroutine 114 (running) created at:
  github.com/hyperledger-labs/mirbft/profiling.StartCPUTracing()
      /opt/gopath/src/github.com/hyperledger-labs/mirbft/profiling/cpuusage.go:28 +0xb6
  main.setUpTracing()
      /opt/gopath/src/github.com/hyperledger-labs/mirbft/cmd/orderingpeer/main.go:196 +0x85
  main.main()
      /opt/gopath/src/github.com/hyperledger-labs/mirbft/cmd/orderingpeer/main.go:98 +0x9d6
==================
03:33:49.489 INF Trace data written.
03:33:49.606 INF Profile data written. filename=experiment-output/0002/slave-003/prof.cpu name=cpu
03:33:49.645 INF Connection terminated. error="rpc error: code = Canceled desc = context canceled" address=127.0.0.1:58072
03:33:49.645 INF Connection terminated. error="rpc error: code = Canceled desc = context canceled" address=127.0.0.1:58068
03:33:49.645 INF Connection terminated. error="rpc error: code = Canceled desc = context canceled" address=127.0.0.1:58056
03:33:49.645 INF Connection terminated. error="rpc error: code = Canceled desc = context canceled" address=127.0.0.1:58020
03:33:49.645 INF Connection terminated. error="rpc error: code = Canceled desc = context canceled" address=127.0.0.1:57988
03:33:49.646 INF Connection terminated. error="rpc error: code = Canceled desc = context canceled" address=127.0.0.1:58060
03:33:49.649 INF Profile data written. filename=experiment-output/0002/slave-003/prof.block name=block
03:33:49.661 INF Profile data written. filename=experiment-output/0002/slave-003/prof.mutex name=mutex
