{"level":"debug","Logging":"debug","time":"2022-11-03T19:41:00+08:00","message":"Config"}
{"level":"debug","UseTLS":false,"time":"2022-11-03T19:41:00+08:00","message":"Config"}
{"level":"debug","CACertFile":"tls-data/ca.pem","time":"2022-11-03T19:41:00+08:00","message":"Config"}
{"level":"debug","KeyFile":"tls-data/auth.key","time":"2022-11-03T19:41:00+08:00","message":"Config"}
{"level":"debug","CertFile":"tls-data/auth.pem","time":"2022-11-03T19:41:00+08:00","message":"Config"}
{"level":"debug","PriorityConnections":2,"time":"2022-11-03T19:41:00+08:00","message":"Config"}
{"level":"debug","BasicConnections":4,"time":"2022-11-03T19:41:00+08:00","message":"Config"}
{"level":"debug","TestConnections":false,"time":"2022-11-03T19:41:00+08:00","message":"Config"}
{"level":"debug","ExcessConnections":1,"time":"2022-11-03T19:41:00+08:00","message":"Config"}
{"level":"debug","ConnectionTestMsgs":4,"time":"2022-11-03T19:41:00+08:00","message":"Config"}
{"level":"debug","ConnectionTestPayload":131072,"time":"2022-11-03T19:41:00+08:00","message":"Config"}
{"level":"debug","OutMessageBufsize":1024,"time":"2022-11-03T19:41:00+08:00","message":"Config"}
{"level":"debug","OutMessageBufsize":1,"time":"2022-11-03T19:41:00+08:00","message":"Config"}
{"level":"debug","ThroughputCap":131072000,"time":"2022-11-03T19:41:00+08:00","message":"Config"}
{"level":"debug","StragglerTolerance":1000,"time":"2022-11-03T19:41:00+08:00","message":"Config"}
{"level":"debug","BatchSizeIncrement":256,"time":"2022-11-03T19:41:00+08:00","message":"Config"}
{"level":"debug","Orderer":"Pbft","time":"2022-11-03T19:41:00+08:00","message":"Config"}
{"level":"debug","Manager":"Mir","time":"2022-11-03T19:41:00+08:00","message":"Config"}
{"level":"debug","Failures":0,"time":"2022-11-03T19:41:00+08:00","message":"Config"}
{"level":"debug","CrashTiming":"Straggler","time":"2022-11-03T19:41:00+08:00","message":"Config"}
{"level":"debug","CheckpointInterval":256,"time":"2022-11-03T19:41:00+08:00","message":"Config"}
{"level":"debug","WatermarkWindowSize":256,"time":"2022-11-03T19:41:00+08:00","message":"Config"}
{"level":"debug","EpochLength":256,"time":"2022-11-03T19:41:00+08:00","message":"Config"}
{"level":"debug","SegmentLength":64,"time":"2022-11-03T19:41:00+08:00","message":"Config"}
{"level":"debug","WaitForCheckpoints":true,"time":"2022-11-03T19:41:00+08:00","message":"Config"}
{"level":"debug","ClientWatermarkWindowSize":4194304,"time":"2022-11-03T19:41:00+08:00","message":"Config"}
{"level":"debug","ClientRequestBacklogSize":4194304,"time":"2022-11-03T19:41:00+08:00","message":"Config"}
{"level":"debug","RandomSeed":23406,"time":"2022-11-03T19:41:00+08:00","message":"Config"}
{"level":"debug","NodeToLeaderRatio":1,"time":"2022-11-03T19:41:00+08:00","message":"Config"}
{"level":"debug","LeaderPolicy":"Blacklist","time":"2022-11-03T19:41:00+08:00","message":"Config"}
{"level":"debug","DefaultLeaderBan":2,"time":"2022-11-03T19:41:00+08:00","message":"Config"}
{"level":"debug","NumBuckets":64,"time":"2022-11-03T19:41:00+08:00","message":"Config"}
{"level":"debug","BatchSize":1000,"time":"2022-11-03T19:41:00+08:00","message":"Config"}
{"level":"debug","DisabledViewChange":false,"time":"2022-11-03T19:41:00+08:00","message":"Config"}
{"level":"debug","ViewChangeTimeout":60000,"time":"2022-11-03T19:41:00+08:00","message":"Config"}
{"level":"debug","ClientTraceSampling":10,"time":"2022-11-03T19:41:00+08:00","message":"Config"}
{"level":"debug","EventBufferSize":2097152,"time":"2022-11-03T19:41:00+08:00","message":"Config"}
{"level":"debug","TraceSampling":1,"time":"2022-11-03T19:41:00+08:00","message":"Config"}
{"level":"debug","ClientsPerProcess":1,"time":"2022-11-03T19:41:00+08:00","message":"Config"}
{"level":"debug","RequestsPerClient":15360,"time":"2022-11-03T19:41:00+08:00","message":"Config"}
{"level":"debug","ClientRunTime":30000,"time":"2022-11-03T19:41:00+08:00","message":"Config"}
{"level":"debug","RequestRate":256,"time":"2022-11-03T19:41:00+08:00","message":"Config"}
{"level":"debug","HardRequestRateLimit":false,"time":"2022-11-03T19:41:00+08:00","message":"Config"}
{"level":"debug","RequestPayloadSize":500,"time":"2022-11-03T19:41:00+08:00","message":"Config"}
{"level":"debug","SignRequests":true,"time":"2022-11-03T19:41:00+08:00","message":"Config"}
{"level":"debug","ClientPrivKeyFile":"tls-data/client-ecdsa-256.key","time":"2022-11-03T19:41:00+08:00","message":"Config"}
{"level":"debug","ClientPubKeyFile":"tls-data/client-ecdsa-256.pem","time":"2022-11-03T19:41:00+08:00","message":"Config"}
{"level":"debug","PrecomputeRequests":false,"time":"2022-11-03T19:41:00+08:00","message":"Config"}
{"level":"debug","RequestHandlerThreads":32,"time":"2022-11-03T19:41:00+08:00","message":"Config"}
{"level":"debug","RequestInputChannelBuffer":8192,"time":"2022-11-03T19:41:00+08:00","message":"Config"}
{"level":"debug","BatchVerifier":"external","time":"2022-11-03T19:41:00+08:00","message":"Config"}
11:41:00.457 INF Registered with discovery server. numPeers=4 ownID=1
11:41:00.458 INF Profiling enabled.
11:41:00.458 INF Setting up profiling.
11:41:00.466 INF Started Profiler: CPU
11:41:00.466 INF Started Profiler: BLOCK
11:41:00.466 INF Started Profiler: MUTEX
11:41:00.466 INF Profiler will stop on signal. exit=true
11:41:00.468 INF Tracing will stop on signal. exit=false
11:41:00.469 INF Started tracing. traceFile=experiment-output/0000/slave-003/peer.trc
11:41:00.469 DBG Starting backlog.
11:41:00.470 INF Listening for connections. port=10011 useTLS=false
11:41:00.470 INF Connecting to peer. addr=127.0.0.1:10022 basicConns=4 priorityConns=2
11:41:00.470 INF Connecting to peer. addr=127.0.0.1:10011 basicConns=4 priorityConns=2
11:41:00.470 INF Connecting to peer. addr=127.0.0.1:10000 basicConns=4 priorityConns=2
11:41:00.470 INF Connecting to peer. addr=127.0.0.1:10033 basicConns=4 priorityConns=2
11:41:00.502 INF Incoming connection for protocol messages. addr=127.0.0.1:48920
11:41:00.504 INF Incoming connection for protocol messages. addr=127.0.0.1:48932
11:41:00.505 INF Incoming connection for protocol messages. addr=127.0.0.1:48954
11:41:00.506 INF Incoming connection for protocol messages. addr=127.0.0.1:48928
11:41:00.508 INF Incoming connection for protocol messages. addr=127.0.0.1:48958
11:41:00.513 INF Incoming connection for protocol messages. addr=127.0.0.1:48970
11:41:00.513 INF Incoming connection for protocol messages. addr=127.0.0.1:48974
11:41:00.514 INF Incoming connection for protocol messages. addr=127.0.0.1:48976
11:41:00.515 INF Incoming connection for protocol messages. addr=127.0.0.1:48988
11:41:00.515 DBG Connected. peerID=0
11:41:00.516 INF Incoming connection for protocol messages. addr=127.0.0.1:49024
11:41:00.516 INF Incoming connection for protocol messages. addr=127.0.0.1:49020
11:41:00.517 INF Incoming connection for protocol messages. addr=127.0.0.1:49006
11:41:00.517 DBG Connected. peerID=3
11:41:00.517 INF Incoming connection for protocol messages. addr=127.0.0.1:48994
11:41:00.518 INF Incoming connection for protocol messages. addr=127.0.0.1:49002
11:41:00.518 INF Incoming connection for protocol messages. addr=127.0.0.1:49030
11:41:00.518 INF Incoming connection for protocol messages. addr=127.0.0.1:49050
11:41:00.518 INF Incoming connection for protocol messages. addr=127.0.0.1:49056
11:41:00.519 INF Incoming connection for protocol messages. addr=127.0.0.1:49040
11:41:00.519 INF Incoming connection for protocol messages. addr=127.0.0.1:49044
11:41:00.519 INF Incoming connection for protocol messages. addr=127.0.0.1:49058
11:41:00.520 INF Incoming connection for protocol messages. addr=127.0.0.1:49064
11:41:00.520 DBG Connected. peerID=2
11:41:00.521 INF Incoming connection for protocol messages. addr=127.0.0.1:49070
11:41:00.521 INF Incoming connection for protocol messages. addr=127.0.0.1:49076
11:41:00.521 INF Incoming connection for protocol messages. addr=127.0.0.1:49100
11:41:00.521 DBG Connected. peerID=1
11:41:00.521 INF Connected to all peers.
11:41:00.525 INF All peers finished connecting. Starting ISS.
11:41:00.525 DBG Buckets for 0-th leader 0: [0 4 8 12 16 20 24 28 32 36 40 44 48 52 56 60]
11:41:00.526 DBG Buckets for 1-th leader 1: [1 5 9 13 17 21 25 29 33 37 41 45 49 53 57 61]
11:41:00.526 DBG Buckets for 2-th leader 2: [2 6 10 14 18 22 26 30 34 38 42 46 50 54 58 62]
11:41:00.526 DBG Buckets for 3-th leader 3: [3 7 11 15 19 23 27 31 35 39 43 47 51 55 59 63]
11:41:00.526 INF PbftOrderer received a new segment: [0 4 8 12 16 20 24 28 32 36 40 44 48 52 56 60 64 68 72 76 80 84 88 92 96 100 104 108 112 116 120 124 128 132 136 140 144 148 152 156 160 164 168 172 176 180 184 188 192 196 200 204 208 212 216 220 224 228 232 236 240 244 248 252] first leader=0 firstSN=0 lastSN=252 len=64 length=64 segId=0
11:41:00.526 INF Starting new view. segID=0 timeout=60000 view=0
11:41:00.527 DBG Starting timer. sn=0 view=0
11:41:00.527 INF Starting PBFT instance. first=0 last=252 segID=0
11:41:00.527 DBG Subscribing to backlog. segID=0
11:41:00.527 INF Starting serialized message processing. segID=0
11:41:00.527 INF PbftOrderer received a new segment: [1 5 9 13 17 21 25 29 33 37 41 45 49 53 57 61 65 69 73 77 81 85 89 93 97 101 105 109 113 117 121 125 129 133 137 141 145 149 153 157 161 165 169 173 177 181 185 189 193 197 201 205 209 213 217 221 225 229 233 237 241 245 249 253] first leader=1 firstSN=1 lastSN=253 len=64 length=64 segId=1
11:41:00.528 INF Starting new view. segID=1 timeout=60000 view=0
11:41:00.528 DBG Starting timer. sn=1 view=0
11:41:00.528 INF Starting PBFT instance. first=1 last=253 segID=1
11:41:00.528 DBG Subscribing to backlog. segID=1
11:41:00.528 DBG Leading segment. segID=1
11:41:00.528 INF Starting serialized message processing. segID=1
11:41:00.528 DBG Waiting for batch. batchSize=4096
11:41:00.528 INF PbftOrderer received a new segment: [2 6 10 14 18 22 26 30 34 38 42 46 50 54 58 62 66 70 74 78 82 86 90 94 98 102 106 110 114 118 122 126 130 134 138 142 146 150 154 158 162 166 170 174 178 182 186 190 194 198 202 206 210 214 218 222 226 230 234 238 242 246 250 254] first leader=2 firstSN=2 lastSN=254 len=64 length=64 segId=2
11:41:00.529 INF Starting new view. segID=2 timeout=60000 view=0
11:41:00.529 DBG Starting timer. sn=2 view=0
11:41:00.529 INF Starting PBFT instance. first=2 last=254 segID=2
11:41:00.529 DBG Subscribing to backlog. segID=2
11:41:00.529 INF Starting serialized message processing. segID=2
11:41:00.529 INF PbftOrderer received a new segment: [3 7 11 15 19 23 27 31 35 39 43 47 51 55 59 63 67 71 75 79 83 87 91 95 99 103 107 111 115 119 123 127 131 135 139 143 147 151 155 159 163 167 171 175 179 183 187 191 195 199 203 207 211 215 219 223 227 231 235 239 243 247 251 255] first leader=3 firstSN=3 lastSN=255 len=64 length=64 segId=3
11:41:00.530 INF Starting new view. segID=3 timeout=60000 view=0
11:41:00.530 DBG Starting timer. sn=3 view=0
11:41:00.530 INF Starting PBFT instance. first=3 last=255 segID=3
11:41:00.530 DBG Subscribing to backlog. segID=3
11:41:00.530 INF Starting serialized message processing. segID=3
11:41:01.529 DBG Batch ready. batchSize=4096
11:41:01.529 DBG Batch cut. left=0 nBuckets=16 nReq=0 next=0
11:41:01.529 INF Sending PREPREPARE. nReq=0 senderID=1 sn=1 view=0
11:41:01.529 DBG Waiting for batch. batchSize=4096
11:41:01.532 INF Handling PREPREPARE. nReq=0 senderID=0 sn=0
11:41:01.533 DBG Creating new Batch. nReq=0
11:41:01.533 DBG Sending PREPARE. senderID=1 sn=0 view=0
11:41:01.534 INF Handling PREPREPARE. nReq=0 senderID=2 sn=2
11:41:01.534 DBG Creating new Batch. nReq=0
11:41:01.534 DBG Sending PREPARE. senderID=1 sn=2 view=0
11:41:01.535 DBG Sending COMMIT. senderID=1 sn=2 view=0
11:41:01.536 DBG Sending COMMIT. senderID=1 sn=1 view=0
11:41:01.536 DBG Sending COMMIT. senderID=1 sn=0 view=0
11:41:01.536 INF Handling PREPREPARE. nReq=0 senderID=3 sn=3
11:41:01.536 DBG Creating new Batch. nReq=0
11:41:01.537 DBG Sending PREPARE. senderID=1 sn=3 view=0
11:41:01.537 INF Committed entry. latency=0 nReq=0 sn=2
11:41:01.537 INF Get logEntry.Sn from. SegID=2 logEntry.Sn=2
11:41:01.537 DBG Starting timer. sn=6 view=0
11:41:01.537 INF Committed entry. latency=0 nReq=0 sn=0
11:41:01.537 INF Delivered batch. nReq=0 sn=0
11:41:01.538 INF Get logEntry.Sn from. SegID=0 logEntry.Sn=0
11:41:01.538 DBG Starting timer. sn=4 view=0
11:41:01.538 DBG Sending COMMIT. senderID=1 sn=3 view=0
11:41:01.538 INF Committed entry. latency=0 nReq=0 sn=1
11:41:01.538 INF Delivered batch. nReq=0 sn=1
11:41:01.539 INF Delivered batch. nReq=0 sn=2
11:41:01.539 INF Get logEntry.Sn from. SegID=1 logEntry.Sn=1
11:41:01.539 DBG Starting timer. sn=5 view=0
11:41:01.539 INF Committed entry. latency=0 nReq=0 sn=3
11:41:01.540 INF Delivered batch. nReq=0 sn=3
11:41:01.540 INF Get logEntry.Sn from. SegID=3 logEntry.Sn=3
11:41:01.540 DBG Starting timer. sn=7 view=0
11:41:02.531 DBG Batch ready. batchSize=4096
11:41:02.531 DBG Batch cut. left=0 nBuckets=16 nReq=0 next=0
11:41:02.531 INF Sending PREPREPARE. nReq=0 senderID=1 sn=5 view=0
11:41:02.531 DBG Waiting for batch. batchSize=4096
11:41:02.532 INF Handling PREPREPARE. nReq=0 senderID=0 sn=4
11:41:02.532 DBG Creating new Batch. nReq=0
11:41:02.532 DBG Sending PREPARE. senderID=1 sn=4 view=0
11:41:02.533 INF Handling PREPREPARE. nReq=0 senderID=2 sn=6
11:41:02.534 DBG Sending COMMIT. senderID=1 sn=4 view=0
11:41:02.534 DBG Creating new Batch. nReq=0
11:41:02.534 DBG Sending COMMIT. senderID=1 sn=5 view=0
11:41:02.534 DBG Sending PREPARE. senderID=1 sn=6 view=0
11:41:02.535 INF Committed entry. latency=0 nReq=0 sn=4
11:41:02.535 INF Handling PREPREPARE. nReq=0 senderID=3 sn=7
11:41:02.535 INF Delivered batch. nReq=0 sn=4
11:41:02.535 DBG Creating new Batch. nReq=0
11:41:02.535 INF Delivered batch. nReq=0 sn=5
11:41:02.535 INF Get logEntry.Sn from. SegID=0 logEntry.Sn=4
11:41:02.535 DBG Sending PREPARE. senderID=1 sn=7 view=0
11:41:02.535 DBG Starting timer. sn=8 view=0
11:41:02.535 INF Committed entry. latency=0 nReq=0 sn=5
11:41:02.535 INF Get logEntry.Sn from. SegID=1 logEntry.Sn=5
11:41:02.535 DBG Starting timer. sn=9 view=0
11:41:02.536 DBG Sending COMMIT. senderID=1 sn=6 view=0
11:41:02.536 DBG Sending COMMIT. senderID=1 sn=7 view=0
11:41:02.537 INF Committed entry. latency=0 nReq=0 sn=6
11:41:02.537 INF Delivered batch. nReq=0 sn=6
11:41:02.537 INF Get logEntry.Sn from. SegID=2 logEntry.Sn=6
11:41:02.537 DBG Starting timer. sn=10 view=0
11:41:02.538 INF Committed entry. latency=0 nReq=0 sn=7
11:41:02.538 INF Delivered batch. nReq=0 sn=7
11:41:02.538 INF Get logEntry.Sn from. SegID=3 logEntry.Sn=7
11:41:02.538 DBG Starting timer. sn=11 view=0
11:41:02.562 INF Incoming connection for requests. addr=127.0.0.1:49126
11:41:03.532 DBG Batch ready. batchSize=4096
11:41:03.533 DBG Batch cut. left=0 nBuckets=16 nReq=61 next=0
11:41:03.533 DBG Waiting for batch. batchSize=4096
11:41:03.534 INF Sending PREPREPARE. nReq=61 senderID=1 sn=9 view=0
11:41:03.547 INF Handling PREPREPARE. nReq=61 senderID=2 sn=10
11:41:03.548 DBG Creating new Batch. nReq=61
11:41:03.548 INF Handling PREPREPARE. nReq=61 senderID=0 sn=8
11:41:03.548 INF Handling PREPREPARE. nReq=61 senderID=3 sn=11
11:41:03.548 DBG Creating new Batch. nReq=61
11:41:03.548 DBG Creating new Batch. nReq=61
11:41:03.555 DBG Sending COMMIT. senderID=1 sn=9 view=0
11:41:03.557 INF Committed entry. latency=0 nReq=61 sn=9
11:41:03.557 INF Get logEntry.Sn from. SegID=1 logEntry.Sn=9
11:41:03.557 DBG Starting timer. sn=13 view=0
11:41:03.560 DBG Sending PREPARE. senderID=1 sn=10 view=0
11:41:03.560 DBG Sending PREPARE. senderID=1 sn=11 view=0
11:41:03.560 DBG Sending PREPARE. senderID=1 sn=8 view=0
11:41:03.560 DBG Sending COMMIT. senderID=1 sn=10 view=0
11:41:03.560 DBG Sending COMMIT. senderID=1 sn=11 view=0
11:41:03.561 DBG Sending COMMIT. senderID=1 sn=8 view=0
11:41:03.562 INF Committed entry. latency=0 nReq=61 sn=10
11:41:03.562 INF Get logEntry.Sn from. SegID=2 logEntry.Sn=10
11:41:03.562 DBG Starting timer. sn=14 view=0
11:41:03.563 INF Committed entry. latency=0 nReq=61 sn=11
11:41:03.563 INF Committed entry. latency=0 nReq=61 sn=8
11:41:03.563 INF Delivered batch. nReq=61 sn=8
11:41:03.564 INF Delivered batch. nReq=61 sn=9
11:41:03.564 INF Delivered batch. nReq=61 sn=10
11:41:03.564 INF Delivered batch. nReq=61 sn=11
11:41:03.564 INF Get logEntry.Sn from. SegID=3 logEntry.Sn=11
11:41:03.564 INF Get logEntry.Sn from. SegID=0 logEntry.Sn=8
11:41:03.564 DBG Starting timer. sn=15 view=0
11:41:03.564 DBG Starting timer. sn=12 view=0
11:41:04.535 DBG Batch ready. batchSize=4096
11:41:04.535 DBG Batch cut. left=0 nBuckets=16 nReq=64 next=0
11:41:04.535 DBG Waiting for batch. batchSize=4096
11:41:04.536 INF Sending PREPREPARE. nReq=64 senderID=1 sn=13 view=0
11:41:04.543 INF Handling PREPREPARE. nReq=64 senderID=0 sn=12
11:41:04.544 DBG Creating new Batch. nReq=64
11:41:04.545 INF Handling PREPREPARE. nReq=64 senderID=2 sn=14
11:41:04.545 DBG Creating new Batch. nReq=64
11:41:04.547 INF Handling PREPREPARE. nReq=64 senderID=3 sn=15
11:41:04.547 DBG Creating new Batch. nReq=64
11:41:04.555 DBG Sending PREPARE. senderID=1 sn=14 view=0
11:41:04.556 DBG Sending PREPARE. senderID=1 sn=12 view=0
11:41:04.556 DBG Sending COMMIT. senderID=1 sn=12 view=0
11:41:04.557 DBG Sending PREPARE. senderID=1 sn=15 view=0
11:41:04.558 INF Committed entry. latency=0 nReq=64 sn=12
11:41:04.559 INF Delivered batch. nReq=64 sn=12
11:41:04.559 DBG Sending COMMIT. senderID=1 sn=14 view=0
11:41:04.559 INF Get logEntry.Sn from. SegID=0 logEntry.Sn=12
11:41:04.559 DBG Starting timer. sn=16 view=0
11:41:04.560 DBG Sending COMMIT. senderID=1 sn=13 view=0
11:41:04.560 INF Committed entry. latency=0 nReq=64 sn=14
11:41:04.560 INF Get logEntry.Sn from. SegID=2 logEntry.Sn=14
11:41:04.561 DBG Starting timer. sn=18 view=0
11:41:04.561 DBG Sending COMMIT. senderID=1 sn=15 view=0
11:41:04.561 INF Committed entry. latency=0 nReq=64 sn=13
11:41:04.562 INF Delivered batch. nReq=64 sn=13
11:41:04.562 INF Delivered batch. nReq=64 sn=14
11:41:04.562 INF Get logEntry.Sn from. SegID=1 logEntry.Sn=13
11:41:04.562 DBG Starting timer. sn=17 view=0
11:41:04.563 INF Committed entry. latency=0 nReq=64 sn=15
11:41:04.563 INF Delivered batch. nReq=64 sn=15
11:41:04.563 INF Get logEntry.Sn from. SegID=3 logEntry.Sn=15
11:41:04.563 DBG Starting timer. sn=19 view=0
11:41:05.536 DBG Batch ready. batchSize=4096
11:41:05.536 DBG Batch cut. left=0 nBuckets=16 nReq=64 next=0
11:41:05.537 DBG Waiting for batch. batchSize=4096
11:41:05.538 INF Sending PREPREPARE. nReq=64 senderID=1 sn=17 view=0
11:41:05.544 INF Handling PREPREPARE. nReq=64 senderID=0 sn=16
11:41:05.544 DBG Creating new Batch. nReq=64
11:41:05.548 INF Handling PREPREPARE. nReq=64 senderID=2 sn=18
11:41:05.548 INF Handling PREPREPARE. nReq=64 senderID=3 sn=19
11:41:05.549 DBG Creating new Batch. nReq=64
11:41:05.549 DBG Creating new Batch. nReq=64
11:41:05.560 DBG Sending PREPARE. senderID=1 sn=16 view=0
11:41:05.560 DBG Sending COMMIT. senderID=1 sn=16 view=0
11:41:05.560 DBG Sending COMMIT. senderID=1 sn=17 view=0
11:41:05.561 DBG Sending PREPARE. senderID=1 sn=19 view=0
11:41:05.561 INF Committed entry. latency=0 nReq=64 sn=16
11:41:05.562 INF Delivered batch. nReq=64 sn=16
11:41:05.562 DBG Sending PREPARE. senderID=1 sn=18 view=0
11:41:05.562 DBG Sending COMMIT. senderID=1 sn=19 view=0
11:41:05.562 INF Get logEntry.Sn from. SegID=0 logEntry.Sn=16
11:41:05.562 DBG Starting timer. sn=20 view=0
11:41:05.562 DBG Sending COMMIT. senderID=1 sn=18 view=0
11:41:05.562 INF Committed entry. latency=0 nReq=64 sn=17
11:41:05.562 INF Delivered batch. nReq=64 sn=17
11:41:05.562 INF Get logEntry.Sn from. SegID=1 logEntry.Sn=17
11:41:05.562 DBG Starting timer. sn=21 view=0
11:41:05.563 INF Committed entry. latency=0 nReq=64 sn=19
11:41:05.563 INF Get logEntry.Sn from. SegID=3 logEntry.Sn=19
11:41:05.563 DBG Starting timer. sn=23 view=0
11:41:05.564 INF Committed entry. latency=0 nReq=64 sn=18
11:41:05.564 INF Delivered batch. nReq=64 sn=18
11:41:05.564 INF Delivered batch. nReq=64 sn=19
11:41:05.564 INF Get logEntry.Sn from. SegID=2 logEntry.Sn=18
11:41:05.564 DBG Starting timer. sn=22 view=0
11:41:06.537 DBG Batch ready. batchSize=4096
11:41:06.538 DBG Batch cut. left=0 nBuckets=16 nReq=64 next=0
11:41:06.538 DBG Waiting for batch. batchSize=4096
11:41:06.539 INF Sending PREPREPARE. nReq=64 senderID=1 sn=21 view=0
11:41:06.546 INF Handling PREPREPARE. nReq=65 senderID=0 sn=20
11:41:06.546 DBG Creating new Batch. nReq=65
11:41:06.549 INF Handling PREPREPARE. nReq=64 senderID=2 sn=22
11:41:06.549 DBG Creating new Batch. nReq=64
11:41:06.550 INF Handling PREPREPARE. nReq=64 senderID=3 sn=23
11:41:06.550 DBG Creating new Batch. nReq=64
11:41:06.558 DBG Sending PREPARE. senderID=1 sn=20 view=0
11:41:06.558 DBG Sending COMMIT. senderID=1 sn=20 view=0
11:41:06.561 DBG Sending PREPARE. senderID=1 sn=23 view=0
11:41:06.562 INF Committed entry. latency=0 nReq=65 sn=20
11:41:06.562 INF Delivered batch. nReq=65 sn=20
11:41:06.562 INF Get logEntry.Sn from. SegID=0 logEntry.Sn=20
11:41:06.562 DBG Starting timer. sn=24 view=0
11:41:06.563 DBG Sending PREPARE. senderID=1 sn=22 view=0
11:41:06.564 DBG Sending COMMIT. senderID=1 sn=21 view=0
11:41:06.565 INF Committed entry. latency=0 nReq=64 sn=21
11:41:06.566 INF Delivered batch. nReq=64 sn=21
11:41:06.566 INF Get logEntry.Sn from. SegID=1 logEntry.Sn=21
11:41:06.566 DBG Starting timer. sn=25 view=0
11:41:06.567 DBG Sending COMMIT. senderID=1 sn=22 view=0
11:41:06.567 DBG Sending COMMIT. senderID=1 sn=23 view=0
11:41:06.568 INF Committed entry. latency=0 nReq=64 sn=22
11:41:06.568 INF Delivered batch. nReq=64 sn=22
11:41:06.568 INF Get logEntry.Sn from. SegID=2 logEntry.Sn=22
11:41:06.568 DBG Starting timer. sn=26 view=0
11:41:06.569 INF Committed entry. latency=0 nReq=64 sn=23
11:41:06.569 INF Delivered batch. nReq=64 sn=23
11:41:06.569 INF Get logEntry.Sn from. SegID=3 logEntry.Sn=23
11:41:06.569 DBG Starting timer. sn=27 view=0
11:41:07.539 DBG Batch ready. batchSize=4096
11:41:07.540 DBG Batch cut. left=0 nBuckets=16 nReq=65 next=0
11:41:07.540 DBG Waiting for batch. batchSize=4096
11:41:07.542 INF Sending PREPREPARE. nReq=65 senderID=1 sn=25 view=0
11:41:07.547 INF Handling PREPREPARE. nReq=64 senderID=0 sn=24
11:41:07.547 DBG Creating new Batch. nReq=64
11:41:07.552 INF Handling PREPREPARE. nReq=64 senderID=2 sn=26
11:41:07.552 DBG Creating new Batch. nReq=64
11:41:07.554 INF Handling PREPREPARE. nReq=64 senderID=3 sn=27
11:41:07.554 DBG Creating new Batch. nReq=64
11:41:07.554 DBG Sending PREPARE. senderID=1 sn=24 view=0
11:41:07.560 DBG Sending COMMIT. senderID=1 sn=24 view=0
11:41:07.561 INF Committed entry. latency=0 nReq=64 sn=24
11:41:07.561 INF Delivered batch. nReq=64 sn=24
11:41:07.561 INF Get logEntry.Sn from. SegID=0 logEntry.Sn=24
11:41:07.561 DBG Starting timer. sn=28 view=0
11:41:07.562 DBG Sending PREPARE. senderID=1 sn=27 view=0
11:41:07.562 DBG Sending COMMIT. senderID=1 sn=27 view=0
11:41:07.564 DBG Sending PREPARE. senderID=1 sn=26 view=0
11:41:07.564 DBG Sending COMMIT. senderID=1 sn=25 view=0
11:41:07.565 DBG Sending COMMIT. senderID=1 sn=26 view=0
11:41:07.565 INF Committed entry. latency=0 nReq=64 sn=27
11:41:07.566 INF Get logEntry.Sn from. SegID=3 logEntry.Sn=27
11:41:07.566 DBG Starting timer. sn=31 view=0
11:41:07.566 INF Committed entry. latency=0 nReq=65 sn=25
11:41:07.566 INF Delivered batch. nReq=65 sn=25
11:41:07.566 INF Get logEntry.Sn from. SegID=1 logEntry.Sn=25
11:41:07.566 DBG Starting timer. sn=29 view=0
11:41:07.567 INF Committed entry. latency=0 nReq=64 sn=26
11:41:07.567 INF Delivered batch. nReq=64 sn=26
11:41:07.567 INF Delivered batch. nReq=64 sn=27
11:41:07.567 INF Get logEntry.Sn from. SegID=2 logEntry.Sn=26
11:41:07.567 DBG Starting timer. sn=30 view=0
11:41:08.541 DBG Batch ready. batchSize=4096
11:41:08.541 DBG Batch cut. left=0 nBuckets=16 nReq=64 next=0
11:41:08.541 DBG Waiting for batch. batchSize=4096
11:41:08.543 INF Sending PREPREPARE. nReq=64 senderID=1 sn=29 view=0
11:41:08.549 INF Handling PREPREPARE. nReq=64 senderID=0 sn=28
11:41:08.549 DBG Creating new Batch. nReq=64
11:41:08.553 INF Handling PREPREPARE. nReq=64 senderID=2 sn=30
11:41:08.554 DBG Creating new Batch. nReq=64
11:41:08.558 INF Handling PREPREPARE. nReq=64 senderID=3 sn=31
11:41:08.558 DBG Creating new Batch. nReq=64
11:41:08.559 DBG Sending PREPARE. senderID=1 sn=28 view=0
11:41:08.564 DBG Sending PREPARE. senderID=1 sn=30 view=0
11:41:08.565 DBG Sending COMMIT. senderID=1 sn=29 view=0
11:41:08.565 DBG Sending COMMIT. senderID=1 sn=28 view=0
11:41:08.566 DBG Sending COMMIT. senderID=1 sn=30 view=0
11:41:08.566 DBG Sending PREPARE. senderID=1 sn=31 view=0
11:41:08.566 DBG Sending COMMIT. senderID=1 sn=31 view=0
11:41:08.566 INF Committed entry. latency=0 nReq=64 sn=29
11:41:08.566 INF Committed entry. latency=0 nReq=64 sn=30
11:41:08.567 INF Get logEntry.Sn from. SegID=1 logEntry.Sn=29
11:41:08.567 INF Get logEntry.Sn from. SegID=2 logEntry.Sn=30
11:41:08.567 DBG Starting timer. sn=33 view=0
11:41:08.567 DBG Starting timer. sn=34 view=0
11:41:08.567 INF Committed entry. latency=0 nReq=64 sn=28
11:41:08.567 INF Delivered batch. nReq=64 sn=28
11:41:08.567 INF Delivered batch. nReq=64 sn=29
11:41:08.567 INF Delivered batch. nReq=64 sn=30
11:41:08.568 INF Get logEntry.Sn from. SegID=0 logEntry.Sn=28
11:41:08.568 DBG Starting timer. sn=32 view=0
11:41:08.568 INF Committed entry. latency=0 nReq=64 sn=31
11:41:08.568 INF Delivered batch. nReq=64 sn=31
11:41:08.569 INF Get logEntry.Sn from. SegID=3 logEntry.Sn=31
11:41:08.569 DBG Starting timer. sn=35 view=0
11:41:09.542 DBG Batch ready. batchSize=4096
11:41:09.543 DBG Batch cut. left=0 nBuckets=16 nReq=64 next=0
11:41:09.543 DBG Waiting for batch. batchSize=4096
11:41:09.544 INF Sending PREPREPARE. nReq=64 senderID=1 sn=33 view=0
11:41:09.550 INF Handling PREPREPARE. nReq=64 senderID=0 sn=32
11:41:09.550 DBG Creating new Batch. nReq=64
11:41:09.554 INF Handling PREPREPARE. nReq=65 senderID=2 sn=34
11:41:09.555 DBG Creating new Batch. nReq=65
11:41:09.557 INF Handling PREPREPARE. nReq=65 senderID=3 sn=35
11:41:09.557 DBG Creating new Batch. nReq=65
11:41:09.563 DBG Sending PREPARE. senderID=1 sn=32 view=0
11:41:09.563 DBG Sending COMMIT. senderID=1 sn=32 view=0
11:41:09.565 DBG Sending COMMIT. senderID=1 sn=33 view=0
11:41:09.566 INF Committed entry. latency=0 nReq=64 sn=32
11:41:09.566 INF Delivered batch. nReq=64 sn=32
11:41:09.566 INF Get logEntry.Sn from. SegID=0 logEntry.Sn=32
11:41:09.566 INF Committed entry. latency=0 nReq=64 sn=33
11:41:09.566 DBG Starting timer. sn=36 view=0
11:41:09.566 INF Delivered batch. nReq=64 sn=33
11:41:09.566 INF Get logEntry.Sn from. SegID=1 logEntry.Sn=33
11:41:09.566 DBG Starting timer. sn=37 view=0
11:41:09.567 DBG Sending PREPARE. senderID=1 sn=34 view=0
11:41:09.568 DBG Sending COMMIT. senderID=1 sn=34 view=0
11:41:09.568 DBG Sending PREPARE. senderID=1 sn=35 view=0
11:41:09.568 DBG Sending COMMIT. senderID=1 sn=35 view=0
11:41:09.569 INF Committed entry. latency=0 nReq=65 sn=35
11:41:09.570 INF Get logEntry.Sn from. SegID=3 logEntry.Sn=35
11:41:09.570 DBG Starting timer. sn=39 view=0
11:41:09.570 INF Committed entry. latency=0 nReq=65 sn=34
11:41:09.570 INF Delivered batch. nReq=65 sn=34
11:41:09.570 INF Delivered batch. nReq=65 sn=35
11:41:09.571 INF Get logEntry.Sn from. SegID=2 logEntry.Sn=34
11:41:09.571 DBG Starting timer. sn=38 view=0
11:41:10.543 DBG Batch ready. batchSize=4096
11:41:10.544 DBG Batch cut. left=0 nBuckets=16 nReq=64 next=0
11:41:10.544 DBG Waiting for batch. batchSize=4096
11:41:10.545 INF Sending PREPREPARE. nReq=64 senderID=1 sn=37 view=0
11:41:10.550 INF Handling PREPREPARE. nReq=64 senderID=0 sn=36
11:41:10.551 DBG Creating new Batch. nReq=64
11:41:10.558 INF Handling PREPREPARE. nReq=64 senderID=2 sn=38
11:41:10.558 DBG Creating new Batch. nReq=64
11:41:10.558 DBG Sending PREPARE. senderID=1 sn=36 view=0
11:41:10.560 DBG Sending COMMIT. senderID=1 sn=36 view=0
11:41:10.562 INF Committed entry. latency=0 nReq=64 sn=36
11:41:10.562 INF Delivered batch. nReq=64 sn=36
11:41:10.562 INF Get logEntry.Sn from. SegID=0 logEntry.Sn=36
11:41:10.562 DBG Starting timer. sn=40 view=0
11:41:10.563 INF Handling PREPREPARE. nReq=64 senderID=3 sn=39
11:41:10.563 DBG Creating new Batch. nReq=64
11:41:10.563 DBG Sending COMMIT. senderID=1 sn=37 view=0
11:41:10.567 INF Committed entry. latency=0 nReq=64 sn=37
11:41:10.568 INF Delivered batch. nReq=64 sn=37
11:41:10.568 INF Get logEntry.Sn from. SegID=1 logEntry.Sn=37
11:41:10.568 DBG Starting timer. sn=41 view=0
11:41:10.569 DBG Sending PREPARE. senderID=1 sn=38 view=0
11:41:10.572 DBG Sending COMMIT. senderID=1 sn=38 view=0
11:41:10.572 DBG Sending PREPARE. senderID=1 sn=39 view=0
11:41:10.573 DBG Sending COMMIT. senderID=1 sn=39 view=0
11:41:10.573 INF Committed entry. latency=0 nReq=64 sn=38
11:41:10.573 INF Delivered batch. nReq=64 sn=38
11:41:10.573 INF Get logEntry.Sn from. SegID=2 logEntry.Sn=38
11:41:10.574 DBG Starting timer. sn=42 view=0
11:41:10.575 INF Committed entry. latency=0 nReq=64 sn=39
11:41:10.575 INF Delivered batch. nReq=64 sn=39
11:41:10.575 INF Get logEntry.Sn from. SegID=3 logEntry.Sn=39
11:41:10.575 DBG Starting timer. sn=43 view=0
11:41:11.545 DBG Batch ready. batchSize=4096
11:41:11.545 DBG Batch cut. left=0 nBuckets=16 nReq=64 next=0
11:41:11.546 DBG Waiting for batch. batchSize=4096
11:41:11.547 INF Sending PREPREPARE. nReq=64 senderID=1 sn=41 view=0
11:41:11.553 INF Handling PREPREPARE. nReq=64 senderID=0 sn=40
11:41:11.553 DBG Creating new Batch. nReq=64
11:41:11.558 INF Handling PREPREPARE. nReq=64 senderID=2 sn=42
11:41:11.558 DBG Creating new Batch. nReq=64
11:41:11.562 INF Handling PREPREPARE. nReq=64 senderID=3 sn=43
11:41:11.563 DBG Creating new Batch. nReq=64
11:41:11.563 DBG Sending PREPARE. senderID=1 sn=40 view=0
11:41:11.567 DBG Sending COMMIT. senderID=1 sn=40 view=0
11:41:11.568 INF Committed entry. latency=0 nReq=64 sn=40
11:41:11.569 INF Delivered batch. nReq=64 sn=40
11:41:11.569 INF Get logEntry.Sn from. SegID=0 logEntry.Sn=40
11:41:11.569 DBG Starting timer. sn=44 view=0
11:41:11.570 DBG Sending PREPARE. senderID=1 sn=42 view=0
11:41:11.570 DBG Sending COMMIT. senderID=1 sn=42 view=0
11:41:11.570 DBG Sending COMMIT. senderID=1 sn=41 view=0
11:41:11.571 INF Committed entry. latency=0 nReq=64 sn=41
11:41:11.571 DBG Sending PREPARE. senderID=1 sn=43 view=0
11:41:11.571 INF Delivered batch. nReq=64 sn=41
11:41:11.571 DBG Sending COMMIT. senderID=1 sn=43 view=0
11:41:11.571 INF Get logEntry.Sn from. SegID=1 logEntry.Sn=41
11:41:11.572 DBG Starting timer. sn=45 view=0
11:41:11.572 INF Committed entry. latency=0 nReq=64 sn=42
11:41:11.573 INF Delivered batch. nReq=64 sn=42
11:41:11.573 INF Get logEntry.Sn from. SegID=2 logEntry.Sn=42
11:41:11.573 DBG Starting timer. sn=46 view=0
11:41:11.574 INF Committed entry. latency=0 nReq=64 sn=43
11:41:11.574 INF Delivered batch. nReq=64 sn=43
11:41:11.575 INF Get logEntry.Sn from. SegID=3 logEntry.Sn=43
11:41:11.575 DBG Starting timer. sn=47 view=0
11:41:12.546 DBG Batch ready. batchSize=4096
11:41:12.546 DBG Batch cut. left=0 nBuckets=16 nReq=64 next=0
11:41:12.547 DBG Waiting for batch. batchSize=4096
11:41:12.549 INF Sending PREPREPARE. nReq=64 senderID=1 sn=45 view=0
11:41:12.555 INF Handling PREPREPARE. nReq=64 senderID=0 sn=44
11:41:12.555 DBG Creating new Batch. nReq=64
11:41:12.561 INF Handling PREPREPARE. nReq=64 senderID=2 sn=46
11:41:12.561 DBG Creating new Batch. nReq=64
11:41:12.565 INF Handling PREPREPARE. nReq=64 senderID=3 sn=47
11:41:12.565 DBG Creating new Batch. nReq=64
11:41:12.566 DBG Sending PREPARE. senderID=1 sn=44 view=0
11:41:12.567 DBG Sending COMMIT. senderID=1 sn=45 view=0
11:41:12.568 DBG Sending COMMIT. senderID=1 sn=44 view=0
11:41:12.568 INF Committed entry. latency=0 nReq=64 sn=45
11:41:12.569 INF Get logEntry.Sn from. SegID=1 logEntry.Sn=45
11:41:12.569 DBG Starting timer. sn=49 view=0
11:41:12.570 DBG Sending PREPARE. senderID=1 sn=46 view=0
11:41:12.570 DBG Sending COMMIT. senderID=1 sn=46 view=0
11:41:12.570 INF Committed entry. latency=0 nReq=64 sn=44
11:41:12.571 INF Delivered batch. nReq=64 sn=44
11:41:12.571 INF Delivered batch. nReq=64 sn=45
11:41:12.571 INF Get logEntry.Sn from. SegID=0 logEntry.Sn=44
11:41:12.571 DBG Starting timer. sn=48 view=0
11:41:12.572 INF Committed entry. latency=0 nReq=64 sn=46
11:41:12.572 INF Delivered batch. nReq=64 sn=46
11:41:12.572 INF Get logEntry.Sn from. SegID=2 logEntry.Sn=46
11:41:12.572 DBG Starting timer. sn=50 view=0
11:41:12.574 DBG Sending PREPARE. senderID=1 sn=47 view=0
11:41:12.575 DBG Sending COMMIT. senderID=1 sn=47 view=0
11:41:12.577 INF Committed entry. latency=0 nReq=64 sn=47
11:41:12.577 INF Delivered batch. nReq=64 sn=47
11:41:12.577 INF Get logEntry.Sn from. SegID=3 logEntry.Sn=47
11:41:12.577 DBG Starting timer. sn=51 view=0
11:41:13.549 DBG Batch ready. batchSize=4096
11:41:13.549 DBG Batch cut. left=0 nBuckets=16 nReq=64 next=0
11:41:13.550 DBG Waiting for batch. batchSize=4096
11:41:13.551 INF Sending PREPREPARE. nReq=64 senderID=1 sn=49 view=0
11:41:13.557 INF Handling PREPREPARE. nReq=64 senderID=0 sn=48
11:41:13.557 DBG Creating new Batch. nReq=64
11:41:13.559 INF Handling PREPREPARE. nReq=64 senderID=2 sn=50
11:41:13.560 DBG Creating new Batch. nReq=64
11:41:13.568 INF Handling PREPREPARE. nReq=64 senderID=3 sn=51
11:41:13.568 DBG Creating new Batch. nReq=64
11:41:13.568 DBG Sending PREPARE. senderID=1 sn=48 view=0
11:41:13.569 DBG Sending PREPARE. senderID=1 sn=50 view=0
11:41:13.569 DBG Sending COMMIT. senderID=1 sn=48 view=0
11:41:13.571 INF Committed entry. latency=0 nReq=64 sn=48
11:41:13.571 INF Delivered batch. nReq=64 sn=48
11:41:13.571 INF Get logEntry.Sn from. SegID=0 logEntry.Sn=48
11:41:13.571 DBG Starting timer. sn=52 view=0
11:41:13.572 DBG Sending COMMIT. senderID=1 sn=50 view=0
11:41:13.573 DBG Sending COMMIT. senderID=1 sn=49 view=0
11:41:13.574 INF Committed entry. latency=0 nReq=64 sn=50
11:41:13.574 INF Get logEntry.Sn from. SegID=2 logEntry.Sn=50
11:41:13.574 DBG Starting timer. sn=54 view=0
11:41:13.574 INF Committed entry. latency=0 nReq=64 sn=49
11:41:13.574 INF Delivered batch. nReq=64 sn=49
11:41:13.574 INF Delivered batch. nReq=64 sn=50
11:41:13.574 INF Get logEntry.Sn from. SegID=1 logEntry.Sn=49
11:41:13.575 DBG Starting timer. sn=53 view=0
11:41:13.577 DBG Sending PREPARE. senderID=1 sn=51 view=0
11:41:13.577 DBG Sending COMMIT. senderID=1 sn=51 view=0
11:41:13.579 INF Committed entry. latency=0 nReq=64 sn=51
11:41:13.579 INF Delivered batch. nReq=64 sn=51
11:41:13.580 INF Get logEntry.Sn from. SegID=3 logEntry.Sn=51
11:41:13.580 DBG Starting timer. sn=55 view=0
11:41:14.551 DBG Batch ready. batchSize=4096
11:41:14.551 DBG Batch cut. left=0 nBuckets=16 nReq=64 next=0
11:41:14.551 DBG Waiting for batch. batchSize=4096
11:41:14.553 INF Sending PREPREPARE. nReq=64 senderID=1 sn=53 view=0
11:41:14.558 INF Handling PREPREPARE. nReq=64 senderID=0 sn=52
11:41:14.559 DBG Creating new Batch. nReq=64
11:41:14.563 INF Handling PREPREPARE. nReq=64 senderID=2 sn=54
11:41:14.563 DBG Creating new Batch. nReq=64
11:41:14.564 INF Handling PREPREPARE. nReq=64 senderID=3 sn=55
11:41:14.564 DBG Creating new Batch. nReq=64
11:41:14.571 DBG Sending COMMIT. senderID=1 sn=53 view=0
11:41:14.572 DBG Sending PREPARE. senderID=1 sn=52 view=0
11:41:14.572 DBG Sending COMMIT. senderID=1 sn=52 view=0
11:41:14.573 INF Committed entry. latency=0 nReq=64 sn=53
11:41:14.573 INF Get logEntry.Sn from. SegID=1 logEntry.Sn=53
11:41:14.573 DBG Starting timer. sn=57 view=0
11:41:14.574 DBG Sending PREPARE. senderID=1 sn=55 view=0
11:41:14.575 DBG Sending PREPARE. senderID=1 sn=54 view=0
11:41:14.575 DBG Sending COMMIT. senderID=1 sn=54 view=0
11:41:14.575 INF Committed entry. latency=0 nReq=64 sn=52
11:41:14.575 INF Delivered batch. nReq=64 sn=52
11:41:14.576 INF Delivered batch. nReq=64 sn=53
11:41:14.576 INF Get logEntry.Sn from. SegID=0 logEntry.Sn=52
11:41:14.576 DBG Starting timer. sn=56 view=0
11:41:14.576 DBG Sending COMMIT. senderID=1 sn=55 view=0
11:41:14.577 INF Committed entry. latency=0 nReq=64 sn=54
11:41:14.577 INF Delivered batch. nReq=64 sn=54
11:41:14.577 INF Get logEntry.Sn from. SegID=2 logEntry.Sn=54
11:41:14.577 DBG Starting timer. sn=58 view=0
11:41:14.578 INF Committed entry. latency=0 nReq=64 sn=55
11:41:14.578 INF Delivered batch. nReq=64 sn=55
11:41:14.578 INF Get logEntry.Sn from. SegID=3 logEntry.Sn=55
11:41:14.578 DBG Starting timer. sn=59 view=0
11:41:15.552 DBG Batch ready. batchSize=4096
11:41:15.553 DBG Batch cut. left=0 nBuckets=16 nReq=64 next=0
11:41:15.553 DBG Waiting for batch. batchSize=4096
11:41:15.554 INF Sending PREPREPARE. nReq=64 senderID=1 sn=57 view=0
11:41:15.561 INF Handling PREPREPARE. nReq=65 senderID=0 sn=56
11:41:15.561 DBG Creating new Batch. nReq=65
11:41:15.562 INF Handling PREPREPARE. nReq=64 senderID=2 sn=58
11:41:15.563 DBG Creating new Batch. nReq=64
11:41:15.566 INF Handling PREPREPARE. nReq=64 senderID=3 sn=59
11:41:15.566 DBG Creating new Batch. nReq=64
11:41:15.574 DBG Sending PREPARE. senderID=1 sn=56 view=0
11:41:15.576 DBG Sending PREPARE. senderID=1 sn=58 view=0
11:41:15.576 DBG Sending COMMIT. senderID=1 sn=57 view=0
11:41:15.576 DBG Sending COMMIT. senderID=1 sn=58 view=0
11:41:15.577 DBG Sending COMMIT. senderID=1 sn=56 view=0
11:41:15.577 DBG Sending PREPARE. senderID=1 sn=59 view=0
11:41:15.578 DBG Sending COMMIT. senderID=1 sn=59 view=0
11:41:15.578 INF Committed entry. latency=0 nReq=65 sn=56
11:41:15.578 INF Delivered batch. nReq=65 sn=56
11:41:15.578 INF Committed entry. latency=0 nReq=64 sn=58
11:41:15.578 INF Delivered batch. nReq=64 sn=57
11:41:15.578 INF Delivered batch. nReq=64 sn=58
11:41:15.578 INF Committed entry. latency=0 nReq=64 sn=57
11:41:15.579 INF Get logEntry.Sn from. SegID=0 logEntry.Sn=56
11:41:15.579 DBG Starting timer. sn=60 view=0
11:41:15.579 INF Get logEntry.Sn from. SegID=2 logEntry.Sn=58
11:41:15.579 DBG Starting timer. sn=62 view=0
11:41:15.579 INF Get logEntry.Sn from. SegID=1 logEntry.Sn=57
11:41:15.579 DBG Starting timer. sn=61 view=0
11:41:15.579 INF Committed entry. latency=0 nReq=64 sn=59
11:41:15.580 INF Delivered batch. nReq=64 sn=59
11:41:15.580 INF Get logEntry.Sn from. SegID=3 logEntry.Sn=59
11:41:15.580 DBG Starting timer. sn=63 view=0
11:41:16.553 DBG Batch ready. batchSize=4096
11:41:16.554 DBG Batch cut. left=0 nBuckets=16 nReq=65 next=0
11:41:16.555 DBG Waiting for batch. batchSize=4096
11:41:16.556 INF Sending PREPREPARE. nReq=65 senderID=1 sn=61 view=0
11:41:16.563 INF Handling PREPREPARE. nReq=64 senderID=0 sn=60
11:41:16.563 DBG Creating new Batch. nReq=64
11:41:16.564 INF Handling PREPREPARE. nReq=64 senderID=2 sn=62
11:41:16.564 DBG Creating new Batch. nReq=64
11:41:16.567 INF Handling PREPREPARE. nReq=64 senderID=3 sn=63
11:41:16.567 DBG Creating new Batch. nReq=64
11:41:16.574 DBG Sending PREPARE. senderID=1 sn=60 view=0
11:41:16.577 DBG Sending PREPARE. senderID=1 sn=63 view=0
11:41:16.577 DBG Sending PREPARE. senderID=1 sn=62 view=0
11:41:16.578 DBG Sending COMMIT. senderID=1 sn=60 view=0
11:41:16.578 DBG Sending COMMIT. senderID=1 sn=62 view=0
11:41:16.580 DBG Sending COMMIT. senderID=1 sn=63 view=0
11:41:16.580 DBG Sending COMMIT. senderID=1 sn=61 view=0
11:41:16.580 INF Committed entry. latency=0 nReq=64 sn=60
11:41:16.580 INF Committed entry. latency=0 nReq=64 sn=62
11:41:16.580 INF Delivered batch. nReq=64 sn=60
11:41:16.580 INF Committed entry. latency=0 nReq=65 sn=61
11:41:16.580 INF Delivered batch. nReq=65 sn=61
11:41:16.580 INF Delivered batch. nReq=64 sn=62
11:41:16.581 INF Get logEntry.Sn from. SegID=0 logEntry.Sn=60
11:41:16.581 DBG Starting timer. sn=64 view=0
11:41:16.581 INF Get logEntry.Sn from. SegID=1 logEntry.Sn=61
11:41:16.581 INF Get logEntry.Sn from. SegID=2 logEntry.Sn=62
11:41:16.581 DBG Starting timer. sn=65 view=0
11:41:16.581 INF Committed entry. latency=0 nReq=64 sn=63
11:41:16.581 DBG Starting timer. sn=66 view=0
11:41:16.581 INF Delivered batch. nReq=64 sn=63
11:41:16.581 INF Get logEntry.Sn from. SegID=3 logEntry.Sn=63
11:41:16.582 DBG Starting timer. sn=67 view=0
11:41:17.556 DBG Batch ready. batchSize=4096
11:41:17.556 DBG Batch cut. left=0 nBuckets=16 nReq=64 next=0
11:41:17.556 DBG Waiting for batch. batchSize=4096
11:41:17.558 INF Sending PREPREPARE. nReq=64 senderID=1 sn=65 view=0
11:41:17.564 INF Handling PREPREPARE. nReq=64 senderID=0 sn=64
11:41:17.564 DBG Creating new Batch. nReq=64
11:41:17.567 INF Handling PREPREPARE. nReq=65 senderID=2 sn=66
11:41:17.567 DBG Creating new Batch. nReq=65
11:41:17.569 INF Handling PREPREPARE. nReq=64 senderID=3 sn=67
11:41:17.569 DBG Creating new Batch. nReq=64
11:41:17.573 DBG Sending PREPARE. senderID=1 sn=64 view=0
11:41:17.579 DBG Sending COMMIT. senderID=1 sn=64 view=0
11:41:17.579 DBG Sending PREPARE. senderID=1 sn=66 view=0
11:41:17.580 DBG Sending COMMIT. senderID=1 sn=66 view=0
11:41:17.580 DBG Sending PREPARE. senderID=1 sn=67 view=0
11:41:17.580 DBG Sending COMMIT. senderID=1 sn=65 view=0
11:41:17.580 DBG Sending COMMIT. senderID=1 sn=67 view=0
11:41:17.580 INF Committed entry. latency=0 nReq=64 sn=64
11:41:17.581 INF Delivered batch. nReq=64 sn=64
11:41:17.581 INF Get logEntry.Sn from. SegID=0 logEntry.Sn=64
11:41:17.581 DBG Starting timer. sn=68 view=0
11:41:17.581 INF Committed entry. latency=0 nReq=65 sn=66
11:41:17.582 INF Get logEntry.Sn from. SegID=2 logEntry.Sn=66
11:41:17.582 DBG Starting timer. sn=70 view=0
11:41:17.582 INF Committed entry. latency=0 nReq=64 sn=65
11:41:17.582 INF Committed entry. latency=0 nReq=64 sn=67
11:41:17.583 INF Delivered batch. nReq=64 sn=65
11:41:17.583 INF Delivered batch. nReq=65 sn=66
11:41:17.584 INF Delivered batch. nReq=64 sn=67
11:41:17.584 INF Get logEntry.Sn from. SegID=1 logEntry.Sn=65
11:41:17.585 DBG Starting timer. sn=69 view=0
11:41:17.585 INF Get logEntry.Sn from. SegID=3 logEntry.Sn=67
11:41:17.585 DBG Starting timer. sn=71 view=0
11:41:18.557 DBG Batch ready. batchSize=4096
11:41:18.557 DBG Batch cut. left=0 nBuckets=16 nReq=64 next=0
11:41:18.558 DBG Waiting for batch. batchSize=4096
11:41:18.559 INF Sending PREPREPARE. nReq=64 senderID=1 sn=69 view=0
11:41:18.565 INF Handling PREPREPARE. nReq=64 senderID=0 sn=68
11:41:18.565 DBG Creating new Batch. nReq=64
11:41:18.569 INF Handling PREPREPARE. nReq=64 senderID=2 sn=70
11:41:18.569 DBG Creating new Batch. nReq=64
11:41:18.571 INF Handling PREPREPARE. nReq=64 senderID=3 sn=71
11:41:18.571 DBG Creating new Batch. nReq=64
11:41:18.577 DBG Sending PREPARE. senderID=1 sn=68 view=0
11:41:18.579 DBG Sending COMMIT. senderID=1 sn=68 view=0
11:41:18.579 DBG Sending PREPARE. senderID=1 sn=71 view=0
11:41:18.580 INF Committed entry. latency=0 nReq=64 sn=68
11:41:18.580 INF Delivered batch. nReq=64 sn=68
11:41:18.581 INF Get logEntry.Sn from. SegID=0 logEntry.Sn=68
11:41:18.581 DBG Starting timer. sn=72 view=0
11:41:18.581 DBG Sending PREPARE. senderID=1 sn=70 view=0
11:41:18.581 DBG Sending COMMIT. senderID=1 sn=70 view=0
11:41:18.581 DBG Sending COMMIT. senderID=1 sn=69 view=0
11:41:18.583 DBG Sending COMMIT. senderID=1 sn=71 view=0
11:41:18.583 INF Committed entry. latency=0 nReq=64 sn=70
11:41:18.583 INF Committed entry. latency=0 nReq=64 sn=69
11:41:18.583 INF Delivered batch. nReq=64 sn=69
11:41:18.584 INF Delivered batch. nReq=64 sn=70
11:41:18.584 INF Get logEntry.Sn from. SegID=2 logEntry.Sn=70
11:41:18.584 DBG Starting timer. sn=74 view=0
11:41:18.584 INF Get logEntry.Sn from. SegID=1 logEntry.Sn=69
11:41:18.584 DBG Starting timer. sn=73 view=0
11:41:18.585 INF Committed entry. latency=0 nReq=64 sn=71
11:41:18.585 INF Delivered batch. nReq=64 sn=71
11:41:18.585 INF Get logEntry.Sn from. SegID=3 logEntry.Sn=71
11:41:18.585 DBG Starting timer. sn=75 view=0
11:41:19.559 DBG Batch ready. batchSize=4096
11:41:19.559 DBG Batch cut. left=0 nBuckets=16 nReq=64 next=0
11:41:19.560 DBG Waiting for batch. batchSize=4096
11:41:19.561 INF Sending PREPREPARE. nReq=64 senderID=1 sn=73 view=0
11:41:19.566 INF Handling PREPREPARE. nReq=64 senderID=0 sn=72
11:41:19.566 DBG Creating new Batch. nReq=64
11:41:19.572 INF Handling PREPREPARE. nReq=64 senderID=2 sn=74
11:41:19.572 DBG Creating new Batch. nReq=64
11:41:19.572 INF Handling PREPREPARE. nReq=64 senderID=3 sn=75
11:41:19.572 DBG Creating new Batch. nReq=64
11:41:19.575 DBG Sending PREPARE. senderID=1 sn=72 view=0
11:41:19.576 DBG Sending COMMIT. senderID=1 sn=72 view=0
11:41:19.582 DBG Sending PREPARE. senderID=1 sn=75 view=0
11:41:19.583 DBG Sending PREPARE. senderID=1 sn=74 view=0
11:41:19.593 DBG Sending COMMIT. senderID=1 sn=73 view=0
11:41:19.593 DBG Sending COMMIT. senderID=1 sn=74 view=0
11:41:19.593 INF Committed entry. latency=0 nReq=64 sn=72
11:41:19.593 DBG Sending COMMIT. senderID=1 sn=75 view=0
11:41:19.593 INF Delivered batch. nReq=64 sn=72
11:41:19.593 INF Committed entry. latency=0 nReq=64 sn=73
11:41:19.593 INF Delivered batch. nReq=64 sn=73
11:41:19.593 INF Delivered batch. nReq=64 sn=74
11:41:19.593 INF Committed entry. latency=0 nReq=64 sn=74
11:41:19.594 INF Committed entry. latency=0 nReq=64 sn=75
11:41:19.594 INF Delivered batch. nReq=64 sn=75
11:41:19.594 INF Get logEntry.Sn from. SegID=0 logEntry.Sn=72
11:41:19.594 INF Get logEntry.Sn from. SegID=1 logEntry.Sn=73
11:41:19.594 DBG Starting timer. sn=76 view=0
11:41:19.594 INF Get logEntry.Sn from. SegID=3 logEntry.Sn=75
11:41:19.594 DBG Starting timer. sn=77 view=0
11:41:19.594 INF Get logEntry.Sn from. SegID=2 logEntry.Sn=74
11:41:19.594 DBG Starting timer. sn=79 view=0
11:41:19.594 DBG Starting timer. sn=78 view=0
11:41:20.561 DBG Batch ready. batchSize=4096
11:41:20.561 DBG Batch cut. left=0 nBuckets=16 nReq=64 next=0
11:41:20.562 DBG Waiting for batch. batchSize=4096
11:41:20.563 INF Sending PREPREPARE. nReq=64 senderID=1 sn=77 view=0
11:41:20.568 INF Handling PREPREPARE. nReq=64 senderID=0 sn=76
11:41:20.569 DBG Creating new Batch. nReq=64
11:41:20.573 INF Handling PREPREPARE. nReq=64 senderID=2 sn=78
11:41:20.573 DBG Creating new Batch. nReq=64
11:41:20.577 INF Handling PREPREPARE. nReq=65 senderID=3 sn=79
11:41:20.577 DBG Creating new Batch. nReq=65
11:41:20.581 DBG Sending PREPARE. senderID=1 sn=76 view=0
11:41:20.583 DBG Sending COMMIT. senderID=1 sn=76 view=0
11:41:20.585 INF Committed entry. latency=0 nReq=64 sn=76
11:41:20.585 INF Delivered batch. nReq=64 sn=76
11:41:20.585 INF Get logEntry.Sn from. SegID=0 logEntry.Sn=76
11:41:20.585 DBG Starting timer. sn=80 view=0
11:41:20.585 DBG Sending PREPARE. senderID=1 sn=78 view=0
11:41:20.585 DBG Sending COMMIT. senderID=1 sn=78 view=0
11:41:20.587 DBG Sending PREPARE. senderID=1 sn=79 view=0
11:41:20.587 DBG Sending COMMIT. senderID=1 sn=77 view=0
11:41:20.589 INF Committed entry. latency=0 nReq=64 sn=78
11:41:20.589 INF Get logEntry.Sn from. SegID=2 logEntry.Sn=78
11:41:20.589 DBG Starting timer. sn=82 view=0
11:41:20.589 INF Committed entry. latency=0 nReq=64 sn=77
11:41:20.589 INF Delivered batch. nReq=64 sn=77
11:41:20.590 INF Delivered batch. nReq=64 sn=78
11:41:20.590 INF Get logEntry.Sn from. SegID=1 logEntry.Sn=77
11:41:20.590 DBG Starting timer. sn=81 view=0
11:41:20.590 DBG Sending COMMIT. senderID=1 sn=79 view=0
11:41:20.591 INF Committed entry. latency=0 nReq=65 sn=79
11:41:20.591 INF Delivered batch. nReq=65 sn=79
11:41:20.591 INF Get logEntry.Sn from. SegID=3 logEntry.Sn=79
11:41:20.591 DBG Starting timer. sn=83 view=0
11:41:21.562 DBG Batch ready. batchSize=4096
11:41:21.563 DBG Batch cut. left=0 nBuckets=16 nReq=64 next=0
11:41:21.563 DBG Waiting for batch. batchSize=4096
11:41:21.564 INF Sending PREPREPARE. nReq=64 senderID=1 sn=81 view=0
11:41:21.571 INF Handling PREPREPARE. nReq=64 senderID=0 sn=80
11:41:21.571 DBG Creating new Batch. nReq=64
11:41:21.574 INF Handling PREPREPARE. nReq=64 senderID=2 sn=82
11:41:21.574 DBG Creating new Batch. nReq=64
11:41:21.577 INF Handling PREPREPARE. nReq=64 senderID=3 sn=83
11:41:21.577 DBG Creating new Batch. nReq=64
11:41:21.581 DBG Sending PREPARE. senderID=1 sn=80 view=0
11:41:21.585 DBG Sending PREPARE. senderID=1 sn=82 view=0
11:41:21.585 DBG Sending PREPARE. senderID=1 sn=83 view=0
11:41:21.586 DBG Sending COMMIT. senderID=1 sn=83 view=0
11:41:21.587 DBG Sending COMMIT. senderID=1 sn=82 view=0
11:41:21.587 DBG Sending COMMIT. senderID=1 sn=80 view=0
11:41:21.588 DBG Sending COMMIT. senderID=1 sn=81 view=0
11:41:21.588 INF Committed entry. latency=0 nReq=64 sn=80
11:41:21.588 INF Delivered batch. nReq=64 sn=80
11:41:21.589 INF Get logEntry.Sn from. SegID=0 logEntry.Sn=80
11:41:21.589 DBG Starting timer. sn=84 view=0
11:41:21.589 INF Committed entry. latency=0 nReq=64 sn=81
11:41:21.589 INF Delivered batch. nReq=64 sn=81
11:41:21.589 INF Get logEntry.Sn from. SegID=1 logEntry.Sn=81
11:41:21.589 INF Committed entry. latency=0 nReq=64 sn=83
11:41:21.589 DBG Starting timer. sn=85 view=0
11:41:21.590 INF Committed entry. latency=0 nReq=64 sn=82
11:41:21.590 INF Delivered batch. nReq=64 sn=82
11:41:21.590 INF Delivered batch. nReq=64 sn=83
11:41:21.590 INF Get logEntry.Sn from. SegID=3 logEntry.Sn=83
11:41:21.590 DBG Starting timer. sn=87 view=0
11:41:21.590 INF Get logEntry.Sn from. SegID=2 logEntry.Sn=82
11:41:21.591 DBG Starting timer. sn=86 view=0
11:41:22.564 DBG Batch ready. batchSize=4096
11:41:22.565 DBG Batch cut. left=0 nBuckets=16 nReq=64 next=0
11:41:22.565 DBG Waiting for batch. batchSize=4096
11:41:22.566 INF Sending PREPREPARE. nReq=64 senderID=1 sn=85 view=0
11:41:22.572 INF Handling PREPREPARE. nReq=64 senderID=0 sn=84
11:41:22.572 DBG Creating new Batch. nReq=64
11:41:22.576 INF Handling PREPREPARE. nReq=64 senderID=2 sn=86
11:41:22.577 DBG Creating new Batch. nReq=64
11:41:22.581 INF Handling PREPREPARE. nReq=64 senderID=3 sn=87
11:41:22.581 DBG Creating new Batch. nReq=64
11:41:22.582 DBG Sending PREPARE. senderID=1 sn=84 view=0
11:41:22.583 DBG Sending COMMIT. senderID=1 sn=84 view=0
11:41:22.585 DBG Sending PREPARE. senderID=1 sn=86 view=0
11:41:22.586 DBG Sending COMMIT. senderID=1 sn=85 view=0
11:41:22.586 INF Committed entry. latency=0 nReq=64 sn=84
11:41:22.586 INF Delivered batch. nReq=64 sn=84
11:41:22.587 INF Get logEntry.Sn from. SegID=0 logEntry.Sn=84
11:41:22.587 DBG Starting timer. sn=88 view=0
11:41:22.588 INF Committed entry. latency=0 nReq=64 sn=85
11:41:22.588 INF Delivered batch. nReq=64 sn=85
11:41:22.588 INF Get logEntry.Sn from. SegID=1 logEntry.Sn=85
11:41:22.588 DBG Sending COMMIT. senderID=1 sn=86 view=0
11:41:22.588 DBG Starting timer. sn=89 view=0
11:41:22.590 DBG Sending PREPARE. senderID=1 sn=87 view=0
11:41:22.591 INF Committed entry. latency=0 nReq=64 sn=86
11:41:22.591 INF Delivered batch. nReq=64 sn=86
11:41:22.591 INF Get logEntry.Sn from. SegID=2 logEntry.Sn=86
11:41:22.591 DBG Starting timer. sn=90 view=0
11:41:22.591 DBG Sending COMMIT. senderID=1 sn=87 view=0
11:41:22.593 INF Committed entry. latency=0 nReq=64 sn=87
11:41:22.593 INF Delivered batch. nReq=64 sn=87
11:41:22.593 INF Get logEntry.Sn from. SegID=3 logEntry.Sn=87
11:41:22.593 DBG Starting timer. sn=91 view=0
11:41:23.566 DBG Batch ready. batchSize=4096
11:41:23.566 DBG Batch cut. left=0 nBuckets=16 nReq=64 next=0
11:41:23.566 DBG Waiting for batch. batchSize=4096
11:41:23.569 INF Sending PREPREPARE. nReq=64 senderID=1 sn=89 view=0
11:41:23.573 INF Handling PREPREPARE. nReq=65 senderID=0 sn=88
11:41:23.573 DBG Creating new Batch. nReq=65
11:41:23.578 INF Handling PREPREPARE. nReq=64 senderID=2 sn=90
11:41:23.579 DBG Creating new Batch. nReq=64
11:41:23.584 INF Handling PREPREPARE. nReq=64 senderID=3 sn=91
11:41:23.584 DBG Creating new Batch. nReq=64
11:41:23.585 DBG Sending PREPARE. senderID=1 sn=88 view=0
11:41:23.585 DBG Sending COMMIT. senderID=1 sn=88 view=0
11:41:23.588 INF Committed entry. latency=0 nReq=65 sn=88
11:41:23.588 INF Delivered batch. nReq=65 sn=88
11:41:23.588 INF Get logEntry.Sn from. SegID=0 logEntry.Sn=88
11:41:23.588 DBG Starting timer. sn=92 view=0
11:41:23.589 DBG Sending COMMIT. senderID=1 sn=89 view=0
11:41:23.591 INF Committed entry. latency=0 nReq=64 sn=89
11:41:23.591 INF Delivered batch. nReq=64 sn=89
11:41:23.591 INF Get logEntry.Sn from. SegID=1 logEntry.Sn=89
11:41:23.591 DBG Starting timer. sn=93 view=0
11:41:23.592 DBG Sending PREPARE. senderID=1 sn=90 view=0
11:41:23.592 DBG Sending COMMIT. senderID=1 sn=90 view=0
11:41:23.592 INF Committed entry. latency=0 nReq=64 sn=90
11:41:23.592 INF Delivered batch. nReq=64 sn=90
11:41:23.593 INF Get logEntry.Sn from. SegID=2 logEntry.Sn=90
11:41:23.593 DBG Starting timer. sn=94 view=0
11:41:23.593 DBG Sending PREPARE. senderID=1 sn=91 view=0
11:41:23.594 DBG Sending COMMIT. senderID=1 sn=91 view=0
11:41:23.594 INF Committed entry. latency=0 nReq=64 sn=91
11:41:23.594 INF Delivered batch. nReq=64 sn=91
11:41:23.594 INF Get logEntry.Sn from. SegID=3 logEntry.Sn=91
11:41:23.595 DBG Starting timer. sn=95 view=0
11:41:24.568 DBG Batch ready. batchSize=4096
11:41:24.568 DBG Batch cut. left=0 nBuckets=16 nReq=64 next=0
11:41:24.568 DBG Waiting for batch. batchSize=4096
11:41:24.570 INF Sending PREPREPARE. nReq=64 senderID=1 sn=93 view=0
11:41:24.576 INF Handling PREPREPARE. nReq=64 senderID=0 sn=92
11:41:24.576 DBG Creating new Batch. nReq=64
11:41:24.580 INF Handling PREPREPARE. nReq=64 senderID=2 sn=94
11:41:24.580 DBG Creating new Batch. nReq=64
11:41:24.583 INF Handling PREPREPARE. nReq=64 senderID=3 sn=95
11:41:24.583 DBG Creating new Batch. nReq=64
11:41:24.584 DBG Sending PREPARE. senderID=1 sn=92 view=0
11:41:24.587 DBG Sending COMMIT. senderID=1 sn=92 view=0
11:41:24.590 INF Committed entry. latency=0 nReq=64 sn=92
11:41:24.590 INF Delivered batch. nReq=64 sn=92
11:41:24.590 INF Get logEntry.Sn from. SegID=0 logEntry.Sn=92
11:41:24.591 DBG Starting timer. sn=96 view=0
11:41:24.592 DBG Sending PREPARE. senderID=1 sn=94 view=0
11:41:24.593 DBG Sending COMMIT. senderID=1 sn=93 view=0
11:41:24.594 DBG Sending PREPARE. senderID=1 sn=95 view=0
11:41:24.595 DBG Sending COMMIT. senderID=1 sn=95 view=0
11:41:24.595 INF Committed entry. latency=0 nReq=64 sn=93
11:41:24.595 DBG Sending COMMIT. senderID=1 sn=94 view=0
11:41:24.595 INF Delivered batch. nReq=64 sn=93
11:41:24.595 INF Get logEntry.Sn from. SegID=1 logEntry.Sn=93
11:41:24.596 DBG Starting timer. sn=97 view=0
11:41:24.597 INF Committed entry. latency=0 nReq=64 sn=94
11:41:24.597 INF Delivered batch. nReq=64 sn=94
11:41:24.597 INF Get logEntry.Sn from. SegID=2 logEntry.Sn=94
11:41:24.597 DBG Starting timer. sn=98 view=0
11:41:24.598 INF Committed entry. latency=0 nReq=64 sn=95
11:41:24.598 INF Delivered batch. nReq=64 sn=95
11:41:24.598 INF Get logEntry.Sn from. SegID=3 logEntry.Sn=95
11:41:24.598 DBG Starting timer. sn=99 view=0
11:41:25.570 DBG Batch ready. batchSize=4096
11:41:25.571 DBG Batch cut. left=0 nBuckets=16 nReq=65 next=0
11:41:25.571 DBG Waiting for batch. batchSize=4096
11:41:25.573 INF Sending PREPREPARE. nReq=65 senderID=1 sn=97 view=0
11:41:25.576 INF Handling PREPREPARE. nReq=64 senderID=0 sn=96
11:41:25.576 DBG Creating new Batch. nReq=64
11:41:25.581 INF Handling PREPREPARE. nReq=64 senderID=2 sn=98
11:41:25.581 DBG Creating new Batch. nReq=64
11:41:25.587 DBG Sending PREPARE. senderID=1 sn=96 view=0
11:41:25.587 DBG Sending COMMIT. senderID=1 sn=96 view=0
11:41:25.589 INF Handling PREPREPARE. nReq=64 senderID=3 sn=99
11:41:25.590 DBG Creating new Batch. nReq=64
11:41:25.591 DBG Sending PREPARE. senderID=1 sn=98 view=0
11:41:25.591 INF Committed entry. latency=0 nReq=64 sn=96
11:41:25.591 INF Delivered batch. nReq=64 sn=96
11:41:25.591 INF Get logEntry.Sn from. SegID=0 logEntry.Sn=96
11:41:25.591 DBG Starting timer. sn=100 view=0
11:41:25.594 DBG Sending COMMIT. senderID=1 sn=97 view=0
11:41:25.595 DBG Sending COMMIT. senderID=1 sn=98 view=0
11:41:25.596 INF Committed entry. latency=0 nReq=64 sn=98
11:41:25.596 INF Committed entry. latency=0 nReq=65 sn=97
11:41:25.596 INF Delivered batch. nReq=65 sn=97
11:41:25.597 INF Delivered batch. nReq=64 sn=98
11:41:25.597 INF Get logEntry.Sn from. SegID=2 logEntry.Sn=98
11:41:25.597 INF Get logEntry.Sn from. SegID=1 logEntry.Sn=97
11:41:25.597 DBG Starting timer. sn=102 view=0
11:41:25.597 DBG Starting timer. sn=101 view=0
11:41:25.598 DBG Sending PREPARE. senderID=1 sn=99 view=0
11:41:25.599 DBG Sending COMMIT. senderID=1 sn=99 view=0
11:41:25.600 INF Committed entry. latency=0 nReq=64 sn=99
11:41:25.601 INF Delivered batch. nReq=64 sn=99
11:41:25.601 INF Get logEntry.Sn from. SegID=3 logEntry.Sn=99
11:41:25.601 DBG Starting timer. sn=103 view=0
11:41:26.572 DBG Batch ready. batchSize=4096
11:41:26.572 DBG Batch cut. left=0 nBuckets=16 nReq=64 next=0
11:41:26.572 DBG Waiting for batch. batchSize=4096
11:41:26.575 INF Sending PREPREPARE. nReq=64 senderID=1 sn=101 view=0
11:41:26.578 INF Handling PREPREPARE. nReq=64 senderID=0 sn=100
11:41:26.578 DBG Creating new Batch. nReq=64
11:41:26.582 INF Handling PREPREPARE. nReq=64 senderID=2 sn=102
11:41:26.582 DBG Creating new Batch. nReq=64
11:41:26.587 DBG Sending PREPARE. senderID=1 sn=100 view=0
11:41:26.589 DBG Sending COMMIT. senderID=1 sn=100 view=0
11:41:26.589 INF Handling PREPREPARE. nReq=64 senderID=3 sn=103
11:41:26.590 DBG Creating new Batch. nReq=64
11:41:26.591 INF Committed entry. latency=0 nReq=64 sn=100
11:41:26.591 INF Delivered batch. nReq=64 sn=100
11:41:26.591 INF Get logEntry.Sn from. SegID=0 logEntry.Sn=100
11:41:26.591 DBG Starting timer. sn=104 view=0
11:41:26.596 DBG Sending PREPARE. senderID=1 sn=102 view=0
11:41:26.596 DBG Sending COMMIT. senderID=1 sn=101 view=0
11:41:26.596 DBG Sending COMMIT. senderID=1 sn=102 view=0
11:41:26.597 INF Committed entry. latency=0 nReq=64 sn=101
11:41:26.598 INF Delivered batch. nReq=64 sn=101
11:41:26.598 INF Get logEntry.Sn from. SegID=1 logEntry.Sn=101
11:41:26.598 DBG Starting timer. sn=105 view=0
11:41:26.599 DBG Sending PREPARE. senderID=1 sn=103 view=0
11:41:26.599 INF Committed entry. latency=0 nReq=64 sn=102
11:41:26.599 DBG Sending COMMIT. senderID=1 sn=103 view=0
11:41:26.599 INF Delivered batch. nReq=64 sn=102
11:41:26.599 INF Get logEntry.Sn from. SegID=2 logEntry.Sn=102
11:41:26.599 DBG Starting timer. sn=106 view=0
11:41:26.600 INF Committed entry. latency=0 nReq=64 sn=103
11:41:26.600 INF Delivered batch. nReq=64 sn=103
11:41:26.600 INF Get logEntry.Sn from. SegID=3 logEntry.Sn=103
11:41:26.600 DBG Starting timer. sn=107 view=0
11:41:27.574 DBG Batch ready. batchSize=4096
11:41:27.574 DBG Batch cut. left=0 nBuckets=16 nReq=64 next=0
11:41:27.574 DBG Waiting for batch. batchSize=4096
11:41:27.576 INF Sending PREPREPARE. nReq=64 senderID=1 sn=105 view=0
11:41:27.579 INF Handling PREPREPARE. nReq=64 senderID=0 sn=104
11:41:27.580 DBG Creating new Batch. nReq=64
11:41:27.586 DBG Sending PREPARE. senderID=1 sn=104 view=0
11:41:27.586 INF Handling PREPREPARE. nReq=65 senderID=2 sn=106
11:41:27.586 DBG Creating new Batch. nReq=65
11:41:27.590 INF Handling PREPREPARE. nReq=65 senderID=3 sn=107
11:41:27.590 DBG Creating new Batch. nReq=65
11:41:27.591 DBG Sending COMMIT. senderID=1 sn=104 view=0
11:41:27.593 INF Committed entry. latency=0 nReq=64 sn=104
11:41:27.594 INF Delivered batch. nReq=64 sn=104
11:41:27.594 INF Get logEntry.Sn from. SegID=0 logEntry.Sn=104
11:41:27.594 DBG Starting timer. sn=108 view=0
11:41:27.594 DBG Sending COMMIT. senderID=1 sn=105 view=0
11:41:27.597 INF Committed entry. latency=0 nReq=64 sn=105
11:41:27.597 INF Delivered batch. nReq=64 sn=105
11:41:27.597 INF Get logEntry.Sn from. SegID=1 logEntry.Sn=105
11:41:27.597 DBG Starting timer. sn=109 view=0
11:41:27.598 DBG Sending PREPARE. senderID=1 sn=106 view=0
11:41:27.599 DBG Sending PREPARE. senderID=1 sn=107 view=0
11:41:27.599 DBG Sending COMMIT. senderID=1 sn=106 view=0
11:41:27.601 DBG Sending COMMIT. senderID=1 sn=107 view=0
11:41:27.602 INF Committed entry. latency=0 nReq=65 sn=107
11:41:27.602 INF Delivered batch. nReq=65 sn=106
11:41:27.602 INF Delivered batch. nReq=65 sn=107
11:41:27.602 INF Committed entry. latency=0 nReq=65 sn=106
11:41:27.602 INF Get logEntry.Sn from. SegID=3 logEntry.Sn=107
11:41:27.602 INF Get logEntry.Sn from. SegID=2 logEntry.Sn=106
11:41:27.603 DBG Starting timer. sn=111 view=0
11:41:27.603 DBG Starting timer. sn=110 view=0
11:41:28.575 DBG Batch ready. batchSize=4096
11:41:28.575 DBG Batch cut. left=0 nBuckets=16 nReq=64 next=0
11:41:28.576 DBG Waiting for batch. batchSize=4096
11:41:28.577 INF Sending PREPREPARE. nReq=64 senderID=1 sn=109 view=0
11:41:28.581 INF Handling PREPREPARE. nReq=64 senderID=0 sn=108
11:41:28.581 DBG Creating new Batch. nReq=64
11:41:28.588 DBG Sending PREPARE. senderID=1 sn=108 view=0
11:41:28.591 INF Handling PREPREPARE. nReq=64 senderID=3 sn=111
11:41:28.591 DBG Creating new Batch. nReq=64
11:41:28.592 INF Handling PREPREPARE. nReq=64 senderID=2 sn=110
11:41:28.592 DBG Creating new Batch. nReq=64
11:41:28.593 DBG Sending COMMIT. senderID=1 sn=108 view=0
11:41:28.594 INF Committed entry. latency=0 nReq=64 sn=108
11:41:28.594 INF Delivered batch. nReq=64 sn=108
11:41:28.594 INF Get logEntry.Sn from. SegID=0 logEntry.Sn=108
11:41:28.594 DBG Starting timer. sn=112 view=0
11:41:28.596 DBG Sending COMMIT. senderID=1 sn=109 view=0
11:41:28.597 INF Committed entry. latency=0 nReq=64 sn=109
11:41:28.598 INF Delivered batch. nReq=64 sn=109
11:41:28.598 INF Get logEntry.Sn from. SegID=1 logEntry.Sn=109
11:41:28.598 DBG Starting timer. sn=113 view=0
11:41:28.603 DBG Sending PREPARE. senderID=1 sn=111 view=0
11:41:28.603 DBG Sending COMMIT. senderID=1 sn=111 view=0
11:41:28.603 DBG Sending PREPARE. senderID=1 sn=110 view=0
11:41:28.603 DBG Sending COMMIT. senderID=1 sn=110 view=0
11:41:28.604 INF Committed entry. latency=0 nReq=64 sn=110
11:41:28.604 INF Delivered batch. nReq=64 sn=110
11:41:28.605 INF Get logEntry.Sn from. SegID=2 logEntry.Sn=110
11:41:28.605 DBG Starting timer. sn=114 view=0
11:41:28.605 INF Committed entry. latency=0 nReq=64 sn=111
11:41:28.605 INF Delivered batch. nReq=64 sn=111
11:41:28.605 INF Get logEntry.Sn from. SegID=3 logEntry.Sn=111
11:41:28.606 DBG Starting timer. sn=115 view=0
11:41:29.577 DBG Batch ready. batchSize=4096
11:41:29.577 DBG Batch cut. left=0 nBuckets=16 nReq=64 next=0
11:41:29.577 DBG Waiting for batch. batchSize=4096
11:41:29.578 INF Sending PREPREPARE. nReq=64 senderID=1 sn=113 view=0
11:41:29.582 INF Handling PREPREPARE. nReq=64 senderID=0 sn=112
11:41:29.582 DBG Creating new Batch. nReq=64
11:41:29.590 INF Handling PREPREPARE. nReq=64 senderID=2 sn=114
11:41:29.590 DBG Creating new Batch. nReq=64
11:41:29.590 DBG Sending PREPARE. senderID=1 sn=112 view=0
11:41:29.594 INF Handling PREPREPARE. nReq=64 senderID=3 sn=115
11:41:29.594 DBG Creating new Batch. nReq=64
11:41:29.597 DBG Sending COMMIT. senderID=1 sn=112 view=0
11:41:29.597 DBG Sending COMMIT. senderID=1 sn=113 view=0
11:41:29.597 INF Committed entry. latency=0 nReq=64 sn=112
11:41:29.598 INF Delivered batch. nReq=64 sn=112
11:41:29.598 INF Get logEntry.Sn from. SegID=0 logEntry.Sn=112
11:41:29.598 DBG Starting timer. sn=116 view=0
11:41:29.599 DBG Sending PREPARE. senderID=1 sn=114 view=0
11:41:29.599 INF Committed entry. latency=0 nReq=64 sn=113
11:41:29.600 INF Delivered batch. nReq=64 sn=113
11:41:29.600 INF Get logEntry.Sn from. SegID=1 logEntry.Sn=113
11:41:29.600 DBG Starting timer. sn=117 view=0
11:41:29.601 DBG Sending COMMIT. senderID=1 sn=114 view=0
11:41:29.603 INF Committed entry. latency=0 nReq=64 sn=114
11:41:29.603 INF Delivered batch. nReq=64 sn=114
11:41:29.603 INF Get logEntry.Sn from. SegID=2 logEntry.Sn=114
11:41:29.603 DBG Starting timer. sn=118 view=0
11:41:29.604 DBG Sending PREPARE. senderID=1 sn=115 view=0
11:41:29.605 DBG Sending COMMIT. senderID=1 sn=115 view=0
11:41:29.607 INF Committed entry. latency=0 nReq=64 sn=115
11:41:29.607 INF Delivered batch. nReq=64 sn=115
11:41:29.607 INF Get logEntry.Sn from. SegID=3 logEntry.Sn=115
11:41:29.608 DBG Starting timer. sn=119 view=0
11:41:30.578 DBG Batch ready. batchSize=4096
11:41:30.578 DBG Batch cut. left=0 nBuckets=16 nReq=64 next=0
11:41:30.578 DBG Waiting for batch. batchSize=4096
11:41:30.580 INF Sending PREPREPARE. nReq=64 senderID=1 sn=117 view=0
11:41:30.583 INF Handling PREPREPARE. nReq=64 senderID=0 sn=116
11:41:30.583 DBG Creating new Batch. nReq=64
11:41:30.591 INF Handling PREPREPARE. nReq=64 senderID=2 sn=118
11:41:30.591 DBG Creating new Batch. nReq=64
11:41:30.592 INF Handling PREPREPARE. nReq=64 senderID=3 sn=119
11:41:30.592 DBG Creating new Batch. nReq=64
11:41:30.594 DBG Sending PREPARE. senderID=1 sn=116 view=0
11:41:30.594 DBG Sending COMMIT. senderID=1 sn=116 view=0
11:41:30.595 INF Committed entry. latency=0 nReq=64 sn=116
11:41:30.595 INF Delivered batch. nReq=64 sn=116
11:41:30.595 INF Get logEntry.Sn from. SegID=0 logEntry.Sn=116
11:41:30.595 DBG Starting timer. sn=120 view=0
11:41:30.600 DBG Sending COMMIT. senderID=1 sn=117 view=0
11:41:30.602 INF Committed entry. latency=0 nReq=64 sn=117
11:41:30.602 INF Delivered batch. nReq=64 sn=117
11:41:30.602 INF Get logEntry.Sn from. SegID=1 logEntry.Sn=117
11:41:30.602 DBG Starting timer. sn=121 view=0
11:41:30.603 DBG Sending PREPARE. senderID=1 sn=118 view=0
11:41:30.604 DBG Sending PREPARE. senderID=1 sn=119 view=0
11:41:30.605 DBG Sending COMMIT. senderID=1 sn=118 view=0
11:41:30.605 DBG Sending COMMIT. senderID=1 sn=119 view=0
11:41:30.606 INF Committed entry. latency=0 nReq=64 sn=119
11:41:30.607 INF Committed entry. latency=0 nReq=64 sn=118
11:41:30.607 INF Delivered batch. nReq=64 sn=118
11:41:30.607 INF Delivered batch. nReq=64 sn=119
11:41:30.607 INF Get logEntry.Sn from. SegID=3 logEntry.Sn=119
11:41:30.607 DBG Starting timer. sn=123 view=0
11:41:30.607 INF Get logEntry.Sn from. SegID=2 logEntry.Sn=118
11:41:30.607 DBG Starting timer. sn=122 view=0
11:41:31.579 DBG Batch ready. batchSize=4096
11:41:31.579 DBG Batch cut. left=0 nBuckets=16 nReq=64 next=0
11:41:31.579 DBG Waiting for batch. batchSize=4096
11:41:31.581 INF Sending PREPREPARE. nReq=64 senderID=1 sn=121 view=0
11:41:31.587 INF Handling PREPREPARE. nReq=64 senderID=0 sn=120
11:41:31.587 DBG Creating new Batch. nReq=64
11:41:31.593 INF Handling PREPREPARE. nReq=64 senderID=2 sn=122
11:41:31.593 DBG Creating new Batch. nReq=64
11:41:31.597 INF Handling PREPREPARE. nReq=64 senderID=3 sn=123
11:41:31.597 DBG Creating new Batch. nReq=64
11:41:31.602 DBG Sending COMMIT. senderID=1 sn=121 view=0
11:41:31.603 DBG Sending PREPARE. senderID=1 sn=120 view=0
11:41:31.604 INF Committed entry. latency=0 nReq=64 sn=121
11:41:31.604 DBG Sending COMMIT. senderID=1 sn=120 view=0
11:41:31.604 INF Get logEntry.Sn from. SegID=1 logEntry.Sn=121
11:41:31.604 DBG Starting timer. sn=125 view=0
11:41:31.604 DBG Sending PREPARE. senderID=1 sn=122 view=0
11:41:31.604 INF Committed entry. latency=0 nReq=64 sn=120
11:41:31.604 DBG Sending COMMIT. senderID=1 sn=122 view=0
11:41:31.604 INF Delivered batch. nReq=64 sn=120
11:41:31.605 INF Delivered batch. nReq=64 sn=121
11:41:31.605 INF Get logEntry.Sn from. SegID=0 logEntry.Sn=120
11:41:31.605 DBG Starting timer. sn=124 view=0
11:41:31.606 DBG Sending PREPARE. senderID=1 sn=123 view=0
11:41:31.606 INF Committed entry. latency=0 nReq=64 sn=122
11:41:31.606 INF Delivered batch. nReq=64 sn=122
11:41:31.606 INF Get logEntry.Sn from. SegID=2 logEntry.Sn=122
11:41:31.606 DBG Sending COMMIT. senderID=1 sn=123 view=0
11:41:31.606 DBG Starting timer. sn=126 view=0
11:41:31.608 INF Committed entry. latency=0 nReq=64 sn=123
11:41:31.608 INF Delivered batch. nReq=64 sn=123
11:41:31.608 INF Get logEntry.Sn from. SegID=3 logEntry.Sn=123
11:41:31.608 DBG Starting timer. sn=127 view=0
11:41:32.581 DBG Batch ready. batchSize=4096
11:41:32.581 DBG Batch cut. left=0 nBuckets=16 nReq=64 next=0
11:41:32.581 DBG Waiting for batch. batchSize=4096
11:41:32.583 INF Sending PREPREPARE. nReq=64 senderID=1 sn=125 view=0
11:41:32.588 INF Handling PREPREPARE. nReq=64 senderID=0 sn=124
11:41:32.588 DBG Creating new Batch. nReq=64
11:41:32.595 INF Handling PREPREPARE. nReq=64 senderID=2 sn=126
11:41:32.595 DBG Creating new Batch. nReq=64
11:41:32.596 DBG Sending PREPARE. senderID=1 sn=124 view=0
11:41:32.597 INF Handling PREPREPARE. nReq=64 senderID=3 sn=127
11:41:32.597 DBG Creating new Batch. nReq=64
11:41:32.599 DBG Sending COMMIT. senderID=1 sn=124 view=0
11:41:32.602 INF Committed entry. latency=0 nReq=64 sn=124
11:41:32.602 INF Delivered batch. nReq=64 sn=124
11:41:32.602 INF Get logEntry.Sn from. SegID=0 logEntry.Sn=124
11:41:32.602 DBG Starting timer. sn=128 view=0
11:41:32.603 DBG Sending COMMIT. senderID=1 sn=125 view=0
11:41:32.604 INF Committed entry. latency=0 nReq=64 sn=125
11:41:32.604 INF Delivered batch. nReq=64 sn=125
11:41:32.604 INF Get logEntry.Sn from. SegID=1 logEntry.Sn=125
11:41:32.604 DBG Starting timer. sn=129 view=0
11:41:32.605 DBG Sending PREPARE. senderID=1 sn=126 view=0
11:41:32.608 DBG Sending COMMIT. senderID=1 sn=126 view=0
11:41:32.608 DBG Sending PREPARE. senderID=1 sn=127 view=0
11:41:32.608 DBG Sending COMMIT. senderID=1 sn=127 view=0
11:41:32.609 INF Committed entry. latency=0 nReq=64 sn=126
11:41:32.609 INF Delivered batch. nReq=64 sn=126
11:41:32.609 INF Get logEntry.Sn from. SegID=2 logEntry.Sn=126
11:41:32.610 DBG Starting timer. sn=130 view=0
11:41:32.611 INF Committed entry. latency=0 nReq=64 sn=127
11:41:32.611 INF Delivered batch. nReq=64 sn=127
11:41:32.611 INF Get logEntry.Sn from. SegID=3 logEntry.Sn=127
11:41:32.611 DBG Starting timer. sn=131 view=0
11:41:33.581 INF Handling PREPREPARE. nReq=1 senderID=0 sn=128
11:41:33.581 DBG Creating new Batch. nReq=1
11:41:33.582 DBG Sending PREPARE. senderID=1 sn=128 view=0
11:41:33.582 DBG Batch ready. batchSize=4096
11:41:33.582 DBG Batch cut. left=0 nBuckets=16 nReq=1 next=0
11:41:33.583 DBG Waiting for batch. batchSize=4096
11:41:33.583 INF Sending PREPREPARE. nReq=1 senderID=1 sn=129 view=0
11:41:33.583 DBG Sending COMMIT. senderID=1 sn=128 view=0
11:41:33.585 INF Committed entry. latency=0 nReq=1 sn=128
11:41:33.585 INF Delivered batch. nReq=1 sn=128
11:41:33.585 INF Get logEntry.Sn from. SegID=0 logEntry.Sn=128
11:41:33.585 DBG Starting timer. sn=132 view=0
11:41:33.586 DBG Sending COMMIT. senderID=1 sn=129 view=0
11:41:33.587 INF Handling PREPREPARE. nReq=0 senderID=2 sn=130
11:41:33.587 INF Committed entry. latency=0 nReq=1 sn=129
11:41:33.587 DBG Creating new Batch. nReq=0
11:41:33.587 INF Delivered batch. nReq=1 sn=129
11:41:33.587 INF Handling PREPREPARE. nReq=0 senderID=3 sn=131
11:41:33.588 INF Get logEntry.Sn from. SegID=1 logEntry.Sn=129
11:41:33.588 DBG Sending PREPARE. senderID=1 sn=130 view=0
11:41:33.588 DBG Creating new Batch. nReq=0
11:41:33.588 DBG Starting timer. sn=133 view=0
11:41:33.588 DBG Sending PREPARE. senderID=1 sn=131 view=0
11:41:33.588 DBG Sending COMMIT. senderID=1 sn=130 view=0
11:41:33.589 DBG Sending COMMIT. senderID=1 sn=131 view=0
11:41:33.589 INF Committed entry. latency=0 nReq=0 sn=130
11:41:33.590 INF Delivered batch. nReq=0 sn=130
11:41:33.590 INF Get logEntry.Sn from. SegID=2 logEntry.Sn=130
11:41:33.590 DBG Starting timer. sn=134 view=0
11:41:33.590 INF Committed entry. latency=0 nReq=0 sn=131
11:41:33.590 INF Delivered batch. nReq=0 sn=131
11:41:33.590 INF Get logEntry.Sn from. SegID=3 logEntry.Sn=131
11:41:33.591 DBG Starting timer. sn=135 view=0
11:41:34.582 INF Handling PREPREPARE. nReq=0 senderID=0 sn=132
11:41:34.583 DBG Creating new Batch. nReq=0
11:41:34.583 DBG Sending PREPARE. senderID=1 sn=132 view=0
11:41:34.583 DBG Batch ready. batchSize=4096
11:41:34.583 DBG Batch cut. left=0 nBuckets=16 nReq=0 next=0
11:41:34.584 INF Sending PREPREPARE. nReq=0 senderID=1 sn=133 view=0
11:41:34.584 DBG Waiting for batch. batchSize=4096
11:41:34.584 DBG Sending COMMIT. senderID=1 sn=132 view=0
11:41:34.585 INF Committed entry. latency=0 nReq=0 sn=132
11:41:34.586 INF Delivered batch. nReq=0 sn=132
11:41:34.586 INF Get logEntry.Sn from. SegID=0 logEntry.Sn=132
11:41:34.586 DBG Starting timer. sn=136 view=0
11:41:34.586 INF Connection terminated. error="rpc error: code = Canceled desc = context canceled" address=127.0.0.1:49126
11:41:34.586 DBG Sending COMMIT. senderID=1 sn=133 view=0
11:41:34.587 INF Finished sending bucket assignments to client. clId=0
11:41:34.588 INF Committed entry. latency=0 nReq=0 sn=133
11:41:34.588 INF Delivered batch. nReq=0 sn=133
11:41:34.588 INF Handling PREPREPARE. nReq=0 senderID=2 sn=134
11:41:34.588 INF Get logEntry.Sn from. SegID=1 logEntry.Sn=133
11:41:34.588 DBG Creating new Batch. nReq=0
11:41:34.588 DBG Starting timer. sn=137 view=0
11:41:34.589 INF Handling PREPREPARE. nReq=0 senderID=3 sn=135
11:41:34.589 DBG Sending PREPARE. senderID=1 sn=134 view=0
11:41:34.589 DBG Creating new Batch. nReq=0
11:41:34.589 DBG Sending PREPARE. senderID=1 sn=135 view=0
11:41:34.590 DBG Sending COMMIT. senderID=1 sn=134 view=0
11:41:34.590 DBG Sending COMMIT. senderID=1 sn=135 view=0
11:41:34.590 INF Committed entry. latency=0 nReq=0 sn=134
11:41:34.590 INF Delivered batch. nReq=0 sn=134
11:41:34.591 INF Get logEntry.Sn from. SegID=2 logEntry.Sn=134
11:41:34.591 DBG Starting timer. sn=138 view=0
11:41:34.592 INF Committed entry. latency=0 nReq=0 sn=135
11:41:34.592 INF Delivered batch. nReq=0 sn=135
11:41:34.592 INF Get logEntry.Sn from. SegID=3 logEntry.Sn=135
11:41:34.593 DBG Starting timer. sn=139 view=0
11:41:34.962 INF Stopping profiler.
11:41:34.962 INF Stopping Tracer. events=245 fileName=experiment-output/0000/slave-003/peer.trc
==================
WARNING: DATA RACE
Read at 0x00c0009a0000 by goroutine 115:
  runtime.racereadrange()
      <autogenerated>:1 +0x1b
  github.com/hyperledger-labs/mirbft/tracing.(*BufferedTrace).StopOnSignal.func1()
      /opt/gopath/src/github.com/hyperledger-labs/mirbft/tracing/bufferedtrace.go:298 +0x4e

Previous write at 0x00c0009a0000 by goroutine 414:
  github.com/hyperledger-labs/mirbft/tracing.(*BufferedTrace).Event()
      /opt/gopath/src/github.com/hyperledger-labs/mirbft/tracing/bufferedtrace.go:105 +0x2d9
  github.com/hyperledger-labs/mirbft/manager.(*MirManager).handleLogEntries()
      /opt/gopath/src/github.com/hyperledger-labs/mirbft/manager/mirmanager.go:139 +0x1d8
  github.com/hyperledger-labs/mirbft/manager.(*MirManager).Startdwrap7()
      /opt/gopath/src/github.com/hyperledger-labs/mirbft/manager/mirmanager.go:101 +0x47

Goroutine 115 (running) created at:
  github.com/hyperledger-labs/mirbft/tracing.(*BufferedTrace).StopOnSignal()
      /opt/gopath/src/github.com/hyperledger-labs/mirbft/tracing/bufferedtrace.go:292 +0x172
  main.setUpTracing()
      /opt/gopath/src/github.com/hyperledger-labs/mirbft/cmd/orderingpeer/main.go:204 +0xf5
  main.main()
      /opt/gopath/src/github.com/hyperledger-labs/mirbft/cmd/orderingpeer/main.go:98 +0x9d6

Goroutine 414 (running) created at:
  github.com/hyperledger-labs/mirbft/manager.(*MirManager).Start()
      /opt/gopath/src/github.com/hyperledger-labs/mirbft/manager/mirmanager.go:101 +0x19e
  main.maindwrap4()
      /opt/gopath/src/github.com/hyperledger-labs/mirbft/cmd/orderingpeer/main.go:168 +0x59
==================
==================
WARNING: DATA RACE
Read at 0x00c0009a25f8 by goroutine 115:
  runtime.racereadrange()
      <autogenerated>:1 +0x1b
  github.com/hyperledger-labs/mirbft/tracing.(*BufferedTrace).StopOnSignal.func1()
      /opt/gopath/src/github.com/hyperledger-labs/mirbft/tracing/bufferedtrace.go:298 +0x4e

Previous write at 0x00c0009a25f8 by goroutine 114:
  github.com/hyperledger-labs/mirbft/tracing.(*BufferedTrace).Event()
      /opt/gopath/src/github.com/hyperledger-labs/mirbft/tracing/bufferedtrace.go:105 +0x2d9
  github.com/hyperledger-labs/mirbft/profiling.StartCPUTracing.func1()
      /opt/gopath/src/github.com/hyperledger-labs/mirbft/profiling/cpuusage.go:31 +0x95

Goroutine 115 (running) created at:
  github.com/hyperledger-labs/mirbft/tracing.(*BufferedTrace).StopOnSignal()
      /opt/gopath/src/github.com/hyperledger-labs/mirbft/tracing/bufferedtrace.go:292 +0x172
  main.setUpTracing()
      /opt/gopath/src/github.com/hyperledger-labs/mirbft/cmd/orderingpeer/main.go:204 +0xf5
  main.main()
      /opt/gopath/src/github.com/hyperledger-labs/mirbft/cmd/orderingpeer/main.go:98 +0x9d6

Goroutine 114 (running) created at:
  github.com/hyperledger-labs/mirbft/profiling.StartCPUTracing()
      /opt/gopath/src/github.com/hyperledger-labs/mirbft/profiling/cpuusage.go:28 +0xb6
  main.setUpTracing()
      /opt/gopath/src/github.com/hyperledger-labs/mirbft/cmd/orderingpeer/main.go:196 +0x85
  main.main()
      /opt/gopath/src/github.com/hyperledger-labs/mirbft/cmd/orderingpeer/main.go:98 +0x9d6
==================
11:41:34.967 INF Trace data written.
11:41:35.008 INF Profile data written. filename=experiment-output/0000/slave-003/prof.mutex name=mutex
11:41:35.159 INF Connection terminated. error="rpc error: code = Canceled desc = context canceled" address=127.0.0.1:49006
11:41:35.159 INF Connection terminated. error="rpc error: code = Canceled desc = context canceled" address=127.0.0.1:48994
11:41:35.159 INF Connection terminated. error="rpc error: code = Canceled desc = context canceled" address=127.0.0.1:48954
11:41:35.159 INF Connection terminated. error="rpc error: code = Canceled desc = context canceled" address=127.0.0.1:48920
11:41:35.159 INF Connection terminated. error="rpc error: code = Canceled desc = context canceled" address=127.0.0.1:48988
11:41:35.159 INF Connection terminated. error="rpc error: code = Canceled desc = context canceled" address=127.0.0.1:49002
11:41:35.172 INF Connection terminated. error="rpc error: code = Canceled desc = context canceled" address=127.0.0.1:49070
11:41:35.173 INF Connection terminated. error="rpc error: code = Canceled desc = context canceled" address=127.0.0.1:49050
11:41:35.173 INF Connection terminated. error="rpc error: code = Canceled desc = context canceled" address=127.0.0.1:49030
11:41:35.173 INF Connection terminated. error="rpc error: code = Canceled desc = context canceled" address=127.0.0.1:49064
11:41:35.173 INF Connection terminated. error="rpc error: code = Canceled desc = context canceled" address=127.0.0.1:49058
11:41:35.173 INF Connection terminated. error="rpc error: code = Canceled desc = context canceled" address=127.0.0.1:49040
11:41:35.213 INF Profile data written. filename=experiment-output/0000/slave-003/prof.cpu name=cpu
11:41:35.240 INF Connection terminated. error="rpc error: code = Canceled desc = context canceled" address=127.0.0.1:48976
11:41:35.241 INF Connection terminated. error="rpc error: code = Canceled desc = context canceled" address=127.0.0.1:48970
11:41:35.241 INF Connection terminated. error="rpc error: code = Canceled desc = context canceled" address=127.0.0.1:48974
11:41:35.240 INF Connection terminated. error="rpc error: code = Canceled desc = context canceled" address=127.0.0.1:48958
11:41:35.241 INF Connection terminated. error="rpc error: code = Canceled desc = context canceled" address=127.0.0.1:48928
11:41:35.241 INF Connection terminated. error="rpc error: code = Canceled desc = context canceled" address=127.0.0.1:48932
11:41:35.264 INF Profile data written. filename=experiment-output/0000/slave-003/prof.block name=block
