{"level":"debug","Logging":"debug","time":"2022-08-17T15:18:56+08:00","message":"Config"}
{"level":"debug","UseTLS":false,"time":"2022-08-17T15:18:56+08:00","message":"Config"}
{"level":"debug","CACertFile":"tls-data/ca.pem","time":"2022-08-17T15:18:56+08:00","message":"Config"}
{"level":"debug","KeyFile":"tls-data/auth.key","time":"2022-08-17T15:18:56+08:00","message":"Config"}
{"level":"debug","CertFile":"tls-data/auth.pem","time":"2022-08-17T15:18:56+08:00","message":"Config"}
{"level":"debug","PriorityConnections":2,"time":"2022-08-17T15:18:56+08:00","message":"Config"}
{"level":"debug","BasicConnections":4,"time":"2022-08-17T15:18:56+08:00","message":"Config"}
{"level":"debug","TestConnections":false,"time":"2022-08-17T15:18:56+08:00","message":"Config"}
{"level":"debug","ExcessConnections":1,"time":"2022-08-17T15:18:56+08:00","message":"Config"}
{"level":"debug","ConnectionTestMsgs":4,"time":"2022-08-17T15:18:56+08:00","message":"Config"}
{"level":"debug","ConnectionTestPayload":131072,"time":"2022-08-17T15:18:56+08:00","message":"Config"}
{"level":"debug","OutMessageBufsize":1024,"time":"2022-08-17T15:18:56+08:00","message":"Config"}
{"level":"debug","OutMessageBufsize":1,"time":"2022-08-17T15:18:56+08:00","message":"Config"}
{"level":"debug","ThroughputCap":131072000,"time":"2022-08-17T15:18:56+08:00","message":"Config"}
{"level":"debug","StragglerTolerance":1000,"time":"2022-08-17T15:18:56+08:00","message":"Config"}
{"level":"debug","BatchSizeIncrement":256,"time":"2022-08-17T15:18:56+08:00","message":"Config"}
{"level":"debug","Orderer":"Pbft","time":"2022-08-17T15:18:56+08:00","message":"Config"}
{"level":"debug","Manager":"Mir","time":"2022-08-17T15:18:56+08:00","message":"Config"}
{"level":"debug","Failures":0,"time":"2022-08-17T15:18:56+08:00","message":"Config"}
{"level":"debug","CrashTiming":"Straggler","time":"2022-08-17T15:18:56+08:00","message":"Config"}
{"level":"debug","CheckpointInterval":256,"time":"2022-08-17T15:18:56+08:00","message":"Config"}
{"level":"debug","WatermarkWindowSize":256,"time":"2022-08-17T15:18:56+08:00","message":"Config"}
{"level":"debug","EpochLength":256,"time":"2022-08-17T15:18:56+08:00","message":"Config"}
{"level":"debug","SegmentLength":256,"time":"2022-08-17T15:18:56+08:00","message":"Config"}
{"level":"debug","WaitForCheckpoints":true,"time":"2022-08-17T15:18:56+08:00","message":"Config"}
{"level":"debug","ClientWatermarkWindowSize":4194304,"time":"2022-08-17T15:18:56+08:00","message":"Config"}
{"level":"debug","ClientRequestBacklogSize":4194304,"time":"2022-08-17T15:18:56+08:00","message":"Config"}
{"level":"debug","RandomSeed":16152,"time":"2022-08-17T15:18:56+08:00","message":"Config"}
{"level":"debug","NodeToLeaderRatio":1,"time":"2022-08-17T15:18:56+08:00","message":"Config"}
{"level":"debug","LeaderPolicy":"Single","time":"2022-08-17T15:18:56+08:00","message":"Config"}
{"level":"debug","DefaultLeaderBan":2,"time":"2022-08-17T15:18:56+08:00","message":"Config"}
{"level":"debug","NumBuckets":16,"time":"2022-08-17T15:18:56+08:00","message":"Config"}
{"level":"debug","BatchSize":1000,"time":"2022-08-17T15:18:56+08:00","message":"Config"}
{"level":"debug","DisabledViewChange":false,"time":"2022-08-17T15:18:56+08:00","message":"Config"}
{"level":"debug","ViewChangeTimeout":60000,"time":"2022-08-17T15:18:56+08:00","message":"Config"}
{"level":"debug","ClientTraceSampling":10,"time":"2022-08-17T15:18:56+08:00","message":"Config"}
{"level":"debug","EventBufferSize":2097152,"time":"2022-08-17T15:18:56+08:00","message":"Config"}
{"level":"debug","TraceSampling":1,"time":"2022-08-17T15:18:56+08:00","message":"Config"}
{"level":"debug","ClientsPerProcess":1,"time":"2022-08-17T15:18:56+08:00","message":"Config"}
{"level":"debug","RequestsPerClient":15360,"time":"2022-08-17T15:18:56+08:00","message":"Config"}
{"level":"debug","ClientRunTime":30000,"time":"2022-08-17T15:18:56+08:00","message":"Config"}
{"level":"debug","RequestRate":256,"time":"2022-08-17T15:18:56+08:00","message":"Config"}
{"level":"debug","HardRequestRateLimit":false,"time":"2022-08-17T15:18:56+08:00","message":"Config"}
{"level":"debug","RequestPayloadSize":500,"time":"2022-08-17T15:18:56+08:00","message":"Config"}
{"level":"debug","SignRequests":true,"time":"2022-08-17T15:18:56+08:00","message":"Config"}
{"level":"debug","ClientPrivKeyFile":"tls-data/client-ecdsa-256.key","time":"2022-08-17T15:18:56+08:00","message":"Config"}
{"level":"debug","ClientPubKeyFile":"tls-data/client-ecdsa-256.pem","time":"2022-08-17T15:18:56+08:00","message":"Config"}
{"level":"debug","PrecomputeRequests":false,"time":"2022-08-17T15:18:56+08:00","message":"Config"}
{"level":"debug","RequestHandlerThreads":32,"time":"2022-08-17T15:18:56+08:00","message":"Config"}
{"level":"debug","RequestInputChannelBuffer":8192,"time":"2022-08-17T15:18:56+08:00","message":"Config"}
{"level":"debug","BatchVerifier":"external","time":"2022-08-17T15:18:56+08:00","message":"Config"}
07:18:56.911 INF Registered with discovery server. numPeers=4 ownID=2
07:18:56.912 INF Profiling enabled.
07:18:56.912 INF Setting up profiling.
07:18:56.912 INF Started Profiler: CPU
07:18:56.912 INF Started Profiler: BLOCK
07:18:56.912 INF Started Profiler: MUTEX
07:18:56.912 INF Profiler will stop on signal. exit=true
07:18:56.914 INF Tracing will stop on signal. exit=false
07:18:56.915 INF Started tracing. traceFile=experiment-output/0003/slave-002/peer.trc
07:18:56.915 DBG Starting backlog.
07:18:56.916 INF Connecting to peer. addr=127.0.0.1:10022 basicConns=4 priorityConns=2
07:18:56.916 INF Listening for connections. port=10022 useTLS=false
07:18:56.916 INF Connecting to peer. addr=127.0.0.1:10033 basicConns=4 priorityConns=2
07:18:56.916 INF Connecting to peer. addr=127.0.0.1:10011 basicConns=4 priorityConns=2
07:18:56.916 INF Connecting to peer. addr=127.0.0.1:10000 basicConns=4 priorityConns=2
07:18:56.938 INF Incoming connection for protocol messages. addr=127.0.0.1:34722
07:18:56.941 INF Incoming connection for protocol messages. addr=127.0.0.1:34742
07:18:56.943 INF Incoming connection for protocol messages. addr=127.0.0.1:34734
07:18:56.944 INF Incoming connection for protocol messages. addr=127.0.0.1:34726
07:18:56.945 INF Incoming connection for protocol messages. addr=127.0.0.1:34766
07:18:56.946 INF Incoming connection for protocol messages. addr=127.0.0.1:34778
07:18:56.947 INF Incoming connection for protocol messages. addr=127.0.0.1:34762
07:18:56.949 INF Incoming connection for protocol messages. addr=127.0.0.1:34786
07:18:56.952 INF Incoming connection for protocol messages. addr=127.0.0.1:34800
07:18:56.952 INF Incoming connection for protocol messages. addr=127.0.0.1:34808
07:18:56.953 INF Incoming connection for protocol messages. addr=127.0.0.1:34806
07:18:56.954 INF Incoming connection for protocol messages. addr=127.0.0.1:34798
07:18:56.954 INF Incoming connection for protocol messages. addr=127.0.0.1:34810
07:18:56.955 DBG Connected. peerID=0
07:18:56.955 INF Incoming connection for protocol messages. addr=127.0.0.1:34862
07:18:56.956 INF Incoming connection for protocol messages. addr=127.0.0.1:34802
07:18:56.956 INF Incoming connection for protocol messages. addr=127.0.0.1:34846
07:18:56.957 INF Incoming connection for protocol messages. addr=127.0.0.1:34896
07:18:56.957 INF Incoming connection for protocol messages. addr=127.0.0.1:34900
07:18:56.957 DBG Connected. peerID=2
07:18:56.958 DBG Connected. peerID=1
07:18:56.958 DBG Connected. peerID=3
07:18:56.958 INF Connected to all peers.
07:18:56.958 INF Incoming connection for protocol messages. addr=127.0.0.1:34864
07:18:56.958 INF Incoming connection for protocol messages. addr=127.0.0.1:34814
07:18:56.958 INF Incoming connection for protocol messages. addr=127.0.0.1:34822
07:18:56.958 INF Incoming connection for protocol messages. addr=127.0.0.1:34838
07:18:56.959 INF Incoming connection for protocol messages. addr=127.0.0.1:34790
07:18:56.960 INF Incoming connection for protocol messages. addr=127.0.0.1:34910
07:18:56.964 INF All peers finished connecting. Starting ISS.
07:18:56.966 DBG Buckets for 0-th leader 0: [0 4 8 12 1 5 9 13 2 6 10 14 3 7 11 15]
07:18:56.967 INF PbftOrderer received a new segment: [0 1 2 3 4 5 6 7 8 9 10 11 12 13 14 15 16 17 18 19 20 21 22 23 24 25 26 27 28 29 30 31 32 33 34 35 36 37 38 39 40 41 42 43 44 45 46 47 48 49 50 51 52 53 54 55 56 57 58 59 60 61 62 63 64 65 66 67 68 69 70 71 72 73 74 75 76 77 78 79 80 81 82 83 84 85 86 87 88 89 90 91 92 93 94 95 96 97 98 99 100 101 102 103 104 105 106 107 108 109 110 111 112 113 114 115 116 117 118 119 120 121 122 123 124 125 126 127 128 129 130 131 132 133 134 135 136 137 138 139 140 141 142 143 144 145 146 147 148 149 150 151 152 153 154 155 156 157 158 159 160 161 162 163 164 165 166 167 168 169 170 171 172 173 174 175 176 177 178 179 180 181 182 183 184 185 186 187 188 189 190 191 192 193 194 195 196 197 198 199 200 201 202 203 204 205 206 207 208 209 210 211 212 213 214 215 216 217 218 219 220 221 222 223 224 225 226 227 228 229 230 231 232 233 234 235 236 237 238 239 240 241 242 243 244 245 246 247 248 249 250 251 252 253 254 255] first leader=0 firstSN=0 lastSN=255 len=256 length=256 segId=0
07:18:56.968 INF Starting new view. segID=0 timeout=60000 view=0
07:18:56.968 DBG Starting timer. sn=0 view=0
07:18:56.969 INF Starting PBFT instance. first=0 last=255 segID=0
07:18:56.969 DBG Subscribing to backlog. segID=0
07:18:56.969 INF Starting serialized message processing. segID=0
07:18:59.000 INF Incoming connection for requests. addr=127.0.0.1:34926
07:19:27.395 INF Handling PREPREPARE. nReq=4096 senderID=0 sn=0
07:19:27.395 DBG Creating new Batch. nReq=4096
07:19:27.744 DBG Sending PREPARE. senderID=2 sn=0 view=0
07:19:27.744 DBG Sending COMMIT. senderID=2 sn=0 view=0
07:19:27.751 INF Committed entry. latency=0 nReq=4096 sn=0
07:19:27.751 INF Delivered batch. nReq=4096 sn=0
07:19:27.751 DBG Starting timer. sn=1 view=0
07:19:57.344 INF Handling PREPREPARE. nReq=3586 senderID=0 sn=1
07:19:57.344 DBG Creating new Batch. nReq=3586
07:19:57.650 DBG Sending PREPARE. senderID=2 sn=1 view=0
07:19:57.651 DBG Sending COMMIT. senderID=2 sn=1 view=0
07:19:57.658 INF Committed entry. latency=0 nReq=3586 sn=1
07:19:57.658 INF Delivered batch. nReq=3586 sn=1
07:19:57.658 DBG Starting timer. sn=2 view=0
07:19:59.033 INF Connection terminated. error="rpc error: code = Canceled desc = context canceled" address=127.0.0.1:34926
07:19:59.034 INF Finished sending bucket assignments to client. clId=0
07:19:59.360 INF Stopping profiler.
07:19:59.360 INF Stopping Tracer. events=130 fileName=experiment-output/0003/slave-002/peer.trc
==================
WARNING: DATA RACE
Read at 0x00c0009a0000 by goroutine 115:
  runtime.racereadrange()
      <autogenerated>:1 +0x1b
  github.com/hyperledger-labs/mirbft/tracing.(*BufferedTrace).StopOnSignal.func1()
      /opt/gopath/src/github.com/hyperledger-labs/mirbft/tracing/bufferedtrace.go:298 +0x4e

Previous write at 0x00c0009a0000 by goroutine 411:
  github.com/hyperledger-labs/mirbft/tracing.(*BufferedTrace).Event()
      /opt/gopath/src/github.com/hyperledger-labs/mirbft/tracing/bufferedtrace.go:105 +0x2d9
  github.com/hyperledger-labs/mirbft/manager.(*MirManager).handleLogEntries()
      /opt/gopath/src/github.com/hyperledger-labs/mirbft/manager/mirmanager.go:139 +0x1d8
  github.com/hyperledger-labs/mirbft/manager.(*MirManager).Start路dwrap路7()
      /opt/gopath/src/github.com/hyperledger-labs/mirbft/manager/mirmanager.go:101 +0x47

Goroutine 115 (running) created at:
  github.com/hyperledger-labs/mirbft/tracing.(*BufferedTrace).StopOnSignal()
      /opt/gopath/src/github.com/hyperledger-labs/mirbft/tracing/bufferedtrace.go:292 +0x172
  main.setUpTracing()
      /opt/gopath/src/github.com/hyperledger-labs/mirbft/cmd/orderingpeer/main.go:204 +0xf5
  main.main()
      /opt/gopath/src/github.com/hyperledger-labs/mirbft/cmd/orderingpeer/main.go:98 +0x9d6

Goroutine 411 (running) created at:
  github.com/hyperledger-labs/mirbft/manager.(*MirManager).Start()
      /opt/gopath/src/github.com/hyperledger-labs/mirbft/manager/mirmanager.go:101 +0x19e
  main.main路dwrap路4()
      /opt/gopath/src/github.com/hyperledger-labs/mirbft/cmd/orderingpeer/main.go:168 +0x59
==================
==================
WARNING: DATA RACE
Read at 0x00c0009a1428 by goroutine 115:
  runtime.racereadrange()
      <autogenerated>:1 +0x1b
  github.com/hyperledger-labs/mirbft/tracing.(*BufferedTrace).StopOnSignal.func1()
      /opt/gopath/src/github.com/hyperledger-labs/mirbft/tracing/bufferedtrace.go:298 +0x4e

Previous write at 0x00c0009a1428 by goroutine 114:
  github.com/hyperledger-labs/mirbft/tracing.(*BufferedTrace).Event()
      /opt/gopath/src/github.com/hyperledger-labs/mirbft/tracing/bufferedtrace.go:105 +0x2d9
  github.com/hyperledger-labs/mirbft/profiling.StartCPUTracing.func1()
      /opt/gopath/src/github.com/hyperledger-labs/mirbft/profiling/cpuusage.go:31 +0x95

Goroutine 115 (running) created at:
  github.com/hyperledger-labs/mirbft/tracing.(*BufferedTrace).StopOnSignal()
      /opt/gopath/src/github.com/hyperledger-labs/mirbft/tracing/bufferedtrace.go:292 +0x172
  main.setUpTracing()
      /opt/gopath/src/github.com/hyperledger-labs/mirbft/cmd/orderingpeer/main.go:204 +0xf5
  main.main()
      /opt/gopath/src/github.com/hyperledger-labs/mirbft/cmd/orderingpeer/main.go:98 +0x9d6

Goroutine 114 (running) created at:
  github.com/hyperledger-labs/mirbft/profiling.StartCPUTracing()
      /opt/gopath/src/github.com/hyperledger-labs/mirbft/profiling/cpuusage.go:28 +0xb6
  main.setUpTracing()
      /opt/gopath/src/github.com/hyperledger-labs/mirbft/cmd/orderingpeer/main.go:196 +0x85
  main.main()
      /opt/gopath/src/github.com/hyperledger-labs/mirbft/cmd/orderingpeer/main.go:98 +0x9d6
==================
07:19:59.363 INF Trace data written.
07:19:59.398 INF Profile data written. filename=experiment-output/0003/slave-002/prof.cpu name=cpu
07:19:59.447 INF Profile data written. filename=experiment-output/0003/slave-002/prof.block name=block
07:19:59.468 INF Profile data written. filename=experiment-output/0003/slave-002/prof.mutex name=mutex
