3:09AM INF Received own slave ID. ownSlaveId=1
3:09AM INF OK status=0
3:09AM INF Received command. cmdId=3
3:09AM INF Received an ExecStart command args="[-p experiment-output/0000/slave-__id__/config]" cmd=mkdir outFile=/dev/null
3:09AM INF OK status=0
3:09AM INF Received command. cmdId=4
3:09AM INF Received command. cmdType=ExecWait
3:09AM INF OK status=0
3:09AM INF Received command. cmdId=7
3:09AM INF Received an ExecStart command args="[config/config-0000.yml experiment-output/0000/slave-__id__/config/config.yml]" cmd=cp outFile=/dev/null
3:09AM INF OK status=0
3:09AM INF Received command. cmdId=8
3:09AM INF Received command. cmdType=ExecWait
3:09AM INF OK status=0
3:09AM INF Received command. cmdId=10
3:09AM INF Received command. cmdType=Noop
3:09AM INF Noop. Doing nothing. status=033:09AM INF Received command. cmdId=15
3:09AM INF Received an ExecStart command args="[experiment-output/0000/slave-__id__/config/config.yml 127.0.0.1:9999 experiment-output/0000/slave-__id__/client experiment-output/0000/slave-__id__/prof-client]" cmd=orderingclient outFile=experiment-output/0000/slave-__id__/clients.log
3:09AM INF OK status=0
3:09AM IN3:09AM INF Received command. cmdId=18
3:09AM INF Received command. cmdType=ExecSignal
3:09AM INF OK status=0
3:10AM INF Received command. cmdId=23
3:10AM INF Received an ExecStart command args="[-p experiment-output/0001/slave-__id__/config]" cmd=mkdir outFile=/dev/null
3:10AM INF OK status=0
3:10AM INF Received command. cmdId=24
3:10AM INF Received command. cmdType=ExecWait
3:10AM INF OK status=0
3:10AM INF Received command. cmdId=25
3:10AM INF Received an ExecStart command args="[config/config-0001.yml e3:10AM INF Received command. cmdId=27
3:10AM INF Received an ExecStart command args="[config/config-0001.yml experiment-output/0001/slave-__id__/config/config.yml]" cmd=cp outFile=/dev/null
3:10AM INF OK status3:10AM INF Received command. cmdId=29
3:10AM INF Received command. cmdType=Noop
3:10AM INF Noop. Doing nothing3:10AM INF 3:10AM INF Received command. cmdId=32
3:10AM INF Received an ExecStart command args="[experiment-output/0001/s3:10AM INF Received command. cmdId=35
3:10AM INF Received an ExecStart command args="[experiment-output/0001/slave-__id__/config/config.yml 127.0.0.1:9999 experiment-output/0001/slave-__id__/client experiment-output/0001/slave-__id__/prof-client]3:10AM INF Received command. cmdId=38
3:10AM INF Received command. cmdType=ExecSignal
3:10AM INF OK status=0
3:10AM INF Received command. cmdId=43
3:10AM INF Received an ExecStart command args="[-p experiment-output/0002/slave-__id__/config]" cmd=mkdir outFile=/dev/null
3:10AM INF OK status=0
3:10AM INF Received command. cmdId=44
3:10AM INF Received command. cmdType=ExecWait
3:10AM INF OK status=0
3:10AM INF Received command. cmdId=45
3:10AM INF Received an ExecStart command args="[config/config-0002.yml experiment-output/0002/slave-__id__/config/config.yml]" cmd=cp outFile=/dev/null
3:10AM INF OK status=0
3:10AM3:10AM INF Received command. cmdId=47
3:10AM INF Received an ExecStart command args="[config/config-03:10AM INF Received command. cmdId=49
3:10AM INF Received command. cmdType=Noop
3:10AM INF Noop. Doing nothing. status=0
3:10AM INF Received command. cmdId=52
3:10AM INF Received an ExecStart command args="[experiment-output/0002/slave-__id__/config/config.yml 127.0.0.1:9999 127.0.0.1 127.0.0.1 experiment-output/0002/slave-__id__/peer.trc3:10AM INF Received command. cmdId=55
3:10AM INF Received an ExecStart command args="[experiment-output/0002/slave-__id__/config/config.y3:11AM INF Received command. cmdId=58
3:11AM INF Received command. cmdType=ExecSignal
3:11AM INF OK status=0
3:11AM INF Received command. cmdId=63
3:11AM INF Received an ExecStart command args="[-p experiment-output/0003/slave-__id__/config]" cmd=mkdir outFile=/dev/null
3:11AM INF OK status=0
3:11AM INF Received command. cmdId=64
3:11AM INF Received command. cmdType=ExecWait
3:11AM INF OK status=0
3:11AM INF Received command. cmdId=65
3:11AM INF Received an ExecStart command args="[config/config-0003.yml experiment-output/0003/slave-__id__/config/config.yml]" cmd=cp outFile=/dev/null
3:11AM INF OK status=0
3:11AM INF Received command. cmdId=66
3:11AM INF Received command. cmdType=ExecWait
3:11AM INF OK status=0
3:11AM INF Received command. cmdId=69
3:11AM INF Received command. cmdType=Noop
3:11AM INF Noop. Doing nothing. status=0
3:11AM INF Received command. cmdId=72
3:11AM INF Received an ExecStart command args="[experiment-output/0003/slave-__id__/config/config.yml 127.0.0.1:9999 127.0.0.1 127.0.0.1 experiment-output/0003/slave-__id__/peer.trc experiment-output/0003/slave-__id__/prof]" cmd=orderingpeer outFile=experiment-output/0003/slave-__id__/peer3:11AM INF Received command.3:11AM INF Received command. cmdId=78
3:11AM INF Received command. cmdType=ExecSignal
3:11AM INF OK status=0
3:12AM INF Received command. cmdId=83
3:12AM INF Received command. cmdType=Stop
003/slave-__id__/prof-client]" cmd=orderingclient outFile=experiment-output/0003/slave-__id__/clients.log
3:11AM INF OK status=0
3:11AM INF Received command. cmdId=76
3:11AM INF Received command. cmdType=ExecWait
3:11AM INF OK status=0
3:11AM INF Received command. cmdId=77
3:11AM INF Received command. cmdType=Noop
3:11AM INF Noop. Doing nothing. status=0
3:12AM INF Received command. cmdId=83
3:12AM INF Received command. cmdType=Stop
