{"level":"debug","Logging":"debug","time":"2022-08-17T11:03:41+08:00","message":"Config"}
{"level":"debug","UseTLS":false,"time":"2022-08-17T11:03:41+08:00","message":"Config"}
{"level":"debug","CACertFile":"tls-data/ca.pem","time":"2022-08-17T11:03:41+08:00","message":"Config"}
{"level":"debug","KeyFile":"tls-data/auth.key","time":"2022-08-17T11:03:41+08:00","message":"Config"}
{"level":"debug","CertFile":"tls-data/auth.pem","time":"2022-08-17T11:03:41+08:00","message":"Config"}
{"level":"debug","PriorityConnections":2,"time":"2022-08-17T11:03:41+08:00","message":"Config"}
{"level":"debug","BasicConnections":4,"time":"2022-08-17T11:03:41+08:00","message":"Config"}
{"level":"debug","TestConnections":false,"time":"2022-08-17T11:03:41+08:00","message":"Config"}
{"level":"debug","ExcessConnections":1,"time":"2022-08-17T11:03:41+08:00","message":"Config"}
{"level":"debug","ConnectionTestMsgs":4,"time":"2022-08-17T11:03:41+08:00","message":"Config"}
{"level":"debug","ConnectionTestPayload":131072,"time":"2022-08-17T11:03:41+08:00","message":"Config"}
{"level":"debug","OutMessageBufsize":1024,"time":"2022-08-17T11:03:41+08:00","message":"Config"}
{"level":"debug","OutMessageBufsize":1,"time":"2022-08-17T11:03:41+08:00","message":"Config"}
{"level":"debug","ThroughputCap":131072000,"time":"2022-08-17T11:03:41+08:00","message":"Config"}
{"level":"debug","StragglerTolerance":1000,"time":"2022-08-17T11:03:41+08:00","message":"Config"}
{"level":"debug","BatchSizeIncrement":256,"time":"2022-08-17T11:03:41+08:00","message":"Config"}
{"level":"debug","Orderer":"Pbft","time":"2022-08-17T11:03:41+08:00","message":"Config"}
{"level":"debug","Manager":"Mir","time":"2022-08-17T11:03:41+08:00","message":"Config"}
{"level":"debug","Failures":2,"time":"2022-08-17T11:03:41+08:00","message":"Config"}
{"level":"debug","CrashTiming":"Straggler","time":"2022-08-17T11:03:41+08:00","message":"Config"}
{"level":"debug","CheckpointInterval":256,"time":"2022-08-17T11:03:41+08:00","message":"Config"}
{"level":"debug","WatermarkWindowSize":256,"time":"2022-08-17T11:03:41+08:00","message":"Config"}
{"level":"debug","EpochLength":256,"time":"2022-08-17T11:03:41+08:00","message":"Config"}
{"level":"debug","SegmentLength":64,"time":"2022-08-17T11:03:41+08:00","message":"Config"}
{"level":"debug","WaitForCheckpoints":true,"time":"2022-08-17T11:03:41+08:00","message":"Config"}
{"level":"debug","ClientWatermarkWindowSize":4194304,"time":"2022-08-17T11:03:41+08:00","message":"Config"}
{"level":"debug","ClientRequestBacklogSize":4194304,"time":"2022-08-17T11:03:41+08:00","message":"Config"}
{"level":"debug","RandomSeed":2670,"time":"2022-08-17T11:03:41+08:00","message":"Config"}
{"level":"debug","NodeToLeaderRatio":1,"time":"2022-08-17T11:03:41+08:00","message":"Config"}
{"level":"debug","LeaderPolicy":"SimulatedRandomFailures","time":"2022-08-17T11:03:41+08:00","message":"Config"}
{"level":"debug","DefaultLeaderBan":2,"time":"2022-08-17T11:03:41+08:00","message":"Config"}
{"level":"debug","NumBuckets":64,"time":"2022-08-17T11:03:41+08:00","message":"Config"}
{"level":"debug","BatchSize":1000,"time":"2022-08-17T11:03:41+08:00","message":"Config"}
{"level":"debug","DisabledViewChange":false,"time":"2022-08-17T11:03:41+08:00","message":"Config"}
{"level":"debug","ViewChangeTimeout":60000,"time":"2022-08-17T11:03:41+08:00","message":"Config"}
{"level":"debug","ClientTraceSampling":10,"time":"2022-08-17T11:03:41+08:00","message":"Config"}
{"level":"debug","EventBufferSize":2097152,"time":"2022-08-17T11:03:41+08:00","message":"Config"}
{"level":"debug","TraceSampling":1,"time":"2022-08-17T11:03:41+08:00","message":"Config"}
{"level":"debug","ClientsPerProcess":1,"time":"2022-08-17T11:03:41+08:00","message":"Config"}
{"level":"debug","RequestsPerClient":7680,"time":"2022-08-17T11:03:41+08:00","message":"Config"}
{"level":"debug","ClientRunTime":30000,"time":"2022-08-17T11:03:41+08:00","message":"Config"}
{"level":"debug","RequestRate":128,"time":"2022-08-17T11:03:41+08:00","message":"Config"}
{"level":"debug","HardRequestRateLimit":false,"time":"2022-08-17T11:03:41+08:00","message":"Config"}
{"level":"debug","RequestPayloadSize":500,"time":"2022-08-17T11:03:41+08:00","message":"Config"}
{"level":"debug","SignRequests":true,"time":"2022-08-17T11:03:41+08:00","message":"Config"}
{"level":"debug","ClientPrivKeyFile":"tls-data/client-ecdsa-256.key","time":"2022-08-17T11:03:41+08:00","message":"Config"}
{"level":"debug","ClientPubKeyFile":"tls-data/client-ecdsa-256.pem","time":"2022-08-17T11:03:41+08:00","message":"Config"}
{"level":"debug","PrecomputeRequests":false,"time":"2022-08-17T11:03:41+08:00","message":"Config"}
{"level":"debug","RequestHandlerThreads":32,"time":"2022-08-17T11:03:41+08:00","message":"Config"}
{"level":"debug","RequestInputChannelBuffer":8192,"time":"2022-08-17T11:03:41+08:00","message":"Config"}
{"level":"debug","BatchVerifier":"external","time":"2022-08-17T11:03:41+08:00","message":"Config"}
03:03:41.404 INF Registered with discovery server. numPeers=4 ownID=1
03:03:41.404 INF Profiling enabled.
03:03:41.404 INF Setting up profiling.
03:03:41.405 INF Started Profiler: CPU
03:03:41.405 INF Started Profiler: BLOCK
03:03:41.405 INF Started Profiler: MUTEX
03:03:41.405 INF Profiler will stop on signal. exit=true
03:03:41.407 INF Tracing will stop on signal. exit=false
03:03:41.408 INF Started tracing. traceFile=experiment-output/0000/slave-004/peer.trc
03:03:41.408 DBG Starting backlog.
03:03:41.408 INF Listening for connections. port=10011 useTLS=false
03:03:41.409 INF Connecting to peer. addr=127.0.0.1:10011 basicConns=4 priorityConns=2
03:03:41.409 INF Connecting to peer. addr=127.0.0.1:10033 basicConns=4 priorityConns=2
03:03:41.409 INF Connecting to peer. addr=127.0.0.1:10022 basicConns=4 priorityConns=2
03:03:41.409 INF Connecting to peer. addr=127.0.0.1:10000 basicConns=4 priorityConns=2
03:03:41.433 INF Incoming connection for protocol messages. addr=127.0.0.1:35458
03:03:41.434 INF Incoming connection for protocol messages. addr=127.0.0.1:35454
03:03:41.434 INF Incoming connection for protocol messages. addr=127.0.0.1:35472
03:03:41.435 INF Incoming connection for protocol messages. addr=127.0.0.1:35456
03:03:41.436 INF Incoming connection for protocol messages. addr=127.0.0.1:35462
03:03:41.437 INF Incoming connection for protocol messages. addr=127.0.0.1:35540
03:03:41.437 INF Incoming connection for protocol messages. addr=127.0.0.1:35496
03:03:41.438 DBG Connected. peerID=1
03:03:41.439 INF Incoming connection for protocol messages. addr=127.0.0.1:35488
03:03:41.439 INF Incoming connection for protocol messages. addr=127.0.0.1:35522
03:03:41.439 INF Incoming connection for protocol messages. addr=127.0.0.1:35484
03:03:41.439 INF Incoming connection for protocol messages. addr=127.0.0.1:35532
03:03:41.440 INF Incoming connection for protocol messages. addr=127.0.0.1:35554
03:03:41.441 INF Incoming connection for protocol messages. addr=127.0.0.1:35588
03:03:41.442 INF Incoming connection for protocol messages. addr=127.0.0.1:35626
03:03:41.442 INF Incoming connection for protocol messages. addr=127.0.0.1:35572
03:03:41.441 INF Incoming connection for protocol messages. addr=127.0.0.1:35586
03:03:41.443 INF Incoming connection for protocol messages. addr=127.0.0.1:35602
03:03:41.442 INF Incoming connection for protocol messages. addr=127.0.0.1:35632
03:03:41.443 INF Incoming connection for protocol messages. addr=127.0.0.1:35594
03:03:41.443 INF Incoming connection for protocol messages. addr=127.0.0.1:35596
03:03:41.445 INF Incoming connection for protocol messages. addr=127.0.0.1:35598
03:03:41.445 INF Incoming connection for protocol messages. addr=127.0.0.1:35638
03:03:41.445 INF Incoming connection for protocol messages. addr=127.0.0.1:35642
03:03:41.446 DBG Connected. peerID=0
03:03:41.447 DBG Connected. peerID=2
03:03:41.447 INF Incoming connection for protocol messages. addr=127.0.0.1:35636
03:03:41.453 DBG Connected. peerID=3
03:03:41.453 INF Connected to all peers.
03:03:41.460 INF All peers finished connecting. Starting ISS.
03:03:41.461 DBG Buckets for 0-th leader 0: [0 4 8 12 16 20 24 28 32 36 40 44 48 52 56 60 2 6 10 14 18 22 26 30 34 38 42 46 50 54 58 62]
03:03:41.461 DBG Buckets for 1-th leader 1: [1 5 9 13 17 21 25 29 33 37 41 45 49 53 57 61 3 7 11 15 19 23 27 31 35 39 43 47 51 55 59 63]
03:03:41.461 INF PbftOrderer received a new segment: [0 2 4 6 8 10 12 14 16 18 20 22 24 26 28 30 32 34 36 38 40 42 44 46 48 50 52 54 56 58 60 62 64 66 68 70 72 74 76 78 80 82 84 86 88 90 92 94 96 98 100 102 104 106 108 110 112 114 116 118 120 122 124 126] first leader=0 firstSN=0 lastSN=126 len=64 length=64 segId=0
03:03:41.462 INF Starting new view. segID=0 timeout=60000 view=0
03:03:41.462 DBG Starting timer. sn=0 view=0
03:03:41.462 INF Starting PBFT instance. first=0 last=126 segID=0
03:03:41.462 DBG Subscribing to backlog. segID=0
03:03:41.462 INF Starting serialized message processing. segID=0
03:03:41.463 INF PbftOrderer received a new segment: [1 3 5 7 9 11 13 15 17 19 21 23 25 27 29 31 33 35 37 39 41 43 45 47 49 51 53 55 57 59 61 63 65 67 69 71 73 75 77 79 81 83 85 87 89 91 93 95 97 99 101 103 105 107 109 111 113 115 117 119 121 123 125 127] first leader=1 firstSN=1 lastSN=127 len=64 length=64 segId=1
03:03:41.463 INF Starting new view. segID=1 timeout=60000 view=0
03:03:41.463 DBG Starting timer. sn=1 view=0
03:03:41.463 INF Starting PBFT instance. first=1 last=127 segID=1
03:03:41.463 DBG Subscribing to backlog. segID=1
03:03:41.463 DBG Leading segment. segID=1
03:03:41.464 DBG Waiting for batch. batchSize=4096
03:03:41.464 INF Starting serialized message processing. segID=1
03:03:41.481 INF Connection terminated. error="rpc error: code = Canceled desc = context canceled" address=127.0.0.1:35636
03:03:41.481 INF Connection terminated. error="rpc error: code = Canceled desc = context canceled" address=127.0.0.1:35532
03:03:41.482 INF Connection terminated. error="rpc error: code = Canceled desc = context canceled" address=127.0.0.1:35642
03:03:41.482 INF Connection terminated. error="rpc error: code = Canceled desc = context canceled" address=127.0.0.1:35598
03:03:41.482 INF Connection terminated. error="rpc error: code = Canceled desc = context canceled" address=127.0.0.1:35588
03:03:41.482 INF Connection terminated. error="rpc error: code = Canceled desc = context canceled" address=127.0.0.1:35572
03:03:41.483 INF Connection terminated. error="rpc error: code = Canceled desc = context canceled" address=127.0.0.1:35632
03:03:41.482 INF Connection terminated. error="rpc error: code = Canceled desc = context canceled" address=127.0.0.1:35638
03:03:41.483 INF Connection terminated. error="rpc error: code = Canceled desc = context canceled" address=127.0.0.1:35540
03:03:41.483 INF Connection terminated. error="rpc error: code = Canceled desc = context canceled" address=127.0.0.1:35596
03:03:41.483 INF Connection terminated. error="rpc error: code = Canceled desc = context canceled" address=127.0.0.1:35602
03:03:41.483 INF Connection terminated. error="rpc error: code = Canceled desc = context canceled" address=127.0.0.1:35454
03:03:42.465 DBG Batch ready. batchSize=4096
03:03:42.465 DBG Batch cut. left=0 nBuckets=32 nReq=0 next=0
03:03:42.466 DBG Waiting for batch. batchSize=4096
03:03:42.466 INF Sending PREPREPARE. nReq=0 senderID=1 sn=1 view=0
03:03:42.468 INF Handling PREPREPARE. nReq=0 senderID=0 sn=0
03:03:42.468 ERR Failed to send protocol message. Dropping all future outgoing protocol messages. error=EOF
03:03:42.469 ERR Failed to send protocol message. Dropping all future outgoing protocol messages. error=EOF
03:03:42.469 DBG Creating new Batch. nReq=0
03:03:42.469 DBG Sending PREPARE. senderID=1 sn=0 view=0
03:03:43.466 INF Handling PREPREPARE. nReq=0 senderID=0 sn=2
03:03:43.466 DBG Batch ready. batchSize=4096
03:03:43.466 DBG Creating new Batch. nReq=0
03:03:43.466 DBG Sending PREPARE. senderID=1 sn=2 view=0
03:03:43.467 DBG Batch cut. left=0 nBuckets=32 nReq=0 next=0
03:03:43.467 INF Sending PREPREPARE. nReq=0 senderID=1 sn=3 view=0
03:03:43.467 DBG Waiting for batch. batchSize=4096
03:03:43.494 INF Incoming connection for requests. addr=127.0.0.1:35654
03:03:44.468 DBG Batch ready. batchSize=4096
03:03:44.468 DBG Batch cut. left=0 nBuckets=32 nReq=62 next=0
03:03:44.468 DBG Waiting for batch. batchSize=4096
03:03:44.472 INF Sending PREPREPARE. nReq=62 senderID=1 sn=5 view=0
03:03:44.474 INF Handling PREPREPARE. nReq=62 senderID=0 sn=4
03:03:44.475 DBG Creating new Batch. nReq=62
03:03:44.481 DBG Sending PREPARE. senderID=1 sn=4 view=0
03:03:45.469 DBG Batch ready. batchSize=4096
03:03:45.470 DBG Batch cut. left=0 nBuckets=32 nReq=64 next=0
03:03:45.470 DBG Waiting for batch. batchSize=4096
03:03:45.471 INF Sending PREPREPARE. nReq=64 senderID=1 sn=7 view=0
03:03:45.476 INF Handling PREPREPARE. nReq=64 senderID=0 sn=6
03:03:45.476 DBG Creating new Batch. nReq=64
03:03:45.482 DBG Sending PREPARE. senderID=1 sn=6 view=0
03:03:46.471 DBG Batch ready. batchSize=4096
03:03:46.472 DBG Batch cut. left=0 nBuckets=32 nReq=64 next=0
03:03:46.472 DBG Waiting for batch. batchSize=4096
03:03:46.474 INF Sending PREPREPARE. nReq=64 senderID=1 sn=9 view=0
03:03:46.477 INF Handling PREPREPARE. nReq=64 senderID=0 sn=8
03:03:46.477 DBG Creating new Batch. nReq=64
03:03:46.483 DBG Sending PREPARE. senderID=1 sn=8 view=0
03:03:47.473 DBG Batch ready. batchSize=4096
03:03:47.473 DBG Batch cut. left=0 nBuckets=32 nReq=64 next=0
03:03:47.473 DBG Waiting for batch. batchSize=4096
03:03:47.474 INF Sending PREPREPARE. nReq=64 senderID=1 sn=11 view=0
03:03:47.479 INF Handling PREPREPARE. nReq=64 senderID=0 sn=10
03:03:47.479 DBG Creating new Batch. nReq=64
03:03:47.485 DBG Sending PREPARE. senderID=1 sn=10 view=0
03:03:48.474 DBG Batch ready. batchSize=4096
03:03:48.475 DBG Batch cut. left=0 nBuckets=32 nReq=64 next=0
03:03:48.475 DBG Waiting for batch. batchSize=4096
03:03:48.477 INF Sending PREPREPARE. nReq=64 senderID=1 sn=13 view=0
03:03:48.481 INF Handling PREPREPARE. nReq=65 senderID=0 sn=12
03:03:48.481 DBG Creating new Batch. nReq=65
03:03:48.487 DBG Sending PREPARE. senderID=1 sn=12 view=0
03:03:49.477 DBG Batch ready. batchSize=4096
03:03:49.477 DBG Batch cut. left=0 nBuckets=32 nReq=64 next=0
03:03:49.477 DBG Waiting for batch. batchSize=4096
03:03:49.478 INF Sending PREPREPARE. nReq=64 senderID=1 sn=15 view=0
03:03:49.482 INF Handling PREPREPARE. nReq=64 senderID=0 sn=14
03:03:49.483 DBG Creating new Batch. nReq=64
03:03:49.489 DBG Sending PREPARE. senderID=1 sn=14 view=0
03:03:50.479 DBG Batch ready. batchSize=4096
03:03:50.479 DBG Batch cut. left=0 nBuckets=32 nReq=64 next=0
03:03:50.479 DBG Waiting for batch. batchSize=4096
03:03:50.481 INF Sending PREPREPARE. nReq=64 senderID=1 sn=17 view=0
03:03:50.484 INF Handling PREPREPARE. nReq=64 senderID=0 sn=16
03:03:50.484 DBG Creating new Batch. nReq=64
03:03:50.490 DBG Sending PREPARE. senderID=1 sn=16 view=0
03:03:51.481 DBG Batch ready. batchSize=4096
03:03:51.481 DBG Batch cut. left=0 nBuckets=32 nReq=65 next=0
03:03:51.481 DBG Waiting for batch. batchSize=4096
03:03:51.482 INF Sending PREPREPARE. nReq=65 senderID=1 sn=19 view=0
03:03:51.486 INF Handling PREPREPARE. nReq=64 senderID=0 sn=18
03:03:51.486 DBG Creating new Batch. nReq=64
03:03:51.491 DBG Sending PREPARE. senderID=1 sn=18 view=0
03:03:52.483 DBG Batch ready. batchSize=4096
03:03:52.483 DBG Batch cut. left=0 nBuckets=32 nReq=64 next=0
03:03:52.483 DBG Waiting for batch. batchSize=4096
03:03:52.484 INF Sending PREPREPARE. nReq=64 senderID=1 sn=21 view=0
03:03:52.488 INF Handling PREPREPARE. nReq=64 senderID=0 sn=20
03:03:52.488 DBG Creating new Batch. nReq=64
03:03:52.494 DBG Sending PREPARE. senderID=1 sn=20 view=0
03:03:53.484 DBG Batch ready. batchSize=4096
03:03:53.484 DBG Batch cut. left=0 nBuckets=32 nReq=64 next=0
03:03:53.485 DBG Waiting for batch. batchSize=4096
03:03:53.486 INF Sending PREPREPARE. nReq=64 senderID=1 sn=23 view=0
03:03:53.489 INF Handling PREPREPARE. nReq=64 senderID=0 sn=22
03:03:53.490 DBG Creating new Batch. nReq=64
03:03:53.496 DBG Sending PREPARE. senderID=1 sn=22 view=0
03:03:54.485 DBG Batch ready. batchSize=4096
03:03:54.486 DBG Batch cut. left=0 nBuckets=32 nReq=64 next=0
03:03:54.486 DBG Waiting for batch. batchSize=4096
03:03:54.487 INF Sending PREPREPARE. nReq=64 senderID=1 sn=25 view=0
03:03:54.491 INF Handling PREPREPARE. nReq=64 senderID=0 sn=24
03:03:54.491 DBG Creating new Batch. nReq=64
03:03:54.497 DBG Sending PREPARE. senderID=1 sn=24 view=0
03:03:55.487 DBG Batch ready. batchSize=4096
03:03:55.487 DBG Batch cut. left=0 nBuckets=32 nReq=64 next=0
03:03:55.488 DBG Waiting for batch. batchSize=4096
03:03:55.489 INF Sending PREPREPARE. nReq=64 senderID=1 sn=27 view=0
03:03:55.492 INF Handling PREPREPARE. nReq=64 senderID=0 sn=26
03:03:55.492 DBG Creating new Batch. nReq=64
03:03:55.498 DBG Sending PREPARE. senderID=1 sn=26 view=0
03:03:56.488 DBG Batch ready. batchSize=4096
03:03:56.489 DBG Batch cut. left=0 nBuckets=32 nReq=64 next=0
03:03:56.489 DBG Waiting for batch. batchSize=4096
03:03:56.490 INF Sending PREPREPARE. nReq=64 senderID=1 sn=29 view=0
03:03:56.493 INF Handling PREPREPARE. nReq=64 senderID=0 sn=28
03:03:56.494 DBG Creating new Batch. nReq=64
03:03:56.499 DBG Sending PREPARE. senderID=1 sn=28 view=0
03:03:57.490 DBG Batch ready. batchSize=4096
03:03:57.491 DBG Batch cut. left=0 nBuckets=32 nReq=64 next=0
03:03:57.491 DBG Waiting for batch. batchSize=4096
03:03:57.492 INF Sending PREPREPARE. nReq=64 senderID=1 sn=31 view=0
03:03:57.495 INF Handling PREPREPARE. nReq=65 senderID=0 sn=30
03:03:57.495 DBG Creating new Batch. nReq=65
03:03:57.501 DBG Sending PREPARE. senderID=1 sn=30 view=0
03:03:58.492 DBG Batch ready. batchSize=4096
03:03:58.493 DBG Batch cut. left=0 nBuckets=32 nReq=64 next=0
03:03:58.493 DBG Waiting for batch. batchSize=4096
03:03:58.494 INF Sending PREPREPARE. nReq=64 senderID=1 sn=33 view=0
03:03:58.497 INF Handling PREPREPARE. nReq=64 senderID=0 sn=32
03:03:58.497 DBG Creating new Batch. nReq=64
03:03:58.503 DBG Sending PREPARE. senderID=1 sn=32 view=0
03:03:59.495 DBG Batch ready. batchSize=4096
03:03:59.495 DBG Batch cut. left=0 nBuckets=32 nReq=64 next=0
03:03:59.495 DBG Waiting for batch. batchSize=4096
03:03:59.496 INF Sending PREPREPARE. nReq=64 senderID=1 sn=35 view=0
03:03:59.499 INF Handling PREPREPARE. nReq=64 senderID=0 sn=34
03:03:59.499 DBG Creating new Batch. nReq=64
03:03:59.506 DBG Sending PREPARE. senderID=1 sn=34 view=0
03:04:00.496 DBG Batch ready. batchSize=4096
03:04:00.497 DBG Batch cut. left=0 nBuckets=32 nReq=65 next=0
03:04:00.497 DBG Waiting for batch. batchSize=4096
03:04:00.498 INF Sending PREPREPARE. nReq=65 senderID=1 sn=37 view=0
03:04:00.500 INF Handling PREPREPARE. nReq=64 senderID=0 sn=36
03:04:00.501 DBG Creating new Batch. nReq=64
03:04:00.506 DBG Sending PREPARE. senderID=1 sn=36 view=0
03:04:01.498 DBG Batch ready. batchSize=4096
03:04:01.499 DBG Batch cut. left=0 nBuckets=32 nReq=64 next=0
03:04:01.499 DBG Waiting for batch. batchSize=4096
03:04:01.500 INF Sending PREPREPARE. nReq=64 senderID=1 sn=39 view=0
03:04:01.502 INF Handling PREPREPARE. nReq=64 senderID=0 sn=38
03:04:01.503 DBG Creating new Batch. nReq=64
03:04:01.509 DBG Sending PREPARE. senderID=1 sn=38 view=0
03:04:02.500 DBG Batch ready. batchSize=4096
03:04:02.500 DBG Batch cut. left=0 nBuckets=32 nReq=64 next=0
03:04:02.500 DBG Waiting for batch. batchSize=4096
03:04:02.502 INF Sending PREPREPARE. nReq=64 senderID=1 sn=41 view=0
03:04:02.503 INF Handling PREPREPARE. nReq=64 senderID=0 sn=40
03:04:02.504 DBG Creating new Batch. nReq=64
03:04:02.509 DBG Sending PREPARE. senderID=1 sn=40 view=0
03:04:03.501 DBG Batch ready. batchSize=4096
03:04:03.502 DBG Batch cut. left=0 nBuckets=32 nReq=64 next=0
03:04:03.502 DBG Waiting for batch. batchSize=4096
03:04:03.503 INF Sending PREPREPARE. nReq=64 senderID=1 sn=43 view=0
03:04:03.507 INF Handling PREPREPARE. nReq=64 senderID=0 sn=42
03:04:03.507 DBG Creating new Batch. nReq=64
03:04:03.512 DBG Sending PREPARE. senderID=1 sn=42 view=0
03:04:04.503 DBG Batch ready. batchSize=4096
03:04:04.504 DBG Batch cut. left=0 nBuckets=32 nReq=64 next=0
03:04:04.504 DBG Waiting for batch. batchSize=4096
03:04:04.505 INF Sending PREPREPARE. nReq=64 senderID=1 sn=45 view=0
03:04:04.508 INF Handling PREPREPARE. nReq=64 senderID=0 sn=44
03:04:04.508 DBG Creating new Batch. nReq=64
03:04:04.514 DBG Sending PREPARE. senderID=1 sn=44 view=0
03:04:05.505 DBG Batch ready. batchSize=4096
03:04:05.505 DBG Batch cut. left=0 nBuckets=32 nReq=64 next=0
03:04:05.505 DBG Waiting for batch. batchSize=4096
03:04:05.507 INF Sending PREPREPARE. nReq=64 senderID=1 sn=47 view=0
03:04:05.510 INF Handling PREPREPARE. nReq=64 senderID=0 sn=46
03:04:05.510 DBG Creating new Batch. nReq=64
03:04:05.516 DBG Sending PREPARE. senderID=1 sn=46 view=0
03:04:06.506 DBG Batch ready. batchSize=4096
03:04:06.507 DBG Batch cut. left=0 nBuckets=32 nReq=64 next=0
03:04:06.507 DBG Waiting for batch. batchSize=4096
03:04:06.508 INF Sending PREPREPARE. nReq=64 senderID=1 sn=49 view=0
03:04:06.511 INF Handling PREPREPARE. nReq=65 senderID=0 sn=48
03:04:06.512 DBG Creating new Batch. nReq=65
03:04:06.517 DBG Sending PREPARE. senderID=1 sn=48 view=0
03:04:07.508 DBG Batch ready. batchSize=4096
03:04:07.508 DBG Batch cut. left=0 nBuckets=32 nReq=64 next=0
03:04:07.509 DBG Waiting for batch. batchSize=4096
03:04:07.510 INF Sending PREPREPARE. nReq=64 senderID=1 sn=51 view=0
03:04:07.513 INF Handling PREPREPARE. nReq=64 senderID=0 sn=50
03:04:07.513 DBG Creating new Batch. nReq=64
03:04:07.519 DBG Sending PREPARE. senderID=1 sn=50 view=0
03:04:08.509 DBG Batch ready. batchSize=4096
03:04:08.510 DBG Batch cut. left=0 nBuckets=32 nReq=64 next=0
03:04:08.510 DBG Waiting for batch. batchSize=4096
03:04:08.511 INF Sending PREPREPARE. nReq=64 senderID=1 sn=53 view=0
03:04:08.515 INF Handling PREPREPARE. nReq=64 senderID=0 sn=52
03:04:08.515 DBG Creating new Batch. nReq=64
03:04:08.521 DBG Sending PREPARE. senderID=1 sn=52 view=0
03:04:09.511 DBG Batch ready. batchSize=4096
03:04:09.512 DBG Batch cut. left=0 nBuckets=32 nReq=65 next=0
03:04:09.512 DBG Waiting for batch. batchSize=4096
03:04:09.513 INF Sending PREPREPARE. nReq=65 senderID=1 sn=55 view=0
03:04:09.516 INF Handling PREPREPARE. nReq=64 senderID=0 sn=54
03:04:09.517 DBG Creating new Batch. nReq=64
03:04:09.523 DBG Sending PREPARE. senderID=1 sn=54 view=0
03:04:10.514 DBG Batch ready. batchSize=4096
03:04:10.514 DBG Batch cut. left=0 nBuckets=32 nReq=64 next=0
03:04:10.514 DBG Waiting for batch. batchSize=4096
03:04:10.516 INF Sending PREPREPARE. nReq=64 senderID=1 sn=57 view=0
03:04:10.518 INF Handling PREPREPARE. nReq=64 senderID=0 sn=56
03:04:10.518 DBG Creating new Batch. nReq=64
03:04:10.524 DBG Sending PREPARE. senderID=1 sn=56 view=0
03:04:11.515 DBG Batch ready. batchSize=4096
03:04:11.516 DBG Batch cut. left=0 nBuckets=32 nReq=64 next=0
03:04:11.516 DBG Waiting for batch. batchSize=4096
03:04:11.517 INF Sending PREPREPARE. nReq=64 senderID=1 sn=59 view=0
03:04:11.520 INF Handling PREPREPARE. nReq=64 senderID=0 sn=58
03:04:11.520 DBG Creating new Batch. nReq=64
03:04:11.527 DBG Sending PREPARE. senderID=1 sn=58 view=0
03:04:12.517 DBG Batch ready. batchSize=4096
03:04:12.518 DBG Batch cut. left=0 nBuckets=32 nReq=64 next=0
03:04:12.518 DBG Waiting for batch. batchSize=4096
03:04:12.519 INF Sending PREPREPARE. nReq=64 senderID=1 sn=61 view=0
03:04:12.521 INF Handling PREPREPARE. nReq=64 senderID=0 sn=60
03:04:12.522 DBG Creating new Batch. nReq=64
03:04:12.527 DBG Sending PREPARE. senderID=1 sn=60 view=0
03:04:13.519 DBG Batch ready. batchSize=4096
03:04:13.519 DBG Batch cut. left=0 nBuckets=32 nReq=64 next=0
03:04:13.520 DBG Waiting for batch. batchSize=4096
03:04:13.521 INF Sending PREPREPARE. nReq=64 senderID=1 sn=63 view=0
03:04:13.523 INF Handling PREPREPARE. nReq=64 senderID=0 sn=62
03:04:13.523 DBG Creating new Batch. nReq=64
03:04:13.529 DBG Sending PREPARE. senderID=1 sn=62 view=0
03:04:14.519 INF Handling PREPREPARE. nReq=0 senderID=0 sn=64
03:04:14.519 DBG Creating new Batch. nReq=0
03:04:14.519 DBG Sending PREPARE. senderID=1 sn=64 view=0
03:04:14.520 DBG Batch ready. batchSize=4096
03:04:14.521 DBG Batch cut. left=0 nBuckets=32 nReq=0 next=0
03:04:14.521 INF Sending PREPREPARE. nReq=0 senderID=1 sn=65 view=0
03:04:14.521 DBG Waiting for batch. batchSize=4096
03:04:15.521 INF Handling PREPREPARE. nReq=0 senderID=0 sn=66
03:04:15.521 DBG Creating new Batch. nReq=0
03:04:15.521 DBG Sending PREPARE. senderID=1 sn=66 view=0
03:04:15.521 DBG Batch ready. batchSize=4096
03:04:15.522 DBG Batch cut. left=0 nBuckets=32 nReq=0 next=0
03:04:15.522 INF Sending PREPREPARE. nReq=0 senderID=1 sn=67 view=0
03:04:15.522 DBG Waiting for batch. batchSize=4096
03:04:16.523 DBG Batch ready. batchSize=4096
03:04:16.523 DBG Batch cut. left=0 nBuckets=32 nReq=0 next=0
03:04:16.523 INF Handling PREPREPARE. nReq=0 senderID=0 sn=68
03:04:16.523 INF Sending PREPREPARE. nReq=0 senderID=1 sn=69 view=0
03:04:16.523 DBG Creating new Batch. nReq=0
03:04:16.523 DBG Waiting for batch. batchSize=4096
03:04:16.524 DBG Sending PREPARE. senderID=1 sn=68 view=0
03:04:17.524 DBG Batch ready. batchSize=4096
03:04:17.524 DBG Batch cut. left=0 nBuckets=32 nReq=0 next=0
03:04:17.525 DBG Waiting for batch. batchSize=4096
03:04:17.525 INF Sending PREPREPARE. nReq=0 senderID=1 sn=71 view=0
03:04:17.525 INF Handling PREPREPARE. nReq=0 senderID=0 sn=70
03:04:17.525 DBG Creating new Batch. nReq=0
03:04:17.525 DBG Sending PREPARE. senderID=1 sn=70 view=0
03:04:18.525 DBG Batch ready. batchSize=4096
03:04:18.525 DBG Batch cut. left=0 nBuckets=32 nReq=0 next=0
03:04:18.526 INF Sending PREPREPARE. nReq=0 senderID=1 sn=73 view=0
03:04:18.526 DBG Waiting for batch. batchSize=4096
03:04:18.526 INF Handling PREPREPARE. nReq=0 senderID=0 sn=72
03:04:18.527 DBG Creating new Batch. nReq=0
03:04:18.527 DBG Sending PREPARE. senderID=1 sn=72 view=0
03:04:19.527 DBG Batch ready. batchSize=4096
03:04:19.527 DBG Batch cut. left=0 nBuckets=32 nReq=0 next=0
03:04:19.528 DBG Waiting for batch. batchSize=4096
03:04:19.528 INF Sending PREPREPARE. nReq=0 senderID=1 sn=75 view=0
03:04:19.528 INF Handling PREPREPARE. nReq=0 senderID=0 sn=74
03:04:19.528 DBG Creating new Batch. nReq=0
03:04:19.528 DBG Sending PREPARE. senderID=1 sn=74 view=0
03:04:20.528 DBG Batch ready. batchSize=4096
03:04:20.529 DBG Batch cut. left=0 nBuckets=32 nReq=0 next=0
03:04:20.529 DBG Waiting for batch. batchSize=4096
03:04:20.529 INF Sending PREPREPARE. nReq=0 senderID=1 sn=77 view=0
03:04:20.529 INF Handling PREPREPARE. nReq=0 senderID=0 sn=76
03:04:20.530 DBG Creating new Batch. nReq=0
03:04:20.530 DBG Sending PREPARE. senderID=1 sn=76 view=0
03:04:21.530 DBG Batch ready. batchSize=4096
03:04:21.530 DBG Batch cut. left=0 nBuckets=32 nReq=0 next=0
03:04:21.530 INF Sending PREPREPARE. nReq=0 senderID=1 sn=79 view=0
03:04:21.530 DBG Waiting for batch. batchSize=4096
03:04:21.530 INF Handling PREPREPARE. nReq=0 senderID=0 sn=78
03:04:21.531 DBG Creating new Batch. nReq=0
03:04:21.531 DBG Sending PREPARE. senderID=1 sn=78 view=0
03:04:22.531 DBG Batch ready. batchSize=4096
03:04:22.531 DBG Batch cut. left=0 nBuckets=32 nReq=0 next=0
03:04:22.532 INF Sending PREPREPARE. nReq=0 senderID=1 sn=81 view=0
03:04:22.532 DBG Waiting for batch. batchSize=4096
03:04:22.532 INF Handling PREPREPARE. nReq=0 senderID=0 sn=80
03:04:22.533 DBG Creating new Batch. nReq=0
03:04:22.533 DBG Sending PREPARE. senderID=1 sn=80 view=0
03:04:23.532 DBG Batch ready. batchSize=4096
03:04:23.533 DBG Batch cut. left=0 nBuckets=32 nReq=0 next=0
03:04:23.533 DBG Waiting for batch. batchSize=4096
03:04:23.533 INF Sending PREPREPARE. nReq=0 senderID=1 sn=83 view=0
03:04:23.534 INF Handling PREPREPARE. nReq=0 senderID=0 sn=82
03:04:23.534 DBG Creating new Batch. nReq=0
03:04:23.534 DBG Sending PREPARE. senderID=1 sn=82 view=0
03:04:24.534 DBG Batch ready. batchSize=4096
03:04:24.534 DBG Batch cut. left=0 nBuckets=32 nReq=0 next=0
03:04:24.534 INF Sending PREPREPARE. nReq=0 senderID=1 sn=85 view=0
03:04:24.534 DBG Waiting for batch. batchSize=4096
03:04:24.535 INF Handling PREPREPARE. nReq=0 senderID=0 sn=84
03:04:24.535 DBG Creating new Batch. nReq=0
03:04:24.536 DBG Sending PREPARE. senderID=1 sn=84 view=0
03:04:25.535 DBG Batch ready. batchSize=4096
03:04:25.536 DBG Batch cut. left=0 nBuckets=32 nReq=0 next=0
03:04:25.536 INF Sending PREPREPARE. nReq=0 senderID=1 sn=87 view=0
03:04:25.536 DBG Waiting for batch. batchSize=4096
03:04:25.537 INF Handling PREPREPARE. nReq=0 senderID=0 sn=86
03:04:25.537 DBG Creating new Batch. nReq=0
03:04:25.537 DBG Sending PREPARE. senderID=1 sn=86 view=0
03:04:26.537 DBG Batch ready. batchSize=4096
03:04:26.538 DBG Batch cut. left=0 nBuckets=32 nReq=0 next=0
03:04:26.538 INF Sending PREPREPARE. nReq=0 senderID=1 sn=89 view=0
03:04:26.538 DBG Waiting for batch. batchSize=4096
03:04:26.539 INF Handling PREPREPARE. nReq=0 senderID=0 sn=88
03:04:26.539 DBG Creating new Batch. nReq=0
03:04:26.539 DBG Sending PREPARE. senderID=1 sn=88 view=0
03:04:27.539 DBG Batch ready. batchSize=4096
03:04:27.539 DBG Batch cut. left=0 nBuckets=32 nReq=0 next=0
03:04:27.539 INF Sending PREPREPARE. nReq=0 senderID=1 sn=91 view=0
03:04:27.539 DBG Waiting for batch. batchSize=4096
03:04:27.540 INF Handling PREPREPARE. nReq=0 senderID=0 sn=90
03:04:27.540 DBG Creating new Batch. nReq=0
03:04:27.540 DBG Sending PREPARE. senderID=1 sn=90 view=0
03:04:28.541 DBG Batch ready. batchSize=4096
03:04:28.541 DBG Batch cut. left=0 nBuckets=32 nReq=0 next=0
03:04:28.541 INF Sending PREPREPARE. nReq=0 senderID=1 sn=93 view=0
03:04:28.541 DBG Waiting for batch. batchSize=4096
03:04:28.542 INF Handling PREPREPARE. nReq=0 senderID=0 sn=92
03:04:28.542 DBG Creating new Batch. nReq=0
03:04:28.542 DBG Sending PREPARE. senderID=1 sn=92 view=0
03:04:29.542 DBG Batch ready. batchSize=4096
03:04:29.542 DBG Batch cut. left=0 nBuckets=32 nReq=0 next=0
03:04:29.542 INF Sending PREPREPARE. nReq=0 senderID=1 sn=95 view=0
03:04:29.543 DBG Waiting for batch. batchSize=4096
03:04:29.543 INF Handling PREPREPARE. nReq=0 senderID=0 sn=94
03:04:29.544 DBG Creating new Batch. nReq=0
03:04:29.544 DBG Sending PREPARE. senderID=1 sn=94 view=0
03:04:30.543 DBG Batch ready. batchSize=4096
03:04:30.543 DBG Batch cut. left=0 nBuckets=32 nReq=0 next=0
03:04:30.544 INF Sending PREPREPARE. nReq=0 senderID=1 sn=97 view=0
03:04:30.544 DBG Waiting for batch. batchSize=4096
03:04:30.544 INF Handling PREPREPARE. nReq=0 senderID=0 sn=96
03:04:30.544 DBG Creating new Batch. nReq=0
03:04:30.545 DBG Sending PREPARE. senderID=1 sn=96 view=0
03:04:31.545 DBG Batch ready. batchSize=4096
03:04:31.545 INF Handling PREPREPARE. nReq=0 senderID=0 sn=98
03:04:31.545 DBG Batch cut. left=0 nBuckets=32 nReq=0 next=0
03:04:31.546 DBG Creating new Batch. nReq=0
03:04:31.546 INF Sending PREPREPARE. nReq=0 senderID=1 sn=99 view=0
03:04:31.546 DBG Waiting for batch. batchSize=4096
03:04:31.546 DBG Sending PREPARE. senderID=1 sn=98 view=0
03:04:32.546 DBG Batch ready. batchSize=4096
03:04:32.547 DBG Batch cut. left=0 nBuckets=32 nReq=0 next=0
03:04:32.547 INF Sending PREPREPARE. nReq=0 senderID=1 sn=101 view=0
03:04:32.547 DBG Waiting for batch. batchSize=4096
03:04:32.547 INF Handling PREPREPARE. nReq=0 senderID=0 sn=100
03:04:32.547 DBG Creating new Batch. nReq=0
03:04:32.547 DBG Sending PREPARE. senderID=1 sn=100 view=0
03:04:33.548 INF Handling PREPREPARE. nReq=0 senderID=0 sn=102
03:04:33.548 DBG Batch ready. batchSize=4096
03:04:33.548 DBG Creating new Batch. nReq=0
03:04:33.548 DBG Sending PREPARE. senderID=1 sn=102 view=0
03:04:33.548 DBG Batch cut. left=0 nBuckets=32 nReq=0 next=0
03:04:33.549 DBG Waiting for batch. batchSize=4096
03:04:33.549 INF Sending PREPREPARE. nReq=0 senderID=1 sn=103 view=0
03:04:34.549 DBG Batch ready. batchSize=4096
03:04:34.549 INF Handling PREPREPARE. nReq=0 senderID=0 sn=104
03:04:34.549 DBG Creating new Batch. nReq=0
03:04:34.549 DBG Batch cut. left=0 nBuckets=32 nReq=0 next=0
03:04:34.549 DBG Sending PREPARE. senderID=1 sn=104 view=0
03:04:34.550 DBG Waiting for batch. batchSize=4096
03:04:34.550 INF Sending PREPREPARE. nReq=0 senderID=1 sn=105 view=0
03:04:35.550 DBG Batch ready. batchSize=4096
03:04:35.551 DBG Batch cut. left=0 nBuckets=32 nReq=0 next=0
03:04:35.551 INF Sending PREPREPARE. nReq=0 senderID=1 sn=107 view=0
03:04:35.551 INF Handling PREPREPARE. nReq=0 senderID=0 sn=106
03:04:35.551 DBG Waiting for batch. batchSize=4096
03:04:35.551 DBG Creating new Batch. nReq=0
03:04:35.551 DBG Sending PREPARE. senderID=1 sn=106 view=0
03:04:36.552 DBG Batch ready. batchSize=4096
03:04:36.552 DBG Batch cut. left=0 nBuckets=32 nReq=0 next=0
03:04:36.552 INF Handling PREPREPARE. nReq=0 senderID=0 sn=108
03:04:36.552 DBG Creating new Batch. nReq=0
03:04:36.552 INF Sending PREPREPARE. nReq=0 senderID=1 sn=109 view=0
03:04:36.552 DBG Waiting for batch. batchSize=4096
03:04:36.552 DBG Sending PREPARE. senderID=1 sn=108 view=0
03:04:37.553 DBG Batch ready. batchSize=4096
03:04:37.553 INF Handling PREPREPARE. nReq=0 senderID=0 sn=110
03:04:37.554 DBG Creating new Batch. nReq=0
03:04:37.554 DBG Batch cut. left=0 nBuckets=32 nReq=0 next=0
03:04:37.554 DBG Sending PREPARE. senderID=1 sn=110 view=0
03:04:37.554 INF Sending PREPREPARE. nReq=0 senderID=1 sn=111 view=0
03:04:37.554 DBG Waiting for batch. batchSize=4096
03:04:38.555 DBG Batch ready. batchSize=4096
03:04:38.555 INF Handling PREPREPARE. nReq=0 senderID=0 sn=112
03:04:38.555 DBG Creating new Batch. nReq=0
03:04:38.555 DBG Batch cut. left=0 nBuckets=32 nReq=0 next=0
03:04:38.555 INF Sending PREPREPARE. nReq=0 senderID=1 sn=113 view=0
03:04:38.555 DBG Sending PREPARE. senderID=1 sn=112 view=0
03:04:38.555 DBG Waiting for batch. batchSize=4096
03:04:39.556 INF Handling PREPREPARE. nReq=0 senderID=0 sn=114
03:04:39.556 DBG Batch ready. batchSize=4096
03:04:39.557 DBG Creating new Batch. nReq=0
03:04:39.557 DBG Sending PREPARE. senderID=1 sn=114 view=0
03:04:39.557 DBG Batch cut. left=0 nBuckets=32 nReq=0 next=0
03:04:39.557 DBG Waiting for batch. batchSize=4096
03:04:39.557 INF Sending PREPREPARE. nReq=0 senderID=1 sn=115 view=0
03:04:40.558 INF Handling PREPREPARE. nReq=0 senderID=0 sn=116
03:04:40.558 DBG Batch ready. batchSize=4096
03:04:40.558 DBG Creating new Batch. nReq=0
03:04:40.558 DBG Sending PREPARE. senderID=1 sn=116 view=0
03:04:40.558 DBG Batch cut. left=0 nBuckets=32 nReq=0 next=0
03:04:40.558 INF Sending PREPREPARE. nReq=0 senderID=1 sn=117 view=0
03:04:40.558 DBG Waiting for batch. batchSize=4096
03:04:41.463 WRN Timeout segId=0 sn=0 view=0
03:04:41.463 INF Starting new view. segID=0 timeout=120000 view=1
03:04:41.463 DBG Resurrecting uncommitted batch. fromView=0 segId=0 sn=0 toView=1
03:04:41.463 DBG Resurrecting uncommitted batch. fromView=0 segId=0 sn=2 toView=1
03:04:41.463 DBG Resurrecting uncommitted batch. fromView=0 segId=0 sn=4 toView=1
03:04:41.464 DBG Resurrecting uncommitted batch. fromView=0 segId=0 sn=6 toView=1
03:04:41.464 WRN Timeout segId=1 sn=1 view=0
03:04:41.464 DBG Resurrecting uncommitted batch. fromView=0 segId=0 sn=8 toView=1
03:04:41.464 INF Starting new view. segID=1 timeout=120000 view=1
03:04:41.464 DBG Resurrecting uncommitted batch. fromView=0 segId=1 sn=1 toView=1
03:04:41.464 DBG Resurrecting uncommitted batch. fromView=0 segId=0 sn=10 toView=1
03:04:41.464 DBG Resurrecting uncommitted batch. fromView=0 segId=1 sn=3 toView=1
03:04:41.465 DBG Resurrecting uncommitted batch. fromView=0 segId=1 sn=5 toView=1
03:04:41.465 DBG Resurrecting uncommitted batch. fromView=0 segId=0 sn=12 toView=1
03:04:41.465 DBG Resurrecting uncommitted batch. fromView=0 segId=0 sn=14 toView=1
03:04:41.465 DBG Resurrecting uncommitted batch. fromView=0 segId=0 sn=16 toView=1
03:04:41.465 DBG Resurrecting uncommitted batch. fromView=0 segId=1 sn=7 toView=1
03:04:41.465 DBG Resurrecting uncommitted batch. fromView=0 segId=0 sn=18 toView=1
03:04:41.465 DBG Resurrecting uncommitted batch. fromView=0 segId=1 sn=9 toView=1
03:04:41.465 DBG Resurrecting uncommitted batch. fromView=0 segId=0 sn=20 toView=1
03:04:41.466 DBG Resurrecting uncommitted batch. fromView=0 segId=1 sn=11 toView=1
03:04:41.466 DBG Resurrecting uncommitted batch. fromView=0 segId=0 sn=22 toView=1
03:04:41.466 DBG Resurrecting uncommitted batch. fromView=0 segId=1 sn=13 toView=1
03:04:41.466 DBG Resurrecting uncommitted batch. fromView=0 segId=0 sn=24 toView=1
03:04:41.466 DBG Resurrecting uncommitted batch. fromView=0 segId=1 sn=15 toView=1
03:04:41.466 DBG Resurrecting uncommitted batch. fromView=0 segId=0 sn=26 toView=1
03:04:41.466 DBG Resurrecting uncommitted batch. fromView=0 segId=1 sn=17 toView=1
03:04:41.466 DBG Resurrecting uncommitted batch. fromView=0 segId=0 sn=28 toView=1
03:04:41.467 DBG Resurrecting uncommitted batch. fromView=0 segId=1 sn=19 toView=1
03:04:41.467 DBG Resurrecting uncommitted batch. fromView=0 segId=0 sn=30 toView=1
03:04:41.467 DBG Resurrecting uncommitted batch. fromView=0 segId=1 sn=21 toView=1
03:04:41.467 DBG Resurrecting uncommitted batch. fromView=0 segId=0 sn=32 toView=1
03:04:41.467 DBG Resurrecting uncommitted batch. fromView=0 segId=0 sn=34 toView=1
03:04:41.467 DBG Resurrecting uncommitted batch. fromView=0 segId=1 sn=23 toView=1
03:04:41.467 DBG Resurrecting uncommitted batch. fromView=0 segId=0 sn=36 toView=1
03:04:41.467 DBG Resurrecting uncommitted batch. fromView=0 segId=1 sn=25 toView=1
03:04:41.468 DBG Resurrecting uncommitted batch. fromView=0 segId=0 sn=38 toView=1
03:04:41.468 DBG Resurrecting uncommitted batch. fromView=0 segId=1 sn=27 toView=1
03:04:41.468 DBG Resurrecting uncommitted batch. fromView=0 segId=0 sn=40 toView=1
03:04:41.468 DBG Resurrecting uncommitted batch. fromView=0 segId=1 sn=29 toView=1
03:04:41.468 DBG Resurrecting uncommitted batch. fromView=0 segId=0 sn=42 toView=1
03:04:41.468 DBG Resurrecting uncommitted batch. fromView=0 segId=1 sn=31 toView=1
03:04:41.468 DBG Resurrecting uncommitted batch. fromView=0 segId=0 sn=44 toView=1
03:04:41.469 DBG Resurrecting uncommitted batch. fromView=0 segId=1 sn=33 toView=1
03:04:41.469 DBG Resurrecting uncommitted batch. fromView=0 segId=0 sn=46 toView=1
03:04:41.469 DBG Resurrecting uncommitted batch. fromView=0 segId=1 sn=35 toView=1
03:04:41.469 DBG Resurrecting uncommitted batch. fromView=0 segId=0 sn=48 toView=1
03:04:41.469 DBG Resurrecting uncommitted batch. fromView=0 segId=0 sn=50 toView=1
03:04:41.469 DBG Resurrecting uncommitted batch. fromView=0 segId=1 sn=37 toView=1
03:04:41.469 DBG Resurrecting uncommitted batch. fromView=0 segId=0 sn=52 toView=1
03:04:41.469 DBG Resurrecting uncommitted batch. fromView=0 segId=1 sn=39 toView=1
03:04:41.469 DBG Resurrecting uncommitted batch. fromView=0 segId=0 sn=54 toView=1
03:04:41.470 DBG Resurrecting uncommitted batch. fromView=0 segId=1 sn=41 toView=1
03:04:41.470 DBG Resurrecting uncommitted batch. fromView=0 segId=0 sn=56 toView=1
03:04:41.470 DBG Resurrecting uncommitted batch. fromView=0 segId=1 sn=43 toView=1
03:04:41.470 DBG Resurrecting uncommitted batch. fromView=0 segId=0 sn=58 toView=1
03:04:41.470 DBG Resurrecting uncommitted batch. fromView=0 segId=1 sn=45 toView=1
03:04:41.470 DBG Resurrecting uncommitted batch. fromView=0 segId=0 sn=60 toView=1
03:04:41.470 DBG Resurrecting uncommitted batch. fromView=0 segId=0 sn=62 toView=1
03:04:41.470 DBG Resurrecting uncommitted batch. fromView=0 segId=1 sn=47 toView=1
03:04:41.471 DBG Resurrecting uncommitted batch. fromView=0 segId=0 sn=64 toView=1
03:04:41.471 DBG Resurrecting uncommitted batch. fromView=0 segId=1 sn=49 toView=1
03:04:41.471 DBG Resurrecting uncommitted batch. fromView=0 segId=0 sn=66 toView=1
03:04:41.471 DBG Resurrecting uncommitted batch. fromView=0 segId=0 sn=68 toView=1
03:04:41.471 DBG Resurrecting uncommitted batch. fromView=0 segId=1 sn=51 toView=1
03:04:41.471 DBG Resurrecting uncommitted batch. fromView=0 segId=0 sn=70 toView=1
03:04:41.471 DBG Resurrecting uncommitted batch. fromView=0 segId=0 sn=72 toView=1
03:04:41.471 DBG Resurrecting uncommitted batch. fromView=0 segId=1 sn=53 toView=1
03:04:41.471 DBG Resurrecting uncommitted batch. fromView=0 segId=0 sn=74 toView=1
03:04:41.471 DBG Resurrecting uncommitted batch. fromView=0 segId=0 sn=76 toView=1
03:04:41.471 DBG Resurrecting uncommitted batch. fromView=0 segId=1 sn=55 toView=1
03:04:41.471 DBG Resurrecting uncommitted batch. fromView=0 segId=0 sn=78 toView=1
03:04:41.472 DBG Resurrecting uncommitted batch. fromView=0 segId=0 sn=80 toView=1
03:04:41.472 DBG Resurrecting uncommitted batch. fromView=0 segId=1 sn=57 toView=1
03:04:41.472 DBG Resurrecting uncommitted batch. fromView=0 segId=0 sn=82 toView=1
03:04:41.472 DBG Resurrecting uncommitted batch. fromView=0 segId=0 sn=84 toView=1
03:04:41.472 DBG Resurrecting uncommitted batch. fromView=0 segId=1 sn=59 toView=1
03:04:41.472 DBG Resurrecting uncommitted batch. fromView=0 segId=0 sn=86 toView=1
03:04:41.472 DBG Resurrecting uncommitted batch. fromView=0 segId=0 sn=88 toView=1
03:04:41.472 DBG Resurrecting uncommitted batch. fromView=0 segId=1 sn=61 toView=1
03:04:41.472 DBG Resurrecting uncommitted batch. fromView=0 segId=0 sn=90 toView=1
03:04:41.472 DBG Resurrecting uncommitted batch. fromView=0 segId=0 sn=92 toView=1
03:04:41.473 DBG Resurrecting uncommitted batch. fromView=0 segId=1 sn=63 toView=1
03:04:41.473 DBG Resurrecting uncommitted batch. fromView=0 segId=0 sn=94 toView=1
03:04:41.473 DBG Resurrecting uncommitted batch. fromView=0 segId=0 sn=96 toView=1
03:04:41.473 DBG Resurrecting uncommitted batch. fromView=0 segId=1 sn=65 toView=1
03:04:41.473 DBG Resurrecting uncommitted batch. fromView=0 segId=0 sn=98 toView=1
03:04:41.473 DBG Resurrecting uncommitted batch. fromView=0 segId=1 sn=67 toView=1
03:04:41.473 DBG Resurrecting uncommitted batch. fromView=0 segId=0 sn=100 toView=1
03:04:41.473 DBG Resurrecting uncommitted batch. fromView=0 segId=1 sn=69 toView=1
03:04:41.473 DBG Resurrecting uncommitted batch. fromView=0 segId=0 sn=102 toView=1
03:04:41.473 DBG Resurrecting uncommitted batch. fromView=0 segId=1 sn=71 toView=1
03:04:41.473 DBG Resurrecting uncommitted batch. fromView=0 segId=0 sn=104 toView=1
03:04:41.473 DBG Resurrecting uncommitted batch. fromView=0 segId=1 sn=73 toView=1
03:04:41.473 DBG Resurrecting uncommitted batch. fromView=0 segId=0 sn=106 toView=1
03:04:41.474 DBG Resurrecting uncommitted batch. fromView=0 segId=1 sn=75 toView=1
03:04:41.474 DBG Resurrecting uncommitted batch. fromView=0 segId=0 sn=108 toView=1
03:04:41.474 DBG Resurrecting uncommitted batch. fromView=0 segId=1 sn=77 toView=1
03:04:41.474 DBG Resurrecting uncommitted batch. fromView=0 segId=0 sn=110 toView=1
03:04:41.474 DBG Resurrecting uncommitted batch. fromView=0 segId=1 sn=79 toView=1
03:04:41.474 DBG Resurrecting uncommitted batch. fromView=0 segId=0 sn=112 toView=1
03:04:41.474 DBG Resurrecting uncommitted batch. fromView=0 segId=1 sn=81 toView=1
03:04:41.474 DBG Resurrecting uncommitted batch. fromView=0 segId=0 sn=114 toView=1
03:04:41.474 DBG Resurrecting uncommitted batch. fromView=0 segId=1 sn=83 toView=1
03:04:41.474 DBG Resurrecting uncommitted batch. fromView=0 segId=0 sn=116 toView=1
03:04:41.474 DBG Resurrecting uncommitted batch. fromView=0 segId=1 sn=85 toView=1
03:04:41.474 DBG Batch not preprepared. Not resurrecting. fromView=0 segId=0 sn=118 toView=1
03:04:41.474 DBG Resurrecting uncommitted batch. fromView=0 segId=1 sn=87 toView=1
03:04:41.474 DBG Batch not preprepared. Not resurrecting. fromView=0 segId=0 sn=120 toView=1
03:04:41.475 DBG Resurrecting uncommitted batch. fromView=0 segId=1 sn=89 toView=1
03:04:41.475 DBG Batch not preprepared. Not resurrecting. fromView=0 segId=0 sn=122 toView=1
03:04:41.475 DBG Resurrecting uncommitted batch. fromView=0 segId=1 sn=91 toView=1
03:04:41.475 DBG Batch not preprepared. Not resurrecting. fromView=0 segId=0 sn=124 toView=1
03:04:41.475 DBG Resurrecting uncommitted batch. fromView=0 segId=1 sn=93 toView=1
03:04:41.475 DBG Batch not preprepared. Not resurrecting. fromView=0 segId=0 sn=126 toView=1
03:04:41.475 DBG Resurrecting uncommitted batch. fromView=0 segId=1 sn=95 toView=1
03:04:41.475 DBG Resurrecting uncommitted batch. fromView=0 segId=1 sn=97 toView=1
03:04:41.475 DBG Resurrecting uncommitted batch. fromView=0 segId=1 sn=99 toView=1
03:04:41.475 DBG Resurrecting uncommitted batch. fromView=0 segId=1 sn=101 toView=1
03:04:41.475 DBG Resurrecting uncommitted batch. fromView=0 segId=1 sn=103 toView=1
03:04:41.476 DBG Resurrecting uncommitted batch. fromView=0 segId=1 sn=105 toView=1
03:04:41.476 DBG Resurrecting uncommitted batch. fromView=0 segId=1 sn=107 toView=1
03:04:41.476 INF Requesting VIEWCHANGE. receiverID=1 segID=0 senderID=1 view=1
03:04:41.476 DBG Resurrecting uncommitted batch. fromView=0 segId=1 sn=109 toView=1
03:04:41.476 DBG Adding view change message. currentView=1 msgView=1 numViewChanges=1
03:04:41.476 DBG Resurrecting uncommitted batch. fromView=0 segId=1 sn=111 toView=1
03:04:41.476 DBG Resurrecting uncommitted batch. fromView=0 segId=1 sn=113 toView=1
03:04:41.476 DBG Resurrecting uncommitted batch. fromView=0 segId=1 sn=115 toView=1
03:04:41.476 DBG Resurrecting uncommitted batch. fromView=0 segId=1 sn=117 toView=1
03:04:41.476 DBG Batch not preprepared. Not resurrecting. fromView=0 segId=1 sn=119 toView=1
03:04:41.477 DBG Batch not preprepared. Not resurrecting. fromView=0 segId=1 sn=121 toView=1
03:04:41.477 DBG Batch not preprepared. Not resurrecting. fromView=0 segId=1 sn=123 toView=1
03:04:41.477 DBG Batch not preprepared. Not resurrecting. fromView=0 segId=1 sn=125 toView=1
03:04:41.477 DBG Batch not preprepared. Not resurrecting. fromView=0 segId=1 sn=127 toView=1
03:04:41.478 INF Requesting VIEWCHANGE. receiverID=2 segID=1 senderID=1 view=1
03:04:41.481 INF Handling VIEWCHANGE. msgView=1 ownView=1 segID=0 senderID=0
03:04:41.481 INF Adding view change message. currentView=1 msgView=1 numViewChanges=2
03:04:41.559 DBG Batch ready. batchSize=4096
03:04:41.560 DBG Waiting for batch. batchSize=4096
03:04:42.560 DBG Batch ready. batchSize=4096
03:04:42.560 DBG Waiting for batch. batchSize=4096
03:04:43.561 DBG Batch ready. batchSize=4096
03:04:43.561 DBG Waiting for batch. batchSize=4096
03:04:44.562 DBG Batch ready. batchSize=4096
03:04:44.562 DBG Waiting for batch. batchSize=4096
03:04:45.562 DBG Batch ready. batchSize=4096
03:06:41.477 WRN Timeout segId=0 sn=-1 view=1
03:06:41.477 INF Starting new view. segID=0 timeout=240000 view=2
03:06:41.477 DBG Batch not preprepared. Not resurrecting. fromView=1 segId=0 sn=0 toView=2
03:06:41.477 DBG Batch not preprepared. Not resurrecting. fromView=1 segId=0 sn=2 toView=2
03:06:41.477 DBG Batch not preprepared. Not resurrecting. fromView=1 segId=0 sn=4 toView=2
03:06:41.478 DBG Batch not preprepared. Not resurrecting. fromView=1 segId=0 sn=6 toView=2
03:06:41.478 DBG Batch not preprepared. Not resurrecting. fromView=1 segId=0 sn=8 toView=2
03:06:41.478 WRN Timeout segId=1 sn=-1 view=1
03:06:41.478 DBG Batch not preprepared. Not resurrecting. fromView=1 segId=0 sn=10 toView=2
03:06:41.478 INF Starting new view. segID=1 timeout=240000 view=2
03:06:41.478 DBG Batch not preprepared. Not resurrecting. fromView=1 segId=0 sn=12 toView=2
03:06:41.478 DBG Batch not preprepared. Not resurrecting. fromView=1 segId=1 sn=1 toView=2
03:06:41.478 DBG Batch not preprepared. Not resurrecting. fromView=1 segId=0 sn=14 toView=2
03:06:41.478 DBG Batch not preprepared. Not resurrecting. fromView=1 segId=1 sn=3 toView=2
03:06:41.478 DBG Batch not preprepared. Not resurrecting. fromView=1 segId=0 sn=16 toView=2
03:06:41.478 DBG Batch not preprepared. Not resurrecting. fromView=1 segId=1 sn=5 toView=2
03:06:41.478 DBG Batch not preprepared. Not resurrecting. fromView=1 segId=0 sn=18 toView=2
03:06:41.479 DBG Batch not preprepared. Not resurrecting. fromView=1 segId=1 sn=7 toView=2
03:06:41.479 DBG Batch not preprepared. Not resurrecting. fromView=1 segId=0 sn=20 toView=2
03:06:41.479 DBG Batch not preprepared. Not resurrecting. fromView=1 segId=1 sn=9 toView=2
03:06:41.479 DBG Batch not preprepared. Not resurrecting. fromView=1 segId=0 sn=22 toView=2
03:06:41.479 DBG Batch not preprepared. Not resurrecting. fromView=1 segId=1 sn=11 toView=2
03:06:41.479 DBG Batch not preprepared. Not resurrecting. fromView=1 segId=0 sn=24 toView=2
03:06:41.479 DBG Batch not preprepared. Not resurrecting. fromView=1 segId=1 sn=13 toView=2
03:06:41.479 DBG Batch not preprepared. Not resurrecting. fromView=1 segId=0 sn=26 toView=2
03:06:41.479 DBG Batch not preprepared. Not resurrecting. fromView=1 segId=1 sn=15 toView=2
03:06:41.479 DBG Batch not preprepared. Not resurrecting. fromView=1 segId=0 sn=28 toView=2
03:06:41.479 DBG Batch not preprepared. Not resurrecting. fromView=1 segId=1 sn=17 toView=2
03:06:41.479 DBG Batch not preprepared. Not resurrecting. fromView=1 segId=0 sn=30 toView=2
03:06:41.479 DBG Batch not preprepared. Not resurrecting. fromView=1 segId=1 sn=19 toView=2
03:06:41.479 DBG Batch not preprepared. Not resurrecting. fromView=1 segId=0 sn=32 toView=2
03:06:41.480 DBG Batch not preprepared. Not resurrecting. fromView=1 segId=1 sn=21 toView=2
03:06:41.480 DBG Batch not preprepared. Not resurrecting. fromView=1 segId=0 sn=34 toView=2
03:06:41.480 DBG Batch not preprepared. Not resurrecting. fromView=1 segId=1 sn=23 toView=2
03:06:41.480 DBG Batch not preprepared. Not resurrecting. fromView=1 segId=0 sn=36 toView=2
03:06:41.480 DBG Batch not preprepared. Not resurrecting. fromView=1 segId=1 sn=25 toView=2
03:06:41.480 DBG Batch not preprepared. Not resurrecting. fromView=1 segId=0 sn=38 toView=2
03:06:41.480 DBG Batch not preprepared. Not resurrecting. fromView=1 segId=1 sn=27 toView=2
03:06:41.480 DBG Batch not preprepared. Not resurrecting. fromView=1 segId=0 sn=40 toView=2
03:06:41.480 DBG Batch not preprepared. Not resurrecting. fromView=1 segId=1 sn=29 toView=2
03:06:41.480 DBG Batch not preprepared. Not resurrecting. fromView=1 segId=0 sn=42 toView=2
03:06:41.480 DBG Batch not preprepared. Not resurrecting. fromView=1 segId=1 sn=31 toView=2
03:06:41.480 DBG Batch not preprepared. Not resurrecting. fromView=1 segId=0 sn=44 toView=2
03:06:41.480 DBG Batch not preprepared. Not resurrecting. fromView=1 segId=1 sn=33 toView=2
03:06:41.480 DBG Batch not preprepared. Not resurrecting. fromView=1 segId=0 sn=46 toView=2
03:06:41.481 DBG Batch not preprepared. Not resurrecting. fromView=1 segId=1 sn=35 toView=2
03:06:41.481 DBG Batch not preprepared. Not resurrecting. fromView=1 segId=0 sn=48 toView=2
03:06:41.481 DBG Batch not preprepared. Not resurrecting. fromView=1 segId=1 sn=37 toView=2
03:06:41.481 DBG Batch not preprepared. Not resurrecting. fromView=1 segId=0 sn=50 toView=2
03:06:41.481 DBG Batch not preprepared. Not resurrecting. fromView=1 segId=1 sn=39 toView=2
03:06:41.481 DBG Batch not preprepared. Not resurrecting. fromView=1 segId=0 sn=52 toView=2
03:06:41.481 DBG Batch not preprepared. Not resurrecting. fromView=1 segId=1 sn=41 toView=2
03:06:41.481 DBG Batch not preprepared. Not resurrecting. fromView=1 segId=0 sn=54 toView=2
03:06:41.481 DBG Batch not preprepared. Not resurrecting. fromView=1 segId=1 sn=43 toView=2
03:06:41.481 DBG Batch not preprepared. Not resurrecting. fromView=1 segId=0 sn=56 toView=2
03:06:41.481 DBG Batch not preprepared. Not resurrecting. fromView=1 segId=1 sn=45 toView=2
03:06:41.481 DBG Batch not preprepared. Not resurrecting. fromView=1 segId=0 sn=58 toView=2
03:06:41.481 DBG Batch not preprepared. Not resurrecting. fromView=1 segId=1 sn=47 toView=2
03:06:41.481 DBG Batch not preprepared. Not resurrecting. fromView=1 segId=0 sn=60 toView=2
03:06:41.481 DBG Batch not preprepared. Not resurrecting. fromView=1 segId=1 sn=49 toView=2
03:06:41.482 DBG Batch not preprepared. Not resurrecting. fromView=1 segId=0 sn=62 toView=2
03:06:41.482 DBG Batch not preprepared. Not resurrecting. fromView=1 segId=1 sn=51 toView=2
03:06:41.482 DBG Batch not preprepared. Not resurrecting. fromView=1 segId=0 sn=64 toView=2
03:06:41.482 DBG Batch not preprepared. Not resurrecting. fromView=1 segId=1 sn=53 toView=2
03:06:41.482 DBG Batch not preprepared. Not resurrecting. fromView=1 segId=0 sn=66 toView=2
03:06:41.482 DBG Batch not preprepared. Not resurrecting. fromView=1 segId=1 sn=55 toView=2
03:06:41.482 DBG Batch not preprepared. Not resurrecting. fromView=1 segId=0 sn=68 toView=2
03:06:41.482 DBG Batch not preprepared. Not resurrecting. fromView=1 segId=1 sn=57 toView=2
03:06:41.482 DBG Batch not preprepared. Not resurrecting. fromView=1 segId=0 sn=70 toView=2
03:06:41.482 DBG Batch not preprepared. Not resurrecting. fromView=1 segId=1 sn=59 toView=2
03:06:41.482 DBG Batch not preprepared. Not resurrecting. fromView=1 segId=0 sn=72 toView=2
03:06:41.482 DBG Batch not preprepared. Not resurrecting. fromView=1 segId=1 sn=61 toView=2
03:06:41.482 DBG Batch not preprepared. Not resurrecting. fromView=1 segId=0 sn=74 toView=2
03:06:41.482 DBG Batch not preprepared. Not resurrecting. fromView=1 segId=1 sn=63 toView=2
03:06:41.483 DBG Batch not preprepared. Not resurrecting. fromView=1 segId=0 sn=76 toView=2
03:06:41.483 DBG Batch not preprepared. Not resurrecting. fromView=1 segId=1 sn=65 toView=2
03:06:41.483 DBG Batch not preprepared. Not resurrecting. fromView=1 segId=0 sn=78 toView=2
03:06:41.483 DBG Batch not preprepared. Not resurrecting. fromView=1 segId=1 sn=67 toView=2
03:06:41.483 DBG Batch not preprepared. Not resurrecting. fromView=1 segId=0 sn=80 toView=2
03:06:41.483 DBG Batch not preprepared. Not resurrecting. fromView=1 segId=1 sn=69 toView=2
03:06:41.483 DBG Batch not preprepared. Not resurrecting. fromView=1 segId=0 sn=82 toView=2
03:06:41.483 DBG Batch not preprepared. Not resurrecting. fromView=1 segId=1 sn=71 toView=2
03:06:41.483 DBG Batch not preprepared. Not resurrecting. fromView=1 segId=0 sn=84 toView=2
03:06:41.483 DBG Batch not preprepared. Not resurrecting. fromView=1 segId=1 sn=73 toView=2
03:06:41.483 DBG Batch not preprepared. Not resurrecting. fromView=1 segId=0 sn=86 toView=2
03:06:41.483 DBG Batch not preprepared. Not resurrecting. fromView=1 segId=1 sn=75 toView=2
03:06:41.483 DBG Batch not preprepared. Not resurrecting. fromView=1 segId=0 sn=88 toView=2
03:06:41.483 DBG Batch not preprepared. Not resurrecting. fromView=1 segId=1 sn=77 toView=2
03:06:41.483 DBG Batch not preprepared. Not resurrecting. fromView=1 segId=0 sn=90 toView=2
03:06:41.484 DBG Batch not preprepared. Not resurrecting. fromView=1 segId=1 sn=79 toView=2
03:06:41.484 DBG Batch not preprepared. Not resurrecting. fromView=1 segId=0 sn=92 toView=2
03:06:41.484 DBG Batch not preprepared. Not resurrecting. fromView=1 segId=1 sn=81 toView=2
03:06:41.484 DBG Batch not preprepared. Not resurrecting. fromView=1 segId=0 sn=94 toView=2
03:06:41.484 DBG Batch not preprepared. Not resurrecting. fromView=1 segId=1 sn=83 toView=2
03:06:41.484 DBG Batch not preprepared. Not resurrecting. fromView=1 segId=0 sn=96 toView=2
03:06:41.484 DBG Batch not preprepared. Not resurrecting. fromView=1 segId=1 sn=85 toView=2
03:06:41.484 DBG Batch not preprepared. Not resurrecting. fromView=1 segId=0 sn=98 toView=2
03:06:41.484 DBG Batch not preprepared. Not resurrecting. fromView=1 segId=1 sn=87 toView=2
03:06:41.484 DBG Batch not preprepared. Not resurrecting. fromView=1 segId=0 sn=100 toView=2
03:06:41.484 DBG Batch not preprepared. Not resurrecting. fromView=1 segId=1 sn=89 toView=2
03:06:41.484 DBG Batch not preprepared. Not resurrecting. fromView=1 segId=0 sn=102 toView=2
03:06:41.484 DBG Batch not preprepared. Not resurrecting. fromView=1 segId=1 sn=91 toView=2
03:06:41.484 DBG Batch not preprepared. Not resurrecting. fromView=1 segId=0 sn=104 toView=2
03:06:41.484 DBG Batch not preprepared. Not resurrecting. fromView=1 segId=1 sn=93 toView=2
03:06:41.485 DBG Batch not preprepared. Not resurrecting. fromView=1 segId=0 sn=106 toView=2
03:06:41.485 DBG Batch not preprepared. Not resurrecting. fromView=1 segId=1 sn=95 toView=2
03:06:41.485 DBG Batch not preprepared. Not resurrecting. fromView=1 segId=0 sn=108 toView=2
03:06:41.485 DBG Batch not preprepared. Not resurrecting. fromView=1 segId=1 sn=97 toView=2
03:06:41.485 DBG Batch not preprepared. Not resurrecting. fromView=1 segId=0 sn=110 toView=2
03:06:41.485 DBG Batch not preprepared. Not resurrecting. fromView=1 segId=1 sn=99 toView=2
03:06:41.485 DBG Batch not preprepared. Not resurrecting. fromView=1 segId=0 sn=112 toView=2
03:06:41.485 DBG Batch not preprepared. Not resurrecting. fromView=1 segId=1 sn=101 toView=2
03:06:41.485 DBG Batch not preprepared. Not resurrecting. fromView=1 segId=0 sn=114 toView=2
03:06:41.485 DBG Batch not preprepared. Not resurrecting. fromView=1 segId=1 sn=103 toView=2
03:06:41.485 DBG Batch not preprepared. Not resurrecting. fromView=1 segId=0 sn=116 toView=2
03:06:41.485 DBG Batch not preprepared. Not resurrecting. fromView=1 segId=1 sn=105 toView=2
03:06:41.485 DBG Batch not preprepared. Not resurrecting. fromView=1 segId=0 sn=118 toView=2
03:06:41.485 DBG Batch not preprepared. Not resurrecting. fromView=1 segId=1 sn=107 toView=2
03:06:41.485 DBG Batch not preprepared. Not resurrecting. fromView=1 segId=0 sn=120 toView=2
03:06:41.485 DBG Batch not preprepared. Not resurrecting. fromView=1 segId=1 sn=109 toView=2
03:06:41.486 DBG Batch not preprepared. Not resurrecting. fromView=1 segId=0 sn=122 toView=2
03:06:41.486 DBG Batch not preprepared. Not resurrecting. fromView=1 segId=1 sn=111 toView=2
03:06:41.486 DBG Batch not preprepared. Not resurrecting. fromView=1 segId=0 sn=124 toView=2
03:06:41.486 DBG Batch not preprepared. Not resurrecting. fromView=1 segId=1 sn=113 toView=2
03:06:41.486 DBG Batch not preprepared. Not resurrecting. fromView=1 segId=0 sn=126 toView=2
03:06:41.486 DBG Batch not preprepared. Not resurrecting. fromView=1 segId=1 sn=115 toView=2
03:06:41.486 DBG Batch not preprepared. Not resurrecting. fromView=1 segId=1 sn=117 toView=2
03:06:41.486 DBG Batch not preprepared. Not resurrecting. fromView=1 segId=1 sn=119 toView=2
03:06:41.486 DBG Batch not preprepared. Not resurrecting. fromView=1 segId=1 sn=121 toView=2
03:06:41.486 DBG Batch not preprepared. Not resurrecting. fromView=1 segId=1 sn=123 toView=2
03:06:41.487 DBG Batch not preprepared. Not resurrecting. fromView=1 segId=1 sn=125 toView=2
03:06:41.487 INF Requesting VIEWCHANGE. receiverID=2 segID=0 senderID=1 view=2
03:06:41.487 DBG Batch not preprepared. Not resurrecting. fromView=1 segId=1 sn=127 toView=2
03:06:41.487 INF Requesting VIEWCHANGE. receiverID=3 segID=1 senderID=1 view=2
03:10:41.487 WRN Timeout segId=0 sn=-1 view=2
03:10:41.487 INF Starting new view. segID=0 timeout=480000 view=3
03:10:41.487 DBG Batch not preprepared. Not resurrecting. fromView=2 segId=0 sn=0 toView=3
03:10:41.487 DBG Batch not preprepared. Not resurrecting. fromView=2 segId=0 sn=2 toView=3
03:10:41.487 DBG Batch not preprepared. Not resurrecting. fromView=2 segId=0 sn=4 toView=3
03:10:41.487 DBG Batch not preprepared. Not resurrecting. fromView=2 segId=0 sn=6 toView=3
03:10:41.488 DBG Batch not preprepared. Not resurrecting. fromView=2 segId=0 sn=8 toView=3
03:10:41.488 DBG Batch not preprepared. Not resurrecting. fromView=2 segId=0 sn=10 toView=3
03:10:41.488 WRN Timeout segId=1 sn=-1 view=2
03:10:41.488 DBG Batch not preprepared. Not resurrecting. fromView=2 segId=0 sn=12 toView=3
03:10:41.488 INF Starting new view. segID=1 timeout=480000 view=3
03:10:41.488 DBG Batch not preprepared. Not resurrecting. fromView=2 segId=0 sn=14 toView=3
03:10:41.488 DBG Batch not preprepared. Not resurrecting. fromView=2 segId=1 sn=1 toView=3
03:10:41.488 DBG Batch not preprepared. Not resurrecting. fromView=2 segId=0 sn=16 toView=3
03:10:41.488 DBG Batch not preprepared. Not resurrecting. fromView=2 segId=1 sn=3 toView=3
03:10:41.488 DBG Batch not preprepared. Not resurrecting. fromView=2 segId=0 sn=18 toView=3
03:10:41.488 DBG Batch not preprepared. Not resurrecting. fromView=2 segId=1 sn=5 toView=3
03:10:41.488 DBG Batch not preprepared. Not resurrecting. fromView=2 segId=0 sn=20 toView=3
03:10:41.489 DBG Batch not preprepared. Not resurrecting. fromView=2 segId=1 sn=7 toView=3
03:10:41.489 DBG Batch not preprepared. Not resurrecting. fromView=2 segId=0 sn=22 toView=3
03:10:41.489 DBG Batch not preprepared. Not resurrecting. fromView=2 segId=1 sn=9 toView=3
03:10:41.489 DBG Batch not preprepared. Not resurrecting. fromView=2 segId=0 sn=24 toView=3
03:10:41.489 DBG Batch not preprepared. Not resurrecting. fromView=2 segId=1 sn=11 toView=3
03:10:41.489 DBG Batch not preprepared. Not resurrecting. fromView=2 segId=0 sn=26 toView=3
03:10:41.489 DBG Batch not preprepared. Not resurrecting. fromView=2 segId=1 sn=13 toView=3
03:10:41.489 DBG Batch not preprepared. Not resurrecting. fromView=2 segId=0 sn=28 toView=3
03:10:41.489 DBG Batch not preprepared. Not resurrecting. fromView=2 segId=1 sn=15 toView=3
03:10:41.489 DBG Batch not preprepared. Not resurrecting. fromView=2 segId=0 sn=30 toView=3
03:10:41.489 DBG Batch not preprepared. Not resurrecting. fromView=2 segId=1 sn=17 toView=3
03:10:41.489 DBG Batch not preprepared. Not resurrecting. fromView=2 segId=0 sn=32 toView=3
03:10:41.489 DBG Batch not preprepared. Not resurrecting. fromView=2 segId=1 sn=19 toView=3
03:10:41.490 DBG Batch not preprepared. Not resurrecting. fromView=2 segId=0 sn=34 toView=3
03:10:41.490 DBG Batch not preprepared. Not resurrecting. fromView=2 segId=1 sn=21 toView=3
03:10:41.490 DBG Batch not preprepared. Not resurrecting. fromView=2 segId=0 sn=36 toView=3
03:10:41.490 DBG Batch not preprepared. Not resurrecting. fromView=2 segId=1 sn=23 toView=3
03:10:41.490 DBG Batch not preprepared. Not resurrecting. fromView=2 segId=0 sn=38 toView=3
03:10:41.490 DBG Batch not preprepared. Not resurrecting. fromView=2 segId=1 sn=25 toView=3
03:10:41.490 DBG Batch not preprepared. Not resurrecting. fromView=2 segId=0 sn=40 toView=3
03:10:41.490 DBG Batch not preprepared. Not resurrecting. fromView=2 segId=1 sn=27 toView=3
03:10:41.490 DBG Batch not preprepared. Not resurrecting. fromView=2 segId=0 sn=42 toView=3
03:10:41.490 DBG Batch not preprepared. Not resurrecting. fromView=2 segId=1 sn=29 toView=3
03:10:41.490 DBG Batch not preprepared. Not resurrecting. fromView=2 segId=0 sn=44 toView=3
03:10:41.490 DBG Batch not preprepared. Not resurrecting. fromView=2 segId=1 sn=31 toView=3
03:10:41.490 DBG Batch not preprepared. Not resurrecting. fromView=2 segId=0 sn=46 toView=3
03:10:41.491 DBG Batch not preprepared. Not resurrecting. fromView=2 segId=1 sn=33 toView=3
03:10:41.491 DBG Batch not preprepared. Not resurrecting. fromView=2 segId=0 sn=48 toView=3
03:10:41.491 DBG Batch not preprepared. Not resurrecting. fromView=2 segId=1 sn=35 toView=3
03:10:41.491 DBG Batch not preprepared. Not resurrecting. fromView=2 segId=0 sn=50 toView=3
03:10:41.491 DBG Batch not preprepared. Not resurrecting. fromView=2 segId=1 sn=37 toView=3
03:10:41.491 DBG Batch not preprepared. Not resurrecting. fromView=2 segId=0 sn=52 toView=3
03:10:41.491 DBG Batch not preprepared. Not resurrecting. fromView=2 segId=1 sn=39 toView=3
03:10:41.491 DBG Batch not preprepared. Not resurrecting. fromView=2 segId=0 sn=54 toView=3
03:10:41.491 DBG Batch not preprepared. Not resurrecting. fromView=2 segId=1 sn=41 toView=3
03:10:41.491 DBG Batch not preprepared. Not resurrecting. fromView=2 segId=0 sn=56 toView=3
03:10:41.491 DBG Batch not preprepared. Not resurrecting. fromView=2 segId=1 sn=43 toView=3
03:10:41.491 DBG Batch not preprepared. Not resurrecting. fromView=2 segId=0 sn=58 toView=3
03:10:41.491 DBG Batch not preprepared. Not resurrecting. fromView=2 segId=1 sn=45 toView=3
03:10:41.492 DBG Batch not preprepared. Not resurrecting. fromView=2 segId=0 sn=60 toView=3
03:10:41.492 DBG Batch not preprepared. Not resurrecting. fromView=2 segId=1 sn=47 toView=3
03:10:41.492 DBG Batch not preprepared. Not resurrecting. fromView=2 segId=0 sn=62 toView=3
03:10:41.492 DBG Batch not preprepared. Not resurrecting. fromView=2 segId=1 sn=49 toView=3
03:10:41.492 DBG Batch not preprepared. Not resurrecting. fromView=2 segId=0 sn=64 toView=3
03:10:41.492 DBG Batch not preprepared. Not resurrecting. fromView=2 segId=1 sn=51 toView=3
03:10:41.492 DBG Batch not preprepared. Not resurrecting. fromView=2 segId=0 sn=66 toView=3
03:10:41.492 DBG Batch not preprepared. Not resurrecting. fromView=2 segId=1 sn=53 toView=3
03:10:41.492 DBG Batch not preprepared. Not resurrecting. fromView=2 segId=0 sn=68 toView=3
03:10:41.492 DBG Batch not preprepared. Not resurrecting. fromView=2 segId=1 sn=55 toView=3
03:10:41.492 DBG Batch not preprepared. Not resurrecting. fromView=2 segId=0 sn=70 toView=3
03:10:41.492 DBG Batch not preprepared. Not resurrecting. fromView=2 segId=1 sn=57 toView=3
03:10:41.493 DBG Batch not preprepared. Not resurrecting. fromView=2 segId=0 sn=72 toView=3
03:10:41.493 DBG Batch not preprepared. Not resurrecting. fromView=2 segId=1 sn=59 toView=3
03:10:41.493 DBG Batch not preprepared. Not resurrecting. fromView=2 segId=0 sn=74 toView=3
03:10:41.493 DBG Batch not preprepared. Not resurrecting. fromView=2 segId=1 sn=61 toView=3
03:10:41.493 DBG Batch not preprepared. Not resurrecting. fromView=2 segId=0 sn=76 toView=3
03:10:41.493 DBG Batch not preprepared. Not resurrecting. fromView=2 segId=1 sn=63 toView=3
03:10:41.493 DBG Batch not preprepared. Not resurrecting. fromView=2 segId=0 sn=78 toView=3
03:10:41.493 DBG Batch not preprepared. Not resurrecting. fromView=2 segId=1 sn=65 toView=3
03:10:41.493 DBG Batch not preprepared. Not resurrecting. fromView=2 segId=1 sn=67 toView=3
03:10:41.493 DBG Batch not preprepared. Not resurrecting. fromView=2 segId=0 sn=80 toView=3
03:10:41.493 DBG Batch not preprepared. Not resurrecting. fromView=2 segId=1 sn=69 toView=3
03:10:41.493 DBG Batch not preprepared. Not resurrecting. fromView=2 segId=0 sn=82 toView=3
03:10:41.493 DBG Batch not preprepared. Not resurrecting. fromView=2 segId=1 sn=71 toView=3
03:10:41.494 DBG Batch not preprepared. Not resurrecting. fromView=2 segId=0 sn=84 toView=3
03:10:41.494 DBG Batch not preprepared. Not resurrecting. fromView=2 segId=1 sn=73 toView=3
03:10:41.494 DBG Batch not preprepared. Not resurrecting. fromView=2 segId=0 sn=86 toView=3
03:10:41.494 DBG Batch not preprepared. Not resurrecting. fromView=2 segId=1 sn=75 toView=3
03:10:41.494 DBG Batch not preprepared. Not resurrecting. fromView=2 segId=0 sn=88 toView=3
03:10:41.494 DBG Batch not preprepared. Not resurrecting. fromView=2 segId=1 sn=77 toView=3
03:10:41.494 DBG Batch not preprepared. Not resurrecting. fromView=2 segId=0 sn=90 toView=3
03:10:41.494 DBG Batch not preprepared. Not resurrecting. fromView=2 segId=1 sn=79 toView=3
03:10:41.494 DBG Batch not preprepared. Not resurrecting. fromView=2 segId=0 sn=92 toView=3
03:10:41.494 DBG Batch not preprepared. Not resurrecting. fromView=2 segId=1 sn=81 toView=3
03:10:41.494 DBG Batch not preprepared. Not resurrecting. fromView=2 segId=0 sn=94 toView=3
03:10:41.494 DBG Batch not preprepared. Not resurrecting. fromView=2 segId=1 sn=83 toView=3
03:10:41.495 DBG Batch not preprepared. Not resurrecting. fromView=2 segId=0 sn=96 toView=3
03:10:41.495 DBG Batch not preprepared. Not resurrecting. fromView=2 segId=1 sn=85 toView=3
03:10:41.495 DBG Batch not preprepared. Not resurrecting. fromView=2 segId=0 sn=98 toView=3
03:10:41.495 DBG Batch not preprepared. Not resurrecting. fromView=2 segId=1 sn=87 toView=3
03:10:41.495 DBG Batch not preprepared. Not resurrecting. fromView=2 segId=0 sn=100 toView=3
03:10:41.495 DBG Batch not preprepared. Not resurrecting. fromView=2 segId=1 sn=89 toView=3
03:10:41.495 DBG Batch not preprepared. Not resurrecting. fromView=2 segId=0 sn=102 toView=3
03:10:41.495 DBG Batch not preprepared. Not resurrecting. fromView=2 segId=1 sn=91 toView=3
03:10:41.495 DBG Batch not preprepared. Not resurrecting. fromView=2 segId=0 sn=104 toView=3
03:10:41.495 DBG Batch not preprepared. Not resurrecting. fromView=2 segId=1 sn=93 toView=3
03:10:41.495 DBG Batch not preprepared. Not resurrecting. fromView=2 segId=0 sn=106 toView=3
03:10:41.495 DBG Batch not preprepared. Not resurrecting. fromView=2 segId=1 sn=95 toView=3
03:10:41.495 DBG Batch not preprepared. Not resurrecting. fromView=2 segId=0 sn=108 toView=3
03:10:41.496 DBG Batch not preprepared. Not resurrecting. fromView=2 segId=1 sn=97 toView=3
03:10:41.496 DBG Batch not preprepared. Not resurrecting. fromView=2 segId=0 sn=110 toView=3
03:10:41.496 DBG Batch not preprepared. Not resurrecting. fromView=2 segId=1 sn=99 toView=3
03:10:41.496 DBG Batch not preprepared. Not resurrecting. fromView=2 segId=0 sn=112 toView=3
03:10:41.496 DBG Batch not preprepared. Not resurrecting. fromView=2 segId=1 sn=101 toView=3
03:10:41.496 DBG Batch not preprepared. Not resurrecting. fromView=2 segId=0 sn=114 toView=3
03:10:41.496 DBG Batch not preprepared. Not resurrecting. fromView=2 segId=1 sn=103 toView=3
03:10:41.496 DBG Batch not preprepared. Not resurrecting. fromView=2 segId=0 sn=116 toView=3
03:10:41.496 DBG Batch not preprepared. Not resurrecting. fromView=2 segId=1 sn=105 toView=3
03:10:41.496 DBG Batch not preprepared. Not resurrecting. fromView=2 segId=0 sn=118 toView=3
03:10:41.496 DBG Batch not preprepared. Not resurrecting. fromView=2 segId=1 sn=107 toView=3
03:10:41.496 DBG Batch not preprepared. Not resurrecting. fromView=2 segId=0 sn=120 toView=3
03:10:41.496 DBG Batch not preprepared. Not resurrecting. fromView=2 segId=1 sn=109 toView=3
03:10:41.497 DBG Batch not preprepared. Not resurrecting. fromView=2 segId=0 sn=122 toView=3
03:10:41.497 DBG Batch not preprepared. Not resurrecting. fromView=2 segId=1 sn=111 toView=3
03:10:41.497 DBG Batch not preprepared. Not resurrecting. fromView=2 segId=0 sn=124 toView=3
03:10:41.497 DBG Batch not preprepared. Not resurrecting. fromView=2 segId=1 sn=113 toView=3
03:10:41.497 DBG Batch not preprepared. Not resurrecting. fromView=2 segId=0 sn=126 toView=3
03:10:41.497 DBG Batch not preprepared. Not resurrecting. fromView=2 segId=1 sn=115 toView=3
03:10:41.497 DBG Batch not preprepared. Not resurrecting. fromView=2 segId=1 sn=117 toView=3
03:10:41.497 DBG Batch not preprepared. Not resurrecting. fromView=2 segId=1 sn=119 toView=3
03:10:41.497 DBG Batch not preprepared. Not resurrecting. fromView=2 segId=1 sn=121 toView=3
03:10:41.497 DBG Batch not preprepared. Not resurrecting. fromView=2 segId=1 sn=123 toView=3
03:10:41.498 INF Requesting VIEWCHANGE. receiverID=3 segID=0 senderID=1 view=3
03:10:41.498 DBG Batch not preprepared. Not resurrecting. fromView=2 segId=1 sn=125 toView=3
03:10:41.498 DBG Batch not preprepared. Not resurrecting. fromView=2 segId=1 sn=127 toView=3
03:10:41.498 INF Requesting VIEWCHANGE. receiverID=0 segID=1 senderID=1 view=3
03:18:41.498 WRN Timeout segId=0 sn=-1 view=3
03:18:41.498 WRN Timeout segId=1 sn=-1 view=3
03:18:41.499 INF Starting new view. segID=0 timeout=960000 view=4
03:18:41.499 INF Starting new view. segID=1 timeout=960000 view=4
03:18:41.499 DBG Batch not preprepared. Not resurrecting. fromView=3 segId=0 sn=0 toView=4
03:18:41.499 DBG Batch not preprepared. Not resurrecting. fromView=3 segId=1 sn=1 toView=4
03:18:41.499 DBG Batch not preprepared. Not resurrecting. fromView=3 segId=0 sn=2 toView=4
03:18:41.499 DBG Batch not preprepared. Not resurrecting. fromView=3 segId=1 sn=3 toView=4
03:18:41.499 DBG Batch not preprepared. Not resurrecting. fromView=3 segId=0 sn=4 toView=4
03:18:41.499 DBG Batch not preprepared. Not resurrecting. fromView=3 segId=1 sn=5 toView=4
03:18:41.499 DBG Batch not preprepared. Not resurrecting. fromView=3 segId=0 sn=6 toView=4
03:18:41.499 DBG Batch not preprepared. Not resurrecting. fromView=3 segId=1 sn=7 toView=4
03:18:41.499 DBG Batch not preprepared. Not resurrecting. fromView=3 segId=0 sn=8 toView=4
03:18:41.500 DBG Batch not preprepared. Not resurrecting. fromView=3 segId=1 sn=9 toView=4
03:18:41.500 DBG Batch not preprepared. Not resurrecting. fromView=3 segId=0 sn=10 toView=4
03:18:41.500 DBG Batch not preprepared. Not resurrecting. fromView=3 segId=1 sn=11 toView=4
03:18:41.500 DBG Batch not preprepared. Not resurrecting. fromView=3 segId=0 sn=12 toView=4
03:18:41.500 DBG Batch not preprepared. Not resurrecting. fromView=3 segId=1 sn=13 toView=4
03:18:41.500 DBG Batch not preprepared. Not resurrecting. fromView=3 segId=0 sn=14 toView=4
03:18:41.500 DBG Batch not preprepared. Not resurrecting. fromView=3 segId=1 sn=15 toView=4
03:18:41.500 DBG Batch not preprepared. Not resurrecting. fromView=3 segId=0 sn=16 toView=4
03:18:41.500 DBG Batch not preprepared. Not resurrecting. fromView=3 segId=1 sn=17 toView=4
03:18:41.500 DBG Batch not preprepared. Not resurrecting. fromView=3 segId=0 sn=18 toView=4
03:18:41.500 DBG Batch not preprepared. Not resurrecting. fromView=3 segId=1 sn=19 toView=4
03:18:41.500 DBG Batch not preprepared. Not resurrecting. fromView=3 segId=0 sn=20 toView=4
03:18:41.500 DBG Batch not preprepared. Not resurrecting. fromView=3 segId=1 sn=21 toView=4
03:18:41.501 DBG Batch not preprepared. Not resurrecting. fromView=3 segId=0 sn=22 toView=4
03:18:41.501 DBG Batch not preprepared. Not resurrecting. fromView=3 segId=1 sn=23 toView=4
03:18:41.501 DBG Batch not preprepared. Not resurrecting. fromView=3 segId=0 sn=24 toView=4
03:18:41.501 DBG Batch not preprepared. Not resurrecting. fromView=3 segId=1 sn=25 toView=4
03:18:41.501 DBG Batch not preprepared. Not resurrecting. fromView=3 segId=0 sn=26 toView=4
03:18:41.501 DBG Batch not preprepared. Not resurrecting. fromView=3 segId=1 sn=27 toView=4
03:18:41.501 DBG Batch not preprepared. Not resurrecting. fromView=3 segId=0 sn=28 toView=4
03:18:41.501 DBG Batch not preprepared. Not resurrecting. fromView=3 segId=1 sn=29 toView=4
03:18:41.501 DBG Batch not preprepared. Not resurrecting. fromView=3 segId=0 sn=30 toView=4
03:18:41.501 DBG Batch not preprepared. Not resurrecting. fromView=3 segId=1 sn=31 toView=4
03:18:41.501 DBG Batch not preprepared. Not resurrecting. fromView=3 segId=0 sn=32 toView=4
03:18:41.501 DBG Batch not preprepared. Not resurrecting. fromView=3 segId=1 sn=33 toView=4
03:18:41.502 DBG Batch not preprepared. Not resurrecting. fromView=3 segId=0 sn=34 toView=4
03:18:41.502 DBG Batch not preprepared. Not resurrecting. fromView=3 segId=1 sn=35 toView=4
03:18:41.502 DBG Batch not preprepared. Not resurrecting. fromView=3 segId=0 sn=36 toView=4
03:18:41.502 DBG Batch not preprepared. Not resurrecting. fromView=3 segId=1 sn=37 toView=4
03:18:41.502 DBG Batch not preprepared. Not resurrecting. fromView=3 segId=0 sn=38 toView=4
03:18:41.502 DBG Batch not preprepared. Not resurrecting. fromView=3 segId=1 sn=39 toView=4
03:18:41.502 DBG Batch not preprepared. Not resurrecting. fromView=3 segId=1 sn=41 toView=4
03:18:41.502 DBG Batch not preprepared. Not resurrecting. fromView=3 segId=0 sn=40 toView=4
03:18:41.502 DBG Batch not preprepared. Not resurrecting. fromView=3 segId=1 sn=43 toView=4
03:18:41.502 DBG Batch not preprepared. Not resurrecting. fromView=3 segId=0 sn=42 toView=4
03:18:41.502 DBG Batch not preprepared. Not resurrecting. fromView=3 segId=1 sn=45 toView=4
03:18:41.502 DBG Batch not preprepared. Not resurrecting. fromView=3 segId=0 sn=44 toView=4
03:18:41.502 DBG Batch not preprepared. Not resurrecting. fromView=3 segId=1 sn=47 toView=4
03:18:41.503 DBG Batch not preprepared. Not resurrecting. fromView=3 segId=0 sn=46 toView=4
03:18:41.503 DBG Batch not preprepared. Not resurrecting. fromView=3 segId=1 sn=49 toView=4
03:18:41.503 DBG Batch not preprepared. Not resurrecting. fromView=3 segId=0 sn=48 toView=4
03:18:41.503 DBG Batch not preprepared. Not resurrecting. fromView=3 segId=1 sn=51 toView=4
03:18:41.503 DBG Batch not preprepared. Not resurrecting. fromView=3 segId=0 sn=50 toView=4
03:18:41.503 DBG Batch not preprepared. Not resurrecting. fromView=3 segId=1 sn=53 toView=4
03:18:41.503 DBG Batch not preprepared. Not resurrecting. fromView=3 segId=0 sn=52 toView=4
03:18:41.503 DBG Batch not preprepared. Not resurrecting. fromView=3 segId=1 sn=55 toView=4
03:18:41.503 DBG Batch not preprepared. Not resurrecting. fromView=3 segId=0 sn=54 toView=4
03:18:41.503 DBG Batch not preprepared. Not resurrecting. fromView=3 segId=1 sn=57 toView=4
03:18:41.503 DBG Batch not preprepared. Not resurrecting. fromView=3 segId=1 sn=59 toView=4
03:18:41.503 DBG Batch not preprepared. Not resurrecting. fromView=3 segId=0 sn=56 toView=4
03:18:41.504 DBG Batch not preprepared. Not resurrecting. fromView=3 segId=1 sn=61 toView=4
03:18:41.504 DBG Batch not preprepared. Not resurrecting. fromView=3 segId=0 sn=58 toView=4
03:18:41.504 DBG Batch not preprepared. Not resurrecting. fromView=3 segId=1 sn=63 toView=4
03:18:41.504 DBG Batch not preprepared. Not resurrecting. fromView=3 segId=0 sn=60 toView=4
03:18:41.504 DBG Batch not preprepared. Not resurrecting. fromView=3 segId=1 sn=65 toView=4
03:18:41.504 DBG Batch not preprepared. Not resurrecting. fromView=3 segId=0 sn=62 toView=4
03:18:41.504 DBG Batch not preprepared. Not resurrecting. fromView=3 segId=1 sn=67 toView=4
03:18:41.504 DBG Batch not preprepared. Not resurrecting. fromView=3 segId=0 sn=64 toView=4
03:18:41.504 DBG Batch not preprepared. Not resurrecting. fromView=3 segId=1 sn=69 toView=4
03:18:41.504 DBG Batch not preprepared. Not resurrecting. fromView=3 segId=0 sn=66 toView=4
03:18:41.504 DBG Batch not preprepared. Not resurrecting. fromView=3 segId=1 sn=71 toView=4
03:18:41.504 DBG Batch not preprepared. Not resurrecting. fromView=3 segId=0 sn=68 toView=4
03:18:41.504 DBG Batch not preprepared. Not resurrecting. fromView=3 segId=1 sn=73 toView=4
03:18:41.505 DBG Batch not preprepared. Not resurrecting. fromView=3 segId=1 sn=75 toView=4
03:18:41.505 DBG Batch not preprepared. Not resurrecting. fromView=3 segId=0 sn=70 toView=4
03:18:41.505 DBG Batch not preprepared. Not resurrecting. fromView=3 segId=1 sn=77 toView=4
03:18:41.505 DBG Batch not preprepared. Not resurrecting. fromView=3 segId=0 sn=72 toView=4
03:18:41.505 DBG Batch not preprepared. Not resurrecting. fromView=3 segId=1 sn=79 toView=4
03:18:41.505 DBG Batch not preprepared. Not resurrecting. fromView=3 segId=0 sn=74 toView=4
03:18:41.505 DBG Batch not preprepared. Not resurrecting. fromView=3 segId=1 sn=81 toView=4
03:18:41.505 DBG Batch not preprepared. Not resurrecting. fromView=3 segId=0 sn=76 toView=4
03:18:41.505 DBG Batch not preprepared. Not resurrecting. fromView=3 segId=1 sn=83 toView=4
03:18:41.505 DBG Batch not preprepared. Not resurrecting. fromView=3 segId=0 sn=78 toView=4
03:18:41.505 DBG Batch not preprepared. Not resurrecting. fromView=3 segId=1 sn=85 toView=4
03:18:41.506 DBG Batch not preprepared. Not resurrecting. fromView=3 segId=1 sn=87 toView=4
03:18:41.506 DBG Batch not preprepared. Not resurrecting. fromView=3 segId=0 sn=80 toView=4
03:18:41.506 DBG Batch not preprepared. Not resurrecting. fromView=3 segId=1 sn=89 toView=4
03:18:41.506 DBG Batch not preprepared. Not resurrecting. fromView=3 segId=0 sn=82 toView=4
03:18:41.506 DBG Batch not preprepared. Not resurrecting. fromView=3 segId=1 sn=91 toView=4
03:18:41.506 DBG Batch not preprepared. Not resurrecting. fromView=3 segId=0 sn=84 toView=4
03:18:41.506 DBG Batch not preprepared. Not resurrecting. fromView=3 segId=1 sn=93 toView=4
03:18:41.506 DBG Batch not preprepared. Not resurrecting. fromView=3 segId=0 sn=86 toView=4
03:18:41.506 DBG Batch not preprepared. Not resurrecting. fromView=3 segId=1 sn=95 toView=4
03:18:41.506 DBG Batch not preprepared. Not resurrecting. fromView=3 segId=0 sn=88 toView=4
03:18:41.506 DBG Batch not preprepared. Not resurrecting. fromView=3 segId=1 sn=97 toView=4
03:18:41.506 DBG Batch not preprepared. Not resurrecting. fromView=3 segId=0 sn=90 toView=4
03:18:41.506 DBG Batch not preprepared. Not resurrecting. fromView=3 segId=1 sn=99 toView=4
03:18:41.507 DBG Batch not preprepared. Not resurrecting. fromView=3 segId=0 sn=92 toView=4
03:18:41.507 DBG Batch not preprepared. Not resurrecting. fromView=3 segId=1 sn=101 toView=4
03:18:41.507 DBG Batch not preprepared. Not resurrecting. fromView=3 segId=0 sn=94 toView=4
03:18:41.507 DBG Batch not preprepared. Not resurrecting. fromView=3 segId=1 sn=103 toView=4
03:18:41.507 DBG Batch not preprepared. Not resurrecting. fromView=3 segId=0 sn=96 toView=4
03:18:41.507 DBG Batch not preprepared. Not resurrecting. fromView=3 segId=1 sn=105 toView=4
03:18:41.507 DBG Batch not preprepared. Not resurrecting. fromView=3 segId=0 sn=98 toView=4
03:18:41.507 DBG Batch not preprepared. Not resurrecting. fromView=3 segId=1 sn=107 toView=4
03:18:41.507 DBG Batch not preprepared. Not resurrecting. fromView=3 segId=0 sn=100 toView=4
03:18:41.507 DBG Batch not preprepared. Not resurrecting. fromView=3 segId=1 sn=109 toView=4
03:18:41.507 DBG Batch not preprepared. Not resurrecting. fromView=3 segId=0 sn=102 toView=4
03:18:41.507 DBG Batch not preprepared. Not resurrecting. fromView=3 segId=1 sn=111 toView=4
03:18:41.508 DBG Batch not preprepared. Not resurrecting. fromView=3 segId=0 sn=104 toView=4
03:18:41.508 DBG Batch not preprepared. Not resurrecting. fromView=3 segId=1 sn=113 toView=4
03:18:41.508 DBG Batch not preprepared. Not resurrecting. fromView=3 segId=0 sn=106 toView=4
03:18:41.508 DBG Batch not preprepared. Not resurrecting. fromView=3 segId=1 sn=115 toView=4
03:18:41.508 DBG Batch not preprepared. Not resurrecting. fromView=3 segId=1 sn=117 toView=4
03:18:41.508 DBG Batch not preprepared. Not resurrecting. fromView=3 segId=0 sn=108 toView=4
03:18:41.508 DBG Batch not preprepared. Not resurrecting. fromView=3 segId=1 sn=119 toView=4
03:18:41.508 DBG Batch not preprepared. Not resurrecting. fromView=3 segId=0 sn=110 toView=4
03:18:41.508 DBG Batch not preprepared. Not resurrecting. fromView=3 segId=1 sn=121 toView=4
03:18:41.508 DBG Batch not preprepared. Not resurrecting. fromView=3 segId=0 sn=112 toView=4
03:18:41.508 DBG Batch not preprepared. Not resurrecting. fromView=3 segId=1 sn=123 toView=4
03:18:41.508 DBG Batch not preprepared. Not resurrecting. fromView=3 segId=0 sn=114 toView=4
03:18:41.509 DBG Batch not preprepared. Not resurrecting. fromView=3 segId=1 sn=125 toView=4
03:18:41.509 DBG Batch not preprepared. Not resurrecting. fromView=3 segId=0 sn=116 toView=4
03:18:41.509 DBG Batch not preprepared. Not resurrecting. fromView=3 segId=1 sn=127 toView=4
03:18:41.509 DBG Batch not preprepared. Not resurrecting. fromView=3 segId=0 sn=118 toView=4
03:18:41.509 DBG Batch not preprepared. Not resurrecting. fromView=3 segId=0 sn=120 toView=4
03:18:41.509 DBG Batch not preprepared. Not resurrecting. fromView=3 segId=0 sn=122 toView=4
03:18:41.509 DBG Batch not preprepared. Not resurrecting. fromView=3 segId=0 sn=124 toView=4
03:18:41.509 INF Requesting VIEWCHANGE. receiverID=1 segID=1 senderID=1 view=4
03:18:41.509 DBG Batch not preprepared. Not resurrecting. fromView=3 segId=0 sn=126 toView=4
03:18:41.510 DBG Adding view change message. currentView=4 msgView=4 numViewChanges=1
03:18:41.510 INF Requesting VIEWCHANGE. receiverID=0 segID=0 senderID=1 view=4
03:18:41.513 INF Handling VIEWCHANGE. msgView=4 ownView=4 segID=1 senderID=0
03:18:41.513 INF Adding view change message. currentView=4 msgView=4 numViewChanges=2
03:19:43.516 ERR Expected EOF on Buckets RPC. error="rpc error: code = Canceled desc = context canceled"
03:19:43.516 INF Connection terminated. error="rpc error: code = Canceled desc = context canceled" address=127.0.0.1:35654
03:19:43.523 INF Stopping profiler.
03:19:43.523 INF Stopping Tracer. events=1981 fileName=experiment-output/0000/slave-004/peer.trc
==================
WARNING: DATA RACE
Read at 0x00c0009ce000 by goroutine 115:
  runtime.racereadrange()
      <autogenerated>:1 +0x1b
  github.com/hyperledger-labs/mirbft/tracing.(*BufferedTrace).StopOnSignal.func1()
      /opt/gopath/src/github.com/hyperledger-labs/mirbft/tracing/bufferedtrace.go:298 +0x4e

Previous write at 0x00c0009ce000 by goroutine 414:
  github.com/hyperledger-labs/mirbft/tracing.(*BufferedTrace).Event()
      /opt/gopath/src/github.com/hyperledger-labs/mirbft/tracing/bufferedtrace.go:105 +0x2d9
  github.com/hyperledger-labs/mirbft/manager.(*MirManager).handleLogEntries()
      /opt/gopath/src/github.com/hyperledger-labs/mirbft/manager/mirmanager.go:139 +0x1d8
  github.com/hyperledger-labs/mirbft/manager.(*MirManager).Startdwrap7()
      /opt/gopath/src/github.com/hyperledger-labs/mirbft/manager/mirmanager.go:101 +0x47

Goroutine 115 (running) created at:
  github.com/hyperledger-labs/mirbft/tracing.(*BufferedTrace).StopOnSignal()
      /opt/gopath/src/github.com/hyperledger-labs/mirbft/tracing/bufferedtrace.go:292 +0x172
  main.setUpTracing()
      /opt/gopath/src/github.com/hyperledger-labs/mirbft/cmd/orderingpeer/main.go:204 +0xf5
  main.main()
      /opt/gopath/src/github.com/hyperledger-labs/mirbft/cmd/orderingpeer/main.go:98 +0x9d6

Goroutine 414 (running) created at:
  github.com/hyperledger-labs/mirbft/manager.(*MirManager).Start()
      /opt/gopath/src/github.com/hyperledger-labs/mirbft/manager/mirmanager.go:101 +0x19e
  main.maindwrap4()
      /opt/gopath/src/github.com/hyperledger-labs/mirbft/cmd/orderingpeer/main.go:168 +0x59
==================
==================
WARNING: DATA RACE
Read at 0x00c0009e1560 by goroutine 115:
  runtime.racereadrange()
      <autogenerated>:1 +0x1b
  github.com/hyperledger-labs/mirbft/tracing.(*BufferedTrace).StopOnSignal.func1()
      /opt/gopath/src/github.com/hyperledger-labs/mirbft/tracing/bufferedtrace.go:298 +0x4e

Previous write at 0x00c0009e1560 by goroutine 114:
  github.com/hyperledger-labs/mirbft/tracing.(*BufferedTrace).Event()
      /opt/gopath/src/github.com/hyperledger-labs/mirbft/tracing/bufferedtrace.go:105 +0x2d9
  github.com/hyperledger-labs/mirbft/profiling.StartCPUTracing.func1()
      /opt/gopath/src/github.com/hyperledger-labs/mirbft/profiling/cpuusage.go:31 +0x95

Goroutine 115 (running) created at:
  github.com/hyperledger-labs/mirbft/tracing.(*BufferedTrace).StopOnSignal()
      /opt/gopath/src/github.com/hyperledger-labs/mirbft/tracing/bufferedtrace.go:292 +0x172
  main.setUpTracing()
      /opt/gopath/src/github.com/hyperledger-labs/mirbft/cmd/orderingpeer/main.go:204 +0xf5
  main.main()
      /opt/gopath/src/github.com/hyperledger-labs/mirbft/cmd/orderingpeer/main.go:98 +0x9d6

Goroutine 114 (running) created at:
  github.com/hyperledger-labs/mirbft/profiling.StartCPUTracing()
      /opt/gopath/src/github.com/hyperledger-labs/mirbft/profiling/cpuusage.go:28 +0xb6
  main.setUpTracing()
      /opt/gopath/src/github.com/hyperledger-labs/mirbft/cmd/orderingpeer/main.go:196 +0x85
  main.main()
      /opt/gopath/src/github.com/hyperledger-labs/mirbft/cmd/orderingpeer/main.go:98 +0x9d6
==================
03:19:43.543 INF Trace data written.
03:19:43.570 INF Profile data written. filename=experiment-output/0000/slave-004/prof.mutex name=mutex
03:19:43.782 INF Profile data written. filename=experiment-output/0000/slave-004/prof.cpu name=cpu
03:19:43.818 INF Connection terminated. error="rpc error: code = Canceled desc = context canceled" address=127.0.0.1:35586
03:19:43.818 INF Connection terminated. error="rpc error: code = Canceled desc = context canceled" address=127.0.0.1:35456
03:19:43.818 INF Connection terminated. error="rpc error: code = Canceled desc = context canceled" address=127.0.0.1:35594
03:19:43.818 INF Connection terminated. error="rpc error: code = Canceled desc = context canceled" address=127.0.0.1:35484
03:19:43.818 INF Connection terminated. error="rpc error: code = Canceled desc = context canceled" address=127.0.0.1:35626
03:19:43.818 INF Connection terminated. error="rpc error: code = Canceled desc = context canceled" address=127.0.0.1:35458
03:19:43.832 INF Profile data written. filename=experiment-output/0000/slave-004/prof.block name=block
