7:37AM INF Received own slave ID. ownSlaveId=3
7:37AM INF OK status=0
7:37AM INF Received command. cmdId=3
7:37AM INF Received an ExecStart command args="[-p experiment-output/0000/slave-__id__/config]" cmd=mkdir outFile=/dev/null
7:37AM INF OK status=0
7:37AM INF Received command. cmdId=4
7:37AM INF Received command. cmdType=ExecWait
7:37AM INF OK status=0
7:37AM INF Received command. cmdId=5
7:37AM INF Received an ExecStart command args="[config/config-0000.yml experiment-output/0000/slave-__id__/config/config.yml]" cmd=cp outFile=/dev/null
7:37AM INF OK status=0
7:37AM INF Received command. cmdId=6
7:37AM INF Received command. cmdType=ExecWait
7:37AM INF OK status=0
7:37AM INF Received command. cmdId=9
7:37AM INF Received command. cmdType=Noop
7:37AM INF Noop. Doing nothing. status=0
7:37AM INF Received command. cmdId=12
7:37AM INF Received an ExecStart command args="[experiment-output/0000/slave-__id__/config/config.yml 127.0.0.1:9999 127.0.0.1 127.0.0.1 experiment-output/0000/slave-__id__/peer.trc experiment-output/0000/slave-__id__/prof]" cmd=orderingpeer outFile=experiment-output/0000/slave-__id__/peer.log
7:37AM INF OK status=0
7:53AM INF Received command. cmdId=20
7:53AM INF Received command. cmdType=ExecSignal
7:53AM INF OK status=0
7:53AM INF Received command. cmdId=25
7:53AM INF Received command. cmdType=Stop
