{"level":"debug","Logging":"debug","time":"2022-10-13T21:38:24+08:00","message":"Config"}
{"level":"debug","UseTLS":false,"time":"2022-10-13T21:38:24+08:00","message":"Config"}
{"level":"debug","CACertFile":"tls-data/ca.pem","time":"2022-10-13T21:38:24+08:00","message":"Config"}
{"level":"debug","KeyFile":"tls-data/auth.key","time":"2022-10-13T21:38:24+08:00","message":"Config"}
{"level":"debug","CertFile":"tls-data/auth.pem","time":"2022-10-13T21:38:24+08:00","message":"Config"}
{"level":"debug","PriorityConnections":2,"time":"2022-10-13T21:38:24+08:00","message":"Config"}
{"level":"debug","BasicConnections":2,"time":"2022-10-13T21:38:24+08:00","message":"Config"}
{"level":"debug","TestConnections":false,"time":"2022-10-13T21:38:24+08:00","message":"Config"}
{"level":"debug","ExcessConnections":1,"time":"2022-10-13T21:38:24+08:00","message":"Config"}
{"level":"debug","ConnectionTestMsgs":4,"time":"2022-10-13T21:38:24+08:00","message":"Config"}
{"level":"debug","ConnectionTestPayload":131072,"time":"2022-10-13T21:38:24+08:00","message":"Config"}
{"level":"debug","OutMessageBufsize":1024,"time":"2022-10-13T21:38:24+08:00","message":"Config"}
{"level":"debug","OutMessageBufsize":2,"time":"2022-10-13T21:38:24+08:00","message":"Config"}
{"level":"debug","ThroughputCap":131072000,"time":"2022-10-13T21:38:24+08:00","message":"Config"}
{"level":"debug","StragglerTolerance":1000,"time":"2022-10-13T21:38:24+08:00","message":"Config"}
{"level":"debug","BatchSizeIncrement":256,"time":"2022-10-13T21:38:24+08:00","message":"Config"}
{"level":"debug","Orderer":"Pbft","time":"2022-10-13T21:38:24+08:00","message":"Config"}
{"level":"debug","Manager":"Mir","time":"2022-10-13T21:38:24+08:00","message":"Config"}
{"level":"debug","Failures":2,"time":"2022-10-13T21:38:24+08:00","message":"Config"}
{"level":"debug","CrashTiming":"Straggler","time":"2022-10-13T21:38:24+08:00","message":"Config"}
{"level":"debug","CheckpointInterval":256,"time":"2022-10-13T21:38:24+08:00","message":"Config"}
{"level":"debug","WatermarkWindowSize":256,"time":"2022-10-13T21:38:24+08:00","message":"Config"}
{"level":"debug","EpochLength":256,"time":"2022-10-13T21:38:24+08:00","message":"Config"}
{"level":"debug","SegmentLength":32,"time":"2022-10-13T21:38:24+08:00","message":"Config"}
{"level":"debug","WaitForCheckpoints":true,"time":"2022-10-13T21:38:24+08:00","message":"Config"}
{"level":"debug","ClientWatermarkWindowSize":4194304,"time":"2022-10-13T21:38:24+08:00","message":"Config"}
{"level":"debug","ClientRequestBacklogSize":4194304,"time":"2022-10-13T21:38:24+08:00","message":"Config"}
{"level":"debug","RandomSeed":5378,"time":"2022-10-13T21:38:24+08:00","message":"Config"}
{"level":"debug","NodeToLeaderRatio":1,"time":"2022-10-13T21:38:24+08:00","message":"Config"}
{"level":"debug","LeaderPolicy":"SimulatedRandomFailures","time":"2022-10-13T21:38:24+08:00","message":"Config"}
{"level":"debug","DefaultLeaderBan":2,"time":"2022-10-13T21:38:24+08:00","message":"Config"}
{"level":"debug","NumBuckets":128,"time":"2022-10-13T21:38:24+08:00","message":"Config"}
{"level":"debug","BatchSize":1000,"time":"2022-10-13T21:38:24+08:00","message":"Config"}
{"level":"debug","DisabledViewChange":false,"time":"2022-10-13T21:38:24+08:00","message":"Config"}
{"level":"debug","ViewChangeTimeout":60000,"time":"2022-10-13T21:38:24+08:00","message":"Config"}
{"level":"debug","ClientTraceSampling":10,"time":"2022-10-13T21:38:24+08:00","message":"Config"}
{"level":"debug","EventBufferSize":2097152,"time":"2022-10-13T21:38:24+08:00","message":"Config"}
{"level":"debug","TraceSampling":1,"time":"2022-10-13T21:38:24+08:00","message":"Config"}
{"level":"debug","ClientsPerProcess":1,"time":"2022-10-13T21:38:24+08:00","message":"Config"}
{"level":"debug","RequestsPerClient":15360,"time":"2022-10-13T21:38:24+08:00","message":"Config"}
{"level":"debug","ClientRunTime":30000,"time":"2022-10-13T21:38:24+08:00","message":"Config"}
{"level":"debug","RequestRate":256,"time":"2022-10-13T21:38:24+08:00","message":"Config"}
{"level":"debug","HardRequestRateLimit":false,"time":"2022-10-13T21:38:24+08:00","message":"Config"}
{"level":"debug","RequestPayloadSize":500,"time":"2022-10-13T21:38:24+08:00","message":"Config"}
{"level":"debug","SignRequests":true,"time":"2022-10-13T21:38:24+08:00","message":"Config"}
{"level":"debug","ClientPrivKeyFile":"tls-data/client-ecdsa-256.key","time":"2022-10-13T21:38:24+08:00","message":"Config"}
{"level":"debug","ClientPubKeyFile":"tls-data/client-ecdsa-256.pem","time":"2022-10-13T21:38:24+08:00","message":"Config"}
{"level":"debug","PrecomputeRequests":false,"time":"2022-10-13T21:38:24+08:00","message":"Config"}
{"level":"debug","RequestHandlerThreads":32,"time":"2022-10-13T21:38:24+08:00","message":"Config"}
{"level":"debug","RequestInputChannelBuffer":8192,"time":"2022-10-13T21:38:24+08:00","message":"Config"}
{"level":"debug","BatchVerifier":"external","time":"2022-10-13T21:38:24+08:00","message":"Config"}
13:38:24.327 INF Registered with discovery server. numPeers=8 ownID=3
13:38:24.327 INF Profiling enabled.
13:38:24.328 INF Setting up profiling.
13:38:24.328 INF Started Profiler: CPU
13:38:24.328 INF Started Profiler: BLOCK
13:38:24.328 INF Started Profiler: MUTEX
13:38:24.328 INF Profiler will stop on signal. exit=true
13:38:24.331 INF Tracing will stop on signal. exit=false
13:38:24.332 INF Started tracing. traceFile=experiment-output/0000/slave-006/peer.trc
13:38:24.332 DBG Starting backlog.
13:38:24.332 INF Listening for connections. port=10033 useTLS=false
13:38:24.333 INF Connecting to peer. addr=127.0.0.1:10033 basicConns=2 priorityConns=2
13:38:24.333 INF Connecting to peer. addr=127.0.0.1:10044 basicConns=2 priorityConns=2
13:38:24.333 INF Connecting to peer. addr=127.0.0.1:10055 basicConns=2 priorityConns=2
13:38:24.333 INF Connecting to peer. addr=127.0.0.1:10066 basicConns=2 priorityConns=2
13:38:24.333 INF Connecting to peer. addr=127.0.0.1:10077 basicConns=2 priorityConns=2
13:38:24.334 INF Connecting to peer. addr=127.0.0.1:10011 basicConns=2 priorityConns=2
13:38:24.334 INF Connecting to peer. addr=127.0.0.1:10000 basicConns=2 priorityConns=2
13:38:24.334 INF Connecting to peer. addr=127.0.0.1:10022 basicConns=2 priorityConns=2
13:38:24.375 INF Incoming connection for protocol messages. addr=127.0.0.1:41562
13:38:24.379 INF Incoming connection for protocol messages. addr=127.0.0.1:41580
13:38:24.380 INF Incoming connection for protocol messages. addr=127.0.0.1:41670
13:38:24.381 INF Incoming connection for protocol messages. addr=127.0.0.1:41688
13:38:24.381 INF Incoming connection for protocol messages. addr=127.0.0.1:41568
13:38:24.382 INF Incoming connection for protocol messages. addr=127.0.0.1:41554
13:38:24.382 INF Incoming connection for protocol messages. addr=127.0.0.1:41684
13:38:24.382 INF Incoming connection for protocol messages. addr=127.0.0.1:41604
13:38:24.383 INF Incoming connection for protocol messages. addr=127.0.0.1:41626
13:38:24.384 INF Incoming connection for protocol messages. addr=127.0.0.1:41718
13:38:24.384 INF Incoming connection for protocol messages. addr=127.0.0.1:41712
13:38:24.384 INF Incoming connection for protocol messages. addr=127.0.0.1:41586
13:38:24.386 INF Incoming connection for protocol messages. addr=127.0.0.1:41602
13:38:24.388 INF Incoming connection for protocol messages. addr=127.0.0.1:41860
13:38:24.389 INF Incoming connection for protocol messages. addr=127.0.0.1:41776
13:38:24.389 INF Incoming connection for protocol messages. addr=127.0.0.1:41854
13:38:24.389 DBG Connected. peerID=6
13:38:24.389 DBG Connected. peerID=3
13:38:24.390 INF Incoming connection for protocol messages. addr=127.0.0.1:41816
13:38:24.391 INF Incoming connection for protocol messages. addr=127.0.0.1:41696
13:38:24.392 DBG Connected. peerID=4
13:38:24.393 INF Incoming connection for protocol messages. addr=127.0.0.1:41868
13:38:24.394 INF Incoming connection for protocol messages. addr=127.0.0.1:41896
13:38:24.396 INF Incoming connection for protocol messages. addr=127.0.0.1:41734
13:38:24.399 DBG Connected. peerID=7
13:38:24.402 INF Incoming connection for protocol messages. addr=127.0.0.1:41944
13:38:24.407 INF Incoming connection for protocol messages. addr=127.0.0.1:41746
13:38:24.407 INF Incoming connection for protocol messages. addr=127.0.0.1:41826
13:38:24.408 DBG Connected. peerID=5
13:38:24.409 INF Incoming connection for protocol messages. addr=127.0.0.1:42038
13:38:24.412 DBG Connected. peerID=1
13:38:24.419 INF Incoming connection for protocol messages. addr=127.0.0.1:42044
13:38:24.421 INF Incoming connection for protocol messages. addr=127.0.0.1:42010
13:38:24.423 INF Incoming connection for protocol messages. addr=127.0.0.1:41962
13:38:24.424 INF Incoming connection for protocol messages. addr=127.0.0.1:42058
13:38:24.424 INF Incoming connection for protocol messages. addr=127.0.0.1:41926
13:38:24.426 INF Incoming connection for protocol messages. addr=127.0.0.1:41754
13:38:24.432 DBG Connected. peerID=0
13:38:24.438 INF Incoming connection for protocol messages. addr=127.0.0.1:42034
13:38:25.385 DBG Connected. peerID=2
13:38:25.385 INF Connected to all peers.
13:38:25.412 INF All peers finished connecting. Starting ISS.
13:38:25.412 DBG Buckets for 0-th leader 0: [0 8 16 24 32 40 48 56 64 72 80 88 96 104 112 120]
13:38:25.413 DBG Buckets for 1-th leader 2: [2 10 18 26 34 42 50 58 66 74 82 90 98 106 114 122 1 25 49 73 97 121 13 37 61 85 109]
13:38:25.413 DBG Buckets for 2-th leader 3: [3 11 19 27 35 43 51 59 67 75 83 91 99 107 115 123]
13:38:25.413 DBG Buckets for 3-th leader 4: [4 12 20 28 36 44 52 60 68 76 84 92 100 108 116 124 9 33 57 81 105 21 45 69 93 117]
13:38:25.413 DBG Buckets for 4-th leader 6: [6 14 22 30 38 46 54 62 70 78 86 94 102 110 118 126]
13:38:25.413 DBG Buckets for 5-th leader 7: [7 15 23 31 39 47 55 63 71 79 87 95 103 111 119 127 17 41 65 89 113 5 29 53 77 101 125]
13:38:25.413 INF PbftOrderer received a new segment: [3 9 15 21 27 33 39 45 51 57 63 69 75 81 87 93 99 105 111 117 123 129 135 141 147 153 159 165 171 177 183 189] first leader=4 firstSN=3 lastSN=189 len=32 length=32 segId=3
13:38:25.414 INF Starting new view. segID=3 timeout=60000 view=0
13:38:25.414 DBG Starting timer. sn=3 view=0
13:38:25.414 INF Starting PBFT instance. first=3 last=189 segID=3
13:38:25.414 INF Starting serialized message processing. segID=3
13:38:25.414 DBG Subscribing to backlog. segID=3
13:38:25.414 INF PbftOrderer received a new segment: [4 10 16 22 28 34 40 46 52 58 64 70 76 82 88 94 100 106 112 118 124 130 136 142 148 154 160 166 172 178 184 190] first leader=6 firstSN=4 lastSN=190 len=32 length=32 segId=4
13:38:25.415 INF Starting new view. segID=4 timeout=60000 view=0
13:38:25.415 DBG Starting timer. sn=4 view=0
13:38:25.415 INF Starting PBFT instance. first=4 last=190 segID=4
13:38:25.416 INF PbftOrderer received a new segment: [5 11 17 23 29 35 41 47 53 59 65 71 77 83 89 95 101 107 113 119 125 131 137 143 149 155 161 167 173 179 185 191] first leader=7 firstSN=5 lastSN=191 len=32 length=32 segId=5
13:38:25.416 INF Starting serialized message processing. segID=4
13:38:25.416 DBG Subscribing to backlog. segID=4
13:38:25.416 INF Starting new view. segID=5 timeout=60000 view=0
13:38:25.416 DBG Starting timer. sn=5 view=0
13:38:25.416 INF Starting PBFT instance. first=5 last=191 segID=5
13:38:25.416 DBG Subscribing to backlog. segID=5
13:38:25.416 INF Starting serialized message processing. segID=5
13:38:25.416 INF PbftOrderer received a new segment: [0 6 12 18 24 30 36 42 48 54 60 66 72 78 84 90 96 102 108 114 120 126 132 138 144 150 156 162 168 174 180 186] first leader=0 firstSN=0 lastSN=186 len=32 length=32 segId=0
13:38:25.417 INF Starting new view. segID=0 timeout=60000 view=0
13:38:25.417 DBG Starting timer. sn=0 view=0
13:38:25.417 INF Starting PBFT instance. first=0 last=186 segID=0
13:38:25.417 DBG Subscribing to backlog. segID=0
13:38:25.417 INF Starting serialized message processing. segID=0
13:38:25.417 INF PbftOrderer received a new segment: [1 7 13 19 25 31 37 43 49 55 61 67 73 79 85 91 97 103 109 115 121 127 133 139 145 151 157 163 169 175 181 187] first leader=2 firstSN=1 lastSN=187 len=32 length=32 segId=1
13:38:25.418 INF Starting new view. segID=1 timeout=60000 view=0
13:38:25.418 DBG Starting timer. sn=1 view=0
13:38:25.418 INF Starting PBFT instance. first=1 last=187 segID=1
13:38:25.418 DBG Subscribing to backlog. segID=1
13:38:25.418 INF Starting serialized message processing. segID=1
13:38:25.418 INF PbftOrderer received a new segment: [2 8 14 20 26 32 38 44 50 56 62 68 74 80 86 92 98 104 110 116 122 128 134 140 146 152 158 164 170 176 182 188] first leader=3 firstSN=2 lastSN=188 len=32 length=32 segId=2
13:38:25.419 INF Starting new view. segID=2 timeout=60000 view=0
13:38:25.419 DBG Starting timer. sn=2 view=0
13:38:25.419 INF Starting PBFT instance. first=2 last=188 segID=2
13:38:25.419 DBG Subscribing to backlog. segID=2
13:38:25.419 DBG Leading segment. segID=2
13:38:25.419 DBG Waiting for batch. batchSize=4096
13:38:25.419 INF Starting serialized message processing. segID=2
13:38:25.437 INF Connection terminated. error="rpc error: code = Canceled desc = context canceled" address=127.0.0.1:42058
13:38:25.437 INF Connection terminated. error="rpc error: code = Canceled desc = context canceled" address=127.0.0.1:42038
13:38:25.437 INF Connection terminated. error="rpc error: code = Canceled desc = context canceled" address=127.0.0.1:42044
13:38:25.437 INF Connection terminated. error="rpc error: code = Canceled desc = context canceled" address=127.0.0.1:41962
13:38:25.440 INF Connection terminated. error="rpc error: code = Canceled desc = context canceled" address=127.0.0.1:41568
13:38:25.440 INF Connection terminated. error="rpc error: code = Canceled desc = context canceled" address=127.0.0.1:41670
13:38:25.440 INF Connection terminated. error="rpc error: code = Canceled desc = context canceled" address=127.0.0.1:41688
13:38:25.440 INF Connection terminated. error="rpc error: code = Canceled desc = context canceled" address=127.0.0.1:41696
13:38:27.450 INF Incoming connection for requests. addr=127.0.0.1:42124
13:38:55.420 DBG Batch ready. batchSize=4096
13:38:55.422 DBG Batch cut. left=0 nBuckets=16 nReq=894 next=0
13:38:55.426 DBG Waiting for batch. batchSize=4096
13:38:55.462 INF Sending PREPREPARE. nReq=894 senderID=3 sn=2 view=0
13:38:55.550 ERR Failed to send protocol message. Dropping all future outgoing protocol messages. error=EOF
13:38:55.553 ERR Failed to send protocol message. Dropping all future outgoing protocol messages. error=EOF
13:38:55.572 INF Handling PREPREPARE. nReq=895 senderID=0 sn=0
13:38:55.572 DBG Creating new Batch. nReq=895
13:38:55.593 INF Handling PREPREPARE. nReq=894 senderID=6 sn=4
13:38:55.594 DBG Creating new Batch. nReq=894
13:38:55.751 DBG Sending PREPARE. senderID=3 sn=4 view=0
13:38:55.751 DBG func sendPrepare prepare Tn. sn=4 tn=4
13:38:55.762 DBG Sending PREPARE. senderID=3 sn=0 view=0
13:38:55.763 DBG func sendPrepare prepare Tn. sn=0 tn=0
13:38:55.793 INF Handling PREPREPARE. nReq=1509 senderID=2 sn=1
13:38:55.794 DBG Creating new Batch. nReq=1509
13:38:55.808 INF Handling PREPREPARE. nReq=1453 senderID=4 sn=3
13:38:55.808 DBG Creating new Batch. nReq=1453
13:38:55.967 INF Handling PREPREPARE. nReq=1509 senderID=7 sn=5
13:38:55.967 DBG Creating new Batch. nReq=1509
13:38:55.998 DBG func handleCommit commit Tn. tn=2
13:38:56.004 DBG Sending COMMIT. senderID=3 sn=2 view=0
13:38:56.006 DBG func sendCommit commit Tn. sn=2 tn=2
13:38:56.016 DBG func handleCommit commit Tn. tn=2
13:38:56.016 DBG func handleCommit commit Tn. tn=2
13:38:56.016 DBG func handleCommit commit Tn. tn=2
13:38:56.024 INF Committed entry. latency=0 nReq=894 sn=2
13:38:56.024 DBG Starting timer. sn=8 view=0
13:38:56.049 DBG Sending COMMIT. senderID=3 sn=4 view=0
13:38:56.049 DBG func sendCommit commit Tn. sn=4 tn=4
13:38:56.049 DBG func handleCommit commit Tn. tn=4
13:38:56.061 DBG func handleCommit commit Tn. tn=4
13:38:56.062 DBG func handleCommit commit Tn. tn=2
13:38:56.073 DBG func handleCommit commit Tn. tn=0
13:38:56.073 DBG func handleCommit commit Tn. tn=4
13:38:56.074 DBG Sending COMMIT. senderID=3 sn=0 view=0
13:38:56.074 DBG func handleCommit commit Tn. tn=4
13:38:56.075 INF Committed entry. latency=0 nReq=894 sn=4
13:38:56.076 DBG Starting timer. sn=10 view=0
13:38:56.076 DBG func handleCommit commit Tn. tn=4
13:38:56.074 DBG func sendCommit commit Tn. sn=0 tn=0
13:38:56.076 DBG func handleCommit commit Tn. tn=0
13:38:56.076 DBG func handleCommit commit Tn. tn=0
13:38:56.084 DBG func handleCommit commit Tn. tn=0
13:38:56.091 INF Committed entry. latency=0 nReq=895 sn=0
13:38:56.092 INF Delivered batch. nReq=895 sn=0
13:38:56.093 DBG Starting timer. sn=6 view=0
13:38:56.093 DBG func handleCommit commit Tn. tn=0
13:38:56.172 DBG Sending PREPARE. senderID=3 sn=1 view=0
13:38:56.172 DBG func sendPrepare prepare Tn. sn=1 tn=1
13:38:56.178 DBG Sending PREPARE. senderID=3 sn=3 view=0
13:38:56.179 DBG func sendPrepare prepare Tn. sn=3 tn=3
13:38:56.179 DBG Sending COMMIT. senderID=3 sn=3 view=0
13:38:56.179 DBG func sendCommit commit Tn. sn=3 tn=3
13:38:56.182 DBG func handleCommit commit Tn. tn=3
13:38:56.182 DBG func handleCommit commit Tn. tn=3
13:38:56.184 DBG func handleCommit commit Tn. tn=3
13:38:56.193 DBG func handleCommit commit Tn. tn=3
13:38:56.194 DBG Sending COMMIT. senderID=3 sn=1 view=0
13:38:56.195 DBG func sendCommit commit Tn. sn=1 tn=1
13:38:56.195 DBG func handleCommit commit Tn. tn=1
13:38:56.195 INF Committed entry. latency=0 nReq=1453 sn=3
13:38:56.195 DBG Starting timer. sn=9 view=0
13:38:56.196 DBG func handleCommit commit Tn. tn=3
13:38:56.197 DBG func handleCommit commit Tn. tn=1
13:38:56.197 DBG func handleCommit commit Tn. tn=1
13:38:56.198 DBG func handleCommit commit Tn. tn=1
13:38:56.200 INF Committed entry. latency=0 nReq=1509 sn=1
13:38:56.200 INF Delivered batch. nReq=1509 sn=1
13:38:56.200 INF Delivered batch. nReq=894 sn=2
13:38:56.200 INF Delivered batch. nReq=1453 sn=3
13:38:56.201 INF Delivered batch. nReq=894 sn=4
13:38:56.201 DBG Starting timer. sn=7 view=0
13:38:56.201 DBG func handleCommit commit Tn. tn=1
13:38:56.235 DBG Sending PREPARE. senderID=3 sn=5 view=0
13:38:56.236 DBG func sendPrepare prepare Tn. sn=5 tn=5
13:38:56.236 DBG Sending COMMIT. senderID=3 sn=5 view=0
13:38:56.236 DBG func sendCommit commit Tn. sn=5 tn=5
13:38:56.237 DBG func handleCommit commit Tn. tn=5
13:38:56.237 DBG func handleCommit commit Tn. tn=5
13:38:56.237 DBG func handleCommit commit Tn. tn=5
13:38:56.237 DBG func handleCommit commit Tn. tn=5
13:38:56.240 INF Committed entry. latency=0 nReq=1509 sn=5
13:38:56.240 INF Delivered batch. nReq=1509 sn=5
13:38:56.240 DBG Starting timer. sn=11 view=0
13:38:56.240 DBG func handleCommit commit Tn. tn=5
13:39:25.427 DBG Batch ready. batchSize=4096
13:39:25.428 DBG Batch cut. left=0 nBuckets=16 nReq=66 next=0
13:39:25.428 DBG Waiting for batch. batchSize=4096
13:39:25.430 INF Sending PREPREPARE. nReq=66 senderID=3 sn=8 view=0
13:39:25.431 INF Handling PREPREPARE. nReq=66 senderID=0 sn=6
13:39:25.431 DBG Creating new Batch. nReq=66
13:39:25.438 INF Handling PREPREPARE. nReq=66 senderID=6 sn=10
13:39:25.439 DBG Creating new Batch. nReq=66
13:39:25.446 INF Handling PREPREPARE. nReq=107 senderID=4 sn=9
13:39:25.446 DBG Creating new Batch. nReq=107
13:39:25.448 DBG Sending PREPARE. senderID=3 sn=6 view=0
13:39:25.448 DBG func sendPrepare prepare Tn. sn=6 tn=6
13:39:25.449 INF Handling PREPREPARE. nReq=112 senderID=2 sn=7
13:39:25.449 DBG Creating new Batch. nReq=112
13:39:25.465 DBG Sending PREPARE. senderID=3 sn=10 view=0
13:39:25.465 DBG func sendPrepare prepare Tn. sn=10 tn=10
13:39:25.468 DBG func handleCommit commit Tn. tn=6
13:39:25.468 DBG func handleCommit commit Tn. tn=6
13:39:25.469 DBG func handleCommit commit Tn. tn=6
13:39:25.469 DBG func handleCommit commit Tn. tn=6
13:39:25.469 DBG Sending COMMIT. senderID=3 sn=6 view=0
13:39:25.469 DBG func sendCommit commit Tn. sn=6 tn=6
13:39:25.470 INF Committed entry. latency=0 nReq=66 sn=6
13:39:25.470 INF Delivered batch. nReq=66 sn=6
13:39:25.470 DBG Starting timer. sn=12 view=0
13:39:25.470 DBG func handleCommit commit Tn. tn=6
13:39:25.473 DBG Sending COMMIT. senderID=3 sn=10 view=0
13:39:25.474 DBG func sendCommit commit Tn. sn=10 tn=10
13:39:25.474 DBG func handleCommit commit Tn. tn=10
13:39:25.475 DBG func handleCommit commit Tn. tn=10
13:39:25.476 DBG func handleCommit commit Tn. tn=10
13:39:25.477 DBG func handleCommit commit Tn. tn=10
13:39:25.477 INF Committed entry. latency=0 nReq=66 sn=10
13:39:25.477 DBG Starting timer. sn=16 view=0
13:39:25.480 DBG Sending COMMIT. senderID=3 sn=8 view=0
13:39:25.480 DBG func sendCommit commit Tn. sn=8 tn=8
13:39:25.481 DBG func handleCommit commit Tn. tn=8
13:39:25.481 DBG Sending PREPARE. senderID=3 sn=9 view=0
13:39:25.481 DBG func sendPrepare prepare Tn. sn=9 tn=9
13:39:25.481 DBG Sending COMMIT. senderID=3 sn=9 view=0
13:39:25.481 DBG func sendCommit commit Tn. sn=9 tn=9
13:39:25.482 DBG func handleCommit commit Tn. tn=8
13:39:25.483 DBG func handleCommit commit Tn. tn=8
13:39:25.484 DBG func handleCommit commit Tn. tn=9
13:39:25.484 DBG func handleCommit commit Tn. tn=9
13:39:25.484 DBG func handleCommit commit Tn. tn=9
13:39:25.485 DBG func handleCommit commit Tn. tn=9
13:39:25.486 DBG func handleCommit commit Tn. tn=8
13:39:25.486 INF Committed entry. latency=0 nReq=107 sn=9
13:39:25.486 DBG Starting timer. sn=15 view=0
13:39:25.486 INF Committed entry. latency=0 nReq=66 sn=8
13:39:25.486 INF Handling PREPREPARE. nReq=111 senderID=7 sn=11
13:39:25.486 DBG Starting timer. sn=14 view=0
13:39:25.487 DBG Creating new Batch. nReq=111
13:39:25.488 DBG Sending PREPARE. senderID=3 sn=7 view=0
13:39:25.488 DBG func sendPrepare prepare Tn. sn=7 tn=7
13:39:25.489 DBG Sending COMMIT. senderID=3 sn=7 view=0
13:39:25.489 DBG func sendCommit commit Tn. sn=7 tn=7
13:39:25.492 DBG func handleCommit commit Tn. tn=7
13:39:25.494 DBG func handleCommit commit Tn. tn=10
13:39:25.494 DBG func handleCommit commit Tn. tn=8
13:39:25.494 DBG func handleCommit commit Tn. tn=7
13:39:25.495 DBG func handleCommit commit Tn. tn=7
13:39:25.495 DBG func handleCommit commit Tn. tn=9
13:39:25.496 DBG func handleCommit commit Tn. tn=7
13:39:25.496 INF Committed entry. latency=0 nReq=112 sn=7
13:39:25.496 INF Delivered batch. nReq=112 sn=7
13:39:25.497 INF Delivered batch. nReq=66 sn=8
13:39:25.497 INF Delivered batch. nReq=107 sn=9
13:39:25.497 INF Delivered batch. nReq=66 sn=10
13:39:25.497 DBG Starting timer. sn=13 view=0
13:39:25.497 DBG func handleCommit commit Tn. tn=7
13:39:25.500 DBG Sending PREPARE. senderID=3 sn=11 view=0
13:39:25.500 DBG func sendPrepare prepare Tn. sn=11 tn=11
13:39:25.501 DBG Sending COMMIT. senderID=3 sn=11 view=0
13:39:25.501 DBG func sendCommit commit Tn. sn=11 tn=11
13:39:25.504 DBG func handleCommit commit Tn. tn=11
13:39:25.504 DBG func handleCommit commit Tn. tn=11
13:39:25.505 DBG func handleCommit commit Tn. tn=11
13:39:25.507 DBG func handleCommit commit Tn. tn=11
13:39:25.508 INF Committed entry. latency=0 nReq=111 sn=11
13:39:25.508 INF Delivered batch. nReq=111 sn=11
13:39:25.508 DBG Starting timer. sn=17 view=0
13:39:25.510 DBG func handleCommit commit Tn. tn=11
13:39:26.488 INF Connection terminated. error="rpc error: code = Canceled desc = context canceled" address=127.0.0.1:42124
13:39:26.488 INF Finished sending bucket assignments to client. clId=0
13:39:26.896 INF Stopping profiler.
13:39:26.896 INF Stopping Tracer. events=146 fileName=experiment-output/0000/slave-006/peer.trc
==================
WARNING: DATA RACE
Read at 0x00c000934050 by goroutine 115:
  runtime.racereadrange()
      <autogenerated>:1 +0x1b
  github.com/hyperledger-labs/mirbft/tracing.(*BufferedTrace).StopOnSignal.func1()
      /opt/gopath/src/github.com/hyperledger-labs/mirbft/tracing/bufferedtrace.go:298 +0x4e

Previous write at 0x00c000934050 by goroutine 493:
  github.com/hyperledger-labs/mirbft/tracing.(*BufferedTrace).Event()
      /opt/gopath/src/github.com/hyperledger-labs/mirbft/tracing/bufferedtrace.go:105 +0x2d9
  github.com/hyperledger-labs/mirbft/manager.(*MirManager).handleLogEntries()
      /opt/gopath/src/github.com/hyperledger-labs/mirbft/manager/mirmanager.go:139 +0x1d8
  github.com/hyperledger-labs/mirbft/manager.(*MirManager).Start路dwrap路7()
      /opt/gopath/src/github.com/hyperledger-labs/mirbft/manager/mirmanager.go:101 +0x47

Goroutine 115 (running) created at:
  github.com/hyperledger-labs/mirbft/tracing.(*BufferedTrace).StopOnSignal()
      /opt/gopath/src/github.com/hyperledger-labs/mirbft/tracing/bufferedtrace.go:292 +0x172
  main.setUpTracing()
      /opt/gopath/src/github.com/hyperledger-labs/mirbft/cmd/orderingpeer/main.go:204 +0xf5
  main.main()
      /opt/gopath/src/github.com/hyperledger-labs/mirbft/cmd/orderingpeer/main.go:98 +0x9d6

Goroutine 493 (running) created at:
  github.com/hyperledger-labs/mirbft/manager.(*MirManager).Start()
      /opt/gopath/src/github.com/hyperledger-labs/mirbft/manager/mirmanager.go:101 +0x19e
  main.main路dwrap路4()
      /opt/gopath/src/github.com/hyperledger-labs/mirbft/cmd/orderingpeer/main.go:168 +0x59
==================
==================
WARNING: DATA RACE
Read at 0x00c0009356a8 by goroutine 115:
  runtime.racereadrange()
      <autogenerated>:1 +0x1b
  github.com/hyperledger-labs/mirbft/tracing.(*BufferedTrace).StopOnSignal.func1()
      /opt/gopath/src/github.com/hyperledger-labs/mirbft/tracing/bufferedtrace.go:298 +0x4e

Previous write at 0x00c0009356a8 by goroutine 114:
  github.com/hyperledger-labs/mirbft/tracing.(*BufferedTrace).Event()
      /opt/gopath/src/github.com/hyperledger-labs/mirbft/tracing/bufferedtrace.go:105 +0x2d9
  github.com/hyperledger-labs/mirbft/profiling.StartCPUTracing.func1()
      /opt/gopath/src/github.com/hyperledger-labs/mirbft/profiling/cpuusage.go:31 +0x95

Goroutine 115 (running) created at:
  github.com/hyperledger-labs/mirbft/tracing.(*BufferedTrace).StopOnSignal()
      /opt/gopath/src/github.com/hyperledger-labs/mirbft/tracing/bufferedtrace.go:292 +0x172
  main.setUpTracing()
      /opt/gopath/src/github.com/hyperledger-labs/mirbft/cmd/orderingpeer/main.go:204 +0xf5
  main.main()
      /opt/gopath/src/github.com/hyperledger-labs/mirbft/cmd/orderingpeer/main.go:98 +0x9d6

Goroutine 114 (running) created at:
  github.com/hyperledger-labs/mirbft/profiling.StartCPUTracing()
      /opt/gopath/src/github.com/hyperledger-labs/mirbft/profiling/cpuusage.go:28 +0xb6
  main.setUpTracing()
      /opt/gopath/src/github.com/hyperledger-labs/mirbft/cmd/orderingpeer/main.go:196 +0x85
  main.main()
      /opt/gopath/src/github.com/hyperledger-labs/mirbft/cmd/orderingpeer/main.go:98 +0x9d6
==================
13:39:26.899 INF Trace data written.
13:39:26.925 INF Profile data written. filename=experiment-output/0000/slave-006/prof.cpu name=cpu
13:39:26.997 INF Profile data written. filename=experiment-output/0000/slave-006/prof.block name=block
13:39:27.031 INF Profile data written. filename=experiment-output/0000/slave-006/prof.mutex name=mutex
