{"level":"debug","Logging":"debug","time":"2022-10-24T13:52:18+08:00","message":"Config"}
{"level":"debug","UseTLS":false,"time":"2022-10-24T13:52:18+08:00","message":"Config"}
{"level":"debug","CACertFile":"tls-data/ca.pem","time":"2022-10-24T13:52:18+08:00","message":"Config"}
{"level":"debug","KeyFile":"tls-data/auth.key","time":"2022-10-24T13:52:18+08:00","message":"Config"}
{"level":"debug","CertFile":"tls-data/auth.pem","time":"2022-10-24T13:52:18+08:00","message":"Config"}
{"level":"debug","PriorityConnections":2,"time":"2022-10-24T13:52:18+08:00","message":"Config"}
{"level":"debug","BasicConnections":2,"time":"2022-10-24T13:52:18+08:00","message":"Config"}
{"level":"debug","TestConnections":false,"time":"2022-10-24T13:52:18+08:00","message":"Config"}
{"level":"debug","ExcessConnections":1,"time":"2022-10-24T13:52:18+08:00","message":"Config"}
{"level":"debug","ConnectionTestMsgs":4,"time":"2022-10-24T13:52:18+08:00","message":"Config"}
{"level":"debug","ConnectionTestPayload":131072,"time":"2022-10-24T13:52:18+08:00","message":"Config"}
{"level":"debug","OutMessageBufsize":1024,"time":"2022-10-24T13:52:18+08:00","message":"Config"}
{"level":"debug","OutMessageBufsize":2,"time":"2022-10-24T13:52:18+08:00","message":"Config"}
{"level":"debug","ThroughputCap":131072000,"time":"2022-10-24T13:52:18+08:00","message":"Config"}
{"level":"debug","StragglerTolerance":1000,"time":"2022-10-24T13:52:18+08:00","message":"Config"}
{"level":"debug","BatchSizeIncrement":256,"time":"2022-10-24T13:52:18+08:00","message":"Config"}
{"level":"debug","Orderer":"Pbft","time":"2022-10-24T13:52:18+08:00","message":"Config"}
{"level":"debug","Manager":"Mir","time":"2022-10-24T13:52:18+08:00","message":"Config"}
{"level":"debug","Failures":2,"time":"2022-10-24T13:52:18+08:00","message":"Config"}
{"level":"debug","CrashTiming":"Straggler","time":"2022-10-24T13:52:18+08:00","message":"Config"}
{"level":"debug","CheckpointInterval":256,"time":"2022-10-24T13:52:18+08:00","message":"Config"}
{"level":"debug","WatermarkWindowSize":256,"time":"2022-10-24T13:52:18+08:00","message":"Config"}
{"level":"debug","EpochLength":256,"time":"2022-10-24T13:52:18+08:00","message":"Config"}
{"level":"debug","SegmentLength":32,"time":"2022-10-24T13:52:18+08:00","message":"Config"}
{"level":"debug","WaitForCheckpoints":true,"time":"2022-10-24T13:52:18+08:00","message":"Config"}
{"level":"debug","ClientWatermarkWindowSize":4194304,"time":"2022-10-24T13:52:18+08:00","message":"Config"}
{"level":"debug","ClientRequestBacklogSize":4194304,"time":"2022-10-24T13:52:18+08:00","message":"Config"}
{"level":"debug","RandomSeed":13400,"time":"2022-10-24T13:52:18+08:00","message":"Config"}
{"level":"debug","NodeToLeaderRatio":1,"time":"2022-10-24T13:52:18+08:00","message":"Config"}
{"level":"debug","LeaderPolicy":"SimulatedRandomFailures","time":"2022-10-24T13:52:18+08:00","message":"Config"}
{"level":"debug","DefaultLeaderBan":2,"time":"2022-10-24T13:52:18+08:00","message":"Config"}
{"level":"debug","NumBuckets":128,"time":"2022-10-24T13:52:18+08:00","message":"Config"}
{"level":"debug","BatchSize":1000,"time":"2022-10-24T13:52:18+08:00","message":"Config"}
{"level":"debug","DisabledViewChange":false,"time":"2022-10-24T13:52:18+08:00","message":"Config"}
{"level":"debug","ViewChangeTimeout":60000,"time":"2022-10-24T13:52:18+08:00","message":"Config"}
{"level":"debug","ClientTraceSampling":10,"time":"2022-10-24T13:52:18+08:00","message":"Config"}
{"level":"debug","EventBufferSize":2097152,"time":"2022-10-24T13:52:18+08:00","message":"Config"}
{"level":"debug","TraceSampling":1,"time":"2022-10-24T13:52:18+08:00","message":"Config"}
{"level":"debug","ClientsPerProcess":1,"time":"2022-10-24T13:52:18+08:00","message":"Config"}
{"level":"debug","RequestsPerClient":15360,"time":"2022-10-24T13:52:18+08:00","message":"Config"}
{"level":"debug","ClientRunTime":30000,"time":"2022-10-24T13:52:18+08:00","message":"Config"}
{"level":"debug","RequestRate":256,"time":"2022-10-24T13:52:18+08:00","message":"Config"}
{"level":"debug","HardRequestRateLimit":false,"time":"2022-10-24T13:52:18+08:00","message":"Config"}
{"level":"debug","RequestPayloadSize":500,"time":"2022-10-24T13:52:18+08:00","message":"Config"}
{"level":"debug","SignRequests":true,"time":"2022-10-24T13:52:18+08:00","message":"Config"}
{"level":"debug","ClientPrivKeyFile":"tls-data/client-ecdsa-256.key","time":"2022-10-24T13:52:18+08:00","message":"Config"}
{"level":"debug","ClientPubKeyFile":"tls-data/client-ecdsa-256.pem","time":"2022-10-24T13:52:18+08:00","message":"Config"}
{"level":"debug","PrecomputeRequests":false,"time":"2022-10-24T13:52:18+08:00","message":"Config"}
{"level":"debug","RequestHandlerThreads":32,"time":"2022-10-24T13:52:18+08:00","message":"Config"}
{"level":"debug","RequestInputChannelBuffer":8192,"time":"2022-10-24T13:52:18+08:00","message":"Config"}
{"level":"debug","BatchVerifier":"external","time":"2022-10-24T13:52:18+08:00","message":"Config"}
05:52:18.652 INF Registered with discovery server. numPeers=8 ownID=4
05:52:18.653 INF Profiling enabled.
05:52:18.653 INF Setting up profiling.
05:52:18.653 INF Started Profiler: CPU
05:52:18.653 INF Started Profiler: BLOCK
05:52:18.654 INF Started Profiler: MUTEX
05:52:18.654 INF Profiler will stop on signal. exit=true
05:52:18.656 INF Tracing will stop on signal. exit=false
05:52:18.657 INF Started tracing. traceFile=experiment-output/0000/slave-006/peer.trc
05:52:18.657 DBG Starting backlog.
05:52:18.657 INF Listening for connections. port=10044 useTLS=false
05:52:18.658 INF Connecting to peer. addr=127.0.0.1:10044 basicConns=2 priorityConns=2
05:52:18.659 INF Connecting to peer. addr=127.0.0.1:10055 basicConns=2 priorityConns=2
05:52:18.660 INF Connecting to peer. addr=127.0.0.1:10066 basicConns=2 priorityConns=2
05:52:18.661 INF Connecting to peer. addr=127.0.0.1:10077 basicConns=2 priorityConns=2
05:52:18.661 INF Connecting to peer. addr=127.0.0.1:10000 basicConns=2 priorityConns=2
05:52:18.662 INF Connecting to peer. addr=127.0.0.1:10011 basicConns=2 priorityConns=2
05:52:18.664 INF Connecting to peer. addr=127.0.0.1:10022 basicConns=2 priorityConns=2
05:52:18.688 INF Connecting to peer. addr=127.0.0.1:10033 basicConns=2 priorityConns=2
05:52:18.733 INF Incoming connection for protocol messages. addr=127.0.0.1:45036
05:52:18.735 INF Incoming connection for protocol messages. addr=127.0.0.1:44978
05:52:18.735 INF Incoming connection for protocol messages. addr=127.0.0.1:44994
05:52:18.740 INF Incoming connection for protocol messages. addr=127.0.0.1:45016
05:52:18.740 INF Incoming connection for protocol messages. addr=127.0.0.1:44966
05:52:18.742 INF Incoming connection for protocol messages. addr=127.0.0.1:44980
05:52:18.744 INF Incoming connection for protocol messages. addr=127.0.0.1:45004
05:52:18.745 INF Incoming connection for protocol messages. addr=127.0.0.1:45062
05:52:18.747 INF Incoming connection for protocol messages. addr=127.0.0.1:45092
05:52:18.747 INF Incoming connection for protocol messages. addr=127.0.0.1:45188
05:52:18.749 INF Incoming connection for protocol messages. addr=127.0.0.1:45184
05:52:18.749 INF Incoming connection for protocol messages. addr=127.0.0.1:45128
05:52:18.749 INF Incoming connection for protocol messages. addr=127.0.0.1:45192
05:52:18.752 INF Incoming connection for protocol messages. addr=127.0.0.1:45198
05:52:18.752 INF Incoming connection for protocol messages. addr=127.0.0.1:45224
05:52:18.753 DBG Connected. peerID=6
05:52:18.753 INF Incoming connection for protocol messages. addr=127.0.0.1:45302
05:52:18.754 INF Incoming connection for protocol messages. addr=127.0.0.1:45144
05:52:18.754 INF Incoming connection for protocol messages. addr=127.0.0.1:45256
05:52:18.754 DBG Connected. peerID=5
05:52:18.756 DBG Connected. peerID=3
05:52:18.756 INF Incoming connection for protocol messages. addr=127.0.0.1:45254
05:52:18.756 INF Incoming connection for protocol messages. addr=127.0.0.1:45338
05:52:18.757 INF Incoming connection for protocol messages. addr=127.0.0.1:45208
05:52:18.757 INF Incoming connection for protocol messages. addr=127.0.0.1:45308
05:52:18.757 DBG Connected. peerID=0
05:52:18.758 DBG Connected. peerID=4
05:52:18.758 DBG Connected. peerID=1
05:52:18.759 INF Incoming connection for protocol messages. addr=127.0.0.1:45374
05:52:18.759 INF Incoming connection for protocol messages. addr=127.0.0.1:45402
05:52:18.759 INF Incoming connection for protocol messages. addr=127.0.0.1:45372
05:52:18.759 INF Incoming connection for protocol messages. addr=127.0.0.1:45414
05:52:18.759 INF Incoming connection for protocol messages. addr=127.0.0.1:45424
05:52:18.761 INF Incoming connection for protocol messages. addr=127.0.0.1:45446
05:52:18.761 INF Incoming connection for protocol messages. addr=127.0.0.1:45048
05:52:18.762 INF Incoming connection for protocol messages. addr=127.0.0.1:44972
05:52:18.764 INF Incoming connection for protocol messages. addr=127.0.0.1:45100
05:52:18.770 INF Incoming connection for protocol messages. addr=127.0.0.1:45202
05:52:18.770 DBG Connected. peerID=2
05:52:18.775 DBG Connected. peerID=7
05:52:18.775 INF Connected to all peers.
05:52:18.786 INF All peers finished connecting. Starting ISS.
05:52:18.786 DBG Buckets for 0-th leader 0: [0 8 16 24 32 40 48 56 64 72 80 88 96 104 112 120 18 42 66 90 114]
05:52:18.787 DBG Buckets for 1-th leader 1: [1 9 17 25 33 41 49 57 65 73 81 89 97 105 113 121 13 37 61 85 109]
05:52:18.787 DBG Buckets for 2-th leader 3: [3 11 19 27 35 43 51 59 67 75 83 91 99 107 115 123 2 26 50 74 98 122]
05:52:18.787 DBG Buckets for 3-th leader 4: [4 12 20 28 36 44 52 60 68 76 84 92 100 108 116 124 21 45 69 93 117]
05:52:18.787 DBG Buckets for 4-th leader 6: [6 14 22 30 38 46 54 62 70 78 86 94 102 110 118 126 10 34 58 82 106]
05:52:18.787 DBG Buckets for 5-th leader 7: [7 15 23 31 39 47 55 63 71 79 87 95 103 111 119 127 5 29 53 77 101 125]
05:52:18.787 INF PbftOrderer received a new segment: [2 8 14 20 26 32 38 44 50 56 62 68 74 80 86 92 98 104 110 116 122 128 134 140 146 152 158 164 170 176 182 188] first leader=3 firstSN=2 lastSN=188 len=32 length=32 segId=2
05:52:18.788 INF Starting new view. segID=2 timeout=60000 view=0
05:52:18.788 DBG Starting timer. sn=2 view=0
05:52:18.788 INF Starting PBFT instance. first=2 last=188 segID=2
05:52:18.788 DBG Subscribing to backlog. segID=2
05:52:18.788 INF Starting serialized message processing. segID=2
05:52:18.789 INF PbftOrderer received a new segment: [3 9 15 21 27 33 39 45 51 57 63 69 75 81 87 93 99 105 111 117 123 129 135 141 147 153 159 165 171 177 183 189] first leader=4 firstSN=3 lastSN=189 len=32 length=32 segId=3
05:52:18.789 INF Starting new view. segID=3 timeout=60000 view=0
05:52:18.789 DBG Starting timer. sn=3 view=0
05:52:18.789 INF Starting PBFT instance. first=3 last=189 segID=3
05:52:18.789 DBG Subscribing to backlog. segID=3
05:52:18.790 DBG Leading segment. segID=3
05:52:18.790 INF Starting serialized message processing. segID=3
05:52:18.790 DBG Waiting for batch. batchSize=4096
05:52:18.790 INF PbftOrderer received a new segment: [4 10 16 22 28 34 40 46 52 58 64 70 76 82 88 94 100 106 112 118 124 130 136 142 148 154 160 166 172 178 184 190] first leader=6 firstSN=4 lastSN=190 len=32 length=32 segId=4
05:52:18.790 INF Starting new view. segID=4 timeout=60000 view=0
05:52:18.790 DBG Starting timer. sn=4 view=0
05:52:18.790 INF Starting PBFT instance. first=4 last=190 segID=4
05:52:18.790 DBG Subscribing to backlog. segID=4
05:52:18.790 INF Starting serialized message processing. segID=4
05:52:18.791 INF PbftOrderer received a new segment: [5 11 17 23 29 35 41 47 53 59 65 71 77 83 89 95 101 107 113 119 125 131 137 143 149 155 161 167 173 179 185 191] first leader=7 firstSN=5 lastSN=191 len=32 length=32 segId=5
05:52:18.791 INF Starting new view. segID=5 timeout=60000 view=0
05:52:18.791 DBG Starting timer. sn=5 view=0
05:52:18.791 INF Starting PBFT instance. first=5 last=191 segID=5
05:52:18.791 DBG Subscribing to backlog. segID=5
05:52:18.792 INF Starting serialized message processing. segID=5
05:52:18.792 INF PbftOrderer received a new segment: [0 6 12 18 24 30 36 42 48 54 60 66 72 78 84 90 96 102 108 114 120 126 132 138 144 150 156 162 168 174 180 186] first leader=0 firstSN=0 lastSN=186 len=32 length=32 segId=0
05:52:18.792 INF Starting new view. segID=0 timeout=60000 view=0
05:52:18.792 DBG Starting timer. sn=0 view=0
05:52:18.792 INF Starting PBFT instance. first=0 last=186 segID=0
05:52:18.792 DBG Subscribing to backlog. segID=0
05:52:18.792 INF Starting serialized message processing. segID=0
05:52:18.793 INF PbftOrderer received a new segment: [1 7 13 19 25 31 37 43 49 55 61 67 73 79 85 91 97 103 109 115 121 127 133 139 145 151 157 163 169 175 181 187] first leader=1 firstSN=1 lastSN=187 len=32 length=32 segId=1
05:52:18.793 INF Starting new view. segID=1 timeout=60000 view=0
05:52:18.793 DBG Starting timer. sn=1 view=0
05:52:18.793 INF Starting PBFT instance. first=1 last=187 segID=1
05:52:18.793 DBG Subscribing to backlog. segID=1
05:52:18.793 INF Starting serialized message processing. segID=1
05:52:18.812 INF Connection terminated. error="rpc error: code = Canceled desc = context canceled" address=127.0.0.1:45308
05:52:18.812 INF Connection terminated. error="rpc error: code = Canceled desc = context canceled" address=127.0.0.1:45128
05:52:18.812 INF Connection terminated. error="rpc error: code = Canceled desc = context canceled" address=127.0.0.1:45004
05:52:18.812 INF Connection terminated. error="rpc error: code = Canceled desc = context canceled" address=127.0.0.1:45036
05:52:18.815 INF Connection terminated. error="rpc error: code = Canceled desc = context canceled" address=127.0.0.1:45202
05:52:18.815 INF Connection terminated. error="rpc error: code = Canceled desc = context canceled" address=127.0.0.1:45100
05:52:18.815 INF Connection terminated. error="rpc error: code = Canceled desc = context canceled" address=127.0.0.1:45048
05:52:18.815 INF Connection terminated. error="rpc error: code = Canceled desc = context canceled" address=127.0.0.1:44972
05:52:20.824 INF Incoming connection for requests. addr=127.0.0.1:45496
05:52:48.790 DBG Batch ready. batchSize=4096
05:52:48.792 DBG Batch cut. left=0 nBuckets=21 nReq=1173 next=0
05:52:48.793 DBG Waiting for batch. batchSize=4096
05:52:48.856 INF Sending PREPREPARE. nReq=1173 senderID=4 sn=3 view=0
05:52:48.977 INF Handling PREPREPARE. nReq=1174 senderID=6 sn=4
05:52:48.978 DBG Creating new Batch. nReq=1174
05:52:49.003 ERR Failed to send protocol message. Dropping all future outgoing protocol messages. error=EOF
05:52:49.006 INF Handling PREPREPARE. nReq=1174 senderID=0 sn=0
05:52:49.008 INF Handling PREPREPARE. nReq=1175 senderID=1 sn=1
05:52:49.009 DBG Creating new Batch. nReq=1175
05:52:49.015 DBG Creating new Batch. nReq=1174
05:52:49.056 ERR Failed to send protocol message. Dropping all future outgoing protocol messages. error=EOF
05:52:49.057 INF Handling PREPREPARE. nReq=1229 senderID=7 sn=5
05:52:49.057 DBG Creating new Batch. nReq=1229
05:52:49.067 INF Handling PREPREPARE. nReq=1229 senderID=3 sn=2
05:52:49.068 DBG Creating new Batch. nReq=1229
05:52:49.400 DBG Sending PREPARE. senderID=4 sn=4 view=0
05:52:49.400 DBG func sendPrepare prepare Tn. sn=4 tn=4
05:52:49.493 DBG Sending PREPARE. senderID=4 sn=0 view=0
05:52:49.494 DBG func sendPrepare prepare Tn. sn=0 tn=0
05:52:49.494 DBG Sending COMMIT. senderID=4 sn=0 view=0
05:52:49.494 DBG func sendCommit commit Tn. sn=0 tn=0
05:52:49.494 DBG Sending Htn. sn=0 view=0
05:52:49.498 DBG func handleCommit commit Tn. tn=0
05:52:49.498 DBG func handleHtnmsg htn. htn=0 localhtn=0
05:52:49.499 DBG func handleCommit commit Tn. tn=0
05:52:49.499 DBG func handleHtnmsg htn. htn=0 localhtn=0
05:52:49.499 DBG func handleCommit commit Tn. tn=0
05:52:49.499 DBG func handleHtnmsg htn. htn=0 localhtn=0
05:52:49.500 DBG func handleCommit commit Tn. tn=0
05:52:49.502 INF Committed entry. latency=0 nReq=1174 sn=0
05:52:49.502 INF Delivered batch. nReq=1174 sn=0
05:52:49.502 DBG Starting timer. sn=6 view=0
05:52:49.502 DBG func handleHtnmsg htn. htn=0 localhtn=0
05:52:49.503 DBG Sending COMMIT. senderID=4 sn=4 view=0
05:52:49.503 DBG func sendCommit commit Tn. sn=4 tn=4
05:52:49.503 DBG Sending Htn. sn=4 view=0
05:52:49.503 DBG func handleCommit commit Tn. tn=4
05:52:49.503 DBG func handleHtnmsg htn. htn=4 localhtn=4
05:52:49.504 DBG func handleCommit commit Tn. tn=4
05:52:49.506 DBG func handleCommit commit Tn. tn=4
05:52:49.506 DBG Sending PREPARE. senderID=4 sn=5 view=0
05:52:49.506 DBG func sendPrepare prepare Tn. sn=5 tn=5
05:52:49.506 DBG func handleCommit commit Tn. tn=4
05:52:49.506 DBG func handleCommit commit Tn. tn=0
05:52:49.506 DBG func handleHtnmsg htn. htn=0 localhtn=0
05:52:49.508 INF Committed entry. latency=0 nReq=1174 sn=4
05:52:49.509 DBG Starting timer. sn=10 view=0
05:52:49.509 DBG func handleHtnmsg htn. htn=4 localhtn=4
05:52:49.509 DBG func handleHtnmsg htn. htn=4 localhtn=4
05:52:49.509 DBG func handleHtnmsg htn. htn=4 localhtn=4
05:52:49.522 DBG Sending PREPARE. senderID=4 sn=2 view=0
05:52:49.522 DBG func sendPrepare prepare Tn. sn=2 tn=2
05:52:49.522 DBG Sending PREPARE. senderID=4 sn=1 view=0
05:52:49.522 DBG Sending COMMIT. senderID=4 sn=2 view=0
05:52:49.522 DBG func sendCommit commit Tn. sn=2 tn=2
05:52:49.522 DBG func sendPrepare prepare Tn. sn=1 tn=1
05:52:49.522 DBG Sending Htn. sn=2 view=0
05:52:49.523 DBG Sending COMMIT. senderID=4 sn=1 view=0
05:52:49.523 DBG func sendCommit commit Tn. sn=1 tn=1
05:52:49.523 DBG Sending Htn. sn=1 view=0
05:52:49.525 DBG func handleCommit commit Tn. tn=2
05:52:49.525 DBG func handleHtnmsg htn. htn=2 localhtn=2
05:52:49.526 DBG func handleCommit commit Tn. tn=1
05:52:49.526 DBG func handleCommit commit Tn. tn=2
05:52:49.526 DBG func handleHtnmsg htn. htn=1 localhtn=1
05:52:49.526 DBG func handleHtnmsg htn. htn=2 localhtn=2
05:52:49.527 DBG func handleCommit commit Tn. tn=1
05:52:49.527 DBG func handleHtnmsg htn. htn=1 localhtn=1
05:52:49.528 DBG func handleCommit commit Tn. tn=2
05:52:49.528 DBG func handleCommit commit Tn. tn=1
05:52:49.528 DBG func handleHtnmsg htn. htn=2 localhtn=2
05:52:49.528 DBG func handleHtnmsg htn. htn=1 localhtn=1
05:52:49.530 DBG Sending COMMIT. senderID=4 sn=5 view=0
05:52:49.530 DBG func sendCommit commit Tn. sn=5 tn=5
05:52:49.530 DBG Sending Htn. sn=5 view=0
05:52:49.532 DBG func handleCommit commit Tn. tn=5
05:52:49.532 DBG func handleHtnmsg htn. htn=5 localhtn=5
05:52:49.533 DBG func handleCommit commit Tn. tn=5
05:52:49.533 DBG func handleHtnmsg htn. htn=5 localhtn=5
05:52:49.537 DBG func handleCommit commit Tn. tn=5
05:52:49.537 DBG func handleHtnmsg htn. htn=5 localhtn=5
05:52:49.544 DBG func handleCommit commit Tn. tn=5
05:52:49.546 INF Committed entry. latency=0 nReq=1229 sn=5
05:52:49.547 DBG Starting timer. sn=11 view=0
05:52:49.547 DBG func handleCommit commit Tn. tn=4
05:52:49.547 DBG func handleHtnmsg htn. htn=5 localhtn=5
05:52:49.547 DBG func handleHtnmsg htn. htn=4 localhtn=4
05:52:49.549 DBG func handleCommit commit Tn. tn=1
05:52:49.549 DBG func handleCommit commit Tn. tn=2
05:52:49.551 INF Committed entry. latency=0 nReq=1175 sn=1
05:52:49.552 INF Delivered batch. nReq=1175 sn=1
05:52:49.552 DBG Starting timer. sn=7 view=0
05:52:49.552 INF Committed entry. latency=0 nReq=1229 sn=2
05:52:49.552 INF Delivered batch. nReq=1229 sn=2
05:52:49.552 DBG Starting timer. sn=8 view=0
05:52:49.556 DBG func handleCommit commit Tn. tn=1
05:52:49.556 DBG func handleHtnmsg htn. htn=1 localhtn=1
05:52:49.562 DBG Sending COMMIT. senderID=4 sn=3 view=0
05:52:49.563 DBG func handleCommit commit Tn. tn=2
05:52:49.563 DBG func handleHtnmsg htn. htn=2 localhtn=2
05:52:49.563 DBG func sendCommit commit Tn. sn=3 tn=3
05:52:49.563 DBG Sending Htn. sn=3 view=0
05:52:49.564 DBG func handleCommit commit Tn. tn=3
05:52:49.564 DBG func handleCommit commit Tn. tn=3
05:52:49.564 DBG func handleHtnmsg htn. htn=3 localhtn=3
05:52:49.564 DBG func handleHtnmsg htn. htn=3 localhtn=3
05:52:49.564 DBG func handleCommit commit Tn. tn=3
05:52:49.564 DBG func handleHtnmsg htn. htn=3 localhtn=3
05:52:49.567 DBG func handleCommit commit Tn. tn=3
05:52:49.569 INF Committed entry. latency=0 nReq=1173 sn=3
05:52:49.569 INF Delivered batch. nReq=1173 sn=3
05:52:49.569 INF Delivered batch. nReq=1174 sn=4
05:52:49.569 INF Delivered batch. nReq=1229 sn=5
05:52:49.570 DBG Starting timer. sn=9 view=0
05:52:49.570 DBG func handleHtnmsg htn. htn=3 localhtn=3
05:52:49.573 DBG func handleHtnmsg htn. htn=2 localhtn=2
05:52:49.573 DBG func handleHtnmsg htn. htn=1 localhtn=1
05:52:49.575 DBG func handleCommit commit Tn. tn=3
05:52:49.575 DBG func handleHtnmsg htn. htn=3 localhtn=3
05:52:49.575 DBG func handleCommit commit Tn. tn=5
05:52:49.575 DBG func handleHtnmsg htn. htn=5 localhtn=5
05:53:18.794 DBG Batch ready. batchSize=4096
05:53:18.795 DBG Batch cut. left=0 nBuckets=21 nReq=87 next=0
05:53:18.797 DBG Waiting for batch. batchSize=4096
05:53:18.798 INF Sending PREPREPARE. nReq=87 senderID=4 sn=9 view=0
05:53:18.810 INF Handling PREPREPARE. nReq=87 senderID=0 sn=6
05:53:18.810 DBG Creating new Batch. nReq=87
05:53:18.810 INF Handling PREPREPARE. nReq=86 senderID=6 sn=10
05:53:18.810 DBG Creating new Batch. nReq=86
05:53:18.812 INF Handling PREPREPARE. nReq=86 senderID=1 sn=7
05:53:18.812 DBG Creating new Batch. nReq=86
05:53:18.824 INF Handling PREPREPARE. nReq=91 senderID=7 sn=11
05:53:18.825 DBG Creating new Batch. nReq=91
05:53:18.837 INF Handling PREPREPARE. nReq=91 senderID=3 sn=8
05:53:18.838 DBG Creating new Batch. nReq=91
05:53:18.840 DBG Sending PREPARE. senderID=4 sn=6 view=0
05:53:18.841 DBG Sending PREPARE. senderID=4 sn=7 view=0
05:53:18.842 DBG func sendPrepare prepare Tn. sn=7 tn=7
05:53:18.842 DBG func sendPrepare prepare Tn. sn=6 tn=6
05:53:18.849 DBG Sending COMMIT. senderID=4 sn=6 view=0
05:53:18.849 DBG func sendCommit commit Tn. sn=6 tn=6
05:53:18.849 DBG Sending Htn. sn=6 view=0
05:53:18.850 DBG func handleCommit commit Tn. tn=6
05:53:18.850 DBG func handleHtnmsg htn. htn=6 localhtn=6
05:53:18.851 DBG Sending PREPARE. senderID=4 sn=11 view=0
05:53:18.851 DBG func handleCommit commit Tn. tn=6
05:53:18.851 DBG func sendPrepare prepare Tn. sn=11 tn=11
05:53:18.851 DBG func handleHtnmsg htn. htn=6 localhtn=6
05:53:18.851 DBG func handleCommit commit Tn. tn=6
05:53:18.852 DBG func handleHtnmsg htn. htn=6 localhtn=6
05:53:18.852 DBG func handleCommit commit Tn. tn=6
05:53:18.852 DBG Sending COMMIT. senderID=4 sn=7 view=0
05:53:18.852 DBG func sendCommit commit Tn. sn=7 tn=7
05:53:18.852 INF Committed entry. latency=0 nReq=87 sn=6
05:53:18.852 DBG Sending Htn. sn=7 view=0
05:53:18.852 INF Delivered batch. nReq=87 sn=6
05:53:18.853 DBG Starting timer. sn=12 view=0
05:53:18.853 DBG func handleCommit commit Tn. tn=7
05:53:18.853 DBG func handleHtnmsg htn. htn=6 localhtn=6
05:53:18.853 DBG func handleCommit commit Tn. tn=7
05:53:18.854 DBG Sending PREPARE. senderID=4 sn=10 view=0
05:53:18.854 DBG Sending COMMIT. senderID=4 sn=11 view=0
05:53:18.854 DBG func handleCommit commit Tn. tn=7
05:53:18.854 DBG func sendCommit commit Tn. sn=11 tn=11
05:53:18.854 DBG func sendPrepare prepare Tn. sn=10 tn=10
05:53:18.854 DBG func handleHtnmsg htn. htn=7 localhtn=7
05:53:18.854 DBG Sending Htn. sn=11 view=0
05:53:18.854 DBG func handleCommit commit Tn. tn=7
05:53:18.854 DBG Sending COMMIT. senderID=4 sn=10 view=0
05:53:18.854 DBG func handleCommit commit Tn. tn=11
05:53:18.855 DBG Sending PREPARE. senderID=4 sn=8 view=0
05:53:18.856 DBG func sendPrepare prepare Tn. sn=8 tn=8
05:53:18.855 DBG func sendCommit commit Tn. sn=10 tn=10
05:53:18.855 DBG func handleHtnmsg htn. htn=11 localhtn=11
05:53:18.856 DBG func handleCommit commit Tn. tn=11
05:53:18.856 DBG Sending Htn. sn=10 view=0
05:53:18.856 DBG func handleHtnmsg htn. htn=11 localhtn=11
05:53:18.857 DBG func handleCommit commit Tn. tn=11
05:53:18.857 DBG func handleHtnmsg htn. htn=11 localhtn=11
05:53:18.857 DBG func handleCommit commit Tn. tn=11
05:53:18.855 INF Committed entry. latency=0 nReq=86 sn=7
05:53:18.857 DBG func handleCommit commit Tn. tn=9
05:53:18.857 INF Delivered batch. nReq=86 sn=7
05:53:18.857 DBG func handleHtnmsg htn. htn=9 localhtn=9
05:53:18.858 DBG Starting timer. sn=13 view=0
05:53:18.858 DBG func handleHtnmsg htn. htn=7 localhtn=7
05:53:18.858 INF Committed entry. latency=0 nReq=91 sn=11
05:53:18.858 DBG Starting timer. sn=17 view=0
05:53:18.858 DBG func handleCommit commit Tn. tn=7
05:53:18.858 DBG func handleCommit commit Tn. tn=10
05:53:18.858 DBG func handleHtnmsg htn. htn=11 localhtn=11
05:53:18.858 DBG func handleHtnmsg htn. htn=10 localhtn=10
05:53:18.858 DBG func handleHtnmsg htn. htn=7 localhtn=7
05:53:18.858 DBG func handleCommit commit Tn. tn=11
05:53:18.858 DBG func handleHtnmsg htn. htn=7 localhtn=7
05:53:18.859 DBG func handleHtnmsg htn. htn=11 localhtn=11
05:53:18.859 DBG Sending COMMIT. senderID=4 sn=9 view=0
05:53:18.859 DBG func handleHtnmsg htn. htn=7 localhtn=7
05:53:18.859 DBG func handleCommit commit Tn. tn=10
05:53:18.859 DBG func sendCommit commit Tn. sn=9 tn=9
05:53:18.859 DBG func handleHtnmsg htn. htn=10 localhtn=10
05:53:18.859 DBG func handleCommit commit Tn. tn=10
05:53:18.859 DBG Sending Htn. sn=9 view=0
05:53:18.859 DBG func handleHtnmsg htn. htn=10 localhtn=10
05:53:18.860 DBG func handleCommit commit Tn. tn=9
05:53:18.860 DBG func handleCommit commit Tn. tn=10
05:53:18.860 DBG func handleHtnmsg htn. htn=9 localhtn=9
05:53:18.860 INF Committed entry. latency=0 nReq=86 sn=10
05:53:18.860 DBG func handleCommit commit Tn. tn=6
05:53:18.860 DBG Starting timer. sn=16 view=0
05:53:18.861 DBG func handleHtnmsg htn. htn=10 localhtn=10
05:53:18.861 DBG func handleCommit commit Tn. tn=8
05:53:18.861 DBG func handleCommit commit Tn. tn=9
05:53:18.861 DBG func handleHtnmsg htn. htn=8 localhtn=8
05:53:18.861 DBG func handleHtnmsg htn. htn=9 localhtn=9
05:53:18.862 DBG func handleCommit commit Tn. tn=9
05:53:18.862 DBG Sending COMMIT. senderID=4 sn=8 view=0
05:53:18.862 DBG func sendCommit commit Tn. sn=8 tn=8
05:53:18.862 DBG Sending Htn. sn=8 view=0
05:53:18.862 INF Committed entry. latency=0 nReq=87 sn=9
05:53:18.863 DBG func handleHtnmsg htn. htn=6 localhtn=6
05:53:18.863 DBG Starting timer. sn=15 view=0
05:53:18.863 DBG func handleHtnmsg htn. htn=9 localhtn=9
05:53:18.863 DBG func handleCommit commit Tn. tn=9
05:53:18.864 DBG func handleCommit commit Tn. tn=8
05:53:18.864 DBG func handleCommit commit Tn. tn=10
05:53:18.864 DBG func handleHtnmsg htn. htn=10 localhtn=10
05:53:18.865 DBG func handleHtnmsg htn. htn=9 localhtn=9
05:53:18.865 DBG func handleCommit commit Tn. tn=8
05:53:18.865 DBG func handleHtnmsg htn. htn=8 localhtn=8
05:53:18.866 DBG func handleHtnmsg htn. htn=8 localhtn=8
05:53:18.867 DBG func handleCommit commit Tn. tn=8
05:53:18.867 INF Committed entry. latency=0 nReq=91 sn=8
05:53:18.867 INF Delivered batch. nReq=91 sn=8
05:53:18.867 INF Delivered batch. nReq=87 sn=9
05:53:18.867 INF Delivered batch. nReq=86 sn=10
05:53:18.868 INF Delivered batch. nReq=91 sn=11
05:53:18.868 DBG Starting timer. sn=14 view=0
05:53:18.868 DBG func handleHtnmsg htn. htn=8 localhtn=8
05:53:18.868 DBG func handleCommit commit Tn. tn=8
05:53:18.868 DBG func handleHtnmsg htn. htn=8 localhtn=8
05:53:19.856 INF Connection terminated. error="rpc error: code = Canceled desc = context canceled" address=127.0.0.1:45496
05:53:19.858 INF Finished sending bucket assignments to client. clId=0
05:53:20.276 INF Stopping profiler.
05:53:20.276 INF Stopping Tracer. events=144 fileName=experiment-output/0000/slave-006/peer.trc
==================
WARNING: DATA RACE
Read at 0x00c000920000 by goroutine 115:
  runtime.racereadrange()
      <autogenerated>:1 +0x1b
  github.com/hyperledger-labs/mirbft/tracing.(*BufferedTrace).StopOnSignal.func1()
      /opt/gopath/src/github.com/hyperledger-labs/mirbft/tracing/bufferedtrace.go:298 +0x4e

Previous write at 0x00c000920000 by goroutine 495:
  github.com/hyperledger-labs/mirbft/tracing.(*BufferedTrace).Event()
      /opt/gopath/src/github.com/hyperledger-labs/mirbft/tracing/bufferedtrace.go:105 +0x2d9
  github.com/hyperledger-labs/mirbft/manager.(*MirManager).handleLogEntries()
      /opt/gopath/src/github.com/hyperledger-labs/mirbft/manager/mirmanager.go:139 +0x1d8
  github.com/hyperledger-labs/mirbft/manager.(*MirManager).Start路dwrap路7()
      /opt/gopath/src/github.com/hyperledger-labs/mirbft/manager/mirmanager.go:101 +0x47

Goroutine 115 (running) created at:
  github.com/hyperledger-labs/mirbft/tracing.(*BufferedTrace).StopOnSignal()
      /opt/gopath/src/github.com/hyperledger-labs/mirbft/tracing/bufferedtrace.go:292 +0x172
  main.setUpTracing()
      /opt/gopath/src/github.com/hyperledger-labs/mirbft/cmd/orderingpeer/main.go:204 +0xf5
  main.main()
      /opt/gopath/src/github.com/hyperledger-labs/mirbft/cmd/orderingpeer/main.go:98 +0x9d6

Goroutine 495 (running) created at:
  github.com/hyperledger-labs/mirbft/manager.(*MirManager).Start()
      /opt/gopath/src/github.com/hyperledger-labs/mirbft/manager/mirmanager.go:101 +0x19e
  main.main路dwrap路4()
      /opt/gopath/src/github.com/hyperledger-labs/mirbft/cmd/orderingpeer/main.go:168 +0x59
==================
==================
WARNING: DATA RACE
Read at 0x00c000921658 by goroutine 115:
  runtime.racereadrange()
      <autogenerated>:1 +0x1b
  github.com/hyperledger-labs/mirbft/tracing.(*BufferedTrace).StopOnSignal.func1()
      /opt/gopath/src/github.com/hyperledger-labs/mirbft/tracing/bufferedtrace.go:298 +0x4e

Previous write at 0x00c000921658 by goroutine 114:
  github.com/hyperledger-labs/mirbft/tracing.(*BufferedTrace).Event()
      /opt/gopath/src/github.com/hyperledger-labs/mirbft/tracing/bufferedtrace.go:105 +0x2d9
  github.com/hyperledger-labs/mirbft/profiling.StartCPUTracing.func1()
      /opt/gopath/src/github.com/hyperledger-labs/mirbft/profiling/cpuusage.go:31 +0x95

Goroutine 115 (running) created at:
  github.com/hyperledger-labs/mirbft/tracing.(*BufferedTrace).StopOnSignal()
      /opt/gopath/src/github.com/hyperledger-labs/mirbft/tracing/bufferedtrace.go:292 +0x172
  main.setUpTracing()
      /opt/gopath/src/github.com/hyperledger-labs/mirbft/cmd/orderingpeer/main.go:204 +0xf5
  main.main()
      /opt/gopath/src/github.com/hyperledger-labs/mirbft/cmd/orderingpeer/main.go:98 +0x9d6

Goroutine 114 (running) created at:
  github.com/hyperledger-labs/mirbft/profiling.StartCPUTracing()
      /opt/gopath/src/github.com/hyperledger-labs/mirbft/profiling/cpuusage.go:28 +0xb6
  main.setUpTracing()
      /opt/gopath/src/github.com/hyperledger-labs/mirbft/cmd/orderingpeer/main.go:196 +0x85
  main.main()
      /opt/gopath/src/github.com/hyperledger-labs/mirbft/cmd/orderingpeer/main.go:98 +0x9d6
==================
05:53:20.279 INF Trace data written.
05:53:20.332 INF Profile data written. filename=experiment-output/0000/slave-006/prof.mutex name=mutex
05:53:20.533 INF Profile data written. filename=experiment-output/0000/slave-006/prof.cpu name=cpu
05:53:20.557 INF Connection terminated. error="rpc error: code = Canceled desc = context canceled" address=127.0.0.1:45184
05:53:20.557 INF Connection terminated. error="rpc error: code = Canceled desc = context canceled" address=127.0.0.1:45188
05:53:20.557 INF Connection terminated. error="rpc error: code = Canceled desc = context canceled" address=127.0.0.1:44994
05:53:20.557 INF Connection terminated. error="rpc error: code = Canceled desc = context canceled" address=127.0.0.1:45256
05:53:20.580 INF Connection terminated. error="rpc error: code = Canceled desc = context canceled" address=127.0.0.1:45254
05:53:20.580 INF Connection terminated. error="rpc error: code = Canceled desc = context canceled" address=127.0.0.1:45144
05:53:20.581 INF Connection terminated. error="rpc error: code = Canceled desc = context canceled" address=127.0.0.1:44978
05:53:20.581 INF Connection terminated. error="rpc error: code = Canceled desc = context canceled" address=127.0.0.1:45224
05:53:20.591 INF Profile data written. filename=experiment-output/0000/slave-006/prof.block name=block
