{"level":"debug","Logging":"debug","time":"2022-08-17T16:07:54+08:00","message":"Config"}
{"level":"debug","UseTLS":false,"time":"2022-08-17T16:07:54+08:00","message":"Config"}
{"level":"debug","CACertFile":"tls-data/ca.pem","time":"2022-08-17T16:07:54+08:00","message":"Config"}
{"level":"debug","KeyFile":"tls-data/auth.key","time":"2022-08-17T16:07:54+08:00","message":"Config"}
{"level":"debug","CertFile":"tls-data/auth.pem","time":"2022-08-17T16:07:54+08:00","message":"Config"}
{"level":"debug","PriorityConnections":2,"time":"2022-08-17T16:07:54+08:00","message":"Config"}
{"level":"debug","BasicConnections":2,"time":"2022-08-17T16:07:54+08:00","message":"Config"}
{"level":"debug","TestConnections":false,"time":"2022-08-17T16:07:54+08:00","message":"Config"}
{"level":"debug","ExcessConnections":1,"time":"2022-08-17T16:07:54+08:00","message":"Config"}
{"level":"debug","ConnectionTestMsgs":4,"time":"2022-08-17T16:07:54+08:00","message":"Config"}
{"level":"debug","ConnectionTestPayload":131072,"time":"2022-08-17T16:07:54+08:00","message":"Config"}
{"level":"debug","OutMessageBufsize":1024,"time":"2022-08-17T16:07:54+08:00","message":"Config"}
{"level":"debug","OutMessageBufsize":2,"time":"2022-08-17T16:07:54+08:00","message":"Config"}
{"level":"debug","ThroughputCap":131072000,"time":"2022-08-17T16:07:54+08:00","message":"Config"}
{"level":"debug","StragglerTolerance":1000,"time":"2022-08-17T16:07:54+08:00","message":"Config"}
{"level":"debug","BatchSizeIncrement":256,"time":"2022-08-17T16:07:54+08:00","message":"Config"}
{"level":"debug","Orderer":"Pbft","time":"2022-08-17T16:07:54+08:00","message":"Config"}
{"level":"debug","Manager":"Mir","time":"2022-08-17T16:07:54+08:00","message":"Config"}
{"level":"debug","Failures":1,"time":"2022-08-17T16:07:54+08:00","message":"Config"}
{"level":"debug","CrashTiming":"Straggler","time":"2022-08-17T16:07:54+08:00","message":"Config"}
{"level":"debug","CheckpointInterval":256,"time":"2022-08-17T16:07:54+08:00","message":"Config"}
{"level":"debug","WatermarkWindowSize":256,"time":"2022-08-17T16:07:54+08:00","message":"Config"}
{"level":"debug","EpochLength":256,"time":"2022-08-17T16:07:54+08:00","message":"Config"}
{"level":"debug","SegmentLength":32,"time":"2022-08-17T16:07:54+08:00","message":"Config"}
{"level":"debug","WaitForCheckpoints":true,"time":"2022-08-17T16:07:54+08:00","message":"Config"}
{"level":"debug","ClientWatermarkWindowSize":4194304,"time":"2022-08-17T16:07:54+08:00","message":"Config"}
{"level":"debug","ClientRequestBacklogSize":4194304,"time":"2022-08-17T16:07:54+08:00","message":"Config"}
{"level":"debug","RandomSeed":26817,"time":"2022-08-17T16:07:54+08:00","message":"Config"}
{"level":"debug","NodeToLeaderRatio":1,"time":"2022-08-17T16:07:54+08:00","message":"Config"}
{"level":"debug","LeaderPolicy":"SimulatedRandomFailures","time":"2022-08-17T16:07:54+08:00","message":"Config"}
{"level":"debug","DefaultLeaderBan":2,"time":"2022-08-17T16:07:54+08:00","message":"Config"}
{"level":"debug","NumBuckets":128,"time":"2022-08-17T16:07:54+08:00","message":"Config"}
{"level":"debug","BatchSize":1000,"time":"2022-08-17T16:07:54+08:00","message":"Config"}
{"level":"debug","DisabledViewChange":false,"time":"2022-08-17T16:07:54+08:00","message":"Config"}
{"level":"debug","ViewChangeTimeout":60000,"time":"2022-08-17T16:07:54+08:00","message":"Config"}
{"level":"debug","ClientTraceSampling":10,"time":"2022-08-17T16:07:54+08:00","message":"Config"}
{"level":"debug","EventBufferSize":2097152,"time":"2022-08-17T16:07:54+08:00","message":"Config"}
{"level":"debug","TraceSampling":1,"time":"2022-08-17T16:07:54+08:00","message":"Config"}
{"level":"debug","ClientsPerProcess":1,"time":"2022-08-17T16:07:54+08:00","message":"Config"}
{"level":"debug","RequestsPerClient":15360,"time":"2022-08-17T16:07:54+08:00","message":"Config"}
{"level":"debug","ClientRunTime":30000,"time":"2022-08-17T16:07:54+08:00","message":"Config"}
{"level":"debug","RequestRate":256,"time":"2022-08-17T16:07:54+08:00","message":"Config"}
{"level":"debug","HardRequestRateLimit":false,"time":"2022-08-17T16:07:54+08:00","message":"Config"}
{"level":"debug","RequestPayloadSize":500,"time":"2022-08-17T16:07:54+08:00","message":"Config"}
{"level":"debug","SignRequests":true,"time":"2022-08-17T16:07:54+08:00","message":"Config"}
{"level":"debug","ClientPrivKeyFile":"tls-data/client-ecdsa-256.key","time":"2022-08-17T16:07:54+08:00","message":"Config"}
{"level":"debug","ClientPubKeyFile":"tls-data/client-ecdsa-256.pem","time":"2022-08-17T16:07:54+08:00","message":"Config"}
{"level":"debug","PrecomputeRequests":false,"time":"2022-08-17T16:07:54+08:00","message":"Config"}
{"level":"debug","RequestHandlerThreads":32,"time":"2022-08-17T16:07:54+08:00","message":"Config"}
{"level":"debug","RequestInputChannelBuffer":8192,"time":"2022-08-17T16:07:54+08:00","message":"Config"}
{"level":"debug","BatchVerifier":"external","time":"2022-08-17T16:07:54+08:00","message":"Config"}
08:07:54.309 INF Registered with discovery server. numPeers=8 ownID=6
08:07:54.310 INF Profiling enabled.
08:07:54.310 INF Setting up profiling.
08:07:54.310 INF Started Profiler: CPU
08:07:54.310 INF Started Profiler: BLOCK
08:07:54.310 INF Started Profiler: MUTEX
08:07:54.310 INF Profiler will stop on signal. exit=true
08:07:54.313 INF Tracing will stop on signal. exit=false
08:07:54.314 INF Started tracing. traceFile=experiment-output/0000/slave-007/peer.trc
08:07:54.314 DBG Starting backlog.
08:07:54.314 INF Listening for connections. port=10066 useTLS=false
08:07:54.315 INF Connecting to peer. addr=127.0.0.1:10066 basicConns=2 priorityConns=2
08:07:54.315 INF Connecting to peer. addr=127.0.0.1:10077 basicConns=2 priorityConns=2
08:07:54.315 INF Connecting to peer. addr=127.0.0.1:10000 basicConns=2 priorityConns=2
08:07:54.315 INF Connecting to peer. addr=127.0.0.1:10022 basicConns=2 priorityConns=2
08:07:54.315 INF Connecting to peer. addr=127.0.0.1:10011 basicConns=2 priorityConns=2
08:07:54.315 INF Connecting to peer. addr=127.0.0.1:10033 basicConns=2 priorityConns=2
08:07:54.318 INF Connecting to peer. addr=127.0.0.1:10044 basicConns=2 priorityConns=2
08:07:54.319 INF Connecting to peer. addr=127.0.0.1:10055 basicConns=2 priorityConns=2
08:07:54.362 INF Incoming connection for protocol messages. addr=127.0.0.1:42102
08:07:54.371 INF Incoming connection for protocol messages. addr=127.0.0.1:42104
08:07:54.378 INF Incoming connection for protocol messages. addr=127.0.0.1:42184
08:07:54.379 INF Incoming connection for protocol messages. addr=127.0.0.1:42210
08:07:54.381 INF Incoming connection for protocol messages. addr=127.0.0.1:42196
08:07:54.384 INF Incoming connection for protocol messages. addr=127.0.0.1:42216
08:07:54.386 INF Incoming connection for protocol messages. addr=127.0.0.1:42240
08:07:54.386 INF Incoming connection for protocol messages. addr=127.0.0.1:42202
08:07:54.387 DBG Connected. peerID=2
08:07:54.388 INF Incoming connection for protocol messages. addr=127.0.0.1:42326
08:07:54.389 INF Incoming connection for protocol messages. addr=127.0.0.1:42366
08:07:54.390 INF Incoming connection for protocol messages. addr=127.0.0.1:42348
08:07:54.397 INF Incoming connection for protocol messages. addr=127.0.0.1:42282
08:07:54.402 INF Incoming connection for protocol messages. addr=127.0.0.1:42506
08:07:54.407 INF Incoming connection for protocol messages. addr=127.0.0.1:42480
08:07:54.408 INF Incoming connection for protocol messages. addr=127.0.0.1:42472
08:07:54.408 INF Incoming connection for protocol messages. addr=127.0.0.1:42296
08:07:54.408 INF Incoming connection for protocol messages. addr=127.0.0.1:42370
08:07:54.408 INF Incoming connection for protocol messages. addr=127.0.0.1:42466
08:07:54.409 INF Incoming connection for protocol messages. addr=127.0.0.1:42450
08:07:54.409 INF Incoming connection for protocol messages. addr=127.0.0.1:42468
08:07:54.408 INF Incoming connection for protocol messages. addr=127.0.0.1:42130
08:07:54.409 INF Incoming connection for protocol messages. addr=127.0.0.1:42408
08:07:54.409 INF Incoming connection for protocol messages. addr=127.0.0.1:42264
08:07:54.410 DBG Connected. peerID=1
08:07:54.410 INF Incoming connection for protocol messages. addr=127.0.0.1:42492
08:07:54.410 INF Incoming connection for protocol messages. addr=127.0.0.1:42384
08:07:54.410 INF Incoming connection for protocol messages. addr=127.0.0.1:42458
08:07:54.411 INF Incoming connection for protocol messages. addr=127.0.0.1:42362
08:07:54.411 INF Incoming connection for protocol messages. addr=127.0.0.1:42156
08:07:54.411 DBG Connected. peerID=6
08:07:54.412 DBG Connected. peerID=7
08:07:54.412 INF Incoming connection for protocol messages. addr=127.0.0.1:42330
08:07:54.412 DBG Connected. peerID=0
08:07:54.413 INF Incoming connection for protocol messages. addr=127.0.0.1:42194
08:07:54.415 DBG Connected. peerID=4
08:07:54.416 DBG Connected. peerID=5
08:07:54.418 INF Incoming connection for protocol messages. addr=127.0.0.1:42120
08:07:54.420 INF Incoming connection for protocol messages. addr=127.0.0.1:42574
08:07:54.422 DBG Connected. peerID=3
08:07:54.422 INF Connected to all peers.
08:07:54.434 INF All peers finished connecting. Starting ISS.
08:07:54.435 DBG Buckets for 0-th leader 0: [0 8 16 24 32 40 48 56 64 72 80 88 96 104 112 120 35 91]
08:07:54.435 DBG Buckets for 1-th leader 1: [1 9 17 25 33 41 49 57 65 73 81 89 97 105 113 121 43 99]
08:07:54.435 DBG Buckets for 2-th leader 2: [2 10 18 26 34 42 50 58 66 74 82 90 98 106 114 122 51 107]
08:07:54.435 DBG Buckets for 3-th leader 4: [4 12 20 28 36 44 52 60 68 76 84 92 100 108 116 124 3 59 115]
08:07:54.435 DBG Buckets for 4-th leader 5: [5 13 21 29 37 45 53 61 69 77 85 93 101 109 117 125 11 67 123]
08:07:54.436 DBG Buckets for 5-th leader 6: [6 14 22 30 38 46 54 62 70 78 86 94 102 110 118 126 19 75]
08:07:54.436 DBG Buckets for 6-th leader 7: [7 15 23 31 39 47 55 63 71 79 87 95 103 111 119 127 27 83]
08:07:54.436 INF PbftOrderer received a new segment: [0 7 14 21 28 35 42 49 56 63 70 77 84 91 98 105 112 119 126 133 140 147 154 161 168 175 182 189 196 203 210 217] first leader=0 firstSN=0 lastSN=217 len=32 length=32 segId=0
08:07:54.436 INF Starting new view. segID=0 timeout=60000 view=0
08:07:54.437 DBG Starting timer. sn=0 view=0
08:07:54.437 INF Starting PBFT instance. first=0 last=217 segID=0
08:07:54.437 DBG Subscribing to backlog. segID=0
08:07:54.437 INF Starting serialized message processing. segID=0
08:07:54.437 INF PbftOrderer received a new segment: [1 8 15 22 29 36 43 50 57 64 71 78 85 92 99 106 113 120 127 134 141 148 155 162 169 176 183 190 197 204 211 218] first leader=1 firstSN=1 lastSN=218 len=32 length=32 segId=1
08:07:54.437 INF Starting new view. segID=1 timeout=60000 view=0
08:07:54.438 DBG Starting timer. sn=1 view=0
08:07:54.438 INF Starting PBFT instance. first=1 last=218 segID=1
08:07:54.438 DBG Subscribing to backlog. segID=1
08:07:54.438 INF Starting serialized message processing. segID=1
08:07:54.438 INF PbftOrderer received a new segment: [2 9 16 23 30 37 44 51 58 65 72 79 86 93 100 107 114 121 128 135 142 149 156 163 170 177 184 191 198 205 212 219] first leader=2 firstSN=2 lastSN=219 len=32 length=32 segId=2
08:07:54.438 INF Starting new view. segID=2 timeout=60000 view=0
08:07:54.439 DBG Starting timer. sn=2 view=0
08:07:54.439 INF Starting PBFT instance. first=2 last=219 segID=2
08:07:54.439 DBG Subscribing to backlog. segID=2
08:07:54.439 INF Starting serialized message processing. segID=2
08:07:54.439 INF PbftOrderer received a new segment: [3 10 17 24 31 38 45 52 59 66 73 80 87 94 101 108 115 122 129 136 143 150 157 164 171 178 185 192 199 206 213 220] first leader=4 firstSN=3 lastSN=220 len=32 length=32 segId=3
08:07:54.439 INF Starting new view. segID=3 timeout=60000 view=0
08:07:54.440 DBG Starting timer. sn=3 view=0
08:07:54.440 INF Starting PBFT instance. first=3 last=220 segID=3
08:07:54.440 DBG Subscribing to backlog. segID=3
08:07:54.440 INF Starting serialized message processing. segID=3
08:07:54.440 INF PbftOrderer received a new segment: [4 11 18 25 32 39 46 53 60 67 74 81 88 95 102 109 116 123 130 137 144 151 158 165 172 179 186 193 200 207 214 221] first leader=5 firstSN=4 lastSN=221 len=32 length=32 segId=4
08:07:54.440 INF Starting new view. segID=4 timeout=60000 view=0
08:07:54.440 DBG Starting timer. sn=4 view=0
08:07:54.441 INF Starting PBFT instance. first=4 last=221 segID=4
08:07:54.441 DBG Subscribing to backlog. segID=4
08:07:54.441 INF Starting serialized message processing. segID=4
08:07:54.441 INF PbftOrderer received a new segment: [5 12 19 26 33 40 47 54 61 68 75 82 89 96 103 110 117 124 131 138 145 152 159 166 173 180 187 194 201 208 215 222] first leader=6 firstSN=5 lastSN=222 len=32 length=32 segId=5
08:07:54.441 INF Starting new view. segID=5 timeout=60000 view=0
08:07:54.441 DBG Starting timer. sn=5 view=0
08:07:54.442 INF Starting PBFT instance. first=5 last=222 segID=5
08:07:54.442 DBG Subscribing to backlog. segID=5
08:07:54.442 DBG Leading segment. segID=5
08:07:54.442 INF Starting serialized message processing. segID=5
08:07:54.442 DBG Waiting for batch. batchSize=4096
08:07:54.442 INF PbftOrderer received a new segment: [6 13 20 27 34 41 48 55 62 69 76 83 90 97 104 111 118 125 132 139 146 153 160 167 174 181 188 195 202 209 216 223] first leader=7 firstSN=6 lastSN=223 len=32 length=32 segId=6
08:07:54.442 INF Starting new view. segID=6 timeout=60000 view=0
08:07:54.443 DBG Starting timer. sn=6 view=0
08:07:54.443 INF Starting PBFT instance. first=6 last=223 segID=6
08:07:54.443 DBG Subscribing to backlog. segID=6
08:07:54.443 INF Starting serialized message processing. segID=6
08:07:54.464 INF Connection terminated. error="rpc error: code = Canceled desc = context canceled" address=127.0.0.1:42120
08:07:54.464 INF Connection terminated. error="rpc error: code = Canceled desc = context canceled" address=127.0.0.1:42194
08:07:54.464 INF Connection terminated. error="rpc error: code = Canceled desc = context canceled" address=127.0.0.1:42130
08:07:54.464 INF Connection terminated. error="rpc error: code = Canceled desc = context canceled" address=127.0.0.1:42102
08:07:56.474 INF Incoming connection for requests. addr=127.0.0.1:42610
08:08:24.443 DBG Batch ready. batchSize=4096
08:08:24.445 DBG Batch cut. left=0 nBuckets=18 nReq=1006 next=0
08:08:24.446 DBG Waiting for batch. batchSize=4096
08:08:24.500 INF Sending PREPREPARE. nReq=1006 senderID=6 sn=5 view=0
08:08:24.603 ERR Failed to send protocol message. Dropping all future outgoing protocol messages. error=EOF
08:08:24.636 INF Handling PREPREPARE. nReq=1061 senderID=5 sn=4
08:08:24.636 DBG Creating new Batch. nReq=1061
08:08:24.636 INF Handling PREPREPARE. nReq=1006 senderID=1 sn=1
08:08:24.636 DBG Creating new Batch. nReq=1006
08:08:24.645 INF Handling PREPREPARE. nReq=1006 senderID=7 sn=6
08:08:24.646 DBG Creating new Batch. nReq=1006
08:08:24.651 INF Handling PREPREPARE. nReq=1006 senderID=2 sn=2
08:08:24.651 DBG Creating new Batch. nReq=1006
08:08:24.674 INF Handling PREPREPARE. nReq=1007 senderID=0 sn=0
08:08:24.675 DBG Creating new Batch. nReq=1007
08:08:24.900 INF Handling PREPREPARE. nReq=1061 senderID=4 sn=3
08:08:24.900 DBG Creating new Batch. nReq=1061
08:08:25.150 DBG Sending PREPARE. senderID=6 sn=6 view=0
08:08:25.212 DBG Sending PREPARE. senderID=6 sn=1 view=0
08:08:25.231 DBG Sending COMMIT. senderID=6 sn=1 view=0
08:08:25.238 INF Committed entry. latency=0 nReq=1006 sn=1
08:08:25.238 DBG Starting timer. sn=8 view=0
08:08:25.248 DBG Sending PREPARE. senderID=6 sn=0 view=0
08:08:25.248 DBG Sending PREPARE. senderID=6 sn=4 view=0
08:08:25.248 DBG Sending COMMIT. senderID=6 sn=0 view=0
08:08:25.248 DBG Sending COMMIT. senderID=6 sn=4 view=0
08:08:25.249 DBG Sending COMMIT. senderID=6 sn=5 view=0
08:08:25.250 DBG Sending COMMIT. senderID=6 sn=6 view=0
08:08:25.255 INF Committed entry. latency=0 nReq=1007 sn=0
08:08:25.255 INF Delivered batch. nReq=1007 sn=0
08:08:25.255 INF Delivered batch. nReq=1006 sn=1
08:08:25.255 INF Committed entry. latency=0 nReq=1006 sn=5
08:08:25.255 DBG Starting timer. sn=7 view=0
08:08:25.255 DBG Starting timer. sn=12 view=0
08:08:25.258 INF Committed entry. latency=0 nReq=1006 sn=6
08:08:25.258 INF Committed entry. latency=0 nReq=1061 sn=4
08:08:25.258 DBG Starting timer. sn=13 view=0
08:08:25.258 DBG Starting timer. sn=11 view=0
08:08:25.260 DBG Sending PREPARE. senderID=6 sn=2 view=0
08:08:25.261 DBG Sending COMMIT. senderID=6 sn=2 view=0
08:08:25.262 INF Committed entry. latency=0 nReq=1006 sn=2
08:08:25.262 INF Delivered batch. nReq=1006 sn=2
08:08:25.263 DBG Starting timer. sn=9 view=0
08:08:25.268 DBG Sending PREPARE. senderID=6 sn=3 view=0
08:08:25.269 DBG Sending COMMIT. senderID=6 sn=3 view=0
08:08:25.278 INF Committed entry. latency=0 nReq=1061 sn=3
08:08:25.278 INF Delivered batch. nReq=1061 sn=3
08:08:25.279 INF Delivered batch. nReq=1061 sn=4
08:08:25.279 INF Delivered batch. nReq=1006 sn=5
08:08:25.279 INF Delivered batch. nReq=1006 sn=6
08:08:25.279 DBG Starting timer. sn=10 view=0
08:08:54.447 DBG Batch ready. batchSize=4096
08:08:54.448 DBG Batch cut. left=0 nBuckets=18 nReq=74 next=0
08:08:54.449 DBG Waiting for batch. batchSize=4096
08:08:54.451 INF Sending PREPREPARE. nReq=74 senderID=6 sn=12 view=0
08:08:54.460 INF Handling PREPREPARE. nReq=74 senderID=7 sn=13
08:08:54.460 DBG Creating new Batch. nReq=74
08:08:54.460 INF Handling PREPREPARE. nReq=79 senderID=5 sn=11
08:08:54.461 DBG Creating new Batch. nReq=79
08:08:54.483 INF Handling PREPREPARE. nReq=75 senderID=1 sn=8
08:08:54.483 DBG Creating new Batch. nReq=75
08:08:54.483 INF Handling PREPREPARE. nReq=79 senderID=4 sn=10
08:08:54.484 DBG Creating new Batch. nReq=79
08:08:54.486 INF Handling PREPREPARE. nReq=74 senderID=2 sn=9
08:08:54.486 DBG Creating new Batch. nReq=74
08:08:54.507 DBG Sending COMMIT. senderID=6 sn=12 view=0
08:08:54.507 DBG Sending PREPARE. senderID=6 sn=10 view=0
08:08:54.507 DBG Sending COMMIT. senderID=6 sn=10 view=0
08:08:54.508 DBG Sending PREPARE. senderID=6 sn=9 view=0
08:08:54.508 DBG Sending COMMIT. senderID=6 sn=9 view=0
08:08:54.509 INF Committed entry. latency=0 nReq=79 sn=10
08:08:54.509 INF Committed entry. latency=0 nReq=74 sn=12
08:08:54.509 DBG Starting timer. sn=17 view=0
08:08:54.510 DBG Starting timer. sn=19 view=0
08:08:54.509 INF Committed entry. latency=0 nReq=74 sn=9
08:08:54.510 DBG Sending PREPARE. senderID=6 sn=13 view=0
08:08:54.510 DBG Starting timer. sn=16 view=0
08:08:54.510 DBG Sending COMMIT. senderID=6 sn=13 view=0
08:08:54.511 INF Committed entry. latency=0 nReq=74 sn=13
08:08:54.511 DBG Starting timer. sn=20 view=0
08:08:54.514 DBG Sending PREPARE. senderID=6 sn=8 view=0
08:08:54.514 DBG Sending PREPARE. senderID=6 sn=11 view=0
08:08:54.514 DBG Sending COMMIT. senderID=6 sn=8 view=0
08:08:54.514 DBG Sending COMMIT. senderID=6 sn=11 view=0
08:08:54.514 INF Committed entry. latency=0 nReq=75 sn=8
08:08:54.515 DBG Starting timer. sn=15 view=0
08:08:54.515 INF Committed entry. latency=0 nReq=79 sn=11
08:08:54.515 DBG Starting timer. sn=18 view=0
08:08:54.518 INF Handling PREPREPARE. nReq=74 senderID=0 sn=7
08:08:54.518 DBG Creating new Batch. nReq=74
08:08:54.526 DBG Sending PREPARE. senderID=6 sn=7 view=0
08:08:54.530 DBG Sending COMMIT. senderID=6 sn=7 view=0
08:08:54.532 INF Committed entry. latency=0 nReq=74 sn=7
08:08:54.532 INF Delivered batch. nReq=74 sn=7
08:08:54.533 INF Delivered batch. nReq=75 sn=8
08:08:54.533 INF Delivered batch. nReq=74 sn=9
08:08:54.533 INF Delivered batch. nReq=79 sn=10
08:08:54.533 INF Delivered batch. nReq=79 sn=11
08:08:54.533 INF Delivered batch. nReq=74 sn=12
08:08:54.533 INF Delivered batch. nReq=74 sn=13
08:08:54.534 DBG Starting timer. sn=14 view=0
08:08:55.511 INF Connection terminated. error="rpc error: code = Canceled desc = context canceled" address=127.0.0.1:42610
08:08:55.512 INF Finished sending bucket assignments to client. clId=0
08:08:55.902 INF Stopping profiler.
08:08:55.902 INF Stopping Tracer. events=146 fileName=experiment-output/0000/slave-007/peer.trc
==================
WARNING: DATA RACE
Read at 0x00c000aa0000 by goroutine 115:
  runtime.racereadrange()
      <autogenerated>:1 +0x1b
  github.com/hyperledger-labs/mirbft/tracing.(*BufferedTrace).StopOnSignal.func1()
      /opt/gopath/src/github.com/hyperledger-labs/mirbft/tracing/bufferedtrace.go:298 +0x4e

Previous write at 0x00c000aa0000 by goroutine 495:
  github.com/hyperledger-labs/mirbft/tracing.(*BufferedTrace).Event()
      /opt/gopath/src/github.com/hyperledger-labs/mirbft/tracing/bufferedtrace.go:105 +0x2d9
  github.com/hyperledger-labs/mirbft/manager.(*MirManager).handleLogEntries()
      /opt/gopath/src/github.com/hyperledger-labs/mirbft/manager/mirmanager.go:139 +0x1d8
  github.com/hyperledger-labs/mirbft/manager.(*MirManager).Start路dwrap路7()
      /opt/gopath/src/github.com/hyperledger-labs/mirbft/manager/mirmanager.go:101 +0x47

Goroutine 115 (running) created at:
  github.com/hyperledger-labs/mirbft/tracing.(*BufferedTrace).StopOnSignal()
      /opt/gopath/src/github.com/hyperledger-labs/mirbft/tracing/bufferedtrace.go:292 +0x172
  main.setUpTracing()
      /opt/gopath/src/github.com/hyperledger-labs/mirbft/cmd/orderingpeer/main.go:204 +0xf5
  main.main()
      /opt/gopath/src/github.com/hyperledger-labs/mirbft/cmd/orderingpeer/main.go:98 +0x9d6

Goroutine 495 (running) created at:
  github.com/hyperledger-labs/mirbft/manager.(*MirManager).Start()
      /opt/gopath/src/github.com/hyperledger-labs/mirbft/manager/mirmanager.go:101 +0x19e
  main.main路dwrap路4()
      /opt/gopath/src/github.com/hyperledger-labs/mirbft/cmd/orderingpeer/main.go:168 +0x59
==================
==================
WARNING: DATA RACE
Read at 0x00c000aa16a8 by goroutine 115:
  runtime.racereadrange()
      <autogenerated>:1 +0x1b
  github.com/hyperledger-labs/mirbft/tracing.(*BufferedTrace).StopOnSignal.func1()
      /opt/gopath/src/github.com/hyperledger-labs/mirbft/tracing/bufferedtrace.go:298 +0x4e

Previous write at 0x00c000aa16a8 by goroutine 114:
  github.com/hyperledger-labs/mirbft/tracing.(*BufferedTrace).Event()
      /opt/gopath/src/github.com/hyperledger-labs/mirbft/tracing/bufferedtrace.go:105 +0x2d9
  github.com/hyperledger-labs/mirbft/profiling.StartCPUTracing.func1()
      /opt/gopath/src/github.com/hyperledger-labs/mirbft/profiling/cpuusage.go:31 +0x95

Goroutine 115 (running) created at:
  github.com/hyperledger-labs/mirbft/tracing.(*BufferedTrace).StopOnSignal()
      /opt/gopath/src/github.com/hyperledger-labs/mirbft/tracing/bufferedtrace.go:292 +0x172
  main.setUpTracing()
      /opt/gopath/src/github.com/hyperledger-labs/mirbft/cmd/orderingpeer/main.go:204 +0xf5
  main.main()
      /opt/gopath/src/github.com/hyperledger-labs/mirbft/cmd/orderingpeer/main.go:98 +0x9d6

Goroutine 114 (running) created at:
  github.com/hyperledger-labs/mirbft/profiling.StartCPUTracing()
      /opt/gopath/src/github.com/hyperledger-labs/mirbft/profiling/cpuusage.go:28 +0xb6
  main.setUpTracing()
      /opt/gopath/src/github.com/hyperledger-labs/mirbft/cmd/orderingpeer/main.go:196 +0x85
  main.main()
      /opt/gopath/src/github.com/hyperledger-labs/mirbft/cmd/orderingpeer/main.go:98 +0x9d6
==================
08:08:55.904 INF Trace data written.
08:08:55.962 INF Profile data written. filename=experiment-output/0000/slave-007/prof.block name=block
08:08:55.990 INF Profile data written. filename=experiment-output/0000/slave-007/prof.mutex name=mutex
08:08:56.081 INF Connection terminated. error="rpc error: code = Canceled desc = context canceled" address=127.0.0.1:42408
08:08:56.081 INF Connection terminated. error="rpc error: code = Canceled desc = context canceled" address=127.0.0.1:42492
08:08:56.082 INF Connection terminated. error="rpc error: code = Canceled desc = context canceled" address=127.0.0.1:42184
08:08:56.082 INF Connection terminated. error="rpc error: code = Canceled desc = context canceled" address=127.0.0.1:42348
08:08:56.145 INF Profile data written. filename=experiment-output/0000/slave-007/prof.cpu name=cpu
