{"level":"debug","Logging":"debug","time":"2022-11-01T10:56:19+08:00","message":"Config"}
{"level":"debug","UseTLS":false,"time":"2022-11-01T10:56:19+08:00","message":"Config"}
{"level":"debug","CACertFile":"tls-data/ca.pem","time":"2022-11-01T10:56:19+08:00","message":"Config"}
{"level":"debug","KeyFile":"tls-data/auth.key","time":"2022-11-01T10:56:19+08:00","message":"Config"}
{"level":"debug","CertFile":"tls-data/auth.pem","time":"2022-11-01T10:56:19+08:00","message":"Config"}
{"level":"debug","PriorityConnections":2,"time":"2022-11-01T10:56:19+08:00","message":"Config"}
{"level":"debug","BasicConnections":4,"time":"2022-11-01T10:56:19+08:00","message":"Config"}
{"level":"debug","TestConnections":false,"time":"2022-11-01T10:56:19+08:00","message":"Config"}
{"level":"debug","ExcessConnections":1,"time":"2022-11-01T10:56:19+08:00","message":"Config"}
{"level":"debug","ConnectionTestMsgs":4,"time":"2022-11-01T10:56:19+08:00","message":"Config"}
{"level":"debug","ConnectionTestPayload":131072,"time":"2022-11-01T10:56:19+08:00","message":"Config"}
{"level":"debug","OutMessageBufsize":1024,"time":"2022-11-01T10:56:19+08:00","message":"Config"}
{"level":"debug","OutMessageBufsize":1,"time":"2022-11-01T10:56:19+08:00","message":"Config"}
{"level":"debug","ThroughputCap":131072000,"time":"2022-11-01T10:56:19+08:00","message":"Config"}
{"level":"debug","StragglerTolerance":1000,"time":"2022-11-01T10:56:19+08:00","message":"Config"}
{"level":"debug","BatchSizeIncrement":256,"time":"2022-11-01T10:56:19+08:00","message":"Config"}
{"level":"debug","Orderer":"Pbft","time":"2022-11-01T10:56:19+08:00","message":"Config"}
{"level":"debug","Manager":"Mir","time":"2022-11-01T10:56:19+08:00","message":"Config"}
{"level":"debug","Failures":1,"time":"2022-11-01T10:56:19+08:00","message":"Config"}
{"level":"debug","CrashTiming":"EpochStart","time":"2022-11-01T10:56:19+08:00","message":"Config"}
{"level":"debug","CheckpointInterval":256,"time":"2022-11-01T10:56:19+08:00","message":"Config"}
{"level":"debug","WatermarkWindowSize":256,"time":"2022-11-01T10:56:19+08:00","message":"Config"}
{"level":"debug","EpochLength":256,"time":"2022-11-01T10:56:19+08:00","message":"Config"}
{"level":"debug","SegmentLength":64,"time":"2022-11-01T10:56:19+08:00","message":"Config"}
{"level":"debug","WaitForCheckpoints":true,"time":"2022-11-01T10:56:19+08:00","message":"Config"}
{"level":"debug","ClientWatermarkWindowSize":4194304,"time":"2022-11-01T10:56:19+08:00","message":"Config"}
{"level":"debug","ClientRequestBacklogSize":4194304,"time":"2022-11-01T10:56:19+08:00","message":"Config"}
{"level":"debug","RandomSeed":27470,"time":"2022-11-01T10:56:19+08:00","message":"Config"}
{"level":"debug","NodeToLeaderRatio":1,"time":"2022-11-01T10:56:19+08:00","message":"Config"}
{"level":"debug","LeaderPolicy":"SimulatedRandomFailures","time":"2022-11-01T10:56:19+08:00","message":"Config"}
{"level":"debug","DefaultLeaderBan":2,"time":"2022-11-01T10:56:19+08:00","message":"Config"}
{"level":"debug","NumBuckets":64,"time":"2022-11-01T10:56:19+08:00","message":"Config"}
{"level":"debug","BatchSize":1000,"time":"2022-11-01T10:56:19+08:00","message":"Config"}
{"level":"debug","DisabledViewChange":false,"time":"2022-11-01T10:56:19+08:00","message":"Config"}
{"level":"debug","ViewChangeTimeout":60000,"time":"2022-11-01T10:56:19+08:00","message":"Config"}
{"level":"debug","ClientTraceSampling":10,"time":"2022-11-01T10:56:19+08:00","message":"Config"}
{"level":"debug","EventBufferSize":2097152,"time":"2022-11-01T10:56:19+08:00","message":"Config"}
{"level":"debug","TraceSampling":1,"time":"2022-11-01T10:56:19+08:00","message":"Config"}
{"level":"debug","ClientsPerProcess":1,"time":"2022-11-01T10:56:19+08:00","message":"Config"}
{"level":"debug","RequestsPerClient":15360,"time":"2022-11-01T10:56:19+08:00","message":"Config"}
{"level":"debug","ClientRunTime":30000,"time":"2022-11-01T10:56:19+08:00","message":"Config"}
{"level":"debug","RequestRate":256,"time":"2022-11-01T10:56:19+08:00","message":"Config"}
{"level":"debug","HardRequestRateLimit":false,"time":"2022-11-01T10:56:19+08:00","message":"Config"}
{"level":"debug","RequestPayloadSize":500,"time":"2022-11-01T10:56:19+08:00","message":"Config"}
{"level":"debug","SignRequests":true,"time":"2022-11-01T10:56:19+08:00","message":"Config"}
{"level":"debug","ClientPrivKeyFile":"tls-data/client-ecdsa-256.key","time":"2022-11-01T10:56:19+08:00","message":"Config"}
{"level":"debug","ClientPubKeyFile":"tls-data/client-ecdsa-256.pem","time":"2022-11-01T10:56:19+08:00","message":"Config"}
{"level":"debug","PrecomputeRequests":false,"time":"2022-11-01T10:56:19+08:00","message":"Config"}
{"level":"debug","RequestHandlerThreads":32,"time":"2022-11-01T10:56:19+08:00","message":"Config"}
{"level":"debug","RequestInputChannelBuffer":8192,"time":"2022-11-01T10:56:19+08:00","message":"Config"}
{"level":"debug","BatchVerifier":"external","time":"2022-11-01T10:56:19+08:00","message":"Config"}
02:56:19.824 INF Registered with discovery server. numPeers=4 ownID=1
02:56:19.825 INF Profiling enabled.
02:56:19.825 INF Setting up profiling.
02:56:19.825 INF Started Profiler: CPU
02:56:19.825 INF Started Profiler: BLOCK
02:56:19.825 INF Started Profiler: MUTEX
02:56:19.825 INF Profiler will stop on signal. exit=true
02:56:19.827 INF Tracing will stop on signal. exit=false
02:56:19.827 INF Started tracing. traceFile=experiment-output/0000/slave-004/peer.trc
02:56:19.828 DBG Starting backlog.
02:56:19.829 INF Listening for connections. port=10011 useTLS=false
02:56:19.829 INF Connecting to peer. addr=127.0.0.1:10011 basicConns=4 priorityConns=2
02:56:19.829 INF Connecting to peer. addr=127.0.0.1:10022 basicConns=4 priorityConns=2
02:56:19.829 INF Connecting to peer. addr=127.0.0.1:10033 basicConns=4 priorityConns=2
02:56:19.829 INF Connecting to peer. addr=127.0.0.1:10000 basicConns=4 priorityConns=2
02:56:19.852 INF Incoming connection for protocol messages. addr=127.0.0.1:45856
02:56:19.852 INF Incoming connection for protocol messages. addr=127.0.0.1:45858
02:56:19.858 INF Incoming connection for protocol messages. addr=127.0.0.1:45864
02:56:19.859 INF Incoming connection for protocol messages. addr=127.0.0.1:45880
02:56:19.859 INF Incoming connection for protocol messages. addr=127.0.0.1:45872
02:56:19.860 INF Incoming connection for protocol messages. addr=127.0.0.1:45876
02:56:19.860 INF Incoming connection for protocol messages. addr=127.0.0.1:45886
02:56:19.861 INF Incoming connection for protocol messages. addr=127.0.0.1:45860
02:56:19.862 INF Incoming connection for protocol messages. addr=127.0.0.1:45916
02:56:19.862 INF Incoming connection for protocol messages. addr=127.0.0.1:45912
02:56:19.862 INF Incoming connection for protocol messages. addr=127.0.0.1:45890
02:56:19.862 INF Incoming connection for protocol messages. addr=127.0.0.1:45908
02:56:19.862 DBG Connected. peerID=0
02:56:19.863 INF Incoming connection for protocol messages. addr=127.0.0.1:45922
02:56:19.863 INF Incoming connection for protocol messages. addr=127.0.0.1:45948
02:56:19.868 INF Incoming connection for protocol messages. addr=127.0.0.1:45956
02:56:19.871 INF Incoming connection for protocol messages. addr=127.0.0.1:45998
02:56:19.872 DBG Connected. peerID=2
02:56:19.872 INF Incoming connection for protocol messages. addr=127.0.0.1:45992
02:56:19.872 INF Incoming connection for protocol messages. addr=127.0.0.1:45994
02:56:19.872 INF Incoming connection for protocol messages. addr=127.0.0.1:46006
02:56:19.873 INF Incoming connection for protocol messages. addr=127.0.0.1:45986
02:56:19.873 INF Incoming connection for protocol messages. addr=127.0.0.1:46018
02:56:19.873 INF Incoming connection for protocol messages. addr=127.0.0.1:46010
02:56:19.873 DBG Connected. peerID=1
02:56:19.873 INF Incoming connection for protocol messages. addr=127.0.0.1:46036
02:56:19.874 INF Incoming connection for protocol messages. addr=127.0.0.1:46032
02:56:19.876 DBG Connected. peerID=3
02:56:19.877 INF Connected to all peers.
02:56:19.881 INF All peers finished connecting. Starting ISS.
02:56:19.882 DBG Buckets for 0-th leader 1: [1 5 9 13 17 21 25 29 33 37 41 45 49 53 57 61 0 12 24 36 48 60]
02:56:19.882 DBG Buckets for 1-th leader 2: [2 6 10 14 18 22 26 30 34 38 42 46 50 54 58 62 4 16 28 40 52]
02:56:19.882 DBG Buckets for 2-th leader 3: [3 7 11 15 19 23 27 31 35 39 43 47 51 55 59 63 8 20 32 44 56]
02:56:19.882 INF PbftOrderer received a new segment: [0 3 6 9 12 15 18 21 24 27 30 33 36 39 42 45 48 51 54 57 60 63 66 69 72 75 78 81 84 87 90 93 96 99 102 105 108 111 114 117 120 123 126 129 132 135 138 141 144 147 150 153 156 159 162 165 168 171 174 177 180 183 186 189] first leader=1 firstSN=0 lastSN=189 len=64 length=64 segId=0
02:56:19.883 INF Starting new view. segID=0 timeout=60000 view=0
02:56:19.883 DBG Starting timer. sn=0 view=0
02:56:19.883 INF Starting PBFT instance. first=0 last=189 segID=0
02:56:19.883 DBG Leading segment. segID=0
02:56:19.883 DBG Subscribing to backlog. segID=0
02:56:19.884 INF Starting serialized message processing. segID=0
02:56:19.884 DBG Waiting for batch. batchSize=4096
02:56:19.884 INF PbftOrderer received a new segment: [1 4 7 10 13 16 19 22 25 28 31 34 37 40 43 46 49 52 55 58 61 64 67 70 73 76 79 82 85 88 91 94 97 100 103 106 109 112 115 118 121 124 127 130 133 136 139 142 145 148 151 154 157 160 163 166 169 172 175 178 181 184 187 190] first leader=2 firstSN=1 lastSN=190 len=64 length=64 segId=1
02:56:19.884 INF Starting new view. segID=1 timeout=60000 view=0
02:56:19.884 DBG Starting timer. sn=1 view=0
02:56:19.884 INF Starting PBFT instance. first=1 last=190 segID=1
02:56:19.885 DBG Subscribing to backlog. segID=1
02:56:19.885 INF Starting serialized message processing. segID=1
02:56:19.885 INF PbftOrderer received a new segment: [2 5 8 11 14 17 20 23 26 29 32 35 38 41 44 47 50 53 56 59 62 65 68 71 74 77 80 83 86 89 92 95 98 101 104 107 110 113 116 119 122 125 128 131 134 137 140 143 146 149 152 155 158 161 164 167 170 173 176 179 182 185 188 191] first leader=3 firstSN=2 lastSN=191 len=64 length=64 segId=2
02:56:19.885 INF Starting new view. segID=2 timeout=60000 view=0
02:56:19.885 DBG Starting timer. sn=2 view=0
02:56:19.886 INF Starting PBFT instance. first=2 last=191 segID=2
02:56:19.886 DBG Subscribing to backlog. segID=2
02:56:19.886 INF Starting serialized message processing. segID=2
02:56:19.902 INF Connection terminated. error="rpc error: code = Canceled desc = context canceled" address=127.0.0.1:45912
02:56:19.903 INF Connection terminated. error="rpc error: code = Canceled desc = context canceled" address=127.0.0.1:45922
02:56:19.903 INF Connection terminated. error="rpc error: code = Canceled desc = context canceled" address=127.0.0.1:45916
02:56:19.903 INF Connection terminated. error="rpc error: code = Canceled desc = context canceled" address=127.0.0.1:45858
02:56:19.902 INF Connection terminated. error="rpc error: code = Canceled desc = context canceled" address=127.0.0.1:45998
02:56:19.903 INF Connection terminated. error="rpc error: code = Canceled desc = context canceled" address=127.0.0.1:45890
02:56:20.885 DBG Batch ready. batchSize=4096
02:56:20.885 DBG Batch cut. left=0 nBuckets=22 nReq=0 next=0
02:56:20.885 INF Sending PREPREPARE. nReq=0 senderID=1 sn=0 view=0
02:56:20.885 DBG Waiting for batch. batchSize=4096
02:56:20.888 ERR Failed to send protocol message. Dropping all future outgoing protocol messages. error=EOF
02:56:20.890 INF Handling PREPREPARE. nReq=0 senderID=3 sn=2
02:56:20.890 DBG Creating new Batch. nReq=0
02:56:20.890 INF Handling PREPREPARE. nReq=0 senderID=2 sn=1
02:56:20.890 DBG Creating new Batch. nReq=0
02:56:20.890 DBG Sending PREPARE. senderID=1 sn=2 view=0
02:56:20.890 DBG func sendPrepare prepare Tn. sn=2 tn=1
02:56:20.890 DBG Sending PREPARE. senderID=1 sn=1 view=0
02:56:20.890 DBG func sendPrepare prepare Tn. sn=1 tn=1
02:56:20.892 DBG Sending COMMIT. senderID=1 sn=1 view=0
02:56:20.892 DBG func sendCommit commit Tn. sn=1 tn=1
02:56:20.892 DBG Sending Htn. senderID=1 sn=1 view=0
02:56:20.892 DBG Sending COMMIT. senderID=1 sn=0 view=0
02:56:20.892 DBG Sending COMMIT. senderID=1 sn=2 view=0
02:56:20.892 DBG func sendCommit commit Tn. sn=0 tn=1
02:56:20.892 DBG func sendCommit commit Tn. sn=2 tn=1
02:56:20.892 DBG Sending Htn. senderID=1 sn=0 view=0
02:56:20.893 DBG Sending Htn. senderID=1 sn=2 view=0
02:56:20.893 DBG func handleCommit commit Tn. tn=1
02:56:20.893 DBG func handleCommit commit Tn. tn=1
02:56:20.893 DBG func handleHtnmsg htn. htn=1 localhtn=1 prelocalhtn=1
02:56:20.894 DBG func handleCommit commit Tn. tn=1
02:56:20.894 DBG func handleHtnmsg htn. htn=1 localhtn=1 prelocalhtn=1
02:56:20.894 DBG func handleCommit commit Tn. tn=1
02:56:20.894 DBG func handleCommit commit Tn. tn=1
02:56:20.894 DBG func handleHtnmsg htn. htn=1 localhtn=1 prelocalhtn=1
02:56:20.894 INF Committed entry. latency=0 nReq=0 sn=1
02:56:20.894 DBG func handleCommit commit Tn. tn=1
02:56:20.894 INF Committed entry. latency=0 nReq=0 sn=0
02:56:20.894 INF Delivered batch. nReq=0 sn=0
02:56:20.894 INF Committed entry. latency=0 nReq=0 sn=2
02:56:20.894 INF Delivered batch. nReq=0 sn=1
02:56:20.895 INF Delivered batch. nReq=0 sn=2
02:56:20.895 DBG Starting timer. sn=4 view=0
02:56:20.895 DBG Starting timer. sn=3 view=0
02:56:20.895 DBG Starting timer. sn=5 view=0
02:56:20.895 DBG func handleHtnmsg htn. htn=1 localhtn=1 prelocalhtn=1
02:56:20.895 DBG func handleHtnmsg htn. htn=1 localhtn=1 prelocalhtn=1
02:56:20.895 DBG func handleHtnmsg htn. htn=1 localhtn=1 prelocalhtn=1
02:56:21.886 DBG Batch ready. batchSize=4096
02:56:21.886 DBG Batch cut. left=0 nBuckets=22 nReq=0 next=0
02:56:21.887 INF Sending PREPREPARE. nReq=0 senderID=1 sn=3 view=0
02:56:21.887 DBG Waiting for batch. batchSize=4096
02:56:21.888 INF Handling PREPREPARE. nReq=0 senderID=3 sn=5
02:56:21.888 DBG Creating new Batch. nReq=0
02:56:21.888 DBG Sending PREPARE. senderID=1 sn=5 view=0
02:56:21.889 DBG func sendPrepare prepare Tn. sn=5 tn=2
02:56:21.889 INF Handling PREPREPARE. nReq=0 senderID=2 sn=4
02:56:21.889 DBG Creating new Batch. nReq=0
02:56:21.889 DBG Sending PREPARE. senderID=1 sn=4 view=0
02:56:21.889 DBG func sendPrepare prepare Tn. sn=4 tn=2
02:56:21.890 DBG Sending COMMIT. senderID=1 sn=3 view=0
02:56:21.890 DBG Sending COMMIT. senderID=1 sn=5 view=0
02:56:21.890 DBG func sendCommit commit Tn. sn=3 tn=2
02:56:21.890 DBG func sendCommit commit Tn. sn=5 tn=2
02:56:21.890 DBG Sending Htn. senderID=1 sn=3 view=0
02:56:21.890 DBG Sending Htn. senderID=1 sn=5 view=0
02:56:21.890 DBG Sending COMMIT. senderID=1 sn=4 view=0
02:56:21.891 DBG func sendCommit commit Tn. sn=4 tn=2
02:56:21.891 DBG Sending Htn. senderID=1 sn=4 view=0
02:56:21.891 DBG func handleCommit commit Tn. tn=2
02:56:21.891 DBG func handleCommit commit Tn. tn=2
02:56:21.891 DBG func handleHtnmsg htn. htn=2 localhtn=2 prelocalhtn=2
02:56:21.891 DBG func handleHtnmsg htn. htn=2 localhtn=2 prelocalhtn=2
02:56:21.891 DBG func handleCommit commit Tn. tn=2
02:56:21.891 DBG func handleCommit commit Tn. tn=2
02:56:21.892 INF Committed entry. latency=0 nReq=0 sn=5
02:56:21.892 INF Committed entry. latency=0 nReq=0 sn=3
02:56:21.892 INF Delivered batch. nReq=0 sn=3
02:56:21.892 DBG Starting timer. sn=8 view=0
02:56:21.892 DBG Starting timer. sn=6 view=0
02:56:21.892 DBG func handleCommit commit Tn. tn=2
02:56:21.892 DBG func handleHtnmsg htn. htn=2 localhtn=2 prelocalhtn=2
02:56:21.892 DBG func handleHtnmsg htn. htn=2 localhtn=2 prelocalhtn=2
02:56:21.892 DBG func handleCommit commit Tn. tn=2
02:56:21.893 INF Committed entry. latency=0 nReq=0 sn=4
02:56:21.893 INF Delivered batch. nReq=0 sn=4
02:56:21.893 INF Delivered batch. nReq=0 sn=5
02:56:21.893 DBG Starting timer. sn=7 view=0
02:56:21.893 DBG func handleHtnmsg htn. htn=2 localhtn=2 prelocalhtn=2
02:56:21.893 DBG func handleHtnmsg htn. htn=2 localhtn=2 prelocalhtn=2
02:56:21.917 INF Incoming connection for requests. addr=127.0.0.1:46060
02:56:22.887 DBG Batch ready. batchSize=4096
02:56:22.888 DBG Batch cut. left=0 nBuckets=22 nReq=84 next=0
02:56:22.888 DBG Waiting for batch. batchSize=4096
02:56:22.892 INF Sending PREPREPARE. nReq=84 senderID=1 sn=6 view=0
02:56:22.899 INF Handling PREPREPARE. nReq=80 senderID=3 sn=8
02:56:22.899 DBG Creating new Batch. nReq=80
02:56:22.900 INF Handling PREPREPARE. nReq=81 senderID=2 sn=7
02:56:22.900 DBG Creating new Batch. nReq=81
02:56:22.907 DBG Sending PREPARE. senderID=1 sn=8 view=0
02:56:22.907 DBG func sendPrepare prepare Tn. sn=8 tn=3
02:56:22.911 DBG Sending PREPARE. senderID=1 sn=7 view=0
02:56:22.912 DBG func sendPrepare prepare Tn. sn=7 tn=3
02:56:22.912 DBG Sending COMMIT. senderID=1 sn=8 view=0
02:56:22.913 DBG func sendCommit commit Tn. sn=8 tn=3
02:56:22.913 DBG Sending COMMIT. senderID=1 sn=7 view=0
02:56:22.913 DBG Sending COMMIT. senderID=1 sn=6 view=0
02:56:22.913 DBG Sending Htn. senderID=1 sn=8 view=0
02:56:22.913 DBG func sendCommit commit Tn. sn=7 tn=3
02:56:22.913 DBG func sendCommit commit Tn. sn=6 tn=3
02:56:22.913 DBG Sending Htn. senderID=1 sn=7 view=0
02:56:22.913 DBG Sending Htn. senderID=1 sn=6 view=0
02:56:22.913 DBG func handleCommit commit Tn. tn=3
02:56:22.913 DBG func handleCommit commit Tn. tn=3
02:56:22.914 DBG func handleHtnmsg htn. htn=3 localhtn=3 prelocalhtn=3
02:56:22.914 DBG func handleCommit commit Tn. tn=3
02:56:22.914 DBG func handleCommit commit Tn. tn=3
02:56:22.914 DBG func handleCommit commit Tn. tn=3
02:56:22.914 INF Committed entry. latency=0 nReq=80 sn=8
02:56:22.914 INF Committed entry. latency=0 nReq=84 sn=6
02:56:22.914 INF Delivered batch. nReq=84 sn=6
02:56:22.915 DBG func handleCommit commit Tn. tn=3
02:56:22.915 DBG Starting timer. sn=11 view=0
02:56:22.915 DBG Starting timer. sn=9 view=0
02:56:22.915 DBG func handleHtnmsg htn. htn=3 localhtn=3 prelocalhtn=3
02:56:22.915 DBG func handleHtnmsg htn. htn=3 localhtn=3 prelocalhtn=3
02:56:22.915 INF Committed entry. latency=0 nReq=81 sn=7
02:56:22.915 DBG func handleHtnmsg htn. htn=3 localhtn=3 prelocalhtn=3
02:56:22.915 INF Delivered batch. nReq=81 sn=7
02:56:22.915 INF Delivered batch. nReq=80 sn=8
02:56:22.915 DBG Starting timer. sn=10 view=0
02:56:22.916 DBG func handleHtnmsg htn. htn=3 localhtn=3 prelocalhtn=3
02:56:22.916 DBG func handleHtnmsg htn. htn=3 localhtn=3 prelocalhtn=3
02:56:23.889 DBG Batch ready. batchSize=4096
02:56:23.890 DBG Batch cut. left=0 nBuckets=22 nReq=88 next=0
02:56:23.890 DBG Waiting for batch. batchSize=4096
02:56:23.892 INF Sending PREPREPARE. nReq=88 senderID=1 sn=9 view=0
02:56:23.900 INF Handling PREPREPARE. nReq=84 senderID=2 sn=10
02:56:23.900 DBG Creating new Batch. nReq=84
02:56:23.901 INF Handling PREPREPARE. nReq=84 senderID=3 sn=11
02:56:23.901 DBG Creating new Batch. nReq=84
02:56:23.911 DBG Sending PREPARE. senderID=1 sn=10 view=0
02:56:23.911 DBG func sendPrepare prepare Tn. sn=10 tn=4
02:56:23.912 DBG Sending COMMIT. senderID=1 sn=10 view=0
02:56:23.912 DBG func sendCommit commit Tn. sn=10 tn=4
02:56:23.913 DBG Sending Htn. senderID=1 sn=10 view=0
02:56:23.913 DBG Sending PREPARE. senderID=1 sn=11 view=0
02:56:23.913 DBG func sendPrepare prepare Tn. sn=11 tn=4
02:56:23.913 DBG func handleCommit commit Tn. tn=4
02:56:23.914 DBG func handleCommit commit Tn. tn=4
02:56:23.914 INF Committed entry. latency=0 nReq=84 sn=10
02:56:23.915 DBG Starting timer. sn=13 view=0
02:56:23.915 DBG func handleHtnmsg htn. htn=4 localhtn=4 prelocalhtn=4
02:56:23.915 DBG func handleHtnmsg htn. htn=4 localhtn=4 prelocalhtn=4
02:56:23.915 DBG Sending COMMIT. senderID=1 sn=9 view=0
02:56:23.915 DBG func sendCommit commit Tn. sn=9 tn=4
02:56:23.915 DBG Sending Htn. senderID=1 sn=9 view=0
02:56:23.917 DBG func handleCommit commit Tn. tn=4
02:56:23.917 DBG Sending COMMIT. senderID=1 sn=11 view=0
02:56:23.917 DBG func handleHtnmsg htn. htn=4 localhtn=4 prelocalhtn=4
02:56:23.917 DBG func handleCommit commit Tn. tn=4
02:56:23.917 DBG func sendCommit commit Tn. sn=11 tn=4
02:56:23.917 DBG Sending Htn. senderID=1 sn=11 view=0
02:56:23.917 DBG func handleCommit commit Tn. tn=4
02:56:23.917 INF Committed entry. latency=0 nReq=88 sn=9
02:56:23.917 INF Delivered batch. nReq=88 sn=9
02:56:23.917 DBG func handleHtnmsg htn. htn=4 localhtn=4 prelocalhtn=4
02:56:23.918 INF Delivered batch. nReq=84 sn=10
02:56:23.918 DBG func handleCommit commit Tn. tn=4
02:56:23.918 DBG Starting timer. sn=12 view=0
02:56:23.918 DBG func handleHtnmsg htn. htn=4 localhtn=4 prelocalhtn=4
02:56:23.918 INF Committed entry. latency=0 nReq=84 sn=11
02:56:23.918 INF Delivered batch. nReq=84 sn=11
02:56:23.919 DBG Starting timer. sn=14 view=0
02:56:23.919 DBG func handleHtnmsg htn. htn=4 localhtn=4 prelocalhtn=4
02:56:24.891 DBG Batch ready. batchSize=4096
02:56:24.891 DBG Batch cut. left=0 nBuckets=22 nReq=88 next=0
02:56:24.891 DBG Waiting for batch. batchSize=4096
02:56:24.893 INF Sending PREPREPARE. nReq=88 senderID=1 sn=12 view=0
02:56:24.902 INF Handling PREPREPARE. nReq=84 senderID=3 sn=14
02:56:24.902 DBG Creating new Batch. nReq=84
02:56:24.903 INF Handling PREPREPARE. nReq=84 senderID=2 sn=13
02:56:24.903 DBG Creating new Batch. nReq=84
02:56:24.912 DBG Sending PREPARE. senderID=1 sn=14 view=0
02:56:24.912 DBG func sendPrepare prepare Tn. sn=14 tn=5
02:56:24.913 DBG Sending PREPARE. senderID=1 sn=13 view=0
02:56:24.913 DBG func sendPrepare prepare Tn. sn=13 tn=5
02:56:24.915 DBG Sending COMMIT. senderID=1 sn=14 view=0
02:56:24.915 DBG func sendCommit commit Tn. sn=14 tn=5
02:56:24.915 DBG Sending Htn. senderID=1 sn=14 view=0
02:56:24.915 DBG Sending COMMIT. senderID=1 sn=13 view=0
02:56:24.915 DBG func sendCommit commit Tn. sn=13 tn=5
02:56:24.915 DBG Sending Htn. senderID=1 sn=13 view=0
02:56:24.916 DBG func handleCommit commit Tn. tn=5
02:56:24.916 DBG func handleHtnmsg htn. htn=5 localhtn=5 prelocalhtn=5
02:56:24.916 DBG func handleCommit commit Tn. tn=5
02:56:24.916 DBG Sending COMMIT. senderID=1 sn=12 view=0
02:56:24.916 DBG func handleHtnmsg htn. htn=5 localhtn=5 prelocalhtn=5
02:56:24.916 DBG func sendCommit commit Tn. sn=12 tn=5
02:56:24.916 DBG func handleCommit commit Tn. tn=5
02:56:24.916 DBG Sending Htn. senderID=1 sn=12 view=0
02:56:24.916 DBG func handleCommit commit Tn. tn=5
02:56:24.917 INF Committed entry. latency=0 nReq=84 sn=14
02:56:24.917 DBG Starting timer. sn=17 view=0
02:56:24.917 DBG func handleHtnmsg htn. htn=5 localhtn=5 prelocalhtn=5
02:56:24.917 DBG func handleCommit commit Tn. tn=5
02:56:24.917 DBG func handleCommit commit Tn. tn=5
02:56:24.917 INF Committed entry. latency=0 nReq=88 sn=12
02:56:24.918 INF Delivered batch. nReq=88 sn=12
02:56:24.918 INF Committed entry. latency=0 nReq=84 sn=13
02:56:24.918 INF Delivered batch. nReq=84 sn=13
02:56:24.918 INF Delivered batch. nReq=84 sn=14
02:56:24.918 DBG Starting timer. sn=15 view=0
02:56:24.918 DBG func handleHtnmsg htn. htn=5 localhtn=5 prelocalhtn=5
02:56:24.918 DBG Starting timer. sn=16 view=0
02:56:24.918 DBG func handleHtnmsg htn. htn=5 localhtn=5 prelocalhtn=5
02:56:24.918 DBG func handleHtnmsg htn. htn=5 localhtn=5 prelocalhtn=5
02:56:25.893 DBG Batch ready. batchSize=4096
02:56:25.893 DBG Batch cut. left=0 nBuckets=22 nReq=88 next=0
02:56:25.893 DBG Waiting for batch. batchSize=4096
02:56:25.895 INF Sending PREPREPARE. nReq=88 senderID=1 sn=15 view=0
02:56:25.904 INF Handling PREPREPARE. nReq=84 senderID=3 sn=17
02:56:25.904 DBG Creating new Batch. nReq=84
02:56:25.905 INF Handling PREPREPARE. nReq=84 senderID=2 sn=16
02:56:25.905 DBG Creating new Batch. nReq=84
02:56:25.914 DBG Sending PREPARE. senderID=1 sn=16 view=0
02:56:25.914 DBG func sendPrepare prepare Tn. sn=16 tn=6
02:56:25.916 DBG Sending COMMIT. senderID=1 sn=16 view=0
02:56:25.916 DBG func sendCommit commit Tn. sn=16 tn=6
02:56:25.916 DBG Sending Htn. senderID=1 sn=16 view=0
02:56:25.917 DBG Sending PREPARE. senderID=1 sn=17 view=0
02:56:25.917 DBG func handleCommit commit Tn. tn=6
02:56:25.917 DBG func sendPrepare prepare Tn. sn=17 tn=6
02:56:25.917 DBG func handleHtnmsg htn. htn=6 localhtn=6 prelocalhtn=6
02:56:25.917 DBG Sending COMMIT. senderID=1 sn=17 view=0
02:56:25.917 DBG func sendCommit commit Tn. sn=17 tn=6
02:56:25.917 DBG Sending Htn. senderID=1 sn=17 view=0
02:56:25.918 DBG func handleCommit commit Tn. tn=6
02:56:25.918 DBG Sending COMMIT. senderID=1 sn=15 view=0
02:56:25.919 DBG func sendCommit commit Tn. sn=15 tn=6
02:56:25.919 DBG Sending Htn. senderID=1 sn=15 view=0
02:56:25.919 INF Committed entry. latency=0 nReq=84 sn=16
02:56:25.919 DBG func handleCommit commit Tn. tn=6
02:56:25.919 DBG Starting timer. sn=19 view=0
02:56:25.919 DBG func handleCommit commit Tn. tn=6
02:56:25.919 DBG func handleHtnmsg htn. htn=6 localhtn=6 prelocalhtn=6
02:56:25.919 DBG func handleHtnmsg htn. htn=6 localhtn=6 prelocalhtn=6
02:56:25.919 DBG func handleHtnmsg htn. htn=6 localhtn=6 prelocalhtn=6
02:56:25.919 DBG func handleCommit commit Tn. tn=6
02:56:25.920 INF Committed entry. latency=0 nReq=84 sn=17
02:56:25.920 DBG Starting timer. sn=20 view=0
02:56:25.920 DBG func handleCommit commit Tn. tn=6
02:56:25.920 DBG func handleHtnmsg htn. htn=6 localhtn=6 prelocalhtn=6
02:56:25.920 INF Committed entry. latency=0 nReq=88 sn=15
02:56:25.920 INF Delivered batch. nReq=88 sn=15
02:56:25.921 INF Delivered batch. nReq=84 sn=16
02:56:25.921 INF Delivered batch. nReq=84 sn=17
02:56:25.921 DBG Starting timer. sn=18 view=0
02:56:25.921 DBG func handleHtnmsg htn. htn=6 localhtn=6 prelocalhtn=6
02:56:26.895 DBG Batch ready. batchSize=4096
02:56:26.895 DBG Batch cut. left=0 nBuckets=22 nReq=89 next=0
02:56:26.896 DBG Waiting for batch. batchSize=4096
02:56:26.898 INF Sending PREPREPARE. nReq=89 senderID=1 sn=18 view=0
02:56:26.906 INF Handling PREPREPARE. nReq=84 senderID=3 sn=20
02:56:26.906 DBG Creating new Batch. nReq=84
02:56:26.907 INF Handling PREPREPARE. nReq=84 senderID=2 sn=19
02:56:26.907 DBG Creating new Batch. nReq=84
02:56:26.917 DBG Sending PREPARE. senderID=1 sn=20 view=0
02:56:26.917 DBG func sendPrepare prepare Tn. sn=20 tn=7
02:56:26.917 DBG Sending PREPARE. senderID=1 sn=19 view=0
02:56:26.917 DBG func sendPrepare prepare Tn. sn=19 tn=7
02:56:26.918 DBG Sending COMMIT. senderID=1 sn=20 view=0
02:56:26.918 DBG func sendCommit commit Tn. sn=20 tn=7
02:56:26.918 DBG Sending Htn. senderID=1 sn=20 view=0
02:56:26.919 DBG func handleCommit commit Tn. tn=7
02:56:26.919 DBG func handleCommit commit Tn. tn=7
02:56:26.919 INF Committed entry. latency=0 nReq=84 sn=20
02:56:26.919 DBG Starting timer. sn=23 view=0
02:56:26.920 DBG Sending COMMIT. senderID=1 sn=19 view=0
02:56:26.920 DBG func handleHtnmsg htn. htn=7 localhtn=7 prelocalhtn=7
02:56:26.920 DBG func sendCommit commit Tn. sn=19 tn=7
02:56:26.920 DBG Sending Htn. senderID=1 sn=19 view=0
02:56:26.920 DBG func handleHtnmsg htn. htn=7 localhtn=7 prelocalhtn=7
02:56:26.921 DBG func handleCommit commit Tn. tn=7
02:56:26.921 DBG Sending COMMIT. senderID=1 sn=18 view=0
02:56:26.921 DBG func handleHtnmsg htn. htn=7 localhtn=7 prelocalhtn=7
02:56:26.921 DBG func sendCommit commit Tn. sn=18 tn=7
02:56:26.922 DBG func handleCommit commit Tn. tn=7
02:56:26.922 DBG Sending Htn. senderID=1 sn=18 view=0
02:56:26.922 DBG func handleCommit commit Tn. tn=7
02:56:26.922 INF Committed entry. latency=0 nReq=84 sn=19
02:56:26.922 DBG Starting timer. sn=22 view=0
02:56:26.922 DBG func handleHtnmsg htn. htn=7 localhtn=7 prelocalhtn=7
02:56:26.923 DBG func handleHtnmsg htn. htn=7 localhtn=7 prelocalhtn=7
02:56:26.923 DBG func handleCommit commit Tn. tn=7
02:56:26.923 INF Committed entry. latency=0 nReq=89 sn=18
02:56:26.923 INF Delivered batch. nReq=89 sn=18
02:56:26.924 INF Delivered batch. nReq=84 sn=19
02:56:26.924 INF Delivered batch. nReq=84 sn=20
02:56:26.924 DBG Starting timer. sn=21 view=0
02:56:26.924 DBG func handleHtnmsg htn. htn=7 localhtn=7 prelocalhtn=7
02:56:27.896 DBG Batch ready. batchSize=4096
02:56:27.897 DBG Batch cut. left=0 nBuckets=22 nReq=88 next=0
02:56:27.897 DBG Waiting for batch. batchSize=4096
02:56:27.899 INF Sending PREPREPARE. nReq=88 senderID=1 sn=21 view=0
02:56:27.907 INF Handling PREPREPARE. nReq=84 senderID=3 sn=23
02:56:27.907 DBG Creating new Batch. nReq=84
02:56:27.909 INF Handling PREPREPARE. nReq=85 senderID=2 sn=22
02:56:27.909 DBG Creating new Batch. nReq=85
02:56:27.918 DBG Sending PREPARE. senderID=1 sn=22 view=0
02:56:27.918 DBG func sendPrepare prepare Tn. sn=22 tn=8
02:56:27.921 DBG func handleCommit commit Tn. tn=8
02:56:27.921 DBG Sending PREPARE. senderID=1 sn=23 view=0
02:56:27.921 DBG func sendPrepare prepare Tn. sn=23 tn=8
02:56:27.921 DBG Sending COMMIT. senderID=1 sn=22 view=0
02:56:27.921 DBG Sending COMMIT. senderID=1 sn=23 view=0
02:56:27.922 DBG func sendCommit commit Tn. sn=22 tn=8
02:56:27.922 DBG func sendCommit commit Tn. sn=23 tn=8
02:56:27.922 DBG Sending Htn. senderID=1 sn=23 view=0
02:56:27.922 DBG Sending Htn. senderID=1 sn=22 view=0
02:56:27.922 DBG func handleCommit commit Tn. tn=8
02:56:27.922 INF Committed entry. latency=0 nReq=85 sn=22
02:56:27.922 DBG Sending COMMIT. senderID=1 sn=21 view=0
02:56:27.922 DBG Starting timer. sn=25 view=0
02:56:27.923 DBG func sendCommit commit Tn. sn=21 tn=8
02:56:27.923 DBG func handleHtnmsg htn. htn=8 localhtn=8 prelocalhtn=8
02:56:27.923 DBG Sending Htn. senderID=1 sn=21 view=0
02:56:27.923 DBG func handleCommit commit Tn. tn=8
02:56:27.923 DBG func handleHtnmsg htn. htn=8 localhtn=8 prelocalhtn=8
02:56:27.923 DBG func handleCommit commit Tn. tn=8
02:56:27.923 DBG func handleCommit commit Tn. tn=8
02:56:27.924 DBG func handleHtnmsg htn. htn=8 localhtn=8 prelocalhtn=8
02:56:27.924 DBG func handleCommit commit Tn. tn=8
02:56:27.924 INF Committed entry. latency=0 nReq=88 sn=21
02:56:27.924 INF Delivered batch. nReq=88 sn=21
02:56:27.924 INF Committed entry. latency=0 nReq=84 sn=23
02:56:27.924 INF Delivered batch. nReq=85 sn=22
02:56:27.924 INF Delivered batch. nReq=84 sn=23
02:56:27.925 DBG Starting timer. sn=24 view=0
02:56:27.925 DBG func handleHtnmsg htn. htn=8 localhtn=8 prelocalhtn=8
02:56:27.925 DBG Starting timer. sn=26 view=0
02:56:27.925 DBG func handleHtnmsg htn. htn=8 localhtn=8 prelocalhtn=8
02:56:27.925 DBG func handleHtnmsg htn. htn=8 localhtn=8 prelocalhtn=8
02:56:28.898 DBG Batch ready. batchSize=4096
02:56:28.898 DBG Batch cut. left=0 nBuckets=22 nReq=88 next=0
02:56:28.898 DBG Waiting for batch. batchSize=4096
02:56:28.901 INF Sending PREPREPARE. nReq=88 senderID=1 sn=24 view=0
02:56:28.908 INF Handling PREPREPARE. nReq=84 senderID=3 sn=26
02:56:28.909 DBG Creating new Batch. nReq=84
02:56:28.910 INF Handling PREPREPARE. nReq=84 senderID=2 sn=25
02:56:28.911 DBG Creating new Batch. nReq=84
02:56:28.920 DBG Sending PREPARE. senderID=1 sn=26 view=0
02:56:28.920 DBG func sendPrepare prepare Tn. sn=26 tn=9
02:56:28.920 DBG Sending COMMIT. senderID=1 sn=26 view=0
02:56:28.921 DBG func sendCommit commit Tn. sn=26 tn=9
02:56:28.921 DBG Sending Htn. senderID=1 sn=26 view=0
02:56:28.922 DBG Sending PREPARE. senderID=1 sn=25 view=0
02:56:28.922 DBG func handleCommit commit Tn. tn=9
02:56:28.922 DBG func sendPrepare prepare Tn. sn=25 tn=9
02:56:28.923 DBG func handleCommit commit Tn. tn=9
02:56:28.923 DBG Sending COMMIT. senderID=1 sn=24 view=0
02:56:28.923 DBG func sendCommit commit Tn. sn=24 tn=9
02:56:28.923 DBG Sending Htn. senderID=1 sn=24 view=0
02:56:28.923 INF Committed entry. latency=0 nReq=84 sn=26
02:56:28.924 DBG Starting timer. sn=29 view=0
02:56:28.924 DBG func handleCommit commit Tn. tn=9
02:56:28.924 DBG func handleHtnmsg htn. htn=9 localhtn=9 prelocalhtn=9
02:56:28.924 DBG func handleHtnmsg htn. htn=9 localhtn=9 prelocalhtn=9
02:56:28.924 DBG func handleHtnmsg htn. htn=9 localhtn=9 prelocalhtn=9
02:56:28.924 DBG Sending COMMIT. senderID=1 sn=25 view=0
02:56:28.924 DBG func sendCommit commit Tn. sn=25 tn=9
02:56:28.924 DBG Sending Htn. senderID=1 sn=25 view=0
02:56:28.924 DBG func handleCommit commit Tn. tn=9
02:56:28.925 INF Committed entry. latency=0 nReq=88 sn=24
02:56:28.925 INF Delivered batch. nReq=88 sn=24
02:56:28.925 DBG func handleCommit commit Tn. tn=9
02:56:28.925 DBG Starting timer. sn=27 view=0
02:56:28.925 DBG func handleHtnmsg htn. htn=9 localhtn=9 prelocalhtn=9
02:56:28.925 DBG func handleHtnmsg htn. htn=9 localhtn=9 prelocalhtn=9
02:56:28.925 DBG func handleCommit commit Tn. tn=9
02:56:28.926 INF Committed entry. latency=0 nReq=84 sn=25
02:56:28.926 INF Delivered batch. nReq=84 sn=25
02:56:28.926 INF Delivered batch. nReq=84 sn=26
02:56:28.926 DBG Starting timer. sn=28 view=0
02:56:28.926 DBG func handleHtnmsg htn. htn=9 localhtn=9 prelocalhtn=9
02:56:29.901 DBG Batch ready. batchSize=4096
02:56:29.901 DBG Batch cut. left=0 nBuckets=22 nReq=88 next=0
02:56:29.901 DBG Waiting for batch. batchSize=4096
02:56:29.903 INF Sending PREPREPARE. nReq=88 senderID=1 sn=27 view=0
02:56:29.909 INF Handling PREPREPARE. nReq=84 senderID=3 sn=29
02:56:29.909 DBG Creating new Batch. nReq=84
02:56:29.913 INF Handling PREPREPARE. nReq=84 senderID=2 sn=28
02:56:29.913 DBG Creating new Batch. nReq=84
02:56:29.922 DBG Sending PREPARE. senderID=1 sn=29 view=0
02:56:29.922 DBG func sendPrepare prepare Tn. sn=29 tn=10
02:56:29.922 DBG Sending COMMIT. senderID=1 sn=29 view=0
02:56:29.922 DBG func sendCommit commit Tn. sn=29 tn=10
02:56:29.923 DBG Sending Htn. senderID=1 sn=29 view=0
02:56:29.923 DBG Sending PREPARE. senderID=1 sn=28 view=0
02:56:29.923 DBG func sendPrepare prepare Tn. sn=28 tn=10
02:56:29.923 DBG Sending COMMIT. senderID=1 sn=28 view=0
02:56:29.923 DBG func sendCommit commit Tn. sn=28 tn=10
02:56:29.924 DBG Sending Htn. senderID=1 sn=28 view=0
02:56:29.924 DBG func handleCommit commit Tn. tn=10
02:56:29.925 DBG func handleHtnmsg htn. htn=10 localhtn=10 prelocalhtn=10
02:56:29.925 DBG Sending COMMIT. senderID=1 sn=27 view=0
02:56:29.925 DBG func handleCommit commit Tn. tn=10
02:56:29.925 DBG func sendCommit commit Tn. sn=27 tn=10
02:56:29.925 DBG Sending Htn. senderID=1 sn=27 view=0
02:56:29.925 INF Committed entry. latency=0 nReq=84 sn=29
02:56:29.925 DBG func handleCommit commit Tn. tn=10
02:56:29.925 DBG Starting timer. sn=32 view=0
02:56:29.925 DBG func handleHtnmsg htn. htn=10 localhtn=10 prelocalhtn=10
02:56:29.925 DBG func handleHtnmsg htn. htn=10 localhtn=10 prelocalhtn=10
02:56:29.926 DBG func handleCommit commit Tn. tn=10
02:56:29.926 DBG func handleCommit commit Tn. tn=10
02:56:29.926 DBG func handleHtnmsg htn. htn=10 localhtn=10 prelocalhtn=10
02:56:29.926 INF Committed entry. latency=0 nReq=84 sn=28
02:56:29.926 DBG Starting timer. sn=31 view=0
02:56:29.926 DBG func handleCommit commit Tn. tn=10
02:56:29.926 DBG func handleHtnmsg htn. htn=10 localhtn=10 prelocalhtn=10
02:56:29.927 INF Committed entry. latency=0 nReq=88 sn=27
02:56:29.927 INF Delivered batch. nReq=88 sn=27
02:56:29.927 INF Delivered batch. nReq=84 sn=28
02:56:29.927 INF Delivered batch. nReq=84 sn=29
02:56:29.927 DBG Starting timer. sn=30 view=0
02:56:29.927 DBG func handleHtnmsg htn. htn=10 localhtn=10 prelocalhtn=10
02:56:30.902 DBG Batch ready. batchSize=4096
02:56:30.903 DBG Batch cut. left=0 nBuckets=22 nReq=88 next=0
02:56:30.903 DBG Waiting for batch. batchSize=4096
02:56:30.904 INF Sending PREPREPARE. nReq=88 senderID=1 sn=30 view=0
02:56:30.912 INF Handling PREPREPARE. nReq=85 senderID=3 sn=32
02:56:30.912 DBG Creating new Batch. nReq=85
02:56:30.915 INF Handling PREPREPARE. nReq=84 senderID=2 sn=31
02:56:30.915 DBG Creating new Batch. nReq=84
02:56:30.922 DBG Sending PREPARE. senderID=1 sn=32 view=0
02:56:30.922 DBG func sendPrepare prepare Tn. sn=32 tn=11
02:56:30.924 DBG Sending COMMIT. senderID=1 sn=32 view=0
02:56:30.924 DBG func sendCommit commit Tn. sn=32 tn=11
02:56:30.925 DBG Sending Htn. senderID=1 sn=32 view=0
02:56:30.925 DBG func handleCommit commit Tn. tn=11
02:56:30.925 DBG func handleHtnmsg htn. htn=11 localhtn=11 prelocalhtn=11
02:56:30.925 DBG Sending PREPARE. senderID=1 sn=31 view=0
02:56:30.926 DBG func sendPrepare prepare Tn. sn=31 tn=11
02:56:30.926 DBG func handleCommit commit Tn. tn=11
02:56:30.926 DBG Sending COMMIT. senderID=1 sn=30 view=0
02:56:30.926 DBG Sending COMMIT. senderID=1 sn=31 view=0
02:56:30.926 DBG func sendCommit commit Tn. sn=30 tn=11
02:56:30.926 DBG func sendCommit commit Tn. sn=31 tn=11
02:56:30.926 INF Committed entry. latency=0 nReq=85 sn=32
02:56:30.926 DBG Sending Htn. senderID=1 sn=31 view=0
02:56:30.926 DBG Sending Htn. senderID=1 sn=30 view=0
02:56:30.926 DBG Starting timer. sn=35 view=0
02:56:30.926 DBG func handleHtnmsg htn. htn=11 localhtn=11 prelocalhtn=11
02:56:30.927 DBG func handleCommit commit Tn. tn=11
02:56:30.927 DBG func handleHtnmsg htn. htn=11 localhtn=11 prelocalhtn=11
02:56:30.927 DBG func handleCommit commit Tn. tn=11
02:56:30.928 INF Committed entry. latency=0 nReq=88 sn=30
02:56:30.928 INF Delivered batch. nReq=88 sn=30
02:56:30.928 DBG Starting timer. sn=33 view=0
02:56:30.928 DBG func handleCommit commit Tn. tn=11
02:56:30.928 DBG func handleHtnmsg htn. htn=11 localhtn=11 prelocalhtn=11
02:56:30.928 DBG func handleHtnmsg htn. htn=11 localhtn=11 prelocalhtn=11
02:56:30.928 DBG func handleCommit commit Tn. tn=11
02:56:30.929 INF Committed entry. latency=0 nReq=84 sn=31
02:56:30.929 INF Delivered batch. nReq=84 sn=31
02:56:30.929 INF Delivered batch. nReq=85 sn=32
02:56:30.929 DBG Starting timer. sn=34 view=0
02:56:30.929 DBG func handleHtnmsg htn. htn=11 localhtn=11 prelocalhtn=11
02:56:31.904 DBG Batch ready. batchSize=4096
02:56:31.905 DBG Batch cut. left=0 nBuckets=22 nReq=88 next=0
02:56:31.905 DBG Waiting for batch. batchSize=4096
02:56:31.907 INF Sending PREPREPARE. nReq=88 senderID=1 sn=33 view=0
02:56:31.913 INF Handling PREPREPARE. nReq=84 senderID=3 sn=35
02:56:31.914 DBG Creating new Batch. nReq=84
02:56:31.915 INF Handling PREPREPARE. nReq=84 senderID=2 sn=34
02:56:31.916 DBG Creating new Batch. nReq=84
02:56:31.924 DBG Sending PREPARE. senderID=1 sn=35 view=0
02:56:31.924 DBG func sendPrepare prepare Tn. sn=35 tn=12
02:56:31.925 DBG Sending COMMIT. senderID=1 sn=35 view=0
02:56:31.926 DBG func sendCommit commit Tn. sn=35 tn=12
02:56:31.926 DBG Sending Htn. senderID=1 sn=35 view=0
02:56:31.927 DBG func handleCommit commit Tn. tn=12
02:56:31.927 DBG func handleHtnmsg htn. htn=12 localhtn=12 prelocalhtn=12
02:56:31.927 DBG func handleCommit commit Tn. tn=12
02:56:31.927 DBG Sending PREPARE. senderID=1 sn=34 view=0
02:56:31.928 DBG func sendPrepare prepare Tn. sn=34 tn=12
02:56:31.928 INF Committed entry. latency=0 nReq=84 sn=35
02:56:31.928 DBG Sending COMMIT. senderID=1 sn=33 view=0
02:56:31.928 DBG Starting timer. sn=38 view=0
02:56:31.928 DBG func sendCommit commit Tn. sn=33 tn=12
02:56:31.928 DBG Sending COMMIT. senderID=1 sn=34 view=0
02:56:31.928 DBG func handleHtnmsg htn. htn=12 localhtn=12 prelocalhtn=12
02:56:31.928 DBG Sending Htn. senderID=1 sn=33 view=0
02:56:31.928 DBG func sendCommit commit Tn. sn=34 tn=12
02:56:31.928 DBG func handleCommit commit Tn. tn=12
02:56:31.928 DBG Sending Htn. senderID=1 sn=34 view=0
02:56:31.929 DBG func handleHtnmsg htn. htn=12 localhtn=12 prelocalhtn=12
02:56:31.929 DBG func handleCommit commit Tn. tn=12
02:56:31.930 DBG func handleCommit commit Tn. tn=12
02:56:31.930 INF Committed entry. latency=0 nReq=88 sn=33
02:56:31.930 DBG func handleHtnmsg htn. htn=12 localhtn=12 prelocalhtn=12
02:56:31.930 INF Delivered batch. nReq=88 sn=33
02:56:31.930 DBG Starting timer. sn=36 view=0
02:56:31.930 DBG func handleHtnmsg htn. htn=12 localhtn=12 prelocalhtn=12
02:56:31.931 DBG func handleCommit commit Tn. tn=12
02:56:31.931 INF Committed entry. latency=0 nReq=84 sn=34
02:56:31.931 INF Delivered batch. nReq=84 sn=34
02:56:31.931 INF Delivered batch. nReq=84 sn=35
02:56:31.931 DBG Starting timer. sn=37 view=0
02:56:31.931 DBG func handleHtnmsg htn. htn=12 localhtn=12 prelocalhtn=12
02:56:32.906 DBG Batch ready. batchSize=4096
02:56:32.906 DBG Batch cut. left=0 nBuckets=22 nReq=88 next=0
02:56:32.907 DBG Waiting for batch. batchSize=4096
02:56:32.908 INF Sending PREPREPARE. nReq=88 senderID=1 sn=36 view=0
02:56:32.916 INF Handling PREPREPARE. nReq=85 senderID=3 sn=38
02:56:32.916 DBG Creating new Batch. nReq=85
02:56:32.918 INF Handling PREPREPARE. nReq=84 senderID=2 sn=37
02:56:32.918 DBG Creating new Batch. nReq=84
02:56:32.927 DBG Sending PREPARE. senderID=1 sn=38 view=0
02:56:32.927 DBG func sendPrepare prepare Tn. sn=38 tn=13
02:56:32.928 DBG Sending PREPARE. senderID=1 sn=37 view=0
02:56:32.928 DBG func sendPrepare prepare Tn. sn=37 tn=13
02:56:32.929 DBG Sending COMMIT. senderID=1 sn=38 view=0
02:56:32.929 DBG Sending COMMIT. senderID=1 sn=36 view=0
02:56:32.929 DBG func sendCommit commit Tn. sn=38 tn=13
02:56:32.929 DBG func sendCommit commit Tn. sn=36 tn=13
02:56:32.930 DBG Sending Htn. senderID=1 sn=38 view=0
02:56:32.930 DBG Sending Htn. senderID=1 sn=36 view=0
02:56:32.930 DBG Sending COMMIT. senderID=1 sn=37 view=0
02:56:32.930 DBG func sendCommit commit Tn. sn=37 tn=13
02:56:32.930 DBG Sending Htn. senderID=1 sn=37 view=0
02:56:32.930 DBG func handleCommit commit Tn. tn=13
02:56:32.930 DBG func handleCommit commit Tn. tn=13
02:56:32.930 DBG func handleHtnmsg htn. htn=13 localhtn=13 prelocalhtn=13
02:56:32.930 DBG func handleCommit commit Tn. tn=13
02:56:32.930 DBG func handleHtnmsg htn. htn=13 localhtn=13 prelocalhtn=13
02:56:32.931 DBG func handleHtnmsg htn. htn=13 localhtn=13 prelocalhtn=13
02:56:32.931 DBG func handleCommit commit Tn. tn=13
02:56:32.931 DBG func handleCommit commit Tn. tn=13
02:56:32.931 DBG func handleCommit commit Tn. tn=13
02:56:32.931 INF Committed entry. latency=0 nReq=85 sn=38
02:56:32.932 INF Committed entry. latency=0 nReq=88 sn=36
02:56:32.932 INF Delivered batch. nReq=88 sn=36
02:56:32.932 INF Committed entry. latency=0 nReq=84 sn=37
02:56:32.932 INF Delivered batch. nReq=84 sn=37
02:56:32.932 INF Delivered batch. nReq=85 sn=38
02:56:32.932 DBG Starting timer. sn=41 view=0
02:56:32.932 DBG Starting timer. sn=39 view=0
02:56:32.932 DBG Starting timer. sn=40 view=0
02:56:32.932 DBG func handleHtnmsg htn. htn=13 localhtn=13 prelocalhtn=13
02:56:32.932 DBG func handleHtnmsg htn. htn=13 localhtn=13 prelocalhtn=13
02:56:32.932 DBG func handleHtnmsg htn. htn=13 localhtn=13 prelocalhtn=13
02:56:33.908 DBG Batch ready. batchSize=4096
02:56:33.908 DBG Batch cut. left=0 nBuckets=22 nReq=88 next=0
02:56:33.909 DBG Waiting for batch. batchSize=4096
02:56:33.910 INF Sending PREPREPARE. nReq=88 senderID=1 sn=39 view=0
02:56:33.918 INF Handling PREPREPARE. nReq=84 senderID=3 sn=41
02:56:33.918 DBG Creating new Batch. nReq=84
02:56:33.922 INF Handling PREPREPARE. nReq=84 senderID=2 sn=40
02:56:33.922 DBG Creating new Batch. nReq=84
02:56:33.928 DBG Sending PREPARE. senderID=1 sn=41 view=0
02:56:33.928 DBG func sendPrepare prepare Tn. sn=41 tn=14
02:56:33.930 DBG Sending COMMIT. senderID=1 sn=41 view=0
02:56:33.930 DBG func sendCommit commit Tn. sn=41 tn=14
02:56:33.930 DBG Sending Htn. senderID=1 sn=41 view=0
02:56:33.931 DBG func handleCommit commit Tn. tn=14
02:56:33.931 DBG func handleHtnmsg htn. htn=14 localhtn=14 prelocalhtn=14
02:56:33.931 DBG Sending PREPARE. senderID=1 sn=40 view=0
02:56:33.931 DBG func handleCommit commit Tn. tn=14
02:56:33.932 DBG func sendPrepare prepare Tn. sn=40 tn=14
02:56:33.932 INF Committed entry. latency=0 nReq=84 sn=41
02:56:33.932 DBG Starting timer. sn=44 view=0
02:56:33.932 DBG func handleHtnmsg htn. htn=14 localhtn=14 prelocalhtn=14
02:56:33.932 DBG Sending COMMIT. senderID=1 sn=40 view=0
02:56:33.932 DBG Sending COMMIT. senderID=1 sn=39 view=0
02:56:33.932 DBG func sendCommit commit Tn. sn=40 tn=14
02:56:33.932 DBG func sendCommit commit Tn. sn=39 tn=14
02:56:33.933 DBG Sending Htn. senderID=1 sn=39 view=0
02:56:33.933 DBG Sending Htn. senderID=1 sn=40 view=0
02:56:33.933 DBG func handleCommit commit Tn. tn=14
02:56:33.933 DBG func handleCommit commit Tn. tn=14
02:56:33.933 DBG func handleCommit commit Tn. tn=14
02:56:33.934 INF Committed entry. latency=0 nReq=88 sn=39
02:56:33.934 INF Delivered batch. nReq=88 sn=39
02:56:33.934 DBG Starting timer. sn=42 view=0
02:56:33.934 DBG func handleHtnmsg htn. htn=14 localhtn=14 prelocalhtn=14
02:56:33.934 DBG func handleHtnmsg htn. htn=14 localhtn=14 prelocalhtn=14
02:56:33.935 DBG func handleCommit commit Tn. tn=14
02:56:33.935 INF Committed entry. latency=0 nReq=84 sn=40
02:56:33.935 INF Delivered batch. nReq=84 sn=40
02:56:33.936 INF Delivered batch. nReq=84 sn=41
02:56:33.936 DBG Starting timer. sn=43 view=0
02:56:33.936 DBG func handleHtnmsg htn. htn=14 localhtn=14 prelocalhtn=14
02:56:33.936 DBG func handleHtnmsg htn. htn=14 localhtn=14 prelocalhtn=14
02:56:34.910 DBG Batch ready. batchSize=4096
02:56:34.911 DBG Batch cut. left=0 nBuckets=22 nReq=89 next=0
02:56:34.911 DBG Waiting for batch. batchSize=4096
02:56:34.913 INF Sending PREPREPARE. nReq=89 senderID=1 sn=42 view=0
02:56:34.919 INF Handling PREPREPARE. nReq=84 senderID=3 sn=44
02:56:34.920 DBG Creating new Batch. nReq=84
02:56:34.922 INF Handling PREPREPARE. nReq=84 senderID=2 sn=43
02:56:34.922 DBG Creating new Batch. nReq=84
02:56:34.930 DBG Sending PREPARE. senderID=1 sn=44 view=0
02:56:34.930 DBG func sendPrepare prepare Tn. sn=44 tn=15
02:56:34.930 DBG Sending COMMIT. senderID=1 sn=44 view=0
02:56:34.930 DBG func sendCommit commit Tn. sn=44 tn=15
02:56:34.931 DBG Sending Htn. senderID=1 sn=44 view=0
02:56:34.932 DBG Sending PREPARE. senderID=1 sn=43 view=0
02:56:34.932 DBG func sendPrepare prepare Tn. sn=43 tn=15
02:56:34.932 DBG func handleCommit commit Tn. tn=15
02:56:34.933 DBG func handleHtnmsg htn. htn=15 localhtn=15 prelocalhtn=15
02:56:34.933 DBG func handleCommit commit Tn. tn=15
02:56:34.933 INF Committed entry. latency=0 nReq=84 sn=44
02:56:34.933 DBG Starting timer. sn=47 view=0
02:56:34.933 DBG func handleHtnmsg htn. htn=15 localhtn=15 prelocalhtn=15
02:56:34.935 DBG Sending COMMIT. senderID=1 sn=43 view=0
02:56:34.935 DBG func sendCommit commit Tn. sn=43 tn=15
02:56:34.935 DBG Sending Htn. senderID=1 sn=43 view=0
02:56:34.936 DBG func handleCommit commit Tn. tn=15
02:56:34.936 DBG Sending COMMIT. senderID=1 sn=42 view=0
02:56:34.936 DBG func handleHtnmsg htn. htn=15 localhtn=15 prelocalhtn=15
02:56:34.936 DBG func sendCommit commit Tn. sn=42 tn=15
02:56:34.936 DBG Sending Htn. senderID=1 sn=42 view=0
02:56:34.937 DBG func handleCommit commit Tn. tn=15
02:56:34.937 DBG func handleHtnmsg htn. htn=15 localhtn=15 prelocalhtn=15
02:56:34.938 DBG func handleCommit commit Tn. tn=15
02:56:34.938 DBG func handleCommit commit Tn. tn=15
02:56:34.938 INF Committed entry. latency=0 nReq=89 sn=42
02:56:34.939 INF Committed entry. latency=0 nReq=84 sn=43
02:56:34.939 INF Delivered batch. nReq=89 sn=42
02:56:34.939 INF Delivered batch. nReq=84 sn=43
02:56:34.939 INF Delivered batch. nReq=84 sn=44
02:56:34.939 DBG Starting timer. sn=45 view=0
02:56:34.939 DBG Starting timer. sn=46 view=0
02:56:34.939 DBG func handleHtnmsg htn. htn=15 localhtn=15 prelocalhtn=15
02:56:34.940 DBG func handleHtnmsg htn. htn=15 localhtn=15 prelocalhtn=15
02:56:35.912 DBG Batch ready. batchSize=4096
02:56:35.912 DBG Batch cut. left=0 nBuckets=22 nReq=88 next=0
02:56:35.912 DBG Waiting for batch. batchSize=4096
02:56:35.915 INF Sending PREPREPARE. nReq=88 senderID=1 sn=45 view=0
02:56:35.921 INF Handling PREPREPARE. nReq=84 senderID=3 sn=47
02:56:35.921 DBG Creating new Batch. nReq=84
02:56:35.923 INF Handling PREPREPARE. nReq=85 senderID=2 sn=46
02:56:35.923 DBG Creating new Batch. nReq=85
02:56:35.930 DBG Sending PREPARE. senderID=1 sn=47 view=0
02:56:35.930 DBG func sendPrepare prepare Tn. sn=47 tn=16
02:56:35.932 DBG Sending COMMIT. senderID=1 sn=47 view=0
02:56:35.932 DBG func sendCommit commit Tn. sn=47 tn=16
02:56:35.932 DBG Sending Htn. senderID=1 sn=47 view=0
02:56:35.932 DBG func handleCommit commit Tn. tn=16
02:56:35.932 DBG func handleHtnmsg htn. htn=16 localhtn=16 prelocalhtn=16
02:56:35.933 DBG func handleCommit commit Tn. tn=16
02:56:35.933 DBG Sending PREPARE. senderID=1 sn=46 view=0
02:56:35.933 DBG func sendPrepare prepare Tn. sn=46 tn=16
02:56:35.933 INF Committed entry. latency=0 nReq=84 sn=47
02:56:35.933 DBG Starting timer. sn=50 view=0
02:56:35.934 DBG func handleHtnmsg htn. htn=16 localhtn=16 prelocalhtn=16
02:56:35.935 DBG Sending COMMIT. senderID=1 sn=46 view=0
02:56:35.935 DBG Sending COMMIT. senderID=1 sn=45 view=0
02:56:35.936 DBG func sendCommit commit Tn. sn=46 tn=16
02:56:35.936 DBG func sendCommit commit Tn. sn=45 tn=16
02:56:35.936 DBG Sending Htn. senderID=1 sn=46 view=0
02:56:35.936 DBG Sending Htn. senderID=1 sn=45 view=0
02:56:35.936 DBG func handleCommit commit Tn. tn=16
02:56:35.936 DBG func handleCommit commit Tn. tn=16
02:56:35.936 DBG func handleHtnmsg htn. htn=16 localhtn=16 prelocalhtn=16
02:56:35.937 DBG func handleHtnmsg htn. htn=16 localhtn=16 prelocalhtn=16
02:56:35.937 DBG func handleCommit commit Tn. tn=16
02:56:35.937 DBG func handleCommit commit Tn. tn=16
02:56:35.937 INF Committed entry. latency=0 nReq=85 sn=46
02:56:35.937 INF Committed entry. latency=0 nReq=88 sn=45
02:56:35.937 INF Delivered batch. nReq=88 sn=45
02:56:35.938 INF Delivered batch. nReq=85 sn=46
02:56:35.938 INF Delivered batch. nReq=84 sn=47
02:56:35.938 DBG Starting timer. sn=49 view=0
02:56:35.938 DBG Starting timer. sn=48 view=0
02:56:35.938 DBG func handleHtnmsg htn. htn=16 localhtn=16 prelocalhtn=16
02:56:35.938 DBG func handleHtnmsg htn. htn=16 localhtn=16 prelocalhtn=16
02:56:36.915 DBG Batch ready. batchSize=4096
02:56:36.915 DBG Batch cut. left=0 nBuckets=22 nReq=88 next=0
02:56:36.915 DBG Waiting for batch. batchSize=4096
02:56:36.917 INF Sending PREPREPARE. nReq=88 senderID=1 sn=48 view=0
02:56:36.923 INF Handling PREPREPARE. nReq=84 senderID=3 sn=50
02:56:36.923 DBG Creating new Batch. nReq=84
02:56:36.927 INF Handling PREPREPARE. nReq=84 senderID=2 sn=49
02:56:36.927 DBG Creating new Batch. nReq=84
02:56:36.934 DBG Sending PREPARE. senderID=1 sn=50 view=0
02:56:36.934 DBG func sendPrepare prepare Tn. sn=50 tn=17
02:56:36.934 DBG Sending COMMIT. senderID=1 sn=50 view=0
02:56:36.935 DBG func sendCommit commit Tn. sn=50 tn=17
02:56:36.935 DBG Sending Htn. senderID=1 sn=50 view=0
02:56:36.937 DBG func handleCommit commit Tn. tn=17
02:56:36.937 DBG Sending PREPARE. senderID=1 sn=49 view=0
02:56:36.937 DBG func handleHtnmsg htn. htn=17 localhtn=17 prelocalhtn=17
02:56:36.937 DBG func sendPrepare prepare Tn. sn=49 tn=17
02:56:36.937 DBG func handleCommit commit Tn. tn=17
02:56:36.937 INF Committed entry. latency=0 nReq=84 sn=50
02:56:36.937 DBG Starting timer. sn=53 view=0
02:56:36.938 DBG func handleHtnmsg htn. htn=17 localhtn=17 prelocalhtn=17
02:56:36.940 DBG Sending COMMIT. senderID=1 sn=48 view=0
02:56:36.940 DBG func sendCommit commit Tn. sn=48 tn=17
02:56:36.940 DBG Sending Htn. senderID=1 sn=48 view=0
02:56:36.941 DBG func handleCommit commit Tn. tn=17
02:56:36.941 DBG func handleHtnmsg htn. htn=17 localhtn=17 prelocalhtn=17
02:56:36.941 DBG func handleCommit commit Tn. tn=17
02:56:36.942 INF Committed entry. latency=0 nReq=88 sn=48
02:56:36.942 INF Delivered batch. nReq=88 sn=48
02:56:36.942 DBG Starting timer. sn=51 view=0
02:56:36.942 DBG Sending COMMIT. senderID=1 sn=49 view=0
02:56:36.942 DBG func handleHtnmsg htn. htn=17 localhtn=17 prelocalhtn=17
02:56:36.942 DBG func sendCommit commit Tn. sn=49 tn=17
02:56:36.942 DBG Sending Htn. senderID=1 sn=49 view=0
02:56:36.943 DBG func handleCommit commit Tn. tn=17
02:56:36.943 DBG func handleHtnmsg htn. htn=17 localhtn=17 prelocalhtn=17
02:56:36.943 DBG func handleCommit commit Tn. tn=17
02:56:36.944 INF Committed entry. latency=0 nReq=84 sn=49
02:56:36.944 INF Delivered batch. nReq=84 sn=49
02:56:36.944 INF Delivered batch. nReq=84 sn=50
02:56:36.945 DBG Starting timer. sn=52 view=0
02:56:36.945 DBG func handleHtnmsg htn. htn=17 localhtn=17 prelocalhtn=17
02:56:37.917 DBG Batch ready. batchSize=4096
02:56:37.917 DBG Batch cut. left=0 nBuckets=22 nReq=88 next=0
02:56:37.918 DBG Waiting for batch. batchSize=4096
02:56:37.919 INF Sending PREPREPARE. nReq=88 senderID=1 sn=51 view=0
02:56:37.926 INF Handling PREPREPARE. nReq=85 senderID=3 sn=53
02:56:37.926 DBG Creating new Batch. nReq=85
02:56:37.927 INF Handling PREPREPARE. nReq=84 senderID=2 sn=52
02:56:37.928 DBG Creating new Batch. nReq=84
02:56:37.936 DBG Sending PREPARE. senderID=1 sn=53 view=0
02:56:37.936 DBG func sendPrepare prepare Tn. sn=53 tn=18
02:56:37.937 DBG Sending PREPARE. senderID=1 sn=52 view=0
02:56:37.937 DBG func sendPrepare prepare Tn. sn=52 tn=18
02:56:37.939 DBG Sending COMMIT. senderID=1 sn=53 view=0
02:56:37.939 DBG func sendCommit commit Tn. sn=53 tn=18
02:56:37.940 DBG Sending Htn. senderID=1 sn=53 view=0
02:56:37.940 DBG Sending COMMIT. senderID=1 sn=52 view=0
02:56:37.940 DBG func handleCommit commit Tn. tn=18
02:56:37.940 DBG func sendCommit commit Tn. sn=52 tn=18
02:56:37.940 DBG func handleHtnmsg htn. htn=18 localhtn=18 prelocalhtn=18
02:56:37.940 DBG Sending Htn. senderID=1 sn=52 view=0
02:56:37.940 DBG func handleCommit commit Tn. tn=18
02:56:37.941 DBG func handleCommit commit Tn. tn=18
02:56:37.941 DBG Sending COMMIT. senderID=1 sn=51 view=0
02:56:37.941 DBG func handleCommit commit Tn. tn=18
02:56:37.941 DBG func sendCommit commit Tn. sn=51 tn=18
02:56:37.941 DBG Sending Htn. senderID=1 sn=51 view=0
02:56:37.941 INF Committed entry. latency=0 nReq=84 sn=52
02:56:37.941 INF Committed entry. latency=0 nReq=85 sn=53
02:56:37.941 DBG Starting timer. sn=55 view=0
02:56:37.941 DBG Starting timer. sn=56 view=0
02:56:37.942 DBG func handleHtnmsg htn. htn=18 localhtn=18 prelocalhtn=18
02:56:37.942 DBG func handleHtnmsg htn. htn=18 localhtn=18 prelocalhtn=18
02:56:37.942 DBG func handleCommit commit Tn. tn=18
02:56:37.942 DBG func handleHtnmsg htn. htn=18 localhtn=18 prelocalhtn=18
02:56:37.942 DBG func handleHtnmsg htn. htn=18 localhtn=18 prelocalhtn=18
02:56:37.942 DBG func handleCommit commit Tn. tn=18
02:56:37.943 INF Committed entry. latency=0 nReq=88 sn=51
02:56:37.943 INF Delivered batch. nReq=88 sn=51
02:56:37.943 INF Delivered batch. nReq=84 sn=52
02:56:37.943 INF Delivered batch. nReq=85 sn=53
02:56:37.943 DBG Starting timer. sn=54 view=0
02:56:37.944 DBG func handleHtnmsg htn. htn=18 localhtn=18 prelocalhtn=18
02:56:38.919 DBG Batch ready. batchSize=4096
02:56:38.920 DBG Batch cut. left=0 nBuckets=22 nReq=89 next=0
02:56:38.920 DBG Waiting for batch. batchSize=4096
02:56:38.922 INF Sending PREPREPARE. nReq=89 senderID=1 sn=54 view=0
02:56:38.928 INF Handling PREPREPARE. nReq=84 senderID=3 sn=56
02:56:38.928 DBG Creating new Batch. nReq=84
02:56:38.928 INF Handling PREPREPARE. nReq=84 senderID=2 sn=55
02:56:38.929 DBG Creating new Batch. nReq=84
02:56:38.939 DBG Sending PREPARE. senderID=1 sn=55 view=0
02:56:38.939 DBG func sendPrepare prepare Tn. sn=55 tn=19
02:56:38.940 DBG Sending PREPARE. senderID=1 sn=56 view=0
02:56:38.940 DBG func sendPrepare prepare Tn. sn=56 tn=19
02:56:38.940 DBG Sending COMMIT. senderID=1 sn=56 view=0
02:56:38.940 DBG func sendCommit commit Tn. sn=56 tn=19
02:56:38.941 DBG Sending Htn. senderID=1 sn=56 view=0
02:56:38.941 DBG func handleCommit commit Tn. tn=19
02:56:38.941 DBG Sending COMMIT. senderID=1 sn=55 view=0
02:56:38.941 DBG func sendCommit commit Tn. sn=55 tn=19
02:56:38.942 DBG Sending Htn. senderID=1 sn=55 view=0
02:56:38.942 DBG func handleCommit commit Tn. tn=19
02:56:38.942 DBG func handleCommit commit Tn. tn=19
02:56:38.943 DBG func handleHtnmsg htn. htn=19 localhtn=19 prelocalhtn=19
02:56:38.943 DBG func handleCommit commit Tn. tn=19
02:56:38.943 INF Committed entry. latency=0 nReq=84 sn=56
02:56:38.943 INF Committed entry. latency=0 nReq=84 sn=55
02:56:38.943 DBG Starting timer. sn=59 view=0
02:56:38.943 DBG Starting timer. sn=58 view=0
02:56:38.943 DBG func handleHtnmsg htn. htn=19 localhtn=19 prelocalhtn=19
02:56:38.943 DBG func handleHtnmsg htn. htn=19 localhtn=19 prelocalhtn=19
02:56:38.944 DBG func handleHtnmsg htn. htn=19 localhtn=19 prelocalhtn=19
02:56:38.944 DBG Sending COMMIT. senderID=1 sn=54 view=0
02:56:38.945 DBG func sendCommit commit Tn. sn=54 tn=19
02:56:38.945 DBG Sending Htn. senderID=1 sn=54 view=0
02:56:38.945 DBG func handleCommit commit Tn. tn=19
02:56:38.946 DBG func handleHtnmsg htn. htn=19 localhtn=19 prelocalhtn=19
02:56:38.946 DBG func handleCommit commit Tn. tn=19
02:56:38.946 INF Committed entry. latency=0 nReq=89 sn=54
02:56:38.946 INF Delivered batch. nReq=89 sn=54
02:56:38.946 INF Delivered batch. nReq=84 sn=55
02:56:38.947 INF Delivered batch. nReq=84 sn=56
02:56:38.947 DBG Starting timer. sn=57 view=0
02:56:38.947 DBG func handleHtnmsg htn. htn=19 localhtn=19 prelocalhtn=19
02:56:39.921 DBG Batch ready. batchSize=4096
02:56:39.921 DBG Batch cut. left=0 nBuckets=22 nReq=88 next=0
02:56:39.921 DBG Waiting for batch. batchSize=4096
02:56:39.923 INF Sending PREPREPARE. nReq=88 senderID=1 sn=57 view=0
02:56:39.930 INF Handling PREPREPARE. nReq=84 senderID=3 sn=59
02:56:39.930 DBG Creating new Batch. nReq=84
02:56:39.931 INF Handling PREPREPARE. nReq=84 senderID=2 sn=58
02:56:39.931 DBG Creating new Batch. nReq=84
02:56:39.940 DBG Sending PREPARE. senderID=1 sn=59 view=0
02:56:39.940 DBG func sendPrepare prepare Tn. sn=59 tn=20
02:56:39.940 DBG Sending PREPARE. senderID=1 sn=58 view=0
02:56:39.941 DBG func sendPrepare prepare Tn. sn=58 tn=20
02:56:39.941 DBG Sending COMMIT. senderID=1 sn=59 view=0
02:56:39.941 DBG func sendCommit commit Tn. sn=59 tn=20
02:56:39.941 DBG Sending Htn. senderID=1 sn=59 view=0
02:56:39.943 DBG func handleCommit commit Tn. tn=20
02:56:39.943 DBG func handleHtnmsg htn. htn=20 localhtn=20 prelocalhtn=20
02:56:39.944 DBG func handleCommit commit Tn. tn=20
02:56:39.944 INF Committed entry. latency=0 nReq=84 sn=59
02:56:39.944 DBG Starting timer. sn=62 view=0
02:56:39.944 DBG func handleHtnmsg htn. htn=20 localhtn=20 prelocalhtn=20
02:56:39.944 DBG Sending COMMIT. senderID=1 sn=58 view=0
02:56:39.944 DBG func sendCommit commit Tn. sn=58 tn=20
02:56:39.945 DBG Sending Htn. senderID=1 sn=58 view=0
02:56:39.945 DBG func handleCommit commit Tn. tn=20
02:56:39.945 DBG Sending COMMIT. senderID=1 sn=57 view=0
02:56:39.946 DBG func handleHtnmsg htn. htn=20 localhtn=20 prelocalhtn=20
02:56:39.946 DBG func handleCommit commit Tn. tn=20
02:56:39.946 DBG func sendCommit commit Tn. sn=57 tn=20
02:56:39.946 DBG Sending Htn. senderID=1 sn=57 view=0
02:56:39.946 DBG func handleCommit commit Tn. tn=20
02:56:39.946 INF Committed entry. latency=0 nReq=84 sn=58
02:56:39.946 DBG Starting timer. sn=61 view=0
02:56:39.946 DBG func handleHtnmsg htn. htn=20 localhtn=20 prelocalhtn=20
02:56:39.946 DBG func handleHtnmsg htn. htn=20 localhtn=20 prelocalhtn=20
02:56:39.947 DBG func handleCommit commit Tn. tn=20
02:56:39.947 INF Committed entry. latency=0 nReq=88 sn=57
02:56:39.947 INF Delivered batch. nReq=88 sn=57
02:56:39.948 INF Delivered batch. nReq=84 sn=58
02:56:39.948 INF Delivered batch. nReq=84 sn=59
02:56:39.948 DBG Starting timer. sn=60 view=0
02:56:39.948 DBG func handleHtnmsg htn. htn=20 localhtn=20 prelocalhtn=20
02:56:40.922 DBG Batch ready. batchSize=4096
02:56:40.922 DBG Batch cut. left=0 nBuckets=22 nReq=88 next=0
02:56:40.923 DBG Waiting for batch. batchSize=4096
02:56:40.925 INF Sending PREPREPARE. nReq=88 senderID=1 sn=60 view=0
02:56:40.935 INF Handling PREPREPARE. nReq=84 senderID=3 sn=62
02:56:40.935 DBG Creating new Batch. nReq=84
02:56:40.935 INF Handling PREPREPARE. nReq=84 senderID=2 sn=61
02:56:40.935 DBG Creating new Batch. nReq=84
02:56:40.946 DBG Sending PREPARE. senderID=1 sn=61 view=0
02:56:40.946 DBG Sending COMMIT. senderID=1 sn=60 view=0
02:56:40.946 DBG func sendPrepare prepare Tn. sn=61 tn=21
02:56:40.946 DBG func sendCommit commit Tn. sn=60 tn=21
02:56:40.946 DBG Sending Htn. senderID=1 sn=60 view=0
02:56:40.947 DBG Sending PREPARE. senderID=1 sn=62 view=0
02:56:40.947 DBG Sending COMMIT. senderID=1 sn=61 view=0
02:56:40.947 DBG func sendPrepare prepare Tn. sn=62 tn=21
02:56:40.947 DBG func sendCommit commit Tn. sn=61 tn=21
02:56:40.947 DBG func handleCommit commit Tn. tn=21
02:56:40.947 DBG Sending Htn. senderID=1 sn=61 view=0
02:56:40.947 DBG func handleHtnmsg htn. htn=21 localhtn=21 prelocalhtn=21
02:56:40.948 DBG func handleCommit commit Tn. tn=21
02:56:40.948 DBG func handleCommit commit Tn. tn=21
02:56:40.948 DBG func handleHtnmsg htn. htn=21 localhtn=21 prelocalhtn=21
02:56:40.948 DBG Sending COMMIT. senderID=1 sn=62 view=0
02:56:40.949 INF Committed entry. latency=0 nReq=88 sn=60
02:56:40.949 DBG func sendCommit commit Tn. sn=62 tn=21
02:56:40.949 INF Delivered batch. nReq=88 sn=60
02:56:40.949 DBG Sending Htn. senderID=1 sn=62 view=0
02:56:40.949 DBG Starting timer. sn=63 view=0
02:56:40.949 DBG func handleHtnmsg htn. htn=21 localhtn=21 prelocalhtn=21
02:56:40.949 DBG func handleCommit commit Tn. tn=21
02:56:40.950 INF Committed entry. latency=0 nReq=84 sn=61
02:56:40.950 INF Delivered batch. nReq=84 sn=61
02:56:40.950 DBG Starting timer. sn=64 view=0
02:56:40.950 DBG func handleHtnmsg htn. htn=21 localhtn=21 prelocalhtn=21
02:56:40.951 DBG func handleCommit commit Tn. tn=21
02:56:40.951 DBG func handleHtnmsg htn. htn=21 localhtn=21 prelocalhtn=21
02:56:40.951 DBG func handleCommit commit Tn. tn=21
02:56:40.951 INF Committed entry. latency=0 nReq=84 sn=62
02:56:40.952 INF Delivered batch. nReq=84 sn=62
02:56:40.952 DBG Starting timer. sn=65 view=0
02:56:40.952 DBG func handleHtnmsg htn. htn=21 localhtn=21 prelocalhtn=21
02:56:41.923 DBG Batch ready. batchSize=4096
02:56:41.924 DBG Batch cut. left=0 nBuckets=22 nReq=89 next=0
02:56:41.924 DBG Waiting for batch. batchSize=4096
02:56:41.926 INF Sending PREPREPARE. nReq=89 senderID=1 sn=63 view=0
02:56:41.934 INF Handling PREPREPARE. nReq=84 senderID=3 sn=65
02:56:41.934 DBG Creating new Batch. nReq=84
02:56:41.935 INF Handling PREPREPARE. nReq=84 senderID=2 sn=64
02:56:41.936 DBG Creating new Batch. nReq=84
02:56:41.945 DBG Sending PREPARE. senderID=1 sn=64 view=0
02:56:41.946 DBG func sendPrepare prepare Tn. sn=64 tn=22
02:56:41.946 DBG Sending PREPARE. senderID=1 sn=65 view=0
02:56:41.946 DBG func sendPrepare prepare Tn. sn=65 tn=22
02:56:41.946 DBG Sending COMMIT. senderID=1 sn=65 view=0
02:56:41.946 DBG func sendCommit commit Tn. sn=65 tn=22
02:56:41.947 DBG Sending Htn. senderID=1 sn=65 view=0
02:56:41.948 DBG func handleCommit commit Tn. tn=22
02:56:41.948 DBG func handleHtnmsg htn. htn=22 localhtn=22 prelocalhtn=22
02:56:41.948 DBG func handleCommit commit Tn. tn=22
02:56:41.948 DBG Sending COMMIT. senderID=1 sn=64 view=0
02:56:41.948 DBG Sending COMMIT. senderID=1 sn=63 view=0
02:56:41.949 DBG func sendCommit commit Tn. sn=64 tn=22
02:56:41.949 DBG func sendCommit commit Tn. sn=63 tn=22
02:56:41.949 DBG Sending Htn. senderID=1 sn=64 view=0
02:56:41.949 DBG Sending Htn. senderID=1 sn=63 view=0
02:56:41.949 DBG func handleCommit commit Tn. tn=22
02:56:41.949 DBG func handleCommit commit Tn. tn=22
02:56:41.949 INF Committed entry. latency=0 nReq=84 sn=65
02:56:41.949 DBG func handleHtnmsg htn. htn=22 localhtn=22 prelocalhtn=22
02:56:41.949 DBG func handleHtnmsg htn. htn=22 localhtn=22 prelocalhtn=22
02:56:41.949 DBG Starting timer. sn=68 view=0
02:56:41.949 DBG func handleCommit commit Tn. tn=22
02:56:41.949 DBG func handleCommit commit Tn. tn=22
02:56:41.950 DBG func handleHtnmsg htn. htn=22 localhtn=22 prelocalhtn=22
02:56:41.950 INF Committed entry. latency=0 nReq=84 sn=64
02:56:41.950 INF Committed entry. latency=0 nReq=89 sn=63
02:56:41.950 INF Delivered batch. nReq=89 sn=63
02:56:41.950 INF Delivered batch. nReq=84 sn=64
02:56:41.950 INF Delivered batch. nReq=84 sn=65
02:56:41.950 DBG Starting timer. sn=67 view=0
02:56:41.950 DBG Starting timer. sn=66 view=0
02:56:41.951 DBG func handleHtnmsg htn. htn=22 localhtn=22 prelocalhtn=22
02:56:41.951 DBG func handleHtnmsg htn. htn=22 localhtn=22 prelocalhtn=22
02:56:42.925 DBG Batch ready. batchSize=4096
02:56:42.925 DBG Batch cut. left=0 nBuckets=22 nReq=88 next=0
02:56:42.926 DBG Waiting for batch. batchSize=4096
02:56:42.927 INF Sending PREPREPARE. nReq=88 senderID=1 sn=66 view=0
02:56:42.935 INF Handling PREPREPARE. nReq=84 senderID=3 sn=68
02:56:42.935 DBG Creating new Batch. nReq=84
02:56:42.937 INF Handling PREPREPARE. nReq=85 senderID=2 sn=67
02:56:42.937 DBG Creating new Batch. nReq=85
02:56:42.944 DBG Sending PREPARE. senderID=1 sn=68 view=0
02:56:42.945 DBG func sendPrepare prepare Tn. sn=68 tn=23
02:56:42.946 DBG Sending COMMIT. senderID=1 sn=68 view=0
02:56:42.946 DBG func sendCommit commit Tn. sn=68 tn=23
02:56:42.947 DBG Sending Htn. senderID=1 sn=68 view=0
02:56:42.947 DBG func handleCommit commit Tn. tn=23
02:56:42.947 DBG func handleCommit commit Tn. tn=23
02:56:42.947 DBG Sending PREPARE. senderID=1 sn=67 view=0
02:56:42.948 DBG func sendPrepare prepare Tn. sn=67 tn=23
02:56:42.948 INF Committed entry. latency=0 nReq=84 sn=68
02:56:42.948 DBG Starting timer. sn=71 view=0
02:56:42.948 DBG func handleHtnmsg htn. htn=23 localhtn=23 prelocalhtn=23
02:56:42.948 DBG func handleHtnmsg htn. htn=23 localhtn=23 prelocalhtn=23
02:56:42.949 DBG Sending COMMIT. senderID=1 sn=66 view=0
02:56:42.949 DBG func sendCommit commit Tn. sn=66 tn=23
02:56:42.949 DBG Sending Htn. senderID=1 sn=66 view=0
02:56:42.949 DBG Sending COMMIT. senderID=1 sn=67 view=0
02:56:42.950 DBG func sendCommit commit Tn. sn=67 tn=23
02:56:42.950 DBG Sending Htn. senderID=1 sn=67 view=0
02:56:42.950 DBG func handleCommit commit Tn. tn=23
02:56:42.950 DBG func handleHtnmsg htn. htn=23 localhtn=23 prelocalhtn=23
02:56:42.951 DBG func handleCommit commit Tn. tn=23
02:56:42.951 DBG func handleCommit commit Tn. tn=23
02:56:42.951 DBG func handleHtnmsg htn. htn=23 localhtn=23 prelocalhtn=23
02:56:42.951 DBG func handleCommit commit Tn. tn=23
02:56:42.951 INF Committed entry. latency=0 nReq=85 sn=67
02:56:42.951 INF Committed entry. latency=0 nReq=88 sn=66
02:56:42.952 INF Delivered batch. nReq=88 sn=66
02:56:42.952 INF Delivered batch. nReq=85 sn=67
02:56:42.952 INF Delivered batch. nReq=84 sn=68
02:56:42.952 DBG Starting timer. sn=70 view=0
02:56:42.952 DBG Starting timer. sn=69 view=0
02:56:42.952 DBG func handleHtnmsg htn. htn=23 localhtn=23 prelocalhtn=23
02:56:42.952 DBG func handleHtnmsg htn. htn=23 localhtn=23 prelocalhtn=23
02:56:43.926 DBG Batch ready. batchSize=4096
02:56:43.927 DBG Batch cut. left=0 nBuckets=22 nReq=88 next=0
02:56:43.928 DBG Waiting for batch. batchSize=4096
02:56:43.929 INF Sending PREPREPARE. nReq=88 senderID=1 sn=69 view=0
02:56:43.936 INF Handling PREPREPARE. nReq=84 senderID=3 sn=71
02:56:43.936 DBG Creating new Batch. nReq=84
02:56:43.940 INF Handling PREPREPARE. nReq=84 senderID=2 sn=70
02:56:43.940 DBG Creating new Batch. nReq=84
02:56:43.946 DBG Sending PREPARE. senderID=1 sn=71 view=0
02:56:43.946 DBG func sendPrepare prepare Tn. sn=71 tn=24
02:56:43.949 DBG Sending PREPARE. senderID=1 sn=70 view=0
02:56:43.950 DBG func sendPrepare prepare Tn. sn=70 tn=24
02:56:43.950 DBG Sending COMMIT. senderID=1 sn=71 view=0
02:56:43.950 DBG Sending COMMIT. senderID=1 sn=69 view=0
02:56:43.950 DBG func sendCommit commit Tn. sn=71 tn=24
02:56:43.950 DBG func sendCommit commit Tn. sn=69 tn=24
02:56:43.950 DBG Sending Htn. senderID=1 sn=71 view=0
02:56:43.950 DBG Sending Htn. senderID=1 sn=69 view=0
02:56:43.951 DBG func handleCommit commit Tn. tn=24
02:56:43.951 DBG func handleHtnmsg htn. htn=24 localhtn=24 prelocalhtn=24
02:56:43.951 DBG func handleCommit commit Tn. tn=24
02:56:43.951 DBG func handleHtnmsg htn. htn=24 localhtn=24 prelocalhtn=24
02:56:43.952 DBG func handleCommit commit Tn. tn=24
02:56:43.952 DBG func handleCommit commit Tn. tn=24
02:56:43.952 DBG Sending COMMIT. senderID=1 sn=70 view=0
02:56:43.952 DBG func sendCommit commit Tn. sn=70 tn=24
02:56:43.952 DBG Sending Htn. senderID=1 sn=70 view=0
02:56:43.952 INF Committed entry. latency=0 nReq=84 sn=71
02:56:43.952 INF Committed entry. latency=0 nReq=88 sn=69
02:56:43.952 INF Delivered batch. nReq=88 sn=69
02:56:43.952 DBG Starting timer. sn=74 view=0
02:56:43.953 DBG Starting timer. sn=72 view=0
02:56:43.953 DBG func handleHtnmsg htn. htn=24 localhtn=24 prelocalhtn=24
02:56:43.953 DBG func handleHtnmsg htn. htn=24 localhtn=24 prelocalhtn=24
02:56:43.953 DBG func handleCommit commit Tn. tn=24
02:56:43.953 DBG func handleHtnmsg htn. htn=24 localhtn=24 prelocalhtn=24
02:56:43.953 DBG func handleCommit commit Tn. tn=24
02:56:43.954 INF Committed entry. latency=0 nReq=84 sn=70
02:56:43.954 INF Delivered batch. nReq=84 sn=70
02:56:43.954 INF Delivered batch. nReq=84 sn=71
02:56:43.954 DBG Starting timer. sn=73 view=0
02:56:43.955 DBG func handleHtnmsg htn. htn=24 localhtn=24 prelocalhtn=24
02:56:44.929 DBG Batch ready. batchSize=4096
02:56:44.929 DBG Batch cut. left=0 nBuckets=22 nReq=88 next=0
02:56:44.930 DBG Waiting for batch. batchSize=4096
02:56:44.931 INF Sending PREPREPARE. nReq=88 senderID=1 sn=72 view=0
02:56:44.937 INF Handling PREPREPARE. nReq=84 senderID=3 sn=74
02:56:44.937 DBG Creating new Batch. nReq=84
02:56:44.941 INF Handling PREPREPARE. nReq=84 senderID=2 sn=73
02:56:44.941 DBG Creating new Batch. nReq=84
02:56:44.946 DBG Sending PREPARE. senderID=1 sn=74 view=0
02:56:44.946 DBG func sendPrepare prepare Tn. sn=74 tn=25
02:56:44.947 DBG Sending COMMIT. senderID=1 sn=74 view=0
02:56:44.948 DBG func sendCommit commit Tn. sn=74 tn=25
02:56:44.948 DBG Sending Htn. senderID=1 sn=74 view=0
02:56:44.949 DBG func handleCommit commit Tn. tn=25
02:56:44.949 DBG func handleHtnmsg htn. htn=25 localhtn=25 prelocalhtn=25
02:56:44.950 DBG func handleCommit commit Tn. tn=25
02:56:44.950 INF Committed entry. latency=0 nReq=84 sn=74
02:56:44.951 DBG Starting timer. sn=77 view=0
02:56:44.951 DBG func handleHtnmsg htn. htn=25 localhtn=25 prelocalhtn=25
02:56:44.951 DBG Sending PREPARE. senderID=1 sn=73 view=0
02:56:44.951 DBG func sendPrepare prepare Tn. sn=73 tn=25
02:56:44.953 DBG Sending COMMIT. senderID=1 sn=73 view=0
02:56:44.953 DBG func sendCommit commit Tn. sn=73 tn=25
02:56:44.954 DBG Sending Htn. senderID=1 sn=73 view=0
02:56:44.955 DBG func handleCommit commit Tn. tn=25
02:56:44.955 DBG Sending COMMIT. senderID=1 sn=72 view=0
02:56:44.955 DBG func handleHtnmsg htn. htn=25 localhtn=25 prelocalhtn=25
02:56:44.955 DBG func sendCommit commit Tn. sn=72 tn=25
02:56:44.955 DBG func handleCommit commit Tn. tn=25
02:56:44.955 DBG Sending Htn. senderID=1 sn=72 view=0
02:56:44.955 DBG func handleCommit commit Tn. tn=25
02:56:44.955 DBG func handleHtnmsg htn. htn=25 localhtn=25 prelocalhtn=25
02:56:44.955 INF Committed entry. latency=0 nReq=84 sn=73
02:56:44.956 DBG Starting timer. sn=76 view=0
02:56:44.956 DBG func handleCommit commit Tn. tn=25
02:56:44.956 DBG func handleHtnmsg htn. htn=25 localhtn=25 prelocalhtn=25
02:56:44.956 INF Committed entry. latency=0 nReq=88 sn=72
02:56:44.956 INF Delivered batch. nReq=88 sn=72
02:56:44.956 INF Delivered batch. nReq=84 sn=73
02:56:44.956 INF Delivered batch. nReq=84 sn=74
02:56:44.957 DBG Starting timer. sn=75 view=0
02:56:44.957 DBG func handleHtnmsg htn. htn=25 localhtn=25 prelocalhtn=25
02:56:45.931 DBG Batch ready. batchSize=4096
02:56:45.931 DBG Batch cut. left=0 nBuckets=22 nReq=88 next=0
02:56:45.931 DBG Waiting for batch. batchSize=4096
02:56:45.933 INF Sending PREPREPARE. nReq=88 senderID=1 sn=75 view=0
02:56:45.940 INF Handling PREPREPARE. nReq=84 senderID=3 sn=77
02:56:45.940 DBG Creating new Batch. nReq=84
02:56:45.944 INF Handling PREPREPARE. nReq=84 senderID=2 sn=76
02:56:45.944 DBG Creating new Batch. nReq=84
02:56:45.950 DBG Sending PREPARE. senderID=1 sn=77 view=0
02:56:45.950 DBG func sendPrepare prepare Tn. sn=77 tn=26
02:56:45.953 DBG Sending PREPARE. senderID=1 sn=76 view=0
02:56:45.953 DBG func sendPrepare prepare Tn. sn=76 tn=26
02:56:45.953 DBG Sending COMMIT. senderID=1 sn=76 view=0
02:56:45.954 DBG func sendCommit commit Tn. sn=76 tn=26
02:56:45.954 DBG Sending Htn. senderID=1 sn=76 view=0
02:56:45.954 DBG Sending COMMIT. senderID=1 sn=77 view=0
02:56:45.954 DBG func sendCommit commit Tn. sn=77 tn=26
02:56:45.954 DBG Sending Htn. senderID=1 sn=77 view=0
02:56:45.954 DBG func handleCommit commit Tn. tn=26
02:56:45.955 DBG func handleHtnmsg htn. htn=26 localhtn=26 prelocalhtn=26
02:56:45.955 DBG func handleCommit commit Tn. tn=26
02:56:45.955 DBG Sending COMMIT. senderID=1 sn=75 view=0
02:56:45.955 DBG func sendCommit commit Tn. sn=75 tn=26
02:56:45.955 DBG Sending Htn. senderID=1 sn=75 view=0
02:56:45.955 INF Committed entry. latency=0 nReq=84 sn=77
02:56:45.955 DBG func handleCommit commit Tn. tn=26
02:56:45.955 DBG Starting timer. sn=80 view=0
02:56:45.955 DBG func handleHtnmsg htn. htn=26 localhtn=26 prelocalhtn=26
02:56:45.956 DBG func handleCommit commit Tn. tn=26
02:56:45.956 DBG func handleHtnmsg htn. htn=26 localhtn=26 prelocalhtn=26
02:56:45.956 DBG func handleCommit commit Tn. tn=26
02:56:45.956 DBG func handleHtnmsg htn. htn=26 localhtn=26 prelocalhtn=26
02:56:45.956 DBG func handleCommit commit Tn. tn=26
02:56:45.957 INF Committed entry. latency=0 nReq=88 sn=75
02:56:45.957 INF Committed entry. latency=0 nReq=84 sn=76
02:56:45.957 INF Delivered batch. nReq=88 sn=75
02:56:45.957 INF Delivered batch. nReq=84 sn=76
02:56:45.957 INF Delivered batch. nReq=84 sn=77
02:56:45.957 DBG Starting timer. sn=78 view=0
02:56:45.957 DBG func handleHtnmsg htn. htn=26 localhtn=26 prelocalhtn=26
02:56:45.957 DBG Starting timer. sn=79 view=0
02:56:45.957 DBG func handleHtnmsg htn. htn=26 localhtn=26 prelocalhtn=26
02:56:46.932 DBG Batch ready. batchSize=4096
02:56:46.932 DBG Batch cut. left=0 nBuckets=22 nReq=88 next=0
02:56:46.933 DBG Waiting for batch. batchSize=4096
02:56:46.934 INF Sending PREPREPARE. nReq=88 senderID=1 sn=78 view=0
02:56:46.941 INF Handling PREPREPARE. nReq=84 senderID=3 sn=80
02:56:46.941 DBG Creating new Batch. nReq=84
02:56:46.944 INF Handling PREPREPARE. nReq=84 senderID=2 sn=79
02:56:46.944 DBG Creating new Batch. nReq=84
02:56:46.950 DBG Sending PREPARE. senderID=1 sn=80 view=0
02:56:46.951 DBG func sendPrepare prepare Tn. sn=80 tn=27
02:56:46.952 DBG Sending COMMIT. senderID=1 sn=80 view=0
02:56:46.953 DBG func sendCommit commit Tn. sn=80 tn=27
02:56:46.953 DBG Sending Htn. senderID=1 sn=80 view=0
02:56:46.953 DBG Sending PREPARE. senderID=1 sn=79 view=0
02:56:46.954 DBG func sendPrepare prepare Tn. sn=79 tn=27
02:56:46.954 DBG func handleCommit commit Tn. tn=27
02:56:46.954 DBG func handleHtnmsg htn. htn=27 localhtn=27 prelocalhtn=27
02:56:46.954 DBG func handleCommit commit Tn. tn=27
02:56:46.954 INF Committed entry. latency=0 nReq=84 sn=80
02:56:46.955 DBG Starting timer. sn=83 view=0
02:56:46.955 DBG func handleHtnmsg htn. htn=27 localhtn=27 prelocalhtn=27
02:56:46.956 DBG Sending COMMIT. senderID=1 sn=78 view=0
02:56:46.956 DBG func sendCommit commit Tn. sn=78 tn=27
02:56:46.956 DBG Sending Htn. senderID=1 sn=78 view=0
02:56:46.957 DBG func handleCommit commit Tn. tn=27
02:56:46.957 DBG func handleHtnmsg htn. htn=27 localhtn=27 prelocalhtn=27
02:56:46.957 DBG func handleCommit commit Tn. tn=27
02:56:46.957 DBG Sending COMMIT. senderID=1 sn=79 view=0
02:56:46.958 DBG func sendCommit commit Tn. sn=79 tn=27
02:56:46.958 DBG Sending Htn. senderID=1 sn=79 view=0
02:56:46.958 INF Committed entry. latency=0 nReq=88 sn=78
02:56:46.958 DBG func handleCommit commit Tn. tn=27
02:56:46.958 INF Delivered batch. nReq=88 sn=78
02:56:46.958 DBG func handleHtnmsg htn. htn=27 localhtn=27 prelocalhtn=27
02:56:46.958 DBG Starting timer. sn=81 view=0
02:56:46.958 DBG func handleHtnmsg htn. htn=27 localhtn=27 prelocalhtn=27
02:56:46.959 DBG func handleCommit commit Tn. tn=27
02:56:46.960 INF Committed entry. latency=0 nReq=84 sn=79
02:56:46.960 INF Delivered batch. nReq=84 sn=79
02:56:46.960 INF Delivered batch. nReq=84 sn=80
02:56:46.960 DBG Starting timer. sn=82 view=0
02:56:46.960 DBG func handleHtnmsg htn. htn=27 localhtn=27 prelocalhtn=27
02:56:47.934 DBG Batch ready. batchSize=4096
02:56:47.935 DBG Batch cut. left=0 nBuckets=22 nReq=88 next=0
02:56:47.935 DBG Waiting for batch. batchSize=4096
02:56:47.936 INF Sending PREPREPARE. nReq=88 senderID=1 sn=81 view=0
02:56:47.943 INF Handling PREPREPARE. nReq=85 senderID=3 sn=83
02:56:47.943 DBG Creating new Batch. nReq=85
02:56:47.947 INF Handling PREPREPARE. nReq=84 senderID=2 sn=82
02:56:47.947 DBG Creating new Batch. nReq=84
02:56:47.952 DBG Sending PREPARE. senderID=1 sn=83 view=0
02:56:47.952 DBG func sendPrepare prepare Tn. sn=83 tn=28
02:56:47.955 DBG Sending COMMIT. senderID=1 sn=83 view=0
02:56:47.955 DBG func sendCommit commit Tn. sn=83 tn=28
02:56:47.956 DBG Sending Htn. senderID=1 sn=83 view=0
02:56:47.956 DBG Sending PREPARE. senderID=1 sn=82 view=0
02:56:47.956 DBG func handleCommit commit Tn. tn=28
02:56:47.956 DBG func sendPrepare prepare Tn. sn=82 tn=28
02:56:47.956 DBG func handleHtnmsg htn. htn=28 localhtn=28 prelocalhtn=28
02:56:47.957 DBG func handleCommit commit Tn. tn=28
02:56:47.957 INF Committed entry. latency=0 nReq=85 sn=83
02:56:47.957 DBG Starting timer. sn=86 view=0
02:56:47.957 DBG Sending COMMIT. senderID=1 sn=81 view=0
02:56:47.958 DBG func handleHtnmsg htn. htn=28 localhtn=28 prelocalhtn=28
02:56:47.958 DBG func sendCommit commit Tn. sn=81 tn=28
02:56:47.958 DBG Sending COMMIT. senderID=1 sn=82 view=0
02:56:47.958 DBG Sending Htn. senderID=1 sn=81 view=0
02:56:47.958 DBG func sendCommit commit Tn. sn=82 tn=28
02:56:47.958 DBG Sending Htn. senderID=1 sn=82 view=0
02:56:47.958 DBG func handleCommit commit Tn. tn=28
02:56:47.958 DBG func handleHtnmsg htn. htn=28 localhtn=28 prelocalhtn=28
02:56:47.958 DBG func handleCommit commit Tn. tn=28
02:56:47.959 DBG func handleCommit commit Tn. tn=28
02:56:47.959 DBG func handleCommit commit Tn. tn=28
02:56:47.959 INF Committed entry. latency=0 nReq=84 sn=82
02:56:47.960 INF Committed entry. latency=0 nReq=88 sn=81
02:56:47.960 INF Delivered batch. nReq=88 sn=81
02:56:47.960 INF Delivered batch. nReq=84 sn=82
02:56:47.960 INF Delivered batch. nReq=85 sn=83
02:56:47.960 DBG Starting timer. sn=85 view=0
02:56:47.960 DBG Starting timer. sn=84 view=0
02:56:47.960 DBG func handleHtnmsg htn. htn=28 localhtn=28 prelocalhtn=28
02:56:47.960 DBG func handleHtnmsg htn. htn=28 localhtn=28 prelocalhtn=28
02:56:47.961 DBG func handleHtnmsg htn. htn=28 localhtn=28 prelocalhtn=28
02:56:48.937 DBG Batch ready. batchSize=4096
02:56:48.937 DBG Batch cut. left=0 nBuckets=22 nReq=89 next=0
02:56:48.937 DBG Waiting for batch. batchSize=4096
02:56:48.939 INF Sending PREPREPARE. nReq=89 senderID=1 sn=84 view=0
02:56:48.945 INF Handling PREPREPARE. nReq=84 senderID=3 sn=86
02:56:48.946 DBG Creating new Batch. nReq=84
02:56:48.948 INF Handling PREPREPARE. nReq=84 senderID=2 sn=85
02:56:48.948 DBG Creating new Batch. nReq=84
02:56:48.959 DBG Sending PREPARE. senderID=1 sn=85 view=0
02:56:48.959 DBG func sendPrepare prepare Tn. sn=85 tn=29
02:56:48.959 DBG Sending PREPARE. senderID=1 sn=86 view=0
02:56:48.959 DBG func sendPrepare prepare Tn. sn=86 tn=29
02:56:48.961 DBG Sending COMMIT. senderID=1 sn=86 view=0
02:56:48.961 DBG func sendCommit commit Tn. sn=86 tn=29
02:56:48.962 DBG Sending Htn. senderID=1 sn=86 view=0
02:56:48.962 DBG Sending COMMIT. senderID=1 sn=85 view=0
02:56:48.962 DBG func handleCommit commit Tn. tn=29
02:56:48.963 DBG func sendCommit commit Tn. sn=85 tn=29
02:56:48.963 DBG func handleCommit commit Tn. tn=29
02:56:48.963 DBG Sending COMMIT. senderID=1 sn=84 view=0
02:56:48.963 DBG Sending Htn. senderID=1 sn=85 view=0
02:56:48.963 DBG func sendCommit commit Tn. sn=84 tn=29
02:56:48.963 INF Committed entry. latency=0 nReq=84 sn=86
02:56:48.963 DBG Sending Htn. senderID=1 sn=84 view=0
02:56:48.963 DBG Starting timer. sn=89 view=0
02:56:48.963 DBG func handleHtnmsg htn. htn=29 localhtn=29 prelocalhtn=29
02:56:48.964 DBG func handleCommit commit Tn. tn=29
02:56:48.964 DBG func handleHtnmsg htn. htn=29 localhtn=29 prelocalhtn=29
02:56:48.964 DBG func handleCommit commit Tn. tn=29
02:56:48.964 DBG func handleHtnmsg htn. htn=29 localhtn=29 prelocalhtn=29
02:56:48.964 DBG func handleHtnmsg htn. htn=29 localhtn=29 prelocalhtn=29
02:56:48.965 DBG func handleCommit commit Tn. tn=29
02:56:48.965 DBG func handleCommit commit Tn. tn=29
02:56:48.965 INF Committed entry. latency=0 nReq=89 sn=84
02:56:48.965 INF Committed entry. latency=0 nReq=84 sn=85
02:56:48.965 INF Delivered batch. nReq=89 sn=84
02:56:48.966 INF Delivered batch. nReq=84 sn=85
02:56:48.966 INF Delivered batch. nReq=84 sn=86
02:56:48.966 DBG Starting timer. sn=87 view=0
02:56:48.966 DBG Starting timer. sn=88 view=0
02:56:48.966 DBG func handleHtnmsg htn. htn=29 localhtn=29 prelocalhtn=29
02:56:48.966 DBG func handleHtnmsg htn. htn=29 localhtn=29 prelocalhtn=29
02:56:49.938 DBG Batch ready. batchSize=4096
02:56:49.938 DBG Batch cut. left=0 nBuckets=22 nReq=88 next=0
02:56:49.938 DBG Waiting for batch. batchSize=4096
02:56:49.940 INF Sending PREPREPARE. nReq=88 senderID=1 sn=87 view=0
02:56:49.948 INF Handling PREPREPARE. nReq=84 senderID=3 sn=89
02:56:49.948 DBG Creating new Batch. nReq=84
02:56:49.949 INF Handling PREPREPARE. nReq=84 senderID=2 sn=88
02:56:49.950 DBG Creating new Batch. nReq=84
02:56:49.960 DBG Sending PREPARE. senderID=1 sn=89 view=0
02:56:49.960 DBG Sending PREPARE. senderID=1 sn=88 view=0
02:56:49.960 DBG func sendPrepare prepare Tn. sn=89 tn=30
02:56:49.960 DBG func sendPrepare prepare Tn. sn=88 tn=30
02:56:49.960 DBG Sending COMMIT. senderID=1 sn=89 view=0
02:56:49.960 DBG Sending COMMIT. senderID=1 sn=88 view=0
02:56:49.961 DBG func sendCommit commit Tn. sn=89 tn=30
02:56:49.961 DBG Sending COMMIT. senderID=1 sn=87 view=0
02:56:49.961 DBG func sendCommit commit Tn. sn=88 tn=30
02:56:49.961 DBG func sendCommit commit Tn. sn=87 tn=30
02:56:49.961 DBG Sending Htn. senderID=1 sn=88 view=0
02:56:49.961 DBG Sending Htn. senderID=1 sn=89 view=0
02:56:49.961 DBG Sending Htn. senderID=1 sn=87 view=0
02:56:49.961 DBG func handleCommit commit Tn. tn=30
02:56:49.962 DBG func handleCommit commit Tn. tn=30
02:56:49.962 DBG func handleCommit commit Tn. tn=30
02:56:49.962 INF Committed entry. latency=0 nReq=88 sn=87
02:56:49.962 DBG func handleCommit commit Tn. tn=30
02:56:49.962 INF Delivered batch. nReq=88 sn=87
02:56:49.962 DBG func handleCommit commit Tn. tn=30
02:56:49.963 DBG func handleHtnmsg htn. htn=30 localhtn=30 prelocalhtn=30
02:56:49.963 DBG Starting timer. sn=90 view=0
02:56:49.963 DBG func handleCommit commit Tn. tn=30
02:56:49.963 DBG func handleHtnmsg htn. htn=30 localhtn=30 prelocalhtn=30
02:56:49.963 INF Committed entry. latency=0 nReq=84 sn=88
02:56:49.963 DBG func handleHtnmsg htn. htn=30 localhtn=30 prelocalhtn=30
02:56:49.963 INF Delivered batch. nReq=84 sn=88
02:56:49.963 INF Committed entry. latency=0 nReq=84 sn=89
02:56:49.963 INF Delivered batch. nReq=84 sn=89
02:56:49.964 DBG Starting timer. sn=91 view=0
02:56:49.964 DBG Starting timer. sn=92 view=0
02:56:49.964 DBG func handleHtnmsg htn. htn=30 localhtn=30 prelocalhtn=30
02:56:49.964 DBG func handleHtnmsg htn. htn=30 localhtn=30 prelocalhtn=30
02:56:49.964 DBG func handleHtnmsg htn. htn=30 localhtn=30 prelocalhtn=30
02:56:50.940 DBG Batch ready. batchSize=4096
02:56:50.941 DBG Batch cut. left=0 nBuckets=22 nReq=89 next=0
02:56:50.941 DBG Waiting for batch. batchSize=4096
02:56:50.943 INF Sending PREPREPARE. nReq=89 senderID=1 sn=90 view=0
02:56:50.949 INF Handling PREPREPARE. nReq=84 senderID=3 sn=92
02:56:50.949 DBG Creating new Batch. nReq=84
02:56:50.953 INF Handling PREPREPARE. nReq=84 senderID=2 sn=91
02:56:50.953 DBG Creating new Batch. nReq=84
02:56:50.959 DBG Sending PREPARE. senderID=1 sn=92 view=0
02:56:50.959 DBG func sendPrepare prepare Tn. sn=92 tn=31
02:56:50.962 DBG Sending PREPARE. senderID=1 sn=91 view=0
02:56:50.962 DBG func sendPrepare prepare Tn. sn=91 tn=31
02:56:50.963 DBG Sending COMMIT. senderID=1 sn=92 view=0
02:56:50.964 DBG func sendCommit commit Tn. sn=92 tn=31
02:56:50.964 DBG Sending Htn. senderID=1 sn=92 view=0
02:56:50.964 DBG func handleCommit commit Tn. tn=31
02:56:50.964 DBG func handleHtnmsg htn. htn=31 localhtn=31 prelocalhtn=31
02:56:50.964 DBG func handleCommit commit Tn. tn=31
02:56:50.964 INF Committed entry. latency=0 nReq=84 sn=92
02:56:50.965 DBG Starting timer. sn=95 view=0
02:56:50.965 DBG func handleHtnmsg htn. htn=31 localhtn=31 prelocalhtn=31
02:56:50.965 DBG Sending COMMIT. senderID=1 sn=90 view=0
02:56:50.965 DBG Sending COMMIT. senderID=1 sn=91 view=0
02:56:50.965 DBG func sendCommit commit Tn. sn=90 tn=31
02:56:50.966 DBG func sendCommit commit Tn. sn=91 tn=31
02:56:50.966 DBG Sending Htn. senderID=1 sn=90 view=0
02:56:50.966 DBG Sending Htn. senderID=1 sn=91 view=0
02:56:50.966 DBG func handleCommit commit Tn. tn=31
02:56:50.967 DBG func handleCommit commit Tn. tn=31
02:56:50.967 DBG func handleCommit commit Tn. tn=31
02:56:50.967 DBG func handleHtnmsg htn. htn=31 localhtn=31 prelocalhtn=31
02:56:50.967 DBG func handleCommit commit Tn. tn=31
02:56:50.967 INF Committed entry. latency=0 nReq=84 sn=91
02:56:50.968 DBG Starting timer. sn=94 view=0
02:56:50.968 INF Committed entry. latency=0 nReq=89 sn=90
02:56:50.968 DBG func handleHtnmsg htn. htn=31 localhtn=31 prelocalhtn=31
02:56:50.968 INF Delivered batch. nReq=89 sn=90
02:56:50.968 DBG func handleHtnmsg htn. htn=31 localhtn=31 prelocalhtn=31
02:56:50.968 INF Delivered batch. nReq=84 sn=91
02:56:50.968 INF Delivered batch. nReq=84 sn=92
02:56:50.968 DBG Starting timer. sn=93 view=0
02:56:50.968 DBG func handleHtnmsg htn. htn=31 localhtn=31 prelocalhtn=31
02:56:51.942 DBG Batch ready. batchSize=4096
02:56:51.943 DBG Batch cut. left=0 nBuckets=22 nReq=88 next=0
02:56:51.943 DBG Waiting for batch. batchSize=4096
02:56:51.945 INF Sending PREPREPARE. nReq=88 senderID=1 sn=93 view=0
02:56:51.951 INF Handling PREPREPARE. nReq=84 senderID=3 sn=95
02:56:51.952 DBG Creating new Batch. nReq=84
02:56:51.953 INF Handling PREPREPARE. nReq=84 senderID=2 sn=94
02:56:51.954 DBG Creating new Batch. nReq=84
02:56:51.960 DBG Sending PREPARE. senderID=1 sn=95 view=0
02:56:51.961 DBG func sendPrepare prepare Tn. sn=95 tn=32
02:56:51.962 DBG Sending COMMIT. senderID=1 sn=95 view=0
02:56:51.962 DBG func sendCommit commit Tn. sn=95 tn=32
02:56:51.962 DBG Sending Htn. senderID=1 sn=95 view=0
02:56:51.963 DBG Sending PREPARE. senderID=1 sn=94 view=0
02:56:51.963 DBG func sendPrepare prepare Tn. sn=94 tn=32
02:56:51.963 DBG func handleCommit commit Tn. tn=32
02:56:51.963 DBG func handleHtnmsg htn. htn=32 localhtn=32 prelocalhtn=32
02:56:51.963 DBG func handleCommit commit Tn. tn=32
02:56:51.964 INF Committed entry. latency=0 nReq=84 sn=95
02:56:51.964 DBG Starting timer. sn=98 view=0
02:56:51.964 DBG func handleHtnmsg htn. htn=32 localhtn=32 prelocalhtn=32
02:56:51.967 DBG Sending COMMIT. senderID=1 sn=94 view=0
02:56:51.967 DBG Sending COMMIT. senderID=1 sn=93 view=0
02:56:51.967 DBG func sendCommit commit Tn. sn=94 tn=32
02:56:51.968 DBG func sendCommit commit Tn. sn=93 tn=32
02:56:51.968 DBG Sending Htn. senderID=1 sn=94 view=0
02:56:51.968 DBG Sending Htn. senderID=1 sn=93 view=0
02:56:51.968 DBG func handleCommit commit Tn. tn=32
02:56:51.968 DBG func handleCommit commit Tn. tn=32
02:56:51.968 DBG func handleHtnmsg htn. htn=32 localhtn=32 prelocalhtn=32
02:56:51.969 DBG func handleCommit commit Tn. tn=32
02:56:51.969 DBG func handleCommit commit Tn. tn=32
02:56:51.969 INF Committed entry. latency=0 nReq=88 sn=93
02:56:51.969 INF Committed entry. latency=0 nReq=84 sn=94
02:56:51.969 INF Delivered batch. nReq=88 sn=93
02:56:51.970 INF Delivered batch. nReq=84 sn=94
02:56:51.970 INF Delivered batch. nReq=84 sn=95
02:56:51.970 DBG Starting timer. sn=96 view=0
02:56:51.970 DBG func handleHtnmsg htn. htn=32 localhtn=32 prelocalhtn=32
02:56:51.970 DBG Starting timer. sn=97 view=0
02:56:51.970 DBG func handleHtnmsg htn. htn=32 localhtn=32 prelocalhtn=32
02:56:51.970 DBG func handleHtnmsg htn. htn=32 localhtn=32 prelocalhtn=32
02:56:52.940 INF Connection terminated. error="rpc error: code = Canceled desc = context canceled" address=127.0.0.1:46060
02:56:52.940 INF Finished sending bucket assignments to client. clId=0
02:56:52.944 DBG Batch ready. batchSize=4096
02:56:52.944 DBG Batch cut. left=0 nBuckets=22 nReq=0 next=0
02:56:52.944 INF Sending PREPREPARE. nReq=0 senderID=1 sn=96 view=0
02:56:52.944 DBG Waiting for batch. batchSize=4096
02:56:52.945 INF Handling PREPREPARE. nReq=0 senderID=3 sn=98
02:56:52.945 INF Handling PREPREPARE. nReq=0 senderID=2 sn=97
02:56:52.945 DBG Creating new Batch. nReq=0
02:56:52.945 DBG Creating new Batch. nReq=0
02:56:52.945 DBG Sending PREPARE. senderID=1 sn=98 view=0
02:56:52.946 DBG Sending PREPARE. senderID=1 sn=97 view=0
02:56:52.946 DBG func sendPrepare prepare Tn. sn=98 tn=33
02:56:52.946 DBG func sendPrepare prepare Tn. sn=97 tn=33
02:56:52.946 DBG Sending COMMIT. senderID=1 sn=97 view=0
02:56:52.946 DBG func sendCommit commit Tn. sn=97 tn=33
02:56:52.947 DBG Sending Htn. senderID=1 sn=97 view=0
02:56:52.947 DBG Sending COMMIT. senderID=1 sn=98 view=0
02:56:52.947 DBG func sendCommit commit Tn. sn=98 tn=33
02:56:52.947 DBG Sending Htn. senderID=1 sn=98 view=0
02:56:52.947 DBG Sending COMMIT. senderID=1 sn=96 view=0
02:56:52.948 DBG func handleCommit commit Tn. tn=33
02:56:52.948 DBG func sendCommit commit Tn. sn=96 tn=33
02:56:52.948 DBG func handleCommit commit Tn. tn=33
02:56:52.948 DBG Sending Htn. senderID=1 sn=96 view=0
02:56:52.948 INF Committed entry. latency=0 nReq=0 sn=98
02:56:52.948 DBG Starting timer. sn=101 view=0
02:56:52.948 DBG func handleHtnmsg htn. htn=33 localhtn=33 prelocalhtn=33
02:56:52.948 DBG func handleCommit commit Tn. tn=33
02:56:52.948 DBG func handleHtnmsg htn. htn=33 localhtn=33 prelocalhtn=33
02:56:52.948 DBG func handleCommit commit Tn. tn=33
02:56:52.949 DBG func handleHtnmsg htn. htn=33 localhtn=33 prelocalhtn=33
02:56:52.949 DBG func handleCommit commit Tn. tn=33
02:56:52.949 DBG func handleCommit commit Tn. tn=33
02:56:52.949 INF Committed entry. latency=0 nReq=0 sn=97
02:56:52.949 INF Committed entry. latency=0 nReq=0 sn=96
02:56:52.949 INF Delivered batch. nReq=0 sn=96
02:56:52.949 INF Delivered batch. nReq=0 sn=97
02:56:52.949 INF Delivered batch. nReq=0 sn=98
02:56:52.950 DBG Starting timer. sn=100 view=0
02:56:52.950 DBG Starting timer. sn=99 view=0
02:56:52.950 DBG func handleHtnmsg htn. htn=33 localhtn=33 prelocalhtn=33
02:56:52.950 DBG func handleHtnmsg htn. htn=33 localhtn=33 prelocalhtn=33
02:56:52.950 DBG func handleHtnmsg htn. htn=33 localhtn=33 prelocalhtn=33
02:56:53.311 INF Stopping profiler.
02:56:53.311 INF Stopping Tracer. events=205 fileName=experiment-output/0000/slave-004/peer.trc
==================
WARNING: DATA RACE
Read at 0x00c0009b2000 by goroutine 115:
  runtime.racereadrange()
      <autogenerated>:1 +0x1b
  github.com/hyperledger-labs/mirbft/tracing.(*BufferedTrace).StopOnSignal.func1()
      /opt/gopath/src/github.com/hyperledger-labs/mirbft/tracing/bufferedtrace.go:298 +0x4e

Previous write at 0x00c0009b2000 by goroutine 415:
  github.com/hyperledger-labs/mirbft/tracing.(*BufferedTrace).Event()
      /opt/gopath/src/github.com/hyperledger-labs/mirbft/tracing/bufferedtrace.go:105 +0x2d9
  github.com/hyperledger-labs/mirbft/manager.(*MirManager).handleLogEntries()
      /opt/gopath/src/github.com/hyperledger-labs/mirbft/manager/mirmanager.go:139 +0x1d8
  github.com/hyperledger-labs/mirbft/manager.(*MirManager).Startdwrap7()
      /opt/gopath/src/github.com/hyperledger-labs/mirbft/manager/mirmanager.go:101 +0x47

Goroutine 115 (running) created at:
  github.com/hyperledger-labs/mirbft/tracing.(*BufferedTrace).StopOnSignal()
      /opt/gopath/src/github.com/hyperledger-labs/mirbft/tracing/bufferedtrace.go:292 +0x172
  main.setUpTracing()
      /opt/gopath/src/github.com/hyperledger-labs/mirbft/cmd/orderingpeer/main.go:204 +0xf5
  main.main()
      /opt/gopath/src/github.com/hyperledger-labs/mirbft/cmd/orderingpeer/main.go:98 +0x9d6

Goroutine 415 (running) created at:
  github.com/hyperledger-labs/mirbft/manager.(*MirManager).Start()
      /opt/gopath/src/github.com/hyperledger-labs/mirbft/manager/mirmanager.go:101 +0x19e
  main.maindwrap4()
      /opt/gopath/src/github.com/hyperledger-labs/mirbft/cmd/orderingpeer/main.go:168 +0x59
==================
==================
WARNING: DATA RACE
Read at 0x00c0009b3e50 by goroutine 115:
  runtime.racereadrange()
      <autogenerated>:1 +0x1b
  github.com/hyperledger-labs/mirbft/tracing.(*BufferedTrace).StopOnSignal.func1()
      /opt/gopath/src/github.com/hyperledger-labs/mirbft/tracing/bufferedtrace.go:298 +0x4e

Previous write at 0x00c0009b3e50 by goroutine 350:
  github.com/hyperledger-labs/mirbft/tracing.(*BufferedTrace).Event()
      /opt/gopath/src/github.com/hyperledger-labs/mirbft/tracing/bufferedtrace.go:105 +0x2d9
  github.com/hyperledger-labs/mirbft/messenger.NewBatchedConnection.func1()
      /opt/gopath/src/github.com/hyperledger-labs/mirbft/messenger/peerconnection.go:397 +0x3b6
  github.com/hyperledger-labs/mirbft/util.(*ChannelBuffer).PeriodicFunc.func1()
      /opt/gopath/src/github.com/hyperledger-labs/mirbft/util/channelbuffer.go:80 +0xbd

Goroutine 115 (running) created at:
  github.com/hyperledger-labs/mirbft/tracing.(*BufferedTrace).StopOnSignal()
      /opt/gopath/src/github.com/hyperledger-labs/mirbft/tracing/bufferedtrace.go:292 +0x172
  main.setUpTracing()
      /opt/gopath/src/github.com/hyperledger-labs/mirbft/cmd/orderingpeer/main.go:204 +0xf5
  main.main()
      /opt/gopath/src/github.com/hyperledger-labs/mirbft/cmd/orderingpeer/main.go:98 +0x9d6

Goroutine 350 (running) created at:
  github.com/hyperledger-labs/mirbft/util.(*ChannelBuffer).PeriodicFunc()
      /opt/gopath/src/github.com/hyperledger-labs/mirbft/util/channelbuffer.go:78 +0xef
  github.com/hyperledger-labs/mirbft/messenger.NewBatchedConnection()
      /opt/gopath/src/github.com/hyperledger-labs/mirbft/messenger/peerconnection.go:370 +0x19c
  github.com/hyperledger-labs/mirbft/messenger.connectToPeer()
      /opt/gopath/src/github.com/hyperledger-labs/mirbft/messenger/peers.go:337 +0x8f6
  github.com/hyperledger-labs/mirbft/messenger.Connect.func2()
      /opt/gopath/src/github.com/hyperledger-labs/mirbft/messenger/peers.go:233 +0x37
  github.com/hyperledger-labs/mirbft/messenger.Connectdwrap9()
      /opt/gopath/src/github.com/hyperledger-labs/mirbft/messenger/peers.go:235 +0x44
==================
==================
WARNING: DATA RACE
Read at 0x00c0009b3fe0 by goroutine 115:
  runtime.racereadrange()
      <autogenerated>:1 +0x1b
  github.com/hyperledger-labs/mirbft/tracing.(*BufferedTrace).StopOnSignal.func1()
      /opt/gopath/src/github.com/hyperledger-labs/mirbft/tracing/bufferedtrace.go:298 +0x4e

Previous write at 0x00c0009b3fe0 by goroutine 114:
  github.com/hyperledger-labs/mirbft/tracing.(*BufferedTrace).Event()
      /opt/gopath/src/github.com/hyperledger-labs/mirbft/tracing/bufferedtrace.go:105 +0x2d9
  github.com/hyperledger-labs/mirbft/profiling.StartCPUTracing.func1()
      /opt/gopath/src/github.com/hyperledger-labs/mirbft/profiling/cpuusage.go:31 +0x95

Goroutine 115 (running) created at:
  github.com/hyperledger-labs/mirbft/tracing.(*BufferedTrace).StopOnSignal()
      /opt/gopath/src/github.com/hyperledger-labs/mirbft/tracing/bufferedtrace.go:292 +0x172
  main.setUpTracing()
      /opt/gopath/src/github.com/hyperledger-labs/mirbft/cmd/orderingpeer/main.go:204 +0xf5
  main.main()
      /opt/gopath/src/github.com/hyperledger-labs/mirbft/cmd/orderingpeer/main.go:98 +0x9d6

Goroutine 114 (running) created at:
  github.com/hyperledger-labs/mirbft/profiling.StartCPUTracing()
      /opt/gopath/src/github.com/hyperledger-labs/mirbft/profiling/cpuusage.go:28 +0xb6
  main.setUpTracing()
      /opt/gopath/src/github.com/hyperledger-labs/mirbft/cmd/orderingpeer/main.go:196 +0x85
  main.main()
      /opt/gopath/src/github.com/hyperledger-labs/mirbft/cmd/orderingpeer/main.go:98 +0x9d6
==================
02:56:53.314 INF Trace data written.
02:56:53.405 INF Profile data written. filename=experiment-output/0000/slave-004/prof.cpu name=cpu
02:56:53.472 INF Connection terminated. error="rpc error: code = Canceled desc = context canceled" address=127.0.0.1:46036
02:56:53.472 INF Connection terminated. error="rpc error: code = Canceled desc = context canceled" address=127.0.0.1:46032
02:56:53.472 INF Connection terminated. error="rpc error: code = Canceled desc = context canceled" address=127.0.0.1:46010
02:56:53.472 INF Connection terminated. error="rpc error: code = Canceled desc = context canceled" address=127.0.0.1:45864
02:56:53.472 INF Connection terminated. error="rpc error: code = Canceled desc = context canceled" address=127.0.0.1:45986
02:56:53.472 INF Connection terminated. error="rpc error: code = Canceled desc = context canceled" address=127.0.0.1:45956
02:56:53.476 INF Profile data written. filename=experiment-output/0000/slave-004/prof.block name=block
02:56:53.491 INF Connection terminated. error="rpc error: code = Canceled desc = context canceled" address=127.0.0.1:45992
02:56:53.491 INF Connection terminated. error="rpc error: code = Canceled desc = context canceled" address=127.0.0.1:45994
02:56:53.491 INF Connection terminated. error="rpc error: code = Canceled desc = context canceled" address=127.0.0.1:45948
02:56:53.491 INF Connection terminated. error="rpc error: code = Canceled desc = context canceled" address=127.0.0.1:45908
02:56:53.492 INF Connection terminated. error="rpc error: code = Canceled desc = context canceled" address=127.0.0.1:45856
02:56:53.492 INF Connection terminated. error="rpc error: code = Canceled desc = context canceled" address=127.0.0.1:45886
02:56:53.512 INF Profile data written. filename=experiment-output/0000/slave-004/prof.mutex name=mutex
