7:38AM INF Received own slave ID. ownSlaveId=2
7:38AM INF OK status=0
7:38AM INF Received command. cmdId=3
7:38AM INF Received an ExecStart command args="[-p experiment-output/0000/slave-__id__/config]" cmd=mkdir outFile=/dev/null
7:38AM INF OK status=0
7:38AM INF Received command. cmdId=4
7:38AM INF Received command. cmdType=ExecWait
7:38AM INF OK status=0
7:38AM INF Received command. cmdId=7
7:38AM INF Received an ExecStart command args="[config/config-0000.yml experiment-output/0000/slave-__id__/config/config.yml]" cmd=cp outFile=/dev/null
7:38AM INF OK status=0
7:38AM INF Received command. cmdId=8
7:38AM INF Received command. cmdType=ExecWait
7:38AM INF OK status=0
7:38AM INF Received command. cmdId=10
7:38AM INF Received command. cmdType=Noop
7:38AM INF Noop. Doing nothing. status=077:38AM INF Received command. cmdId=15
7:38AM INF Received an ExecStart command args="[experiment-output/0000/slave-__id__/config/config.yml 127.0.0.1:9999 experiment-output/0000/slave-__id__/client experiment-output/0000/slave-__id__/prof-client]" cmd=orderingclient outFile=experiment-output/0000/slave-__id__/clients.log
7:38AM INF OK status=0
7:38AM IN7:39AM INF Received command. cmdId=18
7:39AM INF Received command. cmdType=ExecSignal
7:39AM INF OK status=0
7:39AM INF Received command. cmdId=23
7:39AM INF Received command. cmdType=Stop
Noop. Doing nothing. status=0
7:39AM INF Received command. cmdId=23
7:39AM INF Received command. cmdType=Stop
