{"level":"debug","Logging":"debug","time":"2022-08-17T10:59:36+08:00","message":"Config"}
{"level":"debug","UseTLS":false,"time":"2022-08-17T10:59:36+08:00","message":"Config"}
{"level":"debug","CACertFile":"tls-data/ca.pem","time":"2022-08-17T10:59:36+08:00","message":"Config"}
{"level":"debug","KeyFile":"tls-data/auth.key","time":"2022-08-17T10:59:36+08:00","message":"Config"}
{"level":"debug","CertFile":"tls-data/auth.pem","time":"2022-08-17T10:59:36+08:00","message":"Config"}
{"level":"debug","PriorityConnections":2,"time":"2022-08-17T10:59:36+08:00","message":"Config"}
{"level":"debug","BasicConnections":4,"time":"2022-08-17T10:59:36+08:00","message":"Config"}
{"level":"debug","TestConnections":false,"time":"2022-08-17T10:59:36+08:00","message":"Config"}
{"level":"debug","ExcessConnections":1,"time":"2022-08-17T10:59:36+08:00","message":"Config"}
{"level":"debug","ConnectionTestMsgs":4,"time":"2022-08-17T10:59:36+08:00","message":"Config"}
{"level":"debug","ConnectionTestPayload":131072,"time":"2022-08-17T10:59:36+08:00","message":"Config"}
{"level":"debug","OutMessageBufsize":1024,"time":"2022-08-17T10:59:36+08:00","message":"Config"}
{"level":"debug","OutMessageBufsize":1,"time":"2022-08-17T10:59:36+08:00","message":"Config"}
{"level":"debug","ThroughputCap":131072000,"time":"2022-08-17T10:59:36+08:00","message":"Config"}
{"level":"debug","StragglerTolerance":1000,"time":"2022-08-17T10:59:36+08:00","message":"Config"}
{"level":"debug","BatchSizeIncrement":256,"time":"2022-08-17T10:59:36+08:00","message":"Config"}
{"level":"debug","Orderer":"Pbft","time":"2022-08-17T10:59:36+08:00","message":"Config"}
{"level":"debug","Manager":"Mir","time":"2022-08-17T10:59:36+08:00","message":"Config"}
{"level":"debug","Failures":1,"time":"2022-08-17T10:59:36+08:00","message":"Config"}
{"level":"debug","CrashTiming":"Straggler","time":"2022-08-17T10:59:36+08:00","message":"Config"}
{"level":"debug","CheckpointInterval":256,"time":"2022-08-17T10:59:36+08:00","message":"Config"}
{"level":"debug","WatermarkWindowSize":256,"time":"2022-08-17T10:59:36+08:00","message":"Config"}
{"level":"debug","EpochLength":256,"time":"2022-08-17T10:59:36+08:00","message":"Config"}
{"level":"debug","SegmentLength":64,"time":"2022-08-17T10:59:36+08:00","message":"Config"}
{"level":"debug","WaitForCheckpoints":true,"time":"2022-08-17T10:59:36+08:00","message":"Config"}
{"level":"debug","ClientWatermarkWindowSize":4194304,"time":"2022-08-17T10:59:36+08:00","message":"Config"}
{"level":"debug","ClientRequestBacklogSize":4194304,"time":"2022-08-17T10:59:36+08:00","message":"Config"}
{"level":"debug","RandomSeed":1615,"time":"2022-08-17T10:59:36+08:00","message":"Config"}
{"level":"debug","NodeToLeaderRatio":1,"time":"2022-08-17T10:59:36+08:00","message":"Config"}
{"level":"debug","LeaderPolicy":"SimulatedRandomFailures","time":"2022-08-17T10:59:36+08:00","message":"Config"}
{"level":"debug","DefaultLeaderBan":2,"time":"2022-08-17T10:59:36+08:00","message":"Config"}
{"level":"debug","NumBuckets":64,"time":"2022-08-17T10:59:36+08:00","message":"Config"}
{"level":"debug","BatchSize":1000,"time":"2022-08-17T10:59:36+08:00","message":"Config"}
{"level":"debug","DisabledViewChange":false,"time":"2022-08-17T10:59:36+08:00","message":"Config"}
{"level":"debug","ViewChangeTimeout":60000,"time":"2022-08-17T10:59:36+08:00","message":"Config"}
{"level":"debug","ClientTraceSampling":10,"time":"2022-08-17T10:59:36+08:00","message":"Config"}
{"level":"debug","EventBufferSize":2097152,"time":"2022-08-17T10:59:36+08:00","message":"Config"}
{"level":"debug","TraceSampling":1,"time":"2022-08-17T10:59:36+08:00","message":"Config"}
{"level":"debug","ClientsPerProcess":1,"time":"2022-08-17T10:59:36+08:00","message":"Config"}
{"level":"debug","RequestsPerClient":7680,"time":"2022-08-17T10:59:36+08:00","message":"Config"}
{"level":"debug","ClientRunTime":30000,"time":"2022-08-17T10:59:36+08:00","message":"Config"}
{"level":"debug","RequestRate":128,"time":"2022-08-17T10:59:36+08:00","message":"Config"}
{"level":"debug","HardRequestRateLimit":false,"time":"2022-08-17T10:59:36+08:00","message":"Config"}
{"level":"debug","RequestPayloadSize":500,"time":"2022-08-17T10:59:36+08:00","message":"Config"}
{"level":"debug","SignRequests":true,"time":"2022-08-17T10:59:36+08:00","message":"Config"}
{"level":"debug","ClientPrivKeyFile":"tls-data/client-ecdsa-256.key","time":"2022-08-17T10:59:36+08:00","message":"Config"}
{"level":"debug","ClientPubKeyFile":"tls-data/client-ecdsa-256.pem","time":"2022-08-17T10:59:36+08:00","message":"Config"}
{"level":"debug","PrecomputeRequests":false,"time":"2022-08-17T10:59:36+08:00","message":"Config"}
{"level":"debug","RequestHandlerThreads":32,"time":"2022-08-17T10:59:36+08:00","message":"Config"}
{"level":"debug","RequestInputChannelBuffer":8192,"time":"2022-08-17T10:59:36+08:00","message":"Config"}
{"level":"debug","BatchVerifier":"external","time":"2022-08-17T10:59:36+08:00","message":"Config"}
02:59:36.350 INF Registered with discovery server. numPeers=4 ownID=0
02:59:36.351 INF Profiling enabled.
02:59:36.351 INF Setting up profiling.
02:59:36.351 INF Started Profiler: CPU
02:59:36.351 INF Started Profiler: BLOCK
02:59:36.352 INF Started Profiler: MUTEX
02:59:36.352 INF Profiler will stop on signal. exit=true
02:59:36.353 INF Tracing will stop on signal. exit=false
02:59:36.354 INF Started tracing. traceFile=experiment-output/0002/slave-002/peer.trc
02:59:36.355 DBG Starting backlog.
02:59:36.355 INF Listening for connections. port=10000 useTLS=false
02:59:36.355 INF Connecting to peer. addr=127.0.0.1:10011 basicConns=4 priorityConns=2
02:59:36.355 INF Connecting to peer. addr=127.0.0.1:10000 basicConns=4 priorityConns=2
02:59:36.355 INF Connecting to peer. addr=127.0.0.1:10022 basicConns=4 priorityConns=2
02:59:36.355 INF Connecting to peer. addr=127.0.0.1:10033 basicConns=4 priorityConns=2
02:59:36.380 INF Incoming connection for protocol messages. addr=127.0.0.1:46488
02:59:36.380 INF Incoming connection for protocol messages. addr=127.0.0.1:46454
02:59:36.381 INF Incoming connection for protocol messages. addr=127.0.0.1:46474
02:59:36.382 INF Incoming connection for protocol messages. addr=127.0.0.1:46444
02:59:36.386 INF Incoming connection for protocol messages. addr=127.0.0.1:46482
02:59:36.391 INF Incoming connection for protocol messages. addr=127.0.0.1:46498
02:59:36.391 INF Incoming connection for protocol messages. addr=127.0.0.1:46468
02:59:36.392 INF Incoming connection for protocol messages. addr=127.0.0.1:46494
02:59:36.392 INF Incoming connection for protocol messages. addr=127.0.0.1:46504
02:59:36.393 INF Incoming connection for protocol messages. addr=127.0.0.1:46514
02:59:36.399 INF Incoming connection for protocol messages. addr=127.0.0.1:46534
02:59:36.399 INF Incoming connection for protocol messages. addr=127.0.0.1:46540
02:59:36.400 INF Incoming connection for protocol messages. addr=127.0.0.1:46526
02:59:36.400 INF Incoming connection for protocol messages. addr=127.0.0.1:46556
02:59:36.400 INF Incoming connection for protocol messages. addr=127.0.0.1:46580
02:59:36.401 INF Incoming connection for protocol messages. addr=127.0.0.1:46518
02:59:36.402 INF Incoming connection for protocol messages. addr=127.0.0.1:46564
02:59:36.402 INF Incoming connection for protocol messages. addr=127.0.0.1:46582
02:59:36.402 INF Incoming connection for protocol messages. addr=127.0.0.1:46578
02:59:36.403 INF Incoming connection for protocol messages. addr=127.0.0.1:46604
02:59:36.403 INF Incoming connection for protocol messages. addr=127.0.0.1:46598
02:59:36.403 INF Incoming connection for protocol messages. addr=127.0.0.1:46606
02:59:36.403 DBG Connected. peerID=0
02:59:36.404 DBG Connected. peerID=2
02:59:36.404 DBG Connected. peerID=3
02:59:36.404 DBG Connected. peerID=1
02:59:36.404 INF Incoming connection for protocol messages. addr=127.0.0.1:46618
02:59:36.404 INF Connected to all peers.
02:59:36.404 INF Incoming connection for protocol messages. addr=127.0.0.1:46624
02:59:36.408 INF All peers finished connecting. Starting ISS.
02:59:36.408 DBG Buckets for 0-th leader 0: [0 4 8 12 16 20 24 28 32 36 40 44 48 52 56 60 9 21 33 45 57]
02:59:36.409 DBG Buckets for 1-th leader 2: [2 6 10 14 18 22 26 30 34 38 42 46 50 54 58 62 1 13 25 37 49 61]
02:59:36.409 DBG Buckets for 2-th leader 3: [3 7 11 15 19 23 27 31 35 39 43 47 51 55 59 63 5 17 29 41 53]
02:59:36.409 INF PbftOrderer received a new segment: [1 4 7 10 13 16 19 22 25 28 31 34 37 40 43 46 49 52 55 58 61 64 67 70 73 76 79 82 85 88 91 94 97 100 103 106 109 112 115 118 121 124 127 130 133 136 139 142 145 148 151 154 157 160 163 166 169 172 175 178 181 184 187 190] first leader=2 firstSN=1 lastSN=190 len=64 length=64 segId=1
02:59:36.409 INF Starting new view. segID=1 timeout=60000 view=0
02:59:36.410 DBG Starting timer. sn=1 view=0
02:59:36.410 INF Starting PBFT instance. first=1 last=190 segID=1
02:59:36.410 DBG Subscribing to backlog. segID=1
02:59:36.410 INF Starting serialized message processing. segID=1
02:59:36.410 INF PbftOrderer received a new segment: [2 5 8 11 14 17 20 23 26 29 32 35 38 41 44 47 50 53 56 59 62 65 68 71 74 77 80 83 86 89 92 95 98 101 104 107 110 113 116 119 122 125 128 131 134 137 140 143 146 149 152 155 158 161 164 167 170 173 176 179 182 185 188 191] first leader=3 firstSN=2 lastSN=191 len=64 length=64 segId=2
02:59:36.411 INF Starting new view. segID=2 timeout=60000 view=0
02:59:36.411 DBG Starting timer. sn=2 view=0
02:59:36.411 INF Starting PBFT instance. first=2 last=191 segID=2
02:59:36.411 DBG Subscribing to backlog. segID=2
02:59:36.411 INF Starting serialized message processing. segID=2
02:59:36.411 INF PbftOrderer received a new segment: [0 3 6 9 12 15 18 21 24 27 30 33 36 39 42 45 48 51 54 57 60 63 66 69 72 75 78 81 84 87 90 93 96 99 102 105 108 111 114 117 120 123 126 129 132 135 138 141 144 147 150 153 156 159 162 165 168 171 174 177 180 183 186 189] first leader=0 firstSN=0 lastSN=189 len=64 length=64 segId=0
02:59:36.412 INF Starting new view. segID=0 timeout=60000 view=0
02:59:36.412 DBG Starting timer. sn=0 view=0
02:59:36.412 INF Starting PBFT instance. first=0 last=189 segID=0
02:59:36.412 DBG Subscribing to backlog. segID=0
02:59:36.412 DBG Leading segment. segID=0
02:59:36.412 INF Starting serialized message processing. segID=0
02:59:36.413 DBG Waiting for batch. batchSize=4096
02:59:36.429 INF Connection terminated. error="rpc error: code = Canceled desc = context canceled" address=127.0.0.1:46580
02:59:36.429 INF Connection terminated. error="rpc error: code = Canceled desc = context canceled" address=127.0.0.1:46504
02:59:36.429 INF Connection terminated. error="rpc error: code = Canceled desc = context canceled" address=127.0.0.1:46498
02:59:36.429 INF Connection terminated. error="rpc error: code = Canceled desc = context canceled" address=127.0.0.1:46518
02:59:36.429 INF Connection terminated. error="rpc error: code = Canceled desc = context canceled" address=127.0.0.1:46556
02:59:36.429 INF Connection terminated. error="rpc error: code = Canceled desc = context canceled" address=127.0.0.1:46606
02:59:37.413 DBG Batch ready. batchSize=4096
02:59:37.413 DBG Batch cut. left=0 nBuckets=21 nReq=0 next=0
02:59:37.413 DBG Waiting for batch. batchSize=4096
02:59:37.413 INF Sending PREPREPARE. nReq=0 senderID=0 sn=0 view=0
02:59:37.416 INF Handling PREPREPARE. nReq=0 senderID=2 sn=1
02:59:37.416 ERR Failed to send protocol message. Dropping all future outgoing protocol messages. error=EOF
02:59:37.416 DBG Creating new Batch. nReq=0
02:59:37.416 INF Handling PREPREPARE. nReq=0 senderID=3 sn=2
02:59:37.417 DBG Creating new Batch. nReq=0
02:59:37.417 DBG Sending PREPARE. senderID=0 sn=1 view=0
02:59:37.417 DBG Sending PREPARE. senderID=0 sn=2 view=0
02:59:37.417 DBG Sending COMMIT. senderID=0 sn=2 view=0
02:59:37.417 DBG Sending COMMIT. senderID=0 sn=1 view=0
02:59:37.419 DBG Sending COMMIT. senderID=0 sn=0 view=0
02:59:37.420 INF Committed entry. latency=0 nReq=0 sn=1
02:59:37.420 INF Committed entry. latency=0 nReq=0 sn=0
02:59:37.420 INF Committed entry. latency=0 nReq=0 sn=2
02:59:37.420 INF Delivered batch. nReq=0 sn=0
02:59:37.420 INF Delivered batch. nReq=0 sn=1
02:59:37.421 INF Delivered batch. nReq=0 sn=2
02:59:37.421 DBG Starting timer. sn=4 view=0
02:59:37.421 DBG Starting timer. sn=3 view=0
02:59:37.421 DBG Starting timer. sn=5 view=0
02:59:38.414 INF Handling PREPREPARE. nReq=0 senderID=2 sn=4
02:59:38.414 DBG Batch ready. batchSize=4096
02:59:38.414 DBG Creating new Batch. nReq=0
02:59:38.414 INF Handling PREPREPARE. nReq=0 senderID=3 sn=5
02:59:38.415 DBG Creating new Batch. nReq=0
02:59:38.415 DBG Sending PREPARE. senderID=0 sn=4 view=0
02:59:38.415 DBG Batch cut. left=0 nBuckets=21 nReq=0 next=0
02:59:38.415 DBG Sending PREPARE. senderID=0 sn=5 view=0
02:59:38.415 INF Sending PREPREPARE. nReq=0 senderID=0 sn=3 view=0
02:59:38.415 DBG Waiting for batch. batchSize=4096
02:59:38.415 DBG Sending COMMIT. senderID=0 sn=5 view=0
02:59:38.415 DBG Sending COMMIT. senderID=0 sn=4 view=0
02:59:38.419 DBG Sending COMMIT. senderID=0 sn=3 view=0
02:59:38.419 INF Committed entry. latency=0 nReq=0 sn=5
02:59:38.419 INF Committed entry. latency=0 nReq=0 sn=4
02:59:38.419 DBG Starting timer. sn=8 view=0
02:59:38.419 DBG Starting timer. sn=7 view=0
02:59:38.419 INF Committed entry. latency=0 nReq=0 sn=3
02:59:38.419 INF Delivered batch. nReq=0 sn=3
02:59:38.420 INF Delivered batch. nReq=0 sn=4
02:59:38.420 INF Delivered batch. nReq=0 sn=5
02:59:38.420 DBG Starting timer. sn=6 view=0
02:59:38.444 INF Incoming connection for requests. addr=127.0.0.1:46644
02:59:39.416 DBG Batch ready. batchSize=4096
02:59:39.417 DBG Batch cut. left=0 nBuckets=21 nReq=41 next=0
02:59:39.417 DBG Waiting for batch. batchSize=4096
02:59:39.420 INF Sending PREPREPARE. nReq=41 senderID=0 sn=6 view=0
02:59:39.421 INF Handling PREPREPARE. nReq=40 senderID=3 sn=8
02:59:39.421 DBG Creating new Batch. nReq=40
02:59:39.424 INF Handling PREPREPARE. nReq=42 senderID=2 sn=7
02:59:39.424 DBG Creating new Batch. nReq=42
02:59:39.426 DBG Sending PREPARE. senderID=0 sn=8 view=0
02:59:39.428 DBG Sending COMMIT. senderID=0 sn=8 view=0
02:59:39.429 DBG Sending PREPARE. senderID=0 sn=7 view=0
02:59:39.430 INF Committed entry. latency=0 nReq=40 sn=8
02:59:39.430 DBG Starting timer. sn=11 view=0
02:59:39.432 DBG Sending COMMIT. senderID=0 sn=7 view=0
02:59:39.432 DBG Sending COMMIT. senderID=0 sn=6 view=0
02:59:39.433 INF Committed entry. latency=0 nReq=42 sn=7
02:59:39.433 INF Committed entry. latency=0 nReq=41 sn=6
02:59:39.433 INF Delivered batch. nReq=41 sn=6
02:59:39.434 INF Delivered batch. nReq=42 sn=7
02:59:39.434 INF Delivered batch. nReq=40 sn=8
02:59:39.434 DBG Starting timer. sn=10 view=0
02:59:39.434 DBG Starting timer. sn=9 view=0
02:59:40.418 DBG Batch ready. batchSize=4096
02:59:40.419 DBG Batch cut. left=0 nBuckets=21 nReq=42 next=0
02:59:40.419 DBG Waiting for batch. batchSize=4096
02:59:40.420 INF Sending PREPREPARE. nReq=42 senderID=0 sn=9 view=0
02:59:40.424 INF Handling PREPREPARE. nReq=42 senderID=3 sn=11
02:59:40.425 INF Handling PREPREPARE. nReq=44 senderID=2 sn=10
02:59:40.425 DBG Creating new Batch. nReq=42
02:59:40.425 DBG Creating new Batch. nReq=44
02:59:40.431 DBG Sending PREPARE. senderID=0 sn=11 view=0
02:59:40.431 DBG Sending PREPARE. senderID=0 sn=10 view=0
02:59:40.431 DBG Sending COMMIT. senderID=0 sn=11 view=0
02:59:40.431 DBG Sending COMMIT. senderID=0 sn=9 view=0
02:59:40.433 DBG Sending COMMIT. senderID=0 sn=10 view=0
02:59:40.433 INF Committed entry. latency=0 nReq=42 sn=11
02:59:40.433 INF Committed entry. latency=0 nReq=42 sn=9
02:59:40.433 INF Delivered batch. nReq=42 sn=9
02:59:40.433 DBG Starting timer. sn=14 view=0
02:59:40.433 DBG Starting timer. sn=12 view=0
02:59:40.434 INF Committed entry. latency=0 nReq=44 sn=10
02:59:40.434 INF Delivered batch. nReq=44 sn=10
02:59:40.434 INF Delivered batch. nReq=42 sn=11
02:59:40.434 DBG Starting timer. sn=13 view=0
02:59:41.420 DBG Batch ready. batchSize=4096
02:59:41.421 DBG Batch cut. left=0 nBuckets=21 nReq=42 next=0
02:59:41.421 DBG Waiting for batch. batchSize=4096
02:59:41.422 INF Sending PREPREPARE. nReq=42 senderID=0 sn=12 view=0
02:59:41.424 INF Handling PREPREPARE. nReq=42 senderID=3 sn=14
02:59:41.424 DBG Creating new Batch. nReq=42
02:59:41.425 INF Handling PREPREPARE. nReq=44 senderID=2 sn=13
02:59:41.426 DBG Creating new Batch. nReq=44
02:59:41.430 DBG Sending PREPARE. senderID=0 sn=14 view=0
02:59:41.431 DBG Sending COMMIT. senderID=0 sn=14 view=0
02:59:41.432 DBG Sending PREPARE. senderID=0 sn=13 view=0
02:59:41.433 INF Committed entry. latency=0 nReq=42 sn=14
02:59:41.433 DBG Starting timer. sn=17 view=0
02:59:41.434 DBG Sending COMMIT. senderID=0 sn=12 view=0
02:59:41.434 DBG Sending COMMIT. senderID=0 sn=13 view=0
02:59:41.436 INF Committed entry. latency=0 nReq=44 sn=13
02:59:41.436 INF Committed entry. latency=0 nReq=42 sn=12
02:59:41.436 INF Delivered batch. nReq=42 sn=12
02:59:41.436 INF Delivered batch. nReq=44 sn=13
02:59:41.436 INF Delivered batch. nReq=42 sn=14
02:59:41.436 DBG Starting timer. sn=16 view=0
02:59:41.436 DBG Starting timer. sn=15 view=0
02:59:42.422 DBG Batch ready. batchSize=4096
02:59:42.422 DBG Batch cut. left=0 nBuckets=21 nReq=42 next=0
02:59:42.422 DBG Waiting for batch. batchSize=4096
02:59:42.423 INF Sending PREPREPARE. nReq=42 senderID=0 sn=15 view=0
02:59:42.426 INF Handling PREPREPARE. nReq=42 senderID=3 sn=17
02:59:42.426 DBG Creating new Batch. nReq=42
02:59:42.427 INF Handling PREPREPARE. nReq=44 senderID=2 sn=16
02:59:42.427 DBG Creating new Batch. nReq=44
02:59:42.431 DBG Sending PREPARE. senderID=0 sn=17 view=0
02:59:42.432 DBG Sending PREPARE. senderID=0 sn=16 view=0
02:59:42.433 DBG Sending COMMIT. senderID=0 sn=16 view=0
02:59:42.434 DBG Sending COMMIT. senderID=0 sn=17 view=0
02:59:42.435 INF Committed entry. latency=0 nReq=42 sn=17
02:59:42.435 DBG Sending COMMIT. senderID=0 sn=15 view=0
02:59:42.435 DBG Starting timer. sn=20 view=0
02:59:42.435 INF Committed entry. latency=0 nReq=44 sn=16
02:59:42.435 DBG Starting timer. sn=19 view=0
02:59:42.437 INF Committed entry. latency=0 nReq=42 sn=15
02:59:42.437 INF Delivered batch. nReq=42 sn=15
02:59:42.437 INF Delivered batch. nReq=44 sn=16
02:59:42.437 INF Delivered batch. nReq=42 sn=17
02:59:42.438 DBG Starting timer. sn=18 view=0
02:59:43.423 DBG Batch ready. batchSize=4096
02:59:43.423 DBG Batch cut. left=0 nBuckets=21 nReq=42 next=0
02:59:43.423 DBG Waiting for batch. batchSize=4096
02:59:43.424 INF Sending PREPREPARE. nReq=42 senderID=0 sn=18 view=0
02:59:43.426 INF Handling PREPREPARE. nReq=43 senderID=3 sn=20
02:59:43.426 DBG Creating new Batch. nReq=43
02:59:43.428 INF Handling PREPREPARE. nReq=44 senderID=2 sn=19
02:59:43.428 DBG Creating new Batch. nReq=44
02:59:43.432 DBG Sending PREPARE. senderID=0 sn=20 view=0
02:59:43.433 DBG Sending COMMIT. senderID=0 sn=20 view=0
02:59:43.434 DBG Sending PREPARE. senderID=0 sn=19 view=0
02:59:43.435 DBG Sending COMMIT. senderID=0 sn=18 view=0
02:59:43.435 DBG Sending COMMIT. senderID=0 sn=19 view=0
02:59:43.436 INF Committed entry. latency=0 nReq=43 sn=20
02:59:43.436 DBG Starting timer. sn=23 view=0
02:59:43.436 INF Committed entry. latency=0 nReq=42 sn=18
02:59:43.436 INF Delivered batch. nReq=42 sn=18
02:59:43.436 DBG Starting timer. sn=21 view=0
02:59:43.437 INF Committed entry. latency=0 nReq=44 sn=19
02:59:43.437 INF Delivered batch. nReq=44 sn=19
02:59:43.437 INF Delivered batch. nReq=43 sn=20
02:59:43.438 DBG Starting timer. sn=22 view=0
02:59:44.425 DBG Batch ready. batchSize=4096
02:59:44.425 DBG Batch cut. left=0 nBuckets=21 nReq=42 next=0
02:59:44.425 DBG Waiting for batch. batchSize=4096
02:59:44.426 INF Sending PREPREPARE. nReq=42 senderID=0 sn=21 view=0
02:59:44.428 INF Handling PREPREPARE. nReq=42 senderID=3 sn=23
02:59:44.428 DBG Creating new Batch. nReq=42
02:59:44.430 INF Handling PREPREPARE. nReq=44 senderID=2 sn=22
02:59:44.430 DBG Creating new Batch. nReq=44
02:59:44.433 DBG Sending PREPARE. senderID=0 sn=23 view=0
02:59:44.434 DBG Sending COMMIT. senderID=0 sn=23 view=0
02:59:44.435 DBG Sending PREPARE. senderID=0 sn=22 view=0
02:59:44.436 INF Committed entry. latency=0 nReq=42 sn=23
02:59:44.436 DBG Starting timer. sn=26 view=0
02:59:44.437 DBG Sending COMMIT. senderID=0 sn=22 view=0
02:59:44.438 DBG Sending COMMIT. senderID=0 sn=21 view=0
02:59:44.438 INF Committed entry. latency=0 nReq=44 sn=22
02:59:44.439 DBG Starting timer. sn=25 view=0
02:59:44.439 INF Committed entry. latency=0 nReq=42 sn=21
02:59:44.440 INF Delivered batch. nReq=42 sn=21
02:59:44.440 INF Delivered batch. nReq=44 sn=22
02:59:44.440 INF Delivered batch. nReq=42 sn=23
02:59:44.440 DBG Starting timer. sn=24 view=0
02:59:45.426 DBG Batch ready. batchSize=4096
02:59:45.427 DBG Batch cut. left=0 nBuckets=21 nReq=42 next=0
02:59:45.427 DBG Waiting for batch. batchSize=4096
02:59:45.428 INF Sending PREPREPARE. nReq=42 senderID=0 sn=24 view=0
02:59:45.429 INF Handling PREPREPARE. nReq=42 senderID=3 sn=26
02:59:45.430 DBG Creating new Batch. nReq=42
02:59:45.431 INF Handling PREPREPARE. nReq=44 senderID=2 sn=25
02:59:45.432 DBG Creating new Batch. nReq=44
02:59:45.436 DBG Sending PREPARE. senderID=0 sn=26 view=0
02:59:45.437 DBG Sending PREPARE. senderID=0 sn=25 view=0
02:59:45.437 DBG Sending COMMIT. senderID=0 sn=26 view=0
02:59:45.439 INF Committed entry. latency=0 nReq=42 sn=26
02:59:45.439 DBG Sending COMMIT. senderID=0 sn=25 view=0
02:59:45.439 DBG Starting timer. sn=29 view=0
02:59:45.439 DBG Sending COMMIT. senderID=0 sn=24 view=0
02:59:45.441 INF Committed entry. latency=0 nReq=42 sn=24
02:59:45.441 INF Committed entry. latency=0 nReq=44 sn=25
02:59:45.441 INF Delivered batch. nReq=42 sn=24
02:59:45.441 INF Delivered batch. nReq=44 sn=25
02:59:45.441 INF Delivered batch. nReq=42 sn=26
02:59:45.441 DBG Starting timer. sn=27 view=0
02:59:45.442 DBG Starting timer. sn=28 view=0
02:59:46.428 DBG Batch ready. batchSize=4096
02:59:46.428 DBG Batch cut. left=0 nBuckets=21 nReq=43 next=0
02:59:46.428 DBG Waiting for batch. batchSize=4096
02:59:46.429 INF Sending PREPREPARE. nReq=43 senderID=0 sn=27 view=0
02:59:46.431 INF Handling PREPREPARE. nReq=42 senderID=3 sn=29
02:59:46.431 DBG Creating new Batch. nReq=42
02:59:46.432 INF Handling PREPREPARE. nReq=44 senderID=2 sn=28
02:59:46.433 DBG Creating new Batch. nReq=44
02:59:46.436 DBG Sending PREPARE. senderID=0 sn=29 view=0
02:59:46.436 DBG Sending COMMIT. senderID=0 sn=29 view=0
02:59:46.437 DBG Sending PREPARE. senderID=0 sn=28 view=0
02:59:46.439 DBG Sending COMMIT. senderID=0 sn=28 view=0
02:59:46.440 INF Committed entry. latency=0 nReq=44 sn=28
02:59:46.440 INF Committed entry. latency=0 nReq=42 sn=29
02:59:46.440 DBG Starting timer. sn=31 view=0
02:59:46.440 DBG Starting timer. sn=32 view=0
02:59:46.442 DBG Sending COMMIT. senderID=0 sn=27 view=0
02:59:46.444 INF Committed entry. latency=0 nReq=43 sn=27
02:59:46.444 INF Delivered batch. nReq=43 sn=27
02:59:46.444 INF Delivered batch. nReq=44 sn=28
02:59:46.444 INF Delivered batch. nReq=42 sn=29
02:59:46.444 DBG Starting timer. sn=30 view=0
02:59:47.429 DBG Batch ready. batchSize=4096
02:59:47.429 DBG Batch cut. left=0 nBuckets=21 nReq=42 next=0
02:59:47.430 DBG Waiting for batch. batchSize=4096
02:59:47.431 INF Sending PREPREPARE. nReq=42 senderID=0 sn=30 view=0
02:59:47.432 INF Handling PREPREPARE. nReq=42 senderID=3 sn=32
02:59:47.433 DBG Creating new Batch. nReq=42
02:59:47.434 INF Handling PREPREPARE. nReq=44 senderID=2 sn=31
02:59:47.434 DBG Creating new Batch. nReq=44
02:59:47.439 DBG Sending PREPARE. senderID=0 sn=32 view=0
02:59:47.439 DBG Sending COMMIT. senderID=0 sn=32 view=0
02:59:47.439 DBG Sending PREPARE. senderID=0 sn=31 view=0
02:59:47.440 DBG Sending COMMIT. senderID=0 sn=31 view=0
02:59:47.442 INF Committed entry. latency=0 nReq=44 sn=31
02:59:47.442 INF Committed entry. latency=0 nReq=42 sn=32
02:59:47.442 DBG Starting timer. sn=34 view=0
02:59:47.442 DBG Starting timer. sn=35 view=0
02:59:47.443 DBG Sending COMMIT. senderID=0 sn=30 view=0
02:59:47.444 INF Committed entry. latency=0 nReq=42 sn=30
02:59:47.444 INF Delivered batch. nReq=42 sn=30
02:59:47.444 INF Delivered batch. nReq=44 sn=31
02:59:47.445 INF Delivered batch. nReq=42 sn=32
02:59:47.445 DBG Starting timer. sn=33 view=0
02:59:48.431 DBG Batch ready. batchSize=4096
02:59:48.431 DBG Batch cut. left=0 nBuckets=21 nReq=42 next=0
02:59:48.431 DBG Waiting for batch. batchSize=4096
02:59:48.432 INF Sending PREPREPARE. nReq=42 senderID=0 sn=33 view=0
02:59:48.434 INF Handling PREPREPARE. nReq=42 senderID=3 sn=35
02:59:48.434 DBG Creating new Batch. nReq=42
02:59:48.436 INF Handling PREPREPARE. nReq=44 senderID=2 sn=34
02:59:48.436 DBG Creating new Batch. nReq=44
02:59:48.439 DBG Sending PREPARE. senderID=0 sn=35 view=0
02:59:48.441 DBG Sending PREPARE. senderID=0 sn=34 view=0
02:59:48.441 DBG Sending COMMIT. senderID=0 sn=35 view=0
02:59:48.442 INF Committed entry. latency=0 nReq=42 sn=35
02:59:48.443 DBG Starting timer. sn=38 view=0
02:59:48.443 DBG Sending COMMIT. senderID=0 sn=34 view=0
02:59:48.445 DBG Sending COMMIT. senderID=0 sn=33 view=0
02:59:48.445 INF Committed entry. latency=0 nReq=44 sn=34
02:59:48.445 DBG Starting timer. sn=37 view=0
02:59:48.446 INF Committed entry. latency=0 nReq=42 sn=33
02:59:48.446 INF Delivered batch. nReq=42 sn=33
02:59:48.446 INF Delivered batch. nReq=44 sn=34
02:59:48.446 INF Delivered batch. nReq=42 sn=35
02:59:48.446 DBG Starting timer. sn=36 view=0
02:59:49.433 DBG Batch ready. batchSize=4096
02:59:49.433 DBG Batch cut. left=0 nBuckets=21 nReq=42 next=0
02:59:49.433 DBG Waiting for batch. batchSize=4096
02:59:49.434 INF Sending PREPREPARE. nReq=42 senderID=0 sn=36 view=0
02:59:49.436 INF Handling PREPREPARE. nReq=42 senderID=3 sn=38
02:59:49.436 DBG Creating new Batch. nReq=42
02:59:49.437 INF Handling PREPREPARE. nReq=44 senderID=2 sn=37
02:59:49.437 DBG Creating new Batch. nReq=44
02:59:49.441 DBG Sending PREPARE. senderID=0 sn=38 view=0
02:59:49.442 DBG Sending COMMIT. senderID=0 sn=38 view=0
02:59:49.443 DBG Sending PREPARE. senderID=0 sn=37 view=0
02:59:49.444 DBG Sending COMMIT. senderID=0 sn=37 view=0
02:59:49.444 INF Committed entry. latency=0 nReq=42 sn=38
02:59:49.444 DBG Starting timer. sn=41 view=0
02:59:49.445 DBG Sending COMMIT. senderID=0 sn=36 view=0
02:59:49.445 INF Committed entry. latency=0 nReq=44 sn=37
02:59:49.446 DBG Starting timer. sn=40 view=0
02:59:49.447 INF Committed entry. latency=0 nReq=42 sn=36
02:59:49.447 INF Delivered batch. nReq=42 sn=36
02:59:49.447 INF Delivered batch. nReq=44 sn=37
02:59:49.447 INF Delivered batch. nReq=42 sn=38
02:59:49.447 DBG Starting timer. sn=39 view=0
02:59:50.435 DBG Batch ready. batchSize=4096
02:59:50.435 DBG Batch cut. left=0 nBuckets=21 nReq=42 next=0
02:59:50.435 DBG Waiting for batch. batchSize=4096
02:59:50.436 INF Sending PREPREPARE. nReq=42 senderID=0 sn=39 view=0
02:59:50.437 INF Handling PREPREPARE. nReq=42 senderID=3 sn=41
02:59:50.437 DBG Creating new Batch. nReq=42
02:59:50.439 INF Handling PREPREPARE. nReq=44 senderID=2 sn=40
02:59:50.439 DBG Creating new Batch. nReq=44
02:59:50.442 DBG Sending PREPARE. senderID=0 sn=41 view=0
02:59:50.444 DBG Sending COMMIT. senderID=0 sn=41 view=0
02:59:50.444 DBG Sending PREPARE. senderID=0 sn=40 view=0
02:59:50.444 DBG Sending COMMIT. senderID=0 sn=40 view=0
02:59:50.445 INF Committed entry. latency=0 nReq=42 sn=41
02:59:50.446 DBG Starting timer. sn=44 view=0
02:59:50.448 DBG Sending COMMIT. senderID=0 sn=39 view=0
02:59:50.448 INF Committed entry. latency=0 nReq=44 sn=40
02:59:50.448 DBG Starting timer. sn=43 view=0
02:59:50.449 INF Committed entry. latency=0 nReq=42 sn=39
02:59:50.449 INF Delivered batch. nReq=42 sn=39
02:59:50.449 INF Delivered batch. nReq=44 sn=40
02:59:50.449 INF Delivered batch. nReq=42 sn=41
02:59:50.449 DBG Starting timer. sn=42 view=0
02:59:51.436 DBG Batch ready. batchSize=4096
02:59:51.436 DBG Batch cut. left=0 nBuckets=21 nReq=42 next=0
02:59:51.436 DBG Waiting for batch. batchSize=4096
02:59:51.437 INF Sending PREPREPARE. nReq=42 senderID=0 sn=42 view=0
02:59:51.439 INF Handling PREPREPARE. nReq=42 senderID=3 sn=44
02:59:51.439 DBG Creating new Batch. nReq=42
02:59:51.441 INF Handling PREPREPARE. nReq=44 senderID=2 sn=43
02:59:51.441 DBG Creating new Batch. nReq=44
02:59:51.445 DBG Sending PREPARE. senderID=0 sn=44 view=0
02:59:51.446 DBG Sending COMMIT. senderID=0 sn=44 view=0
02:59:51.446 DBG Sending PREPARE. senderID=0 sn=43 view=0
02:59:51.447 DBG Sending COMMIT. senderID=0 sn=43 view=0
02:59:51.448 INF Committed entry. latency=0 nReq=42 sn=44
02:59:51.448 DBG Starting timer. sn=47 view=0
02:59:51.449 DBG Sending COMMIT. senderID=0 sn=42 view=0
02:59:51.449 INF Committed entry. latency=0 nReq=44 sn=43
02:59:51.449 DBG Starting timer. sn=46 view=0
02:59:51.450 INF Committed entry. latency=0 nReq=42 sn=42
02:59:51.450 INF Delivered batch. nReq=42 sn=42
02:59:51.451 INF Delivered batch. nReq=44 sn=43
02:59:51.451 INF Delivered batch. nReq=42 sn=44
02:59:51.451 DBG Starting timer. sn=45 view=0
02:59:52.437 DBG Batch ready. batchSize=4096
02:59:52.437 DBG Batch cut. left=0 nBuckets=21 nReq=42 next=0
02:59:52.437 DBG Waiting for batch. batchSize=4096
02:59:52.438 INF Sending PREPREPARE. nReq=42 senderID=0 sn=45 view=0
02:59:52.440 INF Handling PREPREPARE. nReq=42 senderID=3 sn=47
02:59:52.440 DBG Creating new Batch. nReq=42
02:59:52.442 INF Handling PREPREPARE. nReq=45 senderID=2 sn=46
02:59:52.442 DBG Creating new Batch. nReq=45
02:59:52.447 DBG Sending PREPARE. senderID=0 sn=47 view=0
02:59:52.447 DBG Sending PREPARE. senderID=0 sn=46 view=0
02:59:52.448 DBG Sending COMMIT. senderID=0 sn=47 view=0
02:59:52.450 DBG Sending COMMIT. senderID=0 sn=45 view=0
02:59:52.450 DBG Sending COMMIT. senderID=0 sn=46 view=0
02:59:52.450 INF Committed entry. latency=0 nReq=42 sn=47
02:59:52.450 DBG Starting timer. sn=50 view=0
02:59:52.451 INF Committed entry. latency=0 nReq=45 sn=46
02:59:52.451 DBG Starting timer. sn=49 view=0
02:59:52.451 INF Committed entry. latency=0 nReq=42 sn=45
02:59:52.451 INF Delivered batch. nReq=42 sn=45
02:59:52.451 INF Delivered batch. nReq=45 sn=46
02:59:52.451 INF Delivered batch. nReq=42 sn=47
02:59:52.452 DBG Starting timer. sn=48 view=0
02:59:53.438 DBG Batch ready. batchSize=4096
02:59:53.438 DBG Batch cut. left=0 nBuckets=21 nReq=42 next=0
02:59:53.439 DBG Waiting for batch. batchSize=4096
02:59:53.439 INF Sending PREPREPARE. nReq=42 senderID=0 sn=48 view=0
02:59:53.441 INF Handling PREPREPARE. nReq=42 senderID=3 sn=50
02:59:53.441 DBG Creating new Batch. nReq=42
02:59:53.443 INF Handling PREPREPARE. nReq=44 senderID=2 sn=49
02:59:53.444 DBG Creating new Batch. nReq=44
02:59:53.446 DBG Sending PREPARE. senderID=0 sn=50 view=0
02:59:53.447 DBG Sending COMMIT. senderID=0 sn=50 view=0
02:59:53.449 INF Committed entry. latency=0 nReq=42 sn=50
02:59:53.449 DBG Starting timer. sn=53 view=0
02:59:53.450 DBG Sending PREPARE. senderID=0 sn=49 view=0
02:59:53.451 DBG Sending COMMIT. senderID=0 sn=48 view=0
02:59:53.451 DBG Sending COMMIT. senderID=0 sn=49 view=0
02:59:53.453 INF Committed entry. latency=0 nReq=44 sn=49
02:59:53.453 INF Committed entry. latency=0 nReq=42 sn=48
02:59:53.453 INF Delivered batch. nReq=42 sn=48
02:59:53.453 INF Delivered batch. nReq=44 sn=49
02:59:53.453 INF Delivered batch. nReq=42 sn=50
02:59:53.454 DBG Starting timer. sn=52 view=0
02:59:53.454 DBG Starting timer. sn=51 view=0
02:59:54.440 DBG Batch ready. batchSize=4096
02:59:54.440 DBG Batch cut. left=0 nBuckets=21 nReq=42 next=0
02:59:54.440 DBG Waiting for batch. batchSize=4096
02:59:54.441 INF Sending PREPREPARE. nReq=42 senderID=0 sn=51 view=0
02:59:54.443 INF Handling PREPREPARE. nReq=42 senderID=3 sn=53
02:59:54.444 DBG Creating new Batch. nReq=42
02:59:54.445 INF Handling PREPREPARE. nReq=44 senderID=2 sn=52
02:59:54.445 DBG Creating new Batch. nReq=44
02:59:54.449 DBG Sending PREPARE. senderID=0 sn=53 view=0
02:59:54.450 DBG Sending PREPARE. senderID=0 sn=52 view=0
02:59:54.450 DBG Sending COMMIT. senderID=0 sn=53 view=0
02:59:54.452 DBG Sending COMMIT. senderID=0 sn=51 view=0
02:59:54.452 INF Committed entry. latency=0 nReq=42 sn=53
02:59:54.452 DBG Starting timer. sn=56 view=0
02:59:54.453 DBG Sending COMMIT. senderID=0 sn=52 view=0
02:59:54.454 INF Committed entry. latency=0 nReq=42 sn=51
02:59:54.454 INF Committed entry. latency=0 nReq=44 sn=52
02:59:54.454 INF Delivered batch. nReq=42 sn=51
02:59:54.454 INF Delivered batch. nReq=44 sn=52
02:59:54.454 INF Delivered batch. nReq=42 sn=53
02:59:54.454 DBG Starting timer. sn=54 view=0
02:59:54.455 DBG Starting timer. sn=55 view=0
02:59:55.442 DBG Batch ready. batchSize=4096
02:59:55.442 DBG Batch cut. left=0 nBuckets=21 nReq=42 next=0
02:59:55.442 DBG Waiting for batch. batchSize=4096
02:59:55.443 INF Sending PREPREPARE. nReq=42 senderID=0 sn=54 view=0
02:59:55.444 INF Handling PREPREPARE. nReq=42 senderID=3 sn=56
02:59:55.445 DBG Creating new Batch. nReq=42
02:59:55.447 INF Handling PREPREPARE. nReq=44 senderID=2 sn=55
02:59:55.447 DBG Creating new Batch. nReq=44
02:59:55.449 DBG Sending PREPARE. senderID=0 sn=56 view=0
02:59:55.451 DBG Sending COMMIT. senderID=0 sn=56 view=0
02:59:55.452 DBG Sending PREPARE. senderID=0 sn=55 view=0
02:59:55.453 INF Committed entry. latency=0 nReq=42 sn=56
02:59:55.453 DBG Starting timer. sn=59 view=0
02:59:55.454 DBG Sending COMMIT. senderID=0 sn=55 view=0
02:59:55.455 INF Committed entry. latency=0 nReq=44 sn=55
02:59:55.456 DBG Sending COMMIT. senderID=0 sn=54 view=0
02:59:55.456 DBG Starting timer. sn=58 view=0
02:59:55.457 INF Committed entry. latency=0 nReq=42 sn=54
02:59:55.457 INF Delivered batch. nReq=42 sn=54
02:59:55.457 INF Delivered batch. nReq=44 sn=55
02:59:55.458 INF Delivered batch. nReq=42 sn=56
02:59:55.458 DBG Starting timer. sn=57 view=0
02:59:56.443 DBG Batch ready. batchSize=4096
02:59:56.443 DBG Batch cut. left=0 nBuckets=21 nReq=42 next=0
02:59:56.444 DBG Waiting for batch. batchSize=4096
02:59:56.445 INF Sending PREPREPARE. nReq=42 senderID=0 sn=57 view=0
02:59:56.446 INF Handling PREPREPARE. nReq=42 senderID=3 sn=59
02:59:56.446 DBG Creating new Batch. nReq=42
02:59:56.449 INF Handling PREPREPARE. nReq=44 senderID=2 sn=58
02:59:56.449 DBG Creating new Batch. nReq=44
02:59:56.450 DBG Sending PREPARE. senderID=0 sn=59 view=0
02:59:56.452 DBG Sending COMMIT. senderID=0 sn=59 view=0
02:59:56.453 INF Committed entry. latency=0 nReq=42 sn=59
02:59:56.453 DBG Starting timer. sn=62 view=0
02:59:56.455 DBG Sending PREPARE. senderID=0 sn=58 view=0
02:59:56.455 DBG Sending COMMIT. senderID=0 sn=58 view=0
02:59:56.457 DBG Sending COMMIT. senderID=0 sn=57 view=0
02:59:56.457 INF Committed entry. latency=0 nReq=44 sn=58
02:59:56.457 DBG Starting timer. sn=61 view=0
02:59:56.458 INF Committed entry. latency=0 nReq=42 sn=57
02:59:56.459 INF Delivered batch. nReq=42 sn=57
02:59:56.459 INF Delivered batch. nReq=44 sn=58
02:59:56.459 INF Delivered batch. nReq=42 sn=59
02:59:56.459 DBG Starting timer. sn=60 view=0
02:59:57.445 DBG Batch ready. batchSize=4096
02:59:57.445 DBG Batch cut. left=0 nBuckets=21 nReq=42 next=0
02:59:57.446 DBG Waiting for batch. batchSize=4096
02:59:57.446 INF Sending PREPREPARE. nReq=42 senderID=0 sn=60 view=0
02:59:57.447 INF Handling PREPREPARE. nReq=42 senderID=3 sn=62
02:59:57.448 DBG Creating new Batch. nReq=42
02:59:57.450 INF Handling PREPREPARE. nReq=45 senderID=2 sn=61
02:59:57.450 DBG Creating new Batch. nReq=45
02:59:57.453 DBG Sending PREPARE. senderID=0 sn=62 view=0
02:59:57.455 DBG Sending COMMIT. senderID=0 sn=62 view=0
02:59:57.455 DBG Sending PREPARE. senderID=0 sn=61 view=0
02:59:57.456 DBG Sending COMMIT. senderID=0 sn=61 view=0
02:59:57.456 INF Committed entry. latency=0 nReq=42 sn=62
02:59:57.456 DBG Starting timer. sn=65 view=0
02:59:57.458 DBG Sending COMMIT. senderID=0 sn=60 view=0
02:59:57.458 INF Committed entry. latency=0 nReq=45 sn=61
02:59:57.458 DBG Starting timer. sn=64 view=0
02:59:57.458 INF Committed entry. latency=0 nReq=42 sn=60
02:59:57.459 INF Delivered batch. nReq=42 sn=60
02:59:57.459 INF Delivered batch. nReq=45 sn=61
02:59:57.459 INF Delivered batch. nReq=42 sn=62
02:59:57.459 DBG Starting timer. sn=63 view=0
02:59:58.447 DBG Batch ready. batchSize=4096
02:59:58.447 DBG Batch cut. left=0 nBuckets=21 nReq=42 next=0
02:59:58.448 DBG Waiting for batch. batchSize=4096
02:59:58.448 INF Sending PREPREPARE. nReq=42 senderID=0 sn=63 view=0
02:59:58.450 INF Handling PREPREPARE. nReq=42 senderID=3 sn=65
02:59:58.450 DBG Creating new Batch. nReq=42
02:59:58.451 INF Handling PREPREPARE. nReq=44 senderID=2 sn=64
02:59:58.451 DBG Creating new Batch. nReq=44
02:59:58.456 DBG Sending PREPARE. senderID=0 sn=65 view=0
02:59:58.457 DBG Sending COMMIT. senderID=0 sn=65 view=0
02:59:58.457 DBG Sending PREPARE. senderID=0 sn=64 view=0
02:59:58.458 DBG Sending COMMIT. senderID=0 sn=64 view=0
02:59:58.458 INF Committed entry. latency=0 nReq=42 sn=65
02:59:58.458 DBG Starting timer. sn=68 view=0
02:59:58.460 INF Committed entry. latency=0 nReq=44 sn=64
02:59:58.460 DBG Starting timer. sn=67 view=0
02:59:58.460 DBG Sending COMMIT. senderID=0 sn=63 view=0
02:59:58.461 INF Committed entry. latency=0 nReq=42 sn=63
02:59:58.461 INF Delivered batch. nReq=42 sn=63
02:59:58.461 INF Delivered batch. nReq=44 sn=64
02:59:58.461 INF Delivered batch. nReq=42 sn=65
02:59:58.461 DBG Starting timer. sn=66 view=0
02:59:59.448 DBG Batch ready. batchSize=4096
02:59:59.449 DBG Batch cut. left=0 nBuckets=21 nReq=42 next=0
02:59:59.449 DBG Waiting for batch. batchSize=4096
02:59:59.450 INF Sending PREPREPARE. nReq=42 senderID=0 sn=66 view=0
02:59:59.452 INF Handling PREPREPARE. nReq=42 senderID=3 sn=68
02:59:59.452 DBG Creating new Batch. nReq=42
02:59:59.453 INF Handling PREPREPARE. nReq=44 senderID=2 sn=67
02:59:59.453 DBG Creating new Batch. nReq=44
02:59:59.457 DBG Sending PREPARE. senderID=0 sn=68 view=0
02:59:59.458 DBG Sending COMMIT. senderID=0 sn=68 view=0
02:59:59.458 DBG Sending PREPARE. senderID=0 sn=67 view=0
02:59:59.460 DBG Sending COMMIT. senderID=0 sn=67 view=0
02:59:59.461 INF Committed entry. latency=0 nReq=42 sn=68
02:59:59.461 DBG Starting timer. sn=71 view=0
02:59:59.462 DBG Sending COMMIT. senderID=0 sn=66 view=0
02:59:59.462 INF Committed entry. latency=0 nReq=44 sn=67
02:59:59.462 DBG Starting timer. sn=70 view=0
02:59:59.463 INF Committed entry. latency=0 nReq=42 sn=66
02:59:59.463 INF Delivered batch. nReq=42 sn=66
02:59:59.463 INF Delivered batch. nReq=44 sn=67
02:59:59.463 INF Delivered batch. nReq=42 sn=68
02:59:59.464 DBG Starting timer. sn=69 view=0
03:00:00.450 DBG Batch ready. batchSize=4096
03:00:00.451 DBG Batch cut. left=0 nBuckets=21 nReq=42 next=0
03:00:00.451 DBG Waiting for batch. batchSize=4096
03:00:00.452 INF Sending PREPREPARE. nReq=42 senderID=0 sn=69 view=0
03:00:00.452 INF Handling PREPREPARE. nReq=42 senderID=3 sn=71
03:00:00.452 DBG Creating new Batch. nReq=42
03:00:00.454 INF Handling PREPREPARE. nReq=44 senderID=2 sn=70
03:00:00.454 DBG Creating new Batch. nReq=44
03:00:00.457 DBG Sending PREPARE. senderID=0 sn=71 view=0
03:00:00.459 DBG Sending COMMIT. senderID=0 sn=71 view=0
03:00:00.460 DBG Sending PREPARE. senderID=0 sn=70 view=0
03:00:00.461 INF Committed entry. latency=0 nReq=42 sn=71
03:00:00.461 DBG Starting timer. sn=74 view=0
03:00:00.461 DBG Sending COMMIT. senderID=0 sn=70 view=0
03:00:00.463 INF Committed entry. latency=0 nReq=44 sn=70
03:00:00.463 DBG Starting timer. sn=73 view=0
03:00:00.464 DBG Sending COMMIT. senderID=0 sn=69 view=0
03:00:00.465 INF Committed entry. latency=0 nReq=42 sn=69
03:00:00.465 INF Delivered batch. nReq=42 sn=69
03:00:00.465 INF Delivered batch. nReq=44 sn=70
03:00:00.465 INF Delivered batch. nReq=42 sn=71
03:00:00.465 DBG Starting timer. sn=72 view=0
03:00:01.452 DBG Batch ready. batchSize=4096
03:00:01.452 DBG Batch cut. left=0 nBuckets=21 nReq=42 next=0
03:00:01.453 DBG Waiting for batch. batchSize=4096
03:00:01.454 INF Sending PREPREPARE. nReq=42 senderID=0 sn=72 view=0
03:00:01.454 INF Handling PREPREPARE. nReq=42 senderID=3 sn=74
03:00:01.454 DBG Creating new Batch. nReq=42
03:00:01.456 INF Handling PREPREPARE. nReq=44 senderID=2 sn=73
03:00:01.456 DBG Creating new Batch. nReq=44
03:00:01.459 DBG Sending PREPARE. senderID=0 sn=74 view=0
03:00:01.461 DBG Sending PREPARE. senderID=0 sn=73 view=0
03:00:01.461 DBG Sending COMMIT. senderID=0 sn=74 view=0
03:00:01.462 INF Committed entry. latency=0 nReq=42 sn=74
03:00:01.463 DBG Starting timer. sn=77 view=0
03:00:01.463 DBG Sending COMMIT. senderID=0 sn=73 view=0
03:00:01.465 DBG Sending COMMIT. senderID=0 sn=72 view=0
03:00:01.465 INF Committed entry. latency=0 nReq=44 sn=73
03:00:01.466 DBG Starting timer. sn=76 view=0
03:00:01.466 INF Committed entry. latency=0 nReq=42 sn=72
03:00:01.467 INF Delivered batch. nReq=42 sn=72
03:00:01.467 INF Delivered batch. nReq=44 sn=73
03:00:01.467 INF Delivered batch. nReq=42 sn=74
03:00:01.467 DBG Starting timer. sn=75 view=0
03:00:02.454 DBG Batch ready. batchSize=4096
03:00:02.454 DBG Batch cut. left=0 nBuckets=21 nReq=42 next=0
03:00:02.454 DBG Waiting for batch. batchSize=4096
03:00:02.455 INF Handling PREPREPARE. nReq=42 senderID=3 sn=77
03:00:02.455 DBG Creating new Batch. nReq=42
03:00:02.456 INF Sending PREPREPARE. nReq=42 senderID=0 sn=75 view=0
03:00:02.457 INF Handling PREPREPARE. nReq=44 senderID=2 sn=76
03:00:02.457 DBG Creating new Batch. nReq=44
03:00:02.461 DBG Sending PREPARE. senderID=0 sn=77 view=0
03:00:02.461 DBG Sending COMMIT. senderID=0 sn=77 view=0
03:00:02.462 DBG Sending PREPARE. senderID=0 sn=76 view=0
03:00:02.464 INF Committed entry. latency=0 nReq=42 sn=77
03:00:02.464 DBG Starting timer. sn=80 view=0
03:00:02.465 DBG Sending COMMIT. senderID=0 sn=76 view=0
03:00:02.465 INF Committed entry. latency=0 nReq=44 sn=76
03:00:02.465 DBG Starting timer. sn=79 view=0
03:00:02.467 DBG Sending COMMIT. senderID=0 sn=75 view=0
03:00:02.469 INF Committed entry. latency=0 nReq=42 sn=75
03:00:02.469 INF Delivered batch. nReq=42 sn=75
03:00:02.469 INF Delivered batch. nReq=44 sn=76
03:00:02.469 INF Delivered batch. nReq=42 sn=77
03:00:02.469 DBG Starting timer. sn=78 view=0
03:00:03.455 DBG Batch ready. batchSize=4096
03:00:03.455 DBG Batch cut. left=0 nBuckets=21 nReq=42 next=0
03:00:03.455 INF Handling PREPREPARE. nReq=43 senderID=3 sn=80
03:00:03.456 DBG Waiting for batch. batchSize=4096
03:00:03.456 DBG Creating new Batch. nReq=43
03:00:03.457 INF Sending PREPREPARE. nReq=42 senderID=0 sn=78 view=0
03:00:03.459 INF Handling PREPREPARE. nReq=44 senderID=2 sn=79
03:00:03.459 DBG Creating new Batch. nReq=44
03:00:03.461 DBG Sending PREPARE. senderID=0 sn=80 view=0
03:00:03.462 DBG Sending COMMIT. senderID=0 sn=80 view=0
03:00:03.464 DBG Sending PREPARE. senderID=0 sn=79 view=0
03:00:03.465 DBG Sending COMMIT. senderID=0 sn=79 view=0
03:00:03.465 INF Committed entry. latency=0 nReq=43 sn=80
03:00:03.465 DBG Starting timer. sn=83 view=0
03:00:03.466 INF Committed entry. latency=0 nReq=44 sn=79
03:00:03.467 DBG Starting timer. sn=82 view=0
03:00:03.468 DBG Sending COMMIT. senderID=0 sn=78 view=0
03:00:03.470 INF Committed entry. latency=0 nReq=42 sn=78
03:00:03.470 INF Delivered batch. nReq=42 sn=78
03:00:03.470 INF Delivered batch. nReq=44 sn=79
03:00:03.470 INF Delivered batch. nReq=43 sn=80
03:00:03.470 DBG Starting timer. sn=81 view=0
03:00:04.456 DBG Batch ready. batchSize=4096
03:00:04.457 DBG Batch cut. left=0 nBuckets=21 nReq=42 next=0
03:00:04.457 DBG Waiting for batch. batchSize=4096
03:00:04.458 INF Handling PREPREPARE. nReq=42 senderID=3 sn=83
03:00:04.458 DBG Creating new Batch. nReq=42
03:00:04.458 INF Sending PREPREPARE. nReq=42 senderID=0 sn=81 view=0
03:00:04.460 INF Handling PREPREPARE. nReq=44 senderID=2 sn=82
03:00:04.461 DBG Creating new Batch. nReq=44
03:00:04.463 DBG Sending PREPARE. senderID=0 sn=83 view=0
03:00:04.464 DBG Sending COMMIT. senderID=0 sn=83 view=0
03:00:04.466 DBG Sending PREPARE. senderID=0 sn=82 view=0
03:00:04.466 DBG Sending COMMIT. senderID=0 sn=82 view=0
03:00:04.466 INF Committed entry. latency=0 nReq=42 sn=83
03:00:04.467 DBG Starting timer. sn=86 view=0
03:00:04.469 DBG Sending COMMIT. senderID=0 sn=81 view=0
03:00:04.469 INF Committed entry. latency=0 nReq=44 sn=82
03:00:04.469 DBG Starting timer. sn=85 view=0
03:00:04.470 INF Committed entry. latency=0 nReq=42 sn=81
03:00:04.470 INF Delivered batch. nReq=42 sn=81
03:00:04.470 INF Delivered batch. nReq=44 sn=82
03:00:04.471 INF Delivered batch. nReq=42 sn=83
03:00:04.471 DBG Starting timer. sn=84 view=0
03:00:05.458 DBG Batch ready. batchSize=4096
03:00:05.458 DBG Batch cut. left=0 nBuckets=21 nReq=43 next=0
03:00:05.459 DBG Waiting for batch. batchSize=4096
03:00:05.460 INF Sending PREPREPARE. nReq=43 senderID=0 sn=84 view=0
03:00:05.461 INF Handling PREPREPARE. nReq=42 senderID=3 sn=86
03:00:05.461 DBG Creating new Batch. nReq=42
03:00:05.462 INF Handling PREPREPARE. nReq=44 senderID=2 sn=85
03:00:05.463 DBG Creating new Batch. nReq=44
03:00:05.465 DBG Sending PREPARE. senderID=0 sn=86 view=0
03:00:05.466 DBG Sending COMMIT. senderID=0 sn=86 view=0
03:00:05.468 DBG Sending PREPARE. senderID=0 sn=85 view=0
03:00:05.468 INF Committed entry. latency=0 nReq=42 sn=86
03:00:05.468 DBG Starting timer. sn=89 view=0
03:00:05.470 DBG Sending COMMIT. senderID=0 sn=85 view=0
03:00:05.471 INF Committed entry. latency=0 nReq=44 sn=85
03:00:05.471 DBG Starting timer. sn=88 view=0
03:00:05.472 DBG Sending COMMIT. senderID=0 sn=84 view=0
03:00:05.474 INF Committed entry. latency=0 nReq=43 sn=84
03:00:05.474 INF Delivered batch. nReq=43 sn=84
03:00:05.474 INF Delivered batch. nReq=44 sn=85
03:00:05.474 INF Delivered batch. nReq=42 sn=86
03:00:05.474 DBG Starting timer. sn=87 view=0
03:00:06.460 DBG Batch ready. batchSize=4096
03:00:06.460 DBG Batch cut. left=0 nBuckets=21 nReq=42 next=0
03:00:06.461 DBG Waiting for batch. batchSize=4096
03:00:06.461 INF Handling PREPREPARE. nReq=42 senderID=3 sn=89
03:00:06.462 INF Sending PREPREPARE. nReq=42 senderID=0 sn=87 view=0
03:00:06.462 DBG Creating new Batch. nReq=42
03:00:06.463 INF Handling PREPREPARE. nReq=44 senderID=2 sn=88
03:00:06.464 DBG Creating new Batch. nReq=44
03:00:06.467 DBG Sending PREPARE. senderID=0 sn=89 view=0
03:00:06.468 DBG Sending COMMIT. senderID=0 sn=89 view=0
03:00:06.469 DBG Sending PREPARE. senderID=0 sn=88 view=0
03:00:06.470 INF Committed entry. latency=0 nReq=42 sn=89
03:00:06.470 DBG Starting timer. sn=92 view=0
03:00:06.473 DBG Sending COMMIT. senderID=0 sn=88 view=0
03:00:06.473 DBG Sending COMMIT. senderID=0 sn=87 view=0
03:00:06.473 INF Committed entry. latency=0 nReq=44 sn=88
03:00:06.473 DBG Starting timer. sn=91 view=0
03:00:06.475 INF Committed entry. latency=0 nReq=42 sn=87
03:00:06.475 INF Delivered batch. nReq=42 sn=87
03:00:06.475 INF Delivered batch. nReq=44 sn=88
03:00:06.475 INF Delivered batch. nReq=42 sn=89
03:00:06.475 DBG Starting timer. sn=90 view=0
03:00:07.462 DBG Batch ready. batchSize=4096
03:00:07.462 DBG Batch cut. left=0 nBuckets=21 nReq=42 next=0
03:00:07.463 DBG Waiting for batch. batchSize=4096
03:00:07.463 INF Handling PREPREPARE. nReq=42 senderID=3 sn=92
03:00:07.464 DBG Creating new Batch. nReq=42
03:00:07.464 INF Sending PREPREPARE. nReq=42 senderID=0 sn=90 view=0
03:00:07.466 INF Handling PREPREPARE. nReq=44 senderID=2 sn=91
03:00:07.466 DBG Creating new Batch. nReq=44
03:00:07.468 DBG Sending PREPARE. senderID=0 sn=92 view=0
03:00:07.470 DBG Sending COMMIT. senderID=0 sn=92 view=0
03:00:07.471 DBG Sending PREPARE. senderID=0 sn=91 view=0
03:00:07.471 INF Committed entry. latency=0 nReq=42 sn=92
03:00:07.471 DBG Starting timer. sn=95 view=0
03:00:07.472 DBG Sending COMMIT. senderID=0 sn=91 view=0
03:00:07.474 DBG Sending COMMIT. senderID=0 sn=90 view=0
03:00:07.474 INF Committed entry. latency=0 nReq=44 sn=91
03:00:07.475 DBG Starting timer. sn=94 view=0
03:00:07.477 INF Committed entry. latency=0 nReq=42 sn=90
03:00:07.477 INF Delivered batch. nReq=42 sn=90
03:00:07.478 INF Delivered batch. nReq=44 sn=91
03:00:07.478 INF Delivered batch. nReq=42 sn=92
03:00:07.478 DBG Starting timer. sn=93 view=0
03:00:08.464 DBG Batch ready. batchSize=4096
03:00:08.464 DBG Batch cut. left=0 nBuckets=21 nReq=42 next=0
03:00:08.465 DBG Waiting for batch. batchSize=4096
03:00:08.465 INF Handling PREPREPARE. nReq=42 senderID=3 sn=95
03:00:08.465 DBG Creating new Batch. nReq=42
03:00:08.466 INF Sending PREPREPARE. nReq=42 senderID=0 sn=93 view=0
03:00:08.467 INF Handling PREPREPARE. nReq=44 senderID=2 sn=94
03:00:08.467 DBG Creating new Batch. nReq=44
03:00:08.470 DBG Sending PREPARE. senderID=0 sn=95 view=0
03:00:08.470 DBG Sending COMMIT. senderID=0 sn=95 view=0
03:00:08.472 DBG Sending PREPARE. senderID=0 sn=94 view=0
03:00:08.473 INF Committed entry. latency=0 nReq=42 sn=95
03:00:08.473 DBG Starting timer. sn=98 view=0
03:00:08.474 DBG Sending COMMIT. senderID=0 sn=94 view=0
03:00:08.475 INF Committed entry. latency=0 nReq=44 sn=94
03:00:08.476 DBG Starting timer. sn=97 view=0
03:00:08.477 DBG Sending COMMIT. senderID=0 sn=93 view=0
03:00:08.479 INF Committed entry. latency=0 nReq=42 sn=93
03:00:08.479 INF Delivered batch. nReq=42 sn=93
03:00:08.479 INF Delivered batch. nReq=44 sn=94
03:00:08.480 INF Delivered batch. nReq=42 sn=95
03:00:08.480 DBG Starting timer. sn=96 view=0
03:00:09.462 INF Handling PREPREPARE. nReq=0 senderID=3 sn=98
03:00:09.462 DBG Creating new Batch. nReq=0
03:00:09.462 DBG Sending PREPARE. senderID=0 sn=98 view=0
03:00:09.463 DBG Sending COMMIT. senderID=0 sn=98 view=0
03:00:09.463 INF Handling PREPREPARE. nReq=1 senderID=2 sn=97
03:00:09.463 DBG Creating new Batch. nReq=1
03:00:09.464 DBG Sending PREPARE. senderID=0 sn=97 view=0
03:00:09.465 DBG Batch ready. batchSize=4096
03:00:09.465 DBG Batch cut. left=0 nBuckets=21 nReq=0 next=0
03:00:09.465 DBG Sending COMMIT. senderID=0 sn=97 view=0
03:00:09.465 INF Committed entry. latency=0 nReq=0 sn=98
03:00:09.465 DBG Waiting for batch. batchSize=4096
03:00:09.465 INF Sending PREPREPARE. nReq=0 senderID=0 sn=96 view=0
03:00:09.466 DBG Starting timer. sn=101 view=0
03:00:09.466 INF Committed entry. latency=0 nReq=1 sn=97
03:00:09.467 DBG Starting timer. sn=100 view=0
03:00:09.468 DBG Sending COMMIT. senderID=0 sn=96 view=0
03:00:09.470 INF Committed entry. latency=0 nReq=0 sn=96
03:00:09.470 INF Delivered batch. nReq=0 sn=96
03:00:09.470 INF Delivered batch. nReq=1 sn=97
03:00:09.470 INF Delivered batch. nReq=0 sn=98
03:00:09.470 DBG Starting timer. sn=99 view=0
03:00:10.463 INF Handling PREPREPARE. nReq=0 senderID=3 sn=101
03:00:10.464 DBG Creating new Batch. nReq=0
03:00:10.464 INF Handling PREPREPARE. nReq=0 senderID=2 sn=100
03:00:10.464 DBG Creating new Batch. nReq=0
03:00:10.464 DBG Sending PREPARE. senderID=0 sn=101 view=0
03:00:10.464 DBG Sending PREPARE. senderID=0 sn=100 view=0
03:00:10.465 DBG Sending COMMIT. senderID=0 sn=100 view=0
03:00:10.465 DBG Sending COMMIT. senderID=0 sn=101 view=0
03:00:10.466 DBG Batch ready. batchSize=4096
03:00:10.466 INF Connection terminated. error="rpc error: code = Canceled desc = context canceled" address=127.0.0.1:46644
03:00:10.466 DBG Batch cut. left=0 nBuckets=21 nReq=0 next=0
03:00:10.467 INF Sending PREPREPARE. nReq=0 senderID=0 sn=99 view=0
03:00:10.467 DBG Waiting for batch. batchSize=4096
03:00:10.467 INF Committed entry. latency=0 nReq=0 sn=101
03:00:10.467 INF Finished sending bucket assignments to client. clId=0
03:00:10.467 DBG Starting timer. sn=104 view=0
03:00:10.467 INF Committed entry. latency=0 nReq=0 sn=100
03:00:10.467 DBG Starting timer. sn=103 view=0
03:00:10.469 DBG Sending COMMIT. senderID=0 sn=99 view=0
03:00:10.471 INF Committed entry. latency=0 nReq=0 sn=99
03:00:10.471 INF Delivered batch. nReq=0 sn=99
03:00:10.471 INF Delivered batch. nReq=0 sn=100
03:00:10.471 INF Delivered batch. nReq=0 sn=101
03:00:10.471 DBG Starting timer. sn=102 view=0
03:00:10.716 INF Stopping profiler.
03:00:10.716 INF Stopping Tracer. events=211 fileName=experiment-output/0002/slave-002/peer.trc
==================
WARNING: DATA RACE
Read at 0x00c000aa0000 by goroutine 115:
  runtime.racereadrange()
      <autogenerated>:1 +0x1b
  github.com/hyperledger-labs/mirbft/tracing.(*BufferedTrace).StopOnSignal.func1()
      /opt/gopath/src/github.com/hyperledger-labs/mirbft/tracing/bufferedtrace.go:298 +0x4e

Previous write at 0x00c000aa0000 by goroutine 410:
  github.com/hyperledger-labs/mirbft/tracing.(*BufferedTrace).Event()
      /opt/gopath/src/github.com/hyperledger-labs/mirbft/tracing/bufferedtrace.go:105 +0x2d9
  github.com/hyperledger-labs/mirbft/manager.(*MirManager).handleLogEntries()
      /opt/gopath/src/github.com/hyperledger-labs/mirbft/manager/mirmanager.go:139 +0x1d8
  github.com/hyperledger-labs/mirbft/manager.(*MirManager).Startdwrap7()
      /opt/gopath/src/github.com/hyperledger-labs/mirbft/manager/mirmanager.go:101 +0x47

Goroutine 115 (running) created at:
  github.com/hyperledger-labs/mirbft/tracing.(*BufferedTrace).StopOnSignal()
      /opt/gopath/src/github.com/hyperledger-labs/mirbft/tracing/bufferedtrace.go:292 +0x172
  main.setUpTracing()
      /opt/gopath/src/github.com/hyperledger-labs/mirbft/cmd/orderingpeer/main.go:204 +0xf5
  main.main()
      /opt/gopath/src/github.com/hyperledger-labs/mirbft/cmd/orderingpeer/main.go:98 +0x9d6

Goroutine 410 (running) created at:
  github.com/hyperledger-labs/mirbft/manager.(*MirManager).Start()
      /opt/gopath/src/github.com/hyperledger-labs/mirbft/manager/mirmanager.go:101 +0x19e
  main.maindwrap4()
      /opt/gopath/src/github.com/hyperledger-labs/mirbft/cmd/orderingpeer/main.go:168 +0x59
==================
==================
WARNING: DATA RACE
Read at 0x00c000aa1ec8 by goroutine 115:
  runtime.racereadrange()
      <autogenerated>:1 +0x1b
  github.com/hyperledger-labs/mirbft/tracing.(*BufferedTrace).StopOnSignal.func1()
      /opt/gopath/src/github.com/hyperledger-labs/mirbft/tracing/bufferedtrace.go:298 +0x4e

Previous write at 0x00c000aa1ec8 by goroutine 393:
  github.com/hyperledger-labs/mirbft/tracing.(*BufferedTrace).Event()
      /opt/gopath/src/github.com/hyperledger-labs/mirbft/tracing/bufferedtrace.go:105 +0x2d9
  github.com/hyperledger-labs/mirbft/messenger.NewBatchedConnection.func1()
      /opt/gopath/src/github.com/hyperledger-labs/mirbft/messenger/peerconnection.go:397 +0x3b6
  github.com/hyperledger-labs/mirbft/util.(*ChannelBuffer).PeriodicFunc.func1()
      /opt/gopath/src/github.com/hyperledger-labs/mirbft/util/channelbuffer.go:80 +0xbd

Goroutine 115 (running) created at:
  github.com/hyperledger-labs/mirbft/tracing.(*BufferedTrace).StopOnSignal()
      /opt/gopath/src/github.com/hyperledger-labs/mirbft/tracing/bufferedtrace.go:292 +0x172
  main.setUpTracing()
      /opt/gopath/src/github.com/hyperledger-labs/mirbft/cmd/orderingpeer/main.go:204 +0xf5
  main.main()
      /opt/gopath/src/github.com/hyperledger-labs/mirbft/cmd/orderingpeer/main.go:98 +0x9d6

Goroutine 393 (running) created at:
  github.com/hyperledger-labs/mirbft/util.(*ChannelBuffer).PeriodicFunc()
      /opt/gopath/src/github.com/hyperledger-labs/mirbft/util/channelbuffer.go:78 +0xef
  github.com/hyperledger-labs/mirbft/messenger.NewBatchedConnection()
      /opt/gopath/src/github.com/hyperledger-labs/mirbft/messenger/peerconnection.go:370 +0x19c
  github.com/hyperledger-labs/mirbft/messenger.connectToPeer()
      /opt/gopath/src/github.com/hyperledger-labs/mirbft/messenger/peers.go:337 +0x8f6
  github.com/hyperledger-labs/mirbft/messenger.Connect.func2()
      /opt/gopath/src/github.com/hyperledger-labs/mirbft/messenger/peers.go:233 +0x37
  github.com/hyperledger-labs/mirbft/messenger.Connectdwrap9()
      /opt/gopath/src/github.com/hyperledger-labs/mirbft/messenger/peers.go:235 +0x44
==================
==================
WARNING: DATA RACE
Read at 0x00c000aa20d0 by goroutine 115:
  runtime.racereadrange()
      <autogenerated>:1 +0x1b
  github.com/hyperledger-labs/mirbft/tracing.(*BufferedTrace).StopOnSignal.func1()
      /opt/gopath/src/github.com/hyperledger-labs/mirbft/tracing/bufferedtrace.go:298 +0x4e

Previous write at 0x00c000aa20d0 by goroutine 114:
  github.com/hyperledger-labs/mirbft/tracing.(*BufferedTrace).Event()
      /opt/gopath/src/github.com/hyperledger-labs/mirbft/tracing/bufferedtrace.go:105 +0x2d9
  github.com/hyperledger-labs/mirbft/profiling.StartCPUTracing.func1()
      /opt/gopath/src/github.com/hyperledger-labs/mirbft/profiling/cpuusage.go:31 +0x95

Goroutine 115 (running) created at:
  github.com/hyperledger-labs/mirbft/tracing.(*BufferedTrace).StopOnSignal()
      /opt/gopath/src/github.com/hyperledger-labs/mirbft/tracing/bufferedtrace.go:292 +0x172
  main.setUpTracing()
      /opt/gopath/src/github.com/hyperledger-labs/mirbft/cmd/orderingpeer/main.go:204 +0xf5
  main.main()
      /opt/gopath/src/github.com/hyperledger-labs/mirbft/cmd/orderingpeer/main.go:98 +0x9d6

Goroutine 114 (running) created at:
  github.com/hyperledger-labs/mirbft/profiling.StartCPUTracing()
      /opt/gopath/src/github.com/hyperledger-labs/mirbft/profiling/cpuusage.go:28 +0xb6
  main.setUpTracing()
      /opt/gopath/src/github.com/hyperledger-labs/mirbft/cmd/orderingpeer/main.go:196 +0x85
  main.main()
      /opt/gopath/src/github.com/hyperledger-labs/mirbft/cmd/orderingpeer/main.go:98 +0x9d6
==================
03:00:10.720 INF Trace data written.
03:00:10.741 INF Profile data written. filename=experiment-output/0002/slave-002/prof.cpu name=cpu
03:00:10.806 INF Profile data written. filename=experiment-output/0002/slave-002/prof.block name=block
03:00:10.835 INF Profile data written. filename=experiment-output/0002/slave-002/prof.mutex name=mutex
