3:03AM INF Received own slave ID. ownSlaveId=2
3:03AM INF OK status=0
3:03AM INF Received command. cmdId=3
3:03AM INF Received an ExecStart command args="[-p experiment-output/0000/slave-__id__/config]" cmd=mkdir outFile=/dev/null
3:03AM INF OK status=0
3:03AM INF Received command. cmdId=4
3:03AM INF Received command. cmdType=ExecWait
3:03AM INF OK status=0
3:03AM INF Received command. cmdId=5
3:03AM INF Received an ExecStart command args="[config/config-0000.yml experiment-output/0000/slave-__id__/config/config.yml]" cmd=cp outFile=/dev/null
3:03AM INF OK status=0
3:03AM INF Received command. cmdId=6
3:03AM INF Received command. cmdType=ExecWait
3:03AM INF OK status=0
3:03AM INF Received command. cmdId=9
3:03AM INF Received command. cmdType=Noop
3:03AM INF Noop. Doing nothing. status=0
3:03AM INF Received command. cmdId=12
3:03AM INF Received an ExecStart command args="[experiment-output/0000/slave-__id__/config/config.yml 127.0.0.1:9999 127.0.0.1 127.0.0.1 experiment-output/0000/slave-__id__/peer.trc experiment-output/0000/slave-__id__/prof]" cmd=orderingpeer outFile=experiment-output/0000/slave-__id__/peer.log
3:03AM INF OK status=0
3:19AM INF Received command. cmdId=20
3:19AM INF Received command. cmdType=ExecSignal
3:19AM INF OK status=0
3:19AM INF Received command. cmdId=25
3:19AM INF Received an ExecStart command args="[-p experiment-output/0001/slave-__id__/config]" cmd=mkdir outFile=/dev/null
3:19AM INF OK status=0
3:19AM INF Received command. cmdId=26
3:19AM INF Received command. cmdType=ExecWait
3:19AM INF OK status=0
3:19AM INF Received command. cmdId=27
3:19AM INF Received an ExecStart command args="[config/config-0001.yml experiment-output/0001/slave-__id__/config/config.yml]" cmd=cp outFile=/dev/null
3:19AM INF OK status=0
3:19AM INF Received command. cmdId=28
3:19AM INF Received command. cmdType=ExecWait
3:19AM INF OK status=0
3:19AM INF Received command. cmdId=31
3:19AM INF Received command. cmdType=Noop
3:19AM INF Noop. Doing nothing. status=0
3:19AM INF Received command. cmdId=34
3:19AM INF Received an ExecStart command args="[experiment-output/0001/slave-__id__/config/config.yml 127.0.0.1:9999 127.0.0.1 127.0.0.1 experiment-output/0001/slave-__id__/peer.trc experiment-output/0001/slave-__id__/prof]" cmd=orderingpeer outFile=experiment-output/0001/slave-__id__/peer.log
3:19AM INF OK status=0
3:35AM INF Received command. cmdId=42
3:35AM INF Received command. cmdType=ExecSignal
3:35AM INF OK status=0
3:35AM INF Received command. cmdId=47
3:35AM INF Received an ExecStart command args="[-p experiment-output/0002/slave-__id__/config]" cmd=mkdir outFile=/dev/null
3:35AM INF OK status=0
3:35AM INF Received command. cmdId=48
3:35AM INF Received command. cmdType=ExecWait
3:35AM INF OK status=0
3:35AM INF Received command. cmdId=49
3:35AM INF Received an ExecStart command args="[config/config-0002.yml experiment-output/0002/slave-__id__/config/config.yml]" cmd=cp outFile=/dev/null
3:35AM INF OK status=0
3:35AM INF Received command. cmdId=50
3:35AM INF Received command. cmdType=ExecWait
3:35AM INF OK status=0
3:35AM INF Received command. cmdId=53
3:35AM INF Received command. cmdType=Noop
3:35AM INF Noop. Doing nothing. status=0
3:35AM INF Received command. cmdId=56
3:35AM INF Received an ExecStart command args="[experiment-output/0002/slave-__id__/config/config.yml 127.0.0.1:9999 127.0.0.1 127.0.0.1 experiment-output/0002/slave-__id__/peer.trc experiment-output/0002/slave-__id__/prof]" cmd=orderingpeer outFile=experiment-output/0002/slave-__id__/peer.log
3:35AM INF OK status=0
3:51AM INF Received command. cmdId=64
3:51AM INF Received command. cmdType=ExecSignal
3:51AM INF OK status=0
3:52AM INF Received command. cmdId=69
3:52AM INF Received an ExecStart command args="[-p experiment-output/0003/slave-__id__/config]" cmd=mkdir outFile=/dev/null
3:52AM INF OK status=0
3:52AM INF Received command. cmdId=70
3:52AM INF Received command. cmdType=ExecWait
3:52AM INF OK status=0
3:52AM INF Received command. cmdId=71
3:52AM INF Received an ExecStart command args="[config/config-0003.yml experiment-output/0003/slave-__id__/config/config.yml]" cmd=cp outFile=/dev/null
3:52AM INF OK status=0
3:52AM INF Received command. cmdId=72
3:52AM INF Received command. cmdType=ExecWait
3:52AM INF OK status=0
3:52AM INF Received command. cmdId=75
3:52AM INF Received command. cmdType=Noop
3:52AM INF Noop. Doing nothing. status=0
3:52AM INF Received command. cmdId=78
3:52AM INF Received an ExecStart command args="[experiment-output/0003/slave-__id__/config/config.yml 127.0.0.1:9999 127.0.0.1 127.0.0.1 experiment-output/0003/slave-__id__/peer.trc experiment-output/0003/slave-__id__/prof]" cmd=orderingpeer outFile=experiment-output/0003/slave-__id__/peer.log
3:52AM INF OK status=0
4:08AM INF Received command. cmdId=86
4:08AM INF Received command. cmdType=ExecSignal
4:08AM INF OK status=0
4:08AM INF Received command. cmdId=91
4:08AM INF Received command. cmdType=Stop
