{"level":"debug","Logging":"debug","time":"2022-08-10T11:25:11+08:00","message":"Config"}
{"level":"debug","UseTLS":false,"time":"2022-08-10T11:25:11+08:00","message":"Config"}
{"level":"debug","CACertFile":"tls-data/ca.pem","time":"2022-08-10T11:25:11+08:00","message":"Config"}
{"level":"debug","KeyFile":"tls-data/auth.key","time":"2022-08-10T11:25:11+08:00","message":"Config"}
{"level":"debug","CertFile":"tls-data/auth.pem","time":"2022-08-10T11:25:11+08:00","message":"Config"}
{"level":"debug","PriorityConnections":2,"time":"2022-08-10T11:25:11+08:00","message":"Config"}
{"level":"debug","BasicConnections":4,"time":"2022-08-10T11:25:11+08:00","message":"Config"}
{"level":"debug","TestConnections":false,"time":"2022-08-10T11:25:11+08:00","message":"Config"}
{"level":"debug","ExcessConnections":1,"time":"2022-08-10T11:25:11+08:00","message":"Config"}
{"level":"debug","ConnectionTestMsgs":4,"time":"2022-08-10T11:25:11+08:00","message":"Config"}
{"level":"debug","ConnectionTestPayload":131072,"time":"2022-08-10T11:25:11+08:00","message":"Config"}
{"level":"debug","OutMessageBufsize":1024,"time":"2022-08-10T11:25:11+08:00","message":"Config"}
{"level":"debug","OutMessageBufsize":1,"time":"2022-08-10T11:25:11+08:00","message":"Config"}
{"level":"debug","ThroughputCap":131072000,"time":"2022-08-10T11:25:11+08:00","message":"Config"}
{"level":"debug","StragglerTolerance":1000,"time":"2022-08-10T11:25:11+08:00","message":"Config"}
{"level":"debug","BatchSizeIncrement":256,"time":"2022-08-10T11:25:11+08:00","message":"Config"}
{"level":"debug","Orderer":"Pbft","time":"2022-08-10T11:25:11+08:00","message":"Config"}
{"level":"debug","Manager":"Mir","time":"2022-08-10T11:25:11+08:00","message":"Config"}
{"level":"debug","Failures":0,"time":"2022-08-10T11:25:11+08:00","message":"Config"}
{"level":"debug","CrashTiming":"Straggler","time":"2022-08-10T11:25:11+08:00","message":"Config"}
{"level":"debug","CheckpointInterval":256,"time":"2022-08-10T11:25:11+08:00","message":"Config"}
{"level":"debug","WatermarkWindowSize":256,"time":"2022-08-10T11:25:11+08:00","message":"Config"}
{"level":"debug","EpochLength":256,"time":"2022-08-10T11:25:11+08:00","message":"Config"}
{"level":"debug","SegmentLength":256,"time":"2022-08-10T11:25:11+08:00","message":"Config"}
{"level":"debug","WaitForCheckpoints":true,"time":"2022-08-10T11:25:11+08:00","message":"Config"}
{"level":"debug","ClientWatermarkWindowSize":4194304,"time":"2022-08-10T11:25:11+08:00","message":"Config"}
{"level":"debug","ClientRequestBacklogSize":4194304,"time":"2022-08-10T11:25:11+08:00","message":"Config"}
{"level":"debug","RandomSeed":19955,"time":"2022-08-10T11:25:11+08:00","message":"Config"}
{"level":"debug","NodeToLeaderRatio":1,"time":"2022-08-10T11:25:11+08:00","message":"Config"}
{"level":"debug","LeaderPolicy":"Single","time":"2022-08-10T11:25:11+08:00","message":"Config"}
{"level":"debug","DefaultLeaderBan":2,"time":"2022-08-10T11:25:11+08:00","message":"Config"}
{"level":"debug","NumBuckets":16,"time":"2022-08-10T11:25:11+08:00","message":"Config"}
{"level":"debug","BatchSize":1000,"time":"2022-08-10T11:25:11+08:00","message":"Config"}
{"level":"debug","DisabledViewChange":false,"time":"2022-08-10T11:25:11+08:00","message":"Config"}
{"level":"debug","ViewChangeTimeout":60000,"time":"2022-08-10T11:25:11+08:00","message":"Config"}
{"level":"debug","ClientTraceSampling":10,"time":"2022-08-10T11:25:11+08:00","message":"Config"}
{"level":"debug","EventBufferSize":2097152,"time":"2022-08-10T11:25:11+08:00","message":"Config"}
{"level":"debug","TraceSampling":1,"time":"2022-08-10T11:25:11+08:00","message":"Config"}
{"level":"debug","ClientsPerProcess":1,"time":"2022-08-10T11:25:11+08:00","message":"Config"}
{"level":"debug","RequestsPerClient":15360,"time":"2022-08-10T11:25:11+08:00","message":"Config"}
{"level":"debug","ClientRunTime":30000,"time":"2022-08-10T11:25:11+08:00","message":"Config"}
{"level":"debug","RequestRate":256,"time":"2022-08-10T11:25:11+08:00","message":"Config"}
{"level":"debug","HardRequestRateLimit":false,"time":"2022-08-10T11:25:11+08:00","message":"Config"}
{"level":"debug","RequestPayloadSize":500,"time":"2022-08-10T11:25:11+08:00","message":"Config"}
{"level":"debug","SignRequests":true,"time":"2022-08-10T11:25:11+08:00","message":"Config"}
{"level":"debug","ClientPrivKeyFile":"tls-data/client-ecdsa-256.key","time":"2022-08-10T11:25:11+08:00","message":"Config"}
{"level":"debug","ClientPubKeyFile":"tls-data/client-ecdsa-256.pem","time":"2022-08-10T11:25:11+08:00","message":"Config"}
{"level":"debug","PrecomputeRequests":false,"time":"2022-08-10T11:25:11+08:00","message":"Config"}
{"level":"debug","RequestHandlerThreads":32,"time":"2022-08-10T11:25:11+08:00","message":"Config"}
{"level":"debug","RequestInputChannelBuffer":8192,"time":"2022-08-10T11:25:11+08:00","message":"Config"}
{"level":"debug","BatchVerifier":"external","time":"2022-08-10T11:25:11+08:00","message":"Config"}
03:25:11.365 INF Registered with discovery server. numPeers=4 ownID=0
03:25:11.366 INF Profiling enabled.
03:25:11.366 INF Setting up profiling.
03:25:11.366 INF Started Profiler: CPU
03:25:11.366 INF Started Profiler: BLOCK
03:25:11.366 INF Started Profiler: MUTEX
03:25:11.367 INF Profiler will stop on signal. exit=true
03:25:11.368 INF Tracing will stop on signal. exit=false
03:25:11.369 INF Started tracing. traceFile=experiment-output/0003/slave-001/peer.trc
03:25:11.370 DBG Starting backlog.
03:25:11.370 INF Listening for connections. port=10000 useTLS=false
03:25:11.370 INF Connecting to peer. addr=127.0.0.1:10000 basicConns=4 priorityConns=2
03:25:11.370 INF Connecting to peer. addr=127.0.0.1:10011 basicConns=4 priorityConns=2
03:25:11.371 INF Connecting to peer. addr=127.0.0.1:10033 basicConns=4 priorityConns=2
03:25:11.371 INF Connecting to peer. addr=127.0.0.1:10022 basicConns=4 priorityConns=2
03:25:11.395 INF Incoming connection for protocol messages. addr=127.0.0.1:53238
03:25:11.399 INF Incoming connection for protocol messages. addr=127.0.0.1:53286
03:25:11.399 INF Incoming connection for protocol messages. addr=127.0.0.1:53236
03:25:11.400 INF Incoming connection for protocol messages. addr=127.0.0.1:53290
03:25:11.401 INF Incoming connection for protocol messages. addr=127.0.0.1:53280
03:25:11.401 INF Incoming connection for protocol messages. addr=127.0.0.1:53240
03:25:11.402 INF Incoming connection for protocol messages. addr=127.0.0.1:53298
03:25:11.403 INF Incoming connection for protocol messages. addr=127.0.0.1:53264
03:25:11.404 INF Incoming connection for protocol messages. addr=127.0.0.1:53302
03:25:11.404 INF Incoming connection for protocol messages. addr=127.0.0.1:53308
03:25:11.404 INF Incoming connection for protocol messages. addr=127.0.0.1:53312
03:25:11.405 INF Incoming connection for protocol messages. addr=127.0.0.1:53254
03:25:11.405 INF Incoming connection for protocol messages. addr=127.0.0.1:53296
03:25:11.405 INF Incoming connection for protocol messages. addr=127.0.0.1:53322
03:25:11.405 INF Incoming connection for protocol messages. addr=127.0.0.1:53324
03:25:11.405 INF Incoming connection for protocol messages. addr=127.0.0.1:53340
03:25:11.407 INF Incoming connection for protocol messages. addr=127.0.0.1:53332
03:25:11.407 INF Incoming connection for protocol messages. addr=127.0.0.1:53372
03:25:11.408 INF Incoming connection for protocol messages. addr=127.0.0.1:53380
03:25:11.408 INF Incoming connection for protocol messages. addr=127.0.0.1:53388
03:25:11.408 INF Incoming connection for protocol messages. addr=127.0.0.1:53402
03:25:11.408 INF Incoming connection for protocol messages. addr=127.0.0.1:53348
03:25:11.409 INF Incoming connection for protocol messages. addr=127.0.0.1:53342
03:25:11.409 DBG Connected. peerID=1
03:25:11.409 DBG Connected. peerID=0
03:25:11.411 INF Incoming connection for protocol messages. addr=127.0.0.1:53326
03:25:11.413 DBG Connected. peerID=2
03:25:11.414 DBG Connected. peerID=3
03:25:11.414 INF Connected to all peers.
03:25:11.420 INF All peers finished connecting. Starting ISS.
03:25:11.420 DBG Buckets for 0-th leader 0: [0 4 8 12 1 5 9 13 2 6 10 14 3 7 11 15]
03:25:11.421 INF PbftOrderer received a new segment: [0 1 2 3 4 5 6 7 8 9 10 11 12 13 14 15 16 17 18 19 20 21 22 23 24 25 26 27 28 29 30 31 32 33 34 35 36 37 38 39 40 41 42 43 44 45 46 47 48 49 50 51 52 53 54 55 56 57 58 59 60 61 62 63 64 65 66 67 68 69 70 71 72 73 74 75 76 77 78 79 80 81 82 83 84 85 86 87 88 89 90 91 92 93 94 95 96 97 98 99 100 101 102 103 104 105 106 107 108 109 110 111 112 113 114 115 116 117 118 119 120 121 122 123 124 125 126 127 128 129 130 131 132 133 134 135 136 137 138 139 140 141 142 143 144 145 146 147 148 149 150 151 152 153 154 155 156 157 158 159 160 161 162 163 164 165 166 167 168 169 170 171 172 173 174 175 176 177 178 179 180 181 182 183 184 185 186 187 188 189 190 191 192 193 194 195 196 197 198 199 200 201 202 203 204 205 206 207 208 209 210 211 212 213 214 215 216 217 218 219 220 221 222 223 224 225 226 227 228 229 230 231 232 233 234 235 236 237 238 239 240 241 242 243 244 245 246 247 248 249 250 251 252 253 254 255] first leader=0 firstSN=0 lastSN=255 len=256 length=256 segId=0
03:25:11.421 INF Starting new view. segID=0 timeout=60000 view=0
03:25:11.422 DBG Starting timer. sn=0 view=0
03:25:11.422 INF Starting PBFT instance. first=0 last=255 segID=0
03:25:11.422 DBG Subscribing to backlog. segID=0
03:25:11.423 INF Starting serialized message processing. segID=0
03:25:11.422 DBG Leading segment. segID=0
03:25:11.423 DBG Waiting for batch. batchSize=4096
03:25:12.423 DBG Batch ready. batchSize=4096
03:25:12.424 DBG Batch cut. left=0 nBuckets=16 nReq=0 next=0
03:25:12.424 INF Sending PREPREPARE. nReq=0 senderID=0 sn=0 view=0
03:25:12.424 DBG Waiting for batch. batchSize=4096
03:25:12.431 DBG Sending COMMIT. senderID=0 sn=0 view=0
03:25:12.432 INF Committed entry. latency=0 nReq=0 sn=0
03:25:12.433 INF Delivered batch. nReq=0 sn=0
03:25:12.433 DBG Starting timer. sn=1 view=0
03:25:13.424 DBG Batch ready. batchSize=4096
03:25:13.425 DBG Batch cut. left=0 nBuckets=16 nReq=0 next=0
03:25:13.425 DBG Waiting for batch. batchSize=4096
03:25:13.425 INF Sending PREPREPARE. nReq=0 senderID=0 sn=1 view=0
03:25:13.428 DBG Sending COMMIT. senderID=0 sn=1 view=0
03:25:13.430 INF Committed entry. latency=0 nReq=0 sn=1
03:25:13.430 INF Delivered batch. nReq=0 sn=1
03:25:13.430 DBG Starting timer. sn=2 view=0
03:25:13.454 INF Incoming connection for requests. addr=127.0.0.1:53420
03:25:14.426 DBG Batch ready. batchSize=4096
03:25:14.426 DBG Batch cut. left=0 nBuckets=16 nReq=244 next=0
03:25:14.426 DBG Waiting for batch. batchSize=4096
03:25:14.432 INF Sending PREPREPARE. nReq=244 senderID=0 sn=2 view=0
03:25:14.491 DBG Sending COMMIT. senderID=0 sn=2 view=0
03:25:14.493 INF Committed entry. latency=0 nReq=244 sn=2
03:25:14.494 INF Delivered batch. nReq=244 sn=2
03:25:14.494 DBG Starting timer. sn=3 view=0
03:25:15.427 DBG Batch ready. batchSize=4096
03:25:15.428 DBG Batch cut. left=0 nBuckets=16 nReq=256 next=0
03:25:15.428 DBG Waiting for batch. batchSize=4096
03:25:15.432 INF Sending PREPREPARE. nReq=256 senderID=0 sn=3 view=0
03:25:15.481 DBG Sending COMMIT. senderID=0 sn=3 view=0
03:25:15.483 INF Committed entry. latency=0 nReq=256 sn=3
03:25:15.483 INF Delivered batch. nReq=256 sn=3
03:25:15.483 DBG Starting timer. sn=4 view=0
03:25:16.429 DBG Batch ready. batchSize=4096
03:25:16.430 DBG Batch cut. left=0 nBuckets=16 nReq=256 next=0
03:25:16.430 DBG Waiting for batch. batchSize=4096
03:25:16.434 INF Sending PREPREPARE. nReq=256 senderID=0 sn=4 view=0
03:25:16.486 DBG Sending COMMIT. senderID=0 sn=4 view=0
03:25:16.488 INF Committed entry. latency=0 nReq=256 sn=4
03:25:16.488 INF Delivered batch. nReq=256 sn=4
03:25:16.488 DBG Starting timer. sn=5 view=0
03:25:17.431 DBG Batch ready. batchSize=4096
03:25:17.432 DBG Batch cut. left=0 nBuckets=16 nReq=257 next=0
03:25:17.432 DBG Waiting for batch. batchSize=4096
03:25:17.436 INF Sending PREPREPARE. nReq=257 senderID=0 sn=5 view=0
03:25:17.487 DBG Sending COMMIT. senderID=0 sn=5 view=0
03:25:17.488 INF Committed entry. latency=0 nReq=257 sn=5
03:25:17.488 INF Delivered batch. nReq=257 sn=5
03:25:17.489 DBG Starting timer. sn=6 view=0
03:25:18.433 DBG Batch ready. batchSize=4096
03:25:18.433 DBG Batch cut. left=0 nBuckets=16 nReq=257 next=0
03:25:18.434 DBG Waiting for batch. batchSize=4096
03:25:18.437 INF Sending PREPREPARE. nReq=257 senderID=0 sn=6 view=0
03:25:18.485 DBG Sending COMMIT. senderID=0 sn=6 view=0
03:25:18.488 INF Committed entry. latency=0 nReq=257 sn=6
03:25:18.488 INF Delivered batch. nReq=257 sn=6
03:25:18.488 DBG Starting timer. sn=7 view=0
03:25:19.435 DBG Batch ready. batchSize=4096
03:25:19.435 DBG Batch cut. left=0 nBuckets=16 nReq=256 next=0
03:25:19.435 DBG Waiting for batch. batchSize=4096
03:25:19.439 INF Sending PREPREPARE. nReq=256 senderID=0 sn=7 view=0
03:25:19.487 DBG Sending COMMIT. senderID=0 sn=7 view=0
03:25:19.489 INF Committed entry. latency=0 nReq=256 sn=7
03:25:19.489 INF Delivered batch. nReq=256 sn=7
03:25:19.489 DBG Starting timer. sn=8 view=0
03:25:20.436 DBG Batch ready. batchSize=4096
03:25:20.437 DBG Batch cut. left=0 nBuckets=16 nReq=256 next=0
03:25:20.437 DBG Waiting for batch. batchSize=4096
03:25:20.441 INF Sending PREPREPARE. nReq=256 senderID=0 sn=8 view=0
03:25:20.489 DBG Sending COMMIT. senderID=0 sn=8 view=0
03:25:20.491 INF Committed entry. latency=0 nReq=256 sn=8
03:25:20.491 INF Delivered batch. nReq=256 sn=8
03:25:20.491 DBG Starting timer. sn=9 view=0
03:25:21.438 DBG Batch ready. batchSize=4096
03:25:21.438 DBG Batch cut. left=0 nBuckets=16 nReq=257 next=0
03:25:21.438 DBG Waiting for batch. batchSize=4096
03:25:21.442 INF Sending PREPREPARE. nReq=257 senderID=0 sn=9 view=0
03:25:21.490 DBG Sending COMMIT. senderID=0 sn=9 view=0
03:25:21.493 INF Committed entry. latency=0 nReq=257 sn=9
03:25:21.493 INF Delivered batch. nReq=257 sn=9
03:25:21.493 DBG Starting timer. sn=10 view=0
03:25:22.439 DBG Batch ready. batchSize=4096
03:25:22.439 DBG Batch cut. left=0 nBuckets=16 nReq=256 next=0
03:25:22.440 DBG Waiting for batch. batchSize=4096
03:25:22.444 INF Sending PREPREPARE. nReq=256 senderID=0 sn=10 view=0
03:25:22.491 DBG Sending COMMIT. senderID=0 sn=10 view=0
03:25:22.493 INF Committed entry. latency=0 nReq=256 sn=10
03:25:22.493 INF Delivered batch. nReq=256 sn=10
03:25:22.493 DBG Starting timer. sn=11 view=0
03:25:23.441 DBG Batch ready. batchSize=4096
03:25:23.441 DBG Batch cut. left=0 nBuckets=16 nReq=256 next=0
03:25:23.442 DBG Waiting for batch. batchSize=4096
03:25:23.445 INF Sending PREPREPARE. nReq=256 senderID=0 sn=11 view=0
03:25:23.494 DBG Sending COMMIT. senderID=0 sn=11 view=0
03:25:23.496 INF Committed entry. latency=0 nReq=256 sn=11
03:25:23.496 INF Delivered batch. nReq=256 sn=11
03:25:23.496 DBG Starting timer. sn=12 view=0
03:25:24.443 DBG Batch ready. batchSize=4096
03:25:24.443 DBG Batch cut. left=0 nBuckets=16 nReq=257 next=0
03:25:24.443 DBG Waiting for batch. batchSize=4096
03:25:24.448 INF Sending PREPREPARE. nReq=257 senderID=0 sn=12 view=0
03:25:24.496 DBG Sending COMMIT. senderID=0 sn=12 view=0
03:25:24.498 INF Committed entry. latency=0 nReq=257 sn=12
03:25:24.499 INF Delivered batch. nReq=257 sn=12
03:25:24.499 DBG Starting timer. sn=13 view=0
03:25:25.445 DBG Batch ready. batchSize=4096
03:25:25.445 DBG Batch cut. left=0 nBuckets=16 nReq=256 next=0
03:25:25.446 DBG Waiting for batch. batchSize=4096
03:25:25.449 INF Sending PREPREPARE. nReq=256 senderID=0 sn=13 view=0
03:25:25.497 DBG Sending COMMIT. senderID=0 sn=13 view=0
03:25:25.499 INF Committed entry. latency=0 nReq=256 sn=13
03:25:25.499 INF Delivered batch. nReq=256 sn=13
03:25:25.499 DBG Starting timer. sn=14 view=0
03:25:26.447 DBG Batch ready. batchSize=4096
03:25:26.447 DBG Batch cut. left=0 nBuckets=16 nReq=257 next=0
03:25:26.447 DBG Waiting for batch. batchSize=4096
03:25:26.451 INF Sending PREPREPARE. nReq=257 senderID=0 sn=14 view=0
03:25:26.500 DBG Sending COMMIT. senderID=0 sn=14 view=0
03:25:26.502 INF Committed entry. latency=0 nReq=257 sn=14
03:25:26.502 INF Delivered batch. nReq=257 sn=14
03:25:26.502 DBG Starting timer. sn=15 view=0
03:25:27.448 DBG Batch ready. batchSize=4096
03:25:27.448 DBG Batch cut. left=0 nBuckets=16 nReq=257 next=0
03:25:27.449 DBG Waiting for batch. batchSize=4096
03:25:27.453 INF Sending PREPREPARE. nReq=257 senderID=0 sn=15 view=0
03:25:27.500 DBG Sending COMMIT. senderID=0 sn=15 view=0
03:25:27.502 INF Committed entry. latency=0 nReq=257 sn=15
03:25:27.502 INF Delivered batch. nReq=257 sn=15
03:25:27.502 DBG Starting timer. sn=16 view=0
03:25:28.450 DBG Batch ready. batchSize=4096
03:25:28.451 DBG Batch cut. left=0 nBuckets=16 nReq=256 next=0
03:25:28.451 DBG Waiting for batch. batchSize=4096
03:25:28.455 INF Sending PREPREPARE. nReq=256 senderID=0 sn=16 view=0
03:25:28.503 DBG Sending COMMIT. senderID=0 sn=16 view=0
03:25:28.505 INF Committed entry. latency=0 nReq=256 sn=16
03:25:28.505 INF Delivered batch. nReq=256 sn=16
03:25:28.505 DBG Starting timer. sn=17 view=0
03:25:29.451 DBG Batch ready. batchSize=4096
03:25:29.452 DBG Batch cut. left=0 nBuckets=16 nReq=256 next=0
03:25:29.452 DBG Waiting for batch. batchSize=4096
03:25:29.456 INF Sending PREPREPARE. nReq=256 senderID=0 sn=17 view=0
03:25:29.505 DBG Sending COMMIT. senderID=0 sn=17 view=0
03:25:29.507 INF Committed entry. latency=0 nReq=256 sn=17
03:25:29.507 INF Delivered batch. nReq=256 sn=17
03:25:29.507 DBG Starting timer. sn=18 view=0
03:25:30.453 DBG Batch ready. batchSize=4096
03:25:30.453 DBG Batch cut. left=0 nBuckets=16 nReq=257 next=0
03:25:30.453 DBG Waiting for batch. batchSize=4096
03:25:30.458 INF Sending PREPREPARE. nReq=257 senderID=0 sn=18 view=0
03:25:30.508 DBG Sending COMMIT. senderID=0 sn=18 view=0
03:25:30.510 INF Committed entry. latency=0 nReq=257 sn=18
03:25:30.510 INF Delivered batch. nReq=257 sn=18
03:25:30.511 DBG Starting timer. sn=19 view=0
03:25:31.455 DBG Batch ready. batchSize=4096
03:25:31.455 DBG Batch cut. left=0 nBuckets=16 nReq=256 next=0
03:25:31.456 DBG Waiting for batch. batchSize=4096
03:25:31.459 INF Sending PREPREPARE. nReq=256 senderID=0 sn=19 view=0
03:25:31.507 DBG Sending COMMIT. senderID=0 sn=19 view=0
03:25:31.509 INF Committed entry. latency=0 nReq=256 sn=19
03:25:31.509 INF Delivered batch. nReq=256 sn=19
03:25:31.509 DBG Starting timer. sn=20 view=0
03:25:32.456 DBG Batch ready. batchSize=4096
03:25:32.457 DBG Batch cut. left=0 nBuckets=16 nReq=257 next=0
03:25:32.457 DBG Waiting for batch. batchSize=4096
03:25:32.461 INF Sending PREPREPARE. nReq=257 senderID=0 sn=20 view=0
03:25:32.509 DBG Sending COMMIT. senderID=0 sn=20 view=0
03:25:32.511 INF Committed entry. latency=0 nReq=257 sn=20
03:25:32.511 INF Delivered batch. nReq=257 sn=20
03:25:32.512 DBG Starting timer. sn=21 view=0
03:25:33.458 DBG Batch ready. batchSize=4096
03:25:33.458 DBG Batch cut. left=0 nBuckets=16 nReq=256 next=0
03:25:33.458 DBG Waiting for batch. batchSize=4096
03:25:33.462 INF Sending PREPREPARE. nReq=256 senderID=0 sn=21 view=0
03:25:33.509 DBG Sending COMMIT. senderID=0 sn=21 view=0
03:25:33.511 INF Committed entry. latency=0 nReq=256 sn=21
03:25:33.511 INF Delivered batch. nReq=256 sn=21
03:25:33.511 DBG Starting timer. sn=22 view=0
03:25:34.459 DBG Batch ready. batchSize=4096
03:25:34.459 DBG Batch cut. left=0 nBuckets=16 nReq=256 next=0
03:25:34.460 DBG Waiting for batch. batchSize=4096
03:25:34.464 INF Sending PREPREPARE. nReq=256 senderID=0 sn=22 view=0
03:25:34.511 DBG Sending COMMIT. senderID=0 sn=22 view=0
03:25:34.514 INF Committed entry. latency=0 nReq=256 sn=22
03:25:34.514 INF Delivered batch. nReq=256 sn=22
03:25:34.514 DBG Starting timer. sn=23 view=0
03:25:35.460 DBG Batch ready. batchSize=4096
03:25:35.461 DBG Batch cut. left=0 nBuckets=16 nReq=257 next=0
03:25:35.461 DBG Waiting for batch. batchSize=4096
03:25:35.465 INF Sending PREPREPARE. nReq=257 senderID=0 sn=23 view=0
03:25:35.513 DBG Sending COMMIT. senderID=0 sn=23 view=0
03:25:35.515 INF Committed entry. latency=0 nReq=257 sn=23
03:25:35.515 INF Delivered batch. nReq=257 sn=23
03:25:35.515 DBG Starting timer. sn=24 view=0
03:25:36.462 DBG Batch ready. batchSize=4096
03:25:36.463 DBG Batch cut. left=0 nBuckets=16 nReq=256 next=0
03:25:36.463 DBG Waiting for batch. batchSize=4096
03:25:36.467 INF Sending PREPREPARE. nReq=256 senderID=0 sn=24 view=0
03:25:36.514 DBG Sending COMMIT. senderID=0 sn=24 view=0
03:25:36.515 INF Committed entry. latency=0 nReq=256 sn=24
03:25:36.516 INF Delivered batch. nReq=256 sn=24
03:25:36.516 DBG Starting timer. sn=25 view=0
03:25:37.464 DBG Batch ready. batchSize=4096
03:25:37.464 DBG Batch cut. left=0 nBuckets=16 nReq=257 next=0
03:25:37.465 DBG Waiting for batch. batchSize=4096
03:25:37.469 INF Sending PREPREPARE. nReq=257 senderID=0 sn=25 view=0
03:25:37.516 DBG Sending COMMIT. senderID=0 sn=25 view=0
03:25:37.519 INF Committed entry. latency=0 nReq=257 sn=25
03:25:37.519 INF Delivered batch. nReq=257 sn=25
03:25:37.519 DBG Starting timer. sn=26 view=0
03:25:38.465 DBG Batch ready. batchSize=4096
03:25:38.466 DBG Batch cut. left=0 nBuckets=16 nReq=256 next=0
03:25:38.466 DBG Waiting for batch. batchSize=4096
03:25:38.470 INF Sending PREPREPARE. nReq=256 senderID=0 sn=26 view=0
03:25:38.517 DBG Sending COMMIT. senderID=0 sn=26 view=0
03:25:38.519 INF Committed entry. latency=0 nReq=256 sn=26
03:25:38.520 INF Delivered batch. nReq=256 sn=26
03:25:38.520 DBG Starting timer. sn=27 view=0
03:25:39.467 DBG Batch ready. batchSize=4096
03:25:39.467 DBG Batch cut. left=0 nBuckets=16 nReq=257 next=0
03:25:39.468 DBG Waiting for batch. batchSize=4096
03:25:39.471 INF Sending PREPREPARE. nReq=257 senderID=0 sn=27 view=0
03:25:39.519 DBG Sending COMMIT. senderID=0 sn=27 view=0
03:25:39.521 INF Committed entry. latency=0 nReq=257 sn=27
03:25:39.521 INF Delivered batch. nReq=257 sn=27
03:25:39.521 DBG Starting timer. sn=28 view=0
03:25:40.468 DBG Batch ready. batchSize=4096
03:25:40.469 DBG Batch cut. left=0 nBuckets=16 nReq=256 next=0
03:25:40.469 DBG Waiting for batch. batchSize=4096
03:25:40.473 INF Sending PREPREPARE. nReq=256 senderID=0 sn=28 view=0
03:25:40.522 DBG Sending COMMIT. senderID=0 sn=28 view=0
03:25:40.524 INF Committed entry. latency=0 nReq=256 sn=28
03:25:40.525 INF Delivered batch. nReq=256 sn=28
03:25:40.525 DBG Starting timer. sn=29 view=0
03:25:41.470 DBG Batch ready. batchSize=4096
03:25:41.471 DBG Batch cut. left=0 nBuckets=16 nReq=256 next=0
03:25:41.472 DBG Waiting for batch. batchSize=4096
03:25:41.475 INF Sending PREPREPARE. nReq=256 senderID=0 sn=29 view=0
03:25:41.525 DBG Sending COMMIT. senderID=0 sn=29 view=0
03:25:41.527 INF Committed entry. latency=0 nReq=256 sn=29
03:25:41.527 INF Delivered batch. nReq=256 sn=29
03:25:41.527 DBG Starting timer. sn=30 view=0
03:25:42.473 DBG Batch ready. batchSize=4096
03:25:42.474 DBG Batch cut. left=0 nBuckets=16 nReq=257 next=0
03:25:42.474 DBG Waiting for batch. batchSize=4096
03:25:42.479 INF Sending PREPREPARE. nReq=257 senderID=0 sn=30 view=0
03:25:42.527 DBG Sending COMMIT. senderID=0 sn=30 view=0
03:25:42.529 INF Committed entry. latency=0 nReq=257 sn=30
03:25:42.529 INF Delivered batch. nReq=257 sn=30
03:25:42.530 DBG Starting timer. sn=31 view=0
03:25:43.474 DBG Batch ready. batchSize=4096
03:25:43.475 DBG Batch cut. left=0 nBuckets=16 nReq=257 next=0
03:25:43.475 DBG Waiting for batch. batchSize=4096
03:25:43.479 INF Sending PREPREPARE. nReq=257 senderID=0 sn=31 view=0
03:25:43.527 DBG Sending COMMIT. senderID=0 sn=31 view=0
03:25:43.529 INF Committed entry. latency=0 nReq=257 sn=31
03:25:43.529 INF Delivered batch. nReq=257 sn=31
03:25:43.529 DBG Starting timer. sn=32 view=0
03:25:44.477 DBG Batch ready. batchSize=4096
03:25:44.477 DBG Batch cut. left=0 nBuckets=16 nReq=1 next=0
03:25:44.477 DBG Waiting for batch. batchSize=4096
03:25:44.477 INF Sending PREPREPARE. nReq=1 senderID=0 sn=32 view=0
03:25:44.480 DBG Sending COMMIT. senderID=0 sn=32 view=0
03:25:44.481 INF Committed entry. latency=0 nReq=1 sn=32
03:25:44.482 INF Delivered batch. nReq=1 sn=32
03:25:44.482 DBG Starting timer. sn=33 view=0
03:25:45.478 DBG Batch ready. batchSize=4096
03:25:45.478 DBG Batch cut. left=0 nBuckets=16 nReq=0 next=0
03:25:45.478 INF Sending PREPREPARE. nReq=0 senderID=0 sn=33 view=0
03:25:45.478 DBG Waiting for batch. batchSize=4096
03:25:45.480 DBG Sending COMMIT. senderID=0 sn=33 view=0
03:25:45.481 INF Connection terminated. error="rpc error: code = Canceled desc = context canceled" address=127.0.0.1:53420
03:25:45.481 INF Finished sending bucket assignments to client. clId=0
03:25:45.482 INF Committed entry. latency=0 nReq=0 sn=33
03:25:45.482 INF Delivered batch. nReq=0 sn=33
03:25:45.482 DBG Starting timer. sn=34 view=0
03:25:45.892 INF Stopping profiler.
03:25:45.892 INF Stopping Tracer. events=140 fileName=experiment-output/0003/slave-001/peer.trc
==================
WARNING: DATA RACE
Read at 0x00c000942000 by goroutine 115:
  runtime.racereadrange()
      <autogenerated>:1 +0x1b
  github.com/hyperledger-labs/mirbft/tracing.(*BufferedTrace).StopOnSignal.func1()
      /opt/gopath/src/github.com/hyperledger-labs/mirbft/tracing/bufferedtrace.go:298 +0x4e

Previous write at 0x00c000942000 by goroutine 411:
  github.com/hyperledger-labs/mirbft/tracing.(*BufferedTrace).Event()
      /opt/gopath/src/github.com/hyperledger-labs/mirbft/tracing/bufferedtrace.go:105 +0x2d9
  github.com/hyperledger-labs/mirbft/manager.(*MirManager).handleLogEntries()
      /opt/gopath/src/github.com/hyperledger-labs/mirbft/manager/mirmanager.go:139 +0x1d8
  github.com/hyperledger-labs/mirbft/manager.(*MirManager).Start路dwrap路7()
      /opt/gopath/src/github.com/hyperledger-labs/mirbft/manager/mirmanager.go:101 +0x47

Goroutine 115 (running) created at:
  github.com/hyperledger-labs/mirbft/tracing.(*BufferedTrace).StopOnSignal()
      /opt/gopath/src/github.com/hyperledger-labs/mirbft/tracing/bufferedtrace.go:292 +0x172
  main.setUpTracing()
      /opt/gopath/src/github.com/hyperledger-labs/mirbft/cmd/orderingpeer/main.go:204 +0xf5
  main.main()
      /opt/gopath/src/github.com/hyperledger-labs/mirbft/cmd/orderingpeer/main.go:98 +0x9d6

Goroutine 411 (running) created at:
  github.com/hyperledger-labs/mirbft/manager.(*MirManager).Start()
      /opt/gopath/src/github.com/hyperledger-labs/mirbft/manager/mirmanager.go:101 +0x19e
  main.main路dwrap路4()
      /opt/gopath/src/github.com/hyperledger-labs/mirbft/cmd/orderingpeer/main.go:168 +0x59
==================
==================
WARNING: DATA RACE
Read at 0x00c0009435b8 by goroutine 115:
  runtime.racereadrange()
      <autogenerated>:1 +0x1b
  github.com/hyperledger-labs/mirbft/tracing.(*BufferedTrace).StopOnSignal.func1()
      /opt/gopath/src/github.com/hyperledger-labs/mirbft/tracing/bufferedtrace.go:298 +0x4e

Previous write at 0x00c0009435b8 by goroutine 114:
  github.com/hyperledger-labs/mirbft/tracing.(*BufferedTrace).Event()
      /opt/gopath/src/github.com/hyperledger-labs/mirbft/tracing/bufferedtrace.go:105 +0x2d9
  github.com/hyperledger-labs/mirbft/profiling.StartCPUTracing.func1()
      /opt/gopath/src/github.com/hyperledger-labs/mirbft/profiling/cpuusage.go:31 +0x95

Goroutine 115 (running) created at:
  github.com/hyperledger-labs/mirbft/tracing.(*BufferedTrace).StopOnSignal()
      /opt/gopath/src/github.com/hyperledger-labs/mirbft/tracing/bufferedtrace.go:292 +0x172
  main.setUpTracing()
      /opt/gopath/src/github.com/hyperledger-labs/mirbft/cmd/orderingpeer/main.go:204 +0xf5
  main.main()
      /opt/gopath/src/github.com/hyperledger-labs/mirbft/cmd/orderingpeer/main.go:98 +0x9d6

Goroutine 114 (running) created at:
  github.com/hyperledger-labs/mirbft/profiling.StartCPUTracing()
      /opt/gopath/src/github.com/hyperledger-labs/mirbft/profiling/cpuusage.go:28 +0xb6
  main.setUpTracing()
      /opt/gopath/src/github.com/hyperledger-labs/mirbft/cmd/orderingpeer/main.go:196 +0x85
  main.main()
      /opt/gopath/src/github.com/hyperledger-labs/mirbft/cmd/orderingpeer/main.go:98 +0x9d6
==================
03:25:45.895 INF Trace data written.
03:25:46.019 INF Profile data written. filename=experiment-output/0003/slave-001/prof.cpu name=cpu
03:25:46.031 INF Connection terminated. error="rpc error: code = Canceled desc = context canceled" address=127.0.0.1:53402
03:25:46.032 INF Connection terminated. error="rpc error: code = Canceled desc = context canceled" address=127.0.0.1:53324
03:25:46.032 INF Connection terminated. error="rpc error: code = Canceled desc = context canceled" address=127.0.0.1:53332
03:25:46.032 INF Connection terminated. error="rpc error: code = Canceled desc = context canceled" address=127.0.0.1:53236
03:25:46.032 INF Connection terminated. error="rpc error: code = Canceled desc = context canceled" address=127.0.0.1:53348
03:25:46.032 INF Connection terminated. error="rpc error: code = Canceled desc = context canceled" address=127.0.0.1:53296
03:25:46.072 INF Profile data written. filename=experiment-output/0003/slave-001/prof.block name=block
03:25:46.103 INF Profile data written. filename=experiment-output/0003/slave-001/prof.mutex name=mutex
