{"level":"debug","Logging":"debug","time":"2022-08-04T17:19:16+08:00","message":"Config"}
{"level":"debug","UseTLS":false,"time":"2022-08-04T17:19:16+08:00","message":"Config"}
{"level":"debug","CACertFile":"tls-data/ca.pem","time":"2022-08-04T17:19:16+08:00","message":"Config"}
{"level":"debug","KeyFile":"tls-data/auth.key","time":"2022-08-04T17:19:16+08:00","message":"Config"}
{"level":"debug","CertFile":"tls-data/auth.pem","time":"2022-08-04T17:19:16+08:00","message":"Config"}
{"level":"debug","PriorityConnections":2,"time":"2022-08-04T17:19:16+08:00","message":"Config"}
{"level":"debug","BasicConnections":4,"time":"2022-08-04T17:19:16+08:00","message":"Config"}
{"level":"debug","TestConnections":false,"time":"2022-08-04T17:19:16+08:00","message":"Config"}
{"level":"debug","ExcessConnections":1,"time":"2022-08-04T17:19:16+08:00","message":"Config"}
{"level":"debug","ConnectionTestMsgs":4,"time":"2022-08-04T17:19:16+08:00","message":"Config"}
{"level":"debug","ConnectionTestPayload":131072,"time":"2022-08-04T17:19:16+08:00","message":"Config"}
{"level":"debug","OutMessageBufsize":1024,"time":"2022-08-04T17:19:16+08:00","message":"Config"}
{"level":"debug","OutMessageBufsize":1,"time":"2022-08-04T17:19:16+08:00","message":"Config"}
{"level":"debug","ThroughputCap":131072000,"time":"2022-08-04T17:19:16+08:00","message":"Config"}
{"level":"debug","StragglerTolerance":1000,"time":"2022-08-04T17:19:16+08:00","message":"Config"}
{"level":"debug","BatchSizeIncrement":256,"time":"2022-08-04T17:19:16+08:00","message":"Config"}
{"level":"debug","Orderer":"Pbft","time":"2022-08-04T17:19:16+08:00","message":"Config"}
{"level":"debug","Manager":"Mir","time":"2022-08-04T17:19:16+08:00","message":"Config"}
{"level":"debug","Failures":0,"time":"2022-08-04T17:19:16+08:00","message":"Config"}
{"level":"debug","CrashTiming":"EpochStart","time":"2022-08-04T17:19:16+08:00","message":"Config"}
{"level":"debug","CheckpointInterval":256,"time":"2022-08-04T17:19:16+08:00","message":"Config"}
{"level":"debug","WatermarkWindowSize":256,"time":"2022-08-04T17:19:16+08:00","message":"Config"}
{"level":"debug","EpochLength":256,"time":"2022-08-04T17:19:16+08:00","message":"Config"}
{"level":"debug","SegmentLength":64,"time":"2022-08-04T17:19:16+08:00","message":"Config"}
{"level":"debug","WaitForCheckpoints":true,"time":"2022-08-04T17:19:16+08:00","message":"Config"}
{"level":"debug","ClientWatermarkWindowSize":4194304,"time":"2022-08-04T17:19:16+08:00","message":"Config"}
{"level":"debug","ClientRequestBacklogSize":4194304,"time":"2022-08-04T17:19:16+08:00","message":"Config"}
{"level":"debug","RandomSeed":24715,"time":"2022-08-04T17:19:16+08:00","message":"Config"}
{"level":"debug","NodeToLeaderRatio":1,"time":"2022-08-04T17:19:16+08:00","message":"Config"}
{"level":"debug","LeaderPolicy":"Simple","time":"2022-08-04T17:19:16+08:00","message":"Config"}
{"level":"debug","DefaultLeaderBan":2,"time":"2022-08-04T17:19:16+08:00","message":"Config"}
{"level":"debug","NumBuckets":64,"time":"2022-08-04T17:19:16+08:00","message":"Config"}
{"level":"debug","BatchSize":1000,"time":"2022-08-04T17:19:16+08:00","message":"Config"}
{"level":"debug","DisabledViewChange":false,"time":"2022-08-04T17:19:16+08:00","message":"Config"}
{"level":"debug","ViewChangeTimeout":60000,"time":"2022-08-04T17:19:16+08:00","message":"Config"}
{"level":"debug","ClientTraceSampling":10,"time":"2022-08-04T17:19:16+08:00","message":"Config"}
{"level":"debug","EventBufferSize":2097152,"time":"2022-08-04T17:19:16+08:00","message":"Config"}
{"level":"debug","TraceSampling":1,"time":"2022-08-04T17:19:16+08:00","message":"Config"}
{"level":"debug","ClientsPerProcess":1,"time":"2022-08-04T17:19:16+08:00","message":"Config"}
{"level":"debug","RequestsPerClient":15360,"time":"2022-08-04T17:19:16+08:00","message":"Config"}
{"level":"debug","ClientRunTime":30000,"time":"2022-08-04T17:19:16+08:00","message":"Config"}
{"level":"debug","RequestRate":256,"time":"2022-08-04T17:19:16+08:00","message":"Config"}
{"level":"debug","HardRequestRateLimit":false,"time":"2022-08-04T17:19:16+08:00","message":"Config"}
{"level":"debug","RequestPayloadSize":500,"time":"2022-08-04T17:19:16+08:00","message":"Config"}
{"level":"debug","SignRequests":true,"time":"2022-08-04T17:19:16+08:00","message":"Config"}
{"level":"debug","ClientPrivKeyFile":"tls-data/client-ecdsa-256.key","time":"2022-08-04T17:19:16+08:00","message":"Config"}
{"level":"debug","ClientPubKeyFile":"tls-data/client-ecdsa-256.pem","time":"2022-08-04T17:19:16+08:00","message":"Config"}
{"level":"debug","PrecomputeRequests":false,"time":"2022-08-04T17:19:16+08:00","message":"Config"}
{"level":"debug","RequestHandlerThreads":32,"time":"2022-08-04T17:19:16+08:00","message":"Config"}
{"level":"debug","RequestInputChannelBuffer":8192,"time":"2022-08-04T17:19:16+08:00","message":"Config"}
{"level":"debug","BatchVerifier":"external","time":"2022-08-04T17:19:16+08:00","message":"Config"}
09:19:16.320 INF Registered with discovery server. numPeers=4 ownID=2
09:19:16.321 INF Profiling enabled.
09:19:16.321 INF Setting up profiling.
09:19:16.321 INF Started Profiler: CPU
09:19:16.321 INF Started Profiler: BLOCK
09:19:16.321 INF Started Profiler: MUTEX
09:19:16.321 INF Profiler will stop on signal. exit=true
09:19:16.323 INF Tracing will stop on signal. exit=false
09:19:16.324 INF Started tracing. traceFile=experiment-output/0001/slave-004/peer.trc
09:19:16.325 DBG Starting backlog.
09:19:16.325 INF Listening for connections. port=10022 useTLS=false
09:19:16.325 INF Connecting to peer. addr=127.0.0.1:10022 basicConns=4 priorityConns=2
09:19:16.325 INF Connecting to peer. addr=127.0.0.1:10033 basicConns=4 priorityConns=2
09:19:16.325 INF Connecting to peer. addr=127.0.0.1:10011 basicConns=4 priorityConns=2
09:19:16.325 INF Connecting to peer. addr=127.0.0.1:10000 basicConns=4 priorityConns=2
09:19:16.349 INF Incoming connection for protocol messages. addr=127.0.0.1:38250
09:19:16.349 INF Incoming connection for protocol messages. addr=127.0.0.1:38244
09:19:16.350 INF Incoming connection for protocol messages. addr=127.0.0.1:38232
09:19:16.350 INF Incoming connection for protocol messages. addr=127.0.0.1:38248
09:19:16.351 INF Incoming connection for protocol messages. addr=127.0.0.1:38282
09:19:16.352 INF Incoming connection for protocol messages. addr=127.0.0.1:38302
09:19:16.354 INF Incoming connection for protocol messages. addr=127.0.0.1:38314
09:19:16.354 INF Incoming connection for protocol messages. addr=127.0.0.1:38290
09:19:16.354 INF Incoming connection for protocol messages. addr=127.0.0.1:38228
09:19:16.355 INF Incoming connection for protocol messages. addr=127.0.0.1:38342
09:19:16.356 INF Incoming connection for protocol messages. addr=127.0.0.1:38296
09:19:16.356 INF Incoming connection for protocol messages. addr=127.0.0.1:38318
09:19:16.358 INF Incoming connection for protocol messages. addr=127.0.0.1:38352
09:19:16.359 INF Incoming connection for protocol messages. addr=127.0.0.1:38348
09:19:16.359 INF Incoming connection for protocol messages. addr=127.0.0.1:38374
09:19:16.360 INF Incoming connection for protocol messages. addr=127.0.0.1:38338
09:19:16.361 INF Incoming connection for protocol messages. addr=127.0.0.1:38354
09:19:16.361 INF Incoming connection for protocol messages. addr=127.0.0.1:38356
09:19:16.362 DBG Connected. peerID=2
09:19:16.362 INF Incoming connection for protocol messages. addr=127.0.0.1:38400
09:19:16.362 INF Incoming connection for protocol messages. addr=127.0.0.1:38358
09:19:16.363 INF Incoming connection for protocol messages. addr=127.0.0.1:38404
09:19:16.363 INF Incoming connection for protocol messages. addr=127.0.0.1:38402
09:19:16.364 DBG Connected. peerID=1
09:19:16.364 DBG Connected. peerID=0
09:19:16.364 INF Incoming connection for protocol messages. addr=127.0.0.1:38368
09:19:16.364 DBG Connected. peerID=3
09:19:16.364 INF Connected to all peers.
09:19:16.365 INF Incoming connection for protocol messages. addr=127.0.0.1:38406
09:19:16.372 INF All peers finished connecting. Starting ISS.
09:19:16.373 DBG Buckets for 0-th leader 0: [0 4 8 12 16 20 24 28 32 36 40 44 48 52 56 60]
09:19:16.373 DBG Buckets for 1-th leader 1: [1 5 9 13 17 21 25 29 33 37 41 45 49 53 57 61]
09:19:16.373 DBG Buckets for 2-th leader 2: [2 6 10 14 18 22 26 30 34 38 42 46 50 54 58 62]
09:19:16.373 DBG Buckets for 3-th leader 3: [3 7 11 15 19 23 27 31 35 39 43 47 51 55 59 63]
09:19:16.374 INF PbftOrderer received a new segment: [2 6 10 14 18 22 26 30 34 38 42 46 50 54 58 62 66 70 74 78 82 86 90 94 98 102 106 110 114 118 122 126 130 134 138 142 146 150 154 158 162 166 170 174 178 182 186 190 194 198 202 206 210 214 218 222 226 230 234 238 242 246 250 254] first leader=2 firstSN=2 lastSN=254 len=64 length=64 segId=2
09:19:16.374 INF Starting new view. segID=2 timeout=60000 view=0
09:19:16.374 DBG Starting timer. sn=2 view=0
09:19:16.375 INF Starting PBFT instance. first=2 last=254 segID=2
09:19:16.375 DBG Subscribing to backlog. segID=2
09:19:16.375 DBG Leading segment. segID=2
09:19:16.375 INF Starting serialized message processing. segID=2
09:19:16.375 DBG Waiting for batch. batchSize=4096
09:19:16.375 INF PbftOrderer received a new segment: [3 7 11 15 19 23 27 31 35 39 43 47 51 55 59 63 67 71 75 79 83 87 91 95 99 103 107 111 115 119 123 127 131 135 139 143 147 151 155 159 163 167 171 175 179 183 187 191 195 199 203 207 211 215 219 223 227 231 235 239 243 247 251 255] first leader=3 firstSN=3 lastSN=255 len=64 length=64 segId=3
09:19:16.375 INF Starting new view. segID=3 timeout=60000 view=0
09:19:16.376 DBG Starting timer. sn=3 view=0
09:19:16.376 INF Starting PBFT instance. first=3 last=255 segID=3
09:19:16.376 DBG Subscribing to backlog. segID=3
09:19:16.376 INF Starting serialized message processing. segID=3
09:19:16.376 INF PbftOrderer received a new segment: [0 4 8 12 16 20 24 28 32 36 40 44 48 52 56 60 64 68 72 76 80 84 88 92 96 100 104 108 112 116 120 124 128 132 136 140 144 148 152 156 160 164 168 172 176 180 184 188 192 196 200 204 208 212 216 220 224 228 232 236 240 244 248 252] first leader=0 firstSN=0 lastSN=252 len=64 length=64 segId=0
09:19:16.377 INF Starting new view. segID=0 timeout=60000 view=0
09:19:16.377 DBG Starting timer. sn=0 view=0
09:19:16.377 INF Starting PBFT instance. first=0 last=252 segID=0
09:19:16.377 DBG Subscribing to backlog. segID=0
09:19:16.377 INF Starting serialized message processing. segID=0
09:19:16.377 INF PbftOrderer received a new segment: [1 5 9 13 17 21 25 29 33 37 41 45 49 53 57 61 65 69 73 77 81 85 89 93 97 101 105 109 113 117 121 125 129 133 137 141 145 149 153 157 161 165 169 173 177 181 185 189 193 197 201 205 209 213 217 221 225 229 233 237 241 245 249 253] first leader=1 firstSN=1 lastSN=253 len=64 length=64 segId=1
09:19:16.378 INF Starting new view. segID=1 timeout=60000 view=0
09:19:16.378 DBG Starting timer. sn=1 view=0
09:19:16.378 INF Starting PBFT instance. first=1 last=253 segID=1
09:19:16.378 DBG Subscribing to backlog. segID=1
09:19:16.378 INF Starting serialized message processing. segID=1
09:19:17.376 DBG Batch ready. batchSize=4096
09:19:17.376 DBG Batch cut. left=0 nBuckets=16 nReq=0 next=0
09:19:17.376 INF Sending PREPREPARE. nReq=0 senderID=2 sn=2 view=0
09:19:17.376 DBG Waiting for batch. batchSize=4096
09:19:17.381 INF Handling PREPREPARE. nReq=0 senderID=0 sn=0
09:19:17.381 DBG Creating new Batch. nReq=0
09:19:17.381 INF Handling PREPREPARE. nReq=0 senderID=1 sn=1
09:19:17.382 DBG Creating new Batch. nReq=0
09:19:17.382 DBG Sending PREPARE. senderID=2 sn=0 view=0
09:19:17.382 DBG Sending PREPARE. senderID=2 sn=1 view=0
09:19:17.382 INF Handling PREPREPARE. nReq=0 senderID=3 sn=3
09:19:17.383 DBG Creating new Batch. nReq=0
09:19:17.383 DBG Sending PREPARE. senderID=2 sn=3 view=0
09:19:17.383 DBG Sending COMMIT. senderID=2 sn=2 view=0
09:19:17.383 DBG Sending COMMIT. senderID=2 sn=1 view=0
09:19:17.383 DBG Sending COMMIT. senderID=2 sn=0 view=0
09:19:17.384 DBG Sending COMMIT. senderID=2 sn=3 view=0
09:19:17.384 INF Committed entry. latency=0 nReq=0 sn=2
09:19:17.385 DBG Starting timer. sn=6 view=0
09:19:17.385 INF Committed entry. latency=0 nReq=0 sn=0
09:19:17.385 INF Committed entry. latency=0 nReq=0 sn=1
09:19:17.385 INF Delivered batch. nReq=0 sn=0
09:19:17.385 INF Delivered batch. nReq=0 sn=1
09:19:17.385 INF Delivered batch. nReq=0 sn=2
09:19:17.386 DBG Starting timer. sn=4 view=0
09:19:17.386 DBG Starting timer. sn=5 view=0
09:19:17.386 INF Committed entry. latency=0 nReq=0 sn=3
09:19:17.386 INF Delivered batch. nReq=0 sn=3
09:19:17.386 DBG Starting timer. sn=7 view=0
09:19:18.378 DBG Batch ready. batchSize=4096
09:19:18.378 DBG Batch cut. left=0 nBuckets=16 nReq=0 next=0
09:19:18.378 INF Sending PREPREPARE. nReq=0 senderID=2 sn=6 view=0
09:19:18.378 DBG Waiting for batch. batchSize=4096
09:19:18.380 INF Handling PREPREPARE. nReq=0 senderID=0 sn=4
09:19:18.380 INF Handling PREPREPARE. nReq=0 senderID=1 sn=5
09:19:18.380 DBG Creating new Batch. nReq=0
09:19:18.380 DBG Creating new Batch. nReq=0
09:19:18.381 DBG Sending PREPARE. senderID=2 sn=4 view=0
09:19:18.381 DBG Sending PREPARE. senderID=2 sn=5 view=0
09:19:18.381 DBG Sending COMMIT. senderID=2 sn=6 view=0
09:19:18.381 INF Handling PREPREPARE. nReq=0 senderID=3 sn=7
09:19:18.382 DBG Creating new Batch. nReq=0
09:19:18.382 DBG Sending PREPARE. senderID=2 sn=7 view=0
09:19:18.382 DBG Sending COMMIT. senderID=2 sn=4 view=0
09:19:18.382 INF Committed entry. latency=0 nReq=0 sn=6
09:19:18.382 DBG Sending COMMIT. senderID=2 sn=5 view=0
09:19:18.382 DBG Starting timer. sn=10 view=0
09:19:18.383 DBG Sending COMMIT. senderID=2 sn=7 view=0
09:19:18.383 INF Committed entry. latency=0 nReq=0 sn=4
09:19:18.383 INF Committed entry. latency=0 nReq=0 sn=5
09:19:18.383 INF Delivered batch. nReq=0 sn=4
09:19:18.383 INF Delivered batch. nReq=0 sn=5
09:19:18.383 INF Delivered batch. nReq=0 sn=6
09:19:18.383 DBG Starting timer. sn=8 view=0
09:19:18.384 DBG Starting timer. sn=9 view=0
09:19:18.384 INF Committed entry. latency=0 nReq=0 sn=7
09:19:18.384 INF Delivered batch. nReq=0 sn=7
09:19:18.384 DBG Starting timer. sn=11 view=0
09:19:18.409 INF Incoming connection for requests. addr=127.0.0.1:38422
09:19:19.379 DBG Batch ready. batchSize=4096
09:19:19.379 DBG Batch cut. left=0 nBuckets=16 nReq=61 next=0
09:19:19.379 DBG Waiting for batch. batchSize=4096
09:19:19.381 INF Sending PREPREPARE. nReq=61 senderID=2 sn=10 view=0
09:19:19.389 INF Handling PREPREPARE. nReq=61 senderID=0 sn=8
09:19:19.389 DBG Creating new Batch. nReq=61
09:19:19.393 INF Handling PREPREPARE. nReq=61 senderID=1 sn=9
09:19:19.393 DBG Creating new Batch. nReq=61
09:19:19.394 INF Handling PREPREPARE. nReq=61 senderID=3 sn=11
09:19:19.395 DBG Creating new Batch. nReq=61
09:19:19.402 DBG Sending PREPARE. senderID=2 sn=8 view=0
09:19:19.403 DBG Sending COMMIT. senderID=2 sn=8 view=0
09:19:19.404 DBG Sending PREPARE. senderID=2 sn=9 view=0
09:19:19.405 INF Committed entry. latency=0 nReq=61 sn=8
09:19:19.405 DBG Sending PREPARE. senderID=2 sn=11 view=0
09:19:19.405 INF Delivered batch. nReq=61 sn=8
09:19:19.405 DBG Sending COMMIT. senderID=2 sn=11 view=0
09:19:19.405 DBG Starting timer. sn=12 view=0
09:19:19.405 DBG Sending COMMIT. senderID=2 sn=9 view=0
09:19:19.405 DBG Sending COMMIT. senderID=2 sn=10 view=0
09:19:19.407 INF Committed entry. latency=0 nReq=61 sn=10
09:19:19.407 DBG Starting timer. sn=14 view=0
09:19:19.407 INF Committed entry. latency=0 nReq=61 sn=9
09:19:19.407 INF Delivered batch. nReq=61 sn=9
09:19:19.407 INF Delivered batch. nReq=61 sn=10
09:19:19.407 DBG Starting timer. sn=13 view=0
09:19:19.409 INF Committed entry. latency=0 nReq=61 sn=11
09:19:19.409 INF Delivered batch. nReq=61 sn=11
09:19:19.409 DBG Starting timer. sn=15 view=0
09:19:20.380 DBG Batch ready. batchSize=4096
09:19:20.380 DBG Batch cut. left=0 nBuckets=16 nReq=64 next=0
09:19:20.380 DBG Waiting for batch. batchSize=4096
09:19:20.382 INF Sending PREPREPARE. nReq=64 senderID=2 sn=14 view=0
09:19:20.391 INF Handling PREPREPARE. nReq=64 senderID=1 sn=13
09:19:20.391 DBG Creating new Batch. nReq=64
09:19:20.392 INF Handling PREPREPARE. nReq=64 senderID=0 sn=12
09:19:20.392 DBG Creating new Batch. nReq=64
09:19:20.396 INF Handling PREPREPARE. nReq=64 senderID=3 sn=15
09:19:20.397 DBG Creating new Batch. nReq=64
09:19:20.403 DBG Sending PREPARE. senderID=2 sn=12 view=0
09:19:20.403 DBG Sending PREPARE. senderID=2 sn=13 view=0
09:19:20.404 DBG Sending COMMIT. senderID=2 sn=12 view=0
09:19:20.405 DBG Sending COMMIT. senderID=2 sn=14 view=0
09:19:20.405 DBG Sending PREPARE. senderID=2 sn=15 view=0
09:19:20.406 DBG Sending COMMIT. senderID=2 sn=13 view=0
09:19:20.406 INF Committed entry. latency=0 nReq=64 sn=12
09:19:20.406 INF Committed entry. latency=0 nReq=64 sn=14
09:19:20.407 INF Delivered batch. nReq=64 sn=12
09:19:20.407 DBG Starting timer. sn=16 view=0
09:19:20.407 DBG Starting timer. sn=18 view=0
09:19:20.407 DBG Sending COMMIT. senderID=2 sn=15 view=0
09:19:20.408 INF Committed entry. latency=0 nReq=64 sn=13
09:19:20.408 INF Delivered batch. nReq=64 sn=13
09:19:20.408 INF Delivered batch. nReq=64 sn=14
09:19:20.408 DBG Starting timer. sn=17 view=0
09:19:20.408 INF Committed entry. latency=0 nReq=64 sn=15
09:19:20.409 INF Delivered batch. nReq=64 sn=15
09:19:20.409 DBG Starting timer. sn=19 view=0
09:19:21.382 DBG Batch ready. batchSize=4096
09:19:21.382 DBG Batch cut. left=0 nBuckets=16 nReq=64 next=0
09:19:21.382 DBG Waiting for batch. batchSize=4096
09:19:21.384 INF Sending PREPREPARE. nReq=64 senderID=2 sn=18 view=0
09:19:21.393 INF Handling PREPREPARE. nReq=64 senderID=1 sn=17
09:19:21.393 DBG Creating new Batch. nReq=64
09:19:21.397 INF Handling PREPREPARE. nReq=64 senderID=0 sn=16
09:19:21.397 DBG Creating new Batch. nReq=64
09:19:21.402 INF Handling PREPREPARE. nReq=64 senderID=3 sn=19
09:19:21.402 DBG Creating new Batch. nReq=64
09:19:21.403 DBG Sending COMMIT. senderID=2 sn=18 view=0
09:19:21.404 INF Committed entry. latency=0 nReq=64 sn=18
09:19:21.404 DBG Starting timer. sn=22 view=0
09:19:21.406 DBG Sending PREPARE. senderID=2 sn=17 view=0
09:19:21.406 DBG Sending COMMIT. senderID=2 sn=17 view=0
09:19:21.407 DBG Sending PREPARE. senderID=2 sn=16 view=0
09:19:21.408 DBG Sending COMMIT. senderID=2 sn=16 view=0
09:19:21.408 INF Committed entry. latency=0 nReq=64 sn=17
09:19:21.408 DBG Starting timer. sn=21 view=0
09:19:21.409 INF Committed entry. latency=0 nReq=64 sn=16
09:19:21.409 INF Delivered batch. nReq=64 sn=16
09:19:21.409 INF Delivered batch. nReq=64 sn=17
09:19:21.409 INF Delivered batch. nReq=64 sn=18
09:19:21.409 DBG Starting timer. sn=20 view=0
09:19:21.410 DBG Sending PREPARE. senderID=2 sn=19 view=0
09:19:21.411 DBG Sending COMMIT. senderID=2 sn=19 view=0
09:19:21.413 INF Committed entry. latency=0 nReq=64 sn=19
09:19:21.413 INF Delivered batch. nReq=64 sn=19
09:19:21.413 DBG Starting timer. sn=23 view=0
09:19:22.383 DBG Batch ready. batchSize=4096
09:19:22.384 DBG Batch cut. left=0 nBuckets=16 nReq=64 next=0
09:19:22.384 DBG Waiting for batch. batchSize=4096
09:19:22.385 INF Sending PREPREPARE. nReq=64 senderID=2 sn=22 view=0
09:19:22.394 INF Handling PREPREPARE. nReq=64 senderID=1 sn=21
09:19:22.394 DBG Creating new Batch. nReq=64
09:19:22.395 INF Handling PREPREPARE. nReq=65 senderID=0 sn=20
09:19:22.395 DBG Creating new Batch. nReq=65
09:19:22.401 INF Handling PREPREPARE. nReq=64 senderID=3 sn=23
09:19:22.401 DBG Creating new Batch. nReq=64
09:19:22.404 DBG Sending COMMIT. senderID=2 sn=22 view=0
09:19:22.405 DBG Sending PREPARE. senderID=2 sn=20 view=0
09:19:22.406 INF Committed entry. latency=0 nReq=64 sn=22
09:19:22.406 DBG Starting timer. sn=26 view=0
09:19:22.407 DBG Sending COMMIT. senderID=2 sn=20 view=0
09:19:22.408 INF Committed entry. latency=0 nReq=65 sn=20
09:19:22.409 INF Delivered batch. nReq=65 sn=20
09:19:22.409 DBG Starting timer. sn=24 view=0
09:19:22.409 DBG Sending PREPARE. senderID=2 sn=21 view=0
09:19:22.409 DBG Sending COMMIT. senderID=2 sn=21 view=0
09:19:22.410 INF Committed entry. latency=0 nReq=64 sn=21
09:19:22.410 INF Delivered batch. nReq=64 sn=21
09:19:22.410 INF Delivered batch. nReq=64 sn=22
09:19:22.410 DBG Starting timer. sn=25 view=0
09:19:22.410 DBG Sending PREPARE. senderID=2 sn=23 view=0
09:19:22.410 DBG Sending COMMIT. senderID=2 sn=23 view=0
09:19:22.413 INF Committed entry. latency=0 nReq=64 sn=23
09:19:22.413 INF Delivered batch. nReq=64 sn=23
09:19:22.416 DBG Starting timer. sn=27 view=0
09:19:23.385 DBG Batch ready. batchSize=4096
09:19:23.385 DBG Batch cut. left=0 nBuckets=16 nReq=64 next=0
09:19:23.385 DBG Waiting for batch. batchSize=4096
09:19:23.386 INF Sending PREPREPARE. nReq=64 senderID=2 sn=26 view=0
09:19:23.396 INF Handling PREPREPARE. nReq=64 senderID=1 sn=25
09:19:23.396 INF Handling PREPREPARE. nReq=64 senderID=0 sn=24
09:19:23.397 DBG Creating new Batch. nReq=64
09:19:23.397 DBG Creating new Batch. nReq=64
09:19:23.404 INF Handling PREPREPARE. nReq=64 senderID=3 sn=27
09:19:23.404 DBG Creating new Batch. nReq=64
09:19:23.406 DBG Sending PREPARE. senderID=2 sn=25 view=0
09:19:23.407 DBG Sending COMMIT. senderID=2 sn=25 view=0
09:19:23.409 DBG Sending PREPARE. senderID=2 sn=24 view=0
09:19:23.409 DBG Sending COMMIT. senderID=2 sn=26 view=0
09:19:23.410 DBG Sending COMMIT. senderID=2 sn=24 view=0
09:19:23.411 INF Committed entry. latency=0 nReq=64 sn=25
09:19:23.411 INF Committed entry. latency=0 nReq=64 sn=26
09:19:23.411 DBG Starting timer. sn=29 view=0
09:19:23.411 DBG Starting timer. sn=30 view=0
09:19:23.412 DBG Sending PREPARE. senderID=2 sn=27 view=0
09:19:23.412 INF Committed entry. latency=0 nReq=64 sn=24
09:19:23.412 DBG Sending COMMIT. senderID=2 sn=27 view=0
09:19:23.412 INF Delivered batch. nReq=64 sn=24
09:19:23.412 INF Delivered batch. nReq=64 sn=25
09:19:23.412 INF Delivered batch. nReq=64 sn=26
09:19:23.412 DBG Starting timer. sn=28 view=0
09:19:23.415 INF Committed entry. latency=0 nReq=64 sn=27
09:19:23.415 INF Delivered batch. nReq=64 sn=27
09:19:23.415 DBG Starting timer. sn=31 view=0
09:19:24.387 DBG Batch ready. batchSize=4096
09:19:24.387 DBG Batch cut. left=0 nBuckets=16 nReq=64 next=0
09:19:24.387 DBG Waiting for batch. batchSize=4096
09:19:24.388 INF Sending PREPREPARE. nReq=64 senderID=2 sn=30 view=0
09:19:24.398 INF Handling PREPREPARE. nReq=64 senderID=0 sn=28
09:19:24.399 INF Handling PREPREPARE. nReq=65 senderID=1 sn=29
09:19:24.399 DBG Creating new Batch. nReq=64
09:19:24.399 DBG Creating new Batch. nReq=65
09:19:24.405 INF Handling PREPREPARE. nReq=64 senderID=3 sn=31
09:19:24.405 DBG Creating new Batch. nReq=64
09:19:24.407 DBG Sending PREPARE. senderID=2 sn=28 view=0
09:19:24.408 DBG Sending COMMIT. senderID=2 sn=30 view=0
09:19:24.408 DBG Sending PREPARE. senderID=2 sn=29 view=0
09:19:24.411 DBG Sending COMMIT. senderID=2 sn=28 view=0
09:19:24.411 DBG Sending COMMIT. senderID=2 sn=29 view=0
09:19:24.411 INF Committed entry. latency=0 nReq=64 sn=30
09:19:24.411 DBG Starting timer. sn=34 view=0
09:19:24.413 INF Committed entry. latency=0 nReq=64 sn=28
09:19:24.413 INF Committed entry. latency=0 nReq=65 sn=29
09:19:24.413 INF Delivered batch. nReq=64 sn=28
09:19:24.413 INF Delivered batch. nReq=65 sn=29
09:19:24.413 INF Delivered batch. nReq=64 sn=30
09:19:24.413 DBG Starting timer. sn=32 view=0
09:19:24.413 DBG Starting timer. sn=33 view=0
09:19:24.414 DBG Sending PREPARE. senderID=2 sn=31 view=0
09:19:24.416 DBG Sending COMMIT. senderID=2 sn=31 view=0
09:19:24.418 INF Committed entry. latency=0 nReq=64 sn=31
09:19:24.418 INF Delivered batch. nReq=64 sn=31
09:19:24.418 DBG Starting timer. sn=35 view=0
09:19:25.388 DBG Batch ready. batchSize=4096
09:19:25.388 DBG Batch cut. left=0 nBuckets=16 nReq=64 next=0
09:19:25.389 DBG Waiting for batch. batchSize=4096
09:19:25.390 INF Sending PREPREPARE. nReq=64 senderID=2 sn=34 view=0
09:19:25.399 INF Handling PREPREPARE. nReq=64 senderID=1 sn=33
09:19:25.399 INF Handling PREPREPARE. nReq=64 senderID=0 sn=32
09:19:25.399 DBG Creating new Batch. nReq=64
09:19:25.399 DBG Creating new Batch. nReq=64
09:19:25.407 INF Handling PREPREPARE. nReq=64 senderID=3 sn=35
09:19:25.407 DBG Creating new Batch. nReq=64
09:19:25.409 DBG Sending PREPARE. senderID=2 sn=32 view=0
09:19:25.410 DBG Sending PREPARE. senderID=2 sn=33 view=0
09:19:25.410 DBG Sending COMMIT. senderID=2 sn=34 view=0
09:19:25.411 DBG Sending COMMIT. senderID=2 sn=33 view=0
09:19:25.411 INF Committed entry. latency=0 nReq=64 sn=34
09:19:25.412 DBG Starting timer. sn=38 view=0
09:19:25.412 INF Committed entry. latency=0 nReq=64 sn=33
09:19:25.412 DBG Starting timer. sn=37 view=0
09:19:25.412 DBG Sending COMMIT. senderID=2 sn=32 view=0
09:19:25.413 INF Committed entry. latency=0 nReq=64 sn=32
09:19:25.414 INF Delivered batch. nReq=64 sn=32
09:19:25.414 INF Delivered batch. nReq=64 sn=33
09:19:25.414 INF Delivered batch. nReq=64 sn=34
09:19:25.414 DBG Starting timer. sn=36 view=0
09:19:25.416 DBG Sending PREPARE. senderID=2 sn=35 view=0
09:19:25.416 DBG Sending COMMIT. senderID=2 sn=35 view=0
09:19:25.419 INF Committed entry. latency=0 nReq=64 sn=35
09:19:25.419 INF Delivered batch. nReq=64 sn=35
09:19:25.419 DBG Starting timer. sn=39 view=0
09:19:26.390 DBG Batch ready. batchSize=4096
09:19:26.390 DBG Batch cut. left=0 nBuckets=16 nReq=64 next=0
09:19:26.390 DBG Waiting for batch. batchSize=4096
09:19:26.392 INF Sending PREPREPARE. nReq=64 senderID=2 sn=38 view=0
09:19:26.400 INF Handling PREPREPARE. nReq=64 senderID=0 sn=36
09:19:26.401 DBG Creating new Batch. nReq=64
09:19:26.401 INF Handling PREPREPARE. nReq=64 senderID=1 sn=37
09:19:26.401 DBG Creating new Batch. nReq=64
09:19:26.409 DBG Sending PREPARE. senderID=2 sn=37 view=0
09:19:26.411 DBG Sending PREPARE. senderID=2 sn=36 view=0
09:19:26.411 DBG Sending COMMIT. senderID=2 sn=36 view=0
09:19:26.411 INF Handling PREPREPARE. nReq=65 senderID=3 sn=39
09:19:26.411 DBG Sending COMMIT. senderID=2 sn=38 view=0
09:19:26.411 DBG Creating new Batch. nReq=65
09:19:26.412 DBG Sending COMMIT. senderID=2 sn=37 view=0
09:19:26.414 INF Committed entry. latency=0 nReq=64 sn=36
09:19:26.414 INF Committed entry. latency=0 nReq=64 sn=38
09:19:26.415 INF Delivered batch. nReq=64 sn=36
09:19:26.415 DBG Starting timer. sn=40 view=0
09:19:26.415 DBG Starting timer. sn=42 view=0
09:19:26.417 INF Committed entry. latency=0 nReq=64 sn=37
09:19:26.417 INF Delivered batch. nReq=64 sn=37
09:19:26.418 INF Delivered batch. nReq=64 sn=38
09:19:26.418 DBG Starting timer. sn=41 view=0
09:19:26.421 DBG Sending PREPARE. senderID=2 sn=39 view=0
09:19:26.421 DBG Sending COMMIT. senderID=2 sn=39 view=0
09:19:26.422 INF Committed entry. latency=0 nReq=65 sn=39
09:19:26.423 INF Delivered batch. nReq=65 sn=39
09:19:26.423 DBG Starting timer. sn=43 view=0
09:19:27.391 DBG Batch ready. batchSize=4096
09:19:27.392 DBG Batch cut. left=0 nBuckets=16 nReq=64 next=0
09:19:27.392 DBG Waiting for batch. batchSize=4096
09:19:27.393 INF Sending PREPREPARE. nReq=64 senderID=2 sn=42 view=0
09:19:27.404 INF Handling PREPREPARE. nReq=64 senderID=1 sn=41
09:19:27.404 DBG Creating new Batch. nReq=64
09:19:27.404 INF Handling PREPREPARE. nReq=64 senderID=0 sn=40
09:19:27.405 DBG Creating new Batch. nReq=64
09:19:27.411 DBG Sending COMMIT. senderID=2 sn=42 view=0
09:19:27.411 INF Handling PREPREPARE. nReq=64 senderID=3 sn=43
09:19:27.412 DBG Creating new Batch. nReq=64
09:19:27.413 INF Committed entry. latency=0 nReq=64 sn=42
09:19:27.414 DBG Starting timer. sn=46 view=0
09:19:27.415 DBG Sending PREPARE. senderID=2 sn=41 view=0
09:19:27.416 DBG Sending COMMIT. senderID=2 sn=41 view=0
09:19:27.418 DBG Sending PREPARE. senderID=2 sn=40 view=0
09:19:27.418 DBG Sending COMMIT. senderID=2 sn=40 view=0
09:19:27.418 INF Committed entry. latency=0 nReq=64 sn=41
09:19:27.418 DBG Starting timer. sn=45 view=0
09:19:27.419 DBG Sending PREPARE. senderID=2 sn=43 view=0
09:19:27.419 INF Committed entry. latency=0 nReq=64 sn=40
09:19:27.419 INF Delivered batch. nReq=64 sn=40
09:19:27.420 INF Delivered batch. nReq=64 sn=41
09:19:27.420 INF Delivered batch. nReq=64 sn=42
09:19:27.420 DBG Starting timer. sn=44 view=0
09:19:27.420 DBG Sending COMMIT. senderID=2 sn=43 view=0
09:19:27.421 INF Committed entry. latency=0 nReq=64 sn=43
09:19:27.422 INF Delivered batch. nReq=64 sn=43
09:19:27.422 DBG Starting timer. sn=47 view=0
09:19:28.393 DBG Batch ready. batchSize=4096
09:19:28.393 DBG Batch cut. left=0 nBuckets=16 nReq=65 next=0
09:19:28.394 DBG Waiting for batch. batchSize=4096
09:19:28.395 INF Sending PREPREPARE. nReq=65 senderID=2 sn=46 view=0
09:19:28.404 INF Handling PREPREPARE. nReq=64 senderID=1 sn=45
09:19:28.404 DBG Creating new Batch. nReq=64
09:19:28.406 INF Handling PREPREPARE. nReq=64 senderID=0 sn=44
09:19:28.406 DBG Creating new Batch. nReq=64
09:19:28.414 DBG Sending PREPARE. senderID=2 sn=44 view=0
09:19:28.415 INF Handling PREPREPARE. nReq=64 senderID=3 sn=47
09:19:28.415 DBG Sending COMMIT. senderID=2 sn=44 view=0
09:19:28.415 DBG Creating new Batch. nReq=64
09:19:28.415 DBG Sending COMMIT. senderID=2 sn=46 view=0
09:19:28.416 DBG Sending PREPARE. senderID=2 sn=45 view=0
09:19:28.416 DBG Sending COMMIT. senderID=2 sn=45 view=0
09:19:28.418 INF Committed entry. latency=0 nReq=65 sn=46
09:19:28.418 INF Committed entry. latency=0 nReq=64 sn=45
09:19:28.418 DBG Starting timer. sn=50 view=0
09:19:28.418 DBG Starting timer. sn=49 view=0
09:19:28.419 INF Committed entry. latency=0 nReq=64 sn=44
09:19:28.419 INF Delivered batch. nReq=64 sn=44
09:19:28.419 INF Delivered batch. nReq=64 sn=45
09:19:28.420 INF Delivered batch. nReq=65 sn=46
09:19:28.420 DBG Starting timer. sn=48 view=0
09:19:28.424 DBG Sending PREPARE. senderID=2 sn=47 view=0
09:19:28.425 DBG Sending COMMIT. senderID=2 sn=47 view=0
09:19:28.426 INF Committed entry. latency=0 nReq=64 sn=47
09:19:28.426 INF Delivered batch. nReq=64 sn=47
09:19:28.426 DBG Starting timer. sn=51 view=0
09:19:29.395 DBG Batch ready. batchSize=4096
09:19:29.395 DBG Batch cut. left=0 nBuckets=16 nReq=64 next=0
09:19:29.396 DBG Waiting for batch. batchSize=4096
09:19:29.397 INF Sending PREPREPARE. nReq=64 senderID=2 sn=50 view=0
09:19:29.407 INF Handling PREPREPARE. nReq=64 senderID=1 sn=49
09:19:29.407 DBG Creating new Batch. nReq=64
09:19:29.408 INF Handling PREPREPARE. nReq=64 senderID=0 sn=48
09:19:29.408 DBG Creating new Batch. nReq=64
09:19:29.414 DBG Sending COMMIT. senderID=2 sn=50 view=0
09:19:29.414 INF Committed entry. latency=0 nReq=64 sn=50
09:19:29.415 DBG Starting timer. sn=54 view=0
09:19:29.417 DBG Sending PREPARE. senderID=2 sn=49 view=0
09:19:29.418 DBG Sending PREPARE. senderID=2 sn=48 view=0
09:19:29.418 DBG Sending COMMIT. senderID=2 sn=49 view=0
09:19:29.419 DBG Sending COMMIT. senderID=2 sn=48 view=0
09:19:29.419 INF Handling PREPREPARE. nReq=64 senderID=3 sn=51
09:19:29.420 DBG Creating new Batch. nReq=64
09:19:29.420 INF Committed entry. latency=0 nReq=64 sn=49
09:19:29.420 INF Delivered batch. nReq=64 sn=48
09:19:29.420 INF Committed entry. latency=0 nReq=64 sn=48
09:19:29.420 INF Delivered batch. nReq=64 sn=49
09:19:29.420 INF Delivered batch. nReq=64 sn=50
09:19:29.420 DBG Starting timer. sn=53 view=0
09:19:29.420 DBG Starting timer. sn=52 view=0
09:19:29.426 DBG Sending PREPARE. senderID=2 sn=51 view=0
09:19:29.429 DBG Sending COMMIT. senderID=2 sn=51 view=0
09:19:29.430 INF Committed entry. latency=0 nReq=64 sn=51
09:19:29.430 INF Delivered batch. nReq=64 sn=51
09:19:29.430 DBG Starting timer. sn=55 view=0
09:19:30.397 DBG Batch ready. batchSize=4096
09:19:30.397 DBG Batch cut. left=0 nBuckets=16 nReq=64 next=0
09:19:30.397 DBG Waiting for batch. batchSize=4096
09:19:30.399 INF Sending PREPREPARE. nReq=64 senderID=2 sn=54 view=0
09:19:30.407 INF Handling PREPREPARE. nReq=64 senderID=1 sn=53
09:19:30.408 DBG Creating new Batch. nReq=64
09:19:30.408 INF Handling PREPREPARE. nReq=65 senderID=0 sn=52
09:19:30.409 DBG Creating new Batch. nReq=65
09:19:30.416 INF Handling PREPREPARE. nReq=64 senderID=3 sn=55
09:19:30.416 DBG Creating new Batch. nReq=64
09:19:30.420 DBG Sending COMMIT. senderID=2 sn=54 view=0
09:19:30.421 DBG Sending PREPARE. senderID=2 sn=52 view=0
09:19:30.421 DBG Sending COMMIT. senderID=2 sn=52 view=0
09:19:30.421 INF Committed entry. latency=0 nReq=64 sn=54
09:19:30.421 DBG Starting timer. sn=58 view=0
09:19:30.422 DBG Sending PREPARE. senderID=2 sn=53 view=0
09:19:30.422 DBG Sending COMMIT. senderID=2 sn=53 view=0
09:19:30.423 INF Committed entry. latency=0 nReq=65 sn=52
09:19:30.423 INF Delivered batch. nReq=65 sn=52
09:19:30.424 DBG Starting timer. sn=56 view=0
09:19:30.424 INF Committed entry. latency=0 nReq=64 sn=53
09:19:30.424 DBG Sending PREPARE. senderID=2 sn=55 view=0
09:19:30.424 INF Delivered batch. nReq=64 sn=53
09:19:30.424 DBG Sending COMMIT. senderID=2 sn=55 view=0
09:19:30.424 INF Delivered batch. nReq=64 sn=54
09:19:30.425 DBG Starting timer. sn=57 view=0
09:19:30.427 INF Committed entry. latency=0 nReq=64 sn=55
09:19:30.427 INF Delivered batch. nReq=64 sn=55
09:19:30.427 DBG Starting timer. sn=59 view=0
09:19:31.398 DBG Batch ready. batchSize=4096
09:19:31.398 DBG Batch cut. left=0 nBuckets=16 nReq=64 next=0
09:19:31.398 DBG Waiting for batch. batchSize=4096
09:19:31.400 INF Sending PREPREPARE. nReq=64 senderID=2 sn=58 view=0
09:19:31.409 INF Handling PREPREPARE. nReq=64 senderID=1 sn=57
09:19:31.409 DBG Creating new Batch. nReq=64
09:19:31.412 INF Handling PREPREPARE. nReq=64 senderID=0 sn=56
09:19:31.412 DBG Creating new Batch. nReq=64
09:19:31.418 INF Handling PREPREPARE. nReq=64 senderID=3 sn=59
09:19:31.418 DBG Creating new Batch. nReq=64
09:19:31.419 DBG Sending COMMIT. senderID=2 sn=58 view=0
09:19:31.420 DBG Sending PREPARE. senderID=2 sn=57 view=0
09:19:31.421 DBG Sending PREPARE. senderID=2 sn=56 view=0
09:19:31.422 INF Committed entry. latency=0 nReq=64 sn=58
09:19:31.422 DBG Starting timer. sn=62 view=0
09:19:31.423 DBG Sending COMMIT. senderID=2 sn=56 view=0
09:19:31.423 DBG Sending COMMIT. senderID=2 sn=57 view=0
09:19:31.424 INF Committed entry. latency=0 nReq=64 sn=57
09:19:31.425 DBG Starting timer. sn=61 view=0
09:19:31.425 INF Committed entry. latency=0 nReq=64 sn=56
09:19:31.425 INF Delivered batch. nReq=64 sn=56
09:19:31.425 INF Delivered batch. nReq=64 sn=57
09:19:31.425 INF Delivered batch. nReq=64 sn=58
09:19:31.425 DBG Starting timer. sn=60 view=0
09:19:31.427 DBG Sending PREPARE. senderID=2 sn=59 view=0
09:19:31.428 DBG Sending COMMIT. senderID=2 sn=59 view=0
09:19:31.429 INF Committed entry. latency=0 nReq=64 sn=59
09:19:31.429 INF Delivered batch. nReq=64 sn=59
09:19:31.429 DBG Starting timer. sn=63 view=0
09:19:32.399 DBG Batch ready. batchSize=4096
09:19:32.399 DBG Batch cut. left=0 nBuckets=16 nReq=64 next=0
09:19:32.400 DBG Waiting for batch. batchSize=4096
09:19:32.401 INF Sending PREPREPARE. nReq=64 senderID=2 sn=62 view=0
09:19:32.411 INF Handling PREPREPARE. nReq=64 senderID=1 sn=61
09:19:32.411 DBG Creating new Batch. nReq=64
09:19:32.414 INF Handling PREPREPARE. nReq=64 senderID=0 sn=60
09:19:32.414 DBG Creating new Batch. nReq=64
09:19:32.418 DBG Sending COMMIT. senderID=2 sn=62 view=0
09:19:32.420 INF Committed entry. latency=0 nReq=64 sn=62
09:19:32.420 DBG Starting timer. sn=66 view=0
09:19:32.422 DBG Sending PREPARE. senderID=2 sn=61 view=0
09:19:32.422 DBG Sending PREPARE. senderID=2 sn=60 view=0
09:19:32.422 DBG Sending COMMIT. senderID=2 sn=61 view=0
09:19:32.422 DBG Sending COMMIT. senderID=2 sn=60 view=0
09:19:32.424 INF Committed entry. latency=0 nReq=64 sn=61
09:19:32.424 INF Committed entry. latency=0 nReq=64 sn=60
09:19:32.424 INF Delivered batch. nReq=64 sn=60
09:19:32.424 INF Delivered batch. nReq=64 sn=61
09:19:32.425 INF Delivered batch. nReq=64 sn=62
09:19:32.425 DBG Starting timer. sn=65 view=0
09:19:32.425 DBG Starting timer. sn=64 view=0
09:19:32.426 INF Handling PREPREPARE. nReq=64 senderID=3 sn=63
09:19:32.426 DBG Creating new Batch. nReq=64
09:19:32.435 DBG Sending PREPARE. senderID=2 sn=63 view=0
09:19:32.436 DBG Sending COMMIT. senderID=2 sn=63 view=0
09:19:32.438 INF Committed entry. latency=0 nReq=64 sn=63
09:19:32.438 INF Delivered batch. nReq=64 sn=63
09:19:32.438 DBG Starting timer. sn=67 view=0
09:19:33.401 DBG Batch ready. batchSize=4096
09:19:33.401 DBG Batch cut. left=0 nBuckets=16 nReq=64 next=0
09:19:33.402 DBG Waiting for batch. batchSize=4096
09:19:33.403 INF Sending PREPREPARE. nReq=64 senderID=2 sn=66 view=0
09:19:33.412 INF Handling PREPREPARE. nReq=65 senderID=1 sn=65
09:19:33.413 DBG Creating new Batch. nReq=65
09:19:33.415 INF Handling PREPREPARE. nReq=64 senderID=0 sn=64
09:19:33.416 DBG Creating new Batch. nReq=64
09:19:33.422 DBG Sending PREPARE. senderID=2 sn=65 view=0
09:19:33.423 DBG Sending COMMIT. senderID=2 sn=66 view=0
09:19:33.423 DBG Sending COMMIT. senderID=2 sn=65 view=0
09:19:33.424 INF Handling PREPREPARE. nReq=64 senderID=3 sn=67
09:19:33.424 DBG Sending PREPARE. senderID=2 sn=64 view=0
09:19:33.424 DBG Creating new Batch. nReq=64
09:19:33.424 DBG Sending COMMIT. senderID=2 sn=64 view=0
09:19:33.425 INF Committed entry. latency=0 nReq=65 sn=65
09:19:33.425 INF Committed entry. latency=0 nReq=64 sn=66
09:19:33.426 DBG Starting timer. sn=70 view=0
09:19:33.427 INF Committed entry. latency=0 nReq=64 sn=64
09:19:33.427 INF Delivered batch. nReq=64 sn=64
09:19:33.428 INF Delivered batch. nReq=65 sn=65
09:19:33.428 INF Delivered batch. nReq=64 sn=66
09:19:33.428 DBG Starting timer. sn=68 view=0
09:19:33.428 DBG Starting timer. sn=69 view=0
09:19:33.432 DBG Sending PREPARE. senderID=2 sn=67 view=0
09:19:33.434 DBG Sending COMMIT. senderID=2 sn=67 view=0
09:19:33.436 INF Committed entry. latency=0 nReq=64 sn=67
09:19:33.436 INF Delivered batch. nReq=64 sn=67
09:19:33.437 DBG Starting timer. sn=71 view=0
09:19:34.402 DBG Batch ready. batchSize=4096
09:19:34.402 DBG Batch cut. left=0 nBuckets=16 nReq=64 next=0
09:19:34.403 DBG Waiting for batch. batchSize=4096
09:19:34.404 INF Sending PREPREPARE. nReq=64 senderID=2 sn=70 view=0
09:19:34.413 INF Handling PREPREPARE. nReq=64 senderID=1 sn=69
09:19:34.413 DBG Creating new Batch. nReq=64
09:19:34.414 INF Handling PREPREPARE. nReq=64 senderID=0 sn=68
09:19:34.414 DBG Creating new Batch. nReq=64
09:19:34.423 DBG Sending PREPARE. senderID=2 sn=68 view=0
09:19:34.424 DBG Sending PREPARE. senderID=2 sn=69 view=0
09:19:34.424 DBG Sending COMMIT. senderID=2 sn=69 view=0
09:19:34.425 DBG Sending COMMIT. senderID=2 sn=70 view=0
09:19:34.425 DBG Sending COMMIT. senderID=2 sn=68 view=0
09:19:34.427 INF Committed entry. latency=0 nReq=64 sn=69
09:19:34.427 INF Committed entry. latency=0 nReq=64 sn=70
09:19:34.427 INF Delivered batch. nReq=64 sn=68
09:19:34.427 INF Committed entry. latency=0 nReq=64 sn=68
09:19:34.427 INF Delivered batch. nReq=64 sn=69
09:19:34.428 INF Delivered batch. nReq=64 sn=70
09:19:34.428 DBG Starting timer. sn=73 view=0
09:19:34.428 DBG Starting timer. sn=74 view=0
09:19:34.428 DBG Starting timer. sn=72 view=0
09:19:34.429 INF Handling PREPREPARE. nReq=65 senderID=3 sn=71
09:19:34.430 DBG Creating new Batch. nReq=65
09:19:34.438 DBG Sending PREPARE. senderID=2 sn=71 view=0
09:19:34.439 DBG Sending COMMIT. senderID=2 sn=71 view=0
09:19:34.440 INF Committed entry. latency=0 nReq=65 sn=71
09:19:34.440 INF Delivered batch. nReq=65 sn=71
09:19:34.440 DBG Starting timer. sn=75 view=0
09:19:35.403 DBG Batch ready. batchSize=4096
09:19:35.404 DBG Batch cut. left=0 nBuckets=16 nReq=64 next=0
09:19:35.404 DBG Waiting for batch. batchSize=4096
09:19:35.405 INF Sending PREPREPARE. nReq=64 senderID=2 sn=74 view=0
09:19:35.413 INF Handling PREPREPARE. nReq=64 senderID=1 sn=73
09:19:35.413 DBG Creating new Batch. nReq=64
09:19:35.415 INF Handling PREPREPARE. nReq=64 senderID=0 sn=72
09:19:35.415 DBG Creating new Batch. nReq=64
09:19:35.423 DBG Sending PREPARE. senderID=2 sn=72 view=0
09:19:35.423 DBG Sending PREPARE. senderID=2 sn=73 view=0
09:19:35.425 DBG Sending COMMIT. senderID=2 sn=73 view=0
09:19:35.426 INF Committed entry. latency=0 nReq=64 sn=73
09:19:35.426 DBG Starting timer. sn=77 view=0
09:19:35.426 DBG Sending COMMIT. senderID=2 sn=72 view=0
09:19:35.428 DBG Sending COMMIT. senderID=2 sn=74 view=0
09:19:35.428 INF Committed entry. latency=0 nReq=64 sn=74
09:19:35.428 INF Committed entry. latency=0 nReq=64 sn=72
09:19:35.428 INF Delivered batch. nReq=64 sn=72
09:19:35.429 INF Delivered batch. nReq=64 sn=73
09:19:35.429 INF Delivered batch. nReq=64 sn=74
09:19:35.429 DBG Starting timer. sn=78 view=0
09:19:35.429 DBG Starting timer. sn=76 view=0
09:19:35.432 INF Handling PREPREPARE. nReq=64 senderID=3 sn=75
09:19:35.432 DBG Creating new Batch. nReq=64
09:19:35.440 DBG Sending PREPARE. senderID=2 sn=75 view=0
09:19:35.441 DBG Sending COMMIT. senderID=2 sn=75 view=0
09:19:35.443 INF Committed entry. latency=0 nReq=64 sn=75
09:19:35.443 INF Delivered batch. nReq=64 sn=75
09:19:35.443 DBG Starting timer. sn=79 view=0
09:19:36.405 DBG Batch ready. batchSize=4096
09:19:36.405 DBG Batch cut. left=0 nBuckets=16 nReq=64 next=0
09:19:36.405 DBG Waiting for batch. batchSize=4096
09:19:36.407 INF Sending PREPREPARE. nReq=64 senderID=2 sn=78 view=0
09:19:36.416 INF Handling PREPREPARE. nReq=64 senderID=1 sn=77
09:19:36.416 DBG Creating new Batch. nReq=64
09:19:36.419 INF Handling PREPREPARE. nReq=64 senderID=0 sn=76
09:19:36.419 DBG Creating new Batch. nReq=64
09:19:36.424 DBG Sending COMMIT. senderID=2 sn=78 view=0
09:19:36.425 DBG Sending PREPARE. senderID=2 sn=77 view=0
09:19:36.425 INF Committed entry. latency=0 nReq=64 sn=78
09:19:36.426 DBG Starting timer. sn=82 view=0
09:19:36.427 DBG Sending PREPARE. senderID=2 sn=76 view=0
09:19:36.428 DBG Sending COMMIT. senderID=2 sn=77 view=0
09:19:36.429 INF Committed entry. latency=0 nReq=64 sn=77
09:19:36.429 DBG Starting timer. sn=81 view=0
09:19:36.429 DBG Sending COMMIT. senderID=2 sn=76 view=0
09:19:36.431 INF Committed entry. latency=0 nReq=64 sn=76
09:19:36.431 INF Delivered batch. nReq=64 sn=76
09:19:36.431 INF Delivered batch. nReq=64 sn=77
09:19:36.431 INF Delivered batch. nReq=64 sn=78
09:19:36.431 DBG Starting timer. sn=80 view=0
09:19:36.433 INF Handling PREPREPARE. nReq=64 senderID=3 sn=79
09:19:36.434 DBG Creating new Batch. nReq=64
09:19:36.441 DBG Sending PREPARE. senderID=2 sn=79 view=0
09:19:36.441 DBG Sending COMMIT. senderID=2 sn=79 view=0
09:19:36.443 INF Committed entry. latency=0 nReq=64 sn=79
09:19:36.443 INF Delivered batch. nReq=64 sn=79
09:19:36.443 DBG Starting timer. sn=83 view=0
09:19:37.406 DBG Batch ready. batchSize=4096
09:19:37.407 DBG Batch cut. left=0 nBuckets=16 nReq=65 next=0
09:19:37.407 DBG Waiting for batch. batchSize=4096
09:19:37.409 INF Sending PREPREPARE. nReq=65 senderID=2 sn=82 view=0
09:19:37.418 INF Handling PREPREPARE. nReq=64 senderID=1 sn=81
09:19:37.418 DBG Creating new Batch. nReq=64
09:19:37.419 INF Handling PREPREPARE. nReq=64 senderID=0 sn=80
09:19:37.419 DBG Creating new Batch. nReq=64
09:19:37.428 DBG Sending PREPARE. senderID=2 sn=81 view=0
09:19:37.429 DBG Sending PREPARE. senderID=2 sn=80 view=0
09:19:37.429 DBG Sending COMMIT. senderID=2 sn=82 view=0
09:19:37.430 DBG Sending COMMIT. senderID=2 sn=80 view=0
09:19:37.431 INF Committed entry. latency=0 nReq=65 sn=82
09:19:37.431 DBG Starting timer. sn=86 view=0
09:19:37.431 DBG Sending COMMIT. senderID=2 sn=81 view=0
09:19:37.433 INF Committed entry. latency=0 nReq=64 sn=81
09:19:37.433 INF Committed entry. latency=0 nReq=64 sn=80
09:19:37.433 INF Delivered batch. nReq=64 sn=80
09:19:37.433 INF Delivered batch. nReq=64 sn=81
09:19:37.433 INF Delivered batch. nReq=65 sn=82
09:19:37.433 DBG Starting timer. sn=85 view=0
09:19:37.433 DBG Starting timer. sn=84 view=0
09:19:37.438 INF Handling PREPREPARE. nReq=64 senderID=3 sn=83
09:19:37.438 DBG Creating new Batch. nReq=64
09:19:37.445 DBG Sending PREPARE. senderID=2 sn=83 view=0
09:19:37.446 DBG Sending COMMIT. senderID=2 sn=83 view=0
09:19:37.448 INF Committed entry. latency=0 nReq=64 sn=83
09:19:37.448 INF Delivered batch. nReq=64 sn=83
09:19:37.448 DBG Starting timer. sn=87 view=0
09:19:38.408 DBG Batch ready. batchSize=4096
09:19:38.408 DBG Batch cut. left=0 nBuckets=16 nReq=64 next=0
09:19:38.408 DBG Waiting for batch. batchSize=4096
09:19:38.410 INF Sending PREPREPARE. nReq=64 senderID=2 sn=86 view=0
09:19:38.418 INF Handling PREPREPARE. nReq=64 senderID=1 sn=85
09:19:38.418 DBG Creating new Batch. nReq=64
09:19:38.423 INF Handling PREPREPARE. nReq=64 senderID=0 sn=84
09:19:38.424 DBG Creating new Batch. nReq=64
09:19:38.427 DBG Sending COMMIT. senderID=2 sn=86 view=0
09:19:38.433 INF Committed entry. latency=0 nReq=64 sn=86
09:19:38.433 DBG Starting timer. sn=90 view=0
09:19:38.435 DBG Sending PREPARE. senderID=2 sn=85 view=0
09:19:38.436 DBG Sending COMMIT. senderID=2 sn=85 view=0
09:19:38.436 INF Committed entry. latency=0 nReq=64 sn=85
09:19:38.436 DBG Starting timer. sn=89 view=0
09:19:38.437 DBG Sending PREPARE. senderID=2 sn=84 view=0
09:19:38.437 DBG Sending COMMIT. senderID=2 sn=84 view=0
09:19:38.440 INF Committed entry. latency=0 nReq=64 sn=84
09:19:38.440 INF Delivered batch. nReq=64 sn=84
09:19:38.440 INF Delivered batch. nReq=64 sn=85
09:19:38.440 INF Delivered batch. nReq=64 sn=86
09:19:38.441 DBG Starting timer. sn=88 view=0
09:19:38.442 INF Handling PREPREPARE. nReq=65 senderID=3 sn=87
09:19:38.442 DBG Creating new Batch. nReq=65
09:19:38.450 DBG Sending PREPARE. senderID=2 sn=87 view=0
09:19:38.450 DBG Sending COMMIT. senderID=2 sn=87 view=0
09:19:38.453 INF Committed entry. latency=0 nReq=65 sn=87
09:19:38.453 INF Delivered batch. nReq=65 sn=87
09:19:38.453 DBG Starting timer. sn=91 view=0
09:19:39.409 DBG Batch ready. batchSize=4096
09:19:39.410 DBG Batch cut. left=0 nBuckets=16 nReq=64 next=0
09:19:39.410 DBG Waiting for batch. batchSize=4096
09:19:39.411 INF Sending PREPREPARE. nReq=64 senderID=2 sn=90 view=0
09:19:39.420 INF Handling PREPREPARE. nReq=64 senderID=1 sn=89
09:19:39.421 DBG Creating new Batch. nReq=64
09:19:39.426 INF Handling PREPREPARE. nReq=64 senderID=0 sn=88
09:19:39.426 DBG Creating new Batch. nReq=64
09:19:39.429 DBG Sending PREPARE. senderID=2 sn=89 view=0
09:19:39.430 DBG Sending COMMIT. senderID=2 sn=89 view=0
09:19:39.430 DBG Sending COMMIT. senderID=2 sn=90 view=0
09:19:39.431 INF Committed entry. latency=0 nReq=64 sn=90
09:19:39.431 DBG Starting timer. sn=94 view=0
09:19:39.432 INF Committed entry. latency=0 nReq=64 sn=89
09:19:39.432 DBG Starting timer. sn=93 view=0
09:19:39.435 DBG Sending PREPARE. senderID=2 sn=88 view=0
09:19:39.436 DBG Sending COMMIT. senderID=2 sn=88 view=0
09:19:39.437 INF Committed entry. latency=0 nReq=64 sn=88
09:19:39.437 INF Delivered batch. nReq=64 sn=88
09:19:39.437 INF Delivered batch. nReq=64 sn=89
09:19:39.437 INF Delivered batch. nReq=64 sn=90
09:19:39.438 DBG Starting timer. sn=92 view=0
09:19:39.442 INF Handling PREPREPARE. nReq=64 senderID=3 sn=91
09:19:39.442 DBG Creating new Batch. nReq=64
09:19:39.449 DBG Sending PREPARE. senderID=2 sn=91 view=0
09:19:39.452 DBG Sending COMMIT. senderID=2 sn=91 view=0
09:19:39.454 INF Committed entry. latency=0 nReq=64 sn=91
09:19:39.454 INF Delivered batch. nReq=64 sn=91
09:19:39.454 DBG Starting timer. sn=95 view=0
09:19:40.411 DBG Batch ready. batchSize=4096
09:19:40.412 DBG Batch cut. left=0 nBuckets=16 nReq=64 next=0
09:19:40.412 DBG Waiting for batch. batchSize=4096
09:19:40.413 INF Sending PREPREPARE. nReq=64 senderID=2 sn=94 view=0
09:19:40.421 INF Handling PREPREPARE. nReq=64 senderID=1 sn=93
09:19:40.422 DBG Creating new Batch. nReq=64
09:19:40.428 INF Handling PREPREPARE. nReq=65 senderID=0 sn=92
09:19:40.428 DBG Creating new Batch. nReq=65
09:19:40.429 DBG Sending PREPARE. senderID=2 sn=93 view=0
09:19:40.431 DBG Sending COMMIT. senderID=2 sn=94 view=0
09:19:40.432 DBG Sending COMMIT. senderID=2 sn=93 view=0
09:19:40.433 INF Committed entry. latency=0 nReq=64 sn=94
09:19:40.433 DBG Starting timer. sn=98 view=0
09:19:40.434 INF Committed entry. latency=0 nReq=64 sn=93
09:19:40.434 DBG Starting timer. sn=97 view=0
09:19:40.437 DBG Sending PREPARE. senderID=2 sn=92 view=0
09:19:40.437 DBG Sending COMMIT. senderID=2 sn=92 view=0
09:19:40.438 INF Committed entry. latency=0 nReq=65 sn=92
09:19:40.438 INF Delivered batch. nReq=65 sn=92
09:19:40.438 INF Delivered batch. nReq=64 sn=93
09:19:40.438 INF Delivered batch. nReq=64 sn=94
09:19:40.438 DBG Starting timer. sn=96 view=0
09:19:40.444 INF Handling PREPREPARE. nReq=64 senderID=3 sn=95
09:19:40.444 DBG Creating new Batch. nReq=64
09:19:40.451 DBG Sending PREPARE. senderID=2 sn=95 view=0
09:19:40.451 DBG Sending COMMIT. senderID=2 sn=95 view=0
09:19:40.455 INF Committed entry. latency=0 nReq=64 sn=95
09:19:40.455 INF Delivered batch. nReq=64 sn=95
09:19:40.455 DBG Starting timer. sn=99 view=0
09:19:41.413 DBG Batch ready. batchSize=4096
09:19:41.413 DBG Batch cut. left=0 nBuckets=16 nReq=64 next=0
09:19:41.413 DBG Waiting for batch. batchSize=4096
09:19:41.415 INF Sending PREPREPARE. nReq=64 senderID=2 sn=98 view=0
09:19:41.423 INF Handling PREPREPARE. nReq=64 senderID=1 sn=97
09:19:41.423 DBG Creating new Batch. nReq=64
09:19:41.428 INF Handling PREPREPARE. nReq=64 senderID=0 sn=96
09:19:41.429 DBG Creating new Batch. nReq=64
09:19:41.432 DBG Sending PREPARE. senderID=2 sn=97 view=0
09:19:41.432 DBG Sending COMMIT. senderID=2 sn=97 view=0
09:19:41.432 DBG Sending COMMIT. senderID=2 sn=98 view=0
09:19:41.434 INF Committed entry. latency=0 nReq=64 sn=98
09:19:41.434 DBG Starting timer. sn=102 view=0
09:19:41.435 INF Committed entry. latency=0 nReq=64 sn=97
09:19:41.435 DBG Starting timer. sn=101 view=0
09:19:41.446 INF Handling PREPREPARE. nReq=64 senderID=3 sn=99
09:19:41.446 DBG Creating new Batch. nReq=64
09:19:41.446 DBG Sending PREPARE. senderID=2 sn=96 view=0
09:19:41.447 DBG Sending COMMIT. senderID=2 sn=96 view=0
09:19:41.449 INF Committed entry. latency=0 nReq=64 sn=96
09:19:41.449 INF Delivered batch. nReq=64 sn=96
09:19:41.449 INF Delivered batch. nReq=64 sn=97
09:19:41.449 INF Delivered batch. nReq=64 sn=98
09:19:41.449 DBG Starting timer. sn=100 view=0
09:19:41.454 DBG Sending PREPARE. senderID=2 sn=99 view=0
09:19:41.458 DBG Sending COMMIT. senderID=2 sn=99 view=0
09:19:41.459 INF Committed entry. latency=0 nReq=64 sn=99
09:19:41.459 INF Delivered batch. nReq=64 sn=99
09:19:41.459 DBG Starting timer. sn=103 view=0
09:19:42.414 DBG Batch ready. batchSize=4096
09:19:42.414 DBG Batch cut. left=0 nBuckets=16 nReq=64 next=0
09:19:42.415 DBG Waiting for batch. batchSize=4096
09:19:42.416 INF Sending PREPREPARE. nReq=64 senderID=2 sn=102 view=0
09:19:42.424 INF Handling PREPREPARE. nReq=64 senderID=1 sn=101
09:19:42.424 DBG Creating new Batch. nReq=64
09:19:42.432 INF Handling PREPREPARE. nReq=64 senderID=0 sn=100
09:19:42.432 DBG Creating new Batch. nReq=64
09:19:42.432 DBG Sending PREPARE. senderID=2 sn=101 view=0
09:19:42.435 DBG Sending COMMIT. senderID=2 sn=102 view=0
09:19:42.435 DBG Sending COMMIT. senderID=2 sn=101 view=0
09:19:42.436 INF Committed entry. latency=0 nReq=64 sn=102
09:19:42.436 DBG Starting timer. sn=106 view=0
09:19:42.437 INF Committed entry. latency=0 nReq=64 sn=101
09:19:42.437 DBG Starting timer. sn=105 view=0
09:19:42.440 DBG Sending PREPARE. senderID=2 sn=100 view=0
09:19:42.442 DBG Sending COMMIT. senderID=2 sn=100 view=0
09:19:42.444 INF Committed entry. latency=0 nReq=64 sn=100
09:19:42.444 INF Delivered batch. nReq=64 sn=100
09:19:42.444 INF Delivered batch. nReq=64 sn=101
09:19:42.444 INF Delivered batch. nReq=64 sn=102
09:19:42.444 DBG Starting timer. sn=104 view=0
09:19:42.447 INF Handling PREPREPARE. nReq=64 senderID=3 sn=103
09:19:42.448 DBG Creating new Batch. nReq=64
09:19:42.456 DBG Sending PREPARE. senderID=2 sn=103 view=0
09:19:42.457 DBG Sending COMMIT. senderID=2 sn=103 view=0
09:19:42.457 INF Committed entry. latency=0 nReq=64 sn=103
09:19:42.457 INF Delivered batch. nReq=64 sn=103
09:19:42.457 DBG Starting timer. sn=107 view=0
09:19:43.415 DBG Batch ready. batchSize=4096
09:19:43.415 DBG Batch cut. left=0 nBuckets=16 nReq=64 next=0
09:19:43.416 DBG Waiting for batch. batchSize=4096
09:19:43.417 INF Sending PREPREPARE. nReq=64 senderID=2 sn=106 view=0
09:19:43.426 INF Handling PREPREPARE. nReq=64 senderID=1 sn=105
09:19:43.427 DBG Creating new Batch. nReq=64
09:19:43.433 INF Handling PREPREPARE. nReq=64 senderID=0 sn=104
09:19:43.433 DBG Creating new Batch. nReq=64
09:19:43.433 DBG Sending PREPARE. senderID=2 sn=105 view=0
09:19:43.434 DBG Sending COMMIT. senderID=2 sn=106 view=0
09:19:43.436 INF Committed entry. latency=0 nReq=64 sn=106
09:19:43.436 DBG Starting timer. sn=110 view=0
09:19:43.437 DBG Sending COMMIT. senderID=2 sn=105 view=0
09:19:43.437 INF Committed entry. latency=0 nReq=64 sn=105
09:19:43.437 DBG Starting timer. sn=109 view=0
09:19:43.441 DBG Sending PREPARE. senderID=2 sn=104 view=0
09:19:43.441 DBG Sending COMMIT. senderID=2 sn=104 view=0
09:19:43.443 INF Committed entry. latency=0 nReq=64 sn=104
09:19:43.443 INF Delivered batch. nReq=64 sn=104
09:19:43.443 INF Delivered batch. nReq=64 sn=105
09:19:43.443 INF Delivered batch. nReq=64 sn=106
09:19:43.444 DBG Starting timer. sn=108 view=0
09:19:43.448 INF Handling PREPREPARE. nReq=64 senderID=3 sn=107
09:19:43.448 DBG Creating new Batch. nReq=64
09:19:43.454 DBG Sending PREPARE. senderID=2 sn=107 view=0
09:19:43.456 DBG Sending COMMIT. senderID=2 sn=107 view=0
09:19:43.457 INF Committed entry. latency=0 nReq=64 sn=107
09:19:43.458 INF Delivered batch. nReq=64 sn=107
09:19:43.458 DBG Starting timer. sn=111 view=0
09:19:44.416 DBG Batch ready. batchSize=4096
09:19:44.417 DBG Batch cut. left=0 nBuckets=16 nReq=64 next=0
09:19:44.417 DBG Waiting for batch. batchSize=4096
09:19:44.418 INF Sending PREPREPARE. nReq=64 senderID=2 sn=110 view=0
09:19:44.427 INF Handling PREPREPARE. nReq=65 senderID=1 sn=109
09:19:44.427 DBG Creating new Batch. nReq=65
09:19:44.435 DBG Sending PREPARE. senderID=2 sn=109 view=0
09:19:44.436 INF Handling PREPREPARE. nReq=64 senderID=0 sn=108
09:19:44.437 DBG Creating new Batch. nReq=64
09:19:44.437 DBG Sending COMMIT. senderID=2 sn=109 view=0
09:19:44.437 DBG Sending COMMIT. senderID=2 sn=110 view=0
09:19:44.438 INF Committed entry. latency=0 nReq=64 sn=110
09:19:44.438 DBG Starting timer. sn=114 view=0
09:19:44.440 INF Committed entry. latency=0 nReq=65 sn=109
09:19:44.440 DBG Starting timer. sn=113 view=0
09:19:44.446 DBG Sending PREPARE. senderID=2 sn=108 view=0
09:19:44.446 DBG Sending COMMIT. senderID=2 sn=108 view=0
09:19:44.447 INF Committed entry. latency=0 nReq=64 sn=108
09:19:44.447 INF Delivered batch. nReq=64 sn=108
09:19:44.447 INF Delivered batch. nReq=65 sn=109
09:19:44.448 INF Delivered batch. nReq=64 sn=110
09:19:44.448 DBG Starting timer. sn=112 view=0
09:19:44.449 INF Handling PREPREPARE. nReq=64 senderID=3 sn=111
09:19:44.449 DBG Creating new Batch. nReq=64
09:19:44.458 DBG Sending PREPARE. senderID=2 sn=111 view=0
09:19:44.458 DBG Sending COMMIT. senderID=2 sn=111 view=0
09:19:44.459 INF Committed entry. latency=0 nReq=64 sn=111
09:19:44.460 INF Delivered batch. nReq=64 sn=111
09:19:44.460 DBG Starting timer. sn=115 view=0
09:19:45.419 DBG Batch ready. batchSize=4096
09:19:45.419 DBG Batch cut. left=0 nBuckets=16 nReq=64 next=0
09:19:45.419 DBG Waiting for batch. batchSize=4096
09:19:45.421 INF Sending PREPREPARE. nReq=64 senderID=2 sn=114 view=0
09:19:45.430 INF Handling PREPREPARE. nReq=64 senderID=1 sn=113
09:19:45.430 DBG Creating new Batch. nReq=64
09:19:45.436 INF Handling PREPREPARE. nReq=64 senderID=0 sn=112
09:19:45.436 DBG Creating new Batch. nReq=64
09:19:45.439 DBG Sending PREPARE. senderID=2 sn=113 view=0
09:19:45.440 DBG Sending COMMIT. senderID=2 sn=114 view=0
09:19:45.440 DBG Sending COMMIT. senderID=2 sn=113 view=0
09:19:45.441 INF Committed entry. latency=0 nReq=64 sn=114
09:19:45.442 DBG Starting timer. sn=118 view=0
09:19:45.442 INF Committed entry. latency=0 nReq=64 sn=113
09:19:45.442 DBG Starting timer. sn=117 view=0
09:19:45.444 DBG Sending PREPARE. senderID=2 sn=112 view=0
09:19:45.445 DBG Sending COMMIT. senderID=2 sn=112 view=0
09:19:45.447 INF Committed entry. latency=0 nReq=64 sn=112
09:19:45.447 INF Delivered batch. nReq=64 sn=112
09:19:45.447 INF Delivered batch. nReq=64 sn=113
09:19:45.447 INF Delivered batch. nReq=64 sn=114
09:19:45.447 DBG Starting timer. sn=116 view=0
09:19:45.451 INF Handling PREPREPARE. nReq=64 senderID=3 sn=115
09:19:45.451 DBG Creating new Batch. nReq=64
09:19:45.459 DBG Sending PREPARE. senderID=2 sn=115 view=0
09:19:45.461 DBG Sending COMMIT. senderID=2 sn=115 view=0
09:19:45.462 INF Committed entry. latency=0 nReq=64 sn=115
09:19:45.462 INF Delivered batch. nReq=64 sn=115
09:19:45.463 DBG Starting timer. sn=119 view=0
09:19:46.420 DBG Batch ready. batchSize=4096
09:19:46.420 DBG Batch cut. left=0 nBuckets=16 nReq=64 next=0
09:19:46.420 DBG Waiting for batch. batchSize=4096
09:19:46.422 INF Sending PREPREPARE. nReq=64 senderID=2 sn=118 view=0
09:19:46.430 INF Handling PREPREPARE. nReq=64 senderID=1 sn=117
09:19:46.430 DBG Creating new Batch. nReq=64
09:19:46.437 INF Handling PREPREPARE. nReq=64 senderID=0 sn=116
09:19:46.438 DBG Creating new Batch. nReq=64
09:19:46.438 DBG Sending PREPARE. senderID=2 sn=117 view=0
09:19:46.441 DBG Sending COMMIT. senderID=2 sn=118 view=0
09:19:46.441 DBG Sending COMMIT. senderID=2 sn=117 view=0
09:19:46.442 INF Committed entry. latency=0 nReq=64 sn=117
09:19:46.442 DBG Starting timer. sn=121 view=0
09:19:46.443 INF Committed entry. latency=0 nReq=64 sn=118
09:19:46.443 DBG Starting timer. sn=122 view=0
09:19:46.448 DBG Sending PREPARE. senderID=2 sn=116 view=0
09:19:46.448 DBG Sending COMMIT. senderID=2 sn=116 view=0
09:19:46.449 INF Committed entry. latency=0 nReq=64 sn=116
09:19:46.450 INF Delivered batch. nReq=64 sn=116
09:19:46.450 INF Delivered batch. nReq=64 sn=117
09:19:46.450 INF Delivered batch. nReq=64 sn=118
09:19:46.450 DBG Starting timer. sn=120 view=0
09:19:46.453 INF Handling PREPREPARE. nReq=65 senderID=3 sn=119
09:19:46.453 DBG Creating new Batch. nReq=65
09:19:46.460 DBG Sending PREPARE. senderID=2 sn=119 view=0
09:19:46.461 DBG Sending COMMIT. senderID=2 sn=119 view=0
09:19:46.463 INF Committed entry. latency=0 nReq=65 sn=119
09:19:46.463 INF Delivered batch. nReq=65 sn=119
09:19:46.463 DBG Starting timer. sn=123 view=0
09:19:47.422 DBG Batch ready. batchSize=4096
09:19:47.422 DBG Batch cut. left=0 nBuckets=16 nReq=64 next=0
09:19:47.422 DBG Waiting for batch. batchSize=4096
09:19:47.424 INF Sending PREPREPARE. nReq=64 senderID=2 sn=122 view=0
09:19:47.433 INF Handling PREPREPARE. nReq=64 senderID=1 sn=121
09:19:47.433 DBG Creating new Batch. nReq=64
09:19:47.439 INF Handling PREPREPARE. nReq=64 senderID=0 sn=120
09:19:47.439 DBG Creating new Batch. nReq=64
09:19:47.441 DBG Sending PREPARE. senderID=2 sn=121 view=0
09:19:47.443 DBG Sending COMMIT. senderID=2 sn=122 view=0
09:19:47.444 DBG Sending COMMIT. senderID=2 sn=121 view=0
09:19:47.445 DBG Sending PREPARE. senderID=2 sn=120 view=0
09:19:47.445 INF Committed entry. latency=0 nReq=64 sn=121
09:19:47.445 INF Committed entry. latency=0 nReq=64 sn=122
09:19:47.446 DBG Starting timer. sn=125 view=0
09:19:47.446 DBG Starting timer. sn=126 view=0
09:19:47.450 DBG Sending COMMIT. senderID=2 sn=120 view=0
09:19:47.451 INF Committed entry. latency=0 nReq=64 sn=120
09:19:47.451 INF Delivered batch. nReq=64 sn=120
09:19:47.451 INF Delivered batch. nReq=64 sn=121
09:19:47.451 INF Delivered batch. nReq=64 sn=122
09:19:47.451 DBG Starting timer. sn=124 view=0
09:19:47.454 INF Handling PREPREPARE. nReq=64 senderID=3 sn=123
09:19:47.454 DBG Creating new Batch. nReq=64
09:19:47.461 DBG Sending PREPARE. senderID=2 sn=123 view=0
09:19:47.462 DBG Sending COMMIT. senderID=2 sn=123 view=0
09:19:47.464 INF Committed entry. latency=0 nReq=64 sn=123
09:19:47.465 INF Delivered batch. nReq=64 sn=123
09:19:47.465 DBG Starting timer. sn=127 view=0
09:19:48.423 DBG Batch ready. batchSize=4096
09:19:48.424 DBG Batch cut. left=0 nBuckets=16 nReq=65 next=0
09:19:48.424 DBG Waiting for batch. batchSize=4096
09:19:48.425 INF Sending PREPREPARE. nReq=65 senderID=2 sn=126 view=0
09:19:48.433 INF Handling PREPREPARE. nReq=64 senderID=1 sn=125
09:19:48.433 DBG Creating new Batch. nReq=64
09:19:48.440 DBG Sending PREPARE. senderID=2 sn=125 view=0
09:19:48.441 INF Handling PREPREPARE. nReq=65 senderID=0 sn=124
09:19:48.441 DBG Creating new Batch. nReq=65
09:19:48.442 DBG Sending COMMIT. senderID=2 sn=126 view=0
09:19:48.443 DBG Sending COMMIT. senderID=2 sn=125 view=0
09:19:48.444 INF Committed entry. latency=0 nReq=65 sn=126
09:19:48.444 DBG Starting timer. sn=130 view=0
09:19:48.446 INF Committed entry. latency=0 nReq=64 sn=125
09:19:48.446 DBG Starting timer. sn=129 view=0
09:19:48.450 DBG Sending PREPARE. senderID=2 sn=124 view=0
09:19:48.450 DBG Sending COMMIT. senderID=2 sn=124 view=0
09:19:48.453 INF Committed entry. latency=0 nReq=65 sn=124
09:19:48.453 INF Delivered batch. nReq=65 sn=124
09:19:48.453 INF Delivered batch. nReq=64 sn=125
09:19:48.453 INF Delivered batch. nReq=65 sn=126
09:19:48.454 DBG Starting timer. sn=128 view=0
09:19:48.454 INF Handling PREPREPARE. nReq=63 senderID=3 sn=127
09:19:48.454 DBG Creating new Batch. nReq=63
09:19:48.461 DBG Sending PREPARE. senderID=2 sn=127 view=0
09:19:48.463 DBG Sending COMMIT. senderID=2 sn=127 view=0
09:19:48.465 INF Committed entry. latency=0 nReq=63 sn=127
09:19:48.465 INF Delivered batch. nReq=63 sn=127
09:19:48.466 DBG Starting timer. sn=131 view=0
09:19:49.425 DBG Batch ready. batchSize=4096
09:19:49.425 DBG Batch cut. left=0 nBuckets=16 nReq=0 next=0
09:19:49.426 INF Sending PREPREPARE. nReq=0 senderID=2 sn=130 view=0
09:19:49.426 DBG Waiting for batch. batchSize=4096
09:19:49.428 DBG Sending COMMIT. senderID=2 sn=130 view=0
09:19:49.428 INF Handling PREPREPARE. nReq=1 senderID=1 sn=129
09:19:49.428 DBG Creating new Batch. nReq=1
09:19:49.429 INF Committed entry. latency=0 nReq=0 sn=130
09:19:49.429 DBG Starting timer. sn=134 view=0
09:19:49.429 DBG Sending PREPARE. senderID=2 sn=129 view=0
09:19:49.430 DBG Sending COMMIT. senderID=2 sn=129 view=0
09:19:49.432 INF Committed entry. latency=0 nReq=1 sn=129
09:19:49.432 DBG Starting timer. sn=133 view=0
09:19:49.433 INF Handling PREPREPARE. nReq=0 senderID=0 sn=128
09:19:49.433 DBG Creating new Batch. nReq=0
09:19:49.433 DBG Sending PREPARE. senderID=2 sn=128 view=0
09:19:49.434 DBG Sending COMMIT. senderID=2 sn=128 view=0
09:19:49.436 INF Committed entry. latency=0 nReq=0 sn=128
09:19:49.436 INF Delivered batch. nReq=0 sn=128
09:19:49.436 INF Delivered batch. nReq=1 sn=129
09:19:49.437 INF Delivered batch. nReq=0 sn=130
09:19:49.437 DBG Starting timer. sn=132 view=0
09:19:49.447 INF Handling PREPREPARE. nReq=0 senderID=3 sn=131
09:19:49.448 DBG Creating new Batch. nReq=0
09:19:49.448 DBG Sending PREPARE. senderID=2 sn=131 view=0
09:19:49.448 DBG Sending COMMIT. senderID=2 sn=131 view=0
09:19:49.449 INF Committed entry. latency=0 nReq=0 sn=131
09:19:49.450 INF Delivered batch. nReq=0 sn=131
09:19:49.450 DBG Starting timer. sn=135 view=0
09:19:50.427 DBG Batch ready. batchSize=4096
09:19:50.427 DBG Batch cut. left=0 nBuckets=16 nReq=0 next=0
09:19:50.427 INF Sending PREPREPARE. nReq=0 senderID=2 sn=134 view=0
09:19:50.427 DBG Waiting for batch. batchSize=4096
09:19:50.429 INF Handling PREPREPARE. nReq=0 senderID=1 sn=133
09:19:50.429 DBG Creating new Batch. nReq=0
09:19:50.429 DBG Sending COMMIT. senderID=2 sn=134 view=0
09:19:50.429 DBG Sending PREPARE. senderID=2 sn=133 view=0
09:19:50.431 DBG Sending COMMIT. senderID=2 sn=133 view=0
09:19:50.431 INF Committed entry. latency=0 nReq=0 sn=134
09:19:50.431 DBG Starting timer. sn=138 view=0
09:19:50.432 INF Committed entry. latency=0 nReq=0 sn=133
09:19:50.432 DBG Starting timer. sn=137 view=0
09:19:50.434 INF Handling PREPREPARE. nReq=0 senderID=0 sn=132
09:19:50.434 DBG Creating new Batch. nReq=0
09:19:50.434 DBG Sending PREPARE. senderID=2 sn=132 view=0
09:19:50.435 INF Connection terminated. error="rpc error: code = Canceled desc = context canceled" address=127.0.0.1:38422
09:19:50.435 INF Finished sending bucket assignments to client. clId=0
09:19:50.435 DBG Sending COMMIT. senderID=2 sn=132 view=0
09:19:50.437 INF Committed entry. latency=0 nReq=0 sn=132
09:19:50.437 INF Delivered batch. nReq=0 sn=132
09:19:50.437 INF Delivered batch. nReq=0 sn=133
09:19:50.437 INF Delivered batch. nReq=0 sn=134
09:19:50.437 DBG Starting timer. sn=136 view=0
09:19:50.449 INF Handling PREPREPARE. nReq=0 senderID=3 sn=135
09:19:50.450 DBG Creating new Batch. nReq=0
09:19:50.450 DBG Sending PREPARE. senderID=2 sn=135 view=0
09:19:50.451 DBG Sending COMMIT. senderID=2 sn=135 view=0
09:19:50.453 INF Committed entry. latency=0 nReq=0 sn=135
09:19:50.453 INF Delivered batch. nReq=0 sn=135
09:19:50.453 DBG Starting timer. sn=139 view=0
09:19:50.843 INF Stopping profiler.
09:19:50.843 INF Stopping Tracer. events=245 fileName=experiment-output/0001/slave-004/peer.trc
==================
WARNING: DATA RACE
Read at 0x00c000980000 by goroutine 115:
  runtime.racereadrange()
      <autogenerated>:1 +0x1b
  github.com/hyperledger-labs/mirbft/tracing.(*BufferedTrace).StopOnSignal.func1()
      /opt/gopath/src/github.com/hyperledger-labs/mirbft/tracing/bufferedtrace.go:298 +0x4e

Previous write at 0x00c000980000 by goroutine 412:
  github.com/hyperledger-labs/mirbft/tracing.(*BufferedTrace).Event()
      /opt/gopath/src/github.com/hyperledger-labs/mirbft/tracing/bufferedtrace.go:105 +0x2d9
  github.com/hyperledger-labs/mirbft/manager.(*MirManager).handleLogEntries()
      /opt/gopath/src/github.com/hyperledger-labs/mirbft/manager/mirmanager.go:139 +0x1d8
  github.com/hyperledger-labs/mirbft/manager.(*MirManager).Startdwrap7()
      /opt/gopath/src/github.com/hyperledger-labs/mirbft/manager/mirmanager.go:101 +0x47

Goroutine 115 (running) created at:
  github.com/hyperledger-labs/mirbft/tracing.(*BufferedTrace).StopOnSignal()
      /opt/gopath/src/github.com/hyperledger-labs/mirbft/tracing/bufferedtrace.go:292 +0x172
  main.setUpTracing()
      /opt/gopath/src/github.com/hyperledger-labs/mirbft/cmd/orderingpeer/main.go:204 +0xf5
  main.main()
      /opt/gopath/src/github.com/hyperledger-labs/mirbft/cmd/orderingpeer/main.go:98 +0x9d6

Goroutine 412 (running) created at:
  github.com/hyperledger-labs/mirbft/manager.(*MirManager).Start()
      /opt/gopath/src/github.com/hyperledger-labs/mirbft/manager/mirmanager.go:101 +0x19e
  main.maindwrap4()
      /opt/gopath/src/github.com/hyperledger-labs/mirbft/cmd/orderingpeer/main.go:168 +0x59
==================
==================
WARNING: DATA RACE
Read at 0x00c0009825f8 by goroutine 115:
  runtime.racereadrange()
      <autogenerated>:1 +0x1b
  github.com/hyperledger-labs/mirbft/tracing.(*BufferedTrace).StopOnSignal.func1()
      /opt/gopath/src/github.com/hyperledger-labs/mirbft/tracing/bufferedtrace.go:298 +0x4e

Previous write at 0x00c0009825f8 by goroutine 114:
  github.com/hyperledger-labs/mirbft/tracing.(*BufferedTrace).Event()
      /opt/gopath/src/github.com/hyperledger-labs/mirbft/tracing/bufferedtrace.go:105 +0x2d9
  github.com/hyperledger-labs/mirbft/profiling.StartCPUTracing.func1()
      /opt/gopath/src/github.com/hyperledger-labs/mirbft/profiling/cpuusage.go:31 +0x95

Goroutine 115 (running) created at:
  github.com/hyperledger-labs/mirbft/tracing.(*BufferedTrace).StopOnSignal()
      /opt/gopath/src/github.com/hyperledger-labs/mirbft/tracing/bufferedtrace.go:292 +0x172
  main.setUpTracing()
      /opt/gopath/src/github.com/hyperledger-labs/mirbft/cmd/orderingpeer/main.go:204 +0xf5
  main.main()
      /opt/gopath/src/github.com/hyperledger-labs/mirbft/cmd/orderingpeer/main.go:98 +0x9d6

Goroutine 114 (running) created at:
  github.com/hyperledger-labs/mirbft/profiling.StartCPUTracing()
      /opt/gopath/src/github.com/hyperledger-labs/mirbft/profiling/cpuusage.go:28 +0xb6
  main.setUpTracing()
      /opt/gopath/src/github.com/hyperledger-labs/mirbft/cmd/orderingpeer/main.go:196 +0x85
  main.main()
      /opt/gopath/src/github.com/hyperledger-labs/mirbft/cmd/orderingpeer/main.go:98 +0x9d6
==================
09:19:50.847 INF Trace data written.
09:19:50.911 INF Profile data written. filename=experiment-output/0001/slave-004/prof.block name=block
09:19:50.939 INF Profile data written. filename=experiment-output/0001/slave-004/prof.mutex name=mutex
09:19:51.069 INF Connection terminated. error="rpc error: code = Canceled desc = context canceled" address=127.0.0.1:38406
09:19:51.069 INF Connection terminated. error="rpc error: code = Canceled desc = context canceled" address=127.0.0.1:38374
09:19:51.069 INF Connection terminated. error="rpc error: code = Canceled desc = context canceled" address=127.0.0.1:38356
09:19:51.069 INF Connection terminated. error="rpc error: code = Canceled desc = context canceled" address=127.0.0.1:38368
09:19:51.069 INF Connection terminated. error="rpc error: code = Canceled desc = context canceled" address=127.0.0.1:38404
09:19:51.070 INF Connection terminated. error="rpc error: code = Canceled desc = context canceled" address=127.0.0.1:38402
09:19:51.084 INF Connection terminated. error="rpc error: code = Canceled desc = context canceled" address=127.0.0.1:38352
09:19:51.084 INF Connection terminated. error="rpc error: code = Canceled desc = context canceled" address=127.0.0.1:38290
09:19:51.084 INF Connection terminated. error="rpc error: code = Canceled desc = context canceled" address=127.0.0.1:38296
09:19:51.084 INF Connection terminated. error="rpc error: code = Canceled desc = context canceled" address=127.0.0.1:38228
09:19:51.084 INF Connection terminated. error="rpc error: code = Canceled desc = context canceled" address=127.0.0.1:38342
09:19:51.084 INF Connection terminated. error="rpc error: code = Canceled desc = context canceled" address=127.0.0.1:38400
09:19:51.095 INF Profile data written. filename=experiment-output/0001/slave-004/prof.cpu name=cpu
