{"level":"debug","Logging":"debug","time":"2022-09-22T17:16:02+08:00","message":"Config"}
{"level":"debug","UseTLS":false,"time":"2022-09-22T17:16:02+08:00","message":"Config"}
{"level":"debug","CACertFile":"tls-data/ca.pem","time":"2022-09-22T17:16:02+08:00","message":"Config"}
{"level":"debug","KeyFile":"tls-data/auth.key","time":"2022-09-22T17:16:02+08:00","message":"Config"}
{"level":"debug","CertFile":"tls-data/auth.pem","time":"2022-09-22T17:16:02+08:00","message":"Config"}
{"level":"debug","PriorityConnections":2,"time":"2022-09-22T17:16:02+08:00","message":"Config"}
{"level":"debug","BasicConnections":2,"time":"2022-09-22T17:16:02+08:00","message":"Config"}
{"level":"debug","TestConnections":false,"time":"2022-09-22T17:16:02+08:00","message":"Config"}
{"level":"debug","ExcessConnections":1,"time":"2022-09-22T17:16:02+08:00","message":"Config"}
{"level":"debug","ConnectionTestMsgs":4,"time":"2022-09-22T17:16:02+08:00","message":"Config"}
{"level":"debug","ConnectionTestPayload":131072,"time":"2022-09-22T17:16:02+08:00","message":"Config"}
{"level":"debug","OutMessageBufsize":1024,"time":"2022-09-22T17:16:02+08:00","message":"Config"}
{"level":"debug","OutMessageBufsize":2,"time":"2022-09-22T17:16:02+08:00","message":"Config"}
{"level":"debug","ThroughputCap":131072000,"time":"2022-09-22T17:16:02+08:00","message":"Config"}
{"level":"debug","StragglerTolerance":1000,"time":"2022-09-22T17:16:02+08:00","message":"Config"}
{"level":"debug","BatchSizeIncrement":256,"time":"2022-09-22T17:16:02+08:00","message":"Config"}
{"level":"debug","Orderer":"Pbft","time":"2022-09-22T17:16:02+08:00","message":"Config"}
{"level":"debug","Manager":"Mir","time":"2022-09-22T17:16:02+08:00","message":"Config"}
{"level":"debug","Failures":2,"time":"2022-09-22T17:16:02+08:00","message":"Config"}
{"level":"debug","CrashTiming":"Straggler","time":"2022-09-22T17:16:02+08:00","message":"Config"}
{"level":"debug","CheckpointInterval":256,"time":"2022-09-22T17:16:02+08:00","message":"Config"}
{"level":"debug","WatermarkWindowSize":256,"time":"2022-09-22T17:16:02+08:00","message":"Config"}
{"level":"debug","EpochLength":256,"time":"2022-09-22T17:16:02+08:00","message":"Config"}
{"level":"debug","SegmentLength":32,"time":"2022-09-22T17:16:02+08:00","message":"Config"}
{"level":"debug","WaitForCheckpoints":true,"time":"2022-09-22T17:16:02+08:00","message":"Config"}
{"level":"debug","ClientWatermarkWindowSize":4194304,"time":"2022-09-22T17:16:02+08:00","message":"Config"}
{"level":"debug","ClientRequestBacklogSize":4194304,"time":"2022-09-22T17:16:02+08:00","message":"Config"}
{"level":"debug","RandomSeed":8240,"time":"2022-09-22T17:16:02+08:00","message":"Config"}
{"level":"debug","NodeToLeaderRatio":1,"time":"2022-09-22T17:16:02+08:00","message":"Config"}
{"level":"debug","LeaderPolicy":"SimulatedRandomFailures","time":"2022-09-22T17:16:02+08:00","message":"Config"}
{"level":"debug","DefaultLeaderBan":2,"time":"2022-09-22T17:16:02+08:00","message":"Config"}
{"level":"debug","NumBuckets":128,"time":"2022-09-22T17:16:02+08:00","message":"Config"}
{"level":"debug","BatchSize":1000,"time":"2022-09-22T17:16:02+08:00","message":"Config"}
{"level":"debug","DisabledViewChange":false,"time":"2022-09-22T17:16:02+08:00","message":"Config"}
{"level":"debug","ViewChangeTimeout":60000,"time":"2022-09-22T17:16:02+08:00","message":"Config"}
{"level":"debug","ClientTraceSampling":10,"time":"2022-09-22T17:16:02+08:00","message":"Config"}
{"level":"debug","EventBufferSize":2097152,"time":"2022-09-22T17:16:02+08:00","message":"Config"}
{"level":"debug","TraceSampling":1,"time":"2022-09-22T17:16:02+08:00","message":"Config"}
{"level":"debug","ClientsPerProcess":1,"time":"2022-09-22T17:16:02+08:00","message":"Config"}
{"level":"debug","RequestsPerClient":15360,"time":"2022-09-22T17:16:02+08:00","message":"Config"}
{"level":"debug","ClientRunTime":30000,"time":"2022-09-22T17:16:02+08:00","message":"Config"}
{"level":"debug","RequestRate":256,"time":"2022-09-22T17:16:02+08:00","message":"Config"}
{"level":"debug","HardRequestRateLimit":false,"time":"2022-09-22T17:16:02+08:00","message":"Config"}
{"level":"debug","RequestPayloadSize":500,"time":"2022-09-22T17:16:02+08:00","message":"Config"}
{"level":"debug","SignRequests":true,"time":"2022-09-22T17:16:02+08:00","message":"Config"}
{"level":"debug","ClientPrivKeyFile":"tls-data/client-ecdsa-256.key","time":"2022-09-22T17:16:02+08:00","message":"Config"}
{"level":"debug","ClientPubKeyFile":"tls-data/client-ecdsa-256.pem","time":"2022-09-22T17:16:02+08:00","message":"Config"}
{"level":"debug","PrecomputeRequests":false,"time":"2022-09-22T17:16:02+08:00","message":"Config"}
{"level":"debug","RequestHandlerThreads":32,"time":"2022-09-22T17:16:02+08:00","message":"Config"}
{"level":"debug","RequestInputChannelBuffer":8192,"time":"2022-09-22T17:16:02+08:00","message":"Config"}
{"level":"debug","BatchVerifier":"external","time":"2022-09-22T17:16:02+08:00","message":"Config"}
09:16:02.428 INF Registered with discovery server. numPeers=8 ownID=7
09:16:02.429 INF Profiling enabled.
09:16:02.429 INF Setting up profiling.
09:16:02.429 INF Started Profiler: CPU
09:16:02.430 INF Started Profiler: BLOCK
09:16:02.430 INF Started Profiler: MUTEX
09:16:02.430 INF Profiler will stop on signal. exit=true
09:16:02.433 INF Tracing will stop on signal. exit=false
09:16:02.434 INF Started tracing. traceFile=experiment-output/0000/slave-001/peer.trc
09:16:02.436 DBG Starting backlog.
09:16:02.436 INF Listening for connections. port=10077 useTLS=false
09:16:02.436 INF Connecting to peer. addr=127.0.0.1:10077 basicConns=2 priorityConns=2
09:16:02.436 INF Connecting to peer. addr=127.0.0.1:10011 basicConns=2 priorityConns=2
09:16:02.436 INF Connecting to peer. addr=127.0.0.1:10022 basicConns=2 priorityConns=2
09:16:02.436 INF Connecting to peer. addr=127.0.0.1:10000 basicConns=2 priorityConns=2
09:16:02.436 INF Connecting to peer. addr=127.0.0.1:10033 basicConns=2 priorityConns=2
09:16:02.437 INF Connecting to peer. addr=127.0.0.1:10044 basicConns=2 priorityConns=2
09:16:02.442 INF Connecting to peer. addr=127.0.0.1:10055 basicConns=2 priorityConns=2
09:16:02.452 INF Connecting to peer. addr=127.0.0.1:10066 basicConns=2 priorityConns=2
09:16:02.495 INF Incoming connection for protocol messages. addr=127.0.0.1:59428
09:16:02.496 INF Incoming connection for protocol messages. addr=127.0.0.1:59472
09:16:02.497 INF Incoming connection for protocol messages. addr=127.0.0.1:59442
09:16:02.499 INF Incoming connection for protocol messages. addr=127.0.0.1:59462
09:16:02.504 INF Incoming connection for protocol messages. addr=127.0.0.1:59468
09:16:02.508 INF Incoming connection for protocol messages. addr=127.0.0.1:59484
09:16:02.508 INF Incoming connection for protocol messages. addr=127.0.0.1:59482
09:16:02.509 INF Incoming connection for protocol messages. addr=127.0.0.1:59474
09:16:02.510 DBG Connected. peerID=0
09:16:02.512 INF Incoming connection for protocol messages. addr=127.0.0.1:59500
09:16:02.515 INF Incoming connection for protocol messages. addr=127.0.0.1:59528
09:16:02.515 INF Incoming connection for protocol messages. addr=127.0.0.1:59588
09:16:02.517 INF Incoming connection for protocol messages. addr=127.0.0.1:59478
09:16:02.518 DBG Connected. peerID=2
09:16:02.518 INF Incoming connection for protocol messages. addr=127.0.0.1:59520
09:16:02.518 INF Incoming connection for protocol messages. addr=127.0.0.1:59548
09:16:02.519 INF Incoming connection for protocol messages. addr=127.0.0.1:59498
09:16:02.520 INF Incoming connection for protocol messages. addr=127.0.0.1:59554
09:16:02.520 INF Incoming connection for protocol messages. addr=127.0.0.1:59634
09:16:02.524 INF Incoming connection for protocol messages. addr=127.0.0.1:59536
09:16:02.524 INF Incoming connection for protocol messages. addr=127.0.0.1:59750
09:16:02.525 DBG Connected. peerID=3
09:16:02.525 INF Incoming connection for protocol messages. addr=127.0.0.1:59678
09:16:02.525 INF Incoming connection for protocol messages. addr=127.0.0.1:59830
09:16:02.526 INF Incoming connection for protocol messages. addr=127.0.0.1:59754
09:16:02.526 DBG Connected. peerID=6
09:16:02.526 INF Incoming connection for protocol messages. addr=127.0.0.1:59672
09:16:02.526 DBG Connected. peerID=4
09:16:02.527 INF Incoming connection for protocol messages. addr=127.0.0.1:59806
09:16:02.528 INF Incoming connection for protocol messages. addr=127.0.0.1:59832
09:16:02.529 DBG Connected. peerID=7
09:16:02.530 INF Incoming connection for protocol messages. addr=127.0.0.1:59868
09:16:02.530 INF Incoming connection for protocol messages. addr=127.0.0.1:59882
09:16:02.530 INF Incoming connection for protocol messages. addr=127.0.0.1:59894
09:16:02.530 INF Incoming connection for protocol messages. addr=127.0.0.1:59854
09:16:02.533 INF Incoming connection for protocol messages. addr=127.0.0.1:59928
09:16:02.533 INF Incoming connection for protocol messages. addr=127.0.0.1:59920
09:16:02.537 DBG Connected. peerID=1
09:16:02.538 DBG Connected. peerID=5
09:16:02.538 INF Connected to all peers.
09:16:02.538 INF Incoming connection for protocol messages. addr=127.0.0.1:59912
09:16:02.548 INF All peers finished connecting. Starting ISS.
09:16:02.549 DBG Buckets for 0-th leader 0: [0 8 16 24 32 40 48 56 64 72 80 88 96 104 112 120 18 42 66 90 114 12 36 60 84 108]
09:16:02.549 DBG Buckets for 1-th leader 1: [1 9 17 25 33 41 49 57 65 73 81 89 97 105 113 121]
09:16:02.549 DBG Buckets for 2-th leader 3: [3 11 19 27 35 43 51 59 67 75 83 91 99 107 115 123 2 26 50 74 98 122 20 44 68 92 116]
09:16:02.549 DBG Buckets for 3-th leader 5: [5 13 21 29 37 45 53 61 69 77 85 93 101 109 117 125]
09:16:02.549 DBG Buckets for 4-th leader 6: [6 14 22 30 38 46 54 62 70 78 86 94 102 110 118 126 10 34 58 82 106 4 28 52 76 100 124]
09:16:02.549 DBG Buckets for 5-th leader 7: [7 15 23 31 39 47 55 63 71 79 87 95 103 111 119 127]
09:16:02.550 INF PbftOrderer received a new segment: [1 7 13 19 25 31 37 43 49 55 61 67 73 79 85 91 97 103 109 115 121 127 133 139 145 151 157 163 169 175 181 187] first leader=1 firstSN=1 lastSN=187 len=32 length=32 segId=1
09:16:02.550 INF Starting new view. segID=1 timeout=60000 view=0
09:16:02.550 DBG Starting timer. sn=1 view=0
09:16:02.550 INF Starting PBFT instance. first=1 last=187 segID=1
09:16:02.551 DBG Subscribing to backlog. segID=1
09:16:02.551 INF Starting serialized message processing. segID=1
09:16:02.551 INF PbftOrderer received a new segment: [2 8 14 20 26 32 38 44 50 56 62 68 74 80 86 92 98 104 110 116 122 128 134 140 146 152 158 164 170 176 182 188] first leader=3 firstSN=2 lastSN=188 len=32 length=32 segId=2
09:16:02.551 INF Starting new view. segID=2 timeout=60000 view=0
09:16:02.551 DBG Starting timer. sn=2 view=0
09:16:02.551 INF Starting PBFT instance. first=2 last=188 segID=2
09:16:02.552 DBG Subscribing to backlog. segID=2
09:16:02.552 INF Starting serialized message processing. segID=2
09:16:02.552 INF PbftOrderer received a new segment: [3 9 15 21 27 33 39 45 51 57 63 69 75 81 87 93 99 105 111 117 123 129 135 141 147 153 159 165 171 177 183 189] first leader=5 firstSN=3 lastSN=189 len=32 length=32 segId=3
09:16:02.552 INF Starting new view. segID=3 timeout=60000 view=0
09:16:02.552 DBG Starting timer. sn=3 view=0
09:16:02.552 INF Starting PBFT instance. first=3 last=189 segID=3
09:16:02.553 DBG Subscribing to backlog. segID=3
09:16:02.553 INF Starting serialized message processing. segID=3
09:16:02.553 INF PbftOrderer received a new segment: [4 10 16 22 28 34 40 46 52 58 64 70 76 82 88 94 100 106 112 118 124 130 136 142 148 154 160 166 172 178 184 190] first leader=6 firstSN=4 lastSN=190 len=32 length=32 segId=4
09:16:02.553 INF Starting new view. segID=4 timeout=60000 view=0
09:16:02.553 DBG Starting timer. sn=4 view=0
09:16:02.553 INF Starting PBFT instance. first=4 last=190 segID=4
09:16:02.554 DBG Subscribing to backlog. segID=4
09:16:02.554 INF Starting serialized message processing. segID=4
09:16:02.554 INF PbftOrderer received a new segment: [5 11 17 23 29 35 41 47 53 59 65 71 77 83 89 95 101 107 113 119 125 131 137 143 149 155 161 167 173 179 185 191] first leader=7 firstSN=5 lastSN=191 len=32 length=32 segId=5
09:16:02.554 INF Starting new view. segID=5 timeout=60000 view=0
09:16:02.554 DBG Starting timer. sn=5 view=0
09:16:02.554 INF Starting PBFT instance. first=5 last=191 segID=5
09:16:02.555 DBG Subscribing to backlog. segID=5
09:16:02.555 DBG Leading segment. segID=5
09:16:02.555 INF Starting serialized message processing. segID=5
09:16:02.555 DBG Waiting for batch. batchSize=4096
09:16:02.555 INF PbftOrderer received a new segment: [0 6 12 18 24 30 36 42 48 54 60 66 72 78 84 90 96 102 108 114 120 126 132 138 144 150 156 162 168 174 180 186] first leader=0 firstSN=0 lastSN=186 len=32 length=32 segId=0
09:16:02.555 INF Starting new view. segID=0 timeout=60000 view=0
09:16:02.555 DBG Starting timer. sn=0 view=0
09:16:02.555 INF Starting PBFT instance. first=0 last=186 segID=0
09:16:02.556 DBG Subscribing to backlog. segID=0
09:16:02.556 INF Starting serialized message processing. segID=0
09:16:02.573 INF Connection terminated. error="rpc error: code = Canceled desc = context canceled" address=127.0.0.1:59750
09:16:02.573 INF Connection terminated. error="rpc error: code = Canceled desc = context canceled" address=127.0.0.1:59554
09:16:02.573 INF Connection terminated. error="rpc error: code = Canceled desc = context canceled" address=127.0.0.1:59520
09:16:02.573 INF Connection terminated. error="rpc error: code = Canceled desc = context canceled" address=127.0.0.1:59528
09:16:02.575 INF Connection terminated. error="rpc error: code = Canceled desc = context canceled" address=127.0.0.1:59806
09:16:02.575 INF Connection terminated. error="rpc error: code = Canceled desc = context canceled" address=127.0.0.1:59462
09:16:02.576 INF Connection terminated. error="rpc error: code = Canceled desc = context canceled" address=127.0.0.1:59588
09:16:02.576 INF Connection terminated. error="rpc error: code = Canceled desc = context canceled" address=127.0.0.1:59428
09:16:04.590 INF Incoming connection for requests. addr=127.0.0.1:59960
09:16:32.555 DBG Batch ready. batchSize=4096
09:16:32.557 DBG Batch cut. left=0 nBuckets=16 nReq=894 next=0
09:16:32.568 DBG Waiting for batch. batchSize=4096
09:16:32.607 INF Sending PREPREPARE. nReq=894 senderID=7 sn=5 view=0
09:16:32.693 ERR Failed to send protocol message. Dropping all future outgoing protocol messages. error=EOF
09:16:32.703 INF Handling PREPREPARE. nReq=894 senderID=1 sn=1
09:16:32.703 DBG Creating new Batch. nReq=894
09:16:32.710 ERR Failed to send protocol message. Dropping all future outgoing protocol messages. error=EOF
09:16:32.715 INF Handling PREPREPARE. nReq=894 senderID=5 sn=3
09:16:32.715 DBG Creating new Batch. nReq=894
09:16:32.887 DBG Sending PREPARE. senderID=7 sn=1 view=0
09:16:32.897 INF Handling PREPREPARE. nReq=1454 senderID=0 sn=0
09:16:32.898 DBG Creating new Batch. nReq=1454
09:16:32.909 DBG Sending PREPARE. senderID=7 sn=3 view=0
09:16:32.921 INF Handling PREPREPARE. nReq=1508 senderID=3 sn=2
09:16:32.922 DBG Creating new Batch. nReq=1508
09:16:33.022 DBG Sending COMMIT. senderID=7 sn=1 view=0
09:16:33.061 INF Committed entry. latency=0 nReq=894 sn=1
09:16:33.061 DBG Starting timer. sn=7 view=0
09:16:33.072 DBG Sending COMMIT. senderID=7 sn=3 view=0
09:16:33.106 INF Committed entry. latency=0 nReq=894 sn=3
09:16:33.106 DBG Starting timer. sn=9 view=0
09:16:33.127 DBG Sending COMMIT. senderID=7 sn=5 view=0
09:16:33.164 INF Committed entry. latency=0 nReq=894 sn=5
09:16:33.164 DBG Starting timer. sn=11 view=0
09:16:33.171 INF Handling PREPREPARE. nReq=1509 senderID=6 sn=4
09:16:33.171 DBG Creating new Batch. nReq=1509
09:16:33.222 DBG Sending PREPARE. senderID=7 sn=0 view=0
09:16:33.254 DBG Sending PREPARE. senderID=7 sn=2 view=0
09:16:33.306 DBG Sending COMMIT. senderID=7 sn=0 view=0
09:16:33.313 INF Committed entry. latency=0 nReq=1454 sn=0
09:16:33.313 INF Delivered batch. nReq=1454 sn=0
09:16:33.313 INF Delivered batch. nReq=894 sn=1
09:16:33.313 DBG Starting timer. sn=6 view=0
09:16:33.317 DBG Sending COMMIT. senderID=7 sn=2 view=0
09:16:33.322 INF Committed entry. latency=0 nReq=1508 sn=2
09:16:33.322 INF Delivered batch. nReq=1508 sn=2
09:16:33.322 INF Delivered batch. nReq=894 sn=3
09:16:33.323 DBG Starting timer. sn=8 view=0
09:16:33.349 DBG Sending PREPARE. senderID=7 sn=4 view=0
09:16:33.349 DBG Sending COMMIT. senderID=7 sn=4 view=0
09:16:33.355 INF Committed entry. latency=0 nReq=1509 sn=4
09:16:33.355 INF Delivered batch. nReq=1509 sn=4
09:16:33.355 INF Delivered batch. nReq=894 sn=5
09:16:33.356 DBG Starting timer. sn=10 view=0
09:17:02.569 INF Handling PREPREPARE. nReq=67 senderID=1 sn=7
09:17:02.569 DBG Creating new Batch. nReq=67
09:17:02.569 DBG Batch ready. batchSize=4096
09:17:02.570 DBG Batch cut. left=0 nBuckets=16 nReq=66 next=0
09:17:02.571 INF Handling PREPREPARE. nReq=66 senderID=5 sn=9
09:17:02.571 DBG Creating new Batch. nReq=66
09:17:02.576 DBG Waiting for batch. batchSize=4096
09:17:02.577 INF Sending PREPREPARE. nReq=66 senderID=7 sn=11 view=0
09:17:02.580 INF Handling PREPREPARE. nReq=111 senderID=6 sn=10
09:17:02.580 DBG Creating new Batch. nReq=111
09:17:02.584 INF Handling PREPREPARE. nReq=107 senderID=0 sn=6
09:17:02.584 DBG Creating new Batch. nReq=107
09:17:02.588 DBG Sending PREPARE. senderID=7 sn=7 view=0
09:17:02.599 DBG Sending PREPARE. senderID=7 sn=9 view=0
09:17:02.607 INF Handling PREPREPARE. nReq=112 senderID=3 sn=8
09:17:02.608 DBG Creating new Batch. nReq=112
09:17:02.608 DBG Sending PREPARE. senderID=7 sn=6 view=0
09:17:02.610 DBG Sending COMMIT. senderID=7 sn=9 view=0
09:17:02.616 DBG Sending PREPARE. senderID=7 sn=10 view=0
09:17:02.616 INF Committed entry. latency=0 nReq=66 sn=9
09:17:02.617 DBG Starting timer. sn=15 view=0
09:17:02.618 DBG Sending COMMIT. senderID=7 sn=7 view=0
09:17:02.619 INF Committed entry. latency=0 nReq=67 sn=7
09:17:02.619 DBG Starting timer. sn=13 view=0
09:17:02.623 DBG Sending COMMIT. senderID=7 sn=10 view=0
09:17:02.626 DBG Sending PREPARE. senderID=7 sn=8 view=0
09:17:02.627 DBG Sending COMMIT. senderID=7 sn=11 view=0
09:17:02.628 DBG Sending COMMIT. senderID=7 sn=6 view=0
09:17:02.628 INF Committed entry. latency=0 nReq=111 sn=10
09:17:02.628 DBG Starting timer. sn=16 view=0
09:17:02.630 INF Committed entry. latency=0 nReq=107 sn=6
09:17:02.630 INF Delivered batch. nReq=107 sn=6
09:17:02.631 INF Delivered batch. nReq=67 sn=7
09:17:02.631 DBG Starting timer. sn=12 view=0
09:17:02.632 INF Committed entry. latency=0 nReq=66 sn=11
09:17:02.632 DBG Sending COMMIT. senderID=7 sn=8 view=0
09:17:02.632 DBG Starting timer. sn=17 view=0
09:17:02.636 INF Committed entry. latency=0 nReq=112 sn=8
09:17:02.637 INF Delivered batch. nReq=112 sn=8
09:17:02.637 INF Delivered batch. nReq=66 sn=9
09:17:02.637 INF Delivered batch. nReq=111 sn=10
09:17:02.637 INF Delivered batch. nReq=66 sn=11
09:17:02.637 DBG Starting timer. sn=14 view=0
09:17:03.624 INF Connection terminated. error="rpc error: code = Canceled desc = context canceled" address=127.0.0.1:59960
09:17:03.625 INF Finished sending bucket assignments to client. clId=0
09:17:04.029 INF Stopping profiler.
09:17:04.029 INF Stopping Tracer. events=144 fileName=experiment-output/0000/slave-001/peer.trc
==================
WARNING: DATA RACE
Read at 0x00c0009ae000 by goroutine 115:
  runtime.racereadrange()
      <autogenerated>:1 +0x1b
  github.com/hyperledger-labs/mirbft/tracing.(*BufferedTrace).StopOnSignal.func1()
      /opt/gopath/src/github.com/hyperledger-labs/mirbft/tracing/bufferedtrace.go:298 +0x4e

Previous write at 0x00c0009ae000 by goroutine 499:
  github.com/hyperledger-labs/mirbft/tracing.(*BufferedTrace).Event()
      /opt/gopath/src/github.com/hyperledger-labs/mirbft/tracing/bufferedtrace.go:105 +0x2d9
  github.com/hyperledger-labs/mirbft/manager.(*MirManager).handleLogEntries()
      /opt/gopath/src/github.com/hyperledger-labs/mirbft/manager/mirmanager.go:139 +0x1d8
  github.com/hyperledger-labs/mirbft/manager.(*MirManager).Start路dwrap路7()
      /opt/gopath/src/github.com/hyperledger-labs/mirbft/manager/mirmanager.go:101 +0x47

Goroutine 115 (running) created at:
  github.com/hyperledger-labs/mirbft/tracing.(*BufferedTrace).StopOnSignal()
      /opt/gopath/src/github.com/hyperledger-labs/mirbft/tracing/bufferedtrace.go:292 +0x172
  main.setUpTracing()
      /opt/gopath/src/github.com/hyperledger-labs/mirbft/cmd/orderingpeer/main.go:204 +0xf5
  main.main()
      /opt/gopath/src/github.com/hyperledger-labs/mirbft/cmd/orderingpeer/main.go:98 +0x9d6

Goroutine 499 (running) created at:
  github.com/hyperledger-labs/mirbft/manager.(*MirManager).Start()
      /opt/gopath/src/github.com/hyperledger-labs/mirbft/manager/mirmanager.go:101 +0x19e
  main.main路dwrap路4()
      /opt/gopath/src/github.com/hyperledger-labs/mirbft/cmd/orderingpeer/main.go:168 +0x59
==================
==================
WARNING: DATA RACE
Read at 0x00c0009af658 by goroutine 115:
  runtime.racereadrange()
      <autogenerated>:1 +0x1b
  github.com/hyperledger-labs/mirbft/tracing.(*BufferedTrace).StopOnSignal.func1()
      /opt/gopath/src/github.com/hyperledger-labs/mirbft/tracing/bufferedtrace.go:298 +0x4e

Previous write at 0x00c0009af658 by goroutine 114:
  github.com/hyperledger-labs/mirbft/tracing.(*BufferedTrace).Event()
      /opt/gopath/src/github.com/hyperledger-labs/mirbft/tracing/bufferedtrace.go:105 +0x2d9
  github.com/hyperledger-labs/mirbft/profiling.StartCPUTracing.func1()
      /opt/gopath/src/github.com/hyperledger-labs/mirbft/profiling/cpuusage.go:31 +0x95

Goroutine 115 (running) created at:
  github.com/hyperledger-labs/mirbft/tracing.(*BufferedTrace).StopOnSignal()
      /opt/gopath/src/github.com/hyperledger-labs/mirbft/tracing/bufferedtrace.go:292 +0x172
  main.setUpTracing()
      /opt/gopath/src/github.com/hyperledger-labs/mirbft/cmd/orderingpeer/main.go:204 +0xf5
  main.main()
      /opt/gopath/src/github.com/hyperledger-labs/mirbft/cmd/orderingpeer/main.go:98 +0x9d6

Goroutine 114 (running) created at:
  github.com/hyperledger-labs/mirbft/profiling.StartCPUTracing()
      /opt/gopath/src/github.com/hyperledger-labs/mirbft/profiling/cpuusage.go:28 +0xb6
  main.setUpTracing()
      /opt/gopath/src/github.com/hyperledger-labs/mirbft/cmd/orderingpeer/main.go:196 +0x85
  main.main()
      /opt/gopath/src/github.com/hyperledger-labs/mirbft/cmd/orderingpeer/main.go:98 +0x9d6
==================
09:17:04.031 INF Trace data written.
09:17:04.195 INF Profile data written. filename=experiment-output/0000/slave-001/prof.cpu name=cpu
09:17:04.250 INF Profile data written. filename=experiment-output/0000/slave-001/prof.block name=block
09:17:04.258 INF Connection terminated. error="rpc error: code = Canceled desc = context canceled" address=127.0.0.1:59634
09:17:04.258 INF Connection terminated. error="rpc error: code = Canceled desc = context canceled" address=127.0.0.1:59498
09:17:04.258 INF Connection terminated. error="rpc error: code = Canceled desc = context canceled" address=127.0.0.1:59500
09:17:04.258 INF Connection terminated. error="rpc error: code = Canceled desc = context canceled" address=127.0.0.1:59536
09:17:04.274 INF Profile data written. filename=experiment-output/0000/slave-001/prof.mutex name=mutex
