{"level":"debug","Logging":"debug","time":"2022-08-17T10:58:57+08:00","message":"Config"}
{"level":"debug","UseTLS":false,"time":"2022-08-17T10:58:57+08:00","message":"Config"}
{"level":"debug","CACertFile":"tls-data/ca.pem","time":"2022-08-17T10:58:57+08:00","message":"Config"}
{"level":"debug","KeyFile":"tls-data/auth.key","time":"2022-08-17T10:58:57+08:00","message":"Config"}
{"level":"debug","CertFile":"tls-data/auth.pem","time":"2022-08-17T10:58:57+08:00","message":"Config"}
{"level":"debug","PriorityConnections":2,"time":"2022-08-17T10:58:57+08:00","message":"Config"}
{"level":"debug","BasicConnections":4,"time":"2022-08-17T10:58:57+08:00","message":"Config"}
{"level":"debug","TestConnections":false,"time":"2022-08-17T10:58:57+08:00","message":"Config"}
{"level":"debug","ExcessConnections":1,"time":"2022-08-17T10:58:57+08:00","message":"Config"}
{"level":"debug","ConnectionTestMsgs":4,"time":"2022-08-17T10:58:57+08:00","message":"Config"}
{"level":"debug","ConnectionTestPayload":131072,"time":"2022-08-17T10:58:57+08:00","message":"Config"}
{"level":"debug","OutMessageBufsize":1024,"time":"2022-08-17T10:58:57+08:00","message":"Config"}
{"level":"debug","OutMessageBufsize":1,"time":"2022-08-17T10:58:57+08:00","message":"Config"}
{"level":"debug","ThroughputCap":131072000,"time":"2022-08-17T10:58:57+08:00","message":"Config"}
{"level":"debug","StragglerTolerance":1000,"time":"2022-08-17T10:58:57+08:00","message":"Config"}
{"level":"debug","BatchSizeIncrement":256,"time":"2022-08-17T10:58:57+08:00","message":"Config"}
{"level":"debug","Orderer":"Pbft","time":"2022-08-17T10:58:57+08:00","message":"Config"}
{"level":"debug","Manager":"Mir","time":"2022-08-17T10:58:57+08:00","message":"Config"}
{"level":"debug","Failures":1,"time":"2022-08-17T10:58:57+08:00","message":"Config"}
{"level":"debug","CrashTiming":"Straggler","time":"2022-08-17T10:58:57+08:00","message":"Config"}
{"level":"debug","CheckpointInterval":256,"time":"2022-08-17T10:58:57+08:00","message":"Config"}
{"level":"debug","WatermarkWindowSize":256,"time":"2022-08-17T10:58:57+08:00","message":"Config"}
{"level":"debug","EpochLength":256,"time":"2022-08-17T10:58:57+08:00","message":"Config"}
{"level":"debug","SegmentLength":64,"time":"2022-08-17T10:58:57+08:00","message":"Config"}
{"level":"debug","WaitForCheckpoints":true,"time":"2022-08-17T10:58:57+08:00","message":"Config"}
{"level":"debug","ClientWatermarkWindowSize":4194304,"time":"2022-08-17T10:58:57+08:00","message":"Config"}
{"level":"debug","ClientRequestBacklogSize":4194304,"time":"2022-08-17T10:58:57+08:00","message":"Config"}
{"level":"debug","RandomSeed":1615,"time":"2022-08-17T10:58:57+08:00","message":"Config"}
{"level":"debug","NodeToLeaderRatio":1,"time":"2022-08-17T10:58:57+08:00","message":"Config"}
{"level":"debug","LeaderPolicy":"SimulatedRandomFailures","time":"2022-08-17T10:58:57+08:00","message":"Config"}
{"level":"debug","DefaultLeaderBan":2,"time":"2022-08-17T10:58:57+08:00","message":"Config"}
{"level":"debug","NumBuckets":64,"time":"2022-08-17T10:58:57+08:00","message":"Config"}
{"level":"debug","BatchSize":1000,"time":"2022-08-17T10:58:57+08:00","message":"Config"}
{"level":"debug","DisabledViewChange":false,"time":"2022-08-17T10:58:57+08:00","message":"Config"}
{"level":"debug","ViewChangeTimeout":60000,"time":"2022-08-17T10:58:57+08:00","message":"Config"}
{"level":"debug","ClientTraceSampling":10,"time":"2022-08-17T10:58:57+08:00","message":"Config"}
{"level":"debug","EventBufferSize":2097152,"time":"2022-08-17T10:58:57+08:00","message":"Config"}
{"level":"debug","TraceSampling":1,"time":"2022-08-17T10:58:57+08:00","message":"Config"}
{"level":"debug","ClientsPerProcess":1,"time":"2022-08-17T10:58:57+08:00","message":"Config"}
{"level":"debug","RequestsPerClient":15360,"time":"2022-08-17T10:58:57+08:00","message":"Config"}
{"level":"debug","ClientRunTime":30000,"time":"2022-08-17T10:58:57+08:00","message":"Config"}
{"level":"debug","RequestRate":256,"time":"2022-08-17T10:58:57+08:00","message":"Config"}
{"level":"debug","HardRequestRateLimit":false,"time":"2022-08-17T10:58:57+08:00","message":"Config"}
{"level":"debug","RequestPayloadSize":500,"time":"2022-08-17T10:58:57+08:00","message":"Config"}
{"level":"debug","SignRequests":true,"time":"2022-08-17T10:58:57+08:00","message":"Config"}
{"level":"debug","ClientPrivKeyFile":"tls-data/client-ecdsa-256.key","time":"2022-08-17T10:58:57+08:00","message":"Config"}
{"level":"debug","ClientPubKeyFile":"tls-data/client-ecdsa-256.pem","time":"2022-08-17T10:58:57+08:00","message":"Config"}
{"level":"debug","PrecomputeRequests":false,"time":"2022-08-17T10:58:57+08:00","message":"Config"}
{"level":"debug","RequestHandlerThreads":32,"time":"2022-08-17T10:58:57+08:00","message":"Config"}
{"level":"debug","RequestInputChannelBuffer":8192,"time":"2022-08-17T10:58:57+08:00","message":"Config"}
{"level":"debug","BatchVerifier":"external","time":"2022-08-17T10:58:57+08:00","message":"Config"}
02:58:57.819 INF Registered with discovery server. numPeers=4 ownID=2
02:58:57.820 INF Profiling enabled.
02:58:57.820 INF Setting up profiling.
02:58:57.820 INF Started Profiler: CPU
02:58:57.820 INF Started Profiler: BLOCK
02:58:57.820 INF Started Profiler: MUTEX
02:58:57.820 INF Profiler will stop on signal. exit=true
02:58:57.822 INF Tracing will stop on signal. exit=false
02:58:57.822 INF Started tracing. traceFile=experiment-output/0001/slave-004/peer.trc
02:58:57.824 DBG Starting backlog.
02:58:57.824 INF Connecting to peer. addr=127.0.0.1:10022 basicConns=4 priorityConns=2
02:58:57.824 INF Listening for connections. port=10022 useTLS=false
02:58:57.824 INF Connecting to peer. addr=127.0.0.1:10033 basicConns=4 priorityConns=2
02:58:57.824 INF Connecting to peer. addr=127.0.0.1:10000 basicConns=4 priorityConns=2
02:58:57.824 INF Connecting to peer. addr=127.0.0.1:10011 basicConns=4 priorityConns=2
02:58:57.852 INF Incoming connection for protocol messages. addr=127.0.0.1:53496
02:58:57.853 INF Incoming connection for protocol messages. addr=127.0.0.1:53508
02:58:57.855 INF Incoming connection for protocol messages. addr=127.0.0.1:53490
02:58:57.855 INF Incoming connection for protocol messages. addr=127.0.0.1:53532
02:58:57.856 INF Incoming connection for protocol messages. addr=127.0.0.1:53506
02:58:57.857 INF Incoming connection for protocol messages. addr=127.0.0.1:53552
02:58:57.860 INF Incoming connection for protocol messages. addr=127.0.0.1:53566
02:58:57.861 INF Incoming connection for protocol messages. addr=127.0.0.1:53540
02:58:57.861 INF Incoming connection for protocol messages. addr=127.0.0.1:53546
02:58:57.861 INF Incoming connection for protocol messages. addr=127.0.0.1:53568
02:58:57.861 INF Incoming connection for protocol messages. addr=127.0.0.1:53554
02:58:57.862 INF Incoming connection for protocol messages. addr=127.0.0.1:53562
02:58:57.862 INF Incoming connection for protocol messages. addr=127.0.0.1:53578
02:58:57.863 INF Incoming connection for protocol messages. addr=127.0.0.1:53596
02:58:57.864 INF Incoming connection for protocol messages. addr=127.0.0.1:53612
02:58:57.865 INF Incoming connection for protocol messages. addr=127.0.0.1:53606
02:58:57.865 INF Incoming connection for protocol messages. addr=127.0.0.1:53616
02:58:57.865 DBG Connected. peerID=3
02:58:57.866 INF Incoming connection for protocol messages. addr=127.0.0.1:53592
02:58:57.866 INF Incoming connection for protocol messages. addr=127.0.0.1:53646
02:58:57.866 DBG Connected. peerID=1
02:58:57.868 DBG Connected. peerID=0
02:58:57.868 INF Incoming connection for protocol messages. addr=127.0.0.1:53618
02:58:57.868 INF Incoming connection for protocol messages. addr=127.0.0.1:53648
02:58:57.868 INF Incoming connection for protocol messages. addr=127.0.0.1:53656
02:58:57.868 INF Incoming connection for protocol messages. addr=127.0.0.1:53654
02:58:57.868 INF Incoming connection for protocol messages. addr=127.0.0.1:53670
02:58:57.868 DBG Connected. peerID=2
02:58:57.868 INF Connected to all peers.
02:58:57.872 INF All peers finished connecting. Starting ISS.
02:58:57.872 DBG Buckets for 0-th leader 0: [0 4 8 12 16 20 24 28 32 36 40 44 48 52 56 60 9 21 33 45 57]
02:58:57.872 DBG Buckets for 1-th leader 2: [2 6 10 14 18 22 26 30 34 38 42 46 50 54 58 62 1 13 25 37 49 61]
02:58:57.873 DBG Buckets for 2-th leader 3: [3 7 11 15 19 23 27 31 35 39 43 47 51 55 59 63 5 17 29 41 53]
02:58:57.873 INF PbftOrderer received a new segment: [2 5 8 11 14 17 20 23 26 29 32 35 38 41 44 47 50 53 56 59 62 65 68 71 74 77 80 83 86 89 92 95 98 101 104 107 110 113 116 119 122 125 128 131 134 137 140 143 146 149 152 155 158 161 164 167 170 173 176 179 182 185 188 191] first leader=3 firstSN=2 lastSN=191 len=64 length=64 segId=2
02:58:57.873 INF Starting new view. segID=2 timeout=60000 view=0
02:58:57.874 DBG Starting timer. sn=2 view=0
02:58:57.874 INF Starting PBFT instance. first=2 last=191 segID=2
02:58:57.874 DBG Subscribing to backlog. segID=2
02:58:57.874 INF Starting serialized message processing. segID=2
02:58:57.874 INF PbftOrderer received a new segment: [0 3 6 9 12 15 18 21 24 27 30 33 36 39 42 45 48 51 54 57 60 63 66 69 72 75 78 81 84 87 90 93 96 99 102 105 108 111 114 117 120 123 126 129 132 135 138 141 144 147 150 153 156 159 162 165 168 171 174 177 180 183 186 189] first leader=0 firstSN=0 lastSN=189 len=64 length=64 segId=0
02:58:57.874 INF Starting new view. segID=0 timeout=60000 view=0
02:58:57.875 DBG Starting timer. sn=0 view=0
02:58:57.875 INF Starting PBFT instance. first=0 last=189 segID=0
02:58:57.875 DBG Subscribing to backlog. segID=0
02:58:57.875 INF Starting serialized message processing. segID=0
02:58:57.875 INF PbftOrderer received a new segment: [1 4 7 10 13 16 19 22 25 28 31 34 37 40 43 46 49 52 55 58 61 64 67 70 73 76 79 82 85 88 91 94 97 100 103 106 109 112 115 118 121 124 127 130 133 136 139 142 145 148 151 154 157 160 163 166 169 172 175 178 181 184 187 190] first leader=2 firstSN=1 lastSN=190 len=64 length=64 segId=1
02:58:57.876 INF Starting new view. segID=1 timeout=60000 view=0
02:58:57.876 DBG Starting timer. sn=1 view=0
02:58:57.876 INF Starting PBFT instance. first=1 last=190 segID=1
02:58:57.876 DBG Subscribing to backlog. segID=1
02:58:57.876 DBG Leading segment. segID=1
02:58:57.876 INF Starting serialized message processing. segID=1
02:58:57.876 DBG Waiting for batch. batchSize=4096
02:58:57.896 INF Connection terminated. error="rpc error: code = Canceled desc = context canceled" address=127.0.0.1:53578
02:58:57.896 INF Connection terminated. error="rpc error: code = Canceled desc = context canceled" address=127.0.0.1:53656
02:58:57.896 INF Connection terminated. error="rpc error: code = Canceled desc = context canceled" address=127.0.0.1:53654
02:58:57.896 INF Connection terminated. error="rpc error: code = Canceled desc = context canceled" address=127.0.0.1:53648
02:58:57.896 INF Connection terminated. error="rpc error: code = Canceled desc = context canceled" address=127.0.0.1:53646
02:58:57.897 INF Connection terminated. error="rpc error: code = Canceled desc = context canceled" address=127.0.0.1:53606
02:58:58.878 DBG Batch ready. batchSize=4096
02:58:58.878 DBG Batch cut. left=0 nBuckets=22 nReq=0 next=0
02:58:58.878 INF Sending PREPREPARE. nReq=0 senderID=2 sn=1 view=0
02:58:58.878 DBG Waiting for batch. batchSize=4096
02:58:58.881 ERR Failed to send protocol message. Dropping all future outgoing protocol messages. error=EOF
02:58:58.882 INF Handling PREPREPARE. nReq=0 senderID=3 sn=2
02:58:58.882 INF Handling PREPREPARE. nReq=0 senderID=0 sn=0
02:58:58.882 DBG Creating new Batch. nReq=0
02:58:58.882 DBG Creating new Batch. nReq=0
02:58:58.882 DBG Sending PREPARE. senderID=2 sn=2 view=0
02:58:58.882 DBG Sending PREPARE. senderID=2 sn=0 view=0
02:58:58.882 DBG Sending COMMIT. senderID=2 sn=2 view=0
02:58:58.882 DBG Sending COMMIT. senderID=2 sn=0 view=0
02:58:58.884 DBG Sending COMMIT. senderID=2 sn=1 view=0
02:58:58.885 INF Committed entry. latency=0 nReq=0 sn=1
02:58:58.885 DBG Starting timer. sn=4 view=0
02:58:58.886 INF Committed entry. latency=0 nReq=0 sn=2
02:58:58.886 INF Committed entry. latency=0 nReq=0 sn=0
02:58:58.886 INF Delivered batch. nReq=0 sn=0
02:58:58.886 INF Delivered batch. nReq=0 sn=1
02:58:58.886 INF Delivered batch. nReq=0 sn=2
02:58:58.886 DBG Starting timer. sn=5 view=0
02:58:58.887 DBG Starting timer. sn=3 view=0
02:58:59.879 INF Handling PREPREPARE. nReq=0 senderID=3 sn=5
02:58:59.879 DBG Batch ready. batchSize=4096
02:58:59.879 INF Handling PREPREPARE. nReq=0 senderID=0 sn=3
02:58:59.879 DBG Creating new Batch. nReq=0
02:58:59.879 DBG Creating new Batch. nReq=0
02:58:59.879 DBG Batch cut. left=0 nBuckets=22 nReq=0 next=0
02:58:59.879 DBG Sending PREPARE. senderID=2 sn=3 view=0
02:58:59.879 DBG Sending PREPARE. senderID=2 sn=5 view=0
02:58:59.879 INF Sending PREPREPARE. nReq=0 senderID=2 sn=4 view=0
02:58:59.879 DBG Waiting for batch. batchSize=4096
02:58:59.880 DBG Sending COMMIT. senderID=2 sn=5 view=0
02:58:59.880 DBG Sending COMMIT. senderID=2 sn=3 view=0
02:58:59.882 INF Committed entry. latency=0 nReq=0 sn=5
02:58:59.882 DBG Starting timer. sn=8 view=0
02:58:59.882 INF Committed entry. latency=0 nReq=0 sn=3
02:58:59.882 DBG Sending COMMIT. senderID=2 sn=4 view=0
02:58:59.883 INF Delivered batch. nReq=0 sn=3
02:58:59.883 DBG Starting timer. sn=6 view=0
02:58:59.883 INF Committed entry. latency=0 nReq=0 sn=4
02:58:59.883 INF Delivered batch. nReq=0 sn=4
02:58:59.884 INF Delivered batch. nReq=0 sn=5
02:58:59.884 DBG Starting timer. sn=7 view=0
02:58:59.905 INF Incoming connection for requests. addr=127.0.0.1:53688
02:59:00.881 DBG Batch ready. batchSize=4096
02:59:00.881 DBG Batch cut. left=0 nBuckets=22 nReq=84 next=0
02:59:00.882 DBG Waiting for batch. batchSize=4096
02:59:00.886 INF Sending PREPREPARE. nReq=84 senderID=2 sn=7 view=0
02:59:00.888 INF Handling PREPREPARE. nReq=81 senderID=0 sn=6
02:59:00.889 DBG Creating new Batch. nReq=81
02:59:00.892 INF Handling PREPREPARE. nReq=80 senderID=3 sn=8
02:59:00.893 DBG Creating new Batch. nReq=80
02:59:00.898 DBG Sending PREPARE. senderID=2 sn=6 view=0
02:59:00.900 DBG Sending COMMIT. senderID=2 sn=6 view=0
02:59:00.902 DBG Sending PREPARE. senderID=2 sn=8 view=0
02:59:00.902 DBG Sending COMMIT. senderID=2 sn=8 view=0
02:59:00.903 INF Committed entry. latency=0 nReq=81 sn=6
02:59:00.903 INF Delivered batch. nReq=81 sn=6
02:59:00.903 DBG Starting timer. sn=9 view=0
02:59:00.905 INF Committed entry. latency=0 nReq=80 sn=8
02:59:00.905 DBG Starting timer. sn=11 view=0
02:59:00.906 DBG Sending COMMIT. senderID=2 sn=7 view=0
02:59:00.908 INF Committed entry. latency=0 nReq=84 sn=7
02:59:00.908 INF Delivered batch. nReq=84 sn=7
02:59:00.908 INF Delivered batch. nReq=80 sn=8
02:59:00.909 DBG Starting timer. sn=10 view=0
02:59:01.882 DBG Batch ready. batchSize=4096
02:59:01.883 DBG Batch cut. left=0 nBuckets=22 nReq=88 next=0
02:59:01.884 DBG Waiting for batch. batchSize=4096
02:59:01.885 INF Sending PREPREPARE. nReq=88 senderID=2 sn=10 view=0
02:59:01.892 INF Handling PREPREPARE. nReq=84 senderID=0 sn=9
02:59:01.892 DBG Creating new Batch. nReq=84
02:59:01.892 INF Handling PREPREPARE. nReq=84 senderID=3 sn=11
02:59:01.892 DBG Creating new Batch. nReq=84
02:59:01.903 DBG Sending PREPARE. senderID=2 sn=9 view=0
02:59:01.904 DBG Sending PREPARE. senderID=2 sn=11 view=0
02:59:01.905 DBG Sending COMMIT. senderID=2 sn=11 view=0
02:59:01.907 DBG Sending COMMIT. senderID=2 sn=9 view=0
02:59:01.907 INF Committed entry. latency=0 nReq=84 sn=11
02:59:01.907 DBG Starting timer. sn=14 view=0
02:59:01.908 DBG Sending COMMIT. senderID=2 sn=10 view=0
02:59:01.908 INF Committed entry. latency=0 nReq=84 sn=9
02:59:01.908 INF Delivered batch. nReq=84 sn=9
02:59:01.909 DBG Starting timer. sn=12 view=0
02:59:01.909 INF Committed entry. latency=0 nReq=88 sn=10
02:59:01.910 INF Delivered batch. nReq=88 sn=10
02:59:01.910 INF Delivered batch. nReq=84 sn=11
02:59:01.910 DBG Starting timer. sn=13 view=0
02:59:02.884 DBG Batch ready. batchSize=4096
02:59:02.885 DBG Batch cut. left=0 nBuckets=22 nReq=88 next=0
02:59:02.885 DBG Waiting for batch. batchSize=4096
02:59:02.887 INF Sending PREPREPARE. nReq=88 senderID=2 sn=13 view=0
02:59:02.893 INF Handling PREPREPARE. nReq=84 senderID=0 sn=12
02:59:02.893 DBG Creating new Batch. nReq=84
02:59:02.895 INF Handling PREPREPARE. nReq=85 senderID=3 sn=14
02:59:02.895 DBG Creating new Batch. nReq=85
02:59:02.904 DBG Sending PREPARE. senderID=2 sn=12 view=0
02:59:02.904 DBG Sending PREPARE. senderID=2 sn=14 view=0
02:59:02.906 DBG Sending COMMIT. senderID=2 sn=14 view=0
02:59:02.907 DBG Sending COMMIT. senderID=2 sn=12 view=0
02:59:02.907 INF Committed entry. latency=0 nReq=85 sn=14
02:59:02.907 DBG Starting timer. sn=17 view=0
02:59:02.908 DBG Sending COMMIT. senderID=2 sn=13 view=0
02:59:02.908 INF Committed entry. latency=0 nReq=84 sn=12
02:59:02.908 INF Delivered batch. nReq=84 sn=12
02:59:02.908 DBG Starting timer. sn=15 view=0
02:59:02.909 INF Committed entry. latency=0 nReq=88 sn=13
02:59:02.910 INF Delivered batch. nReq=88 sn=13
02:59:02.910 INF Delivered batch. nReq=85 sn=14
02:59:02.910 DBG Starting timer. sn=16 view=0
02:59:03.886 DBG Batch ready. batchSize=4096
02:59:03.886 DBG Batch cut. left=0 nBuckets=22 nReq=88 next=0
02:59:03.887 DBG Waiting for batch. batchSize=4096
02:59:03.889 INF Sending PREPREPARE. nReq=88 senderID=2 sn=16 view=0
02:59:03.895 INF Handling PREPREPARE. nReq=84 senderID=0 sn=15
02:59:03.895 DBG Creating new Batch. nReq=84
02:59:03.896 INF Handling PREPREPARE. nReq=84 senderID=3 sn=17
02:59:03.897 DBG Creating new Batch. nReq=84
02:59:03.906 DBG Sending PREPARE. senderID=2 sn=15 view=0
02:59:03.907 DBG Sending COMMIT. senderID=2 sn=15 view=0
02:59:03.908 DBG Sending PREPARE. senderID=2 sn=17 view=0
02:59:03.908 DBG Sending COMMIT. senderID=2 sn=17 view=0
02:59:03.909 DBG Sending COMMIT. senderID=2 sn=16 view=0
02:59:03.910 INF Committed entry. latency=0 nReq=84 sn=15
02:59:03.910 INF Delivered batch. nReq=84 sn=15
02:59:03.910 DBG Starting timer. sn=18 view=0
02:59:03.911 INF Committed entry. latency=0 nReq=84 sn=17
02:59:03.911 INF Committed entry. latency=0 nReq=88 sn=16
02:59:03.911 INF Delivered batch. nReq=88 sn=16
02:59:03.911 INF Delivered batch. nReq=84 sn=17
02:59:03.911 DBG Starting timer. sn=20 view=0
02:59:03.911 DBG Starting timer. sn=19 view=0
02:59:04.888 DBG Batch ready. batchSize=4096
02:59:04.889 DBG Batch cut. left=0 nBuckets=22 nReq=89 next=0
02:59:04.889 DBG Waiting for batch. batchSize=4096
02:59:04.891 INF Sending PREPREPARE. nReq=89 senderID=2 sn=19 view=0
02:59:04.897 INF Handling PREPREPARE. nReq=84 senderID=0 sn=18
02:59:04.897 DBG Creating new Batch. nReq=84
02:59:04.898 INF Handling PREPREPARE. nReq=84 senderID=3 sn=20
02:59:04.898 DBG Creating new Batch. nReq=84
02:59:04.909 DBG Sending PREPARE. senderID=2 sn=18 view=0
02:59:04.909 DBG Sending COMMIT. senderID=2 sn=18 view=0
02:59:04.910 DBG Sending PREPARE. senderID=2 sn=20 view=0
02:59:04.912 INF Committed entry. latency=0 nReq=84 sn=18
02:59:04.912 INF Delivered batch. nReq=84 sn=18
02:59:04.912 DBG Starting timer. sn=21 view=0
02:59:04.913 DBG Sending COMMIT. senderID=2 sn=20 view=0
02:59:04.913 DBG Sending COMMIT. senderID=2 sn=19 view=0
02:59:04.914 INF Committed entry. latency=0 nReq=89 sn=19
02:59:04.915 INF Committed entry. latency=0 nReq=84 sn=20
02:59:04.915 INF Delivered batch. nReq=89 sn=19
02:59:04.915 INF Delivered batch. nReq=84 sn=20
02:59:04.915 DBG Starting timer. sn=22 view=0
02:59:04.915 DBG Starting timer. sn=23 view=0
02:59:05.890 DBG Batch ready. batchSize=4096
02:59:05.891 DBG Batch cut. left=0 nBuckets=22 nReq=88 next=0
02:59:05.893 DBG Waiting for batch. batchSize=4096
02:59:05.893 INF Sending PREPREPARE. nReq=88 senderID=2 sn=22 view=0
02:59:05.899 INF Handling PREPREPARE. nReq=84 senderID=0 sn=21
02:59:05.900 DBG Creating new Batch. nReq=84
02:59:05.900 INF Handling PREPREPARE. nReq=84 senderID=3 sn=23
02:59:05.900 DBG Creating new Batch. nReq=84
02:59:05.911 DBG Sending PREPARE. senderID=2 sn=23 view=0
02:59:05.912 DBG Sending PREPARE. senderID=2 sn=21 view=0
02:59:05.912 DBG Sending COMMIT. senderID=2 sn=21 view=0
02:59:05.913 DBG Sending COMMIT. senderID=2 sn=23 view=0
02:59:05.915 INF Committed entry. latency=0 nReq=84 sn=23
02:59:05.915 INF Committed entry. latency=0 nReq=84 sn=21
02:59:05.915 INF Delivered batch. nReq=84 sn=21
02:59:05.915 DBG Starting timer. sn=26 view=0
02:59:05.915 DBG Starting timer. sn=24 view=0
02:59:05.916 DBG Sending COMMIT. senderID=2 sn=22 view=0
02:59:05.918 INF Committed entry. latency=0 nReq=88 sn=22
02:59:05.918 INF Delivered batch. nReq=88 sn=22
02:59:05.918 INF Delivered batch. nReq=84 sn=23
02:59:05.919 DBG Starting timer. sn=25 view=0
02:59:06.894 DBG Batch ready. batchSize=4096
02:59:06.894 DBG Batch cut. left=0 nBuckets=22 nReq=88 next=0
02:59:06.895 DBG Waiting for batch. batchSize=4096
02:59:06.896 INF Sending PREPREPARE. nReq=88 senderID=2 sn=25 view=0
02:59:06.899 INF Handling PREPREPARE. nReq=84 senderID=0 sn=24
02:59:06.899 DBG Creating new Batch. nReq=84
02:59:06.902 INF Handling PREPREPARE. nReq=85 senderID=3 sn=26
02:59:06.902 DBG Creating new Batch. nReq=85
02:59:06.911 DBG Sending PREPARE. senderID=2 sn=24 view=0
02:59:06.912 DBG Sending COMMIT. senderID=2 sn=24 view=0
02:59:06.912 DBG Sending PREPARE. senderID=2 sn=26 view=0
02:59:06.915 INF Committed entry. latency=0 nReq=84 sn=24
02:59:06.915 INF Delivered batch. nReq=84 sn=24
02:59:06.915 DBG Starting timer. sn=27 view=0
02:59:06.915 DBG Sending COMMIT. senderID=2 sn=26 view=0
02:59:06.917 DBG Sending COMMIT. senderID=2 sn=25 view=0
02:59:06.917 INF Committed entry. latency=0 nReq=85 sn=26
02:59:06.917 DBG Starting timer. sn=29 view=0
02:59:06.918 INF Committed entry. latency=0 nReq=88 sn=25
02:59:06.918 INF Delivered batch. nReq=88 sn=25
02:59:06.918 INF Delivered batch. nReq=85 sn=26
02:59:06.918 DBG Starting timer. sn=28 view=0
02:59:07.896 DBG Batch ready. batchSize=4096
02:59:07.896 DBG Batch cut. left=0 nBuckets=22 nReq=88 next=0
02:59:07.896 DBG Waiting for batch. batchSize=4096
02:59:07.898 INF Sending PREPREPARE. nReq=88 senderID=2 sn=28 view=0
02:59:07.901 INF Handling PREPREPARE. nReq=84 senderID=0 sn=27
02:59:07.901 DBG Creating new Batch. nReq=84
02:59:07.901 INF Handling PREPREPARE. nReq=84 senderID=3 sn=29
02:59:07.902 DBG Creating new Batch. nReq=84
02:59:07.912 DBG Sending PREPARE. senderID=2 sn=27 view=0
02:59:07.914 DBG Sending PREPARE. senderID=2 sn=29 view=0
02:59:07.915 DBG Sending COMMIT. senderID=2 sn=27 view=0
02:59:07.916 INF Committed entry. latency=0 nReq=84 sn=27
02:59:07.916 INF Delivered batch. nReq=84 sn=27
02:59:07.917 DBG Starting timer. sn=30 view=0
02:59:07.917 DBG Sending COMMIT. senderID=2 sn=29 view=0
02:59:07.919 INF Committed entry. latency=0 nReq=84 sn=29
02:59:07.919 DBG Starting timer. sn=32 view=0
02:59:07.920 DBG Sending COMMIT. senderID=2 sn=28 view=0
02:59:07.921 INF Committed entry. latency=0 nReq=88 sn=28
02:59:07.921 INF Delivered batch. nReq=88 sn=28
02:59:07.921 INF Delivered batch. nReq=84 sn=29
02:59:07.922 DBG Starting timer. sn=31 view=0
02:59:08.897 DBG Batch ready. batchSize=4096
02:59:08.897 DBG Batch cut. left=0 nBuckets=22 nReq=88 next=0
02:59:08.898 DBG Waiting for batch. batchSize=4096
02:59:08.899 INF Sending PREPREPARE. nReq=88 senderID=2 sn=31 view=0
02:59:08.902 INF Handling PREPREPARE. nReq=84 senderID=0 sn=30
02:59:08.903 DBG Creating new Batch. nReq=84
02:59:08.905 INF Handling PREPREPARE. nReq=84 senderID=3 sn=32
02:59:08.906 DBG Creating new Batch. nReq=84
02:59:08.913 DBG Sending PREPARE. senderID=2 sn=30 view=0
02:59:08.914 DBG Sending COMMIT. senderID=2 sn=30 view=0
02:59:08.916 INF Committed entry. latency=0 nReq=84 sn=30
02:59:08.916 INF Delivered batch. nReq=84 sn=30
02:59:08.916 DBG Starting timer. sn=33 view=0
02:59:08.917 DBG Sending PREPARE. senderID=2 sn=32 view=0
02:59:08.917 DBG Sending COMMIT. senderID=2 sn=32 view=0
02:59:08.919 INF Committed entry. latency=0 nReq=84 sn=32
02:59:08.919 DBG Sending COMMIT. senderID=2 sn=31 view=0
02:59:08.920 DBG Starting timer. sn=35 view=0
02:59:08.921 INF Committed entry. latency=0 nReq=88 sn=31
02:59:08.921 INF Delivered batch. nReq=88 sn=31
02:59:08.921 INF Delivered batch. nReq=84 sn=32
02:59:08.921 DBG Starting timer. sn=34 view=0
02:59:09.899 DBG Batch ready. batchSize=4096
02:59:09.899 DBG Batch cut. left=0 nBuckets=22 nReq=88 next=0
02:59:09.900 DBG Waiting for batch. batchSize=4096
02:59:09.901 INF Sending PREPREPARE. nReq=88 senderID=2 sn=34 view=0
02:59:09.906 INF Handling PREPREPARE. nReq=85 senderID=0 sn=33
02:59:09.906 DBG Creating new Batch. nReq=85
02:59:09.908 INF Handling PREPREPARE. nReq=84 senderID=3 sn=35
02:59:09.909 DBG Creating new Batch. nReq=84
02:59:09.916 DBG Sending PREPARE. senderID=2 sn=33 view=0
02:59:09.917 DBG Sending COMMIT. senderID=2 sn=33 view=0
02:59:09.918 DBG Sending PREPARE. senderID=2 sn=35 view=0
02:59:09.919 DBG Sending COMMIT. senderID=2 sn=35 view=0
02:59:09.919 INF Committed entry. latency=0 nReq=85 sn=33
02:59:09.919 INF Delivered batch. nReq=85 sn=33
02:59:09.919 DBG Starting timer. sn=36 view=0
02:59:09.921 DBG Sending COMMIT. senderID=2 sn=34 view=0
02:59:09.922 INF Committed entry. latency=0 nReq=84 sn=35
02:59:09.922 DBG Starting timer. sn=38 view=0
02:59:09.922 INF Committed entry. latency=0 nReq=88 sn=34
02:59:09.923 INF Delivered batch. nReq=88 sn=34
02:59:09.923 INF Delivered batch. nReq=84 sn=35
02:59:09.923 DBG Starting timer. sn=37 view=0
02:59:10.900 DBG Batch ready. batchSize=4096
02:59:10.901 DBG Batch cut. left=0 nBuckets=22 nReq=88 next=0
02:59:10.901 DBG Waiting for batch. batchSize=4096
02:59:10.903 INF Sending PREPREPARE. nReq=88 senderID=2 sn=37 view=0
02:59:10.906 INF Handling PREPREPARE. nReq=84 senderID=0 sn=36
02:59:10.907 DBG Creating new Batch. nReq=84
02:59:10.910 INF Handling PREPREPARE. nReq=84 senderID=3 sn=38
02:59:10.910 DBG Creating new Batch. nReq=84
02:59:10.915 DBG Sending PREPARE. senderID=2 sn=36 view=0
02:59:10.916 DBG Sending COMMIT. senderID=2 sn=36 view=0
02:59:10.918 INF Committed entry. latency=0 nReq=84 sn=36
02:59:10.919 INF Delivered batch. nReq=84 sn=36
02:59:10.919 DBG Starting timer. sn=39 view=0
02:59:10.920 DBG Sending PREPARE. senderID=2 sn=38 view=0
02:59:10.921 DBG Sending COMMIT. senderID=2 sn=38 view=0
02:59:10.922 INF Committed entry. latency=0 nReq=84 sn=38
02:59:10.923 DBG Starting timer. sn=41 view=0
02:59:10.924 DBG Sending COMMIT. senderID=2 sn=37 view=0
02:59:10.926 INF Committed entry. latency=0 nReq=88 sn=37
02:59:10.927 INF Delivered batch. nReq=88 sn=37
02:59:10.927 INF Delivered batch. nReq=84 sn=38
02:59:10.927 DBG Starting timer. sn=40 view=0
02:59:11.902 DBG Batch ready. batchSize=4096
02:59:11.902 DBG Batch cut. left=0 nBuckets=22 nReq=88 next=0
02:59:11.902 DBG Waiting for batch. batchSize=4096
02:59:11.904 INF Sending PREPREPARE. nReq=88 senderID=2 sn=40 view=0
02:59:11.907 INF Handling PREPREPARE. nReq=85 senderID=0 sn=39
02:59:11.908 DBG Creating new Batch. nReq=85
02:59:11.911 INF Handling PREPREPARE. nReq=84 senderID=3 sn=41
02:59:11.912 DBG Creating new Batch. nReq=84
02:59:11.918 DBG Sending PREPARE. senderID=2 sn=39 view=0
02:59:11.922 DBG Sending PREPARE. senderID=2 sn=41 view=0
02:59:11.922 DBG Sending COMMIT. senderID=2 sn=41 view=0
02:59:11.922 DBG Sending COMMIT. senderID=2 sn=39 view=0
02:59:11.923 INF Committed entry. latency=0 nReq=85 sn=39
02:59:11.923 INF Delivered batch. nReq=85 sn=39
02:59:11.923 DBG Starting timer. sn=42 view=0
02:59:11.925 DBG Sending COMMIT. senderID=2 sn=40 view=0
02:59:11.925 INF Committed entry. latency=0 nReq=84 sn=41
02:59:11.926 DBG Starting timer. sn=44 view=0
02:59:11.927 INF Committed entry. latency=0 nReq=88 sn=40
02:59:11.927 INF Delivered batch. nReq=88 sn=40
02:59:11.927 INF Delivered batch. nReq=84 sn=41
02:59:11.927 DBG Starting timer. sn=43 view=0
02:59:12.903 DBG Batch ready. batchSize=4096
02:59:12.904 DBG Batch cut. left=0 nBuckets=22 nReq=89 next=0
02:59:12.904 DBG Waiting for batch. batchSize=4096
02:59:12.906 INF Sending PREPREPARE. nReq=89 senderID=2 sn=43 view=0
02:59:12.908 INF Handling PREPREPARE. nReq=84 senderID=0 sn=42
02:59:12.909 DBG Creating new Batch. nReq=84
02:59:12.912 INF Handling PREPREPARE. nReq=84 senderID=3 sn=44
02:59:12.912 DBG Creating new Batch. nReq=84
02:59:12.917 DBG Sending PREPARE. senderID=2 sn=42 view=0
02:59:12.920 DBG Sending COMMIT. senderID=2 sn=42 view=0
02:59:12.921 INF Committed entry. latency=0 nReq=84 sn=42
02:59:12.922 INF Delivered batch. nReq=84 sn=42
02:59:12.922 DBG Starting timer. sn=45 view=0
02:59:12.923 DBG Sending PREPARE. senderID=2 sn=44 view=0
02:59:12.924 DBG Sending COMMIT. senderID=2 sn=44 view=0
02:59:12.925 INF Committed entry. latency=0 nReq=84 sn=44
02:59:12.926 DBG Starting timer. sn=47 view=0
02:59:12.928 DBG Sending COMMIT. senderID=2 sn=43 view=0
02:59:12.929 INF Committed entry. latency=0 nReq=89 sn=43
02:59:12.929 INF Delivered batch. nReq=89 sn=43
02:59:12.930 INF Delivered batch. nReq=84 sn=44
02:59:12.930 DBG Starting timer. sn=46 view=0
02:59:13.905 DBG Batch ready. batchSize=4096
02:59:13.905 DBG Batch cut. left=0 nBuckets=22 nReq=88 next=0
02:59:13.905 DBG Waiting for batch. batchSize=4096
02:59:13.907 INF Sending PREPREPARE. nReq=88 senderID=2 sn=46 view=0
02:59:13.910 INF Handling PREPREPARE. nReq=84 senderID=0 sn=45
02:59:13.910 DBG Creating new Batch. nReq=84
02:59:13.914 INF Handling PREPREPARE. nReq=84 senderID=3 sn=47
02:59:13.914 DBG Creating new Batch. nReq=84
02:59:13.919 DBG Sending PREPARE. senderID=2 sn=45 view=0
02:59:13.922 DBG Sending PREPARE. senderID=2 sn=47 view=0
02:59:13.922 DBG Sending COMMIT. senderID=2 sn=45 view=0
02:59:13.924 INF Committed entry. latency=0 nReq=84 sn=45
02:59:13.924 INF Delivered batch. nReq=84 sn=45
02:59:13.924 DBG Starting timer. sn=48 view=0
02:59:13.925 DBG Sending COMMIT. senderID=2 sn=47 view=0
02:59:13.927 INF Committed entry. latency=0 nReq=84 sn=47
02:59:13.927 DBG Starting timer. sn=50 view=0
02:59:13.927 DBG Sending COMMIT. senderID=2 sn=46 view=0
02:59:13.929 INF Committed entry. latency=0 nReq=88 sn=46
02:59:13.929 INF Delivered batch. nReq=88 sn=46
02:59:13.929 INF Delivered batch. nReq=84 sn=47
02:59:13.929 DBG Starting timer. sn=49 view=0
02:59:14.907 DBG Batch ready. batchSize=4096
02:59:14.907 DBG Batch cut. left=0 nBuckets=22 nReq=88 next=0
02:59:14.907 DBG Waiting for batch. batchSize=4096
02:59:14.909 INF Sending PREPREPARE. nReq=88 senderID=2 sn=49 view=0
02:59:14.912 INF Handling PREPREPARE. nReq=84 senderID=0 sn=48
02:59:14.912 DBG Creating new Batch. nReq=84
02:59:14.916 INF Handling PREPREPARE. nReq=85 senderID=3 sn=50
02:59:14.917 DBG Creating new Batch. nReq=85
02:59:14.922 DBG Sending PREPARE. senderID=2 sn=48 view=0
02:59:14.925 DBG Sending COMMIT. senderID=2 sn=48 view=0
02:59:14.926 DBG Sending PREPARE. senderID=2 sn=50 view=0
02:59:14.927 INF Committed entry. latency=0 nReq=84 sn=48
02:59:14.927 INF Delivered batch. nReq=84 sn=48
02:59:14.927 DBG Starting timer. sn=51 view=0
02:59:14.927 DBG Sending COMMIT. senderID=2 sn=50 view=0
02:59:14.929 INF Committed entry. latency=0 nReq=85 sn=50
02:59:14.929 DBG Starting timer. sn=53 view=0
02:59:14.930 DBG Sending COMMIT. senderID=2 sn=49 view=0
02:59:14.932 INF Committed entry. latency=0 nReq=88 sn=49
02:59:14.932 INF Delivered batch. nReq=88 sn=49
02:59:14.932 INF Delivered batch. nReq=85 sn=50
02:59:14.933 DBG Starting timer. sn=52 view=0
02:59:15.908 DBG Batch ready. batchSize=4096
02:59:15.908 DBG Batch cut. left=0 nBuckets=22 nReq=88 next=0
02:59:15.909 DBG Waiting for batch. batchSize=4096
02:59:15.910 INF Sending PREPREPARE. nReq=88 senderID=2 sn=52 view=0
02:59:15.913 INF Handling PREPREPARE. nReq=84 senderID=0 sn=51
02:59:15.914 DBG Creating new Batch. nReq=84
02:59:15.918 INF Handling PREPREPARE. nReq=84 senderID=3 sn=53
02:59:15.918 DBG Creating new Batch. nReq=84
02:59:15.923 DBG Sending PREPARE. senderID=2 sn=51 view=0
02:59:15.925 DBG Sending COMMIT. senderID=2 sn=51 view=0
02:59:15.926 INF Committed entry. latency=0 nReq=84 sn=51
02:59:15.926 INF Delivered batch. nReq=84 sn=51
02:59:15.927 DBG Starting timer. sn=54 view=0
02:59:15.928 DBG Sending PREPARE. senderID=2 sn=53 view=0
02:59:15.932 DBG Sending COMMIT. senderID=2 sn=53 view=0
02:59:15.932 DBG Sending COMMIT. senderID=2 sn=52 view=0
02:59:15.934 INF Committed entry. latency=0 nReq=88 sn=52
02:59:15.934 INF Delivered batch. nReq=88 sn=52
02:59:15.934 INF Committed entry. latency=0 nReq=84 sn=53
02:59:15.934 INF Delivered batch. nReq=84 sn=53
02:59:15.934 DBG Starting timer. sn=55 view=0
02:59:15.934 DBG Starting timer. sn=56 view=0
02:59:16.909 DBG Batch ready. batchSize=4096
02:59:16.910 DBG Batch cut. left=0 nBuckets=22 nReq=88 next=0
02:59:16.910 DBG Waiting for batch. batchSize=4096
02:59:16.912 INF Sending PREPREPARE. nReq=88 senderID=2 sn=55 view=0
02:59:16.916 INF Handling PREPREPARE. nReq=84 senderID=0 sn=54
02:59:16.916 DBG Creating new Batch. nReq=84
02:59:16.920 INF Handling PREPREPARE. nReq=84 senderID=3 sn=56
02:59:16.920 DBG Creating new Batch. nReq=84
02:59:16.926 DBG Sending PREPARE. senderID=2 sn=54 view=0
02:59:16.927 DBG Sending COMMIT. senderID=2 sn=54 view=0
02:59:16.929 INF Committed entry. latency=0 nReq=84 sn=54
02:59:16.929 INF Delivered batch. nReq=84 sn=54
02:59:16.929 DBG Starting timer. sn=57 view=0
02:59:16.931 DBG Sending PREPARE. senderID=2 sn=56 view=0
02:59:16.931 DBG Sending COMMIT. senderID=2 sn=56 view=0
02:59:16.933 DBG Sending COMMIT. senderID=2 sn=55 view=0
02:59:16.933 INF Committed entry. latency=0 nReq=84 sn=56
02:59:16.933 DBG Starting timer. sn=59 view=0
02:59:16.934 INF Committed entry. latency=0 nReq=88 sn=55
02:59:16.934 INF Delivered batch. nReq=88 sn=55
02:59:16.934 INF Delivered batch. nReq=84 sn=56
02:59:16.934 DBG Starting timer. sn=58 view=0
02:59:17.910 DBG Batch ready. batchSize=4096
02:59:17.911 DBG Batch cut. left=0 nBuckets=22 nReq=88 next=0
02:59:17.911 DBG Waiting for batch. batchSize=4096
02:59:17.913 INF Sending PREPREPARE. nReq=88 senderID=2 sn=58 view=0
02:59:17.919 INF Handling PREPREPARE. nReq=84 senderID=0 sn=57
02:59:17.919 DBG Creating new Batch. nReq=84
02:59:17.922 INF Handling PREPREPARE. nReq=84 senderID=3 sn=59
02:59:17.922 DBG Creating new Batch. nReq=84
02:59:17.931 DBG Sending PREPARE. senderID=2 sn=57 view=0
02:59:17.931 DBG Sending COMMIT. senderID=2 sn=57 view=0
02:59:17.932 DBG Sending PREPARE. senderID=2 sn=59 view=0
02:59:17.933 DBG Sending COMMIT. senderID=2 sn=59 view=0
02:59:17.934 INF Committed entry. latency=0 nReq=84 sn=57
02:59:17.934 INF Delivered batch. nReq=84 sn=57
02:59:17.934 DBG Starting timer. sn=60 view=0
02:59:17.935 DBG Sending COMMIT. senderID=2 sn=58 view=0
02:59:17.935 INF Committed entry. latency=0 nReq=84 sn=59
02:59:17.936 DBG Starting timer. sn=62 view=0
02:59:17.937 INF Committed entry. latency=0 nReq=88 sn=58
02:59:17.937 INF Delivered batch. nReq=88 sn=58
02:59:17.937 INF Delivered batch. nReq=84 sn=59
02:59:17.937 DBG Starting timer. sn=61 view=0
02:59:18.912 DBG Batch ready. batchSize=4096
02:59:18.912 DBG Batch cut. left=0 nBuckets=22 nReq=88 next=0
02:59:18.912 DBG Waiting for batch. batchSize=4096
02:59:18.915 INF Sending PREPREPARE. nReq=88 senderID=2 sn=61 view=0
02:59:18.920 INF Handling PREPREPARE. nReq=85 senderID=0 sn=60
02:59:18.920 DBG Creating new Batch. nReq=85
02:59:18.923 INF Handling PREPREPARE. nReq=84 senderID=3 sn=62
02:59:18.924 DBG Creating new Batch. nReq=84
02:59:18.930 DBG Sending PREPARE. senderID=2 sn=60 view=0
02:59:18.931 DBG Sending COMMIT. senderID=2 sn=60 view=0
02:59:18.933 INF Committed entry. latency=0 nReq=85 sn=60
02:59:18.933 INF Delivered batch. nReq=85 sn=60
02:59:18.933 DBG Starting timer. sn=63 view=0
02:59:18.934 DBG Sending PREPARE. senderID=2 sn=62 view=0
02:59:18.935 DBG Sending COMMIT. senderID=2 sn=61 view=0
02:59:18.936 DBG Sending COMMIT. senderID=2 sn=62 view=0
02:59:18.936 INF Committed entry. latency=0 nReq=88 sn=61
02:59:18.936 INF Delivered batch. nReq=88 sn=61
02:59:18.936 DBG Starting timer. sn=64 view=0
02:59:18.937 INF Committed entry. latency=0 nReq=84 sn=62
02:59:18.937 INF Delivered batch. nReq=84 sn=62
02:59:18.937 DBG Starting timer. sn=65 view=0
02:59:19.913 DBG Batch ready. batchSize=4096
02:59:19.913 DBG Batch cut. left=0 nBuckets=22 nReq=89 next=0
02:59:19.913 DBG Waiting for batch. batchSize=4096
02:59:19.915 INF Sending PREPREPARE. nReq=89 senderID=2 sn=64 view=0
02:59:19.921 INF Handling PREPREPARE. nReq=84 senderID=0 sn=63
02:59:19.921 DBG Creating new Batch. nReq=84
02:59:19.924 INF Handling PREPREPARE. nReq=84 senderID=3 sn=65
02:59:19.925 DBG Creating new Batch. nReq=84
02:59:19.931 DBG Sending PREPARE. senderID=2 sn=63 view=0
02:59:19.932 DBG Sending COMMIT. senderID=2 sn=63 view=0
02:59:19.934 DBG Sending PREPARE. senderID=2 sn=65 view=0
02:59:19.935 DBG Sending COMMIT. senderID=2 sn=64 view=0
02:59:19.935 INF Committed entry. latency=0 nReq=84 sn=63
02:59:19.935 INF Delivered batch. nReq=84 sn=63
02:59:19.935 DBG Starting timer. sn=66 view=0
02:59:19.936 DBG Sending COMMIT. senderID=2 sn=65 view=0
02:59:19.937 INF Committed entry. latency=0 nReq=89 sn=64
02:59:19.937 INF Committed entry. latency=0 nReq=84 sn=65
02:59:19.937 INF Delivered batch. nReq=89 sn=64
02:59:19.938 INF Delivered batch. nReq=84 sn=65
02:59:19.938 DBG Starting timer. sn=67 view=0
02:59:19.938 DBG Starting timer. sn=68 view=0
02:59:20.915 DBG Batch ready. batchSize=4096
02:59:20.915 DBG Batch cut. left=0 nBuckets=22 nReq=88 next=0
02:59:20.916 DBG Waiting for batch. batchSize=4096
02:59:20.918 INF Sending PREPREPARE. nReq=88 senderID=2 sn=67 view=0
02:59:20.924 INF Handling PREPREPARE. nReq=84 senderID=0 sn=66
02:59:20.924 DBG Creating new Batch. nReq=84
02:59:20.929 INF Handling PREPREPARE. nReq=84 senderID=3 sn=68
02:59:20.929 DBG Creating new Batch. nReq=84
02:59:20.933 DBG Sending PREPARE. senderID=2 sn=66 view=0
02:59:20.937 DBG Sending COMMIT. senderID=2 sn=66 view=0
02:59:20.939 DBG Sending PREPARE. senderID=2 sn=68 view=0
02:59:20.939 INF Committed entry. latency=0 nReq=84 sn=66
02:59:20.939 INF Delivered batch. nReq=84 sn=66
02:59:20.939 DBG Starting timer. sn=69 view=0
02:59:20.940 DBG Sending COMMIT. senderID=2 sn=67 view=0
02:59:20.940 DBG Sending COMMIT. senderID=2 sn=68 view=0
02:59:20.941 INF Committed entry. latency=0 nReq=88 sn=67
02:59:20.942 INF Delivered batch. nReq=88 sn=67
02:59:20.942 INF Committed entry. latency=0 nReq=84 sn=68
02:59:20.942 INF Delivered batch. nReq=84 sn=68
02:59:20.942 DBG Starting timer. sn=70 view=0
02:59:20.942 DBG Starting timer. sn=71 view=0
02:59:21.916 DBG Batch ready. batchSize=4096
02:59:21.917 DBG Batch cut. left=0 nBuckets=22 nReq=88 next=0
02:59:21.917 DBG Waiting for batch. batchSize=4096
02:59:21.918 INF Sending PREPREPARE. nReq=88 senderID=2 sn=70 view=0
02:59:21.924 INF Handling PREPREPARE. nReq=84 senderID=0 sn=69
02:59:21.925 DBG Creating new Batch. nReq=84
02:59:21.930 INF Handling PREPREPARE. nReq=84 senderID=3 sn=71
02:59:21.931 DBG Creating new Batch. nReq=84
02:59:21.934 DBG Sending PREPARE. senderID=2 sn=69 view=0
02:59:21.936 DBG Sending COMMIT. senderID=2 sn=69 view=0
02:59:21.938 INF Committed entry. latency=0 nReq=84 sn=69
02:59:21.938 INF Delivered batch. nReq=84 sn=69
02:59:21.938 DBG Starting timer. sn=72 view=0
02:59:21.942 DBG Sending PREPARE. senderID=2 sn=71 view=0
02:59:21.943 DBG Sending COMMIT. senderID=2 sn=71 view=0
02:59:21.943 DBG Sending COMMIT. senderID=2 sn=70 view=0
02:59:21.945 INF Committed entry. latency=0 nReq=84 sn=71
02:59:21.945 INF Committed entry. latency=0 nReq=88 sn=70
02:59:21.945 INF Delivered batch. nReq=88 sn=70
02:59:21.945 INF Delivered batch. nReq=84 sn=71
02:59:21.945 DBG Starting timer. sn=74 view=0
02:59:21.945 DBG Starting timer. sn=73 view=0
02:59:22.918 DBG Batch ready. batchSize=4096
02:59:22.918 DBG Batch cut. left=0 nBuckets=22 nReq=89 next=0
02:59:22.918 DBG Waiting for batch. batchSize=4096
02:59:22.920 INF Sending PREPREPARE. nReq=89 senderID=2 sn=73 view=0
02:59:22.926 INF Handling PREPREPARE. nReq=84 senderID=0 sn=72
02:59:22.927 DBG Creating new Batch. nReq=84
02:59:22.932 INF Handling PREPREPARE. nReq=85 senderID=3 sn=74
02:59:22.932 DBG Creating new Batch. nReq=85
02:59:22.936 DBG Sending PREPARE. senderID=2 sn=72 view=0
02:59:22.940 DBG Sending COMMIT. senderID=2 sn=72 view=0
02:59:22.941 DBG Sending COMMIT. senderID=2 sn=73 view=0
02:59:22.941 DBG Sending PREPARE. senderID=2 sn=74 view=0
02:59:22.942 INF Committed entry. latency=0 nReq=84 sn=72
02:59:22.942 INF Delivered batch. nReq=84 sn=72
02:59:22.942 DBG Starting timer. sn=75 view=0
02:59:22.943 INF Committed entry. latency=0 nReq=89 sn=73
02:59:22.943 INF Delivered batch. nReq=89 sn=73
02:59:22.943 DBG Starting timer. sn=76 view=0
02:59:22.944 DBG Sending COMMIT. senderID=2 sn=74 view=0
02:59:22.945 INF Committed entry. latency=0 nReq=85 sn=74
02:59:22.945 INF Delivered batch. nReq=85 sn=74
02:59:22.946 DBG Starting timer. sn=77 view=0
02:59:23.919 DBG Batch ready. batchSize=4096
02:59:23.920 DBG Batch cut. left=0 nBuckets=22 nReq=88 next=0
02:59:23.920 DBG Waiting for batch. batchSize=4096
02:59:23.922 INF Sending PREPREPARE. nReq=88 senderID=2 sn=76 view=0
02:59:23.928 INF Handling PREPREPARE. nReq=84 senderID=0 sn=75
02:59:23.928 DBG Creating new Batch. nReq=84
02:59:23.934 INF Handling PREPREPARE. nReq=84 senderID=3 sn=77
02:59:23.934 DBG Creating new Batch. nReq=84
02:59:23.937 DBG Sending PREPARE. senderID=2 sn=75 view=0
02:59:23.943 DBG Sending PREPARE. senderID=2 sn=77 view=0
02:59:23.943 DBG Sending COMMIT. senderID=2 sn=76 view=0
02:59:23.943 DBG Sending COMMIT. senderID=2 sn=75 view=0
02:59:23.944 DBG Sending COMMIT. senderID=2 sn=77 view=0
02:59:23.945 INF Committed entry. latency=0 nReq=88 sn=76
02:59:23.945 INF Committed entry. latency=0 nReq=84 sn=75
02:59:23.945 INF Delivered batch. nReq=84 sn=75
02:59:23.945 INF Delivered batch. nReq=88 sn=76
02:59:23.946 INF Delivered batch. nReq=84 sn=77
02:59:23.946 INF Committed entry. latency=0 nReq=84 sn=77
02:59:23.946 DBG Starting timer. sn=79 view=0
02:59:23.946 DBG Starting timer. sn=80 view=0
02:59:23.946 DBG Starting timer. sn=78 view=0
02:59:24.921 DBG Batch ready. batchSize=4096
02:59:24.921 DBG Batch cut. left=0 nBuckets=22 nReq=88 next=0
02:59:24.921 DBG Waiting for batch. batchSize=4096
02:59:24.923 INF Sending PREPREPARE. nReq=88 senderID=2 sn=79 view=0
02:59:24.930 INF Handling PREPREPARE. nReq=84 senderID=0 sn=78
02:59:24.931 DBG Creating new Batch. nReq=84
02:59:24.936 INF Handling PREPREPARE. nReq=84 senderID=3 sn=80
02:59:24.936 DBG Creating new Batch. nReq=84
02:59:24.939 DBG Sending PREPARE. senderID=2 sn=78 view=0
02:59:24.941 DBG Sending COMMIT. senderID=2 sn=78 view=0
02:59:24.943 INF Committed entry. latency=0 nReq=84 sn=78
02:59:24.943 INF Delivered batch. nReq=84 sn=78
02:59:24.943 DBG Starting timer. sn=81 view=0
02:59:24.945 DBG Sending COMMIT. senderID=2 sn=79 view=0
02:59:24.945 DBG Sending PREPARE. senderID=2 sn=80 view=0
02:59:24.946 INF Committed entry. latency=0 nReq=88 sn=79
02:59:24.946 INF Delivered batch. nReq=88 sn=79
02:59:24.946 DBG Starting timer. sn=82 view=0
02:59:24.947 DBG Sending COMMIT. senderID=2 sn=80 view=0
02:59:24.948 INF Committed entry. latency=0 nReq=84 sn=80
02:59:24.949 INF Delivered batch. nReq=84 sn=80
02:59:24.949 DBG Starting timer. sn=83 view=0
02:59:25.923 DBG Batch ready. batchSize=4096
02:59:25.923 DBG Batch cut. left=0 nBuckets=22 nReq=88 next=0
02:59:25.923 DBG Waiting for batch. batchSize=4096
02:59:25.925 INF Sending PREPREPARE. nReq=88 senderID=2 sn=82 view=0
02:59:25.932 INF Handling PREPREPARE. nReq=84 senderID=0 sn=81
02:59:25.932 DBG Creating new Batch. nReq=84
02:59:25.936 INF Handling PREPREPARE. nReq=84 senderID=3 sn=83
02:59:25.936 DBG Creating new Batch. nReq=84
02:59:25.942 DBG Sending PREPARE. senderID=2 sn=81 view=0
02:59:25.944 DBG Sending COMMIT. senderID=2 sn=81 view=0
02:59:25.946 DBG Sending PREPARE. senderID=2 sn=83 view=0
02:59:25.946 INF Committed entry. latency=0 nReq=84 sn=81
02:59:25.946 INF Delivered batch. nReq=84 sn=81
02:59:25.947 DBG Starting timer. sn=84 view=0
02:59:25.947 DBG Sending COMMIT. senderID=2 sn=83 view=0
02:59:25.947 DBG Sending COMMIT. senderID=2 sn=82 view=0
02:59:25.949 INF Committed entry. latency=0 nReq=84 sn=83
02:59:25.949 INF Committed entry. latency=0 nReq=88 sn=82
02:59:25.949 INF Delivered batch. nReq=88 sn=82
02:59:25.949 INF Delivered batch. nReq=84 sn=83
02:59:25.949 DBG Starting timer. sn=86 view=0
02:59:25.949 DBG Starting timer. sn=85 view=0
02:59:26.924 DBG Batch ready. batchSize=4096
02:59:26.924 DBG Batch cut. left=0 nBuckets=22 nReq=88 next=0
02:59:26.925 DBG Waiting for batch. batchSize=4096
02:59:26.926 INF Sending PREPREPARE. nReq=88 senderID=2 sn=85 view=0
02:59:26.935 INF Handling PREPREPARE. nReq=84 senderID=0 sn=84
02:59:26.935 DBG Creating new Batch. nReq=84
02:59:26.939 INF Handling PREPREPARE. nReq=84 senderID=3 sn=86
02:59:26.940 DBG Creating new Batch. nReq=84
02:59:26.947 DBG Sending PREPARE. senderID=2 sn=84 view=0
02:59:26.948 DBG Sending COMMIT. senderID=2 sn=84 view=0
02:59:26.948 DBG Sending COMMIT. senderID=2 sn=85 view=0
02:59:26.948 DBG Sending PREPARE. senderID=2 sn=86 view=0
02:59:26.949 DBG Sending COMMIT. senderID=2 sn=86 view=0
02:59:26.949 INF Committed entry. latency=0 nReq=84 sn=84
02:59:26.949 INF Delivered batch. nReq=84 sn=84
02:59:26.950 DBG Starting timer. sn=87 view=0
02:59:26.950 INF Committed entry. latency=0 nReq=88 sn=85
02:59:26.950 INF Delivered batch. nReq=88 sn=85
02:59:26.951 DBG Starting timer. sn=88 view=0
02:59:26.951 INF Committed entry. latency=0 nReq=84 sn=86
02:59:26.952 INF Delivered batch. nReq=84 sn=86
02:59:26.952 DBG Starting timer. sn=89 view=0
02:59:27.925 DBG Batch ready. batchSize=4096
02:59:27.926 DBG Batch cut. left=0 nBuckets=22 nReq=88 next=0
02:59:27.926 DBG Waiting for batch. batchSize=4096
02:59:27.928 INF Sending PREPREPARE. nReq=88 senderID=2 sn=88 view=0
02:59:27.937 INF Handling PREPREPARE. nReq=85 senderID=0 sn=87
02:59:27.937 DBG Creating new Batch. nReq=85
02:59:27.939 INF Handling PREPREPARE. nReq=84 senderID=3 sn=89
02:59:27.939 DBG Creating new Batch. nReq=84
02:59:27.948 DBG Sending PREPARE. senderID=2 sn=87 view=0
02:59:27.948 DBG Sending PREPARE. senderID=2 sn=89 view=0
02:59:27.949 DBG Sending COMMIT. senderID=2 sn=88 view=0
02:59:27.950 DBG Sending COMMIT. senderID=2 sn=87 view=0
02:59:27.951 INF Committed entry. latency=0 nReq=88 sn=88
02:59:27.951 DBG Starting timer. sn=91 view=0
02:59:27.951 DBG Sending COMMIT. senderID=2 sn=89 view=0
02:59:27.952 INF Committed entry. latency=0 nReq=84 sn=89
02:59:27.952 DBG Starting timer. sn=92 view=0
02:59:27.952 INF Committed entry. latency=0 nReq=85 sn=87
02:59:27.952 INF Delivered batch. nReq=85 sn=87
02:59:27.953 INF Delivered batch. nReq=88 sn=88
02:59:27.953 INF Delivered batch. nReq=84 sn=89
02:59:27.953 DBG Starting timer. sn=90 view=0
02:59:28.928 DBG Batch ready. batchSize=4096
02:59:28.928 DBG Batch cut. left=0 nBuckets=22 nReq=88 next=0
02:59:28.928 DBG Waiting for batch. batchSize=4096
02:59:28.930 INF Sending PREPREPARE. nReq=88 senderID=2 sn=91 view=0
02:59:28.937 INF Handling PREPREPARE. nReq=84 senderID=0 sn=90
02:59:28.937 DBG Creating new Batch. nReq=84
02:59:28.940 INF Handling PREPREPARE. nReq=84 senderID=3 sn=92
02:59:28.940 DBG Creating new Batch. nReq=84
02:59:28.947 DBG Sending PREPARE. senderID=2 sn=90 view=0
02:59:28.948 DBG Sending COMMIT. senderID=2 sn=90 view=0
02:59:28.949 DBG Sending PREPARE. senderID=2 sn=92 view=0
02:59:28.949 INF Committed entry. latency=0 nReq=84 sn=90
02:59:28.949 INF Delivered batch. nReq=84 sn=90
02:59:28.950 DBG Starting timer. sn=93 view=0
02:59:28.950 DBG Sending COMMIT. senderID=2 sn=91 view=0
02:59:28.951 INF Committed entry. latency=0 nReq=88 sn=91
02:59:28.951 INF Delivered batch. nReq=88 sn=91
02:59:28.952 DBG Starting timer. sn=94 view=0
02:59:28.952 DBG Sending COMMIT. senderID=2 sn=92 view=0
02:59:28.953 INF Committed entry. latency=0 nReq=84 sn=92
02:59:28.954 INF Delivered batch. nReq=84 sn=92
02:59:28.954 DBG Starting timer. sn=95 view=0
02:59:29.929 DBG Batch ready. batchSize=4096
02:59:29.930 DBG Batch cut. left=0 nBuckets=22 nReq=89 next=0
02:59:29.930 DBG Waiting for batch. batchSize=4096
02:59:29.932 INF Sending PREPREPARE. nReq=89 senderID=2 sn=94 view=0
02:59:29.938 INF Handling PREPREPARE. nReq=84 senderID=0 sn=93
02:59:29.938 DBG Creating new Batch. nReq=84
02:59:29.942 INF Handling PREPREPARE. nReq=84 senderID=3 sn=95
02:59:29.942 DBG Creating new Batch. nReq=84
02:59:29.949 DBG Sending PREPARE. senderID=2 sn=93 view=0
02:59:29.951 DBG Sending COMMIT. senderID=2 sn=93 view=0
02:59:29.952 INF Committed entry. latency=0 nReq=84 sn=93
02:59:29.952 INF Delivered batch. nReq=84 sn=93
02:59:29.952 DBG Starting timer. sn=96 view=0
02:59:29.953 DBG Sending COMMIT. senderID=2 sn=94 view=0
02:59:29.954 DBG Sending PREPARE. senderID=2 sn=95 view=0
02:59:29.954 DBG Sending COMMIT. senderID=2 sn=95 view=0
02:59:29.955 INF Committed entry. latency=0 nReq=89 sn=94
02:59:29.955 INF Delivered batch. nReq=89 sn=94
02:59:29.955 DBG Starting timer. sn=97 view=0
02:59:29.956 INF Committed entry. latency=0 nReq=84 sn=95
02:59:29.956 INF Delivered batch. nReq=84 sn=95
02:59:29.956 DBG Starting timer. sn=98 view=0
02:59:30.929 INF Connection terminated. error="rpc error: code = Canceled desc = context canceled" address=127.0.0.1:53688
02:59:30.931 DBG Batch ready. batchSize=4096
02:59:30.938 DBG Batch cut. left=0 nBuckets=22 nReq=0 next=0
02:59:30.938 INF Finished sending bucket assignments to client. clId=0
02:59:30.938 INF Sending PREPREPARE. nReq=0 senderID=2 sn=97 view=0
02:59:30.938 DBG Waiting for batch. batchSize=4096
02:59:30.939 INF Handling PREPREPARE. nReq=0 senderID=3 sn=98
02:59:30.939 DBG Creating new Batch. nReq=0
02:59:30.939 INF Handling PREPREPARE. nReq=0 senderID=0 sn=96
02:59:30.939 DBG Sending PREPARE. senderID=2 sn=98 view=0
02:59:30.940 DBG Creating new Batch. nReq=0
02:59:30.940 DBG Sending PREPARE. senderID=2 sn=96 view=0
02:59:30.942 DBG Sending COMMIT. senderID=2 sn=98 view=0
02:59:30.942 DBG Sending COMMIT. senderID=2 sn=96 view=0
02:59:30.942 DBG Sending COMMIT. senderID=2 sn=97 view=0
02:59:30.944 INF Committed entry. latency=0 nReq=0 sn=98
02:59:30.944 INF Committed entry. latency=0 nReq=0 sn=96
02:59:30.944 INF Delivered batch. nReq=0 sn=96
02:59:30.944 INF Committed entry. latency=0 nReq=0 sn=97
02:59:30.944 INF Delivered batch. nReq=0 sn=97
02:59:30.944 INF Delivered batch. nReq=0 sn=98
02:59:30.944 DBG Starting timer. sn=101 view=0
02:59:30.944 DBG Starting timer. sn=99 view=0
02:59:30.944 DBG Starting timer. sn=100 view=0
02:59:31.294 INF Stopping profiler.
02:59:31.294 INF Stopping Tracer. events=205 fileName=experiment-output/0001/slave-004/peer.trc
==================
WARNING: DATA RACE
Read at 0x00c000958000 by goroutine 115:
  runtime.racereadrange()
      <autogenerated>:1 +0x1b
  github.com/hyperledger-labs/mirbft/tracing.(*BufferedTrace).StopOnSignal.func1()
      /opt/gopath/src/github.com/hyperledger-labs/mirbft/tracing/bufferedtrace.go:298 +0x4e

Previous write at 0x00c000958000 by goroutine 410:
  github.com/hyperledger-labs/mirbft/tracing.(*BufferedTrace).Event()
      /opt/gopath/src/github.com/hyperledger-labs/mirbft/tracing/bufferedtrace.go:105 +0x2d9
  github.com/hyperledger-labs/mirbft/manager.(*MirManager).handleLogEntries()
      /opt/gopath/src/github.com/hyperledger-labs/mirbft/manager/mirmanager.go:139 +0x1d8
  github.com/hyperledger-labs/mirbft/manager.(*MirManager).Startdwrap7()
      /opt/gopath/src/github.com/hyperledger-labs/mirbft/manager/mirmanager.go:101 +0x47

Goroutine 115 (running) created at:
  github.com/hyperledger-labs/mirbft/tracing.(*BufferedTrace).StopOnSignal()
      /opt/gopath/src/github.com/hyperledger-labs/mirbft/tracing/bufferedtrace.go:292 +0x172
  main.setUpTracing()
      /opt/gopath/src/github.com/hyperledger-labs/mirbft/cmd/orderingpeer/main.go:204 +0xf5
  main.main()
      /opt/gopath/src/github.com/hyperledger-labs/mirbft/cmd/orderingpeer/main.go:98 +0x9d6

Goroutine 410 (running) created at:
  github.com/hyperledger-labs/mirbft/manager.(*MirManager).Start()
      /opt/gopath/src/github.com/hyperledger-labs/mirbft/manager/mirmanager.go:101 +0x19e
  main.maindwrap4()
      /opt/gopath/src/github.com/hyperledger-labs/mirbft/cmd/orderingpeer/main.go:168 +0x59
==================
==================
WARNING: DATA RACE
Read at 0x00c000959ef0 by goroutine 115:
  runtime.racereadrange()
      <autogenerated>:1 +0x1b
  github.com/hyperledger-labs/mirbft/tracing.(*BufferedTrace).StopOnSignal.func1()
      /opt/gopath/src/github.com/hyperledger-labs/mirbft/tracing/bufferedtrace.go:298 +0x4e

Previous write at 0x00c000959ef0 by goroutine 378:
  github.com/hyperledger-labs/mirbft/tracing.(*BufferedTrace).Event()
      /opt/gopath/src/github.com/hyperledger-labs/mirbft/tracing/bufferedtrace.go:105 +0x2d9
  github.com/hyperledger-labs/mirbft/messenger.NewBatchedConnection.func1()
      /opt/gopath/src/github.com/hyperledger-labs/mirbft/messenger/peerconnection.go:397 +0x3b6
  github.com/hyperledger-labs/mirbft/util.(*ChannelBuffer).PeriodicFunc.func1()
      /opt/gopath/src/github.com/hyperledger-labs/mirbft/util/channelbuffer.go:80 +0xbd

Goroutine 115 (running) created at:
  github.com/hyperledger-labs/mirbft/tracing.(*BufferedTrace).StopOnSignal()
      /opt/gopath/src/github.com/hyperledger-labs/mirbft/tracing/bufferedtrace.go:292 +0x172
  main.setUpTracing()
      /opt/gopath/src/github.com/hyperledger-labs/mirbft/cmd/orderingpeer/main.go:204 +0xf5
  main.main()
      /opt/gopath/src/github.com/hyperledger-labs/mirbft/cmd/orderingpeer/main.go:98 +0x9d6

Goroutine 378 (running) created at:
  github.com/hyperledger-labs/mirbft/util.(*ChannelBuffer).PeriodicFunc()
      /opt/gopath/src/github.com/hyperledger-labs/mirbft/util/channelbuffer.go:78 +0xef
  github.com/hyperledger-labs/mirbft/messenger.NewBatchedConnection()
      /opt/gopath/src/github.com/hyperledger-labs/mirbft/messenger/peerconnection.go:370 +0x19c
  github.com/hyperledger-labs/mirbft/messenger.connectToPeer()
      /opt/gopath/src/github.com/hyperledger-labs/mirbft/messenger/peers.go:337 +0x8f6
  github.com/hyperledger-labs/mirbft/messenger.Connect.func2()
      /opt/gopath/src/github.com/hyperledger-labs/mirbft/messenger/peers.go:233 +0x37
  github.com/hyperledger-labs/mirbft/messenger.Connectdwrap9()
      /opt/gopath/src/github.com/hyperledger-labs/mirbft/messenger/peers.go:235 +0x44
==================
==================
WARNING: DATA RACE
Read at 0x00c000959fe0 by goroutine 115:
  runtime.racereadrange()
      <autogenerated>:1 +0x1b
  github.com/hyperledger-labs/mirbft/tracing.(*BufferedTrace).StopOnSignal.func1()
      /opt/gopath/src/github.com/hyperledger-labs/mirbft/tracing/bufferedtrace.go:298 +0x4e

Previous write at 0x00c000959fe0 by goroutine 114:
  github.com/hyperledger-labs/mirbft/tracing.(*BufferedTrace).Event()
      /opt/gopath/src/github.com/hyperledger-labs/mirbft/tracing/bufferedtrace.go:105 +0x2d9
  github.com/hyperledger-labs/mirbft/profiling.StartCPUTracing.func1()
      /opt/gopath/src/github.com/hyperledger-labs/mirbft/profiling/cpuusage.go:31 +0x95

Goroutine 115 (running) created at:
  github.com/hyperledger-labs/mirbft/tracing.(*BufferedTrace).StopOnSignal()
      /opt/gopath/src/github.com/hyperledger-labs/mirbft/tracing/bufferedtrace.go:292 +0x172
  main.setUpTracing()
      /opt/gopath/src/github.com/hyperledger-labs/mirbft/cmd/orderingpeer/main.go:204 +0xf5
  main.main()
      /opt/gopath/src/github.com/hyperledger-labs/mirbft/cmd/orderingpeer/main.go:98 +0x9d6

Goroutine 114 (running) created at:
  github.com/hyperledger-labs/mirbft/profiling.StartCPUTracing()
      /opt/gopath/src/github.com/hyperledger-labs/mirbft/profiling/cpuusage.go:28 +0xb6
  main.setUpTracing()
      /opt/gopath/src/github.com/hyperledger-labs/mirbft/cmd/orderingpeer/main.go:196 +0x85
  main.main()
      /opt/gopath/src/github.com/hyperledger-labs/mirbft/cmd/orderingpeer/main.go:98 +0x9d6
==================
02:59:31.298 INF Trace data written.
02:59:31.341 INF Profile data written. filename=experiment-output/0001/slave-004/prof.cpu name=cpu
02:59:31.415 INF Profile data written. filename=experiment-output/0001/slave-004/prof.block name=block
02:59:31.454 INF Profile data written. filename=experiment-output/0001/slave-004/prof.mutex name=mutex
