{"level":"debug","Logging":"debug","time":"2022-09-22T18:05:57+08:00","message":"Config"}
{"level":"debug","UseTLS":false,"time":"2022-09-22T18:05:57+08:00","message":"Config"}
{"level":"debug","CACertFile":"tls-data/ca.pem","time":"2022-09-22T18:05:57+08:00","message":"Config"}
{"level":"debug","KeyFile":"tls-data/auth.key","time":"2022-09-22T18:05:57+08:00","message":"Config"}
{"level":"debug","CertFile":"tls-data/auth.pem","time":"2022-09-22T18:05:57+08:00","message":"Config"}
{"level":"debug","PriorityConnections":2,"time":"2022-09-22T18:05:57+08:00","message":"Config"}
{"level":"debug","BasicConnections":2,"time":"2022-09-22T18:05:57+08:00","message":"Config"}
{"level":"debug","TestConnections":false,"time":"2022-09-22T18:05:57+08:00","message":"Config"}
{"level":"debug","ExcessConnections":1,"time":"2022-09-22T18:05:57+08:00","message":"Config"}
{"level":"debug","ConnectionTestMsgs":4,"time":"2022-09-22T18:05:57+08:00","message":"Config"}
{"level":"debug","ConnectionTestPayload":131072,"time":"2022-09-22T18:05:57+08:00","message":"Config"}
{"level":"debug","OutMessageBufsize":1024,"time":"2022-09-22T18:05:57+08:00","message":"Config"}
{"level":"debug","OutMessageBufsize":2,"time":"2022-09-22T18:05:57+08:00","message":"Config"}
{"level":"debug","ThroughputCap":131072000,"time":"2022-09-22T18:05:57+08:00","message":"Config"}
{"level":"debug","StragglerTolerance":1000,"time":"2022-09-22T18:05:57+08:00","message":"Config"}
{"level":"debug","BatchSizeIncrement":256,"time":"2022-09-22T18:05:57+08:00","message":"Config"}
{"level":"debug","Orderer":"Pbft","time":"2022-09-22T18:05:57+08:00","message":"Config"}
{"level":"debug","Manager":"Mir","time":"2022-09-22T18:05:57+08:00","message":"Config"}
{"level":"debug","Failures":2,"time":"2022-09-22T18:05:57+08:00","message":"Config"}
{"level":"debug","CrashTiming":"Straggler","time":"2022-09-22T18:05:57+08:00","message":"Config"}
{"level":"debug","CheckpointInterval":256,"time":"2022-09-22T18:05:57+08:00","message":"Config"}
{"level":"debug","WatermarkWindowSize":256,"time":"2022-09-22T18:05:57+08:00","message":"Config"}
{"level":"debug","EpochLength":256,"time":"2022-09-22T18:05:57+08:00","message":"Config"}
{"level":"debug","SegmentLength":32,"time":"2022-09-22T18:05:57+08:00","message":"Config"}
{"level":"debug","WaitForCheckpoints":true,"time":"2022-09-22T18:05:57+08:00","message":"Config"}
{"level":"debug","ClientWatermarkWindowSize":4194304,"time":"2022-09-22T18:05:57+08:00","message":"Config"}
{"level":"debug","ClientRequestBacklogSize":4194304,"time":"2022-09-22T18:05:57+08:00","message":"Config"}
{"level":"debug","RandomSeed":3884,"time":"2022-09-22T18:05:57+08:00","message":"Config"}
{"level":"debug","NodeToLeaderRatio":1,"time":"2022-09-22T18:05:57+08:00","message":"Config"}
{"level":"debug","LeaderPolicy":"SimulatedRandomFailures","time":"2022-09-22T18:05:57+08:00","message":"Config"}
{"level":"debug","DefaultLeaderBan":2,"time":"2022-09-22T18:05:57+08:00","message":"Config"}
{"level":"debug","NumBuckets":128,"time":"2022-09-22T18:05:57+08:00","message":"Config"}
{"level":"debug","BatchSize":1000,"time":"2022-09-22T18:05:57+08:00","message":"Config"}
{"level":"debug","DisabledViewChange":false,"time":"2022-09-22T18:05:57+08:00","message":"Config"}
{"level":"debug","ViewChangeTimeout":60000,"time":"2022-09-22T18:05:57+08:00","message":"Config"}
{"level":"debug","ClientTraceSampling":10,"time":"2022-09-22T18:05:57+08:00","message":"Config"}
{"level":"debug","EventBufferSize":2097152,"time":"2022-09-22T18:05:57+08:00","message":"Config"}
{"level":"debug","TraceSampling":1,"time":"2022-09-22T18:05:57+08:00","message":"Config"}
{"level":"debug","ClientsPerProcess":1,"time":"2022-09-22T18:05:57+08:00","message":"Config"}
{"level":"debug","RequestsPerClient":15360,"time":"2022-09-22T18:05:57+08:00","message":"Config"}
{"level":"debug","ClientRunTime":30000,"time":"2022-09-22T18:05:57+08:00","message":"Config"}
{"level":"debug","RequestRate":256,"time":"2022-09-22T18:05:57+08:00","message":"Config"}
{"level":"debug","HardRequestRateLimit":false,"time":"2022-09-22T18:05:57+08:00","message":"Config"}
{"level":"debug","RequestPayloadSize":500,"time":"2022-09-22T18:05:57+08:00","message":"Config"}
{"level":"debug","SignRequests":true,"time":"2022-09-22T18:05:57+08:00","message":"Config"}
{"level":"debug","ClientPrivKeyFile":"tls-data/client-ecdsa-256.key","time":"2022-09-22T18:05:57+08:00","message":"Config"}
{"level":"debug","ClientPubKeyFile":"tls-data/client-ecdsa-256.pem","time":"2022-09-22T18:05:57+08:00","message":"Config"}
{"level":"debug","PrecomputeRequests":false,"time":"2022-09-22T18:05:57+08:00","message":"Config"}
{"level":"debug","RequestHandlerThreads":32,"time":"2022-09-22T18:05:57+08:00","message":"Config"}
{"level":"debug","RequestInputChannelBuffer":8192,"time":"2022-09-22T18:05:57+08:00","message":"Config"}
{"level":"debug","BatchVerifier":"external","time":"2022-09-22T18:05:57+08:00","message":"Config"}
10:05:57.432 INF Registered with discovery server. numPeers=8 ownID=0
10:05:57.433 INF Profiling enabled.
10:05:57.433 INF Setting up profiling.
10:05:57.434 INF Started Profiler: CPU
10:05:57.434 INF Started Profiler: BLOCK
10:05:57.434 INF Started Profiler: MUTEX
10:05:57.434 INF Profiler will stop on signal. exit=true
10:05:57.436 INF Tracing will stop on signal. exit=false
10:05:57.436 INF Started tracing. traceFile=experiment-output/0000/slave-005/peer.trc
10:05:57.437 DBG Starting backlog.
10:05:57.438 INF Listening for connections. port=10000 useTLS=false
10:05:57.439 INF Connecting to peer. addr=127.0.0.1:10022 basicConns=2 priorityConns=2
10:05:57.439 INF Connecting to peer. addr=127.0.0.1:10000 basicConns=2 priorityConns=2
10:05:57.439 INF Connecting to peer. addr=127.0.0.1:10044 basicConns=2 priorityConns=2
10:05:57.439 INF Connecting to peer. addr=127.0.0.1:10011 basicConns=2 priorityConns=2
10:05:57.439 INF Connecting to peer. addr=127.0.0.1:10033 basicConns=2 priorityConns=2
10:05:57.441 INF Connecting to peer. addr=127.0.0.1:10055 basicConns=2 priorityConns=2
10:05:57.443 INF Connecting to peer. addr=127.0.0.1:10066 basicConns=2 priorityConns=2
10:05:57.450 INF Connecting to peer. addr=127.0.0.1:10077 basicConns=2 priorityConns=2
10:05:57.523 INF Incoming connection for protocol messages. addr=127.0.0.1:35076
10:05:57.525 INF Incoming connection for protocol messages. addr=127.0.0.1:34972
10:05:57.531 INF Incoming connection for protocol messages. addr=127.0.0.1:35044
10:05:57.533 INF Incoming connection for protocol messages. addr=127.0.0.1:34976
10:05:57.534 INF Incoming connection for protocol messages. addr=127.0.0.1:35038
10:05:57.534 INF Incoming connection for protocol messages. addr=127.0.0.1:35100
10:05:57.534 INF Incoming connection for protocol messages. addr=127.0.0.1:35036
10:05:57.537 INF Incoming connection for protocol messages. addr=127.0.0.1:35018
10:05:57.538 INF Incoming connection for protocol messages. addr=127.0.0.1:35000
10:05:57.540 INF Incoming connection for protocol messages. addr=127.0.0.1:34988
10:05:57.542 INF Incoming connection for protocol messages. addr=127.0.0.1:35056
10:05:57.544 INF Incoming connection for protocol messages. addr=127.0.0.1:35154
10:05:57.545 INF Incoming connection for protocol messages. addr=127.0.0.1:35178
10:05:57.546 INF Incoming connection for protocol messages. addr=127.0.0.1:35162
10:05:57.548 DBG Connected. peerID=4
10:05:57.548 INF Incoming connection for protocol messages. addr=127.0.0.1:35156
10:05:57.550 INF Incoming connection for protocol messages. addr=127.0.0.1:35208
10:05:57.550 INF Incoming connection for protocol messages. addr=127.0.0.1:35198
10:05:57.551 DBG Connected. peerID=6
10:05:57.551 DBG Connected. peerID=1
10:05:57.552 INF Incoming connection for protocol messages. addr=127.0.0.1:35214
10:05:57.552 DBG Connected. peerID=2
10:05:57.552 INF Incoming connection for protocol messages. addr=127.0.0.1:35222
10:05:57.552 DBG Connected. peerID=5
10:05:57.552 INF Incoming connection for protocol messages. addr=127.0.0.1:35260
10:05:57.553 INF Incoming connection for protocol messages. addr=127.0.0.1:35274
10:05:57.555 INF Incoming connection for protocol messages. addr=127.0.0.1:35304
10:05:57.556 INF Incoming connection for protocol messages. addr=127.0.0.1:35426
10:05:57.556 INF Incoming connection for protocol messages. addr=127.0.0.1:35256
10:05:57.556 INF Incoming connection for protocol messages. addr=127.0.0.1:35402
10:05:57.557 INF Incoming connection for protocol messages. addr=127.0.0.1:35312
10:05:57.557 INF Incoming connection for protocol messages. addr=127.0.0.1:35332
10:05:57.557 INF Incoming connection for protocol messages. addr=127.0.0.1:35326
10:05:57.557 INF Incoming connection for protocol messages. addr=127.0.0.1:35454
10:05:57.557 INF Incoming connection for protocol messages. addr=127.0.0.1:35410
10:05:57.557 INF Incoming connection for protocol messages. addr=127.0.0.1:35308
10:05:57.558 DBG Connected. peerID=0
10:05:57.558 INF Incoming connection for protocol messages. addr=127.0.0.1:35456
10:05:57.560 DBG Connected. peerID=3
10:05:57.567 DBG Connected. peerID=7
10:05:57.567 INF Connected to all peers.
10:05:57.571 INF All peers finished connecting. Starting ISS.
10:05:57.571 DBG Buckets for 0-th leader 0: [0 8 16 24 32 40 48 56 64 72 80 88 96 104 112 120 18 42 66 90 114 12 36 60 84 108]
10:05:57.572 DBG Buckets for 1-th leader 1: [1 9 17 25 33 41 49 57 65 73 81 89 97 105 113 121]
10:05:57.572 DBG Buckets for 2-th leader 3: [3 11 19 27 35 43 51 59 67 75 83 91 99 107 115 123 2 26 50 74 98 122 20 44 68 92 116]
10:05:57.572 DBG Buckets for 3-th leader 5: [5 13 21 29 37 45 53 61 69 77 85 93 101 109 117 125]
10:05:57.572 DBG Buckets for 4-th leader 6: [6 14 22 30 38 46 54 62 70 78 86 94 102 110 118 126 10 34 58 82 106 4 28 52 76 100 124]
10:05:57.572 DBG Buckets for 5-th leader 7: [7 15 23 31 39 47 55 63 71 79 87 95 103 111 119 127]
10:05:57.572 INF PbftOrderer received a new segment: [0 6 12 18 24 30 36 42 48 54 60 66 72 78 84 90 96 102 108 114 120 126 132 138 144 150 156 162 168 174 180 186] first leader=0 firstSN=0 lastSN=186 len=32 length=32 segId=0
10:05:57.573 INF Starting new view. segID=0 timeout=60000 view=0
10:05:57.573 DBG Starting timer. sn=0 view=0
10:05:57.573 INF Starting PBFT instance. first=0 last=186 segID=0
10:05:57.573 DBG Subscribing to backlog. segID=0
10:05:57.573 DBG Leading segment. segID=0
10:05:57.573 INF Starting serialized message processing. segID=0
10:05:57.574 DBG Waiting for batch. batchSize=4096
10:05:57.574 INF PbftOrderer received a new segment: [1 7 13 19 25 31 37 43 49 55 61 67 73 79 85 91 97 103 109 115 121 127 133 139 145 151 157 163 169 175 181 187] first leader=1 firstSN=1 lastSN=187 len=32 length=32 segId=1
10:05:57.574 INF Starting new view. segID=1 timeout=60000 view=0
10:05:57.574 DBG Starting timer. sn=1 view=0
10:05:57.574 INF Starting PBFT instance. first=1 last=187 segID=1
10:05:57.575 INF PbftOrderer received a new segment: [2 8 14 20 26 32 38 44 50 56 62 68 74 80 86 92 98 104 110 116 122 128 134 140 146 152 158 164 170 176 182 188] first leader=3 firstSN=2 lastSN=188 len=32 length=32 segId=2
10:05:57.575 INF Starting new view. segID=2 timeout=60000 view=0
10:05:57.575 DBG Subscribing to backlog. segID=1
10:05:57.575 DBG Starting timer. sn=2 view=0
10:05:57.575 INF Starting serialized message processing. segID=1
10:05:57.575 INF Starting PBFT instance. first=2 last=188 segID=2
10:05:57.575 DBG Subscribing to backlog. segID=2
10:05:57.575 INF Starting serialized message processing. segID=2
10:05:57.575 INF PbftOrderer received a new segment: [3 9 15 21 27 33 39 45 51 57 63 69 75 81 87 93 99 105 111 117 123 129 135 141 147 153 159 165 171 177 183 189] first leader=5 firstSN=3 lastSN=189 len=32 length=32 segId=3
10:05:57.576 INF Starting new view. segID=3 timeout=60000 view=0
10:05:57.576 DBG Starting timer. sn=3 view=0
10:05:57.576 INF Starting PBFT instance. first=3 last=189 segID=3
10:05:57.576 INF PbftOrderer received a new segment: [4 10 16 22 28 34 40 46 52 58 64 70 76 82 88 94 100 106 112 118 124 130 136 142 148 154 160 166 172 178 184 190] first leader=6 firstSN=4 lastSN=190 len=32 length=32 segId=4
10:05:57.577 INF Starting new view. segID=4 timeout=60000 view=0
10:05:57.577 DBG Starting timer. sn=4 view=0
10:05:57.577 DBG Subscribing to backlog. segID=3
10:05:57.577 INF Starting PBFT instance. first=4 last=190 segID=4
10:05:57.577 INF Starting serialized message processing. segID=3
10:05:57.577 DBG Subscribing to backlog. segID=4
10:05:57.577 INF Starting serialized message processing. segID=4
10:05:57.577 INF PbftOrderer received a new segment: [5 11 17 23 29 35 41 47 53 59 65 71 77 83 89 95 101 107 113 119 125 131 137 143 149 155 161 167 173 179 185 191] first leader=7 firstSN=5 lastSN=191 len=32 length=32 segId=5
10:05:57.578 INF Starting new view. segID=5 timeout=60000 view=0
10:05:57.578 DBG Starting timer. sn=5 view=0
10:05:57.578 INF Starting PBFT instance. first=5 last=191 segID=5
10:05:57.578 DBG Subscribing to backlog. segID=5
10:05:57.578 INF Starting serialized message processing. segID=5
10:05:57.603 INF Connection terminated. error="rpc error: code = Canceled desc = context canceled" address=127.0.0.1:35044
10:05:57.603 INF Connection terminated. error="rpc error: code = Canceled desc = context canceled" address=127.0.0.1:35018
10:05:57.604 INF Connection terminated. error="rpc error: code = Canceled desc = context canceled" address=127.0.0.1:35076
10:05:57.603 INF Connection terminated. error="rpc error: code = Canceled desc = context canceled" address=127.0.0.1:35038
10:05:57.606 INF Connection terminated. error="rpc error: code = Canceled desc = context canceled" address=127.0.0.1:35100
10:05:57.606 INF Connection terminated. error="rpc error: code = Canceled desc = context canceled" address=127.0.0.1:35198
10:05:57.606 INF Connection terminated. error="rpc error: code = Canceled desc = context canceled" address=127.0.0.1:35260
10:05:57.606 INF Connection terminated. error="rpc error: code = Canceled desc = context canceled" address=127.0.0.1:35000
10:05:59.611 INF Incoming connection for requests. addr=127.0.0.1:35504
10:06:27.574 DBG Batch ready. batchSize=4096
10:06:27.576 DBG Batch cut. left=0 nBuckets=26 nReq=1454 next=0
10:06:27.576 DBG Waiting for batch. batchSize=4096
10:06:27.634 INF Sending PREPREPARE. nReq=1454 senderID=0 sn=0 view=0
10:06:27.730 INF Handling PREPREPARE. nReq=894 senderID=5 sn=3
10:06:27.730 DBG Creating new Batch. nReq=894
10:06:27.733 INF Handling PREPREPARE. nReq=895 senderID=1 sn=1
10:06:27.733 DBG Creating new Batch. nReq=895
10:06:27.743 INF Handling PREPREPARE. nReq=894 senderID=7 sn=5
10:06:27.744 DBG Creating new Batch. nReq=894
10:06:27.803 ERR Failed to send protocol message. Dropping all future outgoing protocol messages. error=EOF
10:06:27.860 ERR Failed to send protocol message. Dropping all future outgoing protocol messages. error=EOF
10:06:27.964 INF Handling PREPREPARE. nReq=1509 senderID=6 sn=4
10:06:27.964 DBG Creating new Batch. nReq=1509
10:06:27.988 INF Handling PREPREPARE. nReq=1508 senderID=3 sn=2
10:06:27.989 DBG Creating new Batch. nReq=1508
10:06:28.074 DBG Sending PREPARE. senderID=0 sn=5 view=0
10:06:28.074 DBG func sendPrepare prepare Tn. sn=5 tn=5
10:06:28.143 DBG Sending PREPARE. senderID=0 sn=3 view=0
10:06:28.143 DBG func sendPrepare prepare Tn. sn=3 tn=3
10:06:28.144 DBG Sending COMMIT. senderID=0 sn=3 view=0
10:06:28.180 DBG Sending PREPARE. senderID=0 sn=1 view=0
10:06:28.180 DBG func sendPrepare prepare Tn. sn=1 tn=1
10:06:28.200 INF Committed entry. latency=0 nReq=894 sn=3
10:06:28.200 DBG Starting timer. sn=9 view=0
10:06:28.216 DBG Sending COMMIT. senderID=0 sn=5 view=0
10:06:28.227 INF Committed entry. latency=0 nReq=894 sn=5
10:06:28.227 DBG Starting timer. sn=11 view=0
10:06:28.239 DBG Sending COMMIT. senderID=0 sn=1 view=0
10:06:28.246 INF Committed entry. latency=0 nReq=895 sn=1
10:06:28.246 DBG Starting timer. sn=7 view=0
10:06:28.273 DBG Sending PREPARE. senderID=0 sn=4 view=0
10:06:28.273 DBG func sendPrepare prepare Tn. sn=4 tn=4
10:06:28.300 DBG Sending PREPARE. senderID=0 sn=2 view=0
10:06:28.301 DBG func sendPrepare prepare Tn. sn=2 tn=2
10:06:28.334 DBG Sending COMMIT. senderID=0 sn=4 view=0
10:06:28.334 DBG Sending COMMIT. senderID=0 sn=2 view=0
10:06:28.339 INF Committed entry. latency=0 nReq=1508 sn=2
10:06:28.339 INF Committed entry. latency=0 nReq=1509 sn=4
10:06:28.339 DBG Starting timer. sn=8 view=0
10:06:28.339 DBG Starting timer. sn=10 view=0
10:06:28.346 DBG Sending COMMIT. senderID=0 sn=0 view=0
10:06:28.351 INF Committed entry. latency=0 nReq=1454 sn=0
10:06:28.351 INF Delivered batch. nReq=1454 sn=0
10:06:28.351 INF Delivered batch. nReq=895 sn=1
10:06:28.351 INF Delivered batch. nReq=1508 sn=2
10:06:28.351 INF Delivered batch. nReq=894 sn=3
10:06:28.352 INF Delivered batch. nReq=1509 sn=4
10:06:28.352 INF Delivered batch. nReq=894 sn=5
10:06:28.352 DBG Starting timer. sn=6 view=0
10:06:57.578 DBG Batch ready. batchSize=4096
10:06:57.579 DBG Batch cut. left=0 nBuckets=26 nReq=107 next=0
10:06:57.579 DBG Waiting for batch. batchSize=4096
10:06:57.583 INF Sending PREPREPARE. nReq=107 senderID=0 sn=6 view=0
10:06:57.593 INF Handling PREPREPARE. nReq=66 senderID=5 sn=9
10:06:57.594 DBG Creating new Batch. nReq=66
10:06:57.599 INF Handling PREPREPARE. nReq=66 senderID=7 sn=11
10:06:57.600 DBG Creating new Batch. nReq=66
10:06:57.608 INF Handling PREPREPARE. nReq=111 senderID=6 sn=10
10:06:57.609 DBG Creating new Batch. nReq=111
10:06:57.611 INF Handling PREPREPARE. nReq=112 senderID=3 sn=8
10:06:57.612 DBG Creating new Batch. nReq=112
10:06:57.616 DBG Sending PREPARE. senderID=0 sn=11 view=0
10:06:57.616 DBG func sendPrepare prepare Tn. sn=11 tn=11
10:06:57.621 DBG Sending PREPARE. senderID=0 sn=9 view=0
10:06:57.621 DBG func sendPrepare prepare Tn. sn=9 tn=9
10:06:57.621 DBG Sending COMMIT. senderID=0 sn=9 view=0
10:06:57.626 DBG Sending COMMIT. senderID=0 sn=11 view=0
10:06:57.629 INF Committed entry. latency=0 nReq=66 sn=11
10:06:57.630 DBG Starting timer. sn=17 view=0
10:06:57.630 INF Committed entry. latency=0 nReq=66 sn=9
10:06:57.630 DBG Starting timer. sn=15 view=0
10:06:57.637 DBG Sending PREPARE. senderID=0 sn=8 view=0
10:06:57.637 DBG func sendPrepare prepare Tn. sn=8 tn=8
10:06:57.642 DBG Sending PREPARE. senderID=0 sn=10 view=0
10:06:57.643 DBG func sendPrepare prepare Tn. sn=10 tn=10
10:06:57.646 INF Handling PREPREPARE. nReq=66 senderID=1 sn=7
10:06:57.647 DBG Creating new Batch. nReq=66
10:06:57.647 DBG Sending COMMIT. senderID=0 sn=10 view=0
10:06:57.650 DBG Sending COMMIT. senderID=0 sn=6 view=0
10:06:57.651 DBG Sending COMMIT. senderID=0 sn=8 view=0
10:06:57.653 INF Committed entry. latency=0 nReq=111 sn=10
10:06:57.653 DBG Starting timer. sn=16 view=0
10:06:57.654 INF Committed entry. latency=0 nReq=107 sn=6
10:06:57.654 INF Committed entry. latency=0 nReq=112 sn=8
10:06:57.654 INF Delivered batch. nReq=107 sn=6
10:06:57.654 DBG Starting timer. sn=12 view=0
10:06:57.654 DBG Starting timer. sn=14 view=0
10:06:57.659 DBG Sending PREPARE. senderID=0 sn=7 view=0
10:06:57.659 DBG func sendPrepare prepare Tn. sn=7 tn=7
10:06:57.661 DBG Sending COMMIT. senderID=0 sn=7 view=0
10:06:57.663 INF Committed entry. latency=0 nReq=66 sn=7
10:06:57.663 INF Delivered batch. nReq=66 sn=7
10:06:57.663 INF Delivered batch. nReq=112 sn=8
10:06:57.663 INF Delivered batch. nReq=66 sn=9
10:06:57.663 INF Delivered batch. nReq=111 sn=10
10:06:57.663 INF Delivered batch. nReq=66 sn=11
10:06:57.663 DBG Starting timer. sn=13 view=0
10:06:58.645 INF Connection terminated. error="rpc error: code = Canceled desc = context canceled" address=127.0.0.1:35504
10:06:58.645 INF Finished sending bucket assignments to client. clId=0
10:06:59.076 INF Stopping profiler.
10:06:59.076 INF Stopping Tracer. events=144 fileName=experiment-output/0000/slave-005/peer.trc
==================
WARNING: DATA RACE
Read at 0x00c000aa0000 by goroutine 115:
  runtime.racereadrange()
      <autogenerated>:1 +0x1b
  github.com/hyperledger-labs/mirbft/tracing.(*BufferedTrace).StopOnSignal.func1()
      /opt/gopath/src/github.com/hyperledger-labs/mirbft/tracing/bufferedtrace.go:298 +0x4e

Previous write at 0x00c000aa0000 by goroutine 151:
  github.com/hyperledger-labs/mirbft/tracing.(*BufferedTrace).Event()
      /opt/gopath/src/github.com/hyperledger-labs/mirbft/tracing/bufferedtrace.go:105 +0x2d9
  github.com/hyperledger-labs/mirbft/manager.(*MirManager).handleLogEntries()
      /opt/gopath/src/github.com/hyperledger-labs/mirbft/manager/mirmanager.go:139 +0x1d8
  github.com/hyperledger-labs/mirbft/manager.(*MirManager).Start路dwrap路7()
      /opt/gopath/src/github.com/hyperledger-labs/mirbft/manager/mirmanager.go:101 +0x47

Goroutine 115 (running) created at:
  github.com/hyperledger-labs/mirbft/tracing.(*BufferedTrace).StopOnSignal()
      /opt/gopath/src/github.com/hyperledger-labs/mirbft/tracing/bufferedtrace.go:292 +0x172
  main.setUpTracing()
      /opt/gopath/src/github.com/hyperledger-labs/mirbft/cmd/orderingpeer/main.go:204 +0xf5
  main.main()
      /opt/gopath/src/github.com/hyperledger-labs/mirbft/cmd/orderingpeer/main.go:98 +0x9d6

Goroutine 151 (running) created at:
  github.com/hyperledger-labs/mirbft/manager.(*MirManager).Start()
      /opt/gopath/src/github.com/hyperledger-labs/mirbft/manager/mirmanager.go:101 +0x19e
  main.main路dwrap路4()
      /opt/gopath/src/github.com/hyperledger-labs/mirbft/cmd/orderingpeer/main.go:168 +0x59
==================
==================
WARNING: DATA RACE
Read at 0x00c000aa1658 by goroutine 115:
  runtime.racereadrange()
      <autogenerated>:1 +0x1b
  github.com/hyperledger-labs/mirbft/tracing.(*BufferedTrace).StopOnSignal.func1()
      /opt/gopath/src/github.com/hyperledger-labs/mirbft/tracing/bufferedtrace.go:298 +0x4e

Previous write at 0x00c000aa1658 by goroutine 114:
  github.com/hyperledger-labs/mirbft/tracing.(*BufferedTrace).Event()
      /opt/gopath/src/github.com/hyperledger-labs/mirbft/tracing/bufferedtrace.go:105 +0x2d9
  github.com/hyperledger-labs/mirbft/profiling.StartCPUTracing.func1()
      /opt/gopath/src/github.com/hyperledger-labs/mirbft/profiling/cpuusage.go:31 +0x95

Goroutine 115 (running) created at:
  github.com/hyperledger-labs/mirbft/tracing.(*BufferedTrace).StopOnSignal()
      /opt/gopath/src/github.com/hyperledger-labs/mirbft/tracing/bufferedtrace.go:292 +0x172
  main.setUpTracing()
      /opt/gopath/src/github.com/hyperledger-labs/mirbft/cmd/orderingpeer/main.go:204 +0xf5
  main.main()
      /opt/gopath/src/github.com/hyperledger-labs/mirbft/cmd/orderingpeer/main.go:98 +0x9d6

Goroutine 114 (running) created at:
  github.com/hyperledger-labs/mirbft/profiling.StartCPUTracing()
      /opt/gopath/src/github.com/hyperledger-labs/mirbft/profiling/cpuusage.go:28 +0xb6
  main.setUpTracing()
      /opt/gopath/src/github.com/hyperledger-labs/mirbft/cmd/orderingpeer/main.go:196 +0x85
  main.main()
      /opt/gopath/src/github.com/hyperledger-labs/mirbft/cmd/orderingpeer/main.go:98 +0x9d6
==================
10:06:59.079 INF Trace data written.
10:06:59.236 INF Connection terminated. error="rpc error: code = Canceled desc = context canceled" address=127.0.0.1:35326
10:06:59.235 INF Connection terminated. error="rpc error: code = Canceled desc = context canceled" address=127.0.0.1:35454
10:06:59.236 INF Connection terminated. error="rpc error: code = Canceled desc = context canceled" address=127.0.0.1:35208
10:06:59.236 INF Connection terminated. error="rpc error: code = Canceled desc = context canceled" address=127.0.0.1:35402
10:06:59.236 INF Profile data written. filename=experiment-output/0000/slave-005/prof.cpu name=cpu
10:06:59.298 INF Connection terminated. error="rpc error: code = Canceled desc = context canceled" address=127.0.0.1:35308
10:06:59.298 INF Connection terminated. error="rpc error: code = Canceled desc = context canceled" address=127.0.0.1:35222
10:06:59.298 INF Connection terminated. error="rpc error: code = Canceled desc = context canceled" address=127.0.0.1:34988
10:06:59.299 INF Connection terminated. error="rpc error: code = Canceled desc = context canceled" address=127.0.0.1:35156
10:06:59.301 INF Profile data written. filename=experiment-output/0000/slave-005/prof.block name=block
10:06:59.329 INF Profile data written. filename=experiment-output/0000/slave-005/prof.mutex name=mutex
