{"level":"debug","Logging":"debug","time":"2022-08-10T11:33:54+08:00","message":"Config"}
{"level":"debug","UseTLS":false,"time":"2022-08-10T11:33:54+08:00","message":"Config"}
{"level":"debug","CACertFile":"tls-data/ca.pem","time":"2022-08-10T11:33:54+08:00","message":"Config"}
{"level":"debug","KeyFile":"tls-data/auth.key","time":"2022-08-10T11:33:54+08:00","message":"Config"}
{"level":"debug","CertFile":"tls-data/auth.pem","time":"2022-08-10T11:33:54+08:00","message":"Config"}
{"level":"debug","PriorityConnections":2,"time":"2022-08-10T11:33:54+08:00","message":"Config"}
{"level":"debug","BasicConnections":4,"time":"2022-08-10T11:33:54+08:00","message":"Config"}
{"level":"debug","TestConnections":false,"time":"2022-08-10T11:33:54+08:00","message":"Config"}
{"level":"debug","ExcessConnections":1,"time":"2022-08-10T11:33:54+08:00","message":"Config"}
{"level":"debug","ConnectionTestMsgs":4,"time":"2022-08-10T11:33:54+08:00","message":"Config"}
{"level":"debug","ConnectionTestPayload":131072,"time":"2022-08-10T11:33:54+08:00","message":"Config"}
{"level":"debug","OutMessageBufsize":1024,"time":"2022-08-10T11:33:54+08:00","message":"Config"}
{"level":"debug","OutMessageBufsize":1,"time":"2022-08-10T11:33:54+08:00","message":"Config"}
{"level":"debug","ThroughputCap":131072000,"time":"2022-08-10T11:33:54+08:00","message":"Config"}
{"level":"debug","StragglerTolerance":1000,"time":"2022-08-10T11:33:54+08:00","message":"Config"}
{"level":"debug","BatchSizeIncrement":256,"time":"2022-08-10T11:33:54+08:00","message":"Config"}
{"level":"debug","Orderer":"Pbft","time":"2022-08-10T11:33:54+08:00","message":"Config"}
{"level":"debug","Manager":"Mir","time":"2022-08-10T11:33:54+08:00","message":"Config"}
{"level":"debug","Failures":0,"time":"2022-08-10T11:33:54+08:00","message":"Config"}
{"level":"debug","CrashTiming":"Straggler","time":"2022-08-10T11:33:54+08:00","message":"Config"}
{"level":"debug","CheckpointInterval":256,"time":"2022-08-10T11:33:54+08:00","message":"Config"}
{"level":"debug","WatermarkWindowSize":256,"time":"2022-08-10T11:33:54+08:00","message":"Config"}
{"level":"debug","EpochLength":256,"time":"2022-08-10T11:33:54+08:00","message":"Config"}
{"level":"debug","SegmentLength":256,"time":"2022-08-10T11:33:54+08:00","message":"Config"}
{"level":"debug","WaitForCheckpoints":true,"time":"2022-08-10T11:33:54+08:00","message":"Config"}
{"level":"debug","ClientWatermarkWindowSize":4194304,"time":"2022-08-10T11:33:54+08:00","message":"Config"}
{"level":"debug","ClientRequestBacklogSize":4194304,"time":"2022-08-10T11:33:54+08:00","message":"Config"}
{"level":"debug","RandomSeed":18921,"time":"2022-08-10T11:33:54+08:00","message":"Config"}
{"level":"debug","NodeToLeaderRatio":1,"time":"2022-08-10T11:33:54+08:00","message":"Config"}
{"level":"debug","LeaderPolicy":"Single","time":"2022-08-10T11:33:54+08:00","message":"Config"}
{"level":"debug","DefaultLeaderBan":2,"time":"2022-08-10T11:33:54+08:00","message":"Config"}
{"level":"debug","NumBuckets":16,"time":"2022-08-10T11:33:54+08:00","message":"Config"}
{"level":"debug","BatchSize":1000,"time":"2022-08-10T11:33:54+08:00","message":"Config"}
{"level":"debug","DisabledViewChange":false,"time":"2022-08-10T11:33:54+08:00","message":"Config"}
{"level":"debug","ViewChangeTimeout":60000,"time":"2022-08-10T11:33:54+08:00","message":"Config"}
{"level":"debug","ClientTraceSampling":10,"time":"2022-08-10T11:33:54+08:00","message":"Config"}
{"level":"debug","EventBufferSize":2097152,"time":"2022-08-10T11:33:54+08:00","message":"Config"}
{"level":"debug","TraceSampling":1,"time":"2022-08-10T11:33:54+08:00","message":"Config"}
{"level":"debug","ClientsPerProcess":1,"time":"2022-08-10T11:33:54+08:00","message":"Config"}
{"level":"debug","RequestsPerClient":15360,"time":"2022-08-10T11:33:54+08:00","message":"Config"}
{"level":"debug","ClientRunTime":30000,"time":"2022-08-10T11:33:54+08:00","message":"Config"}
{"level":"debug","RequestRate":256,"time":"2022-08-10T11:33:54+08:00","message":"Config"}
{"level":"debug","HardRequestRateLimit":false,"time":"2022-08-10T11:33:54+08:00","message":"Config"}
{"level":"debug","RequestPayloadSize":500,"time":"2022-08-10T11:33:54+08:00","message":"Config"}
{"level":"debug","SignRequests":true,"time":"2022-08-10T11:33:54+08:00","message":"Config"}
{"level":"debug","ClientPrivKeyFile":"tls-data/client-ecdsa-256.key","time":"2022-08-10T11:33:54+08:00","message":"Config"}
{"level":"debug","ClientPubKeyFile":"tls-data/client-ecdsa-256.pem","time":"2022-08-10T11:33:54+08:00","message":"Config"}
{"level":"debug","PrecomputeRequests":false,"time":"2022-08-10T11:33:54+08:00","message":"Config"}
{"level":"debug","RequestHandlerThreads":32,"time":"2022-08-10T11:33:54+08:00","message":"Config"}
{"level":"debug","RequestInputChannelBuffer":8192,"time":"2022-08-10T11:33:54+08:00","message":"Config"}
{"level":"debug","BatchVerifier":"external","time":"2022-08-10T11:33:54+08:00","message":"Config"}
03:33:54.542 INF Registered with discovery server. numPeers=4 ownID=0
03:33:54.543 INF Profiling enabled.
03:33:54.543 INF Setting up profiling.
03:33:54.593 INF Started Profiler: CPU
03:33:54.593 INF Started Profiler: BLOCK
03:33:54.593 INF Started Profiler: MUTEX
03:33:54.593 INF Profiler will stop on signal. exit=true
03:33:54.594 INF Tracing will stop on signal. exit=false
03:33:54.596 INF Started tracing. traceFile=experiment-output/0003/slave-004/peer.trc
03:33:54.596 DBG Starting backlog.
03:33:54.596 INF Listening for connections. port=10000 useTLS=false
03:33:54.597 INF Connecting to peer. addr=127.0.0.1:10000 basicConns=4 priorityConns=2
03:33:54.597 INF Connecting to peer. addr=127.0.0.1:10011 basicConns=4 priorityConns=2
03:33:54.597 INF Connecting to peer. addr=127.0.0.1:10033 basicConns=4 priorityConns=2
03:33:54.597 INF Connecting to peer. addr=127.0.0.1:10022 basicConns=4 priorityConns=2
03:33:54.614 INF Incoming connection for protocol messages. addr=127.0.0.1:54430
03:33:54.617 INF Incoming connection for protocol messages. addr=127.0.0.1:54428
03:33:54.618 INF Incoming connection for protocol messages. addr=127.0.0.1:54432
03:33:54.619 INF Incoming connection for protocol messages. addr=127.0.0.1:54476
03:33:54.620 INF Incoming connection for protocol messages. addr=127.0.0.1:54458
03:33:54.622 INF Incoming connection for protocol messages. addr=127.0.0.1:54466
03:33:54.624 INF Incoming connection for protocol messages. addr=127.0.0.1:54470
03:33:54.625 INF Incoming connection for protocol messages. addr=127.0.0.1:54482
03:33:54.625 INF Incoming connection for protocol messages. addr=127.0.0.1:54486
03:33:54.625 INF Incoming connection for protocol messages. addr=127.0.0.1:54438
03:33:54.626 INF Incoming connection for protocol messages. addr=127.0.0.1:54492
03:33:54.627 INF Incoming connection for protocol messages. addr=127.0.0.1:54484
03:33:54.627 INF Incoming connection for protocol messages. addr=127.0.0.1:54506
03:33:54.627 INF Incoming connection for protocol messages. addr=127.0.0.1:54498
03:33:54.628 INF Incoming connection for protocol messages. addr=127.0.0.1:54514
03:33:54.628 INF Incoming connection for protocol messages. addr=127.0.0.1:54560
03:33:54.629 INF Incoming connection for protocol messages. addr=127.0.0.1:54508
03:33:54.629 INF Incoming connection for protocol messages. addr=127.0.0.1:54516
03:33:54.630 DBG Connected. peerID=3
03:33:54.630 DBG Connected. peerID=1
03:33:54.630 DBG Connected. peerID=0
03:33:54.630 INF Connected to all peers.
03:33:54.630 DBG Connected. peerID=2
03:33:55.557 INF Incoming connection for protocol messages. addr=127.0.0.1:54578
03:33:55.562 INF Incoming connection for protocol messages. addr=127.0.0.1:54592
03:33:55.563 INF Incoming connection for protocol messages. addr=127.0.0.1:54590
03:33:55.564 INF Incoming connection for protocol messages. addr=127.0.0.1:54604
03:33:55.565 INF Incoming connection for protocol messages. addr=127.0.0.1:54600
03:33:55.565 INF Incoming connection for protocol messages. addr=127.0.0.1:54610
03:33:55.570 INF All peers finished connecting. Starting ISS.
03:33:55.570 DBG Buckets for 0-th leader 0: [0 4 8 12 1 5 9 13 2 6 10 14 3 7 11 15]
03:33:55.571 INF PbftOrderer received a new segment: [0 1 2 3 4 5 6 7 8 9 10 11 12 13 14 15 16 17 18 19 20 21 22 23 24 25 26 27 28 29 30 31 32 33 34 35 36 37 38 39 40 41 42 43 44 45 46 47 48 49 50 51 52 53 54 55 56 57 58 59 60 61 62 63 64 65 66 67 68 69 70 71 72 73 74 75 76 77 78 79 80 81 82 83 84 85 86 87 88 89 90 91 92 93 94 95 96 97 98 99 100 101 102 103 104 105 106 107 108 109 110 111 112 113 114 115 116 117 118 119 120 121 122 123 124 125 126 127 128 129 130 131 132 133 134 135 136 137 138 139 140 141 142 143 144 145 146 147 148 149 150 151 152 153 154 155 156 157 158 159 160 161 162 163 164 165 166 167 168 169 170 171 172 173 174 175 176 177 178 179 180 181 182 183 184 185 186 187 188 189 190 191 192 193 194 195 196 197 198 199 200 201 202 203 204 205 206 207 208 209 210 211 212 213 214 215 216 217 218 219 220 221 222 223 224 225 226 227 228 229 230 231 232 233 234 235 236 237 238 239 240 241 242 243 244 245 246 247 248 249 250 251 252 253 254 255] first leader=0 firstSN=0 lastSN=255 len=256 length=256 segId=0
03:33:55.571 INF Starting new view. segID=0 timeout=60000 view=0
03:33:55.572 DBG Starting timer. sn=0 view=0
03:33:55.572 INF Starting PBFT instance. first=0 last=255 segID=0
03:33:55.572 DBG Subscribing to backlog. segID=0
03:33:55.572 DBG Leading segment. segID=0
03:33:55.573 DBG Waiting for batch. batchSize=4096
03:33:55.573 INF Starting serialized message processing. segID=0
03:33:56.573 DBG Batch ready. batchSize=4096
03:33:56.574 DBG Batch cut. left=0 nBuckets=16 nReq=0 next=0
03:33:56.574 INF Sending PREPREPARE. nReq=0 senderID=0 sn=0 view=0
03:33:56.574 DBG Waiting for batch. batchSize=4096
03:33:56.582 DBG Sending COMMIT. senderID=0 sn=0 view=0
03:33:56.583 INF Committed entry. latency=0 nReq=0 sn=0
03:33:56.583 INF Delivered batch. nReq=0 sn=0
03:33:56.584 DBG Starting timer. sn=1 view=0
03:33:57.575 DBG Batch ready. batchSize=4096
03:33:57.575 DBG Batch cut. left=0 nBuckets=16 nReq=0 next=0
03:33:57.576 INF Sending PREPREPARE. nReq=0 senderID=0 sn=1 view=0
03:33:57.576 DBG Waiting for batch. batchSize=4096
03:33:57.578 DBG Sending COMMIT. senderID=0 sn=1 view=0
03:33:57.580 INF Committed entry. latency=0 nReq=0 sn=1
03:33:57.580 INF Delivered batch. nReq=0 sn=1
03:33:57.580 DBG Starting timer. sn=2 view=0
03:33:57.607 INF Incoming connection for requests. addr=127.0.0.1:54620
03:33:58.577 DBG Batch ready. batchSize=4096
03:33:58.578 DBG Batch cut. left=0 nBuckets=16 nReq=244 next=0
03:33:58.578 DBG Waiting for batch. batchSize=4096
03:33:58.585 INF Sending PREPREPARE. nReq=244 senderID=0 sn=2 view=0
03:33:58.644 DBG Sending COMMIT. senderID=0 sn=2 view=0
03:33:58.644 INF Committed entry. latency=0 nReq=244 sn=2
03:33:58.645 INF Delivered batch. nReq=244 sn=2
03:33:58.645 DBG Starting timer. sn=3 view=0
03:33:59.579 DBG Batch ready. batchSize=4096
03:33:59.579 DBG Batch cut. left=0 nBuckets=16 nReq=256 next=0
03:33:59.579 DBG Waiting for batch. batchSize=4096
03:33:59.583 INF Sending PREPREPARE. nReq=256 senderID=0 sn=3 view=0
03:33:59.630 DBG Sending COMMIT. senderID=0 sn=3 view=0
03:33:59.632 INF Committed entry. latency=0 nReq=256 sn=3
03:33:59.632 INF Delivered batch. nReq=256 sn=3
03:33:59.633 DBG Starting timer. sn=4 view=0
03:34:00.581 DBG Batch ready. batchSize=4096
03:34:00.581 DBG Batch cut. left=0 nBuckets=16 nReq=256 next=0
03:34:00.582 DBG Waiting for batch. batchSize=4096
03:34:00.586 INF Sending PREPREPARE. nReq=256 senderID=0 sn=4 view=0
03:34:00.635 DBG Sending COMMIT. senderID=0 sn=4 view=0
03:34:00.637 INF Committed entry. latency=0 nReq=256 sn=4
03:34:00.637 INF Delivered batch. nReq=256 sn=4
03:34:00.637 DBG Starting timer. sn=5 view=0
03:34:01.584 DBG Batch ready. batchSize=4096
03:34:01.584 DBG Batch cut. left=0 nBuckets=16 nReq=257 next=0
03:34:01.584 DBG Waiting for batch. batchSize=4096
03:34:01.588 INF Sending PREPREPARE. nReq=257 senderID=0 sn=5 view=0
03:34:01.636 DBG Sending COMMIT. senderID=0 sn=5 view=0
03:34:01.638 INF Committed entry. latency=0 nReq=257 sn=5
03:34:01.639 INF Delivered batch. nReq=257 sn=5
03:34:01.639 DBG Starting timer. sn=6 view=0
03:34:02.586 DBG Batch ready. batchSize=4096
03:34:02.586 DBG Batch cut. left=0 nBuckets=16 nReq=257 next=0
03:34:02.587 DBG Waiting for batch. batchSize=4096
03:34:02.591 INF Sending PREPREPARE. nReq=257 senderID=0 sn=6 view=0
03:34:02.639 DBG Sending COMMIT. senderID=0 sn=6 view=0
03:34:02.641 INF Committed entry. latency=0 nReq=257 sn=6
03:34:02.641 INF Delivered batch. nReq=257 sn=6
03:34:02.641 DBG Starting timer. sn=7 view=0
03:34:03.587 DBG Batch ready. batchSize=4096
03:34:03.587 DBG Batch cut. left=0 nBuckets=16 nReq=256 next=0
03:34:03.588 DBG Waiting for batch. batchSize=4096
03:34:03.592 INF Sending PREPREPARE. nReq=256 senderID=0 sn=7 view=0
03:34:03.639 DBG Sending COMMIT. senderID=0 sn=7 view=0
03:34:03.641 INF Committed entry. latency=0 nReq=256 sn=7
03:34:03.641 INF Delivered batch. nReq=256 sn=7
03:34:03.642 DBG Starting timer. sn=8 view=0
03:34:04.588 DBG Batch ready. batchSize=4096
03:34:04.589 DBG Batch cut. left=0 nBuckets=16 nReq=257 next=0
03:34:04.589 DBG Waiting for batch. batchSize=4096
03:34:04.593 INF Sending PREPREPARE. nReq=257 senderID=0 sn=8 view=0
03:34:04.642 DBG Sending COMMIT. senderID=0 sn=8 view=0
03:34:04.644 INF Committed entry. latency=0 nReq=257 sn=8
03:34:04.644 INF Delivered batch. nReq=257 sn=8
03:34:04.644 DBG Starting timer. sn=9 view=0
03:34:05.590 DBG Batch ready. batchSize=4096
03:34:05.591 DBG Batch cut. left=0 nBuckets=16 nReq=256 next=0
03:34:05.591 DBG Waiting for batch. batchSize=4096
03:34:05.595 INF Sending PREPREPARE. nReq=256 senderID=0 sn=9 view=0
03:34:05.643 DBG Sending COMMIT. senderID=0 sn=9 view=0
03:34:05.645 INF Committed entry. latency=0 nReq=256 sn=9
03:34:05.646 INF Delivered batch. nReq=256 sn=9
03:34:05.646 DBG Starting timer. sn=10 view=0
03:34:06.592 DBG Batch ready. batchSize=4096
03:34:06.592 DBG Batch cut. left=0 nBuckets=16 nReq=256 next=0
03:34:06.593 DBG Waiting for batch. batchSize=4096
03:34:06.597 INF Sending PREPREPARE. nReq=256 senderID=0 sn=10 view=0
03:34:06.644 DBG Sending COMMIT. senderID=0 sn=10 view=0
03:34:06.646 INF Committed entry. latency=0 nReq=256 sn=10
03:34:06.646 INF Delivered batch. nReq=256 sn=10
03:34:06.646 DBG Starting timer. sn=11 view=0
03:34:07.594 DBG Batch ready. batchSize=4096
03:34:07.595 DBG Batch cut. left=0 nBuckets=16 nReq=257 next=0
03:34:07.595 DBG Waiting for batch. batchSize=4096
03:34:07.599 INF Sending PREPREPARE. nReq=257 senderID=0 sn=11 view=0
03:34:07.649 DBG Sending COMMIT. senderID=0 sn=11 view=0
03:34:07.650 INF Committed entry. latency=0 nReq=257 sn=11
03:34:07.650 INF Delivered batch. nReq=257 sn=11
03:34:07.650 DBG Starting timer. sn=12 view=0
03:34:08.597 DBG Batch ready. batchSize=4096
03:34:08.597 DBG Batch cut. left=0 nBuckets=16 nReq=257 next=0
03:34:08.598 DBG Waiting for batch. batchSize=4096
03:34:08.602 INF Sending PREPREPARE. nReq=257 senderID=0 sn=12 view=0
03:34:08.648 DBG Sending COMMIT. senderID=0 sn=12 view=0
03:34:08.650 INF Committed entry. latency=0 nReq=257 sn=12
03:34:08.651 INF Delivered batch. nReq=257 sn=12
03:34:08.651 DBG Starting timer. sn=13 view=0
03:34:09.598 DBG Batch ready. batchSize=4096
03:34:09.599 DBG Batch cut. left=0 nBuckets=16 nReq=256 next=0
03:34:09.599 DBG Waiting for batch. batchSize=4096
03:34:09.603 INF Sending PREPREPARE. nReq=256 senderID=0 sn=13 view=0
03:34:09.652 DBG Sending COMMIT. senderID=0 sn=13 view=0
03:34:09.653 INF Committed entry. latency=0 nReq=256 sn=13
03:34:09.653 INF Delivered batch. nReq=256 sn=13
03:34:09.653 DBG Starting timer. sn=14 view=0
03:34:10.600 DBG Batch ready. batchSize=4096
03:34:10.601 DBG Batch cut. left=0 nBuckets=16 nReq=257 next=0
03:34:10.601 DBG Waiting for batch. batchSize=4096
03:34:10.605 INF Sending PREPREPARE. nReq=257 senderID=0 sn=14 view=0
03:34:10.653 DBG Sending COMMIT. senderID=0 sn=14 view=0
03:34:10.655 INF Committed entry. latency=0 nReq=257 sn=14
03:34:10.655 INF Delivered batch. nReq=257 sn=14
03:34:10.655 DBG Starting timer. sn=15 view=0
03:34:11.602 DBG Batch ready. batchSize=4096
03:34:11.603 DBG Batch cut. left=0 nBuckets=16 nReq=256 next=0
03:34:11.603 DBG Waiting for batch. batchSize=4096
03:34:11.607 INF Sending PREPREPARE. nReq=256 senderID=0 sn=15 view=0
03:34:11.656 DBG Sending COMMIT. senderID=0 sn=15 view=0
03:34:11.657 INF Committed entry. latency=0 nReq=256 sn=15
03:34:11.657 INF Delivered batch. nReq=256 sn=15
03:34:11.657 DBG Starting timer. sn=16 view=0
03:34:12.604 DBG Batch ready. batchSize=4096
03:34:12.604 DBG Batch cut. left=0 nBuckets=16 nReq=257 next=0
03:34:12.605 DBG Waiting for batch. batchSize=4096
03:34:12.609 INF Sending PREPREPARE. nReq=257 senderID=0 sn=16 view=0
03:34:12.657 DBG Sending COMMIT. senderID=0 sn=16 view=0
03:34:12.660 INF Committed entry. latency=0 nReq=257 sn=16
03:34:12.660 INF Delivered batch. nReq=257 sn=16
03:34:12.660 DBG Starting timer. sn=17 view=0
03:34:13.606 DBG Batch ready. batchSize=4096
03:34:13.606 DBG Batch cut. left=0 nBuckets=16 nReq=256 next=0
03:34:13.606 DBG Waiting for batch. batchSize=4096
03:34:13.610 INF Sending PREPREPARE. nReq=256 senderID=0 sn=17 view=0
03:34:13.659 DBG Sending COMMIT. senderID=0 sn=17 view=0
03:34:13.661 INF Committed entry. latency=0 nReq=256 sn=17
03:34:13.661 INF Delivered batch. nReq=256 sn=17
03:34:13.662 DBG Starting timer. sn=18 view=0
03:34:14.607 DBG Batch ready. batchSize=4096
03:34:14.607 DBG Batch cut. left=0 nBuckets=16 nReq=256 next=0
03:34:14.608 DBG Waiting for batch. batchSize=4096
03:34:14.612 INF Sending PREPREPARE. nReq=256 senderID=0 sn=18 view=0
03:34:14.660 DBG Sending COMMIT. senderID=0 sn=18 view=0
03:34:14.661 INF Committed entry. latency=0 nReq=256 sn=18
03:34:14.661 INF Delivered batch. nReq=256 sn=18
03:34:14.662 DBG Starting timer. sn=19 view=0
03:34:15.609 DBG Batch ready. batchSize=4096
03:34:15.609 DBG Batch cut. left=0 nBuckets=16 nReq=257 next=0
03:34:15.609 DBG Waiting for batch. batchSize=4096
03:34:15.613 INF Sending PREPREPARE. nReq=257 senderID=0 sn=19 view=0
03:34:15.660 DBG Sending COMMIT. senderID=0 sn=19 view=0
03:34:15.662 INF Committed entry. latency=0 nReq=257 sn=19
03:34:15.662 INF Delivered batch. nReq=257 sn=19
03:34:15.662 DBG Starting timer. sn=20 view=0
03:34:16.610 DBG Batch ready. batchSize=4096
03:34:16.611 DBG Batch cut. left=0 nBuckets=16 nReq=256 next=0
03:34:16.611 DBG Waiting for batch. batchSize=4096
03:34:16.615 INF Sending PREPREPARE. nReq=256 senderID=0 sn=20 view=0
03:34:16.664 DBG Sending COMMIT. senderID=0 sn=20 view=0
03:34:16.665 INF Committed entry. latency=0 nReq=256 sn=20
03:34:16.665 INF Delivered batch. nReq=256 sn=20
03:34:16.666 DBG Starting timer. sn=21 view=0
03:34:17.612 DBG Batch ready. batchSize=4096
03:34:17.612 DBG Batch cut. left=0 nBuckets=16 nReq=257 next=0
03:34:17.613 DBG Waiting for batch. batchSize=4096
03:34:17.616 INF Sending PREPREPARE. nReq=257 senderID=0 sn=21 view=0
03:34:17.726 DBG Sending COMMIT. senderID=0 sn=21 view=0
03:34:17.728 INF Committed entry. latency=0 nReq=257 sn=21
03:34:17.728 INF Delivered batch. nReq=257 sn=21
03:34:17.728 DBG Starting timer. sn=22 view=0
03:34:18.614 DBG Batch ready. batchSize=4096
03:34:18.614 DBG Batch cut. left=0 nBuckets=16 nReq=256 next=0
03:34:18.615 DBG Waiting for batch. batchSize=4096
03:34:18.619 INF Sending PREPREPARE. nReq=256 senderID=0 sn=22 view=0
03:34:18.666 DBG Sending COMMIT. senderID=0 sn=22 view=0
03:34:18.668 INF Committed entry. latency=0 nReq=256 sn=22
03:34:18.668 INF Delivered batch. nReq=256 sn=22
03:34:18.668 DBG Starting timer. sn=23 view=0
03:34:19.615 DBG Batch ready. batchSize=4096
03:34:19.616 DBG Batch cut. left=0 nBuckets=16 nReq=257 next=0
03:34:19.616 DBG Waiting for batch. batchSize=4096
03:34:19.620 INF Sending PREPREPARE. nReq=257 senderID=0 sn=23 view=0
03:34:19.670 DBG Sending COMMIT. senderID=0 sn=23 view=0
03:34:19.671 INF Committed entry. latency=0 nReq=257 sn=23
03:34:19.672 INF Delivered batch. nReq=257 sn=23
03:34:19.672 DBG Starting timer. sn=24 view=0
03:34:20.617 DBG Batch ready. batchSize=4096
03:34:20.617 DBG Batch cut. left=0 nBuckets=16 nReq=256 next=0
03:34:20.618 DBG Waiting for batch. batchSize=4096
03:34:20.622 INF Sending PREPREPARE. nReq=256 senderID=0 sn=24 view=0
03:34:20.669 DBG Sending COMMIT. senderID=0 sn=24 view=0
03:34:20.707 INF Committed entry. latency=0 nReq=256 sn=24
03:34:20.718 INF Delivered batch. nReq=256 sn=24
03:34:20.718 DBG Starting timer. sn=25 view=0
03:34:21.618 DBG Batch ready. batchSize=4096
03:34:21.619 DBG Batch cut. left=0 nBuckets=16 nReq=257 next=0
03:34:21.619 DBG Waiting for batch. batchSize=4096
03:34:21.623 INF Sending PREPREPARE. nReq=257 senderID=0 sn=25 view=0
03:34:21.672 DBG Sending COMMIT. senderID=0 sn=25 view=0
03:34:21.673 INF Committed entry. latency=0 nReq=257 sn=25
03:34:21.673 INF Delivered batch. nReq=257 sn=25
03:34:21.673 DBG Starting timer. sn=26 view=0
03:34:22.621 DBG Batch ready. batchSize=4096
03:34:22.621 DBG Batch cut. left=0 nBuckets=16 nReq=256 next=0
03:34:22.621 DBG Waiting for batch. batchSize=4096
03:34:22.626 INF Sending PREPREPARE. nReq=256 senderID=0 sn=26 view=0
03:34:22.673 DBG Sending COMMIT. senderID=0 sn=26 view=0
03:34:22.675 INF Committed entry. latency=0 nReq=256 sn=26
03:34:22.675 INF Delivered batch. nReq=256 sn=26
03:34:22.675 DBG Starting timer. sn=27 view=0
03:34:23.622 DBG Batch ready. batchSize=4096
03:34:23.623 DBG Batch cut. left=0 nBuckets=16 nReq=257 next=0
03:34:23.623 DBG Waiting for batch. batchSize=4096
03:34:23.627 INF Sending PREPREPARE. nReq=257 senderID=0 sn=27 view=0
03:34:23.675 DBG Sending COMMIT. senderID=0 sn=27 view=0
03:34:23.677 INF Committed entry. latency=0 nReq=257 sn=27
03:34:23.678 INF Delivered batch. nReq=257 sn=27
03:34:23.678 DBG Starting timer. sn=28 view=0
03:34:24.624 DBG Batch ready. batchSize=4096
03:34:24.625 DBG Batch cut. left=0 nBuckets=16 nReq=256 next=0
03:34:24.625 DBG Waiting for batch. batchSize=4096
03:34:24.629 INF Sending PREPREPARE. nReq=256 senderID=0 sn=28 view=0
03:34:24.679 DBG Sending COMMIT. senderID=0 sn=28 view=0
03:34:24.681 INF Committed entry. latency=0 nReq=256 sn=28
03:34:24.682 INF Delivered batch. nReq=256 sn=28
03:34:24.682 DBG Starting timer. sn=29 view=0
03:34:25.626 DBG Batch ready. batchSize=4096
03:34:25.627 DBG Batch cut. left=0 nBuckets=16 nReq=256 next=0
03:34:25.627 DBG Waiting for batch. batchSize=4096
03:34:25.630 INF Sending PREPREPARE. nReq=256 senderID=0 sn=29 view=0
03:34:25.677 DBG Sending COMMIT. senderID=0 sn=29 view=0
03:34:25.680 INF Committed entry. latency=0 nReq=256 sn=29
03:34:25.680 INF Delivered batch. nReq=256 sn=29
03:34:25.680 DBG Starting timer. sn=30 view=0
03:34:26.628 DBG Batch ready. batchSize=4096
03:34:26.628 DBG Batch cut. left=0 nBuckets=16 nReq=257 next=0
03:34:26.629 DBG Waiting for batch. batchSize=4096
03:34:26.632 INF Sending PREPREPARE. nReq=257 senderID=0 sn=30 view=0
03:34:26.681 DBG Sending COMMIT. senderID=0 sn=30 view=0
03:34:26.683 INF Committed entry. latency=0 nReq=257 sn=30
03:34:26.683 INF Delivered batch. nReq=257 sn=30
03:34:26.683 DBG Starting timer. sn=31 view=0
03:34:27.630 DBG Batch ready. batchSize=4096
03:34:27.630 DBG Batch cut. left=0 nBuckets=16 nReq=256 next=0
03:34:27.631 DBG Waiting for batch. batchSize=4096
03:34:27.634 INF Sending PREPREPARE. nReq=256 senderID=0 sn=31 view=0
03:34:27.683 DBG Sending COMMIT. senderID=0 sn=31 view=0
03:34:27.684 INF Committed entry. latency=0 nReq=256 sn=31
03:34:27.684 INF Delivered batch. nReq=256 sn=31
03:34:27.684 DBG Starting timer. sn=32 view=0
03:34:28.631 DBG Batch ready. batchSize=4096
03:34:28.632 DBG Batch cut. left=0 nBuckets=16 nReq=1 next=0
03:34:28.632 DBG Waiting for batch. batchSize=4096
03:34:28.632 INF Sending PREPREPARE. nReq=1 senderID=0 sn=32 view=0
03:34:28.635 DBG Sending COMMIT. senderID=0 sn=32 view=0
03:34:28.636 INF Committed entry. latency=0 nReq=1 sn=32
03:34:28.636 INF Delivered batch. nReq=1 sn=32
03:34:28.636 DBG Starting timer. sn=33 view=0
03:34:29.632 INF Connection terminated. error="rpc error: code = Canceled desc = context canceled" address=127.0.0.1:54620
03:34:29.632 INF Finished sending bucket assignments to client. clId=0
03:34:29.632 DBG Batch ready. batchSize=4096
03:34:29.633 DBG Batch cut. left=0 nBuckets=16 nReq=0 next=0
03:34:29.633 INF Sending PREPREPARE. nReq=0 senderID=0 sn=33 view=0
03:34:29.633 DBG Waiting for batch. batchSize=4096
03:34:29.635 DBG Sending COMMIT. senderID=0 sn=33 view=0
03:34:29.637 INF Committed entry. latency=0 nReq=0 sn=33
03:34:29.637 INF Delivered batch. nReq=0 sn=33
03:34:29.637 DBG Starting timer. sn=34 view=0
03:34:30.011 INF Stopping profiler.
03:34:30.011 INF Stopping Tracer. events=142 fileName=experiment-output/0003/slave-004/peer.trc
==================
WARNING: DATA RACE
Read at 0x00c000a34028 by goroutine 115:
  runtime.racereadrange()
      <autogenerated>:1 +0x1b
  github.com/hyperledger-labs/mirbft/tracing.(*BufferedTrace).StopOnSignal.func1()
      /opt/gopath/src/github.com/hyperledger-labs/mirbft/tracing/bufferedtrace.go:298 +0x4e

Previous write at 0x00c000a34028 by goroutine 413:
  github.com/hyperledger-labs/mirbft/tracing.(*BufferedTrace).Event()
      /opt/gopath/src/github.com/hyperledger-labs/mirbft/tracing/bufferedtrace.go:105 +0x2d9
  github.com/hyperledger-labs/mirbft/manager.(*MirManager).handleLogEntries()
      /opt/gopath/src/github.com/hyperledger-labs/mirbft/manager/mirmanager.go:139 +0x1d8
  github.com/hyperledger-labs/mirbft/manager.(*MirManager).Start路dwrap路7()
      /opt/gopath/src/github.com/hyperledger-labs/mirbft/manager/mirmanager.go:101 +0x47

Goroutine 115 (running) created at:
  github.com/hyperledger-labs/mirbft/tracing.(*BufferedTrace).StopOnSignal()
      /opt/gopath/src/github.com/hyperledger-labs/mirbft/tracing/bufferedtrace.go:292 +0x172
  main.setUpTracing()
      /opt/gopath/src/github.com/hyperledger-labs/mirbft/cmd/orderingpeer/main.go:204 +0xf5
  main.main()
      /opt/gopath/src/github.com/hyperledger-labs/mirbft/cmd/orderingpeer/main.go:98 +0x9d6

Goroutine 413 (running) created at:
  github.com/hyperledger-labs/mirbft/manager.(*MirManager).Start()
      /opt/gopath/src/github.com/hyperledger-labs/mirbft/manager/mirmanager.go:101 +0x19e
  main.main路dwrap路4()
      /opt/gopath/src/github.com/hyperledger-labs/mirbft/cmd/orderingpeer/main.go:168 +0x59
==================
==================
WARNING: DATA RACE
Read at 0x00c000a35608 by goroutine 115:
  runtime.racereadrange()
      <autogenerated>:1 +0x1b
  github.com/hyperledger-labs/mirbft/tracing.(*BufferedTrace).StopOnSignal.func1()
      /opt/gopath/src/github.com/hyperledger-labs/mirbft/tracing/bufferedtrace.go:298 +0x4e

Previous write at 0x00c000a35608 by goroutine 114:
  github.com/hyperledger-labs/mirbft/tracing.(*BufferedTrace).Event()
      /opt/gopath/src/github.com/hyperledger-labs/mirbft/tracing/bufferedtrace.go:105 +0x2d9
  github.com/hyperledger-labs/mirbft/profiling.StartCPUTracing.func1()
      /opt/gopath/src/github.com/hyperledger-labs/mirbft/profiling/cpuusage.go:31 +0x95

Goroutine 115 (running) created at:
  github.com/hyperledger-labs/mirbft/tracing.(*BufferedTrace).StopOnSignal()
      /opt/gopath/src/github.com/hyperledger-labs/mirbft/tracing/bufferedtrace.go:292 +0x172
  main.setUpTracing()
      /opt/gopath/src/github.com/hyperledger-labs/mirbft/cmd/orderingpeer/main.go:204 +0xf5
  main.main()
      /opt/gopath/src/github.com/hyperledger-labs/mirbft/cmd/orderingpeer/main.go:98 +0x9d6

Goroutine 114 (running) created at:
  github.com/hyperledger-labs/mirbft/profiling.StartCPUTracing()
      /opt/gopath/src/github.com/hyperledger-labs/mirbft/profiling/cpuusage.go:28 +0xb6
  main.setUpTracing()
      /opt/gopath/src/github.com/hyperledger-labs/mirbft/cmd/orderingpeer/main.go:196 +0x85
  main.main()
      /opt/gopath/src/github.com/hyperledger-labs/mirbft/cmd/orderingpeer/main.go:98 +0x9d6
==================
03:34:30.014 INF Trace data written.
03:34:30.041 INF Profile data written. filename=experiment-output/0003/slave-004/prof.cpu name=cpu
03:34:30.100 INF Profile data written. filename=experiment-output/0003/slave-004/prof.block name=block
03:34:30.137 INF Profile data written. filename=experiment-output/0003/slave-004/prof.mutex name=mutex
