{"level":"debug","Logging":"debug","time":"2022-08-17T15:34:20+08:00","message":"Config"}
{"level":"debug","UseTLS":false,"time":"2022-08-17T15:34:20+08:00","message":"Config"}
{"level":"debug","CACertFile":"tls-data/ca.pem","time":"2022-08-17T15:34:20+08:00","message":"Config"}
{"level":"debug","KeyFile":"tls-data/auth.key","time":"2022-08-17T15:34:20+08:00","message":"Config"}
{"level":"debug","CertFile":"tls-data/auth.pem","time":"2022-08-17T15:34:20+08:00","message":"Config"}
{"level":"debug","PriorityConnections":2,"time":"2022-08-17T15:34:20+08:00","message":"Config"}
{"level":"debug","BasicConnections":2,"time":"2022-08-17T15:34:20+08:00","message":"Config"}
{"level":"debug","TestConnections":false,"time":"2022-08-17T15:34:20+08:00","message":"Config"}
{"level":"debug","ExcessConnections":1,"time":"2022-08-17T15:34:20+08:00","message":"Config"}
{"level":"debug","ConnectionTestMsgs":4,"time":"2022-08-17T15:34:20+08:00","message":"Config"}
{"level":"debug","ConnectionTestPayload":131072,"time":"2022-08-17T15:34:20+08:00","message":"Config"}
{"level":"debug","OutMessageBufsize":1024,"time":"2022-08-17T15:34:20+08:00","message":"Config"}
{"level":"debug","OutMessageBufsize":2,"time":"2022-08-17T15:34:20+08:00","message":"Config"}
{"level":"debug","ThroughputCap":131072000,"time":"2022-08-17T15:34:20+08:00","message":"Config"}
{"level":"debug","StragglerTolerance":1000,"time":"2022-08-17T15:34:20+08:00","message":"Config"}
{"level":"debug","BatchSizeIncrement":256,"time":"2022-08-17T15:34:20+08:00","message":"Config"}
{"level":"debug","Orderer":"Pbft","time":"2022-08-17T15:34:20+08:00","message":"Config"}
{"level":"debug","Manager":"Mir","time":"2022-08-17T15:34:20+08:00","message":"Config"}
{"level":"debug","Failures":0,"time":"2022-08-17T15:34:20+08:00","message":"Config"}
{"level":"debug","CrashTiming":"Straggler","time":"2022-08-17T15:34:20+08:00","message":"Config"}
{"level":"debug","CheckpointInterval":256,"time":"2022-08-17T15:34:20+08:00","message":"Config"}
{"level":"debug","WatermarkWindowSize":256,"time":"2022-08-17T15:34:20+08:00","message":"Config"}
{"level":"debug","EpochLength":256,"time":"2022-08-17T15:34:20+08:00","message":"Config"}
{"level":"debug","SegmentLength":32,"time":"2022-08-17T15:34:20+08:00","message":"Config"}
{"level":"debug","WaitForCheckpoints":true,"time":"2022-08-17T15:34:20+08:00","message":"Config"}
{"level":"debug","ClientWatermarkWindowSize":4194304,"time":"2022-08-17T15:34:20+08:00","message":"Config"}
{"level":"debug","ClientRequestBacklogSize":4194304,"time":"2022-08-17T15:34:20+08:00","message":"Config"}
{"level":"debug","RandomSeed":18727,"time":"2022-08-17T15:34:20+08:00","message":"Config"}
{"level":"debug","NodeToLeaderRatio":1,"time":"2022-08-17T15:34:20+08:00","message":"Config"}
{"level":"debug","LeaderPolicy":"Simple","time":"2022-08-17T15:34:20+08:00","message":"Config"}
{"level":"debug","DefaultLeaderBan":2,"time":"2022-08-17T15:34:20+08:00","message":"Config"}
{"level":"debug","NumBuckets":128,"time":"2022-08-17T15:34:20+08:00","message":"Config"}
{"level":"debug","BatchSize":1000,"time":"2022-08-17T15:34:20+08:00","message":"Config"}
{"level":"debug","DisabledViewChange":false,"time":"2022-08-17T15:34:20+08:00","message":"Config"}
{"level":"debug","ViewChangeTimeout":60000,"time":"2022-08-17T15:34:20+08:00","message":"Config"}
{"level":"debug","ClientTraceSampling":10,"time":"2022-08-17T15:34:20+08:00","message":"Config"}
{"level":"debug","EventBufferSize":2097152,"time":"2022-08-17T15:34:20+08:00","message":"Config"}
{"level":"debug","TraceSampling":1,"time":"2022-08-17T15:34:20+08:00","message":"Config"}
{"level":"debug","ClientsPerProcess":1,"time":"2022-08-17T15:34:20+08:00","message":"Config"}
{"level":"debug","RequestsPerClient":15360,"time":"2022-08-17T15:34:20+08:00","message":"Config"}
{"level":"debug","ClientRunTime":30000,"time":"2022-08-17T15:34:20+08:00","message":"Config"}
{"level":"debug","RequestRate":256,"time":"2022-08-17T15:34:20+08:00","message":"Config"}
{"level":"debug","HardRequestRateLimit":false,"time":"2022-08-17T15:34:20+08:00","message":"Config"}
{"level":"debug","RequestPayloadSize":500,"time":"2022-08-17T15:34:20+08:00","message":"Config"}
{"level":"debug","SignRequests":true,"time":"2022-08-17T15:34:20+08:00","message":"Config"}
{"level":"debug","ClientPrivKeyFile":"tls-data/client-ecdsa-256.key","time":"2022-08-17T15:34:20+08:00","message":"Config"}
{"level":"debug","ClientPubKeyFile":"tls-data/client-ecdsa-256.pem","time":"2022-08-17T15:34:20+08:00","message":"Config"}
{"level":"debug","PrecomputeRequests":false,"time":"2022-08-17T15:34:20+08:00","message":"Config"}
{"level":"debug","RequestHandlerThreads":32,"time":"2022-08-17T15:34:20+08:00","message":"Config"}
{"level":"debug","RequestInputChannelBuffer":8192,"time":"2022-08-17T15:34:20+08:00","message":"Config"}
{"level":"debug","BatchVerifier":"external","time":"2022-08-17T15:34:20+08:00","message":"Config"}
07:34:20.358 INF Registered with discovery server. numPeers=8 ownID=3
07:34:20.359 INF Profiling enabled.
07:34:20.359 INF Setting up profiling.
07:34:20.359 INF Started Profiler: CPU
07:34:20.360 INF Started Profiler: BLOCK
07:34:20.360 INF Started Profiler: MUTEX
07:34:20.360 INF Profiler will stop on signal. exit=true
07:34:20.361 INF Tracing will stop on signal. exit=false
07:34:20.363 INF Started tracing. traceFile=experiment-output/0000/slave-006/peer.trc
07:34:20.363 DBG Starting backlog.
07:34:20.363 INF Listening for connections. port=10033 useTLS=false
07:34:20.364 INF Connecting to peer. addr=127.0.0.1:10033 basicConns=2 priorityConns=2
07:34:20.364 INF Connecting to peer. addr=127.0.0.1:10044 basicConns=2 priorityConns=2
07:34:20.364 INF Connecting to peer. addr=127.0.0.1:10055 basicConns=2 priorityConns=2
07:34:20.364 INF Connecting to peer. addr=127.0.0.1:10066 basicConns=2 priorityConns=2
07:34:20.364 INF Connecting to peer. addr=127.0.0.1:10077 basicConns=2 priorityConns=2
07:34:20.364 INF Connecting to peer. addr=127.0.0.1:10000 basicConns=2 priorityConns=2
07:34:20.366 INF Connecting to peer. addr=127.0.0.1:10022 basicConns=2 priorityConns=2
07:34:20.368 INF Connecting to peer. addr=127.0.0.1:10011 basicConns=2 priorityConns=2
07:34:20.436 INF Incoming connection for protocol messages. addr=127.0.0.1:60908
07:34:20.438 INF Incoming connection for protocol messages. addr=127.0.0.1:60906
07:34:20.438 INF Incoming connection for protocol messages. addr=127.0.0.1:60944
07:34:20.438 INF Incoming connection for protocol messages. addr=127.0.0.1:32888
07:34:20.439 INF Incoming connection for protocol messages. addr=127.0.0.1:32916
07:34:20.439 INF Incoming connection for protocol messages. addr=127.0.0.1:60868
07:34:20.440 INF Incoming connection for protocol messages. addr=127.0.0.1:60834
07:34:20.441 INF Incoming connection for protocol messages. addr=127.0.0.1:32836
07:34:20.441 INF Incoming connection for protocol messages. addr=127.0.0.1:32782
07:34:20.442 INF Incoming connection for protocol messages. addr=127.0.0.1:60840
07:34:20.443 INF Incoming connection for protocol messages. addr=127.0.0.1:32868
07:34:20.443 INF Incoming connection for protocol messages. addr=127.0.0.1:32892
07:34:20.444 INF Incoming connection for protocol messages. addr=127.0.0.1:60826
07:34:20.444 INF Incoming connection for protocol messages. addr=127.0.0.1:32788
07:34:20.444 INF Incoming connection for protocol messages. addr=127.0.0.1:60980
07:34:20.445 INF Incoming connection for protocol messages. addr=127.0.0.1:32872
07:34:20.445 INF Incoming connection for protocol messages. addr=127.0.0.1:60892
07:34:20.447 INF Incoming connection for protocol messages. addr=127.0.0.1:60926
07:34:20.447 INF Incoming connection for protocol messages. addr=127.0.0.1:60902
07:34:20.449 INF Incoming connection for protocol messages. addr=127.0.0.1:32834
07:34:20.449 INF Incoming connection for protocol messages. addr=127.0.0.1:32856
07:34:20.449 INF Incoming connection for protocol messages. addr=127.0.0.1:60954
07:34:20.449 DBG Connected. peerID=0
07:34:20.449 INF Incoming connection for protocol messages. addr=127.0.0.1:60886
07:34:20.450 DBG Connected. peerID=5
07:34:20.450 INF Incoming connection for protocol messages. addr=127.0.0.1:33024
07:34:20.451 INF Incoming connection for protocol messages. addr=127.0.0.1:32924
07:34:20.451 INF Incoming connection for protocol messages. addr=127.0.0.1:32870
07:34:20.451 INF Incoming connection for protocol messages. addr=127.0.0.1:32944
07:34:20.451 INF Incoming connection for protocol messages. addr=127.0.0.1:60946
07:34:20.451 INF Incoming connection for protocol messages. addr=127.0.0.1:60884
07:34:20.452 DBG Connected. peerID=7
07:34:20.452 DBG Connected. peerID=3
07:34:20.452 INF Incoming connection for protocol messages. addr=127.0.0.1:33022
07:34:20.452 INF Incoming connection for protocol messages. addr=127.0.0.1:33026
07:34:20.453 DBG Connected. peerID=1
07:34:20.454 DBG Connected. peerID=2
07:34:20.459 DBG Connected. peerID=4
07:34:20.464 INF Incoming connection for protocol messages. addr=127.0.0.1:33052
07:34:20.474 DBG Connected. peerID=6
07:34:20.475 INF Connected to all peers.
07:34:20.478 INF All peers finished connecting. Starting ISS.
07:34:20.479 DBG Buckets for 0-th leader 0: [0 8 16 24 32 40 48 56 64 72 80 88 96 104 112 120]
07:34:20.479 DBG Buckets for 1-th leader 1: [1 9 17 25 33 41 49 57 65 73 81 89 97 105 113 121]
07:34:20.479 DBG Buckets for 2-th leader 2: [2 10 18 26 34 42 50 58 66 74 82 90 98 106 114 122]
07:34:20.479 DBG Buckets for 3-th leader 3: [3 11 19 27 35 43 51 59 67 75 83 91 99 107 115 123]
07:34:20.479 DBG Buckets for 4-th leader 4: [4 12 20 28 36 44 52 60 68 76 84 92 100 108 116 124]
07:34:20.479 DBG Buckets for 5-th leader 5: [5 13 21 29 37 45 53 61 69 77 85 93 101 109 117 125]
07:34:20.480 DBG Buckets for 6-th leader 6: [6 14 22 30 38 46 54 62 70 78 86 94 102 110 118 126]
07:34:20.480 DBG Buckets for 7-th leader 7: [7 15 23 31 39 47 55 63 71 79 87 95 103 111 119 127]
07:34:20.480 INF PbftOrderer received a new segment: [2 10 18 26 34 42 50 58 66 74 82 90 98 106 114 122 130 138 146 154 162 170 178 186 194 202 210 218 226 234 242 250] first leader=2 firstSN=2 lastSN=250 len=32 length=32 segId=2
07:34:20.480 INF Starting new view. segID=2 timeout=60000 view=0
07:34:20.481 DBG Starting timer. sn=2 view=0
07:34:20.481 INF Starting PBFT instance. first=2 last=250 segID=2
07:34:20.481 DBG Subscribing to backlog. segID=2
07:34:20.481 INF Starting serialized message processing. segID=2
07:34:20.481 INF PbftOrderer received a new segment: [3 11 19 27 35 43 51 59 67 75 83 91 99 107 115 123 131 139 147 155 163 171 179 187 195 203 211 219 227 235 243 251] first leader=3 firstSN=3 lastSN=251 len=32 length=32 segId=3
07:34:20.481 INF Starting new view. segID=3 timeout=60000 view=0
07:34:20.482 DBG Starting timer. sn=3 view=0
07:34:20.482 INF Starting PBFT instance. first=3 last=251 segID=3
07:34:20.482 DBG Subscribing to backlog. segID=3
07:34:20.482 INF Starting serialized message processing. segID=3
07:34:20.482 DBG Leading segment. segID=3
07:34:20.482 INF PbftOrderer received a new segment: [4 12 20 28 36 44 52 60 68 76 84 92 100 108 116 124 132 140 148 156 164 172 180 188 196 204 212 220 228 236 244 252] first leader=4 firstSN=4 lastSN=252 len=32 length=32 segId=4
07:34:20.483 INF Starting new view. segID=4 timeout=60000 view=0
07:34:20.483 DBG Starting timer. sn=4 view=0
07:34:20.483 DBG Waiting for batch. batchSize=4096
07:34:20.483 INF Starting PBFT instance. first=4 last=252 segID=4
07:34:20.483 DBG Subscribing to backlog. segID=4
07:34:20.483 INF Starting serialized message processing. segID=4
07:34:20.483 INF PbftOrderer received a new segment: [5 13 21 29 37 45 53 61 69 77 85 93 101 109 117 125 133 141 149 157 165 173 181 189 197 205 213 221 229 237 245 253] first leader=5 firstSN=5 lastSN=253 len=32 length=32 segId=5
07:34:20.484 INF Starting new view. segID=5 timeout=60000 view=0
07:34:20.484 DBG Starting timer. sn=5 view=0
07:34:20.484 INF Starting PBFT instance. first=5 last=253 segID=5
07:34:20.484 INF PbftOrderer received a new segment: [6 14 22 30 38 46 54 62 70 78 86 94 102 110 118 126 134 142 150 158 166 174 182 190 198 206 214 222 230 238 246 254] first leader=6 firstSN=6 lastSN=254 len=32 length=32 segId=6
07:34:20.485 INF Starting new view. segID=6 timeout=60000 view=0
07:34:20.485 INF Starting serialized message processing. segID=5
07:34:20.485 DBG Starting timer. sn=6 view=0
07:34:20.485 DBG Subscribing to backlog. segID=5
07:34:20.485 INF Starting PBFT instance. first=6 last=254 segID=6
07:34:20.485 DBG Subscribing to backlog. segID=6
07:34:20.485 INF Starting serialized message processing. segID=6
07:34:20.485 INF PbftOrderer received a new segment: [7 15 23 31 39 47 55 63 71 79 87 95 103 111 119 127 135 143 151 159 167 175 183 191 199 207 215 223 231 239 247 255] first leader=7 firstSN=7 lastSN=255 len=32 length=32 segId=7
07:34:20.486 INF Starting new view. segID=7 timeout=60000 view=0
07:34:20.486 DBG Starting timer. sn=7 view=0
07:34:20.486 INF Starting PBFT instance. first=7 last=255 segID=7
07:34:20.486 DBG Subscribing to backlog. segID=7
07:34:20.486 INF Starting serialized message processing. segID=7
07:34:20.486 INF PbftOrderer received a new segment: [0 8 16 24 32 40 48 56 64 72 80 88 96 104 112 120 128 136 144 152 160 168 176 184 192 200 208 216 224 232 240 248] first leader=0 firstSN=0 lastSN=248 len=32 length=32 segId=0
07:34:20.487 INF Starting new view. segID=0 timeout=60000 view=0
07:34:20.487 DBG Starting timer. sn=0 view=0
07:34:20.487 INF Starting PBFT instance. first=0 last=248 segID=0
07:34:20.487 DBG Subscribing to backlog. segID=0
07:34:20.487 INF Starting serialized message processing. segID=0
07:34:20.488 INF PbftOrderer received a new segment: [1 9 17 25 33 41 49 57 65 73 81 89 97 105 113 121 129 137 145 153 161 169 177 185 193 201 209 217 225 233 241 249] first leader=1 firstSN=1 lastSN=249 len=32 length=32 segId=1
07:34:20.488 INF Starting new view. segID=1 timeout=60000 view=0
07:34:20.488 DBG Starting timer. sn=1 view=0
07:34:20.488 INF Starting PBFT instance. first=1 last=249 segID=1
07:34:20.488 DBG Subscribing to backlog. segID=1
07:34:20.488 INF Starting serialized message processing. segID=1
07:34:22.517 INF Incoming connection for requests. addr=127.0.0.1:33078
07:34:50.484 DBG Batch ready. batchSize=4096
07:34:50.486 DBG Batch cut. left=0 nBuckets=16 nReq=894 next=0
07:34:50.486 DBG Waiting for batch. batchSize=4096
07:34:50.536 INF Sending PREPREPARE. nReq=894 senderID=3 sn=3 view=0
07:34:50.652 INF Handling PREPREPARE. nReq=894 senderID=4 sn=4
07:34:50.652 DBG Creating new Batch. nReq=894
07:34:50.675 INF Handling PREPREPARE. nReq=894 senderID=6 sn=6
07:34:50.676 DBG Creating new Batch. nReq=894
07:34:50.687 INF Handling PREPREPARE. nReq=894 senderID=5 sn=5
07:34:50.688 DBG Creating new Batch. nReq=894
07:34:50.735 INF Handling PREPREPARE. nReq=894 senderID=7 sn=7
07:34:50.736 DBG Creating new Batch. nReq=894
07:34:50.760 INF Handling PREPREPARE. nReq=894 senderID=0 sn=0
07:34:50.760 DBG Creating new Batch. nReq=894
07:34:50.790 INF Handling PREPREPARE. nReq=894 senderID=2 sn=2
07:34:50.791 DBG Creating new Batch. nReq=894
07:34:50.891 INF Handling PREPREPARE. nReq=894 senderID=1 sn=1
07:34:50.891 DBG Creating new Batch. nReq=894
07:34:51.217 DBG Sending PREPARE. senderID=3 sn=4 view=0
07:34:51.318 DBG Sending PREPARE. senderID=3 sn=5 view=0
07:34:51.373 DBG Sending PREPARE. senderID=3 sn=0 view=0
07:34:51.391 DBG Sending PREPARE. senderID=3 sn=1 view=0
07:34:51.392 DBG Sending PREPARE. senderID=3 sn=6 view=0
07:34:51.392 DBG Sending COMMIT. senderID=3 sn=6 view=0
07:34:51.393 DBG Sending COMMIT. senderID=3 sn=4 view=0
07:34:51.394 DBG Sending COMMIT. senderID=3 sn=0 view=0
07:34:51.394 INF Committed entry. latency=0 nReq=894 sn=6
07:34:51.394 DBG Starting timer. sn=14 view=0
07:34:51.397 INF Committed entry. latency=0 nReq=894 sn=0
07:34:51.397 INF Delivered batch. nReq=894 sn=0
07:34:51.397 DBG Starting timer. sn=8 view=0
07:34:51.404 DBG Sending PREPARE. senderID=3 sn=2 view=0
07:34:51.405 DBG Sending COMMIT. senderID=3 sn=2 view=0
07:34:51.406 INF Committed entry. latency=0 nReq=894 sn=2
07:34:51.409 DBG Sending PREPARE. senderID=3 sn=7 view=0
07:34:51.410 DBG Starting timer. sn=10 view=0
07:34:51.410 DBG Sending COMMIT. senderID=3 sn=3 view=0
07:34:51.410 DBG Sending COMMIT. senderID=3 sn=7 view=0
07:34:51.412 INF Committed entry. latency=0 nReq=894 sn=7
07:34:51.412 INF Committed entry. latency=0 nReq=894 sn=4
07:34:51.412 DBG Starting timer. sn=15 view=0
07:34:51.412 DBG Starting timer. sn=12 view=0
07:34:51.418 INF Committed entry. latency=0 nReq=894 sn=3
07:34:51.418 DBG Starting timer. sn=11 view=0
07:34:51.427 DBG Sending COMMIT. senderID=3 sn=1 view=0
07:34:51.427 DBG Sending COMMIT. senderID=3 sn=5 view=0
07:34:51.434 INF Committed entry. latency=0 nReq=894 sn=1
07:34:51.434 INF Delivered batch. nReq=894 sn=1
07:34:51.435 INF Delivered batch. nReq=894 sn=2
07:34:51.435 INF Delivered batch. nReq=894 sn=3
07:34:51.435 INF Delivered batch. nReq=894 sn=4
07:34:51.435 DBG Starting timer. sn=9 view=0
07:34:51.436 INF Committed entry. latency=0 nReq=894 sn=5
07:34:51.436 INF Delivered batch. nReq=894 sn=5
07:34:51.436 INF Delivered batch. nReq=894 sn=6
07:34:51.436 INF Delivered batch. nReq=894 sn=7
07:34:51.436 DBG Starting timer. sn=13 view=0
07:35:20.487 DBG Batch ready. batchSize=4096
07:35:20.488 DBG Batch cut. left=0 nBuckets=16 nReq=66 next=0
07:35:20.488 DBG Waiting for batch. batchSize=4096
07:35:20.490 INF Sending PREPREPARE. nReq=66 senderID=3 sn=11 view=0
07:35:20.498 INF Handling PREPREPARE. nReq=66 senderID=2 sn=10
07:35:20.499 DBG Creating new Batch. nReq=66
07:35:20.500 INF Handling PREPREPARE. nReq=67 senderID=0 sn=8
07:35:20.500 DBG Creating new Batch. nReq=67
07:35:20.516 INF Handling PREPREPARE. nReq=67 senderID=1 sn=9
07:35:20.517 DBG Creating new Batch. nReq=67
07:35:20.521 DBG Sending PREPARE. senderID=3 sn=8 view=0
07:35:20.527 DBG Sending COMMIT. senderID=3 sn=11 view=0
07:35:20.528 DBG Sending COMMIT. senderID=3 sn=8 view=0
07:35:20.528 DBG Sending PREPARE. senderID=3 sn=10 view=0
07:35:20.530 DBG Sending COMMIT. senderID=3 sn=10 view=0
07:35:20.535 DBG Sending PREPARE. senderID=3 sn=9 view=0
07:35:20.536 INF Committed entry. latency=0 nReq=67 sn=8
07:35:20.536 INF Delivered batch. nReq=67 sn=8
07:35:20.536 DBG Starting timer. sn=16 view=0
07:35:20.537 DBG Sending COMMIT. senderID=3 sn=9 view=0
07:35:20.538 INF Committed entry. latency=0 nReq=66 sn=10
07:35:20.538 DBG Starting timer. sn=18 view=0
07:35:20.538 INF Committed entry. latency=0 nReq=66 sn=11
07:35:20.538 DBG Starting timer. sn=19 view=0
07:35:20.542 INF Committed entry. latency=0 nReq=67 sn=9
07:35:20.542 INF Delivered batch. nReq=67 sn=9
07:35:20.542 INF Delivered batch. nReq=66 sn=10
07:35:20.542 INF Delivered batch. nReq=66 sn=11
07:35:20.542 DBG Starting timer. sn=17 view=0
07:35:20.544 INF Handling PREPREPARE. nReq=66 senderID=7 sn=15
07:35:20.544 DBG Creating new Batch. nReq=66
07:35:20.558 INF Handling PREPREPARE. nReq=66 senderID=5 sn=13
07:35:20.558 DBG Creating new Batch. nReq=66
07:35:20.565 INF Handling PREPREPARE. nReq=66 senderID=4 sn=12
07:35:20.566 DBG Creating new Batch. nReq=66
07:35:20.576 INF Handling PREPREPARE. nReq=66 senderID=6 sn=14
07:35:20.576 DBG Creating new Batch. nReq=66
07:35:20.581 DBG Sending PREPARE. senderID=3 sn=12 view=0
07:35:20.585 DBG Sending PREPARE. senderID=3 sn=13 view=0
07:35:20.585 DBG Sending COMMIT. senderID=3 sn=13 view=0
07:35:20.586 DBG Sending PREPARE. senderID=3 sn=15 view=0
07:35:20.589 DBG Sending COMMIT. senderID=3 sn=12 view=0
07:35:20.590 INF Committed entry. latency=0 nReq=66 sn=13
07:35:20.590 DBG Starting timer. sn=21 view=0
07:35:20.592 DBG Sending COMMIT. senderID=3 sn=15 view=0
07:35:20.592 INF Committed entry. latency=0 nReq=66 sn=12
07:35:20.592 INF Committed entry. latency=0 nReq=66 sn=15
07:35:20.592 INF Delivered batch. nReq=66 sn=12
07:35:20.593 INF Delivered batch. nReq=66 sn=13
07:35:20.593 DBG Starting timer. sn=20 view=0
07:35:20.593 DBG Starting timer. sn=23 view=0
07:35:20.593 DBG Sending PREPARE. senderID=3 sn=14 view=0
07:35:20.595 DBG Sending COMMIT. senderID=3 sn=14 view=0
07:35:20.599 INF Committed entry. latency=0 nReq=66 sn=14
07:35:20.599 INF Delivered batch. nReq=66 sn=14
07:35:20.599 INF Delivered batch. nReq=66 sn=15
07:35:20.599 DBG Starting timer. sn=22 view=0
07:35:21.583 INF Connection terminated. error="rpc error: code = Canceled desc = context canceled" address=127.0.0.1:33078
07:35:21.583 INF Finished sending bucket assignments to client. clId=0
07:35:22.023 INF Stopping profiler.
07:35:22.023 INF Stopping Tracer. events=148 fileName=experiment-output/0000/slave-006/peer.trc
==================
WARNING: DATA RACE
Read at 0x00c0009aa000 by goroutine 115:
  runtime.racereadrange()
      <autogenerated>:1 +0x1b
  github.com/hyperledger-labs/mirbft/tracing.(*BufferedTrace).StopOnSignal.func1()
      /opt/gopath/src/github.com/hyperledger-labs/mirbft/tracing/bufferedtrace.go:298 +0x4e

Previous write at 0x00c0009aa000 by goroutine 495:
  github.com/hyperledger-labs/mirbft/tracing.(*BufferedTrace).Event()
      /opt/gopath/src/github.com/hyperledger-labs/mirbft/tracing/bufferedtrace.go:105 +0x2d9
  github.com/hyperledger-labs/mirbft/manager.(*MirManager).handleLogEntries()
      /opt/gopath/src/github.com/hyperledger-labs/mirbft/manager/mirmanager.go:139 +0x1d8
  github.com/hyperledger-labs/mirbft/manager.(*MirManager).Start路dwrap路7()
      /opt/gopath/src/github.com/hyperledger-labs/mirbft/manager/mirmanager.go:101 +0x47

Goroutine 115 (running) created at:
  github.com/hyperledger-labs/mirbft/tracing.(*BufferedTrace).StopOnSignal()
      /opt/gopath/src/github.com/hyperledger-labs/mirbft/tracing/bufferedtrace.go:292 +0x172
  main.setUpTracing()
      /opt/gopath/src/github.com/hyperledger-labs/mirbft/cmd/orderingpeer/main.go:204 +0xf5
  main.main()
      /opt/gopath/src/github.com/hyperledger-labs/mirbft/cmd/orderingpeer/main.go:98 +0x9d6

Goroutine 495 (running) created at:
  github.com/hyperledger-labs/mirbft/manager.(*MirManager).Start()
      /opt/gopath/src/github.com/hyperledger-labs/mirbft/manager/mirmanager.go:101 +0x19e
  main.main路dwrap路4()
      /opt/gopath/src/github.com/hyperledger-labs/mirbft/cmd/orderingpeer/main.go:168 +0x59
==================
==================
WARNING: DATA RACE
Read at 0x00c0009ab6f8 by goroutine 115:
  runtime.racereadrange()
      <autogenerated>:1 +0x1b
  github.com/hyperledger-labs/mirbft/tracing.(*BufferedTrace).StopOnSignal.func1()
      /opt/gopath/src/github.com/hyperledger-labs/mirbft/tracing/bufferedtrace.go:298 +0x4e

Previous write at 0x00c0009ab6f8 by goroutine 114:
  github.com/hyperledger-labs/mirbft/tracing.(*BufferedTrace).Event()
      /opt/gopath/src/github.com/hyperledger-labs/mirbft/tracing/bufferedtrace.go:105 +0x2d9
  github.com/hyperledger-labs/mirbft/profiling.StartCPUTracing.func1()
      /opt/gopath/src/github.com/hyperledger-labs/mirbft/profiling/cpuusage.go:31 +0x95

Goroutine 115 (running) created at:
  github.com/hyperledger-labs/mirbft/tracing.(*BufferedTrace).StopOnSignal()
      /opt/gopath/src/github.com/hyperledger-labs/mirbft/tracing/bufferedtrace.go:292 +0x172
  main.setUpTracing()
      /opt/gopath/src/github.com/hyperledger-labs/mirbft/cmd/orderingpeer/main.go:204 +0xf5
  main.main()
      /opt/gopath/src/github.com/hyperledger-labs/mirbft/cmd/orderingpeer/main.go:98 +0x9d6

Goroutine 114 (running) created at:
  github.com/hyperledger-labs/mirbft/profiling.StartCPUTracing()
      /opt/gopath/src/github.com/hyperledger-labs/mirbft/profiling/cpuusage.go:28 +0xb6
  main.setUpTracing()
      /opt/gopath/src/github.com/hyperledger-labs/mirbft/cmd/orderingpeer/main.go:196 +0x85
  main.main()
      /opt/gopath/src/github.com/hyperledger-labs/mirbft/cmd/orderingpeer/main.go:98 +0x9d6
==================
07:35:22.028 INF Trace data written.
07:35:22.052 INF Profile data written. filename=experiment-output/0000/slave-006/prof.cpu name=cpu
07:35:22.109 INF Profile data written. filename=experiment-output/0000/slave-006/prof.block name=block
07:35:22.136 INF Profile data written. filename=experiment-output/0000/slave-006/prof.mutex name=mutex
