11:33AM INF Received own slave ID. ownSlaveId=0
11:33AM INF OK status=0
11:33AM INF Received command. cmdId=3
11:33AM INF Received an ExecStart command args="[-p experiment-output/0000/slave-__id__/config]" cmd=mkdir outFile=/dev/null
11:33AM INF OK status=0
11:33AM INF Received command. cmdId=4
11:33AM INF Received command. cmdType=ExecWait
11:33AM INF OK status=0
11:33AM INF Received command. cmdId=7
11:33AM INF Received an ExecStart command args="[config/config-0000.yml experiment-output/0000/slave-__id__/config/config.yml]" cmd=cp outFile=/dev/null
11:33AM INF OK status=0
11:33AM INF Received command. cmdId=8
11:33AM INF Received command. cmdType=ExecWait
11:33AM INF OK status=0
11:33AM INF Received command. cmdId=10
11:33AM INF Received command. cmdType=Noop
11:33AM INF Noop. Doing nothing. status=0111:33AM INF Received command. cmdId=15
11:33AM INF Received an ExecStart command args="[experiment-output/0000/slave-__id__/config/config.yml 127.0.0.1:9999 experiment-output/0000/slave-__id__/client experiment-output/0000/slave-__id__/prof-client]" cmd=orderingclient outFile=experiment-output/0000/slave-__id__/clients.log
11:33AM INF OK status=0
11:33AM I11:33AM INF Received command. cmdId=18
11:33AM INF Received command. cmdType=ExecSignal
11:33AM INF OK status=0
11:33AM INF Received command. cmdId=23
11:33AM INF Received command. cmdType=Stop
 Noop. Doing nothing. status=0
11:33AM INF Received command. cmdId=23
11:33AM INF Received command. cmdType=Stop
