{"level":"debug","Logging":"debug","time":"2022-09-22T16:27:53+08:00","message":"Config"}
{"level":"debug","UseTLS":false,"time":"2022-09-22T16:27:53+08:00","message":"Config"}
{"level":"debug","CACertFile":"tls-data/ca.pem","time":"2022-09-22T16:27:53+08:00","message":"Config"}
{"level":"debug","KeyFile":"tls-data/auth.key","time":"2022-09-22T16:27:53+08:00","message":"Config"}
{"level":"debug","CertFile":"tls-data/auth.pem","time":"2022-09-22T16:27:53+08:00","message":"Config"}
{"level":"debug","PriorityConnections":2,"time":"2022-09-22T16:27:53+08:00","message":"Config"}
{"level":"debug","BasicConnections":2,"time":"2022-09-22T16:27:53+08:00","message":"Config"}
{"level":"debug","TestConnections":false,"time":"2022-09-22T16:27:53+08:00","message":"Config"}
{"level":"debug","ExcessConnections":1,"time":"2022-09-22T16:27:53+08:00","message":"Config"}
{"level":"debug","ConnectionTestMsgs":4,"time":"2022-09-22T16:27:53+08:00","message":"Config"}
{"level":"debug","ConnectionTestPayload":131072,"time":"2022-09-22T16:27:53+08:00","message":"Config"}
{"level":"debug","OutMessageBufsize":1024,"time":"2022-09-22T16:27:53+08:00","message":"Config"}
{"level":"debug","OutMessageBufsize":2,"time":"2022-09-22T16:27:53+08:00","message":"Config"}
{"level":"debug","ThroughputCap":131072000,"time":"2022-09-22T16:27:53+08:00","message":"Config"}
{"level":"debug","StragglerTolerance":1000,"time":"2022-09-22T16:27:53+08:00","message":"Config"}
{"level":"debug","BatchSizeIncrement":256,"time":"2022-09-22T16:27:53+08:00","message":"Config"}
{"level":"debug","Orderer":"Pbft","time":"2022-09-22T16:27:53+08:00","message":"Config"}
{"level":"debug","Manager":"Mir","time":"2022-09-22T16:27:53+08:00","message":"Config"}
{"level":"debug","Failures":2,"time":"2022-09-22T16:27:53+08:00","message":"Config"}
{"level":"debug","CrashTiming":"Straggler","time":"2022-09-22T16:27:53+08:00","message":"Config"}
{"level":"debug","CheckpointInterval":256,"time":"2022-09-22T16:27:53+08:00","message":"Config"}
{"level":"debug","WatermarkWindowSize":256,"time":"2022-09-22T16:27:53+08:00","message":"Config"}
{"level":"debug","EpochLength":256,"time":"2022-09-22T16:27:53+08:00","message":"Config"}
{"level":"debug","SegmentLength":32,"time":"2022-09-22T16:27:53+08:00","message":"Config"}
{"level":"debug","WaitForCheckpoints":true,"time":"2022-09-22T16:27:53+08:00","message":"Config"}
{"level":"debug","ClientWatermarkWindowSize":4194304,"time":"2022-09-22T16:27:53+08:00","message":"Config"}
{"level":"debug","ClientRequestBacklogSize":4194304,"time":"2022-09-22T16:27:53+08:00","message":"Config"}
{"level":"debug","RandomSeed":21911,"time":"2022-09-22T16:27:53+08:00","message":"Config"}
{"level":"debug","NodeToLeaderRatio":1,"time":"2022-09-22T16:27:53+08:00","message":"Config"}
{"level":"debug","LeaderPolicy":"SimulatedRandomFailures","time":"2022-09-22T16:27:53+08:00","message":"Config"}
{"level":"debug","DefaultLeaderBan":2,"time":"2022-09-22T16:27:53+08:00","message":"Config"}
{"level":"debug","NumBuckets":128,"time":"2022-09-22T16:27:53+08:00","message":"Config"}
{"level":"debug","BatchSize":1000,"time":"2022-09-22T16:27:53+08:00","message":"Config"}
{"level":"debug","DisabledViewChange":false,"time":"2022-09-22T16:27:53+08:00","message":"Config"}
{"level":"debug","ViewChangeTimeout":60000,"time":"2022-09-22T16:27:53+08:00","message":"Config"}
{"level":"debug","ClientTraceSampling":10,"time":"2022-09-22T16:27:53+08:00","message":"Config"}
{"level":"debug","EventBufferSize":2097152,"time":"2022-09-22T16:27:53+08:00","message":"Config"}
{"level":"debug","TraceSampling":1,"time":"2022-09-22T16:27:53+08:00","message":"Config"}
{"level":"debug","ClientsPerProcess":1,"time":"2022-09-22T16:27:53+08:00","message":"Config"}
{"level":"debug","RequestsPerClient":15360,"time":"2022-09-22T16:27:53+08:00","message":"Config"}
{"level":"debug","ClientRunTime":30000,"time":"2022-09-22T16:27:53+08:00","message":"Config"}
{"level":"debug","RequestRate":256,"time":"2022-09-22T16:27:53+08:00","message":"Config"}
{"level":"debug","HardRequestRateLimit":false,"time":"2022-09-22T16:27:53+08:00","message":"Config"}
{"level":"debug","RequestPayloadSize":500,"time":"2022-09-22T16:27:53+08:00","message":"Config"}
{"level":"debug","SignRequests":true,"time":"2022-09-22T16:27:53+08:00","message":"Config"}
{"level":"debug","ClientPrivKeyFile":"tls-data/client-ecdsa-256.key","time":"2022-09-22T16:27:53+08:00","message":"Config"}
{"level":"debug","ClientPubKeyFile":"tls-data/client-ecdsa-256.pem","time":"2022-09-22T16:27:53+08:00","message":"Config"}
{"level":"debug","PrecomputeRequests":false,"time":"2022-09-22T16:27:53+08:00","message":"Config"}
{"level":"debug","RequestHandlerThreads":32,"time":"2022-09-22T16:27:53+08:00","message":"Config"}
{"level":"debug","RequestInputChannelBuffer":8192,"time":"2022-09-22T16:27:53+08:00","message":"Config"}
{"level":"debug","BatchVerifier":"external","time":"2022-09-22T16:27:53+08:00","message":"Config"}
08:27:53.153 INF Registered with discovery server. numPeers=8 ownID=6
08:27:53.154 INF Profiling enabled.
08:27:53.154 INF Setting up profiling.
08:27:53.154 INF Started Profiler: CPU
08:27:53.154 INF Started Profiler: BLOCK
08:27:53.154 INF Started Profiler: MUTEX
08:27:53.154 INF Profiler will stop on signal. exit=true
08:27:53.157 INF Tracing will stop on signal. exit=false
08:27:53.157 INF Started tracing. traceFile=experiment-output/0000/slave-003/peer.trc
08:27:53.159 DBG Starting backlog.
08:27:53.159 INF Listening for connections. port=10066 useTLS=false
08:27:53.160 INF Connecting to peer. addr=127.0.0.1:10066 basicConns=2 priorityConns=2
08:27:53.161 INF Connecting to peer. addr=127.0.0.1:10077 basicConns=2 priorityConns=2
08:27:53.163 INF Connecting to peer. addr=127.0.0.1:10022 basicConns=2 priorityConns=2
08:27:53.164 INF Connecting to peer. addr=127.0.0.1:10000 basicConns=2 priorityConns=2
08:27:53.165 INF Connecting to peer. addr=127.0.0.1:10011 basicConns=2 priorityConns=2
08:27:53.167 INF Connecting to peer. addr=127.0.0.1:10033 basicConns=2 priorityConns=2
08:27:53.176 INF Connecting to peer. addr=127.0.0.1:10044 basicConns=2 priorityConns=2
08:27:53.198 INF Incoming connection for protocol messages. addr=127.0.0.1:52290
08:27:53.200 INF Incoming connection for protocol messages. addr=127.0.0.1:52288
08:27:53.205 INF Connecting to peer. addr=127.0.0.1:10055 basicConns=2 priorityConns=2
08:27:53.212 INF Incoming connection for protocol messages. addr=127.0.0.1:52300
08:27:53.214 INF Incoming connection for protocol messages. addr=127.0.0.1:52434
08:27:53.220 INF Incoming connection for protocol messages. addr=127.0.0.1:52444
08:27:53.222 INF Incoming connection for protocol messages. addr=127.0.0.1:52370
08:27:53.223 INF Incoming connection for protocol messages. addr=127.0.0.1:52364
08:27:53.225 INF Incoming connection for protocol messages. addr=127.0.0.1:52336
08:27:53.226 INF Incoming connection for protocol messages. addr=127.0.0.1:52488
08:27:53.226 DBG Connected. peerID=0
08:27:53.227 INF Incoming connection for protocol messages. addr=127.0.0.1:52452
08:27:53.227 INF Incoming connection for protocol messages. addr=127.0.0.1:52430
08:27:53.231 INF Incoming connection for protocol messages. addr=127.0.0.1:52508
08:27:53.231 INF Incoming connection for protocol messages. addr=127.0.0.1:52530
08:27:53.232 INF Incoming connection for protocol messages. addr=127.0.0.1:52540
08:27:53.232 INF Incoming connection for protocol messages. addr=127.0.0.1:52512
08:27:53.233 DBG Connected. peerID=6
08:27:53.234 INF Incoming connection for protocol messages. addr=127.0.0.1:52566
08:27:53.235 INF Incoming connection for protocol messages. addr=127.0.0.1:52616
08:27:53.235 DBG Connected. peerID=7
08:27:53.236 INF Incoming connection for protocol messages. addr=127.0.0.1:52526
08:27:53.236 INF Incoming connection for protocol messages. addr=127.0.0.1:52672
08:27:53.236 INF Incoming connection for protocol messages. addr=127.0.0.1:52590
08:27:53.237 DBG Connected. peerID=5
08:27:53.238 INF Incoming connection for protocol messages. addr=127.0.0.1:52646
08:27:53.238 INF Incoming connection for protocol messages. addr=127.0.0.1:52538
08:27:53.242 INF Incoming connection for protocol messages. addr=127.0.0.1:52710
08:27:53.243 DBG Connected. peerID=3
08:27:53.243 INF Incoming connection for protocol messages. addr=127.0.0.1:52668
08:27:53.246 INF Incoming connection for protocol messages. addr=127.0.0.1:52690
08:27:53.246 INF Incoming connection for protocol messages. addr=127.0.0.1:52742
08:27:53.252 INF Incoming connection for protocol messages. addr=127.0.0.1:52432
08:27:53.252 INF Incoming connection for protocol messages. addr=127.0.0.1:52664
08:27:53.253 DBG Connected. peerID=1
08:27:53.254 INF Incoming connection for protocol messages. addr=127.0.0.1:52716
08:27:53.257 DBG Connected. peerID=2
08:27:53.261 INF Incoming connection for protocol messages. addr=127.0.0.1:52782
08:27:53.261 INF Incoming connection for protocol messages. addr=127.0.0.1:52748
08:27:53.263 INF Incoming connection for protocol messages. addr=127.0.0.1:52780
08:27:53.272 DBG Connected. peerID=4
08:27:53.272 INF Connected to all peers.
08:27:53.280 INF All peers finished connecting. Starting ISS.
08:27:53.280 DBG Buckets for 0-th leader 0: [0 8 16 24 32 40 48 56 64 72 80 88 96 104 112 120]
08:27:53.280 DBG Buckets for 1-th leader 1: [1 9 17 25 33 41 49 57 65 73 81 89 97 105 113 121 19 43 67 91 115 7 31 55 79 103 127]
08:27:53.280 DBG Buckets for 2-th leader 2: [2 10 18 26 34 42 50 58 66 74 82 90 98 106 114 122]
08:27:53.281 DBG Buckets for 3-th leader 4: [4 12 20 28 36 44 52 60 68 76 84 92 100 108 116 124 3 27 51 75 99 123 15 39 63 87 111]
08:27:53.281 DBG Buckets for 4-th leader 5: [5 13 21 29 37 45 53 61 69 77 85 93 101 109 117 125]
08:27:53.281 DBG Buckets for 5-th leader 6: [6 14 22 30 38 46 54 62 70 78 86 94 102 110 118 126 11 35 59 83 107 23 47 71 95 119]
08:27:53.281 INF PbftOrderer received a new segment: [1 7 13 19 25 31 37 43 49 55 61 67 73 79 85 91 97 103 109 115 121 127 133 139 145 151 157 163 169 175 181 187] first leader=1 firstSN=1 lastSN=187 len=32 length=32 segId=1
08:27:53.282 INF Starting new view. segID=1 timeout=60000 view=0
08:27:53.282 DBG Starting timer. sn=1 view=0
08:27:53.282 INF Starting PBFT instance. first=1 last=187 segID=1
08:27:53.282 DBG Subscribing to backlog. segID=1
08:27:53.282 INF Starting serialized message processing. segID=1
08:27:53.282 INF PbftOrderer received a new segment: [2 8 14 20 26 32 38 44 50 56 62 68 74 80 86 92 98 104 110 116 122 128 134 140 146 152 158 164 170 176 182 188] first leader=2 firstSN=2 lastSN=188 len=32 length=32 segId=2
08:27:53.283 INF Starting new view. segID=2 timeout=60000 view=0
08:27:53.283 DBG Starting timer. sn=2 view=0
08:27:53.283 INF Starting PBFT instance. first=2 last=188 segID=2
08:27:53.283 DBG Subscribing to backlog. segID=2
08:27:53.283 INF Starting serialized message processing. segID=2
08:27:53.283 INF PbftOrderer received a new segment: [3 9 15 21 27 33 39 45 51 57 63 69 75 81 87 93 99 105 111 117 123 129 135 141 147 153 159 165 171 177 183 189] first leader=4 firstSN=3 lastSN=189 len=32 length=32 segId=3
08:27:53.284 INF Starting new view. segID=3 timeout=60000 view=0
08:27:53.284 DBG Starting timer. sn=3 view=0
08:27:53.284 INF Starting PBFT instance. first=3 last=189 segID=3
08:27:53.284 DBG Subscribing to backlog. segID=3
08:27:53.284 INF Starting serialized message processing. segID=3
08:27:53.285 INF PbftOrderer received a new segment: [4 10 16 22 28 34 40 46 52 58 64 70 76 82 88 94 100 106 112 118 124 130 136 142 148 154 160 166 172 178 184 190] first leader=5 firstSN=4 lastSN=190 len=32 length=32 segId=4
08:27:53.285 INF Starting new view. segID=4 timeout=60000 view=0
08:27:53.285 DBG Starting timer. sn=4 view=0
08:27:53.285 INF Starting PBFT instance. first=4 last=190 segID=4
08:27:53.286 DBG Subscribing to backlog. segID=4
08:27:53.286 INF Starting serialized message processing. segID=4
08:27:53.286 INF PbftOrderer received a new segment: [5 11 17 23 29 35 41 47 53 59 65 71 77 83 89 95 101 107 113 119 125 131 137 143 149 155 161 167 173 179 185 191] first leader=6 firstSN=5 lastSN=191 len=32 length=32 segId=5
08:27:53.286 INF Starting new view. segID=5 timeout=60000 view=0
08:27:53.286 DBG Starting timer. sn=5 view=0
08:27:53.286 INF Starting PBFT instance. first=5 last=191 segID=5
08:27:53.287 DBG Subscribing to backlog. segID=5
08:27:53.287 DBG Leading segment. segID=5
08:27:53.287 INF Starting serialized message processing. segID=5
08:27:53.287 DBG Waiting for batch. batchSize=4096
08:27:53.287 INF PbftOrderer received a new segment: [0 6 12 18 24 30 36 42 48 54 60 66 72 78 84 90 96 102 108 114 120 126 132 138 144 150 156 162 168 174 180 186] first leader=0 firstSN=0 lastSN=186 len=32 length=32 segId=0
08:27:53.287 INF Starting new view. segID=0 timeout=60000 view=0
08:27:53.287 DBG Starting timer. sn=0 view=0
08:27:53.287 INF Starting PBFT instance. first=0 last=186 segID=0
08:27:53.288 DBG Subscribing to backlog. segID=0
08:27:53.288 INF Starting serialized message processing. segID=0
08:27:53.304 INF Connection terminated. error="rpc error: code = Canceled desc = context canceled" address=127.0.0.1:52488
08:27:53.305 INF Connection terminated. error="rpc error: code = Canceled desc = context canceled" address=127.0.0.1:52300
08:27:53.304 INF Connection terminated. error="rpc error: code = Canceled desc = context canceled" address=127.0.0.1:52430
08:27:53.304 INF Connection terminated. error="rpc error: code = Canceled desc = context canceled" address=127.0.0.1:52566
08:27:53.314 INF Connection terminated. error="rpc error: code = Canceled desc = context canceled" address=127.0.0.1:52512
08:27:53.315 INF Connection terminated. error="rpc error: code = Canceled desc = context canceled" address=127.0.0.1:52444
08:27:53.315 INF Connection terminated. error="rpc error: code = Canceled desc = context canceled" address=127.0.0.1:52370
08:27:53.315 INF Connection terminated. error="rpc error: code = Canceled desc = context canceled" address=127.0.0.1:52452
08:27:55.319 INF Incoming connection for requests. addr=127.0.0.1:52828
08:28:23.288 DBG Batch ready. batchSize=4096
08:28:23.290 DBG Batch cut. left=0 nBuckets=26 nReq=1453 next=0
08:28:23.294 DBG Waiting for batch. batchSize=4096
08:28:23.355 INF Sending PREPREPARE. nReq=1453 senderID=6 sn=5 view=0
08:28:23.449 INF Handling PREPREPARE. nReq=894 senderID=5 sn=4
08:28:23.449 DBG Creating new Batch. nReq=894
08:28:23.476 INF Handling PREPREPARE. nReq=894 senderID=2 sn=2
08:28:23.476 DBG Creating new Batch. nReq=894
08:28:23.476 INF Handling PREPREPARE. nReq=895 senderID=0 sn=0
08:28:23.476 DBG Creating new Batch. nReq=895
08:28:23.578 ERR Failed to send protocol message. Dropping all future outgoing protocol messages. error=EOF
08:28:23.602 ERR Failed to send protocol message. Dropping all future outgoing protocol messages. error=EOF
08:28:23.701 INF Handling PREPREPARE. nReq=1508 senderID=1 sn=1
08:28:23.701 DBG Creating new Batch. nReq=1508
08:28:23.709 INF Handling PREPREPARE. nReq=1509 senderID=4 sn=3
08:28:23.709 DBG Creating new Batch. nReq=1509
08:28:23.859 DBG Sending PREPARE. senderID=6 sn=4 view=0
08:28:23.906 DBG Sending PREPARE. senderID=6 sn=0 view=0
08:28:23.907 DBG Sending PREPARE. senderID=6 sn=2 view=0
08:28:23.947 DBG Sending COMMIT. senderID=6 sn=4 view=0
08:28:23.973 DBG Sending COMMIT. senderID=6 sn=0 view=0
08:28:23.980 INF Committed entry. latency=0 nReq=894 sn=4
08:28:23.981 DBG Starting timer. sn=10 view=0
08:28:23.981 INF Committed entry. latency=0 nReq=895 sn=0
08:28:23.982 INF Delivered batch. nReq=895 sn=0
08:28:23.982 DBG Starting timer. sn=6 view=0
08:28:23.988 DBG Sending COMMIT. senderID=6 sn=2 view=0
08:28:24.007 INF Committed entry. latency=0 nReq=894 sn=2
08:28:24.007 DBG Starting timer. sn=8 view=0
08:28:24.021 DBG Sending PREPARE. senderID=6 sn=1 view=0
08:28:24.035 DBG Sending COMMIT. senderID=6 sn=1 view=0
08:28:24.041 INF Committed entry. latency=0 nReq=1508 sn=1
08:28:24.041 INF Delivered batch. nReq=1508 sn=1
08:28:24.041 INF Delivered batch. nReq=894 sn=2
08:28:24.041 DBG Starting timer. sn=7 view=0
08:28:24.059 DBG Sending PREPARE. senderID=6 sn=3 view=0
08:28:24.059 DBG Sending COMMIT. senderID=6 sn=3 view=0
08:28:24.061 DBG Sending COMMIT. senderID=6 sn=5 view=0
08:28:24.067 INF Committed entry. latency=0 nReq=1453 sn=5
08:28:24.067 DBG Starting timer. sn=11 view=0
08:28:24.072 INF Committed entry. latency=0 nReq=1509 sn=3
08:28:24.072 INF Delivered batch. nReq=1509 sn=3
08:28:24.073 INF Delivered batch. nReq=894 sn=4
08:28:24.073 INF Delivered batch. nReq=1453 sn=5
08:28:24.073 DBG Starting timer. sn=9 view=0
08:28:53.295 DBG Batch ready. batchSize=4096
08:28:53.296 DBG Batch cut. left=0 nBuckets=26 nReq=107 next=0
08:28:53.296 DBG Waiting for batch. batchSize=4096
08:28:53.300 INF Sending PREPREPARE. nReq=107 senderID=6 sn=11 view=0
08:28:53.301 INF Handling PREPREPARE. nReq=66 senderID=2 sn=8
08:28:53.301 DBG Creating new Batch. nReq=66
08:28:53.308 INF Handling PREPREPARE. nReq=113 senderID=1 sn=7
08:28:53.308 DBG Creating new Batch. nReq=113
08:28:53.312 INF Handling PREPREPARE. nReq=66 senderID=0 sn=6
08:28:53.312 DBG Creating new Batch. nReq=66
08:28:53.314 DBG Sending PREPARE. senderID=6 sn=8 view=0
08:28:53.318 INF Handling PREPREPARE. nReq=66 senderID=5 sn=10
08:28:53.319 DBG Creating new Batch. nReq=66
08:28:53.328 DBG Sending COMMIT. senderID=6 sn=8 view=0
08:28:53.337 INF Committed entry. latency=0 nReq=66 sn=8
08:28:53.341 DBG Starting timer. sn=14 view=0
08:28:53.346 INF Handling PREPREPARE. nReq=111 senderID=4 sn=9
08:28:53.347 DBG Creating new Batch. nReq=111
08:28:53.354 DBG Sending PREPARE. senderID=6 sn=6 view=0
08:28:53.355 DBG Sending COMMIT. senderID=6 sn=6 view=0
08:28:53.355 INF Committed entry. latency=0 nReq=66 sn=6
08:28:53.355 INF Delivered batch. nReq=66 sn=6
08:28:53.355 DBG Sending PREPARE. senderID=6 sn=10 view=0
08:28:53.356 DBG Starting timer. sn=12 view=0
08:28:53.356 DBG Sending COMMIT. senderID=6 sn=10 view=0
08:28:53.360 INF Committed entry. latency=0 nReq=66 sn=10
08:28:53.360 DBG Starting timer. sn=16 view=0
08:28:53.364 DBG Sending PREPARE. senderID=6 sn=7 view=0
08:28:53.365 DBG Sending COMMIT. senderID=6 sn=7 view=0
08:28:53.366 DBG Sending PREPARE. senderID=6 sn=9 view=0
08:28:53.367 DBG Sending COMMIT. senderID=6 sn=9 view=0
08:28:53.369 INF Committed entry. latency=0 nReq=113 sn=7
08:28:53.369 INF Delivered batch. nReq=113 sn=7
08:28:53.370 INF Delivered batch. nReq=66 sn=8
08:28:53.370 DBG Starting timer. sn=13 view=0
08:28:53.370 DBG Sending COMMIT. senderID=6 sn=11 view=0
08:28:53.373 INF Committed entry. latency=0 nReq=107 sn=11
08:28:53.373 INF Committed entry. latency=0 nReq=111 sn=9
08:28:53.373 INF Delivered batch. nReq=111 sn=9
08:28:53.373 INF Delivered batch. nReq=66 sn=10
08:28:53.374 INF Delivered batch. nReq=107 sn=11
08:28:53.374 DBG Starting timer. sn=17 view=0
08:28:53.374 DBG Starting timer. sn=15 view=0
08:28:54.356 INF Connection terminated. error="rpc error: code = Canceled desc = context canceled" address=127.0.0.1:52828
08:28:54.358 INF Finished sending bucket assignments to client. clId=0
08:28:54.775 INF Stopping profiler.
08:28:54.775 INF Stopping Tracer. events=144 fileName=experiment-output/0000/slave-003/peer.trc
==================
WARNING: DATA RACE
Read at 0x00c000834000 by goroutine 114:
  runtime.racereadrange()
      <autogenerated>:1 +0x1b
  github.com/hyperledger-labs/mirbft/tracing.(*BufferedTrace).StopOnSignal.func1()
      /opt/gopath/src/github.com/hyperledger-labs/mirbft/tracing/bufferedtrace.go:298 +0x4e

Previous write at 0x00c000834000 by goroutine 421:
  github.com/hyperledger-labs/mirbft/tracing.(*BufferedTrace).Event()
      /opt/gopath/src/github.com/hyperledger-labs/mirbft/tracing/bufferedtrace.go:105 +0x2d9
  github.com/hyperledger-labs/mirbft/manager.(*MirManager).handleLogEntries()
      /opt/gopath/src/github.com/hyperledger-labs/mirbft/manager/mirmanager.go:139 +0x1d8
  github.com/hyperledger-labs/mirbft/manager.(*MirManager).Start路dwrap路7()
      /opt/gopath/src/github.com/hyperledger-labs/mirbft/manager/mirmanager.go:101 +0x47

Goroutine 114 (running) created at:
  github.com/hyperledger-labs/mirbft/tracing.(*BufferedTrace).StopOnSignal()
      /opt/gopath/src/github.com/hyperledger-labs/mirbft/tracing/bufferedtrace.go:292 +0x172
  main.setUpTracing()
      /opt/gopath/src/github.com/hyperledger-labs/mirbft/cmd/orderingpeer/main.go:204 +0xf5
  main.main()
      /opt/gopath/src/github.com/hyperledger-labs/mirbft/cmd/orderingpeer/main.go:98 +0x9d6

Goroutine 421 (running) created at:
  github.com/hyperledger-labs/mirbft/manager.(*MirManager).Start()
      /opt/gopath/src/github.com/hyperledger-labs/mirbft/manager/mirmanager.go:101 +0x19e
  main.main路dwrap路4()
      /opt/gopath/src/github.com/hyperledger-labs/mirbft/cmd/orderingpeer/main.go:168 +0x59
==================
==================
WARNING: DATA RACE
Read at 0x00c000835658 by goroutine 114:
  runtime.racereadrange()
      <autogenerated>:1 +0x1b
  github.com/hyperledger-labs/mirbft/tracing.(*BufferedTrace).StopOnSignal.func1()
      /opt/gopath/src/github.com/hyperledger-labs/mirbft/tracing/bufferedtrace.go:298 +0x4e

Previous write at 0x00c000835658 by goroutine 113:
  github.com/hyperledger-labs/mirbft/tracing.(*BufferedTrace).Event()
      /opt/gopath/src/github.com/hyperledger-labs/mirbft/tracing/bufferedtrace.go:105 +0x2d9
  github.com/hyperledger-labs/mirbft/profiling.StartCPUTracing.func1()
      /opt/gopath/src/github.com/hyperledger-labs/mirbft/profiling/cpuusage.go:31 +0x95

Goroutine 114 (running) created at:
  github.com/hyperledger-labs/mirbft/tracing.(*BufferedTrace).StopOnSignal()
      /opt/gopath/src/github.com/hyperledger-labs/mirbft/tracing/bufferedtrace.go:292 +0x172
  main.setUpTracing()
      /opt/gopath/src/github.com/hyperledger-labs/mirbft/cmd/orderingpeer/main.go:204 +0xf5
  main.main()
      /opt/gopath/src/github.com/hyperledger-labs/mirbft/cmd/orderingpeer/main.go:98 +0x9d6

Goroutine 113 (running) created at:
  github.com/hyperledger-labs/mirbft/profiling.StartCPUTracing()
      /opt/gopath/src/github.com/hyperledger-labs/mirbft/profiling/cpuusage.go:28 +0xb6
  main.setUpTracing()
      /opt/gopath/src/github.com/hyperledger-labs/mirbft/cmd/orderingpeer/main.go:196 +0x85
  main.main()
      /opt/gopath/src/github.com/hyperledger-labs/mirbft/cmd/orderingpeer/main.go:98 +0x9d6
==================
08:28:54.778 INF Trace data written.
08:28:54.888 INF Profile data written. filename=experiment-output/0000/slave-003/prof.cpu name=cpu
08:28:54.949 INF Profile data written. filename=experiment-output/0000/slave-003/prof.block name=block
08:28:54.975 INF Profile data written. filename=experiment-output/0000/slave-003/prof.mutex name=mutex
