7:15AM INF Received own slave ID. ownSlaveId=2
7:15AM INF OK status=0
7:15AM INF Received command. cmdId=3
7:15AM INF Received an ExecStart command args="[-p experiment-output/0000/slave-__id__/config]" cmd=mkdir outFile=/dev/null
7:15AM INF OK status=0
7:15AM INF Received command. cmdId=4
7:15AM INF Received command. cmdType=ExecWait
7:15AM INF OK status=0
7:15AM INF Received command. cmdId=7
7:15AM INF Received an ExecStart command args="[config/config-0000.yml experiment-output/0000/slave-__id__/config/config.yml]" cmd=cp outFile=/dev/null
7:15AM INF OK status=0
7:15AM INF Received command. cmdId=8
7:15AM INF Received command. cmdType=ExecWait
7:15AM INF OK status=0
7:15AM INF Received command. cmdId=10
7:15AM INF Received command. cmdType=Noop
7:15AM INF Noop. Doing nothing. status=077:15AM INF Received command. cmdId=15
7:15AM INF Received an ExecStart command args="[experiment-output/0000/slave-__id__/config/config.yml 127.0.0.1:9999 experiment-output/0000/slave-__id__/client experiment-output/0000/slave-__id__/prof-client]" cmd=orderingclient outFile=experiment-output/0000/slave-__id__/clients.log
7:15AM INF OK status=0
7:15AM IN7:16AM INF Received command. cmdId=18
7:16AM INF Received command. cmdType=ExecSignal
7:16AM INF OK status=0
7:16AM INF Received command. cmdId=23
7:16AM INF Received an ExecStart command args="[-p experiment-output/0007:16AM INF Received command. cmdId=23
7:16AM INF Rec7:16AM INF OK status=0
7:16AM INF Received command. cmdId=24
7:16AM INF Received command. cmdType=ExecWait
7:16AM INF OK status=0
7:16AM INF Received command. cmdId=25
7:16AM INF Received an ExecStart command args="[config/config-0001.yml e7:16AM INF Received command. cmdId=27
7:16AM INF Received an ExecStart command args="[config/config-0001.yml experiment-output/0001/slave-__id__/config/config.yml]" cmd=cp outFile=/dev/null
7:16AM INF OK status7:16AM INF Received command. cmdId=29
7:16AM INF Received command. cmdType=Noop
7:16AM INF Noop. Doing nothing7:16AM INF 7:16AM INF Received command. cmdId=32
7:16AM INF Received an ExecStart command args="[experiment-output/0001/s7:16AM INF Received command. cmdId=35
7:16AM INF Received an ExecStart command args="[experiment-output/0001/slave-__id__/config/config.yml 127.0.0.1:9999 experiment-output/0001/slave-__id__/client experiment-output/0001/slave-__id__/prof-client]7:17AM INF Received command. cmdId=38
7:17AM INF Received command. cmdType=ExecSignal
7:17AM INF OK status=0
7:17AM INF Received command. cmdId=43
7:17AM INF Received an ExecStart command args="[-p experiment-output/0002/slave-__id__/config]" cmd=mkdir outFile=/dev/null
7:17AM INF OK status=0
7:17AM INF Received command. cmdId=44
7:17AM INF Received command. cmdType=ExecWait
7:17AM INF OK status=0
7:17AM INF Received command. cmdId=45
7:17AM INF Received an ExecStart command args="[config/config-0002.yml experiment-output/0002/slave-__id__/config/config.yml]" cmd=cp outFile=/dev/null
7:17AM INF OK status=0
7:17AM7:17AM INF Received command. cmdId=47
7:17AM INF Received an ExecStart command args="[config/config-07:17AM INF Received command. cmdId=49
7:17AM INF Received command. cmdType=Noop
7:17AM INF Noop. Doing nothing. status=0
7:17AM INF Received command. cmdId=52
7:17AM INF Received an ExecStart command args="[experiment-output/0002/slave-__id__/config/config.yml 127.0.0.1:9999 127.0.0.1 127.0.0.1 experiment-output/0002/slave-__id__/peer.trc7:17AM INF Received command. cmdId=55
7:17AM INF Received an ExecStart command args="[experiment-output/0002/slave-__id__/config/config.y7:18AM INF Received command. cmdId=58
7:18AM INF Received command. cmdType=ExecSignal
7:18AM INF OK status=0
7:18AM INF Received command. cmdId=63
7:18AM INF Received an ExecStart command args="[-p experiment-output/0003/slave-__id__/config]" cmd=mkdir outFile=/dev/null
7:18AM INF OK status=0
7:18AM INF Received command. cmdId=64
7:18AM INF Received command. cmdType=ExecWait
7:18AM INF OK status=0
7:18AM INF Received command. cmdId=65
7:18AM INF Received an ExecStart command args="[config/config-0003.yml experiment-output/0003/slave-__id__/config/config.yml]" cmd=cp outFile=/dev/null
7:18AM INF OK status=0
7:18AM INF Received command. cmdId=66
7:18AM INF Received command. cmdType=ExecWait
7:18AM INF OK status=0
7:18AM INF Received command. cmdId=69
7:18AM INF Received command. cmdType=Noop
7:18AM INF Noop. Doing nothing. status=0
7:18AM INF Received command. cmdId=72
7:18AM INF Received an ExecStart command args="[experiment-output/0003/slave-__id__/config/config.yml 127.0.0.1:9999 127.0.0.1 127.0.0.1 experiment-output/0003/slave-__id__/peer.trc experiment-output/0003/slave-__id__/prof]" cmd=orderingpeer outFile=experiment-output/0003/slave-__id__/peer7:18AM INF Received command.7:19AM INF Received command. cmdId=78
7:19AM INF Received command. cmdType=ExecSignal
7:19AM INF OK status=0
7:20AM INF Received command. cmdId=83
7:20AM INF Received command. cmdType=Stop
003/slave-__id__/prof-client]" cmd=orderingclient outFile=experiment-output/0003/slave-__id__/clients.log
7:18AM INF OK status=0
7:18AM INF Received command. cmdId=76
7:18AM INF Received command. cmdType=ExecWait
7:19AM INF OK status=0
7:19AM INF Received command. cmdId=77
7:19AM INF Received command. cmdType=Noop
7:19AM INF Noop. Doing nothing. status=0
7:20AM INF Received command. cmdId=83
7:20AM INF Received command. cmdType=Stop
