{"level":"debug","Logging":"debug","time":"2022-08-10T17:14:07+08:00","message":"Config"}
{"level":"debug","UseTLS":false,"time":"2022-08-10T17:14:07+08:00","message":"Config"}
{"level":"debug","CACertFile":"tls-data/ca.pem","time":"2022-08-10T17:14:07+08:00","message":"Config"}
{"level":"debug","KeyFile":"tls-data/auth.key","time":"2022-08-10T17:14:07+08:00","message":"Config"}
{"level":"debug","CertFile":"tls-data/auth.pem","time":"2022-08-10T17:14:07+08:00","message":"Config"}
{"level":"debug","PriorityConnections":2,"time":"2022-08-10T17:14:07+08:00","message":"Config"}
{"level":"debug","BasicConnections":4,"time":"2022-08-10T17:14:07+08:00","message":"Config"}
{"level":"debug","TestConnections":false,"time":"2022-08-10T17:14:07+08:00","message":"Config"}
{"level":"debug","ExcessConnections":1,"time":"2022-08-10T17:14:07+08:00","message":"Config"}
{"level":"debug","ConnectionTestMsgs":4,"time":"2022-08-10T17:14:07+08:00","message":"Config"}
{"level":"debug","ConnectionTestPayload":131072,"time":"2022-08-10T17:14:07+08:00","message":"Config"}
{"level":"debug","OutMessageBufsize":1024,"time":"2022-08-10T17:14:07+08:00","message":"Config"}
{"level":"debug","OutMessageBufsize":1,"time":"2022-08-10T17:14:07+08:00","message":"Config"}
{"level":"debug","ThroughputCap":131072000,"time":"2022-08-10T17:14:07+08:00","message":"Config"}
{"level":"debug","StragglerTolerance":1000,"time":"2022-08-10T17:14:07+08:00","message":"Config"}
{"level":"debug","BatchSizeIncrement":256,"time":"2022-08-10T17:14:07+08:00","message":"Config"}
{"level":"debug","Orderer":"Pbft","time":"2022-08-10T17:14:07+08:00","message":"Config"}
{"level":"debug","Manager":"Mir","time":"2022-08-10T17:14:07+08:00","message":"Config"}
{"level":"debug","Failures":1,"time":"2022-08-10T17:14:07+08:00","message":"Config"}
{"level":"debug","CrashTiming":"Straggler","time":"2022-08-10T17:14:07+08:00","message":"Config"}
{"level":"debug","CheckpointInterval":256,"time":"2022-08-10T17:14:07+08:00","message":"Config"}
{"level":"debug","WatermarkWindowSize":256,"time":"2022-08-10T17:14:07+08:00","message":"Config"}
{"level":"debug","EpochLength":256,"time":"2022-08-10T17:14:07+08:00","message":"Config"}
{"level":"debug","SegmentLength":64,"time":"2022-08-10T17:14:07+08:00","message":"Config"}
{"level":"debug","WaitForCheckpoints":true,"time":"2022-08-10T17:14:07+08:00","message":"Config"}
{"level":"debug","ClientWatermarkWindowSize":4194304,"time":"2022-08-10T17:14:07+08:00","message":"Config"}
{"level":"debug","ClientRequestBacklogSize":4194304,"time":"2022-08-10T17:14:07+08:00","message":"Config"}
{"level":"debug","RandomSeed":16263,"time":"2022-08-10T17:14:07+08:00","message":"Config"}
{"level":"debug","NodeToLeaderRatio":1,"time":"2022-08-10T17:14:07+08:00","message":"Config"}
{"level":"debug","LeaderPolicy":"SimulatedRandomFailures","time":"2022-08-10T17:14:07+08:00","message":"Config"}
{"level":"debug","DefaultLeaderBan":2,"time":"2022-08-10T17:14:07+08:00","message":"Config"}
{"level":"debug","NumBuckets":64,"time":"2022-08-10T17:14:07+08:00","message":"Config"}
{"level":"debug","BatchSize":1000,"time":"2022-08-10T17:14:07+08:00","message":"Config"}
{"level":"debug","DisabledViewChange":false,"time":"2022-08-10T17:14:07+08:00","message":"Config"}
{"level":"debug","ViewChangeTimeout":60000,"time":"2022-08-10T17:14:07+08:00","message":"Config"}
{"level":"debug","ClientTraceSampling":10,"time":"2022-08-10T17:14:07+08:00","message":"Config"}
{"level":"debug","EventBufferSize":2097152,"time":"2022-08-10T17:14:07+08:00","message":"Config"}
{"level":"debug","TraceSampling":1,"time":"2022-08-10T17:14:07+08:00","message":"Config"}
{"level":"debug","ClientsPerProcess":1,"time":"2022-08-10T17:14:07+08:00","message":"Config"}
{"level":"debug","RequestsPerClient":7680,"time":"2022-08-10T17:14:07+08:00","message":"Config"}
{"level":"debug","ClientRunTime":30000,"time":"2022-08-10T17:14:07+08:00","message":"Config"}
{"level":"debug","RequestRate":128,"time":"2022-08-10T17:14:07+08:00","message":"Config"}
{"level":"debug","HardRequestRateLimit":false,"time":"2022-08-10T17:14:07+08:00","message":"Config"}
{"level":"debug","RequestPayloadSize":500,"time":"2022-08-10T17:14:07+08:00","message":"Config"}
{"level":"debug","SignRequests":true,"time":"2022-08-10T17:14:07+08:00","message":"Config"}
{"level":"debug","ClientPrivKeyFile":"tls-data/client-ecdsa-256.key","time":"2022-08-10T17:14:07+08:00","message":"Config"}
{"level":"debug","ClientPubKeyFile":"tls-data/client-ecdsa-256.pem","time":"2022-08-10T17:14:07+08:00","message":"Config"}
{"level":"debug","PrecomputeRequests":false,"time":"2022-08-10T17:14:07+08:00","message":"Config"}
{"level":"debug","RequestHandlerThreads":32,"time":"2022-08-10T17:14:07+08:00","message":"Config"}
{"level":"debug","RequestInputChannelBuffer":8192,"time":"2022-08-10T17:14:07+08:00","message":"Config"}
{"level":"debug","BatchVerifier":"external","time":"2022-08-10T17:14:07+08:00","message":"Config"}
09:14:07.885 INF Registered with discovery server. numPeers=4 ownID=1
09:14:07.886 INF Profiling enabled.
09:14:07.886 INF Setting up profiling.
09:14:07.886 INF Started Profiler: CPU
09:14:07.886 INF Started Profiler: BLOCK
09:14:07.886 INF Started Profiler: MUTEX
09:14:07.886 INF Profiler will stop on signal. exit=true
09:14:07.888 INF Tracing will stop on signal. exit=false
09:14:07.889 INF Started tracing. traceFile=experiment-output/0002/slave-004/peer.trc
09:14:07.889 DBG Starting backlog.
09:14:07.889 INF Listening for connections. port=10011 useTLS=false
09:14:07.890 INF Connecting to peer. addr=127.0.0.1:10033 basicConns=4 priorityConns=2
09:14:07.890 INF Connecting to peer. addr=127.0.0.1:10011 basicConns=4 priorityConns=2
09:14:07.890 INF Connecting to peer. addr=127.0.0.1:10022 basicConns=4 priorityConns=2
09:14:07.890 INF Connecting to peer. addr=127.0.0.1:10000 basicConns=4 priorityConns=2
09:14:07.907 INF Incoming connection for protocol messages. addr=127.0.0.1:50438
09:14:07.909 INF Incoming connection for protocol messages. addr=127.0.0.1:50434
09:14:07.912 INF Incoming connection for protocol messages. addr=127.0.0.1:50448
09:14:07.915 INF Incoming connection for protocol messages. addr=127.0.0.1:50436
09:14:07.917 INF Incoming connection for protocol messages. addr=127.0.0.1:50454
09:14:07.917 INF Incoming connection for protocol messages. addr=127.0.0.1:50504
09:14:07.917 INF Incoming connection for protocol messages. addr=127.0.0.1:50458
09:14:07.919 INF Incoming connection for protocol messages. addr=127.0.0.1:50538
09:14:07.919 INF Incoming connection for protocol messages. addr=127.0.0.1:50490
09:14:07.919 INF Incoming connection for protocol messages. addr=127.0.0.1:50522
09:14:07.919 INF Incoming connection for protocol messages. addr=127.0.0.1:50548
09:14:07.920 INF Incoming connection for protocol messages. addr=127.0.0.1:50562
09:14:07.920 INF Incoming connection for protocol messages. addr=127.0.0.1:50440
09:14:07.920 DBG Connected. peerID=1
09:14:07.920 DBG Connected. peerID=3
09:14:07.924 INF Incoming connection for protocol messages. addr=127.0.0.1:50578
09:14:07.925 INF Incoming connection for protocol messages. addr=127.0.0.1:50576
09:14:07.926 INF Incoming connection for protocol messages. addr=127.0.0.1:50592
09:14:07.926 INF Incoming connection for protocol messages. addr=127.0.0.1:50588
09:14:07.927 INF Incoming connection for protocol messages. addr=127.0.0.1:50596
09:14:07.928 INF Incoming connection for protocol messages. addr=127.0.0.1:50564
09:14:07.928 INF Incoming connection for protocol messages. addr=127.0.0.1:50602
09:14:07.928 DBG Connected. peerID=0
09:14:07.929 INF Incoming connection for protocol messages. addr=127.0.0.1:50598
09:14:07.929 INF Incoming connection for protocol messages. addr=127.0.0.1:50610
09:14:07.930 INF Incoming connection for protocol messages. addr=127.0.0.1:50584
09:14:07.932 INF Incoming connection for protocol messages. addr=127.0.0.1:50586
09:14:07.936 DBG Connected. peerID=2
09:14:07.937 INF Connected to all peers.
09:14:07.945 INF All peers finished connecting. Starting ISS.
09:14:07.946 DBG Buckets for 0-th leader 1: [1 5 9 13 17 21 25 29 33 37 41 45 49 53 57 61 0 12 24 36 48 60]
09:14:07.946 DBG Buckets for 1-th leader 2: [2 6 10 14 18 22 26 30 34 38 42 46 50 54 58 62 4 16 28 40 52]
09:14:07.946 DBG Buckets for 2-th leader 3: [3 7 11 15 19 23 27 31 35 39 43 47 51 55 59 63 8 20 32 44 56]
09:14:07.946 INF PbftOrderer received a new segment: [0 3 6 9 12 15 18 21 24 27 30 33 36 39 42 45 48 51 54 57 60 63 66 69 72 75 78 81 84 87 90 93 96 99 102 105 108 111 114 117 120 123 126 129 132 135 138 141 144 147 150 153 156 159 162 165 168 171 174 177 180 183 186 189] first leader=1 firstSN=0 lastSN=189 len=64 length=64 segId=0
09:14:07.947 INF Starting new view. segID=0 timeout=60000 view=0
09:14:07.947 DBG Starting timer. sn=0 view=0
09:14:07.947 INF Starting PBFT instance. first=0 last=189 segID=0
09:14:07.947 DBG Subscribing to backlog. segID=0
09:14:07.947 DBG Leading segment. segID=0
09:14:07.947 INF Starting serialized message processing. segID=0
09:14:07.947 DBG Waiting for batch. batchSize=4096
09:14:07.947 INF PbftOrderer received a new segment: [1 4 7 10 13 16 19 22 25 28 31 34 37 40 43 46 49 52 55 58 61 64 67 70 73 76 79 82 85 88 91 94 97 100 103 106 109 112 115 118 121 124 127 130 133 136 139 142 145 148 151 154 157 160 163 166 169 172 175 178 181 184 187 190] first leader=2 firstSN=1 lastSN=190 len=64 length=64 segId=1
09:14:07.948 INF Starting new view. segID=1 timeout=60000 view=0
09:14:07.948 DBG Starting timer. sn=1 view=0
09:14:07.948 INF Starting PBFT instance. first=1 last=190 segID=1
09:14:07.948 DBG Subscribing to backlog. segID=1
09:14:07.948 INF Starting serialized message processing. segID=1
09:14:07.949 INF PbftOrderer received a new segment: [2 5 8 11 14 17 20 23 26 29 32 35 38 41 44 47 50 53 56 59 62 65 68 71 74 77 80 83 86 89 92 95 98 101 104 107 110 113 116 119 122 125 128 131 134 137 140 143 146 149 152 155 158 161 164 167 170 173 176 179 182 185 188 191] first leader=3 firstSN=2 lastSN=191 len=64 length=64 segId=2
09:14:07.949 INF Starting new view. segID=2 timeout=60000 view=0
09:14:07.949 DBG Starting timer. sn=2 view=0
09:14:07.949 INF Starting PBFT instance. first=2 last=191 segID=2
09:14:07.949 DBG Subscribing to backlog. segID=2
09:14:07.949 INF Starting serialized message processing. segID=2
09:14:07.972 INF Connection terminated. error="rpc error: code = Canceled desc = context canceled" address=127.0.0.1:50588
09:14:07.972 INF Connection terminated. error="rpc error: code = Canceled desc = context canceled" address=127.0.0.1:50596
09:14:07.973 INF Connection terminated. error="rpc error: code = Canceled desc = context canceled" address=127.0.0.1:50576
09:14:07.973 INF Connection terminated. error="rpc error: code = Canceled desc = context canceled" address=127.0.0.1:50592
09:14:07.973 INF Connection terminated. error="rpc error: code = Canceled desc = context canceled" address=127.0.0.1:50578
09:14:07.973 INF Connection terminated. error="rpc error: code = Canceled desc = context canceled" address=127.0.0.1:50440
09:14:08.948 DBG Batch ready. batchSize=4096
09:14:08.948 DBG Batch cut. left=0 nBuckets=22 nReq=0 next=0
09:14:08.948 INF Sending PREPREPARE. nReq=0 senderID=1 sn=0 view=0
09:14:08.949 DBG Waiting for batch. batchSize=4096
09:14:08.951 ERR Failed to send protocol message. Dropping all future outgoing protocol messages. error=EOF
09:14:08.952 INF Handling PREPREPARE. nReq=0 senderID=2 sn=1
09:14:08.952 DBG Creating new Batch. nReq=0
09:14:08.952 DBG Sending PREPARE. senderID=1 sn=1 view=0
09:14:08.954 INF Handling PREPREPARE. nReq=0 senderID=3 sn=2
09:14:08.954 DBG Creating new Batch. nReq=0
09:14:08.954 DBG Sending PREPARE. senderID=1 sn=2 view=0
09:14:08.955 DBG Sending COMMIT. senderID=1 sn=2 view=0
09:14:08.956 DBG Sending COMMIT. senderID=1 sn=1 view=0
09:14:08.956 DBG Sending COMMIT. senderID=1 sn=0 view=0
09:14:08.957 INF Committed entry. latency=0 nReq=0 sn=2
09:14:08.957 DBG Starting timer. sn=5 view=0
09:14:08.958 INF Committed entry. latency=0 nReq=0 sn=1
09:14:08.958 INF Committed entry. latency=0 nReq=0 sn=0
09:14:08.958 INF Delivered batch. nReq=0 sn=0
09:14:08.958 INF Delivered batch. nReq=0 sn=1
09:14:08.958 INF Delivered batch. nReq=0 sn=2
09:14:08.959 DBG Starting timer. sn=4 view=0
09:14:08.959 DBG Starting timer. sn=3 view=0
09:14:09.949 DBG Batch ready. batchSize=4096
09:14:09.950 DBG Batch cut. left=0 nBuckets=22 nReq=0 next=0
09:14:09.950 DBG Waiting for batch. batchSize=4096
09:14:09.950 INF Sending PREPREPARE. nReq=0 senderID=1 sn=3 view=0
09:14:09.951 INF Handling PREPREPARE. nReq=0 senderID=2 sn=4
09:14:09.951 DBG Creating new Batch. nReq=0
09:14:09.951 DBG Sending PREPARE. senderID=1 sn=4 view=0
09:14:09.952 DBG Sending COMMIT. senderID=1 sn=4 view=0
09:14:09.952 DBG Sending COMMIT. senderID=1 sn=3 view=0
09:14:09.953 INF Handling PREPREPARE. nReq=0 senderID=3 sn=5
09:14:09.953 DBG Creating new Batch. nReq=0
09:14:09.953 DBG Sending PREPARE. senderID=1 sn=5 view=0
09:14:09.954 INF Committed entry. latency=0 nReq=0 sn=4
09:14:09.954 INF Committed entry. latency=0 nReq=0 sn=3
09:14:09.954 INF Delivered batch. nReq=0 sn=3
09:14:09.954 INF Delivered batch. nReq=0 sn=4
09:14:09.954 DBG Starting timer. sn=7 view=0
09:14:09.954 DBG Starting timer. sn=6 view=0
09:14:09.955 DBG Sending COMMIT. senderID=1 sn=5 view=0
09:14:09.956 INF Committed entry. latency=0 nReq=0 sn=5
09:14:09.956 INF Delivered batch. nReq=0 sn=5
09:14:09.956 DBG Starting timer. sn=8 view=0
09:14:09.979 INF Incoming connection for requests. addr=127.0.0.1:50666
09:14:10.951 DBG Batch ready. batchSize=4096
09:14:10.951 DBG Batch cut. left=0 nBuckets=22 nReq=42 next=0
09:14:10.952 DBG Waiting for batch. batchSize=4096
09:14:10.954 INF Sending PREPREPARE. nReq=42 senderID=1 sn=6 view=0
09:14:10.960 INF Handling PREPREPARE. nReq=40 senderID=3 sn=8
09:14:10.961 DBG Creating new Batch. nReq=40
09:14:10.961 INF Handling PREPREPARE. nReq=41 senderID=2 sn=7
09:14:10.962 DBG Creating new Batch. nReq=41
09:14:10.967 DBG Sending COMMIT. senderID=1 sn=6 view=0
09:14:10.967 DBG Sending PREPARE. senderID=1 sn=7 view=0
09:14:10.967 DBG Sending PREPARE. senderID=1 sn=8 view=0
09:14:10.967 DBG Sending COMMIT. senderID=1 sn=8 view=0
09:14:10.968 DBG Sending COMMIT. senderID=1 sn=7 view=0
09:14:10.968 INF Committed entry. latency=0 nReq=42 sn=6
09:14:10.969 INF Delivered batch. nReq=42 sn=6
09:14:10.969 DBG Starting timer. sn=9 view=0
09:14:10.970 INF Committed entry. latency=0 nReq=41 sn=7
09:14:10.970 INF Delivered batch. nReq=41 sn=7
09:14:10.970 DBG Starting timer. sn=10 view=0
09:14:10.971 INF Committed entry. latency=0 nReq=40 sn=8
09:14:10.971 INF Delivered batch. nReq=40 sn=8
09:14:10.971 DBG Starting timer. sn=11 view=0
09:14:11.953 DBG Batch ready. batchSize=4096
09:14:11.953 DBG Batch cut. left=0 nBuckets=22 nReq=44 next=0
09:14:11.954 DBG Waiting for batch. batchSize=4096
09:14:11.955 INF Sending PREPREPARE. nReq=44 senderID=1 sn=9 view=0
09:14:11.960 INF Handling PREPREPARE. nReq=42 senderID=2 sn=10
09:14:11.960 DBG Creating new Batch. nReq=42
09:14:11.963 INF Handling PREPREPARE. nReq=43 senderID=3 sn=11
09:14:11.963 DBG Creating new Batch. nReq=43
09:14:11.966 DBG Sending PREPARE. senderID=1 sn=10 view=0
09:14:11.967 DBG Sending COMMIT. senderID=1 sn=10 view=0
09:14:11.968 DBG Sending PREPARE. senderID=1 sn=11 view=0
09:14:11.968 DBG Sending COMMIT. senderID=1 sn=9 view=0
09:14:11.969 DBG Sending COMMIT. senderID=1 sn=11 view=0
09:14:11.969 INF Committed entry. latency=0 nReq=42 sn=10
09:14:11.969 DBG Starting timer. sn=13 view=0
09:14:11.969 INF Committed entry. latency=0 nReq=44 sn=9
09:14:11.970 INF Delivered batch. nReq=44 sn=9
09:14:11.970 INF Delivered batch. nReq=42 sn=10
09:14:11.970 DBG Starting timer. sn=12 view=0
09:14:11.971 INF Committed entry. latency=0 nReq=43 sn=11
09:14:11.972 INF Delivered batch. nReq=43 sn=11
09:14:11.972 DBG Starting timer. sn=14 view=0
09:14:12.955 DBG Batch ready. batchSize=4096
09:14:12.955 DBG Batch cut. left=0 nBuckets=22 nReq=44 next=0
09:14:12.955 DBG Waiting for batch. batchSize=4096
09:14:12.957 INF Sending PREPREPARE. nReq=44 senderID=1 sn=12 view=0
09:14:12.961 INF Handling PREPREPARE. nReq=42 senderID=2 sn=13
09:14:12.961 DBG Creating new Batch. nReq=42
09:14:12.965 INF Handling PREPREPARE. nReq=42 senderID=3 sn=14
09:14:12.965 DBG Creating new Batch. nReq=42
09:14:12.966 DBG Sending PREPARE. senderID=1 sn=13 view=0
09:14:12.968 DBG Sending COMMIT. senderID=1 sn=13 view=0
09:14:12.970 DBG Sending COMMIT. senderID=1 sn=12 view=0
09:14:12.970 INF Committed entry. latency=0 nReq=42 sn=13
09:14:12.970 DBG Starting timer. sn=16 view=0
09:14:12.971 INF Committed entry. latency=0 nReq=44 sn=12
09:14:12.971 INF Delivered batch. nReq=44 sn=12
09:14:12.971 DBG Sending PREPARE. senderID=1 sn=14 view=0
09:14:12.971 INF Delivered batch. nReq=42 sn=13
09:14:12.971 DBG Sending COMMIT. senderID=1 sn=14 view=0
09:14:12.971 DBG Starting timer. sn=15 view=0
09:14:12.974 INF Committed entry. latency=0 nReq=42 sn=14
09:14:12.974 INF Delivered batch. nReq=42 sn=14
09:14:12.974 DBG Starting timer. sn=17 view=0
09:14:13.956 DBG Batch ready. batchSize=4096
09:14:13.956 DBG Batch cut. left=0 nBuckets=22 nReq=44 next=0
09:14:13.956 DBG Waiting for batch. batchSize=4096
09:14:13.957 INF Sending PREPREPARE. nReq=44 senderID=1 sn=15 view=0
09:14:13.963 INF Handling PREPREPARE. nReq=42 senderID=2 sn=16
09:14:13.964 DBG Creating new Batch. nReq=42
09:14:13.965 INF Handling PREPREPARE. nReq=42 senderID=3 sn=17
09:14:13.966 DBG Creating new Batch. nReq=42
09:14:13.970 DBG Sending PREPARE. senderID=1 sn=16 view=0
09:14:13.970 DBG Sending COMMIT. senderID=1 sn=16 view=0
09:14:13.971 DBG Sending PREPARE. senderID=1 sn=17 view=0
09:14:13.972 DBG Sending COMMIT. senderID=1 sn=17 view=0
09:14:13.972 DBG Sending COMMIT. senderID=1 sn=15 view=0
09:14:13.973 INF Committed entry. latency=0 nReq=42 sn=16
09:14:13.973 INF Committed entry. latency=0 nReq=44 sn=15
09:14:13.974 INF Delivered batch. nReq=44 sn=15
09:14:13.974 INF Committed entry. latency=0 nReq=42 sn=17
09:14:13.974 INF Delivered batch. nReq=42 sn=16
09:14:13.974 INF Delivered batch. nReq=42 sn=17
09:14:13.974 DBG Starting timer. sn=19 view=0
09:14:13.974 DBG Starting timer. sn=20 view=0
09:14:13.974 DBG Starting timer. sn=18 view=0
09:14:14.957 DBG Batch ready. batchSize=4096
09:14:14.957 DBG Batch cut. left=0 nBuckets=22 nReq=44 next=0
09:14:14.957 DBG Waiting for batch. batchSize=4096
09:14:14.958 INF Sending PREPREPARE. nReq=44 senderID=1 sn=18 view=0
09:14:14.966 INF Handling PREPREPARE. nReq=42 senderID=2 sn=19
09:14:14.966 DBG Creating new Batch. nReq=42
09:14:14.968 INF Handling PREPREPARE. nReq=42 senderID=3 sn=20
09:14:14.968 DBG Creating new Batch. nReq=42
09:14:14.970 DBG Sending COMMIT. senderID=1 sn=18 view=0
09:14:14.971 DBG Sending PREPARE. senderID=1 sn=19 view=0
09:14:14.973 DBG Sending COMMIT. senderID=1 sn=19 view=0
09:14:14.973 DBG Sending PREPARE. senderID=1 sn=20 view=0
09:14:14.973 DBG Sending COMMIT. senderID=1 sn=20 view=0
09:14:14.973 INF Committed entry. latency=0 nReq=44 sn=18
09:14:14.973 INF Delivered batch. nReq=44 sn=18
09:14:14.973 DBG Starting timer. sn=21 view=0
09:14:14.974 INF Committed entry. latency=0 nReq=42 sn=19
09:14:14.974 INF Delivered batch. nReq=42 sn=19
09:14:14.974 DBG Starting timer. sn=22 view=0
09:14:14.975 INF Committed entry. latency=0 nReq=42 sn=20
09:14:14.975 INF Delivered batch. nReq=42 sn=20
09:14:14.976 DBG Starting timer. sn=23 view=0
09:14:15.958 DBG Batch ready. batchSize=4096
09:14:15.959 DBG Batch cut. left=0 nBuckets=22 nReq=44 next=0
09:14:15.959 DBG Waiting for batch. batchSize=4096
09:14:15.960 INF Sending PREPREPARE. nReq=44 senderID=1 sn=21 view=0
09:14:15.967 INF Handling PREPREPARE. nReq=42 senderID=2 sn=22
09:14:15.968 DBG Creating new Batch. nReq=42
09:14:15.970 INF Handling PREPREPARE. nReq=42 senderID=3 sn=23
09:14:15.970 DBG Creating new Batch. nReq=42
09:14:15.972 DBG Sending COMMIT. senderID=1 sn=21 view=0
09:14:15.973 DBG Sending PREPARE. senderID=1 sn=22 view=0
09:14:15.974 INF Committed entry. latency=0 nReq=44 sn=21
09:14:15.974 INF Delivered batch. nReq=44 sn=21
09:14:15.974 DBG Starting timer. sn=24 view=0
09:14:15.974 DBG Sending COMMIT. senderID=1 sn=22 view=0
09:14:15.975 DBG Sending PREPARE. senderID=1 sn=23 view=0
09:14:15.976 INF Committed entry. latency=0 nReq=42 sn=22
09:14:15.976 INF Delivered batch. nReq=42 sn=22
09:14:15.976 DBG Starting timer. sn=25 view=0
09:14:15.976 DBG Sending COMMIT. senderID=1 sn=23 view=0
09:14:15.978 INF Committed entry. latency=0 nReq=42 sn=23
09:14:15.978 INF Delivered batch. nReq=42 sn=23
09:14:15.978 DBG Starting timer. sn=26 view=0
09:14:16.960 DBG Batch ready. batchSize=4096
09:14:16.961 DBG Batch cut. left=0 nBuckets=22 nReq=44 next=0
09:14:16.961 DBG Waiting for batch. batchSize=4096
09:14:16.962 INF Sending PREPREPARE. nReq=44 senderID=1 sn=24 view=0
09:14:16.969 INF Handling PREPREPARE. nReq=42 senderID=2 sn=25
09:14:16.969 DBG Creating new Batch. nReq=42
09:14:16.972 INF Handling PREPREPARE. nReq=42 senderID=3 sn=26
09:14:16.972 DBG Creating new Batch. nReq=42
09:14:16.974 DBG Sending PREPARE. senderID=1 sn=25 view=0
09:14:16.976 DBG Sending COMMIT. senderID=1 sn=24 view=0
09:14:16.976 DBG Sending COMMIT. senderID=1 sn=25 view=0
09:14:16.976 DBG Sending PREPARE. senderID=1 sn=26 view=0
09:14:16.977 DBG Sending COMMIT. senderID=1 sn=26 view=0
09:14:16.977 INF Committed entry. latency=0 nReq=44 sn=24
09:14:16.977 INF Committed entry. latency=0 nReq=42 sn=25
09:14:16.977 INF Delivered batch. nReq=44 sn=24
09:14:16.977 INF Delivered batch. nReq=42 sn=25
09:14:16.978 DBG Starting timer. sn=27 view=0
09:14:16.978 DBG Starting timer. sn=28 view=0
09:14:16.979 INF Committed entry. latency=0 nReq=42 sn=26
09:14:16.979 INF Delivered batch. nReq=42 sn=26
09:14:16.979 DBG Starting timer. sn=29 view=0
09:14:17.962 DBG Batch ready. batchSize=4096
09:14:17.962 DBG Batch cut. left=0 nBuckets=22 nReq=45 next=0
09:14:17.962 DBG Waiting for batch. batchSize=4096
09:14:17.963 INF Sending PREPREPARE. nReq=45 senderID=1 sn=27 view=0
09:14:17.971 INF Handling PREPREPARE. nReq=42 senderID=2 sn=28
09:14:17.972 DBG Creating new Batch. nReq=42
09:14:17.972 INF Handling PREPREPARE. nReq=42 senderID=3 sn=29
09:14:17.972 DBG Creating new Batch. nReq=42
09:14:17.976 DBG Sending COMMIT. senderID=1 sn=27 view=0
09:14:17.977 INF Committed entry. latency=0 nReq=45 sn=27
09:14:17.977 INF Delivered batch. nReq=45 sn=27
09:14:17.977 DBG Sending PREPARE. senderID=1 sn=29 view=0
09:14:17.978 DBG Starting timer. sn=30 view=0
09:14:17.978 DBG Sending PREPARE. senderID=1 sn=28 view=0
09:14:17.978 DBG Sending COMMIT. senderID=1 sn=29 view=0
09:14:17.978 DBG Sending COMMIT. senderID=1 sn=28 view=0
09:14:17.980 INF Committed entry. latency=0 nReq=42 sn=28
09:14:17.981 INF Committed entry. latency=0 nReq=42 sn=29
09:14:17.981 INF Delivered batch. nReq=42 sn=28
09:14:17.981 INF Delivered batch. nReq=42 sn=29
09:14:17.981 DBG Starting timer. sn=31 view=0
09:14:17.981 DBG Starting timer. sn=32 view=0
09:14:18.963 DBG Batch ready. batchSize=4096
09:14:18.964 DBG Batch cut. left=0 nBuckets=22 nReq=44 next=0
09:14:18.964 DBG Waiting for batch. batchSize=4096
09:14:18.965 INF Sending PREPREPARE. nReq=44 senderID=1 sn=30 view=0
09:14:18.973 INF Handling PREPREPARE. nReq=42 senderID=2 sn=31
09:14:18.974 INF Handling PREPREPARE. nReq=42 senderID=3 sn=32
09:14:18.974 DBG Creating new Batch. nReq=42
09:14:18.974 DBG Creating new Batch. nReq=42
09:14:18.976 DBG Sending COMMIT. senderID=1 sn=30 view=0
09:14:18.977 INF Committed entry. latency=0 nReq=44 sn=30
09:14:18.978 INF Delivered batch. nReq=44 sn=30
09:14:18.978 DBG Starting timer. sn=33 view=0
09:14:18.979 DBG Sending PREPARE. senderID=1 sn=31 view=0
09:14:18.980 DBG Sending PREPARE. senderID=1 sn=32 view=0
09:14:18.981 DBG Sending COMMIT. senderID=1 sn=31 view=0
09:14:18.981 DBG Sending COMMIT. senderID=1 sn=32 view=0
09:14:18.982 INF Committed entry. latency=0 nReq=42 sn=31
09:14:18.983 INF Delivered batch. nReq=42 sn=31
09:14:18.983 DBG Starting timer. sn=34 view=0
09:14:18.983 INF Committed entry. latency=0 nReq=42 sn=32
09:14:18.983 INF Delivered batch. nReq=42 sn=32
09:14:18.983 DBG Starting timer. sn=35 view=0
09:14:19.966 DBG Batch ready. batchSize=4096
09:14:19.966 DBG Batch cut. left=0 nBuckets=22 nReq=44 next=0
09:14:19.966 DBG Waiting for batch. batchSize=4096
09:14:19.967 INF Sending PREPREPARE. nReq=44 senderID=1 sn=33 view=0
09:14:19.975 INF Handling PREPREPARE. nReq=42 senderID=3 sn=35
09:14:19.975 DBG Creating new Batch. nReq=42
09:14:19.976 INF Handling PREPREPARE. nReq=42 senderID=2 sn=34
09:14:19.976 DBG Creating new Batch. nReq=42
09:14:19.979 DBG Sending COMMIT. senderID=1 sn=33 view=0
09:14:19.980 DBG Sending PREPARE. senderID=1 sn=35 view=0
09:14:19.981 DBG Sending COMMIT. senderID=1 sn=35 view=0
09:14:19.981 INF Committed entry. latency=0 nReq=44 sn=33
09:14:19.981 INF Delivered batch. nReq=44 sn=33
09:14:19.981 DBG Starting timer. sn=36 view=0
09:14:19.981 DBG Sending PREPARE. senderID=1 sn=34 view=0
09:14:19.983 DBG Sending COMMIT. senderID=1 sn=34 view=0
09:14:19.984 INF Committed entry. latency=0 nReq=42 sn=35
09:14:19.984 INF Committed entry. latency=0 nReq=42 sn=34
09:14:19.984 INF Delivered batch. nReq=42 sn=34
09:14:19.984 INF Delivered batch. nReq=42 sn=35
09:14:19.985 DBG Starting timer. sn=38 view=0
09:14:19.985 DBG Starting timer. sn=37 view=0
09:14:20.967 DBG Batch ready. batchSize=4096
09:14:20.967 DBG Batch cut. left=0 nBuckets=22 nReq=44 next=0
09:14:20.967 DBG Waiting for batch. batchSize=4096
09:14:20.968 INF Sending PREPREPARE. nReq=44 senderID=1 sn=36 view=0
09:14:20.976 INF Handling PREPREPARE. nReq=42 senderID=3 sn=38
09:14:20.977 DBG Creating new Batch. nReq=42
09:14:20.978 INF Handling PREPREPARE. nReq=42 senderID=2 sn=37
09:14:20.978 DBG Creating new Batch. nReq=42
09:14:20.981 DBG Sending COMMIT. senderID=1 sn=36 view=0
09:14:20.981 DBG Sending PREPARE. senderID=1 sn=38 view=0
09:14:20.982 INF Committed entry. latency=0 nReq=44 sn=36
09:14:20.982 INF Delivered batch. nReq=44 sn=36
09:14:20.982 DBG Starting timer. sn=39 view=0
09:14:20.983 DBG Sending COMMIT. senderID=1 sn=38 view=0
09:14:20.984 INF Committed entry. latency=0 nReq=42 sn=38
09:14:20.984 DBG Starting timer. sn=41 view=0
09:14:20.984 DBG Sending PREPARE. senderID=1 sn=37 view=0
09:14:20.985 DBG Sending COMMIT. senderID=1 sn=37 view=0
09:14:20.988 INF Committed entry. latency=0 nReq=42 sn=37
09:14:20.988 INF Delivered batch. nReq=42 sn=37
09:14:20.988 INF Delivered batch. nReq=42 sn=38
09:14:20.988 DBG Starting timer. sn=40 view=0
09:14:21.969 DBG Batch ready. batchSize=4096
09:14:21.969 DBG Batch cut. left=0 nBuckets=22 nReq=45 next=0
09:14:21.969 DBG Waiting for batch. batchSize=4096
09:14:21.970 INF Sending PREPREPARE. nReq=45 senderID=1 sn=39 view=0
09:14:21.978 INF Handling PREPREPARE. nReq=42 senderID=3 sn=41
09:14:21.979 DBG Creating new Batch. nReq=42
09:14:21.980 INF Handling PREPREPARE. nReq=42 senderID=2 sn=40
09:14:21.980 DBG Creating new Batch. nReq=42
09:14:21.982 DBG Sending COMMIT. senderID=1 sn=39 view=0
09:14:21.984 DBG Sending PREPARE. senderID=1 sn=41 view=0
09:14:21.984 INF Committed entry. latency=0 nReq=45 sn=39
09:14:21.984 INF Delivered batch. nReq=45 sn=39
09:14:21.984 DBG Starting timer. sn=42 view=0
09:14:21.984 DBG Sending COMMIT. senderID=1 sn=41 view=0
09:14:21.986 DBG Sending PREPARE. senderID=1 sn=40 view=0
09:14:21.987 DBG Sending COMMIT. senderID=1 sn=40 view=0
09:14:21.987 INF Committed entry. latency=0 nReq=42 sn=41
09:14:21.988 DBG Starting timer. sn=44 view=0
09:14:21.989 INF Committed entry. latency=0 nReq=42 sn=40
09:14:21.989 INF Delivered batch. nReq=42 sn=40
09:14:21.989 INF Delivered batch. nReq=42 sn=41
09:14:21.989 DBG Starting timer. sn=43 view=0
09:14:22.970 DBG Batch ready. batchSize=4096
09:14:22.970 DBG Batch cut. left=0 nBuckets=22 nReq=44 next=0
09:14:22.971 DBG Waiting for batch. batchSize=4096
09:14:22.972 INF Sending PREPREPARE. nReq=44 senderID=1 sn=42 view=0
09:14:22.979 INF Handling PREPREPARE. nReq=42 senderID=3 sn=44
09:14:22.979 DBG Creating new Batch. nReq=42
09:14:22.982 INF Handling PREPREPARE. nReq=42 senderID=2 sn=43
09:14:22.982 DBG Creating new Batch. nReq=42
09:14:22.983 DBG Sending PREPARE. senderID=1 sn=44 view=0
09:14:22.984 DBG Sending COMMIT. senderID=1 sn=42 view=0
09:14:22.985 DBG Sending COMMIT. senderID=1 sn=44 view=0
09:14:22.986 DBG Sending PREPARE. senderID=1 sn=43 view=0
09:14:22.988 INF Committed entry. latency=0 nReq=42 sn=44
09:14:22.988 DBG Starting timer. sn=47 view=0
09:14:22.989 INF Committed entry. latency=0 nReq=44 sn=42
09:14:22.989 INF Delivered batch. nReq=44 sn=42
09:14:22.989 DBG Starting timer. sn=45 view=0
09:14:22.990 DBG Sending COMMIT. senderID=1 sn=43 view=0
09:14:22.993 INF Committed entry. latency=0 nReq=42 sn=43
09:14:22.993 INF Delivered batch. nReq=42 sn=43
09:14:22.994 INF Delivered batch. nReq=42 sn=44
09:14:22.994 DBG Starting timer. sn=46 view=0
09:14:23.972 DBG Batch ready. batchSize=4096
09:14:23.972 DBG Batch cut. left=0 nBuckets=22 nReq=44 next=0
09:14:23.973 DBG Waiting for batch. batchSize=4096
09:14:23.974 INF Sending PREPREPARE. nReq=44 senderID=1 sn=45 view=0
09:14:23.982 INF Handling PREPREPARE. nReq=42 senderID=3 sn=47
09:14:23.982 DBG Creating new Batch. nReq=42
09:14:23.984 INF Handling PREPREPARE. nReq=43 senderID=2 sn=46
09:14:23.984 DBG Creating new Batch. nReq=43
09:14:23.984 DBG Sending COMMIT. senderID=1 sn=45 view=0
09:14:23.986 INF Committed entry. latency=0 nReq=44 sn=45
09:14:23.986 INF Delivered batch. nReq=44 sn=45
09:14:23.986 DBG Starting timer. sn=48 view=0
09:14:23.987 DBG Sending PREPARE. senderID=1 sn=47 view=0
09:14:23.988 DBG Sending COMMIT. senderID=1 sn=47 view=0
09:14:23.989 DBG Sending PREPARE. senderID=1 sn=46 view=0
09:14:23.989 DBG Sending COMMIT. senderID=1 sn=46 view=0
09:14:23.990 INF Committed entry. latency=0 nReq=42 sn=47
09:14:23.990 DBG Starting timer. sn=50 view=0
09:14:23.992 INF Committed entry. latency=0 nReq=43 sn=46
09:14:23.992 INF Delivered batch. nReq=43 sn=46
09:14:23.992 INF Delivered batch. nReq=42 sn=47
09:14:23.992 DBG Starting timer. sn=49 view=0
09:14:24.974 DBG Batch ready. batchSize=4096
09:14:24.974 DBG Batch cut. left=0 nBuckets=22 nReq=44 next=0
09:14:24.974 DBG Waiting for batch. batchSize=4096
09:14:24.975 INF Sending PREPREPARE. nReq=44 senderID=1 sn=48 view=0
09:14:24.983 INF Handling PREPREPARE. nReq=42 senderID=3 sn=50
09:14:24.983 DBG Creating new Batch. nReq=42
09:14:24.986 INF Handling PREPREPARE. nReq=42 senderID=2 sn=49
09:14:24.986 DBG Creating new Batch. nReq=42
09:14:24.987 DBG Sending PREPARE. senderID=1 sn=50 view=0
09:14:24.988 DBG Sending COMMIT. senderID=1 sn=48 view=0
09:14:24.989 DBG Sending COMMIT. senderID=1 sn=50 view=0
09:14:24.989 INF Committed entry. latency=0 nReq=44 sn=48
09:14:24.989 INF Delivered batch. nReq=44 sn=48
09:14:24.989 DBG Starting timer. sn=51 view=0
09:14:24.990 INF Committed entry. latency=0 nReq=42 sn=50
09:14:24.990 DBG Starting timer. sn=53 view=0
09:14:24.990 DBG Sending PREPARE. senderID=1 sn=49 view=0
09:14:24.992 DBG Sending COMMIT. senderID=1 sn=49 view=0
09:14:24.993 INF Committed entry. latency=0 nReq=42 sn=49
09:14:24.994 INF Delivered batch. nReq=42 sn=49
09:14:24.994 INF Delivered batch. nReq=42 sn=50
09:14:24.994 DBG Starting timer. sn=52 view=0
09:14:25.975 DBG Batch ready. batchSize=4096
09:14:25.975 DBG Batch cut. left=0 nBuckets=22 nReq=44 next=0
09:14:25.976 DBG Waiting for batch. batchSize=4096
09:14:25.977 INF Sending PREPREPARE. nReq=44 senderID=1 sn=51 view=0
09:14:25.985 INF Handling PREPREPARE. nReq=42 senderID=3 sn=53
09:14:25.985 DBG Creating new Batch. nReq=42
09:14:25.987 INF Handling PREPREPARE. nReq=42 senderID=2 sn=52
09:14:25.987 DBG Creating new Batch. nReq=42
09:14:25.987 DBG Sending COMMIT. senderID=1 sn=51 view=0
09:14:25.990 INF Committed entry. latency=0 nReq=44 sn=51
09:14:25.990 INF Delivered batch. nReq=44 sn=51
09:14:25.990 DBG Starting timer. sn=54 view=0
09:14:25.991 DBG Sending PREPARE. senderID=1 sn=53 view=0
09:14:25.991 DBG Sending COMMIT. senderID=1 sn=53 view=0
09:14:25.993 DBG Sending PREPARE. senderID=1 sn=52 view=0
09:14:25.993 INF Committed entry. latency=0 nReq=42 sn=53
09:14:25.993 DBG Starting timer. sn=56 view=0
09:14:25.994 DBG Sending COMMIT. senderID=1 sn=52 view=0
09:14:25.996 INF Committed entry. latency=0 nReq=42 sn=52
09:14:25.996 INF Delivered batch. nReq=42 sn=52
09:14:25.996 INF Delivered batch. nReq=42 sn=53
09:14:25.996 DBG Starting timer. sn=55 view=0
09:14:26.977 DBG Batch ready. batchSize=4096
09:14:26.977 DBG Batch cut. left=0 nBuckets=22 nReq=44 next=0
09:14:26.977 DBG Waiting for batch. batchSize=4096
09:14:26.978 INF Sending PREPREPARE. nReq=44 senderID=1 sn=54 view=0
09:14:26.987 INF Handling PREPREPARE. nReq=42 senderID=3 sn=56
09:14:26.987 DBG Creating new Batch. nReq=42
09:14:26.989 INF Handling PREPREPARE. nReq=42 senderID=2 sn=55
09:14:26.989 DBG Creating new Batch. nReq=42
09:14:26.990 DBG Sending COMMIT. senderID=1 sn=54 view=0
09:14:26.991 DBG Sending PREPARE. senderID=1 sn=56 view=0
09:14:26.992 INF Committed entry. latency=0 nReq=44 sn=54
09:14:26.992 DBG Sending COMMIT. senderID=1 sn=56 view=0
09:14:26.992 INF Delivered batch. nReq=44 sn=54
09:14:26.992 DBG Starting timer. sn=57 view=0
09:14:26.993 DBG Sending PREPARE. senderID=1 sn=55 view=0
09:14:26.994 INF Committed entry. latency=0 nReq=42 sn=56
09:14:26.994 DBG Starting timer. sn=59 view=0
09:14:26.997 DBG Sending COMMIT. senderID=1 sn=55 view=0
09:14:26.999 INF Committed entry. latency=0 nReq=42 sn=55
09:14:26.999 INF Delivered batch. nReq=42 sn=55
09:14:26.999 INF Delivered batch. nReq=42 sn=56
09:14:26.999 DBG Starting timer. sn=58 view=0
09:14:27.978 DBG Batch ready. batchSize=4096
09:14:27.979 DBG Batch cut. left=0 nBuckets=22 nReq=44 next=0
09:14:27.979 DBG Waiting for batch. batchSize=4096
09:14:27.980 INF Sending PREPREPARE. nReq=44 senderID=1 sn=57 view=0
09:14:27.988 INF Handling PREPREPARE. nReq=42 senderID=3 sn=59
09:14:27.988 DBG Creating new Batch. nReq=42
09:14:27.990 INF Handling PREPREPARE. nReq=42 senderID=2 sn=58
09:14:27.991 DBG Creating new Batch. nReq=42
09:14:27.991 DBG Sending COMMIT. senderID=1 sn=57 view=0
09:14:27.993 DBG Sending PREPARE. senderID=1 sn=59 view=0
09:14:27.993 INF Committed entry. latency=0 nReq=44 sn=57
09:14:27.994 INF Delivered batch. nReq=44 sn=57
09:14:27.994 DBG Starting timer. sn=60 view=0
09:14:27.994 DBG Sending COMMIT. senderID=1 sn=59 view=0
09:14:27.996 DBG Sending PREPARE. senderID=1 sn=58 view=0
09:14:27.996 DBG Sending COMMIT. senderID=1 sn=58 view=0
09:14:27.997 INF Committed entry. latency=0 nReq=42 sn=59
09:14:27.997 DBG Starting timer. sn=62 view=0
09:14:27.998 INF Committed entry. latency=0 nReq=42 sn=58
09:14:27.998 INF Delivered batch. nReq=42 sn=58
09:14:27.999 INF Delivered batch. nReq=42 sn=59
09:14:27.999 DBG Starting timer. sn=61 view=0
09:14:28.979 DBG Batch ready. batchSize=4096
09:14:28.980 DBG Batch cut. left=0 nBuckets=22 nReq=44 next=0
09:14:28.980 DBG Waiting for batch. batchSize=4096
09:14:28.981 INF Sending PREPREPARE. nReq=44 senderID=1 sn=60 view=0
09:14:28.990 INF Handling PREPREPARE. nReq=42 senderID=3 sn=62
09:14:28.990 DBG Creating new Batch. nReq=42
09:14:28.991 INF Handling PREPREPARE. nReq=42 senderID=2 sn=61
09:14:28.991 DBG Creating new Batch. nReq=42
09:14:28.993 DBG Sending COMMIT. senderID=1 sn=60 view=0
09:14:28.994 INF Committed entry. latency=0 nReq=44 sn=60
09:14:28.994 INF Delivered batch. nReq=44 sn=60
09:14:28.995 DBG Starting timer. sn=63 view=0
09:14:28.995 DBG Sending PREPARE. senderID=1 sn=62 view=0
09:14:28.996 DBG Sending PREPARE. senderID=1 sn=61 view=0
09:14:28.996 DBG Sending COMMIT. senderID=1 sn=62 view=0
09:14:28.997 DBG Sending COMMIT. senderID=1 sn=61 view=0
09:14:28.998 INF Committed entry. latency=0 nReq=42 sn=62
09:14:28.998 DBG Starting timer. sn=65 view=0
09:14:28.999 INF Committed entry. latency=0 nReq=42 sn=61
09:14:28.999 INF Delivered batch. nReq=42 sn=61
09:14:28.999 INF Delivered batch. nReq=42 sn=62
09:14:28.999 DBG Starting timer. sn=64 view=0
09:14:29.982 DBG Batch ready. batchSize=4096
09:14:29.982 DBG Batch cut. left=0 nBuckets=22 nReq=44 next=0
09:14:29.982 DBG Waiting for batch. batchSize=4096
09:14:29.983 INF Sending PREPREPARE. nReq=44 senderID=1 sn=63 view=0
09:14:29.992 INF Handling PREPREPARE. nReq=43 senderID=3 sn=65
09:14:29.992 DBG Creating new Batch. nReq=43
09:14:29.993 INF Handling PREPREPARE. nReq=42 senderID=2 sn=64
09:14:29.993 DBG Creating new Batch. nReq=42
09:14:29.994 DBG Sending COMMIT. senderID=1 sn=63 view=0
09:14:29.995 INF Committed entry. latency=0 nReq=44 sn=63
09:14:29.996 INF Delivered batch. nReq=44 sn=63
09:14:29.996 DBG Starting timer. sn=66 view=0
09:14:29.998 DBG Sending PREPARE. senderID=1 sn=65 view=0
09:14:29.998 DBG Sending PREPARE. senderID=1 sn=64 view=0
09:14:29.999 DBG Sending COMMIT. senderID=1 sn=65 view=0
09:14:30.000 DBG Sending COMMIT. senderID=1 sn=64 view=0
09:14:30.000 INF Committed entry. latency=0 nReq=43 sn=65
09:14:30.000 DBG Starting timer. sn=68 view=0
09:14:30.001 INF Committed entry. latency=0 nReq=42 sn=64
09:14:30.001 INF Delivered batch. nReq=42 sn=64
09:14:30.001 INF Delivered batch. nReq=43 sn=65
09:14:30.002 DBG Starting timer. sn=67 view=0
09:14:30.984 DBG Batch ready. batchSize=4096
09:14:30.984 DBG Batch cut. left=0 nBuckets=22 nReq=44 next=0
09:14:30.984 DBG Waiting for batch. batchSize=4096
09:14:30.985 INF Sending PREPREPARE. nReq=44 senderID=1 sn=66 view=0
09:14:30.993 INF Handling PREPREPARE. nReq=42 senderID=3 sn=68
09:14:30.993 DBG Creating new Batch. nReq=42
09:14:30.994 INF Handling PREPREPARE. nReq=42 senderID=2 sn=67
09:14:30.994 DBG Creating new Batch. nReq=42
09:14:30.998 DBG Sending COMMIT. senderID=1 sn=66 view=0
09:14:30.999 DBG Sending PREPARE. senderID=1 sn=67 view=0
09:14:30.999 DBG Sending PREPARE. senderID=1 sn=68 view=0
09:14:30.999 DBG Sending COMMIT. senderID=1 sn=68 view=0
09:14:31.000 INF Committed entry. latency=0 nReq=44 sn=66
09:14:31.000 INF Delivered batch. nReq=44 sn=66
09:14:31.000 DBG Sending COMMIT. senderID=1 sn=67 view=0
09:14:31.000 DBG Starting timer. sn=69 view=0
09:14:31.002 INF Committed entry. latency=0 nReq=42 sn=68
09:14:31.002 INF Committed entry. latency=0 nReq=42 sn=67
09:14:31.002 INF Delivered batch. nReq=42 sn=67
09:14:31.002 INF Delivered batch. nReq=42 sn=68
09:14:31.002 DBG Starting timer. sn=71 view=0
09:14:31.002 DBG Starting timer. sn=70 view=0
09:14:31.985 DBG Batch ready. batchSize=4096
09:14:31.985 DBG Batch cut. left=0 nBuckets=22 nReq=44 next=0
09:14:31.986 DBG Waiting for batch. batchSize=4096
09:14:31.987 INF Sending PREPREPARE. nReq=44 senderID=1 sn=69 view=0
09:14:31.994 INF Handling PREPREPARE. nReq=42 senderID=3 sn=71
09:14:31.995 DBG Creating new Batch. nReq=42
09:14:31.996 INF Handling PREPREPARE. nReq=42 senderID=2 sn=70
09:14:31.996 DBG Creating new Batch. nReq=42
09:14:31.999 DBG Sending PREPARE. senderID=1 sn=71 view=0
09:14:31.999 DBG Sending COMMIT. senderID=1 sn=69 view=0
09:14:32.001 DBG Sending PREPARE. senderID=1 sn=70 view=0
09:14:32.001 INF Committed entry. latency=0 nReq=44 sn=69
09:14:32.001 DBG Sending COMMIT. senderID=1 sn=70 view=0
09:14:32.002 INF Delivered batch. nReq=44 sn=69
09:14:32.002 DBG Starting timer. sn=72 view=0
09:14:32.003 DBG Sending COMMIT. senderID=1 sn=71 view=0
09:14:32.003 INF Committed entry. latency=0 nReq=42 sn=70
09:14:32.003 INF Delivered batch. nReq=42 sn=70
09:14:32.003 DBG Starting timer. sn=73 view=0
09:14:32.004 INF Committed entry. latency=0 nReq=42 sn=71
09:14:32.004 INF Delivered batch. nReq=42 sn=71
09:14:32.004 DBG Starting timer. sn=74 view=0
09:14:32.987 DBG Batch ready. batchSize=4096
09:14:32.987 DBG Batch cut. left=0 nBuckets=22 nReq=44 next=0
09:14:32.988 DBG Waiting for batch. batchSize=4096
09:14:32.989 INF Sending PREPREPARE. nReq=44 senderID=1 sn=72 view=0
09:14:32.998 INF Handling PREPREPARE. nReq=42 senderID=3 sn=74
09:14:32.998 INF Handling PREPREPARE. nReq=42 senderID=2 sn=73
09:14:32.998 DBG Creating new Batch. nReq=42
09:14:32.998 DBG Creating new Batch. nReq=42
09:14:33.000 DBG Sending COMMIT. senderID=1 sn=72 view=0
09:14:33.002 INF Committed entry. latency=0 nReq=44 sn=72
09:14:33.002 INF Delivered batch. nReq=44 sn=72
09:14:33.002 DBG Starting timer. sn=75 view=0
09:14:33.004 DBG Sending PREPARE. senderID=1 sn=74 view=0
09:14:33.004 DBG Sending PREPARE. senderID=1 sn=73 view=0
09:14:33.005 DBG Sending COMMIT. senderID=1 sn=73 view=0
09:14:33.005 DBG Sending COMMIT. senderID=1 sn=74 view=0
09:14:33.007 INF Committed entry. latency=0 nReq=42 sn=74
09:14:33.007 INF Committed entry. latency=0 nReq=42 sn=73
09:14:33.007 INF Delivered batch. nReq=42 sn=73
09:14:33.008 INF Delivered batch. nReq=42 sn=74
09:14:33.008 DBG Starting timer. sn=77 view=0
09:14:33.008 DBG Starting timer. sn=76 view=0
09:14:33.989 DBG Batch ready. batchSize=4096
09:14:33.989 DBG Batch cut. left=0 nBuckets=22 nReq=44 next=0
09:14:33.989 DBG Waiting for batch. batchSize=4096
09:14:33.990 INF Sending PREPREPARE. nReq=44 senderID=1 sn=75 view=0
09:14:33.999 INF Handling PREPREPARE. nReq=42 senderID=3 sn=77
09:14:33.999 DBG Creating new Batch. nReq=42
09:14:34.000 INF Handling PREPREPARE. nReq=42 senderID=2 sn=76
09:14:34.000 DBG Creating new Batch. nReq=42
09:14:34.002 DBG Sending COMMIT. senderID=1 sn=75 view=0
09:14:34.004 INF Committed entry. latency=0 nReq=44 sn=75
09:14:34.004 INF Delivered batch. nReq=44 sn=75
09:14:34.005 DBG Starting timer. sn=78 view=0
09:14:34.005 DBG Sending PREPARE. senderID=1 sn=76 view=0
09:14:34.005 DBG Sending PREPARE. senderID=1 sn=77 view=0
09:14:34.006 DBG Sending COMMIT. senderID=1 sn=77 view=0
09:14:34.006 DBG Sending COMMIT. senderID=1 sn=76 view=0
09:14:34.009 INF Committed entry. latency=0 nReq=42 sn=76
09:14:34.009 INF Committed entry. latency=0 nReq=42 sn=77
09:14:34.009 INF Delivered batch. nReq=42 sn=76
09:14:34.009 INF Delivered batch. nReq=42 sn=77
09:14:34.009 DBG Starting timer. sn=79 view=0
09:14:34.009 DBG Starting timer. sn=80 view=0
09:14:34.990 DBG Batch ready. batchSize=4096
09:14:34.991 DBG Batch cut. left=0 nBuckets=22 nReq=44 next=0
09:14:34.991 DBG Waiting for batch. batchSize=4096
09:14:34.992 INF Sending PREPREPARE. nReq=44 senderID=1 sn=78 view=0
09:14:35.001 INF Handling PREPREPARE. nReq=42 senderID=3 sn=80
09:14:35.001 DBG Creating new Batch. nReq=42
09:14:35.002 INF Handling PREPREPARE. nReq=42 senderID=2 sn=79
09:14:35.002 DBG Creating new Batch. nReq=42
09:14:35.004 DBG Sending COMMIT. senderID=1 sn=78 view=0
09:14:35.005 INF Committed entry. latency=0 nReq=44 sn=78
09:14:35.005 INF Delivered batch. nReq=44 sn=78
09:14:35.006 DBG Starting timer. sn=81 view=0
09:14:35.007 DBG Sending PREPARE. senderID=1 sn=80 view=0
09:14:35.007 DBG Sending PREPARE. senderID=1 sn=79 view=0
09:14:35.007 DBG Sending COMMIT. senderID=1 sn=79 view=0
09:14:35.008 DBG Sending COMMIT. senderID=1 sn=80 view=0
09:14:35.011 INF Committed entry. latency=0 nReq=42 sn=79
09:14:35.011 INF Committed entry. latency=0 nReq=42 sn=80
09:14:35.011 INF Delivered batch. nReq=42 sn=79
09:14:35.012 INF Delivered batch. nReq=42 sn=80
09:14:35.012 DBG Starting timer. sn=82 view=0
09:14:35.012 DBG Starting timer. sn=83 view=0
09:14:35.992 DBG Batch ready. batchSize=4096
09:14:35.992 DBG Batch cut. left=0 nBuckets=22 nReq=45 next=0
09:14:35.992 DBG Waiting for batch. batchSize=4096
09:14:35.993 INF Sending PREPREPARE. nReq=45 senderID=1 sn=81 view=0
09:14:36.003 INF Handling PREPREPARE. nReq=42 senderID=3 sn=83
09:14:36.004 DBG Creating new Batch. nReq=42
09:14:36.004 INF Handling PREPREPARE. nReq=42 senderID=2 sn=82
09:14:36.004 DBG Creating new Batch. nReq=42
09:14:36.004 DBG Sending COMMIT. senderID=1 sn=81 view=0
09:14:36.007 INF Committed entry. latency=0 nReq=45 sn=81
09:14:36.007 INF Delivered batch. nReq=45 sn=81
09:14:36.007 DBG Starting timer. sn=84 view=0
09:14:36.009 DBG Sending PREPARE. senderID=1 sn=83 view=0
09:14:36.010 DBG Sending PREPARE. senderID=1 sn=82 view=0
09:14:36.011 DBG Sending COMMIT. senderID=1 sn=83 view=0
09:14:36.011 DBG Sending COMMIT. senderID=1 sn=82 view=0
09:14:36.012 INF Committed entry. latency=0 nReq=42 sn=82
09:14:36.012 INF Delivered batch. nReq=42 sn=82
09:14:36.012 INF Committed entry. latency=0 nReq=42 sn=83
09:14:36.012 INF Delivered batch. nReq=42 sn=83
09:14:36.013 DBG Starting timer. sn=85 view=0
09:14:36.013 DBG Starting timer. sn=86 view=0
09:14:36.994 DBG Batch ready. batchSize=4096
09:14:36.994 DBG Batch cut. left=0 nBuckets=22 nReq=44 next=0
09:14:36.994 DBG Waiting for batch. batchSize=4096
09:14:36.995 INF Sending PREPREPARE. nReq=44 senderID=1 sn=84 view=0
09:14:37.005 INF Handling PREPREPARE. nReq=42 senderID=3 sn=86
09:14:37.006 DBG Creating new Batch. nReq=42
09:14:37.006 INF Handling PREPREPARE. nReq=42 senderID=2 sn=85
09:14:37.006 DBG Creating new Batch. nReq=42
09:14:37.008 DBG Sending COMMIT. senderID=1 sn=84 view=0
09:14:37.010 INF Committed entry. latency=0 nReq=44 sn=84
09:14:37.010 INF Delivered batch. nReq=44 sn=84
09:14:37.010 DBG Starting timer. sn=87 view=0
09:14:37.011 DBG Sending PREPARE. senderID=1 sn=86 view=0
09:14:37.012 DBG Sending PREPARE. senderID=1 sn=85 view=0
09:14:37.012 DBG Sending COMMIT. senderID=1 sn=85 view=0
09:14:37.014 DBG Sending COMMIT. senderID=1 sn=86 view=0
09:14:37.015 INF Committed entry. latency=0 nReq=42 sn=86
09:14:37.016 DBG Starting timer. sn=89 view=0
09:14:37.016 INF Committed entry. latency=0 nReq=42 sn=85
09:14:37.016 INF Delivered batch. nReq=42 sn=85
09:14:37.016 INF Delivered batch. nReq=42 sn=86
09:14:37.016 DBG Starting timer. sn=88 view=0
09:14:37.996 DBG Batch ready. batchSize=4096
09:14:37.996 DBG Batch cut. left=0 nBuckets=22 nReq=44 next=0
09:14:37.996 DBG Waiting for batch. batchSize=4096
09:14:37.997 INF Sending PREPREPARE. nReq=44 senderID=1 sn=87 view=0
09:14:38.008 INF Handling PREPREPARE. nReq=42 senderID=2 sn=88
09:14:38.008 DBG Creating new Batch. nReq=42
09:14:38.009 INF Handling PREPREPARE. nReq=42 senderID=3 sn=89
09:14:38.009 DBG Creating new Batch. nReq=42
09:14:38.009 DBG Sending COMMIT. senderID=1 sn=87 view=0
09:14:38.011 INF Committed entry. latency=0 nReq=44 sn=87
09:14:38.011 INF Delivered batch. nReq=44 sn=87
09:14:38.011 DBG Starting timer. sn=90 view=0
09:14:38.014 DBG Sending PREPARE. senderID=1 sn=88 view=0
09:14:38.014 DBG Sending COMMIT. senderID=1 sn=88 view=0
09:14:38.014 DBG Sending PREPARE. senderID=1 sn=89 view=0
09:14:38.015 DBG Sending COMMIT. senderID=1 sn=89 view=0
09:14:38.017 INF Committed entry. latency=0 nReq=42 sn=88
09:14:38.017 INF Delivered batch. nReq=42 sn=88
09:14:38.017 DBG Starting timer. sn=91 view=0
09:14:38.018 INF Committed entry. latency=0 nReq=42 sn=89
09:14:38.018 INF Delivered batch. nReq=42 sn=89
09:14:38.018 DBG Starting timer. sn=92 view=0
09:14:38.997 DBG Batch ready. batchSize=4096
09:14:38.997 DBG Batch cut. left=0 nBuckets=22 nReq=44 next=0
09:14:38.997 DBG Waiting for batch. batchSize=4096
09:14:38.998 INF Sending PREPREPARE. nReq=44 senderID=1 sn=90 view=0
09:14:39.009 INF Handling PREPREPARE. nReq=42 senderID=2 sn=91
09:14:39.010 DBG Creating new Batch. nReq=42
09:14:39.010 INF Handling PREPREPARE. nReq=42 senderID=3 sn=92
09:14:39.010 DBG Sending COMMIT. senderID=1 sn=90 view=0
09:14:39.010 DBG Creating new Batch. nReq=42
09:14:39.012 INF Committed entry. latency=0 nReq=44 sn=90
09:14:39.013 INF Delivered batch. nReq=44 sn=90
09:14:39.013 DBG Starting timer. sn=93 view=0
09:14:39.015 DBG Sending PREPARE. senderID=1 sn=91 view=0
09:14:39.015 DBG Sending PREPARE. senderID=1 sn=92 view=0
09:14:39.016 DBG Sending COMMIT. senderID=1 sn=91 view=0
09:14:39.017 DBG Sending COMMIT. senderID=1 sn=92 view=0
09:14:39.017 INF Committed entry. latency=0 nReq=42 sn=91
09:14:39.018 INF Delivered batch. nReq=42 sn=91
09:14:39.018 DBG Starting timer. sn=94 view=0
09:14:39.019 INF Committed entry. latency=0 nReq=42 sn=92
09:14:39.019 INF Delivered batch. nReq=42 sn=92
09:14:39.019 DBG Starting timer. sn=95 view=0
09:14:39.998 DBG Batch ready. batchSize=4096
09:14:39.998 DBG Batch cut. left=0 nBuckets=22 nReq=44 next=0
09:14:39.998 DBG Waiting for batch. batchSize=4096
09:14:39.999 INF Sending PREPREPARE. nReq=44 senderID=1 sn=93 view=0
09:14:40.011 INF Handling PREPREPARE. nReq=42 senderID=2 sn=94
09:14:40.011 DBG Creating new Batch. nReq=42
09:14:40.012 INF Handling PREPREPARE. nReq=42 senderID=3 sn=95
09:14:40.012 DBG Creating new Batch. nReq=42
09:14:40.012 DBG Sending COMMIT. senderID=1 sn=93 view=0
09:14:40.014 INF Committed entry. latency=0 nReq=44 sn=93
09:14:40.014 INF Delivered batch. nReq=44 sn=93
09:14:40.014 DBG Starting timer. sn=96 view=0
09:14:40.017 DBG Sending PREPARE. senderID=1 sn=94 view=0
09:14:40.017 DBG Sending PREPARE. senderID=1 sn=95 view=0
09:14:40.018 DBG Sending COMMIT. senderID=1 sn=94 view=0
09:14:40.019 DBG Sending COMMIT. senderID=1 sn=95 view=0
09:14:40.020 INF Committed entry. latency=0 nReq=42 sn=94
09:14:40.020 INF Committed entry. latency=0 nReq=42 sn=95
09:14:40.020 INF Delivered batch. nReq=42 sn=94
09:14:40.020 INF Delivered batch. nReq=42 sn=95
09:14:40.021 DBG Starting timer. sn=97 view=0
09:14:40.021 DBG Starting timer. sn=98 view=0
09:14:41.000 DBG Batch ready. batchSize=4096
09:14:41.000 DBG Batch cut. left=0 nBuckets=22 nReq=1 next=0
09:14:41.000 DBG Waiting for batch. batchSize=4096
09:14:41.000 INF Sending PREPREPARE. nReq=1 senderID=1 sn=96 view=0
09:14:41.003 DBG Sending COMMIT. senderID=1 sn=96 view=0
09:14:41.004 INF Committed entry. latency=0 nReq=1 sn=96
09:14:41.005 INF Delivered batch. nReq=1 sn=96
09:14:41.005 DBG Starting timer. sn=99 view=0
09:14:41.006 INF Handling PREPREPARE. nReq=0 senderID=2 sn=97
09:14:41.006 INF Handling PREPREPARE. nReq=0 senderID=3 sn=98
09:14:41.006 DBG Creating new Batch. nReq=0
09:14:41.006 DBG Creating new Batch. nReq=0
09:14:41.007 DBG Sending PREPARE. senderID=1 sn=97 view=0
09:14:41.007 DBG Sending PREPARE. senderID=1 sn=98 view=0
09:14:41.008 DBG Sending COMMIT. senderID=1 sn=98 view=0
09:14:41.008 DBG Sending COMMIT. senderID=1 sn=97 view=0
09:14:41.009 INF Committed entry. latency=0 nReq=0 sn=97
09:14:41.009 INF Committed entry. latency=0 nReq=0 sn=98
09:14:41.010 INF Delivered batch. nReq=0 sn=97
09:14:41.010 INF Delivered batch. nReq=0 sn=98
09:14:41.010 DBG Starting timer. sn=100 view=0
09:14:41.010 DBG Starting timer. sn=101 view=0
09:14:42.000 INF Connection terminated. error="rpc error: code = Canceled desc = context canceled" address=127.0.0.1:50666
09:14:42.001 DBG Batch ready. batchSize=4096
09:14:42.001 INF Finished sending bucket assignments to client. clId=0
09:14:42.001 DBG Batch cut. left=0 nBuckets=22 nReq=0 next=0
09:14:42.001 INF Sending PREPREPARE. nReq=0 senderID=1 sn=99 view=0
09:14:42.001 DBG Waiting for batch. batchSize=4096
09:14:42.004 DBG Sending COMMIT. senderID=1 sn=99 view=0
09:14:42.005 INF Committed entry. latency=0 nReq=0 sn=99
09:14:42.005 INF Delivered batch. nReq=0 sn=99
09:14:42.005 DBG Starting timer. sn=102 view=0
09:14:42.008 INF Handling PREPREPARE. nReq=0 senderID=3 sn=101
09:14:42.008 INF Handling PREPREPARE. nReq=0 senderID=2 sn=100
09:14:42.008 DBG Creating new Batch. nReq=0
09:14:42.008 DBG Creating new Batch. nReq=0
09:14:42.008 DBG Sending PREPARE. senderID=1 sn=101 view=0
09:14:42.008 DBG Sending PREPARE. senderID=1 sn=100 view=0
09:14:42.009 DBG Sending COMMIT. senderID=1 sn=100 view=0
09:14:42.009 DBG Sending COMMIT. senderID=1 sn=101 view=0
09:14:42.011 INF Committed entry. latency=0 nReq=0 sn=101
09:14:42.011 INF Committed entry. latency=0 nReq=0 sn=100
09:14:42.011 INF Delivered batch. nReq=0 sn=100
09:14:42.011 INF Delivered batch. nReq=0 sn=101
09:14:42.011 DBG Starting timer. sn=104 view=0
09:14:42.011 DBG Starting timer. sn=103 view=0
09:14:42.338 INF Stopping profiler.
09:14:42.338 INF Stopping Tracer. events=208 fileName=experiment-output/0002/slave-004/peer.trc
==================
WARNING: DATA RACE
Read at 0x00c000a38000 by goroutine 114:
  runtime.racereadrange()
      <autogenerated>:1 +0x1b
  github.com/hyperledger-labs/mirbft/tracing.(*BufferedTrace).StopOnSignal.func1()
      /opt/gopath/src/github.com/hyperledger-labs/mirbft/tracing/bufferedtrace.go:298 +0x4e

Previous write at 0x00c000a38000 by goroutine 413:
  github.com/hyperledger-labs/mirbft/tracing.(*BufferedTrace).Event()
      /opt/gopath/src/github.com/hyperledger-labs/mirbft/tracing/bufferedtrace.go:105 +0x2d9
  github.com/hyperledger-labs/mirbft/manager.(*MirManager).handleLogEntries()
      /opt/gopath/src/github.com/hyperledger-labs/mirbft/manager/mirmanager.go:139 +0x1d8
  github.com/hyperledger-labs/mirbft/manager.(*MirManager).Startdwrap7()
      /opt/gopath/src/github.com/hyperledger-labs/mirbft/manager/mirmanager.go:101 +0x47

Goroutine 114 (running) created at:
  github.com/hyperledger-labs/mirbft/tracing.(*BufferedTrace).StopOnSignal()
      /opt/gopath/src/github.com/hyperledger-labs/mirbft/tracing/bufferedtrace.go:292 +0x172
  main.setUpTracing()
      /opt/gopath/src/github.com/hyperledger-labs/mirbft/cmd/orderingpeer/main.go:204 +0xf5
  main.main()
      /opt/gopath/src/github.com/hyperledger-labs/mirbft/cmd/orderingpeer/main.go:98 +0x9d6

Goroutine 413 (running) created at:
  github.com/hyperledger-labs/mirbft/manager.(*MirManager).Start()
      /opt/gopath/src/github.com/hyperledger-labs/mirbft/manager/mirmanager.go:101 +0x19e
  main.maindwrap4()
      /opt/gopath/src/github.com/hyperledger-labs/mirbft/cmd/orderingpeer/main.go:168 +0x59
==================
==================
WARNING: DATA RACE
Read at 0x00c000a3a058 by goroutine 114:
  runtime.racereadrange()
      <autogenerated>:1 +0x1b
  github.com/hyperledger-labs/mirbft/tracing.(*BufferedTrace).StopOnSignal.func1()
      /opt/gopath/src/github.com/hyperledger-labs/mirbft/tracing/bufferedtrace.go:298 +0x4e

Previous write at 0x00c000a3a058 by goroutine 113:
  github.com/hyperledger-labs/mirbft/tracing.(*BufferedTrace).Event()
      /opt/gopath/src/github.com/hyperledger-labs/mirbft/tracing/bufferedtrace.go:105 +0x2d9
  github.com/hyperledger-labs/mirbft/profiling.StartCPUTracing.func1()
      /opt/gopath/src/github.com/hyperledger-labs/mirbft/profiling/cpuusage.go:31 +0x95

Goroutine 114 (running) created at:
  github.com/hyperledger-labs/mirbft/tracing.(*BufferedTrace).StopOnSignal()
      /opt/gopath/src/github.com/hyperledger-labs/mirbft/tracing/bufferedtrace.go:292 +0x172
  main.setUpTracing()
      /opt/gopath/src/github.com/hyperledger-labs/mirbft/cmd/orderingpeer/main.go:204 +0xf5
  main.main()
      /opt/gopath/src/github.com/hyperledger-labs/mirbft/cmd/orderingpeer/main.go:98 +0x9d6

Goroutine 113 (running) created at:
  github.com/hyperledger-labs/mirbft/profiling.StartCPUTracing()
      /opt/gopath/src/github.com/hyperledger-labs/mirbft/profiling/cpuusage.go:28 +0xb6
  main.setUpTracing()
      /opt/gopath/src/github.com/hyperledger-labs/mirbft/cmd/orderingpeer/main.go:196 +0x85
  main.main()
      /opt/gopath/src/github.com/hyperledger-labs/mirbft/cmd/orderingpeer/main.go:98 +0x9d6
==================
09:14:42.341 INF Trace data written.
09:14:42.407 INF Profile data written. filename=experiment-output/0002/slave-004/prof.cpu name=cpu
09:14:42.470 INF Profile data written. filename=experiment-output/0002/slave-004/prof.block name=block
09:14:42.497 INF Connection terminated. error="rpc error: code = Canceled desc = context canceled" address=127.0.0.1:50522
09:14:42.497 INF Connection terminated. error="rpc error: code = Canceled desc = context canceled" address=127.0.0.1:50490
09:14:42.497 INF Connection terminated. error="rpc error: code = Canceled desc = context canceled" address=127.0.0.1:50448
09:14:42.497 INF Connection terminated. error="rpc error: code = Canceled desc = context canceled" address=127.0.0.1:50504
09:14:42.497 INF Connection terminated. error="rpc error: code = Canceled desc = context canceled" address=127.0.0.1:50434
09:14:42.497 INF Connection terminated. error="rpc error: code = Canceled desc = context canceled" address=127.0.0.1:50454
09:14:42.500 INF Profile data written. filename=experiment-output/0002/slave-004/prof.mutex name=mutex
