{"level":"debug","Logging":"debug","time":"2022-11-25T21:14:20+08:00","message":"Config"}
{"level":"debug","UseTLS":false,"time":"2022-11-25T21:14:20+08:00","message":"Config"}
{"level":"debug","CACertFile":"tls-data/ca.pem","time":"2022-11-25T21:14:20+08:00","message":"Config"}
{"level":"debug","KeyFile":"tls-data/auth.key","time":"2022-11-25T21:14:20+08:00","message":"Config"}
{"level":"debug","CertFile":"tls-data/auth.pem","time":"2022-11-25T21:14:20+08:00","message":"Config"}
{"level":"debug","PriorityConnections":2,"time":"2022-11-25T21:14:20+08:00","message":"Config"}
{"level":"debug","BasicConnections":4,"time":"2022-11-25T21:14:20+08:00","message":"Config"}
{"level":"debug","TestConnections":false,"time":"2022-11-25T21:14:20+08:00","message":"Config"}
{"level":"debug","ExcessConnections":1,"time":"2022-11-25T21:14:20+08:00","message":"Config"}
{"level":"debug","ConnectionTestMsgs":4,"time":"2022-11-25T21:14:20+08:00","message":"Config"}
{"level":"debug","ConnectionTestPayload":131072,"time":"2022-11-25T21:14:20+08:00","message":"Config"}
{"level":"debug","OutMessageBufsize":1024,"time":"2022-11-25T21:14:20+08:00","message":"Config"}
{"level":"debug","OutMessageBufsize":1,"time":"2022-11-25T21:14:20+08:00","message":"Config"}
{"level":"debug","ThroughputCap":131072000,"time":"2022-11-25T21:14:20+08:00","message":"Config"}
{"level":"debug","StragglerTolerance":1000,"time":"2022-11-25T21:14:20+08:00","message":"Config"}
{"level":"debug","BatchSizeIncrement":256,"time":"2022-11-25T21:14:20+08:00","message":"Config"}
{"level":"debug","Orderer":"Pbft","time":"2022-11-25T21:14:20+08:00","message":"Config"}
{"level":"debug","Manager":"Mir","time":"2022-11-25T21:14:20+08:00","message":"Config"}
{"level":"debug","Failures":0,"time":"2022-11-25T21:14:20+08:00","message":"Config"}
{"level":"debug","CrashTiming":"Straggler","time":"2022-11-25T21:14:20+08:00","message":"Config"}
{"level":"debug","CheckpointInterval":256,"time":"2022-11-25T21:14:20+08:00","message":"Config"}
{"level":"debug","WatermarkWindowSize":256,"time":"2022-11-25T21:14:20+08:00","message":"Config"}
{"level":"debug","EpochLength":256,"time":"2022-11-25T21:14:20+08:00","message":"Config"}
{"level":"debug","SegmentLength":64,"time":"2022-11-25T21:14:20+08:00","message":"Config"}
{"level":"debug","WaitForCheckpoints":true,"time":"2022-11-25T21:14:20+08:00","message":"Config"}
{"level":"debug","ClientWatermarkWindowSize":4194304,"time":"2022-11-25T21:14:20+08:00","message":"Config"}
{"level":"debug","ClientRequestBacklogSize":4194304,"time":"2022-11-25T21:14:20+08:00","message":"Config"}
{"level":"debug","RandomSeed":29054,"time":"2022-11-25T21:14:20+08:00","message":"Config"}
{"level":"debug","NodeToLeaderRatio":1,"time":"2022-11-25T21:14:20+08:00","message":"Config"}
{"level":"debug","LeaderPolicy":"Blacklist","time":"2022-11-25T21:14:20+08:00","message":"Config"}
{"level":"debug","DefaultLeaderBan":2,"time":"2022-11-25T21:14:20+08:00","message":"Config"}
{"level":"debug","NumBuckets":64,"time":"2022-11-25T21:14:20+08:00","message":"Config"}
{"level":"debug","BatchSize":1000,"time":"2022-11-25T21:14:20+08:00","message":"Config"}
{"level":"debug","DisabledViewChange":false,"time":"2022-11-25T21:14:20+08:00","message":"Config"}
{"level":"debug","ViewChangeTimeout":60000,"time":"2022-11-25T21:14:20+08:00","message":"Config"}
{"level":"debug","ClientTraceSampling":10,"time":"2022-11-25T21:14:20+08:00","message":"Config"}
{"level":"debug","EventBufferSize":2097152,"time":"2022-11-25T21:14:20+08:00","message":"Config"}
{"level":"debug","TraceSampling":1,"time":"2022-11-25T21:14:20+08:00","message":"Config"}
{"level":"debug","ClientsPerProcess":1,"time":"2022-11-25T21:14:20+08:00","message":"Config"}
{"level":"debug","RequestsPerClient":15360,"time":"2022-11-25T21:14:20+08:00","message":"Config"}
{"level":"debug","ClientRunTime":30000,"time":"2022-11-25T21:14:20+08:00","message":"Config"}
{"level":"debug","RequestRate":256,"time":"2022-11-25T21:14:20+08:00","message":"Config"}
{"level":"debug","HardRequestRateLimit":false,"time":"2022-11-25T21:14:20+08:00","message":"Config"}
{"level":"debug","RequestPayloadSize":500,"time":"2022-11-25T21:14:20+08:00","message":"Config"}
{"level":"debug","SignRequests":true,"time":"2022-11-25T21:14:20+08:00","message":"Config"}
{"level":"debug","ClientPrivKeyFile":"tls-data/client-ecdsa-256.key","time":"2022-11-25T21:14:20+08:00","message":"Config"}
{"level":"debug","ClientPubKeyFile":"tls-data/client-ecdsa-256.pem","time":"2022-11-25T21:14:20+08:00","message":"Config"}
{"level":"debug","PrecomputeRequests":false,"time":"2022-11-25T21:14:20+08:00","message":"Config"}
{"level":"debug","RequestHandlerThreads":32,"time":"2022-11-25T21:14:20+08:00","message":"Config"}
{"level":"debug","RequestInputChannelBuffer":8192,"time":"2022-11-25T21:14:20+08:00","message":"Config"}
{"level":"debug","BatchVerifier":"external","time":"2022-11-25T21:14:20+08:00","message":"Config"}
13:14:20.204 INF Registered with discovery server. numPeers=4 ownID=2
13:14:20.205 INF Profiling enabled.
13:14:20.205 INF Setting up profiling.
13:14:20.260 INF Started Profiler: CPU
13:14:20.260 INF Started Profiler: BLOCK
13:14:20.260 INF Started Profiler: MUTEX
13:14:20.260 INF Profiler will stop on signal. exit=true
13:14:20.262 INF Tracing will stop on signal. exit=false
13:14:20.262 INF Started tracing. traceFile=experiment-output/0000/slave-004/peer.trc
13:14:20.264 DBG Starting backlog.
13:14:20.264 INF Listening for connections. port=10022 useTLS=false
13:14:20.265 INF Connecting to peer. addr=127.0.0.1:10033 basicConns=4 priorityConns=2
13:14:20.265 INF Connecting to peer. addr=127.0.0.1:10022 basicConns=4 priorityConns=2
13:14:20.265 INF Connecting to peer. addr=127.0.0.1:10000 basicConns=4 priorityConns=2
13:14:20.265 INF Connecting to peer. addr=127.0.0.1:10011 basicConns=4 priorityConns=2
13:14:20.303 INF Incoming connection for protocol messages. addr=127.0.0.1:35620
13:14:20.308 INF Incoming connection for protocol messages. addr=127.0.0.1:35622
13:14:20.308 INF Incoming connection for protocol messages. addr=127.0.0.1:35668
13:14:20.308 INF Incoming connection for protocol messages. addr=127.0.0.1:35664
13:14:20.313 INF Incoming connection for protocol messages. addr=127.0.0.1:35608
13:14:20.314 INF Incoming connection for protocol messages. addr=127.0.0.1:35694
13:14:20.316 INF Incoming connection for protocol messages. addr=127.0.0.1:35712
13:14:20.317 INF Incoming connection for protocol messages. addr=127.0.0.1:35634
13:14:20.317 INF Incoming connection for protocol messages. addr=127.0.0.1:35744
13:14:20.318 INF Incoming connection for protocol messages. addr=127.0.0.1:35678
13:14:20.319 DBG Connected. peerID=0
13:14:20.319 INF Incoming connection for protocol messages. addr=127.0.0.1:35726
13:14:20.319 DBG Connected. peerID=2
13:14:20.320 INF Incoming connection for protocol messages. addr=127.0.0.1:35706
13:14:20.320 INF Incoming connection for protocol messages. addr=127.0.0.1:35648
13:14:20.322 INF Incoming connection for protocol messages. addr=127.0.0.1:35774
13:14:20.322 DBG Connected. peerID=3
13:14:20.322 INF Incoming connection for protocol messages. addr=127.0.0.1:35760
13:14:20.323 INF Incoming connection for protocol messages. addr=127.0.0.1:35756
13:14:20.324 INF Incoming connection for protocol messages. addr=127.0.0.1:35740
13:14:20.325 INF Incoming connection for protocol messages. addr=127.0.0.1:35716
13:14:20.328 DBG Connected. peerID=1
13:14:20.328 INF Connected to all peers.
13:14:21.229 INF Incoming connection for protocol messages. addr=127.0.0.1:35786
13:14:21.231 INF Incoming connection for protocol messages. addr=127.0.0.1:35800
13:14:21.236 INF Incoming connection for protocol messages. addr=127.0.0.1:35838
13:14:21.236 INF Incoming connection for protocol messages. addr=127.0.0.1:35822
13:14:21.236 INF Incoming connection for protocol messages. addr=127.0.0.1:35836
13:14:21.236 INF Incoming connection for protocol messages. addr=127.0.0.1:35814
13:14:21.243 INF All peers finished connecting. Starting ISS.
13:14:21.244 DBG Buckets for 0-th leader 0: [0 4 8 12 16 20 24 28 32 36 40 44 48 52 56 60]
13:14:21.244 DBG Buckets for 1-th leader 1: [1 5 9 13 17 21 25 29 33 37 41 45 49 53 57 61]
13:14:21.244 DBG Buckets for 2-th leader 2: [2 6 10 14 18 22 26 30 34 38 42 46 50 54 58 62]
13:14:21.244 DBG Buckets for 3-th leader 3: [3 7 11 15 19 23 27 31 35 39 43 47 51 55 59 63]
13:14:21.245 INF PbftOrderer received a new segment: [0 4 8 12 16 20 24 28 32 36 40 44 48 52 56 60 64 68 72 76 80 84 88 92 96 100 104 108 112 116 120 124 128 132 136 140 144 148 152 156 160 164 168 172 176 180 184 188 192 196 200 204 208 212 216 220 224 228 232 236 240 244 248 252] first leader=0 firstSN=0 lastSN=252 len=64 length=64 segId=0
13:14:21.245 INF Starting new view. segID=0 timeout=60000 view=0
13:14:21.245 DBG Starting timer. sn=0 view=0
13:14:21.246 INF Starting PBFT instance. first=0 last=252 segID=0
13:14:21.246 DBG Subscribing to backlog. segID=0
13:14:21.246 INF Starting serialized message processing. segID=0
13:14:21.246 INF PbftOrderer received a new segment: [1 5 9 13 17 21 25 29 33 37 41 45 49 53 57 61 65 69 73 77 81 85 89 93 97 101 105 109 113 117 121 125 129 133 137 141 145 149 153 157 161 165 169 173 177 181 185 189 193 197 201 205 209 213 217 221 225 229 233 237 241 245 249 253] first leader=1 firstSN=1 lastSN=253 len=64 length=64 segId=1
13:14:21.247 INF Starting new view. segID=1 timeout=60000 view=0
13:14:21.247 DBG Starting timer. sn=1 view=0
13:14:21.247 INF Starting PBFT instance. first=1 last=253 segID=1
13:14:21.247 DBG Subscribing to backlog. segID=1
13:14:21.247 INF Starting serialized message processing. segID=1
13:14:21.248 INF PbftOrderer received a new segment: [2 6 10 14 18 22 26 30 34 38 42 46 50 54 58 62 66 70 74 78 82 86 90 94 98 102 106 110 114 118 122 126 130 134 138 142 146 150 154 158 162 166 170 174 178 182 186 190 194 198 202 206 210 214 218 222 226 230 234 238 242 246 250 254] first leader=2 firstSN=2 lastSN=254 len=64 length=64 segId=2
13:14:21.248 INF Starting new view. segID=2 timeout=60000 view=0
13:14:21.248 DBG Starting timer. sn=2 view=0
13:14:21.249 INF Starting PBFT instance. first=2 last=254 segID=2
13:14:21.249 DBG Subscribing to backlog. segID=2
13:14:21.249 DBG Leading segment. segID=2
13:14:21.249 INF Starting serialized message processing. segID=2
13:14:21.249 INF Simulating Straggler. batchTimeout=1998 crashTiming=Straggler
13:14:21.249 DBG Waiting for batch. batchSize=4096
13:14:21.249 INF PbftOrderer received a new segment: [3 7 11 15 19 23 27 31 35 39 43 47 51 55 59 63 67 71 75 79 83 87 91 95 99 103 107 111 115 119 123 127 131 135 139 143 147 151 155 159 163 167 171 175 179 183 187 191 195 199 203 207 211 215 219 223 227 231 235 239 243 247 251 255] first leader=3 firstSN=3 lastSN=255 len=64 length=64 segId=3
13:14:21.250 INF Starting new view. segID=3 timeout=60000 view=0
13:14:21.250 DBG Starting timer. sn=3 view=0
13:14:21.250 INF Starting PBFT instance. first=3 last=255 segID=3
13:14:21.250 DBG Subscribing to backlog. segID=3
13:14:21.251 INF Starting serialized message processing. segID=3
13:14:22.256 INF Handling PREPREPARE. nReq=0 senderID=1 sn=1
13:14:22.256 DBG Creating new Batch. nReq=0
13:14:22.256 INF Handling PREPREPARE. nReq=0 senderID=0 sn=0
13:14:22.256 INF Handling PREPREPARE. nReq=0 senderID=3 sn=3
13:14:22.256 DBG Creating new Batch. nReq=0
13:14:22.256 DBG Creating new Batch. nReq=0
13:14:22.257 DBG Sending PREPARE. senderID=2 sn=1 view=0
13:14:22.257 DBG Sending PREPARE. senderID=2 sn=3 view=0
13:14:22.257 DBG Sending PREPARE. senderID=2 sn=0 view=0
13:14:22.257 DBG func sendPrepare prepare Tn. sn=1 tn=1
13:14:22.257 DBG func sendPrepare prepare Tn. sn=3 tn=1
13:14:22.257 DBG func sendPrepare prepare Tn. sn=0 tn=1
13:14:22.259 DBG Sending COMMIT. senderID=2 sn=3 tn=1 view=0
13:14:22.259 DBG func sendCommit commit Tn. sn=3 tn=1
13:14:22.259 DBG Sending COMMIT. senderID=2 sn=0 tn=1 view=0
13:14:22.259 DBG Sending Htn. senderID=2 sn=3 view=0
13:14:22.259 DBG func sendCommit commit Tn. sn=0 tn=1
13:14:22.259 DBG Sending COMMIT. senderID=2 sn=1 tn=1 view=0
13:14:22.259 DBG func handleCommit commit Tn. tn=1
13:14:22.260 DBG Sending Htn. senderID=2 sn=0 view=0
13:14:22.260 DBG func sendCommit commit Tn. sn=1 tn=1
13:14:22.260 DBG func handleCommit commit Tn. tn=1
13:14:22.260 DBG Sending Htn. senderID=2 sn=1 view=0
13:14:22.260 INF Get logEntry.Sn from tn. Hn=1 SegID=3 Tn=1 logEntry.Sn=3
13:14:22.260 INF Committed entry. latency=0 nReq=0 sn=3
==================
WARNING: DATA RACE
Read at 0x00c0002675f0 by goroutine 418:
  runtime.mapaccess1_fast64()
      /home/dell/wmj/go/src/runtime/map_fast64.go:12 +0x0
  github.com/hyperledger-labs/mirbft/orderer.(*pbftInstance).sendCommit()
      /opt/gopath/src/github.com/hyperledger-labs/mirbft/orderer/pbftinstance.go:601 +0x933
  github.com/hyperledger-labs/mirbft/orderer.(*pbftInstance).handlePrepare()
      /opt/gopath/src/github.com/hyperledger-labs/mirbft/orderer/pbftinstance.go:533 +0x69a
  github.com/hyperledger-labs/mirbft/orderer.(*pbftInstance).handleMessage()
      /opt/gopath/src/github.com/hyperledger-labs/mirbft/orderer/pbftinstance.go:1872 +0x2d4
  github.com/hyperledger-labs/mirbft/orderer.(*pbftInstance).processSerializedMessages()
      /opt/gopath/src/github.com/hyperledger-labs/mirbft/orderer/pbftinstance.go:1835 +0xdb
  github.com/hyperledger-labs/mirbft/orderer.(*PbftOrderer).runSegment·dwrap·12()
      /opt/gopath/src/github.com/hyperledger-labs/mirbft/orderer/pbftorderer.go:199 +0x39

Previous write at 0x00c0002675f0 by goroutine 416:
  runtime.mapassign_fast64()
      /home/dell/wmj/go/src/runtime/map_fast64.go:92 +0x0
  github.com/hyperledger-labs/mirbft/orderer.(*pbftInstance).sendCommit()
      /opt/gopath/src/github.com/hyperledger-labs/mirbft/orderer/pbftinstance.go:602 +0x9e4
  github.com/hyperledger-labs/mirbft/orderer.(*pbftInstance).handlePrepare()
      /opt/gopath/src/github.com/hyperledger-labs/mirbft/orderer/pbftinstance.go:533 +0x69a
  github.com/hyperledger-labs/mirbft/orderer.(*pbftInstance).handleMessage()
      /opt/gopath/src/github.com/hyperledger-labs/mirbft/orderer/pbftinstance.go:1872 +0x2d4
  github.com/hyperledger-labs/mirbft/orderer.(*pbftInstance).processSerializedMessages()
      /opt/gopath/src/github.com/hyperledger-labs/mirbft/orderer/pbftinstance.go:1835 +0xdb
  github.com/hyperledger-labs/mirbft/orderer.(*PbftOrderer).runSegment·dwrap·12()
      /opt/gopath/src/github.com/hyperledger-labs/mirbft/orderer/pbftorderer.go:199 +0x39
13:14:22.261 DBG Starting timer. sn=7 view=0

Goroutine 418 (running) created at:
  github.com/hyperledger-labs/mirbft/orderer.(*PbftOrderer).runSegment()
      /opt/gopath/src/github.com/hyperledger-labs/mirbft/orderer/pbftorderer.go:199 +0x3f0
  github.com/hyperledger-labs/mirbft/orderer.(*PbftOrderer).Start()
      /opt/gopath/src/github.com/hyperledger-labs/mirbft/orderer/pbftorderer.go:176 +0x355
13:14:22.261 DBG func handleCommit commit Tn. tn=1
  main.main·dwrap·5()
      /opt/gopath/src/github.com/hyperledger-labs/mirbft/cmd/orderingpeer/main.go:169 +0x59

Goroutine 416 (running) created at:
  github.com/hyperledger-labs/mirbft/orderer.(*PbftOrderer).runSegment()
      /opt/gopath/src/github.com/hyperledger-labs/mirbft/orderer/pbftorderer.go:199 +0x3f0
  github.com/hyperledger-labs/mirbft/orderer.(*PbftOrderer).Start()
      /opt/gopath/src/github.com/hyperledger-labs/mirbft/orderer/pbftorderer.go:176 +0x355
  main.main·dwrap·5()
      /opt/gopath/src/github.com/hyperledger-labs/mirbft/cmd/orderingpeer/main.go:169 +0x59
==================
13:14:22.262 DBG func handleCommit commit Tn. tn=1
13:14:22.262 DBG func handleCommit commit Tn. tn=1
13:14:22.262 INF Get logEntry.Sn from tn. Hn=1 SegID=0 Tn=1 logEntry.Sn=0
13:14:22.262 DBG func handleCommit commit Tn. tn=1
13:14:22.262 INF Committed entry. latency=0 nReq=0 sn=0
13:14:22.262 DBG func handleCommit commit Tn. tn=1
13:14:22.262 INF Delivered batch. nReq=0 sn=0
13:14:22.262 INF Get logEntry.Sn from tn. Hn=1 SegID=1 Tn=1 logEntry.Sn=1
13:14:22.263 DBG Starting timer. sn=4 view=0
13:14:22.263 INF Committed entry. latency=0 nReq=0 sn=1
13:14:22.263 DBG func handleCommit commit Tn. tn=1
13:14:22.263 INF Delivered batch. nReq=0 sn=1
13:14:22.263 DBG Starting timer. sn=5 view=0
13:14:22.263 DBG func handleCommit commit Tn. tn=1
13:14:22.281 INF Connection terminated. error="rpc error: code = Canceled desc = context canceled" address=127.0.0.1:35774
13:14:22.282 INF Connection terminated. error="rpc error: code = Canceled desc = context canceled" address=127.0.0.1:35648
13:14:22.282 INF Connection terminated. error="rpc error: code = Canceled desc = context canceled" address=127.0.0.1:35678
13:14:22.282 INF Connection terminated. error="rpc error: code = Canceled desc = context canceled" address=127.0.0.1:35760
13:14:22.282 INF Connection terminated. error="rpc error: code = Canceled desc = context canceled" address=127.0.0.1:35634
13:14:22.282 INF Connection terminated. error="rpc error: code = Canceled desc = context canceled" address=127.0.0.1:35756
13:14:22.283 INF Connection terminated. error="rpc error: code = Canceled desc = context canceled" address=127.0.0.1:35836
13:14:22.283 INF Connection terminated. error="rpc error: code = Canceled desc = context canceled" address=127.0.0.1:35822
13:14:22.283 INF Connection terminated. error="rpc error: code = Canceled desc = context canceled" address=127.0.0.1:35838
13:14:22.283 INF Connection terminated. error="rpc error: code = Canceled desc = context canceled" address=127.0.0.1:35800
13:14:22.283 INF Connection terminated. error="rpc error: code = Canceled desc = context canceled" address=127.0.0.1:35814
13:14:22.283 INF Connection terminated. error="rpc error: code = Canceled desc = context canceled" address=127.0.0.1:35786
13:14:22.284 INF Connection terminated. error="rpc error: code = Canceled desc = context canceled" address=127.0.0.1:35740
13:14:22.284 INF Connection terminated. error="rpc error: code = Canceled desc = context canceled" address=127.0.0.1:35712
13:14:22.284 INF Connection terminated. error="rpc error: code = Canceled desc = context canceled" address=127.0.0.1:35716
13:14:22.284 INF Connection terminated. error="rpc error: code = Canceled desc = context canceled" address=127.0.0.1:35726
13:14:22.285 INF Connection terminated. error="rpc error: code = Canceled desc = context canceled" address=127.0.0.1:35622
13:14:22.285 INF Connection terminated. error="rpc error: code = Canceled desc = context canceled" address=127.0.0.1:35706
13:14:23.248 DBG Batch ready. batchSize=4096
13:14:23.248 DBG Batch cut. left=0 nBuckets=16 nReq=0 next=0
13:14:23.249 INF Sending PREPREPARE. nReq=0 senderID=2 sn=2 view=0
13:14:23.249 DBG Waiting for batch. batchSize=4096
13:14:23.249 ERR Failed to send protocol message. Dropping all future outgoing protocol messages. error=EOF
13:14:23.249 ERR Failed to send protocol message. Dropping all future outgoing protocol messages. error=EOF
13:14:23.249 ERR Failed to send protocol message. Dropping all future outgoing protocol messages. error=EOF
13:14:23.287 INF Incoming connection for requests. addr=127.0.0.1:56038
13:14:25.248 DBG Batch ready. batchSize=4096
13:14:25.248 DBG Batch cut. left=0 nBuckets=16 nReq=0 next=0
13:14:25.248 DBG Waiting for batch. batchSize=4096
13:14:25.248 INF Sending PREPREPARE. nReq=0 senderID=2 sn=6 view=0
13:14:27.247 DBG Batch ready. batchSize=4096
13:14:27.247 DBG Batch cut. left=0 nBuckets=16 nReq=0 next=0
13:14:27.247 INF Sending PREPREPARE. nReq=0 senderID=2 sn=10 view=0
13:14:27.247 DBG Waiting for batch. batchSize=4096
13:14:29.247 DBG Batch ready. batchSize=4096
13:14:29.247 DBG Batch cut. left=0 nBuckets=16 nReq=0 next=0
13:14:29.247 INF Sending PREPREPARE. nReq=0 senderID=2 sn=14 view=0
13:14:29.247 DBG Waiting for batch. batchSize=4096
13:14:31.247 DBG Batch ready. batchSize=4096
13:14:31.247 DBG Batch cut. left=0 nBuckets=16 nReq=0 next=0
13:14:31.247 INF Sending PREPREPARE. nReq=0 senderID=2 sn=18 view=0
13:14:31.247 DBG Waiting for batch. batchSize=4096
13:14:33.246 DBG Batch ready. batchSize=4096
13:14:33.247 DBG Batch cut. left=0 nBuckets=16 nReq=0 next=0
13:14:33.247 INF Sending PREPREPARE. nReq=0 senderID=2 sn=22 view=0
13:14:33.247 DBG Waiting for batch. batchSize=4096
13:14:35.246 DBG Batch ready. batchSize=4096
13:14:35.247 DBG Batch cut. left=0 nBuckets=16 nReq=0 next=0
13:14:35.247 INF Sending PREPREPARE. nReq=0 senderID=2 sn=26 view=0
13:14:35.247 DBG Waiting for batch. batchSize=4096
13:14:37.245 DBG Batch ready. batchSize=4096
13:14:37.246 DBG Batch cut. left=0 nBuckets=16 nReq=0 next=0
13:14:37.246 INF Sending PREPREPARE. nReq=0 senderID=2 sn=30 view=0
13:14:37.246 DBG Waiting for batch. batchSize=4096
13:14:39.246 DBG Batch ready. batchSize=4096
13:14:39.246 DBG Batch cut. left=0 nBuckets=16 nReq=0 next=0
13:14:39.246 INF Sending PREPREPARE. nReq=0 senderID=2 sn=34 view=0
13:14:39.246 DBG Waiting for batch. batchSize=4096
13:14:41.245 DBG Batch ready. batchSize=4096
13:14:41.269 DBG Batch cut. left=0 nBuckets=16 nReq=0 next=0
13:14:41.269 INF Sending PREPREPARE. nReq=0 senderID=2 sn=38 view=0
13:14:41.270 DBG Waiting for batch. batchSize=4096
13:14:43.269 DBG Batch ready. batchSize=4096
13:14:43.269 DBG Batch cut. left=0 nBuckets=16 nReq=0 next=0
13:14:43.269 INF Sending PREPREPARE. nReq=0 senderID=2 sn=42 view=0
13:14:43.269 DBG Waiting for batch. batchSize=4096
13:14:45.268 DBG Batch ready. batchSize=4096
13:14:45.269 DBG Batch cut. left=0 nBuckets=16 nReq=0 next=0
13:14:45.269 INF Sending PREPREPARE. nReq=0 senderID=2 sn=46 view=0
13:14:45.269 DBG Waiting for batch. batchSize=4096
13:14:47.268 DBG Batch ready. batchSize=4096
13:14:47.269 DBG Batch cut. left=0 nBuckets=16 nReq=0 next=0
13:14:47.269 INF Sending PREPREPARE. nReq=0 senderID=2 sn=50 view=0
13:14:47.269 DBG Waiting for batch. batchSize=4096
13:14:49.268 DBG Batch ready. batchSize=4096
13:14:49.268 DBG Batch cut. left=0 nBuckets=16 nReq=0 next=0
13:14:49.268 DBG Waiting for batch. batchSize=4096
13:14:49.268 INF Sending PREPREPARE. nReq=0 senderID=2 sn=54 view=0
13:14:51.267 DBG Batch ready. batchSize=4096
13:14:51.268 DBG Batch cut. left=0 nBuckets=16 nReq=0 next=0
13:14:51.268 INF Sending PREPREPARE. nReq=0 senderID=2 sn=58 view=0
13:14:51.268 DBG Waiting for batch. batchSize=4096
13:14:53.267 DBG Batch ready. batchSize=4096
13:14:53.267 DBG Batch cut. left=0 nBuckets=16 nReq=0 next=0
13:14:53.268 INF Sending PREPREPARE. nReq=0 senderID=2 sn=62 view=0
13:14:53.268 DBG Waiting for batch. batchSize=4096
13:14:55.266 DBG Batch ready. batchSize=4096
13:14:55.267 DBG Batch cut. left=0 nBuckets=16 nReq=0 next=0
13:14:55.267 DBG Waiting for batch. batchSize=4096
13:14:55.267 INF Sending PREPREPARE. nReq=0 senderID=2 sn=66 view=0
13:14:57.266 DBG Batch ready. batchSize=4096
13:14:57.266 DBG Batch cut. left=0 nBuckets=16 nReq=0 next=0
13:14:57.266 INF Sending PREPREPARE. nReq=0 senderID=2 sn=70 view=0
13:14:57.266 DBG Waiting for batch. batchSize=4096
13:14:59.265 DBG Batch ready. batchSize=4096
13:14:59.266 DBG Batch cut. left=0 nBuckets=16 nReq=0 next=0
13:14:59.266 INF Sending PREPREPARE. nReq=0 senderID=2 sn=74 view=0
13:14:59.266 DBG Waiting for batch. batchSize=4096
13:15:01.265 DBG Batch ready. batchSize=4096
13:15:01.266 DBG Batch cut. left=0 nBuckets=16 nReq=0 next=0
13:15:01.266 INF Sending PREPREPARE. nReq=0 senderID=2 sn=78 view=0
13:15:01.266 DBG Waiting for batch. batchSize=4096
13:15:03.265 DBG Batch ready. batchSize=4096
13:15:03.266 DBG Batch cut. left=0 nBuckets=16 nReq=0 next=0
13:15:03.266 INF Sending PREPREPARE. nReq=0 senderID=2 sn=82 view=0
13:15:03.266 DBG Waiting for batch. batchSize=4096
13:15:05.265 DBG Batch ready. batchSize=4096
13:15:05.265 DBG Batch cut. left=0 nBuckets=16 nReq=0 next=0
13:15:05.266 INF Sending PREPREPARE. nReq=0 senderID=2 sn=86 view=0
13:15:05.266 DBG Waiting for batch. batchSize=4096
13:15:07.264 DBG Batch ready. batchSize=4096
13:15:07.265 DBG Batch cut. left=0 nBuckets=16 nReq=0 next=0
13:15:07.265 INF Sending PREPREPARE. nReq=0 senderID=2 sn=90 view=0
13:15:07.265 DBG Waiting for batch. batchSize=4096
13:15:09.264 DBG Batch ready. batchSize=4096
13:15:09.264 DBG Batch cut. left=0 nBuckets=16 nReq=0 next=0
13:15:09.264 DBG Waiting for batch. batchSize=4096
13:15:09.264 INF Sending PREPREPARE. nReq=0 senderID=2 sn=94 view=0
13:15:11.263 DBG Batch ready. batchSize=4096
13:15:11.263 DBG Batch cut. left=0 nBuckets=16 nReq=0 next=0
13:15:11.264 INF Sending PREPREPARE. nReq=0 senderID=2 sn=98 view=0
13:15:11.264 DBG Waiting for batch. batchSize=4096
13:15:13.262 DBG Batch ready. batchSize=4096
13:15:13.263 DBG Batch cut. left=0 nBuckets=16 nReq=0 next=0
13:15:13.263 DBG Waiting for batch. batchSize=4096
13:15:13.263 INF Sending PREPREPARE. nReq=0 senderID=2 sn=102 view=0
13:15:15.262 DBG Batch ready. batchSize=4096
13:15:15.263 DBG Batch cut. left=0 nBuckets=16 nReq=0 next=0
13:15:15.263 INF Sending PREPREPARE. nReq=0 senderID=2 sn=106 view=0
13:15:15.263 DBG Waiting for batch. batchSize=4096
13:15:17.262 DBG Batch ready. batchSize=4096
13:15:17.263 DBG Batch cut. left=0 nBuckets=16 nReq=0 next=0
13:15:17.263 INF Sending PREPREPARE. nReq=0 senderID=2 sn=110 view=0
13:15:17.263 DBG Waiting for batch. batchSize=4096
13:15:19.262 DBG Batch ready. batchSize=4096
13:15:19.262 DBG Batch cut. left=0 nBuckets=16 nReq=0 next=0
13:15:19.262 INF Sending PREPREPARE. nReq=0 senderID=2 sn=114 view=0
13:15:19.263 DBG Waiting for batch. batchSize=4096
13:15:21.249 WRN Timeout segId=2 sn=2 view=0
13:15:21.249 INF Starting new view. segID=2 timeout=120000 view=1
13:15:21.249 DBG Resurrecting uncommitted batch. fromView=0 segId=2 sn=2 toView=1
13:15:21.249 DBG Resurrecting uncommitted batch. fromView=0 segId=2 sn=6 toView=1
13:15:21.250 DBG Resurrecting uncommitted batch. fromView=0 segId=2 sn=10 toView=1
13:15:21.250 DBG Resurrecting uncommitted batch. fromView=0 segId=2 sn=14 toView=1
13:15:21.250 DBG Resurrecting uncommitted batch. fromView=0 segId=2 sn=18 toView=1
13:15:21.250 DBG Resurrecting uncommitted batch. fromView=0 segId=2 sn=22 toView=1
13:15:21.250 DBG Resurrecting uncommitted batch. fromView=0 segId=2 sn=26 toView=1
13:15:21.250 DBG Resurrecting uncommitted batch. fromView=0 segId=2 sn=30 toView=1
13:15:21.251 DBG Resurrecting uncommitted batch. fromView=0 segId=2 sn=34 toView=1
13:15:21.251 DBG Resurrecting uncommitted batch. fromView=0 segId=2 sn=38 toView=1
13:15:21.251 DBG Resurrecting uncommitted batch. fromView=0 segId=2 sn=42 toView=1
13:15:21.251 DBG Resurrecting uncommitted batch. fromView=0 segId=2 sn=46 toView=1
13:15:21.251 DBG Resurrecting uncommitted batch. fromView=0 segId=2 sn=50 toView=1
13:15:21.252 DBG Resurrecting uncommitted batch. fromView=0 segId=2 sn=54 toView=1
13:15:21.252 DBG Resurrecting uncommitted batch. fromView=0 segId=2 sn=58 toView=1
13:15:21.252 DBG Resurrecting uncommitted batch. fromView=0 segId=2 sn=62 toView=1
13:15:21.252 DBG Resurrecting uncommitted batch. fromView=0 segId=2 sn=66 toView=1
13:15:21.252 DBG Resurrecting uncommitted batch. fromView=0 segId=2 sn=70 toView=1
13:15:21.252 DBG Resurrecting uncommitted batch. fromView=0 segId=2 sn=74 toView=1
13:15:21.253 DBG Resurrecting uncommitted batch. fromView=0 segId=2 sn=78 toView=1
13:15:21.253 DBG Resurrecting uncommitted batch. fromView=0 segId=2 sn=82 toView=1
13:15:21.253 DBG Resurrecting uncommitted batch. fromView=0 segId=2 sn=86 toView=1
13:15:21.253 DBG Resurrecting uncommitted batch. fromView=0 segId=2 sn=90 toView=1
13:15:21.253 DBG Resurrecting uncommitted batch. fromView=0 segId=2 sn=94 toView=1
13:15:21.254 DBG Resurrecting uncommitted batch. fromView=0 segId=2 sn=98 toView=1
13:15:21.254 DBG Resurrecting uncommitted batch. fromView=0 segId=2 sn=102 toView=1
13:15:21.254 DBG Resurrecting uncommitted batch. fromView=0 segId=2 sn=106 toView=1
13:15:21.254 DBG Resurrecting uncommitted batch. fromView=0 segId=2 sn=110 toView=1
13:15:21.254 DBG Resurrecting uncommitted batch. fromView=0 segId=2 sn=114 toView=1
13:15:21.254 DBG Batch not preprepared. Not resurrecting. fromView=0 segId=2 sn=118 toView=1
13:15:21.255 DBG Batch not preprepared. Not resurrecting. fromView=0 segId=2 sn=122 toView=1
13:15:21.255 DBG Batch not preprepared. Not resurrecting. fromView=0 segId=2 sn=126 toView=1
13:15:21.255 DBG Batch not preprepared. Not resurrecting. fromView=0 segId=2 sn=130 toView=1
13:15:21.255 DBG Batch not preprepared. Not resurrecting. fromView=0 segId=2 sn=134 toView=1
13:15:21.255 DBG Batch not preprepared. Not resurrecting. fromView=0 segId=2 sn=138 toView=1
13:15:21.255 DBG Batch not preprepared. Not resurrecting. fromView=0 segId=2 sn=142 toView=1
13:15:21.256 DBG Batch not preprepared. Not resurrecting. fromView=0 segId=2 sn=146 toView=1
13:15:21.256 DBG Batch not preprepared. Not resurrecting. fromView=0 segId=2 sn=150 toView=1
13:15:21.256 DBG Batch not preprepared. Not resurrecting. fromView=0 segId=2 sn=154 toView=1
13:15:21.256 DBG Batch not preprepared. Not resurrecting. fromView=0 segId=2 sn=158 toView=1
13:15:21.256 DBG Batch not preprepared. Not resurrecting. fromView=0 segId=2 sn=162 toView=1
13:15:21.257 DBG Batch not preprepared. Not resurrecting. fromView=0 segId=2 sn=166 toView=1
13:15:21.257 DBG Batch not preprepared. Not resurrecting. fromView=0 segId=2 sn=170 toView=1
13:15:21.257 DBG Batch not preprepared. Not resurrecting. fromView=0 segId=2 sn=174 toView=1
13:15:21.257 DBG Batch not preprepared. Not resurrecting. fromView=0 segId=2 sn=178 toView=1
13:15:21.257 DBG Batch not preprepared. Not resurrecting. fromView=0 segId=2 sn=182 toView=1
13:15:21.258 DBG Batch not preprepared. Not resurrecting. fromView=0 segId=2 sn=186 toView=1
13:15:21.258 DBG Batch not preprepared. Not resurrecting. fromView=0 segId=2 sn=190 toView=1
13:15:21.258 DBG Batch not preprepared. Not resurrecting. fromView=0 segId=2 sn=194 toView=1
13:15:21.258 DBG Batch not preprepared. Not resurrecting. fromView=0 segId=2 sn=198 toView=1
13:15:21.258 DBG Batch not preprepared. Not resurrecting. fromView=0 segId=2 sn=202 toView=1
13:15:21.258 DBG Batch not preprepared. Not resurrecting. fromView=0 segId=2 sn=206 toView=1
13:15:21.259 DBG Batch not preprepared. Not resurrecting. fromView=0 segId=2 sn=210 toView=1
13:15:21.259 DBG Batch not preprepared. Not resurrecting. fromView=0 segId=2 sn=214 toView=1
13:15:21.259 DBG Batch not preprepared. Not resurrecting. fromView=0 segId=2 sn=218 toView=1
13:15:21.259 DBG Batch not preprepared. Not resurrecting. fromView=0 segId=2 sn=222 toView=1
13:15:21.259 DBG Batch not preprepared. Not resurrecting. fromView=0 segId=2 sn=226 toView=1
13:15:21.259 DBG Batch not preprepared. Not resurrecting. fromView=0 segId=2 sn=230 toView=1
13:15:21.260 DBG Batch not preprepared. Not resurrecting. fromView=0 segId=2 sn=234 toView=1
13:15:21.260 DBG Batch not preprepared. Not resurrecting. fromView=0 segId=2 sn=238 toView=1
13:15:21.260 DBG Batch not preprepared. Not resurrecting. fromView=0 segId=2 sn=242 toView=1
13:15:21.260 DBG Batch not preprepared. Not resurrecting. fromView=0 segId=2 sn=246 toView=1
13:15:21.260 DBG Batch not preprepared. Not resurrecting. fromView=0 segId=2 sn=250 toView=1
13:15:21.261 DBG Batch not preprepared. Not resurrecting. fromView=0 segId=2 sn=254 toView=1
13:15:21.261 INF Requesting VIEWCHANGE. receiverID=3 segID=2 senderID=2 view=1
13:15:21.262 DBG Batch ready. batchSize=4096
13:15:21.262 DBG Waiting for batch. batchSize=4096
13:15:22.262 WRN Timeout segId=3 sn=7 view=0
13:15:22.262 INF Starting new view. segID=3 timeout=120000 view=1
13:15:22.263 DBG Carrying over committed batch. fromView=0 segId=3 sn=3 toView=1
13:15:22.263 DBG Batch not preprepared. Not resurrecting. fromView=0 segId=3 sn=7 toView=1
13:15:22.263 DBG Batch not preprepared. Not resurrecting. fromView=0 segId=3 sn=11 toView=1
13:15:22.263 DBG Batch not preprepared. Not resurrecting. fromView=0 segId=3 sn=15 toView=1
13:15:22.263 WRN Timeout segId=0 sn=4 view=0
13:15:22.263 WRN Timeout segId=1 sn=5 view=0
13:15:22.264 DBG Batch not preprepared. Not resurrecting. fromView=0 segId=3 sn=19 toView=1
13:15:22.264 INF Starting new view. segID=0 timeout=120000 view=1
13:15:22.264 INF Starting new view. segID=1 timeout=120000 view=1
13:15:22.264 DBG Batch not preprepared. Not resurrecting. fromView=0 segId=3 sn=23 toView=1
13:15:22.264 DBG Carrying over committed batch. fromView=0 segId=0 sn=0 toView=1
13:15:22.264 DBG Carrying over committed batch. fromView=0 segId=1 sn=1 toView=1
13:15:22.264 DBG Batch not preprepared. Not resurrecting. fromView=0 segId=3 sn=27 toView=1
13:15:22.264 DBG Batch not preprepared. Not resurrecting. fromView=0 segId=0 sn=4 toView=1
13:15:22.264 DBG Batch not preprepared. Not resurrecting. fromView=0 segId=1 sn=5 toView=1
13:15:22.264 DBG Batch not preprepared. Not resurrecting. fromView=0 segId=3 sn=31 toView=1
13:15:22.264 DBG Batch not preprepared. Not resurrecting. fromView=0 segId=0 sn=8 toView=1
13:15:22.264 DBG Batch not preprepared. Not resurrecting. fromView=0 segId=1 sn=9 toView=1
13:15:22.265 DBG Batch not preprepared. Not resurrecting. fromView=0 segId=3 sn=35 toView=1
13:15:22.265 DBG Batch not preprepared. Not resurrecting. fromView=0 segId=0 sn=12 toView=1
13:15:22.265 DBG Batch not preprepared. Not resurrecting. fromView=0 segId=1 sn=13 toView=1
13:15:22.265 DBG Batch not preprepared. Not resurrecting. fromView=0 segId=3 sn=39 toView=1
13:15:22.265 DBG Batch not preprepared. Not resurrecting. fromView=0 segId=0 sn=16 toView=1
13:15:22.265 DBG Batch not preprepared. Not resurrecting. fromView=0 segId=1 sn=17 toView=1
13:15:22.265 DBG Batch not preprepared. Not resurrecting. fromView=0 segId=3 sn=43 toView=1
13:15:22.265 DBG Batch not preprepared. Not resurrecting. fromView=0 segId=0 sn=20 toView=1
13:15:22.265 DBG Batch not preprepared. Not resurrecting. fromView=0 segId=1 sn=21 toView=1
13:15:22.265 DBG Batch not preprepared. Not resurrecting. fromView=0 segId=3 sn=47 toView=1
13:15:22.265 DBG Batch not preprepared. Not resurrecting. fromView=0 segId=0 sn=24 toView=1
13:15:22.265 DBG Batch not preprepared. Not resurrecting. fromView=0 segId=1 sn=25 toView=1
13:15:22.266 DBG Batch not preprepared. Not resurrecting. fromView=0 segId=3 sn=51 toView=1
13:15:22.266 DBG Batch not preprepared. Not resurrecting. fromView=0 segId=0 sn=28 toView=1
13:15:22.266 DBG Batch not preprepared. Not resurrecting. fromView=0 segId=1 sn=29 toView=1
13:15:22.266 DBG Batch not preprepared. Not resurrecting. fromView=0 segId=3 sn=55 toView=1
13:15:22.266 DBG Batch not preprepared. Not resurrecting. fromView=0 segId=0 sn=32 toView=1
13:15:22.266 DBG Batch not preprepared. Not resurrecting. fromView=0 segId=1 sn=33 toView=1
13:15:22.266 DBG Batch not preprepared. Not resurrecting. fromView=0 segId=3 sn=59 toView=1
13:15:22.266 DBG Batch not preprepared. Not resurrecting. fromView=0 segId=0 sn=36 toView=1
13:15:22.266 DBG Batch not preprepared. Not resurrecting. fromView=0 segId=1 sn=37 toView=1
13:15:22.266 DBG Batch not preprepared. Not resurrecting. fromView=0 segId=3 sn=63 toView=1
13:15:22.266 DBG Batch not preprepared. Not resurrecting. fromView=0 segId=0 sn=40 toView=1
13:15:22.266 DBG Batch not preprepared. Not resurrecting. fromView=0 segId=1 sn=41 toView=1
13:15:22.266 DBG Batch not preprepared. Not resurrecting. fromView=0 segId=3 sn=67 toView=1
13:15:22.266 DBG Batch not preprepared. Not resurrecting. fromView=0 segId=0 sn=44 toView=1
13:15:22.267 DBG Batch not preprepared. Not resurrecting. fromView=0 segId=1 sn=45 toView=1
13:15:22.267 DBG Batch not preprepared. Not resurrecting. fromView=0 segId=3 sn=71 toView=1
13:15:22.267 DBG Batch not preprepared. Not resurrecting. fromView=0 segId=1 sn=49 toView=1
13:15:22.267 DBG Batch not preprepared. Not resurrecting. fromView=0 segId=0 sn=48 toView=1
13:15:22.267 DBG Batch not preprepared. Not resurrecting. fromView=0 segId=3 sn=75 toView=1
13:15:22.267 DBG Batch not preprepared. Not resurrecting. fromView=0 segId=1 sn=53 toView=1
13:15:22.267 DBG Batch not preprepared. Not resurrecting. fromView=0 segId=0 sn=52 toView=1
13:15:22.267 DBG Batch not preprepared. Not resurrecting. fromView=0 segId=3 sn=79 toView=1
13:15:22.267 DBG Batch not preprepared. Not resurrecting. fromView=0 segId=1 sn=57 toView=1
13:15:22.267 DBG Batch not preprepared. Not resurrecting. fromView=0 segId=0 sn=56 toView=1
13:15:22.267 DBG Batch not preprepared. Not resurrecting. fromView=0 segId=3 sn=83 toView=1
13:15:22.267 DBG Batch not preprepared. Not resurrecting. fromView=0 segId=1 sn=61 toView=1
13:15:22.267 DBG Batch not preprepared. Not resurrecting. fromView=0 segId=0 sn=60 toView=1
13:15:22.268 DBG Batch not preprepared. Not resurrecting. fromView=0 segId=3 sn=87 toView=1
13:15:22.268 DBG Batch not preprepared. Not resurrecting. fromView=0 segId=1 sn=65 toView=1
13:15:22.268 DBG Batch not preprepared. Not resurrecting. fromView=0 segId=0 sn=64 toView=1
13:15:22.268 DBG Batch not preprepared. Not resurrecting. fromView=0 segId=3 sn=91 toView=1
13:15:22.268 DBG Batch not preprepared. Not resurrecting. fromView=0 segId=1 sn=69 toView=1
13:15:22.268 DBG Batch not preprepared. Not resurrecting. fromView=0 segId=0 sn=68 toView=1
13:15:22.268 DBG Batch not preprepared. Not resurrecting. fromView=0 segId=3 sn=95 toView=1
13:15:22.268 DBG Batch not preprepared. Not resurrecting. fromView=0 segId=1 sn=73 toView=1
13:15:22.268 DBG Batch not preprepared. Not resurrecting. fromView=0 segId=0 sn=72 toView=1
13:15:22.268 DBG Batch not preprepared. Not resurrecting. fromView=0 segId=3 sn=99 toView=1
13:15:22.268 DBG Batch not preprepared. Not resurrecting. fromView=0 segId=1 sn=77 toView=1
13:15:22.268 DBG Batch not preprepared. Not resurrecting. fromView=0 segId=0 sn=76 toView=1
13:15:22.268 DBG Batch not preprepared. Not resurrecting. fromView=0 segId=3 sn=103 toView=1
13:15:22.269 DBG Batch not preprepared. Not resurrecting. fromView=0 segId=1 sn=81 toView=1
13:15:22.269 DBG Batch not preprepared. Not resurrecting. fromView=0 segId=0 sn=80 toView=1
13:15:22.269 DBG Batch not preprepared. Not resurrecting. fromView=0 segId=3 sn=107 toView=1
13:15:22.269 DBG Batch not preprepared. Not resurrecting. fromView=0 segId=1 sn=85 toView=1
13:15:22.269 DBG Batch not preprepared. Not resurrecting. fromView=0 segId=0 sn=84 toView=1
13:15:22.269 DBG Batch not preprepared. Not resurrecting. fromView=0 segId=3 sn=111 toView=1
13:15:22.269 DBG Batch not preprepared. Not resurrecting. fromView=0 segId=1 sn=89 toView=1
13:15:22.269 DBG Batch not preprepared. Not resurrecting. fromView=0 segId=0 sn=88 toView=1
13:15:22.269 DBG Batch not preprepared. Not resurrecting. fromView=0 segId=3 sn=115 toView=1
13:15:22.269 DBG Batch not preprepared. Not resurrecting. fromView=0 segId=1 sn=93 toView=1
13:15:22.269 DBG Batch not preprepared. Not resurrecting. fromView=0 segId=0 sn=92 toView=1
13:15:22.269 DBG Batch not preprepared. Not resurrecting. fromView=0 segId=3 sn=119 toView=1
13:15:22.269 DBG Batch not preprepared. Not resurrecting. fromView=0 segId=1 sn=97 toView=1
13:15:22.269 DBG Batch not preprepared. Not resurrecting. fromView=0 segId=0 sn=96 toView=1
13:15:22.269 DBG Batch not preprepared. Not resurrecting. fromView=0 segId=3 sn=123 toView=1
13:15:22.270 DBG Batch not preprepared. Not resurrecting. fromView=0 segId=1 sn=101 toView=1
13:15:22.270 DBG Batch not preprepared. Not resurrecting. fromView=0 segId=0 sn=100 toView=1
13:15:22.270 DBG Batch not preprepared. Not resurrecting. fromView=0 segId=1 sn=105 toView=1
13:15:22.270 DBG Batch not preprepared. Not resurrecting. fromView=0 segId=3 sn=127 toView=1
13:15:22.270 DBG Batch not preprepared. Not resurrecting. fromView=0 segId=0 sn=104 toView=1
13:15:22.270 DBG Batch not preprepared. Not resurrecting. fromView=0 segId=1 sn=109 toView=1
13:15:22.270 DBG Batch not preprepared. Not resurrecting. fromView=0 segId=3 sn=131 toView=1
13:15:22.270 DBG Batch not preprepared. Not resurrecting. fromView=0 segId=0 sn=108 toView=1
13:15:22.270 DBG Batch not preprepared. Not resurrecting. fromView=0 segId=1 sn=113 toView=1
13:15:22.270 DBG Batch not preprepared. Not resurrecting. fromView=0 segId=3 sn=135 toView=1
13:15:22.270 DBG Batch not preprepared. Not resurrecting. fromView=0 segId=1 sn=117 toView=1
13:15:22.270 DBG Batch not preprepared. Not resurrecting. fromView=0 segId=0 sn=112 toView=1
13:15:22.271 DBG Batch not preprepared. Not resurrecting. fromView=0 segId=3 sn=139 toView=1
13:15:22.271 DBG Batch not preprepared. Not resurrecting. fromView=0 segId=1 sn=121 toView=1
13:15:22.271 DBG Batch not preprepared. Not resurrecting. fromView=0 segId=0 sn=116 toView=1
13:15:22.271 DBG Batch not preprepared. Not resurrecting. fromView=0 segId=3 sn=143 toView=1
13:15:22.271 DBG Batch not preprepared. Not resurrecting. fromView=0 segId=0 sn=120 toView=1
13:15:22.271 DBG Batch not preprepared. Not resurrecting. fromView=0 segId=1 sn=125 toView=1
13:15:22.271 DBG Batch not preprepared. Not resurrecting. fromView=0 segId=3 sn=147 toView=1
13:15:22.271 DBG Batch not preprepared. Not resurrecting. fromView=0 segId=0 sn=124 toView=1
13:15:22.271 DBG Batch not preprepared. Not resurrecting. fromView=0 segId=1 sn=129 toView=1
13:15:22.271 DBG Batch not preprepared. Not resurrecting. fromView=0 segId=3 sn=151 toView=1
13:15:22.271 DBG Batch not preprepared. Not resurrecting. fromView=0 segId=0 sn=128 toView=1
13:15:22.271 DBG Batch not preprepared. Not resurrecting. fromView=0 segId=1 sn=133 toView=1
13:15:22.271 DBG Batch not preprepared. Not resurrecting. fromView=0 segId=3 sn=155 toView=1
13:15:22.272 DBG Batch not preprepared. Not resurrecting. fromView=0 segId=0 sn=132 toView=1
13:15:22.272 DBG Batch not preprepared. Not resurrecting. fromView=0 segId=1 sn=137 toView=1
13:15:22.272 DBG Batch not preprepared. Not resurrecting. fromView=0 segId=3 sn=159 toView=1
13:15:22.272 DBG Batch not preprepared. Not resurrecting. fromView=0 segId=0 sn=136 toView=1
13:15:22.272 DBG Batch not preprepared. Not resurrecting. fromView=0 segId=1 sn=141 toView=1
13:15:22.272 DBG Batch not preprepared. Not resurrecting. fromView=0 segId=3 sn=163 toView=1
13:15:22.272 DBG Batch not preprepared. Not resurrecting. fromView=0 segId=0 sn=140 toView=1
13:15:22.272 DBG Batch not preprepared. Not resurrecting. fromView=0 segId=1 sn=145 toView=1
13:15:22.272 DBG Batch not preprepared. Not resurrecting. fromView=0 segId=3 sn=167 toView=1
13:15:22.272 DBG Batch not preprepared. Not resurrecting. fromView=0 segId=0 sn=144 toView=1
13:15:22.272 DBG Batch not preprepared. Not resurrecting. fromView=0 segId=1 sn=149 toView=1
13:15:22.272 DBG Batch not preprepared. Not resurrecting. fromView=0 segId=3 sn=171 toView=1
13:15:22.272 DBG Batch not preprepared. Not resurrecting. fromView=0 segId=0 sn=148 toView=1
13:15:22.272 DBG Batch not preprepared. Not resurrecting. fromView=0 segId=1 sn=153 toView=1
13:15:22.272 DBG Batch not preprepared. Not resurrecting. fromView=0 segId=3 sn=175 toView=1
13:15:22.272 DBG Batch not preprepared. Not resurrecting. fromView=0 segId=0 sn=152 toView=1
13:15:22.273 DBG Batch not preprepared. Not resurrecting. fromView=0 segId=1 sn=157 toView=1
13:15:22.273 DBG Batch not preprepared. Not resurrecting. fromView=0 segId=3 sn=179 toView=1
13:15:22.273 DBG Batch not preprepared. Not resurrecting. fromView=0 segId=0 sn=156 toView=1
13:15:22.273 DBG Batch not preprepared. Not resurrecting. fromView=0 segId=1 sn=161 toView=1
13:15:22.273 DBG Batch not preprepared. Not resurrecting. fromView=0 segId=3 sn=183 toView=1
13:15:22.273 DBG Batch not preprepared. Not resurrecting. fromView=0 segId=0 sn=160 toView=1
13:15:22.273 DBG Batch not preprepared. Not resurrecting. fromView=0 segId=1 sn=165 toView=1
13:15:22.273 DBG Batch not preprepared. Not resurrecting. fromView=0 segId=3 sn=187 toView=1
13:15:22.273 DBG Batch not preprepared. Not resurrecting. fromView=0 segId=0 sn=164 toView=1
13:15:22.273 DBG Batch not preprepared. Not resurrecting. fromView=0 segId=1 sn=169 toView=1
13:15:22.273 DBG Batch not preprepared. Not resurrecting. fromView=0 segId=3 sn=191 toView=1
13:15:22.273 DBG Batch not preprepared. Not resurrecting. fromView=0 segId=0 sn=168 toView=1
13:15:22.273 DBG Batch not preprepared. Not resurrecting. fromView=0 segId=1 sn=173 toView=1
13:15:22.274 DBG Batch not preprepared. Not resurrecting. fromView=0 segId=3 sn=195 toView=1
13:15:22.274 DBG Batch not preprepared. Not resurrecting. fromView=0 segId=0 sn=172 toView=1
13:15:22.274 DBG Batch not preprepared. Not resurrecting. fromView=0 segId=1 sn=177 toView=1
13:15:22.274 DBG Batch not preprepared. Not resurrecting. fromView=0 segId=3 sn=199 toView=1
13:15:22.274 DBG Batch not preprepared. Not resurrecting. fromView=0 segId=0 sn=176 toView=1
13:15:22.274 DBG Batch not preprepared. Not resurrecting. fromView=0 segId=1 sn=181 toView=1
13:15:22.274 DBG Batch not preprepared. Not resurrecting. fromView=0 segId=3 sn=203 toView=1
13:15:22.274 DBG Batch not preprepared. Not resurrecting. fromView=0 segId=0 sn=180 toView=1
13:15:22.274 DBG Batch not preprepared. Not resurrecting. fromView=0 segId=1 sn=185 toView=1
13:15:22.274 DBG Batch not preprepared. Not resurrecting. fromView=0 segId=3 sn=207 toView=1
13:15:22.274 DBG Batch not preprepared. Not resurrecting. fromView=0 segId=0 sn=184 toView=1
13:15:22.274 DBG Batch not preprepared. Not resurrecting. fromView=0 segId=1 sn=189 toView=1
13:15:22.274 DBG Batch not preprepared. Not resurrecting. fromView=0 segId=3 sn=211 toView=1
13:15:22.274 DBG Batch not preprepared. Not resurrecting. fromView=0 segId=0 sn=188 toView=1
13:15:22.275 DBG Batch not preprepared. Not resurrecting. fromView=0 segId=1 sn=193 toView=1
13:15:22.275 DBG Batch not preprepared. Not resurrecting. fromView=0 segId=3 sn=215 toView=1
13:15:22.275 DBG Batch not preprepared. Not resurrecting. fromView=0 segId=0 sn=192 toView=1
13:15:22.275 DBG Batch not preprepared. Not resurrecting. fromView=0 segId=1 sn=197 toView=1
13:15:22.275 DBG Batch not preprepared. Not resurrecting. fromView=0 segId=1 sn=201 toView=1
13:15:22.275 DBG Batch not preprepared. Not resurrecting. fromView=0 segId=3 sn=219 toView=1
13:15:22.275 DBG Batch not preprepared. Not resurrecting. fromView=0 segId=0 sn=196 toView=1
13:15:22.275 DBG Batch not preprepared. Not resurrecting. fromView=0 segId=1 sn=205 toView=1
13:15:22.275 DBG Batch not preprepared. Not resurrecting. fromView=0 segId=3 sn=223 toView=1
13:15:22.275 DBG Batch not preprepared. Not resurrecting. fromView=0 segId=0 sn=200 toView=1
13:15:22.275 DBG Batch not preprepared. Not resurrecting. fromView=0 segId=1 sn=209 toView=1
13:15:22.275 DBG Batch not preprepared. Not resurrecting. fromView=0 segId=3 sn=227 toView=1
13:15:22.275 DBG Batch not preprepared. Not resurrecting. fromView=0 segId=0 sn=204 toView=1
13:15:22.276 DBG Batch not preprepared. Not resurrecting. fromView=0 segId=1 sn=213 toView=1
13:15:22.276 DBG Batch not preprepared. Not resurrecting. fromView=0 segId=3 sn=231 toView=1
13:15:22.276 DBG Batch not preprepared. Not resurrecting. fromView=0 segId=0 sn=208 toView=1
13:15:22.276 DBG Batch not preprepared. Not resurrecting. fromView=0 segId=1 sn=217 toView=1
13:15:22.276 DBG Batch not preprepared. Not resurrecting. fromView=0 segId=3 sn=235 toView=1
13:15:22.276 DBG Batch not preprepared. Not resurrecting. fromView=0 segId=0 sn=212 toView=1
13:15:22.276 DBG Batch not preprepared. Not resurrecting. fromView=0 segId=1 sn=221 toView=1
13:15:22.276 DBG Batch not preprepared. Not resurrecting. fromView=0 segId=3 sn=239 toView=1
13:15:22.276 DBG Batch not preprepared. Not resurrecting. fromView=0 segId=0 sn=216 toView=1
13:15:22.276 DBG Batch not preprepared. Not resurrecting. fromView=0 segId=1 sn=225 toView=1
13:15:22.276 DBG Batch not preprepared. Not resurrecting. fromView=0 segId=3 sn=243 toView=1
13:15:22.276 DBG Batch not preprepared. Not resurrecting. fromView=0 segId=0 sn=220 toView=1
13:15:22.276 DBG Batch not preprepared. Not resurrecting. fromView=0 segId=1 sn=229 toView=1
13:15:22.277 DBG Batch not preprepared. Not resurrecting. fromView=0 segId=3 sn=247 toView=1
13:15:22.277 DBG Batch not preprepared. Not resurrecting. fromView=0 segId=0 sn=224 toView=1
13:15:22.277 DBG Batch not preprepared. Not resurrecting. fromView=0 segId=1 sn=233 toView=1
13:15:22.277 DBG Batch not preprepared. Not resurrecting. fromView=0 segId=3 sn=251 toView=1
13:15:22.277 DBG Batch not preprepared. Not resurrecting. fromView=0 segId=0 sn=228 toView=1
13:15:22.277 DBG Batch not preprepared. Not resurrecting. fromView=0 segId=1 sn=237 toView=1
13:15:22.277 DBG Batch not preprepared. Not resurrecting. fromView=0 segId=3 sn=255 toView=1
13:15:22.277 DBG Batch not preprepared. Not resurrecting. fromView=0 segId=0 sn=232 toView=1
13:15:22.277 DBG Batch not preprepared. Not resurrecting. fromView=0 segId=1 sn=241 toView=1
13:15:22.277 DBG Batch not preprepared. Not resurrecting. fromView=0 segId=0 sn=236 toView=1
13:15:22.277 INF Requesting VIEWCHANGE. receiverID=0 segID=3 senderID=2 view=1
13:15:22.277 DBG Batch not preprepared. Not resurrecting. fromView=0 segId=1 sn=245 toView=1
13:15:22.277 DBG Batch not preprepared. Not resurrecting. fromView=0 segId=0 sn=240 toView=1
13:15:22.278 DBG Batch not preprepared. Not resurrecting. fromView=0 segId=1 sn=249 toView=1
13:15:22.278 DBG Batch not preprepared. Not resurrecting. fromView=0 segId=0 sn=244 toView=1
13:15:22.278 DBG Batch not preprepared. Not resurrecting. fromView=0 segId=1 sn=253 toView=1
13:15:22.278 DBG Batch not preprepared. Not resurrecting. fromView=0 segId=0 sn=248 toView=1
13:15:22.278 DBG Batch not preprepared. Not resurrecting. fromView=0 segId=0 sn=252 toView=1
13:15:22.278 INF Requesting VIEWCHANGE. receiverID=2 segID=1 senderID=2 view=1
13:15:22.278 INF Requesting VIEWCHANGE. receiverID=1 segID=0 senderID=2 view=1
13:15:22.278 DBG Adding view change message. currentView=1 msgView=1 numViewChanges=1
13:15:23.261 DBG Batch ready. batchSize=4096
13:15:23.261 DBG Waiting for batch. batchSize=4096
13:15:25.261 DBG Batch ready. batchSize=4096
13:15:25.261 DBG Waiting for batch. batchSize=4096
13:15:27.260 DBG Batch ready. batchSize=4096
13:15:27.260 DBG Waiting for batch. batchSize=4096
13:15:29.259 DBG Batch ready. batchSize=4096
13:15:29.259 DBG Waiting for batch. batchSize=4096
13:15:31.258 DBG Batch ready. batchSize=4096
13:15:31.258 DBG Waiting for batch. batchSize=4096
13:15:33.256 DBG Batch ready. batchSize=4096
13:15:33.256 DBG Waiting for batch. batchSize=4096
13:15:35.256 DBG Batch ready. batchSize=4096
13:15:35.256 DBG Waiting for batch. batchSize=4096
13:15:37.255 DBG Batch ready. batchSize=4096
13:15:37.256 DBG Waiting for batch. batchSize=4096
13:15:39.254 DBG Batch ready. batchSize=4096
13:15:39.254 DBG Waiting for batch. batchSize=4096
13:15:41.253 DBG Batch ready. batchSize=4096
13:15:41.253 DBG Waiting for batch. batchSize=4096
13:15:43.252 DBG Batch ready. batchSize=4096
13:15:43.252 DBG Waiting for batch. batchSize=4096
13:15:45.251 DBG Batch ready. batchSize=4096
13:15:45.251 DBG Waiting for batch. batchSize=4096
13:15:47.250 DBG Batch ready. batchSize=4096
13:15:47.250 DBG Waiting for batch. batchSize=4096
13:15:49.249 DBG Batch ready. batchSize=4096
13:15:49.249 DBG Waiting for batch. batchSize=4096
13:15:51.249 DBG Batch ready. batchSize=4096
13:15:51.249 DBG Waiting for batch. batchSize=4096
13:15:53.247 DBG Batch ready. batchSize=4096
13:15:53.248 DBG Waiting for batch. batchSize=4096
13:15:55.247 DBG Batch ready. batchSize=4096
13:15:55.247 DBG Waiting for batch. batchSize=4096
13:15:57.245 DBG Batch ready. batchSize=4096
13:15:57.245 DBG Waiting for batch. batchSize=4096
13:15:59.244 DBG Batch ready. batchSize=4096
13:15:59.245 DBG Waiting for batch. batchSize=4096
13:16:01.244 DBG Batch ready. batchSize=4096
13:16:01.244 DBG Waiting for batch. batchSize=4096
13:16:03.243 DBG Batch ready. batchSize=4096
13:16:03.243 DBG Waiting for batch. batchSize=4096
13:16:05.242 DBG Batch ready. batchSize=4096
13:16:05.242 DBG Waiting for batch. batchSize=4096
13:16:07.241 DBG Batch ready. batchSize=4096
13:16:07.241 DBG Waiting for batch. batchSize=4096
13:16:09.240 DBG Batch ready. batchSize=4096
13:16:09.240 DBG Waiting for batch. batchSize=4096
13:16:11.239 DBG Batch ready. batchSize=4096
13:16:11.240 DBG Waiting for batch. batchSize=4096
13:16:13.298 DBG Batch ready. batchSize=4096
13:16:13.299 DBG Waiting for batch. batchSize=4096
13:16:15.297 DBG Batch ready. batchSize=4096
13:16:15.297 DBG Waiting for batch. batchSize=4096
13:16:17.296 DBG Batch ready. batchSize=4096
13:16:17.297 DBG Waiting for batch. batchSize=4096
13:16:19.296 DBG Batch ready. batchSize=4096
13:16:19.296 DBG Waiting for batch. batchSize=4096
13:16:21.295 DBG Batch ready. batchSize=4096
13:16:21.295 DBG Waiting for batch. batchSize=4096
13:16:23.295 DBG Batch ready. batchSize=4096
13:16:23.295 DBG Waiting for batch. batchSize=4096
13:16:25.293 DBG Batch ready. batchSize=4096
13:16:25.294 DBG Waiting for batch. batchSize=4096
13:16:27.292 DBG Batch ready. batchSize=4096
13:16:27.293 DBG Waiting for batch. batchSize=4096
13:16:29.291 DBG Batch ready. batchSize=4096
13:16:46.399 INF Stopping profiler.
13:16:46.400 INF Stopping Tracer. events=326 fileName=experiment-output/0000/slave-004/peer.trc
==================
WARNING: DATA RACE
Read at 0x00c00092a028 by goroutine 115:
  runtime.racereadrange()
      <autogenerated>:1 +0x1b
  github.com/hyperledger-labs/mirbft/tracing.(*BufferedTrace).StopOnSignal.func1()
      /opt/gopath/src/github.com/hyperledger-labs/mirbft/tracing/bufferedtrace.go:298 +0x4e

Previous write at 0x00c00092a028 by goroutine 414:
  github.com/hyperledger-labs/mirbft/tracing.(*BufferedTrace).Event()
      /opt/gopath/src/github.com/hyperledger-labs/mirbft/tracing/bufferedtrace.go:105 +0x2d9
  github.com/hyperledger-labs/mirbft/manager.(*MirManager).handleLogEntries()
      /opt/gopath/src/github.com/hyperledger-labs/mirbft/manager/mirmanager.go:139 +0x1d8
  github.com/hyperledger-labs/mirbft/manager.(*MirManager).Start·dwrap·7()
      /opt/gopath/src/github.com/hyperledger-labs/mirbft/manager/mirmanager.go:101 +0x47

Goroutine 115 (running) created at:
  github.com/hyperledger-labs/mirbft/tracing.(*BufferedTrace).StopOnSignal()
      /opt/gopath/src/github.com/hyperledger-labs/mirbft/tracing/bufferedtrace.go:292 +0x172
  main.setUpTracing()
      /opt/gopath/src/github.com/hyperledger-labs/mirbft/cmd/orderingpeer/main.go:204 +0xf5
  main.main()
      /opt/gopath/src/github.com/hyperledger-labs/mirbft/cmd/orderingpeer/main.go:98 +0x9d6

Goroutine 414 (running) created at:
  github.com/hyperledger-labs/mirbft/manager.(*MirManager).Start()
      /opt/gopath/src/github.com/hyperledger-labs/mirbft/manager/mirmanager.go:101 +0x19e
  main.main·dwrap·4()
      /opt/gopath/src/github.com/hyperledger-labs/mirbft/cmd/orderingpeer/main.go:168 +0x59
==================
==================
WARNING: DATA RACE
Read at 0x00c00092d2c8 by goroutine 115:
  runtime.racereadrange()
      <autogenerated>:1 +0x1b
  github.com/hyperledger-labs/mirbft/tracing.(*BufferedTrace).StopOnSignal.func1()
      /opt/gopath/src/github.com/hyperledger-labs/mirbft/tracing/bufferedtrace.go:298 +0x4e

Previous write at 0x00c00092d2c8 by goroutine 114:
  github.com/hyperledger-labs/mirbft/tracing.(*BufferedTrace).Event()
      /opt/gopath/src/github.com/hyperledger-labs/mirbft/tracing/bufferedtrace.go:105 +0x2d9
  github.com/hyperledger-labs/mirbft/profiling.StartCPUTracing.func1()
      /opt/gopath/src/github.com/hyperledger-labs/mirbft/profiling/cpuusage.go:31 +0x95

Goroutine 115 (running) created at:
  github.com/hyperledger-labs/mirbft/tracing.(*BufferedTrace).StopOnSignal()
      /opt/gopath/src/github.com/hyperledger-labs/mirbft/tracing/bufferedtrace.go:292 +0x172
  main.setUpTracing()
      /opt/gopath/src/github.com/hyperledger-labs/mirbft/cmd/orderingpeer/main.go:204 +0xf5
  main.main()
      /opt/gopath/src/github.com/hyperledger-labs/mirbft/cmd/orderingpeer/main.go:98 +0x9d6

Goroutine 114 (running) created at:
  github.com/hyperledger-labs/mirbft/profiling.StartCPUTracing()
      /opt/gopath/src/github.com/hyperledger-labs/mirbft/profiling/cpuusage.go:28 +0xb6
  main.setUpTracing()
      /opt/gopath/src/github.com/hyperledger-labs/mirbft/cmd/orderingpeer/main.go:196 +0x85
  main.main()
      /opt/gopath/src/github.com/hyperledger-labs/mirbft/cmd/orderingpeer/main.go:98 +0x9d6
==================
13:16:46.407 INF Trace data written.
13:16:46.549 INF Profile data written. filename=experiment-output/0000/slave-004/prof.cpu name=cpu
13:16:46.612 INF Profile data written. filename=experiment-output/0000/slave-004/prof.block name=block
13:16:46.639 INF Profile data written. filename=experiment-output/0000/slave-004/prof.mutex name=mutex
