8:48AM INF Received own slave ID. ownSlaveId=1
8:48AM INF OK status=0
8:48AM INF Received command. cmdId=3
8:48AM INF Received an ExecStart command args="[-p experiment-output/0000/slave-__id__/config]" cmd=mkdir outFile=/dev/null
8:48AM INF OK status=0
8:48AM INF Received command. cmdId=4
8:48AM INF Received command. cmdType=ExecWait
8:48AM INF OK status=0
8:48AM INF Received command. cmdId=7
8:48AM INF Received an ExecStart command args="[config/config-0000.yml experiment-output/0000/slave-__id__/config/config.yml]" cmd=cp outFile=/dev/null
8:48AM INF OK status=0
8:48AM INF Received command. cmdId=8
8:48AM INF Received command. cmdType=ExecWait
8:48AM INF OK status=0
8:48AM INF Received command. cmdId=10
8:48AM INF Received command. cmdType=Noop
8:48AM INF Noop. Doing nothing. status=088:48AM INF Received command. cmdId=15
8:48AM INF Received an ExecStart command args="[experiment-output/0000/slave-__id__/config/config.yml 127.0.0.1:9999 experiment-output/0000/slave-__id__/client experiment-output/0000/slave-__id__/prof-client]" cmd=orderingclient outFile=experiment-output/0000/slave-__id__/clients.log
8:48AM INF OK status=0
8:48AM IN8:49AM INF Received command. cmdId=18
8:49AM INF Received command. cmdType=ExecSignal
8:49AM INF OK status=0
8:49AM INF Received command. cmdId=23
8:49AM INF Received command. cmdType=Stop
Noop. Doing nothing. status=0
8:49AM INF Received command. cmdId=23
8:49AM INF Received command. cmdType=Stop
