{"level":"debug","Logging":"debug","time":"2022-08-17T11:52:03+08:00","message":"Config"}
{"level":"debug","UseTLS":false,"time":"2022-08-17T11:52:03+08:00","message":"Config"}
{"level":"debug","CACertFile":"tls-data/ca.pem","time":"2022-08-17T11:52:03+08:00","message":"Config"}
{"level":"debug","KeyFile":"tls-data/auth.key","time":"2022-08-17T11:52:03+08:00","message":"Config"}
{"level":"debug","CertFile":"tls-data/auth.pem","time":"2022-08-17T11:52:03+08:00","message":"Config"}
{"level":"debug","PriorityConnections":2,"time":"2022-08-17T11:52:03+08:00","message":"Config"}
{"level":"debug","BasicConnections":4,"time":"2022-08-17T11:52:03+08:00","message":"Config"}
{"level":"debug","TestConnections":false,"time":"2022-08-17T11:52:03+08:00","message":"Config"}
{"level":"debug","ExcessConnections":1,"time":"2022-08-17T11:52:03+08:00","message":"Config"}
{"level":"debug","ConnectionTestMsgs":4,"time":"2022-08-17T11:52:03+08:00","message":"Config"}
{"level":"debug","ConnectionTestPayload":131072,"time":"2022-08-17T11:52:03+08:00","message":"Config"}
{"level":"debug","OutMessageBufsize":1024,"time":"2022-08-17T11:52:03+08:00","message":"Config"}
{"level":"debug","OutMessageBufsize":1,"time":"2022-08-17T11:52:03+08:00","message":"Config"}
{"level":"debug","ThroughputCap":131072000,"time":"2022-08-17T11:52:03+08:00","message":"Config"}
{"level":"debug","StragglerTolerance":1000,"time":"2022-08-17T11:52:03+08:00","message":"Config"}
{"level":"debug","BatchSizeIncrement":256,"time":"2022-08-17T11:52:03+08:00","message":"Config"}
{"level":"debug","Orderer":"Pbft","time":"2022-08-17T11:52:03+08:00","message":"Config"}
{"level":"debug","Manager":"Mir","time":"2022-08-17T11:52:03+08:00","message":"Config"}
{"level":"debug","Failures":2,"time":"2022-08-17T11:52:03+08:00","message":"Config"}
{"level":"debug","CrashTiming":"Straggler","time":"2022-08-17T11:52:03+08:00","message":"Config"}
{"level":"debug","CheckpointInterval":256,"time":"2022-08-17T11:52:03+08:00","message":"Config"}
{"level":"debug","WatermarkWindowSize":256,"time":"2022-08-17T11:52:03+08:00","message":"Config"}
{"level":"debug","EpochLength":256,"time":"2022-08-17T11:52:03+08:00","message":"Config"}
{"level":"debug","SegmentLength":64,"time":"2022-08-17T11:52:03+08:00","message":"Config"}
{"level":"debug","WaitForCheckpoints":true,"time":"2022-08-17T11:52:03+08:00","message":"Config"}
{"level":"debug","ClientWatermarkWindowSize":4194304,"time":"2022-08-17T11:52:03+08:00","message":"Config"}
{"level":"debug","ClientRequestBacklogSize":4194304,"time":"2022-08-17T11:52:03+08:00","message":"Config"}
{"level":"debug","RandomSeed":2670,"time":"2022-08-17T11:52:03+08:00","message":"Config"}
{"level":"debug","NodeToLeaderRatio":1,"time":"2022-08-17T11:52:03+08:00","message":"Config"}
{"level":"debug","LeaderPolicy":"SimulatedRandomFailures","time":"2022-08-17T11:52:03+08:00","message":"Config"}
{"level":"debug","DefaultLeaderBan":2,"time":"2022-08-17T11:52:03+08:00","message":"Config"}
{"level":"debug","NumBuckets":64,"time":"2022-08-17T11:52:03+08:00","message":"Config"}
{"level":"debug","BatchSize":1000,"time":"2022-08-17T11:52:03+08:00","message":"Config"}
{"level":"debug","DisabledViewChange":false,"time":"2022-08-17T11:52:03+08:00","message":"Config"}
{"level":"debug","ViewChangeTimeout":60000,"time":"2022-08-17T11:52:03+08:00","message":"Config"}
{"level":"debug","ClientTraceSampling":10,"time":"2022-08-17T11:52:03+08:00","message":"Config"}
{"level":"debug","EventBufferSize":2097152,"time":"2022-08-17T11:52:03+08:00","message":"Config"}
{"level":"debug","TraceSampling":1,"time":"2022-08-17T11:52:03+08:00","message":"Config"}
{"level":"debug","ClientsPerProcess":1,"time":"2022-08-17T11:52:03+08:00","message":"Config"}
{"level":"debug","RequestsPerClient":15360,"time":"2022-08-17T11:52:03+08:00","message":"Config"}
{"level":"debug","ClientRunTime":30000,"time":"2022-08-17T11:52:03+08:00","message":"Config"}
{"level":"debug","RequestRate":256,"time":"2022-08-17T11:52:03+08:00","message":"Config"}
{"level":"debug","HardRequestRateLimit":false,"time":"2022-08-17T11:52:03+08:00","message":"Config"}
{"level":"debug","RequestPayloadSize":500,"time":"2022-08-17T11:52:03+08:00","message":"Config"}
{"level":"debug","SignRequests":true,"time":"2022-08-17T11:52:03+08:00","message":"Config"}
{"level":"debug","ClientPrivKeyFile":"tls-data/client-ecdsa-256.key","time":"2022-08-17T11:52:03+08:00","message":"Config"}
{"level":"debug","ClientPubKeyFile":"tls-data/client-ecdsa-256.pem","time":"2022-08-17T11:52:03+08:00","message":"Config"}
{"level":"debug","PrecomputeRequests":false,"time":"2022-08-17T11:52:03+08:00","message":"Config"}
{"level":"debug","RequestHandlerThreads":32,"time":"2022-08-17T11:52:03+08:00","message":"Config"}
{"level":"debug","RequestInputChannelBuffer":8192,"time":"2022-08-17T11:52:03+08:00","message":"Config"}
{"level":"debug","BatchVerifier":"external","time":"2022-08-17T11:52:03+08:00","message":"Config"}
03:52:03.058 INF Registered with discovery server. numPeers=4 ownID=0
03:52:03.059 INF Profiling enabled.
03:52:03.059 INF Setting up profiling.
03:52:03.059 INF Started Profiler: CPU
03:52:03.059 INF Started Profiler: BLOCK
03:52:03.059 INF Started Profiler: MUTEX
03:52:03.059 INF Profiler will stop on signal. exit=true
03:52:03.061 INF Tracing will stop on signal. exit=false
03:52:03.062 INF Started tracing. traceFile=experiment-output/0003/slave-002/peer.trc
03:52:03.063 DBG Starting backlog.
03:52:03.063 INF Listening for connections. port=10000 useTLS=false
03:52:03.063 INF Connecting to peer. addr=127.0.0.1:10000 basicConns=4 priorityConns=2
03:52:03.063 INF Connecting to peer. addr=127.0.0.1:10033 basicConns=4 priorityConns=2
03:52:03.063 INF Connecting to peer. addr=127.0.0.1:10011 basicConns=4 priorityConns=2
03:52:03.063 INF Connecting to peer. addr=127.0.0.1:10022 basicConns=4 priorityConns=2
03:52:03.080 INF Incoming connection for protocol messages. addr=127.0.0.1:49000
03:52:03.086 INF Incoming connection for protocol messages. addr=127.0.0.1:49008
03:52:03.090 INF Incoming connection for protocol messages. addr=127.0.0.1:49012
03:52:03.090 INF Incoming connection for protocol messages. addr=127.0.0.1:49072
03:52:03.091 INF Incoming connection for protocol messages. addr=127.0.0.1:49074
03:52:03.092 INF Incoming connection for protocol messages. addr=127.0.0.1:49036
03:52:03.092 INF Incoming connection for protocol messages. addr=127.0.0.1:49092
03:52:03.093 INF Incoming connection for protocol messages. addr=127.0.0.1:49096
03:52:03.093 INF Incoming connection for protocol messages. addr=127.0.0.1:49084
03:52:03.094 INF Incoming connection for protocol messages. addr=127.0.0.1:49094
03:52:03.094 INF Incoming connection for protocol messages. addr=127.0.0.1:49066
03:52:03.095 INF Incoming connection for protocol messages. addr=127.0.0.1:49100
03:52:03.096 INF Incoming connection for protocol messages. addr=127.0.0.1:49112
03:52:03.097 INF Incoming connection for protocol messages. addr=127.0.0.1:49114
03:52:03.098 DBG Connected. peerID=3
03:52:03.098 INF Incoming connection for protocol messages. addr=127.0.0.1:49140
03:52:03.098 INF Incoming connection for protocol messages. addr=127.0.0.1:49122
03:52:03.099 INF Incoming connection for protocol messages. addr=127.0.0.1:49154
03:52:03.099 INF Incoming connection for protocol messages. addr=127.0.0.1:49158
03:52:03.100 DBG Connected. peerID=0
03:52:03.100 INF Incoming connection for protocol messages. addr=127.0.0.1:49144
03:52:03.100 INF Incoming connection for protocol messages. addr=127.0.0.1:49174
03:52:03.100 DBG Connected. peerID=2
03:52:03.101 INF Incoming connection for protocol messages. addr=127.0.0.1:49156
03:52:03.101 INF Incoming connection for protocol messages. addr=127.0.0.1:49180
03:52:03.101 INF Incoming connection for protocol messages. addr=127.0.0.1:49184
03:52:03.101 INF Incoming connection for protocol messages. addr=127.0.0.1:49178
03:52:03.103 DBG Connected. peerID=1
03:52:03.103 INF Connected to all peers.
03:52:03.108 INF All peers finished connecting. Starting ISS.
03:52:03.108 DBG Buckets for 0-th leader 0: [0 4 8 12 16 20 24 28 32 36 40 44 48 52 56 60 2 6 10 14 18 22 26 30 34 38 42 46 50 54 58 62]
03:52:03.108 DBG Buckets for 1-th leader 1: [1 5 9 13 17 21 25 29 33 37 41 45 49 53 57 61 3 7 11 15 19 23 27 31 35 39 43 47 51 55 59 63]
03:52:03.109 INF PbftOrderer received a new segment: [0 2 4 6 8 10 12 14 16 18 20 22 24 26 28 30 32 34 36 38 40 42 44 46 48 50 52 54 56 58 60 62 64 66 68 70 72 74 76 78 80 82 84 86 88 90 92 94 96 98 100 102 104 106 108 110 112 114 116 118 120 122 124 126] first leader=0 firstSN=0 lastSN=126 len=64 length=64 segId=0
03:52:03.109 INF Starting new view. segID=0 timeout=60000 view=0
03:52:03.109 DBG Starting timer. sn=0 view=0
03:52:03.110 INF Starting PBFT instance. first=0 last=126 segID=0
03:52:03.110 DBG Subscribing to backlog. segID=0
03:52:03.110 DBG Leading segment. segID=0
03:52:03.110 INF Starting serialized message processing. segID=0
03:52:03.110 DBG Waiting for batch. batchSize=4096
03:52:03.110 INF PbftOrderer received a new segment: [1 3 5 7 9 11 13 15 17 19 21 23 25 27 29 31 33 35 37 39 41 43 45 47 49 51 53 55 57 59 61 63 65 67 69 71 73 75 77 79 81 83 85 87 89 91 93 95 97 99 101 103 105 107 109 111 113 115 117 119 121 123 125 127] first leader=1 firstSN=1 lastSN=127 len=64 length=64 segId=1
03:52:03.110 INF Starting new view. segID=1 timeout=60000 view=0
03:52:03.111 DBG Starting timer. sn=1 view=0
03:52:03.111 INF Starting PBFT instance. first=1 last=127 segID=1
03:52:03.111 DBG Subscribing to backlog. segID=1
03:52:03.111 INF Starting serialized message processing. segID=1
03:52:03.132 INF Connection terminated. error="rpc error: code = Canceled desc = context canceled" address=127.0.0.1:49158
03:52:03.133 INF Connection terminated. error="rpc error: code = Canceled desc = context canceled" address=127.0.0.1:49114
03:52:03.132 INF Connection terminated. error="rpc error: code = Canceled desc = context canceled" address=127.0.0.1:49154
03:52:03.133 INF Connection terminated. error="rpc error: code = Canceled desc = context canceled" address=127.0.0.1:49100
03:52:03.133 INF Connection terminated. error="rpc error: code = Canceled desc = context canceled" address=127.0.0.1:49072
03:52:03.133 INF Connection terminated. error="rpc error: code = Canceled desc = context canceled" address=127.0.0.1:49074
03:52:03.133 INF Connection terminated. error="rpc error: code = Canceled desc = context canceled" address=127.0.0.1:49092
03:52:03.133 INF Connection terminated. error="rpc error: code = Canceled desc = context canceled" address=127.0.0.1:49000
03:52:03.133 INF Connection terminated. error="rpc error: code = Canceled desc = context canceled" address=127.0.0.1:49066
03:52:03.133 INF Connection terminated. error="rpc error: code = Canceled desc = context canceled" address=127.0.0.1:49008
03:52:03.134 INF Connection terminated. error="rpc error: code = Canceled desc = context canceled" address=127.0.0.1:49112
03:52:03.134 INF Connection terminated. error="rpc error: code = Canceled desc = context canceled" address=127.0.0.1:49174
03:52:04.111 DBG Batch ready. batchSize=4096
03:52:04.112 DBG Batch cut. left=0 nBuckets=32 nReq=0 next=0
03:52:04.112 INF Sending PREPREPARE. nReq=0 senderID=0 sn=0 view=0
03:52:04.112 DBG Waiting for batch. batchSize=4096
03:52:04.115 ERR Failed to send protocol message. Dropping all future outgoing protocol messages. error=EOF
03:52:04.115 ERR Failed to send protocol message. Dropping all future outgoing protocol messages. error=EOF
03:52:04.116 INF Handling PREPREPARE. nReq=0 senderID=1 sn=1
03:52:04.116 DBG Creating new Batch. nReq=0
03:52:04.116 DBG Sending PREPARE. senderID=0 sn=1 view=0
03:52:05.113 DBG Batch ready. batchSize=4096
03:52:05.114 DBG Batch cut. left=0 nBuckets=32 nReq=0 next=0
03:52:05.114 INF Sending PREPREPARE. nReq=0 senderID=0 sn=2 view=0
03:52:05.114 DBG Waiting for batch. batchSize=4096
03:52:05.114 INF Handling PREPREPARE. nReq=0 senderID=1 sn=3
03:52:05.114 DBG Creating new Batch. nReq=0
03:52:05.115 DBG Sending PREPARE. senderID=0 sn=3 view=0
03:52:05.141 INF Incoming connection for requests. addr=127.0.0.1:49198
03:52:06.115 DBG Batch ready. batchSize=4096
03:52:06.116 DBG Batch cut. left=0 nBuckets=32 nReq=124 next=0
03:52:06.116 DBG Waiting for batch. batchSize=4096
03:52:06.121 INF Sending PREPREPARE. nReq=124 senderID=0 sn=4 view=0
03:52:06.131 INF Handling PREPREPARE. nReq=123 senderID=1 sn=5
03:52:06.131 DBG Creating new Batch. nReq=123
03:52:06.142 DBG Sending PREPARE. senderID=0 sn=5 view=0
03:52:07.117 DBG Batch ready. batchSize=4096
03:52:07.118 DBG Batch cut. left=0 nBuckets=32 nReq=128 next=0
03:52:07.119 DBG Waiting for batch. batchSize=4096
03:52:07.120 INF Sending PREPREPARE. nReq=128 senderID=0 sn=6 view=0
03:52:07.131 INF Handling PREPREPARE. nReq=128 senderID=1 sn=7
03:52:07.131 DBG Creating new Batch. nReq=128
03:52:07.142 DBG Sending PREPARE. senderID=0 sn=7 view=0
03:52:08.120 DBG Batch ready. batchSize=4096
03:52:08.120 DBG Batch cut. left=0 nBuckets=32 nReq=128 next=0
03:52:08.120 DBG Waiting for batch. batchSize=4096
03:52:08.122 INF Sending PREPREPARE. nReq=128 senderID=0 sn=8 view=0
03:52:08.131 INF Handling PREPREPARE. nReq=128 senderID=1 sn=9
03:52:08.131 DBG Creating new Batch. nReq=128
03:52:08.142 DBG Sending PREPARE. senderID=0 sn=9 view=0
03:52:09.122 DBG Batch ready. batchSize=4096
03:52:09.122 DBG Batch cut. left=0 nBuckets=32 nReq=128 next=0
03:52:09.123 DBG Waiting for batch. batchSize=4096
03:52:09.125 INF Sending PREPREPARE. nReq=128 senderID=0 sn=10 view=0
03:52:09.133 INF Handling PREPREPARE. nReq=129 senderID=1 sn=11
03:52:09.133 DBG Creating new Batch. nReq=129
03:52:09.145 DBG Sending PREPARE. senderID=0 sn=11 view=0
03:52:10.124 DBG Batch ready. batchSize=4096
03:52:10.124 DBG Batch cut. left=0 nBuckets=32 nReq=129 next=0
03:52:10.125 DBG Waiting for batch. batchSize=4096
03:52:10.126 INF Sending PREPREPARE. nReq=129 senderID=0 sn=12 view=0
03:52:10.135 INF Handling PREPREPARE. nReq=128 senderID=1 sn=13
03:52:10.135 DBG Creating new Batch. nReq=128
03:52:10.148 DBG Sending PREPARE. senderID=0 sn=13 view=0
03:52:11.126 DBG Batch ready. batchSize=4096
03:52:11.126 DBG Batch cut. left=0 nBuckets=32 nReq=128 next=0
03:52:11.126 DBG Waiting for batch. batchSize=4096
03:52:11.128 INF Sending PREPREPARE. nReq=128 senderID=0 sn=14 view=0
03:52:11.136 INF Handling PREPREPARE. nReq=128 senderID=1 sn=15
03:52:11.136 DBG Creating new Batch. nReq=128
03:52:11.148 DBG Sending PREPARE. senderID=0 sn=15 view=0
03:52:12.127 DBG Batch ready. batchSize=4096
03:52:12.128 DBG Batch cut. left=0 nBuckets=32 nReq=128 next=0
03:52:12.128 DBG Waiting for batch. batchSize=4096
03:52:12.130 INF Sending PREPREPARE. nReq=128 senderID=0 sn=16 view=0
03:52:12.138 INF Handling PREPREPARE. nReq=128 senderID=1 sn=17
03:52:12.138 DBG Creating new Batch. nReq=128
03:52:12.148 DBG Sending PREPARE. senderID=0 sn=17 view=0
03:52:13.130 DBG Batch ready. batchSize=4096
03:52:13.130 DBG Batch cut. left=0 nBuckets=32 nReq=128 next=0
03:52:13.130 DBG Waiting for batch. batchSize=4096
03:52:13.133 INF Sending PREPREPARE. nReq=128 senderID=0 sn=18 view=0
03:52:13.143 INF Handling PREPREPARE. nReq=129 senderID=1 sn=19
03:52:13.143 DBG Creating new Batch. nReq=129
03:52:13.154 DBG Sending PREPARE. senderID=0 sn=19 view=0
03:52:14.132 DBG Batch ready. batchSize=4096
03:52:14.132 DBG Batch cut. left=0 nBuckets=32 nReq=129 next=0
03:52:14.132 DBG Waiting for batch. batchSize=4096
03:52:14.134 INF Sending PREPREPARE. nReq=129 senderID=0 sn=20 view=0
03:52:14.141 INF Handling PREPREPARE. nReq=128 senderID=1 sn=21
03:52:14.141 DBG Creating new Batch. nReq=128
03:52:14.152 DBG Sending PREPARE. senderID=0 sn=21 view=0
03:52:15.133 DBG Batch ready. batchSize=4096
03:52:15.134 DBG Batch cut. left=0 nBuckets=32 nReq=128 next=0
03:52:15.134 DBG Waiting for batch. batchSize=4096
03:52:15.136 INF Sending PREPREPARE. nReq=128 senderID=0 sn=22 view=0
03:52:15.143 INF Handling PREPREPARE. nReq=128 senderID=1 sn=23
03:52:15.143 DBG Creating new Batch. nReq=128
03:52:15.154 DBG Sending PREPARE. senderID=0 sn=23 view=0
03:52:16.134 DBG Batch ready. batchSize=4096
03:52:16.135 DBG Batch cut. left=0 nBuckets=32 nReq=128 next=0
03:52:16.135 DBG Waiting for batch. batchSize=4096
03:52:16.137 INF Sending PREPREPARE. nReq=128 senderID=0 sn=24 view=0
03:52:16.145 INF Handling PREPREPARE. nReq=128 senderID=1 sn=25
03:52:16.145 DBG Creating new Batch. nReq=128
03:52:16.155 DBG Sending PREPARE. senderID=0 sn=25 view=0
03:52:17.136 DBG Batch ready. batchSize=4096
03:52:17.137 DBG Batch cut. left=0 nBuckets=32 nReq=128 next=0
03:52:17.137 DBG Waiting for batch. batchSize=4096
03:52:17.139 INF Sending PREPREPARE. nReq=128 senderID=0 sn=26 view=0
03:52:17.145 INF Handling PREPREPARE. nReq=128 senderID=1 sn=27
03:52:17.145 DBG Creating new Batch. nReq=128
03:52:17.156 DBG Sending PREPARE. senderID=0 sn=27 view=0
03:52:18.138 DBG Batch ready. batchSize=4096
03:52:18.139 DBG Batch cut. left=0 nBuckets=32 nReq=129 next=0
03:52:18.139 DBG Waiting for batch. batchSize=4096
03:52:18.141 INF Sending PREPREPARE. nReq=129 senderID=0 sn=28 view=0
03:52:18.149 INF Handling PREPREPARE. nReq=129 senderID=1 sn=29
03:52:18.149 DBG Creating new Batch. nReq=129
03:52:18.160 DBG Sending PREPARE. senderID=0 sn=29 view=0
03:52:19.140 DBG Batch ready. batchSize=4096
03:52:19.140 DBG Batch cut. left=0 nBuckets=32 nReq=128 next=0
03:52:19.140 DBG Waiting for batch. batchSize=4096
03:52:19.142 INF Sending PREPREPARE. nReq=128 senderID=0 sn=30 view=0
03:52:19.150 INF Handling PREPREPARE. nReq=128 senderID=1 sn=31
03:52:19.150 DBG Creating new Batch. nReq=128
03:52:19.161 DBG Sending PREPARE. senderID=0 sn=31 view=0
03:52:20.142 DBG Batch ready. batchSize=4096
03:52:20.142 DBG Batch cut. left=0 nBuckets=32 nReq=128 next=0
03:52:20.142 DBG Waiting for batch. batchSize=4096
03:52:20.145 INF Sending PREPREPARE. nReq=128 senderID=0 sn=32 view=0
03:52:20.151 INF Handling PREPREPARE. nReq=128 senderID=1 sn=33
03:52:20.151 DBG Creating new Batch. nReq=128
03:52:20.161 DBG Sending PREPARE. senderID=0 sn=33 view=0
03:52:21.143 DBG Batch ready. batchSize=4096
03:52:21.143 DBG Batch cut. left=0 nBuckets=32 nReq=128 next=0
03:52:21.143 DBG Waiting for batch. batchSize=4096
03:52:21.145 INF Sending PREPREPARE. nReq=128 senderID=0 sn=34 view=0
03:52:21.153 INF Handling PREPREPARE. nReq=128 senderID=1 sn=35
03:52:21.153 DBG Creating new Batch. nReq=128
03:52:21.164 DBG Sending PREPARE. senderID=0 sn=35 view=0
03:52:22.144 DBG Batch ready. batchSize=4096
03:52:22.144 DBG Batch cut. left=0 nBuckets=32 nReq=128 next=0
03:52:22.145 DBG Waiting for batch. batchSize=4096
03:52:22.147 INF Sending PREPREPARE. nReq=128 senderID=0 sn=36 view=0
03:52:22.156 INF Handling PREPREPARE. nReq=129 senderID=1 sn=37
03:52:22.156 DBG Creating new Batch. nReq=129
03:52:22.167 DBG Sending PREPARE. senderID=0 sn=37 view=0
03:52:23.146 DBG Batch ready. batchSize=4096
03:52:23.147 DBG Batch cut. left=0 nBuckets=32 nReq=129 next=0
03:52:23.147 DBG Waiting for batch. batchSize=4096
03:52:23.149 INF Sending PREPREPARE. nReq=129 senderID=0 sn=38 view=0
03:52:23.156 INF Handling PREPREPARE. nReq=128 senderID=1 sn=39
03:52:23.156 DBG Creating new Batch. nReq=128
03:52:23.167 DBG Sending PREPARE. senderID=0 sn=39 view=0
03:52:24.148 DBG Batch ready. batchSize=4096
03:52:24.149 DBG Batch cut. left=0 nBuckets=32 nReq=128 next=0
03:52:24.149 DBG Waiting for batch. batchSize=4096
03:52:24.151 INF Sending PREPREPARE. nReq=128 senderID=0 sn=40 view=0
03:52:24.159 INF Handling PREPREPARE. nReq=128 senderID=1 sn=41
03:52:24.159 DBG Creating new Batch. nReq=128
03:52:24.170 DBG Sending PREPARE. senderID=0 sn=41 view=0
03:52:25.151 DBG Batch ready. batchSize=4096
03:52:25.151 DBG Batch cut. left=0 nBuckets=32 nReq=128 next=0
03:52:25.151 DBG Waiting for batch. batchSize=4096
03:52:25.153 INF Sending PREPREPARE. nReq=128 senderID=0 sn=42 view=0
03:52:25.160 INF Handling PREPREPARE. nReq=128 senderID=1 sn=43
03:52:25.161 DBG Creating new Batch. nReq=128
03:52:25.172 DBG Sending PREPARE. senderID=0 sn=43 view=0
03:52:26.152 DBG Batch ready. batchSize=4096
03:52:26.153 DBG Batch cut. left=0 nBuckets=32 nReq=128 next=0
03:52:26.153 DBG Waiting for batch. batchSize=4096
03:52:26.155 INF Sending PREPREPARE. nReq=128 senderID=0 sn=44 view=0
03:52:26.162 INF Handling PREPREPARE. nReq=129 senderID=1 sn=45
03:52:26.162 DBG Creating new Batch. nReq=129
03:52:26.174 DBG Sending PREPARE. senderID=0 sn=45 view=0
03:52:27.153 DBG Batch ready. batchSize=4096
03:52:27.154 DBG Batch cut. left=0 nBuckets=32 nReq=129 next=0
03:52:27.154 DBG Waiting for batch. batchSize=4096
03:52:27.156 INF Sending PREPREPARE. nReq=129 senderID=0 sn=46 view=0
03:52:27.163 INF Handling PREPREPARE. nReq=128 senderID=1 sn=47
03:52:27.163 DBG Creating new Batch. nReq=128
03:52:27.174 DBG Sending PREPARE. senderID=0 sn=47 view=0
03:52:28.155 DBG Batch ready. batchSize=4096
03:52:28.155 DBG Batch cut. left=0 nBuckets=32 nReq=128 next=0
03:52:28.155 DBG Waiting for batch. batchSize=4096
03:52:28.157 INF Sending PREPREPARE. nReq=128 senderID=0 sn=48 view=0
03:52:28.166 INF Handling PREPREPARE. nReq=128 senderID=1 sn=49
03:52:28.166 DBG Creating new Batch. nReq=128
03:52:28.176 DBG Sending PREPARE. senderID=0 sn=49 view=0
03:52:29.156 DBG Batch ready. batchSize=4096
03:52:29.157 DBG Batch cut. left=0 nBuckets=32 nReq=128 next=0
03:52:29.157 DBG Waiting for batch. batchSize=4096
03:52:29.159 INF Sending PREPREPARE. nReq=128 senderID=0 sn=50 view=0
03:52:29.166 INF Handling PREPREPARE. nReq=128 senderID=1 sn=51
03:52:29.166 DBG Creating new Batch. nReq=128
03:52:29.178 DBG Sending PREPARE. senderID=0 sn=51 view=0
03:52:30.158 DBG Batch ready. batchSize=4096
03:52:30.158 DBG Batch cut. left=0 nBuckets=32 nReq=128 next=0
03:52:30.159 DBG Waiting for batch. batchSize=4096
03:52:30.161 INF Sending PREPREPARE. nReq=128 senderID=0 sn=52 view=0
03:52:30.169 INF Handling PREPREPARE. nReq=128 senderID=1 sn=53
03:52:30.169 DBG Creating new Batch. nReq=128
03:52:30.180 DBG Sending PREPARE. senderID=0 sn=53 view=0
03:52:31.160 DBG Batch ready. batchSize=4096
03:52:31.160 DBG Batch cut. left=0 nBuckets=32 nReq=128 next=0
03:52:31.160 DBG Waiting for batch. batchSize=4096
03:52:31.162 INF Sending PREPREPARE. nReq=128 senderID=0 sn=54 view=0
03:52:31.170 INF Handling PREPREPARE. nReq=129 senderID=1 sn=55
03:52:31.171 DBG Creating new Batch. nReq=129
03:52:31.183 DBG Sending PREPARE. senderID=0 sn=55 view=0
03:52:32.162 DBG Batch ready. batchSize=4096
03:52:32.162 DBG Batch cut. left=0 nBuckets=32 nReq=129 next=0
03:52:32.162 DBG Waiting for batch. batchSize=4096
03:52:32.164 INF Sending PREPREPARE. nReq=129 senderID=0 sn=56 view=0
03:52:32.171 INF Handling PREPREPARE. nReq=128 senderID=1 sn=57
03:52:32.172 DBG Creating new Batch. nReq=128
03:52:32.182 DBG Sending PREPARE. senderID=0 sn=57 view=0
03:52:33.164 DBG Batch ready. batchSize=4096
03:52:33.164 DBG Batch cut. left=0 nBuckets=32 nReq=128 next=0
03:52:33.164 DBG Waiting for batch. batchSize=4096
03:52:33.167 INF Sending PREPREPARE. nReq=128 senderID=0 sn=58 view=0
03:52:33.173 INF Handling PREPREPARE. nReq=128 senderID=1 sn=59
03:52:33.174 DBG Creating new Batch. nReq=128
03:52:33.184 DBG Sending PREPARE. senderID=0 sn=59 view=0
03:52:34.165 DBG Batch ready. batchSize=4096
03:52:34.166 DBG Batch cut. left=0 nBuckets=32 nReq=128 next=0
03:52:34.166 DBG Waiting for batch. batchSize=4096
03:52:34.168 INF Sending PREPREPARE. nReq=128 senderID=0 sn=60 view=0
03:52:34.175 INF Handling PREPREPARE. nReq=128 senderID=1 sn=61
03:52:34.175 DBG Creating new Batch. nReq=128
03:52:34.186 DBG Sending PREPARE. senderID=0 sn=61 view=0
03:52:35.168 DBG Batch ready. batchSize=4096
03:52:35.168 DBG Batch cut. left=0 nBuckets=32 nReq=127 next=0
03:52:35.168 DBG Waiting for batch. batchSize=4096
03:52:35.170 INF Sending PREPREPARE. nReq=127 senderID=0 sn=62 view=0
03:52:35.176 INF Handling PREPREPARE. nReq=128 senderID=1 sn=63
03:52:35.176 DBG Creating new Batch. nReq=128
03:52:35.187 DBG Sending PREPARE. senderID=0 sn=63 view=0
03:52:36.167 INF Handling PREPREPARE. nReq=0 senderID=1 sn=65
03:52:36.167 DBG Creating new Batch. nReq=0
03:52:36.167 DBG Sending PREPARE. senderID=0 sn=65 view=0
03:52:36.170 DBG Batch ready. batchSize=4096
03:52:36.170 DBG Batch cut. left=0 nBuckets=32 nReq=0 next=0
03:52:36.170 DBG Waiting for batch. batchSize=4096
03:52:36.170 INF Sending PREPREPARE. nReq=0 senderID=0 sn=64 view=0
03:52:37.168 INF Handling PREPREPARE. nReq=0 senderID=1 sn=67
03:52:37.169 DBG Creating new Batch. nReq=0
03:52:37.169 DBG Sending PREPARE. senderID=0 sn=67 view=0
03:52:37.171 DBG Batch ready. batchSize=4096
03:52:37.172 DBG Batch cut. left=0 nBuckets=32 nReq=0 next=0
03:52:37.172 INF Sending PREPREPARE. nReq=0 senderID=0 sn=66 view=0
03:52:37.172 DBG Waiting for batch. batchSize=4096
03:52:38.170 INF Handling PREPREPARE. nReq=0 senderID=1 sn=69
03:52:38.170 DBG Creating new Batch. nReq=0
03:52:38.171 DBG Sending PREPARE. senderID=0 sn=69 view=0
03:52:38.173 DBG Batch ready. batchSize=4096
03:52:38.173 DBG Batch cut. left=0 nBuckets=32 nReq=0 next=0
03:52:38.173 INF Sending PREPREPARE. nReq=0 senderID=0 sn=68 view=0
03:52:38.173 DBG Waiting for batch. batchSize=4096
03:52:39.171 INF Handling PREPREPARE. nReq=0 senderID=1 sn=71
03:52:39.172 DBG Creating new Batch. nReq=0
03:52:39.172 DBG Sending PREPARE. senderID=0 sn=71 view=0
03:52:39.174 DBG Batch ready. batchSize=4096
03:52:39.174 DBG Batch cut. left=0 nBuckets=32 nReq=0 next=0
03:52:39.174 INF Sending PREPREPARE. nReq=0 senderID=0 sn=70 view=0
03:52:39.174 DBG Waiting for batch. batchSize=4096
03:52:40.173 INF Handling PREPREPARE. nReq=0 senderID=1 sn=73
03:52:40.173 DBG Creating new Batch. nReq=0
03:52:40.173 DBG Sending PREPARE. senderID=0 sn=73 view=0
03:52:40.175 DBG Batch ready. batchSize=4096
03:52:40.175 DBG Batch cut. left=0 nBuckets=32 nReq=0 next=0
03:52:40.175 INF Sending PREPREPARE. nReq=0 senderID=0 sn=72 view=0
03:52:40.175 DBG Waiting for batch. batchSize=4096
03:52:41.177 DBG Batch ready. batchSize=4096
03:52:41.216 DBG Batch cut. left=0 nBuckets=32 nReq=0 next=0
03:52:41.216 DBG Waiting for batch. batchSize=4096
03:52:41.216 INF Sending PREPREPARE. nReq=0 senderID=0 sn=74 view=0
03:52:41.217 INF Handling PREPREPARE. nReq=0 senderID=1 sn=75
03:52:41.217 DBG Creating new Batch. nReq=0
03:52:41.217 DBG Sending PREPARE. senderID=0 sn=75 view=0
03:52:42.217 DBG Batch ready. batchSize=4096
03:52:42.217 DBG Batch cut. left=0 nBuckets=32 nReq=0 next=0
03:52:42.218 INF Sending PREPREPARE. nReq=0 senderID=0 sn=76 view=0
03:52:42.218 DBG Waiting for batch. batchSize=4096
03:52:42.218 INF Handling PREPREPARE. nReq=0 senderID=1 sn=77
03:52:42.219 DBG Creating new Batch. nReq=0
03:52:42.219 DBG Sending PREPARE. senderID=0 sn=77 view=0
03:52:43.219 DBG Batch ready. batchSize=4096
03:52:43.219 DBG Batch cut. left=0 nBuckets=32 nReq=0 next=0
03:52:43.219 DBG Waiting for batch. batchSize=4096
03:52:43.219 INF Sending PREPREPARE. nReq=0 senderID=0 sn=78 view=0
03:52:43.220 INF Handling PREPREPARE. nReq=0 senderID=1 sn=79
03:52:43.220 DBG Creating new Batch. nReq=0
03:52:43.220 DBG Sending PREPARE. senderID=0 sn=79 view=0
03:52:44.220 DBG Batch ready. batchSize=4096
03:52:44.220 DBG Batch cut. left=0 nBuckets=32 nReq=0 next=0
03:52:44.220 INF Sending PREPREPARE. nReq=0 senderID=0 sn=80 view=0
03:52:44.220 DBG Waiting for batch. batchSize=4096
03:52:44.221 INF Handling PREPREPARE. nReq=0 senderID=1 sn=81
03:52:44.221 DBG Creating new Batch. nReq=0
03:52:44.222 DBG Sending PREPARE. senderID=0 sn=81 view=0
03:52:45.222 DBG Batch ready. batchSize=4096
03:52:45.222 DBG Batch cut. left=0 nBuckets=32 nReq=0 next=0
03:52:45.222 INF Sending PREPREPARE. nReq=0 senderID=0 sn=82 view=0
03:52:45.222 DBG Waiting for batch. batchSize=4096
03:52:45.223 INF Handling PREPREPARE. nReq=0 senderID=1 sn=83
03:52:45.223 DBG Creating new Batch. nReq=0
03:52:45.223 DBG Sending PREPARE. senderID=0 sn=83 view=0
03:52:46.223 DBG Batch ready. batchSize=4096
03:52:46.224 DBG Batch cut. left=0 nBuckets=32 nReq=0 next=0
03:52:46.224 DBG Waiting for batch. batchSize=4096
03:52:46.224 INF Sending PREPREPARE. nReq=0 senderID=0 sn=84 view=0
03:52:46.224 INF Handling PREPREPARE. nReq=0 senderID=1 sn=85
03:52:46.224 DBG Creating new Batch. nReq=0
03:52:46.224 DBG Sending PREPARE. senderID=0 sn=85 view=0
03:52:47.225 INF Handling PREPREPARE. nReq=0 senderID=1 sn=87
03:52:47.225 DBG Creating new Batch. nReq=0
03:52:47.225 DBG Batch ready. batchSize=4096
03:52:47.225 DBG Sending PREPARE. senderID=0 sn=87 view=0
03:52:47.225 DBG Batch cut. left=0 nBuckets=32 nReq=0 next=0
03:52:47.226 DBG Waiting for batch. batchSize=4096
03:52:47.226 INF Sending PREPREPARE. nReq=0 senderID=0 sn=86 view=0
03:52:48.226 INF Handling PREPREPARE. nReq=0 senderID=1 sn=89
03:52:48.226 DBG Batch ready. batchSize=4096
03:52:48.227 DBG Creating new Batch. nReq=0
03:52:48.227 DBG Batch cut. left=0 nBuckets=32 nReq=0 next=0
03:52:48.227 DBG Sending PREPARE. senderID=0 sn=89 view=0
03:52:48.227 INF Sending PREPREPARE. nReq=0 senderID=0 sn=88 view=0
03:52:48.227 DBG Waiting for batch. batchSize=4096
03:52:49.228 DBG Batch ready. batchSize=4096
03:52:49.228 INF Handling PREPREPARE. nReq=0 senderID=1 sn=91
03:52:49.228 DBG Creating new Batch. nReq=0
03:52:49.228 DBG Batch cut. left=0 nBuckets=32 nReq=0 next=0
03:52:49.228 DBG Sending PREPARE. senderID=0 sn=91 view=0
03:52:49.228 INF Sending PREPREPARE. nReq=0 senderID=0 sn=90 view=0
03:52:49.228 DBG Waiting for batch. batchSize=4096
03:52:50.229 DBG Batch ready. batchSize=4096
03:52:50.229 INF Handling PREPREPARE. nReq=0 senderID=1 sn=93
03:52:50.229 DBG Creating new Batch. nReq=0
03:52:50.230 DBG Batch cut. left=0 nBuckets=32 nReq=0 next=0
03:52:50.230 DBG Sending PREPARE. senderID=0 sn=93 view=0
03:52:50.230 INF Sending PREPREPARE. nReq=0 senderID=0 sn=92 view=0
03:52:50.230 DBG Waiting for batch. batchSize=4096
03:52:51.231 INF Handling PREPREPARE. nReq=0 senderID=1 sn=95
03:52:51.231 DBG Batch ready. batchSize=4096
03:52:51.231 DBG Creating new Batch. nReq=0
03:52:51.231 DBG Batch cut. left=0 nBuckets=32 nReq=0 next=0
03:52:51.231 DBG Sending PREPARE. senderID=0 sn=95 view=0
03:52:51.231 INF Sending PREPREPARE. nReq=0 senderID=0 sn=94 view=0
03:52:51.231 DBG Waiting for batch. batchSize=4096
03:52:52.232 DBG Batch ready. batchSize=4096
03:52:52.232 INF Handling PREPREPARE. nReq=0 senderID=1 sn=97
03:52:52.232 DBG Creating new Batch. nReq=0
03:52:52.232 DBG Batch cut. left=0 nBuckets=32 nReq=0 next=0
03:52:52.232 DBG Waiting for batch. batchSize=4096
03:52:52.232 INF Sending PREPREPARE. nReq=0 senderID=0 sn=96 view=0
03:52:52.232 DBG Sending PREPARE. senderID=0 sn=97 view=0
03:52:53.233 DBG Batch ready. batchSize=4096
03:52:53.234 INF Handling PREPREPARE. nReq=0 senderID=1 sn=99
03:52:53.234 DBG Batch cut. left=0 nBuckets=32 nReq=0 next=0
03:52:53.234 DBG Creating new Batch. nReq=0
03:52:53.234 DBG Waiting for batch. batchSize=4096
03:52:53.234 INF Sending PREPREPARE. nReq=0 senderID=0 sn=98 view=0
03:52:53.234 DBG Sending PREPARE. senderID=0 sn=99 view=0
03:52:54.235 DBG Batch ready. batchSize=4096
03:52:54.235 DBG Batch cut. left=0 nBuckets=32 nReq=0 next=0
03:52:54.235 INF Handling PREPREPARE. nReq=0 senderID=1 sn=101
03:52:54.235 DBG Waiting for batch. batchSize=4096
03:52:54.235 INF Sending PREPREPARE. nReq=0 senderID=0 sn=100 view=0
03:52:54.235 DBG Creating new Batch. nReq=0
03:52:54.235 DBG Sending PREPARE. senderID=0 sn=101 view=0
03:52:55.236 DBG Batch ready. batchSize=4096
03:52:55.237 INF Handling PREPREPARE. nReq=0 senderID=1 sn=103
03:52:55.237 DBG Batch cut. left=0 nBuckets=32 nReq=0 next=0
03:52:55.237 DBG Creating new Batch. nReq=0
03:52:55.237 INF Sending PREPREPARE. nReq=0 senderID=0 sn=102 view=0
03:52:55.237 DBG Waiting for batch. batchSize=4096
03:52:55.237 DBG Sending PREPARE. senderID=0 sn=103 view=0
03:52:56.238 DBG Batch ready. batchSize=4096
03:52:56.238 DBG Batch cut. left=0 nBuckets=32 nReq=0 next=0
03:52:56.238 DBG Waiting for batch. batchSize=4096
03:52:56.238 INF Sending PREPREPARE. nReq=0 senderID=0 sn=104 view=0
03:52:56.238 INF Handling PREPREPARE. nReq=0 senderID=1 sn=105
03:52:56.238 DBG Creating new Batch. nReq=0
03:52:56.239 DBG Sending PREPARE. senderID=0 sn=105 view=0
03:52:57.239 DBG Batch ready. batchSize=4096
03:52:57.239 INF Handling PREPREPARE. nReq=0 senderID=1 sn=107
03:52:57.239 DBG Batch cut. left=0 nBuckets=32 nReq=0 next=0
03:52:57.239 DBG Creating new Batch. nReq=0
03:52:57.240 INF Sending PREPREPARE. nReq=0 senderID=0 sn=106 view=0
03:52:57.240 DBG Waiting for batch. batchSize=4096
03:52:57.240 DBG Sending PREPARE. senderID=0 sn=107 view=0
03:52:58.240 DBG Batch ready. batchSize=4096
03:52:58.240 INF Handling PREPREPARE. nReq=0 senderID=1 sn=109
03:52:58.241 DBG Creating new Batch. nReq=0
03:52:58.240 DBG Batch cut. left=0 nBuckets=32 nReq=0 next=0
03:52:58.241 INF Sending PREPREPARE. nReq=0 senderID=0 sn=108 view=0
03:52:58.241 DBG Sending PREPARE. senderID=0 sn=109 view=0
03:52:58.241 DBG Waiting for batch. batchSize=4096
03:52:59.242 INF Handling PREPREPARE. nReq=0 senderID=1 sn=111
03:52:59.242 DBG Batch ready. batchSize=4096
03:52:59.242 DBG Creating new Batch. nReq=0
03:52:59.242 DBG Batch cut. left=0 nBuckets=32 nReq=0 next=0
03:52:59.242 DBG Sending PREPARE. senderID=0 sn=111 view=0
03:52:59.242 DBG Waiting for batch. batchSize=4096
03:52:59.242 INF Sending PREPREPARE. nReq=0 senderID=0 sn=110 view=0
03:53:00.243 INF Handling PREPREPARE. nReq=0 senderID=1 sn=113
03:53:00.243 DBG Batch ready. batchSize=4096
03:53:00.243 DBG Creating new Batch. nReq=0
03:53:00.243 DBG Sending PREPARE. senderID=0 sn=113 view=0
03:53:00.243 DBG Batch cut. left=0 nBuckets=32 nReq=0 next=0
03:53:00.243 DBG Waiting for batch. batchSize=4096
03:53:00.243 INF Sending PREPREPARE. nReq=0 senderID=0 sn=112 view=0
03:53:01.244 DBG Batch ready. batchSize=4096
03:53:01.244 INF Handling PREPREPARE. nReq=0 senderID=1 sn=115
03:53:01.244 DBG Creating new Batch. nReq=0
03:53:01.244 DBG Batch cut. left=0 nBuckets=32 nReq=0 next=0
03:53:01.245 DBG Sending PREPARE. senderID=0 sn=115 view=0
03:53:01.245 INF Sending PREPREPARE. nReq=0 senderID=0 sn=114 view=0
03:53:01.245 DBG Waiting for batch. batchSize=4096
03:53:02.246 DBG Batch ready. batchSize=4096
03:53:02.246 INF Handling PREPREPARE. nReq=0 senderID=1 sn=117
03:53:02.246 DBG Creating new Batch. nReq=0
03:53:02.246 DBG Batch cut. left=0 nBuckets=32 nReq=0 next=0
03:53:02.246 DBG Waiting for batch. batchSize=4096
03:53:02.246 DBG Sending PREPARE. senderID=0 sn=117 view=0
03:53:02.246 INF Sending PREPREPARE. nReq=0 senderID=0 sn=116 view=0
03:53:03.111 WRN Timeout segId=0 sn=0 view=0
03:53:03.111 INF Starting new view. segID=0 timeout=120000 view=1
03:53:03.111 DBG Resurrecting uncommitted batch. fromView=0 segId=0 sn=0 toView=1
03:53:03.111 DBG Resurrecting uncommitted batch. fromView=0 segId=0 sn=2 toView=1
03:53:03.111 DBG Resurrecting uncommitted batch. fromView=0 segId=0 sn=4 toView=1
03:53:03.112 WRN Timeout segId=1 sn=1 view=0
03:53:03.112 DBG Resurrecting uncommitted batch. fromView=0 segId=0 sn=6 toView=1
03:53:03.112 INF Starting new view. segID=1 timeout=120000 view=1
03:53:03.112 DBG Resurrecting uncommitted batch. fromView=0 segId=1 sn=1 toView=1
03:53:03.112 DBG Resurrecting uncommitted batch. fromView=0 segId=1 sn=3 toView=1
03:53:03.112 DBG Resurrecting uncommitted batch. fromView=0 segId=0 sn=8 toView=1
03:53:03.112 DBG Resurrecting uncommitted batch. fromView=0 segId=1 sn=5 toView=1
03:53:03.113 DBG Resurrecting uncommitted batch. fromView=0 segId=0 sn=10 toView=1
03:53:03.113 DBG Resurrecting uncommitted batch. fromView=0 segId=1 sn=7 toView=1
03:53:03.113 DBG Resurrecting uncommitted batch. fromView=0 segId=0 sn=12 toView=1
03:53:03.113 DBG Resurrecting uncommitted batch. fromView=0 segId=1 sn=9 toView=1
03:53:03.113 DBG Resurrecting uncommitted batch. fromView=0 segId=0 sn=14 toView=1
03:53:03.113 DBG Resurrecting uncommitted batch. fromView=0 segId=1 sn=11 toView=1
03:53:03.114 DBG Resurrecting uncommitted batch. fromView=0 segId=0 sn=16 toView=1
03:53:03.114 DBG Resurrecting uncommitted batch. fromView=0 segId=1 sn=13 toView=1
03:53:03.114 DBG Resurrecting uncommitted batch. fromView=0 segId=0 sn=18 toView=1
03:53:03.114 DBG Resurrecting uncommitted batch. fromView=0 segId=1 sn=15 toView=1
03:53:03.114 DBG Resurrecting uncommitted batch. fromView=0 segId=0 sn=20 toView=1
03:53:03.114 DBG Resurrecting uncommitted batch. fromView=0 segId=1 sn=17 toView=1
03:53:03.115 DBG Resurrecting uncommitted batch. fromView=0 segId=0 sn=22 toView=1
03:53:03.115 DBG Resurrecting uncommitted batch. fromView=0 segId=1 sn=19 toView=1
03:53:03.115 DBG Resurrecting uncommitted batch. fromView=0 segId=0 sn=24 toView=1
03:53:03.115 DBG Resurrecting uncommitted batch. fromView=0 segId=1 sn=21 toView=1
03:53:03.116 DBG Resurrecting uncommitted batch. fromView=0 segId=0 sn=26 toView=1
03:53:03.116 DBG Resurrecting uncommitted batch. fromView=0 segId=1 sn=23 toView=1
03:53:03.116 DBG Resurrecting uncommitted batch. fromView=0 segId=1 sn=25 toView=1
03:53:03.116 DBG Resurrecting uncommitted batch. fromView=0 segId=0 sn=28 toView=1
03:53:03.116 DBG Resurrecting uncommitted batch. fromView=0 segId=1 sn=27 toView=1
03:53:03.116 DBG Resurrecting uncommitted batch. fromView=0 segId=0 sn=30 toView=1
03:53:03.117 DBG Resurrecting uncommitted batch. fromView=0 segId=1 sn=29 toView=1
03:53:03.117 DBG Resurrecting uncommitted batch. fromView=0 segId=0 sn=32 toView=1
03:53:03.117 DBG Resurrecting uncommitted batch. fromView=0 segId=1 sn=31 toView=1
03:53:03.117 DBG Resurrecting uncommitted batch. fromView=0 segId=0 sn=34 toView=1
03:53:03.117 DBG Resurrecting uncommitted batch. fromView=0 segId=1 sn=33 toView=1
03:53:03.117 DBG Resurrecting uncommitted batch. fromView=0 segId=0 sn=36 toView=1
03:53:03.118 DBG Resurrecting uncommitted batch. fromView=0 segId=1 sn=35 toView=1
03:53:03.118 DBG Resurrecting uncommitted batch. fromView=0 segId=0 sn=38 toView=1
03:53:03.118 DBG Resurrecting uncommitted batch. fromView=0 segId=1 sn=37 toView=1
03:53:03.118 DBG Resurrecting uncommitted batch. fromView=0 segId=0 sn=40 toView=1
03:53:03.118 DBG Resurrecting uncommitted batch. fromView=0 segId=1 sn=39 toView=1
03:53:03.118 DBG Resurrecting uncommitted batch. fromView=0 segId=0 sn=42 toView=1
03:53:03.118 DBG Resurrecting uncommitted batch. fromView=0 segId=1 sn=41 toView=1
03:53:03.119 DBG Resurrecting uncommitted batch. fromView=0 segId=0 sn=44 toView=1
03:53:03.119 DBG Resurrecting uncommitted batch. fromView=0 segId=1 sn=43 toView=1
03:53:03.119 DBG Resurrecting uncommitted batch. fromView=0 segId=0 sn=46 toView=1
03:53:03.119 DBG Resurrecting uncommitted batch. fromView=0 segId=1 sn=45 toView=1
03:53:03.120 DBG Resurrecting uncommitted batch. fromView=0 segId=0 sn=48 toView=1
03:53:03.120 DBG Resurrecting uncommitted batch. fromView=0 segId=1 sn=47 toView=1
03:53:03.120 DBG Resurrecting uncommitted batch. fromView=0 segId=1 sn=49 toView=1
03:53:03.120 DBG Resurrecting uncommitted batch. fromView=0 segId=0 sn=50 toView=1
03:53:03.120 DBG Resurrecting uncommitted batch. fromView=0 segId=1 sn=51 toView=1
03:53:03.120 DBG Resurrecting uncommitted batch. fromView=0 segId=0 sn=52 toView=1
03:53:03.121 DBG Resurrecting uncommitted batch. fromView=0 segId=1 sn=53 toView=1
03:53:03.121 DBG Resurrecting uncommitted batch. fromView=0 segId=0 sn=54 toView=1
03:53:03.121 DBG Resurrecting uncommitted batch. fromView=0 segId=1 sn=55 toView=1
03:53:03.121 DBG Resurrecting uncommitted batch. fromView=0 segId=0 sn=56 toView=1
03:53:03.121 DBG Resurrecting uncommitted batch. fromView=0 segId=1 sn=57 toView=1
03:53:03.121 DBG Resurrecting uncommitted batch. fromView=0 segId=0 sn=58 toView=1
03:53:03.122 DBG Resurrecting uncommitted batch. fromView=0 segId=1 sn=59 toView=1
03:53:03.122 DBG Resurrecting uncommitted batch. fromView=0 segId=0 sn=60 toView=1
03:53:03.122 DBG Resurrecting uncommitted batch. fromView=0 segId=1 sn=61 toView=1
03:53:03.122 DBG Resurrecting uncommitted batch. fromView=0 segId=0 sn=62 toView=1
03:53:03.122 DBG Resurrecting uncommitted batch. fromView=0 segId=1 sn=63 toView=1
03:53:03.122 DBG Resurrecting uncommitted batch. fromView=0 segId=0 sn=64 toView=1
03:53:03.123 DBG Resurrecting uncommitted batch. fromView=0 segId=1 sn=65 toView=1
03:53:03.123 DBG Resurrecting uncommitted batch. fromView=0 segId=0 sn=66 toView=1
03:53:03.123 DBG Resurrecting uncommitted batch. fromView=0 segId=1 sn=67 toView=1
03:53:03.123 DBG Resurrecting uncommitted batch. fromView=0 segId=0 sn=68 toView=1
03:53:03.123 DBG Resurrecting uncommitted batch. fromView=0 segId=1 sn=69 toView=1
03:53:03.123 DBG Resurrecting uncommitted batch. fromView=0 segId=0 sn=70 toView=1
03:53:03.123 DBG Resurrecting uncommitted batch. fromView=0 segId=1 sn=71 toView=1
03:53:03.123 DBG Resurrecting uncommitted batch. fromView=0 segId=0 sn=72 toView=1
03:53:03.123 DBG Resurrecting uncommitted batch. fromView=0 segId=1 sn=73 toView=1
03:53:03.123 DBG Resurrecting uncommitted batch. fromView=0 segId=0 sn=74 toView=1
03:53:03.123 DBG Resurrecting uncommitted batch. fromView=0 segId=1 sn=75 toView=1
03:53:03.123 DBG Resurrecting uncommitted batch. fromView=0 segId=0 sn=76 toView=1
03:53:03.124 DBG Resurrecting uncommitted batch. fromView=0 segId=1 sn=77 toView=1
03:53:03.124 DBG Resurrecting uncommitted batch. fromView=0 segId=0 sn=78 toView=1
03:53:03.124 DBG Resurrecting uncommitted batch. fromView=0 segId=1 sn=79 toView=1
03:53:03.124 DBG Resurrecting uncommitted batch. fromView=0 segId=0 sn=80 toView=1
03:53:03.124 DBG Resurrecting uncommitted batch. fromView=0 segId=1 sn=81 toView=1
03:53:03.124 DBG Resurrecting uncommitted batch. fromView=0 segId=0 sn=82 toView=1
03:53:03.124 DBG Resurrecting uncommitted batch. fromView=0 segId=1 sn=83 toView=1
03:53:03.124 DBG Resurrecting uncommitted batch. fromView=0 segId=0 sn=84 toView=1
03:53:03.124 DBG Resurrecting uncommitted batch. fromView=0 segId=1 sn=85 toView=1
03:53:03.124 DBG Resurrecting uncommitted batch. fromView=0 segId=0 sn=86 toView=1
03:53:03.124 DBG Resurrecting uncommitted batch. fromView=0 segId=1 sn=87 toView=1
03:53:03.124 DBG Resurrecting uncommitted batch. fromView=0 segId=0 sn=88 toView=1
03:53:03.124 DBG Resurrecting uncommitted batch. fromView=0 segId=1 sn=89 toView=1
03:53:03.125 DBG Resurrecting uncommitted batch. fromView=0 segId=0 sn=90 toView=1
03:53:03.125 DBG Resurrecting uncommitted batch. fromView=0 segId=1 sn=91 toView=1
03:53:03.125 DBG Resurrecting uncommitted batch. fromView=0 segId=0 sn=92 toView=1
03:53:03.125 DBG Resurrecting uncommitted batch. fromView=0 segId=1 sn=93 toView=1
03:53:03.125 DBG Resurrecting uncommitted batch. fromView=0 segId=0 sn=94 toView=1
03:53:03.125 DBG Resurrecting uncommitted batch. fromView=0 segId=1 sn=95 toView=1
03:53:03.125 DBG Resurrecting uncommitted batch. fromView=0 segId=0 sn=96 toView=1
03:53:03.125 DBG Resurrecting uncommitted batch. fromView=0 segId=1 sn=97 toView=1
03:53:03.125 DBG Resurrecting uncommitted batch. fromView=0 segId=0 sn=98 toView=1
03:53:03.125 DBG Resurrecting uncommitted batch. fromView=0 segId=1 sn=99 toView=1
03:53:03.125 DBG Resurrecting uncommitted batch. fromView=0 segId=0 sn=100 toView=1
03:53:03.125 DBG Resurrecting uncommitted batch. fromView=0 segId=1 sn=101 toView=1
03:53:03.125 DBG Resurrecting uncommitted batch. fromView=0 segId=0 sn=102 toView=1
03:53:03.125 DBG Resurrecting uncommitted batch. fromView=0 segId=1 sn=103 toView=1
03:53:03.126 DBG Resurrecting uncommitted batch. fromView=0 segId=0 sn=104 toView=1
03:53:03.126 DBG Resurrecting uncommitted batch. fromView=0 segId=1 sn=105 toView=1
03:53:03.126 DBG Resurrecting uncommitted batch. fromView=0 segId=0 sn=106 toView=1
03:53:03.126 DBG Resurrecting uncommitted batch. fromView=0 segId=1 sn=107 toView=1
03:53:03.126 DBG Resurrecting uncommitted batch. fromView=0 segId=0 sn=108 toView=1
03:53:03.126 DBG Resurrecting uncommitted batch. fromView=0 segId=1 sn=109 toView=1
03:53:03.126 DBG Resurrecting uncommitted batch. fromView=0 segId=0 sn=110 toView=1
03:53:03.126 DBG Resurrecting uncommitted batch. fromView=0 segId=1 sn=111 toView=1
03:53:03.126 DBG Resurrecting uncommitted batch. fromView=0 segId=0 sn=112 toView=1
03:53:03.126 DBG Resurrecting uncommitted batch. fromView=0 segId=1 sn=113 toView=1
03:53:03.126 DBG Resurrecting uncommitted batch. fromView=0 segId=0 sn=114 toView=1
03:53:03.126 DBG Resurrecting uncommitted batch. fromView=0 segId=1 sn=115 toView=1
03:53:03.126 DBG Resurrecting uncommitted batch. fromView=0 segId=0 sn=116 toView=1
03:53:03.127 DBG Resurrecting uncommitted batch. fromView=0 segId=1 sn=117 toView=1
03:53:03.127 DBG Batch not preprepared. Not resurrecting. fromView=0 segId=0 sn=118 toView=1
03:53:03.127 DBG Batch not preprepared. Not resurrecting. fromView=0 segId=1 sn=119 toView=1
03:53:03.127 DBG Batch not preprepared. Not resurrecting. fromView=0 segId=0 sn=120 toView=1
03:53:03.127 DBG Batch not preprepared. Not resurrecting. fromView=0 segId=1 sn=121 toView=1
03:53:03.127 DBG Batch not preprepared. Not resurrecting. fromView=0 segId=0 sn=122 toView=1
03:53:03.127 DBG Batch not preprepared. Not resurrecting. fromView=0 segId=1 sn=123 toView=1
03:53:03.127 DBG Batch not preprepared. Not resurrecting. fromView=0 segId=0 sn=124 toView=1
03:53:03.127 DBG Batch not preprepared. Not resurrecting. fromView=0 segId=1 sn=125 toView=1
03:53:03.127 DBG Batch not preprepared. Not resurrecting. fromView=0 segId=0 sn=126 toView=1
03:53:03.127 DBG Batch not preprepared. Not resurrecting. fromView=0 segId=1 sn=127 toView=1
03:53:03.128 INF Requesting VIEWCHANGE. receiverID=2 segID=1 senderID=0 view=1
03:53:03.129 INF Requesting VIEWCHANGE. receiverID=1 segID=0 senderID=0 view=1
03:53:03.247 DBG Batch ready. batchSize=4096
03:53:03.248 DBG Waiting for batch. batchSize=4096
03:53:04.249 DBG Batch ready. batchSize=4096
03:53:04.249 DBG Waiting for batch. batchSize=4096
03:53:05.249 DBG Batch ready. batchSize=4096
03:53:05.249 DBG Waiting for batch. batchSize=4096
03:53:06.250 DBG Batch ready. batchSize=4096
03:53:06.250 DBG Waiting for batch. batchSize=4096
03:53:07.251 DBG Batch ready. batchSize=4096
03:55:03.129 WRN Timeout segId=1 sn=-1 view=1
03:55:03.129 WRN Timeout segId=0 sn=-1 view=1
03:55:03.129 INF Starting new view. segID=1 timeout=240000 view=2
03:55:03.129 INF Starting new view. segID=0 timeout=240000 view=2
03:55:03.130 DBG Batch not preprepared. Not resurrecting. fromView=1 segId=1 sn=1 toView=2
03:55:03.130 DBG Batch not preprepared. Not resurrecting. fromView=1 segId=0 sn=0 toView=2
03:55:03.130 DBG Batch not preprepared. Not resurrecting. fromView=1 segId=1 sn=3 toView=2
03:55:03.130 DBG Batch not preprepared. Not resurrecting. fromView=1 segId=0 sn=2 toView=2
03:55:03.130 DBG Batch not preprepared. Not resurrecting. fromView=1 segId=1 sn=5 toView=2
03:55:03.130 DBG Batch not preprepared. Not resurrecting. fromView=1 segId=0 sn=4 toView=2
03:55:03.130 DBG Batch not preprepared. Not resurrecting. fromView=1 segId=1 sn=7 toView=2
03:55:03.130 DBG Batch not preprepared. Not resurrecting. fromView=1 segId=0 sn=6 toView=2
03:55:03.130 DBG Batch not preprepared. Not resurrecting. fromView=1 segId=1 sn=9 toView=2
03:55:03.130 DBG Batch not preprepared. Not resurrecting. fromView=1 segId=1 sn=11 toView=2
03:55:03.130 DBG Batch not preprepared. Not resurrecting. fromView=1 segId=0 sn=8 toView=2
03:55:03.130 DBG Batch not preprepared. Not resurrecting. fromView=1 segId=1 sn=13 toView=2
03:55:03.131 DBG Batch not preprepared. Not resurrecting. fromView=1 segId=0 sn=10 toView=2
03:55:03.131 DBG Batch not preprepared. Not resurrecting. fromView=1 segId=1 sn=15 toView=2
03:55:03.131 DBG Batch not preprepared. Not resurrecting. fromView=1 segId=0 sn=12 toView=2
03:55:03.131 DBG Batch not preprepared. Not resurrecting. fromView=1 segId=1 sn=17 toView=2
03:55:03.131 DBG Batch not preprepared. Not resurrecting. fromView=1 segId=0 sn=14 toView=2
03:55:03.131 DBG Batch not preprepared. Not resurrecting. fromView=1 segId=1 sn=19 toView=2
03:55:03.131 DBG Batch not preprepared. Not resurrecting. fromView=1 segId=0 sn=16 toView=2
03:55:03.131 DBG Batch not preprepared. Not resurrecting. fromView=1 segId=1 sn=21 toView=2
03:55:03.131 DBG Batch not preprepared. Not resurrecting. fromView=1 segId=0 sn=18 toView=2
03:55:03.131 DBG Batch not preprepared. Not resurrecting. fromView=1 segId=1 sn=23 toView=2
03:55:03.131 DBG Batch not preprepared. Not resurrecting. fromView=1 segId=0 sn=20 toView=2
03:55:03.131 DBG Batch not preprepared. Not resurrecting. fromView=1 segId=1 sn=25 toView=2
03:55:03.131 DBG Batch not preprepared. Not resurrecting. fromView=1 segId=0 sn=22 toView=2
03:55:03.132 DBG Batch not preprepared. Not resurrecting. fromView=1 segId=1 sn=27 toView=2
03:55:03.132 DBG Batch not preprepared. Not resurrecting. fromView=1 segId=0 sn=24 toView=2
03:55:03.132 DBG Batch not preprepared. Not resurrecting. fromView=1 segId=1 sn=29 toView=2
03:55:03.132 DBG Batch not preprepared. Not resurrecting. fromView=1 segId=0 sn=26 toView=2
03:55:03.132 DBG Batch not preprepared. Not resurrecting. fromView=1 segId=1 sn=31 toView=2
03:55:03.132 DBG Batch not preprepared. Not resurrecting. fromView=1 segId=0 sn=28 toView=2
03:55:03.132 DBG Batch not preprepared. Not resurrecting. fromView=1 segId=1 sn=33 toView=2
03:55:03.132 DBG Batch not preprepared. Not resurrecting. fromView=1 segId=0 sn=30 toView=2
03:55:03.132 DBG Batch not preprepared. Not resurrecting. fromView=1 segId=1 sn=35 toView=2
03:55:03.132 DBG Batch not preprepared. Not resurrecting. fromView=1 segId=0 sn=32 toView=2
03:55:03.132 DBG Batch not preprepared. Not resurrecting. fromView=1 segId=1 sn=37 toView=2
03:55:03.132 DBG Batch not preprepared. Not resurrecting. fromView=1 segId=0 sn=34 toView=2
03:55:03.132 DBG Batch not preprepared. Not resurrecting. fromView=1 segId=1 sn=39 toView=2
03:55:03.133 DBG Batch not preprepared. Not resurrecting. fromView=1 segId=0 sn=36 toView=2
03:55:03.133 DBG Batch not preprepared. Not resurrecting. fromView=1 segId=1 sn=41 toView=2
03:55:03.133 DBG Batch not preprepared. Not resurrecting. fromView=1 segId=0 sn=38 toView=2
03:55:03.133 DBG Batch not preprepared. Not resurrecting. fromView=1 segId=1 sn=43 toView=2
03:55:03.133 DBG Batch not preprepared. Not resurrecting. fromView=1 segId=0 sn=40 toView=2
03:55:03.133 DBG Batch not preprepared. Not resurrecting. fromView=1 segId=1 sn=45 toView=2
03:55:03.133 DBG Batch not preprepared. Not resurrecting. fromView=1 segId=0 sn=42 toView=2
03:55:03.133 DBG Batch not preprepared. Not resurrecting. fromView=1 segId=1 sn=47 toView=2
03:55:03.133 DBG Batch not preprepared. Not resurrecting. fromView=1 segId=0 sn=44 toView=2
03:55:03.133 DBG Batch not preprepared. Not resurrecting. fromView=1 segId=1 sn=49 toView=2
03:55:03.133 DBG Batch not preprepared. Not resurrecting. fromView=1 segId=0 sn=46 toView=2
03:55:03.133 DBG Batch not preprepared. Not resurrecting. fromView=1 segId=1 sn=51 toView=2
03:55:03.133 DBG Batch not preprepared. Not resurrecting. fromView=1 segId=0 sn=48 toView=2
03:55:03.134 DBG Batch not preprepared. Not resurrecting. fromView=1 segId=1 sn=53 toView=2
03:55:03.134 DBG Batch not preprepared. Not resurrecting. fromView=1 segId=0 sn=50 toView=2
03:55:03.134 DBG Batch not preprepared. Not resurrecting. fromView=1 segId=1 sn=55 toView=2
03:55:03.134 DBG Batch not preprepared. Not resurrecting. fromView=1 segId=0 sn=52 toView=2
03:55:03.134 DBG Batch not preprepared. Not resurrecting. fromView=1 segId=1 sn=57 toView=2
03:55:03.134 DBG Batch not preprepared. Not resurrecting. fromView=1 segId=0 sn=54 toView=2
03:55:03.134 DBG Batch not preprepared. Not resurrecting. fromView=1 segId=1 sn=59 toView=2
03:55:03.134 DBG Batch not preprepared. Not resurrecting. fromView=1 segId=0 sn=56 toView=2
03:55:03.134 DBG Batch not preprepared. Not resurrecting. fromView=1 segId=1 sn=61 toView=2
03:55:03.134 DBG Batch not preprepared. Not resurrecting. fromView=1 segId=0 sn=58 toView=2
03:55:03.134 DBG Batch not preprepared. Not resurrecting. fromView=1 segId=1 sn=63 toView=2
03:55:03.134 DBG Batch not preprepared. Not resurrecting. fromView=1 segId=0 sn=60 toView=2
03:55:03.134 DBG Batch not preprepared. Not resurrecting. fromView=1 segId=1 sn=65 toView=2
03:55:03.135 DBG Batch not preprepared. Not resurrecting. fromView=1 segId=0 sn=62 toView=2
03:55:03.135 DBG Batch not preprepared. Not resurrecting. fromView=1 segId=1 sn=67 toView=2
03:55:03.135 DBG Batch not preprepared. Not resurrecting. fromView=1 segId=0 sn=64 toView=2
03:55:03.135 DBG Batch not preprepared. Not resurrecting. fromView=1 segId=1 sn=69 toView=2
03:55:03.135 DBG Batch not preprepared. Not resurrecting. fromView=1 segId=0 sn=66 toView=2
03:55:03.135 DBG Batch not preprepared. Not resurrecting. fromView=1 segId=1 sn=71 toView=2
03:55:03.135 DBG Batch not preprepared. Not resurrecting. fromView=1 segId=0 sn=68 toView=2
03:55:03.135 DBG Batch not preprepared. Not resurrecting. fromView=1 segId=1 sn=73 toView=2
03:55:03.135 DBG Batch not preprepared. Not resurrecting. fromView=1 segId=0 sn=70 toView=2
03:55:03.135 DBG Batch not preprepared. Not resurrecting. fromView=1 segId=1 sn=75 toView=2
03:55:03.135 DBG Batch not preprepared. Not resurrecting. fromView=1 segId=0 sn=72 toView=2
03:55:03.135 DBG Batch not preprepared. Not resurrecting. fromView=1 segId=1 sn=77 toView=2
03:55:03.135 DBG Batch not preprepared. Not resurrecting. fromView=1 segId=0 sn=74 toView=2
03:55:03.135 DBG Batch not preprepared. Not resurrecting. fromView=1 segId=1 sn=79 toView=2
03:55:03.136 DBG Batch not preprepared. Not resurrecting. fromView=1 segId=0 sn=76 toView=2
03:55:03.136 DBG Batch not preprepared. Not resurrecting. fromView=1 segId=1 sn=81 toView=2
03:55:03.136 DBG Batch not preprepared. Not resurrecting. fromView=1 segId=0 sn=78 toView=2
03:55:03.136 DBG Batch not preprepared. Not resurrecting. fromView=1 segId=1 sn=83 toView=2
03:55:03.136 DBG Batch not preprepared. Not resurrecting. fromView=1 segId=0 sn=80 toView=2
03:55:03.136 DBG Batch not preprepared. Not resurrecting. fromView=1 segId=1 sn=85 toView=2
03:55:03.136 DBG Batch not preprepared. Not resurrecting. fromView=1 segId=0 sn=82 toView=2
03:55:03.136 DBG Batch not preprepared. Not resurrecting. fromView=1 segId=1 sn=87 toView=2
03:55:03.136 DBG Batch not preprepared. Not resurrecting. fromView=1 segId=0 sn=84 toView=2
03:55:03.136 DBG Batch not preprepared. Not resurrecting. fromView=1 segId=1 sn=89 toView=2
03:55:03.136 DBG Batch not preprepared. Not resurrecting. fromView=1 segId=0 sn=86 toView=2
03:55:03.136 DBG Batch not preprepared. Not resurrecting. fromView=1 segId=1 sn=91 toView=2
03:55:03.136 DBG Batch not preprepared. Not resurrecting. fromView=1 segId=0 sn=88 toView=2
03:55:03.136 DBG Batch not preprepared. Not resurrecting. fromView=1 segId=1 sn=93 toView=2
03:55:03.137 DBG Batch not preprepared. Not resurrecting. fromView=1 segId=0 sn=90 toView=2
03:55:03.137 DBG Batch not preprepared. Not resurrecting. fromView=1 segId=1 sn=95 toView=2
03:55:03.137 DBG Batch not preprepared. Not resurrecting. fromView=1 segId=0 sn=92 toView=2
03:55:03.137 DBG Batch not preprepared. Not resurrecting. fromView=1 segId=1 sn=97 toView=2
03:55:03.137 DBG Batch not preprepared. Not resurrecting. fromView=1 segId=0 sn=94 toView=2
03:55:03.137 DBG Batch not preprepared. Not resurrecting. fromView=1 segId=1 sn=99 toView=2
03:55:03.137 DBG Batch not preprepared. Not resurrecting. fromView=1 segId=0 sn=96 toView=2
03:55:03.137 DBG Batch not preprepared. Not resurrecting. fromView=1 segId=1 sn=101 toView=2
03:55:03.137 DBG Batch not preprepared. Not resurrecting. fromView=1 segId=0 sn=98 toView=2
03:55:03.137 DBG Batch not preprepared. Not resurrecting. fromView=1 segId=1 sn=103 toView=2
03:55:03.137 DBG Batch not preprepared. Not resurrecting. fromView=1 segId=0 sn=100 toView=2
03:55:03.137 DBG Batch not preprepared. Not resurrecting. fromView=1 segId=1 sn=105 toView=2
03:55:03.138 DBG Batch not preprepared. Not resurrecting. fromView=1 segId=0 sn=102 toView=2
03:55:03.138 DBG Batch not preprepared. Not resurrecting. fromView=1 segId=1 sn=107 toView=2
03:55:03.138 DBG Batch not preprepared. Not resurrecting. fromView=1 segId=0 sn=104 toView=2
03:55:03.138 DBG Batch not preprepared. Not resurrecting. fromView=1 segId=1 sn=109 toView=2
03:55:03.138 DBG Batch not preprepared. Not resurrecting. fromView=1 segId=0 sn=106 toView=2
03:55:03.138 DBG Batch not preprepared. Not resurrecting. fromView=1 segId=1 sn=111 toView=2
03:55:03.138 DBG Batch not preprepared. Not resurrecting. fromView=1 segId=0 sn=108 toView=2
03:55:03.138 DBG Batch not preprepared. Not resurrecting. fromView=1 segId=1 sn=113 toView=2
03:55:03.138 DBG Batch not preprepared. Not resurrecting. fromView=1 segId=0 sn=110 toView=2
03:55:03.138 DBG Batch not preprepared. Not resurrecting. fromView=1 segId=1 sn=115 toView=2
03:55:03.138 DBG Batch not preprepared. Not resurrecting. fromView=1 segId=0 sn=112 toView=2
03:55:03.138 DBG Batch not preprepared. Not resurrecting. fromView=1 segId=1 sn=117 toView=2
03:55:03.138 DBG Batch not preprepared. Not resurrecting. fromView=1 segId=0 sn=114 toView=2
03:55:03.139 DBG Batch not preprepared. Not resurrecting. fromView=1 segId=1 sn=119 toView=2
03:55:03.139 DBG Batch not preprepared. Not resurrecting. fromView=1 segId=0 sn=116 toView=2
03:55:03.139 DBG Batch not preprepared. Not resurrecting. fromView=1 segId=1 sn=121 toView=2
03:55:03.139 DBG Batch not preprepared. Not resurrecting. fromView=1 segId=0 sn=118 toView=2
03:55:03.139 DBG Batch not preprepared. Not resurrecting. fromView=1 segId=1 sn=123 toView=2
03:55:03.139 DBG Batch not preprepared. Not resurrecting. fromView=1 segId=0 sn=120 toView=2
03:55:03.139 DBG Batch not preprepared. Not resurrecting. fromView=1 segId=1 sn=125 toView=2
03:55:03.139 DBG Batch not preprepared. Not resurrecting. fromView=1 segId=0 sn=122 toView=2
03:55:03.139 DBG Batch not preprepared. Not resurrecting. fromView=1 segId=1 sn=127 toView=2
03:55:03.139 DBG Batch not preprepared. Not resurrecting. fromView=1 segId=0 sn=124 toView=2
03:55:03.139 DBG Batch not preprepared. Not resurrecting. fromView=1 segId=0 sn=126 toView=2
03:55:03.140 INF Requesting VIEWCHANGE. receiverID=3 segID=1 senderID=0 view=2
03:55:03.140 INF Requesting VIEWCHANGE. receiverID=2 segID=0 senderID=0 view=2
03:59:03.140 WRN Timeout segId=1 sn=-1 view=2
03:59:03.140 WRN Timeout segId=0 sn=-1 view=2
03:59:03.141 INF Starting new view. segID=1 timeout=480000 view=3
03:59:03.141 INF Starting new view. segID=0 timeout=480000 view=3
03:59:03.141 DBG Batch not preprepared. Not resurrecting. fromView=2 segId=1 sn=1 toView=3
03:59:03.141 DBG Batch not preprepared. Not resurrecting. fromView=2 segId=0 sn=0 toView=3
03:59:03.141 DBG Batch not preprepared. Not resurrecting. fromView=2 segId=1 sn=3 toView=3
03:59:03.141 DBG Batch not preprepared. Not resurrecting. fromView=2 segId=0 sn=2 toView=3
03:59:03.141 DBG Batch not preprepared. Not resurrecting. fromView=2 segId=1 sn=5 toView=3
03:59:03.141 DBG Batch not preprepared. Not resurrecting. fromView=2 segId=0 sn=4 toView=3
03:59:03.141 DBG Batch not preprepared. Not resurrecting. fromView=2 segId=1 sn=7 toView=3
03:59:03.141 DBG Batch not preprepared. Not resurrecting. fromView=2 segId=0 sn=6 toView=3
03:59:03.141 DBG Batch not preprepared. Not resurrecting. fromView=2 segId=1 sn=9 toView=3
03:59:03.141 DBG Batch not preprepared. Not resurrecting. fromView=2 segId=0 sn=8 toView=3
03:59:03.142 DBG Batch not preprepared. Not resurrecting. fromView=2 segId=1 sn=11 toView=3
03:59:03.142 DBG Batch not preprepared. Not resurrecting. fromView=2 segId=0 sn=10 toView=3
03:59:03.142 DBG Batch not preprepared. Not resurrecting. fromView=2 segId=1 sn=13 toView=3
03:59:03.142 DBG Batch not preprepared. Not resurrecting. fromView=2 segId=0 sn=12 toView=3
03:59:03.142 DBG Batch not preprepared. Not resurrecting. fromView=2 segId=1 sn=15 toView=3
03:59:03.142 DBG Batch not preprepared. Not resurrecting. fromView=2 segId=0 sn=14 toView=3
03:59:03.142 DBG Batch not preprepared. Not resurrecting. fromView=2 segId=1 sn=17 toView=3
03:59:03.142 DBG Batch not preprepared. Not resurrecting. fromView=2 segId=0 sn=16 toView=3
03:59:03.142 DBG Batch not preprepared. Not resurrecting. fromView=2 segId=1 sn=19 toView=3
03:59:03.142 DBG Batch not preprepared. Not resurrecting. fromView=2 segId=0 sn=18 toView=3
03:59:03.142 DBG Batch not preprepared. Not resurrecting. fromView=2 segId=1 sn=21 toView=3
03:59:03.142 DBG Batch not preprepared. Not resurrecting. fromView=2 segId=0 sn=20 toView=3
03:59:03.142 DBG Batch not preprepared. Not resurrecting. fromView=2 segId=1 sn=23 toView=3
03:59:03.142 DBG Batch not preprepared. Not resurrecting. fromView=2 segId=0 sn=22 toView=3
03:59:03.143 DBG Batch not preprepared. Not resurrecting. fromView=2 segId=1 sn=25 toView=3
03:59:03.143 DBG Batch not preprepared. Not resurrecting. fromView=2 segId=0 sn=24 toView=3
03:59:03.143 DBG Batch not preprepared. Not resurrecting. fromView=2 segId=1 sn=27 toView=3
03:59:03.143 DBG Batch not preprepared. Not resurrecting. fromView=2 segId=0 sn=26 toView=3
03:59:03.143 DBG Batch not preprepared. Not resurrecting. fromView=2 segId=1 sn=29 toView=3
03:59:03.143 DBG Batch not preprepared. Not resurrecting. fromView=2 segId=0 sn=28 toView=3
03:59:03.143 DBG Batch not preprepared. Not resurrecting. fromView=2 segId=1 sn=31 toView=3
03:59:03.143 DBG Batch not preprepared. Not resurrecting. fromView=2 segId=0 sn=30 toView=3
03:59:03.143 DBG Batch not preprepared. Not resurrecting. fromView=2 segId=1 sn=33 toView=3
03:59:03.143 DBG Batch not preprepared. Not resurrecting. fromView=2 segId=0 sn=32 toView=3
03:59:03.143 DBG Batch not preprepared. Not resurrecting. fromView=2 segId=1 sn=35 toView=3
03:59:03.143 DBG Batch not preprepared. Not resurrecting. fromView=2 segId=0 sn=34 toView=3
03:59:03.144 DBG Batch not preprepared. Not resurrecting. fromView=2 segId=1 sn=37 toView=3
03:59:03.144 DBG Batch not preprepared. Not resurrecting. fromView=2 segId=0 sn=36 toView=3
03:59:03.144 DBG Batch not preprepared. Not resurrecting. fromView=2 segId=1 sn=39 toView=3
03:59:03.144 DBG Batch not preprepared. Not resurrecting. fromView=2 segId=0 sn=38 toView=3
03:59:03.144 DBG Batch not preprepared. Not resurrecting. fromView=2 segId=1 sn=41 toView=3
03:59:03.144 DBG Batch not preprepared. Not resurrecting. fromView=2 segId=0 sn=40 toView=3
03:59:03.144 DBG Batch not preprepared. Not resurrecting. fromView=2 segId=1 sn=43 toView=3
03:59:03.144 DBG Batch not preprepared. Not resurrecting. fromView=2 segId=0 sn=42 toView=3
03:59:03.144 DBG Batch not preprepared. Not resurrecting. fromView=2 segId=1 sn=45 toView=3
03:59:03.144 DBG Batch not preprepared. Not resurrecting. fromView=2 segId=0 sn=44 toView=3
03:59:03.144 DBG Batch not preprepared. Not resurrecting. fromView=2 segId=1 sn=47 toView=3
03:59:03.144 DBG Batch not preprepared. Not resurrecting. fromView=2 segId=0 sn=46 toView=3
03:59:03.144 DBG Batch not preprepared. Not resurrecting. fromView=2 segId=1 sn=49 toView=3
03:59:03.144 DBG Batch not preprepared. Not resurrecting. fromView=2 segId=0 sn=48 toView=3
03:59:03.145 DBG Batch not preprepared. Not resurrecting. fromView=2 segId=1 sn=51 toView=3
03:59:03.145 DBG Batch not preprepared. Not resurrecting. fromView=2 segId=0 sn=50 toView=3
03:59:03.145 DBG Batch not preprepared. Not resurrecting. fromView=2 segId=1 sn=53 toView=3
03:59:03.145 DBG Batch not preprepared. Not resurrecting. fromView=2 segId=0 sn=52 toView=3
03:59:03.145 DBG Batch not preprepared. Not resurrecting. fromView=2 segId=1 sn=55 toView=3
03:59:03.145 DBG Batch not preprepared. Not resurrecting. fromView=2 segId=0 sn=54 toView=3
03:59:03.145 DBG Batch not preprepared. Not resurrecting. fromView=2 segId=1 sn=57 toView=3
03:59:03.145 DBG Batch not preprepared. Not resurrecting. fromView=2 segId=0 sn=56 toView=3
03:59:03.145 DBG Batch not preprepared. Not resurrecting. fromView=2 segId=1 sn=59 toView=3
03:59:03.145 DBG Batch not preprepared. Not resurrecting. fromView=2 segId=0 sn=58 toView=3
03:59:03.145 DBG Batch not preprepared. Not resurrecting. fromView=2 segId=1 sn=61 toView=3
03:59:03.145 DBG Batch not preprepared. Not resurrecting. fromView=2 segId=0 sn=60 toView=3
03:59:03.146 DBG Batch not preprepared. Not resurrecting. fromView=2 segId=1 sn=63 toView=3
03:59:03.146 DBG Batch not preprepared. Not resurrecting. fromView=2 segId=0 sn=62 toView=3
03:59:03.146 DBG Batch not preprepared. Not resurrecting. fromView=2 segId=1 sn=65 toView=3
03:59:03.146 DBG Batch not preprepared. Not resurrecting. fromView=2 segId=0 sn=64 toView=3
03:59:03.146 DBG Batch not preprepared. Not resurrecting. fromView=2 segId=1 sn=67 toView=3
03:59:03.146 DBG Batch not preprepared. Not resurrecting. fromView=2 segId=0 sn=66 toView=3
03:59:03.146 DBG Batch not preprepared. Not resurrecting. fromView=2 segId=1 sn=69 toView=3
03:59:03.146 DBG Batch not preprepared. Not resurrecting. fromView=2 segId=0 sn=68 toView=3
03:59:03.146 DBG Batch not preprepared. Not resurrecting. fromView=2 segId=1 sn=71 toView=3
03:59:03.146 DBG Batch not preprepared. Not resurrecting. fromView=2 segId=0 sn=70 toView=3
03:59:03.146 DBG Batch not preprepared. Not resurrecting. fromView=2 segId=1 sn=73 toView=3
03:59:03.146 DBG Batch not preprepared. Not resurrecting. fromView=2 segId=0 sn=72 toView=3
03:59:03.146 DBG Batch not preprepared. Not resurrecting. fromView=2 segId=1 sn=75 toView=3
03:59:03.146 DBG Batch not preprepared. Not resurrecting. fromView=2 segId=0 sn=74 toView=3
03:59:03.147 DBG Batch not preprepared. Not resurrecting. fromView=2 segId=1 sn=77 toView=3
03:59:03.147 DBG Batch not preprepared. Not resurrecting. fromView=2 segId=0 sn=76 toView=3
03:59:03.147 DBG Batch not preprepared. Not resurrecting. fromView=2 segId=1 sn=79 toView=3
03:59:03.147 DBG Batch not preprepared. Not resurrecting. fromView=2 segId=0 sn=78 toView=3
03:59:03.147 DBG Batch not preprepared. Not resurrecting. fromView=2 segId=1 sn=81 toView=3
03:59:03.147 DBG Batch not preprepared. Not resurrecting. fromView=2 segId=0 sn=80 toView=3
03:59:03.147 DBG Batch not preprepared. Not resurrecting. fromView=2 segId=1 sn=83 toView=3
03:59:03.147 DBG Batch not preprepared. Not resurrecting. fromView=2 segId=0 sn=82 toView=3
03:59:03.147 DBG Batch not preprepared. Not resurrecting. fromView=2 segId=1 sn=85 toView=3
03:59:03.147 DBG Batch not preprepared. Not resurrecting. fromView=2 segId=0 sn=84 toView=3
03:59:03.147 DBG Batch not preprepared. Not resurrecting. fromView=2 segId=1 sn=87 toView=3
03:59:03.147 DBG Batch not preprepared. Not resurrecting. fromView=2 segId=0 sn=86 toView=3
03:59:03.147 DBG Batch not preprepared. Not resurrecting. fromView=2 segId=1 sn=89 toView=3
03:59:03.147 DBG Batch not preprepared. Not resurrecting. fromView=2 segId=0 sn=88 toView=3
03:59:03.148 DBG Batch not preprepared. Not resurrecting. fromView=2 segId=1 sn=91 toView=3
03:59:03.148 DBG Batch not preprepared. Not resurrecting. fromView=2 segId=0 sn=90 toView=3
03:59:03.148 DBG Batch not preprepared. Not resurrecting. fromView=2 segId=1 sn=93 toView=3
03:59:03.148 DBG Batch not preprepared. Not resurrecting. fromView=2 segId=0 sn=92 toView=3
03:59:03.148 DBG Batch not preprepared. Not resurrecting. fromView=2 segId=1 sn=95 toView=3
03:59:03.148 DBG Batch not preprepared. Not resurrecting. fromView=2 segId=0 sn=94 toView=3
03:59:03.148 DBG Batch not preprepared. Not resurrecting. fromView=2 segId=1 sn=97 toView=3
03:59:03.148 DBG Batch not preprepared. Not resurrecting. fromView=2 segId=0 sn=96 toView=3
03:59:03.148 DBG Batch not preprepared. Not resurrecting. fromView=2 segId=1 sn=99 toView=3
03:59:03.148 DBG Batch not preprepared. Not resurrecting. fromView=2 segId=0 sn=98 toView=3
03:59:03.148 DBG Batch not preprepared. Not resurrecting. fromView=2 segId=1 sn=101 toView=3
03:59:03.148 DBG Batch not preprepared. Not resurrecting. fromView=2 segId=0 sn=100 toView=3
03:59:03.148 DBG Batch not preprepared. Not resurrecting. fromView=2 segId=1 sn=103 toView=3
03:59:03.149 DBG Batch not preprepared. Not resurrecting. fromView=2 segId=0 sn=102 toView=3
03:59:03.149 DBG Batch not preprepared. Not resurrecting. fromView=2 segId=1 sn=105 toView=3
03:59:03.149 DBG Batch not preprepared. Not resurrecting. fromView=2 segId=0 sn=104 toView=3
03:59:03.149 DBG Batch not preprepared. Not resurrecting. fromView=2 segId=1 sn=107 toView=3
03:59:03.149 DBG Batch not preprepared. Not resurrecting. fromView=2 segId=0 sn=106 toView=3
03:59:03.149 DBG Batch not preprepared. Not resurrecting. fromView=2 segId=1 sn=109 toView=3
03:59:03.149 DBG Batch not preprepared. Not resurrecting. fromView=2 segId=0 sn=108 toView=3
03:59:03.149 DBG Batch not preprepared. Not resurrecting. fromView=2 segId=1 sn=111 toView=3
03:59:03.149 DBG Batch not preprepared. Not resurrecting. fromView=2 segId=0 sn=110 toView=3
03:59:03.149 DBG Batch not preprepared. Not resurrecting. fromView=2 segId=1 sn=113 toView=3
03:59:03.149 DBG Batch not preprepared. Not resurrecting. fromView=2 segId=0 sn=112 toView=3
03:59:03.149 DBG Batch not preprepared. Not resurrecting. fromView=2 segId=1 sn=115 toView=3
03:59:03.149 DBG Batch not preprepared. Not resurrecting. fromView=2 segId=0 sn=114 toView=3
03:59:03.149 DBG Batch not preprepared. Not resurrecting. fromView=2 segId=1 sn=117 toView=3
03:59:03.150 DBG Batch not preprepared. Not resurrecting. fromView=2 segId=0 sn=116 toView=3
03:59:03.150 DBG Batch not preprepared. Not resurrecting. fromView=2 segId=1 sn=119 toView=3
03:59:03.150 DBG Batch not preprepared. Not resurrecting. fromView=2 segId=0 sn=118 toView=3
03:59:03.150 DBG Batch not preprepared. Not resurrecting. fromView=2 segId=1 sn=121 toView=3
03:59:03.150 DBG Batch not preprepared. Not resurrecting. fromView=2 segId=0 sn=120 toView=3
03:59:03.150 DBG Batch not preprepared. Not resurrecting. fromView=2 segId=1 sn=123 toView=3
03:59:03.150 DBG Batch not preprepared. Not resurrecting. fromView=2 segId=0 sn=122 toView=3
03:59:03.150 DBG Batch not preprepared. Not resurrecting. fromView=2 segId=1 sn=125 toView=3
03:59:03.150 DBG Batch not preprepared. Not resurrecting. fromView=2 segId=0 sn=124 toView=3
03:59:03.150 DBG Batch not preprepared. Not resurrecting. fromView=2 segId=1 sn=127 toView=3
03:59:03.150 DBG Batch not preprepared. Not resurrecting. fromView=2 segId=0 sn=126 toView=3
03:59:03.151 INF Requesting VIEWCHANGE. receiverID=0 segID=1 senderID=0 view=3
03:59:03.151 INF Requesting VIEWCHANGE. receiverID=3 segID=0 senderID=0 view=3
03:59:03.151 DBG Adding view change message. currentView=3 msgView=3 numViewChanges=1
03:59:03.152 INF Handling VIEWCHANGE. msgView=3 ownView=3 segID=1 senderID=1
03:59:03.152 INF Adding view change message. currentView=3 msgView=3 numViewChanges=2
04:07:03.152 WRN Timeout segId=1 sn=-1 view=3
04:07:03.152 WRN Timeout segId=0 sn=-1 view=3
04:07:03.152 INF Starting new view. segID=1 timeout=960000 view=4
04:07:03.152 INF Starting new view. segID=0 timeout=960000 view=4
04:07:03.152 DBG Batch not preprepared. Not resurrecting. fromView=3 segId=1 sn=1 toView=4
04:07:03.152 DBG Batch not preprepared. Not resurrecting. fromView=3 segId=0 sn=0 toView=4
04:07:03.152 DBG Batch not preprepared. Not resurrecting. fromView=3 segId=1 sn=3 toView=4
04:07:03.152 DBG Batch not preprepared. Not resurrecting. fromView=3 segId=0 sn=2 toView=4
04:07:03.152 DBG Batch not preprepared. Not resurrecting. fromView=3 segId=1 sn=5 toView=4
04:07:03.152 DBG Batch not preprepared. Not resurrecting. fromView=3 segId=0 sn=4 toView=4
04:07:03.153 DBG Batch not preprepared. Not resurrecting. fromView=3 segId=1 sn=7 toView=4
04:07:03.153 DBG Batch not preprepared. Not resurrecting. fromView=3 segId=0 sn=6 toView=4
04:07:03.153 DBG Batch not preprepared. Not resurrecting. fromView=3 segId=1 sn=9 toView=4
04:07:03.153 DBG Batch not preprepared. Not resurrecting. fromView=3 segId=0 sn=8 toView=4
04:07:03.153 DBG Batch not preprepared. Not resurrecting. fromView=3 segId=1 sn=11 toView=4
04:07:03.153 DBG Batch not preprepared. Not resurrecting. fromView=3 segId=0 sn=10 toView=4
04:07:03.153 DBG Batch not preprepared. Not resurrecting. fromView=3 segId=1 sn=13 toView=4
04:07:03.153 DBG Batch not preprepared. Not resurrecting. fromView=3 segId=0 sn=12 toView=4
04:07:03.153 DBG Batch not preprepared. Not resurrecting. fromView=3 segId=1 sn=15 toView=4
04:07:03.153 DBG Batch not preprepared. Not resurrecting. fromView=3 segId=0 sn=14 toView=4
04:07:03.153 DBG Batch not preprepared. Not resurrecting. fromView=3 segId=1 sn=17 toView=4
04:07:03.153 DBG Batch not preprepared. Not resurrecting. fromView=3 segId=0 sn=16 toView=4
04:07:03.153 DBG Batch not preprepared. Not resurrecting. fromView=3 segId=1 sn=19 toView=4
04:07:03.154 DBG Batch not preprepared. Not resurrecting. fromView=3 segId=0 sn=18 toView=4
04:07:03.154 DBG Batch not preprepared. Not resurrecting. fromView=3 segId=1 sn=21 toView=4
04:07:03.154 DBG Batch not preprepared. Not resurrecting. fromView=3 segId=0 sn=20 toView=4
04:07:03.154 DBG Batch not preprepared. Not resurrecting. fromView=3 segId=1 sn=23 toView=4
04:07:03.154 DBG Batch not preprepared. Not resurrecting. fromView=3 segId=0 sn=22 toView=4
04:07:03.154 DBG Batch not preprepared. Not resurrecting. fromView=3 segId=1 sn=25 toView=4
04:07:03.154 DBG Batch not preprepared. Not resurrecting. fromView=3 segId=0 sn=24 toView=4
04:07:03.154 DBG Batch not preprepared. Not resurrecting. fromView=3 segId=1 sn=27 toView=4
04:07:03.154 DBG Batch not preprepared. Not resurrecting. fromView=3 segId=0 sn=26 toView=4
04:07:03.154 DBG Batch not preprepared. Not resurrecting. fromView=3 segId=1 sn=29 toView=4
04:07:03.154 DBG Batch not preprepared. Not resurrecting. fromView=3 segId=0 sn=28 toView=4
04:07:03.154 DBG Batch not preprepared. Not resurrecting. fromView=3 segId=1 sn=31 toView=4
04:07:03.154 DBG Batch not preprepared. Not resurrecting. fromView=3 segId=0 sn=30 toView=4
04:07:03.155 DBG Batch not preprepared. Not resurrecting. fromView=3 segId=1 sn=33 toView=4
04:07:03.155 DBG Batch not preprepared. Not resurrecting. fromView=3 segId=0 sn=32 toView=4
04:07:03.155 DBG Batch not preprepared. Not resurrecting. fromView=3 segId=1 sn=35 toView=4
04:07:03.155 DBG Batch not preprepared. Not resurrecting. fromView=3 segId=0 sn=34 toView=4
04:07:03.155 DBG Batch not preprepared. Not resurrecting. fromView=3 segId=1 sn=37 toView=4
04:07:03.155 DBG Batch not preprepared. Not resurrecting. fromView=3 segId=0 sn=36 toView=4
04:07:03.155 DBG Batch not preprepared. Not resurrecting. fromView=3 segId=1 sn=39 toView=4
04:07:03.155 DBG Batch not preprepared. Not resurrecting. fromView=3 segId=0 sn=38 toView=4
04:07:03.155 DBG Batch not preprepared. Not resurrecting. fromView=3 segId=1 sn=41 toView=4
04:07:03.155 DBG Batch not preprepared. Not resurrecting. fromView=3 segId=0 sn=40 toView=4
04:07:03.155 DBG Batch not preprepared. Not resurrecting. fromView=3 segId=1 sn=43 toView=4
04:07:03.155 DBG Batch not preprepared. Not resurrecting. fromView=3 segId=0 sn=42 toView=4
04:07:03.155 DBG Batch not preprepared. Not resurrecting. fromView=3 segId=1 sn=45 toView=4
04:07:03.155 DBG Batch not preprepared. Not resurrecting. fromView=3 segId=0 sn=44 toView=4
04:07:03.156 DBG Batch not preprepared. Not resurrecting. fromView=3 segId=1 sn=47 toView=4
04:07:03.156 DBG Batch not preprepared. Not resurrecting. fromView=3 segId=0 sn=46 toView=4
04:07:03.156 DBG Batch not preprepared. Not resurrecting. fromView=3 segId=1 sn=49 toView=4
04:07:03.156 DBG Batch not preprepared. Not resurrecting. fromView=3 segId=0 sn=48 toView=4
04:07:03.156 DBG Batch not preprepared. Not resurrecting. fromView=3 segId=1 sn=51 toView=4
04:07:03.156 DBG Batch not preprepared. Not resurrecting. fromView=3 segId=0 sn=50 toView=4
04:07:03.156 DBG Batch not preprepared. Not resurrecting. fromView=3 segId=1 sn=53 toView=4
04:07:03.156 DBG Batch not preprepared. Not resurrecting. fromView=3 segId=0 sn=52 toView=4
04:07:03.156 DBG Batch not preprepared. Not resurrecting. fromView=3 segId=1 sn=55 toView=4
04:07:03.156 DBG Batch not preprepared. Not resurrecting. fromView=3 segId=0 sn=54 toView=4
04:07:03.156 DBG Batch not preprepared. Not resurrecting. fromView=3 segId=1 sn=57 toView=4
04:07:03.156 DBG Batch not preprepared. Not resurrecting. fromView=3 segId=0 sn=56 toView=4
04:07:03.156 DBG Batch not preprepared. Not resurrecting. fromView=3 segId=1 sn=59 toView=4
04:07:03.156 DBG Batch not preprepared. Not resurrecting. fromView=3 segId=0 sn=58 toView=4
04:07:03.157 DBG Batch not preprepared. Not resurrecting. fromView=3 segId=1 sn=61 toView=4
04:07:03.157 DBG Batch not preprepared. Not resurrecting. fromView=3 segId=0 sn=60 toView=4
04:07:03.157 DBG Batch not preprepared. Not resurrecting. fromView=3 segId=1 sn=63 toView=4
04:07:03.157 DBG Batch not preprepared. Not resurrecting. fromView=3 segId=0 sn=62 toView=4
04:07:03.157 DBG Batch not preprepared. Not resurrecting. fromView=3 segId=1 sn=65 toView=4
04:07:03.157 DBG Batch not preprepared. Not resurrecting. fromView=3 segId=0 sn=64 toView=4
04:07:03.157 DBG Batch not preprepared. Not resurrecting. fromView=3 segId=1 sn=67 toView=4
04:07:03.157 DBG Batch not preprepared. Not resurrecting. fromView=3 segId=0 sn=66 toView=4
04:07:03.157 DBG Batch not preprepared. Not resurrecting. fromView=3 segId=1 sn=69 toView=4
04:07:03.157 DBG Batch not preprepared. Not resurrecting. fromView=3 segId=0 sn=68 toView=4
04:07:03.157 DBG Batch not preprepared. Not resurrecting. fromView=3 segId=1 sn=71 toView=4
04:07:03.157 DBG Batch not preprepared. Not resurrecting. fromView=3 segId=0 sn=70 toView=4
04:07:03.157 DBG Batch not preprepared. Not resurrecting. fromView=3 segId=1 sn=73 toView=4
04:07:03.158 DBG Batch not preprepared. Not resurrecting. fromView=3 segId=0 sn=72 toView=4
04:07:03.158 DBG Batch not preprepared. Not resurrecting. fromView=3 segId=1 sn=75 toView=4
04:07:03.158 DBG Batch not preprepared. Not resurrecting. fromView=3 segId=0 sn=74 toView=4
04:07:03.158 DBG Batch not preprepared. Not resurrecting. fromView=3 segId=1 sn=77 toView=4
04:07:03.158 DBG Batch not preprepared. Not resurrecting. fromView=3 segId=0 sn=76 toView=4
04:07:03.158 DBG Batch not preprepared. Not resurrecting. fromView=3 segId=1 sn=79 toView=4
04:07:03.158 DBG Batch not preprepared. Not resurrecting. fromView=3 segId=0 sn=78 toView=4
04:07:03.158 DBG Batch not preprepared. Not resurrecting. fromView=3 segId=1 sn=81 toView=4
04:07:03.158 DBG Batch not preprepared. Not resurrecting. fromView=3 segId=0 sn=80 toView=4
04:07:03.158 DBG Batch not preprepared. Not resurrecting. fromView=3 segId=1 sn=83 toView=4
04:07:03.158 DBG Batch not preprepared. Not resurrecting. fromView=3 segId=0 sn=82 toView=4
04:07:03.158 DBG Batch not preprepared. Not resurrecting. fromView=3 segId=1 sn=85 toView=4
04:07:03.158 DBG Batch not preprepared. Not resurrecting. fromView=3 segId=0 sn=84 toView=4
04:07:03.159 DBG Batch not preprepared. Not resurrecting. fromView=3 segId=1 sn=87 toView=4
04:07:03.159 DBG Batch not preprepared. Not resurrecting. fromView=3 segId=0 sn=86 toView=4
04:07:03.159 DBG Batch not preprepared. Not resurrecting. fromView=3 segId=1 sn=89 toView=4
04:07:03.159 DBG Batch not preprepared. Not resurrecting. fromView=3 segId=0 sn=88 toView=4
04:07:03.159 DBG Batch not preprepared. Not resurrecting. fromView=3 segId=1 sn=91 toView=4
04:07:03.159 DBG Batch not preprepared. Not resurrecting. fromView=3 segId=0 sn=90 toView=4
04:07:03.159 DBG Batch not preprepared. Not resurrecting. fromView=3 segId=1 sn=93 toView=4
04:07:03.159 DBG Batch not preprepared. Not resurrecting. fromView=3 segId=0 sn=92 toView=4
04:07:03.159 DBG Batch not preprepared. Not resurrecting. fromView=3 segId=1 sn=95 toView=4
04:07:03.159 DBG Batch not preprepared. Not resurrecting. fromView=3 segId=0 sn=94 toView=4
04:07:03.159 DBG Batch not preprepared. Not resurrecting. fromView=3 segId=1 sn=97 toView=4
04:07:03.159 DBG Batch not preprepared. Not resurrecting. fromView=3 segId=0 sn=96 toView=4
04:07:03.159 DBG Batch not preprepared. Not resurrecting. fromView=3 segId=1 sn=99 toView=4
04:07:03.159 DBG Batch not preprepared. Not resurrecting. fromView=3 segId=0 sn=98 toView=4
04:07:03.160 DBG Batch not preprepared. Not resurrecting. fromView=3 segId=1 sn=101 toView=4
04:07:03.160 DBG Batch not preprepared. Not resurrecting. fromView=3 segId=0 sn=100 toView=4
04:07:03.160 DBG Batch not preprepared. Not resurrecting. fromView=3 segId=1 sn=103 toView=4
04:07:03.160 DBG Batch not preprepared. Not resurrecting. fromView=3 segId=0 sn=102 toView=4
04:07:03.160 DBG Batch not preprepared. Not resurrecting. fromView=3 segId=1 sn=105 toView=4
04:07:03.160 DBG Batch not preprepared. Not resurrecting. fromView=3 segId=0 sn=104 toView=4
04:07:03.160 DBG Batch not preprepared. Not resurrecting. fromView=3 segId=1 sn=107 toView=4
04:07:03.160 DBG Batch not preprepared. Not resurrecting. fromView=3 segId=0 sn=106 toView=4
04:07:03.160 DBG Batch not preprepared. Not resurrecting. fromView=3 segId=1 sn=109 toView=4
04:07:03.160 DBG Batch not preprepared. Not resurrecting. fromView=3 segId=0 sn=108 toView=4
04:07:03.160 DBG Batch not preprepared. Not resurrecting. fromView=3 segId=1 sn=111 toView=4
04:07:03.160 DBG Batch not preprepared. Not resurrecting. fromView=3 segId=0 sn=110 toView=4
04:07:03.160 DBG Batch not preprepared. Not resurrecting. fromView=3 segId=1 sn=113 toView=4
04:07:03.161 DBG Batch not preprepared. Not resurrecting. fromView=3 segId=0 sn=112 toView=4
04:07:03.161 DBG Batch not preprepared. Not resurrecting. fromView=3 segId=1 sn=115 toView=4
04:07:03.161 DBG Batch not preprepared. Not resurrecting. fromView=3 segId=0 sn=114 toView=4
04:07:03.161 DBG Batch not preprepared. Not resurrecting. fromView=3 segId=1 sn=117 toView=4
04:07:03.161 DBG Batch not preprepared. Not resurrecting. fromView=3 segId=0 sn=116 toView=4
04:07:03.161 DBG Batch not preprepared. Not resurrecting. fromView=3 segId=1 sn=119 toView=4
04:07:03.161 DBG Batch not preprepared. Not resurrecting. fromView=3 segId=0 sn=118 toView=4
04:07:03.161 DBG Batch not preprepared. Not resurrecting. fromView=3 segId=1 sn=121 toView=4
04:07:03.161 DBG Batch not preprepared. Not resurrecting. fromView=3 segId=0 sn=120 toView=4
04:07:03.161 DBG Batch not preprepared. Not resurrecting. fromView=3 segId=1 sn=123 toView=4
04:07:03.161 DBG Batch not preprepared. Not resurrecting. fromView=3 segId=0 sn=122 toView=4
04:07:03.161 DBG Batch not preprepared. Not resurrecting. fromView=3 segId=1 sn=125 toView=4
04:07:03.161 DBG Batch not preprepared. Not resurrecting. fromView=3 segId=0 sn=124 toView=4
04:07:03.161 DBG Batch not preprepared. Not resurrecting. fromView=3 segId=1 sn=127 toView=4
04:07:03.162 DBG Batch not preprepared. Not resurrecting. fromView=3 segId=0 sn=126 toView=4
04:07:03.162 INF Requesting VIEWCHANGE. receiverID=1 segID=1 senderID=0 view=4
04:07:03.162 INF Requesting VIEWCHANGE. receiverID=0 segID=0 senderID=0 view=4
04:07:03.163 DBG Adding view change message. currentView=4 msgView=4 numViewChanges=1
04:07:03.163 INF Handling VIEWCHANGE. msgView=4 ownView=4 segID=0 senderID=1
04:07:03.163 INF Adding view change message. currentView=4 msgView=4 numViewChanges=2
04:08:05.202 INF Connection terminated. error="rpc error: code = Canceled desc = context canceled" address=127.0.0.1:49198
04:08:05.202 ERR Expected EOF on Buckets RPC. error="rpc error: code = Canceled desc = context canceled"
04:08:05.208 INF Stopping profiler.
04:08:05.208 INF Stopping Tracer. events=1981 fileName=experiment-output/0003/slave-002/peer.trc
==================
WARNING: DATA RACE
Read at 0x00c0009b0000 by goroutine 115:
  runtime.racereadrange()
      <autogenerated>:1 +0x1b
  github.com/hyperledger-labs/mirbft/tracing.(*BufferedTrace).StopOnSignal.func1()
      /opt/gopath/src/github.com/hyperledger-labs/mirbft/tracing/bufferedtrace.go:298 +0x4e

Previous write at 0x00c0009b0000 by goroutine 414:
  github.com/hyperledger-labs/mirbft/tracing.(*BufferedTrace).Event()
      /opt/gopath/src/github.com/hyperledger-labs/mirbft/tracing/bufferedtrace.go:105 +0x2d9
  github.com/hyperledger-labs/mirbft/manager.(*MirManager).handleLogEntries()
      /opt/gopath/src/github.com/hyperledger-labs/mirbft/manager/mirmanager.go:139 +0x1d8
  github.com/hyperledger-labs/mirbft/manager.(*MirManager).Startdwrap7()
      /opt/gopath/src/github.com/hyperledger-labs/mirbft/manager/mirmanager.go:101 +0x47

Goroutine 115 (running) created at:
  github.com/hyperledger-labs/mirbft/tracing.(*BufferedTrace).StopOnSignal()
      /opt/gopath/src/github.com/hyperledger-labs/mirbft/tracing/bufferedtrace.go:292 +0x172
  main.setUpTracing()
      /opt/gopath/src/github.com/hyperledger-labs/mirbft/cmd/orderingpeer/main.go:204 +0xf5
  main.main()
      /opt/gopath/src/github.com/hyperledger-labs/mirbft/cmd/orderingpeer/main.go:98 +0x9d6

Goroutine 414 (running) created at:
  github.com/hyperledger-labs/mirbft/manager.(*MirManager).Start()
      /opt/gopath/src/github.com/hyperledger-labs/mirbft/manager/mirmanager.go:101 +0x19e
  main.maindwrap4()
      /opt/gopath/src/github.com/hyperledger-labs/mirbft/cmd/orderingpeer/main.go:168 +0x59
==================
==================
WARNING: DATA RACE
Read at 0x00c0009c3560 by goroutine 115:
  runtime.racereadrange()
      <autogenerated>:1 +0x1b
  github.com/hyperledger-labs/mirbft/tracing.(*BufferedTrace).StopOnSignal.func1()
      /opt/gopath/src/github.com/hyperledger-labs/mirbft/tracing/bufferedtrace.go:298 +0x4e

Previous write at 0x00c0009c3560 by goroutine 114:
  github.com/hyperledger-labs/mirbft/tracing.(*BufferedTrace).Event()
      /opt/gopath/src/github.com/hyperledger-labs/mirbft/tracing/bufferedtrace.go:105 +0x2d9
  github.com/hyperledger-labs/mirbft/profiling.StartCPUTracing.func1()
      /opt/gopath/src/github.com/hyperledger-labs/mirbft/profiling/cpuusage.go:31 +0x95

Goroutine 115 (running) created at:
  github.com/hyperledger-labs/mirbft/tracing.(*BufferedTrace).StopOnSignal()
      /opt/gopath/src/github.com/hyperledger-labs/mirbft/tracing/bufferedtrace.go:292 +0x172
  main.setUpTracing()
      /opt/gopath/src/github.com/hyperledger-labs/mirbft/cmd/orderingpeer/main.go:204 +0xf5
  main.main()
      /opt/gopath/src/github.com/hyperledger-labs/mirbft/cmd/orderingpeer/main.go:98 +0x9d6

Goroutine 114 (running) created at:
  github.com/hyperledger-labs/mirbft/profiling.StartCPUTracing()
      /opt/gopath/src/github.com/hyperledger-labs/mirbft/profiling/cpuusage.go:28 +0xb6
  main.setUpTracing()
      /opt/gopath/src/github.com/hyperledger-labs/mirbft/cmd/orderingpeer/main.go:196 +0x85
  main.main()
      /opt/gopath/src/github.com/hyperledger-labs/mirbft/cmd/orderingpeer/main.go:98 +0x9d6
==================
04:08:05.231 INF Trace data written.
04:08:05.366 INF Profile data written. filename=experiment-output/0003/slave-002/prof.cpu name=cpu
04:08:05.444 INF Profile data written. filename=experiment-output/0003/slave-002/prof.block name=block
04:08:05.450 INF Connection terminated. error="rpc error: code = Canceled desc = context canceled" address=127.0.0.1:49178
04:08:05.450 INF Connection terminated. error="rpc error: code = Canceled desc = context canceled" address=127.0.0.1:49180
04:08:05.450 INF Connection terminated. error="rpc error: code = Canceled desc = context canceled" address=127.0.0.1:49144
04:08:05.450 INF Connection terminated. error="rpc error: code = Canceled desc = context canceled" address=127.0.0.1:49156
04:08:05.450 INF Connection terminated. error="rpc error: code = Canceled desc = context canceled" address=127.0.0.1:49184
04:08:05.450 INF Connection terminated. error="rpc error: code = Canceled desc = context canceled" address=127.0.0.1:49122
04:08:05.474 INF Profile data written. filename=experiment-output/0003/slave-002/prof.mutex name=mutex
