{"level":"debug","Logging":"debug","time":"2022-08-04T17:19:55+08:00","message":"Config"}
{"level":"debug","UseTLS":false,"time":"2022-08-04T17:19:55+08:00","message":"Config"}
{"level":"debug","CACertFile":"tls-data/ca.pem","time":"2022-08-04T17:19:55+08:00","message":"Config"}
{"level":"debug","KeyFile":"tls-data/auth.key","time":"2022-08-04T17:19:55+08:00","message":"Config"}
{"level":"debug","CertFile":"tls-data/auth.pem","time":"2022-08-04T17:19:55+08:00","message":"Config"}
{"level":"debug","PriorityConnections":2,"time":"2022-08-04T17:19:55+08:00","message":"Config"}
{"level":"debug","BasicConnections":4,"time":"2022-08-04T17:19:55+08:00","message":"Config"}
{"level":"debug","TestConnections":false,"time":"2022-08-04T17:19:55+08:00","message":"Config"}
{"level":"debug","ExcessConnections":1,"time":"2022-08-04T17:19:55+08:00","message":"Config"}
{"level":"debug","ConnectionTestMsgs":4,"time":"2022-08-04T17:19:55+08:00","message":"Config"}
{"level":"debug","ConnectionTestPayload":131072,"time":"2022-08-04T17:19:55+08:00","message":"Config"}
{"level":"debug","OutMessageBufsize":1024,"time":"2022-08-04T17:19:55+08:00","message":"Config"}
{"level":"debug","OutMessageBufsize":1,"time":"2022-08-04T17:19:55+08:00","message":"Config"}
{"level":"debug","ThroughputCap":131072000,"time":"2022-08-04T17:19:55+08:00","message":"Config"}
{"level":"debug","StragglerTolerance":1000,"time":"2022-08-04T17:19:55+08:00","message":"Config"}
{"level":"debug","BatchSizeIncrement":256,"time":"2022-08-04T17:19:55+08:00","message":"Config"}
{"level":"debug","Orderer":"Pbft","time":"2022-08-04T17:19:55+08:00","message":"Config"}
{"level":"debug","Manager":"Mir","time":"2022-08-04T17:19:55+08:00","message":"Config"}
{"level":"debug","Failures":0,"time":"2022-08-04T17:19:55+08:00","message":"Config"}
{"level":"debug","CrashTiming":"EpochStart","time":"2022-08-04T17:19:55+08:00","message":"Config"}
{"level":"debug","CheckpointInterval":256,"time":"2022-08-04T17:19:55+08:00","message":"Config"}
{"level":"debug","WatermarkWindowSize":256,"time":"2022-08-04T17:19:55+08:00","message":"Config"}
{"level":"debug","EpochLength":256,"time":"2022-08-04T17:19:55+08:00","message":"Config"}
{"level":"debug","SegmentLength":256,"time":"2022-08-04T17:19:55+08:00","message":"Config"}
{"level":"debug","WaitForCheckpoints":true,"time":"2022-08-04T17:19:55+08:00","message":"Config"}
{"level":"debug","ClientWatermarkWindowSize":4194304,"time":"2022-08-04T17:19:55+08:00","message":"Config"}
{"level":"debug","ClientRequestBacklogSize":4194304,"time":"2022-08-04T17:19:55+08:00","message":"Config"}
{"level":"debug","RandomSeed":24715,"time":"2022-08-04T17:19:55+08:00","message":"Config"}
{"level":"debug","NodeToLeaderRatio":1,"time":"2022-08-04T17:19:55+08:00","message":"Config"}
{"level":"debug","LeaderPolicy":"Single","time":"2022-08-04T17:19:55+08:00","message":"Config"}
{"level":"debug","DefaultLeaderBan":2,"time":"2022-08-04T17:19:55+08:00","message":"Config"}
{"level":"debug","NumBuckets":16,"time":"2022-08-04T17:19:55+08:00","message":"Config"}
{"level":"debug","BatchSize":1000,"time":"2022-08-04T17:19:55+08:00","message":"Config"}
{"level":"debug","DisabledViewChange":false,"time":"2022-08-04T17:19:55+08:00","message":"Config"}
{"level":"debug","ViewChangeTimeout":60000,"time":"2022-08-04T17:19:55+08:00","message":"Config"}
{"level":"debug","ClientTraceSampling":10,"time":"2022-08-04T17:19:55+08:00","message":"Config"}
{"level":"debug","EventBufferSize":2097152,"time":"2022-08-04T17:19:55+08:00","message":"Config"}
{"level":"debug","TraceSampling":1,"time":"2022-08-04T17:19:55+08:00","message":"Config"}
{"level":"debug","ClientsPerProcess":1,"time":"2022-08-04T17:19:55+08:00","message":"Config"}
{"level":"debug","RequestsPerClient":7680,"time":"2022-08-04T17:19:55+08:00","message":"Config"}
{"level":"debug","ClientRunTime":30000,"time":"2022-08-04T17:19:55+08:00","message":"Config"}
{"level":"debug","RequestRate":128,"time":"2022-08-04T17:19:55+08:00","message":"Config"}
{"level":"debug","HardRequestRateLimit":false,"time":"2022-08-04T17:19:55+08:00","message":"Config"}
{"level":"debug","RequestPayloadSize":500,"time":"2022-08-04T17:19:55+08:00","message":"Config"}
{"level":"debug","SignRequests":true,"time":"2022-08-04T17:19:55+08:00","message":"Config"}
{"level":"debug","ClientPrivKeyFile":"tls-data/client-ecdsa-256.key","time":"2022-08-04T17:19:55+08:00","message":"Config"}
{"level":"debug","ClientPubKeyFile":"tls-data/client-ecdsa-256.pem","time":"2022-08-04T17:19:55+08:00","message":"Config"}
{"level":"debug","PrecomputeRequests":false,"time":"2022-08-04T17:19:55+08:00","message":"Config"}
{"level":"debug","RequestHandlerThreads":32,"time":"2022-08-04T17:19:55+08:00","message":"Config"}
{"level":"debug","RequestInputChannelBuffer":8192,"time":"2022-08-04T17:19:55+08:00","message":"Config"}
{"level":"debug","BatchVerifier":"external","time":"2022-08-04T17:19:55+08:00","message":"Config"}
09:19:55.897 INF Registered with discovery server. numPeers=4 ownID=1
09:19:55.897 INF Profiling enabled.
09:19:55.898 INF Setting up profiling.
09:19:55.898 INF Started Profiler: CPU
09:19:55.898 INF Started Profiler: BLOCK
09:19:55.898 INF Started Profiler: MUTEX
09:19:55.898 INF Profiler will stop on signal. exit=true
09:19:55.900 INF Tracing will stop on signal. exit=false
09:19:55.901 INF Started tracing. traceFile=experiment-output/0002/slave-004/peer.trc
09:19:55.901 DBG Starting backlog.
09:19:55.901 INF Listening for connections. port=10011 useTLS=false
09:19:55.902 INF Connecting to peer. addr=127.0.0.1:10011 basicConns=4 priorityConns=2
09:19:55.902 INF Connecting to peer. addr=127.0.0.1:10022 basicConns=4 priorityConns=2
09:19:55.902 INF Connecting to peer. addr=127.0.0.1:10033 basicConns=4 priorityConns=2
09:19:55.902 INF Connecting to peer. addr=127.0.0.1:10000 basicConns=4 priorityConns=2
09:19:55.925 INF Incoming connection for protocol messages. addr=127.0.0.1:47868
09:19:55.926 INF Incoming connection for protocol messages. addr=127.0.0.1:47880
09:19:55.927 INF Incoming connection for protocol messages. addr=127.0.0.1:47886
09:19:55.927 INF Incoming connection for protocol messages. addr=127.0.0.1:47892
09:19:55.927 INF Incoming connection for protocol messages. addr=127.0.0.1:47890
09:19:55.928 INF Incoming connection for protocol messages. addr=127.0.0.1:47902
09:19:55.929 INF Incoming connection for protocol messages. addr=127.0.0.1:47900
09:19:55.929 INF Incoming connection for protocol messages. addr=127.0.0.1:47906
09:19:55.930 INF Incoming connection for protocol messages. addr=127.0.0.1:47904
09:19:55.930 INF Incoming connection for protocol messages. addr=127.0.0.1:47934
09:19:55.930 INF Incoming connection for protocol messages. addr=127.0.0.1:47908
09:19:55.932 INF Incoming connection for protocol messages. addr=127.0.0.1:47954
09:19:55.932 INF Incoming connection for protocol messages. addr=127.0.0.1:47950
09:19:55.933 INF Incoming connection for protocol messages. addr=127.0.0.1:47952
09:19:55.933 DBG Connected. peerID=1
09:19:55.933 INF Incoming connection for protocol messages. addr=127.0.0.1:47980
09:19:55.933 INF Incoming connection for protocol messages. addr=127.0.0.1:47918
09:19:55.933 INF Incoming connection for protocol messages. addr=127.0.0.1:47972
09:19:55.933 DBG Connected. peerID=0
09:19:55.935 DBG Connected. peerID=2
09:19:55.937 INF Incoming connection for protocol messages. addr=127.0.0.1:48016
09:19:55.939 INF Incoming connection for protocol messages. addr=127.0.0.1:47930
09:19:55.940 INF Incoming connection for protocol messages. addr=127.0.0.1:48012
09:19:55.941 INF Incoming connection for protocol messages. addr=127.0.0.1:48026
09:19:55.942 INF Incoming connection for protocol messages. addr=127.0.0.1:48004
09:19:55.945 INF Incoming connection for protocol messages. addr=127.0.0.1:48038
09:19:55.945 INF Incoming connection for protocol messages. addr=127.0.0.1:48040
09:19:55.948 DBG Connected. peerID=3
09:19:55.948 INF Connected to all peers.
09:19:55.955 INF All peers finished connecting. Starting ISS.
09:19:55.956 DBG Buckets for 0-th leader 0: [0 4 8 12 1 5 9 13 2 6 10 14 3 7 11 15]
09:19:55.957 INF PbftOrderer received a new segment: [0 1 2 3 4 5 6 7 8 9 10 11 12 13 14 15 16 17 18 19 20 21 22 23 24 25 26 27 28 29 30 31 32 33 34 35 36 37 38 39 40 41 42 43 44 45 46 47 48 49 50 51 52 53 54 55 56 57 58 59 60 61 62 63 64 65 66 67 68 69 70 71 72 73 74 75 76 77 78 79 80 81 82 83 84 85 86 87 88 89 90 91 92 93 94 95 96 97 98 99 100 101 102 103 104 105 106 107 108 109 110 111 112 113 114 115 116 117 118 119 120 121 122 123 124 125 126 127 128 129 130 131 132 133 134 135 136 137 138 139 140 141 142 143 144 145 146 147 148 149 150 151 152 153 154 155 156 157 158 159 160 161 162 163 164 165 166 167 168 169 170 171 172 173 174 175 176 177 178 179 180 181 182 183 184 185 186 187 188 189 190 191 192 193 194 195 196 197 198 199 200 201 202 203 204 205 206 207 208 209 210 211 212 213 214 215 216 217 218 219 220 221 222 223 224 225 226 227 228 229 230 231 232 233 234 235 236 237 238 239 240 241 242 243 244 245 246 247 248 249 250 251 252 253 254 255] first leader=0 firstSN=0 lastSN=255 len=256 length=256 segId=0
09:19:55.957 INF Starting new view. segID=0 timeout=60000 view=0
09:19:55.958 DBG Starting timer. sn=0 view=0
09:19:55.958 INF Starting PBFT instance. first=0 last=255 segID=0
09:19:55.958 DBG Subscribing to backlog. segID=0
09:19:55.958 INF Starting serialized message processing. segID=0
09:19:56.965 INF Handling PREPREPARE. nReq=0 senderID=0 sn=0
09:19:56.966 DBG Creating new Batch. nReq=0
09:19:56.966 DBG Sending PREPARE. senderID=1 sn=0 view=0
09:19:56.967 DBG Sending COMMIT. senderID=1 sn=0 view=0
09:19:56.969 INF Committed entry. latency=0 nReq=0 sn=0
09:19:56.969 INF Delivered batch. nReq=0 sn=0
09:19:56.969 DBG Starting timer. sn=1 view=0
09:19:57.962 INF Handling PREPREPARE. nReq=0 senderID=0 sn=1
09:19:57.962 DBG Creating new Batch. nReq=0
09:19:57.962 DBG Sending PREPARE. senderID=1 sn=1 view=0
09:19:57.963 DBG Sending COMMIT. senderID=1 sn=1 view=0
09:19:57.965 INF Committed entry. latency=0 nReq=0 sn=1
09:19:57.965 INF Delivered batch. nReq=0 sn=1
09:19:57.965 DBG Starting timer. sn=2 view=0
09:19:57.991 INF Incoming connection for requests. addr=127.0.0.1:48056
09:19:58.979 INF Handling PREPREPARE. nReq=122 senderID=0 sn=2
09:19:58.979 DBG Creating new Batch. nReq=122
09:19:59.000 DBG Sending PREPARE. senderID=1 sn=2 view=0
09:19:59.002 DBG Sending COMMIT. senderID=1 sn=2 view=0
09:19:59.004 INF Committed entry. latency=0 nReq=122 sn=2
09:19:59.005 INF Delivered batch. nReq=122 sn=2
09:19:59.005 DBG Starting timer. sn=3 view=0
09:19:59.980 INF Handling PREPREPARE. nReq=129 senderID=0 sn=3
09:19:59.980 DBG Creating new Batch. nReq=129
09:19:59.992 DBG Sending PREPARE. senderID=1 sn=3 view=0
09:19:59.995 DBG Sending COMMIT. senderID=1 sn=3 view=0
09:19:59.996 INF Committed entry. latency=0 nReq=129 sn=3
09:19:59.996 INF Delivered batch. nReq=129 sn=3
09:19:59.996 DBG Starting timer. sn=4 view=0
09:20:00.982 INF Handling PREPREPARE. nReq=128 senderID=0 sn=4
09:20:00.982 DBG Creating new Batch. nReq=128
09:20:00.996 DBG Sending PREPARE. senderID=1 sn=4 view=0
09:20:00.996 DBG Sending COMMIT. senderID=1 sn=4 view=0
09:20:00.999 INF Committed entry. latency=0 nReq=128 sn=4
09:20:00.999 INF Delivered batch. nReq=128 sn=4
09:20:00.999 DBG Starting timer. sn=5 view=0
09:20:01.983 INF Handling PREPREPARE. nReq=128 senderID=0 sn=5
09:20:01.983 DBG Creating new Batch. nReq=128
09:20:01.996 DBG Sending PREPARE. senderID=1 sn=5 view=0
09:20:01.997 DBG Sending COMMIT. senderID=1 sn=5 view=0
09:20:01.998 INF Committed entry. latency=0 nReq=128 sn=5
09:20:01.999 INF Delivered batch. nReq=128 sn=5
09:20:01.999 DBG Starting timer. sn=6 view=0
09:20:02.985 INF Handling PREPREPARE. nReq=128 senderID=0 sn=6
09:20:02.985 DBG Creating new Batch. nReq=128
09:20:02.997 DBG Sending PREPARE. senderID=1 sn=6 view=0
09:20:02.999 DBG Sending COMMIT. senderID=1 sn=6 view=0
09:20:02.999 INF Committed entry. latency=0 nReq=128 sn=6
09:20:03.000 INF Delivered batch. nReq=128 sn=6
09:20:03.000 DBG Starting timer. sn=7 view=0
09:20:03.986 INF Handling PREPREPARE. nReq=128 senderID=0 sn=7
09:20:03.986 DBG Creating new Batch. nReq=128
09:20:03.998 DBG Sending PREPARE. senderID=1 sn=7 view=0
09:20:03.998 DBG Sending COMMIT. senderID=1 sn=7 view=0
09:20:04.001 INF Committed entry. latency=0 nReq=128 sn=7
09:20:04.001 INF Delivered batch. nReq=128 sn=7
09:20:04.001 DBG Starting timer. sn=8 view=0
09:20:04.989 INF Handling PREPREPARE. nReq=129 senderID=0 sn=8
09:20:04.989 DBG Creating new Batch. nReq=129
09:20:05.001 DBG Sending PREPARE. senderID=1 sn=8 view=0
09:20:05.002 DBG Sending COMMIT. senderID=1 sn=8 view=0
09:20:05.004 INF Committed entry. latency=0 nReq=129 sn=8
09:20:05.005 INF Delivered batch. nReq=129 sn=8
09:20:05.005 DBG Starting timer. sn=9 view=0
09:20:05.989 INF Handling PREPREPARE. nReq=128 senderID=0 sn=9
09:20:05.989 DBG Creating new Batch. nReq=128
09:20:06.002 DBG Sending PREPARE. senderID=1 sn=9 view=0
09:20:06.003 DBG Sending COMMIT. senderID=1 sn=9 view=0
09:20:06.005 INF Committed entry. latency=0 nReq=128 sn=9
09:20:06.005 INF Delivered batch. nReq=128 sn=9
09:20:06.005 DBG Starting timer. sn=10 view=0
09:20:06.992 INF Handling PREPREPARE. nReq=128 senderID=0 sn=10
09:20:06.992 DBG Creating new Batch. nReq=128
09:20:07.004 DBG Sending PREPARE. senderID=1 sn=10 view=0
09:20:07.004 DBG Sending COMMIT. senderID=1 sn=10 view=0
09:20:07.006 INF Committed entry. latency=0 nReq=128 sn=10
09:20:07.006 INF Delivered batch. nReq=128 sn=10
09:20:07.006 DBG Starting timer. sn=11 view=0
09:20:07.992 INF Handling PREPREPARE. nReq=128 senderID=0 sn=11
09:20:07.992 DBG Creating new Batch. nReq=128
09:20:08.004 DBG Sending PREPARE. senderID=1 sn=11 view=0
09:20:08.005 DBG Sending COMMIT. senderID=1 sn=11 view=0
09:20:08.006 INF Committed entry. latency=0 nReq=128 sn=11
09:20:08.006 INF Delivered batch. nReq=128 sn=11
09:20:08.006 DBG Starting timer. sn=12 view=0
09:20:08.995 INF Handling PREPREPARE. nReq=129 senderID=0 sn=12
09:20:08.995 DBG Creating new Batch. nReq=129
09:20:09.008 DBG Sending PREPARE. senderID=1 sn=12 view=0
09:20:09.008 DBG Sending COMMIT. senderID=1 sn=12 view=0
09:20:09.010 INF Committed entry. latency=0 nReq=129 sn=12
09:20:09.011 INF Delivered batch. nReq=129 sn=12
09:20:09.011 DBG Starting timer. sn=13 view=0
09:20:09.996 INF Handling PREPREPARE. nReq=128 senderID=0 sn=13
09:20:09.997 DBG Creating new Batch. nReq=128
09:20:10.009 DBG Sending PREPARE. senderID=1 sn=13 view=0
09:20:10.009 DBG Sending COMMIT. senderID=1 sn=13 view=0
09:20:10.011 INF Committed entry. latency=0 nReq=128 sn=13
09:20:10.011 INF Delivered batch. nReq=128 sn=13
09:20:10.012 DBG Starting timer. sn=14 view=0
09:20:10.996 INF Handling PREPREPARE. nReq=128 senderID=0 sn=14
09:20:10.996 DBG Creating new Batch. nReq=128
09:20:11.008 DBG Sending PREPARE. senderID=1 sn=14 view=0
09:20:11.009 DBG Sending COMMIT. senderID=1 sn=14 view=0
09:20:11.010 INF Committed entry. latency=0 nReq=128 sn=14
09:20:11.010 INF Delivered batch. nReq=128 sn=14
09:20:11.011 DBG Starting timer. sn=15 view=0
09:20:11.997 INF Handling PREPREPARE. nReq=128 senderID=0 sn=15
09:20:11.997 DBG Creating new Batch. nReq=128
09:20:12.009 DBG Sending PREPARE. senderID=1 sn=15 view=0
09:20:12.011 DBG Sending COMMIT. senderID=1 sn=15 view=0
09:20:12.012 INF Committed entry. latency=0 nReq=128 sn=15
09:20:12.012 INF Delivered batch. nReq=128 sn=15
09:20:12.012 DBG Starting timer. sn=16 view=0
09:20:13.001 INF Handling PREPREPARE. nReq=128 senderID=0 sn=16
09:20:13.001 DBG Creating new Batch. nReq=128
09:20:13.013 DBG Sending PREPARE. senderID=1 sn=16 view=0
09:20:13.013 DBG Sending COMMIT. senderID=1 sn=16 view=0
09:20:13.015 INF Committed entry. latency=0 nReq=128 sn=16
09:20:13.015 INF Delivered batch. nReq=128 sn=16
09:20:13.015 DBG Starting timer. sn=17 view=0
09:20:14.002 INF Handling PREPREPARE. nReq=129 senderID=0 sn=17
09:20:14.002 DBG Creating new Batch. nReq=129
09:20:14.014 DBG Sending PREPARE. senderID=1 sn=17 view=0
09:20:14.016 DBG Sending COMMIT. senderID=1 sn=17 view=0
09:20:14.017 INF Committed entry. latency=0 nReq=129 sn=17
09:20:14.017 INF Delivered batch. nReq=129 sn=17
09:20:14.017 DBG Starting timer. sn=18 view=0
09:20:15.004 INF Handling PREPREPARE. nReq=128 senderID=0 sn=18
09:20:15.004 DBG Creating new Batch. nReq=128
09:20:15.016 DBG Sending PREPARE. senderID=1 sn=18 view=0
09:20:15.016 DBG Sending COMMIT. senderID=1 sn=18 view=0
09:20:15.019 INF Committed entry. latency=0 nReq=128 sn=18
09:20:15.019 INF Delivered batch. nReq=128 sn=18
09:20:15.019 DBG Starting timer. sn=19 view=0
09:20:16.005 INF Handling PREPREPARE. nReq=128 senderID=0 sn=19
09:20:16.005 DBG Creating new Batch. nReq=128
09:20:16.016 DBG Sending PREPARE. senderID=1 sn=19 view=0
09:20:16.019 DBG Sending COMMIT. senderID=1 sn=19 view=0
09:20:16.020 INF Committed entry. latency=0 nReq=128 sn=19
09:20:16.020 INF Delivered batch. nReq=128 sn=19
09:20:16.020 DBG Starting timer. sn=20 view=0
09:20:17.008 INF Handling PREPREPARE. nReq=128 senderID=0 sn=20
09:20:17.008 DBG Creating new Batch. nReq=128
09:20:17.019 DBG Sending PREPARE. senderID=1 sn=20 view=0
09:20:17.021 DBG Sending COMMIT. senderID=1 sn=20 view=0
09:20:17.023 INF Committed entry. latency=0 nReq=128 sn=20
09:20:17.023 INF Delivered batch. nReq=128 sn=20
09:20:17.023 DBG Starting timer. sn=21 view=0
09:20:18.008 INF Handling PREPREPARE. nReq=128 senderID=0 sn=21
09:20:18.009 DBG Creating new Batch. nReq=128
09:20:18.021 DBG Sending PREPARE. senderID=1 sn=21 view=0
09:20:18.022 DBG Sending COMMIT. senderID=1 sn=21 view=0
09:20:18.024 INF Committed entry. latency=0 nReq=128 sn=21
09:20:18.025 INF Delivered batch. nReq=128 sn=21
09:20:18.025 DBG Starting timer. sn=22 view=0
09:20:19.012 INF Handling PREPREPARE. nReq=129 senderID=0 sn=22
09:20:19.012 DBG Creating new Batch. nReq=129
09:20:19.024 DBG Sending PREPARE. senderID=1 sn=22 view=0
09:20:19.024 DBG Sending COMMIT. senderID=1 sn=22 view=0
09:20:19.026 INF Committed entry. latency=0 nReq=129 sn=22
09:20:19.026 INF Delivered batch. nReq=129 sn=22
09:20:19.027 DBG Starting timer. sn=23 view=0
09:20:20.011 INF Handling PREPREPARE. nReq=128 senderID=0 sn=23
09:20:20.012 DBG Creating new Batch. nReq=128
09:20:20.023 DBG Sending PREPARE. senderID=1 sn=23 view=0
09:20:20.025 DBG Sending COMMIT. senderID=1 sn=23 view=0
09:20:20.027 INF Committed entry. latency=0 nReq=128 sn=23
09:20:20.027 INF Delivered batch. nReq=128 sn=23
09:20:20.027 DBG Starting timer. sn=24 view=0
09:20:21.014 INF Handling PREPREPARE. nReq=128 senderID=0 sn=24
09:20:21.014 DBG Creating new Batch. nReq=128
09:20:21.026 DBG Sending PREPARE. senderID=1 sn=24 view=0
09:20:21.027 DBG Sending COMMIT. senderID=1 sn=24 view=0
09:20:21.030 INF Committed entry. latency=0 nReq=128 sn=24
09:20:21.030 INF Delivered batch. nReq=128 sn=24
09:20:21.030 DBG Starting timer. sn=25 view=0
09:20:22.017 INF Handling PREPREPARE. nReq=128 senderID=0 sn=25
09:20:22.017 DBG Creating new Batch. nReq=128
09:20:22.028 DBG Sending PREPARE. senderID=1 sn=25 view=0
09:20:22.029 DBG Sending COMMIT. senderID=1 sn=25 view=0
09:20:22.031 INF Committed entry. latency=0 nReq=128 sn=25
09:20:22.031 INF Delivered batch. nReq=128 sn=25
09:20:22.031 DBG Starting timer. sn=26 view=0
09:20:23.018 INF Handling PREPREPARE. nReq=129 senderID=0 sn=26
09:20:23.018 DBG Creating new Batch. nReq=129
09:20:23.029 DBG Sending PREPARE. senderID=1 sn=26 view=0
09:20:23.031 DBG Sending COMMIT. senderID=1 sn=26 view=0
09:20:23.033 INF Committed entry. latency=0 nReq=129 sn=26
09:20:23.033 INF Delivered batch. nReq=129 sn=26
09:20:23.034 DBG Starting timer. sn=27 view=0
09:20:24.019 INF Handling PREPREPARE. nReq=128 senderID=0 sn=27
09:20:24.019 DBG Creating new Batch. nReq=128
09:20:24.032 DBG Sending PREPARE. senderID=1 sn=27 view=0
09:20:24.034 DBG Sending COMMIT. senderID=1 sn=27 view=0
09:20:24.036 INF Committed entry. latency=0 nReq=128 sn=27
09:20:24.036 INF Delivered batch. nReq=128 sn=27
09:20:24.036 DBG Starting timer. sn=28 view=0
09:20:25.022 INF Handling PREPREPARE. nReq=128 senderID=0 sn=28
09:20:25.022 DBG Creating new Batch. nReq=128
09:20:25.035 DBG Sending PREPARE. senderID=1 sn=28 view=0
09:20:25.035 DBG Sending COMMIT. senderID=1 sn=28 view=0
09:20:25.036 INF Committed entry. latency=0 nReq=128 sn=28
09:20:25.036 INF Delivered batch. nReq=128 sn=28
09:20:25.036 DBG Starting timer. sn=29 view=0
09:20:26.021 INF Handling PREPREPARE. nReq=128 senderID=0 sn=29
09:20:26.021 DBG Creating new Batch. nReq=128
09:20:26.033 DBG Sending PREPARE. senderID=1 sn=29 view=0
09:20:26.035 DBG Sending COMMIT. senderID=1 sn=29 view=0
09:20:26.036 INF Committed entry. latency=0 nReq=128 sn=29
09:20:26.036 INF Delivered batch. nReq=128 sn=29
09:20:26.037 DBG Starting timer. sn=30 view=0
09:20:27.023 INF Handling PREPREPARE. nReq=128 senderID=0 sn=30
09:20:27.023 DBG Creating new Batch. nReq=128
09:20:27.035 DBG Sending PREPARE. senderID=1 sn=30 view=0
09:20:27.037 DBG Sending COMMIT. senderID=1 sn=30 view=0
09:20:27.038 INF Committed entry. latency=0 nReq=128 sn=30
09:20:27.038 INF Delivered batch. nReq=128 sn=30
09:20:27.038 DBG Starting timer. sn=31 view=0
09:20:28.027 INF Handling PREPREPARE. nReq=129 senderID=0 sn=31
09:20:28.028 DBG Creating new Batch. nReq=129
09:20:28.038 DBG Sending PREPARE. senderID=1 sn=31 view=0
09:20:28.039 DBG Sending COMMIT. senderID=1 sn=31 view=0
09:20:28.041 INF Committed entry. latency=0 nReq=129 sn=31
09:20:28.041 INF Delivered batch. nReq=129 sn=31
09:20:28.041 DBG Starting timer. sn=32 view=0
09:20:29.013 INF Handling PREPREPARE. nReq=1 senderID=0 sn=32
09:20:29.014 DBG Creating new Batch. nReq=1
09:20:29.014 DBG Sending PREPARE. senderID=1 sn=32 view=0
09:20:29.016 DBG Sending COMMIT. senderID=1 sn=32 view=0
09:20:29.018 INF Committed entry. latency=0 nReq=1 sn=32
09:20:29.018 INF Delivered batch. nReq=1 sn=32
09:20:29.018 DBG Starting timer. sn=33 view=0
09:20:30.015 INF Handling PREPREPARE. nReq=0 senderID=0 sn=33
09:20:30.015 DBG Creating new Batch. nReq=0
09:20:30.015 DBG Sending PREPARE. senderID=1 sn=33 view=0
09:20:30.016 DBG Sending COMMIT. senderID=1 sn=33 view=0
09:20:30.018 INF Committed entry. latency=0 nReq=0 sn=33
09:20:30.018 INF Delivered batch. nReq=0 sn=33
09:20:30.018 DBG Starting timer. sn=34 view=0
09:20:30.020 INF Connection terminated. error="rpc error: code = Canceled desc = context canceled" address=127.0.0.1:48056
09:20:30.021 INF Finished sending bucket assignments to client. clId=0
09:20:30.366 INF Stopping profiler.
09:20:30.366 INF Stopping Tracer. events=106 fileName=experiment-output/0002/slave-004/peer.trc
==================
WARNING: DATA RACE
Read at 0x00c0009a0000 by goroutine 115:
  runtime.racereadrange()
      <autogenerated>:1 +0x1b
  github.com/hyperledger-labs/mirbft/tracing.(*BufferedTrace).StopOnSignal.func1()
      /opt/gopath/src/github.com/hyperledger-labs/mirbft/tracing/bufferedtrace.go:298 +0x4e

Previous write at 0x00c0009a0000 by goroutine 412:
  github.com/hyperledger-labs/mirbft/tracing.(*BufferedTrace).Event()
      /opt/gopath/src/github.com/hyperledger-labs/mirbft/tracing/bufferedtrace.go:105 +0x2d9
  github.com/hyperledger-labs/mirbft/manager.(*MirManager).handleLogEntries()
      /opt/gopath/src/github.com/hyperledger-labs/mirbft/manager/mirmanager.go:139 +0x1d8
  github.com/hyperledger-labs/mirbft/manager.(*MirManager).Start路dwrap路7()
      /opt/gopath/src/github.com/hyperledger-labs/mirbft/manager/mirmanager.go:101 +0x47

Goroutine 115 (running) created at:
  github.com/hyperledger-labs/mirbft/tracing.(*BufferedTrace).StopOnSignal()
      /opt/gopath/src/github.com/hyperledger-labs/mirbft/tracing/bufferedtrace.go:292 +0x172
  main.setUpTracing()
      /opt/gopath/src/github.com/hyperledger-labs/mirbft/cmd/orderingpeer/main.go:204 +0xf5
  main.main()
      /opt/gopath/src/github.com/hyperledger-labs/mirbft/cmd/orderingpeer/main.go:98 +0x9d6

Goroutine 412 (running) created at:
  github.com/hyperledger-labs/mirbft/manager.(*MirManager).Start()
      /opt/gopath/src/github.com/hyperledger-labs/mirbft/manager/mirmanager.go:101 +0x19e
  main.main路dwrap路4()
      /opt/gopath/src/github.com/hyperledger-labs/mirbft/cmd/orderingpeer/main.go:168 +0x59
==================
==================
WARNING: DATA RACE
Read at 0x00c0009a1068 by goroutine 115:
  runtime.racereadrange()
      <autogenerated>:1 +0x1b
  github.com/hyperledger-labs/mirbft/tracing.(*BufferedTrace).StopOnSignal.func1()
      /opt/gopath/src/github.com/hyperledger-labs/mirbft/tracing/bufferedtrace.go:298 +0x4e

Previous write at 0x00c0009a1068 by goroutine 114:
  github.com/hyperledger-labs/mirbft/tracing.(*BufferedTrace).Event()
      /opt/gopath/src/github.com/hyperledger-labs/mirbft/tracing/bufferedtrace.go:105 +0x2d9
  github.com/hyperledger-labs/mirbft/profiling.StartCPUTracing.func1()
      /opt/gopath/src/github.com/hyperledger-labs/mirbft/profiling/cpuusage.go:31 +0x95

Goroutine 115 (running) created at:
  github.com/hyperledger-labs/mirbft/tracing.(*BufferedTrace).StopOnSignal()
      /opt/gopath/src/github.com/hyperledger-labs/mirbft/tracing/bufferedtrace.go:292 +0x172
  main.setUpTracing()
      /opt/gopath/src/github.com/hyperledger-labs/mirbft/cmd/orderingpeer/main.go:204 +0xf5
  main.main()
      /opt/gopath/src/github.com/hyperledger-labs/mirbft/cmd/orderingpeer/main.go:98 +0x9d6

Goroutine 114 (running) created at:
  github.com/hyperledger-labs/mirbft/profiling.StartCPUTracing()
      /opt/gopath/src/github.com/hyperledger-labs/mirbft/profiling/cpuusage.go:28 +0xb6
  main.setUpTracing()
      /opt/gopath/src/github.com/hyperledger-labs/mirbft/cmd/orderingpeer/main.go:196 +0x85
  main.main()
      /opt/gopath/src/github.com/hyperledger-labs/mirbft/cmd/orderingpeer/main.go:98 +0x9d6
==================
09:20:30.368 INF Trace data written.
09:20:30.412 INF Profile data written. filename=experiment-output/0002/slave-004/prof.cpu name=cpu
09:20:30.464 INF Profile data written. filename=experiment-output/0002/slave-004/prof.block name=block
09:20:30.481 INF Profile data written. filename=experiment-output/0002/slave-004/prof.mutex name=mutex
