{"level":"debug","Logging":"info","time":"2022-11-18T16:12:45+08:00","message":"Config"}
{"level":"debug","UseTLS":false,"time":"2022-11-18T16:12:45+08:00","message":"Config"}
{"level":"debug","CACertFile":"tls-data/ca.pem","time":"2022-11-18T16:12:45+08:00","message":"Config"}
{"level":"debug","KeyFile":"tls-data/auth.key","time":"2022-11-18T16:12:45+08:00","message":"Config"}
{"level":"debug","CertFile":"tls-data/auth.pem","time":"2022-11-18T16:12:45+08:00","message":"Config"}
{"level":"debug","PriorityConnections":2,"time":"2022-11-18T16:12:45+08:00","message":"Config"}
{"level":"debug","BasicConnections":4,"time":"2022-11-18T16:12:45+08:00","message":"Config"}
{"level":"debug","TestConnections":false,"time":"2022-11-18T16:12:45+08:00","message":"Config"}
{"level":"debug","ExcessConnections":1,"time":"2022-11-18T16:12:45+08:00","message":"Config"}
{"level":"debug","ConnectionTestMsgs":4,"time":"2022-11-18T16:12:45+08:00","message":"Config"}
{"level":"debug","ConnectionTestPayload":131072,"time":"2022-11-18T16:12:45+08:00","message":"Config"}
{"level":"debug","OutMessageBufsize":1024,"time":"2022-11-18T16:12:45+08:00","message":"Config"}
{"level":"debug","OutMessageBufsize":1,"time":"2022-11-18T16:12:45+08:00","message":"Config"}
{"level":"debug","ThroughputCap":131072000,"time":"2022-11-18T16:12:45+08:00","message":"Config"}
{"level":"debug","StragglerTolerance":1000,"time":"2022-11-18T16:12:45+08:00","message":"Config"}
{"level":"debug","BatchSizeIncrement":256,"time":"2022-11-18T16:12:45+08:00","message":"Config"}
{"level":"debug","Orderer":"Pbft","time":"2022-11-18T16:12:45+08:00","message":"Config"}
{"level":"debug","Manager":"Mir","time":"2022-11-18T16:12:45+08:00","message":"Config"}
{"level":"debug","Failures":0,"time":"2022-11-18T16:12:45+08:00","message":"Config"}
{"level":"debug","CrashTiming":"EpochStart","time":"2022-11-18T16:12:45+08:00","message":"Config"}
{"level":"debug","CheckpointInterval":256,"time":"2022-11-18T16:12:45+08:00","message":"Config"}
{"level":"debug","WatermarkWindowSize":256,"time":"2022-11-18T16:12:45+08:00","message":"Config"}
{"level":"debug","EpochLength":256,"time":"2022-11-18T16:12:45+08:00","message":"Config"}
{"level":"debug","SegmentLength":64,"time":"2022-11-18T16:12:45+08:00","message":"Config"}
{"level":"debug","WaitForCheckpoints":true,"time":"2022-11-18T16:12:45+08:00","message":"Config"}
{"level":"debug","ClientWatermarkWindowSize":4194304,"time":"2022-11-18T16:12:45+08:00","message":"Config"}
{"level":"debug","ClientRequestBacklogSize":4194304,"time":"2022-11-18T16:12:45+08:00","message":"Config"}
{"level":"debug","RandomSeed":22947,"time":"2022-11-18T16:12:45+08:00","message":"Config"}
{"level":"debug","NodeToLeaderRatio":1,"time":"2022-11-18T16:12:45+08:00","message":"Config"}
{"level":"debug","LeaderPolicy":"Simple","time":"2022-11-18T16:12:45+08:00","message":"Config"}
{"level":"debug","DefaultLeaderBan":2,"time":"2022-11-18T16:12:45+08:00","message":"Config"}
{"level":"debug","NumBuckets":64,"time":"2022-11-18T16:12:45+08:00","message":"Config"}
{"level":"debug","BatchSize":1000,"time":"2022-11-18T16:12:45+08:00","message":"Config"}
{"level":"debug","DisabledViewChange":false,"time":"2022-11-18T16:12:45+08:00","message":"Config"}
{"level":"debug","ViewChangeTimeout":60000,"time":"2022-11-18T16:12:45+08:00","message":"Config"}
{"level":"debug","ClientTraceSampling":10,"time":"2022-11-18T16:12:45+08:00","message":"Config"}
{"level":"debug","EventBufferSize":2097152,"time":"2022-11-18T16:12:45+08:00","message":"Config"}
{"level":"debug","TraceSampling":1,"time":"2022-11-18T16:12:45+08:00","message":"Config"}
{"level":"debug","ClientsPerProcess":1,"time":"2022-11-18T16:12:45+08:00","message":"Config"}
{"level":"debug","RequestsPerClient":7680,"time":"2022-11-18T16:12:45+08:00","message":"Config"}
{"level":"debug","ClientRunTime":30000,"time":"2022-11-18T16:12:45+08:00","message":"Config"}
{"level":"debug","RequestRate":128,"time":"2022-11-18T16:12:45+08:00","message":"Config"}
{"level":"debug","HardRequestRateLimit":false,"time":"2022-11-18T16:12:45+08:00","message":"Config"}
{"level":"debug","RequestPayloadSize":500,"time":"2022-11-18T16:12:45+08:00","message":"Config"}
{"level":"debug","SignRequests":true,"time":"2022-11-18T16:12:45+08:00","message":"Config"}
{"level":"debug","ClientPrivKeyFile":"tls-data/client-ecdsa-256.key","time":"2022-11-18T16:12:45+08:00","message":"Config"}
{"level":"debug","ClientPubKeyFile":"tls-data/client-ecdsa-256.pem","time":"2022-11-18T16:12:45+08:00","message":"Config"}
{"level":"debug","PrecomputeRequests":false,"time":"2022-11-18T16:12:45+08:00","message":"Config"}
{"level":"debug","RequestHandlerThreads":32,"time":"2022-11-18T16:12:45+08:00","message":"Config"}
{"level":"debug","RequestInputChannelBuffer":8192,"time":"2022-11-18T16:12:45+08:00","message":"Config"}
{"level":"debug","BatchVerifier":"external","time":"2022-11-18T16:12:45+08:00","message":"Config"}
08:12:45.477 INF Registered with discovery server. numPeers=4 ownID=1
08:12:45.478 INF Profiling enabled.
08:12:45.478 INF Setting up profiling.
08:12:45.478 INF Started Profiler: CPU
08:12:45.478 INF Started Profiler: BLOCK
08:12:45.478 INF Started Profiler: MUTEX
08:12:45.478 INF Profiler will stop on signal. exit=true
08:12:45.481 INF Tracing will stop on signal. exit=false
08:12:45.482 INF Started tracing. traceFile=experiment-output/0000/slave-004/peer.trc
08:12:45.483 INF Listening for connections. port=10011 useTLS=false
08:12:45.483 INF Connecting to peer. addr=127.0.0.1:10011 basicConns=4 priorityConns=2
08:12:45.485 INF Connecting to peer. addr=127.0.0.1:10022 basicConns=4 priorityConns=2
08:12:45.487 INF Connecting to peer. addr=127.0.0.1:10033 basicConns=4 priorityConns=2
08:12:45.490 INF Connecting to peer. addr=127.0.0.1:10000 basicConns=4 priorityConns=2
08:12:45.512 INF Incoming connection for protocol messages. addr=127.0.0.1:32798
08:12:45.512 INF Incoming connection for protocol messages. addr=127.0.0.1:32792
08:12:45.517 INF Incoming connection for protocol messages. addr=127.0.0.1:32800
08:12:45.524 INF Incoming connection for protocol messages. addr=127.0.0.1:32808
08:12:45.528 INF Incoming connection for protocol messages. addr=127.0.0.1:32854
08:12:45.529 INF Incoming connection for protocol messages. addr=127.0.0.1:32852
08:12:45.531 INF Incoming connection for protocol messages. addr=127.0.0.1:32836
08:12:45.531 INF Incoming connection for protocol messages. addr=127.0.0.1:32834
08:12:45.532 INF Incoming connection for protocol messages. addr=127.0.0.1:32804
08:12:45.532 INF Incoming connection for protocol messages. addr=127.0.0.1:32860
08:12:45.533 INF Incoming connection for protocol messages. addr=127.0.0.1:32882
08:12:45.542 INF Incoming connection for protocol messages. addr=127.0.0.1:32870
08:12:45.542 INF Incoming connection for protocol messages. addr=127.0.0.1:32894
08:12:45.544 INF Incoming connection for protocol messages. addr=127.0.0.1:32920
08:12:45.544 INF Incoming connection for protocol messages. addr=127.0.0.1:32896
08:12:45.544 INF Incoming connection for protocol messages. addr=127.0.0.1:32914
08:12:45.544 INF Incoming connection for protocol messages. addr=127.0.0.1:32872
08:12:45.545 INF Incoming connection for protocol messages. addr=127.0.0.1:32938
08:12:45.545 INF Incoming connection for protocol messages. addr=127.0.0.1:32930
08:12:45.546 INF Incoming connection for protocol messages. addr=127.0.0.1:32886
08:12:45.546 INF Incoming connection for protocol messages. addr=127.0.0.1:32944
08:12:45.546 INF Incoming connection for protocol messages. addr=127.0.0.1:32954
08:12:45.546 INF Incoming connection for protocol messages. addr=127.0.0.1:32962
08:12:45.546 INF Incoming connection for protocol messages. addr=127.0.0.1:32970
08:12:45.547 INF Connected to all peers.
08:12:45.551 INF All peers finished connecting. Starting ISS.
08:12:45.552 INF PbftOrderer received a new segment: [2 6 10 14 18 22 26 30 34 38 42 46 50 54 58 62 66 70 74 78 82 86 90 94 98 102 106 110 114 118 122 126 130 134 138 142 146 150 154 158 162 166 170 174 178 182 186 190 194 198 202 206 210 214 218 222 226 230 234 238 242 246 250 254] first leader=2 firstSN=2 lastSN=254 len=64 length=64 segId=2
08:12:45.552 INF Starting new view. segID=2 timeout=60000 view=0
08:12:45.552 INF Starting PBFT instance. first=2 last=254 segID=2
08:12:45.552 INF Starting serialized message processing. segID=2
08:12:45.553 INF PbftOrderer received a new segment: [3 7 11 15 19 23 27 31 35 39 43 47 51 55 59 63 67 71 75 79 83 87 91 95 99 103 107 111 115 119 123 127 131 135 139 143 147 151 155 159 163 167 171 175 179 183 187 191 195 199 203 207 211 215 219 223 227 231 235 239 243 247 251 255] first leader=3 firstSN=3 lastSN=255 len=64 length=64 segId=3
08:12:45.553 INF Starting new view. segID=3 timeout=60000 view=0
08:12:45.553 INF Starting PBFT instance. first=3 last=255 segID=3
08:12:45.554 INF Starting serialized message processing. segID=3
08:12:45.554 INF PbftOrderer received a new segment: [0 4 8 12 16 20 24 28 32 36 40 44 48 52 56 60 64 68 72 76 80 84 88 92 96 100 104 108 112 116 120 124 128 132 136 140 144 148 152 156 160 164 168 172 176 180 184 188 192 196 200 204 208 212 216 220 224 228 232 236 240 244 248 252] first leader=0 firstSN=0 lastSN=252 len=64 length=64 segId=0
08:12:45.554 INF Starting new view. segID=0 timeout=60000 view=0
08:12:45.554 INF Starting PBFT instance. first=0 last=252 segID=0
08:12:45.555 INF Starting serialized message processing. segID=0
08:12:45.555 INF PbftOrderer received a new segment: [1 5 9 13 17 21 25 29 33 37 41 45 49 53 57 61 65 69 73 77 81 85 89 93 97 101 105 109 113 117 121 125 129 133 137 141 145 149 153 157 161 165 169 173 177 181 185 189 193 197 201 205 209 213 217 221 225 229 233 237 241 245 249 253] first leader=1 firstSN=1 lastSN=253 len=64 length=64 segId=1
08:12:45.555 INF Starting new view. segID=1 timeout=60000 view=0
08:12:45.555 INF Starting PBFT instance. first=1 last=253 segID=1
08:12:45.556 INF Starting serialized message processing. segID=1
08:12:46.557 INF Sending PREPREPARE. nReq=0 senderID=1 sn=1 view=0
08:12:46.560 INF Handling PREPREPARE. nReq=0 senderID=3 sn=3
08:12:46.560 INF Handling PREPREPARE. nReq=0 senderID=2 sn=2
08:12:46.561 INF Handling PREPREPARE. nReq=0 senderID=0 sn=0
==================
WARNING: DATA RACE
Read at 0x00c0001e75f0 by goroutine 421:
  runtime.mapaccess1_fast64()
      /home/dell/wmj/go/src/runtime/map_fast64.go:12 +0x0
  github.com/hyperledger-labs/mirbft/orderer.(*pbftInstance).sendCommit()
      /opt/gopath/src/github.com/hyperledger-labs/mirbft/orderer/pbftinstance.go:596 +0x933
  github.com/hyperledger-labs/mirbft/orderer.(*pbftInstance).handlePrepare()
      /opt/gopath/src/github.com/hyperledger-labs/mirbft/orderer/pbftinstance.go:528 +0x69a
  github.com/hyperledger-labs/mirbft/orderer.(*pbftInstance).handleMessage()
      /opt/gopath/src/github.com/hyperledger-labs/mirbft/orderer/pbftinstance.go:1853 +0x2d4
  github.com/hyperledger-labs/mirbft/orderer.(*pbftInstance).processSerializedMessages()
      /opt/gopath/src/github.com/hyperledger-labs/mirbft/orderer/pbftinstance.go:1816 +0xdb
  github.com/hyperledger-labs/mirbft/orderer.(*PbftOrderer).runSegment·dwrap·12()
      /opt/gopath/src/github.com/hyperledger-labs/mirbft/orderer/pbftorderer.go:199 +0x39

Previous write at 0x00c0001e75f0 by goroutine 416:
  runtime.mapassign_fast64()
      /home/dell/wmj/go/src/runtime/map_fast64.go:92 +0x0
  github.com/hyperledger-labs/mirbft/orderer.(*pbftInstance).sendCommit()
      /opt/gopath/src/github.com/hyperledger-labs/mirbft/orderer/pbftinstance.go:597 +0x9e4
  github.com/hyperledger-labs/mirbft/orderer.(*pbftInstance).handlePrepare()
      /opt/gopath/src/github.com/hyperledger-labs/mirbft/orderer/pbftinstance.go:528 +0x69a
  github.com/hyperledger-labs/mirbft/orderer.(*pbftInstance).handleMessage()
      /opt/gopath/src/github.com/hyperledger-labs/mirbft/orderer/pbftinstance.go:1853 +0x2d4
  github.com/hyperledger-labs/mirbft/orderer.(*pbftInstance).processSerializedMessages()
      /opt/gopath/src/github.com/hyperledger-labs/mirbft/orderer/pbftinstance.go:1816 +0xdb
  github.com/hyperledger-labs/mirbft/orderer.(*PbftOrderer).runSegment·dwrap·12()
      /opt/gopath/src/github.com/hyperledger-labs/mirbft/orderer/pbftorderer.go:199 +0x39

Goroutine 421 (running) created at:
  github.com/hyperledger-labs/mirbft/orderer.(*PbftOrderer).runSegment()
      /opt/gopath/src/github.com/hyperledger-labs/mirbft/orderer/pbftorderer.go:199 +0x3f0
  github.com/hyperledger-labs/mirbft/orderer.(*PbftOrderer).Start()
      /opt/gopath/src/github.com/hyperledger-labs/mirbft/orderer/pbftorderer.go:176 +0x355
  main.main·dwrap·5()
      /opt/gopath/src/github.com/hyperledger-labs/mirbft/cmd/orderingpeer/main.go:169 +0x59

Goroutine 416 (running) created at:
  github.com/hyperledger-labs/mirbft/orderer.(*PbftOrderer).runSegment()
      /opt/gopath/src/github.com/hyperledger-labs/mirbft/orderer/pbftorderer.go:199 +0x3f0
  github.com/hyperledger-labs/mirbft/orderer.(*PbftOrderer).Start()
      /opt/gopath/src/github.com/hyperledger-labs/mirbft/orderer/pbftorderer.go:176 +0x355
  main.main·dwrap·5()
      /opt/gopath/src/github.com/hyperledger-labs/mirbft/cmd/orderingpeer/main.go:169 +0x59
==================
==================
WARNING: DATA RACE
Write at 0x00c00002c364 by goroutine 421:
  github.com/hyperledger-labs/mirbft/orderer.(*pbftInstance).sendCommit()
      /opt/gopath/src/github.com/hyperledger-labs/mirbft/orderer/pbftinstance.go:597 +0x9f3
  github.com/hyperledger-labs/mirbft/orderer.(*pbftInstance).handlePrepare()
      /opt/gopath/src/github.com/hyperledger-labs/mirbft/orderer/pbftinstance.go:528 +0x69a
  github.com/hyperledger-labs/mirbft/orderer.(*pbftInstance).handleMessage()
      /opt/gopath/src/github.com/hyperledger-labs/mirbft/orderer/pbftinstance.go:1853 +0x2d4
  github.com/hyperledger-labs/mirbft/orderer.(*pbftInstance).processSerializedMessages()
      /opt/gopath/src/github.com/hyperledger-labs/mirbft/orderer/pbftinstance.go:1816 +0xdb
  github.com/hyperledger-labs/mirbft/orderer.(*PbftOrderer).runSegment·dwrap·12()
      /opt/gopath/src/github.com/hyperledger-labs/mirbft/orderer/pbftorderer.go:199 +0x39

Previous read at 0x00c00002c364 by goroutine 416:
  github.com/hyperledger-labs/mirbft/orderer.(*pbftInstance).sendCommit()
      /opt/gopath/src/github.com/hyperledger-labs/mirbft/orderer/pbftinstance.go:603 +0xa51
  github.com/hyperledger-labs/mirbft/orderer.(*pbftInstance).handlePrepare()
      /opt/gopath/src/github.com/hyperledger-labs/mirbft/orderer/pbftinstance.go:528 +0x69a
  github.com/hyperledger-labs/mirbft/orderer.(*pbftInstance).handleMessage()
      /opt/gopath/src/github.com/hyperledger-labs/mirbft/orderer/pbftinstance.go:1853 +0x2d4
  github.com/hyperledger-labs/mirbft/orderer.(*pbftInstance).processSerializedMessages()
      /opt/gopath/src/github.com/hyperledger-labs/mirbft/orderer/pbftinstance.go:1816 +0xdb
  github.com/hyperledger-labs/mirbft/orderer.(*PbftOrderer).runSegment·dwrap·12()
      /opt/gopath/src/github.com/hyperledger-labs/mirbft/orderer/pbftorderer.go:199 +0x39

Goroutine 421 (running) created at:
  github.com/hyperledger-labs/mirbft/orderer.(*PbftOrderer).runSegment()
      /opt/gopath/src/github.com/hyperledger-labs/mirbft/orderer/pbftorderer.go:199 +0x3f0
  github.com/hyperledger-labs/mirbft/orderer.(*PbftOrderer).Start()
      /opt/gopath/src/github.com/hyperledger-labs/mirbft/orderer/pbftorderer.go:176 +0x355
  main.main·dwrap·5()
      /opt/gopath/src/github.com/hyperledger-labs/mirbft/cmd/orderingpeer/main.go:169 +0x59

Goroutine 416 (running) created at:
  github.com/hyperledger-labs/mirbft/orderer.(*PbftOrderer).runSegment()
      /opt/gopath/src/github.com/hyperledger-labs/mirbft/orderer/pbftorderer.go:199 +0x3f0
  github.com/hyperledger-labs/mirbft/orderer.(*PbftOrderer).Start()
      /opt/gopath/src/github.com/hyperledger-labs/mirbft/orderer/pbftorderer.go:176 +0x355
  main.main·dwrap·5()
      /opt/gopath/src/github.com/hyperledger-labs/mirbft/cmd/orderingpeer/main.go:169 +0x59
==================
==================
WARNING: DATA RACE
Read at 0x00c00002c360 by goroutine 421:
  github.com/hyperledger-labs/mirbft/orderer.(*pbftInstance).handleHtnmsg()
      /opt/gopath/src/github.com/hyperledger-labs/mirbft/orderer/pbftinstance.go:631 +0x1a6
  github.com/hyperledger-labs/mirbft/orderer.(*pbftInstance).handleMessage()
      /opt/gopath/src/github.com/hyperledger-labs/mirbft/orderer/pbftinstance.go:1872 +0x544
  github.com/hyperledger-labs/mirbft/orderer.(*pbftInstance).processSerializedMessages()
      /opt/gopath/src/github.com/hyperledger-labs/mirbft/orderer/pbftinstance.go:1816 +0xdb
  github.com/hyperledger-labs/mirbft/orderer.(*PbftOrderer).runSegment·dwrap·12()
      /opt/gopath/src/github.com/hyperledger-labs/mirbft/orderer/pbftorderer.go:199 +0x39

Previous write at 0x00c00002c360 by goroutine 418:
  github.com/hyperledger-labs/mirbft/orderer.(*pbftInstance).sendCommit()
      /opt/gopath/src/github.com/hyperledger-labs/mirbft/orderer/pbftinstance.go:597 +0x9f3
  github.com/hyperledger-labs/mirbft/orderer.(*pbftInstance).handlePrepare()
      /opt/gopath/src/github.com/hyperledger-labs/mirbft/orderer/pbftinstance.go:528 +0x69a
  github.com/hyperledger-labs/mirbft/orderer.(*pbftInstance).handleMessage()
      /opt/gopath/src/github.com/hyperledger-labs/mirbft/orderer/pbftinstance.go:1853 +0x2d4
  github.com/hyperledger-labs/mirbft/orderer.(*pbftInstance).processSerializedMessages()
      /opt/gopath/src/github.com/hyperledger-labs/mirbft/orderer/pbftinstance.go:1816 +0xdb
  github.com/hyperledger-labs/mirbft/orderer.(*PbftOrderer).runSegment·dwrap·12()
      /opt/gopath/src/github.com/hyperledger-labs/mirbft/orderer/pbftorderer.go:199 +0x39

Goroutine 421 (running) created at:
  github.com/hyperledger-labs/mirbft/orderer.(*PbftOrderer).runSegment()
      /opt/gopath/src/github.com/hyperledger-labs/mirbft/orderer/pbftorderer.go:199 +0x3f0
  github.com/hyperledger-labs/mirbft/orderer.(*PbftOrderer).Start()
      /opt/gopath/src/github.com/hyperledger-labs/mirbft/orderer/pbftorderer.go:176 +0x355
  main.main·dwrap·5()
      /opt/gopath/src/github.com/hyperledger-labs/mirbft/cmd/orderingpeer/main.go:169 +0x59

Goroutine 418 (running) created at:
  github.com/hyperledger-labs/mirbft/orderer.(*PbftOrderer).runSegment()
      /opt/gopath/src/github.com/hyperledger-labs/mirbft/orderer/pbftorderer.go:199 +0x3f0
  github.com/hyperledger-labs/mirbft/orderer.(*PbftOrderer).Start()
      /opt/gopath/src/github.com/hyperledger-labs/mirbft/orderer/pbftorderer.go:176 +0x355
  main.main·dwrap·5()
      /opt/gopath/src/github.com/hyperledger-labs/mirbft/cmd/orderingpeer/main.go:169 +0x59
==================
08:12:46.564 INF Committed entry. latency=0 nReq=0 sn=1
08:12:46.564 INF Committed entry. latency=0 nReq=0 sn=2
08:12:46.564 INF Get logEntry.Sn from tn. Hn=1 SegID=1 Tn=1 logEntry.Sn=1
08:12:46.564 INF Committed entry. latency=0 nReq=0 sn=3
08:12:46.564 INF Get logEntry.Sn from tn. Hn=1 SegID=2 Tn=1 logEntry.Sn=2
==================
08:12:46.564 INF Get logEntry.Sn from tn. Hn=1 SegID=3 Tn=1 logEntry.Sn=3
WARNING: DATA RACE
Write at 0x00c00002c358 by goroutine 414:
  github.com/hyperledger-labs/mirbft/orderer.(*pbftInstance).handleHtnmsg()
      /opt/gopath/src/github.com/hyperledger-labs/mirbft/orderer/pbftinstance.go:628 +0x144
  github.com/hyperledger-labs/mirbft/orderer.(*pbftInstance).handleMessage()
      /opt/gopath/src/github.com/hyperledger-labs/mirbft/orderer/pbftinstance.go:1872 +0x544
  github.com/hyperledger-labs/mirbft/orderer.(*pbftInstance).processSerializedMessages()
      /opt/gopath/src/github.com/hyperledger-labs/mirbft/orderer/pbftinstance.go:1816 +0xdb
  github.com/hyperledger-labs/mirbft/orderer.(*PbftOrderer).runSegment·dwrap·12()
      /opt/gopath/src/github.com/hyperledger-labs/mirbft/orderer/pbftorderer.go:199 +0x39

Previous read at 0x00c00002c358 by goroutine 421:
  github.com/hyperledger-labs/mirbft/orderer.(*pbftInstance).handleHtnmsg()
      /opt/gopath/src/github.com/hyperledger-labs/mirbft/orderer/pbftinstance.go:631 +0x1a6
  github.com/hyperledger-labs/mirbft/orderer.(*pbftInstance).handleMessage()
      /opt/gopath/src/github.com/hyperledger-labs/mirbft/orderer/pbftinstance.go:1872 +0x544
  github.com/hyperledger-labs/mirbft/orderer.(*pbftInstance).processSerializedMessages()
      /opt/gopath/src/github.com/hyperledger-labs/mirbft/orderer/pbftinstance.go:1816 +0xdb
  github.com/hyperledger-labs/mirbft/orderer.(*PbftOrderer).runSegment·dwrap·12()
      /opt/gopath/src/github.com/hyperledger-labs/mirbft/orderer/pbftorderer.go:199 +0x39

Goroutine 414 (running) created at:
  github.com/hyperledger-labs/mirbft/orderer.(*PbftOrderer).runSegment()
      /opt/gopath/src/github.com/hyperledger-labs/mirbft/orderer/pbftorderer.go:199 +0x3f0
  github.com/hyperledger-labs/mirbft/orderer.(*PbftOrderer).Start()
      /opt/gopath/src/github.com/hyperledger-labs/mirbft/orderer/pbftorderer.go:176 +0x355
  main.main·dwrap·5()
      /opt/gopath/src/github.com/hyperledger-labs/mirbft/cmd/orderingpeer/main.go:169 +0x59

Goroutine 421 (running) created at:
  github.com/hyperledger-labs/mirbft/orderer.(*PbftOrderer).runSegment()
      /opt/gopath/src/github.com/hyperledger-labs/mirbft/orderer/pbftorderer.go:199 +0x3f0
  github.com/hyperledger-labs/mirbft/orderer.(*PbftOrderer).Start()
      /opt/gopath/src/github.com/hyperledger-labs/mirbft/orderer/pbftorderer.go:176 +0x355
  main.main·dwrap·5()
      /opt/gopath/src/github.com/hyperledger-labs/mirbft/cmd/orderingpeer/main.go:169 +0x59
==================
08:12:46.565 INF Committed entry. latency=0 nReq=0 sn=0
08:12:46.565 INF Delivered batch. nReq=0 sn=0
08:12:46.565 INF Delivered batch. nReq=0 sn=1
08:12:46.565 INF Delivered batch. nReq=0 sn=2
08:12:46.565 INF Delivered batch. nReq=0 sn=3
08:12:46.566 INF Get logEntry.Sn from tn. Hn=1 SegID=0 Tn=1 logEntry.Sn=0
08:12:47.557 INF Handling PREPREPARE. nReq=0 senderID=2 sn=6
08:12:47.557 INF Sending PREPREPARE. nReq=0 senderID=1 sn=5 view=0
08:12:47.558 INF Handling PREPREPARE. nReq=0 senderID=3 sn=7
08:12:47.559 INF Committed entry. latency=0 nReq=0 sn=6
08:12:47.559 INF Handling PREPREPARE. nReq=0 senderID=0 sn=4
08:12:47.560 INF Get logEntry.Sn from tn. Hn=2 SegID=2 Tn=2 logEntry.Sn=6
08:12:47.560 INF Committed entry. latency=0 nReq=0 sn=7
08:12:47.561 INF Committed entry. latency=0 nReq=0 sn=5
08:12:47.561 INF Get logEntry.Sn from tn. Hn=2 SegID=3 Tn=2 logEntry.Sn=7
08:12:47.561 INF Get logEntry.Sn from tn. Hn=2 SegID=1 Tn=2 logEntry.Sn=5
08:12:47.562 INF Committed entry. latency=0 nReq=0 sn=4
08:12:47.563 INF Delivered batch. nReq=0 sn=4
08:12:47.563 INF Delivered batch. nReq=0 sn=5
08:12:47.563 INF Delivered batch. nReq=0 sn=6
08:12:47.563 INF Delivered batch. nReq=0 sn=7
08:12:47.563 INF Get logEntry.Sn from tn. Hn=2 SegID=0 Tn=2 logEntry.Sn=4
08:12:47.589 INF Incoming connection for requests. addr=127.0.0.1:32990
08:12:48.560 INF Sending PREPREPARE. nReq=31 senderID=1 sn=9 view=0
08:12:48.565 INF Handling PREPREPARE. nReq=31 senderID=0 sn=8
08:12:48.567 INF Handling PREPREPARE. nReq=30 senderID=3 sn=11
08:12:48.569 INF Handling PREPREPARE. nReq=30 senderID=2 sn=10
08:12:48.575 INF Committed entry. latency=0 nReq=31 sn=8
08:12:48.575 INF Delivered batch. nReq=31 sn=8
08:12:48.576 INF Get logEntry.Sn from tn. Hn=3 SegID=0 Tn=3 logEntry.Sn=8
08:12:48.577 INF Committed entry. latency=0 nReq=31 sn=9
08:12:48.577 INF Delivered batch. nReq=31 sn=9
08:12:48.577 INF Get logEntry.Sn from tn. Hn=3 SegID=1 Tn=3 logEntry.Sn=9
08:12:48.578 INF Committed entry. latency=0 nReq=30 sn=11
08:12:48.578 INF Get logEntry.Sn from tn. Hn=3 SegID=3 Tn=3 logEntry.Sn=11
08:12:48.578 INF Committed entry. latency=0 nReq=30 sn=10
08:12:48.578 INF Delivered batch. nReq=30 sn=10
08:12:48.579 INF Delivered batch. nReq=30 sn=11
08:12:48.579 INF Get logEntry.Sn from tn. Hn=3 SegID=2 Tn=3 logEntry.Sn=10
08:12:49.560 INF Sending PREPREPARE. nReq=32 senderID=1 sn=13 view=0
08:12:49.564 INF Handling PREPREPARE. nReq=32 senderID=2 sn=14
08:12:49.568 INF Handling PREPREPARE. nReq=32 senderID=0 sn=12
08:12:49.570 INF Handling PREPREPARE. nReq=32 senderID=3 sn=15
08:12:49.573 INF Committed entry. latency=0 nReq=32 sn=14
08:12:49.574 INF Get logEntry.Sn from tn. Hn=4 SegID=2 Tn=4 logEntry.Sn=14
08:12:49.574 INF Committed entry. latency=0 nReq=32 sn=13
08:12:49.574 INF Get logEntry.Sn from tn. Hn=4 SegID=1 Tn=4 logEntry.Sn=13
08:12:49.577 INF Committed entry. latency=0 nReq=32 sn=15
08:12:49.577 INF Delivered batch. nReq=32 sn=12
08:12:49.577 INF Committed entry. latency=0 nReq=32 sn=12
08:12:49.577 INF Delivered batch. nReq=32 sn=13
08:12:49.578 INF Delivered batch. nReq=32 sn=14
08:12:49.578 INF Delivered batch. nReq=32 sn=15
08:12:49.578 INF Get logEntry.Sn from tn. Hn=4 SegID=3 Tn=4 logEntry.Sn=15
08:12:49.578 INF Get logEntry.Sn from tn. Hn=4 SegID=0 Tn=4 logEntry.Sn=12
08:12:50.561 INF Sending PREPREPARE. nReq=32 senderID=1 sn=17 view=0
08:12:50.565 INF Handling PREPREPARE. nReq=32 senderID=2 sn=18
08:12:50.567 INF Handling PREPREPARE. nReq=32 senderID=0 sn=16
08:12:50.573 INF Handling PREPREPARE. nReq=32 senderID=3 sn=19
08:12:50.575 INF Committed entry. latency=0 nReq=32 sn=17
08:12:50.575 INF Get logEntry.Sn from tn. Hn=5 SegID=1 Tn=5 logEntry.Sn=17
08:12:50.576 INF Committed entry. latency=0 nReq=32 sn=18
08:12:50.576 INF Get logEntry.Sn from tn. Hn=5 SegID=2 Tn=5 logEntry.Sn=18
08:12:50.577 INF Committed entry. latency=0 nReq=32 sn=16
08:12:50.577 INF Delivered batch. nReq=32 sn=16
08:12:50.577 INF Delivered batch. nReq=32 sn=17
08:12:50.577 INF Delivered batch. nReq=32 sn=18
08:12:50.578 INF Get logEntry.Sn from tn. Hn=5 SegID=0 Tn=5 logEntry.Sn=16
08:12:50.578 INF Committed entry. latency=0 nReq=32 sn=19
08:12:50.578 INF Delivered batch. nReq=32 sn=19
08:12:50.578 INF Get logEntry.Sn from tn. Hn=5 SegID=3 Tn=5 logEntry.Sn=19
08:12:51.562 INF Sending PREPREPARE. nReq=32 senderID=1 sn=21 view=0
08:12:51.566 INF Handling PREPREPARE. nReq=32 senderID=2 sn=22
08:12:51.569 INF Handling PREPREPARE. nReq=32 senderID=0 sn=20
08:12:51.570 INF Handling PREPREPARE. nReq=32 senderID=3 sn=23
08:12:51.575 INF Committed entry. latency=0 nReq=32 sn=22
08:12:51.575 INF Get logEntry.Sn from tn. Hn=6 SegID=2 Tn=6 logEntry.Sn=22
08:12:51.577 INF Committed entry. latency=0 nReq=32 sn=21
08:12:51.578 INF Delivered batch. nReq=32 sn=20
08:12:51.578 INF Committed entry. latency=0 nReq=32 sn=20
08:12:51.578 INF Delivered batch. nReq=32 sn=21
08:12:51.578 INF Delivered batch. nReq=32 sn=22
08:12:51.578 INF Delivered batch. nReq=32 sn=23
08:12:51.578 INF Get logEntry.Sn from tn. Hn=6 SegID=1 Tn=6 logEntry.Sn=21
08:12:51.578 INF Committed entry. latency=0 nReq=32 sn=23
08:12:51.579 INF Get logEntry.Sn from tn. Hn=6 SegID=3 Tn=6 logEntry.Sn=23
08:12:51.579 INF Get logEntry.Sn from tn. Hn=6 SegID=0 Tn=6 logEntry.Sn=20
08:12:52.563 INF Sending PREPREPARE. nReq=32 senderID=1 sn=25 view=0
08:12:52.567 INF Handling PREPREPARE. nReq=32 senderID=2 sn=26
08:12:52.593 INF Handling PREPREPARE. nReq=32 senderID=0 sn=24
08:12:52.593 INF Handling PREPREPARE. nReq=32 senderID=3 sn=27
08:12:52.596 INF Committed entry. latency=0 nReq=32 sn=26
08:12:52.597 INF Get logEntry.Sn from tn. Hn=7 SegID=2 Tn=7 logEntry.Sn=26
08:12:52.603 INF Committed entry. latency=0 nReq=32 sn=25
08:12:52.603 INF Get logEntry.Sn from tn. Hn=7 SegID=1 Tn=7 logEntry.Sn=25
08:12:52.604 INF Committed entry. latency=0 nReq=32 sn=27
08:12:52.604 INF Committed entry. latency=0 nReq=32 sn=24
08:12:52.604 INF Delivered batch. nReq=32 sn=24
08:12:52.604 INF Delivered batch. nReq=32 sn=25
08:12:52.604 INF Delivered batch. nReq=32 sn=26
08:12:52.604 INF Delivered batch. nReq=32 sn=27
08:12:52.605 INF Get logEntry.Sn from tn. Hn=7 SegID=0 Tn=7 logEntry.Sn=24
08:12:52.605 INF Get logEntry.Sn from tn. Hn=7 SegID=3 Tn=7 logEntry.Sn=27
08:12:53.564 INF Sending PREPREPARE. nReq=32 senderID=1 sn=29 view=0
08:12:53.568 INF Handling PREPREPARE. nReq=32 senderID=2 sn=30
08:12:53.570 INF Handling PREPREPARE. nReq=32 senderID=0 sn=28
08:12:53.573 INF Handling PREPREPARE. nReq=32 senderID=3 sn=31
08:12:53.578 INF Committed entry. latency=0 nReq=32 sn=30
08:12:53.578 INF Get logEntry.Sn from tn. Hn=8 SegID=2 Tn=8 logEntry.Sn=30
08:12:53.579 INF Committed entry. latency=0 nReq=32 sn=28
08:12:53.579 INF Delivered batch. nReq=32 sn=28
08:12:53.579 INF Committed entry. latency=0 nReq=32 sn=29
08:12:53.579 INF Delivered batch. nReq=32 sn=29
08:12:53.579 INF Delivered batch. nReq=32 sn=30
08:12:53.579 INF Get logEntry.Sn from tn. Hn=8 SegID=0 Tn=8 logEntry.Sn=28
08:12:53.580 INF Get logEntry.Sn from tn. Hn=8 SegID=1 Tn=8 logEntry.Sn=29
08:12:53.581 INF Committed entry. latency=0 nReq=32 sn=31
08:12:53.582 INF Delivered batch. nReq=32 sn=31
08:12:53.582 INF Get logEntry.Sn from tn. Hn=8 SegID=3 Tn=8 logEntry.Sn=31
08:12:54.565 INF Sending PREPREPARE. nReq=32 senderID=1 sn=33 view=0
08:12:54.569 INF Handling PREPREPARE. nReq=32 senderID=2 sn=34
08:12:54.572 INF Handling PREPREPARE. nReq=32 senderID=0 sn=32
08:12:54.575 INF Handling PREPREPARE. nReq=32 senderID=3 sn=35
08:12:54.578 INF Committed entry. latency=0 nReq=32 sn=33
08:12:54.578 INF Get logEntry.Sn from tn. Hn=9 SegID=1 Tn=9 logEntry.Sn=33
08:12:54.580 INF Committed entry. latency=0 nReq=32 sn=34
08:12:54.580 INF Get logEntry.Sn from tn. Hn=9 SegID=2 Tn=9 logEntry.Sn=34
08:12:54.581 INF Committed entry. latency=0 nReq=32 sn=32
08:12:54.581 INF Delivered batch. nReq=32 sn=32
08:12:54.581 INF Delivered batch. nReq=32 sn=33
08:12:54.581 INF Delivered batch. nReq=32 sn=34
08:12:54.582 INF Get logEntry.Sn from tn. Hn=9 SegID=0 Tn=9 logEntry.Sn=32
08:12:54.583 INF Committed entry. latency=0 nReq=32 sn=35
08:12:54.583 INF Delivered batch. nReq=32 sn=35
08:12:54.583 INF Get logEntry.Sn from tn. Hn=9 SegID=3 Tn=9 logEntry.Sn=35
08:12:55.566 INF Sending PREPREPARE. nReq=32 senderID=1 sn=37 view=0
08:12:55.570 INF Handling PREPREPARE. nReq=32 senderID=2 sn=38
08:12:55.572 INF Handling PREPREPARE. nReq=32 senderID=0 sn=36
08:12:55.576 INF Handling PREPREPARE. nReq=32 senderID=3 sn=39
08:12:55.578 INF Committed entry. latency=0 nReq=32 sn=38
08:12:55.578 INF Get logEntry.Sn from tn. Hn=10 SegID=2 Tn=10 logEntry.Sn=38
08:12:55.579 INF Committed entry. latency=0 nReq=32 sn=37
08:12:55.579 INF Get logEntry.Sn from tn. Hn=10 SegID=1 Tn=10 logEntry.Sn=37
08:12:55.582 INF Committed entry. latency=0 nReq=32 sn=36
08:12:55.582 INF Delivered batch. nReq=32 sn=36
08:12:55.582 INF Delivered batch. nReq=32 sn=37
08:12:55.583 INF Delivered batch. nReq=32 sn=38
08:12:55.583 INF Get logEntry.Sn from tn. Hn=10 SegID=0 Tn=10 logEntry.Sn=36
08:12:55.583 INF Committed entry. latency=0 nReq=32 sn=39
08:12:55.584 INF Delivered batch. nReq=32 sn=39
08:12:55.584 INF Get logEntry.Sn from tn. Hn=10 SegID=3 Tn=10 logEntry.Sn=39
08:12:56.568 INF Sending PREPREPARE. nReq=32 senderID=1 sn=41 view=0
08:12:56.571 INF Handling PREPREPARE. nReq=33 senderID=2 sn=42
08:12:56.575 INF Handling PREPREPARE. nReq=32 senderID=0 sn=40
08:12:56.576 INF Handling PREPREPARE. nReq=32 senderID=3 sn=43
08:12:56.579 INF Committed entry. latency=0 nReq=33 sn=42
08:12:56.579 INF Get logEntry.Sn from tn. Hn=11 SegID=2 Tn=11 logEntry.Sn=42
08:12:56.582 INF Committed entry. latency=0 nReq=32 sn=41
08:12:56.582 INF Get logEntry.Sn from tn. Hn=11 SegID=1 Tn=11 logEntry.Sn=41
08:12:56.584 INF Committed entry. latency=0 nReq=32 sn=40
08:12:56.584 INF Delivered batch. nReq=32 sn=40
08:12:56.584 INF Delivered batch. nReq=32 sn=41
08:12:56.584 INF Delivered batch. nReq=33 sn=42
08:12:56.585 INF Get logEntry.Sn from tn. Hn=11 SegID=0 Tn=11 logEntry.Sn=40
08:12:56.585 INF Committed entry. latency=0 nReq=32 sn=43
08:12:56.585 INF Delivered batch. nReq=32 sn=43
08:12:56.585 INF Get logEntry.Sn from tn. Hn=11 SegID=3 Tn=11 logEntry.Sn=43
08:12:57.569 INF Sending PREPREPARE. nReq=32 senderID=1 sn=45 view=0
08:12:57.572 INF Handling PREPREPARE. nReq=32 senderID=2 sn=46
08:12:57.631 INF Handling PREPREPARE. nReq=32 senderID=3 sn=47
08:12:57.632 INF Handling PREPREPARE. nReq=32 senderID=0 sn=44
08:12:57.636 INF Committed entry. latency=0 nReq=32 sn=46
08:12:57.636 INF Get logEntry.Sn from tn. Hn=12 SegID=2 Tn=12 logEntry.Sn=46
08:12:57.640 INF Committed entry. latency=0 nReq=32 sn=47
08:12:57.640 INF Get logEntry.Sn from tn. Hn=12 SegID=3 Tn=12 logEntry.Sn=47
08:12:57.640 INF Committed entry. latency=0 nReq=32 sn=45
08:12:57.641 INF Get logEntry.Sn from tn. Hn=12 SegID=1 Tn=12 logEntry.Sn=45
08:12:57.642 INF Committed entry. latency=0 nReq=32 sn=44
08:12:57.642 INF Delivered batch. nReq=32 sn=44
08:12:57.642 INF Delivered batch. nReq=32 sn=45
08:12:57.642 INF Delivered batch. nReq=32 sn=46
08:12:57.642 INF Delivered batch. nReq=32 sn=47
08:12:57.642 INF Get logEntry.Sn from tn. Hn=12 SegID=0 Tn=12 logEntry.Sn=44
08:12:58.570 INF Sending PREPREPARE. nReq=32 senderID=1 sn=49 view=0
08:12:58.573 INF Handling PREPREPARE. nReq=32 senderID=2 sn=50
08:12:58.576 INF Handling PREPREPARE. nReq=32 senderID=3 sn=51
08:12:58.577 INF Handling PREPREPARE. nReq=32 senderID=0 sn=48
08:12:58.581 INF Committed entry. latency=0 nReq=32 sn=50
08:12:58.581 INF Get logEntry.Sn from tn. Hn=13 SegID=2 Tn=13 logEntry.Sn=50
08:12:58.586 INF Committed entry. latency=0 nReq=32 sn=49
08:12:58.586 INF Get logEntry.Sn from tn. Hn=13 SegID=1 Tn=13 logEntry.Sn=49
08:12:58.586 INF Committed entry. latency=0 nReq=32 sn=48
08:12:58.587 INF Delivered batch. nReq=32 sn=48
08:12:58.587 INF Committed entry. latency=0 nReq=32 sn=51
08:12:58.587 INF Delivered batch. nReq=32 sn=49
08:12:58.587 INF Delivered batch. nReq=32 sn=50
08:12:58.587 INF Delivered batch. nReq=32 sn=51
08:12:58.587 INF Get logEntry.Sn from tn. Hn=13 SegID=0 Tn=13 logEntry.Sn=48
08:12:58.588 INF Get logEntry.Sn from tn. Hn=13 SegID=3 Tn=13 logEntry.Sn=51
08:12:59.571 INF Sending PREPREPARE. nReq=32 senderID=1 sn=53 view=0
08:12:59.575 INF Handling PREPREPARE. nReq=32 senderID=2 sn=54
08:12:59.577 INF Handling PREPREPARE. nReq=32 senderID=0 sn=52
08:12:59.578 INF Handling PREPREPARE. nReq=33 senderID=3 sn=55
08:12:59.585 INF Committed entry. latency=0 nReq=32 sn=53
08:12:59.585 INF Get logEntry.Sn from tn. Hn=14 SegID=1 Tn=14 logEntry.Sn=53
08:12:59.585 INF Committed entry. latency=0 nReq=32 sn=52
08:12:59.585 INF Committed entry. latency=0 nReq=32 sn=54
08:12:59.585 INF Delivered batch. nReq=32 sn=52
08:12:59.586 INF Delivered batch. nReq=32 sn=53
08:12:59.586 INF Delivered batch. nReq=32 sn=54
08:12:59.586 INF Get logEntry.Sn from tn. Hn=14 SegID=0 Tn=14 logEntry.Sn=52
08:12:59.586 INF Get logEntry.Sn from tn. Hn=14 SegID=2 Tn=14 logEntry.Sn=54
08:12:59.587 INF Committed entry. latency=0 nReq=33 sn=55
08:12:59.588 INF Delivered batch. nReq=33 sn=55
08:12:59.588 INF Get logEntry.Sn from tn. Hn=14 SegID=3 Tn=14 logEntry.Sn=55
08:13:00.573 INF Sending PREPREPARE. nReq=32 senderID=1 sn=57 view=0
08:13:00.575 INF Handling PREPREPARE. nReq=32 senderID=2 sn=58
08:13:00.581 INF Handling PREPREPARE. nReq=32 senderID=3 sn=59
08:13:00.581 INF Handling PREPREPARE. nReq=32 senderID=0 sn=56
08:13:00.586 INF Committed entry. latency=0 nReq=32 sn=58
08:13:00.586 INF Get logEntry.Sn from tn. Hn=15 SegID=2 Tn=15 logEntry.Sn=58
08:13:00.588 INF Committed entry. latency=0 nReq=32 sn=56
08:13:00.588 INF Committed entry. latency=0 nReq=32 sn=59
08:13:00.588 INF Committed entry. latency=0 nReq=32 sn=57
08:13:00.589 INF Delivered batch. nReq=32 sn=56
08:13:00.589 INF Delivered batch. nReq=32 sn=57
08:13:00.589 INF Delivered batch. nReq=32 sn=58
08:13:00.589 INF Delivered batch. nReq=32 sn=59
08:13:00.589 INF Get logEntry.Sn from tn. Hn=15 SegID=0 Tn=15 logEntry.Sn=56
08:13:00.589 INF Get logEntry.Sn from tn. Hn=15 SegID=3 Tn=15 logEntry.Sn=59
08:13:00.589 INF Get logEntry.Sn from tn. Hn=15 SegID=1 Tn=15 logEntry.Sn=57
08:13:00.673 INF Connection terminated. error="rpc error: code = Canceled desc = context canceled" address=127.0.0.1:32896
08:13:00.673 INF Connection terminated. error="rpc error: code = Canceled desc = context canceled" address=127.0.0.1:32886
08:13:00.673 INF Connection terminated. error="rpc error: code = Canceled desc = context canceled" address=127.0.0.1:32870
08:13:00.673 INF Connection terminated. error="rpc error: code = Canceled desc = context canceled" address=127.0.0.1:32882
08:13:00.673 INF Connection terminated. error="rpc error: code = Canceled desc = context canceled" address=127.0.0.1:32860
08:13:00.673 INF Connection terminated. error="rpc error: code = Canceled desc = context canceled" address=127.0.0.1:32808
08:13:01.574 INF Sending PREPREPARE. nReq=32 senderID=1 sn=61 view=0
08:13:01.577 INF Handling PREPREPARE. nReq=32 senderID=2 sn=62
08:13:01.577 ERR Failed to send protocol message. Dropping all future outgoing protocol messages. error=EOF
08:13:01.579 INF Handling PREPREPARE. nReq=32 senderID=0 sn=60
08:13:01.585 INF Committed entry. latency=0 nReq=32 sn=62
08:13:01.585 INF Get logEntry.Sn from tn. Hn=16 SegID=2 Tn=16 logEntry.Sn=62
08:13:01.586 INF Committed entry. latency=0 nReq=32 sn=61
08:13:01.587 INF Get logEntry.Sn from tn. Hn=16 SegID=1 Tn=16 logEntry.Sn=61
08:13:01.588 INF Committed entry. latency=0 nReq=32 sn=60
08:13:01.588 INF Delivered batch. nReq=32 sn=60
08:13:01.588 INF Delivered batch. nReq=32 sn=61
08:13:01.588 INF Delivered batch. nReq=32 sn=62
08:13:01.588 INF Get logEntry.Sn from tn. Hn=16 SegID=0 Tn=16 logEntry.Sn=60
08:13:02.575 INF Sending PREPREPARE. nReq=32 senderID=1 sn=65 view=0
08:13:02.577 INF Handling PREPREPARE. nReq=32 senderID=2 sn=66
08:13:02.580 INF Handling PREPREPARE. nReq=32 senderID=0 sn=64
08:13:02.583 INF Committed entry. latency=0 nReq=32 sn=66
08:13:02.584 INF Get logEntry.Sn from tn. Hn=17 SegID=2 Tn=17 logEntry.Sn=66
08:13:02.589 INF Committed entry. latency=0 nReq=32 sn=65
08:13:02.589 INF Committed entry. latency=0 nReq=32 sn=64
08:13:02.589 INF Get logEntry.Sn from tn. Hn=17 SegID=1 Tn=17 logEntry.Sn=65
08:13:02.589 INF Get logEntry.Sn from tn. Hn=17 SegID=0 Tn=17 logEntry.Sn=64
08:13:03.576 INF Sending PREPREPARE. nReq=32 senderID=1 sn=69 view=0
08:13:03.577 INF Handling PREPREPARE. nReq=32 senderID=2 sn=70
08:13:03.581 INF Handling PREPREPARE. nReq=32 senderID=0 sn=68
08:13:03.586 INF Committed entry. latency=0 nReq=32 sn=70
08:13:03.586 INF Get logEntry.Sn from tn. Hn=18 SegID=2 Tn=18 logEntry.Sn=70
08:13:03.589 INF Committed entry. latency=0 nReq=32 sn=69
08:13:03.589 INF Get logEntry.Sn from tn. Hn=18 SegID=1 Tn=18 logEntry.Sn=69
08:13:03.590 INF Committed entry. latency=0 nReq=32 sn=68
08:13:03.590 INF Get logEntry.Sn from tn. Hn=18 SegID=0 Tn=18 logEntry.Sn=68
08:13:04.578 INF Sending PREPREPARE. nReq=32 senderID=1 sn=73 view=0
08:13:04.578 INF Handling PREPREPARE. nReq=32 senderID=2 sn=74
08:13:04.582 INF Handling PREPREPARE. nReq=32 senderID=0 sn=72
08:13:04.586 INF Committed entry. latency=0 nReq=32 sn=74
08:13:04.586 INF Get logEntry.Sn from tn. Hn=19 SegID=2 Tn=19 logEntry.Sn=74
08:13:04.591 INF Committed entry. latency=0 nReq=32 sn=72
08:13:04.591 INF Committed entry. latency=0 nReq=32 sn=73
08:13:04.591 INF Get logEntry.Sn from tn. Hn=19 SegID=0 Tn=19 logEntry.Sn=72
08:13:04.591 INF Get logEntry.Sn from tn. Hn=19 SegID=1 Tn=19 logEntry.Sn=73
08:13:05.579 INF Sending PREPREPARE. nReq=32 senderID=1 sn=77 view=0
08:13:05.622 INF Handling PREPREPARE. nReq=32 senderID=0 sn=76
08:13:05.623 INF Handling PREPREPARE. nReq=32 senderID=2 sn=78
08:13:05.630 INF Committed entry. latency=0 nReq=32 sn=76
08:13:05.630 INF Committed entry. latency=0 nReq=32 sn=78
08:13:05.630 INF Get logEntry.Sn from tn. Hn=20 SegID=0 Tn=20 logEntry.Sn=76
08:13:05.630 INF Get logEntry.Sn from tn. Hn=20 SegID=2 Tn=20 logEntry.Sn=78
08:13:05.631 INF Committed entry. latency=0 nReq=32 sn=77
08:13:05.631 INF Get logEntry.Sn from tn. Hn=20 SegID=1 Tn=20 logEntry.Sn=77
08:13:06.580 INF Handling PREPREPARE. nReq=32 senderID=2 sn=82
08:13:06.582 INF Sending PREPREPARE. nReq=32 senderID=1 sn=81 view=0
08:13:06.585 INF Handling PREPREPARE. nReq=32 senderID=0 sn=80
08:13:06.586 INF Committed entry. latency=0 nReq=32 sn=82
08:13:06.586 INF Get logEntry.Sn from tn. Hn=21 SegID=2 Tn=21 logEntry.Sn=82
08:13:06.593 INF Committed entry. latency=0 nReq=32 sn=80
08:13:06.593 INF Get logEntry.Sn from tn. Hn=21 SegID=0 Tn=21 logEntry.Sn=80
08:13:06.594 INF Committed entry. latency=0 nReq=32 sn=81
08:13:06.594 INF Get logEntry.Sn from tn. Hn=21 SegID=1 Tn=21 logEntry.Sn=81
08:13:07.582 INF Sending PREPREPARE. nReq=32 senderID=1 sn=85 view=0
08:13:07.582 INF Handling PREPREPARE. nReq=32 senderID=2 sn=86
08:13:07.586 INF Handling PREPREPARE. nReq=33 senderID=0 sn=84
08:13:07.589 INF Committed entry. latency=0 nReq=32 sn=86
08:13:07.590 INF Get logEntry.Sn from tn. Hn=22 SegID=2 Tn=22 logEntry.Sn=86
08:13:07.593 INF Committed entry. latency=0 nReq=33 sn=84
08:13:07.593 INF Get logEntry.Sn from tn. Hn=22 SegID=0 Tn=22 logEntry.Sn=84
08:13:07.594 INF Committed entry. latency=0 nReq=32 sn=85
08:13:07.594 INF Get logEntry.Sn from tn. Hn=22 SegID=1 Tn=22 logEntry.Sn=85
08:13:08.582 INF Handling PREPREPARE. nReq=32 senderID=2 sn=90
08:13:08.583 INF Sending PREPREPARE. nReq=32 senderID=1 sn=89 view=0
08:13:08.588 INF Handling PREPREPARE. nReq=32 senderID=0 sn=88
08:13:08.590 INF Committed entry. latency=0 nReq=32 sn=90
08:13:08.590 INF Get logEntry.Sn from tn. Hn=23 SegID=2 Tn=23 logEntry.Sn=90
08:13:08.596 INF Committed entry. latency=0 nReq=32 sn=88
08:13:08.596 INF Committed entry. latency=0 nReq=32 sn=89
08:13:08.596 INF Get logEntry.Sn from tn. Hn=23 SegID=0 Tn=23 logEntry.Sn=88
08:13:08.596 INF Get logEntry.Sn from tn. Hn=23 SegID=1 Tn=23 logEntry.Sn=89
08:13:09.584 INF Handling PREPREPARE. nReq=32 senderID=2 sn=94
08:13:09.584 INF Sending PREPREPARE. nReq=32 senderID=1 sn=93 view=0
08:13:09.590 INF Handling PREPREPARE. nReq=32 senderID=0 sn=92
08:13:09.593 INF Committed entry. latency=0 nReq=32 sn=94
08:13:09.593 INF Get logEntry.Sn from tn. Hn=24 SegID=2 Tn=24 logEntry.Sn=94
08:13:09.597 INF Committed entry. latency=0 nReq=32 sn=92
08:13:09.597 INF Committed entry. latency=0 nReq=32 sn=93
08:13:09.598 INF Get logEntry.Sn from tn. Hn=24 SegID=0 Tn=24 logEntry.Sn=92
08:13:09.598 INF Get logEntry.Sn from tn. Hn=24 SegID=1 Tn=24 logEntry.Sn=93
08:13:10.585 INF Sending PREPREPARE. nReq=32 senderID=1 sn=97 view=0
08:13:10.623 INF Handling PREPREPARE. nReq=32 senderID=2 sn=98
08:13:10.623 INF Handling PREPREPARE. nReq=32 senderID=0 sn=96
08:13:10.632 INF Committed entry. latency=0 nReq=32 sn=98
08:13:10.632 INF Get logEntry.Sn from tn. Hn=25 SegID=2 Tn=25 logEntry.Sn=98
08:13:10.633 INF Committed entry. latency=0 nReq=32 sn=96
08:13:10.633 INF Committed entry. latency=0 nReq=32 sn=97
08:13:10.633 INF Get logEntry.Sn from tn. Hn=25 SegID=0 Tn=25 logEntry.Sn=96
08:13:10.633 INF Get logEntry.Sn from tn. Hn=25 SegID=1 Tn=25 logEntry.Sn=97
08:13:11.585 INF Handling PREPREPARE. nReq=32 senderID=2 sn=102
08:13:11.586 INF Sending PREPREPARE. nReq=32 senderID=1 sn=101 view=0
08:13:11.592 INF Handling PREPREPARE. nReq=32 senderID=0 sn=100
08:13:11.595 INF Committed entry. latency=0 nReq=32 sn=102
08:13:11.595 INF Get logEntry.Sn from tn. Hn=26 SegID=2 Tn=26 logEntry.Sn=102
08:13:11.597 INF Committed entry. latency=0 nReq=32 sn=101
08:13:11.597 INF Get logEntry.Sn from tn. Hn=26 SegID=1 Tn=26 logEntry.Sn=101
08:13:11.598 INF Committed entry. latency=0 nReq=32 sn=100
08:13:11.598 INF Get logEntry.Sn from tn. Hn=26 SegID=0 Tn=26 logEntry.Sn=100
08:13:12.586 INF Sending PREPREPARE. nReq=32 senderID=1 sn=105 view=0
08:13:12.587 INF Handling PREPREPARE. nReq=32 senderID=2 sn=106
08:13:12.592 INF Handling PREPREPARE. nReq=32 senderID=0 sn=104
08:13:12.594 INF Committed entry. latency=0 nReq=32 sn=106
08:13:12.594 INF Get logEntry.Sn from tn. Hn=27 SegID=2 Tn=27 logEntry.Sn=106
08:13:12.599 INF Committed entry. latency=0 nReq=32 sn=104
08:13:12.599 INF Committed entry. latency=0 nReq=32 sn=105
08:13:12.599 INF Get logEntry.Sn from tn. Hn=27 SegID=0 Tn=27 logEntry.Sn=104
08:13:12.599 INF Get logEntry.Sn from tn. Hn=27 SegID=1 Tn=27 logEntry.Sn=105
08:13:13.587 INF Sending PREPREPARE. nReq=32 senderID=1 sn=109 view=0
08:13:13.587 INF Handling PREPREPARE. nReq=32 senderID=2 sn=110
08:13:13.594 INF Handling PREPREPARE. nReq=32 senderID=0 sn=108
08:13:13.595 INF Committed entry. latency=0 nReq=32 sn=110
08:13:13.595 INF Get logEntry.Sn from tn. Hn=28 SegID=2 Tn=28 logEntry.Sn=110
08:13:13.599 INF Committed entry. latency=0 nReq=32 sn=109
08:13:13.599 INF Get logEntry.Sn from tn. Hn=28 SegID=1 Tn=28 logEntry.Sn=109
08:13:13.603 INF Committed entry. latency=0 nReq=32 sn=108
08:13:13.603 INF Get logEntry.Sn from tn. Hn=28 SegID=0 Tn=28 logEntry.Sn=108
08:13:14.588 INF Sending PREPREPARE. nReq=33 senderID=1 sn=113 view=0
08:13:14.589 INF Handling PREPREPARE. nReq=32 senderID=2 sn=114
08:13:14.597 INF Committed entry. latency=0 nReq=32 sn=114
08:13:14.597 INF Get logEntry.Sn from tn. Hn=29 SegID=2 Tn=29 logEntry.Sn=114
08:13:14.597 INF Handling PREPREPARE. nReq=32 senderID=0 sn=112
08:13:14.601 INF Committed entry. latency=0 nReq=33 sn=113
08:13:14.601 INF Get logEntry.Sn from tn. Hn=29 SegID=1 Tn=29 logEntry.Sn=113
08:13:14.605 INF Committed entry. latency=0 nReq=32 sn=112
08:13:14.605 INF Get logEntry.Sn from tn. Hn=29 SegID=0 Tn=29 logEntry.Sn=112
08:13:15.589 INF Sending PREPREPARE. nReq=32 senderID=1 sn=117 view=0
08:13:15.614 INF Handling PREPREPARE. nReq=32 senderID=2 sn=118
08:13:15.614 INF Handling PREPREPARE. nReq=32 senderID=0 sn=116
08:13:15.621 INF Committed entry. latency=0 nReq=32 sn=118
08:13:15.622 INF Get logEntry.Sn from tn. Hn=30 SegID=2 Tn=30 logEntry.Sn=118
08:13:15.623 INF Committed entry. latency=0 nReq=32 sn=116
08:13:15.623 INF Committed entry. latency=0 nReq=32 sn=117
08:13:15.623 INF Get logEntry.Sn from tn. Hn=30 SegID=0 Tn=30 logEntry.Sn=116
08:13:15.623 INF Get logEntry.Sn from tn. Hn=30 SegID=1 Tn=30 logEntry.Sn=117
08:13:16.590 INF Handling PREPREPARE. nReq=32 senderID=2 sn=122
08:13:16.590 INF Sending PREPREPARE. nReq=32 senderID=1 sn=121 view=0
08:13:16.597 INF Committed entry. latency=0 nReq=32 sn=122
08:13:16.597 INF Get logEntry.Sn from tn. Hn=31 SegID=2 Tn=31 logEntry.Sn=122
08:13:16.599 INF Handling PREPREPARE. nReq=32 senderID=0 sn=120
08:13:16.603 INF Committed entry. latency=0 nReq=32 sn=121
08:13:16.604 INF Get logEntry.Sn from tn. Hn=31 SegID=1 Tn=31 logEntry.Sn=121
08:13:16.607 INF Committed entry. latency=0 nReq=32 sn=120
08:13:16.607 INF Get logEntry.Sn from tn. Hn=31 SegID=0 Tn=31 logEntry.Sn=120
08:13:17.590 INF Sending PREPREPARE. nReq=32 senderID=1 sn=125 view=0
08:13:17.591 INF Handling PREPREPARE. nReq=32 senderID=2 sn=126
08:13:17.599 INF Committed entry. latency=0 nReq=32 sn=126
08:13:17.599 INF Get logEntry.Sn from tn. Hn=32 SegID=2 Tn=32 logEntry.Sn=126
08:13:17.599 INF Handling PREPREPARE. nReq=32 senderID=0 sn=124
08:13:17.602 INF Committed entry. latency=0 nReq=32 sn=125
08:13:17.603 INF Get logEntry.Sn from tn. Hn=32 SegID=1 Tn=32 logEntry.Sn=125
08:13:17.607 INF Committed entry. latency=0 nReq=32 sn=124
08:13:17.607 INF Get logEntry.Sn from tn. Hn=32 SegID=0 Tn=32 logEntry.Sn=124
08:13:18.588 INF Handling PREPREPARE. nReq=1 senderID=2 sn=130
08:13:18.591 INF Sending PREPREPARE. nReq=1 senderID=1 sn=129 view=0
08:13:18.592 INF Committed entry. latency=0 nReq=1 sn=130
08:13:18.592 INF Get logEntry.Sn from tn. Hn=33 SegID=2 Tn=33 logEntry.Sn=130
08:13:18.595 INF Committed entry. latency=0 nReq=1 sn=129
08:13:18.595 INF Get logEntry.Sn from tn. Hn=33 SegID=1 Tn=33 logEntry.Sn=129
08:13:18.596 INF Handling PREPREPARE. nReq=1 senderID=0 sn=128
08:13:18.599 INF Committed entry. latency=0 nReq=1 sn=128
08:13:18.599 INF Get logEntry.Sn from tn. Hn=33 SegID=0 Tn=33 logEntry.Sn=128
08:13:19.588 INF Handling PREPREPARE. nReq=0 senderID=2 sn=134
08:13:19.592 INF Sending PREPREPARE. nReq=0 senderID=1 sn=133 view=0
08:13:19.592 INF Committed entry. latency=0 nReq=0 sn=134
08:13:19.592 INF Get logEntry.Sn from tn. Hn=34 SegID=2 Tn=34 logEntry.Sn=134
08:13:19.596 INF Committed entry. latency=0 nReq=0 sn=133
08:13:19.596 INF Get logEntry.Sn from tn. Hn=34 SegID=1 Tn=34 logEntry.Sn=133
08:13:19.597 INF Handling PREPREPARE. nReq=0 senderID=0 sn=132
08:13:19.600 INF Committed entry. latency=0 nReq=0 sn=132
08:13:19.600 INF Get logEntry.Sn from tn. Hn=34 SegID=0 Tn=34 logEntry.Sn=132
08:13:20.590 INF Handling PREPREPARE. nReq=0 senderID=2 sn=138
08:13:20.592 INF Sending PREPREPARE. nReq=0 senderID=1 sn=137 view=0
08:13:20.619 INF Handling PREPREPARE. nReq=0 senderID=0 sn=136
08:13:20.620 INF Committed entry. latency=0 nReq=0 sn=138
08:13:20.621 INF Get logEntry.Sn from tn. Hn=35 SegID=2 Tn=35 logEntry.Sn=138
08:13:20.622 INF Committed entry. latency=0 nReq=0 sn=137
08:13:20.622 INF Committed entry. latency=0 nReq=0 sn=136
08:13:20.622 INF Get logEntry.Sn from tn. Hn=35 SegID=1 Tn=35 logEntry.Sn=137
08:13:20.622 INF Get logEntry.Sn from tn. Hn=35 SegID=0 Tn=35 logEntry.Sn=136
08:13:21.591 INF Handling PREPREPARE. nReq=0 senderID=2 sn=142
08:13:21.593 INF Sending PREPREPARE. nReq=0 senderID=1 sn=141 view=0
08:13:21.594 INF Committed entry. latency=0 nReq=0 sn=142
08:13:21.594 INF Get logEntry.Sn from tn. Hn=36 SegID=2 Tn=36 logEntry.Sn=142
08:13:21.596 INF Committed entry. latency=0 nReq=0 sn=141
08:13:21.597 INF Get logEntry.Sn from tn. Hn=36 SegID=1 Tn=36 logEntry.Sn=141
08:13:21.599 INF Handling PREPREPARE. nReq=0 senderID=0 sn=140
08:13:21.602 INF Committed entry. latency=0 nReq=0 sn=140
08:13:21.602 INF Get logEntry.Sn from tn. Hn=36 SegID=0 Tn=36 logEntry.Sn=140
08:13:22.591 INF Handling PREPREPARE. nReq=0 senderID=2 sn=146
08:13:22.593 INF Sending PREPREPARE. nReq=0 senderID=1 sn=145 view=0
08:13:22.594 INF Committed entry. latency=0 nReq=0 sn=146
08:13:22.595 INF Get logEntry.Sn from tn. Hn=37 SegID=2 Tn=37 logEntry.Sn=146
08:13:22.597 INF Committed entry. latency=0 nReq=0 sn=145
08:13:22.598 INF Get logEntry.Sn from tn. Hn=37 SegID=1 Tn=37 logEntry.Sn=145
08:13:22.600 INF Handling PREPREPARE. nReq=0 senderID=0 sn=144
08:13:22.603 INF Committed entry. latency=0 nReq=0 sn=144
08:13:22.603 INF Get logEntry.Sn from tn. Hn=37 SegID=0 Tn=37 logEntry.Sn=144
08:13:23.593 INF Handling PREPREPARE. nReq=0 senderID=2 sn=150
08:13:23.594 INF Sending PREPREPARE. nReq=0 senderID=1 sn=149 view=0
08:13:23.596 INF Committed entry. latency=0 nReq=0 sn=150
08:13:23.596 INF Get logEntry.Sn from tn. Hn=38 SegID=2 Tn=38 logEntry.Sn=150
08:13:23.599 INF Committed entry. latency=0 nReq=0 sn=149
08:13:23.599 INF Get logEntry.Sn from tn. Hn=38 SegID=1 Tn=38 logEntry.Sn=149
08:13:23.601 INF Handling PREPREPARE. nReq=0 senderID=0 sn=148
08:13:23.604 INF Committed entry. latency=0 nReq=0 sn=148
08:13:23.604 INF Get logEntry.Sn from tn. Hn=38 SegID=0 Tn=38 logEntry.Sn=148
08:13:24.593 INF Handling PREPREPARE. nReq=0 senderID=2 sn=154
08:13:24.595 INF Sending PREPREPARE. nReq=0 senderID=1 sn=153 view=0
08:13:24.597 INF Committed entry. latency=0 nReq=0 sn=154
08:13:24.597 INF Get logEntry.Sn from tn. Hn=39 SegID=2 Tn=39 logEntry.Sn=154
08:13:24.599 INF Committed entry. latency=0 nReq=0 sn=153
08:13:24.599 INF Get logEntry.Sn from tn. Hn=39 SegID=1 Tn=39 logEntry.Sn=153
08:13:24.601 INF Handling PREPREPARE. nReq=0 senderID=0 sn=152
08:13:24.605 INF Committed entry. latency=0 nReq=0 sn=152
08:13:24.605 INF Get logEntry.Sn from tn. Hn=39 SegID=0 Tn=39 logEntry.Sn=152
08:13:25.594 INF Handling PREPREPARE. nReq=0 senderID=2 sn=158
08:13:25.595 INF Sending PREPREPARE. nReq=0 senderID=1 sn=157 view=0
08:13:25.616 INF Handling PREPREPARE. nReq=0 senderID=0 sn=156
08:13:25.618 INF Committed entry. latency=0 nReq=0 sn=158
08:13:25.618 INF Get logEntry.Sn from tn. Hn=40 SegID=2 Tn=40 logEntry.Sn=158
08:13:25.619 INF Committed entry. latency=0 nReq=0 sn=157
08:13:25.619 INF Committed entry. latency=0 nReq=0 sn=156
08:13:25.619 INF Get logEntry.Sn from tn. Hn=40 SegID=1 Tn=40 logEntry.Sn=157
08:13:25.619 INF Get logEntry.Sn from tn. Hn=40 SegID=0 Tn=40 logEntry.Sn=156
08:13:26.595 INF Handling PREPREPARE. nReq=0 senderID=2 sn=162
08:13:26.596 INF Sending PREPREPARE. nReq=0 senderID=1 sn=161 view=0
08:13:26.599 INF Committed entry. latency=0 nReq=0 sn=162
08:13:26.599 INF Get logEntry.Sn from tn. Hn=41 SegID=2 Tn=41 logEntry.Sn=162
08:13:26.600 INF Committed entry. latency=0 nReq=0 sn=161
08:13:26.600 INF Get logEntry.Sn from tn. Hn=41 SegID=1 Tn=41 logEntry.Sn=161
08:13:26.604 INF Handling PREPREPARE. nReq=0 senderID=0 sn=160
08:13:26.607 INF Committed entry. latency=0 nReq=0 sn=160
08:13:26.607 INF Get logEntry.Sn from tn. Hn=41 SegID=0 Tn=41 logEntry.Sn=160
08:13:27.596 INF Handling PREPREPARE. nReq=0 senderID=2 sn=166
08:13:27.596 INF Sending PREPREPARE. nReq=0 senderID=1 sn=165 view=0
08:13:27.599 INF Committed entry. latency=0 nReq=0 sn=166
08:13:27.599 INF Get logEntry.Sn from tn. Hn=42 SegID=2 Tn=42 logEntry.Sn=166
08:13:27.600 INF Committed entry. latency=0 nReq=0 sn=165
08:13:27.601 INF Get logEntry.Sn from tn. Hn=42 SegID=1 Tn=42 logEntry.Sn=165
08:13:27.605 INF Handling PREPREPARE. nReq=0 senderID=0 sn=164
08:13:27.608 INF Committed entry. latency=0 nReq=0 sn=164
08:13:27.608 INF Get logEntry.Sn from tn. Hn=42 SegID=0 Tn=42 logEntry.Sn=164
08:13:28.597 INF Handling PREPREPARE. nReq=0 senderID=2 sn=170
08:13:28.597 INF Sending PREPREPARE. nReq=0 senderID=1 sn=169 view=0
08:13:28.600 INF Committed entry. latency=0 nReq=0 sn=170
08:13:28.600 INF Get logEntry.Sn from tn. Hn=43 SegID=2 Tn=43 logEntry.Sn=170
08:13:28.601 INF Committed entry. latency=0 nReq=0 sn=169
08:13:28.601 INF Get logEntry.Sn from tn. Hn=43 SegID=1 Tn=43 logEntry.Sn=169
08:13:28.605 INF Handling PREPREPARE. nReq=0 senderID=0 sn=168
08:13:28.609 INF Committed entry. latency=0 nReq=0 sn=168
08:13:28.609 INF Get logEntry.Sn from tn. Hn=43 SegID=0 Tn=43 logEntry.Sn=168
08:13:29.597 INF Sending PREPREPARE. nReq=0 senderID=1 sn=173 view=0
08:13:29.598 INF Handling PREPREPARE. nReq=0 senderID=2 sn=174
08:13:29.602 INF Committed entry. latency=0 nReq=0 sn=174
08:13:29.602 INF Committed entry. latency=0 nReq=0 sn=173
08:13:29.602 INF Get logEntry.Sn from tn. Hn=44 SegID=2 Tn=44 logEntry.Sn=174
08:13:29.602 INF Get logEntry.Sn from tn. Hn=44 SegID=1 Tn=44 logEntry.Sn=173
08:13:29.606 INF Handling PREPREPARE. nReq=0 senderID=0 sn=172
08:13:29.609 INF Committed entry. latency=0 nReq=0 sn=172
08:13:29.610 INF Get logEntry.Sn from tn. Hn=44 SegID=0 Tn=44 logEntry.Sn=172
08:13:30.599 INF Sending PREPREPARE. nReq=0 senderID=1 sn=177 view=0
08:13:30.599 INF Handling PREPREPARE. nReq=0 senderID=2 sn=178
08:13:30.636 INF Handling PREPREPARE. nReq=0 senderID=0 sn=176
08:13:30.639 INF Committed entry. latency=0 nReq=0 sn=178
08:13:30.639 INF Get logEntry.Sn from tn. Hn=45 SegID=2 Tn=45 logEntry.Sn=178
08:13:30.640 INF Committed entry. latency=0 nReq=0 sn=176
08:13:30.640 INF Committed entry. latency=0 nReq=0 sn=177
08:13:30.640 INF Get logEntry.Sn from tn. Hn=45 SegID=0 Tn=45 logEntry.Sn=176
08:13:30.640 INF Get logEntry.Sn from tn. Hn=45 SegID=1 Tn=45 logEntry.Sn=177
08:13:31.600 INF Sending PREPREPARE. nReq=0 senderID=1 sn=181 view=0
08:13:31.600 INF Handling PREPREPARE. nReq=0 senderID=2 sn=182
08:13:31.604 INF Committed entry. latency=0 nReq=0 sn=182
08:13:31.604 INF Committed entry. latency=0 nReq=0 sn=181
08:13:31.604 INF Get logEntry.Sn from tn. Hn=46 SegID=2 Tn=46 logEntry.Sn=182
08:13:31.604 INF Get logEntry.Sn from tn. Hn=46 SegID=1 Tn=46 logEntry.Sn=181
08:13:31.608 INF Handling PREPREPARE. nReq=0 senderID=0 sn=180
08:13:31.612 INF Committed entry. latency=0 nReq=0 sn=180
08:13:31.612 INF Get logEntry.Sn from tn. Hn=46 SegID=0 Tn=46 logEntry.Sn=180
08:13:32.601 INF Sending PREPREPARE. nReq=0 senderID=1 sn=185 view=0
08:13:32.601 INF Handling PREPREPARE. nReq=0 senderID=2 sn=186
08:13:32.605 INF Committed entry. latency=0 nReq=0 sn=185
08:13:32.605 INF Committed entry. latency=0 nReq=0 sn=186
08:13:32.605 INF Get logEntry.Sn from tn. Hn=47 SegID=1 Tn=47 logEntry.Sn=185
08:13:32.605 INF Get logEntry.Sn from tn. Hn=47 SegID=2 Tn=47 logEntry.Sn=186
08:13:32.609 INF Handling PREPREPARE. nReq=0 senderID=0 sn=184
08:13:32.613 INF Committed entry. latency=0 nReq=0 sn=184
08:13:32.613 INF Get logEntry.Sn from tn. Hn=47 SegID=0 Tn=47 logEntry.Sn=184
08:13:33.602 INF Sending PREPREPARE. nReq=0 senderID=1 sn=189 view=0
08:13:33.602 INF Handling PREPREPARE. nReq=0 senderID=2 sn=190
08:13:33.606 INF Committed entry. latency=0 nReq=0 sn=190
08:13:33.606 INF Committed entry. latency=0 nReq=0 sn=189
08:13:33.606 INF Get logEntry.Sn from tn. Hn=48 SegID=1 Tn=48 logEntry.Sn=189
08:13:33.606 INF Get logEntry.Sn from tn. Hn=48 SegID=2 Tn=48 logEntry.Sn=190
08:13:33.610 INF Handling PREPREPARE. nReq=0 senderID=0 sn=188
08:13:33.613 INF Committed entry. latency=0 nReq=0 sn=188
08:13:33.614 INF Get logEntry.Sn from tn. Hn=48 SegID=0 Tn=48 logEntry.Sn=188
08:13:34.603 INF Handling PREPREPARE. nReq=0 senderID=2 sn=194
08:13:34.603 INF Sending PREPREPARE. nReq=0 senderID=1 sn=193 view=0
08:13:34.606 INF Committed entry. latency=0 nReq=0 sn=194
08:13:34.606 INF Get logEntry.Sn from tn. Hn=49 SegID=2 Tn=49 logEntry.Sn=194
08:13:34.607 INF Committed entry. latency=0 nReq=0 sn=193
08:13:34.607 INF Get logEntry.Sn from tn. Hn=49 SegID=1 Tn=49 logEntry.Sn=193
08:13:34.611 INF Handling PREPREPARE. nReq=0 senderID=0 sn=192
08:13:34.614 INF Committed entry. latency=0 nReq=0 sn=192
08:13:34.614 INF Get logEntry.Sn from tn. Hn=49 SegID=0 Tn=49 logEntry.Sn=192
08:13:35.604 INF Sending PREPREPARE. nReq=0 senderID=1 sn=197 view=0
08:13:35.604 INF Handling PREPREPARE. nReq=0 senderID=2 sn=198
08:13:35.681 INF Handling PREPREPARE. nReq=0 senderID=0 sn=196
08:13:35.683 INF Committed entry. latency=0 nReq=0 sn=198
08:13:35.683 INF Get logEntry.Sn from tn. Hn=50 SegID=2 Tn=50 logEntry.Sn=198
08:13:35.684 INF Committed entry. latency=0 nReq=0 sn=197
08:13:35.684 INF Committed entry. latency=0 nReq=0 sn=196
08:13:35.684 INF Get logEntry.Sn from tn. Hn=50 SegID=1 Tn=50 logEntry.Sn=197
08:13:35.684 INF Get logEntry.Sn from tn. Hn=50 SegID=0 Tn=50 logEntry.Sn=196
08:13:36.605 INF Sending PREPREPARE. nReq=0 senderID=1 sn=201 view=0
08:13:36.605 INF Handling PREPREPARE. nReq=0 senderID=2 sn=202
08:13:36.610 INF Committed entry. latency=0 nReq=0 sn=201
08:13:36.610 INF Committed entry. latency=0 nReq=0 sn=202
08:13:36.610 INF Get logEntry.Sn from tn. Hn=51 SegID=1 Tn=51 logEntry.Sn=201
08:13:36.610 INF Get logEntry.Sn from tn. Hn=51 SegID=2 Tn=51 logEntry.Sn=202
08:13:36.612 INF Handling PREPREPARE. nReq=0 senderID=0 sn=200
08:13:36.616 INF Committed entry. latency=0 nReq=0 sn=200
08:13:36.616 INF Get logEntry.Sn from tn. Hn=51 SegID=0 Tn=51 logEntry.Sn=200
08:13:37.606 INF Handling PREPREPARE. nReq=0 senderID=2 sn=206
08:13:37.606 INF Sending PREPREPARE. nReq=0 senderID=1 sn=205 view=0
08:13:37.609 INF Committed entry. latency=0 nReq=0 sn=206
08:13:37.610 INF Get logEntry.Sn from tn. Hn=52 SegID=2 Tn=52 logEntry.Sn=206
08:13:37.611 INF Committed entry. latency=0 nReq=0 sn=205
08:13:37.611 INF Get logEntry.Sn from tn. Hn=52 SegID=1 Tn=52 logEntry.Sn=205
08:13:37.614 INF Handling PREPREPARE. nReq=0 senderID=0 sn=204
08:13:37.617 INF Committed entry. latency=0 nReq=0 sn=204
08:13:37.617 INF Get logEntry.Sn from tn. Hn=52 SegID=0 Tn=52 logEntry.Sn=204
08:13:38.607 INF Handling PREPREPARE. nReq=0 senderID=2 sn=210
08:13:38.607 INF Sending PREPREPARE. nReq=0 senderID=1 sn=209 view=0
08:13:38.610 INF Committed entry. latency=0 nReq=0 sn=210
08:13:38.610 INF Get logEntry.Sn from tn. Hn=53 SegID=2 Tn=53 logEntry.Sn=210
08:13:38.611 INF Committed entry. latency=0 nReq=0 sn=209
08:13:38.612 INF Get logEntry.Sn from tn. Hn=53 SegID=1 Tn=53 logEntry.Sn=209
08:13:38.614 INF Handling PREPREPARE. nReq=0 senderID=0 sn=208
08:13:38.618 INF Committed entry. latency=0 nReq=0 sn=208
08:13:38.618 INF Get logEntry.Sn from tn. Hn=53 SegID=0 Tn=53 logEntry.Sn=208
08:13:39.607 INF Handling PREPREPARE. nReq=0 senderID=2 sn=214
08:13:39.607 INF Sending PREPREPARE. nReq=0 senderID=1 sn=213 view=0
08:13:39.611 INF Committed entry. latency=0 nReq=0 sn=214
08:13:39.611 INF Get logEntry.Sn from tn. Hn=54 SegID=2 Tn=54 logEntry.Sn=214
08:13:39.612 INF Committed entry. latency=0 nReq=0 sn=213
08:13:39.612 INF Get logEntry.Sn from tn. Hn=54 SegID=1 Tn=54 logEntry.Sn=213
08:13:39.615 INF Handling PREPREPARE. nReq=0 senderID=0 sn=212
08:13:39.619 INF Committed entry. latency=0 nReq=0 sn=212
08:13:39.619 INF Get logEntry.Sn from tn. Hn=54 SegID=0 Tn=54 logEntry.Sn=212
08:13:40.608 INF Sending PREPREPARE. nReq=0 senderID=1 sn=217 view=0
08:13:40.608 INF Handling PREPREPARE. nReq=0 senderID=2 sn=218
08:13:40.611 INF Committed entry. latency=0 nReq=0 sn=218
08:13:40.612 INF Get logEntry.Sn from tn. Hn=55 SegID=2 Tn=55 logEntry.Sn=218
08:13:40.612 INF Committed entry. latency=0 nReq=0 sn=217
08:13:40.613 INF Get logEntry.Sn from tn. Hn=55 SegID=1 Tn=55 logEntry.Sn=217
08:13:40.616 INF Handling PREPREPARE. nReq=0 senderID=0 sn=216
08:13:40.619 INF Committed entry. latency=0 nReq=0 sn=216
08:13:40.619 INF Get logEntry.Sn from tn. Hn=55 SegID=0 Tn=55 logEntry.Sn=216
08:13:41.609 INF Sending PREPREPARE. nReq=0 senderID=1 sn=221 view=0
08:13:41.610 INF Handling PREPREPARE. nReq=0 senderID=2 sn=222
08:13:41.613 INF Committed entry. latency=0 nReq=0 sn=221
08:13:41.613 INF Committed entry. latency=0 nReq=0 sn=222
08:13:41.614 INF Get logEntry.Sn from tn. Hn=56 SegID=1 Tn=56 logEntry.Sn=221
08:13:41.614 INF Get logEntry.Sn from tn. Hn=56 SegID=2 Tn=56 logEntry.Sn=222
08:13:41.617 INF Handling PREPREPARE. nReq=0 senderID=0 sn=220
08:13:41.620 INF Committed entry. latency=0 nReq=0 sn=220
08:13:41.620 INF Get logEntry.Sn from tn. Hn=56 SegID=0 Tn=56 logEntry.Sn=220
08:13:42.610 INF Sending PREPREPARE. nReq=0 senderID=1 sn=225 view=0
08:13:42.610 INF Handling PREPREPARE. nReq=0 senderID=2 sn=226
08:13:42.614 INF Committed entry. latency=0 nReq=0 sn=226
08:13:42.614 INF Committed entry. latency=0 nReq=0 sn=225
08:13:42.614 INF Get logEntry.Sn from tn. Hn=57 SegID=2 Tn=57 logEntry.Sn=226
08:13:42.614 INF Get logEntry.Sn from tn. Hn=57 SegID=1 Tn=57 logEntry.Sn=225
08:13:42.617 INF Handling PREPREPARE. nReq=0 senderID=0 sn=224
08:13:42.620 INF Committed entry. latency=0 nReq=0 sn=224
08:13:42.621 INF Get logEntry.Sn from tn. Hn=57 SegID=0 Tn=57 logEntry.Sn=224
08:13:43.611 INF Handling PREPREPARE. nReq=0 senderID=2 sn=230
08:13:43.611 INF Sending PREPREPARE. nReq=0 senderID=1 sn=229 view=0
08:13:43.614 INF Committed entry. latency=0 nReq=0 sn=230
08:13:43.615 INF Get logEntry.Sn from tn. Hn=58 SegID=2 Tn=58 logEntry.Sn=230
08:13:43.616 INF Committed entry. latency=0 nReq=0 sn=229
08:13:43.616 INF Get logEntry.Sn from tn. Hn=58 SegID=1 Tn=58 logEntry.Sn=229
08:13:43.618 INF Handling PREPREPARE. nReq=0 senderID=0 sn=228
08:13:43.621 INF Committed entry. latency=0 nReq=0 sn=228
08:13:43.622 INF Get logEntry.Sn from tn. Hn=58 SegID=0 Tn=58 logEntry.Sn=228
08:13:44.612 INF Sending PREPREPARE. nReq=0 senderID=1 sn=233 view=0
08:13:44.612 INF Handling PREPREPARE. nReq=0 senderID=2 sn=234
08:13:44.615 INF Committed entry. latency=0 nReq=0 sn=234
08:13:44.616 INF Get logEntry.Sn from tn. Hn=59 SegID=2 Tn=59 logEntry.Sn=234
08:13:44.616 INF Committed entry. latency=0 nReq=0 sn=233
08:13:44.616 INF Get logEntry.Sn from tn. Hn=59 SegID=1 Tn=59 logEntry.Sn=233
08:13:44.618 INF Handling PREPREPARE. nReq=0 senderID=0 sn=232
08:13:44.622 INF Committed entry. latency=0 nReq=0 sn=232
08:13:44.622 INF Get logEntry.Sn from tn. Hn=59 SegID=0 Tn=59 logEntry.Sn=232
08:13:45.613 INF Handling PREPREPARE. nReq=0 senderID=2 sn=238
08:13:45.613 INF Sending PREPREPARE. nReq=0 senderID=1 sn=237 view=0
08:13:45.616 INF Committed entry. latency=0 nReq=0 sn=238
08:13:45.616 INF Get logEntry.Sn from tn. Hn=60 SegID=2 Tn=60 logEntry.Sn=238
08:13:45.617 INF Committed entry. latency=0 nReq=0 sn=237
08:13:45.617 INF Get logEntry.Sn from tn. Hn=60 SegID=1 Tn=60 logEntry.Sn=237
08:13:45.619 INF Handling PREPREPARE. nReq=0 senderID=0 sn=236
08:13:45.623 INF Committed entry. latency=0 nReq=0 sn=236
08:13:45.623 INF Get logEntry.Sn from tn. Hn=60 SegID=0 Tn=60 logEntry.Sn=236
08:13:46.613 INF Handling PREPREPARE. nReq=0 senderID=2 sn=242
08:13:46.613 INF Sending PREPREPARE. nReq=0 senderID=1 sn=241 view=0
08:13:46.616 INF Committed entry. latency=0 nReq=0 sn=242
08:13:46.616 INF Get logEntry.Sn from tn. Hn=61 SegID=2 Tn=61 logEntry.Sn=242
08:13:46.617 INF Committed entry. latency=0 nReq=0 sn=241
08:13:46.618 INF Get logEntry.Sn from tn. Hn=61 SegID=1 Tn=61 logEntry.Sn=241
08:13:46.621 INF Handling PREPREPARE. nReq=0 senderID=0 sn=240
08:13:46.625 INF Committed entry. latency=0 nReq=0 sn=240
08:13:46.625 INF Get logEntry.Sn from tn. Hn=61 SegID=0 Tn=61 logEntry.Sn=240
08:13:47.614 INF Handling PREPREPARE. nReq=0 senderID=2 sn=246
08:13:47.614 INF Sending PREPREPARE. nReq=0 senderID=1 sn=245 view=0
08:13:47.618 INF Committed entry. latency=0 nReq=0 sn=246
08:13:47.618 INF Get logEntry.Sn from tn. Hn=62 SegID=2 Tn=62 logEntry.Sn=246
08:13:47.619 INF Committed entry. latency=0 nReq=0 sn=245
08:13:47.619 INF Get logEntry.Sn from tn. Hn=62 SegID=1 Tn=62 logEntry.Sn=245
08:13:47.622 INF Handling PREPREPARE. nReq=0 senderID=0 sn=244
08:13:47.626 INF Committed entry. latency=0 nReq=0 sn=244
08:13:47.626 INF Get logEntry.Sn from tn. Hn=62 SegID=0 Tn=62 logEntry.Sn=244
08:13:48.615 INF Handling PREPREPARE. nReq=0 senderID=2 sn=250
08:13:48.615 INF Sending PREPREPARE. nReq=0 senderID=1 sn=249 view=0
08:13:48.620 INF Committed entry. latency=0 nReq=0 sn=249
08:13:48.620 INF Committed entry. latency=0 nReq=0 sn=250
08:13:48.620 INF Get logEntry.Sn from tn. Hn=63 SegID=1 Tn=63 logEntry.Sn=249
08:13:48.620 INF Get logEntry.Sn from tn. Hn=63 SegID=2 Tn=63 logEntry.Sn=250
08:13:48.624 INF Handling PREPREPARE. nReq=0 senderID=0 sn=248
08:13:48.627 INF Committed entry. latency=0 nReq=0 sn=248
08:13:48.627 INF Get logEntry.Sn from tn. Hn=63 SegID=0 Tn=63 logEntry.Sn=248
08:13:49.615 INF Handling PREPREPARE. nReq=0 senderID=2 sn=254
08:13:49.615 INF Sending PREPREPARE. nReq=0 senderID=1 sn=253 view=0
08:13:49.619 INF Committed entry. latency=0 nReq=0 sn=254
08:13:49.619 INF Get logEntry.Sn from tn. Hn=64 SegID=2 Tn=64 logEntry.Sn=254
08:13:49.619 INF Sending segment checkpoint. lastSn=254 segID=2
08:13:49.620 INF Committed entry. latency=0 nReq=0 sn=253
08:13:49.620 INF Get logEntry.Sn from tn. Hn=64 SegID=1 Tn=64 logEntry.Sn=253
08:13:49.621 INF Sending segment checkpoint. lastSn=253 segID=1
08:13:49.624 INF Handling PREPREPARE. nReq=0 senderID=0 sn=252
08:13:49.628 INF Committed entry. latency=0 nReq=0 sn=252
08:13:49.628 INF Get logEntry.Sn from tn. Hn=64 SegID=0 Tn=64 logEntry.Sn=252
08:13:49.628 INF Sending segment checkpoint. lastSn=252 segID=0
08:13:49.632 INF PBFT checkpoint ready. Scheduling catchup. lastSn=254 segID=2
08:13:49.634 INF PBFT checkpoint ready. Scheduling catchup. lastSn=253 segID=1
08:13:49.638 INF PBFT checkpoint ready. Scheduling catchup. lastSn=252 segID=0
08:13:50.033 INF PBFT catching up. lastSn=254 missingSns=0 segID=2
08:13:50.035 INF PBFT catching up. lastSn=253 missingSns=0 segID=1
08:13:50.039 INF PBFT catching up. lastSn=252 missingSns=0 segID=0
08:14:00.591 WRN Timeout segId=3 sn=63 view=0
08:14:00.591 INF Starting new view. segID=3 timeout=120000 view=1
08:14:00.592 INF Requesting VIEWCHANGE. receiverID=0 segID=3 senderID=1 view=1
08:14:00.640 INF Handling NEWVIEW. currentView=1 msgView=1 segID=3 senderID=0
08:14:00.672 INF Committed entry. latency=0 nReq=0 sn=-1
08:14:00.672 INF Get logEntry.Sn from tn. Hn=58 SegID=3 Tn=0 logEntry.Sn=-1
08:14:00.672 WRN Not overwriting log entry. sn=-1
08:14:00.672 INF Get logEntry.Sn from tn. Hn=51 SegID=3 Tn=0 logEntry.Sn=-1
08:14:00.673 WRN Not overwriting log entry. sn=-1
08:14:00.673 INF Get logEntry.Sn from tn. Hn=23 SegID=3 Tn=0 logEntry.Sn=-1
08:14:00.673 WRN Not overwriting log entry. sn=-1
08:14:00.673 INF Get logEntry.Sn from tn. Hn=26 SegID=3 Tn=0 logEntry.Sn=-1
08:14:00.673 WRN Not overwriting log entry. sn=-1
08:14:00.673 INF Get logEntry.Sn from tn. Hn=37 SegID=3 Tn=0 logEntry.Sn=-1
08:14:00.673 WRN Not overwriting log entry. sn=-1
08:14:00.674 INF Get logEntry.Sn from tn. Hn=32 SegID=3 Tn=0 logEntry.Sn=-1
08:14:00.674 WRN Not overwriting log entry. sn=-1
08:14:00.674 INF Get logEntry.Sn from tn. Hn=25 SegID=3 Tn=0 logEntry.Sn=-1
08:14:00.674 WRN Not overwriting log entry. sn=-1
08:14:00.674 INF Get logEntry.Sn from tn. Hn=30 SegID=3 Tn=0 logEntry.Sn=-1
08:14:00.674 WRN Not overwriting log entry. sn=-1
08:14:00.674 INF Get logEntry.Sn from tn. Hn=31 SegID=3 Tn=0 logEntry.Sn=-1
08:14:00.675 WRN Not overwriting log entry. sn=-1
08:14:00.675 INF Get logEntry.Sn from tn. Hn=41 SegID=3 Tn=0 logEntry.Sn=-1
08:14:00.675 WRN Not overwriting log entry. sn=-1
08:14:00.675 INF Get logEntry.Sn from tn. Hn=50 SegID=3 Tn=0 logEntry.Sn=-1
08:14:00.675 WRN Not overwriting log entry. sn=-1
08:14:00.675 INF Get logEntry.Sn from tn. Hn=22 SegID=3 Tn=0 logEntry.Sn=-1
08:14:00.675 WRN Not overwriting log entry. sn=-1
08:14:00.676 INF Get logEntry.Sn from tn. Hn=27 SegID=3 Tn=0 logEntry.Sn=-1
08:14:00.676 WRN Not overwriting log entry. sn=-1
08:14:00.676 INF Get logEntry.Sn from tn. Hn=45 SegID=3 Tn=0 logEntry.Sn=-1
08:14:00.676 WRN Not overwriting log entry. sn=-1
08:14:00.676 INF Get logEntry.Sn from tn. Hn=62 SegID=3 Tn=0 logEntry.Sn=-1
08:14:00.676 WRN Not overwriting log entry. sn=-1
08:14:00.676 INF Get logEntry.Sn from tn. Hn=60 SegID=3 Tn=0 logEntry.Sn=-1
08:14:00.677 WRN Not overwriting log entry. sn=-1
08:14:00.677 INF Get logEntry.Sn from tn. Hn=61 SegID=3 Tn=0 logEntry.Sn=-1
08:14:00.677 WRN Not overwriting log entry. sn=-1
08:14:00.677 INF Get logEntry.Sn from tn. Hn=53 SegID=3 Tn=0 logEntry.Sn=-1
08:14:00.677 WRN Not overwriting log entry. sn=-1
08:14:00.677 INF Get logEntry.Sn from tn. Hn=20 SegID=3 Tn=0 logEntry.Sn=-1
08:14:00.678 WRN Not overwriting log entry. sn=-1
08:14:00.678 INF Get logEntry.Sn from tn. Hn=28 SegID=3 Tn=0 logEntry.Sn=-1
08:14:00.678 WRN Not overwriting log entry. sn=-1
08:14:00.678 INF Get logEntry.Sn from tn. Hn=33 SegID=3 Tn=0 logEntry.Sn=-1
08:14:00.678 WRN Not overwriting log entry. sn=-1
08:14:00.678 INF Get logEntry.Sn from tn. Hn=35 SegID=3 Tn=0 logEntry.Sn=-1
08:14:00.678 WRN Not overwriting log entry. sn=-1
08:14:00.679 INF Get logEntry.Sn from tn. Hn=17 SegID=3 Tn=0 logEntry.Sn=-1
08:14:00.679 WRN Not overwriting log entry. sn=-1
08:14:00.679 INF Get logEntry.Sn from tn. Hn=52 SegID=3 Tn=0 logEntry.Sn=-1
08:14:00.679 WRN Not overwriting log entry. sn=-1
08:14:00.679 INF Get logEntry.Sn from tn. Hn=63 SegID=3 Tn=0 logEntry.Sn=-1
08:14:00.679 WRN Not overwriting log entry. sn=-1
08:14:00.679 INF Get logEntry.Sn from tn. Hn=43 SegID=3 Tn=0 logEntry.Sn=-1
08:14:00.679 WRN Not overwriting log entry. sn=-1
08:14:00.680 INF Get logEntry.Sn from tn. Hn=55 SegID=3 Tn=0 logEntry.Sn=-1
08:14:00.680 WRN Not overwriting log entry. sn=-1
08:14:00.680 INF Get logEntry.Sn from tn. Hn=16 SegID=3 Tn=0 logEntry.Sn=-1
08:14:00.680 WRN Not overwriting log entry. sn=-1
08:14:00.680 INF Get logEntry.Sn from tn. Hn=47 SegID=3 Tn=0 logEntry.Sn=-1
08:14:00.680 WRN Not overwriting log entry. sn=-1
08:14:00.680 INF Get logEntry.Sn from tn. Hn=40 SegID=3 Tn=0 logEntry.Sn=-1
08:14:00.681 WRN Not overwriting log entry. sn=-1
08:14:00.681 INF Get logEntry.Sn from tn. Hn=44 SegID=3 Tn=0 logEntry.Sn=-1
08:14:00.681 WRN Not overwriting log entry. sn=-1
08:14:00.681 INF Get logEntry.Sn from tn. Hn=21 SegID=3 Tn=0 logEntry.Sn=-1
08:14:00.681 WRN Not overwriting log entry. sn=-1
08:14:00.681 INF Get logEntry.Sn from tn. Hn=57 SegID=3 Tn=0 logEntry.Sn=-1
08:14:00.681 WRN Not overwriting log entry. sn=-1
08:14:00.681 INF Get logEntry.Sn from tn. Hn=18 SegID=3 Tn=0 logEntry.Sn=-1
08:14:00.682 WRN Not overwriting log entry. sn=-1
08:14:00.682 INF Get logEntry.Sn from tn. Hn=19 SegID=3 Tn=0 logEntry.Sn=-1
08:14:00.682 WRN Not overwriting log entry. sn=-1
08:14:00.682 INF Get logEntry.Sn from tn. Hn=36 SegID=3 Tn=0 logEntry.Sn=-1
08:14:00.682 WRN Not overwriting log entry. sn=-1
08:14:00.682 INF Get logEntry.Sn from tn. Hn=39 SegID=3 Tn=0 logEntry.Sn=-1
08:14:00.682 WRN Not overwriting log entry. sn=-1
08:14:00.683 INF Get logEntry.Sn from tn. Hn=49 SegID=3 Tn=0 logEntry.Sn=-1
08:14:00.683 WRN Not overwriting log entry. sn=-1
08:14:00.683 INF Get logEntry.Sn from tn. Hn=24 SegID=3 Tn=0 logEntry.Sn=-1
08:14:00.683 WRN Not overwriting log entry. sn=-1
08:14:00.683 INF Get logEntry.Sn from tn. Hn=34 SegID=3 Tn=0 logEntry.Sn=-1
08:14:00.683 WRN Not overwriting log entry. sn=-1
08:14:00.683 INF Get logEntry.Sn from tn. Hn=46 SegID=3 Tn=0 logEntry.Sn=-1
08:14:00.684 WRN Not overwriting log entry. sn=-1
08:14:00.684 INF Get logEntry.Sn from tn. Hn=48 SegID=3 Tn=0 logEntry.Sn=-1
08:14:00.684 WRN Not overwriting log entry. sn=-1
08:14:00.684 INF Get logEntry.Sn from tn. Hn=59 SegID=3 Tn=0 logEntry.Sn=-1
08:14:00.684 WRN Not overwriting log entry. sn=-1
08:14:00.684 INF Get logEntry.Sn from tn. Hn=56 SegID=3 Tn=0 logEntry.Sn=-1
08:14:00.684 WRN Not overwriting log entry. sn=-1
08:14:00.684 INF Get logEntry.Sn from tn. Hn=38 SegID=3 Tn=0 logEntry.Sn=-1
08:14:00.685 WRN Not overwriting log entry. sn=-1
08:14:00.685 INF Get logEntry.Sn from tn. Hn=54 SegID=3 Tn=0 logEntry.Sn=-1
08:14:00.685 WRN Not overwriting log entry. sn=-1
08:14:00.685 INF Get logEntry.Sn from tn. Hn=64 SegID=3 Tn=0 logEntry.Sn=-1
08:14:00.685 WRN Not overwriting log entry. sn=-1
08:14:00.685 INF Get logEntry.Sn from tn. Hn=42 SegID=3 Tn=0 logEntry.Sn=-1
08:14:00.685 WRN Not overwriting log entry. sn=-1
08:14:00.685 INF Get logEntry.Sn from tn. Hn=29 SegID=3 Tn=0 logEntry.Sn=-1
08:14:00.686 INF Sending segment checkpoint. lastSn=255 segID=3
08:14:00.695 INF PBFT checkpoint ready. Scheduling catchup. lastSn=255 segID=3
08:14:01.096 INF PBFT catching up. lastSn=255 missingSns=0 segID=3
08:17:03.266 INF Stopping profiler.
08:17:03.266 INF Stopping Tracer. events=796 fileName=experiment-output/0000/slave-004/peer.trc
==================
WARNING: DATA RACE
Read at 0x00c000980000 by goroutine 114:
  runtime.racereadrange()
      <autogenerated>:1 +0x1b
  github.com/hyperledger-labs/mirbft/tracing.(*BufferedTrace).StopOnSignal.func1()
      /opt/gopath/src/github.com/hyperledger-labs/mirbft/tracing/bufferedtrace.go:298 +0x4e

Previous write at 0x00c000980000 by goroutine 412:
  github.com/hyperledger-labs/mirbft/tracing.(*BufferedTrace).Event()
      /opt/gopath/src/github.com/hyperledger-labs/mirbft/tracing/bufferedtrace.go:105 +0x2d9
  github.com/hyperledger-labs/mirbft/manager.(*MirManager).handleLogEntries()
      /opt/gopath/src/github.com/hyperledger-labs/mirbft/manager/mirmanager.go:139 +0x1d8
  github.com/hyperledger-labs/mirbft/manager.(*MirManager).Start·dwrap·7()
      /opt/gopath/src/github.com/hyperledger-labs/mirbft/manager/mirmanager.go:101 +0x47

Goroutine 114 (running) created at:
  github.com/hyperledger-labs/mirbft/tracing.(*BufferedTrace).StopOnSignal()
      /opt/gopath/src/github.com/hyperledger-labs/mirbft/tracing/bufferedtrace.go:292 +0x172
  main.setUpTracing()
      /opt/gopath/src/github.com/hyperledger-labs/mirbft/cmd/orderingpeer/main.go:204 +0xf5
  main.main()
      /opt/gopath/src/github.com/hyperledger-labs/mirbft/cmd/orderingpeer/main.go:98 +0x9d6

Goroutine 412 (running) created at:
  github.com/hyperledger-labs/mirbft/manager.(*MirManager).Start()
      /opt/gopath/src/github.com/hyperledger-labs/mirbft/manager/mirmanager.go:101 +0x19e
  main.main·dwrap·4()
      /opt/gopath/src/github.com/hyperledger-labs/mirbft/cmd/orderingpeer/main.go:168 +0x59
==================
==================
WARNING: DATA RACE
Read at 0x00c000987c38 by goroutine 114:
  runtime.racereadrange()
      <autogenerated>:1 +0x1b
  github.com/hyperledger-labs/mirbft/tracing.(*BufferedTrace).StopOnSignal.func1()
      /opt/gopath/src/github.com/hyperledger-labs/mirbft/tracing/bufferedtrace.go:298 +0x4e

Previous write at 0x00c000987c38 by goroutine 113:
  github.com/hyperledger-labs/mirbft/tracing.(*BufferedTrace).Event()
      /opt/gopath/src/github.com/hyperledger-labs/mirbft/tracing/bufferedtrace.go:105 +0x2d9
  github.com/hyperledger-labs/mirbft/profiling.StartCPUTracing.func1()
      /opt/gopath/src/github.com/hyperledger-labs/mirbft/profiling/cpuusage.go:31 +0x95

Goroutine 114 (running) created at:
  github.com/hyperledger-labs/mirbft/tracing.(*BufferedTrace).StopOnSignal()
      /opt/gopath/src/github.com/hyperledger-labs/mirbft/tracing/bufferedtrace.go:292 +0x172
  main.setUpTracing()
      /opt/gopath/src/github.com/hyperledger-labs/mirbft/cmd/orderingpeer/main.go:204 +0xf5
  main.main()
      /opt/gopath/src/github.com/hyperledger-labs/mirbft/cmd/orderingpeer/main.go:98 +0x9d6

Goroutine 113 (running) created at:
  github.com/hyperledger-labs/mirbft/profiling.StartCPUTracing()
      /opt/gopath/src/github.com/hyperledger-labs/mirbft/profiling/cpuusage.go:28 +0xb6
  main.setUpTracing()
      /opt/gopath/src/github.com/hyperledger-labs/mirbft/cmd/orderingpeer/main.go:196 +0x85
  main.main()
      /opt/gopath/src/github.com/hyperledger-labs/mirbft/cmd/orderingpeer/main.go:98 +0x9d6
==================
08:17:03.279 INF Trace data written.
08:17:03.395 INF Profile data written. filename=experiment-output/0000/slave-004/prof.cpu name=cpu
08:17:03.457 INF Profile data written. filename=experiment-output/0000/slave-004/prof.block name=block
08:17:03.493 INF Profile data written. filename=experiment-output/0000/slave-004/prof.mutex name=mutex
