10:36AM INF Received own slave ID. ownSlaveId=4
10:36AM INF OK status=0
10:36AM INF Received command. cmdId=3
10:36AM INF Received an ExecStart command args="[-p experiment-output/0000/slave-__id__/config]" cmd=mkdir outFile=/dev/null
10:36AM INF OK status=0
10:36AM INF Received command. cmdId=4
10:36AM INF Received command. cmdType=ExecWait
10:36AM INF OK status=0
10:36AM INF Received command. cmdId=7
10:36AM INF Received an ExecStart command args="[config/config-0000.yml experiment-output/0000/slave-__id__/config/config.yml]" cmd=cp outFile=/dev/null
10:36AM INF OK status=0
10:36AM INF Received command. cmdId=8
10:36AM INF Received command. cmdType=ExecWait
10:36AM INF OK status=0
10:36AM INF Received command. cmdId=10
10:36AM INF Received command. cmdType=Noop
10:36AM INF Noop. Doing nothing. status=0110:36AM INF Received command. cmdId=15
10:36AM INF Received an ExecStart command args="[experiment-output/0000/slave-__id__/config/config.yml 127.0.0.1:9999 experiment-output/0000/slave-__id__/client experiment-output/0000/slave-__id__/prof-client]" cmd=orderingclient outFile=experiment-output/0000/slave-__id__/clients.log
10:36AM INF OK status=0
10:36AM I10:52AM INF Received command. cmdId=20
10:52AM INF Received command. cmdType=ExecSignal
10:52AM INF OK status=0
10:52AM INF Received command. cmdId=25
10:52AM INF Received command. cmdType=Stop
eived an ExecStart command args="[Client failed or timed out]" cmd=echo outFile=experiment-output/0000/slave-__id__/FAILED
10:52AM INF OK status=0
10:52AM INF Received command. cmdId=18
10:52AM INF Received command. cmdType=ExecWait
10:52AM INF OK status=0
10:52AM INF Received command. cmdId=19
10:52AM INF Received command. cmdType=Noop
10:52AM INF Noop. Doing nothing. status=0
10:52AM INF Received command. cmdId=25
10:52AM INF Received command. cmdType=Stop
