{"level":"debug","Logging":"debug","time":"2022-09-22T17:16:02+08:00","message":"Config"}
{"level":"debug","UseTLS":false,"time":"2022-09-22T17:16:02+08:00","message":"Config"}
{"level":"debug","CACertFile":"tls-data/ca.pem","time":"2022-09-22T17:16:02+08:00","message":"Config"}
{"level":"debug","KeyFile":"tls-data/auth.key","time":"2022-09-22T17:16:02+08:00","message":"Config"}
{"level":"debug","CertFile":"tls-data/auth.pem","time":"2022-09-22T17:16:02+08:00","message":"Config"}
{"level":"debug","PriorityConnections":2,"time":"2022-09-22T17:16:02+08:00","message":"Config"}
{"level":"debug","BasicConnections":2,"time":"2022-09-22T17:16:02+08:00","message":"Config"}
{"level":"debug","TestConnections":false,"time":"2022-09-22T17:16:02+08:00","message":"Config"}
{"level":"debug","ExcessConnections":1,"time":"2022-09-22T17:16:02+08:00","message":"Config"}
{"level":"debug","ConnectionTestMsgs":4,"time":"2022-09-22T17:16:02+08:00","message":"Config"}
{"level":"debug","ConnectionTestPayload":131072,"time":"2022-09-22T17:16:02+08:00","message":"Config"}
{"level":"debug","OutMessageBufsize":1024,"time":"2022-09-22T17:16:02+08:00","message":"Config"}
{"level":"debug","OutMessageBufsize":2,"time":"2022-09-22T17:16:02+08:00","message":"Config"}
{"level":"debug","ThroughputCap":131072000,"time":"2022-09-22T17:16:02+08:00","message":"Config"}
{"level":"debug","StragglerTolerance":1000,"time":"2022-09-22T17:16:02+08:00","message":"Config"}
{"level":"debug","BatchSizeIncrement":256,"time":"2022-09-22T17:16:02+08:00","message":"Config"}
{"level":"debug","Orderer":"Pbft","time":"2022-09-22T17:16:02+08:00","message":"Config"}
{"level":"debug","Manager":"Mir","time":"2022-09-22T17:16:02+08:00","message":"Config"}
{"level":"debug","Failures":2,"time":"2022-09-22T17:16:02+08:00","message":"Config"}
{"level":"debug","CrashTiming":"Straggler","time":"2022-09-22T17:16:02+08:00","message":"Config"}
{"level":"debug","CheckpointInterval":256,"time":"2022-09-22T17:16:02+08:00","message":"Config"}
{"level":"debug","WatermarkWindowSize":256,"time":"2022-09-22T17:16:02+08:00","message":"Config"}
{"level":"debug","EpochLength":256,"time":"2022-09-22T17:16:02+08:00","message":"Config"}
{"level":"debug","SegmentLength":32,"time":"2022-09-22T17:16:02+08:00","message":"Config"}
{"level":"debug","WaitForCheckpoints":true,"time":"2022-09-22T17:16:02+08:00","message":"Config"}
{"level":"debug","ClientWatermarkWindowSize":4194304,"time":"2022-09-22T17:16:02+08:00","message":"Config"}
{"level":"debug","ClientRequestBacklogSize":4194304,"time":"2022-09-22T17:16:02+08:00","message":"Config"}
{"level":"debug","RandomSeed":8240,"time":"2022-09-22T17:16:02+08:00","message":"Config"}
{"level":"debug","NodeToLeaderRatio":1,"time":"2022-09-22T17:16:02+08:00","message":"Config"}
{"level":"debug","LeaderPolicy":"SimulatedRandomFailures","time":"2022-09-22T17:16:02+08:00","message":"Config"}
{"level":"debug","DefaultLeaderBan":2,"time":"2022-09-22T17:16:02+08:00","message":"Config"}
{"level":"debug","NumBuckets":128,"time":"2022-09-22T17:16:02+08:00","message":"Config"}
{"level":"debug","BatchSize":1000,"time":"2022-09-22T17:16:02+08:00","message":"Config"}
{"level":"debug","DisabledViewChange":false,"time":"2022-09-22T17:16:02+08:00","message":"Config"}
{"level":"debug","ViewChangeTimeout":60000,"time":"2022-09-22T17:16:02+08:00","message":"Config"}
{"level":"debug","ClientTraceSampling":10,"time":"2022-09-22T17:16:02+08:00","message":"Config"}
{"level":"debug","EventBufferSize":2097152,"time":"2022-09-22T17:16:02+08:00","message":"Config"}
{"level":"debug","TraceSampling":1,"time":"2022-09-22T17:16:02+08:00","message":"Config"}
{"level":"debug","ClientsPerProcess":1,"time":"2022-09-22T17:16:02+08:00","message":"Config"}
{"level":"debug","RequestsPerClient":15360,"time":"2022-09-22T17:16:02+08:00","message":"Config"}
{"level":"debug","ClientRunTime":30000,"time":"2022-09-22T17:16:02+08:00","message":"Config"}
{"level":"debug","RequestRate":256,"time":"2022-09-22T17:16:02+08:00","message":"Config"}
{"level":"debug","HardRequestRateLimit":false,"time":"2022-09-22T17:16:02+08:00","message":"Config"}
{"level":"debug","RequestPayloadSize":500,"time":"2022-09-22T17:16:02+08:00","message":"Config"}
{"level":"debug","SignRequests":true,"time":"2022-09-22T17:16:02+08:00","message":"Config"}
{"level":"debug","ClientPrivKeyFile":"tls-data/client-ecdsa-256.key","time":"2022-09-22T17:16:02+08:00","message":"Config"}
{"level":"debug","ClientPubKeyFile":"tls-data/client-ecdsa-256.pem","time":"2022-09-22T17:16:02+08:00","message":"Config"}
{"level":"debug","PrecomputeRequests":false,"time":"2022-09-22T17:16:02+08:00","message":"Config"}
{"level":"debug","RequestHandlerThreads":32,"time":"2022-09-22T17:16:02+08:00","message":"Config"}
{"level":"debug","RequestInputChannelBuffer":8192,"time":"2022-09-22T17:16:02+08:00","message":"Config"}
{"level":"debug","BatchVerifier":"external","time":"2022-09-22T17:16:02+08:00","message":"Config"}
09:16:02.428 INF Registered with discovery server. numPeers=8 ownID=0
09:16:02.429 INF Profiling enabled.
09:16:02.429 INF Setting up profiling.
09:16:02.429 INF Started Profiler: CPU
09:16:02.429 INF Started Profiler: BLOCK
09:16:02.429 INF Started Profiler: MUTEX
09:16:02.429 INF Profiler will stop on signal. exit=true
09:16:02.431 INF Tracing will stop on signal. exit=false
09:16:02.432 INF Started tracing. traceFile=experiment-output/0000/slave-005/peer.trc
09:16:02.433 DBG Starting backlog.
09:16:02.433 INF Listening for connections. port=10000 useTLS=false
09:16:02.433 INF Connecting to peer. addr=127.0.0.1:10000 basicConns=2 priorityConns=2
09:16:02.433 INF Connecting to peer. addr=127.0.0.1:10011 basicConns=2 priorityConns=2
09:16:02.434 INF Connecting to peer. addr=127.0.0.1:10044 basicConns=2 priorityConns=2
09:16:02.434 INF Connecting to peer. addr=127.0.0.1:10022 basicConns=2 priorityConns=2
09:16:02.434 INF Connecting to peer. addr=127.0.0.1:10033 basicConns=2 priorityConns=2
09:16:02.436 INF Connecting to peer. addr=127.0.0.1:10055 basicConns=2 priorityConns=2
09:16:02.436 INF Connecting to peer. addr=127.0.0.1:10077 basicConns=2 priorityConns=2
09:16:02.437 INF Connecting to peer. addr=127.0.0.1:10066 basicConns=2 priorityConns=2
09:16:02.478 INF Incoming connection for protocol messages. addr=127.0.0.1:44964
09:16:02.480 INF Incoming connection for protocol messages. addr=127.0.0.1:44974
09:16:02.481 INF Incoming connection for protocol messages. addr=127.0.0.1:44944
09:16:02.482 INF Incoming connection for protocol messages. addr=127.0.0.1:44998
09:16:02.482 INF Incoming connection for protocol messages. addr=127.0.0.1:45012
09:16:02.484 INF Incoming connection for protocol messages. addr=127.0.0.1:44950
09:16:02.487 INF Incoming connection for protocol messages. addr=127.0.0.1:44938
09:16:02.488 DBG Connected. peerID=3
09:16:02.488 INF Incoming connection for protocol messages. addr=127.0.0.1:45006
09:16:02.492 INF Incoming connection for protocol messages. addr=127.0.0.1:45130
09:16:02.493 INF Incoming connection for protocol messages. addr=127.0.0.1:45118
09:16:02.493 INF Incoming connection for protocol messages. addr=127.0.0.1:45230
09:16:02.493 INF Incoming connection for protocol messages. addr=127.0.0.1:45294
09:16:02.494 INF Incoming connection for protocol messages. addr=127.0.0.1:45214
09:16:02.494 INF Incoming connection for protocol messages. addr=127.0.0.1:45210
09:16:02.494 INF Incoming connection for protocol messages. addr=127.0.0.1:45228
09:16:02.495 DBG Connected. peerID=0
09:16:02.495 DBG Connected. peerID=6
09:16:02.496 INF Incoming connection for protocol messages. addr=127.0.0.1:45140
09:16:02.498 INF Incoming connection for protocol messages. addr=127.0.0.1:45208
09:16:02.499 INF Incoming connection for protocol messages. addr=127.0.0.1:45172
09:16:02.499 INF Incoming connection for protocol messages. addr=127.0.0.1:44996
09:16:02.500 INF Incoming connection for protocol messages. addr=127.0.0.1:45304
09:16:02.501 INF Incoming connection for protocol messages. addr=127.0.0.1:45298
09:16:02.501 INF Incoming connection for protocol messages. addr=127.0.0.1:44962
09:16:02.503 INF Incoming connection for protocol messages. addr=127.0.0.1:45078
09:16:02.504 DBG Connected. peerID=2
09:16:02.504 INF Incoming connection for protocol messages. addr=127.0.0.1:45158
09:16:02.505 INF Incoming connection for protocol messages. addr=127.0.0.1:45324
09:16:02.507 DBG Connected. peerID=4
09:16:02.510 INF Incoming connection for protocol messages. addr=127.0.0.1:45124
09:16:02.513 INF Incoming connection for protocol messages. addr=127.0.0.1:45344
09:16:02.519 INF Incoming connection for protocol messages. addr=127.0.0.1:45384
09:16:02.522 INF Incoming connection for protocol messages. addr=127.0.0.1:45346
09:16:02.522 DBG Connected. peerID=7
09:16:02.523 DBG Connected. peerID=1
09:16:02.532 DBG Connected. peerID=5
09:16:02.533 INF Connected to all peers.
09:16:02.534 INF Incoming connection for protocol messages. addr=127.0.0.1:45390
09:16:02.537 INF Incoming connection for protocol messages. addr=127.0.0.1:45430
09:16:02.538 INF Incoming connection for protocol messages. addr=127.0.0.1:45422
09:16:02.548 INF All peers finished connecting. Starting ISS.
09:16:02.549 DBG Buckets for 0-th leader 0: [0 8 16 24 32 40 48 56 64 72 80 88 96 104 112 120 18 42 66 90 114 12 36 60 84 108]
09:16:02.549 DBG Buckets for 1-th leader 1: [1 9 17 25 33 41 49 57 65 73 81 89 97 105 113 121]
09:16:02.549 DBG Buckets for 2-th leader 3: [3 11 19 27 35 43 51 59 67 75 83 91 99 107 115 123 2 26 50 74 98 122 20 44 68 92 116]
09:16:02.549 DBG Buckets for 3-th leader 5: [5 13 21 29 37 45 53 61 69 77 85 93 101 109 117 125]
09:16:02.549 DBG Buckets for 4-th leader 6: [6 14 22 30 38 46 54 62 70 78 86 94 102 110 118 126 10 34 58 82 106 4 28 52 76 100 124]
09:16:02.549 DBG Buckets for 5-th leader 7: [7 15 23 31 39 47 55 63 71 79 87 95 103 111 119 127]
09:16:02.550 INF PbftOrderer received a new segment: [5 11 17 23 29 35 41 47 53 59 65 71 77 83 89 95 101 107 113 119 125 131 137 143 149 155 161 167 173 179 185 191] first leader=7 firstSN=5 lastSN=191 len=32 length=32 segId=5
09:16:02.550 INF Starting new view. segID=5 timeout=60000 view=0
09:16:02.550 DBG Starting timer. sn=5 view=0
09:16:02.550 INF Starting PBFT instance. first=5 last=191 segID=5
09:16:02.551 DBG Subscribing to backlog. segID=5
09:16:02.551 INF Starting serialized message processing. segID=5
09:16:02.551 INF PbftOrderer received a new segment: [0 6 12 18 24 30 36 42 48 54 60 66 72 78 84 90 96 102 108 114 120 126 132 138 144 150 156 162 168 174 180 186] first leader=0 firstSN=0 lastSN=186 len=32 length=32 segId=0
09:16:02.551 INF Starting new view. segID=0 timeout=60000 view=0
09:16:02.551 DBG Starting timer. sn=0 view=0
09:16:02.551 INF Starting PBFT instance. first=0 last=186 segID=0
09:16:02.552 DBG Subscribing to backlog. segID=0
09:16:02.552 DBG Leading segment. segID=0
09:16:02.552 INF Starting serialized message processing. segID=0
09:16:02.552 DBG Waiting for batch. batchSize=4096
09:16:02.552 INF PbftOrderer received a new segment: [1 7 13 19 25 31 37 43 49 55 61 67 73 79 85 91 97 103 109 115 121 127 133 139 145 151 157 163 169 175 181 187] first leader=1 firstSN=1 lastSN=187 len=32 length=32 segId=1
09:16:02.552 INF Starting new view. segID=1 timeout=60000 view=0
09:16:02.552 DBG Starting timer. sn=1 view=0
09:16:02.553 INF Starting PBFT instance. first=1 last=187 segID=1
09:16:02.553 DBG Subscribing to backlog. segID=1
09:16:02.553 INF Starting serialized message processing. segID=1
09:16:02.553 INF PbftOrderer received a new segment: [2 8 14 20 26 32 38 44 50 56 62 68 74 80 86 92 98 104 110 116 122 128 134 140 146 152 158 164 170 176 182 188] first leader=3 firstSN=2 lastSN=188 len=32 length=32 segId=2
09:16:02.553 INF Starting new view. segID=2 timeout=60000 view=0
09:16:02.553 DBG Starting timer. sn=2 view=0
09:16:02.554 INF Starting PBFT instance. first=2 last=188 segID=2
09:16:02.554 DBG Subscribing to backlog. segID=2
09:16:02.554 INF Starting serialized message processing. segID=2
09:16:02.554 INF PbftOrderer received a new segment: [3 9 15 21 27 33 39 45 51 57 63 69 75 81 87 93 99 105 111 117 123 129 135 141 147 153 159 165 171 177 183 189] first leader=5 firstSN=3 lastSN=189 len=32 length=32 segId=3
09:16:02.554 INF Starting new view. segID=3 timeout=60000 view=0
09:16:02.554 DBG Starting timer. sn=3 view=0
09:16:02.554 INF Starting PBFT instance. first=3 last=189 segID=3
09:16:02.555 DBG Subscribing to backlog. segID=3
09:16:02.555 INF Starting serialized message processing. segID=3
09:16:02.555 INF PbftOrderer received a new segment: [4 10 16 22 28 34 40 46 52 58 64 70 76 82 88 94 100 106 112 118 124 130 136 142 148 154 160 166 172 178 184 190] first leader=6 firstSN=4 lastSN=190 len=32 length=32 segId=4
09:16:02.555 INF Starting new view. segID=4 timeout=60000 view=0
09:16:02.555 DBG Starting timer. sn=4 view=0
09:16:02.555 INF Starting PBFT instance. first=4 last=190 segID=4
09:16:02.556 DBG Subscribing to backlog. segID=4
09:16:02.556 INF Starting serialized message processing. segID=4
09:16:02.572 INF Connection terminated. error="rpc error: code = Canceled desc = context canceled" address=127.0.0.1:45294
09:16:02.572 INF Connection terminated. error="rpc error: code = Canceled desc = context canceled" address=127.0.0.1:45230
09:16:02.572 INF Connection terminated. error="rpc error: code = Canceled desc = context canceled" address=127.0.0.1:45130
09:16:02.572 INF Connection terminated. error="rpc error: code = Canceled desc = context canceled" address=127.0.0.1:45118
09:16:02.575 INF Connection terminated. error="rpc error: code = Canceled desc = context canceled" address=127.0.0.1:45172
09:16:02.575 INF Connection terminated. error="rpc error: code = Canceled desc = context canceled" address=127.0.0.1:44996
09:16:02.575 INF Connection terminated. error="rpc error: code = Canceled desc = context canceled" address=127.0.0.1:44962
09:16:02.575 INF Connection terminated. error="rpc error: code = Canceled desc = context canceled" address=127.0.0.1:45228
09:16:04.588 INF Incoming connection for requests. addr=127.0.0.1:45454
09:16:32.553 DBG Batch ready. batchSize=4096
09:16:32.554 DBG Batch cut. left=0 nBuckets=26 nReq=1454 next=0
09:16:32.555 DBG Waiting for batch. batchSize=4096
09:16:32.613 INF Sending PREPREPARE. nReq=1454 senderID=0 sn=0 view=0
09:16:32.695 INF Handling PREPREPARE. nReq=894 senderID=1 sn=1
09:16:32.696 DBG Creating new Batch. nReq=894
09:16:32.702 INF Handling PREPREPARE. nReq=894 senderID=5 sn=3
09:16:32.702 DBG Creating new Batch. nReq=894
09:16:32.732 INF Handling PREPREPARE. nReq=894 senderID=7 sn=5
09:16:32.733 DBG Creating new Batch. nReq=894
09:16:32.919 ERR Failed to send protocol message. Dropping all future outgoing protocol messages. error=EOF
09:16:32.919 ERR Failed to send protocol message. Dropping all future outgoing protocol messages. error=EOF
09:16:32.935 INF Handling PREPREPARE. nReq=1508 senderID=3 sn=2
09:16:32.935 DBG Creating new Batch. nReq=1508
09:16:32.956 DBG Sending PREPARE. senderID=0 sn=1 view=0
09:16:33.042 DBG Sending COMMIT. senderID=0 sn=1 view=0
09:16:33.067 INF Committed entry. latency=0 nReq=894 sn=1
09:16:33.068 DBG Starting timer. sn=7 view=0
09:16:33.069 DBG Sending PREPARE. senderID=0 sn=3 view=0
09:16:33.070 DBG Sending COMMIT. senderID=0 sn=3 view=0
09:16:33.081 DBG Sending PREPARE. senderID=0 sn=5 view=0
09:16:33.100 INF Handling PREPREPARE. nReq=1509 senderID=6 sn=4
09:16:33.100 DBG Creating new Batch. nReq=1509
09:16:33.106 DBG Sending COMMIT. senderID=0 sn=5 view=0
09:16:33.110 INF Committed entry. latency=0 nReq=894 sn=3
09:16:33.110 DBG Starting timer. sn=9 view=0
09:16:33.153 INF Committed entry. latency=0 nReq=894 sn=5
09:16:33.153 DBG Starting timer. sn=11 view=0
09:16:33.225 DBG Sending PREPARE. senderID=0 sn=2 view=0
09:16:33.275 DBG Sending PREPARE. senderID=0 sn=4 view=0
09:16:33.308 DBG Sending COMMIT. senderID=0 sn=0 view=0
09:16:33.311 INF Committed entry. latency=0 nReq=1454 sn=0
09:16:33.311 INF Delivered batch. nReq=1454 sn=0
09:16:33.311 INF Delivered batch. nReq=894 sn=1
09:16:33.311 DBG Starting timer. sn=6 view=0
09:16:33.316 DBG Sending COMMIT. senderID=0 sn=2 view=0
09:16:33.328 INF Committed entry. latency=0 nReq=1508 sn=2
09:16:33.328 INF Delivered batch. nReq=1508 sn=2
09:16:33.329 INF Delivered batch. nReq=894 sn=3
09:16:33.329 DBG Starting timer. sn=8 view=0
09:16:33.351 DBG Sending COMMIT. senderID=0 sn=4 view=0
09:16:33.356 INF Committed entry. latency=0 nReq=1509 sn=4
09:16:33.356 INF Delivered batch. nReq=1509 sn=4
09:16:33.356 INF Delivered batch. nReq=894 sn=5
09:16:33.356 DBG Starting timer. sn=10 view=0
09:17:02.556 DBG Batch ready. batchSize=4096
09:17:02.557 DBG Batch cut. left=0 nBuckets=26 nReq=107 next=0
09:17:02.557 DBG Waiting for batch. batchSize=4096
09:17:02.560 INF Sending PREPREPARE. nReq=107 senderID=0 sn=6 view=0
09:17:02.568 INF Handling PREPREPARE. nReq=67 senderID=1 sn=7
09:17:02.568 DBG Creating new Batch. nReq=67
09:17:02.570 INF Handling PREPREPARE. nReq=66 senderID=5 sn=9
09:17:02.570 DBG Creating new Batch. nReq=66
09:17:02.585 INF Handling PREPREPARE. nReq=111 senderID=6 sn=10
09:17:02.590 DBG Creating new Batch. nReq=111
09:17:02.605 INF Handling PREPREPARE. nReq=66 senderID=7 sn=11
09:17:02.605 DBG Creating new Batch. nReq=66
09:17:02.607 INF Handling PREPREPARE. nReq=112 senderID=3 sn=8
09:17:02.607 DBG Sending PREPARE. senderID=0 sn=9 view=0
09:17:02.607 DBG Creating new Batch. nReq=112
09:17:02.608 DBG Sending COMMIT. senderID=0 sn=9 view=0
09:17:02.611 DBG Sending PREPARE. senderID=0 sn=7 view=0
09:17:02.611 DBG Sending COMMIT. senderID=0 sn=7 view=0
09:17:02.618 INF Committed entry. latency=0 nReq=66 sn=9
09:17:02.618 DBG Starting timer. sn=15 view=0
09:17:02.618 INF Committed entry. latency=0 nReq=67 sn=7
09:17:02.619 DBG Starting timer. sn=13 view=0
09:17:02.622 DBG Sending PREPARE. senderID=0 sn=10 view=0
09:17:02.622 DBG Sending COMMIT. senderID=0 sn=10 view=0
09:17:02.626 DBG Sending COMMIT. senderID=0 sn=6 view=0
09:17:02.626 INF Committed entry. latency=0 nReq=111 sn=10
09:17:02.626 DBG Sending PREPARE. senderID=0 sn=11 view=0
09:17:02.627 DBG Starting timer. sn=16 view=0
09:17:02.627 DBG Sending COMMIT. senderID=0 sn=11 view=0
09:17:02.630 INF Committed entry. latency=0 nReq=107 sn=6
09:17:02.630 DBG Sending PREPARE. senderID=0 sn=8 view=0
09:17:02.631 INF Delivered batch. nReq=107 sn=6
09:17:02.631 INF Committed entry. latency=0 nReq=66 sn=11
09:17:02.631 DBG Sending COMMIT. senderID=0 sn=8 view=0
09:17:02.631 INF Delivered batch. nReq=67 sn=7
09:17:02.631 DBG Starting timer. sn=12 view=0
09:17:02.631 DBG Starting timer. sn=17 view=0
09:17:02.635 INF Committed entry. latency=0 nReq=112 sn=8
09:17:02.636 INF Delivered batch. nReq=112 sn=8
09:17:02.636 INF Delivered batch. nReq=66 sn=9
09:17:02.636 INF Delivered batch. nReq=111 sn=10
09:17:02.636 INF Delivered batch. nReq=66 sn=11
09:17:02.636 DBG Starting timer. sn=14 view=0
09:17:03.623 INF Connection terminated. error="rpc error: code = Canceled desc = context canceled" address=127.0.0.1:45454
09:17:03.625 INF Finished sending bucket assignments to client. clId=0
09:17:04.029 INF Stopping profiler.
09:17:04.029 INF Stopping Tracer. events=144 fileName=experiment-output/0000/slave-005/peer.trc
==================
WARNING: DATA RACE
Read at 0x00c0008c0000 by goroutine 114:
  runtime.racereadrange()
      <autogenerated>:1 +0x1b
  github.com/hyperledger-labs/mirbft/tracing.(*BufferedTrace).StopOnSignal.func1()
      /opt/gopath/src/github.com/hyperledger-labs/mirbft/tracing/bufferedtrace.go:298 +0x4e

Previous write at 0x00c0008c0000 by goroutine 496:
  github.com/hyperledger-labs/mirbft/tracing.(*BufferedTrace).Event()
      /opt/gopath/src/github.com/hyperledger-labs/mirbft/tracing/bufferedtrace.go:105 +0x2d9
  github.com/hyperledger-labs/mirbft/manager.(*MirManager).handleLogEntries()
      /opt/gopath/src/github.com/hyperledger-labs/mirbft/manager/mirmanager.go:139 +0x1d8
  github.com/hyperledger-labs/mirbft/manager.(*MirManager).Start路dwrap路7()
      /opt/gopath/src/github.com/hyperledger-labs/mirbft/manager/mirmanager.go:101 +0x47

Goroutine 114 (running) created at:
  github.com/hyperledger-labs/mirbft/tracing.(*BufferedTrace).StopOnSignal()
      /opt/gopath/src/github.com/hyperledger-labs/mirbft/tracing/bufferedtrace.go:292 +0x172
  main.setUpTracing()
      /opt/gopath/src/github.com/hyperledger-labs/mirbft/cmd/orderingpeer/main.go:204 +0xf5
  main.main()
      /opt/gopath/src/github.com/hyperledger-labs/mirbft/cmd/orderingpeer/main.go:98 +0x9d6

Goroutine 496 (running) created at:
  github.com/hyperledger-labs/mirbft/manager.(*MirManager).Start()
      /opt/gopath/src/github.com/hyperledger-labs/mirbft/manager/mirmanager.go:101 +0x19e
  main.main路dwrap路4()
      /opt/gopath/src/github.com/hyperledger-labs/mirbft/cmd/orderingpeer/main.go:168 +0x59
==================
==================
WARNING: DATA RACE
Read at 0x00c0008c1658 by goroutine 114:
  runtime.racereadrange()
      <autogenerated>:1 +0x1b
  github.com/hyperledger-labs/mirbft/tracing.(*BufferedTrace).StopOnSignal.func1()
      /opt/gopath/src/github.com/hyperledger-labs/mirbft/tracing/bufferedtrace.go:298 +0x4e

Previous write at 0x00c0008c1658 by goroutine 113:
  github.com/hyperledger-labs/mirbft/tracing.(*BufferedTrace).Event()
      /opt/gopath/src/github.com/hyperledger-labs/mirbft/tracing/bufferedtrace.go:105 +0x2d9
  github.com/hyperledger-labs/mirbft/profiling.StartCPUTracing.func1()
      /opt/gopath/src/github.com/hyperledger-labs/mirbft/profiling/cpuusage.go:31 +0x95

Goroutine 114 (running) created at:
  github.com/hyperledger-labs/mirbft/tracing.(*BufferedTrace).StopOnSignal()
      /opt/gopath/src/github.com/hyperledger-labs/mirbft/tracing/bufferedtrace.go:292 +0x172
  main.setUpTracing()
      /opt/gopath/src/github.com/hyperledger-labs/mirbft/cmd/orderingpeer/main.go:204 +0xf5
  main.main()
      /opt/gopath/src/github.com/hyperledger-labs/mirbft/cmd/orderingpeer/main.go:98 +0x9d6

Goroutine 113 (running) created at:
  github.com/hyperledger-labs/mirbft/profiling.StartCPUTracing()
      /opt/gopath/src/github.com/hyperledger-labs/mirbft/profiling/cpuusage.go:28 +0xb6
  main.setUpTracing()
      /opt/gopath/src/github.com/hyperledger-labs/mirbft/cmd/orderingpeer/main.go:196 +0x85
  main.main()
      /opt/gopath/src/github.com/hyperledger-labs/mirbft/cmd/orderingpeer/main.go:98 +0x9d6
==================
09:17:04.032 INF Trace data written.
09:17:04.088 INF Profile data written. filename=experiment-output/0000/slave-005/prof.block name=block
09:17:04.108 INF Profile data written. filename=experiment-output/0000/slave-005/prof.mutex name=mutex
09:17:04.258 INF Connection terminated. error="rpc error: code = Canceled desc = context canceled" address=127.0.0.1:45124
09:17:04.258 INF Connection terminated. error="rpc error: code = Canceled desc = context canceled" address=127.0.0.1:44998
09:17:04.258 INF Connection terminated. error="rpc error: code = Canceled desc = context canceled" address=127.0.0.1:45006
09:17:04.259 INF Connection terminated. error="rpc error: code = Canceled desc = context canceled" address=127.0.0.1:45078
09:17:04.310 INF Profile data written. filename=experiment-output/0000/slave-005/prof.cpu name=cpu
