5:52AM INF Received own slave ID. ownSlaveId=2
5:52AM INF OK status=0
5:52AM INF Received command. cmdId=3
5:52AM INF Received an ExecStart command args="[-p experiment-output/0000/slave-__id__/config]" cmd=mkdir outFile=/dev/null
5:52AM INF OK status=0
5:52AM INF Received command. cmdId=4
5:52AM INF Received command. cmdType=ExecWait
5:52AM INF OK status=0
5:52AM INF Received command. cmdId=5
5:52AM INF Received an ExecStart command args="[config/config-0000.yml experiment-output/0000/slave-__id__/config/config.yml]" cmd=cp outFile=/dev/null
5:52AM INF OK status=0
5:52AM INF Received command. cmdId=6
5:52AM INF Received command. cmdType=ExecWait
5:52AM INF OK status=0
5:52AM INF Received command. cmdId=9
5:52AM INF Received command. cmdType=Noop
5:52AM INF Noop. Doing nothing. status=0
5:52AM INF Received command. cmdId=12
5:52AM INF Received an ExecStart command args="[experiment-output/0000/slave-__id__/config/config.yml 127.0.0.1:9999 127.0.0.1 127.0.0.1 experiment-output/0000/slave-__id__/peer.trc experiment-output/0000/slave-__id__/prof]" cmd=orderingpeer outFile=experiment-output/0000/slave-__id__/peer.log
5:52AM INF OK status=0
5:53AM INF Received command. cmdId=18
5:53AM INF Received command. cmdType=ExecSignal
5:53AM INF OK status=0
5:53AM INF Received command. cmdId=23
5:53AM INF Received command. cmdType=Stop
