{"level":"debug","Logging":"debug","time":"2022-08-10T11:10:43+08:00","message":"Config"}
{"level":"debug","UseTLS":false,"time":"2022-08-10T11:10:43+08:00","message":"Config"}
{"level":"debug","CACertFile":"tls-data/ca.pem","time":"2022-08-10T11:10:43+08:00","message":"Config"}
{"level":"debug","KeyFile":"tls-data/auth.key","time":"2022-08-10T11:10:43+08:00","message":"Config"}
{"level":"debug","CertFile":"tls-data/auth.pem","time":"2022-08-10T11:10:43+08:00","message":"Config"}
{"level":"debug","PriorityConnections":2,"time":"2022-08-10T11:10:43+08:00","message":"Config"}
{"level":"debug","BasicConnections":4,"time":"2022-08-10T11:10:43+08:00","message":"Config"}
{"level":"debug","TestConnections":false,"time":"2022-08-10T11:10:43+08:00","message":"Config"}
{"level":"debug","ExcessConnections":1,"time":"2022-08-10T11:10:43+08:00","message":"Config"}
{"level":"debug","ConnectionTestMsgs":4,"time":"2022-08-10T11:10:43+08:00","message":"Config"}
{"level":"debug","ConnectionTestPayload":131072,"time":"2022-08-10T11:10:43+08:00","message":"Config"}
{"level":"debug","OutMessageBufsize":1024,"time":"2022-08-10T11:10:43+08:00","message":"Config"}
{"level":"debug","OutMessageBufsize":1,"time":"2022-08-10T11:10:43+08:00","message":"Config"}
{"level":"debug","ThroughputCap":131072000,"time":"2022-08-10T11:10:43+08:00","message":"Config"}
{"level":"debug","StragglerTolerance":1000,"time":"2022-08-10T11:10:43+08:00","message":"Config"}
{"level":"debug","BatchSizeIncrement":256,"time":"2022-08-10T11:10:43+08:00","message":"Config"}
{"level":"debug","Orderer":"Pbft","time":"2022-08-10T11:10:43+08:00","message":"Config"}
{"level":"debug","Manager":"Mir","time":"2022-08-10T11:10:43+08:00","message":"Config"}
{"level":"debug","Failures":0,"time":"2022-08-10T11:10:43+08:00","message":"Config"}
{"level":"debug","CrashTiming":"EpochStart","time":"2022-08-10T11:10:43+08:00","message":"Config"}
{"level":"debug","CheckpointInterval":256,"time":"2022-08-10T11:10:43+08:00","message":"Config"}
{"level":"debug","WatermarkWindowSize":256,"time":"2022-08-10T11:10:43+08:00","message":"Config"}
{"level":"debug","EpochLength":256,"time":"2022-08-10T11:10:43+08:00","message":"Config"}
{"level":"debug","SegmentLength":256,"time":"2022-08-10T11:10:43+08:00","message":"Config"}
{"level":"debug","WaitForCheckpoints":true,"time":"2022-08-10T11:10:43+08:00","message":"Config"}
{"level":"debug","ClientWatermarkWindowSize":4194304,"time":"2022-08-10T11:10:43+08:00","message":"Config"}
{"level":"debug","ClientRequestBacklogSize":4194304,"time":"2022-08-10T11:10:43+08:00","message":"Config"}
{"level":"debug","RandomSeed":17083,"time":"2022-08-10T11:10:43+08:00","message":"Config"}
{"level":"debug","NodeToLeaderRatio":1,"time":"2022-08-10T11:10:43+08:00","message":"Config"}
{"level":"debug","LeaderPolicy":"Single","time":"2022-08-10T11:10:43+08:00","message":"Config"}
{"level":"debug","DefaultLeaderBan":2,"time":"2022-08-10T11:10:43+08:00","message":"Config"}
{"level":"debug","NumBuckets":16,"time":"2022-08-10T11:10:43+08:00","message":"Config"}
{"level":"debug","BatchSize":1000,"time":"2022-08-10T11:10:43+08:00","message":"Config"}
{"level":"debug","DisabledViewChange":false,"time":"2022-08-10T11:10:43+08:00","message":"Config"}
{"level":"debug","ViewChangeTimeout":60000,"time":"2022-08-10T11:10:43+08:00","message":"Config"}
{"level":"debug","ClientTraceSampling":10,"time":"2022-08-10T11:10:43+08:00","message":"Config"}
{"level":"debug","EventBufferSize":2097152,"time":"2022-08-10T11:10:43+08:00","message":"Config"}
{"level":"debug","TraceSampling":1,"time":"2022-08-10T11:10:43+08:00","message":"Config"}
{"level":"debug","ClientsPerProcess":1,"time":"2022-08-10T11:10:43+08:00","message":"Config"}
{"level":"debug","RequestsPerClient":7680,"time":"2022-08-10T11:10:43+08:00","message":"Config"}
{"level":"debug","ClientRunTime":30000,"time":"2022-08-10T11:10:43+08:00","message":"Config"}
{"level":"debug","RequestRate":128,"time":"2022-08-10T11:10:43+08:00","message":"Config"}
{"level":"debug","HardRequestRateLimit":false,"time":"2022-08-10T11:10:43+08:00","message":"Config"}
{"level":"debug","RequestPayloadSize":500,"time":"2022-08-10T11:10:43+08:00","message":"Config"}
{"level":"debug","SignRequests":true,"time":"2022-08-10T11:10:43+08:00","message":"Config"}
{"level":"debug","ClientPrivKeyFile":"tls-data/client-ecdsa-256.key","time":"2022-08-10T11:10:43+08:00","message":"Config"}
{"level":"debug","ClientPubKeyFile":"tls-data/client-ecdsa-256.pem","time":"2022-08-10T11:10:43+08:00","message":"Config"}
{"level":"debug","PrecomputeRequests":false,"time":"2022-08-10T11:10:43+08:00","message":"Config"}
{"level":"debug","RequestHandlerThreads":32,"time":"2022-08-10T11:10:43+08:00","message":"Config"}
{"level":"debug","RequestInputChannelBuffer":8192,"time":"2022-08-10T11:10:43+08:00","message":"Config"}
{"level":"debug","BatchVerifier":"external","time":"2022-08-10T11:10:43+08:00","message":"Config"}
03:10:43.254 INF Registered with discovery server. numPeers=4 ownID=3
03:10:43.254 INF Profiling enabled.
03:10:43.254 INF Setting up profiling.
03:10:43.255 INF Started Profiler: CPU
03:10:43.255 INF Started Profiler: BLOCK
03:10:43.255 INF Started Profiler: MUTEX
03:10:43.255 INF Profiler will stop on signal. exit=true
03:10:43.257 INF Tracing will stop on signal. exit=false
03:10:43.257 INF Started tracing. traceFile=experiment-output/0002/slave-003/peer.trc
03:10:43.258 DBG Starting backlog.
03:10:43.258 INF Listening for connections. port=10033 useTLS=false
03:10:43.258 INF Connecting to peer. addr=127.0.0.1:10033 basicConns=4 priorityConns=2
03:10:43.259 INF Connecting to peer. addr=127.0.0.1:10000 basicConns=4 priorityConns=2
03:10:43.259 INF Connecting to peer. addr=127.0.0.1:10011 basicConns=4 priorityConns=2
03:10:43.259 INF Connecting to peer. addr=127.0.0.1:10022 basicConns=4 priorityConns=2
03:10:43.283 INF Incoming connection for protocol messages. addr=127.0.0.1:55406
03:10:43.285 INF Incoming connection for protocol messages. addr=127.0.0.1:55440
03:10:43.288 INF Incoming connection for protocol messages. addr=127.0.0.1:55472
03:10:43.290 INF Incoming connection for protocol messages. addr=127.0.0.1:55462
03:10:43.290 INF Incoming connection for protocol messages. addr=127.0.0.1:55458
03:10:43.290 INF Incoming connection for protocol messages. addr=127.0.0.1:55482
03:10:43.290 INF Incoming connection for protocol messages. addr=127.0.0.1:55444
03:10:43.292 INF Incoming connection for protocol messages. addr=127.0.0.1:55484
03:10:43.292 INF Incoming connection for protocol messages. addr=127.0.0.1:55510
03:10:43.293 INF Incoming connection for protocol messages. addr=127.0.0.1:55512
03:10:43.293 INF Incoming connection for protocol messages. addr=127.0.0.1:55494
03:10:43.293 INF Incoming connection for protocol messages. addr=127.0.0.1:55502
03:10:43.294 INF Incoming connection for protocol messages. addr=127.0.0.1:55532
03:10:43.294 INF Incoming connection for protocol messages. addr=127.0.0.1:55526
03:10:43.294 INF Incoming connection for protocol messages. addr=127.0.0.1:55530
03:10:43.295 INF Incoming connection for protocol messages. addr=127.0.0.1:55556
03:10:43.295 INF Incoming connection for protocol messages. addr=127.0.0.1:55562
03:10:43.295 INF Incoming connection for protocol messages. addr=127.0.0.1:55542
03:10:43.296 INF Incoming connection for protocol messages. addr=127.0.0.1:55498
03:10:43.296 INF Incoming connection for protocol messages. addr=127.0.0.1:55452
03:10:43.296 INF Incoming connection for protocol messages. addr=127.0.0.1:55578
03:10:43.296 DBG Connected. peerID=3
03:10:43.297 DBG Connected. peerID=1
03:10:43.297 INF Incoming connection for protocol messages. addr=127.0.0.1:55432
03:10:43.299 INF Incoming connection for protocol messages. addr=127.0.0.1:55424
03:10:43.299 DBG Connected. peerID=2
03:10:43.299 INF Incoming connection for protocol messages. addr=127.0.0.1:55456
03:10:43.308 DBG Connected. peerID=0
03:10:43.308 INF Connected to all peers.
03:10:43.313 INF All peers finished connecting. Starting ISS.
03:10:43.314 DBG Buckets for 0-th leader 0: [0 4 8 12 1 5 9 13 2 6 10 14 3 7 11 15]
03:10:43.314 INF PbftOrderer received a new segment: [0 1 2 3 4 5 6 7 8 9 10 11 12 13 14 15 16 17 18 19 20 21 22 23 24 25 26 27 28 29 30 31 32 33 34 35 36 37 38 39 40 41 42 43 44 45 46 47 48 49 50 51 52 53 54 55 56 57 58 59 60 61 62 63 64 65 66 67 68 69 70 71 72 73 74 75 76 77 78 79 80 81 82 83 84 85 86 87 88 89 90 91 92 93 94 95 96 97 98 99 100 101 102 103 104 105 106 107 108 109 110 111 112 113 114 115 116 117 118 119 120 121 122 123 124 125 126 127 128 129 130 131 132 133 134 135 136 137 138 139 140 141 142 143 144 145 146 147 148 149 150 151 152 153 154 155 156 157 158 159 160 161 162 163 164 165 166 167 168 169 170 171 172 173 174 175 176 177 178 179 180 181 182 183 184 185 186 187 188 189 190 191 192 193 194 195 196 197 198 199 200 201 202 203 204 205 206 207 208 209 210 211 212 213 214 215 216 217 218 219 220 221 222 223 224 225 226 227 228 229 230 231 232 233 234 235 236 237 238 239 240 241 242 243 244 245 246 247 248 249 250 251 252 253 254 255] first leader=0 firstSN=0 lastSN=255 len=256 length=256 segId=0
03:10:43.315 INF Starting new view. segID=0 timeout=60000 view=0
03:10:43.315 DBG Starting timer. sn=0 view=0
03:10:43.316 INF Starting PBFT instance. first=0 last=255 segID=0
03:10:43.316 INF Starting serialized message processing. segID=0
03:10:43.316 DBG Subscribing to backlog. segID=0
03:10:44.323 INF Handling PREPREPARE. nReq=0 senderID=0 sn=0
03:10:44.324 DBG Creating new Batch. nReq=0
03:10:44.324 DBG Sending PREPARE. senderID=3 sn=0 view=0
03:10:44.325 DBG Sending COMMIT. senderID=3 sn=0 view=0
03:10:44.327 INF Committed entry. latency=0 nReq=0 sn=0
03:10:44.327 INF Delivered batch. nReq=0 sn=0
03:10:44.327 DBG Starting timer. sn=1 view=0
03:10:45.320 INF Handling PREPREPARE. nReq=0 senderID=0 sn=1
03:10:45.320 DBG Creating new Batch. nReq=0
03:10:45.321 DBG Sending PREPARE. senderID=3 sn=1 view=0
03:10:45.322 DBG Sending COMMIT. senderID=3 sn=1 view=0
03:10:45.323 INF Committed entry. latency=0 nReq=0 sn=1
03:10:45.323 INF Delivered batch. nReq=0 sn=1
03:10:45.323 DBG Starting timer. sn=2 view=0
03:10:45.349 INF Incoming connection for requests. addr=127.0.0.1:55610
03:10:46.338 INF Handling PREPREPARE. nReq=121 senderID=0 sn=2
03:10:46.338 DBG Creating new Batch. nReq=121
03:10:46.362 DBG Sending PREPARE. senderID=3 sn=2 view=0
03:10:46.362 DBG Sending COMMIT. senderID=3 sn=2 view=0
03:10:46.365 INF Committed entry. latency=0 nReq=121 sn=2
03:10:46.365 INF Delivered batch. nReq=121 sn=2
03:10:46.365 DBG Starting timer. sn=3 view=0
03:10:47.337 INF Handling PREPREPARE. nReq=129 senderID=0 sn=3
03:10:47.338 DBG Creating new Batch. nReq=129
03:10:47.350 DBG Sending PREPARE. senderID=3 sn=3 view=0
03:10:47.351 DBG Sending COMMIT. senderID=3 sn=3 view=0
03:10:47.353 INF Committed entry. latency=0 nReq=129 sn=3
03:10:47.353 INF Delivered batch. nReq=129 sn=3
03:10:47.353 DBG Starting timer. sn=4 view=0
03:10:48.339 INF Handling PREPREPARE. nReq=128 senderID=0 sn=4
03:10:48.339 DBG Creating new Batch. nReq=128
03:10:48.351 DBG Sending PREPARE. senderID=3 sn=4 view=0
03:10:48.352 DBG Sending COMMIT. senderID=3 sn=4 view=0
03:10:48.354 INF Committed entry. latency=0 nReq=128 sn=4
03:10:48.354 INF Delivered batch. nReq=128 sn=4
03:10:48.354 DBG Starting timer. sn=5 view=0
03:10:49.340 INF Handling PREPREPARE. nReq=128 senderID=0 sn=5
03:10:49.340 DBG Creating new Batch. nReq=128
03:10:49.352 DBG Sending PREPARE. senderID=3 sn=5 view=0
03:10:49.353 DBG Sending COMMIT. senderID=3 sn=5 view=0
03:10:49.354 INF Committed entry. latency=0 nReq=128 sn=5
03:10:49.355 INF Delivered batch. nReq=128 sn=5
03:10:49.355 DBG Starting timer. sn=6 view=0
03:10:50.342 INF Handling PREPREPARE. nReq=128 senderID=0 sn=6
03:10:50.343 DBG Creating new Batch. nReq=128
03:10:50.355 DBG Sending PREPARE. senderID=3 sn=6 view=0
03:10:50.355 DBG Sending COMMIT. senderID=3 sn=6 view=0
03:10:50.357 INF Committed entry. latency=0 nReq=128 sn=6
03:10:50.357 INF Delivered batch. nReq=128 sn=6
03:10:50.357 DBG Starting timer. sn=7 view=0
03:10:51.343 INF Handling PREPREPARE. nReq=129 senderID=0 sn=7
03:10:51.343 DBG Creating new Batch. nReq=129
03:10:51.355 DBG Sending PREPARE. senderID=3 sn=7 view=0
03:10:51.356 DBG Sending COMMIT. senderID=3 sn=7 view=0
03:10:51.357 INF Committed entry. latency=0 nReq=129 sn=7
03:10:51.358 INF Delivered batch. nReq=129 sn=7
03:10:51.358 DBG Starting timer. sn=8 view=0
03:10:52.377 INF Handling PREPREPARE. nReq=127 senderID=0 sn=8
03:10:52.377 DBG Creating new Batch. nReq=127
03:10:52.389 DBG Sending PREPARE. senderID=3 sn=8 view=0
03:10:52.394 DBG Sending COMMIT. senderID=3 sn=8 view=0
03:10:52.394 INF Committed entry. latency=0 nReq=127 sn=8
03:10:52.394 INF Delivered batch. nReq=127 sn=8
03:10:52.394 DBG Starting timer. sn=9 view=0
03:10:53.379 INF Handling PREPREPARE. nReq=133 senderID=0 sn=9
03:10:53.379 DBG Creating new Batch. nReq=133
03:10:53.393 DBG Sending PREPARE. senderID=3 sn=9 view=0
03:10:53.394 DBG Sending COMMIT. senderID=3 sn=9 view=0
03:10:53.396 INF Committed entry. latency=0 nReq=133 sn=9
03:10:53.397 INF Delivered batch. nReq=133 sn=9
03:10:53.397 DBG Starting timer. sn=10 view=0
03:10:54.379 INF Handling PREPREPARE. nReq=128 senderID=0 sn=10
03:10:54.380 DBG Creating new Batch. nReq=128
03:10:54.392 DBG Sending PREPARE. senderID=3 sn=10 view=0
03:10:54.393 DBG Sending COMMIT. senderID=3 sn=10 view=0
03:10:54.395 INF Committed entry. latency=0 nReq=128 sn=10
03:10:54.395 INF Delivered batch. nReq=128 sn=10
03:10:54.395 DBG Starting timer. sn=11 view=0
03:10:55.382 INF Handling PREPREPARE. nReq=129 senderID=0 sn=11
03:10:55.383 DBG Creating new Batch. nReq=129
03:10:55.395 DBG Sending PREPARE. senderID=3 sn=11 view=0
03:10:55.396 DBG Sending COMMIT. senderID=3 sn=11 view=0
03:10:55.398 INF Committed entry. latency=0 nReq=129 sn=11
03:10:55.398 INF Delivered batch. nReq=129 sn=11
03:10:55.398 DBG Starting timer. sn=12 view=0
03:10:56.384 INF Handling PREPREPARE. nReq=128 senderID=0 sn=12
03:10:56.385 DBG Creating new Batch. nReq=128
03:10:56.396 DBG Sending PREPARE. senderID=3 sn=12 view=0
03:10:56.398 DBG Sending COMMIT. senderID=3 sn=12 view=0
03:10:56.399 INF Committed entry. latency=0 nReq=128 sn=12
03:10:56.400 INF Delivered batch. nReq=128 sn=12
03:10:56.400 DBG Starting timer. sn=13 view=0
03:10:57.386 INF Handling PREPREPARE. nReq=128 senderID=0 sn=13
03:10:57.387 DBG Creating new Batch. nReq=128
03:10:57.398 DBG Sending PREPARE. senderID=3 sn=13 view=0
03:10:57.399 DBG Sending COMMIT. senderID=3 sn=13 view=0
03:10:57.401 INF Committed entry. latency=0 nReq=128 sn=13
03:10:57.401 INF Delivered batch. nReq=128 sn=13
03:10:57.401 DBG Starting timer. sn=14 view=0
03:10:58.387 INF Handling PREPREPARE. nReq=128 senderID=0 sn=14
03:10:58.387 DBG Creating new Batch. nReq=128
03:10:58.400 DBG Sending PREPARE. senderID=3 sn=14 view=0
03:10:58.401 DBG Sending COMMIT. senderID=3 sn=14 view=0
03:10:58.402 INF Committed entry. latency=0 nReq=128 sn=14
03:10:58.402 INF Delivered batch. nReq=128 sn=14
03:10:58.402 DBG Starting timer. sn=15 view=0
03:10:59.389 INF Handling PREPREPARE. nReq=129 senderID=0 sn=15
03:10:59.389 DBG Creating new Batch. nReq=129
03:10:59.402 DBG Sending PREPARE. senderID=3 sn=15 view=0
03:10:59.402 DBG Sending COMMIT. senderID=3 sn=15 view=0
03:10:59.405 INF Committed entry. latency=0 nReq=129 sn=15
03:10:59.405 INF Delivered batch. nReq=129 sn=15
03:10:59.405 DBG Starting timer. sn=16 view=0
03:11:00.390 INF Handling PREPREPARE. nReq=128 senderID=0 sn=16
03:11:00.391 DBG Creating new Batch. nReq=128
03:11:00.402 DBG Sending PREPARE. senderID=3 sn=16 view=0
03:11:00.404 DBG Sending COMMIT. senderID=3 sn=16 view=0
03:11:00.406 INF Committed entry. latency=0 nReq=128 sn=16
03:11:00.406 INF Delivered batch. nReq=128 sn=16
03:11:00.406 DBG Starting timer. sn=17 view=0
03:11:01.392 INF Handling PREPREPARE. nReq=128 senderID=0 sn=17
03:11:01.393 DBG Creating new Batch. nReq=128
03:11:01.404 DBG Sending PREPARE. senderID=3 sn=17 view=0
03:11:01.404 DBG Sending COMMIT. senderID=3 sn=17 view=0
03:11:01.407 INF Committed entry. latency=0 nReq=128 sn=17
03:11:01.407 INF Delivered batch. nReq=128 sn=17
03:11:01.407 DBG Starting timer. sn=18 view=0
03:11:02.394 INF Handling PREPREPARE. nReq=128 senderID=0 sn=18
03:11:02.394 DBG Creating new Batch. nReq=128
03:11:02.407 DBG Sending PREPARE. senderID=3 sn=18 view=0
03:11:02.408 DBG Sending COMMIT. senderID=3 sn=18 view=0
03:11:02.409 INF Committed entry. latency=0 nReq=128 sn=18
03:11:02.409 INF Delivered batch. nReq=128 sn=18
03:11:02.409 DBG Starting timer. sn=19 view=0
03:11:03.394 INF Handling PREPREPARE. nReq=128 senderID=0 sn=19
03:11:03.395 DBG Creating new Batch. nReq=128
03:11:03.407 DBG Sending PREPARE. senderID=3 sn=19 view=0
03:11:03.409 DBG Sending COMMIT. senderID=3 sn=19 view=0
03:11:03.410 INF Committed entry. latency=0 nReq=128 sn=19
03:11:03.411 INF Delivered batch. nReq=128 sn=19
03:11:03.411 DBG Starting timer. sn=20 view=0
03:11:04.397 INF Handling PREPREPARE. nReq=129 senderID=0 sn=20
03:11:04.398 DBG Creating new Batch. nReq=129
03:11:04.409 DBG Sending PREPARE. senderID=3 sn=20 view=0
03:11:04.410 DBG Sending COMMIT. senderID=3 sn=20 view=0
03:11:04.412 INF Committed entry. latency=0 nReq=129 sn=20
03:11:04.412 INF Delivered batch. nReq=129 sn=20
03:11:04.412 DBG Starting timer. sn=21 view=0
03:11:05.398 INF Handling PREPREPARE. nReq=128 senderID=0 sn=21
03:11:05.399 DBG Creating new Batch. nReq=128
03:11:05.411 DBG Sending PREPARE. senderID=3 sn=21 view=0
03:11:05.411 DBG Sending COMMIT. senderID=3 sn=21 view=0
03:11:05.414 INF Committed entry. latency=0 nReq=128 sn=21
03:11:05.414 INF Delivered batch. nReq=128 sn=21
03:11:05.414 DBG Starting timer. sn=22 view=0
03:11:06.400 INF Handling PREPREPARE. nReq=128 senderID=0 sn=22
03:11:06.401 DBG Creating new Batch. nReq=128
03:11:06.412 DBG Sending PREPARE. senderID=3 sn=22 view=0
03:11:06.414 DBG Sending COMMIT. senderID=3 sn=22 view=0
03:11:06.416 INF Committed entry. latency=0 nReq=128 sn=22
03:11:06.416 INF Delivered batch. nReq=128 sn=22
03:11:06.417 DBG Starting timer. sn=23 view=0
03:11:07.403 INF Handling PREPREPARE. nReq=128 senderID=0 sn=23
03:11:07.403 DBG Creating new Batch. nReq=128
03:11:07.415 DBG Sending PREPARE. senderID=3 sn=23 view=0
03:11:07.415 DBG Sending COMMIT. senderID=3 sn=23 view=0
03:11:07.416 INF Committed entry. latency=0 nReq=128 sn=23
03:11:07.417 INF Delivered batch. nReq=128 sn=23
03:11:07.417 DBG Starting timer. sn=24 view=0
03:11:08.404 INF Handling PREPREPARE. nReq=129 senderID=0 sn=24
03:11:08.404 DBG Creating new Batch. nReq=129
03:11:08.415 DBG Sending PREPARE. senderID=3 sn=24 view=0
03:11:08.417 DBG Sending COMMIT. senderID=3 sn=24 view=0
03:11:08.419 INF Committed entry. latency=0 nReq=129 sn=24
03:11:08.419 INF Delivered batch. nReq=129 sn=24
03:11:08.419 DBG Starting timer. sn=25 view=0
03:11:09.405 INF Handling PREPREPARE. nReq=128 senderID=0 sn=25
03:11:09.405 DBG Creating new Batch. nReq=128
03:11:09.418 DBG Sending PREPARE. senderID=3 sn=25 view=0
03:11:09.450 DBG Sending COMMIT. senderID=3 sn=25 view=0
03:11:09.451 INF Committed entry. latency=0 nReq=128 sn=25
03:11:09.452 INF Delivered batch. nReq=128 sn=25
03:11:09.452 DBG Starting timer. sn=26 view=0
03:11:10.407 INF Handling PREPREPARE. nReq=128 senderID=0 sn=26
03:11:10.407 DBG Creating new Batch. nReq=128
03:11:10.418 DBG Sending PREPARE. senderID=3 sn=26 view=0
03:11:10.418 DBG Sending COMMIT. senderID=3 sn=26 view=0
03:11:10.421 INF Committed entry. latency=0 nReq=128 sn=26
03:11:10.421 INF Delivered batch. nReq=128 sn=26
03:11:10.421 DBG Starting timer. sn=27 view=0
03:11:11.409 INF Handling PREPREPARE. nReq=128 senderID=0 sn=27
03:11:11.409 DBG Creating new Batch. nReq=128
03:11:11.421 DBG Sending PREPARE. senderID=3 sn=27 view=0
03:11:11.423 DBG Sending COMMIT. senderID=3 sn=27 view=0
03:11:11.425 INF Committed entry. latency=0 nReq=128 sn=27
03:11:11.425 INF Delivered batch. nReq=128 sn=27
03:11:11.425 DBG Starting timer. sn=28 view=0
03:11:12.412 INF Handling PREPREPARE. nReq=129 senderID=0 sn=28
03:11:12.412 DBG Creating new Batch. nReq=129
03:11:12.424 DBG Sending PREPARE. senderID=3 sn=28 view=0
03:11:12.426 DBG Sending COMMIT. senderID=3 sn=28 view=0
03:11:12.427 INF Committed entry. latency=0 nReq=129 sn=28
03:11:12.427 INF Delivered batch. nReq=129 sn=28
03:11:12.428 DBG Starting timer. sn=29 view=0
03:11:13.413 INF Handling PREPREPARE. nReq=128 senderID=0 sn=29
03:11:13.413 DBG Creating new Batch. nReq=128
03:11:13.425 DBG Sending PREPARE. senderID=3 sn=29 view=0
03:11:13.426 DBG Sending COMMIT. senderID=3 sn=29 view=0
03:11:13.427 INF Committed entry. latency=0 nReq=128 sn=29
03:11:13.428 INF Delivered batch. nReq=128 sn=29
03:11:13.428 DBG Starting timer. sn=30 view=0
03:11:14.415 INF Handling PREPREPARE. nReq=128 senderID=0 sn=30
03:11:14.415 DBG Creating new Batch. nReq=128
03:11:14.427 DBG Sending PREPARE. senderID=3 sn=30 view=0
03:11:14.485 DBG Sending COMMIT. senderID=3 sn=30 view=0
03:11:14.487 INF Committed entry. latency=0 nReq=128 sn=30
03:11:14.487 INF Delivered batch. nReq=128 sn=30
03:11:14.488 DBG Starting timer. sn=31 view=0
03:11:15.417 INF Handling PREPREPARE. nReq=126 senderID=0 sn=31
03:11:15.417 DBG Creating new Batch. nReq=126
03:11:15.428 DBG Sending PREPARE. senderID=3 sn=31 view=0
03:11:15.430 DBG Sending COMMIT. senderID=3 sn=31 view=0
03:11:15.432 INF Committed entry. latency=0 nReq=126 sn=31
03:11:15.432 INF Delivered batch. nReq=126 sn=31
03:11:15.432 DBG Starting timer. sn=32 view=0
03:11:16.383 INF Connection terminated. error="rpc error: code = Canceled desc = context canceled" address=127.0.0.1:55610
03:11:16.383 INF Finished sending bucket assignments to client. clId=0
03:11:16.405 INF Handling PREPREPARE. nReq=0 senderID=0 sn=32
03:11:16.405 DBG Creating new Batch. nReq=0
03:11:16.405 DBG Sending PREPARE. senderID=3 sn=32 view=0
03:11:16.406 DBG Sending COMMIT. senderID=3 sn=32 view=0
03:11:16.408 INF Committed entry. latency=0 nReq=0 sn=32
03:11:16.408 INF Delivered batch. nReq=0 sn=32
03:11:16.409 DBG Starting timer. sn=33 view=0
03:11:16.640 INF Stopping profiler.
03:11:16.640 INF Stopping Tracer. events=103 fileName=experiment-output/0002/slave-003/peer.trc
==================
WARNING: DATA RACE
Read at 0x00c0009c8000 by goroutine 115:
  runtime.racereadrange()
      <autogenerated>:1 +0x1b
  github.com/hyperledger-labs/mirbft/tracing.(*BufferedTrace).StopOnSignal.func1()
      /opt/gopath/src/github.com/hyperledger-labs/mirbft/tracing/bufferedtrace.go:298 +0x4e

Previous write at 0x00c0009c8000 by goroutine 412:
  github.com/hyperledger-labs/mirbft/tracing.(*BufferedTrace).Event()
      /opt/gopath/src/github.com/hyperledger-labs/mirbft/tracing/bufferedtrace.go:105 +0x2d9
  github.com/hyperledger-labs/mirbft/manager.(*MirManager).handleLogEntries()
      /opt/gopath/src/github.com/hyperledger-labs/mirbft/manager/mirmanager.go:139 +0x1d8
  github.com/hyperledger-labs/mirbft/manager.(*MirManager).Start路dwrap路7()
      /opt/gopath/src/github.com/hyperledger-labs/mirbft/manager/mirmanager.go:101 +0x47

Goroutine 115 (running) created at:
  github.com/hyperledger-labs/mirbft/tracing.(*BufferedTrace).StopOnSignal()
      /opt/gopath/src/github.com/hyperledger-labs/mirbft/tracing/bufferedtrace.go:292 +0x172
  main.setUpTracing()
      /opt/gopath/src/github.com/hyperledger-labs/mirbft/cmd/orderingpeer/main.go:204 +0xf5
  main.main()
      /opt/gopath/src/github.com/hyperledger-labs/mirbft/cmd/orderingpeer/main.go:98 +0x9d6

Goroutine 412 (running) created at:
  github.com/hyperledger-labs/mirbft/manager.(*MirManager).Start()
      /opt/gopath/src/github.com/hyperledger-labs/mirbft/manager/mirmanager.go:101 +0x19e
  main.main路dwrap路4()
      /opt/gopath/src/github.com/hyperledger-labs/mirbft/cmd/orderingpeer/main.go:168 +0x59
==================
==================
WARNING: DATA RACE
Read at 0x00c0009c8fc8 by goroutine 115:
  runtime.racereadrange()
      <autogenerated>:1 +0x1b
  github.com/hyperledger-labs/mirbft/tracing.(*BufferedTrace).StopOnSignal.func1()
      /opt/gopath/src/github.com/hyperledger-labs/mirbft/tracing/bufferedtrace.go:298 +0x4e

Previous write at 0x00c0009c8fc8 by goroutine 114:
  github.com/hyperledger-labs/mirbft/tracing.(*BufferedTrace).Event()
      /opt/gopath/src/github.com/hyperledger-labs/mirbft/tracing/bufferedtrace.go:105 +0x2d9
  github.com/hyperledger-labs/mirbft/profiling.StartCPUTracing.func1()
      /opt/gopath/src/github.com/hyperledger-labs/mirbft/profiling/cpuusage.go:31 +0x95

Goroutine 115 (running) created at:
  github.com/hyperledger-labs/mirbft/tracing.(*BufferedTrace).StopOnSignal()
      /opt/gopath/src/github.com/hyperledger-labs/mirbft/tracing/bufferedtrace.go:292 +0x172
  main.setUpTracing()
      /opt/gopath/src/github.com/hyperledger-labs/mirbft/cmd/orderingpeer/main.go:204 +0xf5
  main.main()
      /opt/gopath/src/github.com/hyperledger-labs/mirbft/cmd/orderingpeer/main.go:98 +0x9d6

Goroutine 114 (running) created at:
  github.com/hyperledger-labs/mirbft/profiling.StartCPUTracing()
      /opt/gopath/src/github.com/hyperledger-labs/mirbft/profiling/cpuusage.go:28 +0xb6
  main.setUpTracing()
      /opt/gopath/src/github.com/hyperledger-labs/mirbft/cmd/orderingpeer/main.go:196 +0x85
  main.main()
      /opt/gopath/src/github.com/hyperledger-labs/mirbft/cmd/orderingpeer/main.go:98 +0x9d6
==================
03:11:16.642 INF Trace data written.
03:11:16.764 INF Connection terminated. error="rpc error: code = Canceled desc = context canceled" address=127.0.0.1:55556
03:11:16.764 INF Connection terminated. error="rpc error: code = Canceled desc = context canceled" address=127.0.0.1:55484
03:11:16.764 INF Connection terminated. error="rpc error: code = Canceled desc = context canceled" address=127.0.0.1:55510
03:11:16.764 INF Connection terminated. error="rpc error: code = Canceled desc = context canceled" address=127.0.0.1:55512
03:11:16.764 INF Connection terminated. error="rpc error: code = Canceled desc = context canceled" address=127.0.0.1:55502
03:11:16.764 INF Connection terminated. error="rpc error: code = Canceled desc = context canceled" address=127.0.0.1:55482
03:11:16.792 INF Connection terminated. error="rpc error: code = Canceled desc = context canceled" address=127.0.0.1:55578
03:11:16.792 INF Connection terminated. error="rpc error: code = Canceled desc = context canceled" address=127.0.0.1:55526
03:11:16.792 INF Connection terminated. error="rpc error: code = Canceled desc = context canceled" address=127.0.0.1:55562
03:11:16.793 INF Connection terminated. error="rpc error: code = Canceled desc = context canceled" address=127.0.0.1:55530
03:11:16.793 INF Connection terminated. error="rpc error: code = Canceled desc = context canceled" address=127.0.0.1:55498
03:11:16.793 INF Connection terminated. error="rpc error: code = Canceled desc = context canceled" address=127.0.0.1:55494
03:11:16.793 INF Profile data written. filename=experiment-output/0002/slave-003/prof.cpu name=cpu
03:11:16.796 INF Connection terminated. error="rpc error: code = Canceled desc = context canceled" address=127.0.0.1:55456
03:11:16.796 INF Connection terminated. error="rpc error: code = Canceled desc = context canceled" address=127.0.0.1:55458
03:11:16.796 INF Connection terminated. error="rpc error: code = Canceled desc = context canceled" address=127.0.0.1:55452
03:11:16.796 INF Connection terminated. error="rpc error: code = Canceled desc = context canceled" address=127.0.0.1:55462
03:11:16.796 INF Connection terminated. error="rpc error: code = Canceled desc = context canceled" address=127.0.0.1:55424
03:11:16.796 INF Connection terminated. error="rpc error: code = Canceled desc = context canceled" address=127.0.0.1:55432
03:11:16.847 INF Profile data written. filename=experiment-output/0002/slave-003/prof.block name=block
03:11:16.867 INF Profile data written. filename=experiment-output/0002/slave-003/prof.mutex name=mutex
