{"level":"debug","Logging":"debug","time":"2022-08-17T11:19:48+08:00","message":"Config"}
{"level":"debug","UseTLS":false,"time":"2022-08-17T11:19:48+08:00","message":"Config"}
{"level":"debug","CACertFile":"tls-data/ca.pem","time":"2022-08-17T11:19:48+08:00","message":"Config"}
{"level":"debug","KeyFile":"tls-data/auth.key","time":"2022-08-17T11:19:48+08:00","message":"Config"}
{"level":"debug","CertFile":"tls-data/auth.pem","time":"2022-08-17T11:19:48+08:00","message":"Config"}
{"level":"debug","PriorityConnections":2,"time":"2022-08-17T11:19:48+08:00","message":"Config"}
{"level":"debug","BasicConnections":4,"time":"2022-08-17T11:19:48+08:00","message":"Config"}
{"level":"debug","TestConnections":false,"time":"2022-08-17T11:19:48+08:00","message":"Config"}
{"level":"debug","ExcessConnections":1,"time":"2022-08-17T11:19:48+08:00","message":"Config"}
{"level":"debug","ConnectionTestMsgs":4,"time":"2022-08-17T11:19:48+08:00","message":"Config"}
{"level":"debug","ConnectionTestPayload":131072,"time":"2022-08-17T11:19:48+08:00","message":"Config"}
{"level":"debug","OutMessageBufsize":1024,"time":"2022-08-17T11:19:48+08:00","message":"Config"}
{"level":"debug","OutMessageBufsize":1,"time":"2022-08-17T11:19:48+08:00","message":"Config"}
{"level":"debug","ThroughputCap":131072000,"time":"2022-08-17T11:19:48+08:00","message":"Config"}
{"level":"debug","StragglerTolerance":1000,"time":"2022-08-17T11:19:48+08:00","message":"Config"}
{"level":"debug","BatchSizeIncrement":256,"time":"2022-08-17T11:19:48+08:00","message":"Config"}
{"level":"debug","Orderer":"Pbft","time":"2022-08-17T11:19:48+08:00","message":"Config"}
{"level":"debug","Manager":"Mir","time":"2022-08-17T11:19:48+08:00","message":"Config"}
{"level":"debug","Failures":2,"time":"2022-08-17T11:19:48+08:00","message":"Config"}
{"level":"debug","CrashTiming":"Straggler","time":"2022-08-17T11:19:48+08:00","message":"Config"}
{"level":"debug","CheckpointInterval":256,"time":"2022-08-17T11:19:48+08:00","message":"Config"}
{"level":"debug","WatermarkWindowSize":256,"time":"2022-08-17T11:19:48+08:00","message":"Config"}
{"level":"debug","EpochLength":256,"time":"2022-08-17T11:19:48+08:00","message":"Config"}
{"level":"debug","SegmentLength":64,"time":"2022-08-17T11:19:48+08:00","message":"Config"}
{"level":"debug","WaitForCheckpoints":true,"time":"2022-08-17T11:19:48+08:00","message":"Config"}
{"level":"debug","ClientWatermarkWindowSize":4194304,"time":"2022-08-17T11:19:48+08:00","message":"Config"}
{"level":"debug","ClientRequestBacklogSize":4194304,"time":"2022-08-17T11:19:48+08:00","message":"Config"}
{"level":"debug","RandomSeed":2670,"time":"2022-08-17T11:19:48+08:00","message":"Config"}
{"level":"debug","NodeToLeaderRatio":1,"time":"2022-08-17T11:19:48+08:00","message":"Config"}
{"level":"debug","LeaderPolicy":"SimulatedRandomFailures","time":"2022-08-17T11:19:48+08:00","message":"Config"}
{"level":"debug","DefaultLeaderBan":2,"time":"2022-08-17T11:19:48+08:00","message":"Config"}
{"level":"debug","NumBuckets":64,"time":"2022-08-17T11:19:48+08:00","message":"Config"}
{"level":"debug","BatchSize":1000,"time":"2022-08-17T11:19:48+08:00","message":"Config"}
{"level":"debug","DisabledViewChange":false,"time":"2022-08-17T11:19:48+08:00","message":"Config"}
{"level":"debug","ViewChangeTimeout":60000,"time":"2022-08-17T11:19:48+08:00","message":"Config"}
{"level":"debug","ClientTraceSampling":10,"time":"2022-08-17T11:19:48+08:00","message":"Config"}
{"level":"debug","EventBufferSize":2097152,"time":"2022-08-17T11:19:48+08:00","message":"Config"}
{"level":"debug","TraceSampling":1,"time":"2022-08-17T11:19:48+08:00","message":"Config"}
{"level":"debug","ClientsPerProcess":1,"time":"2022-08-17T11:19:48+08:00","message":"Config"}
{"level":"debug","RequestsPerClient":15360,"time":"2022-08-17T11:19:48+08:00","message":"Config"}
{"level":"debug","ClientRunTime":30000,"time":"2022-08-17T11:19:48+08:00","message":"Config"}
{"level":"debug","RequestRate":256,"time":"2022-08-17T11:19:48+08:00","message":"Config"}
{"level":"debug","HardRequestRateLimit":false,"time":"2022-08-17T11:19:48+08:00","message":"Config"}
{"level":"debug","RequestPayloadSize":500,"time":"2022-08-17T11:19:48+08:00","message":"Config"}
{"level":"debug","SignRequests":true,"time":"2022-08-17T11:19:48+08:00","message":"Config"}
{"level":"debug","ClientPrivKeyFile":"tls-data/client-ecdsa-256.key","time":"2022-08-17T11:19:48+08:00","message":"Config"}
{"level":"debug","ClientPubKeyFile":"tls-data/client-ecdsa-256.pem","time":"2022-08-17T11:19:48+08:00","message":"Config"}
{"level":"debug","PrecomputeRequests":false,"time":"2022-08-17T11:19:48+08:00","message":"Config"}
{"level":"debug","RequestHandlerThreads":32,"time":"2022-08-17T11:19:48+08:00","message":"Config"}
{"level":"debug","RequestInputChannelBuffer":8192,"time":"2022-08-17T11:19:48+08:00","message":"Config"}
{"level":"debug","BatchVerifier":"external","time":"2022-08-17T11:19:48+08:00","message":"Config"}
03:19:48.578 INF Registered with discovery server. numPeers=4 ownID=1
03:19:48.579 INF Profiling enabled.
03:19:48.579 INF Setting up profiling.
03:19:48.579 INF Started Profiler: CPU
03:19:48.579 INF Started Profiler: BLOCK
03:19:48.579 INF Started Profiler: MUTEX
03:19:48.580 INF Profiler will stop on signal. exit=true
03:19:48.581 INF Tracing will stop on signal. exit=false
03:19:48.582 INF Started tracing. traceFile=experiment-output/0001/slave-002/peer.trc
03:19:48.583 DBG Starting backlog.
03:19:48.583 INF Listening for connections. port=10011 useTLS=false
03:19:48.583 INF Connecting to peer. addr=127.0.0.1:10011 basicConns=4 priorityConns=2
03:19:48.583 INF Connecting to peer. addr=127.0.0.1:10022 basicConns=4 priorityConns=2
03:19:48.583 INF Connecting to peer. addr=127.0.0.1:10000 basicConns=4 priorityConns=2
03:19:48.583 INF Connecting to peer. addr=127.0.0.1:10033 basicConns=4 priorityConns=2
03:19:48.601 INF Incoming connection for protocol messages. addr=127.0.0.1:36116
03:19:48.604 INF Incoming connection for protocol messages. addr=127.0.0.1:36124
03:19:48.608 INF Incoming connection for protocol messages. addr=127.0.0.1:36126
03:19:48.609 INF Incoming connection for protocol messages. addr=127.0.0.1:36136
03:19:48.609 INF Incoming connection for protocol messages. addr=127.0.0.1:36138
03:19:48.610 INF Incoming connection for protocol messages. addr=127.0.0.1:36144
03:19:48.612 INF Incoming connection for protocol messages. addr=127.0.0.1:36152
03:19:48.612 INF Incoming connection for protocol messages. addr=127.0.0.1:36150
03:19:48.613 INF Incoming connection for protocol messages. addr=127.0.0.1:36178
03:19:48.613 INF Incoming connection for protocol messages. addr=127.0.0.1:36160
03:19:48.627 INF Incoming connection for protocol messages. addr=127.0.0.1:36206
03:19:48.628 INF Incoming connection for protocol messages. addr=127.0.0.1:36264
03:19:48.628 INF Incoming connection for protocol messages. addr=127.0.0.1:36252
03:19:48.628 INF Incoming connection for protocol messages. addr=127.0.0.1:36168
03:19:48.629 INF Incoming connection for protocol messages. addr=127.0.0.1:36234
03:19:48.629 INF Incoming connection for protocol messages. addr=127.0.0.1:36278
03:19:48.629 INF Incoming connection for protocol messages. addr=127.0.0.1:36226
03:19:48.630 INF Incoming connection for protocol messages. addr=127.0.0.1:36172
03:19:48.630 INF Incoming connection for protocol messages. addr=127.0.0.1:36224
03:19:48.630 DBG Connected. peerID=0
03:19:48.631 INF Incoming connection for protocol messages. addr=127.0.0.1:36294
03:19:48.631 DBG Connected. peerID=3
03:19:48.631 DBG Connected. peerID=2
03:19:48.631 INF Incoming connection for protocol messages. addr=127.0.0.1:36302
03:19:48.632 DBG Connected. peerID=1
03:19:48.632 INF Connected to all peers.
03:19:48.632 INF Incoming connection for protocol messages. addr=127.0.0.1:36304
03:19:48.632 INF Incoming connection for protocol messages. addr=127.0.0.1:36296
03:19:48.632 INF Incoming connection for protocol messages. addr=127.0.0.1:36306
03:19:48.637 INF All peers finished connecting. Starting ISS.
03:19:48.637 DBG Buckets for 0-th leader 0: [0 4 8 12 16 20 24 28 32 36 40 44 48 52 56 60 2 6 10 14 18 22 26 30 34 38 42 46 50 54 58 62]
03:19:48.637 DBG Buckets for 1-th leader 1: [1 5 9 13 17 21 25 29 33 37 41 45 49 53 57 61 3 7 11 15 19 23 27 31 35 39 43 47 51 55 59 63]
03:19:48.638 INF PbftOrderer received a new segment: [0 2 4 6 8 10 12 14 16 18 20 22 24 26 28 30 32 34 36 38 40 42 44 46 48 50 52 54 56 58 60 62 64 66 68 70 72 74 76 78 80 82 84 86 88 90 92 94 96 98 100 102 104 106 108 110 112 114 116 118 120 122 124 126] first leader=0 firstSN=0 lastSN=126 len=64 length=64 segId=0
03:19:48.638 INF Starting new view. segID=0 timeout=60000 view=0
03:19:48.638 DBG Starting timer. sn=0 view=0
03:19:48.639 INF Starting PBFT instance. first=0 last=126 segID=0
03:19:48.639 DBG Subscribing to backlog. segID=0
03:19:48.639 INF Starting serialized message processing. segID=0
03:19:48.639 INF PbftOrderer received a new segment: [1 3 5 7 9 11 13 15 17 19 21 23 25 27 29 31 33 35 37 39 41 43 45 47 49 51 53 55 57 59 61 63 65 67 69 71 73 75 77 79 81 83 85 87 89 91 93 95 97 99 101 103 105 107 109 111 113 115 117 119 121 123 125 127] first leader=1 firstSN=1 lastSN=127 len=64 length=64 segId=1
03:19:48.639 INF Starting new view. segID=1 timeout=60000 view=0
03:19:48.639 DBG Starting timer. sn=1 view=0
03:19:48.640 INF Starting PBFT instance. first=1 last=127 segID=1
03:19:48.640 DBG Subscribing to backlog. segID=1
03:19:48.640 DBG Leading segment. segID=1
03:19:48.640 INF Starting serialized message processing. segID=1
03:19:48.640 DBG Waiting for batch. batchSize=4096
03:19:48.658 INF Connection terminated. error="rpc error: code = Canceled desc = context canceled" address=127.0.0.1:36252
03:19:48.658 INF Connection terminated. error="rpc error: code = Canceled desc = context canceled" address=127.0.0.1:36150
03:19:48.658 INF Connection terminated. error="rpc error: code = Canceled desc = context canceled" address=127.0.0.1:36160
03:19:48.658 INF Connection terminated. error="rpc error: code = Canceled desc = context canceled" address=127.0.0.1:36304
03:19:48.658 INF Connection terminated. error="rpc error: code = Canceled desc = context canceled" address=127.0.0.1:36294
03:19:48.659 INF Connection terminated. error="rpc error: code = Canceled desc = context canceled" address=127.0.0.1:36172
03:19:48.661 INF Connection terminated. error="rpc error: code = Canceled desc = context canceled" address=127.0.0.1:36264
03:19:48.661 INF Connection terminated. error="rpc error: code = Canceled desc = context canceled" address=127.0.0.1:36302
03:19:48.661 INF Connection terminated. error="rpc error: code = Canceled desc = context canceled" address=127.0.0.1:36234
03:19:48.661 INF Connection terminated. error="rpc error: code = Canceled desc = context canceled" address=127.0.0.1:36206
03:19:48.661 INF Connection terminated. error="rpc error: code = Canceled desc = context canceled" address=127.0.0.1:36124
03:19:48.661 INF Connection terminated. error="rpc error: code = Canceled desc = context canceled" address=127.0.0.1:36138
03:19:49.641 DBG Batch ready. batchSize=4096
03:19:49.641 DBG Batch cut. left=0 nBuckets=32 nReq=0 next=0
03:19:49.641 INF Sending PREPREPARE. nReq=0 senderID=1 sn=1 view=0
03:19:49.641 DBG Waiting for batch. batchSize=4096
03:19:49.644 ERR Failed to send protocol message. Dropping all future outgoing protocol messages. error=EOF
03:19:49.644 ERR Failed to send protocol message. Dropping all future outgoing protocol messages. error=EOF
03:19:49.644 INF Handling PREPREPARE. nReq=0 senderID=0 sn=0
03:19:49.644 DBG Creating new Batch. nReq=0
03:19:49.645 DBG Sending PREPARE. senderID=1 sn=0 view=0
03:19:50.642 INF Handling PREPREPARE. nReq=0 senderID=0 sn=2
03:19:50.642 DBG Batch ready. batchSize=4096
03:19:50.642 DBG Creating new Batch. nReq=0
03:19:50.643 DBG Sending PREPARE. senderID=1 sn=2 view=0
03:19:50.643 DBG Batch cut. left=0 nBuckets=32 nReq=0 next=0
03:19:50.643 INF Sending PREPREPARE. nReq=0 senderID=1 sn=3 view=0
03:19:50.643 DBG Waiting for batch. batchSize=4096
03:19:50.671 INF Incoming connection for requests. addr=127.0.0.1:36322
03:19:51.644 DBG Batch ready. batchSize=4096
03:19:51.644 DBG Batch cut. left=0 nBuckets=32 nReq=123 next=0
03:19:51.645 DBG Waiting for batch. batchSize=4096
03:19:51.648 INF Sending PREPREPARE. nReq=123 senderID=1 sn=5 view=0
03:19:51.659 INF Handling PREPREPARE. nReq=123 senderID=0 sn=4
03:19:51.660 DBG Creating new Batch. nReq=123
03:19:51.670 DBG Sending PREPARE. senderID=1 sn=4 view=0
03:19:52.646 DBG Batch ready. batchSize=4096
03:19:52.646 DBG Batch cut. left=0 nBuckets=32 nReq=128 next=0
03:19:52.647 DBG Waiting for batch. batchSize=4096
03:19:52.649 INF Sending PREPREPARE. nReq=128 senderID=1 sn=7 view=0
03:19:52.659 INF Handling PREPREPARE. nReq=128 senderID=0 sn=6
03:19:52.659 DBG Creating new Batch. nReq=128
03:19:52.670 DBG Sending PREPARE. senderID=1 sn=6 view=0
03:19:53.648 DBG Batch ready. batchSize=4096
03:19:53.648 DBG Batch cut. left=0 nBuckets=32 nReq=128 next=0
03:19:53.649 DBG Waiting for batch. batchSize=4096
03:19:53.651 INF Sending PREPREPARE. nReq=128 senderID=1 sn=9 view=0
03:19:53.660 INF Handling PREPREPARE. nReq=129 senderID=0 sn=8
03:19:53.660 DBG Creating new Batch. nReq=129
03:19:53.670 DBG Sending PREPARE. senderID=1 sn=8 view=0
03:19:54.650 DBG Batch ready. batchSize=4096
03:19:54.651 DBG Batch cut. left=0 nBuckets=32 nReq=129 next=0
03:19:54.651 DBG Waiting for batch. batchSize=4096
03:19:54.653 INF Sending PREPREPARE. nReq=129 senderID=1 sn=11 view=0
03:19:54.662 INF Handling PREPREPARE. nReq=128 senderID=0 sn=10
03:19:54.662 DBG Creating new Batch. nReq=128
03:19:54.674 DBG Sending PREPARE. senderID=1 sn=10 view=0
03:19:55.652 DBG Batch ready. batchSize=4096
03:19:55.652 DBG Batch cut. left=0 nBuckets=32 nReq=128 next=0
03:19:55.652 DBG Waiting for batch. batchSize=4096
03:19:55.655 INF Sending PREPREPARE. nReq=128 senderID=1 sn=13 view=0
03:19:55.664 INF Handling PREPREPARE. nReq=128 senderID=0 sn=12
03:19:55.664 DBG Creating new Batch. nReq=128
03:19:55.675 DBG Sending PREPARE. senderID=1 sn=12 view=0
03:19:56.654 DBG Batch ready. batchSize=4096
03:19:56.655 DBG Batch cut. left=0 nBuckets=32 nReq=128 next=0
03:19:56.655 DBG Waiting for batch. batchSize=4096
03:19:56.657 INF Sending PREPREPARE. nReq=128 senderID=1 sn=15 view=0
03:19:56.666 INF Handling PREPREPARE. nReq=129 senderID=0 sn=14
03:19:56.667 DBG Creating new Batch. nReq=129
03:19:56.678 DBG Sending PREPARE. senderID=1 sn=14 view=0
03:19:57.656 DBG Batch ready. batchSize=4096
03:19:57.657 DBG Batch cut. left=0 nBuckets=32 nReq=129 next=0
03:19:57.657 DBG Waiting for batch. batchSize=4096
03:19:57.659 INF Sending PREPREPARE. nReq=129 senderID=1 sn=17 view=0
03:19:57.666 INF Handling PREPREPARE. nReq=128 senderID=0 sn=16
03:19:57.666 DBG Creating new Batch. nReq=128
03:19:57.677 DBG Sending PREPARE. senderID=1 sn=16 view=0
03:19:58.658 DBG Batch ready. batchSize=4096
03:19:58.659 DBG Batch cut. left=0 nBuckets=32 nReq=128 next=0
03:19:58.659 DBG Waiting for batch. batchSize=4096
03:19:58.661 INF Sending PREPREPARE. nReq=128 senderID=1 sn=19 view=0
03:19:58.670 INF Handling PREPREPARE. nReq=128 senderID=0 sn=18
03:19:58.670 DBG Creating new Batch. nReq=128
03:19:58.681 DBG Sending PREPARE. senderID=1 sn=18 view=0
03:19:59.660 DBG Batch ready. batchSize=4096
03:19:59.660 DBG Batch cut. left=0 nBuckets=32 nReq=127 next=0
03:19:59.661 DBG Waiting for batch. batchSize=4096
03:19:59.662 INF Sending PREPREPARE. nReq=127 senderID=1 sn=21 view=0
03:19:59.670 INF Handling PREPREPARE. nReq=123 senderID=0 sn=20
03:19:59.670 DBG Creating new Batch. nReq=123
03:19:59.680 DBG Sending PREPARE. senderID=1 sn=20 view=0
03:20:00.662 DBG Batch ready. batchSize=4096
03:20:00.662 DBG Batch cut. left=0 nBuckets=32 nReq=129 next=0
03:20:00.662 DBG Waiting for batch. batchSize=4096
03:20:00.664 INF Sending PREPREPARE. nReq=129 senderID=1 sn=23 view=0
03:20:00.673 INF Handling PREPREPARE. nReq=133 senderID=0 sn=22
03:20:00.673 DBG Creating new Batch. nReq=133
03:20:00.685 DBG Sending PREPARE. senderID=1 sn=22 view=0
03:20:01.663 DBG Batch ready. batchSize=4096
03:20:01.663 DBG Batch cut. left=0 nBuckets=32 nReq=128 next=0
03:20:01.663 DBG Waiting for batch. batchSize=4096
03:20:01.666 INF Sending PREPREPARE. nReq=128 senderID=1 sn=25 view=0
03:20:01.675 INF Handling PREPREPARE. nReq=129 senderID=0 sn=24
03:20:01.675 DBG Creating new Batch. nReq=129
03:20:01.686 DBG Sending PREPARE. senderID=1 sn=24 view=0
03:20:02.665 DBG Batch ready. batchSize=4096
03:20:02.665 DBG Batch cut. left=0 nBuckets=32 nReq=128 next=0
03:20:02.665 DBG Waiting for batch. batchSize=4096
03:20:02.667 INF Sending PREPREPARE. nReq=128 senderID=1 sn=27 view=0
03:20:02.676 INF Handling PREPREPARE. nReq=128 senderID=0 sn=26
03:20:02.676 DBG Creating new Batch. nReq=128
03:20:02.687 DBG Sending PREPARE. senderID=1 sn=26 view=0
03:20:03.667 DBG Batch ready. batchSize=4096
03:20:03.667 DBG Batch cut. left=0 nBuckets=32 nReq=129 next=0
03:20:03.667 DBG Waiting for batch. batchSize=4096
03:20:03.670 INF Sending PREPREPARE. nReq=129 senderID=1 sn=29 view=0
03:20:03.677 INF Handling PREPREPARE. nReq=128 senderID=0 sn=28
03:20:03.677 DBG Creating new Batch. nReq=128
03:20:03.688 DBG Sending PREPARE. senderID=1 sn=28 view=0
03:20:04.668 DBG Batch ready. batchSize=4096
03:20:04.669 DBG Batch cut. left=0 nBuckets=32 nReq=128 next=0
03:20:04.669 DBG Waiting for batch. batchSize=4096
03:20:04.671 INF Sending PREPREPARE. nReq=128 senderID=1 sn=31 view=0
03:20:04.682 INF Handling PREPREPARE. nReq=128 senderID=0 sn=30
03:20:04.682 DBG Creating new Batch. nReq=128
03:20:04.692 DBG Sending PREPARE. senderID=1 sn=30 view=0
03:20:05.670 DBG Batch ready. batchSize=4096
03:20:05.671 DBG Batch cut. left=0 nBuckets=32 nReq=128 next=0
03:20:05.671 DBG Waiting for batch. batchSize=4096
03:20:05.673 INF Sending PREPREPARE. nReq=128 senderID=1 sn=33 view=0
03:20:05.681 INF Handling PREPREPARE. nReq=129 senderID=0 sn=32
03:20:05.681 DBG Creating new Batch. nReq=129
03:20:05.692 DBG Sending PREPARE. senderID=1 sn=32 view=0
03:20:06.672 DBG Batch ready. batchSize=4096
03:20:06.672 DBG Batch cut. left=0 nBuckets=32 nReq=128 next=0
03:20:06.672 DBG Waiting for batch. batchSize=4096
03:20:06.675 INF Sending PREPREPARE. nReq=128 senderID=1 sn=35 view=0
03:20:06.683 INF Handling PREPREPARE. nReq=128 senderID=0 sn=34
03:20:06.683 DBG Creating new Batch. nReq=128
03:20:06.694 DBG Sending PREPARE. senderID=1 sn=34 view=0
03:20:07.673 DBG Batch ready. batchSize=4096
03:20:07.674 DBG Batch cut. left=0 nBuckets=32 nReq=129 next=0
03:20:07.674 DBG Waiting for batch. batchSize=4096
03:20:07.676 INF Sending PREPREPARE. nReq=129 senderID=1 sn=37 view=0
03:20:07.684 INF Handling PREPREPARE. nReq=128 senderID=0 sn=36
03:20:07.685 DBG Creating new Batch. nReq=128
03:20:07.695 DBG Sending PREPARE. senderID=1 sn=36 view=0
03:20:08.675 DBG Batch ready. batchSize=4096
03:20:08.675 DBG Batch cut. left=0 nBuckets=32 nReq=128 next=0
03:20:08.675 DBG Waiting for batch. batchSize=4096
03:20:08.678 INF Sending PREPREPARE. nReq=128 senderID=1 sn=39 view=0
03:20:08.691 INF Handling PREPREPARE. nReq=128 senderID=0 sn=38
03:20:08.691 DBG Creating new Batch. nReq=128
03:20:08.701 DBG Sending PREPARE. senderID=1 sn=38 view=0
03:20:09.676 DBG Batch ready. batchSize=4096
03:20:09.677 DBG Batch cut. left=0 nBuckets=32 nReq=128 next=0
03:20:09.677 DBG Waiting for batch. batchSize=4096
03:20:09.679 INF Sending PREPREPARE. nReq=128 senderID=1 sn=41 view=0
03:20:09.689 INF Handling PREPREPARE. nReq=129 senderID=0 sn=40
03:20:09.690 DBG Creating new Batch. nReq=129
03:20:09.701 DBG Sending PREPARE. senderID=1 sn=40 view=0
03:20:10.680 DBG Batch ready. batchSize=4096
03:20:10.680 DBG Batch cut. left=0 nBuckets=32 nReq=129 next=0
03:20:10.680 DBG Waiting for batch. batchSize=4096
03:20:10.683 INF Sending PREPREPARE. nReq=129 senderID=1 sn=43 view=0
03:20:10.691 INF Handling PREPREPARE. nReq=128 senderID=0 sn=42
03:20:10.691 DBG Creating new Batch. nReq=128
03:20:10.702 DBG Sending PREPARE. senderID=1 sn=42 view=0
03:20:11.682 DBG Batch ready. batchSize=4096
03:20:11.682 DBG Batch cut. left=0 nBuckets=32 nReq=128 next=0
03:20:11.682 DBG Waiting for batch. batchSize=4096
03:20:11.684 INF Sending PREPREPARE. nReq=128 senderID=1 sn=45 view=0
03:20:11.692 INF Handling PREPREPARE. nReq=128 senderID=0 sn=44
03:20:11.692 DBG Creating new Batch. nReq=128
03:20:11.703 DBG Sending PREPARE. senderID=1 sn=44 view=0
03:20:12.684 DBG Batch ready. batchSize=4096
03:20:12.684 DBG Batch cut. left=0 nBuckets=32 nReq=128 next=0
03:20:12.685 DBG Waiting for batch. batchSize=4096
03:20:12.686 INF Sending PREPREPARE. nReq=128 senderID=1 sn=47 view=0
03:20:12.694 INF Handling PREPREPARE. nReq=128 senderID=0 sn=46
03:20:12.694 DBG Creating new Batch. nReq=128
03:20:12.704 DBG Sending PREPARE. senderID=1 sn=46 view=0
03:20:13.686 DBG Batch ready. batchSize=4096
03:20:13.687 DBG Batch cut. left=0 nBuckets=32 nReq=128 next=0
03:20:13.687 DBG Waiting for batch. batchSize=4096
03:20:13.689 INF Sending PREPREPARE. nReq=128 senderID=1 sn=49 view=0
03:20:13.697 INF Handling PREPREPARE. nReq=129 senderID=0 sn=48
03:20:13.697 DBG Creating new Batch. nReq=129
03:20:13.708 DBG Sending PREPARE. senderID=1 sn=48 view=0
03:20:14.688 DBG Batch ready. batchSize=4096
03:20:14.688 DBG Batch cut. left=0 nBuckets=32 nReq=129 next=0
03:20:14.689 DBG Waiting for batch. batchSize=4096
03:20:14.691 INF Sending PREPREPARE. nReq=129 senderID=1 sn=51 view=0
03:20:14.697 INF Handling PREPREPARE. nReq=128 senderID=0 sn=50
03:20:14.698 DBG Creating new Batch. nReq=128
03:20:14.708 DBG Sending PREPARE. senderID=1 sn=50 view=0
03:20:15.690 DBG Batch ready. batchSize=4096
03:20:15.691 DBG Batch cut. left=0 nBuckets=32 nReq=128 next=0
03:20:15.691 DBG Waiting for batch. batchSize=4096
03:20:15.693 INF Sending PREPREPARE. nReq=128 senderID=1 sn=53 view=0
03:20:15.700 INF Handling PREPREPARE. nReq=128 senderID=0 sn=52
03:20:15.700 DBG Creating new Batch. nReq=128
03:20:15.711 DBG Sending PREPARE. senderID=1 sn=52 view=0
03:20:16.692 DBG Batch ready. batchSize=4096
03:20:16.693 DBG Batch cut. left=0 nBuckets=32 nReq=128 next=0
03:20:16.693 DBG Waiting for batch. batchSize=4096
03:20:16.695 INF Sending PREPREPARE. nReq=128 senderID=1 sn=55 view=0
03:20:16.701 INF Handling PREPREPARE. nReq=128 senderID=0 sn=54
03:20:16.701 DBG Creating new Batch. nReq=128
03:20:16.712 DBG Sending PREPARE. senderID=1 sn=54 view=0
03:20:17.694 DBG Batch ready. batchSize=4096
03:20:17.694 DBG Batch cut. left=0 nBuckets=32 nReq=129 next=0
03:20:17.695 DBG Waiting for batch. batchSize=4096
03:20:17.697 INF Sending PREPREPARE. nReq=129 senderID=1 sn=57 view=0
03:20:17.702 INF Handling PREPREPARE. nReq=128 senderID=0 sn=56
03:20:17.702 DBG Creating new Batch. nReq=128
03:20:17.713 DBG Sending PREPARE. senderID=1 sn=56 view=0
03:20:18.695 DBG Batch ready. batchSize=4096
03:20:18.696 DBG Batch cut. left=0 nBuckets=32 nReq=128 next=0
03:20:18.696 DBG Waiting for batch. batchSize=4096
03:20:18.698 INF Sending PREPREPARE. nReq=128 senderID=1 sn=59 view=0
03:20:18.704 INF Handling PREPREPARE. nReq=129 senderID=0 sn=58
03:20:18.704 DBG Creating new Batch. nReq=129
03:20:18.714 DBG Sending PREPARE. senderID=1 sn=58 view=0
03:20:19.697 DBG Batch ready. batchSize=4096
03:20:19.697 DBG Batch cut. left=0 nBuckets=32 nReq=128 next=0
03:20:19.697 DBG Waiting for batch. batchSize=4096
03:20:19.699 INF Sending PREPREPARE. nReq=128 senderID=1 sn=61 view=0
03:20:19.704 INF Handling PREPREPARE. nReq=128 senderID=0 sn=60
03:20:19.704 DBG Creating new Batch. nReq=128
03:20:19.716 DBG Sending PREPARE. senderID=1 sn=60 view=0
03:20:20.698 DBG Batch ready. batchSize=4096
03:20:20.699 DBG Batch cut. left=0 nBuckets=32 nReq=125 next=0
03:20:20.699 DBG Waiting for batch. batchSize=4096
03:20:20.701 INF Sending PREPREPARE. nReq=125 senderID=1 sn=63 view=0
03:20:20.706 INF Handling PREPREPARE. nReq=125 senderID=0 sn=62
03:20:20.720 DBG Creating new Batch. nReq=125
03:20:20.730 DBG Sending PREPARE. senderID=1 sn=62 view=0
03:20:21.696 INF Handling PREPREPARE. nReq=0 senderID=0 sn=64
03:20:21.696 DBG Creating new Batch. nReq=0
03:20:21.696 DBG Sending PREPARE. senderID=1 sn=64 view=0
03:20:21.700 DBG Batch ready. batchSize=4096
03:20:21.701 DBG Batch cut. left=0 nBuckets=32 nReq=0 next=0
03:20:21.701 INF Sending PREPREPARE. nReq=0 senderID=1 sn=65 view=0
03:20:21.701 DBG Waiting for batch. batchSize=4096
03:20:22.697 INF Handling PREPREPARE. nReq=0 senderID=0 sn=66
03:20:22.697 DBG Creating new Batch. nReq=0
03:20:22.697 DBG Sending PREPARE. senderID=1 sn=66 view=0
03:20:22.702 DBG Batch ready. batchSize=4096
03:20:22.702 DBG Batch cut. left=0 nBuckets=32 nReq=0 next=0
03:20:22.703 DBG Waiting for batch. batchSize=4096
03:20:22.703 INF Sending PREPREPARE. nReq=0 senderID=1 sn=67 view=0
03:20:23.698 INF Handling PREPREPARE. nReq=0 senderID=0 sn=68
03:20:23.699 DBG Creating new Batch. nReq=0
03:20:23.699 DBG Sending PREPARE. senderID=1 sn=68 view=0
03:20:23.703 DBG Batch ready. batchSize=4096
03:20:23.703 DBG Batch cut. left=0 nBuckets=32 nReq=0 next=0
03:20:23.704 INF Sending PREPREPARE. nReq=0 senderID=1 sn=69 view=0
03:20:23.704 DBG Waiting for batch. batchSize=4096
03:20:24.700 INF Handling PREPREPARE. nReq=0 senderID=0 sn=70
03:20:24.701 DBG Creating new Batch. nReq=0
03:20:24.701 DBG Sending PREPARE. senderID=1 sn=70 view=0
03:20:24.704 DBG Batch ready. batchSize=4096
03:20:24.704 DBG Batch cut. left=0 nBuckets=32 nReq=0 next=0
03:20:24.705 INF Sending PREPREPARE. nReq=0 senderID=1 sn=71 view=0
03:20:24.705 DBG Waiting for batch. batchSize=4096
03:20:25.701 INF Handling PREPREPARE. nReq=0 senderID=0 sn=72
03:20:25.702 DBG Creating new Batch. nReq=0
03:20:25.702 DBG Sending PREPARE. senderID=1 sn=72 view=0
03:20:25.705 DBG Batch ready. batchSize=4096
03:20:25.706 DBG Batch cut. left=0 nBuckets=32 nReq=0 next=0
03:20:25.706 INF Sending PREPREPARE. nReq=0 senderID=1 sn=73 view=0
03:20:25.706 DBG Waiting for batch. batchSize=4096
03:20:26.703 INF Handling PREPREPARE. nReq=0 senderID=0 sn=74
03:20:26.703 DBG Creating new Batch. nReq=0
03:20:26.703 DBG Sending PREPARE. senderID=1 sn=74 view=0
03:20:26.707 DBG Batch ready. batchSize=4096
03:20:26.707 DBG Batch cut. left=0 nBuckets=32 nReq=0 next=0
03:20:26.707 INF Sending PREPREPARE. nReq=0 senderID=1 sn=75 view=0
03:20:26.707 DBG Waiting for batch. batchSize=4096
03:20:27.704 INF Handling PREPREPARE. nReq=0 senderID=0 sn=76
03:20:27.705 DBG Creating new Batch. nReq=0
03:20:27.705 DBG Sending PREPARE. senderID=1 sn=76 view=0
03:20:27.708 DBG Batch ready. batchSize=4096
03:20:27.709 DBG Batch cut. left=0 nBuckets=32 nReq=0 next=0
03:20:27.709 INF Sending PREPREPARE. nReq=0 senderID=1 sn=77 view=0
03:20:27.709 DBG Waiting for batch. batchSize=4096
03:20:28.706 INF Handling PREPREPARE. nReq=0 senderID=0 sn=78
03:20:28.706 DBG Creating new Batch. nReq=0
03:20:28.706 DBG Sending PREPARE. senderID=1 sn=78 view=0
03:20:28.710 DBG Batch ready. batchSize=4096
03:20:28.710 DBG Batch cut. left=0 nBuckets=32 nReq=0 next=0
03:20:28.710 INF Sending PREPREPARE. nReq=0 senderID=1 sn=79 view=0
03:20:28.710 DBG Waiting for batch. batchSize=4096
03:20:29.707 INF Handling PREPREPARE. nReq=0 senderID=0 sn=80
03:20:29.708 DBG Creating new Batch. nReq=0
03:20:29.708 DBG Sending PREPARE. senderID=1 sn=80 view=0
03:20:29.711 DBG Batch ready. batchSize=4096
03:20:29.712 DBG Batch cut. left=0 nBuckets=32 nReq=0 next=0
03:20:29.712 DBG Waiting for batch. batchSize=4096
03:20:29.712 INF Sending PREPREPARE. nReq=0 senderID=1 sn=81 view=0
03:20:30.709 INF Handling PREPREPARE. nReq=0 senderID=0 sn=82
03:20:30.709 DBG Creating new Batch. nReq=0
03:20:30.709 DBG Sending PREPARE. senderID=1 sn=82 view=0
03:20:30.713 DBG Batch ready. batchSize=4096
03:20:30.713 DBG Batch cut. left=0 nBuckets=32 nReq=0 next=0
03:20:30.713 DBG Waiting for batch. batchSize=4096
03:20:30.713 INF Sending PREPREPARE. nReq=0 senderID=1 sn=83 view=0
03:20:31.710 INF Handling PREPREPARE. nReq=0 senderID=0 sn=84
03:20:31.710 DBG Creating new Batch. nReq=0
03:20:31.710 DBG Sending PREPARE. senderID=1 sn=84 view=0
03:20:31.714 DBG Batch ready. batchSize=4096
03:20:31.714 DBG Batch cut. left=0 nBuckets=32 nReq=0 next=0
03:20:31.714 INF Sending PREPREPARE. nReq=0 senderID=1 sn=85 view=0
03:20:31.714 DBG Waiting for batch. batchSize=4096
03:20:32.712 INF Handling PREPREPARE. nReq=0 senderID=0 sn=86
03:20:32.712 DBG Creating new Batch. nReq=0
03:20:32.712 DBG Sending PREPARE. senderID=1 sn=86 view=0
03:20:32.715 DBG Batch ready. batchSize=4096
03:20:32.716 DBG Batch cut. left=0 nBuckets=32 nReq=0 next=0
03:20:32.716 DBG Waiting for batch. batchSize=4096
03:20:32.716 INF Sending PREPREPARE. nReq=0 senderID=1 sn=87 view=0
03:20:33.713 INF Handling PREPREPARE. nReq=0 senderID=0 sn=88
03:20:33.713 DBG Creating new Batch. nReq=0
03:20:33.713 DBG Sending PREPARE. senderID=1 sn=88 view=0
03:20:33.717 DBG Batch ready. batchSize=4096
03:20:33.717 DBG Batch cut. left=0 nBuckets=32 nReq=0 next=0
03:20:33.717 INF Sending PREPREPARE. nReq=0 senderID=1 sn=89 view=0
03:20:33.717 DBG Waiting for batch. batchSize=4096
03:20:34.715 INF Handling PREPREPARE. nReq=0 senderID=0 sn=90
03:20:34.715 DBG Creating new Batch. nReq=0
03:20:34.715 DBG Sending PREPARE. senderID=1 sn=90 view=0
03:20:34.718 DBG Batch ready. batchSize=4096
03:20:34.718 DBG Batch cut. left=0 nBuckets=32 nReq=0 next=0
03:20:34.718 INF Sending PREPREPARE. nReq=0 senderID=1 sn=91 view=0
03:20:34.718 DBG Waiting for batch. batchSize=4096
03:20:35.716 INF Handling PREPREPARE. nReq=0 senderID=0 sn=92
03:20:35.716 DBG Creating new Batch. nReq=0
03:20:35.716 DBG Sending PREPARE. senderID=1 sn=92 view=0
03:20:35.720 DBG Batch ready. batchSize=4096
03:20:35.720 DBG Batch cut. left=0 nBuckets=32 nReq=0 next=0
03:20:35.720 INF Sending PREPREPARE. nReq=0 senderID=1 sn=93 view=0
03:20:35.720 DBG Waiting for batch. batchSize=4096
03:20:36.717 INF Handling PREPREPARE. nReq=0 senderID=0 sn=94
03:20:36.718 DBG Creating new Batch. nReq=0
03:20:36.718 DBG Sending PREPARE. senderID=1 sn=94 view=0
03:20:36.721 DBG Batch ready. batchSize=4096
03:20:36.722 DBG Batch cut. left=0 nBuckets=32 nReq=0 next=0
03:20:36.722 INF Sending PREPREPARE. nReq=0 senderID=1 sn=95 view=0
03:20:36.722 DBG Waiting for batch. batchSize=4096
03:20:37.719 INF Handling PREPREPARE. nReq=0 senderID=0 sn=96
03:20:37.719 DBG Creating new Batch. nReq=0
03:20:37.719 DBG Sending PREPARE. senderID=1 sn=96 view=0
03:20:37.723 DBG Batch ready. batchSize=4096
03:20:37.723 DBG Batch cut. left=0 nBuckets=32 nReq=0 next=0
03:20:37.723 INF Sending PREPREPARE. nReq=0 senderID=1 sn=97 view=0
03:20:37.723 DBG Waiting for batch. batchSize=4096
03:20:38.720 INF Handling PREPREPARE. nReq=0 senderID=0 sn=98
03:20:38.720 DBG Creating new Batch. nReq=0
03:20:38.721 DBG Sending PREPARE. senderID=1 sn=98 view=0
03:20:38.724 DBG Batch ready. batchSize=4096
03:20:38.724 DBG Batch cut. left=0 nBuckets=32 nReq=0 next=0
03:20:38.725 DBG Waiting for batch. batchSize=4096
03:20:38.724 INF Sending PREPREPARE. nReq=0 senderID=1 sn=99 view=0
03:20:39.721 INF Handling PREPREPARE. nReq=0 senderID=0 sn=100
03:20:39.722 DBG Creating new Batch. nReq=0
03:20:39.722 DBG Sending PREPARE. senderID=1 sn=100 view=0
03:20:39.725 DBG Batch ready. batchSize=4096
03:20:39.726 DBG Batch cut. left=0 nBuckets=32 nReq=0 next=0
03:20:39.726 INF Sending PREPREPARE. nReq=0 senderID=1 sn=101 view=0
03:20:39.726 DBG Waiting for batch. batchSize=4096
03:20:40.723 INF Handling PREPREPARE. nReq=0 senderID=0 sn=102
03:20:40.723 DBG Creating new Batch. nReq=0
03:20:40.724 DBG Sending PREPARE. senderID=1 sn=102 view=0
03:20:40.727 DBG Batch ready. batchSize=4096
03:20:40.727 DBG Batch cut. left=0 nBuckets=32 nReq=0 next=0
03:20:40.727 INF Sending PREPREPARE. nReq=0 senderID=1 sn=103 view=0
03:20:40.727 DBG Waiting for batch. batchSize=4096
03:20:41.725 INF Handling PREPREPARE. nReq=0 senderID=0 sn=104
03:20:41.725 DBG Creating new Batch. nReq=0
03:20:41.725 DBG Sending PREPARE. senderID=1 sn=104 view=0
03:20:41.729 DBG Batch ready. batchSize=4096
03:20:41.729 DBG Batch cut. left=0 nBuckets=32 nReq=0 next=0
03:20:41.729 INF Sending PREPREPARE. nReq=0 senderID=1 sn=105 view=0
03:20:41.729 DBG Waiting for batch. batchSize=4096
03:20:42.726 INF Handling PREPREPARE. nReq=0 senderID=0 sn=106
03:20:42.726 DBG Creating new Batch. nReq=0
03:20:42.727 DBG Sending PREPARE. senderID=1 sn=106 view=0
03:20:42.730 DBG Batch ready. batchSize=4096
03:20:42.730 DBG Batch cut. left=0 nBuckets=32 nReq=0 next=0
03:20:42.731 INF Sending PREPREPARE. nReq=0 senderID=1 sn=107 view=0
03:20:42.731 DBG Waiting for batch. batchSize=4096
03:20:43.728 INF Handling PREPREPARE. nReq=0 senderID=0 sn=108
03:20:43.728 DBG Creating new Batch. nReq=0
03:20:43.729 DBG Sending PREPARE. senderID=1 sn=108 view=0
03:20:43.732 DBG Batch ready. batchSize=4096
03:20:43.732 DBG Batch cut. left=0 nBuckets=32 nReq=0 next=0
03:20:43.733 INF Sending PREPREPARE. nReq=0 senderID=1 sn=109 view=0
03:20:43.733 DBG Waiting for batch. batchSize=4096
03:20:44.730 INF Handling PREPREPARE. nReq=0 senderID=0 sn=110
03:20:44.730 DBG Creating new Batch. nReq=0
03:20:44.730 DBG Sending PREPARE. senderID=1 sn=110 view=0
03:20:44.734 DBG Batch ready. batchSize=4096
03:20:44.734 DBG Batch cut. left=0 nBuckets=32 nReq=0 next=0
03:20:44.734 DBG Waiting for batch. batchSize=4096
03:20:44.734 INF Sending PREPREPARE. nReq=0 senderID=1 sn=111 view=0
03:20:45.732 INF Handling PREPREPARE. nReq=0 senderID=0 sn=112
03:20:45.732 DBG Creating new Batch. nReq=0
03:20:45.732 DBG Sending PREPARE. senderID=1 sn=112 view=0
03:20:45.736 DBG Batch ready. batchSize=4096
03:20:45.736 DBG Batch cut. left=0 nBuckets=32 nReq=0 next=0
03:20:45.736 DBG Waiting for batch. batchSize=4096
03:20:45.736 INF Sending PREPREPARE. nReq=0 senderID=1 sn=113 view=0
03:20:46.733 INF Handling PREPREPARE. nReq=0 senderID=0 sn=114
03:20:46.734 DBG Creating new Batch. nReq=0
03:20:46.734 DBG Sending PREPARE. senderID=1 sn=114 view=0
03:20:46.737 DBG Batch ready. batchSize=4096
03:20:46.738 DBG Batch cut. left=0 nBuckets=32 nReq=0 next=0
03:20:46.738 DBG Waiting for batch. batchSize=4096
03:20:46.738 INF Sending PREPREPARE. nReq=0 senderID=1 sn=115 view=0
03:20:47.735 INF Handling PREPREPARE. nReq=0 senderID=0 sn=116
03:20:47.735 DBG Creating new Batch. nReq=0
03:20:47.735 DBG Sending PREPARE. senderID=1 sn=116 view=0
03:20:47.739 DBG Batch ready. batchSize=4096
03:20:47.739 DBG Batch cut. left=0 nBuckets=32 nReq=0 next=0
03:20:47.739 DBG Waiting for batch. batchSize=4096
03:20:47.739 INF Sending PREPREPARE. nReq=0 senderID=1 sn=117 view=0
03:20:48.639 WRN Timeout segId=0 sn=0 view=0
03:20:48.639 INF Starting new view. segID=0 timeout=120000 view=1
03:20:48.639 DBG Resurrecting uncommitted batch. fromView=0 segId=0 sn=0 toView=1
03:20:48.640 DBG Resurrecting uncommitted batch. fromView=0 segId=0 sn=2 toView=1
03:20:48.640 DBG Resurrecting uncommitted batch. fromView=0 segId=0 sn=4 toView=1
03:20:48.640 DBG Resurrecting uncommitted batch. fromView=0 segId=0 sn=6 toView=1
03:20:48.640 WRN Timeout segId=1 sn=1 view=0
03:20:48.640 INF Starting new view. segID=1 timeout=120000 view=1
03:20:48.640 DBG Resurrecting uncommitted batch. fromView=0 segId=0 sn=8 toView=1
03:20:48.641 DBG Resurrecting uncommitted batch. fromView=0 segId=1 sn=1 toView=1
03:20:48.641 DBG Resurrecting uncommitted batch. fromView=0 segId=1 sn=3 toView=1
03:20:48.641 DBG Resurrecting uncommitted batch. fromView=0 segId=0 sn=10 toView=1
03:20:48.641 DBG Resurrecting uncommitted batch. fromView=0 segId=1 sn=5 toView=1
03:20:48.641 DBG Resurrecting uncommitted batch. fromView=0 segId=0 sn=12 toView=1
03:20:48.641 DBG Resurrecting uncommitted batch. fromView=0 segId=0 sn=14 toView=1
03:20:48.641 DBG Resurrecting uncommitted batch. fromView=0 segId=1 sn=7 toView=1
03:20:48.642 DBG Resurrecting uncommitted batch. fromView=0 segId=0 sn=16 toView=1
03:20:48.642 DBG Resurrecting uncommitted batch. fromView=0 segId=1 sn=9 toView=1
03:20:48.642 DBG Resurrecting uncommitted batch. fromView=0 segId=0 sn=18 toView=1
03:20:48.642 DBG Resurrecting uncommitted batch. fromView=0 segId=1 sn=11 toView=1
03:20:48.642 DBG Resurrecting uncommitted batch. fromView=0 segId=0 sn=20 toView=1
03:20:48.643 DBG Resurrecting uncommitted batch. fromView=0 segId=1 sn=13 toView=1
03:20:48.643 DBG Resurrecting uncommitted batch. fromView=0 segId=0 sn=22 toView=1
03:20:48.643 DBG Resurrecting uncommitted batch. fromView=0 segId=0 sn=24 toView=1
03:20:48.643 DBG Resurrecting uncommitted batch. fromView=0 segId=1 sn=15 toView=1
03:20:48.643 DBG Resurrecting uncommitted batch. fromView=0 segId=0 sn=26 toView=1
03:20:48.643 DBG Resurrecting uncommitted batch. fromView=0 segId=1 sn=17 toView=1
03:20:48.644 DBG Resurrecting uncommitted batch. fromView=0 segId=0 sn=28 toView=1
03:20:48.644 DBG Resurrecting uncommitted batch. fromView=0 segId=1 sn=19 toView=1
03:20:48.644 DBG Resurrecting uncommitted batch. fromView=0 segId=0 sn=30 toView=1
03:20:48.644 DBG Resurrecting uncommitted batch. fromView=0 segId=1 sn=21 toView=1
03:20:48.644 DBG Resurrecting uncommitted batch. fromView=0 segId=0 sn=32 toView=1
03:20:48.645 DBG Resurrecting uncommitted batch. fromView=0 segId=0 sn=34 toView=1
03:20:48.645 DBG Resurrecting uncommitted batch. fromView=0 segId=1 sn=23 toView=1
03:20:48.645 DBG Resurrecting uncommitted batch. fromView=0 segId=0 sn=36 toView=1
03:20:48.645 DBG Resurrecting uncommitted batch. fromView=0 segId=1 sn=25 toView=1
03:20:48.645 DBG Resurrecting uncommitted batch. fromView=0 segId=0 sn=38 toView=1
03:20:48.645 DBG Resurrecting uncommitted batch. fromView=0 segId=1 sn=27 toView=1
03:20:48.646 DBG Resurrecting uncommitted batch. fromView=0 segId=0 sn=40 toView=1
03:20:48.646 DBG Resurrecting uncommitted batch. fromView=0 segId=1 sn=29 toView=1
03:20:48.646 DBG Resurrecting uncommitted batch. fromView=0 segId=0 sn=42 toView=1
03:20:48.646 DBG Resurrecting uncommitted batch. fromView=0 segId=1 sn=31 toView=1
03:20:48.646 DBG Resurrecting uncommitted batch. fromView=0 segId=0 sn=44 toView=1
03:20:48.646 DBG Resurrecting uncommitted batch. fromView=0 segId=0 sn=46 toView=1
03:20:48.647 DBG Resurrecting uncommitted batch. fromView=0 segId=1 sn=33 toView=1
03:20:48.647 DBG Resurrecting uncommitted batch. fromView=0 segId=0 sn=48 toView=1
03:20:48.647 DBG Resurrecting uncommitted batch. fromView=0 segId=1 sn=35 toView=1
03:20:48.647 DBG Resurrecting uncommitted batch. fromView=0 segId=0 sn=50 toView=1
03:20:48.647 DBG Resurrecting uncommitted batch. fromView=0 segId=1 sn=37 toView=1
03:20:48.647 DBG Resurrecting uncommitted batch. fromView=0 segId=0 sn=52 toView=1
03:20:48.648 DBG Resurrecting uncommitted batch. fromView=0 segId=0 sn=54 toView=1
03:20:48.648 DBG Resurrecting uncommitted batch. fromView=0 segId=1 sn=39 toView=1
03:20:48.648 DBG Resurrecting uncommitted batch. fromView=0 segId=0 sn=56 toView=1
03:20:48.648 DBG Resurrecting uncommitted batch. fromView=0 segId=1 sn=41 toView=1
03:20:48.648 DBG Resurrecting uncommitted batch. fromView=0 segId=0 sn=58 toView=1
03:20:48.648 DBG Resurrecting uncommitted batch. fromView=0 segId=1 sn=43 toView=1
03:20:48.649 DBG Resurrecting uncommitted batch. fromView=0 segId=0 sn=60 toView=1
03:20:48.649 DBG Resurrecting uncommitted batch. fromView=0 segId=1 sn=45 toView=1
03:20:48.649 DBG Resurrecting uncommitted batch. fromView=0 segId=0 sn=62 toView=1
03:20:48.649 DBG Resurrecting uncommitted batch. fromView=0 segId=1 sn=47 toView=1
03:20:48.649 DBG Resurrecting uncommitted batch. fromView=0 segId=0 sn=64 toView=1
03:20:48.649 DBG Resurrecting uncommitted batch. fromView=0 segId=0 sn=66 toView=1
03:20:48.649 DBG Resurrecting uncommitted batch. fromView=0 segId=0 sn=68 toView=1
03:20:48.650 DBG Resurrecting uncommitted batch. fromView=0 segId=1 sn=49 toView=1
03:20:48.650 DBG Resurrecting uncommitted batch. fromView=0 segId=0 sn=70 toView=1
03:20:48.650 DBG Resurrecting uncommitted batch. fromView=0 segId=0 sn=72 toView=1
03:20:48.650 DBG Resurrecting uncommitted batch. fromView=0 segId=0 sn=74 toView=1
03:20:48.650 DBG Resurrecting uncommitted batch. fromView=0 segId=1 sn=51 toView=1
03:20:48.650 DBG Resurrecting uncommitted batch. fromView=0 segId=0 sn=76 toView=1
03:20:48.650 DBG Resurrecting uncommitted batch. fromView=0 segId=0 sn=78 toView=1
03:20:48.650 DBG Resurrecting uncommitted batch. fromView=0 segId=0 sn=80 toView=1
03:20:48.650 DBG Resurrecting uncommitted batch. fromView=0 segId=1 sn=53 toView=1
03:20:48.650 DBG Resurrecting uncommitted batch. fromView=0 segId=0 sn=82 toView=1
03:20:48.651 DBG Resurrecting uncommitted batch. fromView=0 segId=0 sn=84 toView=1
03:20:48.651 DBG Resurrecting uncommitted batch. fromView=0 segId=0 sn=86 toView=1
03:20:48.651 DBG Resurrecting uncommitted batch. fromView=0 segId=1 sn=55 toView=1
03:20:48.651 DBG Resurrecting uncommitted batch. fromView=0 segId=0 sn=88 toView=1
03:20:48.651 DBG Resurrecting uncommitted batch. fromView=0 segId=0 sn=90 toView=1
03:20:48.651 DBG Resurrecting uncommitted batch. fromView=0 segId=1 sn=57 toView=1
03:20:48.651 DBG Resurrecting uncommitted batch. fromView=0 segId=0 sn=92 toView=1
03:20:48.651 DBG Resurrecting uncommitted batch. fromView=0 segId=0 sn=94 toView=1
03:20:48.651 DBG Resurrecting uncommitted batch. fromView=0 segId=0 sn=96 toView=1
03:20:48.651 DBG Resurrecting uncommitted batch. fromView=0 segId=1 sn=59 toView=1
03:20:48.652 DBG Resurrecting uncommitted batch. fromView=0 segId=0 sn=98 toView=1
03:20:48.652 DBG Resurrecting uncommitted batch. fromView=0 segId=0 sn=100 toView=1
03:20:48.652 DBG Resurrecting uncommitted batch. fromView=0 segId=0 sn=102 toView=1
03:20:48.652 DBG Resurrecting uncommitted batch. fromView=0 segId=1 sn=61 toView=1
03:20:48.652 DBG Resurrecting uncommitted batch. fromView=0 segId=0 sn=104 toView=1
03:20:48.652 DBG Resurrecting uncommitted batch. fromView=0 segId=0 sn=106 toView=1
03:20:48.652 DBG Resurrecting uncommitted batch. fromView=0 segId=0 sn=108 toView=1
03:20:48.652 DBG Resurrecting uncommitted batch. fromView=0 segId=1 sn=63 toView=1
03:20:48.652 DBG Resurrecting uncommitted batch. fromView=0 segId=0 sn=110 toView=1
03:20:48.653 DBG Resurrecting uncommitted batch. fromView=0 segId=0 sn=112 toView=1
03:20:48.653 DBG Resurrecting uncommitted batch. fromView=0 segId=0 sn=114 toView=1
03:20:48.653 DBG Resurrecting uncommitted batch. fromView=0 segId=1 sn=65 toView=1
03:20:48.653 DBG Resurrecting uncommitted batch. fromView=0 segId=0 sn=116 toView=1
03:20:48.653 DBG Resurrecting uncommitted batch. fromView=0 segId=1 sn=67 toView=1
03:20:48.653 DBG Batch not preprepared. Not resurrecting. fromView=0 segId=0 sn=118 toView=1
03:20:48.653 DBG Resurrecting uncommitted batch. fromView=0 segId=1 sn=69 toView=1
03:20:48.653 DBG Batch not preprepared. Not resurrecting. fromView=0 segId=0 sn=120 toView=1
03:20:48.653 DBG Resurrecting uncommitted batch. fromView=0 segId=1 sn=71 toView=1
03:20:48.653 DBG Batch not preprepared. Not resurrecting. fromView=0 segId=0 sn=122 toView=1
03:20:48.653 DBG Resurrecting uncommitted batch. fromView=0 segId=1 sn=73 toView=1
03:20:48.653 DBG Batch not preprepared. Not resurrecting. fromView=0 segId=0 sn=124 toView=1
03:20:48.653 DBG Resurrecting uncommitted batch. fromView=0 segId=1 sn=75 toView=1
03:20:48.654 DBG Batch not preprepared. Not resurrecting. fromView=0 segId=0 sn=126 toView=1
03:20:48.654 DBG Resurrecting uncommitted batch. fromView=0 segId=1 sn=77 toView=1
03:20:48.654 DBG Resurrecting uncommitted batch. fromView=0 segId=1 sn=79 toView=1
03:20:48.654 DBG Resurrecting uncommitted batch. fromView=0 segId=1 sn=81 toView=1
03:20:48.654 DBG Resurrecting uncommitted batch. fromView=0 segId=1 sn=83 toView=1
03:20:48.654 DBG Resurrecting uncommitted batch. fromView=0 segId=1 sn=85 toView=1
03:20:48.654 DBG Resurrecting uncommitted batch. fromView=0 segId=1 sn=87 toView=1
03:20:48.654 DBG Resurrecting uncommitted batch. fromView=0 segId=1 sn=89 toView=1
03:20:48.655 DBG Resurrecting uncommitted batch. fromView=0 segId=1 sn=91 toView=1
03:20:48.655 INF Requesting VIEWCHANGE. receiverID=1 segID=0 senderID=1 view=1
03:20:48.655 DBG Resurrecting uncommitted batch. fromView=0 segId=1 sn=93 toView=1
03:20:48.655 DBG Adding view change message. currentView=1 msgView=1 numViewChanges=1
03:20:48.655 DBG Resurrecting uncommitted batch. fromView=0 segId=1 sn=95 toView=1
03:20:48.655 DBG Resurrecting uncommitted batch. fromView=0 segId=1 sn=97 toView=1
03:20:48.655 DBG Resurrecting uncommitted batch. fromView=0 segId=1 sn=99 toView=1
03:20:48.655 DBG Resurrecting uncommitted batch. fromView=0 segId=1 sn=101 toView=1
03:20:48.655 DBG Resurrecting uncommitted batch. fromView=0 segId=1 sn=103 toView=1
03:20:48.656 DBG Resurrecting uncommitted batch. fromView=0 segId=1 sn=105 toView=1
03:20:48.656 DBG Resurrecting uncommitted batch. fromView=0 segId=1 sn=107 toView=1
03:20:48.656 DBG Resurrecting uncommitted batch. fromView=0 segId=1 sn=109 toView=1
03:20:48.656 DBG Resurrecting uncommitted batch. fromView=0 segId=1 sn=111 toView=1
03:20:48.656 DBG Resurrecting uncommitted batch. fromView=0 segId=1 sn=113 toView=1
03:20:48.656 DBG Resurrecting uncommitted batch. fromView=0 segId=1 sn=115 toView=1
03:20:48.656 DBG Resurrecting uncommitted batch. fromView=0 segId=1 sn=117 toView=1
03:20:48.656 DBG Batch not preprepared. Not resurrecting. fromView=0 segId=1 sn=119 toView=1
03:20:48.657 DBG Batch not preprepared. Not resurrecting. fromView=0 segId=1 sn=121 toView=1
03:20:48.657 DBG Batch not preprepared. Not resurrecting. fromView=0 segId=1 sn=123 toView=1
03:20:48.657 DBG Batch not preprepared. Not resurrecting. fromView=0 segId=1 sn=125 toView=1
03:20:48.657 DBG Batch not preprepared. Not resurrecting. fromView=0 segId=1 sn=127 toView=1
03:20:48.658 INF Requesting VIEWCHANGE. receiverID=2 segID=1 senderID=1 view=1
03:20:48.658 INF Handling VIEWCHANGE. msgView=1 ownView=1 segID=0 senderID=0
03:20:48.658 INF Adding view change message. currentView=1 msgView=1 numViewChanges=2
03:20:48.740 DBG Batch ready. batchSize=4096
03:20:48.740 DBG Waiting for batch. batchSize=4096
03:20:49.741 DBG Batch ready. batchSize=4096
03:20:49.801 DBG Waiting for batch. batchSize=4096
03:20:50.802 DBG Batch ready. batchSize=4096
03:20:50.802 DBG Waiting for batch. batchSize=4096
03:20:51.802 DBG Batch ready. batchSize=4096
03:20:51.803 DBG Waiting for batch. batchSize=4096
03:20:52.804 DBG Batch ready. batchSize=4096
03:22:48.655 WRN Timeout segId=0 sn=-1 view=1
03:22:48.656 INF Starting new view. segID=0 timeout=240000 view=2
03:22:48.656 DBG Batch not preprepared. Not resurrecting. fromView=1 segId=0 sn=0 toView=2
03:22:48.656 DBG Batch not preprepared. Not resurrecting. fromView=1 segId=0 sn=2 toView=2
03:22:48.656 DBG Batch not preprepared. Not resurrecting. fromView=1 segId=0 sn=4 toView=2
03:22:48.656 DBG Batch not preprepared. Not resurrecting. fromView=1 segId=0 sn=6 toView=2
03:22:48.656 DBG Batch not preprepared. Not resurrecting. fromView=1 segId=0 sn=8 toView=2
03:22:48.656 DBG Batch not preprepared. Not resurrecting. fromView=1 segId=0 sn=10 toView=2
03:22:48.657 DBG Batch not preprepared. Not resurrecting. fromView=1 segId=0 sn=12 toView=2
03:22:48.657 DBG Batch not preprepared. Not resurrecting. fromView=1 segId=0 sn=14 toView=2
03:22:48.657 DBG Batch not preprepared. Not resurrecting. fromView=1 segId=0 sn=16 toView=2
03:22:48.657 DBG Batch not preprepared. Not resurrecting. fromView=1 segId=0 sn=18 toView=2
03:22:48.657 DBG Batch not preprepared. Not resurrecting. fromView=1 segId=0 sn=20 toView=2
03:22:48.657 DBG Batch not preprepared. Not resurrecting. fromView=1 segId=0 sn=22 toView=2
03:22:48.657 DBG Batch not preprepared. Not resurrecting. fromView=1 segId=0 sn=24 toView=2
03:22:48.657 DBG Batch not preprepared. Not resurrecting. fromView=1 segId=0 sn=26 toView=2
03:22:48.658 DBG Batch not preprepared. Not resurrecting. fromView=1 segId=0 sn=28 toView=2
03:22:48.658 DBG Batch not preprepared. Not resurrecting. fromView=1 segId=0 sn=30 toView=2
03:22:48.658 DBG Batch not preprepared. Not resurrecting. fromView=1 segId=0 sn=32 toView=2
03:22:48.658 DBG Batch not preprepared. Not resurrecting. fromView=1 segId=0 sn=34 toView=2
03:22:48.658 DBG Batch not preprepared. Not resurrecting. fromView=1 segId=0 sn=36 toView=2
03:22:48.658 DBG Batch not preprepared. Not resurrecting. fromView=1 segId=0 sn=38 toView=2
03:22:48.658 DBG Batch not preprepared. Not resurrecting. fromView=1 segId=0 sn=40 toView=2
03:22:48.658 DBG Batch not preprepared. Not resurrecting. fromView=1 segId=0 sn=42 toView=2
03:22:48.659 WRN Timeout segId=1 sn=-1 view=1
03:22:48.659 DBG Batch not preprepared. Not resurrecting. fromView=1 segId=0 sn=44 toView=2
03:22:48.659 INF Starting new view. segID=1 timeout=240000 view=2
03:22:48.659 DBG Batch not preprepared. Not resurrecting. fromView=1 segId=0 sn=46 toView=2
03:22:48.659 DBG Batch not preprepared. Not resurrecting. fromView=1 segId=1 sn=1 toView=2
03:22:48.659 DBG Batch not preprepared. Not resurrecting. fromView=1 segId=0 sn=48 toView=2
03:22:48.659 DBG Batch not preprepared. Not resurrecting. fromView=1 segId=1 sn=3 toView=2
03:22:48.659 DBG Batch not preprepared. Not resurrecting. fromView=1 segId=0 sn=50 toView=2
03:22:48.659 DBG Batch not preprepared. Not resurrecting. fromView=1 segId=1 sn=5 toView=2
03:22:48.659 DBG Batch not preprepared. Not resurrecting. fromView=1 segId=0 sn=52 toView=2
03:22:48.659 DBG Batch not preprepared. Not resurrecting. fromView=1 segId=1 sn=7 toView=2
03:22:48.659 DBG Batch not preprepared. Not resurrecting. fromView=1 segId=0 sn=54 toView=2
03:22:48.660 DBG Batch not preprepared. Not resurrecting. fromView=1 segId=1 sn=9 toView=2
03:22:48.660 DBG Batch not preprepared. Not resurrecting. fromView=1 segId=0 sn=56 toView=2
03:22:48.660 DBG Batch not preprepared. Not resurrecting. fromView=1 segId=1 sn=11 toView=2
03:22:48.660 DBG Batch not preprepared. Not resurrecting. fromView=1 segId=0 sn=58 toView=2
03:22:48.660 DBG Batch not preprepared. Not resurrecting. fromView=1 segId=1 sn=13 toView=2
03:22:48.660 DBG Batch not preprepared. Not resurrecting. fromView=1 segId=0 sn=60 toView=2
03:22:48.660 DBG Batch not preprepared. Not resurrecting. fromView=1 segId=1 sn=15 toView=2
03:22:48.660 DBG Batch not preprepared. Not resurrecting. fromView=1 segId=0 sn=62 toView=2
03:22:48.660 DBG Batch not preprepared. Not resurrecting. fromView=1 segId=1 sn=17 toView=2
03:22:48.660 DBG Batch not preprepared. Not resurrecting. fromView=1 segId=0 sn=64 toView=2
03:22:48.660 DBG Batch not preprepared. Not resurrecting. fromView=1 segId=1 sn=19 toView=2
03:22:48.660 DBG Batch not preprepared. Not resurrecting. fromView=1 segId=0 sn=66 toView=2
03:22:48.660 DBG Batch not preprepared. Not resurrecting. fromView=1 segId=1 sn=21 toView=2
03:22:48.661 DBG Batch not preprepared. Not resurrecting. fromView=1 segId=0 sn=68 toView=2
03:22:48.661 DBG Batch not preprepared. Not resurrecting. fromView=1 segId=1 sn=23 toView=2
03:22:48.661 DBG Batch not preprepared. Not resurrecting. fromView=1 segId=0 sn=70 toView=2
03:22:48.661 DBG Batch not preprepared. Not resurrecting. fromView=1 segId=1 sn=25 toView=2
03:22:48.661 DBG Batch not preprepared. Not resurrecting. fromView=1 segId=0 sn=72 toView=2
03:22:48.661 DBG Batch not preprepared. Not resurrecting. fromView=1 segId=1 sn=27 toView=2
03:22:48.661 DBG Batch not preprepared. Not resurrecting. fromView=1 segId=0 sn=74 toView=2
03:22:48.661 DBG Batch not preprepared. Not resurrecting. fromView=1 segId=1 sn=29 toView=2
03:22:48.661 DBG Batch not preprepared. Not resurrecting. fromView=1 segId=0 sn=76 toView=2
03:22:48.661 DBG Batch not preprepared. Not resurrecting. fromView=1 segId=1 sn=31 toView=2
03:22:48.661 DBG Batch not preprepared. Not resurrecting. fromView=1 segId=0 sn=78 toView=2
03:22:48.661 DBG Batch not preprepared. Not resurrecting. fromView=1 segId=1 sn=33 toView=2
03:22:48.661 DBG Batch not preprepared. Not resurrecting. fromView=1 segId=0 sn=80 toView=2
03:22:48.662 DBG Batch not preprepared. Not resurrecting. fromView=1 segId=1 sn=35 toView=2
03:22:48.662 DBG Batch not preprepared. Not resurrecting. fromView=1 segId=0 sn=82 toView=2
03:22:48.662 DBG Batch not preprepared. Not resurrecting. fromView=1 segId=1 sn=37 toView=2
03:22:48.662 DBG Batch not preprepared. Not resurrecting. fromView=1 segId=0 sn=84 toView=2
03:22:48.662 DBG Batch not preprepared. Not resurrecting. fromView=1 segId=1 sn=39 toView=2
03:22:48.662 DBG Batch not preprepared. Not resurrecting. fromView=1 segId=0 sn=86 toView=2
03:22:48.662 DBG Batch not preprepared. Not resurrecting. fromView=1 segId=1 sn=41 toView=2
03:22:48.662 DBG Batch not preprepared. Not resurrecting. fromView=1 segId=0 sn=88 toView=2
03:22:48.662 DBG Batch not preprepared. Not resurrecting. fromView=1 segId=1 sn=43 toView=2
03:22:48.662 DBG Batch not preprepared. Not resurrecting. fromView=1 segId=0 sn=90 toView=2
03:22:48.662 DBG Batch not preprepared. Not resurrecting. fromView=1 segId=1 sn=45 toView=2
03:22:48.662 DBG Batch not preprepared. Not resurrecting. fromView=1 segId=0 sn=92 toView=2
03:22:48.662 DBG Batch not preprepared. Not resurrecting. fromView=1 segId=1 sn=47 toView=2
03:22:48.663 DBG Batch not preprepared. Not resurrecting. fromView=1 segId=0 sn=94 toView=2
03:22:48.663 DBG Batch not preprepared. Not resurrecting. fromView=1 segId=1 sn=49 toView=2
03:22:48.663 DBG Batch not preprepared. Not resurrecting. fromView=1 segId=0 sn=96 toView=2
03:22:48.663 DBG Batch not preprepared. Not resurrecting. fromView=1 segId=1 sn=51 toView=2
03:22:48.663 DBG Batch not preprepared. Not resurrecting. fromView=1 segId=0 sn=98 toView=2
03:22:48.663 DBG Batch not preprepared. Not resurrecting. fromView=1 segId=1 sn=53 toView=2
03:22:48.663 DBG Batch not preprepared. Not resurrecting. fromView=1 segId=0 sn=100 toView=2
03:22:48.663 DBG Batch not preprepared. Not resurrecting. fromView=1 segId=1 sn=55 toView=2
03:22:48.663 DBG Batch not preprepared. Not resurrecting. fromView=1 segId=0 sn=102 toView=2
03:22:48.663 DBG Batch not preprepared. Not resurrecting. fromView=1 segId=1 sn=57 toView=2
03:22:48.663 DBG Batch not preprepared. Not resurrecting. fromView=1 segId=0 sn=104 toView=2
03:22:48.663 DBG Batch not preprepared. Not resurrecting. fromView=1 segId=1 sn=59 toView=2
03:22:48.664 DBG Batch not preprepared. Not resurrecting. fromView=1 segId=0 sn=106 toView=2
03:22:48.664 DBG Batch not preprepared. Not resurrecting. fromView=1 segId=1 sn=61 toView=2
03:22:48.664 DBG Batch not preprepared. Not resurrecting. fromView=1 segId=0 sn=108 toView=2
03:22:48.664 DBG Batch not preprepared. Not resurrecting. fromView=1 segId=1 sn=63 toView=2
03:22:48.664 DBG Batch not preprepared. Not resurrecting. fromView=1 segId=0 sn=110 toView=2
03:22:48.664 DBG Batch not preprepared. Not resurrecting. fromView=1 segId=1 sn=65 toView=2
03:22:48.664 DBG Batch not preprepared. Not resurrecting. fromView=1 segId=0 sn=112 toView=2
03:22:48.664 DBG Batch not preprepared. Not resurrecting. fromView=1 segId=1 sn=67 toView=2
03:22:48.664 DBG Batch not preprepared. Not resurrecting. fromView=1 segId=0 sn=114 toView=2
03:22:48.664 DBG Batch not preprepared. Not resurrecting. fromView=1 segId=1 sn=69 toView=2
03:22:48.664 DBG Batch not preprepared. Not resurrecting. fromView=1 segId=0 sn=116 toView=2
03:22:48.664 DBG Batch not preprepared. Not resurrecting. fromView=1 segId=1 sn=71 toView=2
03:22:48.664 DBG Batch not preprepared. Not resurrecting. fromView=1 segId=0 sn=118 toView=2
03:22:48.665 DBG Batch not preprepared. Not resurrecting. fromView=1 segId=1 sn=73 toView=2
03:22:48.665 DBG Batch not preprepared. Not resurrecting. fromView=1 segId=0 sn=120 toView=2
03:22:48.665 DBG Batch not preprepared. Not resurrecting. fromView=1 segId=1 sn=75 toView=2
03:22:48.665 DBG Batch not preprepared. Not resurrecting. fromView=1 segId=0 sn=122 toView=2
03:22:48.665 DBG Batch not preprepared. Not resurrecting. fromView=1 segId=1 sn=77 toView=2
03:22:48.665 DBG Batch not preprepared. Not resurrecting. fromView=1 segId=0 sn=124 toView=2
03:22:48.665 DBG Batch not preprepared. Not resurrecting. fromView=1 segId=1 sn=79 toView=2
03:22:48.665 DBG Batch not preprepared. Not resurrecting. fromView=1 segId=0 sn=126 toView=2
03:22:48.665 DBG Batch not preprepared. Not resurrecting. fromView=1 segId=1 sn=81 toView=2
03:22:48.665 DBG Batch not preprepared. Not resurrecting. fromView=1 segId=1 sn=83 toView=2
03:22:48.665 DBG Batch not preprepared. Not resurrecting. fromView=1 segId=1 sn=85 toView=2
03:22:48.665 DBG Batch not preprepared. Not resurrecting. fromView=1 segId=1 sn=87 toView=2
03:22:48.666 DBG Batch not preprepared. Not resurrecting. fromView=1 segId=1 sn=89 toView=2
03:22:48.666 INF Requesting VIEWCHANGE. receiverID=2 segID=0 senderID=1 view=2
03:22:48.666 DBG Batch not preprepared. Not resurrecting. fromView=1 segId=1 sn=91 toView=2
03:22:48.666 DBG Batch not preprepared. Not resurrecting. fromView=1 segId=1 sn=93 toView=2
03:22:48.666 DBG Batch not preprepared. Not resurrecting. fromView=1 segId=1 sn=95 toView=2
03:22:48.666 DBG Batch not preprepared. Not resurrecting. fromView=1 segId=1 sn=97 toView=2
03:22:48.666 DBG Batch not preprepared. Not resurrecting. fromView=1 segId=1 sn=99 toView=2
03:22:48.666 DBG Batch not preprepared. Not resurrecting. fromView=1 segId=1 sn=101 toView=2
03:22:48.667 DBG Batch not preprepared. Not resurrecting. fromView=1 segId=1 sn=103 toView=2
03:22:48.667 DBG Batch not preprepared. Not resurrecting. fromView=1 segId=1 sn=105 toView=2
03:22:48.667 DBG Batch not preprepared. Not resurrecting. fromView=1 segId=1 sn=107 toView=2
03:22:48.667 DBG Batch not preprepared. Not resurrecting. fromView=1 segId=1 sn=109 toView=2
03:22:48.667 DBG Batch not preprepared. Not resurrecting. fromView=1 segId=1 sn=111 toView=2
03:22:48.667 DBG Batch not preprepared. Not resurrecting. fromView=1 segId=1 sn=113 toView=2
03:22:48.667 DBG Batch not preprepared. Not resurrecting. fromView=1 segId=1 sn=115 toView=2
03:22:48.668 DBG Batch not preprepared. Not resurrecting. fromView=1 segId=1 sn=117 toView=2
03:22:48.668 DBG Batch not preprepared. Not resurrecting. fromView=1 segId=1 sn=119 toView=2
03:22:48.668 DBG Batch not preprepared. Not resurrecting. fromView=1 segId=1 sn=121 toView=2
03:22:48.668 DBG Batch not preprepared. Not resurrecting. fromView=1 segId=1 sn=123 toView=2
03:22:48.668 DBG Batch not preprepared. Not resurrecting. fromView=1 segId=1 sn=125 toView=2
03:22:48.668 DBG Batch not preprepared. Not resurrecting. fromView=1 segId=1 sn=127 toView=2
03:22:48.669 INF Requesting VIEWCHANGE. receiverID=3 segID=1 senderID=1 view=2
03:26:48.666 WRN Timeout segId=0 sn=-1 view=2
03:26:48.667 INF Starting new view. segID=0 timeout=480000 view=3
03:26:48.667 DBG Batch not preprepared. Not resurrecting. fromView=2 segId=0 sn=0 toView=3
03:26:48.667 DBG Batch not preprepared. Not resurrecting. fromView=2 segId=0 sn=2 toView=3
03:26:48.667 DBG Batch not preprepared. Not resurrecting. fromView=2 segId=0 sn=4 toView=3
03:26:48.667 DBG Batch not preprepared. Not resurrecting. fromView=2 segId=0 sn=6 toView=3
03:26:48.667 DBG Batch not preprepared. Not resurrecting. fromView=2 segId=0 sn=8 toView=3
03:26:48.667 DBG Batch not preprepared. Not resurrecting. fromView=2 segId=0 sn=10 toView=3
03:26:48.668 DBG Batch not preprepared. Not resurrecting. fromView=2 segId=0 sn=12 toView=3
03:26:48.668 DBG Batch not preprepared. Not resurrecting. fromView=2 segId=0 sn=14 toView=3
03:26:48.668 DBG Batch not preprepared. Not resurrecting. fromView=2 segId=0 sn=16 toView=3
03:26:48.668 DBG Batch not preprepared. Not resurrecting. fromView=2 segId=0 sn=18 toView=3
03:26:48.668 DBG Batch not preprepared. Not resurrecting. fromView=2 segId=0 sn=20 toView=3
03:26:48.668 DBG Batch not preprepared. Not resurrecting. fromView=2 segId=0 sn=22 toView=3
03:26:48.668 DBG Batch not preprepared. Not resurrecting. fromView=2 segId=0 sn=24 toView=3
03:26:48.669 DBG Batch not preprepared. Not resurrecting. fromView=2 segId=0 sn=26 toView=3
03:26:48.669 DBG Batch not preprepared. Not resurrecting. fromView=2 segId=0 sn=28 toView=3
03:26:48.669 DBG Batch not preprepared. Not resurrecting. fromView=2 segId=0 sn=30 toView=3
03:26:48.669 DBG Batch not preprepared. Not resurrecting. fromView=2 segId=0 sn=32 toView=3
03:26:48.669 DBG Batch not preprepared. Not resurrecting. fromView=2 segId=0 sn=34 toView=3
03:26:48.669 DBG Batch not preprepared. Not resurrecting. fromView=2 segId=0 sn=36 toView=3
03:26:48.669 DBG Batch not preprepared. Not resurrecting. fromView=2 segId=0 sn=38 toView=3
03:26:48.669 DBG Batch not preprepared. Not resurrecting. fromView=2 segId=0 sn=40 toView=3
03:26:48.670 DBG Batch not preprepared. Not resurrecting. fromView=2 segId=0 sn=42 toView=3
03:26:48.670 DBG Batch not preprepared. Not resurrecting. fromView=2 segId=0 sn=44 toView=3
03:26:48.670 WRN Timeout segId=1 sn=-1 view=2
03:26:48.670 DBG Batch not preprepared. Not resurrecting. fromView=2 segId=0 sn=46 toView=3
03:26:48.670 INF Starting new view. segID=1 timeout=480000 view=3
03:26:48.670 DBG Batch not preprepared. Not resurrecting. fromView=2 segId=0 sn=48 toView=3
03:26:48.670 DBG Batch not preprepared. Not resurrecting. fromView=2 segId=1 sn=1 toView=3
03:26:48.670 DBG Batch not preprepared. Not resurrecting. fromView=2 segId=0 sn=50 toView=3
03:26:48.670 DBG Batch not preprepared. Not resurrecting. fromView=2 segId=1 sn=3 toView=3
03:26:48.670 DBG Batch not preprepared. Not resurrecting. fromView=2 segId=0 sn=52 toView=3
03:26:48.670 DBG Batch not preprepared. Not resurrecting. fromView=2 segId=1 sn=5 toView=3
03:26:48.670 DBG Batch not preprepared. Not resurrecting. fromView=2 segId=0 sn=54 toView=3
03:26:48.671 DBG Batch not preprepared. Not resurrecting. fromView=2 segId=1 sn=7 toView=3
03:26:48.671 DBG Batch not preprepared. Not resurrecting. fromView=2 segId=0 sn=56 toView=3
03:26:48.671 DBG Batch not preprepared. Not resurrecting. fromView=2 segId=1 sn=9 toView=3
03:26:48.671 DBG Batch not preprepared. Not resurrecting. fromView=2 segId=0 sn=58 toView=3
03:26:48.671 DBG Batch not preprepared. Not resurrecting. fromView=2 segId=1 sn=11 toView=3
03:26:48.671 DBG Batch not preprepared. Not resurrecting. fromView=2 segId=0 sn=60 toView=3
03:26:48.671 DBG Batch not preprepared. Not resurrecting. fromView=2 segId=1 sn=13 toView=3
03:26:48.671 DBG Batch not preprepared. Not resurrecting. fromView=2 segId=0 sn=62 toView=3
03:26:48.671 DBG Batch not preprepared. Not resurrecting. fromView=2 segId=1 sn=15 toView=3
03:26:48.671 DBG Batch not preprepared. Not resurrecting. fromView=2 segId=0 sn=64 toView=3
03:26:48.671 DBG Batch not preprepared. Not resurrecting. fromView=2 segId=1 sn=17 toView=3
03:26:48.671 DBG Batch not preprepared. Not resurrecting. fromView=2 segId=0 sn=66 toView=3
03:26:48.671 DBG Batch not preprepared. Not resurrecting. fromView=2 segId=1 sn=19 toView=3
03:26:48.671 DBG Batch not preprepared. Not resurrecting. fromView=2 segId=0 sn=68 toView=3
03:26:48.672 DBG Batch not preprepared. Not resurrecting. fromView=2 segId=1 sn=21 toView=3
03:26:48.672 DBG Batch not preprepared. Not resurrecting. fromView=2 segId=0 sn=70 toView=3
03:26:48.672 DBG Batch not preprepared. Not resurrecting. fromView=2 segId=1 sn=23 toView=3
03:26:48.672 DBG Batch not preprepared. Not resurrecting. fromView=2 segId=0 sn=72 toView=3
03:26:48.672 DBG Batch not preprepared. Not resurrecting. fromView=2 segId=1 sn=25 toView=3
03:26:48.672 DBG Batch not preprepared. Not resurrecting. fromView=2 segId=0 sn=74 toView=3
03:26:48.672 DBG Batch not preprepared. Not resurrecting. fromView=2 segId=1 sn=27 toView=3
03:26:48.672 DBG Batch not preprepared. Not resurrecting. fromView=2 segId=0 sn=76 toView=3
03:26:48.672 DBG Batch not preprepared. Not resurrecting. fromView=2 segId=1 sn=29 toView=3
03:26:48.672 DBG Batch not preprepared. Not resurrecting. fromView=2 segId=0 sn=78 toView=3
03:26:48.672 DBG Batch not preprepared. Not resurrecting. fromView=2 segId=1 sn=31 toView=3
03:26:48.672 DBG Batch not preprepared. Not resurrecting. fromView=2 segId=0 sn=80 toView=3
03:26:48.673 DBG Batch not preprepared. Not resurrecting. fromView=2 segId=1 sn=33 toView=3
03:26:48.673 DBG Batch not preprepared. Not resurrecting. fromView=2 segId=0 sn=82 toView=3
03:26:48.673 DBG Batch not preprepared. Not resurrecting. fromView=2 segId=1 sn=35 toView=3
03:26:48.673 DBG Batch not preprepared. Not resurrecting. fromView=2 segId=0 sn=84 toView=3
03:26:48.673 DBG Batch not preprepared. Not resurrecting. fromView=2 segId=1 sn=37 toView=3
03:26:48.673 DBG Batch not preprepared. Not resurrecting. fromView=2 segId=0 sn=86 toView=3
03:26:48.673 DBG Batch not preprepared. Not resurrecting. fromView=2 segId=1 sn=39 toView=3
03:26:48.673 DBG Batch not preprepared. Not resurrecting. fromView=2 segId=0 sn=88 toView=3
03:26:48.673 DBG Batch not preprepared. Not resurrecting. fromView=2 segId=1 sn=41 toView=3
03:26:48.673 DBG Batch not preprepared. Not resurrecting. fromView=2 segId=0 sn=90 toView=3
03:26:48.673 DBG Batch not preprepared. Not resurrecting. fromView=2 segId=1 sn=43 toView=3
03:26:48.673 DBG Batch not preprepared. Not resurrecting. fromView=2 segId=0 sn=92 toView=3
03:26:48.673 DBG Batch not preprepared. Not resurrecting. fromView=2 segId=1 sn=45 toView=3
03:26:48.673 DBG Batch not preprepared. Not resurrecting. fromView=2 segId=0 sn=94 toView=3
03:26:48.674 DBG Batch not preprepared. Not resurrecting. fromView=2 segId=1 sn=47 toView=3
03:26:48.674 DBG Batch not preprepared. Not resurrecting. fromView=2 segId=0 sn=96 toView=3
03:26:48.674 DBG Batch not preprepared. Not resurrecting. fromView=2 segId=1 sn=49 toView=3
03:26:48.674 DBG Batch not preprepared. Not resurrecting. fromView=2 segId=0 sn=98 toView=3
03:26:48.674 DBG Batch not preprepared. Not resurrecting. fromView=2 segId=1 sn=51 toView=3
03:26:48.674 DBG Batch not preprepared. Not resurrecting. fromView=2 segId=0 sn=100 toView=3
03:26:48.674 DBG Batch not preprepared. Not resurrecting. fromView=2 segId=1 sn=53 toView=3
03:26:48.674 DBG Batch not preprepared. Not resurrecting. fromView=2 segId=0 sn=102 toView=3
03:26:48.674 DBG Batch not preprepared. Not resurrecting. fromView=2 segId=1 sn=55 toView=3
03:26:48.674 DBG Batch not preprepared. Not resurrecting. fromView=2 segId=0 sn=104 toView=3
03:26:48.674 DBG Batch not preprepared. Not resurrecting. fromView=2 segId=1 sn=57 toView=3
03:26:48.674 DBG Batch not preprepared. Not resurrecting. fromView=2 segId=0 sn=106 toView=3
03:26:48.674 DBG Batch not preprepared. Not resurrecting. fromView=2 segId=1 sn=59 toView=3
03:26:48.675 DBG Batch not preprepared. Not resurrecting. fromView=2 segId=0 sn=108 toView=3
03:26:48.675 DBG Batch not preprepared. Not resurrecting. fromView=2 segId=1 sn=61 toView=3
03:26:48.675 DBG Batch not preprepared. Not resurrecting. fromView=2 segId=0 sn=110 toView=3
03:26:48.675 DBG Batch not preprepared. Not resurrecting. fromView=2 segId=1 sn=63 toView=3
03:26:48.675 DBG Batch not preprepared. Not resurrecting. fromView=2 segId=0 sn=112 toView=3
03:26:48.675 DBG Batch not preprepared. Not resurrecting. fromView=2 segId=1 sn=65 toView=3
03:26:48.675 DBG Batch not preprepared. Not resurrecting. fromView=2 segId=0 sn=114 toView=3
03:26:48.675 DBG Batch not preprepared. Not resurrecting. fromView=2 segId=1 sn=67 toView=3
03:26:48.675 DBG Batch not preprepared. Not resurrecting. fromView=2 segId=0 sn=116 toView=3
03:26:48.675 DBG Batch not preprepared. Not resurrecting. fromView=2 segId=1 sn=69 toView=3
03:26:48.675 DBG Batch not preprepared. Not resurrecting. fromView=2 segId=0 sn=118 toView=3
03:26:48.675 DBG Batch not preprepared. Not resurrecting. fromView=2 segId=1 sn=71 toView=3
03:26:48.675 DBG Batch not preprepared. Not resurrecting. fromView=2 segId=0 sn=120 toView=3
03:26:48.676 DBG Batch not preprepared. Not resurrecting. fromView=2 segId=1 sn=73 toView=3
03:26:48.676 DBG Batch not preprepared. Not resurrecting. fromView=2 segId=0 sn=122 toView=3
03:26:48.676 DBG Batch not preprepared. Not resurrecting. fromView=2 segId=1 sn=75 toView=3
03:26:48.676 DBG Batch not preprepared. Not resurrecting. fromView=2 segId=0 sn=124 toView=3
03:26:48.676 DBG Batch not preprepared. Not resurrecting. fromView=2 segId=1 sn=77 toView=3
03:26:48.676 DBG Batch not preprepared. Not resurrecting. fromView=2 segId=0 sn=126 toView=3
03:26:48.676 DBG Batch not preprepared. Not resurrecting. fromView=2 segId=1 sn=79 toView=3
03:26:48.676 DBG Batch not preprepared. Not resurrecting. fromView=2 segId=1 sn=81 toView=3
03:26:48.676 DBG Batch not preprepared. Not resurrecting. fromView=2 segId=1 sn=83 toView=3
03:26:48.676 DBG Batch not preprepared. Not resurrecting. fromView=2 segId=1 sn=85 toView=3
03:26:48.677 DBG Batch not preprepared. Not resurrecting. fromView=2 segId=1 sn=87 toView=3
03:26:48.677 INF Requesting VIEWCHANGE. receiverID=3 segID=0 senderID=1 view=3
03:26:48.677 DBG Batch not preprepared. Not resurrecting. fromView=2 segId=1 sn=89 toView=3
03:26:48.677 DBG Batch not preprepared. Not resurrecting. fromView=2 segId=1 sn=91 toView=3
03:26:48.677 DBG Batch not preprepared. Not resurrecting. fromView=2 segId=1 sn=93 toView=3
03:26:48.677 DBG Batch not preprepared. Not resurrecting. fromView=2 segId=1 sn=95 toView=3
03:26:48.677 DBG Batch not preprepared. Not resurrecting. fromView=2 segId=1 sn=97 toView=3
03:26:48.677 DBG Batch not preprepared. Not resurrecting. fromView=2 segId=1 sn=99 toView=3
03:26:48.678 DBG Batch not preprepared. Not resurrecting. fromView=2 segId=1 sn=101 toView=3
03:26:48.678 DBG Batch not preprepared. Not resurrecting. fromView=2 segId=1 sn=103 toView=3
03:26:48.678 DBG Batch not preprepared. Not resurrecting. fromView=2 segId=1 sn=105 toView=3
03:26:48.678 DBG Batch not preprepared. Not resurrecting. fromView=2 segId=1 sn=107 toView=3
03:26:48.678 DBG Batch not preprepared. Not resurrecting. fromView=2 segId=1 sn=109 toView=3
03:26:48.678 DBG Batch not preprepared. Not resurrecting. fromView=2 segId=1 sn=111 toView=3
03:26:48.678 DBG Batch not preprepared. Not resurrecting. fromView=2 segId=1 sn=113 toView=3
03:26:48.678 DBG Batch not preprepared. Not resurrecting. fromView=2 segId=1 sn=115 toView=3
03:26:48.679 DBG Batch not preprepared. Not resurrecting. fromView=2 segId=1 sn=117 toView=3
03:26:48.679 DBG Batch not preprepared. Not resurrecting. fromView=2 segId=1 sn=119 toView=3
03:26:48.679 DBG Batch not preprepared. Not resurrecting. fromView=2 segId=1 sn=121 toView=3
03:26:48.679 DBG Batch not preprepared. Not resurrecting. fromView=2 segId=1 sn=123 toView=3
03:26:48.679 DBG Batch not preprepared. Not resurrecting. fromView=2 segId=1 sn=125 toView=3
03:26:48.679 DBG Batch not preprepared. Not resurrecting. fromView=2 segId=1 sn=127 toView=3
03:26:48.680 INF Requesting VIEWCHANGE. receiverID=0 segID=1 senderID=1 view=3
03:34:48.678 WRN Timeout segId=0 sn=-1 view=3
03:34:48.678 INF Starting new view. segID=0 timeout=960000 view=4
03:34:48.678 DBG Batch not preprepared. Not resurrecting. fromView=3 segId=0 sn=0 toView=4
03:34:48.678 DBG Batch not preprepared. Not resurrecting. fromView=3 segId=0 sn=2 toView=4
03:34:48.678 DBG Batch not preprepared. Not resurrecting. fromView=3 segId=0 sn=4 toView=4
03:34:48.678 DBG Batch not preprepared. Not resurrecting. fromView=3 segId=0 sn=6 toView=4
03:34:48.679 DBG Batch not preprepared. Not resurrecting. fromView=3 segId=0 sn=8 toView=4
03:34:48.679 DBG Batch not preprepared. Not resurrecting. fromView=3 segId=0 sn=10 toView=4
03:34:48.679 DBG Batch not preprepared. Not resurrecting. fromView=3 segId=0 sn=12 toView=4
03:34:48.679 DBG Batch not preprepared. Not resurrecting. fromView=3 segId=0 sn=14 toView=4
03:34:48.679 DBG Batch not preprepared. Not resurrecting. fromView=3 segId=0 sn=16 toView=4
03:34:48.679 DBG Batch not preprepared. Not resurrecting. fromView=3 segId=0 sn=18 toView=4
03:34:48.679 DBG Batch not preprepared. Not resurrecting. fromView=3 segId=0 sn=20 toView=4
03:34:48.679 DBG Batch not preprepared. Not resurrecting. fromView=3 segId=0 sn=22 toView=4
03:34:48.680 DBG Batch not preprepared. Not resurrecting. fromView=3 segId=0 sn=24 toView=4
03:34:48.680 DBG Batch not preprepared. Not resurrecting. fromView=3 segId=0 sn=26 toView=4
03:34:48.680 DBG Batch not preprepared. Not resurrecting. fromView=3 segId=0 sn=28 toView=4
03:34:48.680 DBG Batch not preprepared. Not resurrecting. fromView=3 segId=0 sn=30 toView=4
03:34:48.680 DBG Batch not preprepared. Not resurrecting. fromView=3 segId=0 sn=32 toView=4
03:34:48.680 DBG Batch not preprepared. Not resurrecting. fromView=3 segId=0 sn=34 toView=4
03:34:48.680 DBG Batch not preprepared. Not resurrecting. fromView=3 segId=0 sn=36 toView=4
03:34:48.680 DBG Batch not preprepared. Not resurrecting. fromView=3 segId=0 sn=38 toView=4
03:34:48.681 DBG Batch not preprepared. Not resurrecting. fromView=3 segId=0 sn=40 toView=4
03:34:48.681 DBG Batch not preprepared. Not resurrecting. fromView=3 segId=0 sn=42 toView=4
03:34:48.681 DBG Batch not preprepared. Not resurrecting. fromView=3 segId=0 sn=44 toView=4
03:34:48.681 DBG Batch not preprepared. Not resurrecting. fromView=3 segId=0 sn=46 toView=4
03:34:48.681 WRN Timeout segId=1 sn=-1 view=3
03:34:48.681 DBG Batch not preprepared. Not resurrecting. fromView=3 segId=0 sn=48 toView=4
03:34:48.681 INF Starting new view. segID=1 timeout=960000 view=4
03:34:48.681 DBG Batch not preprepared. Not resurrecting. fromView=3 segId=0 sn=50 toView=4
03:34:48.681 DBG Batch not preprepared. Not resurrecting. fromView=3 segId=1 sn=1 toView=4
03:34:48.681 DBG Batch not preprepared. Not resurrecting. fromView=3 segId=0 sn=52 toView=4
03:34:48.682 DBG Batch not preprepared. Not resurrecting. fromView=3 segId=1 sn=3 toView=4
03:34:48.682 DBG Batch not preprepared. Not resurrecting. fromView=3 segId=0 sn=54 toView=4
03:34:48.682 DBG Batch not preprepared. Not resurrecting. fromView=3 segId=1 sn=5 toView=4
03:34:48.682 DBG Batch not preprepared. Not resurrecting. fromView=3 segId=0 sn=56 toView=4
03:34:48.682 DBG Batch not preprepared. Not resurrecting. fromView=3 segId=1 sn=7 toView=4
03:34:48.682 DBG Batch not preprepared. Not resurrecting. fromView=3 segId=0 sn=58 toView=4
03:34:48.682 DBG Batch not preprepared. Not resurrecting. fromView=3 segId=1 sn=9 toView=4
03:34:48.682 DBG Batch not preprepared. Not resurrecting. fromView=3 segId=0 sn=60 toView=4
03:34:48.682 DBG Batch not preprepared. Not resurrecting. fromView=3 segId=1 sn=11 toView=4
03:34:48.682 DBG Batch not preprepared. Not resurrecting. fromView=3 segId=0 sn=62 toView=4
03:34:48.682 DBG Batch not preprepared. Not resurrecting. fromView=3 segId=1 sn=13 toView=4
03:34:48.682 DBG Batch not preprepared. Not resurrecting. fromView=3 segId=0 sn=64 toView=4
03:34:48.682 DBG Batch not preprepared. Not resurrecting. fromView=3 segId=1 sn=15 toView=4
03:34:48.683 DBG Batch not preprepared. Not resurrecting. fromView=3 segId=0 sn=66 toView=4
03:34:48.683 DBG Batch not preprepared. Not resurrecting. fromView=3 segId=1 sn=17 toView=4
03:34:48.683 DBG Batch not preprepared. Not resurrecting. fromView=3 segId=0 sn=68 toView=4
03:34:48.683 DBG Batch not preprepared. Not resurrecting. fromView=3 segId=1 sn=19 toView=4
03:34:48.683 DBG Batch not preprepared. Not resurrecting. fromView=3 segId=0 sn=70 toView=4
03:34:48.683 DBG Batch not preprepared. Not resurrecting. fromView=3 segId=1 sn=21 toView=4
03:34:48.683 DBG Batch not preprepared. Not resurrecting. fromView=3 segId=0 sn=72 toView=4
03:34:48.683 DBG Batch not preprepared. Not resurrecting. fromView=3 segId=1 sn=23 toView=4
03:34:48.683 DBG Batch not preprepared. Not resurrecting. fromView=3 segId=0 sn=74 toView=4
03:34:48.683 DBG Batch not preprepared. Not resurrecting. fromView=3 segId=1 sn=25 toView=4
03:34:48.683 DBG Batch not preprepared. Not resurrecting. fromView=3 segId=0 sn=76 toView=4
03:34:48.683 DBG Batch not preprepared. Not resurrecting. fromView=3 segId=1 sn=27 toView=4
03:34:48.684 DBG Batch not preprepared. Not resurrecting. fromView=3 segId=0 sn=78 toView=4
03:34:48.684 DBG Batch not preprepared. Not resurrecting. fromView=3 segId=1 sn=29 toView=4
03:34:48.684 DBG Batch not preprepared. Not resurrecting. fromView=3 segId=0 sn=80 toView=4
03:34:48.684 DBG Batch not preprepared. Not resurrecting. fromView=3 segId=1 sn=31 toView=4
03:34:48.684 DBG Batch not preprepared. Not resurrecting. fromView=3 segId=0 sn=82 toView=4
03:34:48.684 DBG Batch not preprepared. Not resurrecting. fromView=3 segId=1 sn=33 toView=4
03:34:48.684 DBG Batch not preprepared. Not resurrecting. fromView=3 segId=0 sn=84 toView=4
03:34:48.684 DBG Batch not preprepared. Not resurrecting. fromView=3 segId=1 sn=35 toView=4
03:34:48.684 DBG Batch not preprepared. Not resurrecting. fromView=3 segId=0 sn=86 toView=4
03:34:48.684 DBG Batch not preprepared. Not resurrecting. fromView=3 segId=1 sn=37 toView=4
03:34:48.684 DBG Batch not preprepared. Not resurrecting. fromView=3 segId=0 sn=88 toView=4
03:34:48.684 DBG Batch not preprepared. Not resurrecting. fromView=3 segId=1 sn=39 toView=4
03:34:48.684 DBG Batch not preprepared. Not resurrecting. fromView=3 segId=0 sn=90 toView=4
03:34:48.684 DBG Batch not preprepared. Not resurrecting. fromView=3 segId=1 sn=41 toView=4
03:34:48.685 DBG Batch not preprepared. Not resurrecting. fromView=3 segId=0 sn=92 toView=4
03:34:48.685 DBG Batch not preprepared. Not resurrecting. fromView=3 segId=1 sn=43 toView=4
03:34:48.685 DBG Batch not preprepared. Not resurrecting. fromView=3 segId=0 sn=94 toView=4
03:34:48.685 DBG Batch not preprepared. Not resurrecting. fromView=3 segId=1 sn=45 toView=4
03:34:48.685 DBG Batch not preprepared. Not resurrecting. fromView=3 segId=0 sn=96 toView=4
03:34:48.685 DBG Batch not preprepared. Not resurrecting. fromView=3 segId=1 sn=47 toView=4
03:34:48.685 DBG Batch not preprepared. Not resurrecting. fromView=3 segId=0 sn=98 toView=4
03:34:48.685 DBG Batch not preprepared. Not resurrecting. fromView=3 segId=1 sn=49 toView=4
03:34:48.685 DBG Batch not preprepared. Not resurrecting. fromView=3 segId=0 sn=100 toView=4
03:34:48.685 DBG Batch not preprepared. Not resurrecting. fromView=3 segId=1 sn=51 toView=4
03:34:48.685 DBG Batch not preprepared. Not resurrecting. fromView=3 segId=0 sn=102 toView=4
03:34:48.685 DBG Batch not preprepared. Not resurrecting. fromView=3 segId=1 sn=53 toView=4
03:34:48.685 DBG Batch not preprepared. Not resurrecting. fromView=3 segId=0 sn=104 toView=4
03:34:48.686 DBG Batch not preprepared. Not resurrecting. fromView=3 segId=1 sn=55 toView=4
03:34:48.686 DBG Batch not preprepared. Not resurrecting. fromView=3 segId=0 sn=106 toView=4
03:34:48.686 DBG Batch not preprepared. Not resurrecting. fromView=3 segId=1 sn=57 toView=4
03:34:48.686 DBG Batch not preprepared. Not resurrecting. fromView=3 segId=0 sn=108 toView=4
03:34:48.686 DBG Batch not preprepared. Not resurrecting. fromView=3 segId=1 sn=59 toView=4
03:34:48.686 DBG Batch not preprepared. Not resurrecting. fromView=3 segId=0 sn=110 toView=4
03:34:48.686 DBG Batch not preprepared. Not resurrecting. fromView=3 segId=1 sn=61 toView=4
03:34:48.686 DBG Batch not preprepared. Not resurrecting. fromView=3 segId=0 sn=112 toView=4
03:34:48.686 DBG Batch not preprepared. Not resurrecting. fromView=3 segId=0 sn=114 toView=4
03:34:48.686 DBG Batch not preprepared. Not resurrecting. fromView=3 segId=1 sn=63 toView=4
03:34:48.686 DBG Batch not preprepared. Not resurrecting. fromView=3 segId=0 sn=116 toView=4
03:34:48.686 DBG Batch not preprepared. Not resurrecting. fromView=3 segId=1 sn=65 toView=4
03:34:48.686 DBG Batch not preprepared. Not resurrecting. fromView=3 segId=0 sn=118 toView=4
03:34:48.687 DBG Batch not preprepared. Not resurrecting. fromView=3 segId=1 sn=67 toView=4
03:34:48.687 DBG Batch not preprepared. Not resurrecting. fromView=3 segId=0 sn=120 toView=4
03:34:48.687 DBG Batch not preprepared. Not resurrecting. fromView=3 segId=1 sn=69 toView=4
03:34:48.687 DBG Batch not preprepared. Not resurrecting. fromView=3 segId=0 sn=122 toView=4
03:34:48.687 DBG Batch not preprepared. Not resurrecting. fromView=3 segId=1 sn=71 toView=4
03:34:48.687 DBG Batch not preprepared. Not resurrecting. fromView=3 segId=0 sn=124 toView=4
03:34:48.687 DBG Batch not preprepared. Not resurrecting. fromView=3 segId=1 sn=73 toView=4
03:34:48.687 DBG Batch not preprepared. Not resurrecting. fromView=3 segId=0 sn=126 toView=4
03:34:48.687 DBG Batch not preprepared. Not resurrecting. fromView=3 segId=1 sn=75 toView=4
03:34:48.687 DBG Batch not preprepared. Not resurrecting. fromView=3 segId=1 sn=77 toView=4
03:34:48.687 DBG Batch not preprepared. Not resurrecting. fromView=3 segId=1 sn=79 toView=4
03:34:48.688 DBG Batch not preprepared. Not resurrecting. fromView=3 segId=1 sn=81 toView=4
03:34:48.688 DBG Batch not preprepared. Not resurrecting. fromView=3 segId=1 sn=83 toView=4
03:34:48.688 INF Requesting VIEWCHANGE. receiverID=0 segID=0 senderID=1 view=4
03:34:48.688 DBG Batch not preprepared. Not resurrecting. fromView=3 segId=1 sn=85 toView=4
03:34:48.688 DBG Batch not preprepared. Not resurrecting. fromView=3 segId=1 sn=87 toView=4
03:34:48.688 DBG Batch not preprepared. Not resurrecting. fromView=3 segId=1 sn=89 toView=4
03:34:48.688 DBG Batch not preprepared. Not resurrecting. fromView=3 segId=1 sn=91 toView=4
03:34:48.688 DBG Batch not preprepared. Not resurrecting. fromView=3 segId=1 sn=93 toView=4
03:34:48.688 DBG Batch not preprepared. Not resurrecting. fromView=3 segId=1 sn=95 toView=4
03:34:48.689 DBG Batch not preprepared. Not resurrecting. fromView=3 segId=1 sn=97 toView=4
03:34:48.689 DBG Batch not preprepared. Not resurrecting. fromView=3 segId=1 sn=99 toView=4
03:34:48.689 DBG Batch not preprepared. Not resurrecting. fromView=3 segId=1 sn=101 toView=4
03:34:48.689 DBG Batch not preprepared. Not resurrecting. fromView=3 segId=1 sn=103 toView=4
03:34:48.689 DBG Batch not preprepared. Not resurrecting. fromView=3 segId=1 sn=105 toView=4
03:34:48.689 DBG Batch not preprepared. Not resurrecting. fromView=3 segId=1 sn=107 toView=4
03:34:48.689 DBG Batch not preprepared. Not resurrecting. fromView=3 segId=1 sn=109 toView=4
03:34:48.690 DBG Batch not preprepared. Not resurrecting. fromView=3 segId=1 sn=111 toView=4
03:34:48.690 DBG Batch not preprepared. Not resurrecting. fromView=3 segId=1 sn=113 toView=4
03:34:48.690 DBG Batch not preprepared. Not resurrecting. fromView=3 segId=1 sn=115 toView=4
03:34:48.690 DBG Batch not preprepared. Not resurrecting. fromView=3 segId=1 sn=117 toView=4
03:34:48.690 DBG Batch not preprepared. Not resurrecting. fromView=3 segId=1 sn=119 toView=4
03:34:48.690 DBG Batch not preprepared. Not resurrecting. fromView=3 segId=1 sn=121 toView=4
03:34:48.690 DBG Batch not preprepared. Not resurrecting. fromView=3 segId=1 sn=123 toView=4
03:34:48.690 DBG Batch not preprepared. Not resurrecting. fromView=3 segId=1 sn=125 toView=4
03:34:48.691 DBG Batch not preprepared. Not resurrecting. fromView=3 segId=1 sn=127 toView=4
03:34:48.691 INF Requesting VIEWCHANGE. receiverID=1 segID=1 senderID=1 view=4
03:34:48.691 DBG Adding view change message. currentView=4 msgView=4 numViewChanges=1
03:34:48.692 INF Handling VIEWCHANGE. msgView=4 ownView=4 segID=1 senderID=0
03:34:48.693 INF Adding view change message. currentView=4 msgView=4 numViewChanges=2
03:35:50.767 ERR Expected EOF on Buckets RPC. error="rpc error: code = Canceled desc = context canceled"
03:35:50.767 INF Connection terminated. error="rpc error: code = Canceled desc = context canceled" address=127.0.0.1:36322
03:35:50.774 INF Stopping profiler.
03:35:50.774 INF Stopping Tracer. events=1981 fileName=experiment-output/0001/slave-002/peer.trc
==================
WARNING: DATA RACE
Read at 0x00c0009a8000 by goroutine 115:
  runtime.racereadrange()
      <autogenerated>:1 +0x1b
  github.com/hyperledger-labs/mirbft/tracing.(*BufferedTrace).StopOnSignal.func1()
      /opt/gopath/src/github.com/hyperledger-labs/mirbft/tracing/bufferedtrace.go:298 +0x4e

Previous write at 0x00c0009a8000 by goroutine 412:
  github.com/hyperledger-labs/mirbft/tracing.(*BufferedTrace).Event()
      /opt/gopath/src/github.com/hyperledger-labs/mirbft/tracing/bufferedtrace.go:105 +0x2d9
  github.com/hyperledger-labs/mirbft/manager.(*MirManager).handleLogEntries()
      /opt/gopath/src/github.com/hyperledger-labs/mirbft/manager/mirmanager.go:139 +0x1d8
  github.com/hyperledger-labs/mirbft/manager.(*MirManager).Startdwrap7()
      /opt/gopath/src/github.com/hyperledger-labs/mirbft/manager/mirmanager.go:101 +0x47

Goroutine 115 (running) created at:
  github.com/hyperledger-labs/mirbft/tracing.(*BufferedTrace).StopOnSignal()
      /opt/gopath/src/github.com/hyperledger-labs/mirbft/tracing/bufferedtrace.go:292 +0x172
  main.setUpTracing()
      /opt/gopath/src/github.com/hyperledger-labs/mirbft/cmd/orderingpeer/main.go:204 +0xf5
  main.main()
      /opt/gopath/src/github.com/hyperledger-labs/mirbft/cmd/orderingpeer/main.go:98 +0x9d6

Goroutine 412 (running) created at:
  github.com/hyperledger-labs/mirbft/manager.(*MirManager).Start()
      /opt/gopath/src/github.com/hyperledger-labs/mirbft/manager/mirmanager.go:101 +0x19e
  main.maindwrap4()
      /opt/gopath/src/github.com/hyperledger-labs/mirbft/cmd/orderingpeer/main.go:168 +0x59
==================
==================
WARNING: DATA RACE
Read at 0x00c0009bb560 by goroutine 115:
  runtime.racereadrange()
      <autogenerated>:1 +0x1b
  github.com/hyperledger-labs/mirbft/tracing.(*BufferedTrace).StopOnSignal.func1()
      /opt/gopath/src/github.com/hyperledger-labs/mirbft/tracing/bufferedtrace.go:298 +0x4e

Previous write at 0x00c0009bb560 by goroutine 114:
  github.com/hyperledger-labs/mirbft/tracing.(*BufferedTrace).Event()
      /opt/gopath/src/github.com/hyperledger-labs/mirbft/tracing/bufferedtrace.go:105 +0x2d9
  github.com/hyperledger-labs/mirbft/profiling.StartCPUTracing.func1()
      /opt/gopath/src/github.com/hyperledger-labs/mirbft/profiling/cpuusage.go:31 +0x95

Goroutine 115 (running) created at:
  github.com/hyperledger-labs/mirbft/tracing.(*BufferedTrace).StopOnSignal()
      /opt/gopath/src/github.com/hyperledger-labs/mirbft/tracing/bufferedtrace.go:292 +0x172
  main.setUpTracing()
      /opt/gopath/src/github.com/hyperledger-labs/mirbft/cmd/orderingpeer/main.go:204 +0xf5
  main.main()
      /opt/gopath/src/github.com/hyperledger-labs/mirbft/cmd/orderingpeer/main.go:98 +0x9d6

Goroutine 114 (running) created at:
  github.com/hyperledger-labs/mirbft/profiling.StartCPUTracing()
      /opt/gopath/src/github.com/hyperledger-labs/mirbft/profiling/cpuusage.go:28 +0xb6
  main.setUpTracing()
      /opt/gopath/src/github.com/hyperledger-labs/mirbft/cmd/orderingpeer/main.go:196 +0x85
  main.main()
      /opt/gopath/src/github.com/hyperledger-labs/mirbft/cmd/orderingpeer/main.go:98 +0x9d6
==================
03:35:50.794 INF Trace data written.
03:35:50.923 INF Profile data written. filename=experiment-output/0001/slave-002/prof.cpu name=cpu
03:35:50.990 INF Profile data written. filename=experiment-output/0001/slave-002/prof.block name=block
03:35:51.017 INF Profile data written. filename=experiment-output/0001/slave-002/prof.mutex name=mutex
