3:52AM INF Received own slave ID. ownSlaveId=3
3:52AM INF OK status=0
3:52AM INF Received command. cmdId=3
3:52AM INF Received an ExecStart command args="[-p experiment-output/0000/slave-__id__/config]" cmd=mkdir outFile=/dev/null
3:52AM INF OK status=0
3:52AM INF Received command. cmdId=4
3:52AM INF Received command. cmdType=ExecWait
3:52AM INF OK status=0
3:52AM INF Received command. cmdId=7
3:52AM INF Received an ExecStart command args="[config/config-0000.yml experiment-output/0000/slave-__id__/config/config.yml]" cmd=cp outFile=/dev/null
3:52AM INF OK status=0
3:52AM INF Received command. cmdId=8
3:52AM INF Received command. cmdType=ExecWait
3:52AM INF OK status=0
3:52AM INF Received command. cmdId=10
3:52AM INF Received command. cmdType=Noop
3:52AM INF Noop. Doing nothing. status=033:52AM INF Received command. cmdId=15
3:52AM INF Received an ExecStart command args="[experiment-output/0000/slave-__id__/config/config.yml 127.0.0.1:9999 experiment-output/0000/slave-__id__/client experiment-output/0000/slave-__id__/prof-client]" cmd=orderingclient outFile=experiment-output/0000/slave-__id__/clients.log
3:52AM INF OK status=0
3:52AM IN4:08AM INF Received command. cmdId=20
4:08AM INF Received command. cmdType=ExecSignal
4:08AM INF OK status=0
4:08AM INF Received command. cmdId=25
4:08AM INF Received command. cmdType=Stop
eived an ExecStart command args="[Client failed or timed out]" cmd=echo outFile=experiment-output/0000/slave-__id__/FAILED
4:08AM INF OK status=0
4:08AM INF Received command. cmdId=18
4:08AM INF Received command. cmdType=ExecWait
4:08AM INF OK status=0
4:08AM INF Received command. cmdId=19
4:08AM INF Received command. cmdType=Noop
4:08AM INF Noop. Doing nothing. status=0
4:08AM INF Received command. cmdId=25
4:08AM INF Received command. cmdType=Stop
