{"level":"debug","Logging":"debug","time":"2022-08-31T20:08:35+08:00","message":"Config"}
{"level":"debug","UseTLS":false,"time":"2022-08-31T20:08:35+08:00","message":"Config"}
{"level":"debug","CACertFile":"tls-data/ca.pem","time":"2022-08-31T20:08:35+08:00","message":"Config"}
{"level":"debug","KeyFile":"tls-data/auth.key","time":"2022-08-31T20:08:35+08:00","message":"Config"}
{"level":"debug","CertFile":"tls-data/auth.pem","time":"2022-08-31T20:08:35+08:00","message":"Config"}
{"level":"debug","PriorityConnections":2,"time":"2022-08-31T20:08:35+08:00","message":"Config"}
{"level":"debug","BasicConnections":2,"time":"2022-08-31T20:08:35+08:00","message":"Config"}
{"level":"debug","TestConnections":false,"time":"2022-08-31T20:08:35+08:00","message":"Config"}
{"level":"debug","ExcessConnections":1,"time":"2022-08-31T20:08:35+08:00","message":"Config"}
{"level":"debug","ConnectionTestMsgs":4,"time":"2022-08-31T20:08:35+08:00","message":"Config"}
{"level":"debug","ConnectionTestPayload":131072,"time":"2022-08-31T20:08:35+08:00","message":"Config"}
{"level":"debug","OutMessageBufsize":1024,"time":"2022-08-31T20:08:35+08:00","message":"Config"}
{"level":"debug","OutMessageBufsize":2,"time":"2022-08-31T20:08:35+08:00","message":"Config"}
{"level":"debug","ThroughputCap":131072000,"time":"2022-08-31T20:08:35+08:00","message":"Config"}
{"level":"debug","StragglerTolerance":1000,"time":"2022-08-31T20:08:35+08:00","message":"Config"}
{"level":"debug","BatchSizeIncrement":256,"time":"2022-08-31T20:08:35+08:00","message":"Config"}
{"level":"debug","Orderer":"Pbft","time":"2022-08-31T20:08:35+08:00","message":"Config"}
{"level":"debug","Manager":"Mir","time":"2022-08-31T20:08:35+08:00","message":"Config"}
{"level":"debug","Failures":2,"time":"2022-08-31T20:08:35+08:00","message":"Config"}
{"level":"debug","CrashTiming":"Straggler","time":"2022-08-31T20:08:35+08:00","message":"Config"}
{"level":"debug","CheckpointInterval":256,"time":"2022-08-31T20:08:35+08:00","message":"Config"}
{"level":"debug","WatermarkWindowSize":256,"time":"2022-08-31T20:08:35+08:00","message":"Config"}
{"level":"debug","EpochLength":256,"time":"2022-08-31T20:08:35+08:00","message":"Config"}
{"level":"debug","SegmentLength":32,"time":"2022-08-31T20:08:35+08:00","message":"Config"}
{"level":"debug","WaitForCheckpoints":true,"time":"2022-08-31T20:08:35+08:00","message":"Config"}
{"level":"debug","ClientWatermarkWindowSize":4194304,"time":"2022-08-31T20:08:35+08:00","message":"Config"}
{"level":"debug","ClientRequestBacklogSize":4194304,"time":"2022-08-31T20:08:35+08:00","message":"Config"}
{"level":"debug","RandomSeed":27001,"time":"2022-08-31T20:08:35+08:00","message":"Config"}
{"level":"debug","NodeToLeaderRatio":1,"time":"2022-08-31T20:08:35+08:00","message":"Config"}
{"level":"debug","LeaderPolicy":"SimulatedRandomFailures","time":"2022-08-31T20:08:35+08:00","message":"Config"}
{"level":"debug","DefaultLeaderBan":2,"time":"2022-08-31T20:08:35+08:00","message":"Config"}
{"level":"debug","NumBuckets":128,"time":"2022-08-31T20:08:35+08:00","message":"Config"}
{"level":"debug","BatchSize":1000,"time":"2022-08-31T20:08:35+08:00","message":"Config"}
{"level":"debug","DisabledViewChange":false,"time":"2022-08-31T20:08:35+08:00","message":"Config"}
{"level":"debug","ViewChangeTimeout":60000,"time":"2022-08-31T20:08:35+08:00","message":"Config"}
{"level":"debug","ClientTraceSampling":10,"time":"2022-08-31T20:08:35+08:00","message":"Config"}
{"level":"debug","EventBufferSize":2097152,"time":"2022-08-31T20:08:35+08:00","message":"Config"}
{"level":"debug","TraceSampling":1,"time":"2022-08-31T20:08:35+08:00","message":"Config"}
{"level":"debug","ClientsPerProcess":1,"time":"2022-08-31T20:08:35+08:00","message":"Config"}
{"level":"debug","RequestsPerClient":15360,"time":"2022-08-31T20:08:35+08:00","message":"Config"}
{"level":"debug","ClientRunTime":30000,"time":"2022-08-31T20:08:35+08:00","message":"Config"}
{"level":"debug","RequestRate":256,"time":"2022-08-31T20:08:35+08:00","message":"Config"}
{"level":"debug","HardRequestRateLimit":false,"time":"2022-08-31T20:08:35+08:00","message":"Config"}
{"level":"debug","RequestPayloadSize":500,"time":"2022-08-31T20:08:35+08:00","message":"Config"}
{"level":"debug","SignRequests":true,"time":"2022-08-31T20:08:35+08:00","message":"Config"}
{"level":"debug","ClientPrivKeyFile":"tls-data/client-ecdsa-256.key","time":"2022-08-31T20:08:35+08:00","message":"Config"}
{"level":"debug","ClientPubKeyFile":"tls-data/client-ecdsa-256.pem","time":"2022-08-31T20:08:35+08:00","message":"Config"}
{"level":"debug","PrecomputeRequests":false,"time":"2022-08-31T20:08:35+08:00","message":"Config"}
{"level":"debug","RequestHandlerThreads":32,"time":"2022-08-31T20:08:35+08:00","message":"Config"}
{"level":"debug","RequestInputChannelBuffer":8192,"time":"2022-08-31T20:08:35+08:00","message":"Config"}
{"level":"debug","BatchVerifier":"external","time":"2022-08-31T20:08:35+08:00","message":"Config"}
12:08:35.125 INF Registered with discovery server. numPeers=8 ownID=2
12:08:35.126 INF Profiling enabled.
12:08:35.126 INF Setting up profiling.
12:08:35.126 INF Started Profiler: CPU
12:08:35.126 INF Started Profiler: BLOCK
12:08:35.126 INF Started Profiler: MUTEX
12:08:35.126 INF Profiler will stop on signal. exit=true
12:08:35.128 INF Tracing will stop on signal. exit=false
12:08:35.129 INF Started tracing. traceFile=experiment-output/0000/slave-007/peer.trc
12:08:35.130 DBG Starting backlog.
12:08:35.130 INF Listening for connections. port=10022 useTLS=false
12:08:35.130 INF Connecting to peer. addr=127.0.0.1:10022 basicConns=2 priorityConns=2
12:08:35.130 INF Connecting to peer. addr=127.0.0.1:10033 basicConns=2 priorityConns=2
12:08:35.130 INF Connecting to peer. addr=127.0.0.1:10044 basicConns=2 priorityConns=2
12:08:35.131 INF Connecting to peer. addr=127.0.0.1:10055 basicConns=2 priorityConns=2
12:08:35.131 INF Connecting to peer. addr=127.0.0.1:10066 basicConns=2 priorityConns=2
12:08:35.140 INF Connecting to peer. addr=127.0.0.1:10077 basicConns=2 priorityConns=2
12:08:35.149 INF Connecting to peer. addr=127.0.0.1:10000 basicConns=2 priorityConns=2
12:08:35.152 INF Connecting to peer. addr=127.0.0.1:10011 basicConns=2 priorityConns=2
12:08:35.187 INF Incoming connection for protocol messages. addr=127.0.0.1:33958
12:08:35.192 INF Incoming connection for protocol messages. addr=127.0.0.1:33984
12:08:35.194 INF Incoming connection for protocol messages. addr=127.0.0.1:33956
12:08:35.201 INF Incoming connection for protocol messages. addr=127.0.0.1:33982
12:08:35.204 INF Incoming connection for protocol messages. addr=127.0.0.1:33974
12:08:35.204 INF Incoming connection for protocol messages. addr=127.0.0.1:33934
12:08:35.204 INF Incoming connection for protocol messages. addr=127.0.0.1:33924
12:08:35.210 DBG Connected. peerID=3
12:08:35.211 INF Incoming connection for protocol messages. addr=127.0.0.1:33928
12:08:35.211 DBG Connected. peerID=6
12:08:35.211 INF Incoming connection for protocol messages. addr=127.0.0.1:34002
12:08:35.212 INF Incoming connection for protocol messages. addr=127.0.0.1:34004
12:08:35.214 INF Incoming connection for protocol messages. addr=127.0.0.1:34032
12:08:35.214 INF Incoming connection for protocol messages. addr=127.0.0.1:34010
12:08:35.219 INF Incoming connection for protocol messages. addr=127.0.0.1:34078
12:08:35.220 INF Incoming connection for protocol messages. addr=127.0.0.1:34072
12:08:35.222 DBG Connected. peerID=7
12:08:35.225 INF Incoming connection for protocol messages. addr=127.0.0.1:34228
12:08:35.225 INF Incoming connection for protocol messages. addr=127.0.0.1:34268
12:08:35.226 INF Incoming connection for protocol messages. addr=127.0.0.1:34090
12:08:35.227 DBG Connected. peerID=4
12:08:35.228 INF Incoming connection for protocol messages. addr=127.0.0.1:34070
12:08:35.228 INF Incoming connection for protocol messages. addr=127.0.0.1:34102
12:08:35.228 INF Incoming connection for protocol messages. addr=127.0.0.1:34176
12:08:35.228 DBG Connected. peerID=5
12:08:35.228 INF Incoming connection for protocol messages. addr=127.0.0.1:34136
12:08:35.229 INF Incoming connection for protocol messages. addr=127.0.0.1:34294
12:08:35.230 INF Incoming connection for protocol messages. addr=127.0.0.1:34262
12:08:35.230 INF Incoming connection for protocol messages. addr=127.0.0.1:33952
12:08:35.231 INF Incoming connection for protocol messages. addr=127.0.0.1:34044
12:08:35.232 INF Incoming connection for protocol messages. addr=127.0.0.1:34344
12:08:35.232 INF Incoming connection for protocol messages. addr=127.0.0.1:34244
12:08:35.232 INF Incoming connection for protocol messages. addr=127.0.0.1:34354
12:08:35.233 DBG Connected. peerID=2
12:08:35.233 DBG Connected. peerID=1
12:08:35.233 INF Incoming connection for protocol messages. addr=127.0.0.1:34364
12:08:35.233 INF Incoming connection for protocol messages. addr=127.0.0.1:34256
12:08:35.234 INF Incoming connection for protocol messages. addr=127.0.0.1:34360
12:08:35.237 INF Incoming connection for protocol messages. addr=127.0.0.1:34386
12:08:35.242 DBG Connected. peerID=0
12:08:35.242 INF Connected to all peers.
12:08:35.256 INF All peers finished connecting. Starting ISS.
12:08:35.257 DBG Buckets for 0-th leader 0: [0 8 16 24 32 40 48 56 64 72 80 88 96 104 112 120 6 30 54 78 102 126]
12:08:35.257 DBG Buckets for 1-th leader 1: [1 9 17 25 33 41 49 57 65 73 81 89 97 105 113 121 13 37 61 85 109]
12:08:35.257 DBG Buckets for 2-th leader 2: [2 10 18 26 34 42 50 58 66 74 82 90 98 106 114 122 14 38 62 86 110]
12:08:35.257 DBG Buckets for 3-th leader 3: [3 11 19 27 35 43 51 59 67 75 83 91 99 107 115 123 21 45 69 93 117]
12:08:35.258 DBG Buckets for 4-th leader 4: [4 12 20 28 36 44 52 60 68 76 84 92 100 108 116 124 22 46 70 94 118]
12:08:35.258 DBG Buckets for 5-th leader 7: [7 15 23 31 39 47 55 63 71 79 87 95 103 111 119 127 5 29 53 77 101 125]
12:08:35.258 INF PbftOrderer received a new segment: [0 6 12 18 24 30 36 42 48 54 60 66 72 78 84 90 96 102 108 114 120 126 132 138 144 150 156 162 168 174 180 186] first leader=0 firstSN=0 lastSN=186 len=32 length=32 segId=0
12:08:35.258 INF Starting new view. segID=0 timeout=60000 view=0
12:08:35.258 DBG Starting timer. sn=0 view=0
12:08:35.259 INF Starting PBFT instance. first=0 last=186 segID=0
12:08:35.259 DBG Subscribing to backlog. segID=0
12:08:35.259 INF Starting serialized message processing. segID=0
12:08:35.259 INF PbftOrderer received a new segment: [1 7 13 19 25 31 37 43 49 55 61 67 73 79 85 91 97 103 109 115 121 127 133 139 145 151 157 163 169 175 181 187] first leader=1 firstSN=1 lastSN=187 len=32 length=32 segId=1
12:08:35.259 INF Starting new view. segID=1 timeout=60000 view=0
12:08:35.259 DBG Starting timer. sn=1 view=0
12:08:35.260 INF Starting PBFT instance. first=1 last=187 segID=1
12:08:35.260 DBG Subscribing to backlog. segID=1
12:08:35.260 INF Starting serialized message processing. segID=1
12:08:35.260 INF PbftOrderer received a new segment: [2 8 14 20 26 32 38 44 50 56 62 68 74 80 86 92 98 104 110 116 122 128 134 140 146 152 158 164 170 176 182 188] first leader=2 firstSN=2 lastSN=188 len=32 length=32 segId=2
12:08:35.260 INF Starting new view. segID=2 timeout=60000 view=0
12:08:35.260 DBG Starting timer. sn=2 view=0
12:08:35.261 INF Starting PBFT instance. first=2 last=188 segID=2
12:08:35.261 DBG Subscribing to backlog. segID=2
12:08:35.261 DBG Leading segment. segID=2
12:08:35.261 INF Starting serialized message processing. segID=2
12:08:35.261 DBG Waiting for batch. batchSize=4096
12:08:35.261 INF PbftOrderer received a new segment: [3 9 15 21 27 33 39 45 51 57 63 69 75 81 87 93 99 105 111 117 123 129 135 141 147 153 159 165 171 177 183 189] first leader=3 firstSN=3 lastSN=189 len=32 length=32 segId=3
12:08:35.261 INF Starting new view. segID=3 timeout=60000 view=0
12:08:35.261 DBG Starting timer. sn=3 view=0
12:08:35.262 INF Starting PBFT instance. first=3 last=189 segID=3
12:08:35.262 DBG Subscribing to backlog. segID=3
12:08:35.262 INF Starting serialized message processing. segID=3
12:08:35.262 INF PbftOrderer received a new segment: [4 10 16 22 28 34 40 46 52 58 64 70 76 82 88 94 100 106 112 118 124 130 136 142 148 154 160 166 172 178 184 190] first leader=4 firstSN=4 lastSN=190 len=32 length=32 segId=4
12:08:35.262 INF Starting new view. segID=4 timeout=60000 view=0
12:08:35.263 DBG Starting timer. sn=4 view=0
12:08:35.263 INF Starting PBFT instance. first=4 last=190 segID=4
12:08:35.263 DBG Subscribing to backlog. segID=4
12:08:35.263 INF Starting serialized message processing. segID=4
12:08:35.263 INF PbftOrderer received a new segment: [5 11 17 23 29 35 41 47 53 59 65 71 77 83 89 95 101 107 113 119 125 131 137 143 149 155 161 167 173 179 185 191] first leader=7 firstSN=5 lastSN=191 len=32 length=32 segId=5
12:08:35.263 INF Starting new view. segID=5 timeout=60000 view=0
12:08:35.263 DBG Starting timer. sn=5 view=0
12:08:35.264 INF Starting PBFT instance. first=5 last=191 segID=5
12:08:35.264 INF Starting serialized message processing. segID=5
12:08:35.264 DBG Subscribing to backlog. segID=5
12:08:35.282 INF Connection terminated. error="rpc error: code = Canceled desc = context canceled" address=127.0.0.1:34070
12:08:35.282 INF Connection terminated. error="rpc error: code = Canceled desc = context canceled" address=127.0.0.1:34044
12:08:35.282 INF Connection terminated. error="rpc error: code = Canceled desc = context canceled" address=127.0.0.1:34176
12:08:35.282 INF Connection terminated. error="rpc error: code = Canceled desc = context canceled" address=127.0.0.1:34136
12:08:35.288 INF Connection terminated. error="rpc error: code = Canceled desc = context canceled" address=127.0.0.1:34244
12:08:35.287 INF Connection terminated. error="rpc error: code = Canceled desc = context canceled" address=127.0.0.1:34228
12:08:35.288 INF Connection terminated. error="rpc error: code = Canceled desc = context canceled" address=127.0.0.1:34090
12:08:35.288 INF Connection terminated. error="rpc error: code = Canceled desc = context canceled" address=127.0.0.1:34268
12:08:37.295 INF Incoming connection for requests. addr=127.0.0.1:34462
12:09:05.262 DBG Batch ready. batchSize=4096
12:09:05.263 DBG Batch cut. left=0 nBuckets=21 nReq=1174 next=0
12:09:05.263 DBG Waiting for batch. batchSize=4096
12:09:05.317 INF Sending PREPREPARE. nReq=1174 senderID=2 sn=2 view=0
12:09:05.444 ERR Failed to send protocol message. Dropping all future outgoing protocol messages. error=EOF
12:09:05.454 ERR Failed to send protocol message. Dropping all future outgoing protocol messages. error=EOF
12:09:05.458 INF Handling PREPREPARE. nReq=1230 senderID=0 sn=0
12:09:05.458 DBG Creating new Batch. nReq=1230
12:09:05.495 INF Handling PREPREPARE. nReq=1173 senderID=4 sn=4
12:09:05.496 DBG Creating new Batch. nReq=1173
12:09:05.528 INF Handling PREPREPARE. nReq=1175 senderID=1 sn=1
12:09:05.528 DBG Creating new Batch. nReq=1175
12:09:05.657 INF Handling PREPREPARE. nReq=1173 senderID=3 sn=3
12:09:05.657 DBG Creating new Batch. nReq=1173
12:09:05.707 INF Handling PREPREPARE. nReq=1229 senderID=7 sn=5
12:09:05.707 DBG Creating new Batch. nReq=1229
12:09:05.961 DBG Sending COMMIT. senderID=2 sn=2 view=0
12:09:05.967 INF Committed entry. latency=0 nReq=1174 sn=2
12:09:05.967 DBG Starting timer. sn=8 view=0
12:09:05.976 DBG Sending PREPARE. senderID=2 sn=0 view=0
12:09:05.995 DBG Sending PREPARE. senderID=2 sn=4 view=0
12:09:05.995 DBG Sending COMMIT. senderID=2 sn=4 view=0
12:09:05.997 DBG Sending COMMIT. senderID=2 sn=0 view=0
12:09:06.000 DBG Sending PREPARE. senderID=2 sn=1 view=0
12:09:06.000 DBG Sending COMMIT. senderID=2 sn=1 view=0
12:09:06.001 INF Committed entry. latency=0 nReq=1230 sn=0
12:09:06.002 INF Delivered batch. nReq=1230 sn=0
12:09:06.002 DBG Starting timer. sn=6 view=0
12:09:06.002 INF Committed entry. latency=0 nReq=1173 sn=4
12:09:06.002 DBG Starting timer. sn=10 view=0
12:09:06.011 INF Committed entry. latency=0 nReq=1175 sn=1
12:09:06.011 INF Delivered batch. nReq=1175 sn=1
12:09:06.011 INF Delivered batch. nReq=1174 sn=2
12:09:06.011 DBG Starting timer. sn=7 view=0
12:09:06.014 DBG Sending PREPARE. senderID=2 sn=3 view=0
12:09:06.014 DBG Sending COMMIT. senderID=2 sn=3 view=0
12:09:06.014 DBG Sending PREPARE. senderID=2 sn=5 view=0
12:09:06.015 DBG Sending COMMIT. senderID=2 sn=5 view=0
12:09:06.018 INF Committed entry. latency=0 nReq=1173 sn=3
12:09:06.018 INF Delivered batch. nReq=1173 sn=3
12:09:06.018 INF Delivered batch. nReq=1173 sn=4
12:09:06.018 DBG Starting timer. sn=9 view=0
12:09:06.020 INF Committed entry. latency=0 nReq=1229 sn=5
12:09:06.021 INF Delivered batch. nReq=1229 sn=5
12:09:06.021 DBG Starting timer. sn=11 view=0
12:09:35.264 DBG Batch ready. batchSize=4096
12:09:35.265 DBG Batch cut. left=0 nBuckets=21 nReq=86 next=0
12:09:35.265 DBG Waiting for batch. batchSize=4096
12:09:35.267 INF Sending PREPREPARE. nReq=86 senderID=2 sn=8 view=0
12:09:35.280 INF Handling PREPREPARE. nReq=87 senderID=4 sn=10
12:09:35.281 DBG Creating new Batch. nReq=87
12:09:35.285 INF Handling PREPREPARE. nReq=91 senderID=0 sn=6
12:09:35.286 DBG Creating new Batch. nReq=91
12:09:35.293 INF Handling PREPREPARE. nReq=87 senderID=3 sn=9
12:09:35.293 DBG Creating new Batch. nReq=87
12:09:35.295 INF Handling PREPREPARE. nReq=86 senderID=1 sn=7
12:09:35.295 DBG Creating new Batch. nReq=86
12:09:35.303 DBG Sending PREPARE. senderID=2 sn=10 view=0
12:09:35.308 INF Handling PREPREPARE. nReq=91 senderID=7 sn=11
12:09:35.309 DBG Creating new Batch. nReq=91
12:09:35.318 DBG Sending PREPARE. senderID=2 sn=6 view=0
12:09:35.319 DBG Sending COMMIT. senderID=2 sn=6 view=0
12:09:35.319 DBG Sending PREPARE. senderID=2 sn=9 view=0
12:09:35.322 DBG Sending COMMIT. senderID=2 sn=8 view=0
12:09:35.323 DBG Sending PREPARE. senderID=2 sn=7 view=0
12:09:35.324 DBG Sending COMMIT. senderID=2 sn=9 view=0
12:09:35.324 INF Committed entry. latency=0 nReq=91 sn=6
12:09:35.325 INF Committed entry. latency=0 nReq=86 sn=8
12:09:35.325 INF Delivered batch. nReq=91 sn=6
12:09:35.325 DBG Starting timer. sn=12 view=0
12:09:35.325 DBG Starting timer. sn=14 view=0
12:09:35.327 DBG Sending PREPARE. senderID=2 sn=11 view=0
12:09:35.329 INF Committed entry. latency=0 nReq=87 sn=9
12:09:35.329 DBG Starting timer. sn=15 view=0
12:09:35.330 DBG Sending COMMIT. senderID=2 sn=10 view=0
12:09:35.330 DBG Sending COMMIT. senderID=2 sn=11 view=0
12:09:35.332 DBG Sending COMMIT. senderID=2 sn=7 view=0
12:09:35.334 INF Committed entry. latency=0 nReq=87 sn=10
12:09:35.334 DBG Starting timer. sn=16 view=0
12:09:35.335 INF Committed entry. latency=0 nReq=91 sn=11
12:09:35.335 DBG Starting timer. sn=17 view=0
12:09:35.335 INF Committed entry. latency=0 nReq=86 sn=7
12:09:35.336 INF Delivered batch. nReq=86 sn=7
12:09:35.336 INF Delivered batch. nReq=86 sn=8
12:09:35.336 INF Delivered batch. nReq=87 sn=9
12:09:35.336 INF Delivered batch. nReq=87 sn=10
12:09:35.336 INF Delivered batch. nReq=91 sn=11
12:09:35.336 DBG Starting timer. sn=13 view=0
12:09:36.330 INF Connection terminated. error="rpc error: code = Canceled desc = context canceled" address=127.0.0.1:34462
12:09:36.331 INF Finished sending bucket assignments to client. clId=0
12:09:36.736 INF Stopping profiler.
12:09:36.736 INF Stopping Tracer. events=144 fileName=experiment-output/0000/slave-007/peer.trc
==================
WARNING: DATA RACE
Read at 0x00c000a28000 by goroutine 115:
  runtime.racereadrange()
      <autogenerated>:1 +0x1b
  github.com/hyperledger-labs/mirbft/tracing.(*BufferedTrace).StopOnSignal.func1()
      /opt/gopath/src/github.com/hyperledger-labs/mirbft/tracing/bufferedtrace.go:298 +0x4e

Previous write at 0x00c000a28000 by goroutine 197:
  github.com/hyperledger-labs/mirbft/tracing.(*BufferedTrace).Event()
      /opt/gopath/src/github.com/hyperledger-labs/mirbft/tracing/bufferedtrace.go:105 +0x2d9
  github.com/hyperledger-labs/mirbft/manager.(*MirManager).handleLogEntries()
      /opt/gopath/src/github.com/hyperledger-labs/mirbft/manager/mirmanager.go:139 +0x1d8
  github.com/hyperledger-labs/mirbft/manager.(*MirManager).Start路dwrap路7()
      /opt/gopath/src/github.com/hyperledger-labs/mirbft/manager/mirmanager.go:101 +0x47

Goroutine 115 (running) created at:
  github.com/hyperledger-labs/mirbft/tracing.(*BufferedTrace).StopOnSignal()
      /opt/gopath/src/github.com/hyperledger-labs/mirbft/tracing/bufferedtrace.go:292 +0x172
  main.setUpTracing()
      /opt/gopath/src/github.com/hyperledger-labs/mirbft/cmd/orderingpeer/main.go:204 +0xf5
  main.main()
      /opt/gopath/src/github.com/hyperledger-labs/mirbft/cmd/orderingpeer/main.go:98 +0x9d6

Goroutine 197 (running) created at:
  github.com/hyperledger-labs/mirbft/manager.(*MirManager).Start()
      /opt/gopath/src/github.com/hyperledger-labs/mirbft/manager/mirmanager.go:101 +0x19e
  main.main路dwrap路4()
      /opt/gopath/src/github.com/hyperledger-labs/mirbft/cmd/orderingpeer/main.go:168 +0x59
==================
==================
WARNING: DATA RACE
Read at 0x00c000a29658 by goroutine 115:
  runtime.racereadrange()
      <autogenerated>:1 +0x1b
  github.com/hyperledger-labs/mirbft/tracing.(*BufferedTrace).StopOnSignal.func1()
      /opt/gopath/src/github.com/hyperledger-labs/mirbft/tracing/bufferedtrace.go:298 +0x4e

Previous write at 0x00c000a29658 by goroutine 114:
  github.com/hyperledger-labs/mirbft/tracing.(*BufferedTrace).Event()
      /opt/gopath/src/github.com/hyperledger-labs/mirbft/tracing/bufferedtrace.go:105 +0x2d9
  github.com/hyperledger-labs/mirbft/profiling.StartCPUTracing.func1()
      /opt/gopath/src/github.com/hyperledger-labs/mirbft/profiling/cpuusage.go:31 +0x95

Goroutine 115 (running) created at:
  github.com/hyperledger-labs/mirbft/tracing.(*BufferedTrace).StopOnSignal()
      /opt/gopath/src/github.com/hyperledger-labs/mirbft/tracing/bufferedtrace.go:292 +0x172
  main.setUpTracing()
      /opt/gopath/src/github.com/hyperledger-labs/mirbft/cmd/orderingpeer/main.go:204 +0xf5
  main.main()
      /opt/gopath/src/github.com/hyperledger-labs/mirbft/cmd/orderingpeer/main.go:98 +0x9d6

Goroutine 114 (running) created at:
  github.com/hyperledger-labs/mirbft/profiling.StartCPUTracing()
      /opt/gopath/src/github.com/hyperledger-labs/mirbft/profiling/cpuusage.go:28 +0xb6
  main.setUpTracing()
      /opt/gopath/src/github.com/hyperledger-labs/mirbft/cmd/orderingpeer/main.go:196 +0x85
  main.main()
      /opt/gopath/src/github.com/hyperledger-labs/mirbft/cmd/orderingpeer/main.go:98 +0x9d6
==================
12:09:36.738 INF Trace data written.
12:09:36.849 INF Profile data written. filename=experiment-output/0000/slave-007/prof.cpu name=cpu
12:09:36.897 INF Connection terminated. error="rpc error: code = Canceled desc = context canceled" address=127.0.0.1:34262
12:09:36.897 INF Connection terminated. error="rpc error: code = Canceled desc = context canceled" address=127.0.0.1:33958
12:09:36.897 INF Connection terminated. error="rpc error: code = Canceled desc = context canceled" address=127.0.0.1:33924
12:09:36.897 INF Connection terminated. error="rpc error: code = Canceled desc = context canceled" address=127.0.0.1:34078
12:09:36.906 INF Profile data written. filename=experiment-output/0000/slave-007/prof.block name=block
12:09:36.936 INF Profile data written. filename=experiment-output/0000/slave-007/prof.mutex name=mutex
