{"level":"debug","Logging":"debug","time":"2022-12-07T10:06:45+08:00","message":"Config"}
{"level":"debug","UseTLS":false,"time":"2022-12-07T10:06:45+08:00","message":"Config"}
{"level":"debug","CACertFile":"tls-data/ca.pem","time":"2022-12-07T10:06:45+08:00","message":"Config"}
{"level":"debug","KeyFile":"tls-data/auth.key","time":"2022-12-07T10:06:45+08:00","message":"Config"}
{"level":"debug","CertFile":"tls-data/auth.pem","time":"2022-12-07T10:06:45+08:00","message":"Config"}
{"level":"debug","PriorityConnections":2,"time":"2022-12-07T10:06:45+08:00","message":"Config"}
{"level":"debug","BasicConnections":1,"time":"2022-12-07T10:06:45+08:00","message":"Config"}
{"level":"debug","TestConnections":false,"time":"2022-12-07T10:06:45+08:00","message":"Config"}
{"level":"debug","ExcessConnections":1,"time":"2022-12-07T10:06:45+08:00","message":"Config"}
{"level":"debug","ConnectionTestMsgs":4,"time":"2022-12-07T10:06:45+08:00","message":"Config"}
{"level":"debug","ConnectionTestPayload":131072,"time":"2022-12-07T10:06:45+08:00","message":"Config"}
{"level":"debug","OutMessageBufsize":1024,"time":"2022-12-07T10:06:45+08:00","message":"Config"}
{"level":"debug","OutMessageBufsize":4,"time":"2022-12-07T10:06:45+08:00","message":"Config"}
{"level":"debug","ThroughputCap":131072000,"time":"2022-12-07T10:06:45+08:00","message":"Config"}
{"level":"debug","StragglerTolerance":1000,"time":"2022-12-07T10:06:45+08:00","message":"Config"}
{"level":"debug","BatchSizeIncrement":256,"time":"2022-12-07T10:06:45+08:00","message":"Config"}
{"level":"debug","Orderer":"Pbft","time":"2022-12-07T10:06:45+08:00","message":"Config"}
{"level":"debug","Manager":"Mir","time":"2022-12-07T10:06:45+08:00","message":"Config"}
{"level":"debug","Failures":0,"time":"2022-12-07T10:06:45+08:00","message":"Config"}
{"level":"debug","StragglerCnt":1,"time":"2022-12-07T10:06:45+08:00","message":"Config"}
{"level":"debug","CrashTiming":"Straggler","time":"2022-12-07T10:06:45+08:00","message":"Config"}
{"level":"debug","CheckpointInterval":2560,"time":"2022-12-07T10:06:45+08:00","message":"Config"}
{"level":"debug","WatermarkWindowSize":2560,"time":"2022-12-07T10:06:45+08:00","message":"Config"}
{"level":"debug","EpochLength":2560,"time":"2022-12-07T10:06:45+08:00","message":"Config"}
{"level":"debug","SegmentLength":160,"time":"2022-12-07T10:06:45+08:00","message":"Config"}
{"level":"debug","WaitForCheckpoints":true,"time":"2022-12-07T10:06:45+08:00","message":"Config"}
{"level":"debug","ClientWatermarkWindowSize":15728640,"time":"2022-12-07T10:06:45+08:00","message":"Config"}
{"level":"debug","ClientRequestBacklogSize":15728640,"time":"2022-12-07T10:06:45+08:00","message":"Config"}
{"level":"debug","RandomSeed":3884,"time":"2022-12-07T10:06:45+08:00","message":"Config"}
{"level":"debug","NodeToLeaderRatio":1,"time":"2022-12-07T10:06:45+08:00","message":"Config"}
{"level":"debug","LeaderPolicy":"Blacklist","time":"2022-12-07T10:06:45+08:00","message":"Config"}
{"level":"debug","DefaultLeaderBan":2,"time":"2022-12-07T10:06:45+08:00","message":"Config"}
{"level":"debug","NumBuckets":256,"time":"2022-12-07T10:06:45+08:00","message":"Config"}
{"level":"debug","BatchSize":1000,"time":"2022-12-07T10:06:45+08:00","message":"Config"}
{"level":"debug","DisabledViewChange":false,"time":"2022-12-07T10:06:45+08:00","message":"Config"}
{"level":"debug","ViewChangeTimeout":60000,"time":"2022-12-07T10:06:45+08:00","message":"Config"}
{"level":"debug","ClientTraceSampling":10,"time":"2022-12-07T10:06:45+08:00","message":"Config"}
{"level":"debug","EventBufferSize":2097152,"time":"2022-12-07T10:06:45+08:00","message":"Config"}
{"level":"debug","TraceSampling":1,"time":"2022-12-07T10:06:45+08:00","message":"Config"}
{"level":"debug","ClientsPerProcess":1,"time":"2022-12-07T10:06:45+08:00","message":"Config"}
{"level":"debug","RequestsPerClient":15360,"time":"2022-12-07T10:06:45+08:00","message":"Config"}
{"level":"debug","ClientRunTime":30000,"time":"2022-12-07T10:06:45+08:00","message":"Config"}
{"level":"debug","RequestRate":256,"time":"2022-12-07T10:06:45+08:00","message":"Config"}
{"level":"debug","HardRequestRateLimit":false,"time":"2022-12-07T10:06:45+08:00","message":"Config"}
{"level":"debug","RequestPayloadSize":500,"time":"2022-12-07T10:06:45+08:00","message":"Config"}
{"level":"debug","SignRequests":true,"time":"2022-12-07T10:06:45+08:00","message":"Config"}
{"level":"debug","ClientPrivKeyFile":"tls-data/client-ecdsa-256.key","time":"2022-12-07T10:06:45+08:00","message":"Config"}
{"level":"debug","ClientPubKeyFile":"tls-data/client-ecdsa-256.pem","time":"2022-12-07T10:06:45+08:00","message":"Config"}
{"level":"debug","PrecomputeRequests":false,"time":"2022-12-07T10:06:45+08:00","message":"Config"}
{"level":"debug","RequestHandlerThreads":32,"time":"2022-12-07T10:06:45+08:00","message":"Config"}
{"level":"debug","RequestInputChannelBuffer":8192,"time":"2022-12-07T10:06:45+08:00","message":"Config"}
{"level":"debug","BatchVerifier":"external","time":"2022-12-07T10:06:45+08:00","message":"Config"}
02:06:45.163 INF Started Profiler: CPU
02:06:45.163 INF Started Profiler: BLOCK
02:06:45.163 INF Started Profiler: MUTEX
02:06:45.163 INF Starting clients. numClients=1 numRequests=15360
02:06:45.163 INF Initilizing clients.
02:06:45.433 INF Registared with discovery server. numOrderers=16 ownClientId=0
02:06:45.434 INF Clients initialized.
02:06:45.434 INF Launching clients.
02:06:45.434 INF Waiting for clients.
