{"level":"debug","Logging":"debug","time":"2022-09-22T18:05:57+08:00","message":"Config"}
{"level":"debug","UseTLS":false,"time":"2022-09-22T18:05:57+08:00","message":"Config"}
{"level":"debug","CACertFile":"tls-data/ca.pem","time":"2022-09-22T18:05:57+08:00","message":"Config"}
{"level":"debug","KeyFile":"tls-data/auth.key","time":"2022-09-22T18:05:57+08:00","message":"Config"}
{"level":"debug","CertFile":"tls-data/auth.pem","time":"2022-09-22T18:05:57+08:00","message":"Config"}
{"level":"debug","PriorityConnections":2,"time":"2022-09-22T18:05:57+08:00","message":"Config"}
{"level":"debug","BasicConnections":2,"time":"2022-09-22T18:05:57+08:00","message":"Config"}
{"level":"debug","TestConnections":false,"time":"2022-09-22T18:05:57+08:00","message":"Config"}
{"level":"debug","ExcessConnections":1,"time":"2022-09-22T18:05:57+08:00","message":"Config"}
{"level":"debug","ConnectionTestMsgs":4,"time":"2022-09-22T18:05:57+08:00","message":"Config"}
{"level":"debug","ConnectionTestPayload":131072,"time":"2022-09-22T18:05:57+08:00","message":"Config"}
{"level":"debug","OutMessageBufsize":1024,"time":"2022-09-22T18:05:57+08:00","message":"Config"}
{"level":"debug","OutMessageBufsize":2,"time":"2022-09-22T18:05:57+08:00","message":"Config"}
{"level":"debug","ThroughputCap":131072000,"time":"2022-09-22T18:05:57+08:00","message":"Config"}
{"level":"debug","StragglerTolerance":1000,"time":"2022-09-22T18:05:57+08:00","message":"Config"}
{"level":"debug","BatchSizeIncrement":256,"time":"2022-09-22T18:05:57+08:00","message":"Config"}
{"level":"debug","Orderer":"Pbft","time":"2022-09-22T18:05:57+08:00","message":"Config"}
{"level":"debug","Manager":"Mir","time":"2022-09-22T18:05:57+08:00","message":"Config"}
{"level":"debug","Failures":2,"time":"2022-09-22T18:05:57+08:00","message":"Config"}
{"level":"debug","CrashTiming":"Straggler","time":"2022-09-22T18:05:57+08:00","message":"Config"}
{"level":"debug","CheckpointInterval":256,"time":"2022-09-22T18:05:57+08:00","message":"Config"}
{"level":"debug","WatermarkWindowSize":256,"time":"2022-09-22T18:05:57+08:00","message":"Config"}
{"level":"debug","EpochLength":256,"time":"2022-09-22T18:05:57+08:00","message":"Config"}
{"level":"debug","SegmentLength":32,"time":"2022-09-22T18:05:57+08:00","message":"Config"}
{"level":"debug","WaitForCheckpoints":true,"time":"2022-09-22T18:05:57+08:00","message":"Config"}
{"level":"debug","ClientWatermarkWindowSize":4194304,"time":"2022-09-22T18:05:57+08:00","message":"Config"}
{"level":"debug","ClientRequestBacklogSize":4194304,"time":"2022-09-22T18:05:57+08:00","message":"Config"}
{"level":"debug","RandomSeed":3884,"time":"2022-09-22T18:05:57+08:00","message":"Config"}
{"level":"debug","NodeToLeaderRatio":1,"time":"2022-09-22T18:05:57+08:00","message":"Config"}
{"level":"debug","LeaderPolicy":"SimulatedRandomFailures","time":"2022-09-22T18:05:57+08:00","message":"Config"}
{"level":"debug","DefaultLeaderBan":2,"time":"2022-09-22T18:05:57+08:00","message":"Config"}
{"level":"debug","NumBuckets":128,"time":"2022-09-22T18:05:57+08:00","message":"Config"}
{"level":"debug","BatchSize":1000,"time":"2022-09-22T18:05:57+08:00","message":"Config"}
{"level":"debug","DisabledViewChange":false,"time":"2022-09-22T18:05:57+08:00","message":"Config"}
{"level":"debug","ViewChangeTimeout":60000,"time":"2022-09-22T18:05:57+08:00","message":"Config"}
{"level":"debug","ClientTraceSampling":10,"time":"2022-09-22T18:05:57+08:00","message":"Config"}
{"level":"debug","EventBufferSize":2097152,"time":"2022-09-22T18:05:57+08:00","message":"Config"}
{"level":"debug","TraceSampling":1,"time":"2022-09-22T18:05:57+08:00","message":"Config"}
{"level":"debug","ClientsPerProcess":1,"time":"2022-09-22T18:05:57+08:00","message":"Config"}
{"level":"debug","RequestsPerClient":15360,"time":"2022-09-22T18:05:57+08:00","message":"Config"}
{"level":"debug","ClientRunTime":30000,"time":"2022-09-22T18:05:57+08:00","message":"Config"}
{"level":"debug","RequestRate":256,"time":"2022-09-22T18:05:57+08:00","message":"Config"}
{"level":"debug","HardRequestRateLimit":false,"time":"2022-09-22T18:05:57+08:00","message":"Config"}
{"level":"debug","RequestPayloadSize":500,"time":"2022-09-22T18:05:57+08:00","message":"Config"}
{"level":"debug","SignRequests":true,"time":"2022-09-22T18:05:57+08:00","message":"Config"}
{"level":"debug","ClientPrivKeyFile":"tls-data/client-ecdsa-256.key","time":"2022-09-22T18:05:57+08:00","message":"Config"}
{"level":"debug","ClientPubKeyFile":"tls-data/client-ecdsa-256.pem","time":"2022-09-22T18:05:57+08:00","message":"Config"}
{"level":"debug","PrecomputeRequests":false,"time":"2022-09-22T18:05:57+08:00","message":"Config"}
{"level":"debug","RequestHandlerThreads":32,"time":"2022-09-22T18:05:57+08:00","message":"Config"}
{"level":"debug","RequestInputChannelBuffer":8192,"time":"2022-09-22T18:05:57+08:00","message":"Config"}
{"level":"debug","BatchVerifier":"external","time":"2022-09-22T18:05:57+08:00","message":"Config"}
10:05:57.433 INF Registered with discovery server. numPeers=8 ownID=3
10:05:57.433 INF Profiling enabled.
10:05:57.433 INF Setting up profiling.
10:05:57.434 INF Started Profiler: CPU
10:05:57.434 INF Started Profiler: BLOCK
10:05:57.434 INF Started Profiler: MUTEX
10:05:57.434 INF Profiler will stop on signal. exit=true
10:05:57.436 INF Tracing will stop on signal. exit=false
10:05:57.437 INF Started tracing. traceFile=experiment-output/0000/slave-007/peer.trc
10:05:57.438 DBG Starting backlog.
10:05:57.438 INF Listening for connections. port=10033 useTLS=false
10:05:57.439 INF Connecting to peer. addr=127.0.0.1:10044 basicConns=2 priorityConns=2
10:05:57.439 INF Connecting to peer. addr=127.0.0.1:10077 basicConns=2 priorityConns=2
10:05:57.439 INF Connecting to peer. addr=127.0.0.1:10000 basicConns=2 priorityConns=2
10:05:57.439 INF Connecting to peer. addr=127.0.0.1:10011 basicConns=2 priorityConns=2
10:05:57.439 INF Connecting to peer. addr=127.0.0.1:10022 basicConns=2 priorityConns=2
10:05:57.439 INF Connecting to peer. addr=127.0.0.1:10033 basicConns=2 priorityConns=2
10:05:57.440 INF Connecting to peer. addr=127.0.0.1:10055 basicConns=2 priorityConns=2
10:05:57.440 INF Connecting to peer. addr=127.0.0.1:10066 basicConns=2 priorityConns=2
10:05:57.522 INF Incoming connection for protocol messages. addr=127.0.0.1:38726
10:05:57.537 INF Incoming connection for protocol messages. addr=127.0.0.1:38774
10:05:57.538 INF Incoming connection for protocol messages. addr=127.0.0.1:38786
10:05:57.541 INF Incoming connection for protocol messages. addr=127.0.0.1:38936
10:05:57.543 DBG Connected. peerID=4
10:05:57.542 INF Incoming connection for protocol messages. addr=127.0.0.1:38930
10:05:57.543 INF Incoming connection for protocol messages. addr=127.0.0.1:38760
10:05:57.543 INF Incoming connection for protocol messages. addr=127.0.0.1:38840
10:05:57.544 INF Incoming connection for protocol messages. addr=127.0.0.1:38864
10:05:57.545 INF Incoming connection for protocol messages. addr=127.0.0.1:38918
10:05:57.546 DBG Connected. peerID=5
10:05:57.547 DBG Connected. peerID=6
10:05:57.547 INF Incoming connection for protocol messages. addr=127.0.0.1:38964
10:05:57.547 INF Incoming connection for protocol messages. addr=127.0.0.1:38980
10:05:57.547 INF Incoming connection for protocol messages. addr=127.0.0.1:38942
10:05:57.547 INF Incoming connection for protocol messages. addr=127.0.0.1:38974
10:05:57.548 INF Incoming connection for protocol messages. addr=127.0.0.1:38962
10:05:57.548 DBG Connected. peerID=1
10:05:57.549 INF Incoming connection for protocol messages. addr=127.0.0.1:38952
10:05:57.549 DBG Connected. peerID=2
10:05:57.551 INF Incoming connection for protocol messages. addr=127.0.0.1:39010
10:05:57.552 INF Incoming connection for protocol messages. addr=127.0.0.1:38986
10:05:57.552 INF Incoming connection for protocol messages. addr=127.0.0.1:39056
10:05:57.553 INF Incoming connection for protocol messages. addr=127.0.0.1:39032
10:05:57.554 INF Incoming connection for protocol messages. addr=127.0.0.1:39098
10:05:57.555 INF Incoming connection for protocol messages. addr=127.0.0.1:39084
10:05:57.555 INF Incoming connection for protocol messages. addr=127.0.0.1:39110
10:05:57.556 INF Incoming connection for protocol messages. addr=127.0.0.1:39074
10:05:57.556 DBG Connected. peerID=0
10:05:57.558 INF Incoming connection for protocol messages. addr=127.0.0.1:39114
10:05:57.558 INF Incoming connection for protocol messages. addr=127.0.0.1:38994
10:05:57.558 INF Incoming connection for protocol messages. addr=127.0.0.1:38998
10:05:57.558 INF Incoming connection for protocol messages. addr=127.0.0.1:39128
10:05:57.558 INF Incoming connection for protocol messages. addr=127.0.0.1:39060
10:05:57.558 INF Incoming connection for protocol messages. addr=127.0.0.1:39158
10:05:57.559 DBG Connected. peerID=3
10:05:57.559 INF Incoming connection for protocol messages. addr=127.0.0.1:39194
10:05:57.559 INF Incoming connection for protocol messages. addr=127.0.0.1:39210
10:05:57.560 INF Incoming connection for protocol messages. addr=127.0.0.1:39212
10:05:57.562 DBG Connected. peerID=7
10:05:57.563 INF Connected to all peers.
10:05:57.571 INF All peers finished connecting. Starting ISS.
10:05:57.572 DBG Buckets for 0-th leader 0: [0 8 16 24 32 40 48 56 64 72 80 88 96 104 112 120 18 42 66 90 114 12 36 60 84 108]
10:05:57.572 DBG Buckets for 1-th leader 1: [1 9 17 25 33 41 49 57 65 73 81 89 97 105 113 121]
10:05:57.572 DBG Buckets for 2-th leader 3: [3 11 19 27 35 43 51 59 67 75 83 91 99 107 115 123 2 26 50 74 98 122 20 44 68 92 116]
10:05:57.572 DBG Buckets for 3-th leader 5: [5 13 21 29 37 45 53 61 69 77 85 93 101 109 117 125]
10:05:57.572 DBG Buckets for 4-th leader 6: [6 14 22 30 38 46 54 62 70 78 86 94 102 110 118 126 10 34 58 82 106 4 28 52 76 100 124]
10:05:57.572 DBG Buckets for 5-th leader 7: [7 15 23 31 39 47 55 63 71 79 87 95 103 111 119 127]
10:05:57.573 INF PbftOrderer received a new segment: [0 6 12 18 24 30 36 42 48 54 60 66 72 78 84 90 96 102 108 114 120 126 132 138 144 150 156 162 168 174 180 186] first leader=0 firstSN=0 lastSN=186 len=32 length=32 segId=0
10:05:57.573 INF Starting new view. segID=0 timeout=60000 view=0
10:05:57.573 DBG Starting timer. sn=0 view=0
10:05:57.573 INF Starting PBFT instance. first=0 last=186 segID=0
10:05:57.574 DBG Subscribing to backlog. segID=0
10:05:57.574 INF Starting serialized message processing. segID=0
10:05:57.574 INF PbftOrderer received a new segment: [1 7 13 19 25 31 37 43 49 55 61 67 73 79 85 91 97 103 109 115 121 127 133 139 145 151 157 163 169 175 181 187] first leader=1 firstSN=1 lastSN=187 len=32 length=32 segId=1
10:05:57.574 INF Starting new view. segID=1 timeout=60000 view=0
10:05:57.574 DBG Starting timer. sn=1 view=0
10:05:57.574 INF Starting PBFT instance. first=1 last=187 segID=1
10:05:57.575 INF PbftOrderer received a new segment: [2 8 14 20 26 32 38 44 50 56 62 68 74 80 86 92 98 104 110 116 122 128 134 140 146 152 158 164 170 176 182 188] first leader=3 firstSN=2 lastSN=188 len=32 length=32 segId=2
10:05:57.575 DBG Subscribing to backlog. segID=1
10:05:57.575 INF Starting serialized message processing. segID=1
10:05:57.575 INF Starting new view. segID=2 timeout=60000 view=0
10:05:57.575 DBG Starting timer. sn=2 view=0
10:05:57.575 INF Starting PBFT instance. first=2 last=188 segID=2
10:05:57.576 DBG Subscribing to backlog. segID=2
10:05:57.576 DBG Leading segment. segID=2
10:05:57.576 INF Starting serialized message processing. segID=2
10:05:57.576 DBG Waiting for batch. batchSize=4096
10:05:57.576 INF PbftOrderer received a new segment: [3 9 15 21 27 33 39 45 51 57 63 69 75 81 87 93 99 105 111 117 123 129 135 141 147 153 159 165 171 177 183 189] first leader=5 firstSN=3 lastSN=189 len=32 length=32 segId=3
10:05:57.576 INF Starting new view. segID=3 timeout=60000 view=0
10:05:57.576 DBG Starting timer. sn=3 view=0
10:05:57.576 INF Starting PBFT instance. first=3 last=189 segID=3
10:05:57.577 DBG Subscribing to backlog. segID=3
10:05:57.577 INF Starting serialized message processing. segID=3
10:05:57.577 INF PbftOrderer received a new segment: [4 10 16 22 28 34 40 46 52 58 64 70 76 82 88 94 100 106 112 118 124 130 136 142 148 154 160 166 172 178 184 190] first leader=6 firstSN=4 lastSN=190 len=32 length=32 segId=4
10:05:57.577 INF Starting new view. segID=4 timeout=60000 view=0
10:05:57.577 DBG Starting timer. sn=4 view=0
10:05:57.577 INF Starting PBFT instance. first=4 last=190 segID=4
10:05:57.578 DBG Subscribing to backlog. segID=4
10:05:57.578 INF Starting serialized message processing. segID=4
10:05:57.578 INF PbftOrderer received a new segment: [5 11 17 23 29 35 41 47 53 59 65 71 77 83 89 95 101 107 113 119 125 131 137 143 149 155 161 167 173 179 185 191] first leader=7 firstSN=5 lastSN=191 len=32 length=32 segId=5
10:05:57.578 INF Starting new view. segID=5 timeout=60000 view=0
10:05:57.578 DBG Starting timer. sn=5 view=0
10:05:57.578 INF Starting PBFT instance. first=5 last=191 segID=5
10:05:57.579 DBG Subscribing to backlog. segID=5
10:05:57.579 INF Starting serialized message processing. segID=5
10:05:57.603 INF Connection terminated. error="rpc error: code = Canceled desc = context canceled" address=127.0.0.1:38918
10:05:57.603 INF Connection terminated. error="rpc error: code = Canceled desc = context canceled" address=127.0.0.1:38864
10:05:57.603 INF Connection terminated. error="rpc error: code = Canceled desc = context canceled" address=127.0.0.1:38964
10:05:57.603 INF Connection terminated. error="rpc error: code = Canceled desc = context canceled" address=127.0.0.1:38980
10:05:57.605 INF Connection terminated. error="rpc error: code = Canceled desc = context canceled" address=127.0.0.1:38952
10:05:57.606 INF Connection terminated. error="rpc error: code = Canceled desc = context canceled" address=127.0.0.1:38760
10:05:57.606 INF Connection terminated. error="rpc error: code = Canceled desc = context canceled" address=127.0.0.1:38774
10:05:57.605 INF Connection terminated. error="rpc error: code = Canceled desc = context canceled" address=127.0.0.1:38786
10:05:59.611 INF Incoming connection for requests. addr=127.0.0.1:39248
10:06:27.577 DBG Batch ready. batchSize=4096
10:06:27.580 DBG Batch cut. left=0 nBuckets=27 nReq=1508 next=0
10:06:27.585 DBG Waiting for batch. batchSize=4096
10:06:27.637 INF Sending PREPREPARE. nReq=1508 senderID=3 sn=2 view=0
10:06:27.736 INF Handling PREPREPARE. nReq=894 senderID=5 sn=3
10:06:27.736 DBG Creating new Batch. nReq=894
10:06:27.783 INF Handling PREPREPARE. nReq=895 senderID=1 sn=1
10:06:27.784 DBG Creating new Batch. nReq=895
10:06:27.835 INF Handling PREPREPARE. nReq=894 senderID=7 sn=5
10:06:27.835 DBG Creating new Batch. nReq=894
10:06:27.899 ERR Failed to send protocol message. Dropping all future outgoing protocol messages. error=EOF
10:06:27.907 ERR Failed to send protocol message. Dropping all future outgoing protocol messages. error=EOF
10:06:28.001 INF Handling PREPREPARE. nReq=1509 senderID=6 sn=4
10:06:28.001 DBG Creating new Batch. nReq=1509
10:06:28.003 INF Handling PREPREPARE. nReq=1454 senderID=0 sn=0
10:06:28.004 DBG Creating new Batch. nReq=1454
10:06:28.256 DBG Sending PREPARE. senderID=3 sn=5 view=0
10:06:28.257 DBG func sendPrepare prepare Tn. sn=5 tn=5
10:06:28.257 DBG Sending COMMIT. senderID=3 sn=5 view=0
10:06:28.258 INF Committed entry. latency=0 nReq=894 sn=5
10:06:28.259 DBG Starting timer. sn=11 view=0
10:06:28.268 DBG Sending PREPARE. senderID=3 sn=3 view=0
10:06:28.268 DBG func sendPrepare prepare Tn. sn=3 tn=3
10:06:28.269 DBG Sending COMMIT. senderID=3 sn=3 view=0
10:06:28.270 INF Committed entry. latency=0 nReq=894 sn=3
10:06:28.271 DBG Starting timer. sn=9 view=0
10:06:28.271 DBG Sending PREPARE. senderID=3 sn=1 view=0
10:06:28.272 DBG func sendPrepare prepare Tn. sn=1 tn=1
10:06:28.272 DBG Sending COMMIT. senderID=3 sn=1 view=0
10:06:28.273 INF Committed entry. latency=0 nReq=895 sn=1
10:06:28.296 DBG Starting timer. sn=7 view=0
10:06:28.334 DBG Sending COMMIT. senderID=3 sn=2 view=0
10:06:28.334 DBG Sending PREPARE. senderID=3 sn=4 view=0
10:06:28.335 DBG func sendPrepare prepare Tn. sn=4 tn=4
10:06:28.335 DBG Sending COMMIT. senderID=3 sn=4 view=0
10:06:28.339 INF Committed entry. latency=0 nReq=1508 sn=2
10:06:28.339 INF Committed entry. latency=0 nReq=1509 sn=4
10:06:28.339 DBG Starting timer. sn=8 view=0
10:06:28.339 DBG Starting timer. sn=10 view=0
10:06:28.351 DBG Sending PREPARE. senderID=3 sn=0 view=0
10:06:28.351 DBG func sendPrepare prepare Tn. sn=0 tn=0
10:06:28.352 DBG Sending COMMIT. senderID=3 sn=0 view=0
10:06:28.354 INF Committed entry. latency=0 nReq=1454 sn=0
10:06:28.354 INF Delivered batch. nReq=1454 sn=0
10:06:28.354 INF Delivered batch. nReq=895 sn=1
10:06:28.354 INF Delivered batch. nReq=1508 sn=2
10:06:28.355 INF Delivered batch. nReq=894 sn=3
10:06:28.355 INF Delivered batch. nReq=1509 sn=4
10:06:28.355 INF Delivered batch. nReq=894 sn=5
10:06:28.355 DBG Starting timer. sn=6 view=0
10:06:57.586 DBG Batch ready. batchSize=4096
10:06:57.586 DBG Batch cut. left=0 nBuckets=27 nReq=112 next=0
10:06:57.587 DBG Waiting for batch. batchSize=4096
10:06:57.591 INF Sending PREPREPARE. nReq=112 senderID=3 sn=8 view=0
10:06:57.593 INF Handling PREPREPARE. nReq=66 senderID=5 sn=9
10:06:57.594 DBG Creating new Batch. nReq=66
10:06:57.594 INF Handling PREPREPARE. nReq=66 senderID=7 sn=11
10:06:57.594 DBG Creating new Batch. nReq=66
10:06:57.608 DBG Sending PREPARE. senderID=3 sn=9 view=0
10:06:57.608 INF Handling PREPREPARE. nReq=107 senderID=0 sn=6
10:06:57.609 DBG func sendPrepare prepare Tn. sn=9 tn=9
10:06:57.609 DBG Creating new Batch. nReq=107
10:06:57.610 DBG Sending PREPARE. senderID=3 sn=11 view=0
10:06:57.611 DBG func sendPrepare prepare Tn. sn=11 tn=11
10:06:57.611 INF Handling PREPREPARE. nReq=111 senderID=6 sn=10
10:06:57.612 DBG Creating new Batch. nReq=111
10:06:57.624 DBG Sending COMMIT. senderID=3 sn=9 view=0
10:06:57.624 DBG Sending COMMIT. senderID=3 sn=11 view=0
10:06:57.628 INF Committed entry. latency=0 nReq=66 sn=9
10:06:57.628 DBG Starting timer. sn=15 view=0
10:06:57.631 INF Committed entry. latency=0 nReq=66 sn=11
10:06:57.632 DBG Starting timer. sn=17 view=0
10:06:57.637 DBG Sending PREPARE. senderID=3 sn=6 view=0
10:06:57.638 DBG func sendPrepare prepare Tn. sn=6 tn=6
10:06:57.643 DBG Sending PREPARE. senderID=3 sn=10 view=0
10:06:57.643 DBG func sendPrepare prepare Tn. sn=10 tn=10
10:06:57.645 DBG Sending COMMIT. senderID=3 sn=10 view=0
10:06:57.646 INF Handling PREPREPARE. nReq=66 senderID=1 sn=7
10:06:57.646 DBG Creating new Batch. nReq=66
10:06:57.648 DBG Sending COMMIT. senderID=3 sn=8 view=0
10:06:57.650 DBG Sending COMMIT. senderID=3 sn=6 view=0
10:06:57.650 INF Committed entry. latency=0 nReq=111 sn=10
10:06:57.651 DBG Starting timer. sn=16 view=0
10:06:57.654 INF Committed entry. latency=0 nReq=107 sn=6
10:06:57.654 INF Committed entry. latency=0 nReq=112 sn=8
10:06:57.654 INF Delivered batch. nReq=107 sn=6
10:06:57.654 DBG Starting timer. sn=12 view=0
10:06:57.654 DBG Starting timer. sn=14 view=0
10:06:57.656 DBG Sending PREPARE. senderID=3 sn=7 view=0
10:06:57.657 DBG func sendPrepare prepare Tn. sn=7 tn=7
10:06:57.660 DBG Sending COMMIT. senderID=3 sn=7 view=0
10:06:57.663 INF Committed entry. latency=0 nReq=66 sn=7
10:06:57.663 INF Delivered batch. nReq=66 sn=7
10:06:57.663 INF Delivered batch. nReq=112 sn=8
10:06:57.663 INF Delivered batch. nReq=66 sn=9
10:06:57.664 INF Delivered batch. nReq=111 sn=10
10:06:57.664 INF Delivered batch. nReq=66 sn=11
10:06:57.664 DBG Starting timer. sn=13 view=0
10:06:58.645 INF Connection terminated. error="rpc error: code = Canceled desc = context canceled" address=127.0.0.1:39248
10:06:58.645 INF Finished sending bucket assignments to client. clId=0
10:06:59.077 INF Stopping profiler.
10:06:59.077 INF Stopping Tracer. events=144 fileName=experiment-output/0000/slave-007/peer.trc
==================
WARNING: DATA RACE
Read at 0x00c000920000 by goroutine 115:
  runtime.racereadrange()
      <autogenerated>:1 +0x1b
  github.com/hyperledger-labs/mirbft/tracing.(*BufferedTrace).StopOnSignal.func1()
      /opt/gopath/src/github.com/hyperledger-labs/mirbft/tracing/bufferedtrace.go:298 +0x4e

Previous write at 0x00c000920000 by goroutine 497:
  github.com/hyperledger-labs/mirbft/tracing.(*BufferedTrace).Event()
      /opt/gopath/src/github.com/hyperledger-labs/mirbft/tracing/bufferedtrace.go:105 +0x2d9
  github.com/hyperledger-labs/mirbft/manager.(*MirManager).handleLogEntries()
      /opt/gopath/src/github.com/hyperledger-labs/mirbft/manager/mirmanager.go:139 +0x1d8
  github.com/hyperledger-labs/mirbft/manager.(*MirManager).Start路dwrap路7()
      /opt/gopath/src/github.com/hyperledger-labs/mirbft/manager/mirmanager.go:101 +0x47

Goroutine 115 (running) created at:
  github.com/hyperledger-labs/mirbft/tracing.(*BufferedTrace).StopOnSignal()
      /opt/gopath/src/github.com/hyperledger-labs/mirbft/tracing/bufferedtrace.go:292 +0x172
  main.setUpTracing()
      /opt/gopath/src/github.com/hyperledger-labs/mirbft/cmd/orderingpeer/main.go:204 +0xf5
  main.main()
      /opt/gopath/src/github.com/hyperledger-labs/mirbft/cmd/orderingpeer/main.go:98 +0x9d6

Goroutine 497 (running) created at:
  github.com/hyperledger-labs/mirbft/manager.(*MirManager).Start()
      /opt/gopath/src/github.com/hyperledger-labs/mirbft/manager/mirmanager.go:101 +0x19e
  main.main路dwrap路4()
      /opt/gopath/src/github.com/hyperledger-labs/mirbft/cmd/orderingpeer/main.go:168 +0x59
==================
==================
WARNING: DATA RACE
Read at 0x00c000921658 by goroutine 115:
  runtime.racereadrange()
      <autogenerated>:1 +0x1b
  github.com/hyperledger-labs/mirbft/tracing.(*BufferedTrace).StopOnSignal.func1()
      /opt/gopath/src/github.com/hyperledger-labs/mirbft/tracing/bufferedtrace.go:298 +0x4e

Previous write at 0x00c000921658 by goroutine 114:
  github.com/hyperledger-labs/mirbft/tracing.(*BufferedTrace).Event()
      /opt/gopath/src/github.com/hyperledger-labs/mirbft/tracing/bufferedtrace.go:105 +0x2d9
  github.com/hyperledger-labs/mirbft/profiling.StartCPUTracing.func1()
      /opt/gopath/src/github.com/hyperledger-labs/mirbft/profiling/cpuusage.go:31 +0x95

Goroutine 115 (running) created at:
  github.com/hyperledger-labs/mirbft/tracing.(*BufferedTrace).StopOnSignal()
      /opt/gopath/src/github.com/hyperledger-labs/mirbft/tracing/bufferedtrace.go:292 +0x172
  main.setUpTracing()
      /opt/gopath/src/github.com/hyperledger-labs/mirbft/cmd/orderingpeer/main.go:204 +0xf5
  main.main()
      /opt/gopath/src/github.com/hyperledger-labs/mirbft/cmd/orderingpeer/main.go:98 +0x9d6

Goroutine 114 (running) created at:
  github.com/hyperledger-labs/mirbft/profiling.StartCPUTracing()
      /opt/gopath/src/github.com/hyperledger-labs/mirbft/profiling/cpuusage.go:28 +0xb6
  main.setUpTracing()
      /opt/gopath/src/github.com/hyperledger-labs/mirbft/cmd/orderingpeer/main.go:196 +0x85
  main.main()
      /opt/gopath/src/github.com/hyperledger-labs/mirbft/cmd/orderingpeer/main.go:98 +0x9d6
==================
10:06:59.080 INF Trace data written.
10:06:59.102 INF Profile data written. filename=experiment-output/0000/slave-007/prof.cpu name=cpu
10:06:59.156 INF Profile data written. filename=experiment-output/0000/slave-007/prof.block name=block
10:06:59.183 INF Profile data written. filename=experiment-output/0000/slave-007/prof.mutex name=mutex
