{"level":"debug","Logging":"debug","time":"2022-08-17T15:15:37+08:00","message":"Config"}
{"level":"debug","UseTLS":false,"time":"2022-08-17T15:15:37+08:00","message":"Config"}
{"level":"debug","CACertFile":"tls-data/ca.pem","time":"2022-08-17T15:15:37+08:00","message":"Config"}
{"level":"debug","KeyFile":"tls-data/auth.key","time":"2022-08-17T15:15:37+08:00","message":"Config"}
{"level":"debug","CertFile":"tls-data/auth.pem","time":"2022-08-17T15:15:37+08:00","message":"Config"}
{"level":"debug","PriorityConnections":2,"time":"2022-08-17T15:15:37+08:00","message":"Config"}
{"level":"debug","BasicConnections":4,"time":"2022-08-17T15:15:37+08:00","message":"Config"}
{"level":"debug","TestConnections":false,"time":"2022-08-17T15:15:37+08:00","message":"Config"}
{"level":"debug","ExcessConnections":1,"time":"2022-08-17T15:15:37+08:00","message":"Config"}
{"level":"debug","ConnectionTestMsgs":4,"time":"2022-08-17T15:15:37+08:00","message":"Config"}
{"level":"debug","ConnectionTestPayload":131072,"time":"2022-08-17T15:15:37+08:00","message":"Config"}
{"level":"debug","OutMessageBufsize":1024,"time":"2022-08-17T15:15:37+08:00","message":"Config"}
{"level":"debug","OutMessageBufsize":1,"time":"2022-08-17T15:15:37+08:00","message":"Config"}
{"level":"debug","ThroughputCap":131072000,"time":"2022-08-17T15:15:37+08:00","message":"Config"}
{"level":"debug","StragglerTolerance":1000,"time":"2022-08-17T15:15:37+08:00","message":"Config"}
{"level":"debug","BatchSizeIncrement":256,"time":"2022-08-17T15:15:37+08:00","message":"Config"}
{"level":"debug","Orderer":"Pbft","time":"2022-08-17T15:15:37+08:00","message":"Config"}
{"level":"debug","Manager":"Mir","time":"2022-08-17T15:15:37+08:00","message":"Config"}
{"level":"debug","Failures":0,"time":"2022-08-17T15:15:37+08:00","message":"Config"}
{"level":"debug","CrashTiming":"Straggler","time":"2022-08-17T15:15:37+08:00","message":"Config"}
{"level":"debug","CheckpointInterval":256,"time":"2022-08-17T15:15:37+08:00","message":"Config"}
{"level":"debug","WatermarkWindowSize":256,"time":"2022-08-17T15:15:37+08:00","message":"Config"}
{"level":"debug","EpochLength":256,"time":"2022-08-17T15:15:37+08:00","message":"Config"}
{"level":"debug","SegmentLength":64,"time":"2022-08-17T15:15:37+08:00","message":"Config"}
{"level":"debug","WaitForCheckpoints":true,"time":"2022-08-17T15:15:37+08:00","message":"Config"}
{"level":"debug","ClientWatermarkWindowSize":4194304,"time":"2022-08-17T15:15:37+08:00","message":"Config"}
{"level":"debug","ClientRequestBacklogSize":4194304,"time":"2022-08-17T15:15:37+08:00","message":"Config"}
{"level":"debug","RandomSeed":16152,"time":"2022-08-17T15:15:37+08:00","message":"Config"}
{"level":"debug","NodeToLeaderRatio":1,"time":"2022-08-17T15:15:37+08:00","message":"Config"}
{"level":"debug","LeaderPolicy":"Simple","time":"2022-08-17T15:15:37+08:00","message":"Config"}
{"level":"debug","DefaultLeaderBan":2,"time":"2022-08-17T15:15:37+08:00","message":"Config"}
{"level":"debug","NumBuckets":64,"time":"2022-08-17T15:15:37+08:00","message":"Config"}
{"level":"debug","BatchSize":1000,"time":"2022-08-17T15:15:37+08:00","message":"Config"}
{"level":"debug","DisabledViewChange":false,"time":"2022-08-17T15:15:37+08:00","message":"Config"}
{"level":"debug","ViewChangeTimeout":60000,"time":"2022-08-17T15:15:37+08:00","message":"Config"}
{"level":"debug","ClientTraceSampling":10,"time":"2022-08-17T15:15:37+08:00","message":"Config"}
{"level":"debug","EventBufferSize":2097152,"time":"2022-08-17T15:15:37+08:00","message":"Config"}
{"level":"debug","TraceSampling":1,"time":"2022-08-17T15:15:37+08:00","message":"Config"}
{"level":"debug","ClientsPerProcess":1,"time":"2022-08-17T15:15:37+08:00","message":"Config"}
{"level":"debug","RequestsPerClient":7680,"time":"2022-08-17T15:15:37+08:00","message":"Config"}
{"level":"debug","ClientRunTime":30000,"time":"2022-08-17T15:15:37+08:00","message":"Config"}
{"level":"debug","RequestRate":128,"time":"2022-08-17T15:15:37+08:00","message":"Config"}
{"level":"debug","HardRequestRateLimit":false,"time":"2022-08-17T15:15:37+08:00","message":"Config"}
{"level":"debug","RequestPayloadSize":500,"time":"2022-08-17T15:15:37+08:00","message":"Config"}
{"level":"debug","SignRequests":true,"time":"2022-08-17T15:15:37+08:00","message":"Config"}
{"level":"debug","ClientPrivKeyFile":"tls-data/client-ecdsa-256.key","time":"2022-08-17T15:15:37+08:00","message":"Config"}
{"level":"debug","ClientPubKeyFile":"tls-data/client-ecdsa-256.pem","time":"2022-08-17T15:15:37+08:00","message":"Config"}
{"level":"debug","PrecomputeRequests":false,"time":"2022-08-17T15:15:37+08:00","message":"Config"}
{"level":"debug","RequestHandlerThreads":32,"time":"2022-08-17T15:15:37+08:00","message":"Config"}
{"level":"debug","RequestInputChannelBuffer":8192,"time":"2022-08-17T15:15:37+08:00","message":"Config"}
{"level":"debug","BatchVerifier":"external","time":"2022-08-17T15:15:37+08:00","message":"Config"}
07:15:37.328 INF Registered with discovery server. numPeers=4 ownID=2
07:15:37.329 INF Profiling enabled.
07:15:37.329 INF Setting up profiling.
07:15:37.329 INF Started Profiler: CPU
07:15:37.329 INF Started Profiler: BLOCK
07:15:37.329 INF Started Profiler: MUTEX
07:15:37.329 INF Profiler will stop on signal. exit=true
07:15:37.331 INF Tracing will stop on signal. exit=false
07:15:37.332 INF Started tracing. traceFile=experiment-output/0000/slave-003/peer.trc
07:15:37.333 DBG Starting backlog.
07:15:37.333 INF Listening for connections. port=10022 useTLS=false
07:15:37.333 INF Connecting to peer. addr=127.0.0.1:10022 basicConns=4 priorityConns=2
07:15:37.333 INF Connecting to peer. addr=127.0.0.1:10033 basicConns=4 priorityConns=2
07:15:37.333 INF Connecting to peer. addr=127.0.0.1:10011 basicConns=4 priorityConns=2
07:15:37.333 INF Connecting to peer. addr=127.0.0.1:10000 basicConns=4 priorityConns=2
07:15:37.360 INF Incoming connection for protocol messages. addr=127.0.0.1:33958
07:15:37.365 INF Incoming connection for protocol messages. addr=127.0.0.1:33974
07:15:37.365 INF Incoming connection for protocol messages. addr=127.0.0.1:33954
07:15:37.366 INF Incoming connection for protocol messages. addr=127.0.0.1:33964
07:15:37.366 INF Incoming connection for protocol messages. addr=127.0.0.1:34000
07:15:37.369 INF Incoming connection for protocol messages. addr=127.0.0.1:33986
07:15:37.370 INF Incoming connection for protocol messages. addr=127.0.0.1:34014
07:15:37.370 INF Incoming connection for protocol messages. addr=127.0.0.1:34022
07:15:37.370 INF Incoming connection for protocol messages. addr=127.0.0.1:34012
07:15:37.370 INF Incoming connection for protocol messages. addr=127.0.0.1:34038
07:15:37.371 INF Incoming connection for protocol messages. addr=127.0.0.1:34004
07:15:37.372 INF Incoming connection for protocol messages. addr=127.0.0.1:34046
07:15:37.372 INF Incoming connection for protocol messages. addr=127.0.0.1:34072
07:15:37.372 INF Incoming connection for protocol messages. addr=127.0.0.1:34076
07:15:37.373 INF Incoming connection for protocol messages. addr=127.0.0.1:34060
07:15:37.373 INF Incoming connection for protocol messages. addr=127.0.0.1:34078
07:15:37.373 DBG Connected. peerID=0
07:15:37.373 INF Incoming connection for protocol messages. addr=127.0.0.1:34068
07:15:37.374 INF Incoming connection for protocol messages. addr=127.0.0.1:34106
07:15:37.374 INF Incoming connection for protocol messages. addr=127.0.0.1:34108
07:15:37.376 INF Incoming connection for protocol messages. addr=127.0.0.1:34116
07:15:37.376 INF Incoming connection for protocol messages. addr=127.0.0.1:34134
07:15:37.376 INF Incoming connection for protocol messages. addr=127.0.0.1:34126
07:15:37.376 INF Incoming connection for protocol messages. addr=127.0.0.1:34130
07:15:37.377 INF Incoming connection for protocol messages. addr=127.0.0.1:34142
07:15:37.377 DBG Connected. peerID=1
07:15:37.377 DBG Connected. peerID=2
07:15:37.378 DBG Connected. peerID=3
07:15:37.378 INF Connected to all peers.
07:15:37.382 INF All peers finished connecting. Starting ISS.
07:15:37.383 DBG Buckets for 0-th leader 0: [0 4 8 12 16 20 24 28 32 36 40 44 48 52 56 60]
07:15:37.383 DBG Buckets for 1-th leader 1: [1 5 9 13 17 21 25 29 33 37 41 45 49 53 57 61]
07:15:37.383 DBG Buckets for 2-th leader 2: [2 6 10 14 18 22 26 30 34 38 42 46 50 54 58 62]
07:15:37.383 DBG Buckets for 3-th leader 3: [3 7 11 15 19 23 27 31 35 39 43 47 51 55 59 63]
07:15:37.384 INF PbftOrderer received a new segment: [1 5 9 13 17 21 25 29 33 37 41 45 49 53 57 61 65 69 73 77 81 85 89 93 97 101 105 109 113 117 121 125 129 133 137 141 145 149 153 157 161 165 169 173 177 181 185 189 193 197 201 205 209 213 217 221 225 229 233 237 241 245 249 253] first leader=1 firstSN=1 lastSN=253 len=64 length=64 segId=1
07:15:37.384 INF Starting new view. segID=1 timeout=60000 view=0
07:15:37.384 DBG Starting timer. sn=1 view=0
07:15:37.384 INF Starting PBFT instance. first=1 last=253 segID=1
07:15:37.384 DBG Subscribing to backlog. segID=1
07:15:37.385 INF Starting serialized message processing. segID=1
07:15:37.385 INF PbftOrderer received a new segment: [2 6 10 14 18 22 26 30 34 38 42 46 50 54 58 62 66 70 74 78 82 86 90 94 98 102 106 110 114 118 122 126 130 134 138 142 146 150 154 158 162 166 170 174 178 182 186 190 194 198 202 206 210 214 218 222 226 230 234 238 242 246 250 254] first leader=2 firstSN=2 lastSN=254 len=64 length=64 segId=2
07:15:37.385 INF Starting new view. segID=2 timeout=60000 view=0
07:15:37.385 DBG Starting timer. sn=2 view=0
07:15:37.385 INF Starting PBFT instance. first=2 last=254 segID=2
07:15:37.386 DBG Subscribing to backlog. segID=2
07:15:37.386 DBG Leading segment. segID=2
07:15:37.386 INF Starting serialized message processing. segID=2
07:15:37.386 DBG Waiting for batch. batchSize=4096
07:15:37.386 INF PbftOrderer received a new segment: [3 7 11 15 19 23 27 31 35 39 43 47 51 55 59 63 67 71 75 79 83 87 91 95 99 103 107 111 115 119 123 127 131 135 139 143 147 151 155 159 163 167 171 175 179 183 187 191 195 199 203 207 211 215 219 223 227 231 235 239 243 247 251 255] first leader=3 firstSN=3 lastSN=255 len=64 length=64 segId=3
07:15:37.386 INF Starting new view. segID=3 timeout=60000 view=0
07:15:37.386 DBG Starting timer. sn=3 view=0
07:15:37.387 INF Starting PBFT instance. first=3 last=255 segID=3
07:15:37.387 DBG Subscribing to backlog. segID=3
07:15:37.387 INF Starting serialized message processing. segID=3
07:15:37.387 INF PbftOrderer received a new segment: [0 4 8 12 16 20 24 28 32 36 40 44 48 52 56 60 64 68 72 76 80 84 88 92 96 100 104 108 112 116 120 124 128 132 136 140 144 148 152 156 160 164 168 172 176 180 184 188 192 196 200 204 208 212 216 220 224 228 232 236 240 244 248 252] first leader=0 firstSN=0 lastSN=252 len=64 length=64 segId=0
07:15:37.387 INF Starting new view. segID=0 timeout=60000 view=0
07:15:37.387 DBG Starting timer. sn=0 view=0
07:15:37.388 INF Starting PBFT instance. first=0 last=252 segID=0
07:15:37.388 DBG Subscribing to backlog. segID=0
07:15:37.388 INF Starting serialized message processing. segID=0
07:15:39.419 INF Incoming connection for requests. addr=127.0.0.1:34162
07:16:07.387 DBG Batch ready. batchSize=4096
07:16:07.388 DBG Batch cut. left=0 nBuckets=16 nReq=894 next=0
07:16:07.389 DBG Waiting for batch. batchSize=4096
07:16:07.412 INF Sending PREPREPARE. nReq=894 senderID=2 sn=2 view=0
07:16:07.502 INF Handling PREPREPARE. nReq=895 senderID=0 sn=0
07:16:07.502 DBG Creating new Batch. nReq=895
07:16:07.502 INF Handling PREPREPARE. nReq=894 senderID=3 sn=3
07:16:07.503 DBG Creating new Batch. nReq=894
07:16:07.522 INF Handling PREPREPARE. nReq=895 senderID=1 sn=1
07:16:07.522 DBG Creating new Batch. nReq=895
07:16:07.658 DBG Sending COMMIT. senderID=2 sn=2 view=0
07:16:07.659 INF Committed entry. latency=0 nReq=894 sn=2
07:16:07.659 DBG Starting timer. sn=6 view=0
07:16:07.670 DBG Sending PREPARE. senderID=2 sn=0 view=0
07:16:07.670 DBG Sending COMMIT. senderID=2 sn=0 view=0
07:16:07.672 INF Committed entry. latency=0 nReq=895 sn=0
07:16:07.672 INF Delivered batch. nReq=895 sn=0
07:16:07.673 DBG Starting timer. sn=4 view=0
07:16:07.682 DBG Sending PREPARE. senderID=2 sn=3 view=0
07:16:07.682 DBG Sending COMMIT. senderID=2 sn=3 view=0
07:16:07.684 INF Committed entry. latency=0 nReq=894 sn=3
07:16:07.684 DBG Starting timer. sn=7 view=0
07:16:07.686 DBG Sending PREPARE. senderID=2 sn=1 view=0
07:16:07.686 DBG Sending COMMIT. senderID=2 sn=1 view=0
07:16:07.690 INF Committed entry. latency=0 nReq=895 sn=1
07:16:07.690 INF Delivered batch. nReq=895 sn=1
07:16:07.691 INF Delivered batch. nReq=894 sn=2
07:16:07.691 INF Delivered batch. nReq=894 sn=3
07:16:07.691 DBG Starting timer. sn=5 view=0
07:16:37.392 DBG Batch ready. batchSize=4096
07:16:37.392 DBG Batch cut. left=0 nBuckets=16 nReq=66 next=0
07:16:37.393 DBG Waiting for batch. batchSize=4096
07:16:37.394 INF Sending PREPREPARE. nReq=66 senderID=2 sn=6 view=0
07:16:37.400 INF Handling PREPREPARE. nReq=66 senderID=1 sn=5
07:16:37.400 DBG Creating new Batch. nReq=66
07:16:37.402 INF Handling PREPREPARE. nReq=66 senderID=0 sn=4
07:16:37.402 DBG Creating new Batch. nReq=66
07:16:37.407 INF Handling PREPREPARE. nReq=66 senderID=3 sn=7
07:16:37.407 DBG Creating new Batch. nReq=66
07:16:37.413 DBG Sending PREPARE. senderID=2 sn=5 view=0
07:16:37.413 DBG Sending COMMIT. senderID=2 sn=5 view=0
07:16:37.415 DBG Sending PREPARE. senderID=2 sn=4 view=0
07:16:37.415 DBG Sending COMMIT. senderID=2 sn=4 view=0
07:16:37.416 INF Committed entry. latency=0 nReq=66 sn=5
07:16:37.416 DBG Starting timer. sn=9 view=0
07:16:37.416 DBG Sending PREPARE. senderID=2 sn=7 view=0
07:16:37.416 DBG Sending COMMIT. senderID=2 sn=6 view=0
07:16:37.417 DBG Sending COMMIT. senderID=2 sn=7 view=0
07:16:37.417 INF Committed entry. latency=0 nReq=66 sn=6
07:16:37.417 DBG Starting timer. sn=10 view=0
07:16:37.417 INF Committed entry. latency=0 nReq=66 sn=4
07:16:37.417 INF Delivered batch. nReq=66 sn=4
07:16:37.418 INF Delivered batch. nReq=66 sn=5
07:16:37.418 INF Delivered batch. nReq=66 sn=6
07:16:37.418 DBG Starting timer. sn=8 view=0
07:16:37.419 INF Committed entry. latency=0 nReq=66 sn=7
07:16:37.419 INF Delivered batch. nReq=66 sn=7
07:16:37.419 DBG Starting timer. sn=11 view=0
07:16:38.448 INF Finished sending bucket assignments to client. clId=0
07:16:38.448 INF Connection terminated. error="rpc error: code = Canceled desc = context canceled" address=127.0.0.1:34162
07:16:38.794 INF Stopping profiler.
07:16:38.794 INF Stopping Tracer. events=136 fileName=experiment-output/0000/slave-003/peer.trc
==================
WARNING: DATA RACE
Read at 0x00c000ab8000 by goroutine 115:
  runtime.racereadrange()
      <autogenerated>:1 +0x1b
  github.com/hyperledger-labs/mirbft/tracing.(*BufferedTrace).StopOnSignal.func1()
      /opt/gopath/src/github.com/hyperledger-labs/mirbft/tracing/bufferedtrace.go:298 +0x4e

Previous write at 0x00c000ab8000 by goroutine 410:
  github.com/hyperledger-labs/mirbft/tracing.(*BufferedTrace).Event()
      /opt/gopath/src/github.com/hyperledger-labs/mirbft/tracing/bufferedtrace.go:105 +0x2d9
  github.com/hyperledger-labs/mirbft/manager.(*MirManager).handleLogEntries()
      /opt/gopath/src/github.com/hyperledger-labs/mirbft/manager/mirmanager.go:139 +0x1d8
  github.com/hyperledger-labs/mirbft/manager.(*MirManager).Start路dwrap路7()
      /opt/gopath/src/github.com/hyperledger-labs/mirbft/manager/mirmanager.go:101 +0x47

Goroutine 115 (running) created at:
  github.com/hyperledger-labs/mirbft/tracing.(*BufferedTrace).StopOnSignal()
      /opt/gopath/src/github.com/hyperledger-labs/mirbft/tracing/bufferedtrace.go:292 +0x172
  main.setUpTracing()
      /opt/gopath/src/github.com/hyperledger-labs/mirbft/cmd/orderingpeer/main.go:204 +0xf5
  main.main()
      /opt/gopath/src/github.com/hyperledger-labs/mirbft/cmd/orderingpeer/main.go:98 +0x9d6

Goroutine 410 (running) created at:
  github.com/hyperledger-labs/mirbft/manager.(*MirManager).Start()
      /opt/gopath/src/github.com/hyperledger-labs/mirbft/manager/mirmanager.go:101 +0x19e
  main.main路dwrap路4()
      /opt/gopath/src/github.com/hyperledger-labs/mirbft/cmd/orderingpeer/main.go:168 +0x59
==================
==================
WARNING: DATA RACE
Read at 0x00c000ab9518 by goroutine 115:
  runtime.racereadrange()
      <autogenerated>:1 +0x1b
  github.com/hyperledger-labs/mirbft/tracing.(*BufferedTrace).StopOnSignal.func1()
      /opt/gopath/src/github.com/hyperledger-labs/mirbft/tracing/bufferedtrace.go:298 +0x4e

Previous write at 0x00c000ab9518 by goroutine 114:
  github.com/hyperledger-labs/mirbft/tracing.(*BufferedTrace).Event()
      /opt/gopath/src/github.com/hyperledger-labs/mirbft/tracing/bufferedtrace.go:105 +0x2d9
  github.com/hyperledger-labs/mirbft/profiling.StartCPUTracing.func1()
      /opt/gopath/src/github.com/hyperledger-labs/mirbft/profiling/cpuusage.go:31 +0x95

Goroutine 115 (running) created at:
  github.com/hyperledger-labs/mirbft/tracing.(*BufferedTrace).StopOnSignal()
      /opt/gopath/src/github.com/hyperledger-labs/mirbft/tracing/bufferedtrace.go:292 +0x172
  main.setUpTracing()
      /opt/gopath/src/github.com/hyperledger-labs/mirbft/cmd/orderingpeer/main.go:204 +0xf5
  main.main()
      /opt/gopath/src/github.com/hyperledger-labs/mirbft/cmd/orderingpeer/main.go:98 +0x9d6

Goroutine 114 (running) created at:
  github.com/hyperledger-labs/mirbft/profiling.StartCPUTracing()
      /opt/gopath/src/github.com/hyperledger-labs/mirbft/profiling/cpuusage.go:28 +0xb6
  main.setUpTracing()
      /opt/gopath/src/github.com/hyperledger-labs/mirbft/cmd/orderingpeer/main.go:196 +0x85
  main.main()
      /opt/gopath/src/github.com/hyperledger-labs/mirbft/cmd/orderingpeer/main.go:98 +0x9d6
==================
07:16:38.796 INF Trace data written.
07:16:38.847 INF Profile data written. filename=experiment-output/0000/slave-003/prof.block name=block
07:16:38.870 INF Profile data written. filename=experiment-output/0000/slave-003/prof.mutex name=mutex
07:16:38.964 INF Connection terminated. error="rpc error: code = Canceled desc = context canceled" address=127.0.0.1:34106
07:16:38.964 INF Connection terminated. error="rpc error: code = Canceled desc = context canceled" address=127.0.0.1:34116
07:16:38.965 INF Connection terminated. error="rpc error: code = Canceled desc = context canceled" address=127.0.0.1:33958
07:16:38.965 INF Connection terminated. error="rpc error: code = Canceled desc = context canceled" address=127.0.0.1:34060
07:16:38.965 INF Connection terminated. error="rpc error: code = Canceled desc = context canceled" address=127.0.0.1:33964
07:16:38.965 INF Connection terminated. error="rpc error: code = Canceled desc = context canceled" address=127.0.0.1:34078
07:16:38.974 INF Connection terminated. error="rpc error: code = Canceled desc = context canceled" address=127.0.0.1:34142
07:16:38.974 INF Connection terminated. error="rpc error: code = Canceled desc = context canceled" address=127.0.0.1:34108
07:16:38.974 INF Connection terminated. error="rpc error: code = Canceled desc = context canceled" address=127.0.0.1:34068
07:16:38.975 INF Connection terminated. error="rpc error: code = Canceled desc = context canceled" address=127.0.0.1:34126
07:16:38.975 INF Connection terminated. error="rpc error: code = Canceled desc = context canceled" address=127.0.0.1:34130
07:16:38.975 INF Connection terminated. error="rpc error: code = Canceled desc = context canceled" address=127.0.0.1:34038
07:16:39.032 INF Profile data written. filename=experiment-output/0000/slave-003/prof.cpu name=cpu
