{"level":"debug","Logging":"debug","time":"2022-08-10T15:26:19+08:00","message":"Config"}
{"level":"debug","UseTLS":false,"time":"2022-08-10T15:26:19+08:00","message":"Config"}
{"level":"debug","CACertFile":"tls-data/ca.pem","time":"2022-08-10T15:26:19+08:00","message":"Config"}
{"level":"debug","KeyFile":"tls-data/auth.key","time":"2022-08-10T15:26:19+08:00","message":"Config"}
{"level":"debug","CertFile":"tls-data/auth.pem","time":"2022-08-10T15:26:19+08:00","message":"Config"}
{"level":"debug","PriorityConnections":2,"time":"2022-08-10T15:26:19+08:00","message":"Config"}
{"level":"debug","BasicConnections":4,"time":"2022-08-10T15:26:19+08:00","message":"Config"}
{"level":"debug","TestConnections":false,"time":"2022-08-10T15:26:19+08:00","message":"Config"}
{"level":"debug","ExcessConnections":1,"time":"2022-08-10T15:26:19+08:00","message":"Config"}
{"level":"debug","ConnectionTestMsgs":4,"time":"2022-08-10T15:26:19+08:00","message":"Config"}
{"level":"debug","ConnectionTestPayload":131072,"time":"2022-08-10T15:26:19+08:00","message":"Config"}
{"level":"debug","OutMessageBufsize":1024,"time":"2022-08-10T15:26:19+08:00","message":"Config"}
{"level":"debug","OutMessageBufsize":1,"time":"2022-08-10T15:26:19+08:00","message":"Config"}
{"level":"debug","ThroughputCap":131072000,"time":"2022-08-10T15:26:19+08:00","message":"Config"}
{"level":"debug","StragglerTolerance":1000,"time":"2022-08-10T15:26:19+08:00","message":"Config"}
{"level":"debug","BatchSizeIncrement":256,"time":"2022-08-10T15:26:19+08:00","message":"Config"}
{"level":"debug","Orderer":"Pbft","time":"2022-08-10T15:26:19+08:00","message":"Config"}
{"level":"debug","Manager":"Mir","time":"2022-08-10T15:26:19+08:00","message":"Config"}
{"level":"debug","Failures":0,"time":"2022-08-10T15:26:19+08:00","message":"Config"}
{"level":"debug","CrashTiming":"Straggler","time":"2022-08-10T15:26:19+08:00","message":"Config"}
{"level":"debug","CheckpointInterval":256,"time":"2022-08-10T15:26:19+08:00","message":"Config"}
{"level":"debug","WatermarkWindowSize":256,"time":"2022-08-10T15:26:19+08:00","message":"Config"}
{"level":"debug","EpochLength":256,"time":"2022-08-10T15:26:19+08:00","message":"Config"}
{"level":"debug","SegmentLength":64,"time":"2022-08-10T15:26:19+08:00","message":"Config"}
{"level":"debug","WaitForCheckpoints":true,"time":"2022-08-10T15:26:19+08:00","message":"Config"}
{"level":"debug","ClientWatermarkWindowSize":4194304,"time":"2022-08-10T15:26:19+08:00","message":"Config"}
{"level":"debug","ClientRequestBacklogSize":4194304,"time":"2022-08-10T15:26:19+08:00","message":"Config"}
{"level":"debug","RandomSeed":2574,"time":"2022-08-10T15:26:19+08:00","message":"Config"}
{"level":"debug","NodeToLeaderRatio":1,"time":"2022-08-10T15:26:19+08:00","message":"Config"}
{"level":"debug","LeaderPolicy":"Simple","time":"2022-08-10T15:26:19+08:00","message":"Config"}
{"level":"debug","DefaultLeaderBan":2,"time":"2022-08-10T15:26:19+08:00","message":"Config"}
{"level":"debug","NumBuckets":64,"time":"2022-08-10T15:26:19+08:00","message":"Config"}
{"level":"debug","BatchSize":1000,"time":"2022-08-10T15:26:19+08:00","message":"Config"}
{"level":"debug","DisabledViewChange":false,"time":"2022-08-10T15:26:19+08:00","message":"Config"}
{"level":"debug","ViewChangeTimeout":60000,"time":"2022-08-10T15:26:19+08:00","message":"Config"}
{"level":"debug","ClientTraceSampling":10,"time":"2022-08-10T15:26:19+08:00","message":"Config"}
{"level":"debug","EventBufferSize":2097152,"time":"2022-08-10T15:26:19+08:00","message":"Config"}
{"level":"debug","TraceSampling":1,"time":"2022-08-10T15:26:19+08:00","message":"Config"}
{"level":"debug","ClientsPerProcess":1,"time":"2022-08-10T15:26:19+08:00","message":"Config"}
{"level":"debug","RequestsPerClient":7680,"time":"2022-08-10T15:26:19+08:00","message":"Config"}
{"level":"debug","ClientRunTime":30000,"time":"2022-08-10T15:26:19+08:00","message":"Config"}
{"level":"debug","RequestRate":128,"time":"2022-08-10T15:26:19+08:00","message":"Config"}
{"level":"debug","HardRequestRateLimit":false,"time":"2022-08-10T15:26:19+08:00","message":"Config"}
{"level":"debug","RequestPayloadSize":500,"time":"2022-08-10T15:26:19+08:00","message":"Config"}
{"level":"debug","SignRequests":true,"time":"2022-08-10T15:26:19+08:00","message":"Config"}
{"level":"debug","ClientPrivKeyFile":"tls-data/client-ecdsa-256.key","time":"2022-08-10T15:26:19+08:00","message":"Config"}
{"level":"debug","ClientPubKeyFile":"tls-data/client-ecdsa-256.pem","time":"2022-08-10T15:26:19+08:00","message":"Config"}
{"level":"debug","PrecomputeRequests":false,"time":"2022-08-10T15:26:19+08:00","message":"Config"}
{"level":"debug","RequestHandlerThreads":32,"time":"2022-08-10T15:26:19+08:00","message":"Config"}
{"level":"debug","RequestInputChannelBuffer":8192,"time":"2022-08-10T15:26:19+08:00","message":"Config"}
{"level":"debug","BatchVerifier":"external","time":"2022-08-10T15:26:19+08:00","message":"Config"}
07:26:19.598 INF Registered with discovery server. numPeers=4 ownID=1
07:26:19.599 INF Profiling enabled.
07:26:19.599 INF Setting up profiling.
07:26:19.599 INF Started Profiler: CPU
07:26:19.599 INF Started Profiler: BLOCK
07:26:19.599 INF Started Profiler: MUTEX
07:26:19.599 INF Profiler will stop on signal. exit=true
07:26:19.601 INF Tracing will stop on signal. exit=false
07:26:19.602 INF Started tracing. traceFile=experiment-output/0000/slave-002/peer.trc
07:26:19.603 DBG Starting backlog.
07:26:19.603 INF Listening for connections. port=10011 useTLS=false
07:26:19.603 INF Connecting to peer. addr=127.0.0.1:10011 basicConns=4 priorityConns=2
07:26:19.603 INF Connecting to peer. addr=127.0.0.1:10022 basicConns=4 priorityConns=2
07:26:19.603 INF Connecting to peer. addr=127.0.0.1:10000 basicConns=4 priorityConns=2
07:26:19.603 INF Connecting to peer. addr=127.0.0.1:10033 basicConns=4 priorityConns=2
07:26:19.629 INF Incoming connection for protocol messages. addr=127.0.0.1:49542
07:26:19.629 INF Incoming connection for protocol messages. addr=127.0.0.1:49550
07:26:19.632 INF Incoming connection for protocol messages. addr=127.0.0.1:49540
07:26:19.632 INF Incoming connection for protocol messages. addr=127.0.0.1:49582
07:26:19.633 INF Incoming connection for protocol messages. addr=127.0.0.1:49600
07:26:19.634 INF Incoming connection for protocol messages. addr=127.0.0.1:49564
07:26:19.635 INF Incoming connection for protocol messages. addr=127.0.0.1:49604
07:26:19.637 INF Incoming connection for protocol messages. addr=127.0.0.1:49610
07:26:19.639 INF Incoming connection for protocol messages. addr=127.0.0.1:49620
07:26:19.639 INF Incoming connection for protocol messages. addr=127.0.0.1:49616
07:26:19.640 INF Incoming connection for protocol messages. addr=127.0.0.1:49612
07:26:19.640 INF Incoming connection for protocol messages. addr=127.0.0.1:49624
07:26:19.641 INF Incoming connection for protocol messages. addr=127.0.0.1:49630
07:26:19.641 DBG Connected. peerID=0
07:26:19.641 INF Incoming connection for protocol messages. addr=127.0.0.1:49622
07:26:19.642 INF Incoming connection for protocol messages. addr=127.0.0.1:49632
07:26:19.642 INF Incoming connection for protocol messages. addr=127.0.0.1:49618
07:26:19.643 INF Incoming connection for protocol messages. addr=127.0.0.1:49648
07:26:19.644 INF Incoming connection for protocol messages. addr=127.0.0.1:49662
07:26:19.644 INF Incoming connection for protocol messages. addr=127.0.0.1:49716
07:26:19.644 INF Incoming connection for protocol messages. addr=127.0.0.1:49646
07:26:19.644 DBG Connected. peerID=3
07:26:19.645 INF Incoming connection for protocol messages. addr=127.0.0.1:49664
07:26:19.645 DBG Connected. peerID=1
07:26:19.645 INF Incoming connection for protocol messages. addr=127.0.0.1:49672
07:26:19.645 INF Incoming connection for protocol messages. addr=127.0.0.1:49678
07:26:19.645 INF Incoming connection for protocol messages. addr=127.0.0.1:49684
07:26:19.645 INF Connected to all peers.
07:26:19.645 DBG Connected. peerID=2
07:26:19.649 INF All peers finished connecting. Starting ISS.
07:26:19.649 DBG Buckets for 0-th leader 0: [0 4 8 12 16 20 24 28 32 36 40 44 48 52 56 60]
07:26:19.650 DBG Buckets for 1-th leader 1: [1 5 9 13 17 21 25 29 33 37 41 45 49 53 57 61]
07:26:19.650 DBG Buckets for 2-th leader 2: [2 6 10 14 18 22 26 30 34 38 42 46 50 54 58 62]
07:26:19.650 DBG Buckets for 3-th leader 3: [3 7 11 15 19 23 27 31 35 39 43 47 51 55 59 63]
07:26:19.650 INF PbftOrderer received a new segment: [0 4 8 12 16 20 24 28 32 36 40 44 48 52 56 60 64 68 72 76 80 84 88 92 96 100 104 108 112 116 120 124 128 132 136 140 144 148 152 156 160 164 168 172 176 180 184 188 192 196 200 204 208 212 216 220 224 228 232 236 240 244 248 252] first leader=0 firstSN=0 lastSN=252 len=64 length=64 segId=0
07:26:19.650 INF Starting new view. segID=0 timeout=60000 view=0
07:26:19.651 DBG Starting timer. sn=0 view=0
07:26:19.651 INF Starting PBFT instance. first=0 last=252 segID=0
07:26:19.651 DBG Subscribing to backlog. segID=0
07:26:19.651 INF Starting serialized message processing. segID=0
07:26:19.651 INF PbftOrderer received a new segment: [1 5 9 13 17 21 25 29 33 37 41 45 49 53 57 61 65 69 73 77 81 85 89 93 97 101 105 109 113 117 121 125 129 133 137 141 145 149 153 157 161 165 169 173 177 181 185 189 193 197 201 205 209 213 217 221 225 229 233 237 241 245 249 253] first leader=1 firstSN=1 lastSN=253 len=64 length=64 segId=1
07:26:19.652 INF Starting new view. segID=1 timeout=60000 view=0
07:26:19.652 DBG Starting timer. sn=1 view=0
07:26:19.652 INF Starting PBFT instance. first=1 last=253 segID=1
07:26:19.652 DBG Subscribing to backlog. segID=1
07:26:19.652 DBG Leading segment. segID=1
07:26:19.652 INF Starting serialized message processing. segID=1
07:26:19.652 DBG Waiting for batch. batchSize=4096
07:26:19.653 INF PbftOrderer received a new segment: [2 6 10 14 18 22 26 30 34 38 42 46 50 54 58 62 66 70 74 78 82 86 90 94 98 102 106 110 114 118 122 126 130 134 138 142 146 150 154 158 162 166 170 174 178 182 186 190 194 198 202 206 210 214 218 222 226 230 234 238 242 246 250 254] first leader=2 firstSN=2 lastSN=254 len=64 length=64 segId=2
07:26:19.653 INF Starting new view. segID=2 timeout=60000 view=0
07:26:19.653 DBG Starting timer. sn=2 view=0
07:26:19.653 INF Starting PBFT instance. first=2 last=254 segID=2
07:26:19.653 DBG Subscribing to backlog. segID=2
07:26:19.653 INF Starting serialized message processing. segID=2
07:26:19.654 INF PbftOrderer received a new segment: [3 7 11 15 19 23 27 31 35 39 43 47 51 55 59 63 67 71 75 79 83 87 91 95 99 103 107 111 115 119 123 127 131 135 139 143 147 151 155 159 163 167 171 175 179 183 187 191 195 199 203 207 211 215 219 223 227 231 235 239 243 247 251 255] first leader=3 firstSN=3 lastSN=255 len=64 length=64 segId=3
07:26:19.654 INF Starting new view. segID=3 timeout=60000 view=0
07:26:19.654 DBG Starting timer. sn=3 view=0
07:26:19.654 INF Starting PBFT instance. first=3 last=255 segID=3
07:26:19.654 DBG Subscribing to backlog. segID=3
07:26:19.654 INF Starting serialized message processing. segID=3
07:26:20.653 DBG Batch ready. batchSize=4096
07:26:20.653 DBG Batch cut. left=0 nBuckets=16 nReq=0 next=0
07:26:20.653 INF Sending PREPREPARE. nReq=0 senderID=1 sn=1 view=0
07:26:20.653 DBG Waiting for batch. batchSize=4096
07:26:20.657 INF Handling PREPREPARE. nReq=0 senderID=0 sn=0
07:26:20.657 DBG Creating new Batch. nReq=0
07:26:20.657 DBG Sending PREPARE. senderID=1 sn=0 view=0
07:26:20.658 INF Handling PREPREPARE. nReq=0 senderID=3 sn=3
07:26:20.658 DBG Creating new Batch. nReq=0
07:26:20.658 DBG Sending PREPARE. senderID=1 sn=3 view=0
07:26:20.659 INF Handling PREPREPARE. nReq=0 senderID=2 sn=2
07:26:20.659 DBG Creating new Batch. nReq=0
07:26:20.659 DBG Sending PREPARE. senderID=1 sn=2 view=0
07:26:20.659 DBG Sending COMMIT. senderID=1 sn=3 view=0
07:26:20.659 DBG Sending COMMIT. senderID=1 sn=1 view=0
07:26:20.659 DBG Sending COMMIT. senderID=1 sn=0 view=0
07:26:20.661 DBG Sending COMMIT. senderID=1 sn=2 view=0
07:26:20.661 INF Committed entry. latency=0 nReq=0 sn=1
07:26:20.661 INF Committed entry. latency=0 nReq=0 sn=0
07:26:20.661 INF Delivered batch. nReq=0 sn=0
07:26:20.661 INF Delivered batch. nReq=0 sn=1
07:26:20.661 DBG Starting timer. sn=5 view=0
07:26:20.662 DBG Starting timer. sn=4 view=0
07:26:20.662 INF Committed entry. latency=0 nReq=0 sn=3
07:26:20.662 INF Committed entry. latency=0 nReq=0 sn=2
07:26:20.662 INF Delivered batch. nReq=0 sn=2
07:26:20.662 INF Delivered batch. nReq=0 sn=3
07:26:20.662 DBG Starting timer. sn=7 view=0
07:26:20.662 DBG Starting timer. sn=6 view=0
07:26:21.655 DBG Batch ready. batchSize=4096
07:26:21.655 DBG Batch cut. left=0 nBuckets=16 nReq=0 next=0
07:26:21.655 INF Sending PREPREPARE. nReq=0 senderID=1 sn=5 view=0
07:26:21.655 DBG Waiting for batch. batchSize=4096
07:26:21.657 INF Handling PREPREPARE. nReq=0 senderID=0 sn=4
07:26:21.657 DBG Creating new Batch. nReq=0
07:26:21.657 DBG Sending PREPARE. senderID=1 sn=4 view=0
07:26:21.657 INF Handling PREPREPARE. nReq=0 senderID=3 sn=7
07:26:21.657 INF Handling PREPREPARE. nReq=0 senderID=2 sn=6
07:26:21.657 DBG Creating new Batch. nReq=0
07:26:21.657 DBG Creating new Batch. nReq=0
07:26:21.658 DBG Sending COMMIT. senderID=1 sn=5 view=0
07:26:21.658 DBG Sending PREPARE. senderID=1 sn=7 view=0
07:26:21.658 DBG Sending PREPARE. senderID=1 sn=6 view=0
07:26:21.658 DBG Sending COMMIT. senderID=1 sn=6 view=0
07:26:21.658 DBG Sending COMMIT. senderID=1 sn=4 view=0
07:26:21.659 INF Committed entry. latency=0 nReq=0 sn=5
07:26:21.659 DBG Sending COMMIT. senderID=1 sn=7 view=0
07:26:21.659 DBG Starting timer. sn=9 view=0
07:26:21.659 INF Committed entry. latency=0 nReq=0 sn=4
07:26:21.660 INF Delivered batch. nReq=0 sn=4
07:26:21.660 INF Delivered batch. nReq=0 sn=5
07:26:21.660 DBG Starting timer. sn=8 view=0
07:26:21.661 INF Committed entry. latency=0 nReq=0 sn=7
07:26:21.661 INF Committed entry. latency=0 nReq=0 sn=6
07:26:21.661 INF Delivered batch. nReq=0 sn=6
07:26:21.661 INF Delivered batch. nReq=0 sn=7
07:26:21.661 DBG Starting timer. sn=11 view=0
07:26:21.661 DBG Starting timer. sn=10 view=0
07:26:21.687 INF Incoming connection for requests. addr=127.0.0.1:49736
07:26:22.656 DBG Batch ready. batchSize=4096
07:26:22.657 DBG Batch cut. left=0 nBuckets=16 nReq=31 next=0
07:26:22.657 DBG Waiting for batch. batchSize=4096
07:26:22.663 INF Sending PREPREPARE. nReq=31 senderID=1 sn=9 view=0
07:26:22.665 INF Handling PREPREPARE. nReq=30 senderID=2 sn=10
07:26:22.665 DBG Creating new Batch. nReq=30
07:26:22.665 INF Handling PREPREPARE. nReq=30 senderID=3 sn=11
07:26:22.665 DBG Creating new Batch. nReq=30
07:26:22.667 INF Handling PREPREPARE. nReq=31 senderID=0 sn=8
07:26:22.667 DBG Creating new Batch. nReq=31
07:26:22.672 DBG Sending PREPARE. senderID=1 sn=11 view=0
07:26:22.673 DBG Sending PREPARE. senderID=1 sn=10 view=0
07:26:22.673 DBG Sending COMMIT. senderID=1 sn=10 view=0
07:26:22.674 DBG Sending COMMIT. senderID=1 sn=11 view=0
07:26:22.674 DBG Sending PREPARE. senderID=1 sn=8 view=0
07:26:22.674 DBG Sending COMMIT. senderID=1 sn=8 view=0
07:26:22.675 INF Committed entry. latency=0 nReq=30 sn=10
07:26:22.675 DBG Starting timer. sn=14 view=0
07:26:22.675 DBG Sending COMMIT. senderID=1 sn=9 view=0
07:26:22.675 INF Committed entry. latency=0 nReq=31 sn=8
07:26:22.675 INF Delivered batch. nReq=31 sn=8
07:26:22.675 DBG Starting timer. sn=12 view=0
07:26:22.676 INF Committed entry. latency=0 nReq=30 sn=11
07:26:22.676 DBG Starting timer. sn=15 view=0
07:26:22.677 INF Committed entry. latency=0 nReq=31 sn=9
07:26:22.677 INF Delivered batch. nReq=31 sn=9
07:26:22.677 INF Delivered batch. nReq=30 sn=10
07:26:22.677 INF Delivered batch. nReq=30 sn=11
07:26:22.677 DBG Starting timer. sn=13 view=0
07:26:23.658 DBG Batch ready. batchSize=4096
07:26:23.658 DBG Batch cut. left=0 nBuckets=16 nReq=32 next=0
07:26:23.658 DBG Waiting for batch. batchSize=4096
07:26:23.659 INF Sending PREPREPARE. nReq=32 senderID=1 sn=13 view=0
07:26:23.665 INF Handling PREPREPARE. nReq=32 senderID=3 sn=15
07:26:23.665 INF Handling PREPREPARE. nReq=32 senderID=0 sn=12
07:26:23.665 DBG Creating new Batch. nReq=32
07:26:23.666 DBG Creating new Batch. nReq=32
07:26:23.666 INF Handling PREPREPARE. nReq=32 senderID=2 sn=14
07:26:23.666 DBG Creating new Batch. nReq=32
07:26:23.672 DBG Sending PREPARE. senderID=1 sn=14 view=0
07:26:23.673 DBG Sending COMMIT. senderID=1 sn=13 view=0
07:26:23.673 DBG Sending PREPARE. senderID=1 sn=12 view=0
07:26:23.673 DBG Sending PREPARE. senderID=1 sn=15 view=0
07:26:23.673 DBG Sending COMMIT. senderID=1 sn=12 view=0
07:26:23.673 DBG Sending COMMIT. senderID=1 sn=14 view=0
07:26:23.673 DBG Sending COMMIT. senderID=1 sn=15 view=0
07:26:23.674 INF Committed entry. latency=0 nReq=32 sn=13
07:26:23.674 DBG Starting timer. sn=17 view=0
07:26:23.675 INF Committed entry. latency=0 nReq=32 sn=14
07:26:23.675 INF Committed entry. latency=0 nReq=32 sn=12
07:26:23.675 INF Delivered batch. nReq=32 sn=12
07:26:23.675 INF Delivered batch. nReq=32 sn=13
07:26:23.675 INF Delivered batch. nReq=32 sn=14
07:26:23.675 DBG Starting timer. sn=18 view=0
07:26:23.675 INF Committed entry. latency=0 nReq=32 sn=15
07:26:23.676 INF Delivered batch. nReq=32 sn=15
07:26:23.676 DBG Starting timer. sn=16 view=0
07:26:23.676 DBG Starting timer. sn=19 view=0
07:26:24.660 DBG Batch ready. batchSize=4096
07:26:24.660 DBG Batch cut. left=0 nBuckets=16 nReq=32 next=0
07:26:24.660 DBG Waiting for batch. batchSize=4096
07:26:24.661 INF Sending PREPREPARE. nReq=32 senderID=1 sn=17 view=0
07:26:24.667 INF Handling PREPREPARE. nReq=32 senderID=0 sn=16
07:26:24.667 DBG Creating new Batch. nReq=32
07:26:24.668 INF Handling PREPREPARE. nReq=33 senderID=2 sn=18
07:26:24.668 DBG Creating new Batch. nReq=33
07:26:24.668 INF Handling PREPREPARE. nReq=32 senderID=3 sn=19
07:26:24.668 DBG Creating new Batch. nReq=32
07:26:24.673 DBG Sending PREPARE. senderID=1 sn=16 view=0
07:26:24.674 DBG Sending PREPARE. senderID=1 sn=19 view=0
07:26:24.674 DBG Sending PREPARE. senderID=1 sn=18 view=0
07:26:24.674 DBG Sending COMMIT. senderID=1 sn=18 view=0
07:26:24.674 DBG Sending COMMIT. senderID=1 sn=16 view=0
07:26:24.674 DBG Sending COMMIT. senderID=1 sn=17 view=0
07:26:24.675 DBG Sending COMMIT. senderID=1 sn=19 view=0
07:26:24.675 INF Committed entry. latency=0 nReq=32 sn=17
07:26:24.675 DBG Starting timer. sn=21 view=0
07:26:24.675 INF Committed entry. latency=0 nReq=32 sn=16
07:26:24.676 INF Delivered batch. nReq=32 sn=16
07:26:24.676 INF Delivered batch. nReq=32 sn=17
07:26:24.676 DBG Starting timer. sn=20 view=0
07:26:24.676 INF Committed entry. latency=0 nReq=32 sn=19
07:26:24.676 DBG Starting timer. sn=23 view=0
07:26:24.677 INF Committed entry. latency=0 nReq=33 sn=18
07:26:24.678 INF Delivered batch. nReq=33 sn=18
07:26:24.678 INF Delivered batch. nReq=32 sn=19
07:26:24.678 DBG Starting timer. sn=22 view=0
07:26:25.662 DBG Batch ready. batchSize=4096
07:26:25.662 DBG Batch cut. left=0 nBuckets=16 nReq=32 next=0
07:26:25.662 DBG Waiting for batch. batchSize=4096
07:26:25.663 INF Sending PREPREPARE. nReq=32 senderID=1 sn=21 view=0
07:26:25.669 INF Handling PREPREPARE. nReq=32 senderID=3 sn=23
07:26:25.669 DBG Creating new Batch. nReq=32
07:26:25.669 INF Handling PREPREPARE. nReq=32 senderID=0 sn=20
07:26:25.669 DBG Creating new Batch. nReq=32
07:26:25.671 INF Handling PREPREPARE. nReq=32 senderID=2 sn=22
07:26:25.671 DBG Creating new Batch. nReq=32
07:26:25.675 DBG Sending PREPARE. senderID=1 sn=20 view=0
07:26:25.675 DBG Sending PREPARE. senderID=1 sn=23 view=0
07:26:25.676 DBG Sending COMMIT. senderID=1 sn=20 view=0
07:26:25.676 DBG Sending PREPARE. senderID=1 sn=22 view=0
07:26:25.676 DBG Sending COMMIT. senderID=1 sn=23 view=0
07:26:25.677 DBG Sending COMMIT. senderID=1 sn=21 view=0
07:26:25.677 INF Committed entry. latency=0 nReq=32 sn=20
07:26:25.677 INF Delivered batch. nReq=32 sn=20
07:26:25.677 INF Committed entry. latency=0 nReq=32 sn=21
07:26:25.677 INF Delivered batch. nReq=32 sn=21
07:26:25.678 DBG Starting timer. sn=24 view=0
07:26:25.678 DBG Starting timer. sn=25 view=0
07:26:25.678 DBG Sending COMMIT. senderID=1 sn=22 view=0
07:26:25.678 INF Committed entry. latency=0 nReq=32 sn=23
07:26:25.678 DBG Starting timer. sn=27 view=0
07:26:25.679 INF Committed entry. latency=0 nReq=32 sn=22
07:26:25.679 INF Delivered batch. nReq=32 sn=22
07:26:25.680 INF Delivered batch. nReq=32 sn=23
07:26:25.680 DBG Starting timer. sn=26 view=0
07:26:26.664 DBG Batch ready. batchSize=4096
07:26:26.664 DBG Batch cut. left=0 nBuckets=16 nReq=32 next=0
07:26:26.664 DBG Waiting for batch. batchSize=4096
07:26:26.665 INF Sending PREPREPARE. nReq=32 senderID=1 sn=25 view=0
07:26:26.671 INF Handling PREPREPARE. nReq=32 senderID=2 sn=26
07:26:26.671 DBG Creating new Batch. nReq=32
07:26:26.674 INF Handling PREPREPARE. nReq=32 senderID=3 sn=27
07:26:26.674 DBG Creating new Batch. nReq=32
07:26:26.674 INF Handling PREPREPARE. nReq=32 senderID=0 sn=24
07:26:26.675 DBG Creating new Batch. nReq=32
07:26:26.676 DBG Sending COMMIT. senderID=1 sn=25 view=0
07:26:26.677 INF Committed entry. latency=0 nReq=32 sn=25
07:26:26.677 DBG Starting timer. sn=29 view=0
07:26:26.679 DBG Sending PREPARE. senderID=1 sn=26 view=0
07:26:26.679 DBG Sending COMMIT. senderID=1 sn=26 view=0
07:26:26.680 INF Committed entry. latency=0 nReq=32 sn=26
07:26:26.680 DBG Starting timer. sn=30 view=0
07:26:26.680 DBG Sending PREPARE. senderID=1 sn=24 view=0
07:26:26.680 DBG Sending COMMIT. senderID=1 sn=24 view=0
07:26:26.680 DBG Sending PREPARE. senderID=1 sn=27 view=0
07:26:26.681 DBG Sending COMMIT. senderID=1 sn=27 view=0
07:26:26.681 INF Committed entry. latency=0 nReq=32 sn=27
07:26:26.681 INF Committed entry. latency=0 nReq=32 sn=24
07:26:26.681 INF Delivered batch. nReq=32 sn=24
07:26:26.682 INF Delivered batch. nReq=32 sn=25
07:26:26.682 INF Delivered batch. nReq=32 sn=26
07:26:26.682 INF Delivered batch. nReq=32 sn=27
07:26:26.682 DBG Starting timer. sn=31 view=0
07:26:26.682 DBG Starting timer. sn=28 view=0
07:26:27.665 DBG Batch ready. batchSize=4096
07:26:27.666 DBG Batch cut. left=0 nBuckets=16 nReq=32 next=0
07:26:27.666 DBG Waiting for batch. batchSize=4096
07:26:27.667 INF Sending PREPREPARE. nReq=32 senderID=1 sn=29 view=0
07:26:27.671 INF Handling PREPREPARE. nReq=32 senderID=2 sn=30
07:26:27.672 DBG Creating new Batch. nReq=32
07:26:27.672 INF Handling PREPREPARE. nReq=32 senderID=0 sn=28
07:26:27.672 DBG Creating new Batch. nReq=32
07:26:27.672 INF Handling PREPREPARE. nReq=32 senderID=3 sn=31
07:26:27.673 DBG Creating new Batch. nReq=32
07:26:27.679 DBG Sending COMMIT. senderID=1 sn=29 view=0
07:26:27.679 DBG Sending PREPARE. senderID=1 sn=31 view=0
07:26:27.679 DBG Sending COMMIT. senderID=1 sn=31 view=0
07:26:27.680 DBG Sending PREPARE. senderID=1 sn=30 view=0
07:26:27.680 DBG Sending PREPARE. senderID=1 sn=28 view=0
07:26:27.680 DBG Sending COMMIT. senderID=1 sn=30 view=0
07:26:27.680 DBG Sending COMMIT. senderID=1 sn=28 view=0
07:26:27.680 INF Committed entry. latency=0 nReq=32 sn=29
07:26:27.681 DBG Starting timer. sn=33 view=0
07:26:27.681 INF Committed entry. latency=0 nReq=32 sn=31
07:26:27.682 INF Committed entry. latency=0 nReq=32 sn=30
07:26:27.682 DBG Starting timer. sn=35 view=0
07:26:27.682 DBG Starting timer. sn=34 view=0
07:26:27.682 INF Committed entry. latency=0 nReq=32 sn=28
07:26:27.683 INF Delivered batch. nReq=32 sn=28
07:26:27.683 INF Delivered batch. nReq=32 sn=29
07:26:27.683 INF Delivered batch. nReq=32 sn=30
07:26:27.683 INF Delivered batch. nReq=32 sn=31
07:26:27.683 DBG Starting timer. sn=32 view=0
07:26:28.667 DBG Batch ready. batchSize=4096
07:26:28.667 DBG Batch cut. left=0 nBuckets=16 nReq=32 next=0
07:26:28.667 DBG Waiting for batch. batchSize=4096
07:26:28.668 INF Sending PREPREPARE. nReq=32 senderID=1 sn=33 view=0
07:26:28.674 INF Handling PREPREPARE. nReq=32 senderID=2 sn=34
07:26:28.674 DBG Creating new Batch. nReq=32
07:26:28.675 INF Handling PREPREPARE. nReq=33 senderID=3 sn=35
07:26:28.675 DBG Creating new Batch. nReq=33
07:26:28.675 INF Handling PREPREPARE. nReq=32 senderID=0 sn=32
07:26:28.675 DBG Creating new Batch. nReq=32
07:26:28.680 DBG Sending PREPARE. senderID=1 sn=34 view=0
07:26:28.681 DBG Sending PREPARE. senderID=1 sn=32 view=0
07:26:28.681 DBG Sending COMMIT. senderID=1 sn=33 view=0
07:26:28.681 DBG Sending PREPARE. senderID=1 sn=35 view=0
07:26:28.682 DBG Sending COMMIT. senderID=1 sn=32 view=0
07:26:28.682 DBG Sending COMMIT. senderID=1 sn=35 view=0
07:26:28.682 INF Committed entry. latency=0 nReq=32 sn=33
07:26:28.682 DBG Starting timer. sn=37 view=0
07:26:28.682 DBG Sending COMMIT. senderID=1 sn=34 view=0
07:26:28.683 INF Committed entry. latency=0 nReq=33 sn=35
07:26:28.684 INF Committed entry. latency=0 nReq=32 sn=32
07:26:28.684 INF Committed entry. latency=0 nReq=32 sn=34
07:26:28.684 INF Delivered batch. nReq=32 sn=32
07:26:28.684 INF Delivered batch. nReq=32 sn=33
07:26:28.684 INF Delivered batch. nReq=32 sn=34
07:26:28.684 INF Delivered batch. nReq=33 sn=35
07:26:28.684 DBG Starting timer. sn=39 view=0
07:26:28.684 DBG Starting timer. sn=36 view=0
07:26:28.684 DBG Starting timer. sn=38 view=0
07:26:29.668 DBG Batch ready. batchSize=4096
07:26:29.668 DBG Batch cut. left=0 nBuckets=16 nReq=32 next=0
07:26:29.669 DBG Waiting for batch. batchSize=4096
07:26:29.670 INF Sending PREPREPARE. nReq=32 senderID=1 sn=37 view=0
07:26:29.675 INF Handling PREPREPARE. nReq=32 senderID=3 sn=39
07:26:29.675 DBG Creating new Batch. nReq=32
07:26:29.676 INF Handling PREPREPARE. nReq=32 senderID=2 sn=38
07:26:29.676 INF Handling PREPREPARE. nReq=32 senderID=0 sn=36
07:26:29.676 DBG Creating new Batch. nReq=32
07:26:29.676 DBG Creating new Batch. nReq=32
07:26:29.681 DBG Sending COMMIT. senderID=1 sn=37 view=0
07:26:29.682 DBG Sending PREPARE. senderID=1 sn=38 view=0
07:26:29.682 DBG Sending PREPARE. senderID=1 sn=39 view=0
07:26:29.682 DBG Sending COMMIT. senderID=1 sn=39 view=0
07:26:29.682 INF Committed entry. latency=0 nReq=32 sn=37
07:26:29.683 DBG Starting timer. sn=41 view=0
07:26:29.683 DBG Sending COMMIT. senderID=1 sn=38 view=0
07:26:29.683 DBG Sending PREPARE. senderID=1 sn=36 view=0
07:26:29.683 DBG Sending COMMIT. senderID=1 sn=36 view=0
07:26:29.685 INF Committed entry. latency=0 nReq=32 sn=38
07:26:29.685 INF Committed entry. latency=0 nReq=32 sn=39
07:26:29.685 DBG Starting timer. sn=42 view=0
07:26:29.685 DBG Starting timer. sn=43 view=0
07:26:29.685 INF Committed entry. latency=0 nReq=32 sn=36
07:26:29.685 INF Delivered batch. nReq=32 sn=36
07:26:29.686 INF Delivered batch. nReq=32 sn=37
07:26:29.686 INF Delivered batch. nReq=32 sn=38
07:26:29.686 INF Delivered batch. nReq=32 sn=39
07:26:29.686 DBG Starting timer. sn=40 view=0
07:26:30.669 DBG Batch ready. batchSize=4096
07:26:30.670 DBG Batch cut. left=0 nBuckets=16 nReq=32 next=0
07:26:30.670 DBG Waiting for batch. batchSize=4096
07:26:30.671 INF Sending PREPREPARE. nReq=32 senderID=1 sn=41 view=0
07:26:30.676 INF Handling PREPREPARE. nReq=32 senderID=2 sn=42
07:26:30.676 DBG Creating new Batch. nReq=32
07:26:30.677 INF Handling PREPREPARE. nReq=32 senderID=3 sn=43
07:26:30.677 INF Handling PREPREPARE. nReq=32 senderID=0 sn=40
07:26:30.678 DBG Creating new Batch. nReq=32
07:26:30.677 DBG Creating new Batch. nReq=32
07:26:30.682 DBG Sending PREPARE. senderID=1 sn=42 view=0
07:26:30.683 DBG Sending PREPARE. senderID=1 sn=43 view=0
07:26:30.683 DBG Sending COMMIT. senderID=1 sn=42 view=0
07:26:30.684 DBG Sending COMMIT. senderID=1 sn=41 view=0
07:26:30.684 DBG Sending PREPARE. senderID=1 sn=40 view=0
07:26:30.684 INF Committed entry. latency=0 nReq=32 sn=42
07:26:30.684 DBG Starting timer. sn=46 view=0
07:26:30.685 INF Committed entry. latency=0 nReq=32 sn=41
07:26:30.685 DBG Starting timer. sn=45 view=0
07:26:30.685 DBG Sending COMMIT. senderID=1 sn=40 view=0
07:26:30.685 DBG Sending COMMIT. senderID=1 sn=43 view=0
07:26:30.686 INF Committed entry. latency=0 nReq=32 sn=43
07:26:30.686 DBG Starting timer. sn=47 view=0
07:26:30.686 INF Committed entry. latency=0 nReq=32 sn=40
07:26:30.686 INF Delivered batch. nReq=32 sn=40
07:26:30.687 INF Delivered batch. nReq=32 sn=41
07:26:30.687 INF Delivered batch. nReq=32 sn=42
07:26:30.687 INF Delivered batch. nReq=32 sn=43
07:26:30.687 DBG Starting timer. sn=44 view=0
07:26:31.671 DBG Batch ready. batchSize=4096
07:26:31.672 DBG Batch cut. left=0 nBuckets=16 nReq=32 next=0
07:26:31.672 DBG Waiting for batch. batchSize=4096
07:26:31.672 INF Sending PREPREPARE. nReq=32 senderID=1 sn=45 view=0
07:26:31.678 INF Handling PREPREPARE. nReq=32 senderID=2 sn=46
07:26:31.678 DBG Creating new Batch. nReq=32
07:26:31.679 INF Handling PREPREPARE. nReq=32 senderID=0 sn=44
07:26:31.679 DBG Creating new Batch. nReq=32
07:26:31.680 INF Handling PREPREPARE. nReq=32 senderID=3 sn=47
07:26:31.680 DBG Creating new Batch. nReq=32
07:26:31.685 DBG Sending PREPARE. senderID=1 sn=44 view=0
07:26:31.685 DBG Sending PREPARE. senderID=1 sn=46 view=0
07:26:31.686 DBG Sending COMMIT. senderID=1 sn=46 view=0
07:26:31.686 DBG Sending PREPARE. senderID=1 sn=47 view=0
07:26:31.686 DBG Sending COMMIT. senderID=1 sn=47 view=0
07:26:31.686 DBG Sending COMMIT. senderID=1 sn=44 view=0
07:26:31.687 DBG Sending COMMIT. senderID=1 sn=45 view=0
07:26:31.687 INF Committed entry. latency=0 nReq=32 sn=45
07:26:31.688 DBG Starting timer. sn=49 view=0
07:26:31.688 INF Committed entry. latency=0 nReq=32 sn=47
07:26:31.688 INF Committed entry. latency=0 nReq=32 sn=46
07:26:31.688 DBG Starting timer. sn=51 view=0
07:26:31.688 DBG Starting timer. sn=50 view=0
07:26:31.688 INF Committed entry. latency=0 nReq=32 sn=44
07:26:31.689 INF Delivered batch. nReq=32 sn=44
07:26:31.689 INF Delivered batch. nReq=32 sn=45
07:26:31.689 INF Delivered batch. nReq=32 sn=46
07:26:31.689 INF Delivered batch. nReq=32 sn=47
07:26:31.689 DBG Starting timer. sn=48 view=0
07:26:32.673 DBG Batch ready. batchSize=4096
07:26:32.674 DBG Batch cut. left=0 nBuckets=16 nReq=32 next=0
07:26:32.674 DBG Waiting for batch. batchSize=4096
07:26:32.675 INF Sending PREPREPARE. nReq=32 senderID=1 sn=49 view=0
07:26:32.679 INF Handling PREPREPARE. nReq=32 senderID=2 sn=50
07:26:32.680 DBG Creating new Batch. nReq=32
07:26:32.681 INF Handling PREPREPARE. nReq=33 senderID=0 sn=48
07:26:32.682 DBG Creating new Batch. nReq=33
07:26:32.682 INF Handling PREPREPARE. nReq=32 senderID=3 sn=51
07:26:32.682 DBG Creating new Batch. nReq=32
07:26:32.686 DBG Sending PREPARE. senderID=1 sn=50 view=0
07:26:32.686 DBG Sending COMMIT. senderID=1 sn=49 view=0
07:26:32.686 DBG Sending COMMIT. senderID=1 sn=50 view=0
07:26:32.688 INF Committed entry. latency=0 nReq=32 sn=49
07:26:32.688 DBG Starting timer. sn=53 view=0
07:26:32.688 DBG Sending PREPARE. senderID=1 sn=51 view=0
07:26:32.689 DBG Sending PREPARE. senderID=1 sn=48 view=0
07:26:32.689 DBG Sending COMMIT. senderID=1 sn=51 view=0
07:26:32.689 INF Committed entry. latency=0 nReq=32 sn=50
07:26:32.689 DBG Sending COMMIT. senderID=1 sn=48 view=0
07:26:32.689 DBG Starting timer. sn=54 view=0
07:26:32.690 INF Committed entry. latency=0 nReq=33 sn=48
07:26:32.690 INF Delivered batch. nReq=33 sn=48
07:26:32.690 INF Delivered batch. nReq=32 sn=49
07:26:32.690 INF Delivered batch. nReq=32 sn=50
07:26:32.690 DBG Starting timer. sn=52 view=0
07:26:32.691 INF Committed entry. latency=0 nReq=32 sn=51
07:26:32.691 INF Delivered batch. nReq=32 sn=51
07:26:32.691 DBG Starting timer. sn=55 view=0
07:26:33.676 DBG Batch ready. batchSize=4096
07:26:33.676 DBG Batch cut. left=0 nBuckets=16 nReq=32 next=0
07:26:33.676 DBG Waiting for batch. batchSize=4096
07:26:33.677 INF Sending PREPREPARE. nReq=32 senderID=1 sn=53 view=0
07:26:33.680 INF Handling PREPREPARE. nReq=32 senderID=2 sn=54
07:26:33.680 DBG Creating new Batch. nReq=32
07:26:33.684 INF Handling PREPREPARE. nReq=32 senderID=3 sn=55
07:26:33.684 DBG Sending PREPARE. senderID=1 sn=54 view=0
07:26:33.684 DBG Creating new Batch. nReq=32
07:26:33.686 INF Handling PREPREPARE. nReq=32 senderID=0 sn=52
07:26:33.686 DBG Creating new Batch. nReq=32
07:26:33.686 DBG Sending COMMIT. senderID=1 sn=54 view=0
07:26:33.688 INF Committed entry. latency=0 nReq=32 sn=54
07:26:33.688 DBG Sending PREPARE. senderID=1 sn=55 view=0
07:26:33.688 DBG Starting timer. sn=58 view=0
07:26:33.688 DBG Sending COMMIT. senderID=1 sn=53 view=0
07:26:33.691 INF Committed entry. latency=0 nReq=32 sn=53
07:26:33.691 DBG Starting timer. sn=57 view=0
07:26:33.691 DBG Sending COMMIT. senderID=1 sn=55 view=0
07:26:33.691 DBG Sending PREPARE. senderID=1 sn=52 view=0
07:26:33.692 DBG Sending COMMIT. senderID=1 sn=52 view=0
07:26:33.692 INF Committed entry. latency=0 nReq=32 sn=55
07:26:33.692 DBG Starting timer. sn=59 view=0
07:26:33.693 INF Committed entry. latency=0 nReq=32 sn=52
07:26:33.693 INF Delivered batch. nReq=32 sn=52
07:26:33.694 INF Delivered batch. nReq=32 sn=53
07:26:33.694 INF Delivered batch. nReq=32 sn=54
07:26:33.694 INF Delivered batch. nReq=32 sn=55
07:26:33.694 DBG Starting timer. sn=56 view=0
07:26:34.677 DBG Batch ready. batchSize=4096
07:26:34.678 DBG Batch cut. left=0 nBuckets=16 nReq=32 next=0
07:26:34.678 DBG Waiting for batch. batchSize=4096
07:26:34.679 INF Sending PREPREPARE. nReq=32 senderID=1 sn=57 view=0
07:26:34.682 INF Handling PREPREPARE. nReq=32 senderID=2 sn=58
07:26:34.682 DBG Creating new Batch. nReq=32
07:26:34.687 INF Handling PREPREPARE. nReq=32 senderID=3 sn=59
07:26:34.687 DBG Creating new Batch. nReq=32
07:26:34.687 DBG Sending PREPARE. senderID=1 sn=58 view=0
07:26:34.688 INF Handling PREPREPARE. nReq=32 senderID=0 sn=56
07:26:34.688 DBG Creating new Batch. nReq=32
07:26:34.688 DBG Sending COMMIT. senderID=1 sn=58 view=0
07:26:34.691 DBG Sending COMMIT. senderID=1 sn=57 view=0
07:26:34.691 INF Committed entry. latency=0 nReq=32 sn=58
07:26:34.691 DBG Starting timer. sn=62 view=0
07:26:34.691 DBG Sending PREPARE. senderID=1 sn=59 view=0
07:26:34.692 DBG Sending COMMIT. senderID=1 sn=59 view=0
07:26:34.692 INF Committed entry. latency=0 nReq=32 sn=57
07:26:34.692 DBG Starting timer. sn=61 view=0
07:26:34.692 DBG Sending PREPARE. senderID=1 sn=56 view=0
07:26:34.693 DBG Sending COMMIT. senderID=1 sn=56 view=0
07:26:34.694 INF Committed entry. latency=0 nReq=32 sn=59
07:26:34.694 DBG Starting timer. sn=63 view=0
07:26:34.695 INF Committed entry. latency=0 nReq=32 sn=56
07:26:34.695 INF Delivered batch. nReq=32 sn=56
07:26:34.695 INF Delivered batch. nReq=32 sn=57
07:26:34.695 INF Delivered batch. nReq=32 sn=58
07:26:34.696 INF Delivered batch. nReq=32 sn=59
07:26:34.696 DBG Starting timer. sn=60 view=0
07:26:35.679 DBG Batch ready. batchSize=4096
07:26:35.679 DBG Batch cut. left=0 nBuckets=16 nReq=32 next=0
07:26:35.680 DBG Waiting for batch. batchSize=4096
07:26:35.680 INF Sending PREPREPARE. nReq=32 senderID=1 sn=61 view=0
07:26:35.683 INF Handling PREPREPARE. nReq=32 senderID=2 sn=62
07:26:35.683 DBG Creating new Batch. nReq=32
07:26:35.687 INF Handling PREPREPARE. nReq=32 senderID=3 sn=63
07:26:35.687 DBG Creating new Batch. nReq=32
07:26:35.688 INF Handling PREPREPARE. nReq=32 senderID=0 sn=60
07:26:35.688 DBG Creating new Batch. nReq=32
07:26:35.689 DBG Sending PREPARE. senderID=1 sn=62 view=0
07:26:35.689 DBG Sending COMMIT. senderID=1 sn=62 view=0
07:26:35.690 DBG Sending COMMIT. senderID=1 sn=61 view=0
07:26:35.692 INF Committed entry. latency=0 nReq=32 sn=61
07:26:35.692 DBG Starting timer. sn=65 view=0
07:26:35.693 INF Committed entry. latency=0 nReq=32 sn=62
07:26:35.693 DBG Starting timer. sn=66 view=0
07:26:35.693 DBG Sending PREPARE. senderID=1 sn=60 view=0
07:26:35.694 DBG Sending COMMIT. senderID=1 sn=60 view=0
07:26:35.694 DBG Sending PREPARE. senderID=1 sn=63 view=0
07:26:35.694 DBG Sending COMMIT. senderID=1 sn=63 view=0
07:26:35.695 INF Committed entry. latency=0 nReq=32 sn=60
07:26:35.695 INF Delivered batch. nReq=32 sn=60
07:26:35.695 INF Delivered batch. nReq=32 sn=61
07:26:35.695 INF Delivered batch. nReq=32 sn=62
07:26:35.695 DBG Starting timer. sn=64 view=0
07:26:35.696 INF Committed entry. latency=0 nReq=32 sn=63
07:26:35.696 INF Delivered batch. nReq=32 sn=63
07:26:35.696 DBG Starting timer. sn=67 view=0
07:26:36.680 DBG Batch ready. batchSize=4096
07:26:36.681 DBG Batch cut. left=0 nBuckets=16 nReq=32 next=0
07:26:36.681 DBG Waiting for batch. batchSize=4096
07:26:36.682 INF Sending PREPREPARE. nReq=32 senderID=1 sn=65 view=0
07:26:36.685 INF Handling PREPREPARE. nReq=32 senderID=2 sn=66
07:26:36.685 DBG Creating new Batch. nReq=32
07:26:36.687 INF Handling PREPREPARE. nReq=32 senderID=3 sn=67
07:26:36.687 DBG Creating new Batch. nReq=32
07:26:36.689 INF Handling PREPREPARE. nReq=32 senderID=0 sn=64
07:26:36.689 DBG Creating new Batch. nReq=32
07:26:36.690 DBG Sending PREPARE. senderID=1 sn=66 view=0
07:26:36.692 DBG Sending COMMIT. senderID=1 sn=66 view=0
07:26:36.693 DBG Sending PREPARE. senderID=1 sn=67 view=0
07:26:36.693 INF Committed entry. latency=0 nReq=32 sn=66
07:26:36.694 DBG Sending PREPARE. senderID=1 sn=64 view=0
07:26:36.694 DBG Starting timer. sn=70 view=0
07:26:36.694 DBG Sending COMMIT. senderID=1 sn=67 view=0
07:26:36.695 DBG Sending COMMIT. senderID=1 sn=65 view=0
07:26:36.696 INF Committed entry. latency=0 nReq=32 sn=67
07:26:36.696 DBG Sending COMMIT. senderID=1 sn=64 view=0
07:26:36.696 DBG Starting timer. sn=71 view=0
07:26:36.696 INF Committed entry. latency=0 nReq=32 sn=65
07:26:36.697 DBG Starting timer. sn=69 view=0
07:26:36.697 INF Committed entry. latency=0 nReq=32 sn=64
07:26:36.697 INF Delivered batch. nReq=32 sn=64
07:26:36.698 INF Delivered batch. nReq=32 sn=65
07:26:36.698 INF Delivered batch. nReq=32 sn=66
07:26:36.698 INF Delivered batch. nReq=32 sn=67
07:26:36.698 DBG Starting timer. sn=68 view=0
07:26:37.682 DBG Batch ready. batchSize=4096
07:26:37.683 DBG Batch cut. left=0 nBuckets=16 nReq=32 next=0
07:26:37.683 DBG Waiting for batch. batchSize=4096
07:26:37.684 INF Sending PREPREPARE. nReq=32 senderID=1 sn=69 view=0
07:26:37.686 INF Handling PREPREPARE. nReq=32 senderID=2 sn=70
07:26:37.686 DBG Creating new Batch. nReq=32
07:26:37.688 INF Handling PREPREPARE. nReq=32 senderID=3 sn=71
07:26:37.689 DBG Creating new Batch. nReq=32
07:26:37.692 DBG Sending PREPARE. senderID=1 sn=70 view=0
07:26:37.692 DBG Sending COMMIT. senderID=1 sn=70 view=0
07:26:37.694 DBG Sending PREPARE. senderID=1 sn=71 view=0
07:26:37.694 INF Committed entry. latency=0 nReq=32 sn=70
07:26:37.694 DBG Starting timer. sn=74 view=0
07:26:37.694 DBG Sending COMMIT. senderID=1 sn=71 view=0
07:26:37.695 INF Handling PREPREPARE. nReq=32 senderID=0 sn=68
07:26:37.695 DBG Sending COMMIT. senderID=1 sn=69 view=0
07:26:37.695 DBG Creating new Batch. nReq=32
07:26:37.696 INF Committed entry. latency=0 nReq=32 sn=71
07:26:37.696 DBG Starting timer. sn=75 view=0
07:26:37.697 INF Committed entry. latency=0 nReq=32 sn=69
07:26:37.697 DBG Starting timer. sn=73 view=0
07:26:37.699 DBG Sending PREPARE. senderID=1 sn=68 view=0
07:26:37.700 DBG Sending COMMIT. senderID=1 sn=68 view=0
07:26:37.702 INF Committed entry. latency=0 nReq=32 sn=68
07:26:37.702 INF Delivered batch. nReq=32 sn=68
07:26:37.702 INF Delivered batch. nReq=32 sn=69
07:26:37.702 INF Delivered batch. nReq=32 sn=70
07:26:37.702 INF Delivered batch. nReq=32 sn=71
07:26:37.702 DBG Starting timer. sn=72 view=0
07:26:38.684 DBG Batch ready. batchSize=4096
07:26:38.684 DBG Batch cut. left=0 nBuckets=16 nReq=33 next=0
07:26:38.685 DBG Waiting for batch. batchSize=4096
07:26:38.686 INF Sending PREPREPARE. nReq=33 senderID=1 sn=73 view=0
07:26:38.689 INF Handling PREPREPARE. nReq=32 senderID=2 sn=74
07:26:38.689 DBG Creating new Batch. nReq=32
07:26:38.692 INF Handling PREPREPARE. nReq=32 senderID=3 sn=75
07:26:38.692 DBG Creating new Batch. nReq=32
07:26:38.694 DBG Sending PREPARE. senderID=1 sn=74 view=0
07:26:38.695 INF Handling PREPREPARE. nReq=32 senderID=0 sn=72
07:26:38.695 DBG Creating new Batch. nReq=32
07:26:38.695 DBG Sending COMMIT. senderID=1 sn=74 view=0
07:26:38.697 DBG Sending COMMIT. senderID=1 sn=73 view=0
07:26:38.697 INF Committed entry. latency=0 nReq=32 sn=74
07:26:38.698 DBG Starting timer. sn=78 view=0
07:26:38.698 DBG Sending PREPARE. senderID=1 sn=75 view=0
07:26:38.699 INF Committed entry. latency=0 nReq=33 sn=73
07:26:38.699 DBG Sending COMMIT. senderID=1 sn=75 view=0
07:26:38.699 DBG Starting timer. sn=77 view=0
07:26:38.699 DBG Sending PREPARE. senderID=1 sn=72 view=0
07:26:38.700 DBG Sending COMMIT. senderID=1 sn=72 view=0
07:26:38.700 INF Committed entry. latency=0 nReq=32 sn=75
07:26:38.700 DBG Starting timer. sn=79 view=0
07:26:38.701 INF Committed entry. latency=0 nReq=32 sn=72
07:26:38.701 INF Delivered batch. nReq=32 sn=72
07:26:38.701 INF Delivered batch. nReq=33 sn=73
07:26:38.701 INF Delivered batch. nReq=32 sn=74
07:26:38.702 INF Delivered batch. nReq=32 sn=75
07:26:38.702 DBG Starting timer. sn=76 view=0
07:26:39.686 DBG Batch ready. batchSize=4096
07:26:39.686 DBG Batch cut. left=0 nBuckets=16 nReq=32 next=0
07:26:39.686 DBG Waiting for batch. batchSize=4096
07:26:39.687 INF Sending PREPREPARE. nReq=32 senderID=1 sn=77 view=0
07:26:39.691 INF Handling PREPREPARE. nReq=32 senderID=2 sn=78
07:26:39.691 DBG Creating new Batch. nReq=32
07:26:39.693 INF Handling PREPREPARE. nReq=32 senderID=3 sn=79
07:26:39.693 DBG Creating new Batch. nReq=32
07:26:39.693 INF Handling PREPREPARE. nReq=32 senderID=0 sn=76
07:26:39.694 DBG Creating new Batch. nReq=32
07:26:39.698 DBG Sending PREPARE. senderID=1 sn=78 view=0
07:26:39.699 DBG Sending COMMIT. senderID=1 sn=78 view=0
07:26:39.699 DBG Sending COMMIT. senderID=1 sn=77 view=0
07:26:39.699 DBG Sending PREPARE. senderID=1 sn=79 view=0
07:26:39.700 DBG Sending PREPARE. senderID=1 sn=76 view=0
07:26:39.700 INF Committed entry. latency=0 nReq=32 sn=77
07:26:39.700 DBG Starting timer. sn=81 view=0
07:26:39.700 DBG Sending COMMIT. senderID=1 sn=79 view=0
07:26:39.701 INF Committed entry. latency=0 nReq=32 sn=78
07:26:39.701 DBG Starting timer. sn=82 view=0
07:26:39.701 DBG Sending COMMIT. senderID=1 sn=76 view=0
07:26:39.701 INF Committed entry. latency=0 nReq=32 sn=79
07:26:39.702 DBG Starting timer. sn=83 view=0
07:26:39.702 INF Committed entry. latency=0 nReq=32 sn=76
07:26:39.702 INF Delivered batch. nReq=32 sn=76
07:26:39.702 INF Delivered batch. nReq=32 sn=77
07:26:39.703 INF Delivered batch. nReq=32 sn=78
07:26:39.703 INF Delivered batch. nReq=32 sn=79
07:26:39.703 DBG Starting timer. sn=80 view=0
07:26:40.687 DBG Batch ready. batchSize=4096
07:26:40.687 DBG Batch cut. left=0 nBuckets=16 nReq=32 next=0
07:26:40.688 DBG Waiting for batch. batchSize=4096
07:26:40.688 INF Sending PREPREPARE. nReq=32 senderID=1 sn=81 view=0
07:26:40.693 INF Handling PREPREPARE. nReq=32 senderID=2 sn=82
07:26:40.693 DBG Creating new Batch. nReq=32
07:26:40.696 INF Handling PREPREPARE. nReq=32 senderID=0 sn=80
07:26:40.696 INF Handling PREPREPARE. nReq=32 senderID=3 sn=83
07:26:40.696 DBG Creating new Batch. nReq=32
07:26:40.696 DBG Creating new Batch. nReq=32
07:26:40.700 DBG Sending COMMIT. senderID=1 sn=81 view=0
07:26:40.700 DBG Sending PREPARE. senderID=1 sn=82 view=0
07:26:40.700 DBG Sending COMMIT. senderID=1 sn=82 view=0
07:26:40.701 INF Committed entry. latency=0 nReq=32 sn=81
07:26:40.701 DBG Starting timer. sn=85 view=0
07:26:40.702 INF Committed entry. latency=0 nReq=32 sn=82
07:26:40.702 DBG Sending PREPARE. senderID=1 sn=83 view=0
07:26:40.702 DBG Starting timer. sn=86 view=0
07:26:40.703 DBG Sending COMMIT. senderID=1 sn=83 view=0
07:26:40.703 DBG Sending PREPARE. senderID=1 sn=80 view=0
07:26:40.703 INF Committed entry. latency=0 nReq=32 sn=83
07:26:40.703 DBG Sending COMMIT. senderID=1 sn=80 view=0
07:26:40.703 DBG Starting timer. sn=87 view=0
07:26:40.703 INF Committed entry. latency=0 nReq=32 sn=80
07:26:40.704 INF Delivered batch. nReq=32 sn=80
07:26:40.704 INF Delivered batch. nReq=32 sn=81
07:26:40.704 INF Delivered batch. nReq=32 sn=82
07:26:40.704 INF Delivered batch. nReq=32 sn=83
07:26:40.704 DBG Starting timer. sn=84 view=0
07:26:41.689 DBG Batch ready. batchSize=4096
07:26:41.689 DBG Batch cut. left=0 nBuckets=16 nReq=32 next=0
07:26:41.690 DBG Waiting for batch. batchSize=4096
07:26:41.691 INF Sending PREPREPARE. nReq=32 senderID=1 sn=85 view=0
07:26:41.694 INF Handling PREPREPARE. nReq=32 senderID=2 sn=86
07:26:41.694 DBG Creating new Batch. nReq=32
07:26:41.697 INF Handling PREPREPARE. nReq=32 senderID=3 sn=87
07:26:41.697 INF Handling PREPREPARE. nReq=32 senderID=0 sn=84
07:26:41.698 DBG Creating new Batch. nReq=32
07:26:41.698 DBG Creating new Batch. nReq=32
07:26:41.701 DBG Sending PREPARE. senderID=1 sn=86 view=0
07:26:41.701 DBG Sending COMMIT. senderID=1 sn=86 view=0
07:26:41.703 DBG Sending PREPARE. senderID=1 sn=84 view=0
07:26:41.703 DBG Sending COMMIT. senderID=1 sn=85 view=0
07:26:41.703 INF Committed entry. latency=0 nReq=32 sn=86
07:26:41.703 DBG Starting timer. sn=90 view=0
07:26:41.703 INF Committed entry. latency=0 nReq=32 sn=85
07:26:41.704 DBG Sending PREPARE. senderID=1 sn=87 view=0
07:26:41.704 DBG Starting timer. sn=89 view=0
07:26:41.704 DBG Sending COMMIT. senderID=1 sn=87 view=0
07:26:41.704 DBG Sending COMMIT. senderID=1 sn=84 view=0
07:26:41.705 INF Committed entry. latency=0 nReq=32 sn=84
07:26:41.705 INF Delivered batch. nReq=32 sn=84
07:26:41.705 INF Delivered batch. nReq=32 sn=85
07:26:41.706 INF Delivered batch. nReq=32 sn=86
07:26:41.706 DBG Starting timer. sn=88 view=0
07:26:41.706 INF Committed entry. latency=0 nReq=32 sn=87
07:26:41.706 INF Delivered batch. nReq=32 sn=87
07:26:41.707 DBG Starting timer. sn=91 view=0
07:26:42.690 DBG Batch ready. batchSize=4096
07:26:42.691 DBG Batch cut. left=0 nBuckets=16 nReq=32 next=0
07:26:42.691 DBG Waiting for batch. batchSize=4096
07:26:42.692 INF Sending PREPREPARE. nReq=32 senderID=1 sn=89 view=0
07:26:42.697 INF Handling PREPREPARE. nReq=32 senderID=3 sn=91
07:26:42.697 DBG Creating new Batch. nReq=32
07:26:42.697 INF Handling PREPREPARE. nReq=33 senderID=2 sn=90
07:26:42.697 DBG Creating new Batch. nReq=33
07:26:42.697 INF Handling PREPREPARE. nReq=32 senderID=0 sn=88
07:26:42.698 DBG Creating new Batch. nReq=32
07:26:42.704 DBG Sending PREPARE. senderID=1 sn=90 view=0
07:26:42.705 DBG Sending COMMIT. senderID=1 sn=90 view=0
07:26:42.705 DBG Sending COMMIT. senderID=1 sn=89 view=0
07:26:42.705 DBG Sending PREPARE. senderID=1 sn=91 view=0
07:26:42.705 DBG Sending COMMIT. senderID=1 sn=91 view=0
07:26:42.705 DBG Sending PREPARE. senderID=1 sn=88 view=0
07:26:42.706 DBG Sending COMMIT. senderID=1 sn=88 view=0
07:26:42.706 INF Committed entry. latency=0 nReq=33 sn=90
07:26:42.706 INF Committed entry. latency=0 nReq=32 sn=89
07:26:42.706 DBG Starting timer. sn=94 view=0
07:26:42.706 DBG Starting timer. sn=93 view=0
07:26:42.707 INF Committed entry. latency=0 nReq=32 sn=91
07:26:42.707 DBG Starting timer. sn=95 view=0
07:26:42.708 INF Committed entry. latency=0 nReq=32 sn=88
07:26:42.708 INF Delivered batch. nReq=32 sn=88
07:26:42.708 INF Delivered batch. nReq=32 sn=89
07:26:42.708 INF Delivered batch. nReq=33 sn=90
07:26:42.709 INF Delivered batch. nReq=32 sn=91
07:26:42.709 DBG Starting timer. sn=92 view=0
07:26:43.692 DBG Batch ready. batchSize=4096
07:26:43.692 DBG Batch cut. left=0 nBuckets=16 nReq=32 next=0
07:26:43.692 DBG Waiting for batch. batchSize=4096
07:26:43.693 INF Sending PREPREPARE. nReq=32 senderID=1 sn=93 view=0
07:26:43.698 INF Handling PREPREPARE. nReq=32 senderID=2 sn=94
07:26:43.698 DBG Creating new Batch. nReq=32
07:26:43.700 INF Handling PREPREPARE. nReq=32 senderID=3 sn=95
07:26:43.700 DBG Creating new Batch. nReq=32
07:26:43.702 INF Handling PREPREPARE. nReq=32 senderID=0 sn=92
07:26:43.702 DBG Creating new Batch. nReq=32
07:26:43.703 DBG Sending PREPARE. senderID=1 sn=94 view=0
07:26:43.705 DBG Sending PREPARE. senderID=1 sn=95 view=0
07:26:43.705 DBG Sending COMMIT. senderID=1 sn=94 view=0
07:26:43.705 DBG Sending COMMIT. senderID=1 sn=93 view=0
07:26:43.706 DBG Sending COMMIT. senderID=1 sn=95 view=0
07:26:43.706 INF Committed entry. latency=0 nReq=32 sn=94
07:26:43.707 INF Committed entry. latency=0 nReq=32 sn=93
07:26:43.707 DBG Starting timer. sn=98 view=0
07:26:43.707 DBG Starting timer. sn=97 view=0
07:26:43.707 DBG Sending PREPARE. senderID=1 sn=92 view=0
07:26:43.707 INF Committed entry. latency=0 nReq=32 sn=95
07:26:43.707 DBG Starting timer. sn=99 view=0
07:26:43.708 DBG Sending COMMIT. senderID=1 sn=92 view=0
07:26:43.710 INF Committed entry. latency=0 nReq=32 sn=92
07:26:43.710 INF Delivered batch. nReq=32 sn=92
07:26:43.710 INF Delivered batch. nReq=32 sn=93
07:26:43.710 INF Delivered batch. nReq=32 sn=94
07:26:43.710 INF Delivered batch. nReq=32 sn=95
07:26:43.710 DBG Starting timer. sn=96 view=0
07:26:44.693 DBG Batch ready. batchSize=4096
07:26:44.693 DBG Batch cut. left=0 nBuckets=16 nReq=32 next=0
07:26:44.694 DBG Waiting for batch. batchSize=4096
07:26:44.695 INF Sending PREPREPARE. nReq=32 senderID=1 sn=97 view=0
07:26:44.699 INF Handling PREPREPARE. nReq=32 senderID=2 sn=98
07:26:44.700 DBG Creating new Batch. nReq=32
07:26:44.700 INF Handling PREPREPARE. nReq=32 senderID=3 sn=99
07:26:44.700 DBG Creating new Batch. nReq=32
07:26:44.702 INF Handling PREPREPARE. nReq=32 senderID=0 sn=96
07:26:44.702 DBG Creating new Batch. nReq=32
07:26:44.706 DBG Sending COMMIT. senderID=1 sn=97 view=0
07:26:44.706 DBG Sending PREPARE. senderID=1 sn=99 view=0
07:26:44.706 DBG Sending PREPARE. senderID=1 sn=98 view=0
07:26:44.706 DBG Sending COMMIT. senderID=1 sn=98 view=0
07:26:44.707 DBG Sending COMMIT. senderID=1 sn=99 view=0
07:26:44.707 INF Committed entry. latency=0 nReq=32 sn=97
07:26:44.707 DBG Starting timer. sn=101 view=0
07:26:44.707 DBG Sending PREPARE. senderID=1 sn=96 view=0
07:26:44.708 DBG Sending COMMIT. senderID=1 sn=96 view=0
07:26:44.708 INF Committed entry. latency=0 nReq=32 sn=99
07:26:44.708 DBG Starting timer. sn=103 view=0
07:26:44.709 INF Committed entry. latency=0 nReq=32 sn=98
07:26:44.709 DBG Starting timer. sn=102 view=0
07:26:44.710 INF Committed entry. latency=0 nReq=32 sn=96
07:26:44.710 INF Delivered batch. nReq=32 sn=96
07:26:44.711 INF Delivered batch. nReq=32 sn=97
07:26:44.711 INF Delivered batch. nReq=32 sn=98
07:26:44.711 INF Delivered batch. nReq=32 sn=99
07:26:44.711 DBG Starting timer. sn=100 view=0
07:26:45.695 DBG Batch ready. batchSize=4096
07:26:45.695 DBG Batch cut. left=0 nBuckets=16 nReq=32 next=0
07:26:45.695 DBG Waiting for batch. batchSize=4096
07:26:45.696 INF Sending PREPREPARE. nReq=32 senderID=1 sn=101 view=0
07:26:45.703 INF Handling PREPREPARE. nReq=32 senderID=2 sn=102
07:26:45.703 DBG Creating new Batch. nReq=32
07:26:45.703 INF Handling PREPREPARE. nReq=32 senderID=3 sn=103
07:26:45.704 DBG Creating new Batch. nReq=32
07:26:45.704 INF Handling PREPREPARE. nReq=32 senderID=0 sn=100
07:26:45.704 DBG Creating new Batch. nReq=32
07:26:45.707 DBG Sending COMMIT. senderID=1 sn=101 view=0
07:26:45.709 INF Committed entry. latency=0 nReq=32 sn=101
07:26:45.709 DBG Starting timer. sn=105 view=0
07:26:45.710 DBG Sending PREPARE. senderID=1 sn=102 view=0
07:26:45.710 DBG Sending COMMIT. senderID=1 sn=102 view=0
07:26:45.710 DBG Sending PREPARE. senderID=1 sn=103 view=0
07:26:45.711 DBG Sending COMMIT. senderID=1 sn=103 view=0
07:26:45.711 DBG Sending PREPARE. senderID=1 sn=100 view=0
07:26:45.711 DBG Sending COMMIT. senderID=1 sn=100 view=0
07:26:45.712 INF Committed entry. latency=0 nReq=32 sn=100
07:26:45.712 INF Delivered batch. nReq=32 sn=100
07:26:45.712 INF Delivered batch. nReq=32 sn=101
07:26:45.712 DBG Starting timer. sn=104 view=0
07:26:45.713 INF Committed entry. latency=0 nReq=32 sn=102
07:26:45.713 INF Delivered batch. nReq=32 sn=102
07:26:45.713 DBG Starting timer. sn=106 view=0
07:26:45.714 INF Committed entry. latency=0 nReq=32 sn=103
07:26:45.714 INF Delivered batch. nReq=32 sn=103
07:26:45.714 DBG Starting timer. sn=107 view=0
07:26:46.696 DBG Batch ready. batchSize=4096
07:26:46.697 DBG Batch cut. left=0 nBuckets=16 nReq=32 next=0
07:26:46.697 DBG Waiting for batch. batchSize=4096
07:26:46.698 INF Sending PREPREPARE. nReq=32 senderID=1 sn=105 view=0
07:26:46.703 INF Handling PREPREPARE. nReq=32 senderID=2 sn=106
07:26:46.703 DBG Creating new Batch. nReq=32
07:26:46.704 INF Handling PREPREPARE. nReq=33 senderID=3 sn=107
07:26:46.704 DBG Creating new Batch. nReq=33
07:26:46.706 INF Handling PREPREPARE. nReq=32 senderID=0 sn=104
07:26:46.706 DBG Creating new Batch. nReq=32
07:26:46.710 DBG Sending COMMIT. senderID=1 sn=105 view=0
07:26:46.710 DBG Sending PREPARE. senderID=1 sn=106 view=0
07:26:46.710 DBG Sending COMMIT. senderID=1 sn=106 view=0
07:26:46.710 DBG Sending PREPARE. senderID=1 sn=107 view=0
07:26:46.711 INF Committed entry. latency=0 nReq=32 sn=105
07:26:46.711 DBG Starting timer. sn=109 view=0
07:26:46.712 DBG Sending COMMIT. senderID=1 sn=107 view=0
07:26:46.712 INF Committed entry. latency=0 nReq=32 sn=106
07:26:46.712 DBG Sending PREPARE. senderID=1 sn=104 view=0
07:26:46.712 DBG Starting timer. sn=110 view=0
07:26:46.712 DBG Sending COMMIT. senderID=1 sn=104 view=0
07:26:46.713 INF Committed entry. latency=0 nReq=33 sn=107
07:26:46.713 DBG Starting timer. sn=111 view=0
07:26:46.714 INF Committed entry. latency=0 nReq=32 sn=104
07:26:46.714 INF Delivered batch. nReq=32 sn=104
07:26:46.714 INF Delivered batch. nReq=32 sn=105
07:26:46.714 INF Delivered batch. nReq=32 sn=106
07:26:46.715 INF Delivered batch. nReq=33 sn=107
07:26:46.715 DBG Starting timer. sn=108 view=0
07:26:47.698 DBG Batch ready. batchSize=4096
07:26:47.698 DBG Batch cut. left=0 nBuckets=16 nReq=32 next=0
07:26:47.699 DBG Waiting for batch. batchSize=4096
07:26:47.699 INF Sending PREPREPARE. nReq=32 senderID=1 sn=109 view=0
07:26:47.705 INF Handling PREPREPARE. nReq=32 senderID=2 sn=110
07:26:47.705 DBG Creating new Batch. nReq=32
07:26:47.706 INF Handling PREPREPARE. nReq=32 senderID=3 sn=111
07:26:47.706 DBG Creating new Batch. nReq=32
07:26:47.709 INF Handling PREPREPARE. nReq=32 senderID=0 sn=108
07:26:47.710 DBG Sending COMMIT. senderID=1 sn=109 view=0
07:26:47.710 DBG Creating new Batch. nReq=32
07:26:47.711 INF Committed entry. latency=0 nReq=32 sn=109
07:26:47.711 DBG Starting timer. sn=113 view=0
07:26:47.713 DBG Sending PREPARE. senderID=1 sn=111 view=0
07:26:47.713 DBG Sending COMMIT. senderID=1 sn=111 view=0
07:26:47.713 DBG Sending PREPARE. senderID=1 sn=110 view=0
07:26:47.713 DBG Sending COMMIT. senderID=1 sn=110 view=0
07:26:47.714 INF Committed entry. latency=0 nReq=32 sn=111
07:26:47.714 INF Committed entry. latency=0 nReq=32 sn=110
07:26:47.714 DBG Starting timer. sn=115 view=0
07:26:47.714 DBG Starting timer. sn=114 view=0
07:26:47.714 DBG Sending PREPARE. senderID=1 sn=108 view=0
07:26:47.715 DBG Sending COMMIT. senderID=1 sn=108 view=0
07:26:47.716 INF Committed entry. latency=0 nReq=32 sn=108
07:26:47.716 INF Delivered batch. nReq=32 sn=108
07:26:47.716 INF Delivered batch. nReq=32 sn=109
07:26:47.717 INF Delivered batch. nReq=32 sn=110
07:26:47.717 INF Delivered batch. nReq=32 sn=111
07:26:47.717 DBG Starting timer. sn=112 view=0
07:26:48.699 DBG Batch ready. batchSize=4096
07:26:48.699 DBG Batch cut. left=0 nBuckets=16 nReq=32 next=0
07:26:48.700 DBG Waiting for batch. batchSize=4096
07:26:48.700 INF Sending PREPREPARE. nReq=32 senderID=1 sn=113 view=0
07:26:48.706 INF Handling PREPREPARE. nReq=32 senderID=2 sn=114
07:26:48.706 DBG Creating new Batch. nReq=32
07:26:48.709 INF Handling PREPREPARE. nReq=32 senderID=3 sn=115
07:26:48.709 DBG Creating new Batch. nReq=32
07:26:48.710 DBG Sending COMMIT. senderID=1 sn=113 view=0
07:26:48.711 INF Handling PREPREPARE. nReq=32 senderID=0 sn=112
07:26:48.711 DBG Creating new Batch. nReq=32
07:26:48.712 DBG Sending PREPARE. senderID=1 sn=114 view=0
07:26:48.712 INF Committed entry. latency=0 nReq=32 sn=113
07:26:48.712 DBG Starting timer. sn=117 view=0
07:26:48.713 DBG Sending COMMIT. senderID=1 sn=114 view=0
07:26:48.715 DBG Sending PREPARE. senderID=1 sn=115 view=0
07:26:48.715 INF Committed entry. latency=0 nReq=32 sn=114
07:26:48.715 DBG Starting timer. sn=118 view=0
07:26:48.716 DBG Sending COMMIT. senderID=1 sn=115 view=0
07:26:48.716 DBG Sending PREPARE. senderID=1 sn=112 view=0
07:26:48.717 DBG Sending COMMIT. senderID=1 sn=112 view=0
07:26:48.717 INF Committed entry. latency=0 nReq=32 sn=115
07:26:48.717 DBG Starting timer. sn=119 view=0
07:26:48.718 INF Committed entry. latency=0 nReq=32 sn=112
07:26:48.718 INF Delivered batch. nReq=32 sn=112
07:26:48.718 INF Delivered batch. nReq=32 sn=113
07:26:48.718 INF Delivered batch. nReq=32 sn=114
07:26:48.719 INF Delivered batch. nReq=32 sn=115
07:26:48.719 DBG Starting timer. sn=116 view=0
07:26:49.701 DBG Batch ready. batchSize=4096
07:26:49.701 DBG Batch cut. left=0 nBuckets=16 nReq=32 next=0
07:26:49.702 DBG Waiting for batch. batchSize=4096
07:26:49.702 INF Sending PREPREPARE. nReq=32 senderID=1 sn=117 view=0
07:26:49.707 INF Handling PREPREPARE. nReq=32 senderID=2 sn=118
07:26:49.707 DBG Creating new Batch. nReq=32
07:26:49.710 INF Handling PREPREPARE. nReq=32 senderID=3 sn=119
07:26:49.710 DBG Creating new Batch. nReq=32
07:26:49.712 INF Handling PREPREPARE. nReq=32 senderID=0 sn=116
07:26:49.712 DBG Sending PREPARE. senderID=1 sn=118 view=0
07:26:49.712 DBG Creating new Batch. nReq=32
07:26:49.713 DBG Sending COMMIT. senderID=1 sn=117 view=0
07:26:49.714 DBG Sending PREPARE. senderID=1 sn=119 view=0
07:26:49.714 DBG Sending COMMIT. senderID=1 sn=118 view=0
07:26:49.715 INF Committed entry. latency=0 nReq=32 sn=117
07:26:49.715 INF Committed entry. latency=0 nReq=32 sn=118
07:26:49.715 DBG Starting timer. sn=121 view=0
07:26:49.715 DBG Starting timer. sn=122 view=0
07:26:49.716 DBG Sending COMMIT. senderID=1 sn=119 view=0
07:26:49.717 DBG Sending PREPARE. senderID=1 sn=116 view=0
07:26:49.718 INF Committed entry. latency=0 nReq=32 sn=119
07:26:49.718 DBG Starting timer. sn=123 view=0
07:26:49.721 DBG Sending COMMIT. senderID=1 sn=116 view=0
07:26:49.722 INF Committed entry. latency=0 nReq=32 sn=116
07:26:49.722 INF Delivered batch. nReq=32 sn=116
07:26:49.722 INF Delivered batch. nReq=32 sn=117
07:26:49.722 INF Delivered batch. nReq=32 sn=118
07:26:49.723 INF Delivered batch. nReq=32 sn=119
07:26:49.723 DBG Starting timer. sn=120 view=0
07:26:50.702 DBG Batch ready. batchSize=4096
07:26:50.703 DBG Batch cut. left=0 nBuckets=16 nReq=32 next=0
07:26:50.703 DBG Waiting for batch. batchSize=4096
07:26:50.704 INF Sending PREPREPARE. nReq=32 senderID=1 sn=121 view=0
07:26:50.709 INF Handling PREPREPARE. nReq=32 senderID=2 sn=122
07:26:50.709 DBG Creating new Batch. nReq=32
07:26:50.711 INF Handling PREPREPARE. nReq=32 senderID=3 sn=123
07:26:50.711 DBG Creating new Batch. nReq=32
07:26:50.714 DBG Sending PREPARE. senderID=1 sn=122 view=0
07:26:50.715 DBG Sending PREPARE. senderID=1 sn=123 view=0
07:26:50.715 DBG Sending COMMIT. senderID=1 sn=121 view=0
07:26:50.716 INF Handling PREPREPARE. nReq=33 senderID=0 sn=120
07:26:50.716 DBG Creating new Batch. nReq=33
07:26:50.717 DBG Sending COMMIT. senderID=1 sn=122 view=0
07:26:50.717 DBG Sending COMMIT. senderID=1 sn=123 view=0
07:26:50.717 INF Committed entry. latency=0 nReq=32 sn=122
07:26:50.717 DBG Starting timer. sn=126 view=0
07:26:50.718 INF Committed entry. latency=0 nReq=32 sn=121
07:26:50.718 DBG Starting timer. sn=125 view=0
07:26:50.718 INF Committed entry. latency=0 nReq=32 sn=123
07:26:50.719 DBG Starting timer. sn=127 view=0
07:26:50.720 DBG Sending PREPARE. senderID=1 sn=120 view=0
07:26:50.721 DBG Sending COMMIT. senderID=1 sn=120 view=0
07:26:50.723 INF Committed entry. latency=0 nReq=33 sn=120
07:26:50.723 INF Delivered batch. nReq=33 sn=120
07:26:50.723 INF Delivered batch. nReq=32 sn=121
07:26:50.723 INF Delivered batch. nReq=32 sn=122
07:26:50.723 INF Delivered batch. nReq=32 sn=123
07:26:50.724 DBG Starting timer. sn=124 view=0
07:26:51.704 DBG Batch ready. batchSize=4096
07:26:51.704 DBG Batch cut. left=0 nBuckets=16 nReq=32 next=0
07:26:51.705 DBG Waiting for batch. batchSize=4096
07:26:51.705 INF Sending PREPREPARE. nReq=32 senderID=1 sn=125 view=0
07:26:51.711 INF Handling PREPREPARE. nReq=32 senderID=2 sn=126
07:26:51.711 DBG Creating new Batch. nReq=32
07:26:51.714 INF Handling PREPREPARE. nReq=32 senderID=3 sn=127
07:26:51.714 DBG Creating new Batch. nReq=32
07:26:51.716 DBG Sending PREPARE. senderID=1 sn=126 view=0
07:26:51.718 DBG Sending COMMIT. senderID=1 sn=125 view=0
07:26:51.718 DBG Sending COMMIT. senderID=1 sn=126 view=0
07:26:51.718 INF Committed entry. latency=0 nReq=32 sn=126
07:26:51.718 DBG Sending PREPARE. senderID=1 sn=127 view=0
07:26:51.718 DBG Starting timer. sn=130 view=0
07:26:51.719 INF Committed entry. latency=0 nReq=32 sn=125
07:26:51.719 DBG Starting timer. sn=129 view=0
07:26:51.719 INF Handling PREPREPARE. nReq=32 senderID=0 sn=124
07:26:51.720 DBG Creating new Batch. nReq=32
07:26:51.720 DBG Sending COMMIT. senderID=1 sn=127 view=0
07:26:51.721 INF Committed entry. latency=0 nReq=32 sn=127
07:26:51.721 DBG Starting timer. sn=131 view=0
07:26:51.724 DBG Sending PREPARE. senderID=1 sn=124 view=0
07:26:51.724 DBG Sending COMMIT. senderID=1 sn=124 view=0
07:26:51.726 INF Committed entry. latency=0 nReq=32 sn=124
07:26:51.727 INF Delivered batch. nReq=32 sn=124
07:26:51.727 INF Delivered batch. nReq=32 sn=125
07:26:51.727 INF Delivered batch. nReq=32 sn=126
07:26:51.727 INF Delivered batch. nReq=32 sn=127
07:26:51.727 DBG Starting timer. sn=128 view=0
07:26:52.705 DBG Batch ready. batchSize=4096
07:26:52.747 DBG Batch cut. left=0 nBuckets=16 nReq=1 next=0
07:26:52.748 DBG Waiting for batch. batchSize=4096
07:26:52.748 INF Sending PREPREPARE. nReq=1 senderID=1 sn=129 view=0
07:26:52.748 INF Handling PREPREPARE. nReq=0 senderID=0 sn=128
07:26:52.749 INF Handling PREPREPARE. nReq=0 senderID=3 sn=131
07:26:52.749 INF Handling PREPREPARE. nReq=0 senderID=2 sn=130
07:26:52.749 DBG Creating new Batch. nReq=0
07:26:52.749 DBG Creating new Batch. nReq=0
07:26:52.749 DBG Creating new Batch. nReq=0
07:26:52.749 DBG Sending PREPARE. senderID=1 sn=128 view=0
07:26:52.749 DBG Sending PREPARE. senderID=1 sn=131 view=0
07:26:52.749 DBG Sending PREPARE. senderID=1 sn=130 view=0
07:26:52.750 DBG Sending COMMIT. senderID=1 sn=131 view=0
07:26:52.750 DBG Sending COMMIT. senderID=1 sn=130 view=0
07:26:52.750 DBG Sending COMMIT. senderID=1 sn=128 view=0
07:26:52.751 DBG Sending COMMIT. senderID=1 sn=129 view=0
07:26:52.751 INF Committed entry. latency=0 nReq=0 sn=130
07:26:52.751 INF Committed entry. latency=0 nReq=0 sn=131
07:26:52.752 DBG Starting timer. sn=134 view=0
07:26:52.752 DBG Starting timer. sn=135 view=0
07:26:52.752 INF Committed entry. latency=0 nReq=0 sn=128
07:26:52.752 INF Committed entry. latency=0 nReq=1 sn=129
07:26:52.752 INF Delivered batch. nReq=0 sn=128
07:26:52.753 INF Delivered batch. nReq=1 sn=129
07:26:52.753 INF Delivered batch. nReq=0 sn=130
07:26:52.753 INF Delivered batch. nReq=0 sn=131
07:26:52.753 DBG Starting timer. sn=132 view=0
07:26:52.753 DBG Starting timer. sn=133 view=0
07:26:53.717 INF Connection terminated. error="rpc error: code = Canceled desc = context canceled" address=127.0.0.1:49736
07:26:53.717 INF Finished sending bucket assignments to client. clId=0
07:26:53.749 DBG Batch ready. batchSize=4096
07:26:53.749 DBG Batch cut. left=0 nBuckets=16 nReq=0 next=0
07:26:53.749 DBG Waiting for batch. batchSize=4096
07:26:53.749 INF Sending PREPREPARE. nReq=0 senderID=1 sn=133 view=0
07:26:53.750 INF Handling PREPREPARE. nReq=0 senderID=2 sn=134
07:26:53.750 INF Handling PREPREPARE. nReq=0 senderID=0 sn=132
07:26:53.750 DBG Creating new Batch. nReq=0
07:26:53.750 DBG Creating new Batch. nReq=0
07:26:53.750 INF Handling PREPREPARE. nReq=0 senderID=3 sn=135
07:26:53.750 DBG Creating new Batch. nReq=0
07:26:53.750 DBG Sending PREPARE. senderID=1 sn=134 view=0
07:26:53.750 DBG Sending PREPARE. senderID=1 sn=132 view=0
07:26:53.750 DBG Sending PREPARE. senderID=1 sn=135 view=0
07:26:53.751 DBG Sending COMMIT. senderID=1 sn=132 view=0
07:26:53.751 DBG Sending COMMIT. senderID=1 sn=134 view=0
07:26:53.752 DBG Sending COMMIT. senderID=1 sn=133 view=0
07:26:53.752 DBG Sending COMMIT. senderID=1 sn=135 view=0
07:26:53.752 INF Committed entry. latency=0 nReq=0 sn=134
07:26:53.752 INF Committed entry. latency=0 nReq=0 sn=132
07:26:53.753 INF Delivered batch. nReq=0 sn=132
07:26:53.753 DBG Starting timer. sn=138 view=0
07:26:53.753 DBG Starting timer. sn=136 view=0
07:26:53.753 INF Committed entry. latency=0 nReq=0 sn=133
07:26:53.753 INF Committed entry. latency=0 nReq=0 sn=135
07:26:53.753 INF Delivered batch. nReq=0 sn=133
07:26:53.753 INF Delivered batch. nReq=0 sn=134
07:26:53.753 INF Delivered batch. nReq=0 sn=135
07:26:53.754 DBG Starting timer. sn=137 view=0
07:26:53.754 DBG Starting timer. sn=139 view=0
07:26:54.080 INF Stopping profiler.
07:26:54.080 INF Stopping Tracer. events=242 fileName=experiment-output/0000/slave-002/peer.trc
==================
WARNING: DATA RACE
Read at 0x00c0009a0000 by goroutine 114:
  runtime.racereadrange()
      <autogenerated>:1 +0x1b
  github.com/hyperledger-labs/mirbft/tracing.(*BufferedTrace).StopOnSignal.func1()
      /opt/gopath/src/github.com/hyperledger-labs/mirbft/tracing/bufferedtrace.go:298 +0x4e

Previous write at 0x00c0009a0000 by goroutine 412:
  github.com/hyperledger-labs/mirbft/tracing.(*BufferedTrace).Event()
      /opt/gopath/src/github.com/hyperledger-labs/mirbft/tracing/bufferedtrace.go:105 +0x2d9
  github.com/hyperledger-labs/mirbft/manager.(*MirManager).handleLogEntries()
      /opt/gopath/src/github.com/hyperledger-labs/mirbft/manager/mirmanager.go:139 +0x1d8
  github.com/hyperledger-labs/mirbft/manager.(*MirManager).Startdwrap7()
      /opt/gopath/src/github.com/hyperledger-labs/mirbft/manager/mirmanager.go:101 +0x47

Goroutine 114 (running) created at:
  github.com/hyperledger-labs/mirbft/tracing.(*BufferedTrace).StopOnSignal()
      /opt/gopath/src/github.com/hyperledger-labs/mirbft/tracing/bufferedtrace.go:292 +0x172
  main.setUpTracing()
      /opt/gopath/src/github.com/hyperledger-labs/mirbft/cmd/orderingpeer/main.go:204 +0xf5
  main.main()
      /opt/gopath/src/github.com/hyperledger-labs/mirbft/cmd/orderingpeer/main.go:98 +0x9d6

Goroutine 412 (running) created at:
  github.com/hyperledger-labs/mirbft/manager.(*MirManager).Start()
      /opt/gopath/src/github.com/hyperledger-labs/mirbft/manager/mirmanager.go:101 +0x19e
  main.maindwrap4()
      /opt/gopath/src/github.com/hyperledger-labs/mirbft/cmd/orderingpeer/main.go:168 +0x59
==================
==================
WARNING: DATA RACE
Read at 0x00c0009a24e0 by goroutine 114:
  runtime.racereadrange()
      <autogenerated>:1 +0x1b
  github.com/hyperledger-labs/mirbft/tracing.(*BufferedTrace).StopOnSignal.func1()
      /opt/gopath/src/github.com/hyperledger-labs/mirbft/tracing/bufferedtrace.go:298 +0x4e

Previous write at 0x00c0009a24e0 by goroutine 113:
  github.com/hyperledger-labs/mirbft/tracing.(*BufferedTrace).Event()
      /opt/gopath/src/github.com/hyperledger-labs/mirbft/tracing/bufferedtrace.go:105 +0x2d9
  github.com/hyperledger-labs/mirbft/profiling.StartCPUTracing.func1()
      /opt/gopath/src/github.com/hyperledger-labs/mirbft/profiling/cpuusage.go:31 +0x95

Goroutine 114 (running) created at:
  github.com/hyperledger-labs/mirbft/tracing.(*BufferedTrace).StopOnSignal()
      /opt/gopath/src/github.com/hyperledger-labs/mirbft/tracing/bufferedtrace.go:292 +0x172
  main.setUpTracing()
      /opt/gopath/src/github.com/hyperledger-labs/mirbft/cmd/orderingpeer/main.go:204 +0xf5
  main.main()
      /opt/gopath/src/github.com/hyperledger-labs/mirbft/cmd/orderingpeer/main.go:98 +0x9d6

Goroutine 113 (running) created at:
  github.com/hyperledger-labs/mirbft/profiling.StartCPUTracing()
      /opt/gopath/src/github.com/hyperledger-labs/mirbft/profiling/cpuusage.go:28 +0xb6
  main.setUpTracing()
      /opt/gopath/src/github.com/hyperledger-labs/mirbft/cmd/orderingpeer/main.go:196 +0x85
  main.main()
      /opt/gopath/src/github.com/hyperledger-labs/mirbft/cmd/orderingpeer/main.go:98 +0x9d6
==================
07:26:54.083 INF Trace data written.
07:26:54.155 INF Profile data written. filename=experiment-output/0000/slave-002/prof.block name=block
07:26:54.186 INF Profile data written. filename=experiment-output/0000/slave-002/prof.mutex name=mutex
07:26:54.257 INF Connection terminated. error="rpc error: code = Canceled desc = context canceled" address=127.0.0.1:49716
07:26:54.257 INF Connection terminated. error="rpc error: code = Canceled desc = context canceled" address=127.0.0.1:49672
07:26:54.257 INF Connection terminated. error="rpc error: code = Canceled desc = context canceled" address=127.0.0.1:49664
07:26:54.257 INF Connection terminated. error="rpc error: code = Canceled desc = context canceled" address=127.0.0.1:49646
07:26:54.257 INF Connection terminated. error="rpc error: code = Canceled desc = context canceled" address=127.0.0.1:49612
07:26:54.257 INF Connection terminated. error="rpc error: code = Canceled desc = context canceled" address=127.0.0.1:49542
07:26:54.285 INF Connection terminated. error="rpc error: code = Canceled desc = context canceled" address=127.0.0.1:49618
07:26:54.285 INF Connection terminated. error="rpc error: code = Canceled desc = context canceled" address=127.0.0.1:49624
07:26:54.285 INF Connection terminated. error="rpc error: code = Canceled desc = context canceled" address=127.0.0.1:49622
07:26:54.285 INF Connection terminated. error="rpc error: code = Canceled desc = context canceled" address=127.0.0.1:49604
07:26:54.285 INF Connection terminated. error="rpc error: code = Canceled desc = context canceled" address=127.0.0.1:49550
07:26:54.285 INF Connection terminated. error="rpc error: code = Canceled desc = context canceled" address=127.0.0.1:49684
07:26:54.366 INF Profile data written. filename=experiment-output/0000/slave-002/prof.cpu name=cpu
