{"level":"debug","Logging":"debug","time":"2022-08-10T17:13:29+08:00","message":"Config"}
{"level":"debug","UseTLS":false,"time":"2022-08-10T17:13:29+08:00","message":"Config"}
{"level":"debug","CACertFile":"tls-data/ca.pem","time":"2022-08-10T17:13:29+08:00","message":"Config"}
{"level":"debug","KeyFile":"tls-data/auth.key","time":"2022-08-10T17:13:29+08:00","message":"Config"}
{"level":"debug","CertFile":"tls-data/auth.pem","time":"2022-08-10T17:13:29+08:00","message":"Config"}
{"level":"debug","PriorityConnections":2,"time":"2022-08-10T17:13:29+08:00","message":"Config"}
{"level":"debug","BasicConnections":4,"time":"2022-08-10T17:13:29+08:00","message":"Config"}
{"level":"debug","TestConnections":false,"time":"2022-08-10T17:13:29+08:00","message":"Config"}
{"level":"debug","ExcessConnections":1,"time":"2022-08-10T17:13:29+08:00","message":"Config"}
{"level":"debug","ConnectionTestMsgs":4,"time":"2022-08-10T17:13:29+08:00","message":"Config"}
{"level":"debug","ConnectionTestPayload":131072,"time":"2022-08-10T17:13:29+08:00","message":"Config"}
{"level":"debug","OutMessageBufsize":1024,"time":"2022-08-10T17:13:29+08:00","message":"Config"}
{"level":"debug","OutMessageBufsize":1,"time":"2022-08-10T17:13:29+08:00","message":"Config"}
{"level":"debug","ThroughputCap":131072000,"time":"2022-08-10T17:13:29+08:00","message":"Config"}
{"level":"debug","StragglerTolerance":1000,"time":"2022-08-10T17:13:29+08:00","message":"Config"}
{"level":"debug","BatchSizeIncrement":256,"time":"2022-08-10T17:13:29+08:00","message":"Config"}
{"level":"debug","Orderer":"Pbft","time":"2022-08-10T17:13:29+08:00","message":"Config"}
{"level":"debug","Manager":"Mir","time":"2022-08-10T17:13:29+08:00","message":"Config"}
{"level":"debug","Failures":1,"time":"2022-08-10T17:13:29+08:00","message":"Config"}
{"level":"debug","CrashTiming":"Straggler","time":"2022-08-10T17:13:29+08:00","message":"Config"}
{"level":"debug","CheckpointInterval":256,"time":"2022-08-10T17:13:29+08:00","message":"Config"}
{"level":"debug","WatermarkWindowSize":256,"time":"2022-08-10T17:13:29+08:00","message":"Config"}
{"level":"debug","EpochLength":256,"time":"2022-08-10T17:13:29+08:00","message":"Config"}
{"level":"debug","SegmentLength":64,"time":"2022-08-10T17:13:29+08:00","message":"Config"}
{"level":"debug","WaitForCheckpoints":true,"time":"2022-08-10T17:13:29+08:00","message":"Config"}
{"level":"debug","ClientWatermarkWindowSize":4194304,"time":"2022-08-10T17:13:29+08:00","message":"Config"}
{"level":"debug","ClientRequestBacklogSize":4194304,"time":"2022-08-10T17:13:29+08:00","message":"Config"}
{"level":"debug","RandomSeed":16263,"time":"2022-08-10T17:13:29+08:00","message":"Config"}
{"level":"debug","NodeToLeaderRatio":1,"time":"2022-08-10T17:13:29+08:00","message":"Config"}
{"level":"debug","LeaderPolicy":"SimulatedRandomFailures","time":"2022-08-10T17:13:29+08:00","message":"Config"}
{"level":"debug","DefaultLeaderBan":2,"time":"2022-08-10T17:13:29+08:00","message":"Config"}
{"level":"debug","NumBuckets":64,"time":"2022-08-10T17:13:29+08:00","message":"Config"}
{"level":"debug","BatchSize":1000,"time":"2022-08-10T17:13:29+08:00","message":"Config"}
{"level":"debug","DisabledViewChange":false,"time":"2022-08-10T17:13:29+08:00","message":"Config"}
{"level":"debug","ViewChangeTimeout":60000,"time":"2022-08-10T17:13:29+08:00","message":"Config"}
{"level":"debug","ClientTraceSampling":10,"time":"2022-08-10T17:13:29+08:00","message":"Config"}
{"level":"debug","EventBufferSize":2097152,"time":"2022-08-10T17:13:29+08:00","message":"Config"}
{"level":"debug","TraceSampling":1,"time":"2022-08-10T17:13:29+08:00","message":"Config"}
{"level":"debug","ClientsPerProcess":1,"time":"2022-08-10T17:13:29+08:00","message":"Config"}
{"level":"debug","RequestsPerClient":15360,"time":"2022-08-10T17:13:29+08:00","message":"Config"}
{"level":"debug","ClientRunTime":30000,"time":"2022-08-10T17:13:29+08:00","message":"Config"}
{"level":"debug","RequestRate":256,"time":"2022-08-10T17:13:29+08:00","message":"Config"}
{"level":"debug","HardRequestRateLimit":false,"time":"2022-08-10T17:13:29+08:00","message":"Config"}
{"level":"debug","RequestPayloadSize":500,"time":"2022-08-10T17:13:29+08:00","message":"Config"}
{"level":"debug","SignRequests":true,"time":"2022-08-10T17:13:29+08:00","message":"Config"}
{"level":"debug","ClientPrivKeyFile":"tls-data/client-ecdsa-256.key","time":"2022-08-10T17:13:29+08:00","message":"Config"}
{"level":"debug","ClientPubKeyFile":"tls-data/client-ecdsa-256.pem","time":"2022-08-10T17:13:29+08:00","message":"Config"}
{"level":"debug","PrecomputeRequests":false,"time":"2022-08-10T17:13:29+08:00","message":"Config"}
{"level":"debug","RequestHandlerThreads":32,"time":"2022-08-10T17:13:29+08:00","message":"Config"}
{"level":"debug","RequestInputChannelBuffer":8192,"time":"2022-08-10T17:13:29+08:00","message":"Config"}
{"level":"debug","BatchVerifier":"external","time":"2022-08-10T17:13:29+08:00","message":"Config"}
09:13:29.331 INF Registered with discovery server. numPeers=4 ownID=2
09:13:29.331 INF Profiling enabled.
09:13:29.331 INF Setting up profiling.
09:13:29.332 INF Started Profiler: CPU
09:13:29.332 INF Started Profiler: BLOCK
09:13:29.332 INF Started Profiler: MUTEX
09:13:29.332 INF Profiler will stop on signal. exit=true
09:13:29.334 INF Tracing will stop on signal. exit=false
09:13:29.335 INF Started tracing. traceFile=experiment-output/0001/slave-001/peer.trc
09:13:29.335 DBG Starting backlog.
09:13:29.335 INF Listening for connections. port=10022 useTLS=false
09:13:29.336 INF Connecting to peer. addr=127.0.0.1:10022 basicConns=4 priorityConns=2
09:13:29.336 INF Connecting to peer. addr=127.0.0.1:10033 basicConns=4 priorityConns=2
09:13:29.336 INF Connecting to peer. addr=127.0.0.1:10000 basicConns=4 priorityConns=2
09:13:29.336 INF Connecting to peer. addr=127.0.0.1:10011 basicConns=4 priorityConns=2
09:13:29.367 INF Incoming connection for protocol messages. addr=127.0.0.1:40138
09:13:29.367 INF Incoming connection for protocol messages. addr=127.0.0.1:40184
09:13:29.367 INF Incoming connection for protocol messages. addr=127.0.0.1:40194
09:13:29.370 INF Incoming connection for protocol messages. addr=127.0.0.1:40200
09:13:29.371 INF Incoming connection for protocol messages. addr=127.0.0.1:40210
09:13:29.371 INF Incoming connection for protocol messages. addr=127.0.0.1:40212
09:13:29.372 INF Incoming connection for protocol messages. addr=127.0.0.1:40238
09:13:29.373 DBG Connected. peerID=3
09:13:29.374 INF Incoming connection for protocol messages. addr=127.0.0.1:40250
09:13:29.375 INF Incoming connection for protocol messages. addr=127.0.0.1:40262
09:13:29.375 INF Incoming connection for protocol messages. addr=127.0.0.1:40208
09:13:29.375 INF Incoming connection for protocol messages. addr=127.0.0.1:40260
09:13:29.376 INF Incoming connection for protocol messages. addr=127.0.0.1:40232
09:13:29.376 INF Incoming connection for protocol messages. addr=127.0.0.1:40270
09:13:29.376 INF Incoming connection for protocol messages. addr=127.0.0.1:40268
09:13:29.376 INF Incoming connection for protocol messages. addr=127.0.0.1:40204
09:13:29.376 INF Incoming connection for protocol messages. addr=127.0.0.1:40190
09:13:29.376 INF Incoming connection for protocol messages. addr=127.0.0.1:40272
09:13:29.377 DBG Connected. peerID=0
09:13:29.377 INF Incoming connection for protocol messages. addr=127.0.0.1:40294
09:13:29.377 INF Incoming connection for protocol messages. addr=127.0.0.1:40308
09:13:29.377 INF Incoming connection for protocol messages. addr=127.0.0.1:40304
09:13:29.378 INF Incoming connection for protocol messages. addr=127.0.0.1:40298
09:13:29.378 INF Incoming connection for protocol messages. addr=127.0.0.1:40310
09:13:29.379 INF Incoming connection for protocol messages. addr=127.0.0.1:40314
09:13:29.380 DBG Connected. peerID=1
09:13:29.380 INF Incoming connection for protocol messages. addr=127.0.0.1:40316
09:13:29.381 DBG Connected. peerID=2
09:13:29.381 INF Connected to all peers.
09:13:29.385 INF All peers finished connecting. Starting ISS.
09:13:29.385 DBG Buckets for 0-th leader 1: [1 5 9 13 17 21 25 29 33 37 41 45 49 53 57 61 0 12 24 36 48 60]
09:13:29.386 DBG Buckets for 1-th leader 2: [2 6 10 14 18 22 26 30 34 38 42 46 50 54 58 62 4 16 28 40 52]
09:13:29.386 DBG Buckets for 2-th leader 3: [3 7 11 15 19 23 27 31 35 39 43 47 51 55 59 63 8 20 32 44 56]
09:13:29.386 INF PbftOrderer received a new segment: [2 5 8 11 14 17 20 23 26 29 32 35 38 41 44 47 50 53 56 59 62 65 68 71 74 77 80 83 86 89 92 95 98 101 104 107 110 113 116 119 122 125 128 131 134 137 140 143 146 149 152 155 158 161 164 167 170 173 176 179 182 185 188 191] first leader=3 firstSN=2 lastSN=191 len=64 length=64 segId=2
09:13:29.386 INF Starting new view. segID=2 timeout=60000 view=0
09:13:29.387 DBG Starting timer. sn=2 view=0
09:13:29.387 INF Starting PBFT instance. first=2 last=191 segID=2
09:13:29.387 DBG Subscribing to backlog. segID=2
09:13:29.387 INF Starting serialized message processing. segID=2
09:13:29.387 INF PbftOrderer received a new segment: [0 3 6 9 12 15 18 21 24 27 30 33 36 39 42 45 48 51 54 57 60 63 66 69 72 75 78 81 84 87 90 93 96 99 102 105 108 111 114 117 120 123 126 129 132 135 138 141 144 147 150 153 156 159 162 165 168 171 174 177 180 183 186 189] first leader=1 firstSN=0 lastSN=189 len=64 length=64 segId=0
09:13:29.387 INF Starting new view. segID=0 timeout=60000 view=0
09:13:29.388 DBG Starting timer. sn=0 view=0
09:13:29.388 INF Starting PBFT instance. first=0 last=189 segID=0
09:13:29.388 DBG Subscribing to backlog. segID=0
09:13:29.388 INF Starting serialized message processing. segID=0
09:13:29.388 INF PbftOrderer received a new segment: [1 4 7 10 13 16 19 22 25 28 31 34 37 40 43 46 49 52 55 58 61 64 67 70 73 76 79 82 85 88 91 94 97 100 103 106 109 112 115 118 121 124 127 130 133 136 139 142 145 148 151 154 157 160 163 166 169 172 175 178 181 184 187 190] first leader=2 firstSN=1 lastSN=190 len=64 length=64 segId=1
09:13:29.389 INF Starting new view. segID=1 timeout=60000 view=0
09:13:29.389 DBG Starting timer. sn=1 view=0
09:13:29.389 INF Starting PBFT instance. first=1 last=190 segID=1
09:13:29.389 DBG Subscribing to backlog. segID=1
09:13:29.389 DBG Leading segment. segID=1
09:13:29.389 INF Starting serialized message processing. segID=1
09:13:29.390 DBG Waiting for batch. batchSize=4096
09:13:29.408 INF Connection terminated. error="rpc error: code = Canceled desc = context canceled" address=127.0.0.1:40304
09:13:29.408 INF Connection terminated. error="rpc error: code = Canceled desc = context canceled" address=127.0.0.1:40194
09:13:29.408 INF Connection terminated. error="rpc error: code = Canceled desc = context canceled" address=127.0.0.1:40250
09:13:29.409 INF Connection terminated. error="rpc error: code = Canceled desc = context canceled" address=127.0.0.1:40272
09:13:29.409 INF Connection terminated. error="rpc error: code = Canceled desc = context canceled" address=127.0.0.1:40268
09:13:29.409 INF Connection terminated. error="rpc error: code = Canceled desc = context canceled" address=127.0.0.1:40138
09:13:30.390 DBG Batch ready. batchSize=4096
09:13:30.390 DBG Batch cut. left=0 nBuckets=21 nReq=0 next=0
09:13:30.390 INF Sending PREPREPARE. nReq=0 senderID=2 sn=1 view=0
09:13:30.391 DBG Waiting for batch. batchSize=4096
09:13:30.394 ERR Failed to send protocol message. Dropping all future outgoing protocol messages. error=EOF
09:13:30.394 INF Handling PREPREPARE. nReq=0 senderID=1 sn=0
09:13:30.394 INF Handling PREPREPARE. nReq=0 senderID=3 sn=2
09:13:30.394 DBG Creating new Batch. nReq=0
09:13:30.394 DBG Creating new Batch. nReq=0
09:13:30.394 DBG Sending PREPARE. senderID=2 sn=0 view=0
09:13:30.394 DBG Sending PREPARE. senderID=2 sn=2 view=0
09:13:30.395 DBG Sending COMMIT. senderID=2 sn=0 view=0
09:13:30.396 DBG Sending COMMIT. senderID=2 sn=2 view=0
09:13:30.396 DBG Sending COMMIT. senderID=2 sn=1 view=0
09:13:30.398 INF Committed entry. latency=0 nReq=0 sn=1
09:13:30.398 INF Committed entry. latency=0 nReq=0 sn=0
09:13:30.398 INF Committed entry. latency=0 nReq=0 sn=2
09:13:30.398 INF Delivered batch. nReq=0 sn=0
09:13:30.398 INF Delivered batch. nReq=0 sn=1
09:13:30.399 INF Delivered batch. nReq=0 sn=2
09:13:30.399 DBG Starting timer. sn=4 view=0
09:13:30.399 DBG Starting timer. sn=3 view=0
09:13:30.399 DBG Starting timer. sn=5 view=0
09:13:31.391 DBG Batch ready. batchSize=4096
09:13:31.391 INF Handling PREPREPARE. nReq=0 senderID=1 sn=3
09:13:31.391 DBG Creating new Batch. nReq=0
09:13:31.391 DBG Batch cut. left=0 nBuckets=21 nReq=0 next=0
09:13:31.391 DBG Sending PREPARE. senderID=2 sn=3 view=0
09:13:31.392 INF Sending PREPREPARE. nReq=0 senderID=2 sn=4 view=0
09:13:31.392 DBG Waiting for batch. batchSize=4096
09:13:31.392 DBG Sending COMMIT. senderID=2 sn=3 view=0
09:13:31.393 INF Handling PREPREPARE. nReq=0 senderID=3 sn=5
09:13:31.393 DBG Creating new Batch. nReq=0
09:13:31.393 DBG Sending PREPARE. senderID=2 sn=5 view=0
09:13:31.394 INF Committed entry. latency=0 nReq=0 sn=3
09:13:31.394 DBG Sending COMMIT. senderID=2 sn=4 view=0
09:13:31.394 INF Delivered batch. nReq=0 sn=3
09:13:31.395 DBG Starting timer. sn=6 view=0
09:13:31.395 DBG Sending COMMIT. senderID=2 sn=5 view=0
09:13:31.396 INF Committed entry. latency=0 nReq=0 sn=5
09:13:31.396 INF Committed entry. latency=0 nReq=0 sn=4
09:13:31.396 INF Delivered batch. nReq=0 sn=4
09:13:31.396 INF Delivered batch. nReq=0 sn=5
09:13:31.396 DBG Starting timer. sn=8 view=0
09:13:31.396 DBG Starting timer. sn=7 view=0
09:13:31.420 INF Incoming connection for requests. addr=127.0.0.1:40382
09:13:32.392 DBG Batch ready. batchSize=4096
09:13:32.393 DBG Batch cut. left=0 nBuckets=21 nReq=81 next=0
09:13:32.393 DBG Waiting for batch. batchSize=4096
09:13:32.395 INF Sending PREPREPARE. nReq=81 senderID=2 sn=7 view=0
09:13:32.405 INF Handling PREPREPARE. nReq=80 senderID=3 sn=8
09:13:32.405 DBG Creating new Batch. nReq=80
09:13:32.406 INF Handling PREPREPARE. nReq=84 senderID=1 sn=6
09:13:32.406 DBG Creating new Batch. nReq=84
09:13:32.416 DBG Sending PREPARE. senderID=2 sn=6 view=0
09:13:32.416 DBG Sending PREPARE. senderID=2 sn=8 view=0
09:13:32.417 DBG Sending COMMIT. senderID=2 sn=6 view=0
09:13:32.417 DBG Sending COMMIT. senderID=2 sn=8 view=0
09:13:32.417 DBG Sending COMMIT. senderID=2 sn=7 view=0
09:13:32.419 INF Committed entry. latency=0 nReq=80 sn=8
09:13:32.419 INF Committed entry. latency=0 nReq=81 sn=7
09:13:32.419 INF Committed entry. latency=0 nReq=84 sn=6
09:13:32.419 INF Delivered batch. nReq=84 sn=6
09:13:32.419 INF Delivered batch. nReq=81 sn=7
09:13:32.420 INF Delivered batch. nReq=80 sn=8
09:13:32.420 DBG Starting timer. sn=11 view=0
09:13:32.420 DBG Starting timer. sn=10 view=0
09:13:32.420 DBG Starting timer. sn=9 view=0
09:13:33.393 DBG Batch ready. batchSize=4096
09:13:33.394 DBG Batch cut. left=0 nBuckets=21 nReq=84 next=0
09:13:33.394 DBG Waiting for batch. batchSize=4096
09:13:33.396 INF Sending PREPREPARE. nReq=84 senderID=2 sn=10 view=0
09:13:33.404 INF Handling PREPREPARE. nReq=89 senderID=1 sn=9
09:13:33.404 DBG Creating new Batch. nReq=89
09:13:33.405 INF Handling PREPREPARE. nReq=84 senderID=3 sn=11
09:13:33.405 DBG Creating new Batch. nReq=84
09:13:33.416 DBG Sending PREPARE. senderID=2 sn=11 view=0
09:13:33.417 DBG Sending COMMIT. senderID=2 sn=10 view=0
09:13:33.418 DBG Sending PREPARE. senderID=2 sn=9 view=0
09:13:33.418 INF Committed entry. latency=0 nReq=84 sn=10
09:13:33.419 DBG Starting timer. sn=13 view=0
09:13:33.419 DBG Sending COMMIT. senderID=2 sn=9 view=0
09:13:33.419 DBG Sending COMMIT. senderID=2 sn=11 view=0
09:13:33.421 INF Committed entry. latency=0 nReq=89 sn=9
09:13:33.421 INF Delivered batch. nReq=89 sn=9
09:13:33.421 INF Delivered batch. nReq=84 sn=10
09:13:33.421 DBG Starting timer. sn=12 view=0
09:13:33.422 INF Committed entry. latency=0 nReq=84 sn=11
09:13:33.422 INF Delivered batch. nReq=84 sn=11
09:13:33.422 DBG Starting timer. sn=14 view=0
09:13:34.395 DBG Batch ready. batchSize=4096
09:13:34.395 DBG Batch cut. left=0 nBuckets=21 nReq=84 next=0
09:13:34.395 DBG Waiting for batch. batchSize=4096
09:13:34.397 INF Sending PREPREPARE. nReq=84 senderID=2 sn=13 view=0
09:13:34.406 INF Handling PREPREPARE. nReq=88 senderID=1 sn=12
09:13:34.406 DBG Creating new Batch. nReq=88
09:13:34.407 INF Handling PREPREPARE. nReq=84 senderID=3 sn=14
09:13:34.407 DBG Creating new Batch. nReq=84
09:13:34.417 DBG Sending PREPARE. senderID=2 sn=14 view=0
09:13:34.417 DBG Sending PREPARE. senderID=2 sn=12 view=0
09:13:34.418 DBG Sending COMMIT. senderID=2 sn=14 view=0
09:13:34.418 DBG Sending COMMIT. senderID=2 sn=13 view=0
09:13:34.419 INF Committed entry. latency=0 nReq=84 sn=13
09:13:34.420 DBG Starting timer. sn=16 view=0
09:13:34.421 DBG Sending COMMIT. senderID=2 sn=12 view=0
09:13:34.421 INF Committed entry. latency=0 nReq=84 sn=14
09:13:34.421 DBG Starting timer. sn=17 view=0
09:13:34.423 INF Committed entry. latency=0 nReq=88 sn=12
09:13:34.423 INF Delivered batch. nReq=88 sn=12
09:13:34.423 INF Delivered batch. nReq=84 sn=13
09:13:34.423 INF Delivered batch. nReq=84 sn=14
09:13:34.423 DBG Starting timer. sn=15 view=0
09:13:35.396 DBG Batch ready. batchSize=4096
09:13:35.396 DBG Batch cut. left=0 nBuckets=21 nReq=85 next=0
09:13:35.396 DBG Waiting for batch. batchSize=4096
09:13:35.398 INF Sending PREPREPARE. nReq=85 senderID=2 sn=16 view=0
09:13:35.408 INF Handling PREPREPARE. nReq=88 senderID=1 sn=15
09:13:35.408 DBG Creating new Batch. nReq=88
09:13:35.410 INF Handling PREPREPARE. nReq=84 senderID=3 sn=17
09:13:35.410 DBG Creating new Batch. nReq=84
09:13:35.418 DBG Sending COMMIT. senderID=2 sn=16 view=0
09:13:35.418 DBG Sending PREPARE. senderID=2 sn=15 view=0
09:13:35.420 INF Committed entry. latency=0 nReq=85 sn=16
09:13:35.420 DBG Starting timer. sn=19 view=0
09:13:35.421 DBG Sending PREPARE. senderID=2 sn=17 view=0
09:13:35.421 DBG Sending COMMIT. senderID=2 sn=17 view=0
09:13:35.421 DBG Sending COMMIT. senderID=2 sn=15 view=0
09:13:35.422 INF Committed entry. latency=0 nReq=88 sn=15
09:13:35.423 INF Delivered batch. nReq=88 sn=15
09:13:35.423 INF Delivered batch. nReq=85 sn=16
09:13:35.423 DBG Starting timer. sn=18 view=0
09:13:35.423 INF Committed entry. latency=0 nReq=84 sn=17
09:13:35.424 INF Delivered batch. nReq=84 sn=17
09:13:35.424 DBG Starting timer. sn=20 view=0
09:13:36.397 DBG Batch ready. batchSize=4096
09:13:36.397 DBG Batch cut. left=0 nBuckets=21 nReq=84 next=0
09:13:36.397 DBG Waiting for batch. batchSize=4096
09:13:36.399 INF Sending PREPREPARE. nReq=84 senderID=2 sn=19 view=0
09:13:36.411 INF Handling PREPREPARE. nReq=85 senderID=3 sn=20
09:13:36.411 DBG Creating new Batch. nReq=85
09:13:36.412 INF Handling PREPREPARE. nReq=88 senderID=1 sn=18
09:13:36.412 DBG Creating new Batch. nReq=88
09:13:36.420 DBG Sending COMMIT. senderID=2 sn=19 view=0
09:13:36.421 INF Committed entry. latency=0 nReq=84 sn=19
09:13:36.421 DBG Starting timer. sn=22 view=0
09:13:36.422 DBG Sending PREPARE. senderID=2 sn=20 view=0
09:13:36.423 DBG Sending COMMIT. senderID=2 sn=20 view=0
09:13:36.423 DBG Sending PREPARE. senderID=2 sn=18 view=0
09:13:36.423 DBG Sending COMMIT. senderID=2 sn=18 view=0
09:13:36.426 INF Committed entry. latency=0 nReq=85 sn=20
09:13:36.426 DBG Starting timer. sn=23 view=0
09:13:36.427 INF Committed entry. latency=0 nReq=88 sn=18
09:13:36.427 INF Delivered batch. nReq=88 sn=18
09:13:36.427 INF Delivered batch. nReq=84 sn=19
09:13:36.427 INF Delivered batch. nReq=85 sn=20
09:13:36.427 DBG Starting timer. sn=21 view=0
09:13:37.399 DBG Batch ready. batchSize=4096
09:13:37.399 DBG Batch cut. left=0 nBuckets=21 nReq=84 next=0
09:13:37.399 DBG Waiting for batch. batchSize=4096
09:13:37.401 INF Sending PREPREPARE. nReq=84 senderID=2 sn=22 view=0
09:13:37.410 INF Handling PREPREPARE. nReq=88 senderID=1 sn=21
09:13:37.411 DBG Creating new Batch. nReq=88
09:13:37.413 INF Handling PREPREPARE. nReq=84 senderID=3 sn=23
09:13:37.413 DBG Creating new Batch. nReq=84
09:13:37.421 DBG Sending PREPARE. senderID=2 sn=21 view=0
09:13:37.421 DBG Sending COMMIT. senderID=2 sn=22 view=0
09:13:37.423 INF Committed entry. latency=0 nReq=84 sn=22
09:13:37.423 DBG Starting timer. sn=25 view=0
09:13:37.425 DBG Sending PREPARE. senderID=2 sn=23 view=0
09:13:37.425 DBG Sending COMMIT. senderID=2 sn=21 view=0
09:13:37.426 DBG Sending COMMIT. senderID=2 sn=23 view=0
09:13:37.426 INF Committed entry. latency=0 nReq=88 sn=21
09:13:37.427 INF Delivered batch. nReq=88 sn=21
09:13:37.427 INF Delivered batch. nReq=84 sn=22
09:13:37.427 DBG Starting timer. sn=24 view=0
09:13:37.428 INF Committed entry. latency=0 nReq=84 sn=23
09:13:37.428 INF Delivered batch. nReq=84 sn=23
09:13:37.428 DBG Starting timer. sn=26 view=0
09:13:38.401 DBG Batch ready. batchSize=4096
09:13:38.401 DBG Batch cut. left=0 nBuckets=21 nReq=84 next=0
09:13:38.401 DBG Waiting for batch. batchSize=4096
09:13:38.403 INF Sending PREPREPARE. nReq=84 senderID=2 sn=25 view=0
09:13:38.415 INF Handling PREPREPARE. nReq=88 senderID=1 sn=24
09:13:38.415 DBG Creating new Batch. nReq=88
09:13:38.416 INF Handling PREPREPARE. nReq=85 senderID=3 sn=26
09:13:38.416 DBG Creating new Batch. nReq=85
09:13:38.424 DBG Sending COMMIT. senderID=2 sn=25 view=0
09:13:38.426 DBG Sending PREPARE. senderID=2 sn=26 view=0
09:13:38.426 INF Committed entry. latency=0 nReq=84 sn=25
09:13:38.427 DBG Sending COMMIT. senderID=2 sn=26 view=0
09:13:38.427 DBG Starting timer. sn=28 view=0
09:13:38.427 DBG Sending PREPARE. senderID=2 sn=24 view=0
09:13:38.427 DBG Sending COMMIT. senderID=2 sn=24 view=0
09:13:38.431 INF Committed entry. latency=0 nReq=85 sn=26
09:13:38.431 INF Delivered batch. nReq=88 sn=24
09:13:38.431 INF Committed entry. latency=0 nReq=88 sn=24
09:13:38.431 INF Delivered batch. nReq=84 sn=25
09:13:38.431 INF Delivered batch. nReq=85 sn=26
09:13:38.431 DBG Starting timer. sn=29 view=0
09:13:38.431 DBG Starting timer. sn=27 view=0
09:13:39.402 DBG Batch ready. batchSize=4096
09:13:39.403 DBG Batch cut. left=0 nBuckets=21 nReq=84 next=0
09:13:39.403 DBG Waiting for batch. batchSize=4096
09:13:39.404 INF Sending PREPREPARE. nReq=84 senderID=2 sn=28 view=0
09:13:39.415 INF Handling PREPREPARE. nReq=88 senderID=1 sn=27
09:13:39.415 DBG Creating new Batch. nReq=88
09:13:39.418 INF Handling PREPREPARE. nReq=84 senderID=3 sn=29
09:13:39.418 DBG Creating new Batch. nReq=84
09:13:39.425 DBG Sending PREPARE. senderID=2 sn=27 view=0
09:13:39.428 DBG Sending COMMIT. senderID=2 sn=28 view=0
09:13:39.428 DBG Sending COMMIT. senderID=2 sn=27 view=0
09:13:39.428 DBG Sending PREPARE. senderID=2 sn=29 view=0
09:13:39.428 DBG Sending COMMIT. senderID=2 sn=29 view=0
09:13:39.429 INF Committed entry. latency=0 nReq=88 sn=27
09:13:39.429 INF Delivered batch. nReq=88 sn=27
09:13:39.429 DBG Starting timer. sn=30 view=0
09:13:39.430 INF Committed entry. latency=0 nReq=84 sn=28
09:13:39.430 INF Delivered batch. nReq=84 sn=28
09:13:39.430 DBG Starting timer. sn=31 view=0
09:13:39.431 INF Committed entry. latency=0 nReq=84 sn=29
09:13:39.431 INF Delivered batch. nReq=84 sn=29
09:13:39.431 DBG Starting timer. sn=32 view=0
09:13:40.404 DBG Batch ready. batchSize=4096
09:13:40.405 DBG Batch cut. left=0 nBuckets=21 nReq=84 next=0
09:13:40.405 DBG Waiting for batch. batchSize=4096
09:13:40.406 INF Sending PREPREPARE. nReq=84 senderID=2 sn=31 view=0
09:13:40.418 INF Handling PREPREPARE. nReq=84 senderID=3 sn=32
09:13:40.418 DBG Creating new Batch. nReq=84
09:13:40.418 INF Handling PREPREPARE. nReq=88 senderID=1 sn=30
09:13:40.419 DBG Creating new Batch. nReq=88
09:13:40.426 DBG Sending COMMIT. senderID=2 sn=31 view=0
09:13:40.428 INF Committed entry. latency=0 nReq=84 sn=31
09:13:40.428 DBG Starting timer. sn=34 view=0
09:13:40.430 DBG Sending PREPARE. senderID=2 sn=32 view=0
09:13:40.430 DBG Sending PREPARE. senderID=2 sn=30 view=0
09:13:40.431 DBG Sending COMMIT. senderID=2 sn=32 view=0
09:13:40.431 DBG Sending COMMIT. senderID=2 sn=30 view=0
09:13:40.433 INF Committed entry. latency=0 nReq=84 sn=32
09:13:40.433 INF Committed entry. latency=0 nReq=88 sn=30
09:13:40.433 INF Delivered batch. nReq=88 sn=30
09:13:40.434 INF Delivered batch. nReq=84 sn=31
09:13:40.434 INF Delivered batch. nReq=84 sn=32
09:13:40.434 DBG Starting timer. sn=35 view=0
09:13:40.434 DBG Starting timer. sn=33 view=0
09:13:41.407 DBG Batch ready. batchSize=4096
09:13:41.407 DBG Batch cut. left=0 nBuckets=21 nReq=84 next=0
09:13:41.407 DBG Waiting for batch. batchSize=4096
09:13:41.409 INF Sending PREPREPARE. nReq=84 senderID=2 sn=34 view=0
09:13:41.421 INF Handling PREPREPARE. nReq=84 senderID=3 sn=35
09:13:41.421 INF Handling PREPREPARE. nReq=89 senderID=1 sn=33
09:13:41.421 DBG Creating new Batch. nReq=84
09:13:41.421 DBG Creating new Batch. nReq=89
09:13:41.430 DBG Sending COMMIT. senderID=2 sn=34 view=0
09:13:41.432 INF Committed entry. latency=0 nReq=84 sn=34
09:13:41.432 DBG Starting timer. sn=37 view=0
09:13:41.432 DBG Sending PREPARE. senderID=2 sn=35 view=0
09:13:41.432 DBG Sending PREPARE. senderID=2 sn=33 view=0
09:13:41.433 DBG Sending COMMIT. senderID=2 sn=35 view=0
09:13:41.433 DBG Sending COMMIT. senderID=2 sn=33 view=0
09:13:41.436 INF Committed entry. latency=0 nReq=89 sn=33
09:13:41.436 INF Committed entry. latency=0 nReq=84 sn=35
09:13:41.436 INF Delivered batch. nReq=89 sn=33
09:13:41.436 INF Delivered batch. nReq=84 sn=34
09:13:41.436 INF Delivered batch. nReq=84 sn=35
09:13:41.437 DBG Starting timer. sn=36 view=0
09:13:41.437 DBG Starting timer. sn=38 view=0
09:13:42.409 DBG Batch ready. batchSize=4096
09:13:42.409 DBG Batch cut. left=0 nBuckets=21 nReq=84 next=0
09:13:42.409 DBG Waiting for batch. batchSize=4096
09:13:42.411 INF Sending PREPREPARE. nReq=84 senderID=2 sn=37 view=0
09:13:42.422 INF Handling PREPREPARE. nReq=84 senderID=3 sn=38
09:13:42.422 DBG Creating new Batch. nReq=84
09:13:42.423 INF Handling PREPREPARE. nReq=88 senderID=1 sn=36
09:13:42.423 DBG Creating new Batch. nReq=88
09:13:42.431 DBG Sending COMMIT. senderID=2 sn=37 view=0
09:13:42.431 INF Committed entry. latency=0 nReq=84 sn=37
09:13:42.431 DBG Starting timer. sn=40 view=0
09:13:42.432 DBG Sending PREPARE. senderID=2 sn=38 view=0
09:13:42.433 DBG Sending PREPARE. senderID=2 sn=36 view=0
09:13:42.433 DBG Sending COMMIT. senderID=2 sn=38 view=0
09:13:42.434 DBG Sending COMMIT. senderID=2 sn=36 view=0
09:13:42.435 INF Committed entry. latency=0 nReq=84 sn=38
09:13:42.436 DBG Starting timer. sn=41 view=0
09:13:42.437 INF Committed entry. latency=0 nReq=88 sn=36
09:13:42.437 INF Delivered batch. nReq=88 sn=36
09:13:42.437 INF Delivered batch. nReq=84 sn=37
09:13:42.437 INF Delivered batch. nReq=84 sn=38
09:13:42.437 DBG Starting timer. sn=39 view=0
09:13:43.411 DBG Batch ready. batchSize=4096
09:13:43.411 DBG Batch cut. left=0 nBuckets=21 nReq=84 next=0
09:13:43.411 DBG Waiting for batch. batchSize=4096
09:13:43.413 INF Sending PREPREPARE. nReq=84 senderID=2 sn=40 view=0
09:13:43.425 INF Handling PREPREPARE. nReq=84 senderID=3 sn=41
09:13:43.425 DBG Creating new Batch. nReq=84
09:13:43.425 INF Handling PREPREPARE. nReq=88 senderID=1 sn=39
09:13:43.425 DBG Creating new Batch. nReq=88
09:13:43.433 DBG Sending COMMIT. senderID=2 sn=40 view=0
09:13:43.435 INF Committed entry. latency=0 nReq=84 sn=40
09:13:43.435 DBG Starting timer. sn=43 view=0
09:13:43.436 DBG Sending PREPARE. senderID=2 sn=39 view=0
09:13:43.436 DBG Sending PREPARE. senderID=2 sn=41 view=0
09:13:43.436 DBG Sending COMMIT. senderID=2 sn=41 view=0
09:13:43.436 DBG Sending COMMIT. senderID=2 sn=39 view=0
09:13:43.439 INF Committed entry. latency=0 nReq=88 sn=39
09:13:43.439 INF Committed entry. latency=0 nReq=84 sn=41
09:13:43.439 INF Delivered batch. nReq=88 sn=39
09:13:43.439 INF Delivered batch. nReq=84 sn=40
09:13:43.439 INF Delivered batch. nReq=84 sn=41
09:13:43.440 DBG Starting timer. sn=42 view=0
09:13:43.440 DBG Starting timer. sn=44 view=0
09:13:44.413 DBG Batch ready. batchSize=4096
09:13:44.413 DBG Batch cut. left=0 nBuckets=21 nReq=85 next=0
09:13:44.413 DBG Waiting for batch. batchSize=4096
09:13:44.415 INF Sending PREPREPARE. nReq=85 senderID=2 sn=43 view=0
09:13:44.424 INF Handling PREPREPARE. nReq=88 senderID=1 sn=42
09:13:44.424 DBG Creating new Batch. nReq=88
09:13:44.426 INF Handling PREPREPARE. nReq=85 senderID=3 sn=44
09:13:44.426 DBG Creating new Batch. nReq=85
09:13:44.433 DBG Sending PREPARE. senderID=2 sn=42 view=0
09:13:44.435 DBG Sending COMMIT. senderID=2 sn=42 view=0
09:13:44.436 DBG Sending PREPARE. senderID=2 sn=44 view=0
09:13:44.436 DBG Sending COMMIT. senderID=2 sn=43 view=0
09:13:44.437 INF Committed entry. latency=0 nReq=88 sn=42
09:13:44.437 INF Delivered batch. nReq=88 sn=42
09:13:44.437 DBG Starting timer. sn=45 view=0
09:13:44.437 DBG Sending COMMIT. senderID=2 sn=44 view=0
09:13:44.438 INF Committed entry. latency=0 nReq=85 sn=43
09:13:44.438 INF Delivered batch. nReq=85 sn=43
09:13:44.438 DBG Starting timer. sn=46 view=0
09:13:44.439 INF Committed entry. latency=0 nReq=85 sn=44
09:13:44.439 INF Delivered batch. nReq=85 sn=44
09:13:44.439 DBG Starting timer. sn=47 view=0
09:13:45.414 DBG Batch ready. batchSize=4096
09:13:45.414 DBG Batch cut. left=0 nBuckets=21 nReq=84 next=0
09:13:45.415 DBG Waiting for batch. batchSize=4096
09:13:45.416 INF Sending PREPREPARE. nReq=84 senderID=2 sn=46 view=0
09:13:45.427 INF Handling PREPREPARE. nReq=88 senderID=1 sn=45
09:13:45.427 DBG Creating new Batch. nReq=88
09:13:45.429 INF Handling PREPREPARE. nReq=84 senderID=3 sn=47
09:13:45.429 DBG Creating new Batch. nReq=84
09:13:45.438 DBG Sending COMMIT. senderID=2 sn=46 view=0
09:13:45.439 DBG Sending PREPARE. senderID=2 sn=45 view=0
09:13:45.440 DBG Sending COMMIT. senderID=2 sn=45 view=0
09:13:45.440 DBG Sending PREPARE. senderID=2 sn=47 view=0
09:13:45.440 INF Committed entry. latency=0 nReq=84 sn=46
09:13:45.440 DBG Sending COMMIT. senderID=2 sn=47 view=0
09:13:45.440 DBG Starting timer. sn=49 view=0
09:13:45.442 INF Committed entry. latency=0 nReq=88 sn=45
09:13:45.442 INF Delivered batch. nReq=88 sn=45
09:13:45.442 INF Delivered batch. nReq=84 sn=46
09:13:45.443 DBG Starting timer. sn=48 view=0
09:13:45.443 INF Committed entry. latency=0 nReq=84 sn=47
09:13:45.444 INF Delivered batch. nReq=84 sn=47
09:13:45.444 DBG Starting timer. sn=50 view=0
09:13:46.416 DBG Batch ready. batchSize=4096
09:13:46.417 DBG Batch cut. left=0 nBuckets=21 nReq=84 next=0
09:13:46.417 DBG Waiting for batch. batchSize=4096
09:13:46.418 INF Sending PREPREPARE. nReq=84 senderID=2 sn=49 view=0
09:13:46.428 INF Handling PREPREPARE. nReq=88 senderID=1 sn=48
09:13:46.428 DBG Creating new Batch. nReq=88
09:13:46.430 INF Handling PREPREPARE. nReq=84 senderID=3 sn=50
09:13:46.430 DBG Creating new Batch. nReq=84
09:13:46.438 DBG Sending PREPARE. senderID=2 sn=48 view=0
09:13:46.440 DBG Sending PREPARE. senderID=2 sn=50 view=0
09:13:46.440 DBG Sending COMMIT. senderID=2 sn=49 view=0
09:13:46.440 DBG Sending COMMIT. senderID=2 sn=48 view=0
09:13:46.441 DBG Sending COMMIT. senderID=2 sn=50 view=0
09:13:46.443 INF Committed entry. latency=0 nReq=84 sn=49
09:13:46.443 INF Committed entry. latency=0 nReq=88 sn=48
09:13:46.443 INF Delivered batch. nReq=88 sn=48
09:13:46.443 INF Committed entry. latency=0 nReq=84 sn=50
09:13:46.443 INF Delivered batch. nReq=84 sn=49
09:13:46.443 INF Delivered batch. nReq=84 sn=50
09:13:46.443 DBG Starting timer. sn=52 view=0
09:13:46.443 DBG Starting timer. sn=51 view=0
09:13:46.443 DBG Starting timer. sn=53 view=0
09:13:47.417 DBG Batch ready. batchSize=4096
09:13:47.418 DBG Batch cut. left=0 nBuckets=21 nReq=84 next=0
09:13:47.418 DBG Waiting for batch. batchSize=4096
09:13:47.419 INF Sending PREPREPARE. nReq=84 senderID=2 sn=52 view=0
09:13:47.429 INF Handling PREPREPARE. nReq=88 senderID=1 sn=51
09:13:47.430 DBG Creating new Batch. nReq=88
09:13:47.431 INF Handling PREPREPARE. nReq=84 senderID=3 sn=53
09:13:47.431 DBG Creating new Batch. nReq=84
09:13:47.440 DBG Sending PREPARE. senderID=2 sn=51 view=0
09:13:47.440 DBG Sending PREPARE. senderID=2 sn=53 view=0
09:13:47.442 DBG Sending COMMIT. senderID=2 sn=53 view=0
09:13:47.443 DBG Sending COMMIT. senderID=2 sn=52 view=0
09:13:47.444 DBG Sending COMMIT. senderID=2 sn=51 view=0
09:13:47.444 INF Committed entry. latency=0 nReq=84 sn=53
09:13:47.444 DBG Starting timer. sn=56 view=0
09:13:47.445 INF Committed entry. latency=0 nReq=84 sn=52
09:13:47.445 DBG Starting timer. sn=55 view=0
09:13:47.445 INF Committed entry. latency=0 nReq=88 sn=51
09:13:47.445 INF Delivered batch. nReq=88 sn=51
09:13:47.446 INF Delivered batch. nReq=84 sn=52
09:13:47.446 INF Delivered batch. nReq=84 sn=53
09:13:47.446 DBG Starting timer. sn=54 view=0
09:13:48.418 DBG Batch ready. batchSize=4096
09:13:48.419 DBG Batch cut. left=0 nBuckets=21 nReq=84 next=0
09:13:48.419 DBG Waiting for batch. batchSize=4096
09:13:48.420 INF Sending PREPREPARE. nReq=84 senderID=2 sn=55 view=0
09:13:48.432 INF Handling PREPREPARE. nReq=89 senderID=1 sn=54
09:13:48.432 DBG Creating new Batch. nReq=89
09:13:48.433 INF Handling PREPREPARE. nReq=84 senderID=3 sn=56
09:13:48.433 DBG Creating new Batch. nReq=84
09:13:48.442 DBG Sending COMMIT. senderID=2 sn=55 view=0
09:13:48.443 INF Committed entry. latency=0 nReq=84 sn=55
09:13:48.444 DBG Starting timer. sn=58 view=0
09:13:48.444 DBG Sending PREPARE. senderID=2 sn=56 view=0
09:13:48.444 DBG Sending COMMIT. senderID=2 sn=56 view=0
09:13:48.444 DBG Sending PREPARE. senderID=2 sn=54 view=0
09:13:48.445 DBG Sending COMMIT. senderID=2 sn=54 view=0
09:13:48.448 INF Committed entry. latency=0 nReq=84 sn=56
09:13:48.448 INF Committed entry. latency=0 nReq=89 sn=54
09:13:48.448 INF Delivered batch. nReq=89 sn=54
09:13:48.448 INF Delivered batch. nReq=84 sn=55
09:13:48.448 INF Delivered batch. nReq=84 sn=56
09:13:48.449 DBG Starting timer. sn=59 view=0
09:13:48.449 DBG Starting timer. sn=57 view=0
09:13:49.420 DBG Batch ready. batchSize=4096
09:13:49.420 DBG Batch cut. left=0 nBuckets=21 nReq=84 next=0
09:13:49.420 DBG Waiting for batch. batchSize=4096
09:13:49.422 INF Sending PREPREPARE. nReq=84 senderID=2 sn=58 view=0
09:13:49.433 INF Handling PREPREPARE. nReq=89 senderID=1 sn=57
09:13:49.433 DBG Creating new Batch. nReq=89
09:13:49.437 INF Handling PREPREPARE. nReq=84 senderID=3 sn=59
09:13:49.437 DBG Creating new Batch. nReq=84
09:13:49.442 DBG Sending COMMIT. senderID=2 sn=58 view=0
09:13:49.443 DBG Sending PREPARE. senderID=2 sn=57 view=0
09:13:49.443 INF Committed entry. latency=0 nReq=84 sn=58
09:13:49.443 DBG Starting timer. sn=61 view=0
09:13:49.445 DBG Sending COMMIT. senderID=2 sn=57 view=0
09:13:49.445 INF Committed entry. latency=0 nReq=89 sn=57
09:13:49.445 INF Delivered batch. nReq=89 sn=57
09:13:49.446 INF Delivered batch. nReq=84 sn=58
09:13:49.446 DBG Starting timer. sn=60 view=0
09:13:49.446 DBG Sending PREPARE. senderID=2 sn=59 view=0
09:13:49.446 DBG Sending COMMIT. senderID=2 sn=59 view=0
09:13:49.449 INF Committed entry. latency=0 nReq=84 sn=59
09:13:49.449 INF Delivered batch. nReq=84 sn=59
09:13:49.449 DBG Starting timer. sn=62 view=0
09:13:50.422 DBG Batch ready. batchSize=4096
09:13:50.422 DBG Batch cut. left=0 nBuckets=21 nReq=84 next=0
09:13:50.422 DBG Waiting for batch. batchSize=4096
09:13:50.424 INF Sending PREPREPARE. nReq=84 senderID=2 sn=61 view=0
09:13:50.436 INF Handling PREPREPARE. nReq=88 senderID=1 sn=60
09:13:50.436 DBG Creating new Batch. nReq=88
09:13:50.439 INF Handling PREPREPARE. nReq=84 senderID=3 sn=62
09:13:50.439 DBG Creating new Batch. nReq=84
09:13:50.446 DBG Sending COMMIT. senderID=2 sn=61 view=0
09:13:50.447 DBG Sending PREPARE. senderID=2 sn=60 view=0
09:13:50.448 DBG Sending COMMIT. senderID=2 sn=60 view=0
09:13:50.448 INF Committed entry. latency=0 nReq=84 sn=61
09:13:50.448 DBG Sending PREPARE. senderID=2 sn=62 view=0
09:13:50.448 DBG Starting timer. sn=64 view=0
09:13:50.448 DBG Sending COMMIT. senderID=2 sn=62 view=0
09:13:50.450 INF Committed entry. latency=0 nReq=88 sn=60
09:13:50.450 INF Delivered batch. nReq=88 sn=60
09:13:50.450 INF Delivered batch. nReq=84 sn=61
09:13:50.450 DBG Starting timer. sn=63 view=0
09:13:50.451 INF Committed entry. latency=0 nReq=84 sn=62
09:13:50.451 INF Delivered batch. nReq=84 sn=62
09:13:50.452 DBG Starting timer. sn=65 view=0
09:13:51.424 DBG Batch ready. batchSize=4096
09:13:51.424 DBG Batch cut. left=0 nBuckets=21 nReq=84 next=0
09:13:51.425 DBG Waiting for batch. batchSize=4096
09:13:51.426 INF Sending PREPREPARE. nReq=84 senderID=2 sn=64 view=0
09:13:51.436 INF Handling PREPREPARE. nReq=88 senderID=1 sn=63
09:13:51.437 DBG Creating new Batch. nReq=88
09:13:51.438 INF Handling PREPREPARE. nReq=84 senderID=3 sn=65
09:13:51.438 DBG Creating new Batch. nReq=84
09:13:51.447 DBG Sending PREPARE. senderID=2 sn=65 view=0
09:13:51.448 DBG Sending COMMIT. senderID=2 sn=64 view=0
09:13:51.448 DBG Sending PREPARE. senderID=2 sn=63 view=0
09:13:51.448 DBG Sending COMMIT. senderID=2 sn=65 view=0
09:13:51.448 DBG Sending COMMIT. senderID=2 sn=63 view=0
09:13:51.450 INF Committed entry. latency=0 nReq=84 sn=65
09:13:51.450 INF Committed entry. latency=0 nReq=84 sn=64
09:13:51.450 DBG Starting timer. sn=68 view=0
09:13:51.450 DBG Starting timer. sn=67 view=0
09:13:51.452 INF Committed entry. latency=0 nReq=88 sn=63
09:13:51.452 INF Delivered batch. nReq=88 sn=63
09:13:51.452 INF Delivered batch. nReq=84 sn=64
09:13:51.452 INF Delivered batch. nReq=84 sn=65
09:13:51.452 DBG Starting timer. sn=66 view=0
09:13:52.426 DBG Batch ready. batchSize=4096
09:13:52.426 DBG Batch cut. left=0 nBuckets=21 nReq=85 next=0
09:13:52.426 DBG Waiting for batch. batchSize=4096
09:13:52.428 INF Sending PREPREPARE. nReq=85 senderID=2 sn=67 view=0
09:13:52.439 INF Handling PREPREPARE. nReq=88 senderID=1 sn=66
09:13:52.439 DBG Creating new Batch. nReq=88
09:13:52.440 INF Handling PREPREPARE. nReq=85 senderID=3 sn=68
09:13:52.440 DBG Creating new Batch. nReq=85
09:13:52.449 DBG Sending COMMIT. senderID=2 sn=67 view=0
09:13:52.450 INF Committed entry. latency=0 nReq=85 sn=67
09:13:52.450 DBG Sending PREPARE. senderID=2 sn=68 view=0
09:13:52.451 DBG Starting timer. sn=70 view=0
09:13:52.451 DBG Sending PREPARE. senderID=2 sn=66 view=0
09:13:52.451 DBG Sending COMMIT. senderID=2 sn=66 view=0
09:13:52.451 DBG Sending COMMIT. senderID=2 sn=68 view=0
09:13:52.455 INF Committed entry. latency=0 nReq=88 sn=66
09:13:52.455 INF Committed entry. latency=0 nReq=85 sn=68
09:13:52.455 INF Delivered batch. nReq=88 sn=66
09:13:52.455 INF Delivered batch. nReq=85 sn=67
09:13:52.456 INF Delivered batch. nReq=85 sn=68
09:13:52.456 DBG Starting timer. sn=69 view=0
09:13:52.456 DBG Starting timer. sn=71 view=0
09:13:53.427 DBG Batch ready. batchSize=4096
09:13:53.428 DBG Batch cut. left=0 nBuckets=21 nReq=84 next=0
09:13:53.428 DBG Waiting for batch. batchSize=4096
09:13:53.429 INF Sending PREPREPARE. nReq=84 senderID=2 sn=70 view=0
09:13:53.439 INF Handling PREPREPARE. nReq=88 senderID=1 sn=69
09:13:53.439 DBG Creating new Batch. nReq=88
09:13:53.443 INF Handling PREPREPARE. nReq=84 senderID=3 sn=71
09:13:53.443 DBG Creating new Batch. nReq=84
09:13:53.449 DBG Sending PREPARE. senderID=2 sn=69 view=0
09:13:53.449 DBG Sending COMMIT. senderID=2 sn=70 view=0
09:13:53.450 INF Committed entry. latency=0 nReq=84 sn=70
09:13:53.451 DBG Starting timer. sn=73 view=0
09:13:53.451 DBG Sending COMMIT. senderID=2 sn=69 view=0
09:13:53.452 DBG Sending PREPARE. senderID=2 sn=71 view=0
09:13:53.452 INF Committed entry. latency=0 nReq=88 sn=69
09:13:53.452 DBG Sending COMMIT. senderID=2 sn=71 view=0
09:13:53.452 INF Delivered batch. nReq=88 sn=69
09:13:53.452 INF Delivered batch. nReq=84 sn=70
09:13:53.452 DBG Starting timer. sn=72 view=0
09:13:53.455 INF Committed entry. latency=0 nReq=84 sn=71
09:13:53.455 INF Delivered batch. nReq=84 sn=71
09:13:53.455 DBG Starting timer. sn=74 view=0
09:13:54.428 DBG Batch ready. batchSize=4096
09:13:54.429 DBG Batch cut. left=0 nBuckets=21 nReq=84 next=0
09:13:54.429 DBG Waiting for batch. batchSize=4096
09:13:54.431 INF Sending PREPREPARE. nReq=84 senderID=2 sn=73 view=0
09:13:54.441 INF Handling PREPREPARE. nReq=88 senderID=1 sn=72
09:13:54.442 DBG Creating new Batch. nReq=88
09:13:54.443 INF Handling PREPREPARE. nReq=84 senderID=3 sn=74
09:13:54.444 DBG Creating new Batch. nReq=84
09:13:54.451 DBG Sending COMMIT. senderID=2 sn=73 view=0
09:13:54.451 DBG Sending PREPARE. senderID=2 sn=72 view=0
09:13:54.453 INF Committed entry. latency=0 nReq=84 sn=73
09:13:54.453 DBG Starting timer. sn=76 view=0
09:13:54.454 DBG Sending PREPARE. senderID=2 sn=74 view=0
09:13:54.454 DBG Sending COMMIT. senderID=2 sn=72 view=0
09:13:54.455 DBG Sending COMMIT. senderID=2 sn=74 view=0
09:13:54.457 INF Committed entry. latency=0 nReq=88 sn=72
09:13:54.457 INF Delivered batch. nReq=88 sn=72
09:13:54.457 INF Committed entry. latency=0 nReq=84 sn=74
09:13:54.457 INF Delivered batch. nReq=84 sn=73
09:13:54.457 INF Delivered batch. nReq=84 sn=74
09:13:54.458 DBG Starting timer. sn=75 view=0
09:13:54.458 DBG Starting timer. sn=77 view=0
09:13:55.431 DBG Batch ready. batchSize=4096
09:13:55.431 DBG Batch cut. left=0 nBuckets=21 nReq=84 next=0
09:13:55.431 DBG Waiting for batch. batchSize=4096
09:13:55.433 INF Sending PREPREPARE. nReq=84 senderID=2 sn=76 view=0
09:13:55.443 INF Handling PREPREPARE. nReq=88 senderID=1 sn=75
09:13:55.444 DBG Creating new Batch. nReq=88
09:13:55.445 INF Handling PREPREPARE. nReq=84 senderID=3 sn=77
09:13:55.445 DBG Creating new Batch. nReq=84
09:13:55.454 DBG Sending COMMIT. senderID=2 sn=76 view=0
09:13:55.454 DBG Sending PREPARE. senderID=2 sn=75 view=0
09:13:55.454 DBG Sending PREPARE. senderID=2 sn=77 view=0
09:13:55.455 DBG Sending COMMIT. senderID=2 sn=77 view=0
09:13:55.455 DBG Sending COMMIT. senderID=2 sn=75 view=0
09:13:55.456 INF Committed entry. latency=0 nReq=84 sn=76
09:13:55.456 DBG Starting timer. sn=79 view=0
09:13:55.457 INF Committed entry. latency=0 nReq=84 sn=77
09:13:55.457 INF Committed entry. latency=0 nReq=88 sn=75
09:13:55.457 INF Delivered batch. nReq=88 sn=75
09:13:55.457 INF Delivered batch. nReq=84 sn=76
09:13:55.458 INF Delivered batch. nReq=84 sn=77
09:13:55.458 DBG Starting timer. sn=80 view=0
09:13:55.458 DBG Starting timer. sn=78 view=0
09:13:56.432 DBG Batch ready. batchSize=4096
09:13:56.432 DBG Batch cut. left=0 nBuckets=21 nReq=84 next=0
09:13:56.432 DBG Waiting for batch. batchSize=4096
09:13:56.434 INF Sending PREPREPARE. nReq=84 senderID=2 sn=79 view=0
09:13:56.445 INF Handling PREPREPARE. nReq=89 senderID=1 sn=78
09:13:56.445 DBG Creating new Batch. nReq=89
09:13:56.446 INF Handling PREPREPARE. nReq=84 senderID=3 sn=80
09:13:56.446 DBG Creating new Batch. nReq=84
09:13:56.455 DBG Sending PREPARE. senderID=2 sn=78 view=0
09:13:56.455 DBG Sending COMMIT. senderID=2 sn=79 view=0
09:13:56.456 DBG Sending PREPARE. senderID=2 sn=80 view=0
09:13:56.457 DBG Sending COMMIT. senderID=2 sn=78 view=0
09:13:56.457 INF Committed entry. latency=0 nReq=84 sn=79
09:13:56.457 DBG Starting timer. sn=82 view=0
09:13:56.457 DBG Sending COMMIT. senderID=2 sn=80 view=0
09:13:56.459 INF Committed entry. latency=0 nReq=89 sn=78
09:13:56.459 INF Delivered batch. nReq=89 sn=78
09:13:56.459 INF Delivered batch. nReq=84 sn=79
09:13:56.459 INF Committed entry. latency=0 nReq=84 sn=80
09:13:56.459 INF Delivered batch. nReq=84 sn=80
09:13:56.460 DBG Starting timer. sn=81 view=0
09:13:56.460 DBG Starting timer. sn=83 view=0
09:13:57.433 DBG Batch ready. batchSize=4096
09:13:57.433 DBG Batch cut. left=0 nBuckets=21 nReq=84 next=0
09:13:57.434 DBG Waiting for batch. batchSize=4096
09:13:57.435 INF Sending PREPREPARE. nReq=84 senderID=2 sn=82 view=0
09:13:57.447 INF Handling PREPREPARE. nReq=88 senderID=1 sn=81
09:13:57.447 DBG Creating new Batch. nReq=88
09:13:57.448 INF Handling PREPREPARE. nReq=84 senderID=3 sn=83
09:13:57.448 DBG Creating new Batch. nReq=84
09:13:57.456 DBG Sending COMMIT. senderID=2 sn=82 view=0
09:13:57.457 DBG Sending PREPARE. senderID=2 sn=81 view=0
09:13:57.457 DBG Sending PREPARE. senderID=2 sn=83 view=0
09:13:57.458 DBG Sending COMMIT. senderID=2 sn=81 view=0
09:13:57.458 INF Committed entry. latency=0 nReq=84 sn=82
09:13:57.458 DBG Starting timer. sn=85 view=0
09:13:57.459 DBG Sending COMMIT. senderID=2 sn=83 view=0
09:13:57.459 INF Committed entry. latency=0 nReq=88 sn=81
09:13:57.460 INF Delivered batch. nReq=88 sn=81
09:13:57.460 INF Delivered batch. nReq=84 sn=82
09:13:57.460 DBG Starting timer. sn=84 view=0
09:13:57.460 INF Committed entry. latency=0 nReq=84 sn=83
09:13:57.461 INF Delivered batch. nReq=84 sn=83
09:13:57.461 DBG Starting timer. sn=86 view=0
09:13:58.434 DBG Batch ready. batchSize=4096
09:13:58.435 DBG Batch cut. left=0 nBuckets=21 nReq=84 next=0
09:13:58.435 DBG Waiting for batch. batchSize=4096
09:13:58.437 INF Sending PREPREPARE. nReq=84 senderID=2 sn=85 view=0
09:13:58.448 INF Handling PREPREPARE. nReq=89 senderID=1 sn=84
09:13:58.449 DBG Creating new Batch. nReq=89
09:13:58.450 INF Handling PREPREPARE. nReq=84 senderID=3 sn=86
09:13:58.450 DBG Creating new Batch. nReq=84
09:13:58.457 DBG Sending COMMIT. senderID=2 sn=85 view=0
09:13:58.458 INF Committed entry. latency=0 nReq=84 sn=85
09:13:58.459 DBG Starting timer. sn=88 view=0
09:13:58.460 DBG Sending PREPARE. senderID=2 sn=84 view=0
09:13:58.460 DBG Sending PREPARE. senderID=2 sn=86 view=0
09:13:58.460 DBG Sending COMMIT. senderID=2 sn=84 view=0
09:13:58.461 DBG Sending COMMIT. senderID=2 sn=86 view=0
09:13:58.463 INF Committed entry. latency=0 nReq=84 sn=86
09:13:58.463 INF Delivered batch. nReq=89 sn=84
09:13:58.463 INF Committed entry. latency=0 nReq=89 sn=84
09:13:58.463 INF Delivered batch. nReq=84 sn=85
09:13:58.464 INF Delivered batch. nReq=84 sn=86
09:13:58.464 DBG Starting timer. sn=89 view=0
09:13:58.464 DBG Starting timer. sn=87 view=0
09:13:59.436 DBG Batch ready. batchSize=4096
09:13:59.437 DBG Batch cut. left=0 nBuckets=21 nReq=84 next=0
09:13:59.437 DBG Waiting for batch. batchSize=4096
09:13:59.439 INF Sending PREPREPARE. nReq=84 senderID=2 sn=88 view=0
09:13:59.450 INF Handling PREPREPARE. nReq=88 senderID=1 sn=87
09:13:59.451 DBG Creating new Batch. nReq=88
09:13:59.452 INF Handling PREPREPARE. nReq=84 senderID=3 sn=89
09:13:59.452 DBG Creating new Batch. nReq=84
09:13:59.459 DBG Sending COMMIT. senderID=2 sn=88 view=0
09:13:59.460 INF Committed entry. latency=0 nReq=84 sn=88
09:13:59.461 DBG Sending PREPARE. senderID=2 sn=89 view=0
09:13:59.461 DBG Starting timer. sn=91 view=0
09:13:59.461 DBG Sending PREPARE. senderID=2 sn=87 view=0
09:13:59.461 DBG Sending COMMIT. senderID=2 sn=89 view=0
09:13:59.461 DBG Sending COMMIT. senderID=2 sn=87 view=0
09:13:59.463 INF Committed entry. latency=0 nReq=84 sn=89
09:13:59.463 DBG Starting timer. sn=92 view=0
09:13:59.464 INF Committed entry. latency=0 nReq=88 sn=87
09:13:59.465 INF Delivered batch. nReq=88 sn=87
09:13:59.465 INF Delivered batch. nReq=84 sn=88
09:13:59.465 INF Delivered batch. nReq=84 sn=89
09:13:59.465 DBG Starting timer. sn=90 view=0
09:14:00.439 DBG Batch ready. batchSize=4096
09:14:00.440 DBG Batch cut. left=0 nBuckets=21 nReq=84 next=0
09:14:00.440 DBG Waiting for batch. batchSize=4096
09:14:00.442 INF Sending PREPREPARE. nReq=84 senderID=2 sn=91 view=0
09:14:00.451 INF Handling PREPREPARE. nReq=88 senderID=1 sn=90
09:14:00.451 DBG Creating new Batch. nReq=88
09:14:00.453 INF Handling PREPREPARE. nReq=84 senderID=3 sn=92
09:14:00.454 DBG Creating new Batch. nReq=84
09:14:00.461 DBG Sending PREPARE. senderID=2 sn=90 view=0
09:14:00.462 DBG Sending COMMIT. senderID=2 sn=90 view=0
09:14:00.462 DBG Sending COMMIT. senderID=2 sn=91 view=0
09:14:00.463 DBG Sending PREPARE. senderID=2 sn=92 view=0
09:14:00.463 DBG Sending COMMIT. senderID=2 sn=92 view=0
09:14:00.464 INF Committed entry. latency=0 nReq=84 sn=91
09:14:00.464 DBG Starting timer. sn=94 view=0
09:14:00.465 INF Committed entry. latency=0 nReq=88 sn=90
09:14:00.465 INF Delivered batch. nReq=88 sn=90
09:14:00.465 INF Delivered batch. nReq=84 sn=91
09:14:00.465 DBG Starting timer. sn=93 view=0
09:14:00.467 INF Committed entry. latency=0 nReq=84 sn=92
09:14:00.467 INF Delivered batch. nReq=84 sn=92
09:14:00.467 DBG Starting timer. sn=95 view=0
09:14:01.441 DBG Batch ready. batchSize=4096
09:14:01.441 DBG Batch cut. left=0 nBuckets=21 nReq=84 next=0
09:14:01.441 DBG Waiting for batch. batchSize=4096
09:14:01.443 INF Sending PREPREPARE. nReq=84 senderID=2 sn=94 view=0
09:14:01.452 INF Handling PREPREPARE. nReq=88 senderID=1 sn=93
09:14:01.452 DBG Creating new Batch. nReq=88
09:14:01.455 INF Handling PREPREPARE. nReq=84 senderID=3 sn=95
09:14:01.455 DBG Creating new Batch. nReq=84
09:14:01.462 DBG Sending PREPARE. senderID=2 sn=93 view=0
09:14:01.463 DBG Sending COMMIT. senderID=2 sn=94 view=0
09:14:01.464 DBG Sending COMMIT. senderID=2 sn=93 view=0
09:14:01.464 INF Committed entry. latency=0 nReq=84 sn=94
09:14:01.464 DBG Starting timer. sn=97 view=0
09:14:01.465 DBG Sending PREPARE. senderID=2 sn=95 view=0
09:14:01.465 INF Committed entry. latency=0 nReq=88 sn=93
09:14:01.465 INF Delivered batch. nReq=88 sn=93
09:14:01.465 DBG Sending COMMIT. senderID=2 sn=95 view=0
09:14:01.465 INF Delivered batch. nReq=84 sn=94
09:14:01.466 DBG Starting timer. sn=96 view=0
09:14:01.469 INF Committed entry. latency=0 nReq=84 sn=95
09:14:01.469 INF Delivered batch. nReq=84 sn=95
09:14:01.469 DBG Starting timer. sn=98 view=0
09:14:02.439 INF Connection terminated. error="rpc error: code = Canceled desc = context canceled" address=127.0.0.1:40382
09:14:02.439 INF Finished sending bucket assignments to client. clId=0
09:14:02.443 DBG Batch ready. batchSize=4096
09:14:02.443 DBG Batch cut. left=0 nBuckets=21 nReq=0 next=0
09:14:02.443 INF Sending PREPREPARE. nReq=0 senderID=2 sn=97 view=0
09:14:02.443 DBG Waiting for batch. batchSize=4096
09:14:02.445 DBG Sending COMMIT. senderID=2 sn=97 view=0
09:14:02.445 INF Handling PREPREPARE. nReq=0 senderID=1 sn=96
09:14:02.445 DBG Creating new Batch. nReq=0
09:14:02.446 INF Handling PREPREPARE. nReq=0 senderID=3 sn=98
09:14:02.446 DBG Creating new Batch. nReq=0
09:14:02.446 DBG Sending PREPARE. senderID=2 sn=96 view=0
09:14:02.446 DBG Sending PREPARE. senderID=2 sn=98 view=0
09:14:02.446 INF Committed entry. latency=0 nReq=0 sn=97
09:14:02.447 DBG Starting timer. sn=100 view=0
09:14:02.447 DBG Sending COMMIT. senderID=2 sn=96 view=0
09:14:02.448 DBG Sending COMMIT. senderID=2 sn=98 view=0
09:14:02.449 INF Committed entry. latency=0 nReq=0 sn=96
09:14:02.449 INF Committed entry. latency=0 nReq=0 sn=98
09:14:02.449 INF Delivered batch. nReq=0 sn=96
09:14:02.450 INF Delivered batch. nReq=0 sn=97
09:14:02.450 INF Delivered batch. nReq=0 sn=98
09:14:02.450 DBG Starting timer. sn=99 view=0
09:14:02.450 DBG Starting timer. sn=101 view=0
09:14:02.831 INF Stopping profiler.
09:14:02.831 INF Stopping Tracer. events=202 fileName=experiment-output/0001/slave-001/peer.trc
==================
WARNING: DATA RACE
Read at 0x00c000a20000 by goroutine 115:
  runtime.racereadrange()
      <autogenerated>:1 +0x1b
  github.com/hyperledger-labs/mirbft/tracing.(*BufferedTrace).StopOnSignal.func1()
      /opt/gopath/src/github.com/hyperledger-labs/mirbft/tracing/bufferedtrace.go:298 +0x4e

Previous write at 0x00c000a20000 by goroutine 413:
  github.com/hyperledger-labs/mirbft/tracing.(*BufferedTrace).Event()
      /opt/gopath/src/github.com/hyperledger-labs/mirbft/tracing/bufferedtrace.go:105 +0x2d9
  github.com/hyperledger-labs/mirbft/manager.(*MirManager).handleLogEntries()
      /opt/gopath/src/github.com/hyperledger-labs/mirbft/manager/mirmanager.go:139 +0x1d8
  github.com/hyperledger-labs/mirbft/manager.(*MirManager).Startdwrap7()
      /opt/gopath/src/github.com/hyperledger-labs/mirbft/manager/mirmanager.go:101 +0x47

Goroutine 115 (running) created at:
  github.com/hyperledger-labs/mirbft/tracing.(*BufferedTrace).StopOnSignal()
      /opt/gopath/src/github.com/hyperledger-labs/mirbft/tracing/bufferedtrace.go:292 +0x172
  main.setUpTracing()
      /opt/gopath/src/github.com/hyperledger-labs/mirbft/cmd/orderingpeer/main.go:204 +0xf5
  main.main()
      /opt/gopath/src/github.com/hyperledger-labs/mirbft/cmd/orderingpeer/main.go:98 +0x9d6

Goroutine 413 (running) created at:
  github.com/hyperledger-labs/mirbft/manager.(*MirManager).Start()
      /opt/gopath/src/github.com/hyperledger-labs/mirbft/manager/mirmanager.go:101 +0x19e
  main.maindwrap4()
      /opt/gopath/src/github.com/hyperledger-labs/mirbft/cmd/orderingpeer/main.go:168 +0x59
==================
==================
WARNING: DATA RACE
Read at 0x00c000a21f68 by goroutine 115:
  runtime.racereadrange()
      <autogenerated>:1 +0x1b
  github.com/hyperledger-labs/mirbft/tracing.(*BufferedTrace).StopOnSignal.func1()
      /opt/gopath/src/github.com/hyperledger-labs/mirbft/tracing/bufferedtrace.go:298 +0x4e

Previous write at 0x00c000a21f68 by goroutine 114:
  github.com/hyperledger-labs/mirbft/tracing.(*BufferedTrace).Event()
      /opt/gopath/src/github.com/hyperledger-labs/mirbft/tracing/bufferedtrace.go:105 +0x2d9
  github.com/hyperledger-labs/mirbft/profiling.StartCPUTracing.func1()
      /opt/gopath/src/github.com/hyperledger-labs/mirbft/profiling/cpuusage.go:31 +0x95

Goroutine 115 (running) created at:
  github.com/hyperledger-labs/mirbft/tracing.(*BufferedTrace).StopOnSignal()
      /opt/gopath/src/github.com/hyperledger-labs/mirbft/tracing/bufferedtrace.go:292 +0x172
  main.setUpTracing()
      /opt/gopath/src/github.com/hyperledger-labs/mirbft/cmd/orderingpeer/main.go:204 +0xf5
  main.main()
      /opt/gopath/src/github.com/hyperledger-labs/mirbft/cmd/orderingpeer/main.go:98 +0x9d6

Goroutine 114 (running) created at:
  github.com/hyperledger-labs/mirbft/profiling.StartCPUTracing()
      /opt/gopath/src/github.com/hyperledger-labs/mirbft/profiling/cpuusage.go:28 +0xb6
  main.setUpTracing()
      /opt/gopath/src/github.com/hyperledger-labs/mirbft/cmd/orderingpeer/main.go:196 +0x85
  main.main()
      /opt/gopath/src/github.com/hyperledger-labs/mirbft/cmd/orderingpeer/main.go:98 +0x9d6
==================
09:14:02.833 INF Trace data written.
09:14:03.005 INF Connection terminated. error="rpc error: code = Canceled desc = context canceled" address=127.0.0.1:40232
09:14:03.005 INF Connection terminated. error="rpc error: code = Canceled desc = context canceled" address=127.0.0.1:40190
09:14:03.005 INF Connection terminated. error="rpc error: code = Canceled desc = context canceled" address=127.0.0.1:40260
09:14:03.005 INF Connection terminated. error="rpc error: code = Canceled desc = context canceled" address=127.0.0.1:40298
09:14:03.005 INF Connection terminated. error="rpc error: code = Canceled desc = context canceled" address=127.0.0.1:40208
09:14:03.005 INF Connection terminated. error="rpc error: code = Canceled desc = context canceled" address=127.0.0.1:40204
09:14:03.018 INF Profile data written. filename=experiment-output/0001/slave-001/prof.cpu name=cpu
09:14:03.086 INF Profile data written. filename=experiment-output/0001/slave-001/prof.block name=block
09:14:03.107 INF Connection terminated. error="rpc error: code = Canceled desc = context canceled" address=127.0.0.1:40310
09:14:03.107 INF Connection terminated. error="rpc error: code = Canceled desc = context canceled" address=127.0.0.1:40270
09:14:03.107 INF Connection terminated. error="rpc error: code = Canceled desc = context canceled" address=127.0.0.1:40308
09:14:03.107 INF Connection terminated. error="rpc error: code = Canceled desc = context canceled" address=127.0.0.1:40238
09:14:03.107 INF Connection terminated. error="rpc error: code = Canceled desc = context canceled" address=127.0.0.1:40184
09:14:03.107 INF Connection terminated. error="rpc error: code = Canceled desc = context canceled" address=127.0.0.1:40200
09:14:03.119 INF Profile data written. filename=experiment-output/0001/slave-001/prof.mutex name=mutex
