7:21AM INF Received own slave ID. ownSlaveId=2
7:21AM INF OK status=0
7:21AM INF Received command. cmdId=3
7:21AM INF Received an ExecStart command args="[-p experiment-output/0000/slave-__id__/config]" cmd=mkdir outFile=/dev/null
7:21AM INF OK status=0
7:21AM INF Received command. cmdId=4
7:21AM INF Received command. cmdType=ExecWait
7:21AM INF OK status=0
7:21AM INF Received command. cmdId=5
7:21AM INF Received an ExecStart command args="[config/config-0000.yml experiment-output/0000/slave-__id__/config/config.yml]" cmd=cp outFile=/dev/null
7:21AM INF OK status=0
7:21AM INF Received command. cmdId=6
7:21AM INF Received command. cmdType=ExecWait
7:21AM INF OK status=0
7:21AM INF Received command. cmdId=9
7:21AM INF Received command. cmdType=Noop
7:21AM INF Noop. Doing nothing. status=0
7:21AM INF Received command. cmdId=12
7:21AM INF Received an ExecStart command args="[experiment-output/0000/slave-__id__/config/config.yml 127.0.0.1:9999 127.0.0.1 127.0.0.1 experiment-output/0000/slave-__id__/peer.trc experiment-output/0000/slave-__id__/prof]" cmd=orderingpeer outFile=experiment-output/0000/slave-__id__/peer.log
7:21AM INF OK status=0
7:22AM INF Received command. cmdId=18
7:22AM INF Received command. cmdType=ExecSignal
7:22AM INF OK status=0
7:22AM INF Received command. cmdId=23
7:22AM INF Received an ExecStart command args="[-p experiment-output/0001/slave-__id__/config]" cmd=mkdir outFile=/dev/null
7:22AM INF OK status=0
7:22AM INF Received command. cmdId=24
7:22AM INF Received command. cmdType=ExecWait
7:22AM INF OK status=0
7:22AM INF Received command. cmdId=25
7:22AM INF Received an ExecStart command args="[config/config-0001.yml experiment-output/0001/slave-__id__/config/config.yml]" cmd=cp outFile=/dev/null
7:22AM INF OK status=0
7:22AM INF Received command. cmdId=26
7:22AM INF Received command. cmdType=ExecWait
7:22AM INF OK status=0
7:22AM INF Received command. cmdId=29
7:22AM INF Received command. cmdType=Noop
7:22AM INF Noop. Doing nothing. status=0
7:22AM INF Received command. cmdId=32
7:22AM INF Received an ExecStart command args="[experiment-output/0001/slave-__id__/config/config.yml 127.0.0.1:9999 127.0.0.1 127.0.0.1 experiment-output/0001/slave-__id__/peer.trc experiment-output/0001/slave-__id__/prof]" cmd=orderingpeer outFile=experiment-output/0001/slave-__id__/peer.log
7:22AM INF OK status=0
7:23AM INF Received command. cmdId=38
7:23AM INF Received command. cmdType=ExecSignal
7:23AM INF OK status=0
7:24AM INF Received command. cmdId=43
7:24AM INF Received command. cmdType=Stop
