7:21AM INF Received own slave ID. ownSlaveId=1
7:21AM INF OK status=0
7:21AM INF Received command. cmdId=3
7:21AM INF Received an ExecStart command args="[-p experiment-output/0000/slave-__id__/config]" cmd=mkdir outFile=/dev/null
7:21AM INF OK status=0
7:21AM INF Received command. cmdId=4
7:21AM INF Received command. cmdType=ExecWait
7:21AM INF OK status=0
7:21AM INF Received command. cmdId=7
7:21AM INF Received an ExecStart command args="[config/config-0000.yml experiment-output/0000/slave-__id__/config/config.yml]" cmd=cp outFile=/dev/null
7:21AM INF OK status=0
7:21AM INF Received command. cmdId=8
7:21AM INF Received command. cmdType=ExecWait
7:21AM INF OK status=0
7:21AM INF Received command. cmdId=10
7:21AM INF Received command. cmdType=Noop
7:21AM INF Noop. Doing nothing. status=077:21AM INF Received command. cmdId=15
7:21AM INF Received an ExecStart command args="[experiment-output/0000/slave-__id__/config/config.yml 127.0.0.1:9999 experiment-output/0000/slave-__id__/client experiment-output/0000/slave-__id__/prof-client]" cmd=orderingclient outFile=experiment-output/0000/slave-__id__/clients.log
7:21AM INF OK status=0
7:21AM IN7:22AM INF Received command. cmdId=18
7:22AM INF Received command. cmdType=ExecSignal
7:22AM INF OK status=0
7:22AM INF Received command. cmdId=23
7:22AM INF Received an ExecStart command args="[-p experiment-output/0007:22AM INF Received command. cmdId=23
7:22AM INF Rec7:22AM INF OK status=0
7:22AM INF Received command. cmdId=24
7:22AM INF Received command. cmdType=ExecWait
7:22AM INF OK status=0
7:22AM INF Received command. cmdId=25
7:22AM INF Received an ExecStart command args="[config/config-0001.yml e7:22AM INF Received command. cmdId=27
7:22AM INF Received an ExecStart command args="[config/config-0001.yml experiment-output/0001/slave-__id__/config/config.yml]" cmd=cp outFile=/dev/null
7:22AM INF OK status7:22AM INF Received command. cmdId=29
7:22AM INF Received command. cmdType=Noop
7:22AM INF Noop. Doing nothing7:22AM INF 7:22AM INF Received command. cmdId=32
7:22AM INF Received an ExecStart command args="[experiment-output/0001/s7:22AM INF Received command. cmdId=35
7:22AM INF Received an ExecStart command args="[experiment-output/0001/slave-__id__/config/config.yml 127.0.0.1:9999 experiment-output/0001/slave-__id__/client experiment-output/0001/slave-__id__/prof-client]7:23AM INF Received command. cmdId=38
7:23AM INF Received command. cmdType=ExecSignal
7:23AM INF OK status=0
7:24AM INF Received command. cmdId=43
7:24AM INF Received command. cmdType=Stop
M INF OK status=0
7:23AM INF Received command. cmdId=37
7:23AM INF Received command. cmdType=Noop
7:23AM INF Noop. Doing nothing. status=0
7:24AM INF Received command. cmdId=43
7:24AM INF Received command. cmdType=Stop
