{"level":"debug","Logging":"info","time":"2022-07-15T16:45:17+08:00","message":"Config"}
{"level":"debug","UseTLS":true,"time":"2022-07-15T16:45:17+08:00","message":"Config"}
{"level":"debug","CACertFile":"tls-data/ca.pem","time":"2022-07-15T16:45:17+08:00","message":"Config"}
{"level":"debug","KeyFile":"tls-data/auth.key","time":"2022-07-15T16:45:17+08:00","message":"Config"}
{"level":"debug","CertFile":"tls-data/auth.pem","time":"2022-07-15T16:45:17+08:00","message":"Config"}
{"level":"debug","PriorityConnections":2,"time":"2022-07-15T16:45:17+08:00","message":"Config"}
{"level":"debug","BasicConnections":4,"time":"2022-07-15T16:45:17+08:00","message":"Config"}
{"level":"debug","TestConnections":false,"time":"2022-07-15T16:45:17+08:00","message":"Config"}
{"level":"debug","ExcessConnections":1,"time":"2022-07-15T16:45:17+08:00","message":"Config"}
{"level":"debug","ConnectionTestMsgs":4,"time":"2022-07-15T16:45:17+08:00","message":"Config"}
{"level":"debug","ConnectionTestPayload":131072,"time":"2022-07-15T16:45:17+08:00","message":"Config"}
{"level":"debug","OutMessageBufsize":1024,"time":"2022-07-15T16:45:17+08:00","message":"Config"}
{"level":"debug","OutMessageBufsize":1,"time":"2022-07-15T16:45:17+08:00","message":"Config"}
{"level":"debug","ThroughputCap":131072000,"time":"2022-07-15T16:45:17+08:00","message":"Config"}
{"level":"debug","StragglerTolerance":1000,"time":"2022-07-15T16:45:17+08:00","message":"Config"}
{"level":"debug","BatchSizeIncrement":256,"time":"2022-07-15T16:45:17+08:00","message":"Config"}
{"level":"debug","Orderer":"Pbft","time":"2022-07-15T16:45:17+08:00","message":"Config"}
{"level":"debug","Manager":"Mir","time":"2022-07-15T16:45:17+08:00","message":"Config"}
{"level":"debug","Failures":0,"time":"2022-07-15T16:45:17+08:00","message":"Config"}
{"level":"debug","CrashTiming":"EpochStart","time":"2022-07-15T16:45:17+08:00","message":"Config"}
{"level":"debug","CheckpointInterval":256,"time":"2022-07-15T16:45:17+08:00","message":"Config"}
{"level":"debug","WatermarkWindowSize":256,"time":"2022-07-15T16:45:17+08:00","message":"Config"}
{"level":"debug","EpochLength":256,"time":"2022-07-15T16:45:17+08:00","message":"Config"}
{"level":"debug","SegmentLength":64,"time":"2022-07-15T16:45:17+08:00","message":"Config"}
{"level":"debug","WaitForCheckpoints":true,"time":"2022-07-15T16:45:17+08:00","message":"Config"}
{"level":"debug","ClientWatermarkWindowSize":4194304,"time":"2022-07-15T16:45:17+08:00","message":"Config"}
{"level":"debug","ClientRequestBacklogSize":4194304,"time":"2022-07-15T16:45:17+08:00","message":"Config"}
{"level":"debug","RandomSeed":26155,"time":"2022-07-15T16:45:17+08:00","message":"Config"}
{"level":"debug","NodeToLeaderRatio":1,"time":"2022-07-15T16:45:17+08:00","message":"Config"}
{"level":"debug","LeaderPolicy":"Simple","time":"2022-07-15T16:45:17+08:00","message":"Config"}
{"level":"debug","DefaultLeaderBan":2,"time":"2022-07-15T16:45:17+08:00","message":"Config"}
{"level":"debug","NumBuckets":64,"time":"2022-07-15T16:45:17+08:00","message":"Config"}
{"level":"debug","BatchSize":1000,"time":"2022-07-15T16:45:17+08:00","message":"Config"}
{"level":"debug","DisabledViewChange":false,"time":"2022-07-15T16:45:17+08:00","message":"Config"}
{"level":"debug","ViewChangeTimeout":60000,"time":"2022-07-15T16:45:17+08:00","message":"Config"}
{"level":"debug","ClientTraceSampling":10,"time":"2022-07-15T16:45:17+08:00","message":"Config"}
{"level":"debug","EventBufferSize":2097152,"time":"2022-07-15T16:45:17+08:00","message":"Config"}
{"level":"debug","TraceSampling":1,"time":"2022-07-15T16:45:17+08:00","message":"Config"}
{"level":"debug","ClientsPerProcess":1,"time":"2022-07-15T16:45:17+08:00","message":"Config"}
{"level":"debug","RequestsPerClient":7680,"time":"2022-07-15T16:45:17+08:00","message":"Config"}
{"level":"debug","ClientRunTime":30000,"time":"2022-07-15T16:45:17+08:00","message":"Config"}
{"level":"debug","RequestRate":128,"time":"2022-07-15T16:45:17+08:00","message":"Config"}
{"level":"debug","HardRequestRateLimit":false,"time":"2022-07-15T16:45:17+08:00","message":"Config"}
{"level":"debug","RequestPayloadSize":500,"time":"2022-07-15T16:45:17+08:00","message":"Config"}
{"level":"debug","SignRequests":true,"time":"2022-07-15T16:45:17+08:00","message":"Config"}
{"level":"debug","ClientPrivKeyFile":"tls-data/client-ecdsa-256.key","time":"2022-07-15T16:45:17+08:00","message":"Config"}
{"level":"debug","ClientPubKeyFile":"tls-data/client-ecdsa-256.pem","time":"2022-07-15T16:45:17+08:00","message":"Config"}
{"level":"debug","PrecomputeRequests":false,"time":"2022-07-15T16:45:17+08:00","message":"Config"}
{"level":"debug","RequestHandlerThreads":32,"time":"2022-07-15T16:45:17+08:00","message":"Config"}
{"level":"debug","RequestInputChannelBuffer":8192,"time":"2022-07-15T16:45:17+08:00","message":"Config"}
{"level":"debug","BatchVerifier":"external","time":"2022-07-15T16:45:17+08:00","message":"Config"}
08:45:17.972 INF Registered with discovery server. numPeers=4 ownID=0
08:45:17.973 INF Profiling enabled.
08:45:17.973 INF Setting up profiling.
08:45:17.973 INF Started Profiler: CPU
08:45:17.974 INF Started Profiler: BLOCK
08:45:17.974 INF Started Profiler: MUTEX
08:45:17.974 INF Profiler will stop on signal. exit=true
08:45:17.976 INF Tracing will stop on signal. exit=false
08:45:17.977 INF Started tracing. traceFile=experiment-output/0000/slave-002/peer.trc
08:45:17.977 INF Listening for connections. port=10000 useTLS=true
08:45:17.982 INF Connecting to peer. addr=127.0.0.1:10000 basicConns=4 priorityConns=2
08:45:17.982 INF Connecting to peer. addr=127.0.0.1:10011 basicConns=4 priorityConns=2
08:45:17.982 INF Connecting to peer. addr=127.0.0.1:10033 basicConns=4 priorityConns=2
08:45:17.982 INF Connecting to peer. addr=127.0.0.1:10022 basicConns=4 priorityConns=2
08:46:52.843 INF Stopping profiler.
08:46:52.843 INF Stopping Tracer. events=189 fileName=experiment-output/0000/slave-002/peer.trc
==================
WARNING: DATA RACE
Read at 0x00c000921d60 by goroutine 115:
  runtime.racereadrange()
      <autogenerated>:1 +0x1b
  github.com/hyperledger-labs/mirbft/tracing.(*BufferedTrace).StopOnSignal.func1()
      /opt/gopath/src/github.com/hyperledger-labs/mirbft/tracing/bufferedtrace.go:298 +0x4e

Previous write at 0x00c000921d60 by goroutine 114:
  github.com/hyperledger-labs/mirbft/tracing.(*BufferedTrace).Event()
      /opt/gopath/src/github.com/hyperledger-labs/mirbft/tracing/bufferedtrace.go:105 +0x2d9
  github.com/hyperledger-labs/mirbft/profiling.StartCPUTracing.func1()
      /opt/gopath/src/github.com/hyperledger-labs/mirbft/profiling/cpuusage.go:31 +0x95

Goroutine 115 (running) created at:
  github.com/hyperledger-labs/mirbft/tracing.(*BufferedTrace).StopOnSignal()
      /opt/gopath/src/github.com/hyperledger-labs/mirbft/tracing/bufferedtrace.go:292 +0x172
  main.setUpTracing()
      /opt/gopath/src/github.com/hyperledger-labs/mirbft/cmd/orderingpeer/main.go:204 +0xf5
  main.main()
      /opt/gopath/src/github.com/hyperledger-labs/mirbft/cmd/orderingpeer/main.go:98 +0x9d6

Goroutine 114 (running) created at:
  github.com/hyperledger-labs/mirbft/profiling.StartCPUTracing()
      /opt/gopath/src/github.com/hyperledger-labs/mirbft/profiling/cpuusage.go:28 +0xb6
  main.setUpTracing()
      /opt/gopath/src/github.com/hyperledger-labs/mirbft/cmd/orderingpeer/main.go:196 +0x85
  main.main()
      /opt/gopath/src/github.com/hyperledger-labs/mirbft/cmd/orderingpeer/main.go:98 +0x9d6
==================
08:46:52.845 INF Trace data written.
08:46:52.871 INF Profile data written. filename=experiment-output/0000/slave-002/prof.block name=block
08:46:52.882 INF Profile data written. filename=experiment-output/0000/slave-002/prof.mutex name=mutex
08:46:53.079 INF Profile data written. filename=experiment-output/0000/slave-002/prof.cpu name=cpu
